

   Time         sum(rTop)     sum(rRoot)    sum(vTop)     sum(vRoot)     sum(vBot)    hTop       hRoot      hBot      A-level
    [T]           [L]           [L]           [L]           [L]            [L]        [L]         [L]       [L] 

    10.00100  0.000000E+00  0.000000E+00 -0.549880E-07  0.000000E+00 -0.936516E-06  -4795.645      0.000  -1383.701       1
    20.00000  0.000000E+00  0.000000E+00 -0.924943E-07  0.000000E+00 -0.942602E-02  -4800.488      0.000  -1378.583       2
    30.00000  0.000000E+00  0.000000E+00 -0.244384E-06  0.000000E+00 -0.189472E-01  -4803.480      0.000  -1373.784       3
    40.00000 -0.100000E+00  0.000000E+00 -0.100001E+00  0.000000E+00 -0.285321E-01  -3983.071      0.000  -1369.757       4
    50.00000 -0.104000E+02  0.000000E+00 -0.104000E+02  0.000000E+00 -0.381740E-01    -65.684      0.000  -1366.260       5
    60.00000 -0.279000E+02  0.000000E+00 -0.268279E+02  0.000000E+00 -0.478724E-01      0.000      0.000  -1363.148       6
    70.00000 -0.391004E+02  0.000000E+00 -0.383147E+02  0.000000E+00 -0.576123E-01     -0.005      0.000  -1360.297       7
    80.00000 -0.463005E+02  0.000000E+00 -0.455141E+02  0.000000E+00 -0.674040E-01     -5.386      0.000  -1357.635       8
    90.00000 -0.507005E+02  0.000000E+00 -0.499141E+02  0.000000E+00 -0.772404E-01    -19.630      0.000  -1355.163       9
   100.00000 -0.516005E+02  0.000000E+00 -0.508141E+02  0.000000E+00 -0.871175E-01    -94.942      0.000  -1352.835      10
   110.00000 -0.518005E+02  0.000000E+00 -0.510141E+02  0.000000E+00 -0.970331E-01   -151.371      0.000  -1350.627      11
   120.00000 -0.519005E+02  0.000000E+00 -0.511141E+02  0.000000E+00 -0.106985E+00   -188.174      0.000  -1348.516      12
   130.00000 -0.519005E+02  0.000000E+00 -0.511141E+02  0.000000E+00 -0.116974E+00   -222.327      0.000  -1346.497      13
   140.00000 -0.519005E+02  0.000000E+00 -0.511141E+02  0.000000E+00 -0.127000E+00   -247.867      0.000  -1344.559      14
   150.00000 -0.519005E+02  0.000000E+00 -0.511141E+02  0.000000E+00 -0.137056E+00   -270.121      0.000  -1342.689      15
   160.00000 -0.519005E+02  0.000000E+00 -0.511141E+02  0.000000E+00 -0.147151E+00   -289.480      0.000  -1340.897      16
   170.00000 -0.519005E+02  0.000000E+00 -0.511141E+02  0.000000E+00 -0.157275E+00   -307.061      0.000  -1339.166      17
   180.00000 -0.519005E+02  0.000000E+00 -0.511141E+02  0.000000E+00 -0.167428E+00   -323.437      0.000  -1337.493      18
   190.00000 -0.519005E+02  0.000000E+00 -0.511141E+02  0.000000E+00 -0.177607E+00   -338.675      0.000  -1335.875      19
   200.00000 -0.519005E+02  0.000000E+00 -0.511141E+02  0.000000E+00 -0.187813E+00   -353.124      0.000  -1334.311      20
   210.00000 -0.520005E+02  0.000000E+00 -0.512141E+02  0.000000E+00 -0.198034E+00   -352.145      0.000  -1332.778      21
   220.00000 -0.521005E+02  0.000000E+00 -0.513141E+02  0.000000E+00 -0.208282E+00   -358.578      0.000  -1331.304      22
   230.00000 -0.521005E+02  0.000000E+00 -0.513141E+02  0.000000E+00 -0.218557E+00   -379.891      0.000  -1329.886      23
   240.00000 -0.522005E+02  0.000000E+00 -0.514141E+02  0.000000E+00 -0.228851E+00   -378.021      0.000  -1328.510      24
   250.00000 -0.522005E+02  0.000000E+00 -0.514141E+02  0.000000E+00 -0.239170E+00   -399.883      0.000  -1327.189      25
   260.00000 -0.522005E+02  0.000000E+00 -0.514141E+02  0.000000E+00 -0.249512E+00   -413.081      0.000  -1325.922      26
   270.00000 -0.522005E+02  0.000000E+00 -0.514141E+02  0.000000E+00 -0.259875E+00   -424.963      0.000  -1324.702      27
end
