 ******* Program HYDRUS
 ******* 
 Welcome to HYDRUS-1D                                                    
 Date:  25. 9.    Time:  14:32:24
 Units: L = mm   , T = min  , M = mmol 

----------------------------------------------------------
 Time       [T]       10.0000
----------------------------------------------------------
 Sub-region num.                     1            2
----------------------------------------------------------
 Length   [L]        0.10000E+04  0.10000E+04  0.00000E+00
 W-volume [L]        0.47253E+03  0.47253E+03  0.00000E+00
 In-flow  [L/T]      0.00000E+00  0.00000E+00  0.00000E+00
 h Mean   [L]       -0.20131E+04 -0.20131E+04  0.00000E+00
 Top Flux [L/T]     -0.36298E-04
 Bot Flux [L/T]      0.46738E-03
----------------------------------------------------------

----------------------------------------------------------
 Time       [T]       10.0010
----------------------------------------------------------
 Sub-region num.                     1            2
----------------------------------------------------------
 Length   [L]        0.10000E+04  0.10000E+04  0.00000E+00
 W-volume [L]        0.47253E+03  0.47253E+03  0.00000E+00
 In-flow  [L/T]      0.43869E-01  0.43869E-01  0.00000E+00
 h Mean   [L]       -0.20131E+04 -0.20131E+04  0.00000E+00
 Top Flux [L/T]     -0.39270E-04
 Bot Flux [L/T]      0.46673E-03
 WatBalT  [L]       -0.48934E-04
 WatBalR  [%]             34.669
----------------------------------------------------------

----------------------------------------------------------
 Time       [T]       20.0000
----------------------------------------------------------
 Sub-region num.                     1            2
----------------------------------------------------------
 Length   [L]        0.10000E+04  0.10000E+04  0.00000E+00
 W-volume [L]        0.47322E+03  0.47322E+03  0.00000E+00
 In-flow  [L/T]      0.68818E-01  0.68818E-01  0.00000E+00
 h Mean   [L]       -0.19621E+04 -0.19621E+04  0.00000E+00
 Top Flux [L/T]     -0.51788E-01
 Bot Flux [L/T]     -0.81266E-03
 WatBalT  [L]       -0.11885E-03
 WatBalR  [%]              0.008
----------------------------------------------------------

----------------------------------------------------------
 Time       [T]       30.0000
----------------------------------------------------------
 Sub-region num.                     1            2
----------------------------------------------------------
 Length   [L]        0.10000E+04  0.10000E+04  0.00000E+00
 W-volume [L]        0.47510E+03  0.47510E+03  0.00000E+00
 In-flow  [L/T]      0.18884E+00  0.18884E+00  0.00000E+00
 h Mean   [L]       -0.18852E+04 -0.18852E+04  0.00000E+00
 Top Flux [L/T]     -0.17125E+00
 Bot Flux [L/T]     -0.90789E-03
 WatBalT  [L]        0.12159E-04
 WatBalR  [%]              0.000
----------------------------------------------------------

----------------------------------------------------------
 Time       [T]       40.0000
----------------------------------------------------------
 Sub-region num.                     1            2
----------------------------------------------------------
 Length   [L]        0.10000E+04  0.10000E+04  0.00000E+00
 W-volume [L]        0.47629E+03  0.47629E+03  0.00000E+00
 In-flow  [L/T]      0.11886E+00  0.11886E+00  0.00000E+00
 h Mean   [L]       -0.18363E+04 -0.18363E+04  0.00000E+00
 Top Flux [L/T]     -0.11394E+00
 Bot Flux [L/T]     -0.92739E-03
 WatBalT  [L]       -0.14830E-03
 WatBalR  [%]              0.003
----------------------------------------------------------

----------------------------------------------------------
 Time       [T]       50.0000
----------------------------------------------------------
 Sub-region num.                     1            2
----------------------------------------------------------
 Length   [L]        0.10000E+04  0.10000E+04  0.00000E+00
 W-volume [L]        0.47668E+03  0.47668E+03  0.00000E+00
 In-flow  [L/T]      0.38874E-01  0.38874E-01  0.00000E+00
 h Mean   [L]       -0.18102E+04 -0.18102E+04  0.00000E+00
 Top Flux [L/T]     -0.42536E-01
 Bot Flux [L/T]     -0.95039E-03
 WatBalT  [L]       -0.91553E-04
 WatBalR  [%]              0.001
----------------------------------------------------------

----------------------------------------------------------
 Time       [T]       60.0000
----------------------------------------------------------
 Sub-region num.                     1            2
----------------------------------------------------------
 Length   [L]        0.10000E+04  0.10000E+04  0.00000E+00
 W-volume [L]        0.47667E+03  0.47667E+03  0.00000E+00
 In-flow  [L/T]     -0.11192E-02 -0.11192E-02  0.00000E+00
 h Mean   [L]       -0.17993E+04 -0.17993E+04  0.00000E+00
 Top Flux [L/T]     -0.77116E-02
 Bot Flux [L/T]     -0.97190E-03
 WatBalT  [L]       -0.12636E-03
 WatBalR  [%]              0.002
----------------------------------------------------------

----------------------------------------------------------
 Time       [T]       70.0000
----------------------------------------------------------
 Sub-region num.                     1            2
----------------------------------------------------------
 Length   [L]        0.10000E+04  0.10000E+04  0.00000E+00
 W-volume [L]        0.47676E+03  0.47676E+03  0.00000E+00
 In-flow  [L/T]      0.88898E-02  0.88898E-02  0.00000E+00
 h Mean   [L]       -0.17900E+04 -0.17900E+04  0.00000E+00
 Top Flux [L/T]     -0.11934E-01
 Bot Flux [L/T]     -0.98121E-03
 WatBalT  [L]       -0.15879E-03
 WatBalR  [%]              0.002
----------------------------------------------------------

----------------------------------------------------------
 Time       [T]       80.0000
----------------------------------------------------------
 Sub-region num.                     1            2
----------------------------------------------------------
 Length   [L]        0.10000E+04  0.10000E+04  0.00000E+00
 W-volume [L]        0.47675E+03  0.47675E+03  0.00000E+00
 In-flow  [L/T]     -0.11038E-02 -0.11038E-02  0.00000E+00
 h Mean   [L]       -0.17842E+04 -0.17842E+04  0.00000E+00
 Top Flux [L/T]     -0.38150E-02
 Bot Flux [L/T]     -0.98605E-03
 WatBalT  [L]        0.47684E-05
 WatBalR  [%]              0.000
----------------------------------------------------------

----------------------------------------------------------
 Time       [T]       90.0000
----------------------------------------------------------
 Sub-region num.                     1            2
----------------------------------------------------------
 Length   [L]        0.10000E+04  0.10000E+04  0.00000E+00
 W-volume [L]        0.47674E+03  0.47674E+03  0.00000E+00
 In-flow  [L/T]     -0.10978E-02 -0.10978E-02  0.00000E+00
 h Mean   [L]       -0.17794E+04 -0.17794E+04  0.00000E+00
 Top Flux [L/T]     -0.24720E-02
 Bot Flux [L/T]     -0.98874E-03
 WatBalT  [L]       -0.79155E-04
 WatBalR  [%]              0.001
----------------------------------------------------------

----------------------------------------------------------
 Time       [T]      100.0000
----------------------------------------------------------
 Sub-region num.                     1            2
----------------------------------------------------------
 Length   [L]        0.10000E+04  0.10000E+04  0.00000E+00
 W-volume [L]        0.47693E+03  0.47693E+03  0.00000E+00
 In-flow  [L/T]      0.18907E-01  0.18907E-01  0.00000E+00
 h Mean   [L]       -0.17708E+04 -0.17708E+04  0.00000E+00
 Top Flux [L/T]     -0.17520E-01
 Bot Flux [L/T]     -0.99042E-03
 WatBalT  [L]       -0.12875E-04
 WatBalR  [%]              0.000
----------------------------------------------------------

----------------------------------------------------------
 Time       [T]      110.0000
----------------------------------------------------------
 Sub-region num.                     1            2
----------------------------------------------------------
 Length   [L]        0.10000E+04  0.10000E+04  0.00000E+00
 W-volume [L]        0.47701E+03  0.47701E+03  0.00000E+00
 In-flow  [L/T]      0.89122E-02  0.89122E-02  0.00000E+00
 h Mean   [L]       -0.17644E+04 -0.17644E+04  0.00000E+00
 Top Flux [L/T]     -0.10648E-01
 Bot Flux [L/T]     -0.99113E-03
 WatBalT  [L]       -0.15926E-03
 WatBalR  [%]              0.002
----------------------------------------------------------

----------------------------------------------------------
 Time       [T]      120.0000
----------------------------------------------------------
 Sub-region num.                     1            2
----------------------------------------------------------
 Length   [L]        0.10000E+04  0.10000E+04  0.00000E+00
 W-volume [L]        0.47700E+03  0.47700E+03  0.00000E+00
 In-flow  [L/T]     -0.10826E-02 -0.10826E-02  0.00000E+00
 h Mean   [L]       -0.17605E+04 -0.17605E+04  0.00000E+00
 Top Flux [L/T]     -0.27392E-02
 Bot Flux [L/T]     -0.99130E-03
 WatBalT  [L]       -0.30518E-04
 WatBalR  [%]              0.000
----------------------------------------------------------

----------------------------------------------------------
 Time       [T]      130.0000
----------------------------------------------------------
 Sub-region num.                     1            2
----------------------------------------------------------
 Length   [L]        0.10000E+04  0.10000E+04  0.00000E+00
 W-volume [L]        0.47709E+03  0.47709E+03  0.00000E+00
 In-flow  [L/T]      0.89233E-02  0.89233E-02  0.00000E+00
 h Mean   [L]       -0.17547E+04 -0.17547E+04  0.00000E+00
 Top Flux [L/T]     -0.93112E-02
 Bot Flux [L/T]     -0.99110E-03
 WatBalT  [L]       -0.29564E-04
 WatBalR  [%]              0.000
----------------------------------------------------------

----------------------------------------------------------
 Time       [T]      140.0000
----------------------------------------------------------
 Sub-region num.                     1            2
----------------------------------------------------------
 Length   [L]        0.10000E+04  0.10000E+04  0.00000E+00
 W-volume [L]        0.47708E+03  0.47708E+03  0.00000E+00
 In-flow  [L/T]     -0.10728E-02 -0.10728E-02  0.00000E+00
 h Mean   [L]       -0.17513E+04 -0.17513E+04  0.00000E+00
 Top Flux [L/T]     -0.23064E-02
 Bot Flux [L/T]     -0.99062E-03
 WatBalT  [L]       -0.14496E-03
 WatBalR  [%]              0.001
----------------------------------------------------------

----------------------------------------------------------
 Time       [T]      150.0000
----------------------------------------------------------
 Sub-region num.                     1            2
----------------------------------------------------------
 Length   [L]        0.10000E+04  0.10000E+04  0.00000E+00
 W-volume [L]        0.47707E+03  0.47707E+03  0.00000E+00
 In-flow  [L/T]     -0.10698E-02 -0.10698E-02  0.00000E+00
 h Mean   [L]       -0.17482E+04 -0.17482E+04  0.00000E+00
 Top Flux [L/T]     -0.15147E-02
 Bot Flux [L/T]     -0.98999E-03
 WatBalT  [L]       -0.92030E-04
 WatBalR  [%]              0.001
----------------------------------------------------------

----------------------------------------------------------
 Time       [T]      160.0000
----------------------------------------------------------
 Sub-region num.                     1            2
----------------------------------------------------------
 Length   [L]        0.10000E+04  0.10000E+04  0.00000E+00
 W-volume [L]        0.47706E+03  0.47706E+03  0.00000E+00
 In-flow  [L/T]     -0.10639E-02 -0.10639E-02  0.00000E+00
 h Mean   [L]       -0.17454E+04 -0.17454E+04  0.00000E+00
 Top Flux [L/T]     -0.11946E-02
 Bot Flux [L/T]     -0.98926E-03
 WatBalT  [L]        0.10347E-03
 WatBalR  [%]              0.001
----------------------------------------------------------

----------------------------------------------------------
 Time       [T]      170.0000
----------------------------------------------------------
 Sub-region num.                     1            2
----------------------------------------------------------
 Length   [L]        0.10000E+04  0.10000E+04  0.00000E+00
 W-volume [L]        0.47705E+03  0.47705E+03  0.00000E+00
 In-flow  [L/T]     -0.10622E-02 -0.10622E-02  0.00000E+00
 h Mean   [L]       -0.17430E+04 -0.17430E+04  0.00000E+00
 Top Flux [L/T]     -0.96614E-03
 Bot Flux [L/T]     -0.98849E-03
 WatBalT  [L]       -0.85354E-04
 WatBalR  [%]              0.001
----------------------------------------------------------

----------------------------------------------------------
 Time       [T]      180.0000
----------------------------------------------------------
 Sub-region num.                     1            2
----------------------------------------------------------
 Length   [L]        0.10000E+04  0.10000E+04  0.00000E+00
 W-volume [L]        0.47704E+03  0.47704E+03  0.00000E+00
 In-flow  [L/T]     -0.10578E-02 -0.10578E-02  0.00000E+00
 h Mean   [L]       -0.17406E+04 -0.17406E+04  0.00000E+00
 Top Flux [L/T]     -0.80925E-03
 Bot Flux [L/T]     -0.98773E-03
 WatBalT  [L]       -0.18883E-03
 WatBalR  [%]              0.002
----------------------------------------------------------

----------------------------------------------------------
 Time       [T]      190.0000
----------------------------------------------------------
 Sub-region num.                     1            2
----------------------------------------------------------
 Length   [L]        0.10000E+04  0.10000E+04  0.00000E+00
 W-volume [L]        0.47703E+03  0.47703E+03  0.00000E+00
 In-flow  [L/T]     -0.10543E-02 -0.10543E-02  0.00000E+00
 h Mean   [L]       -0.17383E+04 -0.17383E+04  0.00000E+00
 Top Flux [L/T]     -0.70252E-03
 Bot Flux [L/T]     -0.98699E-03
 WatBalT  [L]       -0.11349E-03
 WatBalR  [%]              0.001
----------------------------------------------------------

----------------------------------------------------------
 Time       [T]      200.0000
----------------------------------------------------------
 Sub-region num.                     1            2
----------------------------------------------------------
 Length   [L]        0.10000E+04  0.10000E+04  0.00000E+00
 W-volume [L]        0.47702E+03  0.47702E+03  0.00000E+00
 In-flow  [L/T]     -0.10509E-02 -0.10509E-02  0.00000E+00
 h Mean   [L]       -0.17361E+04 -0.17361E+04  0.00000E+00
 Top Flux [L/T]     -0.62068E-03
 Bot Flux [L/T]     -0.98632E-03
 WatBalT  [L]       -0.41485E-04
 WatBalR  [%]              0.000
----------------------------------------------------------

----------------------------------------------------------
 Time       [T]      210.0000
----------------------------------------------------------
 Sub-region num.                     1            2
----------------------------------------------------------
 Length   [L]        0.10000E+04  0.10000E+04  0.00000E+00
 W-volume [L]        0.47711E+03  0.47711E+03  0.00000E+00
 In-flow  [L/T]      0.89534E-02  0.89534E-02  0.00000E+00
 h Mean   [L]       -0.17313E+04 -0.17313E+04  0.00000E+00
 Top Flux [L/T]     -0.79758E-02
 Bot Flux [L/T]     -0.98562E-03
 WatBalT  [L]       -0.12398E-04
 WatBalR  [%]              0.000
----------------------------------------------------------

----------------------------------------------------------
 Time       [T]      220.0000
----------------------------------------------------------
 Sub-region num.                     1            2
----------------------------------------------------------
 Length   [L]        0.10000E+04  0.10000E+04  0.00000E+00
 W-volume [L]        0.47710E+03  0.47710E+03  0.00000E+00
 In-flow  [L/T]     -0.10448E-02 -0.10448E-02  0.00000E+00
 h Mean   [L]       -0.17293E+04 -0.17293E+04  0.00000E+00
 Top Flux [L/T]     -0.16057E-02
 Bot Flux [L/T]     -0.98503E-03
 WatBalT  [L]       -0.55313E-04
 WatBalR  [%]              0.000
----------------------------------------------------------
 
 Calculation time [sec]  0.180000007152557     
