 ******* Program HYDRUS
 ******* 
 Welcome to HYDRUS-1D                                                    
 Date:  25. 9.    Time:  14:32:24
 Units: L = mm   , T = min  , M = mmol 



                               Node(  1)                      Node( 11)                      Node( 31)                      Node( 51)                      Node(101)

         time            h        theta    Flux           h        theta    Flux           h        theta    Flux           h        theta    Flux           h        theta    Flux  
         10.0001    -5876.09  0.4196 -0.492E-01      -3338.18  0.4198 -0.166E-03      -1598.44  0.4769  0.107E-01      -1015.27  0.5142 -0.106E-01      -1478.62  0.4832 -0.102E-02
         10.0002    -5876.02  0.4196 -0.507E-01      -3338.18  0.4198 -0.166E-03      -1598.44  0.4769  0.107E-01      -1015.27  0.5142 -0.106E-01      -1478.62  0.4832 -0.102E-02
         10.0003    -5875.90  0.4196 -0.503E-01      -3338.18  0.4198 -0.166E-03      -1598.44  0.4769  0.107E-01      -1015.27  0.5142 -0.106E-01      -1478.62  0.4832 -0.650E-03
         10.0005    -5875.77  0.4196 -0.501E-01      -3338.18  0.4198 -0.166E-03      -1598.44  0.4769  0.107E-01      -1015.27  0.5142 -0.106E-01      -1478.62  0.4832 -0.132E-02
         10.0008    -5875.57  0.4196 -0.501E-01      -3338.18  0.4198 -0.166E-03      -1598.44  0.4769  0.107E-01      -1015.27  0.5142 -0.106E-01      -1478.62  0.4832 -0.132E-02
         10.0010    -5875.36  0.4196 -0.501E-01      -3338.18  0.4198 -0.166E-03      -1598.44  0.4769  0.107E-01      -1015.27  0.5142 -0.106E-01      -1478.62  0.4832 -0.132E-02
         10.0011    -5875.24  0.4196 -0.701E-01      -3338.18  0.4198 -0.166E-03      -1598.44  0.4769  0.107E-01      -1015.27  0.5142 -0.106E-01      -1478.62  0.4832 -0.102E-02
         10.0012    -5875.10  0.4196 -0.700E-01      -3338.18  0.4198 -0.166E-03      -1598.44  0.4769  0.107E-01      -1015.27  0.5142 -0.106E-01      -1478.62  0.4832 -0.680E-03
         10.0014    -5874.90  0.4197 -0.697E-01      -3338.18  0.4198 -0.166E-03      -1598.44  0.4769  0.107E-01      -1015.27  0.5142 -0.106E-01      -1478.62  0.4832 -0.130E-02
         10.0016    -5874.65  0.4197 -0.699E-01      -3338.18  0.4198 -0.166E-03      -1598.44  0.4769  0.107E-01      -1015.27  0.5142 -0.106E-01      -1478.62  0.4831 -0.890E-03
         10.0019    -5874.33  0.4197 -0.700E-01      -3338.18  0.4198 -0.166E-03      -1598.44  0.4769  0.107E-01      -1015.27  0.5142 -0.106E-01      -1478.63  0.4831 -0.110E-02
         10.0023    -5873.90  0.4197 -0.699E-01      -3338.18  0.4198 -0.166E-03      -1598.44  0.4769  0.107E-01      -1015.27  0.5142 -0.106E-01      -1478.63  0.4831 -0.114E-02
         10.0028    -5873.35  0.4197 -0.701E-01      -3338.18  0.4198 -0.166E-03      -1598.44  0.4769  0.107E-01      -1015.27  0.5142 -0.106E-01      -1478.63  0.4831 -0.108E-02
         10.0034    -5872.63  0.4197 -0.699E-01      -3338.18  0.4198 -0.166E-03      -1598.44  0.4769  0.107E-01      -1015.27  0.5142 -0.106E-01      -1478.63  0.4831 -0.120E-02
         10.0042    -5871.70  0.4197 -0.700E-01      -3338.18  0.4198 -0.166E-03      -1598.44  0.4769  0.107E-01      -1015.27  0.5142 -0.106E-01      -1478.64  0.4831 -0.118E-02
         10.0053    -5870.48  0.4197 -0.700E-01      -3338.18  0.4198 -0.166E-03      -1598.44  0.4769  0.107E-01      -1015.27  0.5142 -0.106E-01      -1478.64  0.4831 -0.122E-02
         10.0066    -5868.91  0.4197 -0.700E-01      -3338.18  0.4198 -0.166E-03      -1598.43  0.4769  0.107E-01      -1015.27  0.5142 -0.106E-01      -1478.65  0.4831 -0.127E-02
         10.0084    -5866.85  0.4198 -0.700E-01      -3338.18  0.4198 -0.166E-03      -1598.43  0.4769  0.107E-01      -1015.27  0.5142 -0.106E-01      -1478.66  0.4831 -0.120E-02
         10.0108    -5864.19  0.4198 -0.700E-01      -3338.18  0.4198 -0.166E-03      -1598.43  0.4769  0.107E-01      -1015.27  0.5142 -0.106E-01      -1478.67  0.4831 -0.120E-02
         10.0138    -5860.73  0.4198 -0.700E-01      -3338.18  0.4198 -0.166E-03      -1598.42  0.4769  0.107E-01      -1015.27  0.5142 -0.106E-01      -1478.69  0.4831 -0.121E-02
         10.0177    -5856.23  0.4199 -0.700E-01      -3338.18  0.4198 -0.166E-03      -1598.41  0.4769  0.107E-01      -1015.27  0.5142 -0.106E-01      -1478.71  0.4831 -0.121E-02
         10.0228    -5850.37  0.4200 -0.700E-01      -3338.18  0.4198 -0.166E-03      -1598.41  0.4769  0.107E-01      -1015.26  0.5142 -0.106E-01      -1478.74  0.4831 -0.124E-02
         10.0295    -5842.77  0.4200 -0.700E-01      -3338.18  0.4198 -0.166E-03      -1598.40  0.4769  0.107E-01      -1015.26  0.5142 -0.106E-01      -1478.78  0.4831 -0.123E-02
         10.0382    -5832.89  0.4202 -0.700E-01      -3338.18  0.4198 -0.166E-03      -1598.38  0.4769  0.107E-01      -1015.26  0.5142 -0.106E-01      -1478.83  0.4831 -0.123E-02
         10.0494    -5820.06  0.4203 -0.700E-01      -3338.18  0.4198 -0.166E-03      -1598.36  0.4769  0.107E-01      -1015.25  0.5142 -0.106E-01      -1478.89  0.4831 -0.122E-02
         10.0640    -5803.39  0.4205 -0.700E-01      -3338.18  0.4198 -0.166E-03      -1598.34  0.4770  0.107E-01      -1015.25  0.5142 -0.106E-01      -1478.97  0.4831 -0.123E-02
         10.0830    -5781.75  0.4208 -0.700E-01      -3338.18  0.4198 -0.166E-03      -1598.31  0.4770  0.107E-01      -1015.24  0.5142 -0.106E-01      -1479.07  0.4831 -0.123E-02
         10.1077    -5753.65  0.4211 -0.700E-01      -3338.18  0.4198 -0.166E-03      -1598.27  0.4770  0.107E-01      -1015.23  0.5143 -0.106E-01      -1479.20  0.4831 -0.122E-02
         10.1398    -5717.21  0.4216 -0.700E-01      -3338.18  0.4198 -0.166E-03      -1598.21  0.4770  0.107E-01      -1015.22  0.5143 -0.106E-01      -1479.37  0.4831 -0.122E-02
         10.1816    -5669.96  0.4222 -0.700E-01      -3338.18  0.4198 -0.166E-03      -1598.15  0.4770  0.107E-01      -1015.20  0.5143 -0.106E-01      -1479.59  0.4831 -0.122E-02
         10.2359    -5608.76  0.4229 -0.700E-01      -3338.18  0.4198 -0.166E-03      -1598.06  0.4770  0.107E-01      -1015.18  0.5143 -0.106E-01      -1479.86  0.4831 -0.122E-02
         10.3064    -5529.58  0.4239 -0.700E-01      -3338.18  0.4198 -0.166E-03      -1597.94  0.4770  0.107E-01      -1015.15  0.5143 -0.106E-01      -1480.21  0.4831 -0.122E-02
         10.3982    -5427.34  0.4251 -0.700E-01      -3338.18  0.4198 -0.166E-03      -1597.79  0.4770  0.107E-01      -1015.11  0.5143 -0.106E-01      -1480.65  0.4830 -0.122E-02
         10.5174    -5295.61  0.4267 -0.700E-01      -3338.18  0.4198 -0.166E-03      -1597.59  0.4770  0.107E-01      -1015.06  0.5143 -0.106E-01      -1481.20  0.4830 -0.122E-02
         10.6725    -5126.44  0.4288 -0.700E-01      -3338.18  0.4198 -0.166E-03      -1597.32  0.4770  0.107E-01      -1015.00  0.5143 -0.106E-01      -1481.87  0.4830 -0.122E-02
         10.8740    -4910.26  0.4314 -0.700E-01      -3338.18  0.4198 -0.166E-03      -1596.98  0.4770  0.107E-01      -1014.92  0.5143 -0.106E-01      -1482.69  0.4829 -0.122E-02
         11.1360    -4697.25  0.4348 -0.700E-01      -3338.18  0.4198 -0.166E-03      -1596.52  0.4770  0.107E-01      -1014.81  0.5143 -0.106E-01      -1483.67  0.4828 -0.122E-02
         11.4766    -4429.79  0.4390 -0.700E-01      -3338.18  0.4198 -0.166E-03      -1595.93  0.4771  0.107E-01      -1014.67  0.5143 -0.106E-01      -1484.83  0.4828 -0.121E-02
         11.9194    -4106.70  0.4443 -0.700E-01      -3338.18  0.4198 -0.166E-03      -1595.14  0.4771  0.107E-01      -1014.48  0.5143 -0.106E-01      -1486.18  0.4827 -0.121E-02
         12.4950    -3753.63  0.4506 -0.700E-01      -3338.18  0.4198 -0.165E-03      -1594.09  0.4772  0.108E-01      -1014.23  0.5143 -0.106E-01      -1487.71  0.4826 -0.121E-02
         13.2455    -3411.58  0.4580 -0.700E-01      -3338.20  0.4198 -0.164E-03      -1592.72  0.4772  0.108E-01      -1013.90  0.5144 -0.106E-01      -1489.45  0.4825 -0.120E-02
         14.2104    -3031.86  0.4662 -0.700E-01      -3338.24  0.4198 -0.161E-03      -1590.92  0.4773  0.108E-01      -1013.46  0.5144 -0.106E-01      -1491.38  0.4824 -0.120E-02
         15.3683    -2760.92  0.4741 -0.700E-01      -3338.34  0.4198 -0.155E-03      -1588.74  0.4774  0.108E-01      -1012.92  0.5144 -0.107E-01      -1493.39  0.4823 -0.120E-02
         16.9122    -2452.97  0.4824 -0.700E-01      -3338.58  0.4198 -0.144E-03      -1585.80  0.4775  0.109E-01      -1012.21  0.5145 -0.107E-01      -1495.69  0.4821 -0.119E-02
         20.0000    -2130.29  0.4936 -0.700E-01      -3339.71  0.4198 -0.106E-03      -1579.89  0.4778  0.110E-01      -1010.86  0.5146 -0.107E-01      -1499.50  0.4819 -0.118E-02
         20.0001    -2133.45  0.4936 -0.190E+00      -3339.71  0.4198 -0.106E-03      -1579.89  0.4778  0.110E-01      -1010.86  0.5146 -0.107E-01      -1499.49  0.4819 -0.812E-03
         20.0002    -2132.66  0.4937 -0.190E+00      -3339.71  0.4198 -0.106E-03      -1579.89  0.4778  0.110E-01      -1010.86  0.5146 -0.107E-01      -1499.49  0.4819 -0.812E-03
         20.0004    -2133.08  0.4937 -0.190E+00      -3339.71  0.4198 -0.106E-03      -1579.89  0.4778  0.110E-01      -1010.86  0.5146 -0.107E-01      -1499.49  0.4819 -0.812E-03
         20.0006    -2132.71  0.4937 -0.190E+00      -3339.71  0.4198 -0.106E-03      -1579.89  0.4778  0.110E-01      -1010.86  0.5146 -0.107E-01      -1499.49  0.4819 -0.149E-02
         20.0009    -2132.60  0.4937 -0.190E+00      -3339.71  0.4198 -0.106E-03      -1579.89  0.4778  0.110E-01      -1010.86  0.5146 -0.107E-01      -1499.49  0.4819 -0.133E-02
         20.0013    -2132.28  0.4937 -0.190E+00      -3339.71  0.4198 -0.106E-03      -1579.89  0.4778  0.110E-01      -1010.86  0.5146 -0.107E-01      -1499.49  0.4819 -0.121E-02
         20.0018    -2131.94  0.4937 -0.190E+00      -3339.71  0.4198 -0.106E-03      -1579.89  0.4778  0.110E-01      -1010.86  0.5146 -0.107E-01      -1499.49  0.4819 -0.112E-02
         20.0024    -2131.45  0.4937 -0.190E+00      -3339.71  0.4198 -0.106E-03      -1579.89  0.4778  0.110E-01      -1010.86  0.5146 -0.107E-01      -1499.50  0.4819 -0.105E-02
         20.0032    -2130.84  0.4937 -0.190E+00      -3339.71  0.4198 -0.106E-03      -1579.89  0.4778  0.110E-01      -1010.86  0.5146 -0.107E-01      -1499.50  0.4819 -0.118E-02
         20.0043    -2130.03  0.4938 -0.190E+00      -3339.71  0.4198 -0.106E-03      -1579.89  0.4778  0.110E-01      -1010.86  0.5146 -0.107E-01      -1499.50  0.4819 -0.123E-02
         20.0056    -2128.99  0.4938 -0.190E+00      -3339.71  0.4198 -0.106E-03      -1579.88  0.4778  0.110E-01      -1010.85  0.5146 -0.107E-01      -1499.50  0.4819 -0.114E-02
         20.0074    -2127.64  0.4939 -0.190E+00      -3339.71  0.4198 -0.106E-03      -1579.88  0.4778  0.110E-01      -1010.85  0.5146 -0.107E-01      -1499.50  0.4819 -0.115E-02
         20.0098    -2125.88  0.4939 -0.190E+00      -3339.71  0.4198 -0.106E-03      -1579.88  0.4778  0.110E-01      -1010.85  0.5146 -0.107E-01      -1499.50  0.4819 -0.120E-02
         20.0128    -2123.60  0.4940 -0.190E+00      -3339.72  0.4198 -0.106E-03      -1579.87  0.4778  0.110E-01      -1010.85  0.5146 -0.107E-01      -1499.51  0.4819 -0.116E-02
         20.0167    -2120.64  0.4941 -0.190E+00      -3339.72  0.4198 -0.106E-03      -1579.86  0.4778  0.110E-01      -1010.85  0.5146 -0.107E-01      -1499.51  0.4819 -0.119E-02
         20.0218    -2116.79  0.4942 -0.190E+00      -3339.72  0.4198 -0.106E-03      -1579.85  0.4778  0.110E-01      -1010.85  0.5146 -0.107E-01      -1499.52  0.4819 -0.119E-02
         20.0285    -2111.81  0.4944 -0.190E+00      -3339.72  0.4198 -0.106E-03      -1579.84  0.4778  0.110E-01      -1010.84  0.5146 -0.107E-01      -1499.53  0.4819 -0.117E-02
         20.0372    -2105.35  0.4947 -0.190E+00      -3339.73  0.4198 -0.106E-03      -1579.82  0.4778  0.110E-01      -1010.84  0.5146 -0.107E-01      -1499.54  0.4819 -0.117E-02
         20.0484    -2096.99  0.4950 -0.190E+00      -3339.73  0.4198 -0.105E-03      -1579.80  0.4778  0.110E-01      -1010.84  0.5146 -0.107E-01      -1499.55  0.4819 -0.118E-02
         20.0630    -2086.17  0.4954 -0.190E+00      -3339.74  0.4198 -0.105E-03      -1579.78  0.4778  0.110E-01      -1010.83  0.5146 -0.107E-01      -1499.57  0.4819 -0.118E-02
         20.0820    -2072.21  0.4959 -0.190E+00      -3339.74  0.4198 -0.105E-03      -1579.74  0.4778  0.110E-01      -1010.82  0.5146 -0.107E-01      -1499.59  0.4819 -0.118E-02
         20.1067    -2054.22  0.4965 -0.190E+00      -3339.75  0.4198 -0.105E-03      -1579.69  0.4778  0.110E-01      -1010.81  0.5146 -0.107E-01      -1499.62  0.4819 -0.118E-02
         20.1388    -2031.11  0.4974 -0.190E+00      -3339.76  0.4198 -0.104E-03      -1579.63  0.4778  0.110E-01      -1010.80  0.5146 -0.107E-01      -1499.66  0.4819 -0.118E-02
         20.1806    -2001.53  0.4985 -0.190E+00      -3339.78  0.4198 -0.104E-03      -1579.55  0.4778  0.110E-01      -1010.78  0.5146 -0.107E-01      -1499.71  0.4819 -0.118E-02
         20.2349    -1963.90  0.4999 -0.190E+00      -3339.80  0.4198 -0.103E-03      -1579.45  0.4778  0.110E-01      -1010.75  0.5146 -0.107E-01      -1499.78  0.4819 -0.118E-02
         20.3054    -1916.80  0.5016 -0.190E+00      -3339.83  0.4198 -0.102E-03      -1579.31  0.4778  0.110E-01      -1010.72  0.5146 -0.107E-01      -1499.86  0.4819 -0.118E-02
         20.3972    -1873.10  0.5038 -0.190E+00      -3339.86  0.4198 -0.101E-03      -1579.14  0.4779  0.110E-01      -1010.68  0.5146 -0.107E-01      -1499.97  0.4819 -0.118E-02
         20.5164    -1816.10  0.5064 -0.190E+00      -3339.91  0.4198 -0.995E-04      -1578.91  0.4779  0.110E-01      -1010.63  0.5146 -0.107E-01      -1500.11  0.4818 -0.118E-02
         20.6715    -1750.64  0.5096 -0.190E+00      -3339.98  0.4198 -0.974E-04      -1578.61  0.4779  0.110E-01      -1010.57  0.5146 -0.107E-01      -1500.29  0.4818 -0.118E-02
         20.8730    -1672.26  0.5133 -0.190E+00      -3340.07  0.4198 -0.947E-04      -1578.23  0.4779  0.110E-01      -1010.48  0.5146 -0.107E-01      -1500.52  0.4818 -0.118E-02
         21.1350    -1582.11  0.5176 -0.190E+00      -3340.19  0.4198 -0.911E-04      -1577.72  0.4779  0.110E-01      -1010.37  0.5146 -0.107E-01      -1500.82  0.4818 -0.118E-02
         21.4756    -1490.48  0.5225 -0.190E+00      -3340.35  0.4198 -0.862E-04      -1577.07  0.4780  0.110E-01      -1010.23  0.5146 -0.107E-01      -1501.20  0.4818 -0.118E-02
         21.9184    -1405.83  0.5278 -0.190E+00      -3340.58  0.4198 -0.795E-04      -1576.23  0.4780  0.110E-01      -1010.04  0.5146 -0.107E-01      -1501.68  0.4818 -0.118E-02
         22.4940    -1313.28  0.5335 -0.190E+00      -3340.90  0.4198 -0.704E-04      -1575.13  0.4780  0.110E-01      -1009.81  0.5147 -0.107E-01      -1502.29  0.4817 -0.117E-02
         23.2446    -1209.51  0.5399 -0.190E+00      -3341.37  0.4198 -0.579E-04      -1573.71  0.4781  0.111E-01      -1009.52  0.5147 -0.106E-01      -1503.06  0.4817 -0.117E-02
         24.2096    -1120.47  0.5465 -0.190E+00      -3342.05  0.4198 -0.408E-04      -1571.88  0.4782  0.111E-01      -1009.17  0.5147 -0.106E-01      -1504.01  0.4816 -0.117E-02
         25.3677    -1034.24  0.5535 -0.190E+00      -3342.98  0.4197 -0.190E-04      -1569.72  0.4783  0.111E-01      -1008.78  0.5147 -0.106E-01      -1505.11  0.4815 -0.117E-02
         26.9118     -942.42  0.5611 -0.190E+00      -3344.43  0.4197  0.120E-04      -1566.89  0.4784  0.111E-01      -1008.33  0.5148 -0.106E-01      -1506.49  0.4815 -0.116E-02
         28.4559     -874.09  0.5680 -0.190E+00      -3346.07  0.4197  0.444E-04      -1564.11  0.4786  0.111E-01      -1007.95  0.5148 -0.105E-01      -1507.82  0.4814 -0.116E-02
         30.0000     -815.92  0.5738 -0.190E+00      -3347.91  0.4196  0.778E-04      -1561.41  0.4787  0.111E-01      -1007.64  0.5148 -0.104E-01      -1509.09  0.4813 -0.116E-02
         30.0001     -816.57  0.5738 -0.120E+00      -3347.91  0.4196  0.779E-04      -1561.41  0.4787  0.111E-01      -1007.64  0.5148 -0.104E-01      -1509.09  0.4813 -0.908E-03
         30.0002     -816.45  0.5738 -0.120E+00      -3347.91  0.4196  0.778E-04      -1561.41  0.4787  0.111E-01      -1007.64  0.5148 -0.104E-01      -1509.09  0.4813 -0.908E-03
         30.0004     -816.57  0.5738 -0.119E+00      -3347.91  0.4196  0.778E-04      -1561.41  0.4787  0.111E-01      -1007.64  0.5148 -0.104E-01      -1509.09  0.4813 -0.908E-03
         30.0006     -816.56  0.5738 -0.120E+00      -3347.91  0.4196  0.778E-04      -1561.41  0.4787  0.111E-01      -1007.64  0.5148 -0.104E-01      -1509.09  0.4813 -0.908E-03
         30.0009     -816.60  0.5738 -0.120E+00      -3347.91  0.4196  0.778E-04      -1561.41  0.4787  0.111E-01      -1007.64  0.5148 -0.104E-01      -1509.09  0.4813 -0.143E-02
         30.0013     -816.63  0.5738 -0.120E+00      -3347.91  0.4196  0.779E-04      -1561.41  0.4787  0.111E-01      -1007.64  0.5148 -0.104E-01      -1509.09  0.4813 -0.131E-02
         30.0018     -816.69  0.5738 -0.120E+00      -3347.91  0.4196  0.779E-04      -1561.41  0.4787  0.111E-01      -1007.64  0.5148 -0.104E-01      -1509.09  0.4813 -0.122E-02
         30.0024     -816.75  0.5737 -0.120E+00      -3347.91  0.4196  0.779E-04      -1561.41  0.4787  0.111E-01      -1007.64  0.5148 -0.104E-01      -1509.09  0.4813 -0.115E-02
         30.0032     -816.83  0.5737 -0.120E+00      -3347.91  0.4196  0.779E-04      -1561.41  0.4787  0.111E-01      -1007.64  0.5148 -0.104E-01      -1509.09  0.4813 -0.109E-02
         30.0043     -816.93  0.5737 -0.120E+00      -3347.91  0.4196  0.779E-04      -1561.40  0.4787  0.111E-01      -1007.64  0.5148 -0.104E-01      -1509.09  0.4813 -0.119E-02
         30.0056     -817.07  0.5737 -0.120E+00      -3347.91  0.4196  0.779E-04      -1561.40  0.4787  0.111E-01      -1007.64  0.5148 -0.104E-01      -1509.09  0.4813 -0.112E-02
         30.0074     -817.25  0.5737 -0.120E+00      -3347.91  0.4196  0.780E-04      -1561.40  0.4787  0.111E-01      -1007.64  0.5148 -0.104E-01      -1509.09  0.4813 -0.116E-02
         30.0098     -817.48  0.5737 -0.120E+00      -3347.92  0.4196  0.781E-04      -1561.39  0.4787  0.111E-01      -1007.64  0.5148 -0.104E-01      -1509.09  0.4813 -0.116E-02
         30.0128     -817.78  0.5736 -0.120E+00      -3347.92  0.4196  0.781E-04      -1561.39  0.4787  0.111E-01      -1007.64  0.5148 -0.104E-01      -1509.10  0.4813 -0.115E-02
         30.0167     -818.16  0.5736 -0.120E+00      -3347.93  0.4196  0.782E-04      -1561.38  0.4787  0.111E-01      -1007.63  0.5148 -0.104E-01      -1509.10  0.4813 -0.117E-02
         30.0218     -818.66  0.5736 -0.120E+00      -3347.93  0.4196  0.783E-04      -1561.37  0.4787  0.111E-01      -1007.63  0.5148 -0.104E-01      -1509.11  0.4813 -0.117E-02
         30.0285     -819.29  0.5735 -0.120E+00      -3347.94  0.4196  0.785E-04      -1561.36  0.4787  0.111E-01      -1007.63  0.5148 -0.104E-01      -1509.11  0.4813 -0.115E-02
         30.0372     -820.11  0.5734 -0.120E+00      -3347.95  0.4196  0.786E-04      -1561.35  0.4787  0.111E-01      -1007.63  0.5148 -0.104E-01      -1509.12  0.4813 -0.115E-02
         30.0484     -821.15  0.5733 -0.120E+00      -3347.96  0.4196  0.789E-04      -1561.33  0.4787  0.111E-01      -1007.63  0.5148 -0.104E-01      -1509.13  0.4813 -0.116E-02
         30.0630     -822.47  0.5732 -0.120E+00      -3347.98  0.4196  0.792E-04      -1561.30  0.4787  0.111E-01      -1007.63  0.5148 -0.104E-01      -1509.14  0.4813 -0.115E-02
         30.0820     -824.13  0.5730 -0.120E+00      -3348.00  0.4196  0.796E-04      -1561.27  0.4787  0.111E-01      -1007.62  0.5148 -0.104E-01      -1509.15  0.4813 -0.116E-02
         30.1067     -826.21  0.5728 -0.120E+00      -3348.03  0.4196  0.802E-04      -1561.23  0.4787  0.111E-01      -1007.62  0.5148 -0.104E-01      -1509.17  0.4813 -0.116E-02
         30.1388     -828.77  0.5725 -0.120E+00      -3348.07  0.4196  0.809E-04      -1561.17  0.4787  0.111E-01      -1007.61  0.5148 -0.104E-01      -1509.20  0.4813 -0.115E-02
         30.1806     -831.88  0.5722 -0.120E+00      -3348.12  0.4196  0.818E-04      -1561.10  0.4787  0.111E-01      -1007.60  0.5148 -0.104E-01      -1509.23  0.4813 -0.115E-02
         30.2349     -835.58  0.5718 -0.120E+00      -3348.19  0.4196  0.829E-04      -1561.00  0.4787  0.111E-01      -1007.59  0.5148 -0.104E-01      -1509.28  0.4813 -0.116E-02
         30.3054     -839.88  0.5714 -0.120E+00      -3348.27  0.4196  0.845E-04      -1560.88  0.4787  0.111E-01      -1007.58  0.5148 -0.104E-01      -1509.34  0.4813 -0.116E-02
         30.3972     -844.73  0.5709 -0.120E+00      -3348.38  0.4196  0.865E-04      -1560.72  0.4787  0.111E-01      -1007.56  0.5148 -0.104E-01      -1509.41  0.4813 -0.116E-02
         30.5164     -849.96  0.5704 -0.120E+00      -3348.53  0.4196  0.891E-04      -1560.51  0.4787  0.111E-01      -1007.54  0.5148 -0.104E-01      -1509.51  0.4813 -0.116E-02
         30.6715     -855.30  0.5698 -0.120E+00      -3348.72  0.4196  0.925E-04      -1560.25  0.4787  0.111E-01      -1007.51  0.5148 -0.104E-01      -1509.63  0.4813 -0.116E-02
         30.8730     -860.34  0.5693 -0.120E+00      -3348.98  0.4196  0.969E-04      -1559.90  0.4788  0.111E-01      -1007.48  0.5148 -0.104E-01      -1509.80  0.4813 -0.115E-02
         31.1350     -864.57  0.5689 -0.120E+00      -3349.31  0.4196  0.103E-03      -1559.45  0.4788  0.111E-01      -1007.43  0.5148 -0.104E-01      -1510.01  0.4813 -0.115E-02
         31.4756     -867.35  0.5686 -0.120E+00      -3349.76  0.4196  0.110E-03      -1558.87  0.4788  0.111E-01      -1007.38  0.5149 -0.104E-01      -1510.28  0.4812 -0.115E-02
         31.9184     -868.02  0.5686 -0.120E+00      -3350.35  0.4196  0.120E-03      -1558.12  0.4788  0.111E-01      -1007.32  0.5149 -0.103E-01      -1510.62  0.4812 -0.115E-02
         32.4940     -865.73  0.5688 -0.120E+00      -3351.15  0.4196  0.133E-03      -1557.16  0.4789  0.111E-01      -1007.24  0.5149 -0.103E-01      -1511.07  0.4812 -0.115E-02
         33.2446     -859.49  0.5694 -0.120E+00      -3352.22  0.4195  0.150E-03      -1555.93  0.4790  0.111E-01      -1007.17  0.5149 -0.103E-01      -1511.64  0.4812 -0.115E-02
         34.2096     -848.04  0.5706 -0.120E+00      -3353.67  0.4195  0.171E-03      -1554.39  0.4790  0.111E-01      -1007.10  0.5149 -0.102E-01      -1512.36  0.4811 -0.115E-02
         35.3677     -835.24  0.5719 -0.120E+00      -3355.49  0.4195  0.197E-03      -1552.58  0.4791  0.111E-01      -1007.05  0.5149 -0.102E-01      -1513.21  0.4811 -0.115E-02
         36.9118     -817.81  0.5736 -0.120E+00      -3358.05  0.4194  0.231E-03      -1550.28  0.4792  0.111E-01      -1007.06  0.5149 -0.101E-01      -1514.32  0.4810 -0.114E-02
         40.0000     -780.42  0.5774 -0.120E+00      -3363.61  0.4193  0.297E-03      -1546.05  0.4794  0.110E-01      -1007.32  0.5149 -0.987E-02      -1516.47  0.4809 -0.114E-02
         40.0001     -780.55  0.5774 -0.398E-01      -3363.61  0.4193  0.297E-03      -1546.04  0.4794  0.110E-01      -1007.31  0.5149 -0.988E-02      -1516.47  0.4809 -0.927E-03
         40.0002     -780.55  0.5774 -0.409E-01      -3363.61  0.4193  0.297E-03      -1546.05  0.4794  0.110E-01      -1007.31  0.5149 -0.988E-02      -1516.47  0.4809 -0.927E-03
         40.0004     -780.59  0.5774 -0.402E-01      -3363.61  0.4193  0.297E-03      -1546.04  0.4794  0.110E-01      -1007.31  0.5149 -0.988E-02      -1516.47  0.4809 -0.927E-03
         40.0006     -780.61  0.5774 -0.396E-01      -3363.61  0.4193  0.297E-03      -1546.04  0.4794  0.110E-01      -1007.31  0.5149 -0.988E-02      -1516.47  0.4809 -0.927E-03
         40.0009     -780.66  0.5774 -0.401E-01      -3363.61  0.4193  0.297E-03      -1546.04  0.4794  0.110E-01      -1007.31  0.5149 -0.988E-02      -1516.47  0.4809 -0.927E-03
         40.0013     -780.71  0.5774 -0.403E-01      -3363.61  0.4193  0.297E-03      -1546.04  0.4794  0.110E-01      -1007.31  0.5149 -0.988E-02      -1516.47  0.4809 -0.927E-03
         40.0018     -780.78  0.5774 -0.400E-01      -3363.61  0.4193  0.297E-03      -1546.04  0.4794  0.110E-01      -1007.31  0.5149 -0.988E-02      -1516.47  0.4809 -0.124E-02
         40.0024     -780.88  0.5774 -0.400E-01      -3363.61  0.4193  0.297E-03      -1546.04  0.4794  0.110E-01      -1007.31  0.5149 -0.988E-02      -1516.47  0.4809 -0.116E-02
         40.0032     -780.99  0.5773 -0.398E-01      -3363.61  0.4193  0.297E-03      -1546.04  0.4794  0.110E-01      -1007.31  0.5149 -0.988E-02      -1516.47  0.4809 -0.111E-02
         40.0043     -781.15  0.5773 -0.400E-01      -3363.61  0.4193  0.297E-03      -1546.04  0.4794  0.110E-01      -1007.31  0.5149 -0.988E-02      -1516.47  0.4809 -0.107E-02
         40.0056     -781.35  0.5773 -0.400E-01      -3363.61  0.4193  0.297E-03      -1546.04  0.4794  0.110E-01      -1007.31  0.5149 -0.988E-02      -1516.47  0.4809 -0.114E-02
         40.0074     -781.61  0.5773 -0.399E-01      -3363.62  0.4193  0.297E-03      -1546.04  0.4794  0.110E-01      -1007.31  0.5149 -0.988E-02      -1516.47  0.4809 -0.109E-02
         40.0098     -781.95  0.5772 -0.400E-01      -3363.62  0.4193  0.297E-03      -1546.03  0.4794  0.110E-01      -1007.31  0.5149 -0.987E-02      -1516.47  0.4809 -0.112E-02
         40.0128     -782.40  0.5772 -0.400E-01      -3363.63  0.4193  0.297E-03      -1546.03  0.4794  0.110E-01      -1007.31  0.5149 -0.987E-02      -1516.47  0.4809 -0.112E-02
         40.0167     -782.96  0.5771 -0.400E-01      -3363.63  0.4193  0.298E-03      -1546.02  0.4794  0.110E-01      -1007.31  0.5149 -0.987E-02      -1516.48  0.4809 -0.115E-02
         40.0218     -783.70  0.5771 -0.400E-01      -3363.64  0.4193  0.298E-03      -1546.01  0.4794  0.110E-01      -1007.31  0.5149 -0.987E-02      -1516.48  0.4809 -0.113E-02
         40.0285     -784.65  0.5770 -0.400E-01      -3363.66  0.4193  0.298E-03      -1546.01  0.4794  0.110E-01      -1007.31  0.5149 -0.987E-02      -1516.49  0.4809 -0.113E-02
         40.0372     -785.87  0.5769 -0.400E-01      -3363.67  0.4193  0.298E-03      -1545.99  0.4794  0.110E-01      -1007.31  0.5149 -0.987E-02      -1516.49  0.4809 -0.113E-02
         40.0484     -787.44  0.5767 -0.400E-01      -3363.69  0.4193  0.298E-03      -1545.98  0.4794  0.110E-01      -1007.32  0.5149 -0.987E-02      -1516.50  0.4809 -0.114E-02
         40.0630     -789.44  0.5765 -0.400E-01      -3363.72  0.4193  0.299E-03      -1545.96  0.4794  0.110E-01      -1007.32  0.5149 -0.987E-02      -1516.51  0.4809 -0.114E-02
         40.0820     -791.99  0.5762 -0.400E-01      -3363.75  0.4193  0.299E-03      -1545.93  0.4794  0.110E-01      -1007.32  0.5149 -0.987E-02      -1516.52  0.4809 -0.114E-02
         40.1067     -795.21  0.5759 -0.400E-01      -3363.80  0.4193  0.299E-03      -1545.90  0.4794  0.110E-01      -1007.32  0.5149 -0.987E-02      -1516.54  0.4809 -0.114E-02
         40.1388     -799.25  0.5755 -0.400E-01      -3363.86  0.4193  0.300E-03      -1545.86  0.4794  0.110E-01      -1007.32  0.5149 -0.987E-02      -1516.56  0.4809 -0.114E-02
         40.1806     -804.27  0.5750 -0.400E-01      -3363.93  0.4193  0.301E-03      -1545.80  0.4794  0.110E-01      -1007.33  0.5149 -0.986E-02      -1516.59  0.4809 -0.114E-02
         40.2349     -810.44  0.5744 -0.400E-01      -3364.03  0.4193  0.302E-03      -1545.72  0.4794  0.110E-01      -1007.33  0.5149 -0.986E-02      -1516.63  0.4808 -0.114E-02
         40.3054     -817.92  0.5736 -0.400E-01      -3364.16  0.4193  0.304E-03      -1545.63  0.4794  0.110E-01      -1007.34  0.5149 -0.986E-02      -1516.68  0.4808 -0.114E-02
         40.3972     -826.83  0.5727 -0.400E-01      -3364.32  0.4193  0.306E-03      -1545.51  0.4794  0.110E-01      -1007.35  0.5149 -0.985E-02      -1516.74  0.4808 -0.114E-02
         40.5164     -837.27  0.5717 -0.400E-01      -3364.54  0.4193  0.308E-03      -1545.34  0.4795  0.110E-01      -1007.36  0.5149 -0.984E-02      -1516.82  0.4808 -0.114E-02
         40.6715     -849.24  0.5705 -0.400E-01      -3364.82  0.4193  0.311E-03      -1545.14  0.4795  0.110E-01      -1007.37  0.5149 -0.983E-02      -1516.93  0.4808 -0.114E-02
         40.8730     -862.66  0.5691 -0.400E-01      -3365.19  0.4193  0.316E-03      -1544.87  0.4795  0.110E-01      -1007.40  0.5149 -0.982E-02      -1517.07  0.4808 -0.114E-02
         41.1350     -877.37  0.5676 -0.400E-01      -3365.68  0.4193  0.321E-03      -1544.52  0.4795  0.110E-01      -1007.42  0.5148 -0.980E-02      -1517.25  0.4808 -0.114E-02
         41.4756     -893.14  0.5660 -0.400E-01      -3366.32  0.4192  0.328E-03      -1544.08  0.4795  0.110E-01      -1007.47  0.5148 -0.978E-02      -1517.48  0.4808 -0.113E-02
         41.9184     -909.64  0.5644 -0.400E-01      -3367.15  0.4192  0.337E-03      -1543.51  0.4795  0.110E-01      -1007.52  0.5148 -0.975E-02      -1517.78  0.4808 -0.113E-02
         42.4940     -926.60  0.5626 -0.400E-01      -3368.24  0.4192  0.349E-03      -1542.78  0.4796  0.110E-01      -1007.61  0.5148 -0.972E-02      -1518.17  0.4808 -0.113E-02
         43.2446     -943.70  0.5609 -0.400E-01      -3369.69  0.4192  0.364E-03      -1541.86  0.4796  0.110E-01      -1007.73  0.5148 -0.967E-02      -1518.70  0.4807 -0.113E-02
         44.2096     -961.90  0.5593 -0.400E-01      -3371.58  0.4191  0.383E-03      -1540.72  0.4797  0.109E-01      -1007.91  0.5148 -0.960E-02      -1519.38  0.4807 -0.113E-02
         45.3677     -980.13  0.5578 -0.400E-01      -3373.88  0.4191  0.404E-03      -1539.40  0.4797  0.109E-01      -1008.15  0.5148 -0.953E-02      -1520.26  0.4806 -0.113E-02
         46.9118     -996.97  0.5564 -0.400E-01      -3377.00  0.4190  0.432E-03      -1537.75  0.4798  0.109E-01      -1008.52  0.5148 -0.942E-02      -1521.52  0.4806 -0.113E-02
         50.0000    -1015.62  0.5549 -0.400E-01      -3383.29  0.4189  0.480E-03      -1534.85  0.4799  0.108E-01      -1009.46  0.5147 -0.922E-02      -1523.78  0.4805 -0.112E-02
         52.5000    -1157.88  0.5447  0.205E-07      -3388.37  0.4188  0.515E-03      -1532.71  0.4800  0.107E-01      -1010.31  0.5146 -0.905E-02      -1525.52  0.4804 -0.112E-02
         56.2500    -1268.24  0.5355  0.270E-07      -3395.71  0.4186  0.552E-03      -1530.02  0.4802  0.106E-01      -1011.80  0.5145 -0.880E-02      -1527.96  0.4803 -0.112E-02
         60.0000    -1371.09  0.5297  0.270E-07      -3402.59  0.4185  0.576E-03      -1527.74  0.4803  0.104E-01      -1013.46  0.5144 -0.856E-02      -1530.27  0.4802 -0.112E-02
         60.0001    -1371.91  0.5297 -0.107E-01      -3402.63  0.4185  0.578E-03      -1527.71  0.4803  0.104E-01      -1013.45  0.5144 -0.856E-02      -1530.28  0.4802 -0.972E-03
         60.0002    -1371.72  0.5297 -0.997E-02      -3402.62  0.4185  0.577E-03      -1527.71  0.4803  0.104E-01      -1013.45  0.5144 -0.856E-02      -1530.28  0.4802 -0.972E-03
         60.0004    -1371.87  0.5297 -0.944E-02      -3402.63  0.4185  0.578E-03      -1527.71  0.4803  0.104E-01      -1013.45  0.5144 -0.856E-02      -1530.28  0.4802 -0.972E-03
         60.0006    -1371.81  0.5297 -0.104E-01      -3402.63  0.4185  0.577E-03      -1527.71  0.4803  0.104E-01      -1013.45  0.5144 -0.856E-02      -1530.28  0.4802 -0.972E-03
         60.0009    -1371.84  0.5297 -0.976E-02      -3402.63  0.4185  0.577E-03      -1527.71  0.4803  0.104E-01      -1013.45  0.5144 -0.856E-02      -1530.28  0.4802 -0.972E-03
         60.0013    -1371.82  0.5297 -0.101E-01      -3402.63  0.4185  0.577E-03      -1527.71  0.4803  0.104E-01      -1013.45  0.5144 -0.856E-02      -1530.28  0.4802 -0.972E-03
         60.0018    -1371.83  0.5297 -0.102E-01      -3402.63  0.4185  0.577E-03      -1527.71  0.4803  0.104E-01      -1013.45  0.5144 -0.856E-02      -1530.28  0.4802 -0.972E-03
         60.0024    -1371.82  0.5297 -0.101E-01      -3402.63  0.4185  0.577E-03      -1527.71  0.4803  0.104E-01      -1013.45  0.5144 -0.856E-02      -1530.28  0.4802 -0.121E-02
         60.0032    -1371.81  0.5297 -0.988E-02      -3402.63  0.4185  0.577E-03      -1527.71  0.4803  0.104E-01      -1013.45  0.5144 -0.856E-02      -1530.28  0.4802 -0.115E-02
         60.0043    -1371.80  0.5297 -0.994E-02      -3402.63  0.4185  0.577E-03      -1527.71  0.4803  0.104E-01      -1013.45  0.5144 -0.856E-02      -1530.28  0.4802 -0.111E-02
         60.0056    -1371.79  0.5297 -0.101E-01      -3402.64  0.4185  0.577E-03      -1527.71  0.4803  0.104E-01      -1013.45  0.5144 -0.855E-02      -1530.28  0.4802 -0.108E-02
         60.0074    -1371.78  0.5297 -0.100E-01      -3402.64  0.4185  0.577E-03      -1527.70  0.4803  0.104E-01      -1013.45  0.5144 -0.856E-02      -1530.28  0.4802 -0.114E-02
         60.0098    -1371.76  0.5297 -0.100E-01      -3402.64  0.4185  0.578E-03      -1527.70  0.4803  0.104E-01      -1013.45  0.5144 -0.855E-02      -1530.28  0.4802 -0.110E-02
         60.0128    -1371.74  0.5297 -0.999E-02      -3402.65  0.4185  0.578E-03      -1527.70  0.4803  0.104E-01      -1013.46  0.5144 -0.855E-02      -1530.28  0.4802 -0.112E-02
         60.0167    -1371.71  0.5297 -0.100E-01      -3402.66  0.4185  0.578E-03      -1527.70  0.4803  0.104E-01      -1013.46  0.5144 -0.855E-02      -1530.29  0.4802 -0.112E-02
         60.0218    -1371.67  0.5297 -0.100E-01      -3402.67  0.4185  0.578E-03      -1527.70  0.4803  0.104E-01      -1013.46  0.5144 -0.855E-02      -1530.29  0.4802 -0.112E-02
         60.0285    -1371.63  0.5297 -0.100E-01      -3402.68  0.4185  0.578E-03      -1527.69  0.4803  0.104E-01      -1013.46  0.5144 -0.855E-02      -1530.29  0.4802 -0.111E-02
         60.0372    -1371.57  0.5297 -0.998E-02      -3402.69  0.4185  0.578E-03      -1527.69  0.4803  0.104E-01      -1013.47  0.5144 -0.855E-02      -1530.30  0.4802 -0.111E-02
         60.0484    -1371.49  0.5297 -0.100E-01      -3402.72  0.4185  0.578E-03      -1527.68  0.4803  0.104E-01      -1013.47  0.5144 -0.855E-02      -1530.30  0.4802 -0.112E-02
         60.0630    -1371.39  0.5297 -0.100E-01      -3402.74  0.4185  0.578E-03      -1527.67  0.4803  0.104E-01      -1013.48  0.5144 -0.855E-02      -1530.31  0.4802 -0.111E-02
         60.0820    -1371.26  0.5297 -0.100E-01      -3402.78  0.4185  0.578E-03      -1527.66  0.4803  0.104E-01      -1013.49  0.5144 -0.855E-02      -1530.32  0.4802 -0.112E-02
         60.1067    -1371.11  0.5298 -0.100E-01      -3402.82  0.4185  0.578E-03      -1527.64  0.4803  0.104E-01      -1013.50  0.5144 -0.855E-02      -1530.34  0.4802 -0.112E-02
         60.1388    -1370.92  0.5298 -0.100E-01      -3402.88  0.4185  0.578E-03      -1527.62  0.4803  0.104E-01      -1013.51  0.5144 -0.855E-02      -1530.36  0.4802 -0.112E-02
         60.1806    -1370.69  0.5298 -0.100E-01      -3402.96  0.4185  0.579E-03      -1527.60  0.4803  0.104E-01      -1013.53  0.5144 -0.854E-02      -1530.39  0.4802 -0.112E-02
         60.2349    -1370.42  0.5298 -0.100E-01      -3403.06  0.4185  0.579E-03      -1527.57  0.4803  0.104E-01      -1013.55  0.5144 -0.854E-02      -1530.42  0.4802 -0.112E-02
         60.3054    -1370.13  0.5298 -0.100E-01      -3403.19  0.4185  0.579E-03      -1527.52  0.4803  0.104E-01      -1013.59  0.5144 -0.854E-02      -1530.46  0.4802 -0.112E-02
         60.3972    -1369.82  0.5298 -0.100E-01      -3403.35  0.4185  0.580E-03      -1527.47  0.4803  0.104E-01      -1013.63  0.5144 -0.853E-02      -1530.52  0.4802 -0.112E-02
         60.5164    -1369.53  0.5299 -0.100E-01      -3403.57  0.4185  0.581E-03      -1527.40  0.4803  0.104E-01      -1013.68  0.5144 -0.852E-02      -1530.59  0.4801 -0.112E-02
         60.6715    -1369.34  0.5299 -0.100E-01      -3403.85  0.4185  0.581E-03      -1527.31  0.4803  0.104E-01      -1013.75  0.5144 -0.851E-02      -1530.69  0.4801 -0.112E-02
         60.8730    -1369.35  0.5299 -0.100E-01      -3404.22  0.4184  0.583E-03      -1527.19  0.4803  0.104E-01      -1013.84  0.5144 -0.850E-02      -1530.81  0.4801 -0.112E-02
         61.1350    -1369.72  0.5298 -0.100E-01      -3404.69  0.4184  0.584E-03      -1527.04  0.4803  0.104E-01      -1013.96  0.5143 -0.848E-02      -1530.97  0.4801 -0.112E-02
         61.4756    -1370.69  0.5298 -0.100E-01      -3405.30  0.4184  0.586E-03      -1526.85  0.4803  0.104E-01      -1014.12  0.5143 -0.846E-02      -1531.17  0.4801 -0.112E-02
         61.9184    -1372.55  0.5297 -0.100E-01      -3406.09  0.4184  0.587E-03      -1526.60  0.4803  0.104E-01      -1014.33  0.5143 -0.843E-02      -1531.44  0.4801 -0.112E-02
         62.4940    -1375.65  0.5295 -0.100E-01      -3407.09  0.4184  0.590E-03      -1526.30  0.4803  0.103E-01      -1014.60  0.5143 -0.839E-02      -1531.78  0.4801 -0.112E-02
         63.2446    -1380.38  0.5292 -0.100E-01      -3408.38  0.4184  0.592E-03      -1525.91  0.4804  0.103E-01      -1014.97  0.5143 -0.835E-02      -1532.22  0.4801 -0.111E-02
         64.2096    -1387.00  0.5288 -0.100E-01      -3409.98  0.4183  0.593E-03      -1525.44  0.4804  0.103E-01      -1015.45  0.5142 -0.828E-02      -1532.78  0.4800 -0.111E-02
         65.3677    -1395.18  0.5283 -0.100E-01      -3411.83  0.4183  0.593E-03      -1524.92  0.4804  0.102E-01      -1016.04  0.5142 -0.821E-02      -1533.45  0.4800 -0.111E-02
         66.9118    -1405.87  0.5276 -0.100E-01      -3414.14  0.4182  0.591E-03      -1524.27  0.4804  0.102E-01      -1016.85  0.5141 -0.811E-02      -1534.32  0.4800 -0.111E-02
         70.0000    -1424.99  0.5264 -0.100E-01      -3417.96  0.4182  0.571E-03      -1523.19  0.4805  0.101E-01      -1018.58  0.5140 -0.792E-02      -1536.00  0.4799 -0.111E-02
         72.5000    -1492.28  0.5226 -0.224E-07      -3420.59  0.4181  0.548E-03      -1522.43  0.4805  0.996E-02      -1020.03  0.5139 -0.776E-02      -1537.33  0.4798 -0.111E-02
         76.2500    -1558.91  0.5186  0.745E-08      -3422.95  0.4180  0.492E-03      -1521.57  0.4806  0.982E-02      -1022.30  0.5137 -0.754E-02      -1539.26  0.4797 -0.111E-02
         80.0000    -1621.33  0.5157  0.119E-07      -3423.83  0.4180  0.419E-03      -1520.91  0.4806  0.967E-02      -1024.64  0.5135 -0.733E-02      -1541.14  0.4796 -0.110E-02
         85.0000    -1682.59  0.5127  0.140E-08      -3421.80  0.4181  0.291E-03      -1520.38  0.4806  0.949E-02      -1027.87  0.5133 -0.707E-02      -1543.53  0.4795 -0.110E-02
         90.0000    -1735.59  0.5102 -0.151E-07      -3416.89  0.4182  0.142E-03      -1520.14  0.4806  0.930E-02      -1031.15  0.5130 -0.682E-02      -1545.85  0.4794 -0.110E-02
         90.0001    -1736.46  0.5102 -0.203E-01      -3417.17  0.4182  0.144E-03      -1520.12  0.4806  0.930E-02      -1031.14  0.5130 -0.682E-02      -1545.86  0.4794 -0.989E-03
         90.0002    -1736.25  0.5102 -0.208E-01      -3417.11  0.4182  0.144E-03      -1520.12  0.4806  0.930E-02      -1031.14  0.5130 -0.682E-02      -1545.85  0.4794 -0.989E-03
         90.0004    -1736.40  0.5102 -0.201E-01      -3417.15  0.4182  0.144E-03      -1520.12  0.4806  0.930E-02      -1031.14  0.5130 -0.682E-02      -1545.85  0.4794 -0.989E-03
         90.0006    -1736.32  0.5102 -0.201E-01      -3417.14  0.4182  0.144E-03      -1520.12  0.4806  0.930E-02      -1031.14  0.5130 -0.682E-02      -1545.86  0.4794 -0.989E-03
         90.0009    -1736.33  0.5102 -0.202E-01      -3417.15  0.4182  0.144E-03      -1520.12  0.4806  0.930E-02      -1031.14  0.5130 -0.682E-02      -1545.85  0.4794 -0.989E-03
         90.0013    -1736.29  0.5102 -0.201E-01      -3417.14  0.4182  0.144E-03      -1520.12  0.4806  0.930E-02      -1031.14  0.5130 -0.682E-02      -1545.86  0.4794 -0.989E-03
         90.0018    -1736.26  0.5102 -0.198E-01      -3417.14  0.4182  0.144E-03      -1520.12  0.4806  0.930E-02      -1031.14  0.5130 -0.682E-02      -1545.86  0.4794 -0.989E-03
         90.0024    -1736.21  0.5102 -0.200E-01      -3417.14  0.4182  0.144E-03      -1520.12  0.4806  0.930E-02      -1031.14  0.5130 -0.682E-02      -1545.86  0.4794 -0.123E-02
         90.0032    -1736.16  0.5102 -0.200E-01      -3417.14  0.4182  0.144E-03      -1520.12  0.4806  0.930E-02      -1031.14  0.5130 -0.682E-02      -1545.86  0.4794 -0.117E-02
         90.0043    -1736.08  0.5102 -0.199E-01      -3417.14  0.4182  0.144E-03      -1520.12  0.4806  0.930E-02      -1031.14  0.5130 -0.682E-02      -1545.86  0.4794 -0.113E-02
         90.0056    -1735.98  0.5102 -0.200E-01      -3417.14  0.4182  0.144E-03      -1520.12  0.4806  0.930E-02      -1031.14  0.5130 -0.682E-02      -1545.86  0.4794 -0.110E-02
         90.0074    -1735.85  0.5102 -0.200E-01      -3417.14  0.4182  0.144E-03      -1520.12  0.4806  0.930E-02      -1031.14  0.5130 -0.682E-02      -1545.86  0.4794 -0.107E-02
         90.0098    -1735.68  0.5102 -0.200E-01      -3417.14  0.4182  0.144E-03      -1520.12  0.4806  0.930E-02      -1031.15  0.5130 -0.682E-02      -1545.86  0.4794 -0.112E-02
         90.0128    -1735.45  0.5103 -0.200E-01      -3417.13  0.4182  0.144E-03      -1520.12  0.4806  0.930E-02      -1031.15  0.5130 -0.682E-02      -1545.86  0.4794 -0.109E-02
         90.0167    -1735.17  0.5103 -0.200E-01      -3417.13  0.4182  0.144E-03      -1520.12  0.4806  0.930E-02      -1031.15  0.5130 -0.682E-02      -1545.86  0.4794 -0.110E-02
         90.0218    -1734.79  0.5103 -0.200E-01      -3417.12  0.4182  0.144E-03      -1520.12  0.4806  0.930E-02      -1031.16  0.5130 -0.682E-02      -1545.86  0.4794 -0.111E-02
         90.0285    -1734.31  0.5103 -0.200E-01      -3417.12  0.4182  0.143E-03      -1520.12  0.4806  0.930E-02      -1031.16  0.5130 -0.682E-02      -1545.87  0.4794 -0.110E-02
         90.0372    -1733.68  0.5103 -0.200E-01      -3417.11  0.4182  0.143E-03      -1520.12  0.4806  0.930E-02      -1031.16  0.5130 -0.682E-02      -1545.87  0.4794 -0.109E-02
         90.0484    -1732.87  0.5104 -0.200E-01      -3417.10  0.4182  0.143E-03      -1520.12  0.4806  0.930E-02      -1031.17  0.5130 -0.682E-02      -1545.88  0.4794 -0.109E-02
         90.0630    -1731.82  0.5104 -0.200E-01      -3417.08  0.4182  0.142E-03      -1520.12  0.4806  0.930E-02      -1031.18  0.5130 -0.682E-02      -1545.88  0.4794 -0.110E-02
         90.0820    -1730.47  0.5105 -0.200E-01      -3417.06  0.4182  0.142E-03      -1520.12  0.4806  0.930E-02      -1031.19  0.5130 -0.682E-02      -1545.89  0.4794 -0.110E-02
         90.1067    -1728.73  0.5106 -0.200E-01      -3417.04  0.4182  0.141E-03      -1520.11  0.4806  0.930E-02      -1031.21  0.5130 -0.682E-02      -1545.90  0.4794 -0.110E-02
         90.1388    -1726.49  0.5107 -0.200E-01      -3417.01  0.4182  0.140E-03      -1520.11  0.4806  0.930E-02      -1031.23  0.5130 -0.681E-02      -1545.92  0.4794 -0.110E-02
         90.1806    -1723.63  0.5108 -0.200E-01      -3416.96  0.4182  0.139E-03      -1520.11  0.4806  0.930E-02      -1031.26  0.5130 -0.681E-02      -1545.94  0.4794 -0.110E-02
         90.2349    -1719.97  0.5110 -0.200E-01      -3416.91  0.4182  0.137E-03      -1520.11  0.4806  0.929E-02      -1031.29  0.5130 -0.681E-02      -1545.96  0.4794 -0.110E-02
         90.3054    -1715.35  0.5112 -0.200E-01      -3416.84  0.4182  0.135E-03      -1520.10  0.4806  0.929E-02      -1031.34  0.5130 -0.681E-02      -1546.00  0.4794 -0.110E-02
         90.3972    -1709.54  0.5115 -0.200E-01      -3416.74  0.4182  0.132E-03      -1520.10  0.4806  0.929E-02      -1031.40  0.5130 -0.680E-02      -1546.04  0.4794 -0.110E-02
         90.5164    -1702.30  0.5118 -0.200E-01      -3416.62  0.4182  0.128E-03      -1520.10  0.4806  0.928E-02      -1031.48  0.5130 -0.680E-02      -1546.09  0.4794 -0.110E-02
         90.6715    -1693.39  0.5123 -0.200E-01      -3416.45  0.4182  0.124E-03      -1520.09  0.4806  0.928E-02      -1031.58  0.5130 -0.679E-02      -1546.17  0.4794 -0.110E-02
         90.8730    -1682.58  0.5128 -0.200E-01      -3416.23  0.4182  0.117E-03      -1520.08  0.4806  0.927E-02      -1031.71  0.5130 -0.678E-02      -1546.26  0.4794 -0.110E-02
         91.1350    -1669.72  0.5134 -0.200E-01      -3415.93  0.4182  0.109E-03      -1520.07  0.4806  0.926E-02      -1031.89  0.5130 -0.677E-02      -1546.38  0.4794 -0.110E-02
         91.4756    -1654.75  0.5141 -0.200E-01      -3415.53  0.4182  0.981E-04      -1520.06  0.4806  0.925E-02      -1032.11  0.5130 -0.675E-02      -1546.53  0.4794 -0.110E-02
         91.9184    -1637.74  0.5149 -0.200E-01      -3414.98  0.4182  0.839E-04      -1520.05  0.4806  0.923E-02      -1032.40  0.5129 -0.673E-02      -1546.74  0.4794 -0.110E-02
         92.4940    -1618.97  0.5158 -0.200E-01      -3414.23  0.4182  0.650E-04      -1520.04  0.4806  0.921E-02      -1032.79  0.5129 -0.670E-02      -1547.00  0.4794 -0.110E-02
         93.2446    -1598.77  0.5168 -0.200E-01      -3413.18  0.4183  0.400E-04      -1520.03  0.4806  0.918E-02      -1033.28  0.5129 -0.667E-02      -1547.34  0.4794 -0.110E-02
         94.2096    -1577.85  0.5178 -0.200E-01      -3411.71  0.4183  0.711E-05      -1520.03  0.4806  0.915E-02      -1033.93  0.5128 -0.662E-02      -1547.77  0.4793 -0.110E-02
         95.3677    -1557.71  0.5188 -0.200E-01      -3409.78  0.4183 -0.333E-04      -1520.04  0.4806  0.911E-02      -1034.70  0.5128 -0.657E-02      -1548.29  0.4793 -0.109E-02
         96.9118    -1536.66  0.5198 -0.200E-01      -3406.91  0.4184 -0.885E-04      -1520.07  0.4806  0.905E-02      -1035.73  0.5127 -0.650E-02      -1548.97  0.4793 -0.109E-02
        100.0000    -1509.19  0.5213 -0.200E-01      -3400.04  0.4185 -0.203E-03      -1520.23  0.4806  0.894E-02      -1037.81  0.5125 -0.637E-02      -1550.30  0.4792 -0.109E-02
        100.0001    -1507.58  0.5213 -0.872E-02      -3400.15  0.4185 -0.202E-03      -1520.22  0.4806  0.894E-02      -1037.81  0.5125 -0.637E-02      -1550.31  0.4792 -0.990E-03
        100.0002    -1507.99  0.5213 -0.107E-01      -3400.12  0.4185 -0.202E-03      -1520.22  0.4806  0.894E-02      -1037.81  0.5125 -0.637E-02      -1550.30  0.4792 -0.990E-03
        100.0004    -1507.66  0.5213 -0.106E-01      -3400.14  0.4185 -0.202E-03      -1520.22  0.4806  0.894E-02      -1037.81  0.5125 -0.637E-02      -1550.30  0.4792 -0.990E-03
        100.0006    -1507.81  0.5213 -0.950E-02      -3400.14  0.4185 -0.202E-03      -1520.22  0.4806  0.894E-02      -1037.81  0.5125 -0.637E-02      -1550.30  0.4792 -0.990E-03
        100.0009    -1507.73  0.5213 -0.103E-01      -3400.14  0.4185 -0.202E-03      -1520.22  0.4806  0.894E-02      -1037.81  0.5125 -0.637E-02      -1550.30  0.4792 -0.991E-03
        100.0013    -1507.78  0.5213 -0.961E-02      -3400.14  0.4185 -0.202E-03      -1520.22  0.4806  0.894E-02      -1037.81  0.5125 -0.637E-02      -1550.30  0.4792 -0.990E-03
        100.0018    -1507.77  0.5213 -0.102E-01      -3400.14  0.4185 -0.202E-03      -1520.22  0.4806  0.894E-02      -1037.81  0.5125 -0.637E-02      -1550.31  0.4792 -0.991E-03
        100.0024    -1507.80  0.5213 -0.100E-01      -3400.14  0.4185 -0.202E-03      -1520.22  0.4806  0.894E-02      -1037.81  0.5125 -0.637E-02      -1550.30  0.4792 -0.990E-03
        100.0032    -1507.81  0.5213 -0.996E-02      -3400.13  0.4185 -0.203E-03      -1520.22  0.4806  0.894E-02      -1037.81  0.5125 -0.637E-02      -1550.31  0.4792 -0.117E-02
        100.0043    -1507.84  0.5213 -0.100E-01      -3400.13  0.4185 -0.203E-03      -1520.22  0.4806  0.894E-02      -1037.81  0.5125 -0.637E-02      -1550.31  0.4792 -0.113E-02
        100.0056    -1507.87  0.5213 -0.101E-01      -3400.13  0.4185 -0.203E-03      -1520.22  0.4806  0.894E-02      -1037.81  0.5125 -0.637E-02      -1550.31  0.4792 -0.110E-02
        100.0074    -1507.92  0.5213 -0.997E-02      -3400.12  0.4185 -0.203E-03      -1520.22  0.4806  0.894E-02      -1037.81  0.5125 -0.637E-02      -1550.31  0.4792 -0.107E-02
        100.0098    -1507.97  0.5213 -0.994E-02      -3400.12  0.4185 -0.203E-03      -1520.22  0.4806  0.894E-02      -1037.81  0.5125 -0.637E-02      -1550.31  0.4792 -0.112E-02
        100.0128    -1508.05  0.5213 -0.100E-01      -3400.11  0.4185 -0.203E-03      -1520.22  0.4806  0.894E-02      -1037.81  0.5125 -0.637E-02      -1550.31  0.4792 -0.109E-02
        100.0167    -1508.14  0.5213 -0.100E-01      -3400.10  0.4185 -0.203E-03      -1520.22  0.4806  0.894E-02      -1037.82  0.5125 -0.637E-02      -1550.31  0.4792 -0.110E-02
        100.0218    -1508.27  0.5213 -0.100E-01      -3400.09  0.4185 -0.203E-03      -1520.22  0.4806  0.894E-02      -1037.82  0.5125 -0.637E-02      -1550.31  0.4792 -0.111E-02
        100.0285    -1508.43  0.5213 -0.100E-01      -3400.08  0.4185 -0.203E-03      -1520.22  0.4806  0.894E-02      -1037.82  0.5125 -0.637E-02      -1550.32  0.4792 -0.110E-02
        100.0372    -1508.64  0.5213 -0.100E-01      -3400.06  0.4185 -0.204E-03      -1520.22  0.4806  0.894E-02      -1037.83  0.5125 -0.637E-02      -1550.32  0.4792 -0.109E-02
        100.0484    -1508.91  0.5212 -0.100E-01      -3400.03  0.4185 -0.204E-03      -1520.22  0.4806  0.894E-02      -1037.84  0.5125 -0.637E-02      -1550.33  0.4792 -0.110E-02
        100.0630    -1509.26  0.5212 -0.100E-01      -3400.00  0.4185 -0.205E-03      -1520.23  0.4806  0.894E-02      -1037.85  0.5125 -0.636E-02      -1550.33  0.4792 -0.109E-02
        100.0820    -1509.72  0.5212 -0.100E-01      -3399.96  0.4185 -0.205E-03      -1520.23  0.4806  0.894E-02      -1037.86  0.5125 -0.636E-02      -1550.34  0.4792 -0.109E-02
        100.1067    -1510.30  0.5212 -0.100E-01      -3399.90  0.4185 -0.206E-03      -1520.23  0.4806  0.894E-02      -1037.88  0.5125 -0.636E-02      -1550.35  0.4792 -0.109E-02
        100.1388    -1511.04  0.5211 -0.100E-01      -3399.83  0.4185 -0.208E-03      -1520.23  0.4806  0.894E-02      -1037.90  0.5125 -0.636E-02      -1550.37  0.4792 -0.109E-02
        100.1806    -1511.99  0.5210 -0.100E-01      -3399.74  0.4185 -0.209E-03      -1520.23  0.4806  0.894E-02      -1037.93  0.5125 -0.636E-02      -1550.38  0.4792 -0.109E-02
        100.2349    -1513.19  0.5210 -0.100E-01      -3399.62  0.4185 -0.211E-03      -1520.23  0.4806  0.894E-02      -1037.96  0.5125 -0.636E-02      -1550.41  0.4792 -0.109E-02
        100.3054    -1514.70  0.5209 -0.100E-01      -3399.46  0.4185 -0.214E-03      -1520.24  0.4806  0.893E-02      -1038.01  0.5125 -0.635E-02      -1550.44  0.4792 -0.109E-02
        100.3972    -1516.59  0.5208 -0.100E-01      -3399.25  0.4186 -0.217E-03      -1520.24  0.4806  0.893E-02      -1038.07  0.5125 -0.635E-02      -1550.48  0.4792 -0.109E-02
        100.5164    -1518.91  0.5206 -0.100E-01      -3398.98  0.4186 -0.222E-03      -1520.25  0.4806  0.893E-02      -1038.15  0.5125 -0.635E-02      -1550.53  0.4792 -0.109E-02
        100.6715    -1522.31  0.5204 -0.100E-01      -3398.63  0.4186 -0.227E-03      -1520.26  0.4806  0.892E-02      -1038.26  0.5125 -0.634E-02      -1550.60  0.4792 -0.109E-02
        100.8730    -1526.60  0.5202 -0.100E-01      -3398.17  0.4186 -0.235E-03      -1520.27  0.4806  0.891E-02      -1038.39  0.5125 -0.633E-02      -1550.68  0.4792 -0.109E-02
        101.1350    -1531.57  0.5200 -0.100E-01      -3397.55  0.4186 -0.245E-03      -1520.28  0.4806  0.890E-02      -1038.57  0.5125 -0.632E-02      -1550.79  0.4792 -0.109E-02
        101.4756    -1537.20  0.5197 -0.100E-01      -3396.75  0.4186 -0.258E-03      -1520.30  0.4806  0.889E-02      -1038.80  0.5124 -0.631E-02      -1550.94  0.4792 -0.109E-02
        101.9184    -1543.36  0.5194 -0.100E-01      -3395.67  0.4186 -0.275E-03      -1520.33  0.4806  0.888E-02      -1039.10  0.5124 -0.629E-02      -1551.13  0.4792 -0.109E-02
        102.4940    -1549.91  0.5191 -0.100E-01      -3394.24  0.4187 -0.296E-03      -1520.37  0.4806  0.886E-02      -1039.48  0.5124 -0.626E-02      -1551.37  0.4792 -0.109E-02
        103.2446    -1556.67  0.5188 -0.100E-01      -3392.31  0.4187 -0.325E-03      -1520.43  0.4806  0.883E-02      -1039.99  0.5124 -0.623E-02      -1551.69  0.4792 -0.109E-02
        104.2096    -1563.41  0.5185 -0.100E-01      -3389.74  0.4188 -0.362E-03      -1520.51  0.4806  0.880E-02      -1040.64  0.5123 -0.619E-02      -1552.10  0.4791 -0.109E-02
        105.3677    -1569.64  0.5182 -0.100E-01      -3386.51  0.4188 -0.407E-03      -1520.62  0.4806  0.876E-02      -1041.42  0.5122 -0.615E-02      -1552.58  0.4791 -0.109E-02
        106.9118    -1575.87  0.5179 -0.100E-01      -3381.98  0.4189 -0.466E-03      -1520.78  0.4806  0.871E-02      -1042.46  0.5122 -0.609E-02      -1553.22  0.4791 -0.109E-02
        110.0000    -1584.05  0.5175 -0.100E-01      -3372.10  0.4191 -0.583E-03      -1521.16  0.4806  0.860E-02      -1044.55  0.5120 -0.597E-02      -1554.48  0.4790 -0.109E-02
        112.5000    -1653.58  0.5144 -0.191E-07      -3363.70  0.4193 -0.676E-03      -1521.51  0.4806  0.852E-02      -1046.23  0.5119 -0.588E-02      -1555.49  0.4790 -0.109E-02
        116.2500    -1706.50  0.5114  0.121E-07      -3350.13  0.4196 -0.811E-03      -1522.12  0.4805  0.840E-02      -1048.76  0.5117 -0.575E-02      -1556.96  0.4789 -0.108E-02
        120.0000    -1753.93  0.5094  0.244E-07      -3335.89  0.4199 -0.943E-03      -1522.80  0.4805  0.828E-02      -1051.27  0.5115 -0.562E-02      -1558.41  0.4788 -0.108E-02
        120.0001    -1754.51  0.5094 -0.865E-02      -3335.95  0.4199 -0.943E-03      -1522.80  0.4805  0.828E-02      -1051.27  0.5115 -0.562E-02      -1558.42  0.4788 -0.991E-03
        120.0002    -1754.37  0.5094 -0.958E-02      -3335.93  0.4199 -0.943E-03      -1522.80  0.4805  0.828E-02      -1051.27  0.5115 -0.562E-02      -1558.42  0.4788 -0.991E-03
        120.0004    -1754.47  0.5094 -0.975E-02      -3335.95  0.4199 -0.943E-03      -1522.80  0.4805  0.828E-02      -1051.27  0.5115 -0.562E-02      -1558.42  0.4788 -0.991E-03
        120.0006    -1754.42  0.5094 -0.948E-02      -3335.94  0.4199 -0.943E-03      -1522.80  0.4805  0.828E-02      -1051.27  0.5115 -0.562E-02      -1558.42  0.4788 -0.991E-03
        120.0009    -1754.44  0.5094 -0.100E-01      -3335.94  0.4199 -0.943E-03      -1522.80  0.4805  0.828E-02      -1051.27  0.5115 -0.562E-02      -1558.42  0.4788 -0.991E-03
        120.0013    -1754.42  0.5094 -0.992E-02      -3335.94  0.4199 -0.943E-03      -1522.80  0.4805  0.828E-02      -1051.27  0.5115 -0.562E-02      -1558.42  0.4788 -0.991E-03
        120.0018    -1754.41  0.5094 -0.101E-01      -3335.94  0.4199 -0.943E-03      -1522.80  0.4805  0.828E-02      -1051.27  0.5115 -0.562E-02      -1558.42  0.4788 -0.991E-03
        120.0024    -1754.39  0.5094 -0.983E-02      -3335.93  0.4199 -0.943E-03      -1522.80  0.4805  0.828E-02      -1051.27  0.5115 -0.562E-02      -1558.42  0.4788 -0.991E-03
        120.0032    -1754.36  0.5094 -0.100E-01      -3335.93  0.4199 -0.943E-03      -1522.80  0.4805  0.828E-02      -1051.27  0.5115 -0.562E-02      -1558.42  0.4788 -0.991E-03
        120.0043    -1754.33  0.5094 -0.100E-01      -3335.93  0.4199 -0.943E-03      -1522.80  0.4805  0.828E-02      -1051.27  0.5115 -0.562E-02      -1558.42  0.4788 -0.113E-02
        120.0056    -1754.29  0.5094 -0.101E-01      -3335.92  0.4199 -0.943E-03      -1522.80  0.4805  0.828E-02      -1051.28  0.5115 -0.562E-02      -1558.42  0.4788 -0.110E-02
        120.0074    -1754.23  0.5094 -0.100E-01      -3335.91  0.4199 -0.943E-03      -1522.80  0.4805  0.828E-02      -1051.28  0.5115 -0.562E-02      -1558.42  0.4788 -0.107E-02
        120.0098    -1754.16  0.5094 -0.100E-01      -3335.91  0.4199 -0.944E-03      -1522.80  0.4805  0.828E-02      -1051.28  0.5115 -0.562E-02      -1558.42  0.4788 -0.106E-02
        120.0128    -1754.07  0.5094 -0.100E-01      -3335.89  0.4199 -0.944E-03      -1522.80  0.4805  0.828E-02      -1051.28  0.5115 -0.562E-02      -1558.42  0.4788 -0.109E-02
        120.0167    -1753.95  0.5094 -0.100E-01      -3335.88  0.4199 -0.944E-03      -1522.80  0.4805  0.828E-02      -1051.28  0.5115 -0.562E-02      -1558.42  0.4788 -0.107E-02
        120.0218    -1753.79  0.5094 -0.998E-02      -3335.86  0.4199 -0.944E-03      -1522.80  0.4805  0.828E-02      -1051.29  0.5115 -0.562E-02      -1558.42  0.4788 -0.108E-02
        120.0285    -1753.59  0.5094 -0.999E-02      -3335.83  0.4199 -0.944E-03      -1522.80  0.4805  0.828E-02      -1051.29  0.5115 -0.562E-02      -1558.43  0.4788 -0.108E-02
        120.0372    -1753.33  0.5094 -0.100E-01      -3335.80  0.4199 -0.944E-03      -1522.80  0.4805  0.828E-02      -1051.30  0.5115 -0.562E-02      -1558.43  0.4788 -0.108E-02
        120.0484    -1753.00  0.5094 -0.999E-02      -3335.76  0.4199 -0.945E-03      -1522.81  0.4805  0.828E-02      -1051.30  0.5115 -0.562E-02      -1558.43  0.4788 -0.108E-02
        120.0630    -1752.56  0.5094 -0.100E-01      -3335.70  0.4199 -0.945E-03      -1522.81  0.4805  0.828E-02      -1051.31  0.5115 -0.562E-02      -1558.44  0.4788 -0.108E-02
        120.0820    -1752.00  0.5095 -0.999E-02      -3335.63  0.4199 -0.946E-03      -1522.81  0.4805  0.828E-02      -1051.33  0.5115 -0.562E-02      -1558.45  0.4788 -0.109E-02
        120.1067    -1751.28  0.5095 -0.100E-01      -3335.53  0.4199 -0.947E-03      -1522.82  0.4805  0.828E-02      -1051.34  0.5115 -0.562E-02      -1558.46  0.4788 -0.108E-02
        120.1388    -1750.35  0.5095 -0.100E-01      -3335.41  0.4199 -0.948E-03      -1522.82  0.4805  0.828E-02      -1051.36  0.5115 -0.562E-02      -1558.47  0.4788 -0.108E-02
        120.1806    -1749.16  0.5096 -0.100E-01      -3335.25  0.4199 -0.950E-03      -1522.83  0.4805  0.828E-02      -1051.39  0.5115 -0.562E-02      -1558.48  0.4788 -0.108E-02
        120.2349    -1747.66  0.5097 -0.100E-01      -3335.04  0.4199 -0.951E-03      -1522.84  0.4805  0.827E-02      -1051.43  0.5115 -0.561E-02      -1558.51  0.4788 -0.108E-02
        120.3054    -1745.75  0.5098 -0.100E-01      -3334.77  0.4199 -0.954E-03      -1522.85  0.4805  0.827E-02      -1051.48  0.5115 -0.561E-02      -1558.53  0.4788 -0.108E-02
        120.3972    -1743.37  0.5099 -0.100E-01      -3334.42  0.4199 -0.957E-03      -1522.87  0.4805  0.827E-02      -1051.54  0.5115 -0.561E-02      -1558.57  0.4788 -0.108E-02
        120.5164    -1740.41  0.5100 -0.100E-01      -3333.97  0.4199 -0.961E-03      -1522.89  0.4805  0.826E-02      -1051.62  0.5115 -0.561E-02      -1558.61  0.4788 -0.108E-02
        120.6715    -1736.79  0.5102 -0.100E-01      -3333.37  0.4199 -0.967E-03      -1522.92  0.4805  0.826E-02      -1051.72  0.5115 -0.560E-02      -1558.67  0.4788 -0.108E-02
        120.8730    -1732.42  0.5104 -0.100E-01      -3332.59  0.4200 -0.974E-03      -1522.96  0.4805  0.825E-02      -1051.86  0.5114 -0.559E-02      -1558.75  0.4788 -0.108E-02
        121.1350    -1727.28  0.5107 -0.100E-01      -3331.58  0.4200 -0.983E-03      -1523.01  0.4805  0.825E-02      -1052.03  0.5114 -0.559E-02      -1558.85  0.4788 -0.108E-02
        121.4756    -1721.35  0.5109 -0.100E-01      -3330.26  0.4200 -0.995E-03      -1523.07  0.4805  0.823E-02      -1052.26  0.5114 -0.557E-02      -1558.98  0.4788 -0.108E-02
        121.9184    -1714.71  0.5113 -0.100E-01      -3328.53  0.4201 -0.101E-02      -1523.15  0.4805  0.822E-02      -1052.56  0.5114 -0.556E-02      -1559.15  0.4788 -0.108E-02
        122.4940    -1707.52  0.5116 -0.100E-01      -3326.26  0.4201 -0.103E-02      -1523.27  0.4805  0.820E-02      -1052.94  0.5114 -0.554E-02      -1559.37  0.4788 -0.108E-02
        123.2446    -1699.99  0.5120 -0.100E-01      -3323.28  0.4202 -0.106E-02      -1523.41  0.4805  0.818E-02      -1053.44  0.5113 -0.552E-02      -1559.66  0.4788 -0.108E-02
        124.2096    -1692.46  0.5123 -0.100E-01      -3319.41  0.4202 -0.109E-02      -1523.61  0.4805  0.815E-02      -1054.09  0.5113 -0.549E-02      -1560.02  0.4788 -0.108E-02
        125.3677    -1685.54  0.5127 -0.100E-01      -3314.71  0.4203 -0.113E-02      -1523.85  0.4805  0.812E-02      -1054.86  0.5112 -0.545E-02      -1560.46  0.4787 -0.108E-02
        126.9118    -1678.76  0.5130 -0.100E-01      -3308.35  0.4205 -0.118E-02      -1524.17  0.4805  0.807E-02      -1055.89  0.5111 -0.540E-02      -1561.04  0.4787 -0.108E-02
        130.0000    -1670.08  0.5134 -0.100E-01      -3295.32  0.4208 -0.128E-02      -1524.86  0.4804  0.798E-02      -1057.93  0.5110 -0.531E-02      -1562.17  0.4787 -0.108E-02
        132.5000    -1731.29  0.5108 -0.400E-07      -3284.69  0.4210 -0.135E-02      -1525.44  0.4804  0.791E-02      -1059.58  0.5108 -0.524E-02      -1563.08  0.4786 -0.108E-02
        136.2500    -1774.79  0.5082 -0.582E-08      -3268.56  0.4213 -0.145E-02      -1526.35  0.4803  0.780E-02      -1062.05  0.5107 -0.513E-02      -1564.42  0.4786 -0.108E-02
        140.0000    -1815.53  0.5064 -0.815E-08      -3252.36  0.4217 -0.155E-02      -1527.31  0.4803  0.770E-02      -1064.49  0.5105 -0.503E-02      -1565.73  0.4785 -0.107E-02
        145.0000    -1852.41  0.5046  0.343E-07      -3230.67  0.4221 -0.167E-02      -1528.65  0.4802  0.757E-02      -1067.72  0.5102 -0.491E-02      -1567.45  0.4784 -0.107E-02
        150.0000    -1885.49  0.5031 -0.247E-07      -3209.00  0.4226 -0.177E-02      -1530.07  0.4802  0.744E-02      -1070.93  0.5100 -0.478E-02      -1569.13  0.4783 -0.107E-02
        155.0000    -1914.61  0.5017  0.182E-07      -3187.42  0.4231 -0.187E-02      -1531.54  0.4801  0.732E-02      -1074.10  0.5097 -0.467E-02      -1570.78  0.4783 -0.107E-02
        160.0000    -1946.94  0.5005  0.300E-07      -3166.20  0.4235 -0.196E-02      -1533.06  0.4800  0.721E-02      -1077.24  0.5095 -0.456E-02      -1572.39  0.4782 -0.107E-02
        170.0000    -1998.32  0.4986 -0.518E-08      -3126.58  0.4243 -0.206E-02      -1536.26  0.4799  0.699E-02      -1083.39  0.5090 -0.435E-02      -1575.47  0.4780 -0.106E-02
        180.0000    -2042.95  0.4969  0.233E-09      -3088.37  0.4252 -0.215E-02      -1539.53  0.4797  0.678E-02      -1089.42  0.5086 -0.416E-02      -1578.45  0.4779 -0.106E-02
        190.0000    -2081.28  0.4955  0.751E-08      -3052.62  0.4259 -0.221E-02      -1542.87  0.4796  0.658E-02      -1095.33  0.5081 -0.399E-02      -1581.30  0.4778 -0.105E-02
        200.0000    -2115.29  0.4943 -0.355E-08      -3022.96  0.4268 -0.226E-02      -1546.25  0.4794  0.639E-02      -1101.12  0.5077 -0.383E-02      -1584.03  0.4776 -0.105E-02
        200.0001    -2115.70  0.4943 -0.956E-02      -3022.28  0.4268 -0.226E-02      -1546.24  0.4794  0.639E-02      -1101.13  0.5077 -0.383E-02      -1584.04  0.4776 -0.986E-03
        200.0002    -2115.60  0.4943 -0.979E-02      -3022.46  0.4268 -0.226E-02      -1546.24  0.4794  0.639E-02      -1101.13  0.5077 -0.383E-02      -1584.04  0.4776 -0.986E-03
        200.0004    -2115.66  0.4943 -0.103E-01      -3022.31  0.4268 -0.226E-02      -1546.24  0.4794  0.639E-02      -1101.13  0.5077 -0.383E-02      -1584.04  0.4776 -0.986E-03
        200.0006    -2115.63  0.4943 -0.101E-01      -3022.37  0.4268 -0.226E-02      -1546.24  0.4794  0.639E-02      -1101.13  0.5077 -0.383E-02      -1584.04  0.4776 -0.986E-03
        200.0009    -2115.62  0.4943 -0.100E-01      -3022.34  0.4268 -0.226E-02      -1546.24  0.4794  0.639E-02      -1101.13  0.5077 -0.383E-02      -1584.04  0.4776 -0.986E-03
        200.0013    -2115.60  0.4943 -0.985E-02      -3022.35  0.4268 -0.226E-02      -1546.24  0.4794  0.639E-02      -1101.13  0.5077 -0.383E-02      -1584.04  0.4776 -0.986E-03
        200.0018    -2115.58  0.4943 -0.989E-02      -3022.34  0.4268 -0.226E-02      -1546.24  0.4794  0.639E-02      -1101.13  0.5077 -0.383E-02      -1584.04  0.4776 -0.986E-03
        200.0024    -2115.55  0.4943 -0.101E-01      -3022.34  0.4268 -0.226E-02      -1546.24  0.4794  0.639E-02      -1101.13  0.5077 -0.383E-02      -1584.04  0.4776 -0.986E-03
        200.0032    -2115.50  0.4943 -0.994E-02      -3022.34  0.4268 -0.226E-02      -1546.24  0.4794  0.639E-02      -1101.13  0.5077 -0.383E-02      -1584.04  0.4776 -0.986E-03
        200.0043    -2115.45  0.4943 -0.100E-01      -3022.34  0.4268 -0.226E-02      -1546.24  0.4794  0.639E-02      -1101.13  0.5077 -0.383E-02      -1584.04  0.4776 -0.986E-03
        200.0056    -2115.38  0.4943 -0.100E-01      -3022.33  0.4268 -0.226E-02      -1546.24  0.4794  0.639E-02      -1101.13  0.5077 -0.383E-02      -1584.04  0.4776 -0.109E-02
        200.0074    -2115.29  0.4943 -0.100E-01      -3022.33  0.4268 -0.226E-02      -1546.24  0.4794  0.639E-02      -1101.14  0.5077 -0.383E-02      -1584.04  0.4776 -0.107E-02
        200.0098    -2115.17  0.4943 -0.998E-02      -3022.32  0.4268 -0.226E-02      -1546.24  0.4794  0.639E-02      -1101.14  0.5077 -0.383E-02      -1584.04  0.4776 -0.105E-02
        200.0128    -2115.01  0.4943 -0.100E-01      -3022.31  0.4268 -0.226E-02      -1546.24  0.4794  0.639E-02      -1101.14  0.5077 -0.383E-02      -1584.05  0.4776 -0.104E-02
        200.0167    -2114.81  0.4943 -0.100E-01      -3022.30  0.4268 -0.226E-02      -1546.25  0.4794  0.639E-02      -1101.14  0.5077 -0.383E-02      -1584.05  0.4776 -0.106E-02
        200.0218    -2114.55  0.4943 -0.999E-02      -3022.29  0.4268 -0.226E-02      -1546.25  0.4794  0.639E-02      -1101.14  0.5077 -0.383E-02      -1584.05  0.4776 -0.104E-02
        200.0285    -2114.21  0.4943 -0.100E-01      -3022.27  0.4268 -0.226E-02      -1546.25  0.4794  0.639E-02      -1101.15  0.5077 -0.383E-02      -1584.05  0.4776 -0.105E-02
        200.0372    -2113.78  0.4944 -0.100E-01      -3022.24  0.4268 -0.226E-02      -1546.25  0.4794  0.639E-02      -1101.15  0.5077 -0.383E-02      -1584.05  0.4776 -0.106E-02
        200.0484    -2113.21  0.4944 -0.100E-01      -3022.21  0.4268 -0.226E-02      -1546.26  0.4794  0.639E-02      -1101.16  0.5077 -0.383E-02      -1584.06  0.4776 -0.105E-02
        200.0630    -2112.48  0.4944 -0.100E-01      -3022.17  0.4268 -0.226E-02      -1546.26  0.4794  0.639E-02      -1101.17  0.5077 -0.383E-02      -1584.06  0.4776 -0.105E-02
        200.0820    -2111.53  0.4944 -0.100E-01      -3022.11  0.4268 -0.226E-02      -1546.27  0.4794  0.639E-02      -1101.18  0.5077 -0.383E-02      -1584.06  0.4776 -0.105E-02
        200.1067    -2110.30  0.4945 -0.100E-01      -3022.04  0.4268 -0.226E-02      -1546.28  0.4794  0.639E-02      -1101.19  0.5077 -0.383E-02      -1584.07  0.4776 -0.105E-02
        200.1388    -2108.72  0.4945 -0.100E-01      -3021.94  0.4268 -0.226E-02      -1546.29  0.4794  0.639E-02      -1101.21  0.5077 -0.382E-02      -1584.08  0.4776 -0.105E-02
        200.1806    -2106.69  0.4946 -0.100E-01      -3021.82  0.4268 -0.226E-02      -1546.30  0.4794  0.639E-02      -1101.23  0.5077 -0.382E-02      -1584.09  0.4776 -0.105E-02
        200.2349    -2104.09  0.4947 -0.100E-01      -3021.66  0.4268 -0.226E-02      -1546.32  0.4794  0.639E-02      -1101.27  0.5077 -0.382E-02      -1584.11  0.4776 -0.105E-02
        200.3054    -2100.78  0.4948 -0.100E-01      -3021.45  0.4268 -0.226E-02      -1546.34  0.4794  0.639E-02      -1101.31  0.5077 -0.382E-02      -1584.13  0.4776 -0.105E-02
        200.3972    -2096.57  0.4950 -0.100E-01      -3021.18  0.4268 -0.226E-02      -1546.37  0.4794  0.638E-02      -1101.36  0.5076 -0.382E-02      -1584.15  0.4776 -0.105E-02
        200.5164    -2091.28  0.4952 -0.100E-01      -3020.82  0.4268 -0.226E-02      -1546.41  0.4794  0.638E-02      -1101.43  0.5076 -0.382E-02      -1584.18  0.4776 -0.105E-02
        200.6715    -2084.68  0.4954 -0.100E-01      -3020.36  0.4268 -0.226E-02      -1546.47  0.4794  0.638E-02      -1101.52  0.5076 -0.382E-02      -1584.23  0.4776 -0.105E-02
        200.8730    -2076.53  0.4957 -0.100E-01      -3019.76  0.4268 -0.226E-02      -1546.54  0.4794  0.638E-02      -1101.63  0.5076 -0.381E-02      -1584.28  0.4776 -0.105E-02
        201.1350    -2066.60  0.4961 -0.100E-01      -3018.98  0.4269 -0.227E-02      -1546.62  0.4794  0.637E-02      -1101.79  0.5076 -0.381E-02      -1584.35  0.4776 -0.105E-02
        201.4756    -2054.72  0.4965 -0.100E-01      -3017.96  0.4269 -0.227E-02      -1546.74  0.4794  0.636E-02      -1101.98  0.5076 -0.380E-02      -1584.44  0.4776 -0.105E-02
        201.9184    -2040.75  0.4970 -0.100E-01      -3016.64  0.4269 -0.227E-02      -1546.89  0.4794  0.636E-02      -1102.24  0.5076 -0.380E-02      -1584.57  0.4776 -0.105E-02
        202.4940    -2024.68  0.4976 -0.100E-01      -3014.91  0.4270 -0.227E-02      -1547.08  0.4794  0.635E-02      -1102.57  0.5076 -0.379E-02      -1584.72  0.4776 -0.105E-02
        203.2446    -2006.57  0.4983 -0.100E-01      -3012.66  0.4270 -0.227E-02      -1547.34  0.4794  0.633E-02      -1103.00  0.5075 -0.378E-02      -1584.92  0.4776 -0.105E-02
        204.2096    -1986.85  0.4990 -0.100E-01      -3009.76  0.4271 -0.227E-02      -1547.67  0.4793  0.631E-02      -1103.55  0.5075 -0.376E-02      -1585.18  0.4776 -0.105E-02
        205.3677    -1966.95  0.4998 -0.100E-01      -3006.29  0.4272 -0.228E-02      -1548.06  0.4793  0.629E-02      -1104.22  0.5074 -0.374E-02      -1585.49  0.4776 -0.105E-02
        206.9118    -1945.13  0.5006 -0.100E-01      -3001.67  0.4273 -0.228E-02      -1548.58  0.4793  0.627E-02      -1105.10  0.5074 -0.372E-02      -1585.90  0.4775 -0.105E-02
        210.0000    -1913.57  0.5018 -0.100E-01      -2992.56  0.4276 -0.228E-02      -1549.63  0.4792  0.621E-02      -1106.85  0.5072 -0.367E-02      -1586.71  0.4775 -0.105E-02
        212.5000    -1978.47  0.4996  0.745E-08      -2985.27  0.4278 -0.228E-02      -1550.48  0.4792  0.617E-02      -1108.26  0.5071 -0.364E-02      -1587.36  0.4775 -0.105E-02
        216.2500    -2021.08  0.4976  0.277E-07      -2974.57  0.4281 -0.228E-02      -1551.76  0.4791  0.610E-02      -1110.35  0.5070 -0.358E-02      -1588.32  0.4774 -0.105E-02
        220.0000    -2058.22  0.4964  0.966E-08      -2964.49  0.4284 -0.229E-02      -1553.04  0.4791  0.604E-02      -1112.44  0.5068 -0.353E-02      -1589.27  0.4774 -0.104E-02
end
