 ******* Program HYDRUS
 ******* 
 Welcome to HYDRUS-1D                                                    
 Date:  25. 9.    Time:  14:23:21
 Units: L = mm   , T = min  , M = mmol 

----------------------------------------------------------
 Time       [T]       10.0000
----------------------------------------------------------
 Sub-region num.                     1            2
----------------------------------------------------------
 Length   [L]        0.10000E+04  0.10000E+04  0.00000E+00
 W-volume [L]        0.47268E+03  0.47268E+03  0.00000E+00
 In-flow  [L/T]      0.00000E+00  0.00000E+00  0.00000E+00
 h Mean   [L]       -0.21628E+04 -0.21628E+04  0.00000E+00
 Top Flux [L/T]     -0.20724E-04
 Bot Flux [L/T]      0.11063E-03
----------------------------------------------------------

----------------------------------------------------------
 Time       [T]       10.0010
----------------------------------------------------------
 Sub-region num.                     1            2
----------------------------------------------------------
 Length   [L]        0.10000E+04  0.10000E+04  0.00000E+00
 W-volume [L]        0.47268E+03  0.47268E+03  0.00000E+00
 In-flow  [L/T]      0.16403E+00  0.16403E+00  0.00000E+00
 h Mean   [L]       -0.21628E+04 -0.21628E+04  0.00000E+00
 Top Flux [L/T]     -0.28378E-04
 Bot Flux [L/T]      0.10980E-03
 WatBalT  [L]       -0.15782E-04
 WatBalR  [%]              6.007
----------------------------------------------------------

----------------------------------------------------------
 Time       [T]       20.0000
----------------------------------------------------------
 Sub-region num.                     1            2
----------------------------------------------------------
 Length   [L]        0.10000E+04  0.10000E+04  0.00000E+00
 W-volume [L]        0.47507E+03  0.47507E+03  0.00000E+00
 In-flow  [L/T]      0.23847E+00  0.23847E+00  0.00000E+00
 h Mean   [L]       -0.20240E+04 -0.20240E+04  0.00000E+00
 Top Flux [L/T]     -0.21105E+00
 Bot Flux [L/T]     -0.12190E-02
 WatBalT  [L]        0.32663E-04
 WatBalR  [%]              0.001
----------------------------------------------------------

----------------------------------------------------------
 Time       [T]       30.0000
----------------------------------------------------------
 Sub-region num.                     1            2
----------------------------------------------------------
 Length   [L]        0.10000E+04  0.10000E+04  0.00000E+00
 W-volume [L]        0.47545E+03  0.47545E+03  0.00000E+00
 In-flow  [L/T]      0.38489E-01  0.38489E-01  0.00000E+00
 h Mean   [L]       -0.19782E+04 -0.19782E+04  0.00000E+00
 Top Flux [L/T]     -0.43093E-01
 Bot Flux [L/T]     -0.12951E-02
 WatBalT  [L]        0.85115E-04
 WatBalR  [%]              0.002
----------------------------------------------------------

----------------------------------------------------------
 Time       [T]       40.0000
----------------------------------------------------------
 Sub-region num.                     1            2
----------------------------------------------------------
 Length   [L]        0.10000E+04  0.10000E+04  0.00000E+00
 W-volume [L]        0.47554E+03  0.47554E+03  0.00000E+00
 In-flow  [L/T]      0.85075E-02  0.85075E-02  0.00000E+00
 h Mean   [L]       -0.19570E+04 -0.19570E+04  0.00000E+00
 Top Flux [L/T]     -0.15123E-01
 Bot Flux [L/T]     -0.13199E-02
 WatBalT  [L]       -0.65565E-04
 WatBalR  [%]              0.001
----------------------------------------------------------

----------------------------------------------------------
 Time       [T]       50.0000
----------------------------------------------------------
 Sub-region num.                     1            2
----------------------------------------------------------
 Length   [L]        0.10000E+04  0.10000E+04  0.00000E+00
 W-volume [L]        0.47562E+03  0.47562E+03  0.00000E+00
 In-flow  [L/T]      0.85208E-02  0.85208E-02  0.00000E+00
 h Mean   [L]       -0.19426E+04 -0.19426E+04  0.00000E+00
 Top Flux [L/T]     -0.12699E-01
 Bot Flux [L/T]     -0.13298E-02
 WatBalT  [L]       -0.41246E-04
 WatBalR  [%]              0.001
----------------------------------------------------------

----------------------------------------------------------
 Time       [T]       60.0000
----------------------------------------------------------
 Sub-region num.                     1            2
----------------------------------------------------------
 Length   [L]        0.10000E+04  0.10000E+04  0.00000E+00
 W-volume [L]        0.47561E+03  0.47561E+03  0.00000E+00
 In-flow  [L/T]     -0.14684E-02 -0.14684E-02  0.00000E+00
 h Mean   [L]       -0.19341E+04 -0.19341E+04  0.00000E+00
 Top Flux [L/T]     -0.47355E-02
 Bot Flux [L/T]     -0.13336E-02
 WatBalT  [L]       -0.66757E-05
 WatBalR  [%]              0.000
----------------------------------------------------------

----------------------------------------------------------
 Time       [T]       70.0000
----------------------------------------------------------
 Sub-region num.                     1            2
----------------------------------------------------------
 Length   [L]        0.10000E+04  0.10000E+04  0.00000E+00
 W-volume [L]        0.47559E+03  0.47559E+03  0.00000E+00
 In-flow  [L/T]     -0.14563E-02 -0.14563E-02  0.00000E+00
 h Mean   [L]       -0.19276E+04 -0.19276E+04  0.00000E+00
 Top Flux [L/T]     -0.28878E-02
 Bot Flux [L/T]     -0.13346E-02
 WatBalT  [L]       -0.85354E-04
 WatBalR  [%]              0.001
----------------------------------------------------------

----------------------------------------------------------
 Time       [T]       80.0000
----------------------------------------------------------
 Sub-region num.                     1            2
----------------------------------------------------------
 Length   [L]        0.10000E+04  0.10000E+04  0.00000E+00
 W-volume [L]        0.47558E+03  0.47558E+03  0.00000E+00
 In-flow  [L/T]     -0.14473E-02 -0.14473E-02  0.00000E+00
 h Mean   [L]       -0.19227E+04 -0.19227E+04  0.00000E+00
 Top Flux [L/T]     -0.21859E-02
 Bot Flux [L/T]     -0.13334E-02
 WatBalT  [L]       -0.17166E-04
 WatBalR  [%]              0.000
----------------------------------------------------------

----------------------------------------------------------
 Time       [T]       90.0000
----------------------------------------------------------
 Sub-region num.                     1            2
----------------------------------------------------------
 Length   [L]        0.10000E+04  0.10000E+04  0.00000E+00
 W-volume [L]        0.47556E+03  0.47556E+03  0.00000E+00
 In-flow  [L/T]     -0.14379E-02 -0.14379E-02  0.00000E+00
 h Mean   [L]       -0.19183E+04 -0.19183E+04  0.00000E+00
 Top Flux [L/T]     -0.16392E-02
 Bot Flux [L/T]     -0.13316E-02
 WatBalT  [L]       -0.12159E-04
 WatBalR  [%]              0.000
----------------------------------------------------------

----------------------------------------------------------
 Time       [T]      100.0000
----------------------------------------------------------
 Sub-region num.                     1            2
----------------------------------------------------------
 Length   [L]        0.10000E+04  0.10000E+04  0.00000E+00
 W-volume [L]        0.47565E+03  0.47565E+03  0.00000E+00
 In-flow  [L/T]      0.85717E-02  0.85717E-02  0.00000E+00
 h Mean   [L]       -0.19106E+04 -0.19106E+04  0.00000E+00
 Top Flux [L/T]     -0.81079E-02
 Bot Flux [L/T]     -0.13294E-02
 WatBalT  [L]        0.69618E-04
 WatBalR  [%]              0.001
----------------------------------------------------------

----------------------------------------------------------
 Time       [T]      110.0000
----------------------------------------------------------
 Sub-region num.                     1            2
----------------------------------------------------------
 Length   [L]        0.10000E+04  0.10000E+04  0.00000E+00
 W-volume [L]        0.47564E+03  0.47564E+03  0.00000E+00
 In-flow  [L/T]     -0.14203E-02 -0.14203E-02  0.00000E+00
 h Mean   [L]       -0.19067E+04 -0.19067E+04  0.00000E+00
 Top Flux [L/T]     -0.23710E-02
 Bot Flux [L/T]     -0.13265E-02
 WatBalT  [L]        0.79870E-04
 WatBalR  [%]              0.001
----------------------------------------------------------

----------------------------------------------------------
 Time       [T]      120.0000
----------------------------------------------------------
 Sub-region num.                     1            2
----------------------------------------------------------
 Length   [L]        0.10000E+04  0.10000E+04  0.00000E+00
 W-volume [L]        0.47572E+03  0.47572E+03  0.00000E+00
 In-flow  [L/T]      0.85889E-02  0.85889E-02  0.00000E+00
 h Mean   [L]       -0.18995E+04 -0.18995E+04  0.00000E+00
 Top Flux [L/T]     -0.81552E-02
 Bot Flux [L/T]     -0.13234E-02
 WatBalT  [L]        0.82731E-04
 WatBalR  [%]              0.001
----------------------------------------------------------

----------------------------------------------------------
 Time       [T]      130.0000
----------------------------------------------------------
 Sub-region num.                     1            2
----------------------------------------------------------
 Length   [L]        0.10000E+04  0.10000E+04  0.00000E+00
 W-volume [L]        0.47571E+03  0.47571E+03  0.00000E+00
 In-flow  [L/T]     -0.14043E-02 -0.14043E-02  0.00000E+00
 h Mean   [L]       -0.18959E+04 -0.18959E+04  0.00000E+00
 Top Flux [L/T]     -0.23132E-02
 Bot Flux [L/T]     -0.13201E-02
 WatBalT  [L]        0.25034E-04
 WatBalR  [%]              0.000
----------------------------------------------------------

----------------------------------------------------------
 Time       [T]      140.0000
----------------------------------------------------------
 Sub-region num.                     1            2
----------------------------------------------------------
 Length   [L]        0.10000E+04  0.10000E+04  0.00000E+00
 W-volume [L]        0.47579E+03  0.47579E+03  0.00000E+00
 In-flow  [L/T]      0.86039E-02  0.86039E-02  0.00000E+00
 h Mean   [L]       -0.18890E+04 -0.18890E+04  0.00000E+00
 Top Flux [L/T]     -0.80956E-02
 Bot Flux [L/T]     -0.13168E-02
 WatBalT  [L]        0.59128E-04
 WatBalR  [%]              0.001
----------------------------------------------------------

----------------------------------------------------------
 Time       [T]      150.0000
----------------------------------------------------------
 Sub-region num.                     1            2
----------------------------------------------------------
 Length   [L]        0.10000E+04  0.10000E+04  0.00000E+00
 W-volume [L]        0.47578E+03  0.47578E+03  0.00000E+00
 In-flow  [L/T]     -0.13906E-02 -0.13906E-02  0.00000E+00
 h Mean   [L]       -0.18857E+04 -0.18857E+04  0.00000E+00
 Top Flux [L/T]     -0.22472E-02
 Bot Flux [L/T]     -0.13136E-02
 WatBalT  [L]       -0.81539E-04
 WatBalR  [%]              0.001
----------------------------------------------------------
 
 Calculation time [sec]  0.130000010132790     
