 ******* Program HYDRUS
 ******* 
 Welcome to HYDRUS-1D                                                    
 Date:  15. 2.    Time:  15:11:32
 Units: L = mm   , T = min  , M = mmol 
 
 CosAlf,MaxIt,TolTh,  TolH
 1.000   10   0.001 1.00000
 
 TopInF,BotInF,AtmBC,SinkF,WLayer,qGWLF,FreeD,SeepF,lWat,lChem,lTemp,lRoot,lWDep
     T     F     T     F     F     F     T     F     T     F     F     F     F

Nodal point information

node      x         hOld    MatN LayN  Beta      Ah       AK      ATh     Temp    Conc(1...NS)         Sorb(1...NS)

   1      0.000      0.409    1    1   0.000    1.000    1.000    1.000
   2    -10.000      0.409    1    1   0.000    1.000    1.000    1.000
   3    -20.000      0.409    1    1   0.000    1.000    1.000    1.000
   4    -30.000      0.409    1    1   0.000    1.000    1.000    1.000
   5    -40.000      0.409    1    1   0.000    1.000    1.000    1.000
   6    -50.000      0.409    1    1   0.000    1.000    1.000    1.000
   7    -60.000      0.409    2    1   0.000    1.000    1.000    1.000
   8    -70.000      0.409    2    1   0.000    1.000    1.000    1.000
   9    -80.000      0.409    2    1   0.000    1.000    1.000    1.000
  10    -90.000      0.409    2    1   0.000    1.000    1.000    1.000
  11   -100.000      0.409    2    1   0.000    1.000    1.000    1.000
  12   -110.000      0.409    2    1   0.000    1.000    1.000    1.000
  13   -120.000      0.409    2    1   0.000    1.000    1.000    1.000
  14   -130.000      0.409    2    1   0.000    1.000    1.000    1.000
  15   -140.000      0.409    2    1   0.000    1.000    1.000    1.000
  16   -150.000      0.409    2    1   0.000    1.000    1.000    1.000
  17   -160.000      0.409    2    1   0.000    1.000    1.000    1.000
  18   -170.000      0.409    2    1   0.000    1.000    1.000    1.000
  19   -180.000      0.409    2    1   0.000    1.000    1.000    1.000
  20   -190.000      0.409    2    1   0.000    1.000    1.000    1.000
  21   -200.000      0.409    2    1   0.000    1.000    1.000    1.000
  22   -210.000      0.413    2    1   0.000    1.000    1.000    1.000
  23   -220.000      0.417    2    1   0.000    1.000    1.000    1.000
  24   -230.000      0.420    2    1   0.000    1.000    1.000    1.000
  25   -240.000      0.424    2    1   0.000    1.000    1.000    1.000
  26   -250.000      0.428    2    1   0.000    1.000    1.000    1.000
  27   -260.000      0.431    2    1   0.000    1.000    1.000    1.000
  28   -270.000      0.435    2    1   0.000    1.000    1.000    1.000
  29   -280.000      0.439    2    1   0.000    1.000    1.000    1.000
  30   -290.000      0.443    2    1   0.000    1.000    1.000    1.000
  31   -300.000      0.446    2    1   0.000    1.000    1.000    1.000
  32   -310.000      0.450    2    1   0.000    1.000    1.000    1.000
  33   -320.000      0.454    2    1   0.000    1.000    1.000    1.000
  34   -330.000      0.457    2    1   0.000    1.000    1.000    1.000
  35   -340.000      0.461    2    1   0.000    1.000    1.000    1.000
  36   -350.000      0.465    2    1   0.000    1.000    1.000    1.000
  37   -360.000      0.468    2    1   0.000    1.000    1.000    1.000
  38   -370.000      0.472    2    1   0.000    1.000    1.000    1.000
  39   -380.000      0.476    2    1   0.000    1.000    1.000    1.000
  40   -390.000      0.480    2    1   0.000    1.000    1.000    1.000
  41   -400.000      0.483    2    1   0.000    1.000    1.000    1.000
  42   -410.000      0.483    2    1   0.000    1.000    1.000    1.000
  43   -420.000      0.483    2    1   0.000    1.000    1.000    1.000
  44   -430.000      0.483    2    1   0.000    1.000    1.000    1.000
  45   -440.000      0.483    2    1   0.000    1.000    1.000    1.000
  46   -450.000      0.483    2    1   0.000    1.000    1.000    1.000
  47   -460.000      0.483    2    1   0.000    1.000    1.000    1.000
  48   -470.000      0.482    2    1   0.000    1.000    1.000    1.000
  49   -480.000      0.482    2    1   0.000    1.000    1.000    1.000
  50   -490.000      0.482    2    1   0.000    1.000    1.000    1.000
  51   -500.000      0.482    2    1   0.000    1.000    1.000    1.000
  52   -510.000      0.482    2    1   0.000    1.000    1.000    1.000
  53   -520.000      0.482    2    1   0.000    1.000    1.000    1.000
  54   -530.000      0.482    2    1   0.000    1.000    1.000    1.000
  55   -540.000      0.481    2    1   0.000    1.000    1.000    1.000
  56   -550.000      0.481    2    1   0.000    1.000    1.000    1.000
  57   -560.000      0.481    2    1   0.000    1.000    1.000    1.000
  58   -570.000      0.481    2    1   0.000    1.000    1.000    1.000
  59   -580.000      0.481    2    1   0.000    1.000    1.000    1.000
  60   -590.000      0.481    2    1   0.000    1.000    1.000    1.000
  61   -600.000      0.481    2    1   0.000    1.000    1.000    1.000
  62   -610.000      0.481    2    1   0.000    1.000    1.000    1.000
  63   -620.000      0.480    2    1   0.000    1.000    1.000    1.000
  64   -630.000      0.480    2    1   0.000    1.000    1.000    1.000
  65   -640.000      0.480    2    1   0.000    1.000    1.000    1.000
  66   -650.000      0.480    2    1   0.000    1.000    1.000    1.000
  67   -660.000      0.480    2    1   0.000    1.000    1.000    1.000
  68   -670.000      0.480    2    1   0.000    1.000    1.000    1.000
  69   -680.000      0.480    2    1   0.000    1.000    1.000    1.000
  70   -690.000      0.480    2    1   0.000    1.000    1.000    1.000
  71   -700.000      0.479    2    1   0.000    1.000    1.000    1.000
  72   -710.000      0.479    2    1   0.000    1.000    1.000    1.000
  73   -720.000      0.479    2    1   0.000    1.000    1.000    1.000
  74   -730.000      0.479    2    1   0.000    1.000    1.000    1.000
  75   -740.000      0.479    2    1   0.000    1.000    1.000    1.000
  76   -750.000      0.479    2    1   0.000    1.000    1.000    1.000
  77   -760.000      0.479    2    1   0.000    1.000    1.000    1.000
  78   -770.000      0.480    2    1   0.000    1.000    1.000    1.000
  79   -780.000      0.481    2    1   0.000    1.000    1.000    1.000
  80   -790.000      0.482    2    1   0.000    1.000    1.000    1.000
  81   -800.000      0.482    2    1   0.000    1.000    1.000    1.000
  82   -810.000      0.483    2    1   0.000    1.000    1.000    1.000
  83   -820.000      0.484    2    1   0.000    1.000    1.000    1.000
  84   -830.000      0.484    2    1   0.000    1.000    1.000    1.000
  85   -840.000      0.485    2    1   0.000    1.000    1.000    1.000
  86   -850.000      0.486    2    1   0.000    1.000    1.000    1.000
  87   -860.000      0.486    2    1   0.000    1.000    1.000    1.000
  88   -870.000      0.487    2    1   0.000    1.000    1.000    1.000
  89   -880.000      0.488    2    1   0.000    1.000    1.000    1.000
  90   -890.000      0.488    2    1   0.000    1.000    1.000    1.000
  91   -900.000      0.489    2    1   0.000    1.000    1.000    1.000
  92   -910.000      0.490    2    1   0.000    1.000    1.000    1.000
  93   -920.000      0.490    2    1   0.000    1.000    1.000    1.000
  94   -930.000      0.491    2    1   0.000    1.000    1.000    1.000
  95   -940.000      0.492    2    1   0.000    1.000    1.000    1.000
  96   -950.000      0.492    2    1   0.000    1.000    1.000    1.000
  97   -960.000      0.493    2    1   0.000    1.000    1.000    1.000
  98   -970.000      0.494    2    1   0.000    1.000    1.000    1.000
  99   -980.000      0.494    2    1   0.000    1.000    1.000    1.000
 100   -990.000      0.495    2    1   0.000    1.000    1.000    1.000
 101  -1000.000      0.496    2    1   0.000    1.000    1.000    1.000
end

 Number of species in the chain :   0


MatNum, Param. array:

   Mat     Qr     Qs        Alfa         n          Ks      l

    1    0.129  0.752   0.458E-02   0.123E+01   0.624E+00  0.500
    2    0.119  0.674   0.314E-02   0.126E+01   0.200E+01  0.500

       Table of Hydraulic Properties which are interpolated in simulation
       =================================================================

  theta         h        log h        C             K        log K          S          Kv
 
  0.7523  -0.100E-04 -0.5000E+01  0.1326E-04  0.5994E+00 -0.2223E+00    1.0000  0.0000E+00
  0.7523  -0.126E-04 -0.4899E+01  0.1399E-04  0.5980E+00 -0.2233E+00    1.0000  0.0000E+00
  0.7523  -0.159E-04 -0.4798E+01  0.1477E-04  0.5966E+00 -0.2243E+00    1.0000  0.0000E+00
  0.7523  -0.201E-04 -0.4697E+01  0.1558E-04  0.5951E+00 -0.2254E+00    1.0000  0.0000E+00
  0.7523  -0.254E-04 -0.4596E+01  0.1644E-04  0.5935E+00 -0.2266E+00    1.0000  0.0000E+00
  0.7523  -0.320E-04 -0.4495E+01  0.1735E-04  0.5918E+00 -0.2278E+00    1.0000  0.0000E+00
  0.7523  -0.404E-04 -0.4394E+01  0.1831E-04  0.5901E+00 -0.2291E+00    1.0000  0.0000E+00
  0.7523  -0.509E-04 -0.4293E+01  0.1932E-04  0.5882E+00 -0.2305E+00    1.0000  0.0000E+00
  0.7523  -0.643E-04 -0.4192E+01  0.2039E-04  0.5862E+00 -0.2319E+00    1.0000  0.0000E+00
  0.7523  -0.811E-04 -0.4091E+01  0.2152E-04  0.5842E+00 -0.2335E+00    1.0000  0.0000E+00
  0.7523  -0.102E-03 -0.3990E+01  0.2271E-04  0.5820E+00 -0.2351E+00    1.0000  0.0000E+00
  0.7523  -0.129E-03 -0.3889E+01  0.2396E-04  0.5797E+00 -0.2368E+00    1.0000  0.0000E+00
  0.7523  -0.163E-03 -0.3788E+01  0.2528E-04  0.5773E+00 -0.2386E+00    1.0000  0.0000E+00
  0.7523  -0.206E-03 -0.3687E+01  0.2668E-04  0.5748E+00 -0.2405E+00    1.0000  0.0000E+00
  0.7523  -0.260E-03 -0.3586E+01  0.2815E-04  0.5721E+00 -0.2425E+00    1.0000  0.0000E+00
  0.7523  -0.327E-03 -0.3485E+01  0.2971E-04  0.5693E+00 -0.2447E+00    1.0000  0.0000E+00
  0.7523  -0.413E-03 -0.3384E+01  0.3135E-04  0.5663E+00 -0.2469E+00    1.0000  0.0000E+00
  0.7523  -0.521E-03 -0.3283E+01  0.3308E-04  0.5632E+00 -0.2493E+00    1.0000  0.0000E+00
  0.7523  -0.658E-03 -0.3182E+01  0.3491E-04  0.5599E+00 -0.2519E+00    1.0000  0.0000E+00
  0.7523  -0.830E-03 -0.3081E+01  0.3684E-04  0.5565E+00 -0.2546E+00    1.0000  0.0000E+00
  0.7523  -0.105E-02 -0.2980E+01  0.3888E-04  0.5528E+00 -0.2574E+00    1.0000  0.2689E-32
  0.7523  -0.132E-02 -0.2879E+01  0.4102E-04  0.5490E+00 -0.2604E+00    1.0000  0.2689E-32
  0.7523  -0.167E-02 -0.2778E+01  0.4329E-04  0.5450E+00 -0.2636E+00    1.0000  0.2689E-32
  0.7523  -0.210E-02 -0.2677E+01  0.4568E-04  0.5408E+00 -0.2670E+00    1.0000  0.2689E-32
  0.7523  -0.266E-02 -0.2576E+01  0.4820E-04  0.5363E+00 -0.2706E+00    1.0000  0.2710E-31
  0.7523  -0.335E-02 -0.2475E+01  0.5087E-04  0.5317E+00 -0.2743E+00    1.0000  0.2710E-31
  0.7523  -0.423E-02 -0.2374E+01  0.5368E-04  0.5268E+00 -0.2784E+00    1.0000  0.1047E-30
  0.7523  -0.534E-02 -0.2273E+01  0.5664E-04  0.5216E+00 -0.2826E+00    1.0000  0.2732E-30
  0.7523  -0.673E-02 -0.2172E+01  0.5977E-04  0.5162E+00 -0.2871E+00    1.0000  0.5747E-30
  0.7523  -0.850E-02 -0.2071E+01  0.6307E-04  0.5106E+00 -0.2919E+00    1.0000  0.1764E-29
  0.7523  -0.107E-01 -0.1970E+01  0.6656E-04  0.5046E+00 -0.2970E+00    1.0000  0.5793E-29
  0.7523  -0.135E-01 -0.1869E+01  0.7024E-04  0.4984E+00 -0.3024E+00    1.0000  0.1389E-28
  0.7523  -0.171E-01 -0.1768E+01  0.7412E-04  0.4919E+00 -0.3082E+00    1.0000  0.3397E-28
  0.7523  -0.215E-01 -0.1667E+01  0.7821E-04  0.4850E+00 -0.3143E+00    1.0000  0.9303E-28
  0.7523  -0.272E-01 -0.1566E+01  0.8253E-04  0.4778E+00 -0.3207E+00    1.0000  0.2516E-27
  0.7523  -0.343E-01 -0.1465E+01  0.8709E-04  0.4703E+00 -0.3276E+00    1.0000  0.6390E-27
  0.7523  -0.433E-01 -0.1364E+01  0.9190E-04  0.4624E+00 -0.3349E+00    1.0000  0.1600E-26
  0.7523  -0.546E-01 -0.1263E+01  0.9698E-04  0.4542E+00 -0.3427E+00    1.0000  0.4175E-26
  0.7523  -0.689E-01 -0.1162E+01  0.1023E-03  0.4456E+00 -0.3511E+00    1.0000  0.1089E-25
  0.7523  -0.870E-01 -0.1061E+01  0.1080E-03  0.4366E+00 -0.3599E+00    1.0000  0.2842E-25
  0.7523  -0.110E+00 -0.9596E+00  0.1139E-03  0.4272E+00 -0.3694E+00    1.0000  0.7318E-25
  0.7523  -0.138E+00 -0.8586E+00  0.1202E-03  0.4174E+00 -0.3794E+00    1.0000  0.1919E-24
  0.7523  -0.175E+00 -0.7576E+00  0.1269E-03  0.4072E+00 -0.3902E+00    1.0000  0.4969E-24
  0.7523  -0.221E+00 -0.6566E+00  0.1339E-03  0.3966E+00 -0.4017E+00    1.0000  0.1289E-23
  0.7523  -0.278E+00 -0.5556E+00  0.1413E-03  0.3855E+00 -0.4140E+00    0.9999  0.3363E-23
  0.7523  -0.351E+00 -0.4545E+00  0.1490E-03  0.3740E+00 -0.4272E+00    0.9999  0.8707E-23
  0.7522  -0.443E+00 -0.3535E+00  0.1573E-03  0.3620E+00 -0.4413E+00    0.9999  0.2266E-22
  0.7522  -0.559E+00 -0.2525E+00  0.1659E-03  0.3496E+00 -0.4564E+00    0.9999  0.5886E-22
  0.7522  -0.705E+00 -0.1515E+00  0.1750E-03  0.3367E+00 -0.4727E+00    0.9998  0.1528E-21
  0.7522  -0.890E+00 -0.5051E-01  0.1846E-03  0.3234E+00 -0.4902E+00    0.9998  0.3960E-21
  0.7521  -0.112E+01  0.5051E-01  0.1948E-03  0.3097E+00 -0.5091E+00    0.9997  0.1029E-20
  0.7521  -0.142E+01  0.1515E+00  0.2054E-03  0.2955E+00 -0.5295E+00    0.9996  0.2668E-20
  0.7520  -0.179E+01  0.2525E+00  0.2166E-03  0.2809E+00 -0.5515E+00    0.9995  0.6922E-20
  0.7519  -0.226E+01  0.3535E+00  0.2283E-03  0.2659E+00 -0.5753E+00    0.9993  0.1795E-19
  0.7517  -0.285E+01  0.4545E+00  0.2406E-03  0.2505E+00 -0.6012E+00    0.9991  0.4652E-19
  0.7516  -0.359E+01  0.5556E+00  0.2534E-03  0.2348E+00 -0.6293E+00    0.9988  0.1204E-18
  0.7513  -0.453E+01  0.6566E+00  0.2667E-03  0.2188E+00 -0.6599E+00    0.9984  0.3115E-18
  0.7510  -0.572E+01  0.7576E+00  0.2805E-03  0.2026E+00 -0.6933E+00    0.9979  0.8046E-18
  0.7506  -0.722E+01  0.8586E+00  0.2947E-03  0.1862E+00 -0.7299E+00    0.9972  0.2075E-17
  0.7500  -0.911E+01  0.9596E+00  0.3092E-03  0.1698E+00 -0.7701E+00    0.9963  0.5337E-17
  0.7492  -0.115E+02  0.1061E+01  0.3238E-03  0.1533E+00 -0.8144E+00    0.9951  0.1369E-16
  0.7482  -0.145E+02  0.1162E+01  0.3382E-03  0.1370E+00 -0.8633E+00    0.9935  0.3495E-16
  0.7469  -0.183E+02  0.1263E+01  0.3521E-03  0.1209E+00 -0.9175E+00    0.9914  0.8875E-16
  0.7452  -0.231E+02  0.1364E+01  0.3651E-03  0.1053E+00 -0.9777E+00    0.9886  0.2238E-15
  0.7430  -0.292E+02  0.1465E+01  0.3765E-03  0.9022E-01 -0.1045E+01    0.9850  0.5591E-15
  0.7400  -0.368E+02  0.1566E+01  0.3855E-03  0.7595E-01 -0.1119E+01    0.9803  0.1380E-14
  0.7363  -0.464E+02  0.1667E+01  0.3913E-03  0.6265E-01 -0.1203E+01    0.9743  0.3357E-14
  0.7315  -0.586E+02  0.1768E+01  0.3928E-03  0.5052E-01 -0.1297E+01    0.9667  0.8009E-14
  0.7255  -0.739E+02  0.1869E+01  0.3890E-03  0.3971E-01 -0.1401E+01    0.9570  0.1866E-13
  0.7181  -0.933E+02  0.1970E+01  0.3792E-03  0.3035E-01 -0.1518E+01    0.9451  0.4227E-13
  0.7090  -0.118E+03  0.2071E+01  0.3627E-03  0.2252E-01 -0.1648E+01    0.9305  0.9252E-13
  0.6982  -0.148E+03  0.2172E+01  0.3398E-03  0.1618E-01 -0.1791E+01    0.9132  0.1947E-12
  0.6855  -0.187E+03  0.2273E+01  0.3110E-03  0.1126E-01 -0.1949E+01    0.8929  0.3922E-12
  0.6711  -0.236E+03  0.2374E+01  0.2779E-03  0.7582E-02 -0.2120E+01    0.8697  0.7531E-12
  0.6550  -0.298E+03  0.2475E+01  0.2424E-03  0.4950E-02 -0.2305E+01    0.8439  0.1375E-11
  0.6376  -0.376E+03  0.2576E+01  0.2066E-03  0.3139E-02 -0.2503E+01    0.8159  0.2386E-11
  0.6190  -0.475E+03  0.2677E+01  0.1722E-03  0.1939E-02 -0.2712E+01    0.7860  0.3935E-11
  0.5996  -0.599E+03  0.2778E+01  0.1408E-03  0.1171E-02 -0.2931E+01    0.7550  0.6184E-11
  0.5798  -0.756E+03  0.2879E+01  0.1132E-03  0.6934E-03 -0.3159E+01    0.7232  0.9285E-11
  0.5599  -0.955E+03  0.2980E+01  0.8972E-04  0.4040E-03 -0.3394E+01    0.6912  0.1337E-10
  0.5401  -0.120E+04  0.3081E+01  0.7028E-04  0.2323E-03 -0.3634E+01    0.6594  0.1854E-10
  0.5206  -0.152E+04  0.3182E+01  0.5453E-04  0.1322E-03 -0.3879E+01    0.6281  0.2485E-10
  0.5015  -0.192E+04  0.3283E+01  0.4199E-04  0.7457E-04 -0.4127E+01    0.5976  0.3231E-10
  0.4831  -0.242E+04  0.3384E+01  0.3215E-04  0.4181E-04 -0.4379E+01    0.5680  0.4093E-10
  0.4654  -0.305E+04  0.3485E+01  0.2450E-04  0.2332E-04 -0.4632E+01    0.5395  0.5063E-10
  0.4483  -0.385E+04  0.3586E+01  0.1860E-04  0.1296E-04 -0.4887E+01    0.5122  0.6136E-10
  0.4320  -0.486E+04  0.3687E+01  0.1409E-04  0.7180E-05 -0.5144E+01    0.4860  0.7303E-10
  0.4165  -0.614E+04  0.3788E+01  0.1065E-04  0.3969E-05 -0.5401E+01    0.4610  0.8554E-10
  0.4016  -0.774E+04  0.3889E+01  0.8036E-05  0.2191E-05 -0.5659E+01    0.4372  0.9879E-10
  0.3875  -0.977E+04  0.3990E+01  0.6057E-05  0.1207E-05 -0.5918E+01    0.4146  0.1127E-09
  0.3741  -0.123E+05  0.4091E+01  0.4561E-05  0.6648E-06 -0.6177E+01    0.3930  0.1271E-09
  0.3613  -0.156E+05  0.4192E+01  0.3432E-05  0.3658E-06 -0.6437E+01    0.3726  0.1419E-09
  0.3492  -0.196E+05  0.4293E+01  0.2582E-05  0.2012E-06 -0.6696E+01    0.3532  0.1570E-09
  0.3378  -0.248E+05  0.4394E+01  0.1941E-05  0.1106E-06 -0.6956E+01    0.3347  0.1723E-09
  0.3269  -0.313E+05  0.4495E+01  0.1459E-05  0.6078E-07 -0.7216E+01    0.3172  0.1878E-09
  0.3165  -0.394E+05  0.4596E+01  0.1096E-05  0.3339E-07 -0.7476E+01    0.3007  0.2033E-09
  0.3068  -0.498E+05  0.4697E+01  0.8238E-06  0.1834E-07 -0.7737E+01    0.2849  0.2188E-09
  0.2975  -0.628E+05  0.4798E+01  0.6189E-06  0.1007E-07 -0.7997E+01    0.2700  0.2341E-09
  0.2887  -0.792E+05  0.4899E+01  0.4649E-06  0.5533E-08 -0.8257E+01    0.2559  0.2493E-09
  0.2803  -0.100E+06  0.5000E+01  0.3492E-06  0.3038E-08 -0.8517E+01    0.2425  0.2642E-09
end
 
  0.6742  -0.100E-04 -0.5000E+01  0.5304E-05  0.1953E+01  0.2907E+00    1.0000  0.0000E+00
  0.6742  -0.126E-04 -0.4899E+01  0.5630E-05  0.1950E+01  0.2900E+00    1.0000  0.0000E+00
  0.6742  -0.159E-04 -0.4798E+01  0.5977E-05  0.1947E+01  0.2894E+00    1.0000  0.0000E+00
  0.6742  -0.201E-04 -0.4697E+01  0.6344E-05  0.1944E+01  0.2886E+00    1.0000  0.0000E+00
  0.6742  -0.254E-04 -0.4596E+01  0.6735E-05  0.1940E+01  0.2879E+00    1.0000  0.0000E+00
  0.6742  -0.320E-04 -0.4495E+01  0.7149E-05  0.1937E+01  0.2871E+00    1.0000  0.0000E+00
  0.6742  -0.404E-04 -0.4394E+01  0.7589E-05  0.1933E+01  0.2862E+00    1.0000  0.0000E+00
  0.6742  -0.509E-04 -0.4293E+01  0.8057E-05  0.1929E+01  0.2853E+00    1.0000  0.0000E+00
  0.6742  -0.643E-04 -0.4192E+01  0.8552E-05  0.1924E+01  0.2843E+00    1.0000  0.0000E+00
  0.6742  -0.811E-04 -0.4091E+01  0.9079E-05  0.1920E+01  0.2833E+00    1.0000  0.0000E+00
  0.6742  -0.102E-03 -0.3990E+01  0.9638E-05  0.1915E+01  0.2821E+00    1.0000  0.0000E+00
  0.6742  -0.129E-03 -0.3889E+01  0.1023E-04  0.1910E+01  0.2810E+00    1.0000  0.0000E+00
  0.6742  -0.163E-03 -0.3788E+01  0.1086E-04  0.1904E+01  0.2797E+00    1.0000  0.0000E+00
  0.6742  -0.206E-03 -0.3687E+01  0.1153E-04  0.1898E+01  0.2784E+00    1.0000  0.0000E+00
  0.6742  -0.260E-03 -0.3586E+01  0.1224E-04  0.1892E+01  0.2770E+00    1.0000  0.0000E+00
  0.6742  -0.327E-03 -0.3485E+01  0.1299E-04  0.1886E+01  0.2755E+00    1.0000  0.0000E+00
  0.6742  -0.413E-03 -0.3384E+01  0.1379E-04  0.1879E+01  0.2739E+00    1.0000  0.0000E+00
  0.6742  -0.521E-03 -0.3283E+01  0.1464E-04  0.1871E+01  0.2722E+00    1.0000  0.0000E+00
  0.6742  -0.658E-03 -0.3182E+01  0.1554E-04  0.1864E+01  0.2704E+00    1.0000  0.0000E+00
  0.6742  -0.830E-03 -0.3081E+01  0.1650E-04  0.1855E+01  0.2684E+00    1.0000  0.0000E+00
  0.6742  -0.105E-02 -0.2980E+01  0.1751E-04  0.1847E+01  0.2664E+00    1.0000  0.0000E+00
  0.6742  -0.132E-02 -0.2879E+01  0.1859E-04  0.1837E+01  0.2642E+00    1.0000  0.0000E+00
  0.6742  -0.167E-02 -0.2778E+01  0.1974E-04  0.1828E+01  0.2619E+00    1.0000  0.0000E+00
  0.6742  -0.210E-02 -0.2677E+01  0.2095E-04  0.1817E+01  0.2594E+00    1.0000  0.3348E-32
  0.6742  -0.266E-02 -0.2576E+01  0.2224E-04  0.1806E+01  0.2568E+00    1.0000  0.3348E-32
  0.6742  -0.335E-02 -0.2475E+01  0.2361E-04  0.1795E+01  0.2540E+00    1.0000  0.3348E-32
  0.6742  -0.423E-02 -0.2374E+01  0.2506E-04  0.1783E+01  0.2510E+00    1.0000  0.3348E-32
  0.6742  -0.534E-02 -0.2273E+01  0.2660E-04  0.1770E+01  0.2479E+00    1.0000  0.3374E-31
  0.6742  -0.673E-02 -0.2172E+01  0.2824E-04  0.1756E+01  0.2445E+00    1.0000  0.1304E-30
  0.6742  -0.850E-02 -0.2071E+01  0.2998E-04  0.1741E+01  0.2409E+00    1.0000  0.1304E-30
  0.6742  -0.107E-01 -0.1970E+01  0.3182E-04  0.1726E+01  0.2370E+00    1.0000  0.7156E-30
  0.6742  -0.135E-01 -0.1869E+01  0.3378E-04  0.1710E+01  0.2329E+00    1.0000  0.1314E-29
  0.6742  -0.171E-01 -0.1768E+01  0.3586E-04  0.1693E+01  0.2286E+00    1.0000  0.3428E-29
  0.6742  -0.215E-01 -0.1667E+01  0.3807E-04  0.1675E+01  0.2239E+00    1.0000  0.9910E-29
  0.6742  -0.272E-01 -0.1566E+01  0.4041E-04  0.1656E+01  0.2189E+00    1.0000  0.2786E-28
  0.6742  -0.343E-01 -0.1465E+01  0.4290E-04  0.1635E+01  0.2136E+00    1.0000  0.7270E-28
  0.6742  -0.433E-01 -0.1364E+01  0.4554E-04  0.1614E+01  0.2079E+00    1.0000  0.1743E-27
  0.6742  -0.546E-01 -0.1263E+01  0.4834E-04  0.1592E+01  0.2019E+00    1.0000  0.4695E-27
  0.6742  -0.689E-01 -0.1162E+01  0.5132E-04  0.1568E+01  0.1954E+00    1.0000  0.1254E-26
  0.6742  -0.870E-01 -0.1061E+01  0.5447E-04  0.1543E+01  0.1884E+00    1.0000  0.3331E-26
  0.6742  -0.110E+00 -0.9596E+00  0.5783E-04  0.1517E+01  0.1810E+00    1.0000  0.9040E-26
  0.6742  -0.138E+00 -0.8586E+00  0.6138E-04  0.1490E+01  0.1730E+00    1.0000  0.2335E-25
  0.6742  -0.175E+00 -0.7576E+00  0.6516E-04  0.1461E+01  0.1645E+00    1.0000  0.6274E-25
  0.6742  -0.221E+00 -0.6566E+00  0.6917E-04  0.1430E+01  0.1554E+00    1.0000  0.1673E-24
  0.6742  -0.278E+00 -0.5556E+00  0.7342E-04  0.1398E+01  0.1456E+00    1.0000  0.4419E-24
  0.6742  -0.351E+00 -0.4545E+00  0.7794E-04  0.1365E+01  0.1350E+00    1.0000  0.1163E-23
  0.6742  -0.443E+00 -0.3535E+00  0.8273E-04  0.1329E+01  0.1237E+00    0.9999  0.3084E-23
  0.6742  -0.559E+00 -0.2525E+00  0.8781E-04  0.1293E+01  0.1115E+00    0.9999  0.8170E-23
  0.6741  -0.705E+00 -0.1515E+00  0.9320E-04  0.1254E+01  0.9836E-01    0.9999  0.2170E-22
  0.6741  -0.890E+00 -0.5051E-01  0.9892E-04  0.1214E+01  0.8419E-01    0.9999  0.5747E-22
  0.6741  -0.112E+01  0.5051E-01  0.1050E-03  0.1172E+01  0.6891E-01    0.9998  0.1522E-21
  0.6741  -0.142E+01  0.1515E+00  0.1114E-03  0.1128E+01  0.5238E-01    0.9998  0.4027E-21
  0.6740  -0.179E+01  0.2525E+00  0.1182E-03  0.1083E+01  0.3449E-01    0.9997  0.1067E-20
  0.6740  -0.226E+01  0.3535E+00  0.1254E-03  0.1035E+01  0.1509E-01    0.9996  0.2824E-20
  0.6739  -0.285E+01  0.4545E+00  0.1330E-03  0.9863E+00 -0.5978E-02    0.9995  0.7470E-20
  0.6738  -0.359E+01  0.5556E+00  0.1411E-03  0.9356E+00 -0.2890E-01    0.9993  0.1976E-19
  0.6737  -0.453E+01  0.6566E+00  0.1495E-03  0.8833E+00 -0.5389E-01    0.9990  0.5223E-19
  0.6735  -0.572E+01  0.7576E+00  0.1584E-03  0.8295E+00 -0.8119E-01    0.9987  0.1379E-18
  0.6732  -0.722E+01  0.8586E+00  0.1677E-03  0.7743E+00 -0.1111E+00    0.9983  0.3639E-18
  0.6729  -0.911E+01  0.9596E+00  0.1774E-03  0.7179E+00 -0.1439E+00    0.9977  0.9586E-18
  0.6725  -0.115E+02  0.1061E+01  0.1875E-03  0.6606E+00 -0.1801E+00    0.9969  0.2520E-17
  0.6719  -0.145E+02  0.1162E+01  0.1978E-03  0.6026E+00 -0.2200E+00    0.9958  0.6609E-17
  0.6711  -0.183E+02  0.1263E+01  0.2082E-03  0.5443E+00 -0.2641E+00    0.9945  0.1727E-16
  0.6701  -0.231E+02  0.1364E+01  0.2187E-03  0.4862E+00 -0.3132E+00    0.9926  0.4493E-16
  0.6687  -0.292E+02  0.1465E+01  0.2288E-03  0.4287E+00 -0.3678E+00    0.9902  0.1162E-15
  0.6670  -0.368E+02  0.1566E+01  0.2383E-03  0.3726E+00 -0.4288E+00    0.9870  0.2981E-15
  0.6646  -0.464E+02  0.1667E+01  0.2466E-03  0.3183E+00 -0.4971E+00    0.9828  0.7570E-15
  0.6616  -0.586E+02  0.1768E+01  0.2533E-03  0.2668E+00 -0.5738E+00    0.9773  0.1897E-14
  0.6576  -0.739E+02  0.1869E+01  0.2577E-03  0.2188E+00 -0.6600E+00    0.9702  0.4675E-14
  0.6526  -0.933E+02  0.1970E+01  0.2589E-03  0.1751E+00 -0.7568E+00    0.9612  0.1128E-13
  0.6463  -0.118E+03  0.2071E+01  0.2563E-03  0.1363E+00 -0.8656E+00    0.9499  0.2651E-13
  0.6386  -0.148E+03  0.2172E+01  0.2492E-03  0.1029E+00 -0.9874E+00    0.9358  0.6034E-13
  0.6291  -0.187E+03  0.2273E+01  0.2374E-03  0.7530E-01 -0.1123E+01    0.9188  0.1323E-12
  0.6178  -0.236E+03  0.2374E+01  0.2210E-03  0.5324E-01 -0.1274E+01    0.8986  0.2779E-12
  0.6048  -0.298E+03  0.2475E+01  0.2007E-03  0.3638E-01 -0.1439E+01    0.8751  0.5562E-12
  0.5900  -0.376E+03  0.2576E+01  0.1777E-03  0.2403E-01 -0.1619E+01    0.8485  0.1058E-11
  0.5738  -0.475E+03  0.2677E+01  0.1533E-03  0.1537E-01 -0.1813E+01    0.8192  0.1906E-11
  0.5562  -0.599E+03  0.2778E+01  0.1292E-03  0.9542E-02 -0.2020E+01    0.7877  0.3257E-11
  0.5378  -0.756E+03  0.2879E+01  0.1065E-03  0.5771E-02 -0.2239E+01    0.7546  0.5280E-11
  0.5189  -0.955E+03  0.2980E+01  0.8606E-04  0.3412E-02 -0.2467E+01    0.7205  0.8147E-11
  0.4997  -0.120E+04  0.3081E+01  0.6842E-04  0.1980E-02 -0.2703E+01    0.6861  0.1201E-10
  0.4807  -0.152E+04  0.3182E+01  0.5366E-04  0.1131E-02 -0.2947E+01    0.6517  0.1697E-10
  0.4619  -0.192E+04  0.3283E+01  0.4162E-04  0.6378E-03 -0.3195E+01    0.6179  0.2311E-10
  0.4436  -0.242E+04  0.3384E+01  0.3199E-04  0.3563E-03 -0.3448E+01    0.5850  0.3044E-10
  0.4259  -0.305E+04  0.3485E+01  0.2442E-04  0.1975E-03 -0.3704E+01    0.5532  0.3894E-10
  0.4089  -0.385E+04  0.3586E+01  0.1854E-04  0.1088E-03 -0.3963E+01    0.5226  0.4855E-10
  0.3927  -0.486E+04  0.3687E+01  0.1402E-04  0.5969E-04 -0.4224E+01    0.4934  0.5918E-10
  0.3772  -0.614E+04  0.3788E+01  0.1057E-04  0.3263E-04 -0.4486E+01    0.4655  0.7072E-10
  0.3625  -0.774E+04  0.3889E+01  0.7948E-05  0.1779E-04 -0.4750E+01    0.4391  0.8307E-10
  0.3486  -0.977E+04  0.3990E+01  0.5966E-05  0.9680E-05 -0.5014E+01    0.4140  0.9609E-10
  0.3354  -0.123E+05  0.4091E+01  0.4472E-05  0.5259E-05 -0.5279E+01    0.3903  0.1097E-09
  0.3229  -0.156E+05  0.4192E+01  0.3349E-05  0.2854E-05 -0.5545E+01    0.3678  0.1237E-09
  0.3111  -0.196E+05  0.4293E+01  0.2506E-05  0.1548E-05 -0.5810E+01    0.3466  0.1380E-09
  0.3000  -0.248E+05  0.4394E+01  0.1874E-05  0.8387E-06 -0.6076E+01    0.3266  0.1525E-09
  0.2895  -0.313E+05  0.4495E+01  0.1401E-05  0.4543E-06 -0.6343E+01    0.3078  0.1672E-09
  0.2796  -0.394E+05  0.4596E+01  0.1047E-05  0.2460E-06 -0.6609E+01    0.2900  0.1818E-09
  0.2703  -0.498E+05  0.4697E+01  0.7819E-06  0.1332E-06 -0.6876E+01    0.2732  0.1964E-09
  0.2615  -0.628E+05  0.4798E+01  0.5840E-06  0.7208E-07 -0.7142E+01    0.2574  0.2108E-09
  0.2532  -0.792E+05  0.4899E+01  0.4362E-06  0.3900E-07 -0.7409E+01    0.2425  0.2250E-09
  0.2454  -0.100E+06  0.5000E+01  0.3257E-06  0.2111E-07 -0.7676E+01    0.2284  0.2388E-09
end
