 ******* Program HYDRUS
 ******* 
 Welcome to HYDRUS-1D                                                    
 Date:  30.10.    Time:   4:41:32
 Units: L = mm   , T = min  , M = mmol 



                               Node(  1)                      Node( 11)                      Node( 31)                      Node( 51)                      Node(101)

         time            h        theta    Flux           h        theta    Flux           h        theta    Flux           h        theta    Flux           h        theta    Flux  
         10.0001    -7336.13  0.4054 -0.170E+00      -4070.85  0.4054 -0.982E-04      -1726.69  0.4709  0.113E-01       -964.74  0.5181 -0.103E-01      -1350.92  0.4909 -0.138E-02
         10.0002    -7335.81  0.4054 -0.170E+00      -4070.85  0.4054 -0.982E-04      -1726.69  0.4709  0.113E-01       -964.74  0.5181 -0.103E-01      -1350.92  0.4909 -0.138E-02
         10.0003    -7335.30  0.4054 -0.170E+00      -4070.85  0.4054 -0.982E-04      -1726.69  0.4709  0.113E-01       -964.74  0.5181 -0.103E-01      -1350.92  0.4909 -0.101E-02
         10.0005    -7334.70  0.4054 -0.170E+00      -4070.85  0.4054 -0.982E-04      -1726.69  0.4709  0.113E-01       -964.74  0.5181 -0.103E-01      -1350.92  0.4909 -0.168E-02
         10.0008    -7333.77  0.4054 -0.170E+00      -4070.85  0.4054 -0.982E-04      -1726.69  0.4709  0.113E-01       -964.74  0.5181 -0.103E-01      -1350.92  0.4909 -0.168E-02
         10.0010    -7332.86  0.4054 -0.170E+00      -4070.85  0.4054 -0.982E-04      -1726.69  0.4709  0.113E-01       -964.74  0.5181 -0.103E-01      -1350.92  0.4909 -0.168E-02
         10.0011    -7332.32  0.4054 -0.240E+00      -4070.85  0.4054 -0.982E-04      -1726.69  0.4709  0.113E-01       -964.74  0.5181 -0.103E-01      -1350.92  0.4909 -0.138E-02
         10.0012    -7331.67  0.4054 -0.240E+00      -4070.85  0.4054 -0.982E-04      -1726.69  0.4709  0.113E-01       -964.74  0.5181 -0.103E-01      -1350.92  0.4909 -0.218E-02
         10.0014    -7330.78  0.4054 -0.240E+00      -4070.85  0.4054 -0.982E-04      -1726.69  0.4709  0.113E-01       -964.74  0.5181 -0.103E-01      -1350.92  0.4909 -0.165E-02
         10.0016    -7329.64  0.4054 -0.240E+00      -4070.85  0.4054 -0.982E-04      -1726.69  0.4709  0.113E-01       -964.74  0.5181 -0.103E-01      -1350.93  0.4909 -0.193E-02
         10.0019    -7328.16  0.4055 -0.240E+00      -4070.85  0.4054 -0.982E-04      -1726.69  0.4709  0.113E-01       -964.74  0.5181 -0.103E-01      -1350.93  0.4909 -0.146E-02
         10.0023    -7326.22  0.4055 -0.240E+00      -4070.85  0.4054 -0.982E-04      -1726.69  0.4709  0.113E-01       -964.74  0.5181 -0.103E-01      -1350.93  0.4909 -0.150E-02
         10.0028    -7323.72  0.4055 -0.240E+00      -4070.85  0.4054 -0.982E-04      -1726.69  0.4709  0.113E-01       -964.74  0.5181 -0.103E-01      -1350.93  0.4909 -0.174E-02
         10.0034    -7320.46  0.4055 -0.240E+00      -4070.85  0.4054 -0.982E-04      -1726.69  0.4709  0.113E-01       -964.74  0.5181 -0.103E-01      -1350.94  0.4909 -0.155E-02
         10.0042    -7316.22  0.4056 -0.240E+00      -4070.85  0.4054 -0.982E-04      -1726.68  0.4709  0.113E-01       -964.74  0.5181 -0.103E-01      -1350.94  0.4909 -0.154E-02
         10.0053    -7310.70  0.4056 -0.240E+00      -4070.85  0.4054 -0.982E-04      -1726.68  0.4709  0.113E-01       -964.74  0.5181 -0.103E-01      -1350.95  0.4909 -0.158E-02
         10.0066    -7303.53  0.4057 -0.240E+00      -4070.85  0.4054 -0.982E-04      -1726.68  0.4709  0.113E-01       -964.74  0.5181 -0.103E-01      -1350.95  0.4909 -0.162E-02
         10.0084    -7294.22  0.4058 -0.240E+00      -4070.85  0.4054 -0.982E-04      -1726.67  0.4709  0.113E-01       -964.74  0.5181 -0.103E-01      -1350.96  0.4909 -0.156E-02
         10.0108    -7282.12  0.4059 -0.240E+00      -4070.85  0.4054 -0.982E-04      -1726.67  0.4709  0.113E-01       -964.74  0.5181 -0.103E-01      -1350.98  0.4909 -0.156E-02
         10.0138    -7266.37  0.4060 -0.240E+00      -4070.85  0.4054 -0.982E-04      -1726.66  0.4709  0.113E-01       -964.74  0.5181 -0.103E-01      -1350.99  0.4909 -0.157E-02
         10.0177    -7245.91  0.4062 -0.240E+00      -4070.85  0.4054 -0.982E-04      -1726.65  0.4709  0.113E-01       -964.74  0.5181 -0.103E-01      -1351.02  0.4909 -0.157E-02
         10.0228    -7219.33  0.4065 -0.240E+00      -4070.85  0.4054 -0.982E-04      -1726.64  0.4709  0.113E-01       -964.73  0.5181 -0.103E-01      -1351.04  0.4909 -0.157E-02
         10.0295    -7184.77  0.4068 -0.240E+00      -4070.85  0.4054 -0.982E-04      -1726.62  0.4709  0.113E-01       -964.73  0.5181 -0.103E-01      -1351.08  0.4909 -0.157E-02
         10.0382    -7139.87  0.4072 -0.240E+00      -4070.85  0.4054 -0.982E-04      -1726.60  0.4709  0.113E-01       -964.73  0.5181 -0.103E-01      -1351.13  0.4909 -0.158E-02
         10.0494    -7081.52  0.4077 -0.240E+00      -4070.85  0.4054 -0.982E-04      -1726.57  0.4709  0.113E-01       -964.72  0.5181 -0.103E-01      -1351.19  0.4909 -0.157E-02
         10.0640    -7005.71  0.4084 -0.240E+00      -4070.85  0.4054 -0.982E-04      -1726.54  0.4709  0.113E-01       -964.72  0.5181 -0.103E-01      -1351.27  0.4909 -0.157E-02
         10.0830    -6907.26  0.4093 -0.240E+00      -4070.85  0.4054 -0.982E-04      -1726.49  0.4709  0.113E-01       -964.71  0.5181 -0.103E-01      -1351.37  0.4909 -0.157E-02
         10.1077    -6779.40  0.4105 -0.240E+00      -4070.85  0.4054 -0.982E-04      -1726.43  0.4709  0.113E-01       -964.70  0.5181 -0.103E-01      -1351.50  0.4908 -0.157E-02
         10.1398    -6613.47  0.4121 -0.240E+00      -4070.85  0.4054 -0.982E-04      -1726.35  0.4709  0.113E-01       -964.68  0.5181 -0.103E-01      -1351.66  0.4908 -0.157E-02
         10.1816    -6398.22  0.4140 -0.240E+00      -4070.85  0.4054 -0.982E-04      -1726.25  0.4709  0.113E-01       -964.67  0.5181 -0.103E-01      -1351.88  0.4908 -0.157E-02
         10.2359    -6123.84  0.4166 -0.240E+00      -4070.85  0.4054 -0.982E-04      -1726.11  0.4709  0.113E-01       -964.65  0.5181 -0.103E-01      -1352.14  0.4908 -0.157E-02
         10.3064    -5859.58  0.4200 -0.240E+00      -4070.85  0.4054 -0.982E-04      -1725.94  0.4709  0.113E-01       -964.62  0.5181 -0.103E-01      -1352.48  0.4908 -0.157E-02
         10.3982    -5496.29  0.4243 -0.240E+00      -4070.85  0.4054 -0.982E-04      -1725.71  0.4709  0.113E-01       -964.58  0.5181 -0.103E-01      -1352.90  0.4908 -0.157E-02
         10.5174    -5045.47  0.4298 -0.240E+00      -4070.85  0.4054 -0.982E-04      -1725.41  0.4710  0.113E-01       -964.53  0.5181 -0.103E-01      -1353.42  0.4907 -0.157E-02
         10.6725    -4570.88  0.4369 -0.240E+00      -4070.85  0.4054 -0.982E-04      -1725.03  0.4710  0.113E-01       -964.46  0.5181 -0.103E-01      -1354.05  0.4907 -0.157E-02
         10.8740    -4006.34  0.4459 -0.240E+00      -4070.85  0.4054 -0.982E-04      -1724.53  0.4710  0.113E-01       -964.38  0.5181 -0.104E-01      -1354.80  0.4906 -0.157E-02
         11.1360    -3459.52  0.4571 -0.240E+00      -4070.85  0.4054 -0.982E-04      -1723.89  0.4710  0.113E-01       -964.27  0.5182 -0.104E-01      -1355.70  0.4906 -0.156E-02
         11.4766    -2889.01  0.4704 -0.240E+00      -4070.85  0.4054 -0.982E-04      -1723.04  0.4711  0.113E-01       -964.12  0.5182 -0.104E-01      -1356.74  0.4905 -0.156E-02
         11.9194    -2361.99  0.4852 -0.240E+00      -4070.85  0.4054 -0.981E-04      -1721.95  0.4711  0.113E-01       -963.93  0.5182 -0.104E-01      -1357.94  0.4905 -0.156E-02
         12.3622    -2028.04  0.4974 -0.240E+00      -4070.85  0.4054 -0.980E-04      -1720.86  0.4712  0.114E-01       -963.74  0.5182 -0.104E-01      -1359.01  0.4904 -0.156E-02
         12.8049    -1795.17  0.5073 -0.240E+00      -4070.86  0.4054 -0.979E-04      -1719.76  0.4712  0.114E-01       -963.55  0.5182 -0.104E-01      -1359.97  0.4903 -0.156E-02
         13.3805    -1584.39  0.5174 -0.240E+00      -4070.86  0.4054 -0.975E-04      -1718.33  0.4713  0.114E-01       -963.29  0.5182 -0.104E-01      -1361.09  0.4903 -0.155E-02
         14.1160    -1409.20  0.5271 -0.240E+00      -4070.87  0.4054 -0.968E-04      -1716.50  0.4714  0.114E-01       -962.96  0.5183 -0.104E-01      -1362.36  0.4902 -0.155E-02
         15.0967    -1229.40  0.5383 -0.240E+00      -4070.90  0.4054 -0.953E-04      -1714.05  0.4715  0.115E-01       -962.53  0.5183 -0.105E-01      -1363.86  0.4901 -0.155E-02
         16.3225    -1085.27  0.5495 -0.240E+00      -4070.97  0.4054 -0.924E-04      -1710.96  0.4716  0.115E-01       -961.98  0.5183 -0.105E-01      -1365.52  0.4900 -0.154E-02
         17.5483     -955.77  0.5598 -0.240E+00      -4071.09  0.4054 -0.884E-04      -1707.86  0.4718  0.116E-01       -961.45  0.5184 -0.105E-01      -1367.02  0.4899 -0.154E-02
         18.7742     -871.91  0.5683 -0.240E+00      -4071.27  0.4054 -0.832E-04      -1704.74  0.4719  0.116E-01       -960.93  0.5184 -0.105E-01      -1368.39  0.4898 -0.154E-02
         20.0000     -797.10  0.5757 -0.240E+00      -4071.51  0.4054 -0.767E-04      -1701.62  0.4721  0.117E-01       -960.44  0.5184 -0.105E-01      -1369.66  0.4897 -0.153E-02
         20.0001     -797.63  0.5757 -0.392E-01      -4071.51  0.4054 -0.767E-04      -1701.62  0.4721  0.117E-01       -960.44  0.5184 -0.105E-01      -1369.66  0.4897 -0.122E-02
         20.0002     -797.58  0.5757 -0.393E-01      -4071.51  0.4054 -0.767E-04      -1701.62  0.4721  0.117E-01       -960.44  0.5184 -0.105E-01      -1369.66  0.4897 -0.122E-02
         20.0004     -797.70  0.5757 -0.397E-01      -4071.51  0.4054 -0.767E-04      -1701.62  0.4721  0.117E-01       -960.44  0.5184 -0.105E-01      -1369.66  0.4897 -0.122E-02
         20.0006     -797.76  0.5757 -0.407E-01      -4071.51  0.4054 -0.767E-04      -1701.62  0.4721  0.117E-01       -960.44  0.5184 -0.105E-01      -1369.66  0.4897 -0.190E-02
         20.0009     -797.86  0.5756 -0.398E-01      -4071.51  0.4054 -0.767E-04      -1701.62  0.4721  0.117E-01       -960.44  0.5184 -0.105E-01      -1369.66  0.4897 -0.122E-02
         20.0013     -797.98  0.5756 -0.402E-01      -4071.51  0.4054 -0.767E-04      -1701.62  0.4721  0.117E-01       -960.44  0.5184 -0.105E-01      -1369.66  0.4897 -0.162E-02
         20.0018     -798.15  0.5756 -0.400E-01      -4071.51  0.4054 -0.767E-04      -1701.62  0.4721  0.117E-01       -960.44  0.5184 -0.105E-01      -1369.67  0.4897 -0.153E-02
         20.0024     -798.36  0.5756 -0.398E-01      -4071.51  0.4054 -0.767E-04      -1701.61  0.4721  0.117E-01       -960.44  0.5184 -0.105E-01      -1369.67  0.4897 -0.146E-02
         20.0032     -798.63  0.5756 -0.401E-01      -4071.51  0.4054 -0.767E-04      -1701.61  0.4721  0.117E-01       -960.44  0.5184 -0.105E-01      -1369.67  0.4897 -0.158E-02
         20.0043     -798.98  0.5755 -0.399E-01      -4071.51  0.4054 -0.767E-04      -1701.61  0.4721  0.117E-01       -960.44  0.5184 -0.105E-01      -1369.67  0.4897 -0.150E-02
         20.0056     -799.44  0.5755 -0.400E-01      -4071.51  0.4054 -0.767E-04      -1701.60  0.4721  0.117E-01       -960.44  0.5184 -0.105E-01      -1369.67  0.4897 -0.154E-02
         20.0074     -800.04  0.5754 -0.400E-01      -4071.51  0.4054 -0.767E-04      -1701.60  0.4721  0.117E-01       -960.44  0.5185 -0.105E-01      -1369.67  0.4897 -0.155E-02
         20.0098     -800.81  0.5753 -0.401E-01      -4071.51  0.4054 -0.767E-04      -1701.59  0.4721  0.117E-01       -960.44  0.5185 -0.105E-01      -1369.67  0.4897 -0.154E-02
         20.0128     -801.80  0.5752 -0.400E-01      -4071.51  0.4054 -0.767E-04      -1701.59  0.4721  0.117E-01       -960.44  0.5185 -0.105E-01      -1369.68  0.4897 -0.156E-02
         20.0167     -803.09  0.5751 -0.400E-01      -4071.51  0.4054 -0.767E-04      -1701.58  0.4721  0.117E-01       -960.44  0.5185 -0.105E-01      -1369.68  0.4897 -0.152E-02
         20.0218     -804.75  0.5750 -0.400E-01      -4071.51  0.4054 -0.766E-04      -1701.56  0.4721  0.117E-01       -960.44  0.5185 -0.105E-01      -1369.69  0.4897 -0.154E-02
         20.0285     -806.89  0.5747 -0.400E-01      -4071.51  0.4054 -0.766E-04      -1701.55  0.4721  0.117E-01       -960.43  0.5185 -0.105E-01      -1369.69  0.4897 -0.153E-02
         20.0372     -809.63  0.5745 -0.400E-01      -4071.51  0.4054 -0.765E-04      -1701.52  0.4721  0.117E-01       -960.43  0.5185 -0.105E-01      -1369.70  0.4897 -0.153E-02
         20.0484     -813.14  0.5741 -0.400E-01      -4071.52  0.4054 -0.765E-04      -1701.50  0.4721  0.117E-01       -960.43  0.5185 -0.105E-01      -1369.71  0.4897 -0.154E-02
         20.0630     -817.59  0.5737 -0.400E-01      -4071.52  0.4054 -0.764E-04      -1701.46  0.4721  0.117E-01       -960.42  0.5185 -0.105E-01      -1369.73  0.4897 -0.153E-02
         20.0820     -823.23  0.5731 -0.400E-01      -4071.52  0.4054 -0.763E-04      -1701.41  0.4721  0.117E-01       -960.41  0.5185 -0.105E-01      -1369.75  0.4897 -0.153E-02
         20.1067     -830.29  0.5724 -0.400E-01      -4071.53  0.4054 -0.762E-04      -1701.35  0.4721  0.117E-01       -960.40  0.5185 -0.105E-01      -1369.77  0.4897 -0.153E-02
         20.1388     -839.07  0.5715 -0.400E-01      -4071.54  0.4054 -0.760E-04      -1701.27  0.4721  0.117E-01       -960.39  0.5185 -0.105E-01      -1369.81  0.4897 -0.153E-02
         20.1806     -849.86  0.5704 -0.400E-01      -4071.55  0.4054 -0.758E-04      -1701.16  0.4721  0.117E-01       -960.37  0.5185 -0.105E-01      -1369.85  0.4897 -0.153E-02
         20.2349     -862.92  0.5691 -0.400E-01      -4071.56  0.4054 -0.755E-04      -1701.02  0.4721  0.117E-01       -960.35  0.5185 -0.105E-01      -1369.91  0.4897 -0.153E-02
         20.3054     -878.49  0.5675 -0.400E-01      -4071.57  0.4054 -0.751E-04      -1700.84  0.4721  0.117E-01       -960.32  0.5185 -0.105E-01      -1369.98  0.4897 -0.153E-02
         20.3972     -896.69  0.5657 -0.400E-01      -4071.59  0.4054 -0.746E-04      -1700.61  0.4721  0.117E-01       -960.29  0.5185 -0.105E-01      -1370.07  0.4897 -0.153E-02
         20.5164     -917.54  0.5636 -0.400E-01      -4071.62  0.4054 -0.739E-04      -1700.30  0.4721  0.117E-01       -960.24  0.5185 -0.105E-01      -1370.19  0.4897 -0.153E-02
         20.6715     -940.86  0.5612 -0.400E-01      -4071.65  0.4054 -0.730E-04      -1699.91  0.4722  0.117E-01       -960.18  0.5185 -0.105E-01      -1370.35  0.4897 -0.153E-02
         20.8730     -970.26  0.5586 -0.400E-01      -4071.70  0.4054 -0.718E-04      -1699.39  0.4722  0.117E-01       -960.10  0.5185 -0.105E-01      -1370.55  0.4897 -0.153E-02
         21.1350    -1005.63  0.5558 -0.400E-01      -4071.77  0.4054 -0.702E-04      -1698.72  0.4722  0.117E-01       -960.01  0.5185 -0.105E-01      -1370.80  0.4897 -0.153E-02
         21.4756    -1042.70  0.5528 -0.400E-01      -4071.86  0.4054 -0.680E-04      -1697.86  0.4723  0.117E-01       -959.88  0.5185 -0.105E-01      -1371.13  0.4897 -0.153E-02
         21.9184    -1081.34  0.5497 -0.400E-01      -4071.99  0.4054 -0.650E-04      -1696.73  0.4723  0.118E-01       -959.72  0.5185 -0.105E-01      -1371.54  0.4896 -0.153E-02
         22.4940    -1119.68  0.5467 -0.400E-01      -4072.18  0.4054 -0.609E-04      -1695.26  0.4724  0.118E-01       -959.52  0.5185 -0.105E-01      -1372.07  0.4896 -0.153E-02
         23.2446    -1156.71  0.5437 -0.400E-01      -4072.46  0.4054 -0.550E-04      -1693.35  0.4725  0.118E-01       -959.28  0.5185 -0.105E-01      -1372.73  0.4896 -0.152E-02
         24.2096    -1190.87  0.5410 -0.400E-01      -4072.88  0.4054 -0.469E-04      -1690.91  0.4726  0.118E-01       -959.00  0.5186 -0.105E-01      -1373.55  0.4895 -0.152E-02
         25.3677    -1224.22  0.5388 -0.400E-01      -4073.46  0.4054 -0.362E-04      -1688.00  0.4727  0.119E-01       -958.70  0.5186 -0.104E-01      -1374.50  0.4895 -0.152E-02
         26.9118    -1255.70  0.5368 -0.400E-01      -4074.41  0.4053 -0.207E-04      -1684.18  0.4729  0.119E-01       -958.38  0.5186 -0.104E-01      -1375.70  0.4894 -0.152E-02
         30.0000    -1284.59  0.5349 -0.400E-01      -4076.98  0.4053  0.144E-04      -1676.87  0.4732  0.120E-01       -958.09  0.5186 -0.102E-01      -1377.89  0.4892 -0.151E-02
         30.0001    -1288.89  0.5349 -0.101E-01      -4076.93  0.4053  0.140E-04      -1676.84  0.4732  0.120E-01       -958.06  0.5186 -0.102E-01      -1377.91  0.4892 -0.130E-02
         30.0002    -1288.08  0.5349 -0.108E-01      -4076.94  0.4053  0.141E-04      -1676.85  0.4732  0.120E-01       -958.07  0.5186 -0.102E-01      -1377.91  0.4892 -0.129E-02
         30.0004    -1288.72  0.5349 -0.939E-02      -4076.93  0.4053  0.140E-04      -1676.84  0.4732  0.120E-01       -958.07  0.5186 -0.102E-01      -1377.91  0.4892 -0.129E-02
         30.0006    -1288.54  0.5349 -0.103E-01      -4076.93  0.4053  0.141E-04      -1676.84  0.4732  0.120E-01       -958.07  0.5186 -0.102E-01      -1377.91  0.4892 -0.129E-02
         30.0009    -1288.68  0.5349 -0.105E-01      -4076.93  0.4053  0.141E-04      -1676.84  0.4732  0.120E-01       -958.07  0.5186 -0.102E-01      -1377.91  0.4892 -0.129E-02
         30.0013    -1288.67  0.5348 -0.996E-02      -4076.93  0.4053  0.141E-04      -1676.84  0.4732  0.120E-01       -958.07  0.5186 -0.102E-01      -1377.91  0.4892 -0.170E-02
         30.0018    -1288.74  0.5348 -0.101E-01      -4076.93  0.4053  0.141E-04      -1676.84  0.4732  0.120E-01       -958.07  0.5186 -0.102E-01      -1377.91  0.4892 -0.160E-02
         30.0024    -1288.80  0.5348 -0.101E-01      -4076.93  0.4053  0.141E-04      -1676.84  0.4732  0.120E-01       -958.07  0.5186 -0.102E-01      -1377.91  0.4892 -0.153E-02
         30.0032    -1288.89  0.5348 -0.996E-02      -4076.93  0.4053  0.141E-04      -1676.83  0.4732  0.120E-01       -958.07  0.5186 -0.102E-01      -1377.91  0.4892 -0.148E-02
         30.0043    -1289.00  0.5348 -0.995E-02      -4076.93  0.4053  0.141E-04      -1676.83  0.4732  0.120E-01       -958.07  0.5186 -0.102E-01      -1377.91  0.4892 -0.144E-02
         30.0056    -1289.15  0.5348 -0.995E-02      -4076.93  0.4053  0.141E-04      -1676.83  0.4732  0.120E-01       -958.07  0.5186 -0.102E-01      -1377.91  0.4892 -0.151E-02
         30.0074    -1289.34  0.5348 -0.100E-01      -4076.93  0.4053  0.141E-04      -1676.82  0.4732  0.120E-01       -958.07  0.5186 -0.102E-01      -1377.92  0.4892 -0.154E-02
         30.0098    -1289.59  0.5348 -0.100E-01      -4076.94  0.4053  0.142E-04      -1676.82  0.4732  0.120E-01       -958.07  0.5186 -0.102E-01      -1377.92  0.4892 -0.149E-02
         30.0128    -1289.91  0.5348 -0.100E-01      -4076.94  0.4053  0.142E-04      -1676.81  0.4732  0.120E-01       -958.07  0.5186 -0.102E-01      -1377.92  0.4892 -0.154E-02
         30.0167    -1290.32  0.5347 -0.100E-01      -4076.94  0.4053  0.142E-04      -1676.80  0.4732  0.120E-01       -958.07  0.5186 -0.102E-01      -1377.92  0.4892 -0.152E-02
         30.0218    -1290.86  0.5347 -0.100E-01      -4076.95  0.4053  0.143E-04      -1676.79  0.4732  0.120E-01       -958.06  0.5186 -0.102E-01      -1377.93  0.4892 -0.153E-02
         30.0285    -1291.56  0.5347 -0.998E-02      -4076.95  0.4053  0.144E-04      -1676.77  0.4732  0.120E-01       -958.06  0.5186 -0.102E-01      -1377.93  0.4892 -0.152E-02
         30.0372    -1292.47  0.5346 -0.100E-01      -4076.96  0.4053  0.145E-04      -1676.75  0.4732  0.120E-01       -958.06  0.5186 -0.102E-01      -1377.94  0.4892 -0.152E-02
         30.0484    -1293.63  0.5345 -0.100E-01      -4076.97  0.4053  0.146E-04      -1676.73  0.4733  0.120E-01       -958.06  0.5186 -0.102E-01      -1377.95  0.4892 -0.151E-02
         30.0630    -1295.14  0.5344 -0.999E-02      -4076.98  0.4053  0.148E-04      -1676.69  0.4733  0.120E-01       -958.06  0.5186 -0.102E-01      -1377.96  0.4892 -0.151E-02
         30.0820    -1297.09  0.5343 -0.100E-01      -4076.99  0.4053  0.150E-04      -1676.65  0.4733  0.120E-01       -958.06  0.5186 -0.102E-01      -1377.97  0.4892 -0.151E-02
         30.1067    -1299.59  0.5342 -0.100E-01      -4077.01  0.4053  0.153E-04      -1676.59  0.4733  0.120E-01       -958.06  0.5186 -0.102E-01      -1377.99  0.4892 -0.151E-02
         30.1388    -1302.80  0.5340 -0.100E-01      -4077.04  0.4053  0.156E-04      -1676.51  0.4733  0.120E-01       -958.05  0.5186 -0.102E-01      -1378.01  0.4892 -0.151E-02
         30.1806    -1306.89  0.5337 -0.100E-01      -4077.08  0.4053  0.161E-04      -1676.41  0.4733  0.120E-01       -958.05  0.5186 -0.102E-01      -1378.04  0.4892 -0.151E-02
         30.2349    -1312.08  0.5334 -0.100E-01      -4077.12  0.4053  0.167E-04      -1676.28  0.4733  0.120E-01       -958.04  0.5186 -0.102E-01      -1378.08  0.4892 -0.151E-02
         30.3054    -1318.63  0.5330 -0.100E-01      -4077.18  0.4053  0.175E-04      -1676.12  0.4733  0.120E-01       -958.04  0.5186 -0.102E-01      -1378.13  0.4892 -0.151E-02
         30.3972    -1326.82  0.5325 -0.100E-01      -4077.26  0.4053  0.186E-04      -1675.90  0.4733  0.120E-01       -958.03  0.5186 -0.102E-01      -1378.19  0.4892 -0.151E-02
         30.5164    -1336.98  0.5319 -0.100E-01      -4077.36  0.4053  0.199E-04      -1675.62  0.4733  0.120E-01       -958.02  0.5186 -0.102E-01      -1378.28  0.4892 -0.151E-02
         30.6715    -1349.42  0.5311 -0.100E-01      -4077.49  0.4053  0.217E-04      -1675.26  0.4733  0.120E-01       -958.01  0.5186 -0.102E-01      -1378.39  0.4892 -0.151E-02
         30.8730    -1364.47  0.5302 -0.100E-01      -4077.67  0.4053  0.241E-04      -1674.78  0.4733  0.120E-01       -957.99  0.5186 -0.102E-01      -1378.53  0.4892 -0.151E-02
         31.1350    -1382.41  0.5290 -0.100E-01      -4077.90  0.4053  0.271E-04      -1674.17  0.4734  0.120E-01       -957.97  0.5186 -0.101E-01      -1378.71  0.4892 -0.151E-02
         31.4756    -1403.44  0.5277 -0.100E-01      -4078.22  0.4053  0.312E-04      -1673.38  0.4734  0.120E-01       -957.96  0.5186 -0.101E-01      -1378.94  0.4892 -0.151E-02
         31.9184    -1427.68  0.5262 -0.100E-01      -4078.64  0.4053  0.365E-04      -1672.36  0.4735  0.120E-01       -957.94  0.5186 -0.101E-01      -1379.24  0.4892 -0.151E-02
         32.4940    -1455.13  0.5245 -0.100E-01      -4079.20  0.4053  0.435E-04      -1671.05  0.4735  0.120E-01       -957.93  0.5186 -0.101E-01      -1379.63  0.4891 -0.151E-02
         33.2446    -1485.76  0.5226 -0.100E-01      -4079.98  0.4053  0.527E-04      -1669.36  0.4736  0.120E-01       -957.94  0.5186 -0.100E-01      -1380.12  0.4891 -0.151E-02
         34.2096    -1518.88  0.5206 -0.100E-01      -4081.04  0.4052  0.648E-04      -1667.23  0.4737  0.120E-01       -957.97  0.5186 -0.995E-02      -1380.74  0.4891 -0.150E-02
         35.3677    -1561.36  0.5186 -0.100E-01      -4082.39  0.4052  0.795E-04      -1664.73  0.4738  0.120E-01       -958.06  0.5186 -0.987E-02      -1381.47  0.4890 -0.150E-02
         36.9118    -1604.72  0.5164 -0.100E-01      -4084.34  0.4052  0.993E-04      -1661.52  0.4740  0.120E-01       -958.25  0.5186 -0.977E-02      -1382.41  0.4890 -0.150E-02
         40.0000    -1667.60  0.5134 -0.100E-01      -4088.74  0.4051  0.139E-03      -1655.58  0.4743  0.119E-01       -958.88  0.5186 -0.955E-02      -1384.18  0.4889 -0.149E-02
         42.5000    -1711.06  0.5114 -0.100E-01      -4092.54  0.4051  0.171E-03      -1651.04  0.4745  0.119E-01       -959.52  0.5185 -0.937E-02      -1385.57  0.4888 -0.149E-02
         46.2500    -1762.68  0.5089 -0.100E-01      -4098.81  0.4050  0.216E-03      -1644.96  0.4748  0.118E-01       -960.80  0.5184 -0.909E-02      -1387.53  0.4887 -0.149E-02
         50.0000    -1805.25  0.5069 -0.100E-01      -4105.43  0.4048  0.259E-03      -1639.51  0.4750  0.117E-01       -962.29  0.5183 -0.882E-02      -1389.40  0.4885 -0.148E-02
         55.0000    -1978.50  0.4997 -0.279E-08      -4114.68  0.4047  0.309E-03      -1633.23  0.4753  0.115E-01       -964.65  0.5181 -0.847E-02      -1391.75  0.4884 -0.147E-02
         60.0000    -2096.89  0.4948  0.219E-07      -4124.07  0.4045  0.353E-03      -1627.97  0.4756  0.114E-01       -967.26  0.5179 -0.814E-02      -1393.98  0.4883 -0.147E-02
         65.0000    -2199.53  0.4912  0.419E-08      -4133.42  0.4044  0.390E-03      -1623.55  0.4758  0.112E-01       -970.19  0.5177 -0.780E-02      -1396.10  0.4881 -0.146E-02
         70.0000    -2278.91  0.4882  0.170E-07      -4142.52  0.4042  0.419E-03      -1619.92  0.4759  0.110E-01       -973.28  0.5175 -0.749E-02      -1398.13  0.4880 -0.146E-02
         80.0000    -2404.03  0.4836 -0.559E-08      -4158.30  0.4040  0.445E-03      -1615.03  0.4762  0.107E-01       -980.08  0.5169 -0.691E-02      -1401.87  0.4878 -0.145E-02
         90.0000    -2527.89  0.4801 -0.151E-08      -4171.26  0.4038  0.447E-03      -1611.70  0.4763  0.103E-01       -987.41  0.5164 -0.635E-02      -1405.39  0.4876 -0.144E-02
         90.0001    -2527.95  0.4801 -0.107E-01      -4171.50  0.4038  0.450E-03      -1611.55  0.4763  0.103E-01       -987.37  0.5164 -0.635E-02      -1405.41  0.4876 -0.133E-02
         90.0002    -2527.93  0.4801 -0.978E-02      -4171.45  0.4038  0.449E-03      -1611.58  0.4763  0.103E-01       -987.38  0.5164 -0.635E-02      -1405.41  0.4876 -0.133E-02
         90.0004    -2527.93  0.4801 -0.970E-02      -4171.49  0.4038  0.450E-03      -1611.56  0.4763  0.103E-01       -987.37  0.5164 -0.635E-02      -1405.41  0.4876 -0.133E-02
         90.0006    -2527.91  0.4801 -0.990E-02      -4171.48  0.4038  0.450E-03      -1611.57  0.4763  0.103E-01       -987.37  0.5164 -0.635E-02      -1405.41  0.4876 -0.133E-02
         90.0009    -2527.89  0.4801 -0.101E-01      -4171.48  0.4038  0.450E-03      -1611.56  0.4763  0.103E-01       -987.37  0.5164 -0.635E-02      -1405.41  0.4876 -0.133E-02
         90.0013    -2527.87  0.4801 -0.102E-01      -4171.48  0.4038  0.450E-03      -1611.56  0.4763  0.103E-01       -987.37  0.5164 -0.635E-02      -1405.41  0.4876 -0.133E-02
         90.0018    -2527.84  0.4801 -0.101E-01      -4171.48  0.4038  0.450E-03      -1611.56  0.4763  0.103E-01       -987.37  0.5164 -0.635E-02      -1405.41  0.4876 -0.133E-02
         90.0024    -2527.81  0.4801 -0.101E-01      -4171.48  0.4038  0.450E-03      -1611.56  0.4763  0.103E-01       -987.37  0.5164 -0.635E-02      -1405.41  0.4876 -0.157E-02
         90.0032    -2527.76  0.4801 -0.999E-02      -4171.48  0.4038  0.450E-03      -1611.56  0.4763  0.103E-01       -987.37  0.5164 -0.635E-02      -1405.41  0.4876 -0.151E-02
         90.0043    -2527.70  0.4801 -0.992E-02      -4171.48  0.4038  0.450E-03      -1611.56  0.4763  0.103E-01       -987.37  0.5164 -0.635E-02      -1405.41  0.4876 -0.147E-02
         90.0056    -2527.61  0.4801 -0.999E-02      -4171.49  0.4038  0.450E-03      -1611.56  0.4763  0.103E-01       -987.38  0.5164 -0.635E-02      -1405.41  0.4876 -0.144E-02
         90.0074    -2527.51  0.4801 -0.100E-01      -4171.49  0.4038  0.450E-03      -1611.56  0.4763  0.103E-01       -987.38  0.5164 -0.635E-02      -1405.41  0.4876 -0.141E-02
         90.0098    -2527.37  0.4801 -0.997E-02      -4171.49  0.4038  0.450E-03      -1611.56  0.4763  0.103E-01       -987.38  0.5164 -0.635E-02      -1405.41  0.4876 -0.146E-02
         90.0128    -2527.20  0.4801 -0.100E-01      -4171.50  0.4038  0.450E-03      -1611.56  0.4763  0.103E-01       -987.38  0.5164 -0.635E-02      -1405.42  0.4876 -0.143E-02
         90.0167    -2526.97  0.4801 -0.100E-01      -4171.50  0.4038  0.450E-03      -1611.56  0.4763  0.103E-01       -987.38  0.5164 -0.635E-02      -1405.42  0.4876 -0.145E-02
         90.0218    -2526.67  0.4801 -0.100E-01      -4171.51  0.4038  0.450E-03      -1611.56  0.4763  0.103E-01       -987.39  0.5164 -0.635E-02      -1405.42  0.4876 -0.145E-02
         90.0285    -2526.28  0.4801 -0.100E-01      -4171.52  0.4038  0.450E-03      -1611.56  0.4763  0.103E-01       -987.39  0.5164 -0.635E-02      -1405.42  0.4876 -0.144E-02
         90.0372    -2525.77  0.4802 -0.999E-02      -4171.53  0.4038  0.450E-03      -1611.55  0.4763  0.103E-01       -987.40  0.5164 -0.635E-02      -1405.42  0.4876 -0.144E-02
         90.0484    -2525.12  0.4802 -0.100E-01      -4171.54  0.4038  0.450E-03      -1611.55  0.4763  0.103E-01       -987.41  0.5164 -0.635E-02      -1405.43  0.4876 -0.144E-02
         90.0630    -2524.27  0.4802 -0.100E-01      -4171.56  0.4038  0.450E-03      -1611.54  0.4763  0.103E-01       -987.42  0.5164 -0.635E-02      -1405.43  0.4876 -0.143E-02
         90.0820    -2523.17  0.4802 -0.100E-01      -4171.59  0.4038  0.450E-03      -1611.54  0.4763  0.103E-01       -987.43  0.5164 -0.635E-02      -1405.44  0.4876 -0.143E-02
         90.1067    -2521.75  0.4803 -0.100E-01      -4171.62  0.4038  0.450E-03      -1611.53  0.4763  0.103E-01       -987.45  0.5164 -0.635E-02      -1405.45  0.4876 -0.143E-02
         90.1388    -2519.92  0.4803 -0.100E-01      -4171.66  0.4038  0.450E-03      -1611.52  0.4763  0.103E-01       -987.47  0.5164 -0.634E-02      -1405.46  0.4876 -0.144E-02
         90.1806    -2517.56  0.4804 -0.100E-01      -4171.71  0.4038  0.450E-03      -1611.50  0.4763  0.103E-01       -987.50  0.5164 -0.634E-02      -1405.47  0.4876 -0.144E-02
         90.2349    -2514.53  0.4805 -0.100E-01      -4171.78  0.4038  0.450E-03      -1611.49  0.4763  0.103E-01       -987.54  0.5164 -0.634E-02      -1405.49  0.4876 -0.144E-02
         90.3054    -2510.65  0.4806 -0.100E-01      -4171.88  0.4038  0.450E-03      -1611.46  0.4763  0.103E-01       -987.60  0.5164 -0.633E-02      -1405.52  0.4876 -0.144E-02
         90.3972    -2505.71  0.4807 -0.100E-01      -4172.00  0.4038  0.450E-03      -1611.43  0.4763  0.103E-01       -987.66  0.5164 -0.633E-02      -1405.55  0.4876 -0.144E-02
         90.5164    -2499.45  0.4809 -0.100E-01      -4172.15  0.4038  0.450E-03      -1611.40  0.4763  0.103E-01       -987.75  0.5164 -0.632E-02      -1405.59  0.4876 -0.144E-02
         90.6715    -2491.57  0.4811 -0.100E-01      -4172.35  0.4038  0.450E-03      -1611.35  0.4763  0.103E-01       -987.86  0.5163 -0.631E-02      -1405.65  0.4876 -0.144E-02
         90.8730    -2481.76  0.4814 -0.100E-01      -4172.61  0.4038  0.450E-03      -1611.28  0.4763  0.103E-01       -988.01  0.5163 -0.630E-02      -1405.72  0.4876 -0.144E-02
         91.1350    -2469.69  0.4817 -0.100E-01      -4172.94  0.4038  0.450E-03      -1611.20  0.4763  0.103E-01       -988.21  0.5163 -0.629E-02      -1405.81  0.4876 -0.144E-02
         91.4756    -2455.04  0.4821 -0.100E-01      -4173.37  0.4038  0.450E-03      -1611.10  0.4763  0.103E-01       -988.46  0.5163 -0.627E-02      -1405.93  0.4875 -0.144E-02
         91.9184    -2437.59  0.4826 -0.100E-01      -4173.92  0.4037  0.449E-03      -1610.97  0.4764  0.103E-01       -988.79  0.5163 -0.625E-02      -1406.08  0.4875 -0.144E-02
         92.4940    -2418.08  0.4832 -0.100E-01      -4174.63  0.4037  0.449E-03      -1610.81  0.4764  0.102E-01       -989.22  0.5162 -0.622E-02      -1406.28  0.4875 -0.144E-02
         93.2446    -2400.30  0.4839 -0.100E-01      -4175.53  0.4037  0.449E-03      -1610.60  0.4764  0.102E-01       -989.78  0.5162 -0.618E-02      -1406.53  0.4875 -0.143E-02
         94.2096    -2379.37  0.4846 -0.100E-01      -4176.66  0.4037  0.448E-03      -1610.35  0.4764  0.102E-01       -990.50  0.5161 -0.613E-02      -1406.86  0.4875 -0.143E-02
         95.3677    -2358.65  0.4854 -0.100E-01      -4177.97  0.4037  0.446E-03      -1610.07  0.4764  0.101E-01       -991.38  0.5161 -0.607E-02      -1407.26  0.4875 -0.143E-02
         96.9118    -2335.40  0.4862 -0.100E-01      -4179.63  0.4037  0.444E-03      -1609.74  0.4764  0.101E-01       -992.54  0.5160 -0.599E-02      -1407.77  0.4874 -0.143E-02
        100.0000    -2301.12  0.4875 -0.100E-01      -4182.57  0.4036  0.436E-03      -1609.20  0.4764  0.996E-02       -994.90  0.5158 -0.584E-02      -1408.79  0.4874 -0.143E-02
        102.5000    -2384.00  0.4849  0.885E-08      -4184.74  0.4036  0.429E-03      -1608.82  0.4765  0.988E-02       -996.80  0.5157 -0.573E-02      -1409.60  0.4873 -0.143E-02
        106.2500    -2454.72  0.4820  0.466E-08      -4187.36  0.4035  0.414E-03      -1608.44  0.4765  0.975E-02       -999.66  0.5154 -0.557E-02      -1410.78  0.4873 -0.142E-02
        110.0000    -2527.54  0.4801 -0.536E-08      -4189.45  0.4035  0.397E-03      -1608.18  0.4765  0.962E-02      -1002.51  0.5152 -0.541E-02      -1411.95  0.4872 -0.142E-02
        110.0001    -2527.38  0.4801 -0.999E-02      -4189.49  0.4035  0.397E-03      -1608.17  0.4765  0.962E-02      -1002.51  0.5152 -0.541E-02      -1411.95  0.4872 -0.133E-02
        110.0002    -2527.40  0.4801 -0.106E-01      -4189.48  0.4035  0.397E-03      -1608.17  0.4765  0.962E-02      -1002.51  0.5152 -0.541E-02      -1411.95  0.4872 -0.133E-02
        110.0004    -2527.37  0.4801 -0.960E-02      -4189.49  0.4035  0.397E-03      -1608.17  0.4765  0.962E-02      -1002.51  0.5152 -0.541E-02      -1411.95  0.4872 -0.133E-02
        110.0006    -2527.37  0.4801 -0.100E-01      -4189.49  0.4035  0.397E-03      -1608.17  0.4765  0.962E-02      -1002.51  0.5152 -0.541E-02      -1411.95  0.4872 -0.133E-02
        110.0009    -2527.35  0.4801 -0.985E-02      -4189.49  0.4035  0.397E-03      -1608.17  0.4765  0.962E-02      -1002.51  0.5152 -0.541E-02      -1411.95  0.4872 -0.133E-02
        110.0013    -2527.33  0.4801 -0.977E-02      -4189.49  0.4035  0.397E-03      -1608.17  0.4765  0.962E-02      -1002.51  0.5152 -0.541E-02      -1411.95  0.4872 -0.133E-02
        110.0018    -2527.31  0.4801 -0.995E-02      -4189.49  0.4035  0.397E-03      -1608.17  0.4765  0.962E-02      -1002.51  0.5152 -0.541E-02      -1411.95  0.4872 -0.133E-02
        110.0024    -2527.27  0.4801 -0.991E-02      -4189.49  0.4035  0.397E-03      -1608.17  0.4765  0.962E-02      -1002.51  0.5152 -0.541E-02      -1411.95  0.4872 -0.133E-02
        110.0032    -2527.23  0.4801 -0.100E-01      -4189.49  0.4035  0.397E-03      -1608.17  0.4765  0.962E-02      -1002.51  0.5152 -0.541E-02      -1411.95  0.4872 -0.133E-02
        110.0043    -2527.17  0.4801 -0.100E-01      -4189.49  0.4035  0.397E-03      -1608.17  0.4765  0.962E-02      -1002.51  0.5152 -0.541E-02      -1411.95  0.4872 -0.147E-02
        110.0056    -2527.10  0.4801 -0.100E-01      -4189.49  0.4035  0.397E-03      -1608.17  0.4765  0.962E-02      -1002.52  0.5152 -0.541E-02      -1411.95  0.4872 -0.143E-02
        110.0074    -2527.00  0.4801 -0.100E-01      -4189.49  0.4035  0.397E-03      -1608.17  0.4765  0.962E-02      -1002.52  0.5152 -0.541E-02      -1411.95  0.4872 -0.141E-02
        110.0098    -2526.88  0.4801 -0.998E-02      -4189.49  0.4035  0.397E-03      -1608.17  0.4765  0.962E-02      -1002.52  0.5152 -0.541E-02      -1411.95  0.4872 -0.139E-02
        110.0128    -2526.72  0.4801 -0.999E-02      -4189.50  0.4035  0.397E-03      -1608.17  0.4765  0.962E-02      -1002.52  0.5152 -0.541E-02      -1411.95  0.4872 -0.142E-02
        110.0167    -2526.51  0.4801 -0.999E-02      -4189.50  0.4035  0.397E-03      -1608.17  0.4765  0.962E-02      -1002.52  0.5152 -0.541E-02      -1411.96  0.4872 -0.144E-02
        110.0218    -2526.24  0.4802 -0.100E-01      -4189.50  0.4035  0.397E-03      -1608.17  0.4765  0.962E-02      -1002.53  0.5152 -0.541E-02      -1411.96  0.4872 -0.141E-02
        110.0285    -2525.89  0.4802 -0.100E-01      -4189.50  0.4035  0.397E-03      -1608.17  0.4765  0.962E-02      -1002.53  0.5152 -0.541E-02      -1411.96  0.4872 -0.142E-02
        110.0372    -2525.43  0.4802 -0.999E-02      -4189.51  0.4035  0.397E-03      -1608.17  0.4765  0.962E-02      -1002.54  0.5152 -0.541E-02      -1411.96  0.4872 -0.141E-02
        110.0484    -2524.84  0.4802 -0.100E-01      -4189.51  0.4035  0.397E-03      -1608.17  0.4765  0.962E-02      -1002.55  0.5152 -0.541E-02      -1411.97  0.4872 -0.142E-02
        110.0630    -2524.07  0.4802 -0.100E-01      -4189.52  0.4035  0.397E-03      -1608.16  0.4765  0.962E-02      -1002.56  0.5152 -0.541E-02      -1411.97  0.4872 -0.142E-02
        110.0820    -2523.08  0.4802 -0.100E-01      -4189.53  0.4035  0.396E-03      -1608.16  0.4765  0.962E-02      -1002.57  0.5152 -0.541E-02      -1411.98  0.4872 -0.142E-02
        110.1067    -2521.79  0.4803 -0.100E-01      -4189.55  0.4035  0.396E-03      -1608.16  0.4765  0.962E-02      -1002.59  0.5152 -0.541E-02      -1411.98  0.4872 -0.142E-02
        110.1388    -2520.13  0.4803 -0.100E-01      -4189.56  0.4035  0.396E-03      -1608.16  0.4765  0.962E-02      -1002.62  0.5152 -0.541E-02      -1411.99  0.4872 -0.142E-02
        110.1806    -2518.00  0.4804 -0.100E-01      -4189.59  0.4035  0.396E-03      -1608.16  0.4765  0.962E-02      -1002.65  0.5152 -0.540E-02      -1412.01  0.4872 -0.142E-02
        110.2349    -2515.25  0.4805 -0.100E-01      -4189.62  0.4035  0.396E-03      -1608.15  0.4765  0.961E-02      -1002.69  0.5152 -0.540E-02      -1412.02  0.4872 -0.142E-02
        110.3054    -2511.73  0.4806 -0.100E-01      -4189.65  0.4035  0.395E-03      -1608.15  0.4765  0.961E-02      -1002.74  0.5152 -0.540E-02      -1412.04  0.4872 -0.142E-02
        110.3972    -2507.25  0.4807 -0.100E-01      -4189.71  0.4035  0.395E-03      -1608.14  0.4765  0.961E-02      -1002.81  0.5152 -0.539E-02      -1412.07  0.4872 -0.142E-02
        110.5164    -2501.56  0.4808 -0.100E-01      -4189.77  0.4035  0.394E-03      -1608.14  0.4765  0.960E-02      -1002.90  0.5152 -0.539E-02      -1412.11  0.4872 -0.142E-02
        110.6715    -2494.41  0.4810 -0.100E-01      -4189.85  0.4035  0.394E-03      -1608.13  0.4765  0.960E-02      -1003.02  0.5152 -0.538E-02      -1412.16  0.4872 -0.142E-02
        110.8730    -2485.48  0.4813 -0.100E-01      -4189.96  0.4035  0.393E-03      -1608.11  0.4765  0.959E-02      -1003.18  0.5152 -0.538E-02      -1412.22  0.4872 -0.142E-02
        111.1350    -2474.48  0.4816 -0.100E-01      -4190.09  0.4035  0.391E-03      -1608.10  0.4765  0.958E-02      -1003.37  0.5152 -0.536E-02      -1412.30  0.4872 -0.142E-02
        111.4756    -2461.10  0.4820 -0.100E-01      -4190.26  0.4035  0.390E-03      -1608.08  0.4765  0.957E-02      -1003.63  0.5151 -0.535E-02      -1412.41  0.4872 -0.142E-02
        111.9184    -2445.12  0.4824 -0.100E-01      -4190.47  0.4035  0.388E-03      -1608.06  0.4765  0.956E-02      -1003.97  0.5151 -0.533E-02      -1412.54  0.4871 -0.142E-02
        112.4940    -2426.41  0.4830 -0.100E-01      -4190.72  0.4035  0.385E-03      -1608.03  0.4765  0.954E-02      -1004.41  0.5151 -0.531E-02      -1412.72  0.4871 -0.142E-02
        113.2446    -2408.78  0.4836 -0.100E-01      -4191.04  0.4035  0.381E-03      -1608.01  0.4765  0.951E-02      -1004.98  0.5150 -0.528E-02      -1412.95  0.4871 -0.142E-02
        114.2096    -2389.61  0.4843 -0.100E-01      -4191.40  0.4035  0.375E-03      -1607.98  0.4765  0.948E-02      -1005.71  0.5150 -0.525E-02      -1413.24  0.4871 -0.142E-02
        115.3677    -2370.02  0.4850 -0.100E-01      -4191.78  0.4035  0.369E-03      -1607.96  0.4765  0.944E-02      -1006.58  0.5149 -0.520E-02      -1413.59  0.4871 -0.142E-02
        116.9118    -2348.03  0.4858 -0.100E-01      -4192.18  0.4034  0.360E-03      -1607.95  0.4765  0.939E-02      -1007.75  0.5148 -0.514E-02      -1414.05  0.4871 -0.141E-02
        120.0000    -2314.44  0.4870 -0.100E-01      -4192.55  0.4034  0.340E-03      -1608.00  0.4765  0.930E-02      -1010.07  0.5146 -0.504E-02      -1414.96  0.4870 -0.141E-02
        122.5000    -2397.68  0.4844 -0.126E-07      -4192.63  0.4034  0.323E-03      -1608.09  0.4765  0.922E-02      -1011.93  0.5145 -0.495E-02      -1415.68  0.4870 -0.141E-02
        126.2500    -2470.91  0.4816  0.221E-07      -4192.11  0.4034  0.296E-03      -1608.31  0.4765  0.910E-02      -1014.72  0.5143 -0.483E-02      -1416.75  0.4869 -0.141E-02
        130.0000    -2541.58  0.4797 -0.373E-08      -4191.07  0.4035  0.268E-03      -1608.61  0.4765  0.899E-02      -1017.48  0.5141 -0.471E-02      -1417.80  0.4868 -0.140E-02
        130.0001    -2541.83  0.4797 -0.992E-02      -4191.11  0.4035  0.268E-03      -1608.61  0.4765  0.899E-02      -1017.48  0.5141 -0.471E-02      -1417.80  0.4868 -0.132E-02
        130.0002    -2541.78  0.4797 -0.105E-01      -4191.10  0.4035  0.268E-03      -1608.61  0.4765  0.899E-02      -1017.48  0.5141 -0.471E-02      -1417.80  0.4868 -0.132E-02
        130.0004    -2541.80  0.4797 -0.952E-02      -4191.11  0.4035  0.268E-03      -1608.61  0.4765  0.899E-02      -1017.48  0.5141 -0.471E-02      -1417.80  0.4868 -0.132E-02
        130.0006    -2541.78  0.4797 -0.993E-02      -4191.11  0.4035  0.268E-03      -1608.61  0.4765  0.899E-02      -1017.48  0.5141 -0.471E-02      -1417.80  0.4868 -0.132E-02
        130.0009    -2541.77  0.4797 -0.978E-02      -4191.11  0.4035  0.268E-03      -1608.61  0.4765  0.899E-02      -1017.48  0.5141 -0.471E-02      -1417.80  0.4868 -0.132E-02
        130.0013    -2541.75  0.4797 -0.101E-01      -4191.11  0.4035  0.268E-03      -1608.61  0.4765  0.899E-02      -1017.48  0.5141 -0.471E-02      -1417.80  0.4868 -0.132E-02
        130.0018    -2541.72  0.4797 -0.988E-02      -4191.11  0.4035  0.268E-03      -1608.61  0.4765  0.899E-02      -1017.48  0.5141 -0.471E-02      -1417.80  0.4868 -0.132E-02
        130.0024    -2541.69  0.4797 -0.101E-01      -4191.11  0.4035  0.268E-03      -1608.61  0.4765  0.899E-02      -1017.48  0.5141 -0.471E-02      -1417.80  0.4868 -0.132E-02
        130.0032    -2541.64  0.4797 -0.997E-02      -4191.11  0.4035  0.268E-03      -1608.61  0.4765  0.899E-02      -1017.48  0.5141 -0.471E-02      -1417.80  0.4868 -0.132E-02
        130.0043    -2541.59  0.4797 -0.993E-02      -4191.11  0.4035  0.268E-03      -1608.61  0.4765  0.899E-02      -1017.48  0.5141 -0.471E-02      -1417.80  0.4868 -0.146E-02
        130.0056    -2541.51  0.4797 -0.100E-01      -4191.11  0.4035  0.268E-03      -1608.61  0.4765  0.899E-02      -1017.48  0.5141 -0.471E-02      -1417.80  0.4868 -0.143E-02
        130.0074    -2541.42  0.4797 -0.997E-02      -4191.11  0.4035  0.268E-03      -1608.61  0.4765  0.899E-02      -1017.48  0.5141 -0.471E-02      -1417.80  0.4868 -0.140E-02
        130.0098    -2541.29  0.4797 -0.100E-01      -4191.11  0.4035  0.268E-03      -1608.61  0.4765  0.899E-02      -1017.48  0.5141 -0.471E-02      -1417.80  0.4868 -0.138E-02
        130.0128    -2541.13  0.4797 -0.997E-02      -4191.11  0.4035  0.268E-03      -1608.61  0.4765  0.899E-02      -1017.49  0.5141 -0.471E-02      -1417.80  0.4868 -0.142E-02
        130.0167    -2540.92  0.4797 -0.999E-02      -4191.11  0.4035  0.268E-03      -1608.61  0.4765  0.899E-02      -1017.49  0.5141 -0.471E-02      -1417.81  0.4868 -0.140E-02
        130.0218    -2540.65  0.4797 -0.999E-02      -4191.11  0.4035  0.268E-03      -1608.61  0.4765  0.899E-02      -1017.49  0.5141 -0.471E-02      -1417.81  0.4868 -0.141E-02
        130.0285    -2540.29  0.4798 -0.100E-01      -4191.11  0.4035  0.268E-03      -1608.61  0.4765  0.899E-02      -1017.50  0.5141 -0.471E-02      -1417.81  0.4868 -0.141E-02
        130.0372    -2539.83  0.4798 -0.100E-01      -4191.10  0.4035  0.268E-03      -1608.61  0.4765  0.899E-02      -1017.51  0.5141 -0.471E-02      -1417.81  0.4868 -0.141E-02
        130.0484    -2539.23  0.4798 -0.100E-01      -4191.10  0.4035  0.268E-03      -1608.61  0.4765  0.899E-02      -1017.51  0.5141 -0.471E-02      -1417.81  0.4868 -0.140E-02
        130.0630    -2538.46  0.4798 -0.100E-01      -4191.10  0.4035  0.268E-03      -1608.61  0.4765  0.899E-02      -1017.52  0.5141 -0.471E-02      -1417.82  0.4868 -0.140E-02
        130.0820    -2537.45  0.4798 -0.100E-01      -4191.09  0.4035  0.268E-03      -1608.61  0.4765  0.899E-02      -1017.54  0.5141 -0.471E-02      -1417.82  0.4868 -0.141E-02
        130.1067    -2536.15  0.4799 -0.100E-01      -4191.08  0.4035  0.268E-03      -1608.61  0.4765  0.899E-02      -1017.56  0.5141 -0.471E-02      -1417.83  0.4868 -0.140E-02
        130.1388    -2534.48  0.4799 -0.100E-01      -4191.07  0.4035  0.267E-03      -1608.62  0.4765  0.899E-02      -1017.58  0.5141 -0.471E-02      -1417.84  0.4868 -0.140E-02
        130.1806    -2532.32  0.4800 -0.100E-01      -4191.06  0.4035  0.267E-03      -1608.62  0.4765  0.899E-02      -1017.61  0.5141 -0.471E-02      -1417.85  0.4868 -0.141E-02
        130.2349    -2529.54  0.4801 -0.100E-01      -4191.04  0.4035  0.267E-03      -1608.62  0.4765  0.898E-02      -1017.65  0.5141 -0.470E-02      -1417.87  0.4868 -0.141E-02
        130.3054    -2525.98  0.4802 -0.100E-01      -4191.02  0.4035  0.266E-03      -1608.63  0.4765  0.898E-02      -1017.70  0.5141 -0.470E-02      -1417.89  0.4868 -0.140E-02
        130.3972    -2521.45  0.4803 -0.100E-01      -4191.00  0.4035  0.265E-03      -1608.64  0.4765  0.898E-02      -1017.77  0.5141 -0.470E-02      -1417.91  0.4868 -0.140E-02
        130.5164    -2515.70  0.4804 -0.100E-01      -4190.96  0.4035  0.265E-03      -1608.65  0.4765  0.897E-02      -1017.86  0.5140 -0.469E-02      -1417.94  0.4868 -0.140E-02
        130.6715    -2508.45  0.4806 -0.100E-01      -4190.91  0.4035  0.263E-03      -1608.66  0.4765  0.897E-02      -1017.97  0.5140 -0.469E-02      -1417.99  0.4868 -0.140E-02
        130.8730    -2499.40  0.4809 -0.100E-01      -4190.85  0.4035  0.262E-03      -1608.68  0.4765  0.896E-02      -1018.12  0.5140 -0.468E-02      -1418.04  0.4868 -0.140E-02
        131.1350    -2488.24  0.4812 -0.100E-01      -4190.76  0.4035  0.260E-03      -1608.70  0.4765  0.896E-02      -1018.31  0.5140 -0.468E-02      -1418.12  0.4868 -0.140E-02
        131.4756    -2474.64  0.4816 -0.100E-01      -4190.64  0.4035  0.257E-03      -1608.73  0.4765  0.895E-02      -1018.56  0.5140 -0.467E-02      -1418.21  0.4868 -0.140E-02
        131.9184    -2458.37  0.4821 -0.100E-01      -4190.49  0.4035  0.254E-03      -1608.77  0.4765  0.893E-02      -1018.89  0.5140 -0.465E-02      -1418.33  0.4868 -0.140E-02
        132.4940    -2439.27  0.4826 -0.100E-01      -4190.26  0.4035  0.249E-03      -1608.83  0.4765  0.892E-02      -1019.31  0.5139 -0.463E-02      -1418.49  0.4868 -0.140E-02
        133.2446    -2418.14  0.4832 -0.100E-01      -4189.96  0.4035  0.244E-03      -1608.90  0.4765  0.889E-02      -1019.86  0.5139 -0.461E-02      -1418.70  0.4868 -0.140E-02
        134.2096    -2399.39  0.4839 -0.100E-01      -4189.52  0.4035  0.236E-03      -1609.00  0.4764  0.887E-02      -1020.56  0.5138 -0.458E-02      -1418.97  0.4868 -0.140E-02
        135.3677    -2378.75  0.4846 -0.100E-01      -4188.95  0.4035  0.227E-03      -1609.13  0.4764  0.883E-02      -1021.40  0.5138 -0.455E-02      -1419.28  0.4867 -0.140E-02
        136.9118    -2356.36  0.4855 -0.100E-01      -4188.09  0.4035  0.214E-03      -1609.31  0.4764  0.879E-02      -1022.52  0.5137 -0.451E-02      -1419.70  0.4867 -0.140E-02
        140.0000    -2321.27  0.4868 -0.100E-01      -4186.02  0.4035  0.189E-03      -1609.73  0.4764  0.870E-02      -1024.75  0.5135 -0.442E-02      -1420.52  0.4867 -0.140E-02
        142.5000    -2403.62  0.4841 -0.200E-07      -4184.15  0.4036  0.169E-03      -1610.09  0.4764  0.863E-02      -1026.54  0.5134 -0.435E-02      -1421.18  0.4866 -0.140E-02
        146.2500    -2476.39  0.4814  0.466E-08      -4180.84  0.4036  0.138E-03      -1610.74  0.4764  0.852E-02      -1029.19  0.5132 -0.426E-02      -1422.15  0.4866 -0.139E-02
        150.0000    -2544.93  0.4796 -0.279E-07      -4177.10  0.4037  0.107E-03      -1611.42  0.4763  0.842E-02      -1031.83  0.5130 -0.416E-02      -1423.10  0.4865 -0.139E-02
end
