 ******* Program HYDRUS
 ******* 
 Welcome to HYDRUS-1D                                                    
 Date:  30.10.    Time:   4:41:32
 Units: L = mm   , T = min  , M = mmol 

       Time          rTop        rRoot        vTop         vRoot        vBot       sum(rTop)   sum(rRoot)    sum(vTop)   sum(vRoot)    sum(vBot)      hTop         hRoot        hBot        RunOff    sum(RunOff)     Volume     sum(Infil)    sum(Evap) TLevel Cum(WTrans)  SnowLayer
        [T]         [L/T]        [L/T]        [L/T]        [L/T]        [L/T]         [L]          [L]          [L]         [L]           [L]         [L]           [L]         [L]          [L/T]         [L]          [L]          [L]          [L]

      10.0001 -0.17000E+00  0.00000E+00 -0.16989E+00  0.00000E+00 -0.13796E-02 -0.17000E-04  0.00000E+00 -0.16989E-04  0.00000E+00 -0.13796E-06 -0.73361E+04  0.00000E+00 -0.13509E+04  0.10800E-03  0.10800E-07  0.47268E+03  0.16989E-04  0.00000E+00      1  0.00000E+00      0.000
      10.0002 -0.17000E+00  0.00000E+00 -0.16989E+00  0.00000E+00 -0.13796E-02 -0.34000E-04  0.00000E+00 -0.33978E-04  0.00000E+00 -0.27592E-06 -0.73358E+04  0.00000E+00 -0.13509E+04  0.10744E-03  0.21544E-07  0.47268E+03  0.33978E-04  0.00000E+00      2  0.00000E+00      0.000
      10.0003 -0.17000E+00  0.00000E+00 -0.16989E+00  0.00000E+00 -0.10072E-02 -0.56667E-04  0.00000E+00 -0.56631E-04  0.00000E+00 -0.41022E-06 -0.73353E+04  0.00000E+00 -0.13509E+04  0.10651E-03  0.35746E-07  0.47268E+03  0.56631E-04  0.00000E+00      3  0.00000E+00      0.000
      10.0005 -0.17000E+00  0.00000E+00 -0.16989E+00  0.00000E+00 -0.16778E-02 -0.85000E-04  0.00000E+00 -0.84947E-04  0.00000E+00 -0.68986E-06 -0.73347E+04  0.00000E+00 -0.13509E+04  0.10543E-03  0.53317E-07  0.47268E+03  0.84947E-04  0.00000E+00      4  0.00000E+00      0.000
      10.0008 -0.17000E+00  0.00000E+00 -0.16990E+00  0.00000E+00 -0.16781E-02 -0.12750E-03  0.00000E+00 -0.12742E-03  0.00000E+00 -0.11094E-05 -0.73338E+04  0.00000E+00 -0.13509E+04  0.10376E-03  0.79256E-07  0.47268E+03  0.12742E-03  0.00000E+00      5  0.00000E+00      0.000
      10.0010 -0.17000E+00  0.00000E+00 -0.16990E+00  0.00000E+00 -0.16783E-02 -0.17000E-03  0.00000E+00 -0.16990E-03  0.00000E+00 -0.15290E-05 -0.73329E+04  0.00000E+00 -0.13509E+04  0.10207E-03  0.10477E-06  0.47268E+03  0.16990E-03  0.00000E+00      6  0.00000E+00      0.000
      10.0011 -0.24000E+00  0.00000E+00 -0.23993E+00  0.00000E+00 -0.13804E-02 -0.19400E-03  0.00000E+00 -0.19389E-03  0.00000E+00 -0.16670E-05 -0.73323E+04  0.00000E+00 -0.13509E+04  0.65655E-04  0.11134E-06  0.47268E+03  0.19389E-03  0.00000E+00      7  0.00000E+00      0.000
      10.0012 -0.24000E+00  0.00000E+00 -0.23959E+00  0.00000E+00 -0.21829E-02 -0.22520E-03  0.00000E+00 -0.22504E-03  0.00000E+00 -0.19508E-05 -0.73317E+04  0.00000E+00 -0.13509E+04  0.40832E-03  0.16442E-06  0.47268E+03  0.22504E-03  0.00000E+00      8  0.00000E+00      0.000
      10.0014 -0.24000E+00  0.00000E+00 -0.23986E+00  0.00000E+00 -0.16540E-02 -0.26576E-03  0.00000E+00 -0.26557E-03  0.00000E+00 -0.22303E-05 -0.73308E+04  0.00000E+00 -0.13509E+04  0.14220E-03  0.18845E-06  0.47268E+03  0.26557E-03  0.00000E+00      9  0.00000E+00      0.000
      10.0016 -0.24000E+00  0.00000E+00 -0.24013E+00  0.00000E+00 -0.19256E-02 -0.31849E-03  0.00000E+00 -0.31833E-03  0.00000E+00 -0.26534E-05 -0.73296E+04  0.00000E+00 -0.13509E+04  0.13117E-03  0.21727E-06  0.47268E+03  0.31833E-03  0.00000E+00     10  0.00000E+00      0.000
      10.0019 -0.24000E+00  0.00000E+00 -0.24003E+00  0.00000E+00 -0.14563E-02 -0.38703E-03  0.00000E+00 -0.38688E-03  0.00000E+00 -0.30693E-05 -0.73282E+04  0.00000E+00 -0.13509E+04  0.29519E-04  0.22570E-06  0.47268E+03  0.38688E-03  0.00000E+00     11  0.00000E+00      0.000
      10.0023 -0.24000E+00  0.00000E+00 -0.24003E+00  0.00000E+00 -0.14967E-02 -0.47614E-03  0.00000E+00 -0.47601E-03  0.00000E+00 -0.36250E-05 -0.73262E+04  0.00000E+00 -0.13509E+04  0.33051E-04  0.23798E-06  0.47268E+03  0.47601E-03  0.00000E+00     12  0.00000E+00      0.000
      10.0028 -0.24000E+00  0.00000E+00 -0.23991E+00  0.00000E+00 -0.17441E-02 -0.59199E-03  0.00000E+00 -0.59181E-03  0.00000E+00 -0.44669E-05 -0.73237E+04  0.00000E+00 -0.13509E+04  0.85875E-04  0.27943E-06  0.47268E+03  0.59181E-03  0.00000E+00     13  0.00000E+00      0.000
      10.0034 -0.24000E+00  0.00000E+00 -0.23990E+00  0.00000E+00 -0.15547E-02 -0.74258E-03  0.00000E+00 -0.74234E-03  0.00000E+00 -0.54424E-05 -0.73205E+04  0.00000E+00 -0.13509E+04  0.10370E-03  0.34449E-06  0.47268E+03  0.74234E-03  0.00000E+00     14  0.00000E+00      0.000
      10.0042 -0.24000E+00  0.00000E+00 -0.24009E+00  0.00000E+00 -0.15372E-02 -0.93836E-03  0.00000E+00 -0.93818E-03  0.00000E+00 -0.66963E-05 -0.73162E+04  0.00000E+00 -0.13509E+04  0.86710E-04  0.41523E-06  0.47268E+03  0.93818E-03  0.00000E+00     15  0.00000E+00      0.000
      10.0053 -0.24000E+00  0.00000E+00 -0.24007E+00  0.00000E+00 -0.15802E-02 -0.11929E-02  0.00000E+00 -0.11928E-02  0.00000E+00 -0.83720E-05 -0.73107E+04  0.00000E+00 -0.13509E+04  0.68665E-04  0.48804E-06  0.47268E+03  0.11928E-02  0.00000E+00     16  0.00000E+00      0.000
      10.0066 -0.24000E+00  0.00000E+00 -0.24004E+00  0.00000E+00 -0.16247E-02 -0.15237E-02  0.00000E+00 -0.15237E-02  0.00000E+00 -0.10612E-04 -0.73035E+04  0.00000E+00 -0.13510E+04  0.38549E-04  0.54118E-06  0.47269E+03  0.15237E-02  0.00000E+00     17  0.00000E+00      0.000
      10.0084 -0.24000E+00  0.00000E+00 -0.23997E+00  0.00000E+00 -0.15597E-02 -0.19538E-02  0.00000E+00 -0.19537E-02  0.00000E+00 -0.13407E-04 -0.72942E+04  0.00000E+00 -0.13510E+04  0.27522E-04  0.59051E-06  0.47269E+03  0.19537E-02  0.00000E+00     18  0.00000E+00      0.000
      10.0108 -0.24000E+00  0.00000E+00 -0.24003E+00  0.00000E+00 -0.15617E-02 -0.25130E-02  0.00000E+00 -0.25130E-02  0.00000E+00 -0.17045E-04 -0.72821E+04  0.00000E+00 -0.13510E+04  0.26777E-04  0.65290E-06  0.47269E+03  0.25130E-02  0.00000E+00     19  0.00000E+00      0.000
      10.0138 -0.24000E+00  0.00000E+00 -0.23999E+00  0.00000E+00 -0.15741E-02 -0.32399E-02  0.00000E+00 -0.32398E-02  0.00000E+00 -0.21813E-04 -0.72664E+04  0.00000E+00 -0.13510E+04  0.00000E+00  0.65290E-06  0.47269E+03  0.32398E-02  0.00000E+00     20  0.00000E+00      0.000
      10.0177 -0.24000E+00  0.00000E+00 -0.24001E+00  0.00000E+00 -0.15700E-02 -0.41849E-02  0.00000E+00 -0.41849E-02  0.00000E+00 -0.27995E-04 -0.72459E+04  0.00000E+00 -0.13510E+04  0.11250E-04  0.69719E-06  0.47269E+03  0.41849E-02  0.00000E+00     21  0.00000E+00      0.000
      10.0228 -0.24000E+00  0.00000E+00 -0.24000E+00  0.00000E+00 -0.15686E-02 -0.54133E-02  0.00000E+00 -0.54133E-02  0.00000E+00 -0.36024E-04 -0.72193E+04  0.00000E+00 -0.13510E+04  0.00000E+00  0.69719E-06  0.47269E+03  0.54133E-02  0.00000E+00     22  0.00000E+00      0.000
      10.0295 -0.24000E+00  0.00000E+00 -0.24000E+00  0.00000E+00 -0.15720E-02 -0.70103E-02  0.00000E+00 -0.70103E-02  0.00000E+00 -0.46484E-04 -0.71848E+04  0.00000E+00 -0.13511E+04  0.00000E+00  0.69719E-06  0.47269E+03  0.70103E-02  0.00000E+00     23  0.00000E+00      0.000
      10.0382 -0.24000E+00  0.00000E+00 -0.24000E+00  0.00000E+00 -0.15758E-02 -0.90864E-02  0.00000E+00 -0.90864E-02  0.00000E+00 -0.60115E-04 -0.71399E+04  0.00000E+00 -0.13511E+04  0.00000E+00  0.69719E-06  0.47269E+03  0.90864E-02  0.00000E+00     24  0.00000E+00      0.000
      10.0494 -0.24000E+00  0.00000E+00 -0.24000E+00  0.00000E+00 -0.15747E-02 -0.11785E-01  0.00000E+00 -0.11785E-01  0.00000E+00 -0.77823E-04 -0.70815E+04  0.00000E+00 -0.13512E+04  0.00000E+00  0.69719E-06  0.47270E+03  0.11785E-01  0.00000E+00     25  0.00000E+00      0.000
      10.0640 -0.24000E+00  0.00000E+00 -0.24000E+00  0.00000E+00 -0.15745E-02 -0.15294E-01  0.00000E+00 -0.15294E-01  0.00000E+00 -0.10084E-03 -0.70057E+04  0.00000E+00 -0.13513E+04  0.00000E+00  0.69719E-06  0.47270E+03  0.15294E-01  0.00000E+00     26  0.00000E+00      0.000
      10.0830 -0.24000E+00  0.00000E+00 -0.24000E+00  0.00000E+00 -0.15744E-02 -0.19855E-01  0.00000E+00 -0.19855E-01  0.00000E+00 -0.13076E-03 -0.69073E+04  0.00000E+00 -0.13514E+04  0.00000E+00  0.69719E-06  0.47270E+03  0.19855E-01  0.00000E+00     27  0.00000E+00      0.000
      10.1077 -0.24000E+00  0.00000E+00 -0.24000E+00  0.00000E+00 -0.15713E-02 -0.25785E-01  0.00000E+00 -0.25785E-01  0.00000E+00 -0.16958E-03 -0.67794E+04  0.00000E+00 -0.13515E+04  0.00000E+00  0.69719E-06  0.47271E+03  0.25785E-01  0.00000E+00     28  0.00000E+00      0.000
      10.1398 -0.24000E+00  0.00000E+00 -0.24000E+00  0.00000E+00 -0.15676E-02 -0.33493E-01  0.00000E+00 -0.33493E-01  0.00000E+00 -0.21993E-03 -0.66135E+04  0.00000E+00 -0.13517E+04  0.00000E+00  0.69719E-06  0.47272E+03  0.33493E-01  0.00000E+00     29  0.00000E+00      0.000
      10.1816 -0.24000E+00  0.00000E+00 -0.24000E+00  0.00000E+00 -0.15703E-02 -0.43514E-01  0.00000E+00 -0.43514E-01  0.00000E+00 -0.28550E-03 -0.63982E+04  0.00000E+00 -0.13519E+04  0.00000E+00  0.69719E-06  0.47273E+03  0.43514E-01  0.00000E+00     30  0.00000E+00      0.000
      10.2359 -0.24000E+00  0.00000E+00 -0.24000E+00  0.00000E+00 -0.15683E-02 -0.56541E-01  0.00000E+00 -0.56541E-01  0.00000E+00 -0.37062E-03 -0.61238E+04  0.00000E+00 -0.13521E+04  0.00000E+00  0.69719E-06  0.47274E+03  0.56541E-01  0.00000E+00     31  0.00000E+00      0.000
      10.3064 -0.24000E+00  0.00000E+00 -0.24000E+00  0.00000E+00 -0.15677E-02 -0.73477E-01  0.00000E+00 -0.73476E-01  0.00000E+00 -0.48125E-03 -0.58596E+04  0.00000E+00 -0.13525E+04  0.00000E+00  0.69719E-06  0.47276E+03  0.73476E-01  0.00000E+00     32  0.00000E+00      0.000
      10.3982 -0.24000E+00  0.00000E+00 -0.24000E+00  0.00000E+00 -0.15677E-02 -0.95493E-01  0.00000E+00 -0.95492E-01  0.00000E+00 -0.62506E-03 -0.54963E+04  0.00000E+00 -0.13529E+04  0.00000E+00  0.69719E-06  0.47278E+03  0.95492E-01  0.00000E+00     33  0.00000E+00      0.000
      10.5174 -0.24000E+00  0.00000E+00 -0.24000E+00  0.00000E+00 -0.15668E-02 -0.12411E+00  0.00000E+00 -0.12411E+00  0.00000E+00 -0.81191E-03 -0.50455E+04  0.00000E+00 -0.13534E+04  0.00000E+00  0.69719E-06  0.47281E+03  0.12411E+00  0.00000E+00     34  0.00000E+00      0.000
      10.6725 -0.24000E+00  0.00000E+00 -0.24000E+00  0.00000E+00 -0.15662E-02 -0.16132E+00  0.00000E+00 -0.16132E+00  0.00000E+00 -0.10547E-02 -0.45709E+04  0.00000E+00 -0.13540E+04  0.00000E+00  0.69719E-06  0.47284E+03  0.16132E+00  0.00000E+00     35  0.00000E+00      0.000
      10.8740 -0.24000E+00  0.00000E+00 -0.24000E+00  0.00000E+00 -0.15653E-02 -0.20969E+00  0.00000E+00 -0.20969E+00  0.00000E+00 -0.13702E-02 -0.40063E+04  0.00000E+00 -0.13548E+04  0.00000E+00  0.69719E-06  0.47289E+03  0.20969E+00  0.00000E+00     36  0.00000E+00      0.000
      11.1360 -0.24000E+00  0.00000E+00 -0.24000E+00  0.00000E+00 -0.15639E-02 -0.27257E+00  0.00000E+00 -0.27257E+00  0.00000E+00 -0.17799E-02 -0.34595E+04  0.00000E+00 -0.13557E+04  0.00000E+00  0.69719E-06  0.47295E+03  0.27257E+00  0.00000E+00     37  0.00000E+00      0.000
      11.4766 -0.24000E+00  0.00000E+00 -0.24000E+00  0.00000E+00 -0.15619E-02 -0.35431E+00  0.00000E+00 -0.35431E+00  0.00000E+00 -0.23119E-02 -0.28890E+04  0.00000E+00 -0.13567E+04  0.00000E+00  0.69719E-06  0.47304E+03  0.35431E+00  0.00000E+00     38  0.00000E+00      0.000
      11.9194 -0.24000E+00  0.00000E+00 -0.24000E+00  0.00000E+00 -0.15597E-02 -0.46058E+00  0.00000E+00 -0.46058E+00  0.00000E+00 -0.30025E-02 -0.23620E+04  0.00000E+00 -0.13579E+04  0.00000E+00  0.69719E-06  0.47314E+03  0.46058E+00  0.00000E+00     39  0.00000E+00      0.000
      12.3622 -0.24000E+00  0.00000E+00 -0.24000E+00  0.00000E+00 -0.15577E-02 -0.56685E+00  0.00000E+00 -0.56685E+00  0.00000E+00 -0.36922E-02 -0.20280E+04  0.00000E+00 -0.13590E+04  0.00000E+00  0.69719E-06  0.47325E+03  0.56685E+00  0.00000E+00     40  0.00000E+00      0.000
      12.8049 -0.24000E+00  0.00000E+00 -0.24000E+00  0.00000E+00 -0.15556E-02 -0.67311E+00  0.00000E+00 -0.67311E+00  0.00000E+00 -0.43810E-02 -0.17952E+04  0.00000E+00 -0.13600E+04  0.00000E+00  0.69719E-06  0.47335E+03  0.67311E+00  0.00000E+00     41  0.00000E+00      0.000
      13.3805 -0.24000E+00  0.00000E+00 -0.24000E+00  0.00000E+00 -0.15531E-02 -0.81126E+00  0.00000E+00 -0.81126E+00  0.00000E+00 -0.52750E-02 -0.15844E+04  0.00000E+00 -0.13611E+04  0.00000E+00  0.69719E-06  0.47349E+03  0.81126E+00  0.00000E+00     42  0.00000E+00      0.000
      14.1160 -0.24000E+00  0.00000E+00 -0.24000E+00  0.00000E+00 -0.15502E-02 -0.98778E+00  0.00000E+00 -0.98778E+00  0.00000E+00 -0.64152E-02 -0.14092E+04  0.00000E+00 -0.13624E+04  0.00000E+00  0.69719E-06  0.47367E+03  0.98778E+00  0.00000E+00     43  0.00000E+00      0.000
      15.0967 -0.24000E+00  0.00000E+00 -0.24000E+00  0.00000E+00 -0.15468E-02 -0.12231E+01  0.00000E+00 -0.12231E+01  0.00000E+00 -0.79320E-02 -0.12294E+04  0.00000E+00 -0.13639E+04  0.00000E+00  0.69719E-06  0.47390E+03  0.12231E+01  0.00000E+00     44  0.00000E+00      0.000
      16.3225 -0.24000E+00  0.00000E+00 -0.24000E+00  0.00000E+00 -0.15427E-02 -0.15173E+01  0.00000E+00 -0.15173E+01  0.00000E+00 -0.98231E-02 -0.10853E+04  0.00000E+00 -0.13655E+04  0.00000E+00  0.69719E-06  0.47419E+03  0.15173E+01  0.00000E+00     45  0.00000E+00      0.000
      17.5483 -0.24000E+00  0.00000E+00 -0.24000E+00  0.00000E+00 -0.15390E-02 -0.18115E+01  0.00000E+00 -0.18115E+01  0.00000E+00 -0.11710E-01 -0.95577E+03  0.00000E+00 -0.13670E+04  0.00000E+00  0.69719E-06  0.47448E+03  0.18115E+01  0.00000E+00     46  0.00000E+00      0.000
      18.7742 -0.24000E+00  0.00000E+00 -0.24000E+00  0.00000E+00 -0.15356E-02 -0.21057E+01  0.00000E+00 -0.21057E+01  0.00000E+00 -0.13592E-01 -0.87191E+03  0.00000E+00 -0.13684E+04  0.00000E+00  0.69719E-06  0.47478E+03  0.21057E+01  0.00000E+00     47  0.00000E+00      0.000
      20.0000 -0.24000E+00  0.00000E+00 -0.24000E+00  0.00000E+00 -0.15324E-02 -0.23999E+01  0.00000E+00 -0.23999E+01  0.00000E+00 -0.15471E-01 -0.79710E+03  0.00000E+00 -0.13697E+04  0.00000E+00  0.69719E-06  0.47507E+03  0.23999E+01  0.00000E+00     48  0.00000E+00      0.000
      20.0001 -0.40000E-01  0.00000E+00 -0.39203E-01  0.00000E+00 -0.12176E-02 -0.23999E+01  0.00000E+00 -0.23999E+01  0.00000E+00 -0.15471E-01 -0.79763E+03  0.00000E+00 -0.13697E+04  0.79720E-03  0.77691E-06  0.47507E+03  0.23999E+01  0.00000E+00     49  0.00000E+00      0.000
      20.0002 -0.40000E-01  0.00000E+00 -0.39277E-01  0.00000E+00 -0.12176E-02 -0.23999E+01  0.00000E+00 -0.23999E+01  0.00000E+00 -0.15471E-01 -0.79758E+03  0.00000E+00 -0.13697E+04  0.72300E-03  0.87090E-06  0.47507E+03  0.23999E+01  0.00000E+00     50  0.00000E+00      0.000
      20.0004 -0.40000E-01  0.00000E+00 -0.39673E-01  0.00000E+00 -0.12176E-02 -0.23999E+01  0.00000E+00 -0.23999E+01  0.00000E+00 -0.15471E-01 -0.79770E+03  0.00000E+00 -0.13697E+04  0.32670E-03  0.92611E-06  0.47507E+03  0.23999E+01  0.00000E+00     51  0.00000E+00      0.000
      20.0006 -0.40000E-01  0.00000E+00 -0.40671E-01  0.00000E+00 -0.18959E-02 -0.24000E+01  0.00000E+00 -0.24000E+01  0.00000E+00 -0.15471E-01 -0.79776E+03  0.00000E+00 -0.13697E+04  0.67105E-03  0.10735E-05  0.47507E+03  0.24000E+01  0.00000E+00     52  0.00000E+00      0.000
      20.0009 -0.40000E-01  0.00000E+00 -0.39775E-01  0.00000E+00 -0.12176E-02 -0.24000E+01  0.00000E+00 -0.24000E+01  0.00000E+00 -0.15472E-01 -0.79786E+03  0.00000E+00 -0.13697E+04  0.22519E-03  0.11379E-05  0.47507E+03  0.24000E+01  0.00000E+00     53  0.00000E+00      0.000
      20.0013 -0.40000E-01  0.00000E+00 -0.40152E-01  0.00000E+00 -0.16190E-02 -0.24000E+01  0.00000E+00 -0.24000E+01  0.00000E+00 -0.15472E-01 -0.79798E+03  0.00000E+00 -0.13697E+04  0.15216E-03  0.11944E-05  0.47507E+03  0.24000E+01  0.00000E+00     54  0.00000E+00      0.000
      20.0018 -0.40000E-01  0.00000E+00 -0.40026E-01  0.00000E+00 -0.15263E-02 -0.24000E+01  0.00000E+00 -0.24000E+01  0.00000E+00 -0.15473E-01 -0.79815E+03  0.00000E+00 -0.13697E+04  0.26144E-04  0.12070E-05  0.47507E+03  0.24000E+01  0.00000E+00     55  0.00000E+00      0.000
      20.0024 -0.40000E-01  0.00000E+00 -0.39811E-01  0.00000E+00 -0.14551E-02 -0.24000E+01  0.00000E+00 -0.24000E+01  0.00000E+00 -0.15474E-01 -0.79836E+03  0.00000E+00 -0.13697E+04  0.18892E-03  0.13255E-05  0.47507E+03  0.24000E+01  0.00000E+00     56  0.00000E+00      0.000
      20.0032 -0.40000E-01  0.00000E+00 -0.40143E-01  0.00000E+00 -0.15830E-02 -0.24001E+01  0.00000E+00 -0.24001E+01  0.00000E+00 -0.15475E-01 -0.79863E+03  0.00000E+00 -0.13697E+04  0.14309E-03  0.14422E-05  0.47507E+03  0.24001E+01  0.00000E+00     57  0.00000E+00      0.000
      20.0043 -0.40000E-01  0.00000E+00 -0.39863E-01  0.00000E+00 -0.14986E-02 -0.24001E+01  0.00000E+00 -0.24001E+01  0.00000E+00 -0.15477E-01 -0.79898E+03  0.00000E+00 -0.13697E+04  0.13725E-03  0.15878E-05  0.47507E+03  0.24001E+01  0.00000E+00     58  0.00000E+00      0.000
      20.0056 -0.40000E-01  0.00000E+00 -0.40018E-01  0.00000E+00 -0.15419E-02 -0.24002E+01  0.00000E+00 -0.24002E+01  0.00000E+00 -0.15479E-01 -0.79944E+03  0.00000E+00 -0.13697E+04  0.18440E-04  0.16132E-05  0.47507E+03  0.24002E+01  0.00000E+00     59  0.00000E+00      0.000
      20.0074 -0.40000E-01  0.00000E+00 -0.39964E-01  0.00000E+00 -0.15502E-02 -0.24002E+01  0.00000E+00 -0.24002E+01  0.00000E+00 -0.15482E-01 -0.80004E+03  0.00000E+00 -0.13697E+04  0.36336E-04  0.16783E-05  0.47507E+03  0.24002E+01  0.00000E+00     60  0.00000E+00      0.000
      20.0098 -0.40000E-01  0.00000E+00 -0.40060E-01  0.00000E+00 -0.15375E-02 -0.24003E+01  0.00000E+00 -0.24003E+01  0.00000E+00 -0.15485E-01 -0.80081E+03  0.00000E+00 -0.13697E+04  0.59552E-04  0.18171E-05  0.47507E+03  0.24003E+01  0.00000E+00     61  0.00000E+00      0.000
      20.0128 -0.40000E-01  0.00000E+00 -0.39993E-01  0.00000E+00 -0.15621E-02 -0.24004E+01  0.00000E+00 -0.24004E+01  0.00000E+00 -0.15490E-01 -0.80180E+03  0.00000E+00 -0.13697E+04  0.00000E+00  0.18171E-05  0.47507E+03  0.24004E+01  0.00000E+00     62  0.00000E+00      0.000
      20.0167 -0.40000E-01  0.00000E+00 -0.39981E-01  0.00000E+00 -0.15206E-02 -0.24006E+01  0.00000E+00 -0.24006E+01  0.00000E+00 -0.15496E-01 -0.80309E+03  0.00000E+00 -0.13697E+04  0.18559E-04  0.18902E-05  0.47507E+03  0.24006E+01  0.00000E+00     63  0.00000E+00      0.000
      20.0218 -0.40000E-01  0.00000E+00 -0.40010E-01  0.00000E+00 -0.15382E-02 -0.24008E+01  0.00000E+00 -0.24008E+01  0.00000E+00 -0.15504E-01 -0.80475E+03  0.00000E+00 -0.13697E+04  0.10334E-04  0.19430E-05  0.47507E+03  0.24008E+01  0.00000E+00     64  0.00000E+00      0.000
      20.0285 -0.40000E-01  0.00000E+00 -0.39995E-01  0.00000E+00 -0.15315E-02 -0.24011E+01  0.00000E+00 -0.24011E+01  0.00000E+00 -0.15514E-01 -0.80689E+03  0.00000E+00 -0.13697E+04  0.00000E+00  0.19430E-05  0.47507E+03  0.24011E+01  0.00000E+00     65  0.00000E+00      0.000
      20.0372 -0.40000E-01  0.00000E+00 -0.39988E-01  0.00000E+00 -0.15284E-02 -0.24014E+01  0.00000E+00 -0.24014E+01  0.00000E+00 -0.15527E-01 -0.80963E+03  0.00000E+00 -0.13697E+04  0.11899E-04  0.20460E-05  0.47507E+03  0.24014E+01  0.00000E+00     66  0.00000E+00      0.000
      20.0484 -0.40000E-01  0.00000E+00 -0.40002E-01  0.00000E+00 -0.15364E-02 -0.24019E+01  0.00000E+00 -0.24019E+01  0.00000E+00 -0.15545E-01 -0.81314E+03  0.00000E+00 -0.13697E+04  0.00000E+00  0.20460E-05  0.47507E+03  0.24019E+01  0.00000E+00     67  0.00000E+00      0.000
      20.0630 -0.40000E-01  0.00000E+00 -0.39991E-01  0.00000E+00 -0.15347E-02 -0.24025E+01  0.00000E+00 -0.24024E+01  0.00000E+00 -0.15567E-01 -0.81759E+03  0.00000E+00 -0.13697E+04  0.00000E+00  0.20460E-05  0.47507E+03  0.24024E+01  0.00000E+00     68  0.00000E+00      0.000
      20.0820 -0.40000E-01  0.00000E+00 -0.40004E-01  0.00000E+00 -0.15326E-02 -0.24032E+01  0.00000E+00 -0.24032E+01  0.00000E+00 -0.15596E-01 -0.82323E+03  0.00000E+00 -0.13697E+04  0.00000E+00  0.20460E-05  0.47507E+03  0.24032E+01  0.00000E+00     69  0.00000E+00      0.000
      20.1067 -0.40000E-01  0.00000E+00 -0.40002E-01  0.00000E+00 -0.15330E-02 -0.24042E+01  0.00000E+00 -0.24042E+01  0.00000E+00 -0.15634E-01 -0.83029E+03  0.00000E+00 -0.13698E+04  0.00000E+00  0.20460E-05  0.47507E+03  0.24042E+01  0.00000E+00     70  0.00000E+00      0.000
      20.1388 -0.40000E-01  0.00000E+00 -0.40000E-01  0.00000E+00 -0.15307E-02 -0.24055E+01  0.00000E+00 -0.24055E+01  0.00000E+00 -0.15683E-01 -0.83907E+03  0.00000E+00 -0.13698E+04  0.00000E+00  0.20460E-05  0.47507E+03  0.24055E+01  0.00000E+00     71  0.00000E+00      0.000
      20.1806 -0.40000E-01  0.00000E+00 -0.39999E-01  0.00000E+00 -0.15311E-02 -0.24072E+01  0.00000E+00 -0.24072E+01  0.00000E+00 -0.15747E-01 -0.84986E+03  0.00000E+00 -0.13699E+04  0.00000E+00  0.20460E-05  0.47508E+03  0.24072E+01  0.00000E+00     72  0.00000E+00      0.000
      20.2349 -0.40000E-01  0.00000E+00 -0.40002E-01  0.00000E+00 -0.15317E-02 -0.24093E+01  0.00000E+00 -0.24093E+01  0.00000E+00 -0.15830E-01 -0.86292E+03  0.00000E+00 -0.13699E+04  0.00000E+00  0.20460E-05  0.47508E+03  0.24093E+01  0.00000E+00     73  0.00000E+00      0.000
      20.3054 -0.40000E-01  0.00000E+00 -0.40002E-01  0.00000E+00 -0.15309E-02 -0.24121E+01  0.00000E+00 -0.24121E+01  0.00000E+00 -0.15938E-01 -0.87849E+03  0.00000E+00 -0.13700E+04  0.00000E+00  0.20460E-05  0.47508E+03  0.24121E+01  0.00000E+00     74  0.00000E+00      0.000
      20.3972 -0.40000E-01  0.00000E+00 -0.39998E-01  0.00000E+00 -0.15310E-02 -0.24158E+01  0.00000E+00 -0.24158E+01  0.00000E+00 -0.16079E-01 -0.89669E+03  0.00000E+00 -0.13701E+04  0.00000E+00  0.20460E-05  0.47508E+03  0.24158E+01  0.00000E+00     75  0.00000E+00      0.000
      20.5164 -0.40000E-01  0.00000E+00 -0.39999E-01  0.00000E+00 -0.15307E-02 -0.24206E+01  0.00000E+00 -0.24206E+01  0.00000E+00 -0.16261E-01 -0.91754E+03  0.00000E+00 -0.13702E+04  0.00000E+00  0.20460E-05  0.47509E+03  0.24206E+01  0.00000E+00     76  0.00000E+00      0.000
      20.6715 -0.40000E-01  0.00000E+00 -0.40000E-01  0.00000E+00 -0.15308E-02 -0.24268E+01  0.00000E+00 -0.24268E+01  0.00000E+00 -0.16499E-01 -0.94086E+03  0.00000E+00 -0.13703E+04  0.00000E+00  0.20460E-05  0.47509E+03  0.24268E+01  0.00000E+00     77  0.00000E+00      0.000
      20.8730 -0.40000E-01  0.00000E+00 -0.40000E-01  0.00000E+00 -0.15303E-02 -0.24349E+01  0.00000E+00 -0.24348E+01  0.00000E+00 -0.16807E-01 -0.97026E+03  0.00000E+00 -0.13705E+04  0.00000E+00  0.20460E-05  0.47510E+03  0.24348E+01  0.00000E+00     78  0.00000E+00      0.000
      21.1350 -0.40000E-01  0.00000E+00 -0.40000E-01  0.00000E+00 -0.15295E-02 -0.24453E+01  0.00000E+00 -0.24453E+01  0.00000E+00 -0.17208E-01 -0.10056E+04  0.00000E+00 -0.13708E+04  0.00000E+00  0.20460E-05  0.47511E+03  0.24453E+01  0.00000E+00     79  0.00000E+00      0.000
      21.4756 -0.40000E-01  0.00000E+00 -0.40000E-01  0.00000E+00 -0.15287E-02 -0.24590E+01  0.00000E+00 -0.24590E+01  0.00000E+00 -0.17728E-01 -0.10427E+04  0.00000E+00 -0.13711E+04  0.00000E+00  0.20460E-05  0.47512E+03  0.24590E+01  0.00000E+00     80  0.00000E+00      0.000
      21.9184 -0.40000E-01  0.00000E+00 -0.40000E-01  0.00000E+00 -0.15274E-02 -0.24767E+01  0.00000E+00 -0.24767E+01  0.00000E+00 -0.18405E-01 -0.10813E+04  0.00000E+00 -0.13715E+04  0.00000E+00  0.20460E-05  0.47514E+03  0.24767E+01  0.00000E+00     81  0.00000E+00      0.000
      22.4940 -0.40000E-01  0.00000E+00 -0.40000E-01  0.00000E+00 -0.15262E-02 -0.24997E+01  0.00000E+00 -0.24997E+01  0.00000E+00 -0.19283E-01 -0.11197E+04  0.00000E+00 -0.13721E+04  0.00000E+00  0.20460E-05  0.47516E+03  0.24997E+01  0.00000E+00     82  0.00000E+00      0.000
      23.2446 -0.40000E-01  0.00000E+00 -0.40000E-01  0.00000E+00 -0.15246E-02 -0.25297E+01  0.00000E+00 -0.25297E+01  0.00000E+00 -0.20428E-01 -0.11567E+04  0.00000E+00 -0.13727E+04  0.00000E+00  0.20460E-05  0.47519E+03  0.25297E+01  0.00000E+00     83  0.00000E+00      0.000
      24.2096 -0.40000E-01  0.00000E+00 -0.40000E-01  0.00000E+00 -0.15224E-02 -0.25683E+01  0.00000E+00 -0.25683E+01  0.00000E+00 -0.21897E-01 -0.11909E+04  0.00000E+00 -0.13736E+04  0.00000E+00  0.20460E-05  0.47523E+03  0.25683E+01  0.00000E+00     84  0.00000E+00      0.000
      25.3677 -0.40000E-01  0.00000E+00 -0.40000E-01  0.00000E+00 -0.15198E-02 -0.26146E+01  0.00000E+00 -0.26146E+01  0.00000E+00 -0.23657E-01 -0.12242E+04  0.00000E+00 -0.13745E+04  0.00000E+00  0.20460E-05  0.47527E+03  0.26146E+01  0.00000E+00     85  0.00000E+00      0.000
      26.9118 -0.40000E-01  0.00000E+00 -0.40000E-01  0.00000E+00 -0.15167E-02 -0.26764E+01  0.00000E+00 -0.26764E+01  0.00000E+00 -0.25999E-01 -0.12557E+04  0.00000E+00 -0.13757E+04  0.00000E+00  0.20460E-05  0.47533E+03  0.26764E+01  0.00000E+00     86  0.00000E+00      0.000
      30.0000 -0.40000E-01  0.00000E+00 -0.40000E-01  0.00000E+00 -0.15109E-02 -0.27999E+01  0.00000E+00 -0.27999E+01  0.00000E+00 -0.30665E-01 -0.12846E+04  0.00000E+00 -0.13779E+04  0.00000E+00  0.20460E-05  0.47545E+03  0.27999E+01  0.00000E+00     87  0.00000E+00      0.000
      30.0001 -0.10000E-01  0.00000E+00 -0.10124E-01  0.00000E+00 -0.12951E-02 -0.27999E+01  0.00000E+00 -0.27999E+01  0.00000E+00 -0.30665E-01 -0.12889E+04  0.00000E+00 -0.13779E+04  0.12388E-03  0.20584E-05  0.47545E+03  0.27999E+01  0.00000E+00     88  0.00000E+00      0.000
      30.0002 -0.10000E-01  0.00000E+00 -0.10776E-01  0.00000E+00 -0.12948E-02 -0.27999E+01  0.00000E+00 -0.27999E+01  0.00000E+00 -0.30665E-01 -0.12881E+04  0.00000E+00 -0.13779E+04  0.77581E-03  0.21592E-05  0.47545E+03  0.27999E+01  0.00000E+00     89  0.00000E+00      0.000
      30.0004 -0.10000E-01  0.00000E+00 -0.93885E-02  0.00000E+00 -0.12950E-02 -0.27999E+01  0.00000E+00 -0.27999E+01  0.00000E+00 -0.30666E-01 -0.12887E+04  0.00000E+00 -0.13779E+04  0.61151E-03  0.22626E-05  0.47545E+03  0.27999E+01  0.00000E+00     90  0.00000E+00      0.000
      30.0006 -0.10000E-01  0.00000E+00 -0.10324E-01  0.00000E+00 -0.12949E-02 -0.27999E+01  0.00000E+00 -0.27999E+01  0.00000E+00 -0.30666E-01 -0.12885E+04  0.00000E+00 -0.13779E+04  0.32416E-03  0.23338E-05  0.47545E+03  0.27999E+01  0.00000E+00     91  0.00000E+00      0.000
      30.0009 -0.10000E-01  0.00000E+00 -0.10534E-01  0.00000E+00 -0.12950E-02 -0.27999E+01  0.00000E+00 -0.27999E+01  0.00000E+00 -0.30666E-01 -0.12887E+04  0.00000E+00 -0.13779E+04  0.53407E-03  0.24863E-05  0.47545E+03  0.27999E+01  0.00000E+00     92  0.00000E+00      0.000
      30.0013 -0.10000E-01  0.00000E+00 -0.99640E-02  0.00000E+00 -0.16963E-02 -0.27999E+01  0.00000E+00 -0.27999E+01  0.00000E+00 -0.30667E-01 -0.12887E+04  0.00000E+00 -0.13779E+04  0.36025E-04  0.24997E-05  0.47545E+03  0.27999E+01  0.00000E+00     93  0.00000E+00      0.000
      30.0018 -0.10000E-01  0.00000E+00 -0.10143E-01  0.00000E+00 -0.16037E-02 -0.27999E+01  0.00000E+00 -0.27999E+01  0.00000E+00 -0.30668E-01 -0.12887E+04  0.00000E+00 -0.13779E+04  0.14287E-03  0.25687E-05  0.47545E+03  0.27999E+01  0.00000E+00     94  0.00000E+00      0.000
      30.0024 -0.10000E-01  0.00000E+00 -0.10085E-01  0.00000E+00 -0.15325E-02 -0.28000E+01  0.00000E+00 -0.28000E+01  0.00000E+00 -0.30669E-01 -0.12888E+04  0.00000E+00 -0.13779E+04  0.85162E-04  0.26221E-05  0.47545E+03  0.28000E+01  0.00000E+00     95  0.00000E+00      0.000
      30.0032 -0.10000E-01  0.00000E+00 -0.99632E-02  0.00000E+00 -0.14777E-02 -0.28000E+01  0.00000E+00 -0.28000E+01  0.00000E+00 -0.30670E-01 -0.12889E+04  0.00000E+00 -0.13779E+04  0.36838E-04  0.26521E-05  0.47545E+03  0.28000E+01  0.00000E+00     96  0.00000E+00      0.000
      30.0043 -0.10000E-01  0.00000E+00 -0.99465E-02  0.00000E+00 -0.14355E-02 -0.28000E+01  0.00000E+00 -0.28000E+01  0.00000E+00 -0.30671E-01 -0.12890E+04  0.00000E+00 -0.13779E+04  0.53534E-04  0.27089E-05  0.47545E+03  0.28000E+01  0.00000E+00     97  0.00000E+00      0.000
      30.0056 -0.10000E-01  0.00000E+00 -0.99467E-02  0.00000E+00 -0.15111E-02 -0.28000E+01  0.00000E+00 -0.28000E+01  0.00000E+00 -0.30673E-01 -0.12892E+04  0.00000E+00 -0.13779E+04  0.53337E-04  0.27824E-05  0.47545E+03  0.28000E+01  0.00000E+00     98  0.00000E+00      0.000
      30.0074 -0.10000E-01  0.00000E+00 -0.10019E-01  0.00000E+00 -0.15443E-02 -0.28000E+01  0.00000E+00 -0.28000E+01  0.00000E+00 -0.30676E-01 -0.12893E+04  0.00000E+00 -0.13779E+04  0.18673E-04  0.28159E-05  0.47545E+03  0.28000E+01  0.00000E+00     99  0.00000E+00      0.000
      30.0098 -0.10000E-01  0.00000E+00 -0.99955E-02  0.00000E+00 -0.14868E-02 -0.28000E+01  0.00000E+00 -0.28000E+01  0.00000E+00 -0.30680E-01 -0.12896E+04  0.00000E+00 -0.13779E+04  0.00000E+00  0.28159E-05  0.47545E+03  0.28000E+01  0.00000E+00    100  0.00000E+00      0.000
      30.0128 -0.10000E-01  0.00000E+00 -0.10027E-01  0.00000E+00 -0.15409E-02 -0.28001E+01  0.00000E+00 -0.28001E+01  0.00000E+00 -0.30684E-01 -0.12899E+04  0.00000E+00 -0.13779E+04  0.27353E-04  0.28988E-05  0.47545E+03  0.28001E+01  0.00000E+00    101  0.00000E+00      0.000
      30.0167 -0.10000E-01  0.00000E+00 -0.10012E-01  0.00000E+00 -0.15221E-02 -0.28001E+01  0.00000E+00 -0.28001E+01  0.00000E+00 -0.30690E-01 -0.12903E+04  0.00000E+00 -0.13779E+04  0.12306E-04  0.29472E-05  0.47545E+03  0.28001E+01  0.00000E+00    102  0.00000E+00      0.000
      30.0218 -0.10000E-01  0.00000E+00 -0.10010E-01  0.00000E+00 -0.15278E-02 -0.28001E+01  0.00000E+00 -0.28001E+01  0.00000E+00 -0.30698E-01 -0.12909E+04  0.00000E+00 -0.13779E+04  0.00000E+00  0.29472E-05  0.47545E+03  0.28001E+01  0.00000E+00    103  0.00000E+00      0.000
      30.0285 -0.10000E-01  0.00000E+00 -0.99843E-02  0.00000E+00 -0.15191E-02 -0.28002E+01  0.00000E+00 -0.28002E+01  0.00000E+00 -0.30708E-01 -0.12916E+04  0.00000E+00 -0.13779E+04  0.15670E-04  0.30515E-05  0.47545E+03  0.28002E+01  0.00000E+00    104  0.00000E+00      0.000
      30.0372 -0.10000E-01  0.00000E+00 -0.10008E-01  0.00000E+00 -0.15191E-02 -0.28003E+01  0.00000E+00 -0.28003E+01  0.00000E+00 -0.30721E-01 -0.12925E+04  0.00000E+00 -0.13779E+04  0.00000E+00  0.30515E-05  0.47545E+03  0.28003E+01  0.00000E+00    105  0.00000E+00      0.000
      30.0484 -0.10000E-01  0.00000E+00 -0.10009E-01  0.00000E+00 -0.15072E-02 -0.28004E+01  0.00000E+00 -0.28004E+01  0.00000E+00 -0.30738E-01 -0.12936E+04  0.00000E+00 -0.13779E+04  0.00000E+00  0.30515E-05  0.47545E+03  0.28004E+01  0.00000E+00    106  0.00000E+00      0.000
      30.0630 -0.10000E-01  0.00000E+00 -0.99941E-02  0.00000E+00 -0.15093E-02 -0.28006E+01  0.00000E+00 -0.28006E+01  0.00000E+00 -0.30760E-01 -0.12951E+04  0.00000E+00 -0.13780E+04  0.00000E+00  0.30515E-05  0.47545E+03  0.28006E+01  0.00000E+00    107  0.00000E+00      0.000
      30.0820 -0.10000E-01  0.00000E+00 -0.10000E-01  0.00000E+00 -0.15148E-02 -0.28008E+01  0.00000E+00 -0.28008E+01  0.00000E+00 -0.30789E-01 -0.12971E+04  0.00000E+00 -0.13780E+04  0.00000E+00  0.30515E-05  0.47545E+03  0.28008E+01  0.00000E+00    108  0.00000E+00      0.000
      30.1067 -0.10000E-01  0.00000E+00 -0.10004E-01  0.00000E+00 -0.15126E-02 -0.28010E+01  0.00000E+00 -0.28010E+01  0.00000E+00 -0.30827E-01 -0.12996E+04  0.00000E+00 -0.13780E+04  0.00000E+00  0.30515E-05  0.47545E+03  0.28010E+01  0.00000E+00    109  0.00000E+00      0.000
      30.1388 -0.10000E-01  0.00000E+00 -0.10004E-01  0.00000E+00 -0.15090E-02 -0.28013E+01  0.00000E+00 -0.28013E+01  0.00000E+00 -0.30875E-01 -0.13028E+04  0.00000E+00 -0.13780E+04  0.00000E+00  0.30515E-05  0.47545E+03  0.28013E+01  0.00000E+00    110  0.00000E+00      0.000
      30.1806 -0.10000E-01  0.00000E+00 -0.99967E-02  0.00000E+00 -0.15099E-02 -0.28017E+01  0.00000E+00 -0.28017E+01  0.00000E+00 -0.30938E-01 -0.13069E+04  0.00000E+00 -0.13780E+04  0.00000E+00  0.30515E-05  0.47545E+03  0.28017E+01  0.00000E+00    111  0.00000E+00      0.000
      30.2349 -0.10000E-01  0.00000E+00 -0.99976E-02  0.00000E+00 -0.15101E-02 -0.28023E+01  0.00000E+00 -0.28023E+01  0.00000E+00 -0.31020E-01 -0.13121E+04  0.00000E+00 -0.13781E+04  0.00000E+00  0.30515E-05  0.47545E+03  0.28023E+01  0.00000E+00    112  0.00000E+00      0.000
      30.3054 -0.10000E-01  0.00000E+00 -0.99979E-02  0.00000E+00 -0.15116E-02 -0.28030E+01  0.00000E+00 -0.28030E+01  0.00000E+00 -0.31127E-01 -0.13186E+04  0.00000E+00 -0.13781E+04  0.00000E+00  0.30515E-05  0.47546E+03  0.28030E+01  0.00000E+00    113  0.00000E+00      0.000
      30.3972 -0.10000E-01  0.00000E+00 -0.99999E-02  0.00000E+00 -0.15110E-02 -0.28039E+01  0.00000E+00 -0.28039E+01  0.00000E+00 -0.31265E-01 -0.13268E+04  0.00000E+00 -0.13782E+04  0.00000E+00  0.30515E-05  0.47546E+03  0.28039E+01  0.00000E+00    114  0.00000E+00      0.000
      30.5164 -0.10000E-01  0.00000E+00 -0.10001E-01  0.00000E+00 -0.15108E-02 -0.28051E+01  0.00000E+00 -0.28051E+01  0.00000E+00 -0.31445E-01 -0.13370E+04  0.00000E+00 -0.13783E+04  0.00000E+00  0.30515E-05  0.47546E+03  0.28051E+01  0.00000E+00    115  0.00000E+00      0.000
      30.6715 -0.10000E-01  0.00000E+00 -0.10001E-01  0.00000E+00 -0.15102E-02 -0.28066E+01  0.00000E+00 -0.28066E+01  0.00000E+00 -0.31680E-01 -0.13494E+04  0.00000E+00 -0.13784E+04  0.00000E+00  0.30515E-05  0.47546E+03  0.28066E+01  0.00000E+00    116  0.00000E+00      0.000
      30.8730 -0.10000E-01  0.00000E+00 -0.10001E-01  0.00000E+00 -0.15094E-02 -0.28087E+01  0.00000E+00 -0.28087E+01  0.00000E+00 -0.31984E-01 -0.13645E+04  0.00000E+00 -0.13785E+04  0.00000E+00  0.30515E-05  0.47546E+03  0.28087E+01  0.00000E+00    117  0.00000E+00      0.000
      31.1350 -0.10000E-01  0.00000E+00 -0.10001E-01  0.00000E+00 -0.15088E-02 -0.28113E+01  0.00000E+00 -0.28113E+01  0.00000E+00 -0.32379E-01 -0.13824E+04  0.00000E+00 -0.13787E+04  0.00000E+00  0.30515E-05  0.47546E+03  0.28113E+01  0.00000E+00    118  0.00000E+00      0.000
      31.4756 -0.10000E-01  0.00000E+00 -0.10000E-01  0.00000E+00 -0.15085E-02 -0.28147E+01  0.00000E+00 -0.28147E+01  0.00000E+00 -0.32893E-01 -0.14034E+04  0.00000E+00 -0.13789E+04  0.00000E+00  0.30515E-05  0.47547E+03  0.28147E+01  0.00000E+00    119  0.00000E+00      0.000
      31.9184 -0.10000E-01  0.00000E+00 -0.10000E-01  0.00000E+00 -0.15075E-02 -0.28191E+01  0.00000E+00 -0.28191E+01  0.00000E+00 -0.33560E-01 -0.14277E+04  0.00000E+00 -0.13792E+04  0.00000E+00  0.30515E-05  0.47547E+03  0.28191E+01  0.00000E+00    120  0.00000E+00      0.000
      32.4940 -0.10000E-01  0.00000E+00 -0.10000E-01  0.00000E+00 -0.15065E-02 -0.28249E+01  0.00000E+00 -0.28249E+01  0.00000E+00 -0.34427E-01 -0.14551E+04  0.00000E+00 -0.13796E+04  0.00000E+00  0.30515E-05  0.47547E+03  0.28249E+01  0.00000E+00    121  0.00000E+00      0.000
      33.2446 -0.10000E-01  0.00000E+00 -0.10000E-01  0.00000E+00 -0.15051E-02 -0.28324E+01  0.00000E+00 -0.28324E+01  0.00000E+00 -0.35557E-01 -0.14858E+04  0.00000E+00 -0.13801E+04  0.00000E+00  0.30515E-05  0.47548E+03  0.28324E+01  0.00000E+00    122  0.00000E+00      0.000
      34.2096 -0.10000E-01  0.00000E+00 -0.10000E-01  0.00000E+00 -0.15035E-02 -0.28420E+01  0.00000E+00 -0.28420E+01  0.00000E+00 -0.37008E-01 -0.15189E+04  0.00000E+00 -0.13807E+04  0.00000E+00  0.30515E-05  0.47549E+03  0.28420E+01  0.00000E+00    123  0.00000E+00      0.000
      35.3677 -0.10000E-01  0.00000E+00 -0.10000E-01  0.00000E+00 -0.15016E-02 -0.28536E+01  0.00000E+00 -0.28536E+01  0.00000E+00 -0.38747E-01 -0.15614E+04  0.00000E+00 -0.13815E+04  0.00000E+00  0.30515E-05  0.47550E+03  0.28536E+01  0.00000E+00    124  0.00000E+00      0.000
      36.9118 -0.10000E-01  0.00000E+00 -0.10000E-01  0.00000E+00 -0.14991E-02 -0.28690E+01  0.00000E+00 -0.28690E+01  0.00000E+00 -0.41062E-01 -0.16047E+04  0.00000E+00 -0.13824E+04  0.00000E+00  0.30515E-05  0.47551E+03  0.28690E+01  0.00000E+00    125  0.00000E+00      0.000
      40.0000 -0.10000E-01  0.00000E+00 -0.10000E-01  0.00000E+00 -0.14944E-02 -0.28999E+01  0.00000E+00 -0.28999E+01  0.00000E+00 -0.45677E-01 -0.16676E+04  0.00000E+00 -0.13842E+04  0.00000E+00  0.30515E-05  0.47554E+03  0.28999E+01  0.00000E+00    126  0.00000E+00      0.000
      42.5000 -0.10000E-01  0.00000E+00 -0.10000E-01  0.00000E+00 -0.14907E-02 -0.29249E+01  0.00000E+00 -0.29249E+01  0.00000E+00 -0.49404E-01 -0.17111E+04  0.00000E+00 -0.13856E+04  0.00000E+00  0.30515E-05  0.47556E+03  0.29249E+01  0.00000E+00    127  0.00000E+00      0.000
      46.2500 -0.10000E-01  0.00000E+00 -0.10000E-01  0.00000E+00 -0.14856E-02 -0.29624E+01  0.00000E+00 -0.29624E+01  0.00000E+00 -0.54975E-01 -0.17627E+04  0.00000E+00 -0.13875E+04  0.00000E+00  0.30515E-05  0.47559E+03  0.29624E+01  0.00000E+00    128  0.00000E+00      0.000
      50.0000 -0.10000E-01  0.00000E+00 -0.10000E-01  0.00000E+00 -0.14806E-02 -0.29999E+01  0.00000E+00 -0.29999E+01  0.00000E+00 -0.60527E-01 -0.18053E+04  0.00000E+00 -0.13894E+04  0.00000E+00  0.30515E-05  0.47562E+03  0.29999E+01  0.00000E+00    129  0.00000E+00      0.000
      55.0000  0.00000E+00  0.00000E+00 -0.27940E-08  0.00000E+00 -0.14743E-02 -0.29999E+01  0.00000E+00 -0.29999E+01  0.00000E+00 -0.67899E-01 -0.19785E+04  0.00000E+00 -0.13917E+04  0.00000E+00  0.30515E-05  0.47562E+03  0.29999E+01  0.00000E+00    130  0.00000E+00      0.000
      60.0000  0.00000E+00  0.00000E+00  0.21886E-07  0.00000E+00 -0.14684E-02 -0.29999E+01  0.00000E+00 -0.29999E+01  0.00000E+00 -0.75240E-01 -0.20969E+04  0.00000E+00 -0.13940E+04  0.00000E+00  0.30515E-05  0.47561E+03  0.29999E+01  0.10943E-06    131  0.00000E+00      0.000
      65.0000  0.00000E+00  0.00000E+00  0.41910E-08  0.00000E+00 -0.14627E-02 -0.29999E+01  0.00000E+00 -0.29999E+01  0.00000E+00 -0.82554E-01 -0.21995E+04  0.00000E+00 -0.13961E+04  0.00000E+00  0.30515E-05  0.47560E+03  0.29999E+01  0.13039E-06    132  0.00000E+00      0.000
      70.0000  0.00000E+00  0.00000E+00  0.16997E-07  0.00000E+00 -0.14573E-02 -0.29999E+01  0.00000E+00 -0.29999E+01  0.00000E+00 -0.89841E-01 -0.22789E+04  0.00000E+00 -0.13981E+04  0.00000E+00  0.30515E-05  0.47559E+03  0.29999E+01  0.21537E-06    133  0.00000E+00      0.000
      80.0000  0.00000E+00  0.00000E+00 -0.55879E-08  0.00000E+00 -0.14473E-02 -0.29999E+01  0.00000E+00 -0.29999E+01  0.00000E+00 -0.10431E+00 -0.24040E+04  0.00000E+00 -0.14019E+04  0.00000E+00  0.30515E-05  0.47558E+03  0.29999E+01  0.21537E-06    134  0.00000E+00      0.000
      90.0000  0.00000E+00  0.00000E+00 -0.15134E-08  0.00000E+00 -0.14379E-02 -0.29999E+01  0.00000E+00 -0.29999E+01  0.00000E+00 -0.11869E+00 -0.25279E+04  0.00000E+00 -0.14054E+04  0.00000E+00  0.30515E-05  0.47556E+03  0.29999E+01  0.21537E-06    135  0.00000E+00      0.000
      90.0001 -0.10000E-01  0.00000E+00 -0.10704E-01  0.00000E+00 -0.13318E-02 -0.29999E+01  0.00000E+00 -0.29999E+01  0.00000E+00 -0.11869E+00 -0.25279E+04  0.00000E+00 -0.14054E+04  0.70439E-03  0.31219E-05  0.47556E+03  0.29999E+01  0.21537E-06    136  0.00000E+00      0.000
      90.0002 -0.10000E-01  0.00000E+00 -0.97837E-02  0.00000E+00 -0.13317E-02 -0.29999E+01  0.00000E+00 -0.29999E+01  0.00000E+00 -0.11869E+00 -0.25279E+04  0.00000E+00 -0.14054E+04  0.21633E-03  0.31500E-05  0.47556E+03  0.29999E+01  0.21537E-06    137  0.00000E+00      0.000
      90.0004 -0.10000E-01  0.00000E+00 -0.96988E-02  0.00000E+00 -0.13318E-02 -0.29999E+01  0.00000E+00 -0.29999E+01  0.00000E+00 -0.11869E+00 -0.25279E+04  0.00000E+00 -0.14054E+04  0.30121E-03  0.32009E-05  0.47556E+03  0.29999E+01  0.21537E-06    138  0.00000E+00      0.000
      90.0006 -0.10000E-01  0.00000E+00 -0.99016E-02  0.00000E+00 -0.13318E-02 -0.29999E+01  0.00000E+00 -0.29999E+01  0.00000E+00 -0.11869E+00 -0.25279E+04  0.00000E+00 -0.14054E+04  0.98354E-04  0.32226E-05  0.47556E+03  0.29999E+01  0.21537E-06    139  0.00000E+00      0.000
      90.0009 -0.10000E-01  0.00000E+00 -0.10111E-01  0.00000E+00 -0.13318E-02 -0.29999E+01  0.00000E+00 -0.29999E+01  0.00000E+00 -0.11869E+00 -0.25279E+04  0.00000E+00 -0.14054E+04  0.11140E-03  0.32544E-05  0.47556E+03  0.29999E+01  0.21537E-06    140  0.00000E+00      0.000
      90.0013 -0.10000E-01  0.00000E+00 -0.10192E-01  0.00000E+00 -0.13317E-02 -0.29999E+01  0.00000E+00 -0.29999E+01  0.00000E+00 -0.11869E+00 -0.25279E+04  0.00000E+00 -0.14054E+04  0.19210E-03  0.33257E-05  0.47556E+03  0.29999E+01  0.21537E-06    141  0.00000E+00      0.000
      90.0018 -0.10000E-01  0.00000E+00 -0.10101E-01  0.00000E+00 -0.13317E-02 -0.29999E+01  0.00000E+00 -0.29999E+01  0.00000E+00 -0.11869E+00 -0.25278E+04  0.00000E+00 -0.14054E+04  0.10051E-03  0.33742E-05  0.47556E+03  0.29999E+01  0.21537E-06    142  0.00000E+00      0.000
      90.0024 -0.10000E-01  0.00000E+00 -0.10078E-01  0.00000E+00 -0.15692E-02 -0.30000E+01  0.00000E+00 -0.30000E+01  0.00000E+00 -0.11870E+00 -0.25278E+04  0.00000E+00 -0.14054E+04  0.77887E-04  0.34231E-05  0.47556E+03  0.30000E+01  0.21537E-06    143  0.00000E+00      0.000
      90.0032 -0.10000E-01  0.00000E+00 -0.99881E-02  0.00000E+00 -0.15145E-02 -0.30000E+01  0.00000E+00 -0.30000E+01  0.00000E+00 -0.11870E+00 -0.25278E+04  0.00000E+00 -0.14054E+04  0.11927E-04  0.34328E-05  0.47556E+03  0.30000E+01  0.21537E-06    144  0.00000E+00      0.000
      90.0043 -0.10000E-01  0.00000E+00 -0.99197E-02  0.00000E+00 -0.14723E-02 -0.30000E+01  0.00000E+00 -0.30000E+01  0.00000E+00 -0.11870E+00 -0.25277E+04  0.00000E+00 -0.14054E+04  0.80298E-04  0.35180E-05  0.47556E+03  0.30000E+01  0.21537E-06    145  0.00000E+00      0.000
      90.0056 -0.10000E-01  0.00000E+00 -0.99871E-02  0.00000E+00 -0.14399E-02 -0.30000E+01  0.00000E+00 -0.30000E+01  0.00000E+00 -0.11870E+00 -0.25276E+04  0.00000E+00 -0.14054E+04  0.12891E-04  0.35357E-05  0.47556E+03  0.30000E+01  0.21537E-06    146  0.00000E+00      0.000
      90.0074 -0.10000E-01  0.00000E+00 -0.10007E-01  0.00000E+00 -0.14149E-02 -0.30000E+01  0.00000E+00 -0.30000E+01  0.00000E+00 -0.11870E+00 -0.25275E+04  0.00000E+00 -0.14054E+04  0.00000E+00  0.35357E-05  0.47557E+03  0.30000E+01  0.21537E-06    147  0.00000E+00      0.000
      90.0098 -0.10000E-01  0.00000E+00 -0.99665E-02  0.00000E+00 -0.14597E-02 -0.30000E+01  0.00000E+00 -0.30000E+01  0.00000E+00 -0.11871E+00 -0.25274E+04  0.00000E+00 -0.14054E+04  0.33526E-04  0.36139E-05  0.47557E+03  0.30000E+01  0.21537E-06    148  0.00000E+00      0.000
      90.0128 -0.10000E-01  0.00000E+00 -0.10001E-01  0.00000E+00 -0.14301E-02 -0.30001E+01  0.00000E+00 -0.30001E+01  0.00000E+00 -0.11871E+00 -0.25272E+04  0.00000E+00 -0.14054E+04  0.00000E+00  0.36139E-05  0.47557E+03  0.30001E+01  0.21537E-06    149  0.00000E+00      0.000
      90.0167 -0.10000E-01  0.00000E+00 -0.10005E-01  0.00000E+00 -0.14453E-02 -0.30001E+01  0.00000E+00 -0.30001E+01  0.00000E+00 -0.11872E+00 -0.25270E+04  0.00000E+00 -0.14054E+04  0.00000E+00  0.36139E-05  0.47557E+03  0.30001E+01  0.21537E-06    150  0.00000E+00      0.000
      90.0218 -0.10000E-01  0.00000E+00 -0.10011E-01  0.00000E+00 -0.14482E-02 -0.30001E+01  0.00000E+00 -0.30001E+01  0.00000E+00 -0.11872E+00 -0.25267E+04  0.00000E+00 -0.14054E+04  0.11270E-04  0.36715E-05  0.47557E+03  0.30001E+01  0.21537E-06    151  0.00000E+00      0.000
      90.0285 -0.10000E-01  0.00000E+00 -0.10010E-01  0.00000E+00 -0.14437E-02 -0.30002E+01  0.00000E+00 -0.30002E+01  0.00000E+00 -0.11873E+00 -0.25263E+04  0.00000E+00 -0.14054E+04  0.00000E+00  0.36715E-05  0.47557E+03  0.30002E+01  0.21537E-06    152  0.00000E+00      0.000
      90.0372 -0.10000E-01  0.00000E+00 -0.99946E-02  0.00000E+00 -0.14351E-02 -0.30003E+01  0.00000E+00 -0.30003E+01  0.00000E+00 -0.11875E+00 -0.25258E+04  0.00000E+00 -0.14054E+04  0.00000E+00  0.36715E-05  0.47557E+03  0.30003E+01  0.21537E-06    153  0.00000E+00      0.000
      90.0484 -0.10000E-01  0.00000E+00 -0.99990E-02  0.00000E+00 -0.14377E-02 -0.30004E+01  0.00000E+00 -0.30004E+01  0.00000E+00 -0.11876E+00 -0.25251E+04  0.00000E+00 -0.14054E+04  0.00000E+00  0.36715E-05  0.47557E+03  0.30004E+01  0.21537E-06    154  0.00000E+00      0.000
      90.0630 -0.10000E-01  0.00000E+00 -0.99999E-02  0.00000E+00 -0.14337E-02 -0.30006E+01  0.00000E+00 -0.30006E+01  0.00000E+00 -0.11878E+00 -0.25243E+04  0.00000E+00 -0.14054E+04  0.00000E+00  0.36715E-05  0.47557E+03  0.30006E+01  0.21537E-06    155  0.00000E+00      0.000
      90.0820 -0.10000E-01  0.00000E+00 -0.10002E-01  0.00000E+00 -0.14336E-02 -0.30008E+01  0.00000E+00 -0.30008E+01  0.00000E+00 -0.11881E+00 -0.25232E+04  0.00000E+00 -0.14054E+04  0.00000E+00  0.36715E-05  0.47557E+03  0.30008E+01  0.21537E-06    156  0.00000E+00      0.000
      90.1067 -0.10000E-01  0.00000E+00 -0.99999E-02  0.00000E+00 -0.14342E-02 -0.30010E+01  0.00000E+00 -0.30010E+01  0.00000E+00 -0.11885E+00 -0.25218E+04  0.00000E+00 -0.14054E+04  0.00000E+00  0.36715E-05  0.47557E+03  0.30010E+01  0.21537E-06    157  0.00000E+00      0.000
      90.1388 -0.10000E-01  0.00000E+00 -0.10000E-01  0.00000E+00 -0.14384E-02 -0.30013E+01  0.00000E+00 -0.30013E+01  0.00000E+00 -0.11889E+00 -0.25199E+04  0.00000E+00 -0.14055E+04  0.00000E+00  0.36715E-05  0.47557E+03  0.30013E+01  0.21537E-06    158  0.00000E+00      0.000
      90.1806 -0.10000E-01  0.00000E+00 -0.99995E-02  0.00000E+00 -0.14387E-02 -0.30017E+01  0.00000E+00 -0.30017E+01  0.00000E+00 -0.11895E+00 -0.25176E+04  0.00000E+00 -0.14055E+04  0.00000E+00  0.36715E-05  0.47557E+03  0.30017E+01  0.21537E-06    159  0.00000E+00      0.000
      90.2349 -0.10000E-01  0.00000E+00 -0.99985E-02  0.00000E+00 -0.14387E-02 -0.30023E+01  0.00000E+00 -0.30023E+01  0.00000E+00 -0.11903E+00 -0.25145E+04  0.00000E+00 -0.14055E+04  0.00000E+00  0.36715E-05  0.47557E+03  0.30023E+01  0.21537E-06    160  0.00000E+00      0.000
      90.3054 -0.10000E-01  0.00000E+00 -0.10000E-01  0.00000E+00 -0.14372E-02 -0.30030E+01  0.00000E+00 -0.30030E+01  0.00000E+00 -0.11913E+00 -0.25107E+04  0.00000E+00 -0.14055E+04  0.00000E+00  0.36715E-05  0.47557E+03  0.30030E+01  0.21537E-06    161  0.00000E+00      0.000
      90.3972 -0.10000E-01  0.00000E+00 -0.10000E-01  0.00000E+00 -0.14373E-02 -0.30039E+01  0.00000E+00 -0.30039E+01  0.00000E+00 -0.11926E+00 -0.25057E+04  0.00000E+00 -0.14056E+04  0.00000E+00  0.36715E-05  0.47557E+03  0.30039E+01  0.21537E-06    162  0.00000E+00      0.000
      90.5164 -0.10000E-01  0.00000E+00 -0.99997E-02  0.00000E+00 -0.14379E-02 -0.30051E+01  0.00000E+00 -0.30051E+01  0.00000E+00 -0.11943E+00 -0.24994E+04  0.00000E+00 -0.14056E+04  0.00000E+00  0.36715E-05  0.47557E+03  0.30051E+01  0.21537E-06    163  0.00000E+00      0.000
      90.6715 -0.10000E-01  0.00000E+00 -0.99998E-02  0.00000E+00 -0.14374E-02 -0.30066E+01  0.00000E+00 -0.30066E+01  0.00000E+00 -0.11966E+00 -0.24916E+04  0.00000E+00 -0.14056E+04  0.00000E+00  0.36715E-05  0.47557E+03  0.30066E+01  0.21537E-06    164  0.00000E+00      0.000
      90.8730 -0.10000E-01  0.00000E+00 -0.10000E-01  0.00000E+00 -0.14374E-02 -0.30087E+01  0.00000E+00 -0.30087E+01  0.00000E+00 -0.11995E+00 -0.24818E+04  0.00000E+00 -0.14057E+04  0.00000E+00  0.36715E-05  0.47557E+03  0.30087E+01  0.21537E-06    165  0.00000E+00      0.000
      91.1350 -0.10000E-01  0.00000E+00 -0.10000E-01  0.00000E+00 -0.14368E-02 -0.30113E+01  0.00000E+00 -0.30113E+01  0.00000E+00 -0.12032E+00 -0.24697E+04  0.00000E+00 -0.14058E+04  0.00000E+00  0.36715E-05  0.47557E+03  0.30113E+01  0.21537E-06    166  0.00000E+00      0.000
      91.4756 -0.10000E-01  0.00000E+00 -0.10000E-01  0.00000E+00 -0.14365E-02 -0.30147E+01  0.00000E+00 -0.30147E+01  0.00000E+00 -0.12081E+00 -0.24550E+04  0.00000E+00 -0.14059E+04  0.00000E+00  0.36715E-05  0.47558E+03  0.30147E+01  0.21537E-06    167  0.00000E+00      0.000
      91.9184 -0.10000E-01  0.00000E+00 -0.99999E-02  0.00000E+00 -0.14361E-02 -0.30191E+01  0.00000E+00 -0.30191E+01  0.00000E+00 -0.12145E+00 -0.24376E+04  0.00000E+00 -0.14061E+04  0.00000E+00  0.36715E-05  0.47558E+03  0.30191E+01  0.21537E-06    168  0.00000E+00      0.000
      92.4940 -0.10000E-01  0.00000E+00 -0.10000E-01  0.00000E+00 -0.14356E-02 -0.30249E+01  0.00000E+00 -0.30249E+01  0.00000E+00 -0.12227E+00 -0.24181E+04  0.00000E+00 -0.14063E+04  0.00000E+00  0.36715E-05  0.47559E+03  0.30249E+01  0.21537E-06    169  0.00000E+00      0.000
      93.2446 -0.10000E-01  0.00000E+00 -0.10000E-01  0.00000E+00 -0.14349E-02 -0.30324E+01  0.00000E+00 -0.30324E+01  0.00000E+00 -0.12335E+00 -0.24003E+04  0.00000E+00 -0.14065E+04  0.00000E+00  0.36715E-05  0.47559E+03  0.30324E+01  0.21537E-06    170  0.00000E+00      0.000
      94.2096 -0.10000E-01  0.00000E+00 -0.10000E-01  0.00000E+00 -0.14340E-02 -0.30420E+01  0.00000E+00 -0.30420E+01  0.00000E+00 -0.12474E+00 -0.23794E+04  0.00000E+00 -0.14069E+04  0.00000E+00  0.36715E-05  0.47560E+03  0.30420E+01  0.21537E-06    171  0.00000E+00      0.000
      95.3677 -0.10000E-01  0.00000E+00 -0.10000E-01  0.00000E+00 -0.14329E-02 -0.30536E+01  0.00000E+00 -0.30536E+01  0.00000E+00 -0.12640E+00 -0.23586E+04  0.00000E+00 -0.14073E+04  0.00000E+00  0.36715E-05  0.47561E+03  0.30536E+01  0.21537E-06    172  0.00000E+00      0.000
      96.9118 -0.10000E-01  0.00000E+00 -0.10000E-01  0.00000E+00 -0.14316E-02 -0.30690E+01  0.00000E+00 -0.30690E+01  0.00000E+00 -0.12861E+00 -0.23354E+04  0.00000E+00 -0.14078E+04  0.00000E+00  0.36715E-05  0.47562E+03  0.30690E+01  0.21537E-06    173  0.00000E+00      0.000
     100.0000 -0.10000E-01  0.00000E+00 -0.10000E-01  0.00000E+00 -0.14288E-02 -0.30999E+01  0.00000E+00 -0.30999E+01  0.00000E+00 -0.13302E+00 -0.23011E+04  0.00000E+00 -0.14088E+04  0.00000E+00  0.36715E-05  0.47565E+03  0.30999E+01  0.21537E-06    174  0.00000E+00      0.000
     102.5000  0.00000E+00  0.00000E+00  0.88476E-08  0.00000E+00 -0.14267E-02 -0.30999E+01  0.00000E+00 -0.30999E+01  0.00000E+00 -0.13659E+00 -0.23840E+04  0.00000E+00 -0.14096E+04  0.00000E+00  0.36715E-05  0.47565E+03  0.30999E+01  0.23749E-06    175  0.00000E+00      0.000
     106.2500  0.00000E+00  0.00000E+00  0.46566E-08  0.00000E+00 -0.14235E-02 -0.30999E+01  0.00000E+00 -0.30999E+01  0.00000E+00 -0.14192E+00 -0.24547E+04  0.00000E+00 -0.14108E+04  0.00000E+00  0.36715E-05  0.47564E+03  0.30999E+01  0.25495E-06    176  0.00000E+00      0.000
     110.0000  0.00000E+00  0.00000E+00 -0.53551E-08  0.00000E+00 -0.14204E-02 -0.30999E+01  0.00000E+00 -0.30999E+01  0.00000E+00 -0.14725E+00 -0.25275E+04  0.00000E+00 -0.14119E+04  0.00000E+00  0.36715E-05  0.47564E+03  0.30999E+01  0.25495E-06    177  0.00000E+00      0.000
     110.0001 -0.10000E-01  0.00000E+00 -0.99920E-02  0.00000E+00 -0.13266E-02 -0.30999E+01  0.00000E+00 -0.30999E+01  0.00000E+00 -0.14725E+00 -0.25274E+04  0.00000E+00 -0.14120E+04  0.00000E+00  0.36715E-05  0.47564E+03  0.30999E+01  0.25495E-06    178  0.00000E+00      0.000
     110.0002 -0.10000E-01  0.00000E+00 -0.10569E-01  0.00000E+00 -0.13265E-02 -0.30999E+01  0.00000E+00 -0.30999E+01  0.00000E+00 -0.14725E+00 -0.25274E+04  0.00000E+00 -0.14120E+04  0.56853E-03  0.37454E-05  0.47564E+03  0.30999E+01  0.25495E-06    179  0.00000E+00      0.000
     110.0004 -0.10000E-01  0.00000E+00 -0.95964E-02  0.00000E+00 -0.13266E-02 -0.30999E+01  0.00000E+00 -0.30999E+01  0.00000E+00 -0.14725E+00 -0.25274E+04  0.00000E+00 -0.14120E+04  0.40355E-03  0.38136E-05  0.47564E+03  0.30999E+01  0.25495E-06    180  0.00000E+00      0.000
     110.0006 -0.10000E-01  0.00000E+00 -0.10005E-01  0.00000E+00 -0.13265E-02 -0.30999E+01  0.00000E+00 -0.30999E+01  0.00000E+00 -0.14725E+00 -0.25274E+04  0.00000E+00 -0.14120E+04  0.00000E+00  0.38136E-05  0.47564E+03  0.30999E+01  0.25495E-06    181  0.00000E+00      0.000
     110.0009 -0.10000E-01  0.00000E+00 -0.98481E-02  0.00000E+00 -0.13266E-02 -0.30999E+01  0.00000E+00 -0.30999E+01  0.00000E+00 -0.14725E+00 -0.25273E+04  0.00000E+00 -0.14120E+04  0.15192E-03  0.38570E-05  0.47564E+03  0.30999E+01  0.25495E-06    182  0.00000E+00      0.000
     110.0013 -0.10000E-01  0.00000E+00 -0.97686E-02  0.00000E+00 -0.13265E-02 -0.30999E+01  0.00000E+00 -0.30999E+01  0.00000E+00 -0.14725E+00 -0.25273E+04  0.00000E+00 -0.14120E+04  0.23144E-03  0.39430E-05  0.47564E+03  0.30999E+01  0.25495E-06    183  0.00000E+00      0.000
     110.0018 -0.10000E-01  0.00000E+00 -0.99545E-02  0.00000E+00 -0.13266E-02 -0.30999E+01  0.00000E+00 -0.30999E+01  0.00000E+00 -0.14725E+00 -0.25273E+04  0.00000E+00 -0.14120E+04  0.45481E-04  0.39649E-05  0.47564E+03  0.30999E+01  0.25495E-06    184  0.00000E+00      0.000
     110.0024 -0.10000E-01  0.00000E+00 -0.99081E-02  0.00000E+00 -0.13265E-02 -0.31000E+01  0.00000E+00 -0.31000E+01  0.00000E+00 -0.14725E+00 -0.25273E+04  0.00000E+00 -0.14120E+04  0.91942E-04  0.40226E-05  0.47564E+03  0.31000E+01  0.25495E-06    185  0.00000E+00      0.000
     110.0032 -0.10000E-01  0.00000E+00 -0.10037E-01  0.00000E+00 -0.13266E-02 -0.31000E+01  0.00000E+00 -0.31000E+01  0.00000E+00 -0.14725E+00 -0.25272E+04  0.00000E+00 -0.14120E+04  0.37232E-04  0.40530E-05  0.47564E+03  0.31000E+01  0.25495E-06    186  0.00000E+00      0.000
     110.0043 -0.10000E-01  0.00000E+00 -0.99968E-02  0.00000E+00 -0.14670E-02 -0.31000E+01  0.00000E+00 -0.31000E+01  0.00000E+00 -0.14726E+00 -0.25272E+04  0.00000E+00 -0.14120E+04  0.00000E+00  0.40530E-05  0.47564E+03  0.31000E+01  0.25495E-06    187  0.00000E+00      0.000
     110.0056 -0.10000E-01  0.00000E+00 -0.10010E-01  0.00000E+00 -0.14345E-02 -0.31000E+01  0.00000E+00 -0.31000E+01  0.00000E+00 -0.14726E+00 -0.25271E+04  0.00000E+00 -0.14120E+04  0.00000E+00  0.40530E-05  0.47564E+03  0.31000E+01  0.25495E-06    188  0.00000E+00      0.000
     110.0074 -0.10000E-01  0.00000E+00 -0.10038E-01  0.00000E+00 -0.14097E-02 -0.31000E+01  0.00000E+00 -0.31000E+01  0.00000E+00 -0.14726E+00 -0.25270E+04  0.00000E+00 -0.14120E+04  0.37693E-04  0.41205E-05  0.47564E+03  0.31000E+01  0.25495E-06    189  0.00000E+00      0.000
     110.0098 -0.10000E-01  0.00000E+00 -0.99775E-02  0.00000E+00 -0.13904E-02 -0.31000E+01  0.00000E+00 -0.31000E+01  0.00000E+00 -0.14726E+00 -0.25269E+04  0.00000E+00 -0.14120E+04  0.22454E-04  0.41729E-05  0.47564E+03  0.31000E+01  0.25495E-06    190  0.00000E+00      0.000
     110.0128 -0.10000E-01  0.00000E+00 -0.99922E-02  0.00000E+00 -0.14248E-02 -0.31001E+01  0.00000E+00 -0.31001E+01  0.00000E+00 -0.14727E+00 -0.25267E+04  0.00000E+00 -0.14120E+04  0.00000E+00  0.41729E-05  0.47564E+03  0.31001E+01  0.25495E-06    191  0.00000E+00      0.000
     110.0167 -0.10000E-01  0.00000E+00 -0.99872E-02  0.00000E+00 -0.14399E-02 -0.31001E+01  0.00000E+00 -0.31001E+01  0.00000E+00 -0.14727E+00 -0.25265E+04  0.00000E+00 -0.14120E+04  0.12839E-04  0.42234E-05  0.47564E+03  0.31001E+01  0.25495E-06    192  0.00000E+00      0.000
     110.0218 -0.10000E-01  0.00000E+00 -0.10001E-01  0.00000E+00 -0.14139E-02 -0.31001E+01  0.00000E+00 -0.31001E+01  0.00000E+00 -0.14728E+00 -0.25262E+04  0.00000E+00 -0.14120E+04  0.00000E+00  0.42234E-05  0.47564E+03  0.31001E+01  0.25495E-06    193  0.00000E+00      0.000
     110.0285 -0.10000E-01  0.00000E+00 -0.10001E-01  0.00000E+00 -0.14161E-02 -0.31002E+01  0.00000E+00 -0.31002E+01  0.00000E+00 -0.14729E+00 -0.25259E+04  0.00000E+00 -0.14120E+04  0.00000E+00  0.42234E-05  0.47564E+03  0.31002E+01  0.25495E-06    194  0.00000E+00      0.000
     110.0372 -0.10000E-01  0.00000E+00 -0.99922E-02  0.00000E+00 -0.14127E-02 -0.31003E+01  0.00000E+00 -0.31003E+01  0.00000E+00 -0.14730E+00 -0.25254E+04  0.00000E+00 -0.14120E+04  0.00000E+00  0.42234E-05  0.47564E+03  0.31003E+01  0.25495E-06    195  0.00000E+00      0.000
     110.0484 -0.10000E-01  0.00000E+00 -0.10001E-01  0.00000E+00 -0.14192E-02 -0.31004E+01  0.00000E+00 -0.31004E+01  0.00000E+00 -0.14732E+00 -0.25248E+04  0.00000E+00 -0.14120E+04  0.00000E+00  0.42234E-05  0.47564E+03  0.31004E+01  0.25495E-06    196  0.00000E+00      0.000
     110.0630 -0.10000E-01  0.00000E+00 -0.10003E-01  0.00000E+00 -0.14183E-02 -0.31006E+01  0.00000E+00 -0.31006E+01  0.00000E+00 -0.14734E+00 -0.25241E+04  0.00000E+00 -0.14120E+04  0.00000E+00  0.42234E-05  0.47564E+03  0.31006E+01  0.25495E-06    197  0.00000E+00      0.000
     110.0820 -0.10000E-01  0.00000E+00 -0.99969E-02  0.00000E+00 -0.14206E-02 -0.31007E+01  0.00000E+00 -0.31007E+01  0.00000E+00 -0.14737E+00 -0.25231E+04  0.00000E+00 -0.14120E+04  0.00000E+00  0.42234E-05  0.47564E+03  0.31007E+01  0.25495E-06    198  0.00000E+00      0.000
     110.1067 -0.10000E-01  0.00000E+00 -0.99983E-02  0.00000E+00 -0.14230E-02 -0.31010E+01  0.00000E+00 -0.31010E+01  0.00000E+00 -0.14740E+00 -0.25218E+04  0.00000E+00 -0.14120E+04  0.00000E+00  0.42234E-05  0.47564E+03  0.31010E+01  0.25495E-06    199  0.00000E+00      0.000
     110.1388 -0.10000E-01  0.00000E+00 -0.10000E-01  0.00000E+00 -0.14193E-02 -0.31013E+01  0.00000E+00 -0.31013E+01  0.00000E+00 -0.14745E+00 -0.25201E+04  0.00000E+00 -0.14120E+04  0.00000E+00  0.42234E-05  0.47564E+03  0.31013E+01  0.25495E-06    200  0.00000E+00      0.000
     110.1806 -0.10000E-01  0.00000E+00 -0.10001E-01  0.00000E+00 -0.14192E-02 -0.31017E+01  0.00000E+00 -0.31017E+01  0.00000E+00 -0.14751E+00 -0.25180E+04  0.00000E+00 -0.14120E+04  0.00000E+00  0.42234E-05  0.47564E+03  0.31017E+01  0.25495E-06    201  0.00000E+00      0.000
     110.2349 -0.10000E-01  0.00000E+00 -0.10001E-01  0.00000E+00 -0.14197E-02 -0.31023E+01  0.00000E+00 -0.31023E+01  0.00000E+00 -0.14758E+00 -0.25152E+04  0.00000E+00 -0.14120E+04  0.00000E+00  0.42234E-05  0.47564E+03  0.31023E+01  0.25495E-06    202  0.00000E+00      0.000
     110.3054 -0.10000E-01  0.00000E+00 -0.99991E-02  0.00000E+00 -0.14213E-02 -0.31030E+01  0.00000E+00 -0.31030E+01  0.00000E+00 -0.14768E+00 -0.25117E+04  0.00000E+00 -0.14120E+04  0.00000E+00  0.42234E-05  0.47564E+03  0.31030E+01  0.25495E-06    203  0.00000E+00      0.000
     110.3972 -0.10000E-01  0.00000E+00 -0.99998E-02  0.00000E+00 -0.14206E-02 -0.31039E+01  0.00000E+00 -0.31039E+01  0.00000E+00 -0.14781E+00 -0.25072E+04  0.00000E+00 -0.14121E+04  0.00000E+00  0.42234E-05  0.47564E+03  0.31039E+01  0.25495E-06    204  0.00000E+00      0.000
     110.5164 -0.10000E-01  0.00000E+00 -0.10000E-01  0.00000E+00 -0.14200E-02 -0.31051E+01  0.00000E+00 -0.31051E+01  0.00000E+00 -0.14798E+00 -0.25016E+04  0.00000E+00 -0.14121E+04  0.00000E+00  0.42234E-05  0.47564E+03  0.31051E+01  0.25495E-06    205  0.00000E+00      0.000
     110.6715 -0.10000E-01  0.00000E+00 -0.10000E-01  0.00000E+00 -0.14195E-02 -0.31066E+01  0.00000E+00 -0.31066E+01  0.00000E+00 -0.14820E+00 -0.24944E+04  0.00000E+00 -0.14122E+04  0.00000E+00  0.42234E-05  0.47564E+03  0.31066E+01  0.25495E-06    206  0.00000E+00      0.000
     110.8730 -0.10000E-01  0.00000E+00 -0.10000E-01  0.00000E+00 -0.14194E-02 -0.31087E+01  0.00000E+00 -0.31087E+01  0.00000E+00 -0.14849E+00 -0.24855E+04  0.00000E+00 -0.14122E+04  0.00000E+00  0.42234E-05  0.47564E+03  0.31087E+01  0.25495E-06    207  0.00000E+00      0.000
     111.1350 -0.10000E-01  0.00000E+00 -0.10000E-01  0.00000E+00 -0.14194E-02 -0.31113E+01  0.00000E+00 -0.31113E+01  0.00000E+00 -0.14886E+00 -0.24745E+04  0.00000E+00 -0.14123E+04  0.00000E+00  0.42234E-05  0.47565E+03  0.31113E+01  0.25495E-06    208  0.00000E+00      0.000
     111.4756 -0.10000E-01  0.00000E+00 -0.10000E-01  0.00000E+00 -0.14192E-02 -0.31147E+01  0.00000E+00 -0.31147E+01  0.00000E+00 -0.14934E+00 -0.24611E+04  0.00000E+00 -0.14124E+04  0.00000E+00  0.42234E-05  0.47565E+03  0.31147E+01  0.25495E-06    209  0.00000E+00      0.000
     111.9184 -0.10000E-01  0.00000E+00 -0.10000E-01  0.00000E+00 -0.14188E-02 -0.31191E+01  0.00000E+00 -0.31191E+01  0.00000E+00 -0.14997E+00 -0.24451E+04  0.00000E+00 -0.14125E+04  0.00000E+00  0.42234E-05  0.47565E+03  0.31191E+01  0.25495E-06    210  0.00000E+00      0.000
     112.4940 -0.10000E-01  0.00000E+00 -0.10000E-01  0.00000E+00 -0.14184E-02 -0.31249E+01  0.00000E+00 -0.31249E+01  0.00000E+00 -0.15079E+00 -0.24264E+04  0.00000E+00 -0.14127E+04  0.00000E+00  0.42234E-05  0.47566E+03  0.31249E+01  0.25495E-06    211  0.00000E+00      0.000
     113.2446 -0.10000E-01  0.00000E+00 -0.99999E-02  0.00000E+00 -0.14178E-02 -0.31324E+01  0.00000E+00 -0.31324E+01  0.00000E+00 -0.15185E+00 -0.24088E+04  0.00000E+00 -0.14129E+04  0.00000E+00  0.42234E-05  0.47566E+03  0.31324E+01  0.25495E-06    212  0.00000E+00      0.000
     114.2096 -0.10000E-01  0.00000E+00 -0.10000E-01  0.00000E+00 -0.14169E-02 -0.31420E+01  0.00000E+00 -0.31420E+01  0.00000E+00 -0.15322E+00 -0.23896E+04  0.00000E+00 -0.14132E+04  0.00000E+00  0.42234E-05  0.47567E+03  0.31420E+01  0.25495E-06    213  0.00000E+00      0.000
     115.3677 -0.10000E-01  0.00000E+00 -0.10000E-01  0.00000E+00 -0.14160E-02 -0.31536E+01  0.00000E+00 -0.31536E+01  0.00000E+00 -0.15486E+00 -0.23700E+04  0.00000E+00 -0.14136E+04  0.00000E+00  0.42234E-05  0.47568E+03  0.31536E+01  0.25495E-06    214  0.00000E+00      0.000
     116.9118 -0.10000E-01  0.00000E+00 -0.10000E-01  0.00000E+00 -0.14148E-02 -0.31690E+01  0.00000E+00 -0.31690E+01  0.00000E+00 -0.15705E+00 -0.23480E+04  0.00000E+00 -0.14141E+04  0.00000E+00  0.42234E-05  0.47570E+03  0.31690E+01  0.25495E-06    215  0.00000E+00      0.000
     120.0000 -0.10000E-01  0.00000E+00 -0.10000E-01  0.00000E+00 -0.14124E-02 -0.31999E+01  0.00000E+00 -0.31999E+01  0.00000E+00 -0.16141E+00 -0.23144E+04  0.00000E+00 -0.14150E+04  0.00000E+00  0.42234E-05  0.47572E+03  0.31999E+01  0.25495E-06    216  0.00000E+00      0.000
     122.5000  0.00000E+00  0.00000E+00 -0.12573E-07  0.00000E+00 -0.14104E-02 -0.31999E+01  0.00000E+00 -0.31999E+01  0.00000E+00 -0.16493E+00 -0.23977E+04  0.00000E+00 -0.14157E+04  0.00000E+00  0.42234E-05  0.47572E+03  0.31999E+01  0.25495E-06    217  0.00000E+00      0.000
     126.2500  0.00000E+00  0.00000E+00  0.21886E-07  0.00000E+00 -0.14075E-02 -0.31999E+01  0.00000E+00 -0.31999E+01  0.00000E+00 -0.17021E+00 -0.24709E+04  0.00000E+00 -0.14168E+04  0.00000E+00  0.42234E-05  0.47571E+03  0.31999E+01  0.33702E-06    218  0.00000E+00      0.000
     130.0000  0.00000E+00  0.00000E+00 -0.37253E-08  0.00000E+00 -0.14047E-02 -0.31999E+01  0.00000E+00 -0.31999E+01  0.00000E+00 -0.17548E+00 -0.25416E+04  0.00000E+00 -0.14178E+04  0.00000E+00  0.42234E-05  0.47571E+03  0.31999E+01  0.33702E-06    219  0.00000E+00      0.000
     130.0001 -0.10000E-01  0.00000E+00 -0.99200E-02  0.00000E+00 -0.13201E-02 -0.31999E+01  0.00000E+00 -0.31999E+01  0.00000E+00 -0.17548E+00 -0.25418E+04  0.00000E+00 -0.14178E+04  0.80028E-04  0.42314E-05  0.47571E+03  0.31999E+01  0.33702E-06    220  0.00000E+00      0.000
     130.0002 -0.10000E-01  0.00000E+00 -0.10498E-01  0.00000E+00 -0.13201E-02 -0.31999E+01  0.00000E+00 -0.31999E+01  0.00000E+00 -0.17548E+00 -0.25418E+04  0.00000E+00 -0.14178E+04  0.49813E-03  0.42962E-05  0.47571E+03  0.31999E+01  0.33702E-06    221  0.00000E+00      0.000
     130.0004 -0.10000E-01  0.00000E+00 -0.95248E-02  0.00000E+00 -0.13202E-02 -0.31999E+01  0.00000E+00 -0.31999E+01  0.00000E+00 -0.17548E+00 -0.25418E+04  0.00000E+00 -0.14178E+04  0.47516E-03  0.43765E-05  0.47571E+03  0.31999E+01  0.33702E-06    222  0.00000E+00      0.000
     130.0006 -0.10000E-01  0.00000E+00 -0.99333E-02  0.00000E+00 -0.13201E-02 -0.31999E+01  0.00000E+00 -0.31999E+01  0.00000E+00 -0.17548E+00 -0.25418E+04  0.00000E+00 -0.14178E+04  0.66655E-04  0.43911E-05  0.47571E+03  0.31999E+01  0.33702E-06    223  0.00000E+00      0.000
     130.0009 -0.10000E-01  0.00000E+00 -0.97766E-02  0.00000E+00 -0.13202E-02 -0.31999E+01  0.00000E+00 -0.31999E+01  0.00000E+00 -0.17548E+00 -0.25418E+04  0.00000E+00 -0.14178E+04  0.22336E-03  0.44549E-05  0.47571E+03  0.31999E+01  0.33702E-06    224  0.00000E+00      0.000
     130.0013 -0.10000E-01  0.00000E+00 -0.10099E-01  0.00000E+00 -0.13201E-02 -0.31999E+01  0.00000E+00 -0.31999E+01  0.00000E+00 -0.17548E+00 -0.25417E+04  0.00000E+00 -0.14178E+04  0.98575E-04  0.44915E-05  0.47571E+03  0.31999E+01  0.33702E-06    225  0.00000E+00      0.000
     130.0018 -0.10000E-01  0.00000E+00 -0.98831E-02  0.00000E+00 -0.13201E-02 -0.31999E+01  0.00000E+00 -0.31999E+01  0.00000E+00 -0.17548E+00 -0.25417E+04  0.00000E+00 -0.14178E+04  0.11686E-03  0.45479E-05  0.47571E+03  0.31999E+01  0.33702E-06    226  0.00000E+00      0.000
     130.0024 -0.10000E-01  0.00000E+00 -0.10074E-01  0.00000E+00 -0.13201E-02 -0.32000E+01  0.00000E+00 -0.32000E+01  0.00000E+00 -0.17548E+00 -0.25417E+04  0.00000E+00 -0.14178E+04  0.74158E-04  0.45944E-05  0.47571E+03  0.32000E+01  0.33702E-06    227  0.00000E+00      0.000
     130.0032 -0.10000E-01  0.00000E+00 -0.99659E-02  0.00000E+00 -0.13201E-02 -0.32000E+01  0.00000E+00 -0.32000E+01  0.00000E+00 -0.17548E+00 -0.25416E+04  0.00000E+00 -0.14178E+04  0.34141E-04  0.46223E-05  0.47571E+03  0.32000E+01  0.33702E-06    228  0.00000E+00      0.000
     130.0043 -0.10000E-01  0.00000E+00 -0.99254E-02  0.00000E+00 -0.14606E-02 -0.32000E+01  0.00000E+00 -0.32000E+01  0.00000E+00 -0.17548E+00 -0.25416E+04  0.00000E+00 -0.14178E+04  0.74634E-04  0.47014E-05  0.47571E+03  0.32000E+01  0.33702E-06    229  0.00000E+00      0.000
     130.0056 -0.10000E-01  0.00000E+00 -0.10047E-01  0.00000E+00 -0.14283E-02 -0.32000E+01  0.00000E+00 -0.32000E+01  0.00000E+00 -0.17549E+00 -0.25415E+04  0.00000E+00 -0.14178E+04  0.46501E-04  0.47655E-05  0.47571E+03  0.32000E+01  0.33702E-06    230  0.00000E+00      0.000
     130.0074 -0.10000E-01  0.00000E+00 -0.99662E-02  0.00000E+00 -0.14033E-02 -0.32000E+01  0.00000E+00 -0.32000E+01  0.00000E+00 -0.17549E+00 -0.25414E+04  0.00000E+00 -0.14178E+04  0.33754E-04  0.48260E-05  0.47571E+03  0.32000E+01  0.33702E-06    231  0.00000E+00      0.000
     130.0098 -0.10000E-01  0.00000E+00 -0.10034E-01  0.00000E+00 -0.13841E-02 -0.32000E+01  0.00000E+00 -0.32000E+01  0.00000E+00 -0.17549E+00 -0.25413E+04  0.00000E+00 -0.14178E+04  0.33882E-04  0.49050E-05  0.47571E+03  0.32000E+01  0.33702E-06    232  0.00000E+00      0.000
     130.0128 -0.10000E-01  0.00000E+00 -0.99698E-02  0.00000E+00 -0.14185E-02 -0.32001E+01  0.00000E+00 -0.32001E+01  0.00000E+00 -0.17550E+00 -0.25411E+04  0.00000E+00 -0.14178E+04  0.30188E-04  0.49964E-05  0.47571E+03  0.32001E+01  0.33702E-06    233  0.00000E+00      0.000
     130.0167 -0.10000E-01  0.00000E+00 -0.99912E-02  0.00000E+00 -0.13958E-02 -0.32001E+01  0.00000E+00 -0.32001E+01  0.00000E+00 -0.17550E+00 -0.25409E+04  0.00000E+00 -0.14178E+04  0.00000E+00  0.49964E-05  0.47571E+03  0.32001E+01  0.33702E-06    234  0.00000E+00      0.000
     130.0218 -0.10000E-01  0.00000E+00 -0.99877E-02  0.00000E+00 -0.14075E-02 -0.32001E+01  0.00000E+00 -0.32001E+01  0.00000E+00 -0.17551E+00 -0.25406E+04  0.00000E+00 -0.14178E+04  0.12302E-04  0.50594E-05  0.47571E+03  0.32001E+01  0.33702E-06    235  0.00000E+00      0.000
     130.0285 -0.10000E-01  0.00000E+00 -0.99961E-02  0.00000E+00 -0.14097E-02 -0.32002E+01  0.00000E+00 -0.32002E+01  0.00000E+00 -0.17552E+00 -0.25403E+04  0.00000E+00 -0.14178E+04  0.00000E+00  0.50594E-05  0.47571E+03  0.32002E+01  0.33702E-06    236  0.00000E+00      0.000
     130.0372 -0.10000E-01  0.00000E+00 -0.10006E-01  0.00000E+00 -0.14063E-02 -0.32003E+01  0.00000E+00 -0.32003E+01  0.00000E+00 -0.17553E+00 -0.25398E+04  0.00000E+00 -0.14178E+04  0.00000E+00  0.50594E-05  0.47571E+03  0.32003E+01  0.33702E-06    237  0.00000E+00      0.000
     130.0484 -0.10000E-01  0.00000E+00 -0.10008E-01  0.00000E+00 -0.13996E-02 -0.32004E+01  0.00000E+00 -0.32004E+01  0.00000E+00 -0.17555E+00 -0.25392E+04  0.00000E+00 -0.14178E+04  0.00000E+00  0.50594E-05  0.47571E+03  0.32004E+01  0.33702E-06    238  0.00000E+00      0.000
     130.0630 -0.10000E-01  0.00000E+00 -0.10002E-01  0.00000E+00 -0.14016E-02 -0.32006E+01  0.00000E+00 -0.32006E+01  0.00000E+00 -0.17557E+00 -0.25385E+04  0.00000E+00 -0.14178E+04  0.00000E+00  0.50594E-05  0.47571E+03  0.32006E+01  0.33702E-06    239  0.00000E+00      0.000
     130.0820 -0.10000E-01  0.00000E+00 -0.10002E-01  0.00000E+00 -0.14064E-02 -0.32007E+01  0.00000E+00 -0.32007E+01  0.00000E+00 -0.17559E+00 -0.25375E+04  0.00000E+00 -0.14178E+04  0.00000E+00  0.50594E-05  0.47571E+03  0.32007E+01  0.33702E-06    240  0.00000E+00      0.000
     130.1067 -0.10000E-01  0.00000E+00 -0.99974E-02  0.00000E+00 -0.14044E-02 -0.32010E+01  0.00000E+00 -0.32010E+01  0.00000E+00 -0.17563E+00 -0.25362E+04  0.00000E+00 -0.14178E+04  0.00000E+00  0.50594E-05  0.47571E+03  0.32010E+01  0.33702E-06    241  0.00000E+00      0.000
     130.1388 -0.10000E-01  0.00000E+00 -0.10001E-01  0.00000E+00 -0.14036E-02 -0.32013E+01  0.00000E+00 -0.32013E+01  0.00000E+00 -0.17567E+00 -0.25345E+04  0.00000E+00 -0.14178E+04  0.00000E+00  0.50594E-05  0.47571E+03  0.32013E+01  0.33702E-06    242  0.00000E+00      0.000
     130.1806 -0.10000E-01  0.00000E+00 -0.10001E-01  0.00000E+00 -0.14057E-02 -0.32017E+01  0.00000E+00 -0.32017E+01  0.00000E+00 -0.17573E+00 -0.25323E+04  0.00000E+00 -0.14179E+04  0.00000E+00  0.50594E-05  0.47571E+03  0.32017E+01  0.33702E-06    243  0.00000E+00      0.000
     130.2349 -0.10000E-01  0.00000E+00 -0.99995E-02  0.00000E+00 -0.14051E-02 -0.32023E+01  0.00000E+00 -0.32023E+01  0.00000E+00 -0.17581E+00 -0.25295E+04  0.00000E+00 -0.14179E+04  0.00000E+00  0.50594E-05  0.47571E+03  0.32023E+01  0.33702E-06    244  0.00000E+00      0.000
     130.3054 -0.10000E-01  0.00000E+00 -0.10000E-01  0.00000E+00 -0.14045E-02 -0.32030E+01  0.00000E+00 -0.32030E+01  0.00000E+00 -0.17591E+00 -0.25260E+04  0.00000E+00 -0.14179E+04  0.00000E+00  0.50594E-05  0.47571E+03  0.32030E+01  0.33702E-06    245  0.00000E+00      0.000
     130.3972 -0.10000E-01  0.00000E+00 -0.99996E-02  0.00000E+00 -0.14044E-02 -0.32039E+01  0.00000E+00 -0.32039E+01  0.00000E+00 -0.17604E+00 -0.25214E+04  0.00000E+00 -0.14179E+04  0.00000E+00  0.50594E-05  0.47571E+03  0.32039E+01  0.33702E-06    246  0.00000E+00      0.000
     130.5164 -0.10000E-01  0.00000E+00 -0.10000E-01  0.00000E+00 -0.14049E-02 -0.32051E+01  0.00000E+00 -0.32051E+01  0.00000E+00 -0.17620E+00 -0.25157E+04  0.00000E+00 -0.14179E+04  0.00000E+00  0.50594E-05  0.47571E+03  0.32051E+01  0.33702E-06    247  0.00000E+00      0.000
     130.6715 -0.10000E-01  0.00000E+00 -0.99998E-02  0.00000E+00 -0.14045E-02 -0.32066E+01  0.00000E+00 -0.32066E+01  0.00000E+00 -0.17642E+00 -0.25084E+04  0.00000E+00 -0.14180E+04  0.00000E+00  0.50594E-05  0.47571E+03  0.32066E+01  0.33702E-06    248  0.00000E+00      0.000
     130.8730 -0.10000E-01  0.00000E+00 -0.10000E-01  0.00000E+00 -0.14041E-02 -0.32087E+01  0.00000E+00 -0.32087E+01  0.00000E+00 -0.17670E+00 -0.24994E+04  0.00000E+00 -0.14180E+04  0.00000E+00  0.50594E-05  0.47572E+03  0.32087E+01  0.33702E-06    249  0.00000E+00      0.000
     131.1350 -0.10000E-01  0.00000E+00 -0.10000E-01  0.00000E+00 -0.14040E-02 -0.32113E+01  0.00000E+00 -0.32113E+01  0.00000E+00 -0.17707E+00 -0.24882E+04  0.00000E+00 -0.14181E+04  0.00000E+00  0.50594E-05  0.47572E+03  0.32113E+01  0.33702E-06    250  0.00000E+00      0.000
     131.4756 -0.10000E-01  0.00000E+00 -0.99999E-02  0.00000E+00 -0.14037E-02 -0.32147E+01  0.00000E+00 -0.32147E+01  0.00000E+00 -0.17755E+00 -0.24746E+04  0.00000E+00 -0.14182E+04  0.00000E+00  0.50594E-05  0.47572E+03  0.32147E+01  0.33702E-06    251  0.00000E+00      0.000
     131.9184 -0.10000E-01  0.00000E+00 -0.99998E-02  0.00000E+00 -0.14033E-02 -0.32191E+01  0.00000E+00 -0.32191E+01  0.00000E+00 -0.17817E+00 -0.24584E+04  0.00000E+00 -0.14183E+04  0.00000E+00  0.50594E-05  0.47572E+03  0.32191E+01  0.33702E-06    252  0.00000E+00      0.000
     132.4940 -0.10000E-01  0.00000E+00 -0.99999E-02  0.00000E+00 -0.14029E-02 -0.32249E+01  0.00000E+00 -0.32249E+01  0.00000E+00 -0.17898E+00 -0.24393E+04  0.00000E+00 -0.14185E+04  0.00000E+00  0.50594E-05  0.47573E+03  0.32249E+01  0.33702E-06    253  0.00000E+00      0.000
     133.2446 -0.10000E-01  0.00000E+00 -0.10000E-01  0.00000E+00 -0.14024E-02 -0.32324E+01  0.00000E+00 -0.32324E+01  0.00000E+00 -0.18003E+00 -0.24181E+04  0.00000E+00 -0.14187E+04  0.00000E+00  0.50594E-05  0.47574E+03  0.32324E+01  0.33702E-06    254  0.00000E+00      0.000
     134.2096 -0.10000E-01  0.00000E+00 -0.10000E-01  0.00000E+00 -0.14016E-02 -0.32420E+01  0.00000E+00 -0.32420E+01  0.00000E+00 -0.18138E+00 -0.23994E+04  0.00000E+00 -0.14190E+04  0.00000E+00  0.50594E-05  0.47574E+03  0.32420E+01  0.33702E-06    255  0.00000E+00      0.000
     135.3677 -0.10000E-01  0.00000E+00 -0.10000E-01  0.00000E+00 -0.14008E-02 -0.32536E+01  0.00000E+00 -0.32536E+01  0.00000E+00 -0.18301E+00 -0.23788E+04  0.00000E+00 -0.14193E+04  0.00000E+00  0.50594E-05  0.47575E+03  0.32536E+01  0.33702E-06    256  0.00000E+00      0.000
     136.9118 -0.10000E-01  0.00000E+00 -0.10000E-01  0.00000E+00 -0.13997E-02 -0.32690E+01  0.00000E+00 -0.32690E+01  0.00000E+00 -0.18517E+00 -0.23564E+04  0.00000E+00 -0.14197E+04  0.00000E+00  0.50594E-05  0.47577E+03  0.32690E+01  0.33702E-06    257  0.00000E+00      0.000
     140.0000 -0.10000E-01  0.00000E+00 -0.10000E-01  0.00000E+00 -0.13975E-02 -0.32999E+01  0.00000E+00 -0.32999E+01  0.00000E+00 -0.18948E+00 -0.23213E+04  0.00000E+00 -0.14205E+04  0.00000E+00  0.50594E-05  0.47579E+03  0.32999E+01  0.33702E-06    258  0.00000E+00      0.000
     142.5000  0.00000E+00  0.00000E+00 -0.20023E-07  0.00000E+00 -0.13957E-02 -0.32999E+01  0.00000E+00 -0.32999E+01  0.00000E+00 -0.19297E+00 -0.24036E+04  0.00000E+00 -0.14212E+04  0.00000E+00  0.50594E-05  0.47579E+03  0.32999E+01  0.33702E-06    259  0.00000E+00      0.000
     146.2500  0.00000E+00  0.00000E+00  0.46566E-08  0.00000E+00 -0.13931E-02 -0.32999E+01  0.00000E+00 -0.32999E+01  0.00000E+00 -0.19820E+00 -0.24764E+04  0.00000E+00 -0.14221E+04  0.00000E+00  0.50594E-05  0.47579E+03  0.32999E+01  0.35448E-06    260  0.00000E+00      0.000
     150.0000  0.00000E+00  0.00000E+00 -0.27707E-07  0.00000E+00 -0.13905E-02 -0.32999E+01  0.00000E+00 -0.32999E+01  0.00000E+00 -0.20341E+00 -0.25449E+04  0.00000E+00 -0.14231E+04  0.00000E+00  0.50594E-05  0.47578E+03  0.32999E+01  0.35448E-06    261  0.00000E+00      0.000
end
