 ******* Program HYDRUS
 ******* 
 Welcome to HYDRUS-1D                                                    
 Date:  15. 2.    Time:  15: 7:19
 Units: L = mm   , T = min  , M = mmol 

----------------------------------------------------------
 Time       [T]       10.0000
----------------------------------------------------------
 Sub-region num.                     1            2
----------------------------------------------------------
 Length   [L]        0.10000E+04  0.10000E+04  0.00000E+00
 W-volume [L]        0.45728E+03  0.45728E+03  0.00000E+00
 In-flow  [L/T]      0.00000E+00  0.00000E+00  0.00000E+00
 h Mean   [L]       -0.23298E+04 -0.23298E+04  0.00000E+00
 Top Flux [L/T]     -0.36466E-05
 Bot Flux [L/T]      0.63755E-03
----------------------------------------------------------

----------------------------------------------------------
 Time       [T]       10.0010
----------------------------------------------------------
 Sub-region num.                     1            2
----------------------------------------------------------
 Length   [L]        0.10000E+04  0.10000E+04  0.00000E+00
 W-volume [L]        0.45728E+03  0.45728E+03  0.00000E+00
 In-flow  [L/T]      0.17166E-01  0.17166E-01  0.00000E+00
 h Mean   [L]       -0.23298E+04 -0.23298E+04  0.00000E+00
 Top Flux [L/T]     -0.38035E-05
 Bot Flux [L/T]      0.63660E-03
 WatBalT  [L]        0.42513E-04
 WatBalR  [%]             81.051
----------------------------------------------------------

----------------------------------------------------------
 Time       [T]       20.0000
----------------------------------------------------------
 Sub-region num.                     1            2
----------------------------------------------------------
 Length   [L]        0.10000E+04  0.10000E+04  0.00000E+00
 W-volume [L]        0.46106E+03  0.46106E+03  0.00000E+00
 In-flow  [L/T]      0.37864E+00  0.37864E+00  0.00000E+00
 h Mean   [L]       -0.22049E+04 -0.22049E+04  0.00000E+00
 Top Flux [L/T]     -0.34217E+00
 Bot Flux [L/T]     -0.96260E-03
 WatBalT  [L]       -0.15450E-03
 WatBalR  [%]              0.004
----------------------------------------------------------

----------------------------------------------------------
 Time       [T]       30.0000
----------------------------------------------------------
 Sub-region num.                     1            2
----------------------------------------------------------
 Length   [L]        0.10000E+04  0.10000E+04  0.00000E+00
 W-volume [L]        0.46325E+03  0.46325E+03  0.00000E+00
 In-flow  [L/T]      0.21867E+00  0.21867E+00  0.00000E+00
 h Mean   [L]       -0.21461E+04 -0.21461E+04  0.00000E+00
 Top Flux [L/T]     -0.20957E+00
 Bot Flux [L/T]     -0.10604E-02
 WatBalT  [L]       -0.79155E-04
 WatBalR  [%]              0.001
----------------------------------------------------------

----------------------------------------------------------
 Time       [T]       40.0000
----------------------------------------------------------
 Sub-region num.                     1            2
----------------------------------------------------------
 Length   [L]        0.10000E+04  0.10000E+04  0.00000E+00
 W-volume [L]        0.46394E+03  0.46394E+03  0.00000E+00
 In-flow  [L/T]      0.68690E-01  0.68690E-01  0.00000E+00
 h Mean   [L]       -0.21143E+04 -0.21143E+04  0.00000E+00
 Top Flux [L/T]     -0.72121E-01
 Bot Flux [L/T]     -0.10922E-02
 WatBalT  [L]       -0.25749E-04
 WatBalR  [%]              0.000
----------------------------------------------------------

----------------------------------------------------------
 Time       [T]       50.0000
----------------------------------------------------------
 Sub-region num.                     1            2
----------------------------------------------------------
 Length   [L]        0.10000E+04  0.10000E+04  0.00000E+00
 W-volume [L]        0.46462E+03  0.46462E+03  0.00000E+00
 In-flow  [L/T]      0.68706E-01  0.68706E-01  0.00000E+00
 h Mean   [L]       -0.20915E+04 -0.20915E+04  0.00000E+00
 Top Flux [L/T]     -0.69032E-01
 Bot Flux [L/T]     -0.11050E-02
 WatBalT  [L]       -0.51975E-04
 WatBalR  [%]              0.001
----------------------------------------------------------

----------------------------------------------------------
 Time       [T]       60.0000
----------------------------------------------------------
 Sub-region num.                     1            2
----------------------------------------------------------
 Length   [L]        0.10000E+04  0.10000E+04  0.00000E+00
 W-volume [L]        0.46521E+03  0.46521E+03  0.00000E+00
 In-flow  [L/T]      0.58722E-01  0.58722E-01  0.00000E+00
 h Mean   [L]       -0.20746E+04 -0.20746E+04  0.00000E+00
 Top Flux [L/T]     -0.59802E-01
 Bot Flux [L/T]     -0.11101E-02
 WatBalT  [L]       -0.40531E-04
 WatBalR  [%]              0.000
----------------------------------------------------------

----------------------------------------------------------
 Time       [T]       70.0000
----------------------------------------------------------
 Sub-region num.                     1            2
----------------------------------------------------------
 Length   [L]        0.10000E+04  0.10000E+04  0.00000E+00
 W-volume [L]        0.46580E+03  0.46580E+03  0.00000E+00
 In-flow  [L/T]      0.58735E-01  0.58735E-01  0.00000E+00
 h Mean   [L]       -0.20602E+04 -0.20602E+04  0.00000E+00
 Top Flux [L/T]     -0.59072E-01
 Bot Flux [L/T]     -0.11112E-02
 WatBalT  [L]       -0.18120E-04
 WatBalR  [%]              0.000
----------------------------------------------------------

----------------------------------------------------------
 Time       [T]       80.0000
----------------------------------------------------------
 Sub-region num.                     1            2
----------------------------------------------------------
 Length   [L]        0.10000E+04  0.10000E+04  0.00000E+00
 W-volume [L]        0.46609E+03  0.46609E+03  0.00000E+00
 In-flow  [L/T]      0.28749E-01  0.28749E-01  0.00000E+00
 h Mean   [L]       -0.20483E+04 -0.20483E+04  0.00000E+00
 Top Flux [L/T]     -0.33104E-01
 Bot Flux [L/T]     -0.11104E-02
 WatBalT  [L]       -0.32425E-04
 WatBalR  [%]              0.000
----------------------------------------------------------

----------------------------------------------------------
 Time       [T]       90.0000
----------------------------------------------------------
 Sub-region num.                     1            2
----------------------------------------------------------
 Length   [L]        0.10000E+04  0.10000E+04  0.00000E+00
 W-volume [L]        0.46627E+03  0.46627E+03  0.00000E+00
 In-flow  [L/T]      0.18759E-01  0.18759E-01  0.00000E+00
 h Mean   [L]       -0.20384E+04 -0.20384E+04  0.00000E+00
 Top Flux [L/T]     -0.22839E-01
 Bot Flux [L/T]     -0.11078E-02
 WatBalT  [L]       -0.11253E-03
 WatBalR  [%]              0.001
----------------------------------------------------------

----------------------------------------------------------
 Time       [T]      100.0000
----------------------------------------------------------
 Sub-region num.                     1            2
----------------------------------------------------------
 Length   [L]        0.10000E+04  0.10000E+04  0.00000E+00
 W-volume [L]        0.46626E+03  0.46626E+03  0.00000E+00
 In-flow  [L/T]     -0.12293E-02 -0.12293E-02  0.00000E+00
 h Mean   [L]       -0.20302E+04 -0.20302E+04  0.00000E+00
 Top Flux [L/T]     -0.68446E-02
 Bot Flux [L/T]     -0.11042E-02
 WatBalT  [L]       -0.28610E-04
 WatBalR  [%]              0.000
----------------------------------------------------------

----------------------------------------------------------
 Time       [T]      110.0000
----------------------------------------------------------
 Sub-region num.                     1            2
----------------------------------------------------------
 Length   [L]        0.10000E+04  0.10000E+04  0.00000E+00
 W-volume [L]        0.46635E+03  0.46635E+03  0.00000E+00
 In-flow  [L/T]      0.87819E-02  0.87819E-02  0.00000E+00
 h Mean   [L]       -0.20222E+04 -0.20222E+04  0.00000E+00
 Top Flux [L/T]     -0.11634E-01
 Bot Flux [L/T]     -0.11000E-02
 WatBalT  [L]       -0.34332E-04
 WatBalR  [%]              0.000
----------------------------------------------------------

----------------------------------------------------------
 Time       [T]      120.0000
----------------------------------------------------------
 Sub-region num.                     1            2
----------------------------------------------------------
 Length   [L]        0.10000E+04  0.10000E+04  0.00000E+00
 W-volume [L]        0.46644E+03  0.46644E+03  0.00000E+00
 In-flow  [L/T]      0.87914E-02  0.87914E-02  0.00000E+00
 h Mean   [L]       -0.20148E+04 -0.20148E+04  0.00000E+00
 Top Flux [L/T]     -0.11435E-01
 Bot Flux [L/T]     -0.10952E-02
 WatBalT  [L]        0.27657E-04
 WatBalR  [%]              0.000
----------------------------------------------------------

----------------------------------------------------------
 Time       [T]      130.0000
----------------------------------------------------------
 Sub-region num.                     1            2
----------------------------------------------------------
 Length   [L]        0.10000E+04  0.10000E+04  0.00000E+00
 W-volume [L]        0.46642E+03  0.46642E+03  0.00000E+00
 In-flow  [L/T]     -0.11986E-02 -0.11986E-02  0.00000E+00
 h Mean   [L]       -0.20085E+04 -0.20085E+04  0.00000E+00
 Top Flux [L/T]     -0.49496E-02
 Bot Flux [L/T]     -0.10900E-02
 WatBalT  [L]       -0.51498E-04
 WatBalR  [%]              0.000
----------------------------------------------------------

----------------------------------------------------------
 Time       [T]      140.0000
----------------------------------------------------------
 Sub-region num.                     1            2
----------------------------------------------------------
 Length   [L]        0.10000E+04  0.10000E+04  0.00000E+00
 W-volume [L]        0.46641E+03  0.46641E+03  0.00000E+00
 In-flow  [L/T]     -0.11887E-02 -0.11887E-02  0.00000E+00
 h Mean   [L]       -0.20026E+04 -0.20026E+04  0.00000E+00
 Top Flux [L/T]     -0.31445E-02
 Bot Flux [L/T]     -0.10846E-02
 WatBalT  [L]       -0.72479E-04
 WatBalR  [%]              0.001
----------------------------------------------------------

----------------------------------------------------------
 Time       [T]      150.0000
----------------------------------------------------------
 Sub-region num.                     1            2
----------------------------------------------------------
 Length   [L]        0.10000E+04  0.10000E+04  0.00000E+00
 W-volume [L]        0.46640E+03  0.46640E+03  0.00000E+00
 In-flow  [L/T]     -0.11802E-02 -0.11802E-02  0.00000E+00
 h Mean   [L]       -0.19973E+04 -0.19973E+04  0.00000E+00
 Top Flux [L/T]     -0.25897E-02
 Bot Flux [L/T]     -0.10790E-02
 WatBalT  [L]       -0.11444E-03
 WatBalR  [%]              0.001
----------------------------------------------------------

----------------------------------------------------------
 Time       [T]      160.0000
----------------------------------------------------------
 Sub-region num.                     1            2
----------------------------------------------------------
 Length   [L]        0.10000E+04  0.10000E+04  0.00000E+00
 W-volume [L]        0.46639E+03  0.46639E+03  0.00000E+00
 In-flow  [L/T]     -0.11711E-02 -0.11711E-02  0.00000E+00
 h Mean   [L]       -0.19924E+04 -0.19924E+04  0.00000E+00
 Top Flux [L/T]     -0.22946E-02
 Bot Flux [L/T]     -0.10733E-02
 WatBalT  [L]       -0.18215E-03
 WatBalR  [%]              0.002
----------------------------------------------------------

----------------------------------------------------------
 Time       [T]      170.0000
----------------------------------------------------------
 Sub-region num.                     1            2
----------------------------------------------------------
 Length   [L]        0.10000E+04  0.10000E+04  0.00000E+00
 W-volume [L]        0.46648E+03  0.46648E+03  0.00000E+00
 In-flow  [L/T]      0.88373E-02  0.88373E-02  0.00000E+00
 h Mean   [L]       -0.19870E+04 -0.19870E+04  0.00000E+00
 Top Flux [L/T]     -0.84422E-02
 Bot Flux [L/T]     -0.10675E-02
 WatBalT  [L]        0.42915E-04
 WatBalR  [%]              0.000
----------------------------------------------------------

----------------------------------------------------------
 Time       [T]      180.0000
----------------------------------------------------------
 Sub-region num.                     1            2
----------------------------------------------------------
 Length   [L]        0.10000E+04  0.10000E+04  0.00000E+00
 W-volume [L]        0.46647E+03  0.46647E+03  0.00000E+00
 In-flow  [L/T]     -0.11542E-02 -0.11542E-02  0.00000E+00
 h Mean   [L]       -0.19826E+04 -0.19826E+04  0.00000E+00
 Top Flux [L/T]     -0.33551E-02
 Bot Flux [L/T]     -0.10610E-02
 WatBalT  [L]       -0.14305E-04
 WatBalR  [%]              0.000
----------------------------------------------------------

----------------------------------------------------------
 Time       [T]      190.0000
----------------------------------------------------------
 Sub-region num.                     1            2
----------------------------------------------------------
 Length   [L]        0.10000E+04  0.10000E+04  0.00000E+00
 W-volume [L]        0.46645E+03  0.46645E+03  0.00000E+00
 In-flow  [L/T]     -0.11452E-02 -0.11452E-02  0.00000E+00
 h Mean   [L]       -0.19785E+04 -0.19785E+04  0.00000E+00
 Top Flux [L/T]     -0.22077E-02
 Bot Flux [L/T]     -0.10542E-02
 WatBalT  [L]       -0.68665E-04
 WatBalR  [%]              0.001
----------------------------------------------------------

----------------------------------------------------------
 Time       [T]      200.0000
----------------------------------------------------------
 Sub-region num.                     1            2
----------------------------------------------------------
 Length   [L]        0.10000E+04  0.10000E+04  0.00000E+00
 W-volume [L]        0.46654E+03  0.46654E+03  0.00000E+00
 In-flow  [L/T]      0.88620E-02  0.88620E-02  0.00000E+00
 h Mean   [L]       -0.19738E+04 -0.19738E+04  0.00000E+00
 Top Flux [L/T]     -0.81377E-02
 Bot Flux [L/T]     -0.10464E-02
 WatBalT  [L]       -0.28610E-05
 WatBalR  [%]              0.000
----------------------------------------------------------

----------------------------------------------------------
 Time       [T]      210.0000
----------------------------------------------------------
 Sub-region num.                     1            2
----------------------------------------------------------
 Length   [L]        0.10000E+04  0.10000E+04  0.00000E+00
 W-volume [L]        0.46653E+03  0.46653E+03  0.00000E+00
 In-flow  [L/T]     -0.11300E-02 -0.11300E-02  0.00000E+00
 h Mean   [L]       -0.19702E+04 -0.19702E+04  0.00000E+00
 Top Flux [L/T]     -0.30622E-02
 Bot Flux [L/T]     -0.10318E-02
 WatBalT  [L]       -0.90599E-04
 WatBalR  [%]              0.001
----------------------------------------------------------

----------------------------------------------------------
 Time       [T]      220.0000
----------------------------------------------------------
 Sub-region num.                     1            2
----------------------------------------------------------
 Length   [L]        0.10000E+04  0.10000E+04  0.00000E+00
 W-volume [L]        0.46652E+03  0.46652E+03  0.00000E+00
 In-flow  [L/T]     -0.11256E-02 -0.11256E-02  0.00000E+00
 h Mean   [L]       -0.19667E+04 -0.19667E+04  0.00000E+00
 Top Flux [L/T]     -0.20350E-02
 Bot Flux [L/T]     -0.10430E-02
 WatBalT  [L]       -0.52452E-04
 WatBalR  [%]              0.000
----------------------------------------------------------

----------------------------------------------------------
 Time       [T]      230.0000
----------------------------------------------------------
 Sub-region num.                     1            2
----------------------------------------------------------
 Length   [L]        0.10000E+04  0.10000E+04  0.00000E+00
 W-volume [L]        0.46651E+03  0.46651E+03  0.00000E+00
 In-flow  [L/T]     -0.11222E-02 -0.11222E-02  0.00000E+00
 h Mean   [L]       -0.19633E+04 -0.19633E+04  0.00000E+00
 Top Flux [L/T]     -0.16618E-02
 Bot Flux [L/T]     -0.10454E-02
 WatBalT  [L]       -0.86784E-04
 WatBalR  [%]              0.001
----------------------------------------------------------

----------------------------------------------------------
 Time       [T]      240.0000
----------------------------------------------------------
 Sub-region num.                     1            2
----------------------------------------------------------
 Length   [L]        0.10000E+04  0.10000E+04  0.00000E+00
 W-volume [L]        0.46660E+03  0.46660E+03  0.00000E+00
 In-flow  [L/T]      0.88830E-02  0.88830E-02  0.00000E+00
 h Mean   [L]       -0.19594E+04 -0.19594E+04  0.00000E+00
 Top Flux [L/T]     -0.74699E-02
 Bot Flux [L/T]     -0.10456E-02
 WatBalT  [L]       -0.57220E-04
 WatBalR  [%]              0.000
----------------------------------------------------------

----------------------------------------------------------
 Time       [T]      250.0000
----------------------------------------------------------
 Sub-region num.                     1            2
----------------------------------------------------------
 Length   [L]        0.10000E+04  0.10000E+04  0.00000E+00
 W-volume [L]        0.46659E+03  0.46659E+03  0.00000E+00
 In-flow  [L/T]     -0.11133E-02 -0.11133E-02  0.00000E+00
 h Mean   [L]       -0.19564E+04 -0.19564E+04  0.00000E+00
 Top Flux [L/T]     -0.29418E-02
 Bot Flux [L/T]     -0.10450E-02
 WatBalT  [L]       -0.11444E-04
 WatBalR  [%]              0.000
----------------------------------------------------------
 
 Calculation time [sec]  0.310000002384186     
