 ******* Program HYDRUS
 ******* 
 Welcome to HYDRUS-1D                                                    
 Date:  25. 9.    Time:  14:42:30
 Units: L = mm   , T = min  , M = mmol 



                               Node(  1)                      Node( 11)                      Node( 31)                      Node( 51)                      Node(101)

         time            h        theta    Flux           h        theta    Flux           h        theta    Flux           h        theta    Flux           h        theta    Flux  
         10.0001    -8372.89  0.3972 -0.194E-01      -4319.75  0.4014  0.450E-03      -1714.97  0.4714  0.104E-01      -1053.67  0.5113 -0.101E-01      -1506.03  0.4815 -0.874E-03
         10.0002    -8372.84  0.3972 -0.194E-01      -4319.75  0.4014  0.450E-03      -1714.97  0.4714  0.104E-01      -1053.67  0.5113 -0.101E-01      -1506.03  0.4815 -0.874E-03
         10.0003    -8372.77  0.3972 -0.201E-01      -4319.75  0.4014  0.450E-03      -1714.97  0.4714  0.104E-01      -1053.67  0.5113 -0.101E-01      -1506.03  0.4815 -0.162E-02
         10.0005    -8372.67  0.3972 -0.197E-01      -4319.75  0.4014  0.450E-03      -1714.97  0.4714  0.104E-01      -1053.67  0.5113 -0.101E-01      -1506.03  0.4815 -0.117E-02
         10.0008    -8372.53  0.3972 -0.203E-01      -4319.75  0.4014  0.450E-03      -1714.97  0.4714  0.104E-01      -1053.67  0.5113 -0.101E-01      -1506.03  0.4815 -0.117E-02
         10.0010    -8372.38  0.3972 -0.203E-01      -4319.75  0.4014  0.450E-03      -1714.97  0.4714  0.104E-01      -1053.67  0.5113 -0.101E-01      -1506.03  0.4815 -0.117E-02
         10.0011    -8371.20  0.3973 -0.380E+00      -4319.75  0.4014  0.450E-03      -1714.97  0.4714  0.104E-01      -1053.67  0.5113 -0.101E-01      -1506.03  0.4815 -0.875E-03
         10.0012    -8369.89  0.3973 -0.381E+00      -4319.75  0.4014  0.450E-03      -1714.97  0.4714  0.104E-01      -1053.67  0.5113 -0.101E-01      -1506.03  0.4815 -0.168E-02
         10.0014    -8368.00  0.3973 -0.380E+00      -4319.75  0.4014  0.450E-03      -1714.97  0.4714  0.104E-01      -1053.67  0.5113 -0.101E-01      -1506.03  0.4815 -0.115E-02
         10.0016    -8365.62  0.3973 -0.380E+00      -4319.75  0.4014  0.450E-03      -1714.97  0.4714  0.104E-01      -1053.67  0.5113 -0.101E-01      -1506.03  0.4815 -0.142E-02
         10.0019    -8362.50  0.3973 -0.380E+00      -4319.75  0.4014  0.450E-03      -1714.97  0.4714  0.104E-01      -1053.67  0.5113 -0.101E-01      -1506.04  0.4815 -0.951E-03
         10.0023    -8358.46  0.3973 -0.380E+00      -4319.75  0.4014  0.450E-03      -1714.96  0.4714  0.104E-01      -1053.67  0.5113 -0.101E-01      -1506.04  0.4815 -0.991E-03
         10.0028    -8353.18  0.3974 -0.380E+00      -4319.75  0.4014  0.450E-03      -1714.96  0.4714  0.104E-01      -1053.67  0.5113 -0.101E-01      -1506.04  0.4815 -0.124E-02
         10.0034    -8346.34  0.3974 -0.380E+00      -4319.75  0.4014  0.450E-03      -1714.96  0.4714  0.104E-01      -1053.67  0.5113 -0.101E-01      -1506.05  0.4815 -0.105E-02
         10.0042    -8337.43  0.3975 -0.380E+00      -4319.75  0.4014  0.450E-03      -1714.96  0.4714  0.104E-01      -1053.67  0.5113 -0.101E-01      -1506.05  0.4815 -0.121E-02
         10.0053    -8325.86  0.3976 -0.380E+00      -4319.75  0.4014  0.450E-03      -1714.96  0.4714  0.104E-01      -1053.67  0.5113 -0.101E-01      -1506.06  0.4815 -0.107E-02
         10.0066    -8310.81  0.3977 -0.380E+00      -4319.75  0.4014  0.450E-03      -1714.96  0.4714  0.104E-01      -1053.67  0.5113 -0.101E-01      -1506.06  0.4815 -0.112E-02
         10.0084    -8291.25  0.3978 -0.380E+00      -4319.75  0.4014  0.450E-03      -1714.95  0.4714  0.104E-01      -1053.67  0.5113 -0.101E-01      -1506.07  0.4815 -0.114E-02
         10.0108    -8265.84  0.3980 -0.380E+00      -4319.75  0.4014  0.450E-03      -1714.95  0.4714  0.104E-01      -1053.66  0.5113 -0.101E-01      -1506.09  0.4815 -0.112E-02
         10.0138    -8232.79  0.3982 -0.380E+00      -4319.75  0.4014  0.450E-03      -1714.94  0.4714  0.104E-01      -1053.66  0.5113 -0.101E-01      -1506.11  0.4815 -0.116E-02
         10.0177    -8189.86  0.3985 -0.380E+00      -4319.75  0.4014  0.450E-03      -1714.93  0.4714  0.104E-01      -1053.66  0.5113 -0.101E-01      -1506.13  0.4815 -0.114E-02
         10.0228    -8134.06  0.3989 -0.380E+00      -4319.75  0.4014  0.450E-03      -1714.92  0.4714  0.104E-01      -1053.66  0.5113 -0.101E-01      -1506.16  0.4815 -0.115E-02
         10.0295    -8061.54  0.3994 -0.380E+00      -4319.76  0.4014  0.450E-03      -1714.91  0.4714  0.104E-01      -1053.66  0.5113 -0.101E-01      -1506.20  0.4815 -0.115E-02
         10.0382    -7967.32  0.4001 -0.380E+00      -4319.75  0.4014  0.450E-03      -1714.89  0.4714  0.104E-01      -1053.65  0.5113 -0.101E-01      -1506.25  0.4815 -0.115E-02
         10.0494    -7844.92  0.4009 -0.380E+00      -4319.76  0.4014  0.450E-03      -1714.87  0.4715  0.104E-01      -1053.65  0.5113 -0.101E-01      -1506.31  0.4815 -0.115E-02
         10.0640    -7701.43  0.4020 -0.380E+00      -4319.75  0.4014  0.450E-03      -1714.84  0.4715  0.104E-01      -1053.64  0.5113 -0.101E-01      -1506.39  0.4815 -0.115E-02
         10.0830    -7547.43  0.4035 -0.380E+00      -4319.76  0.4014  0.450E-03      -1714.80  0.4715  0.104E-01      -1053.63  0.5113 -0.101E-01      -1506.50  0.4815 -0.115E-02
         10.1077    -7341.53  0.4053 -0.380E+00      -4319.75  0.4014  0.450E-03      -1714.76  0.4715  0.104E-01      -1053.62  0.5113 -0.101E-01      -1506.64  0.4815 -0.115E-02
         10.1398    -7080.56  0.4077 -0.380E+00      -4319.75  0.4014  0.450E-03      -1714.69  0.4715  0.104E-01      -1053.60  0.5113 -0.101E-01      -1506.82  0.4814 -0.115E-02
         10.1816    -6740.09  0.4109 -0.380E+00      -4319.75  0.4014  0.450E-03      -1714.61  0.4715  0.104E-01      -1053.59  0.5113 -0.101E-01      -1507.04  0.4814 -0.115E-02
         10.2359    -6300.72  0.4149 -0.380E+00      -4319.75  0.4014  0.450E-03      -1714.50  0.4715  0.104E-01      -1053.56  0.5113 -0.101E-01      -1507.33  0.4814 -0.115E-02
         10.3064    -5842.63  0.4202 -0.380E+00      -4319.75  0.4014  0.450E-03      -1714.36  0.4715  0.104E-01      -1053.53  0.5113 -0.101E-01      -1507.70  0.4814 -0.115E-02
         10.3982    -5283.37  0.4269 -0.380E+00      -4319.74  0.4014  0.450E-03      -1714.18  0.4715  0.104E-01      -1053.49  0.5113 -0.101E-01      -1508.16  0.4814 -0.115E-02
         10.5174    -4656.86  0.4355 -0.380E+00      -4319.74  0.4014  0.450E-03      -1713.94  0.4715  0.104E-01      -1053.43  0.5113 -0.101E-01      -1508.74  0.4813 -0.114E-02
         10.6725    -3988.33  0.4463 -0.380E+00      -4319.73  0.4014  0.450E-03      -1713.63  0.4715  0.104E-01      -1053.36  0.5113 -0.101E-01      -1509.46  0.4813 -0.114E-02
         10.8740    -3334.49  0.4595 -0.380E+00      -4319.72  0.4014  0.450E-03      -1713.23  0.4715  0.104E-01      -1053.27  0.5113 -0.101E-01      -1510.34  0.4812 -0.114E-02
         11.1360    -2722.57  0.4746 -0.380E+00      -4319.71  0.4014  0.450E-03      -1712.70  0.4716  0.104E-01      -1053.15  0.5113 -0.101E-01      -1511.40  0.4812 -0.114E-02
         11.3980    -2304.43  0.4873 -0.380E+00      -4319.70  0.4014  0.450E-03      -1712.18  0.4716  0.104E-01      -1053.03  0.5114 -0.101E-01      -1512.38  0.4811 -0.114E-02
         11.6600    -2033.69  0.4979 -0.380E+00      -4319.70  0.4014  0.450E-03      -1711.65  0.4716  0.104E-01      -1052.91  0.5114 -0.101E-01      -1513.30  0.4811 -0.114E-02
         12.0006    -1768.15  0.5086 -0.380E+00      -4319.68  0.4014  0.450E-03      -1710.96  0.4716  0.104E-01      -1052.75  0.5114 -0.101E-01      -1514.43  0.4810 -0.114E-02
         12.4434    -1537.15  0.5195 -0.380E+00      -4319.67  0.4014  0.450E-03      -1710.06  0.4717  0.104E-01      -1052.55  0.5114 -0.101E-01      -1515.75  0.4809 -0.113E-02
         13.0190    -1358.40  0.5302 -0.380E+00      -4319.64  0.4014  0.450E-03      -1708.89  0.4717  0.104E-01      -1052.29  0.5114 -0.101E-01      -1517.31  0.4808 -0.113E-02
         13.7947    -1170.85  0.5426 -0.380E+00      -4319.62  0.4014  0.451E-03      -1707.30  0.4718  0.105E-01      -1051.93  0.5114 -0.101E-01      -1519.18  0.4807 -0.113E-02
         14.5703    -1035.64  0.5534 -0.380E+00      -4319.60  0.4014  0.451E-03      -1705.70  0.4719  0.105E-01      -1051.57  0.5115 -0.101E-01      -1521.08  0.4806 -0.113E-02
         15.3460     -925.15  0.5630 -0.380E+00      -4319.58  0.4014  0.451E-03      -1704.10  0.4720  0.105E-01      -1051.21  0.5115 -0.101E-01      -1522.93  0.4805 -0.112E-02
         16.1217     -846.44  0.5708 -0.380E+00      -4319.56  0.4014  0.452E-03      -1702.48  0.4720  0.105E-01      -1050.85  0.5115 -0.101E-01      -1524.58  0.4804 -0.112E-02
         16.8973     -770.93  0.5783 -0.380E+00      -4319.56  0.4014  0.453E-03      -1700.86  0.4721  0.106E-01      -1050.49  0.5115 -0.101E-01      -1526.08  0.4804 -0.112E-02
         17.9316     -709.90  0.5858 -0.380E+00      -4319.56  0.4014  0.455E-03      -1698.69  0.4722  0.106E-01      -1050.01  0.5116 -0.101E-01      -1527.90  0.4803 -0.112E-02
         18.9658     -652.05  0.5931 -0.380E+00      -4319.59  0.4014  0.457E-03      -1696.51  0.4723  0.106E-01      -1049.55  0.5116 -0.101E-01      -1529.57  0.4802 -0.112E-02
         20.0000     -601.17  0.5993 -0.380E+00      -4319.64  0.4014  0.459E-03      -1694.33  0.4724  0.106E-01      -1049.09  0.5117 -0.101E-01      -1531.12  0.4801 -0.111E-02
         20.0001     -601.66  0.5993 -0.219E+00      -4319.64  0.4014  0.459E-03      -1694.33  0.4724  0.106E-01      -1049.09  0.5117 -0.101E-01      -1531.12  0.4801 -0.760E-03
         20.0002     -601.60  0.5993 -0.220E+00      -4319.64  0.4014  0.459E-03      -1694.33  0.4724  0.106E-01      -1049.09  0.5117 -0.101E-01      -1531.12  0.4801 -0.760E-03
         20.0004     -601.69  0.5993 -0.220E+00      -4319.64  0.4014  0.459E-03      -1694.33  0.4724  0.106E-01      -1049.09  0.5117 -0.101E-01      -1531.12  0.4801 -0.760E-03
         20.0006     -601.72  0.5993 -0.220E+00      -4319.64  0.4014  0.459E-03      -1694.33  0.4724  0.106E-01      -1049.09  0.5117 -0.101E-01      -1531.12  0.4801 -0.144E-02
         20.0009     -601.79  0.5993 -0.220E+00      -4319.64  0.4014  0.459E-03      -1694.33  0.4724  0.106E-01      -1049.09  0.5117 -0.101E-01      -1531.12  0.4801 -0.128E-02
         20.0013     -601.86  0.5993 -0.220E+00      -4319.64  0.4014  0.459E-03      -1694.33  0.4724  0.106E-01      -1049.09  0.5117 -0.101E-01      -1531.12  0.4801 -0.116E-02
         20.0018     -601.96  0.5993 -0.220E+00      -4319.64  0.4014  0.459E-03      -1694.33  0.4724  0.106E-01      -1049.09  0.5117 -0.101E-01      -1531.13  0.4801 -0.107E-02
         20.0024     -602.08  0.5993 -0.220E+00      -4319.64  0.4014  0.459E-03      -1694.32  0.4724  0.106E-01      -1049.09  0.5117 -0.101E-01      -1531.13  0.4801 -0.998E-03
         20.0032     -602.24  0.5993 -0.220E+00      -4319.64  0.4014  0.459E-03      -1694.32  0.4724  0.106E-01      -1049.09  0.5117 -0.101E-01      -1531.13  0.4801 -0.113E-02
         20.0043     -602.45  0.5992 -0.220E+00      -4319.64  0.4014  0.459E-03      -1694.32  0.4724  0.106E-01      -1049.09  0.5117 -0.101E-01      -1531.13  0.4801 -0.104E-02
         20.0056     -602.72  0.5992 -0.220E+00      -4319.64  0.4014  0.459E-03      -1694.32  0.4724  0.106E-01      -1049.08  0.5117 -0.101E-01      -1531.13  0.4801 -0.108E-02
         20.0074     -603.08  0.5992 -0.220E+00      -4319.64  0.4014  0.459E-03      -1694.31  0.4724  0.106E-01      -1049.08  0.5117 -0.101E-01      -1531.13  0.4801 -0.109E-02
         20.0098     -603.53  0.5991 -0.220E+00      -4319.64  0.4014  0.459E-03      -1694.31  0.4724  0.106E-01      -1049.08  0.5117 -0.101E-01      -1531.14  0.4801 -0.108E-02
         20.0128     -604.12  0.5990 -0.220E+00      -4319.64  0.4014  0.459E-03      -1694.30  0.4724  0.106E-01      -1049.08  0.5117 -0.101E-01      -1531.14  0.4801 -0.110E-02
         20.0167     -604.87  0.5989 -0.220E+00      -4319.64  0.4014  0.459E-03      -1694.29  0.4724  0.106E-01      -1049.08  0.5117 -0.101E-01      -1531.15  0.4801 -0.110E-02
         20.0218     -605.83  0.5988 -0.220E+00      -4319.64  0.4014  0.459E-03      -1694.28  0.4724  0.106E-01      -1049.08  0.5117 -0.101E-01      -1531.15  0.4801 -0.111E-02
         20.0285     -607.06  0.5987 -0.220E+00      -4319.64  0.4014  0.459E-03      -1694.27  0.4724  0.106E-01      -1049.07  0.5117 -0.101E-01      -1531.16  0.4801 -0.112E-02
         20.0372     -608.62  0.5985 -0.220E+00      -4319.64  0.4014  0.459E-03      -1694.25  0.4724  0.106E-01      -1049.07  0.5117 -0.101E-01      -1531.18  0.4801 -0.112E-02
         20.0484     -610.58  0.5982 -0.220E+00      -4319.64  0.4014  0.459E-03      -1694.23  0.4724  0.106E-01      -1049.07  0.5117 -0.101E-01      -1531.19  0.4801 -0.112E-02
         20.0630     -613.03  0.5979 -0.220E+00      -4319.64  0.4014  0.459E-03      -1694.20  0.4724  0.106E-01      -1049.06  0.5117 -0.101E-01      -1531.22  0.4801 -0.112E-02
         20.0820     -616.05  0.5975 -0.220E+00      -4319.64  0.4014  0.460E-03      -1694.16  0.4724  0.106E-01      -1049.05  0.5117 -0.101E-01      -1531.24  0.4801 -0.111E-02
         20.1067     -619.71  0.5971 -0.220E+00      -4319.65  0.4014  0.460E-03      -1694.10  0.4724  0.106E-01      -1049.04  0.5117 -0.101E-01      -1531.28  0.4801 -0.111E-02
         20.1388     -624.09  0.5965 -0.220E+00      -4319.65  0.4014  0.460E-03      -1694.03  0.4724  0.107E-01      -1049.03  0.5117 -0.101E-01      -1531.33  0.4801 -0.112E-02
         20.1806     -629.21  0.5959 -0.220E+00      -4319.65  0.4014  0.460E-03      -1693.95  0.4724  0.107E-01      -1049.01  0.5117 -0.101E-01      -1531.39  0.4801 -0.111E-02
         20.2349     -635.02  0.5951 -0.220E+00      -4319.65  0.4014  0.460E-03      -1693.83  0.4724  0.107E-01      -1048.98  0.5117 -0.101E-01      -1531.47  0.4801 -0.111E-02
         20.3054     -641.41  0.5943 -0.220E+00      -4319.66  0.4014  0.460E-03      -1693.68  0.4725  0.107E-01      -1048.95  0.5117 -0.101E-01      -1531.58  0.4801 -0.112E-02
         20.3972     -648.14  0.5935 -0.220E+00      -4319.66  0.4014  0.460E-03      -1693.49  0.4725  0.107E-01      -1048.91  0.5117 -0.101E-01      -1531.71  0.4801 -0.111E-02
         20.5164     -654.88  0.5926 -0.220E+00      -4319.67  0.4014  0.461E-03      -1693.24  0.4725  0.107E-01      -1048.86  0.5117 -0.101E-01      -1531.88  0.4801 -0.111E-02
         20.6715     -661.17  0.5918 -0.220E+00      -4319.68  0.4014  0.461E-03      -1692.91  0.4725  0.107E-01      -1048.79  0.5117 -0.101E-01      -1532.11  0.4801 -0.111E-02
         20.8730     -666.45  0.5911 -0.220E+00      -4319.70  0.4014  0.462E-03      -1692.48  0.4725  0.107E-01      -1048.71  0.5117 -0.101E-01      -1532.39  0.4801 -0.111E-02
         21.1350     -670.26  0.5906 -0.220E+00      -4319.72  0.4014  0.462E-03      -1691.93  0.4725  0.107E-01      -1048.59  0.5117 -0.101E-01      -1532.76  0.4800 -0.111E-02
         21.4756     -672.01  0.5904 -0.220E+00      -4319.75  0.4014  0.464E-03      -1691.21  0.4726  0.107E-01      -1048.45  0.5117 -0.101E-01      -1533.22  0.4800 -0.111E-02
         21.9184     -671.14  0.5905 -0.220E+00      -4319.79  0.4014  0.465E-03      -1690.27  0.4726  0.107E-01      -1048.26  0.5117 -0.101E-01      -1533.82  0.4800 -0.111E-02
         22.4940     -666.66  0.5911 -0.220E+00      -4319.87  0.4014  0.467E-03      -1689.06  0.4727  0.107E-01      -1048.03  0.5117 -0.101E-01      -1534.57  0.4800 -0.111E-02
         23.2446     -659.44  0.5920 -0.220E+00      -4319.98  0.4014  0.470E-03      -1687.48  0.4727  0.107E-01      -1047.73  0.5118 -0.101E-01      -1535.51  0.4799 -0.111E-02
         24.2096     -648.21  0.5934 -0.220E+00      -4320.15  0.4014  0.475E-03      -1685.45  0.4728  0.108E-01      -1047.37  0.5118 -0.101E-01      -1536.68  0.4799 -0.111E-02
         25.3677     -633.83  0.5953 -0.220E+00      -4320.41  0.4014  0.480E-03      -1683.04  0.4730  0.108E-01      -1046.97  0.5118 -0.101E-01      -1538.02  0.4798 -0.111E-02
         26.9118     -613.09  0.5979 -0.220E+00      -4320.88  0.4014  0.489E-03      -1679.87  0.4731  0.108E-01      -1046.50  0.5119 -0.100E-01      -1539.71  0.4797 -0.110E-02
         30.0000     -575.81  0.6034 -0.220E+00      -4322.20  0.4014  0.510E-03      -1673.76  0.4734  0.108E-01      -1045.83  0.5119 -0.991E-02      -1542.82  0.4796 -0.110E-02
         30.0001     -575.12  0.6034 -0.709E-01      -4322.20  0.4014  0.510E-03      -1673.76  0.4734  0.108E-01      -1045.83  0.5119 -0.991E-02      -1542.82  0.4796 -0.864E-03
         30.0002     -575.32  0.6034 -0.710E-01      -4322.20  0.4014  0.510E-03      -1673.76  0.4734  0.108E-01      -1045.83  0.5119 -0.991E-02      -1542.82  0.4796 -0.864E-03
         30.0004     -575.21  0.6034 -0.698E-01      -4322.20  0.4014  0.510E-03      -1673.76  0.4734  0.108E-01      -1045.83  0.5119 -0.991E-02      -1542.82  0.4796 -0.864E-03
         30.0006     -575.31  0.6034 -0.697E-01      -4322.20  0.4014  0.510E-03      -1673.76  0.4734  0.108E-01      -1045.83  0.5119 -0.991E-02      -1542.82  0.4796 -0.864E-03
         30.0009     -575.32  0.6034 -0.698E-01      -4322.20  0.4014  0.510E-03      -1673.76  0.4734  0.108E-01      -1045.83  0.5119 -0.990E-02      -1542.82  0.4796 -0.864E-03
         30.0013     -575.41  0.6034 -0.701E-01      -4322.20  0.4014  0.510E-03      -1673.76  0.4734  0.108E-01      -1045.83  0.5119 -0.991E-02      -1542.82  0.4796 -0.126E-02
         30.0018     -575.49  0.6033 -0.702E-01      -4322.20  0.4014  0.510E-03      -1673.76  0.4734  0.108E-01      -1045.83  0.5119 -0.991E-02      -1542.82  0.4796 -0.117E-02
         30.0024     -575.60  0.6033 -0.701E-01      -4322.20  0.4014  0.510E-03      -1673.76  0.4734  0.108E-01      -1045.83  0.5119 -0.990E-02      -1542.82  0.4796 -0.110E-02
         30.0032     -575.75  0.6033 -0.700E-01      -4322.20  0.4014  0.510E-03      -1673.76  0.4734  0.108E-01      -1045.83  0.5119 -0.991E-02      -1542.82  0.4796 -0.105E-02
         30.0043     -575.94  0.6033 -0.699E-01      -4322.20  0.4014  0.510E-03      -1673.75  0.4734  0.108E-01      -1045.83  0.5119 -0.991E-02      -1542.83  0.4796 -0.114E-02
         30.0056     -576.19  0.6032 -0.699E-01      -4322.20  0.4014  0.510E-03      -1673.75  0.4734  0.108E-01      -1045.83  0.5119 -0.991E-02      -1542.83  0.4796 -0.108E-02
         30.0074     -576.51  0.6032 -0.700E-01      -4322.20  0.4014  0.510E-03      -1673.75  0.4734  0.108E-01      -1045.83  0.5119 -0.990E-02      -1542.83  0.4796 -0.111E-02
         30.0098     -576.92  0.6031 -0.701E-01      -4322.20  0.4014  0.510E-03      -1673.74  0.4734  0.108E-01      -1045.83  0.5119 -0.990E-02      -1542.83  0.4796 -0.112E-02
         30.0128     -577.45  0.6030 -0.700E-01      -4322.21  0.4014  0.510E-03      -1673.74  0.4734  0.108E-01      -1045.83  0.5119 -0.990E-02      -1542.83  0.4796 -0.111E-02
         30.0167     -578.14  0.6029 -0.700E-01      -4322.21  0.4014  0.510E-03      -1673.73  0.4734  0.108E-01      -1045.83  0.5119 -0.990E-02      -1542.84  0.4796 -0.109E-02
         30.0218     -579.02  0.6028 -0.700E-01      -4322.21  0.4014  0.510E-03      -1673.72  0.4734  0.108E-01      -1045.83  0.5119 -0.990E-02      -1542.84  0.4796 -0.110E-02
         30.0285     -580.15  0.6026 -0.700E-01      -4322.21  0.4014  0.510E-03      -1673.71  0.4734  0.108E-01      -1045.83  0.5119 -0.990E-02      -1542.85  0.4796 -0.111E-02
         30.0372     -581.59  0.6024 -0.700E-01      -4322.22  0.4014  0.510E-03      -1673.69  0.4734  0.108E-01      -1045.83  0.5119 -0.990E-02      -1542.86  0.4796 -0.110E-02
         30.0484     -583.41  0.6021 -0.700E-01      -4322.22  0.4014  0.510E-03      -1673.67  0.4734  0.108E-01      -1045.82  0.5119 -0.990E-02      -1542.87  0.4796 -0.110E-02
         30.0630     -585.72  0.6018 -0.700E-01      -4322.23  0.4014  0.510E-03      -1673.64  0.4734  0.108E-01      -1045.82  0.5119 -0.990E-02      -1542.89  0.4796 -0.110E-02
         30.0820     -588.59  0.6013 -0.700E-01      -4322.24  0.4014  0.510E-03      -1673.60  0.4734  0.108E-01      -1045.82  0.5119 -0.990E-02      -1542.90  0.4796 -0.110E-02
         30.1067     -592.15  0.6008 -0.700E-01      -4322.25  0.4014  0.511E-03      -1673.55  0.4734  0.108E-01      -1045.81  0.5119 -0.990E-02      -1542.93  0.4796 -0.110E-02
         30.1388     -596.50  0.6001 -0.700E-01      -4322.26  0.4014  0.511E-03      -1673.49  0.4734  0.108E-01      -1045.80  0.5119 -0.990E-02      -1542.96  0.4796 -0.110E-02
         30.1806     -602.34  0.5993 -0.700E-01      -4322.28  0.4014  0.511E-03      -1673.41  0.4734  0.108E-01      -1045.80  0.5119 -0.990E-02      -1543.00  0.4796 -0.110E-02
         30.2349     -610.04  0.5983 -0.700E-01      -4322.31  0.4014  0.511E-03      -1673.30  0.4734  0.108E-01      -1045.78  0.5119 -0.990E-02      -1543.06  0.4796 -0.110E-02
         30.3054     -618.93  0.5971 -0.700E-01      -4322.34  0.4014  0.512E-03      -1673.16  0.4734  0.108E-01      -1045.77  0.5119 -0.989E-02      -1543.13  0.4796 -0.110E-02
         30.3972     -629.20  0.5959 -0.700E-01      -4322.38  0.4014  0.513E-03      -1672.98  0.4734  0.108E-01      -1045.75  0.5119 -0.989E-02      -1543.22  0.4796 -0.110E-02
         30.5164     -640.71  0.5944 -0.700E-01      -4322.43  0.4014  0.513E-03      -1672.75  0.4734  0.108E-01      -1045.73  0.5119 -0.988E-02      -1543.34  0.4795 -0.110E-02
         30.6715     -653.43  0.5928 -0.700E-01      -4322.50  0.4014  0.514E-03      -1672.44  0.4735  0.108E-01      -1045.70  0.5119 -0.988E-02      -1543.49  0.4795 -0.110E-02
         30.8730     -667.26  0.5910 -0.700E-01      -4322.60  0.4013  0.516E-03      -1672.05  0.4735  0.108E-01      -1045.66  0.5119 -0.987E-02      -1543.69  0.4795 -0.110E-02
         31.1350     -682.11  0.5892 -0.700E-01      -4322.72  0.4013  0.518E-03      -1671.54  0.4735  0.108E-01      -1045.61  0.5119 -0.986E-02      -1543.94  0.4795 -0.110E-02
         31.4756     -697.83  0.5872 -0.700E-01      -4322.89  0.4013  0.520E-03      -1670.89  0.4735  0.108E-01      -1045.55  0.5119 -0.984E-02      -1544.27  0.4795 -0.110E-02
         31.9184     -714.24  0.5851 -0.700E-01      -4323.12  0.4013  0.523E-03      -1670.04  0.4736  0.108E-01      -1045.48  0.5119 -0.982E-02      -1544.69  0.4795 -0.110E-02
         32.4940     -731.06  0.5830 -0.700E-01      -4323.44  0.4013  0.527E-03      -1668.94  0.4736  0.108E-01      -1045.40  0.5119 -0.980E-02      -1545.24  0.4795 -0.110E-02
         33.2446     -747.90  0.5808 -0.700E-01      -4323.87  0.4013  0.533E-03      -1667.53  0.4737  0.108E-01      -1045.31  0.5119 -0.976E-02      -1545.93  0.4794 -0.110E-02
         34.2096     -765.57  0.5789 -0.700E-01      -4324.47  0.4013  0.540E-03      -1665.76  0.4738  0.108E-01      -1045.23  0.5120 -0.971E-02      -1546.80  0.4794 -0.110E-02
         35.3677     -782.10  0.5772 -0.700E-01      -4325.25  0.4013  0.549E-03      -1663.68  0.4739  0.108E-01      -1045.16  0.5120 -0.965E-02      -1547.82  0.4793 -0.109E-02
         36.9118     -796.64  0.5757 -0.700E-01      -4326.38  0.4013  0.561E-03      -1661.00  0.4740  0.108E-01      -1045.14  0.5120 -0.957E-02      -1549.14  0.4793 -0.109E-02
         40.0000     -812.76  0.5741 -0.700E-01      -4328.86  0.4012  0.582E-03      -1656.01  0.4742  0.108E-01      -1045.34  0.5119 -0.938E-02      -1551.63  0.4792 -0.109E-02
         42.5000     -818.71  0.5735 -0.700E-01      -4330.94  0.4012  0.595E-03      -1652.24  0.4744  0.108E-01      -1045.67  0.5119 -0.923E-02      -1553.57  0.4791 -0.109E-02
         46.2500     -823.03  0.5731 -0.700E-01      -4333.75  0.4012  0.602E-03      -1647.17  0.4746  0.107E-01      -1046.47  0.5119 -0.898E-02      -1556.32  0.4789 -0.108E-02
         50.0000     -820.92  0.5732 -0.700E-01      -4335.47  0.4011  0.585E-03      -1642.79  0.4749  0.106E-01      -1047.60  0.5118 -0.874E-02      -1558.93  0.4788 -0.108E-02
         55.0000     -838.32  0.5715 -0.600E-01      -4334.36  0.4012  0.510E-03      -1637.83  0.4751  0.105E-01      -1049.47  0.5116 -0.841E-02      -1562.21  0.4787 -0.108E-02
         60.0000     -841.31  0.5713 -0.600E-01      -4327.13  0.4013  0.357E-03      -1633.75  0.4753  0.103E-01      -1051.71  0.5115 -0.809E-02      -1565.32  0.4785 -0.107E-02
         65.0000     -836.70  0.5716 -0.600E-01      -4310.46  0.4015  0.102E-03      -1630.46  0.4754  0.102E-01      -1054.23  0.5113 -0.778E-02      -1568.28  0.4784 -0.107E-02
         70.0000     -829.64  0.5724 -0.600E-01      -4283.21  0.4020 -0.251E-03      -1627.74  0.4756  0.999E-02      -1056.94  0.5111 -0.749E-02      -1571.11  0.4782 -0.107E-02
         70.0001     -829.92  0.5724 -0.295E-01      -4284.16  0.4020 -0.244E-03      -1627.69  0.4756  0.998E-02      -1056.92  0.5111 -0.749E-02      -1571.12  0.4782 -0.933E-03
         70.0002     -829.87  0.5724 -0.295E-01      -4283.96  0.4020 -0.245E-03      -1627.70  0.4756  0.998E-02      -1056.92  0.5111 -0.749E-02      -1571.12  0.4782 -0.933E-03
         70.0004     -829.92  0.5724 -0.293E-01      -4284.11  0.4020 -0.244E-03      -1627.69  0.4756  0.998E-02      -1056.92  0.5111 -0.749E-02      -1571.12  0.4782 -0.933E-03
         70.0006     -829.92  0.5724 -0.294E-01      -4284.05  0.4020 -0.245E-03      -1627.70  0.4756  0.998E-02      -1056.92  0.5111 -0.749E-02      -1571.12  0.4782 -0.933E-03
         70.0009     -829.95  0.5724 -0.300E-01      -4284.08  0.4020 -0.244E-03      -1627.70  0.4756  0.998E-02      -1056.92  0.5111 -0.749E-02      -1571.12  0.4782 -0.933E-03
         70.0013     -829.96  0.5724 -0.303E-01      -4284.06  0.4020 -0.245E-03      -1627.70  0.4756  0.998E-02      -1056.92  0.5111 -0.749E-02      -1571.12  0.4782 -0.933E-03
         70.0018     -829.99  0.5724 -0.302E-01      -4284.07  0.4020 -0.245E-03      -1627.70  0.4756  0.998E-02      -1056.92  0.5111 -0.749E-02      -1571.12  0.4782 -0.933E-03
         70.0024     -830.03  0.5724 -0.302E-01      -4284.06  0.4020 -0.245E-03      -1627.70  0.4756  0.998E-02      -1056.92  0.5111 -0.749E-02      -1571.12  0.4782 -0.117E-02
         70.0032     -830.08  0.5724 -0.299E-01      -4284.06  0.4020 -0.245E-03      -1627.70  0.4756  0.998E-02      -1056.92  0.5111 -0.749E-02      -1571.12  0.4782 -0.112E-02
         70.0043     -830.14  0.5724 -0.299E-01      -4284.06  0.4020 -0.245E-03      -1627.70  0.4756  0.998E-02      -1056.92  0.5111 -0.749E-02      -1571.12  0.4782 -0.107E-02
         70.0056     -830.22  0.5724 -0.299E-01      -4284.05  0.4020 -0.245E-03      -1627.69  0.4756  0.998E-02      -1056.92  0.5111 -0.749E-02      -1571.12  0.4782 -0.104E-02
         70.0074     -830.32  0.5724 -0.301E-01      -4284.04  0.4020 -0.245E-03      -1627.69  0.4756  0.998E-02      -1056.92  0.5111 -0.749E-02      -1571.12  0.4782 -0.110E-02
         70.0098     -830.45  0.5724 -0.300E-01      -4284.03  0.4020 -0.245E-03      -1627.69  0.4756  0.998E-02      -1056.93  0.5111 -0.749E-02      -1571.12  0.4782 -0.106E-02
         70.0128     -830.63  0.5723 -0.300E-01      -4284.01  0.4020 -0.245E-03      -1627.69  0.4756  0.998E-02      -1056.93  0.5111 -0.749E-02      -1571.12  0.4782 -0.108E-02
         70.0167     -830.85  0.5723 -0.300E-01      -4283.99  0.4020 -0.246E-03      -1627.69  0.4756  0.998E-02      -1056.93  0.5111 -0.749E-02      -1571.13  0.4782 -0.108E-02
         70.0218     -831.14  0.5723 -0.300E-01      -4283.96  0.4020 -0.246E-03      -1627.69  0.4756  0.998E-02      -1056.93  0.5111 -0.749E-02      -1571.13  0.4782 -0.108E-02
         70.0285     -831.51  0.5723 -0.300E-01      -4283.92  0.4020 -0.247E-03      -1627.68  0.4756  0.998E-02      -1056.94  0.5111 -0.749E-02      -1571.13  0.4782 -0.107E-02
         70.0372     -832.00  0.5722 -0.300E-01      -4283.88  0.4020 -0.247E-03      -1627.68  0.4756  0.998E-02      -1056.94  0.5111 -0.749E-02      -1571.14  0.4782 -0.107E-02
         70.0484     -832.61  0.5721 -0.300E-01      -4283.82  0.4020 -0.248E-03      -1627.67  0.4756  0.998E-02      -1056.95  0.5111 -0.749E-02      -1571.14  0.4782 -0.107E-02
         70.0630     -833.40  0.5721 -0.300E-01      -4283.74  0.4020 -0.249E-03      -1627.66  0.4756  0.998E-02      -1056.95  0.5111 -0.748E-02      -1571.15  0.4782 -0.107E-02
         70.0820     -834.40  0.5720 -0.300E-01      -4283.63  0.4020 -0.251E-03      -1627.65  0.4756  0.998E-02      -1056.97  0.5111 -0.748E-02      -1571.16  0.4782 -0.107E-02
         70.1067     -835.66  0.5718 -0.300E-01      -4283.50  0.4020 -0.252E-03      -1627.64  0.4756  0.998E-02      -1056.98  0.5110 -0.748E-02      -1571.18  0.4782 -0.107E-02
         70.1388     -837.24  0.5717 -0.300E-01      -4283.32  0.4020 -0.255E-03      -1627.62  0.4756  0.998E-02      -1057.00  0.5110 -0.748E-02      -1571.20  0.4782 -0.107E-02
         70.1806     -839.20  0.5715 -0.300E-01      -4283.09  0.4020 -0.258E-03      -1627.60  0.4756  0.998E-02      -1057.02  0.5110 -0.748E-02      -1571.22  0.4782 -0.107E-02
         70.2349     -841.60  0.5712 -0.300E-01      -4282.79  0.4020 -0.262E-03      -1627.57  0.4756  0.998E-02      -1057.05  0.5110 -0.747E-02      -1571.25  0.4782 -0.107E-02
         70.3054     -844.51  0.5709 -0.300E-01      -4282.40  0.4020 -0.267E-03      -1627.53  0.4756  0.997E-02      -1057.09  0.5110 -0.747E-02      -1571.29  0.4782 -0.107E-02
         70.3972     -847.96  0.5706 -0.300E-01      -4281.89  0.4020 -0.274E-03      -1627.49  0.4756  0.997E-02      -1057.14  0.5110 -0.747E-02      -1571.34  0.4782 -0.107E-02
         70.5164     -851.99  0.5702 -0.300E-01      -4281.21  0.4020 -0.283E-03      -1627.42  0.4756  0.997E-02      -1057.20  0.5110 -0.746E-02      -1571.41  0.4782 -0.107E-02
         70.6715     -856.61  0.5697 -0.300E-01      -4280.32  0.4020 -0.295E-03      -1627.34  0.4756  0.996E-02      -1057.29  0.5110 -0.745E-02      -1571.50  0.4782 -0.107E-02
         70.8730     -861.79  0.5692 -0.300E-01      -4279.14  0.4020 -0.310E-03      -1627.24  0.4756  0.995E-02      -1057.40  0.5110 -0.744E-02      -1571.61  0.4782 -0.107E-02
         71.1350     -867.50  0.5686 -0.300E-01      -4277.58  0.4021 -0.331E-03      -1627.10  0.4756  0.995E-02      -1057.54  0.5110 -0.742E-02      -1571.76  0.4782 -0.107E-02
         71.4756     -873.71  0.5680 -0.300E-01      -4275.49  0.4021 -0.358E-03      -1626.93  0.4756  0.993E-02      -1057.73  0.5110 -0.740E-02      -1571.95  0.4782 -0.107E-02
         71.9184     -880.38  0.5673 -0.300E-01      -4272.67  0.4022 -0.394E-03      -1626.71  0.4756  0.992E-02      -1057.98  0.5110 -0.738E-02      -1572.19  0.4782 -0.107E-02
         72.4940     -887.52  0.5666 -0.300E-01      -4268.84  0.4022 -0.441E-03      -1626.44  0.4756  0.990E-02      -1058.30  0.5109 -0.735E-02      -1572.51  0.4782 -0.106E-02
         73.2446     -895.89  0.5658 -0.300E-01      -4263.55  0.4023 -0.506E-03      -1626.09  0.4756  0.987E-02      -1058.73  0.5109 -0.730E-02      -1572.92  0.4781 -0.106E-02
         74.2096     -904.96  0.5648 -0.300E-01      -4256.24  0.4024 -0.594E-03      -1625.67  0.4757  0.984E-02      -1059.28  0.5109 -0.725E-02      -1573.45  0.4781 -0.106E-02
         75.3677     -914.30  0.5639 -0.300E-01      -4246.73  0.4026 -0.705E-03      -1625.19  0.4757  0.980E-02      -1059.95  0.5108 -0.719E-02      -1574.08  0.4781 -0.106E-02
         76.9118     -924.48  0.5629 -0.300E-01      -4232.62  0.4028 -0.866E-03      -1624.59  0.4757  0.975E-02      -1060.86  0.5108 -0.711E-02      -1574.90  0.4781 -0.106E-02
         80.0000     -939.29  0.5614 -0.300E-01      -4198.10  0.4033 -0.123E-02      -1623.60  0.4758  0.964E-02      -1062.73  0.5106 -0.695E-02      -1576.51  0.4780 -0.106E-02
         80.0001     -939.91  0.5614 -0.205E-01      -4198.63  0.4033 -0.123E-02      -1623.58  0.4758  0.964E-02      -1062.72  0.5106 -0.695E-02      -1576.51  0.4780 -0.937E-03
         80.0002     -939.76  0.5614 -0.210E-01      -4198.52  0.4033 -0.123E-02      -1623.58  0.4758  0.964E-02      -1062.72  0.5106 -0.695E-02      -1576.51  0.4780 -0.937E-03
         80.0004     -939.89  0.5614 -0.201E-01      -4198.60  0.4033 -0.123E-02      -1623.58  0.4758  0.964E-02      -1062.72  0.5106 -0.695E-02      -1576.51  0.4780 -0.937E-03
         80.0006     -939.84  0.5614 -0.202E-01      -4198.57  0.4033 -0.123E-02      -1623.58  0.4758  0.964E-02      -1062.72  0.5106 -0.695E-02      -1576.51  0.4780 -0.937E-03
         80.0009     -939.88  0.5614 -0.199E-01      -4198.58  0.4033 -0.123E-02      -1623.58  0.4758  0.964E-02      -1062.72  0.5106 -0.695E-02      -1576.51  0.4780 -0.937E-03
         80.0013     -939.87  0.5613 -0.204E-01      -4198.57  0.4033 -0.123E-02      -1623.58  0.4758  0.964E-02      -1062.72  0.5106 -0.695E-02      -1576.51  0.4780 -0.937E-03
         80.0018     -939.89  0.5613 -0.200E-01      -4198.57  0.4033 -0.123E-02      -1623.58  0.4758  0.964E-02      -1062.72  0.5106 -0.695E-02      -1576.51  0.4780 -0.937E-03
         80.0024     -939.90  0.5613 -0.200E-01      -4198.56  0.4033 -0.123E-02      -1623.58  0.4758  0.964E-02      -1062.72  0.5106 -0.695E-02      -1576.51  0.4780 -0.937E-03
         80.0032     -939.93  0.5613 -0.200E-01      -4198.55  0.4033 -0.123E-02      -1623.58  0.4758  0.964E-02      -1062.72  0.5106 -0.695E-02      -1576.51  0.4780 -0.112E-02
         80.0043     -939.95  0.5613 -0.200E-01      -4198.54  0.4033 -0.123E-02      -1623.58  0.4758  0.964E-02      -1062.73  0.5106 -0.695E-02      -1576.51  0.4780 -0.108E-02
         80.0056     -939.99  0.5613 -0.200E-01      -4198.53  0.4033 -0.123E-02      -1623.58  0.4758  0.964E-02      -1062.73  0.5106 -0.695E-02      -1576.51  0.4780 -0.105E-02
         80.0074     -940.03  0.5613 -0.200E-01      -4198.51  0.4033 -0.123E-02      -1623.58  0.4758  0.964E-02      -1062.73  0.5106 -0.695E-02      -1576.51  0.4780 -0.102E-02
         80.0098     -940.09  0.5613 -0.200E-01      -4198.48  0.4033 -0.123E-02      -1623.58  0.4758  0.964E-02      -1062.73  0.5106 -0.695E-02      -1576.51  0.4780 -0.106E-02
         80.0128     -940.16  0.5613 -0.200E-01      -4198.45  0.4033 -0.123E-02      -1623.58  0.4758  0.964E-02      -1062.73  0.5106 -0.695E-02      -1576.51  0.4780 -0.104E-02
         80.0167     -940.26  0.5613 -0.200E-01      -4198.40  0.4033 -0.123E-02      -1623.58  0.4758  0.964E-02      -1062.73  0.5106 -0.695E-02      -1576.52  0.4780 -0.105E-02
         80.0218     -940.38  0.5613 -0.200E-01      -4198.35  0.4033 -0.124E-02      -1623.58  0.4758  0.964E-02      -1062.74  0.5106 -0.695E-02      -1576.52  0.4780 -0.105E-02
         80.0285     -940.54  0.5613 -0.200E-01      -4198.27  0.4034 -0.124E-02      -1623.57  0.4758  0.964E-02      -1062.74  0.5106 -0.695E-02      -1576.52  0.4780 -0.107E-02
         80.0372     -940.75  0.5613 -0.200E-01      -4198.18  0.4034 -0.124E-02      -1623.57  0.4758  0.964E-02      -1062.74  0.5106 -0.695E-02      -1576.53  0.4780 -0.106E-02
         80.0484     -941.02  0.5612 -0.200E-01      -4198.05  0.4034 -0.124E-02      -1623.57  0.4758  0.964E-02      -1062.75  0.5106 -0.694E-02      -1576.53  0.4780 -0.106E-02
         80.0630     -941.36  0.5612 -0.200E-01      -4197.89  0.4034 -0.124E-02      -1623.56  0.4758  0.964E-02      -1062.76  0.5106 -0.694E-02      -1576.54  0.4780 -0.106E-02
         80.0820     -941.80  0.5612 -0.200E-01      -4197.68  0.4034 -0.124E-02      -1623.56  0.4758  0.964E-02      -1062.77  0.5106 -0.694E-02      -1576.55  0.4780 -0.106E-02
         80.1067     -942.36  0.5611 -0.200E-01      -4197.40  0.4034 -0.125E-02      -1623.55  0.4758  0.964E-02      -1062.79  0.5106 -0.694E-02      -1576.56  0.4780 -0.106E-02
         80.1388     -943.08  0.5610 -0.200E-01      -4197.04  0.4034 -0.125E-02      -1623.54  0.4758  0.964E-02      -1062.81  0.5106 -0.694E-02      -1576.58  0.4780 -0.106E-02
         80.1806     -943.98  0.5609 -0.200E-01      -4196.57  0.4034 -0.125E-02      -1623.52  0.4758  0.964E-02      -1062.83  0.5106 -0.694E-02      -1576.60  0.4780 -0.106E-02
         80.2349     -945.12  0.5608 -0.200E-01      -4195.97  0.4034 -0.126E-02      -1623.51  0.4758  0.963E-02      -1062.86  0.5106 -0.694E-02      -1576.63  0.4780 -0.106E-02
         80.3054     -946.53  0.5607 -0.200E-01      -4195.17  0.4034 -0.127E-02      -1623.48  0.4758  0.963E-02      -1062.91  0.5106 -0.693E-02      -1576.67  0.4780 -0.106E-02
         80.3972     -948.27  0.5605 -0.200E-01      -4194.13  0.4034 -0.128E-02      -1623.45  0.4758  0.963E-02      -1062.96  0.5106 -0.693E-02      -1576.71  0.4780 -0.106E-02
         80.5164     -950.39  0.5603 -0.200E-01      -4192.77  0.4034 -0.130E-02      -1623.42  0.4758  0.963E-02      -1063.03  0.5106 -0.692E-02      -1576.77  0.4780 -0.106E-02
         80.6715     -952.95  0.5600 -0.200E-01      -4190.98  0.4035 -0.132E-02      -1623.37  0.4758  0.962E-02      -1063.13  0.5106 -0.691E-02      -1576.86  0.4780 -0.106E-02
         80.8730     -956.39  0.5597 -0.200E-01      -4188.63  0.4035 -0.134E-02      -1623.31  0.4758  0.961E-02      -1063.25  0.5106 -0.690E-02      -1576.96  0.4780 -0.106E-02
         81.1350     -960.78  0.5594 -0.200E-01      -4185.53  0.4036 -0.137E-02      -1623.23  0.4758  0.960E-02      -1063.41  0.5106 -0.689E-02      -1577.09  0.4780 -0.106E-02
         81.4756     -965.75  0.5590 -0.200E-01      -4181.42  0.4036 -0.142E-02      -1623.12  0.4758  0.959E-02      -1063.62  0.5105 -0.687E-02      -1577.27  0.4779 -0.106E-02
         81.9184     -971.45  0.5585 -0.200E-01      -4175.94  0.4037 -0.148E-02      -1622.99  0.4758  0.958E-02      -1063.89  0.5105 -0.685E-02      -1577.50  0.4779 -0.106E-02
         82.4940     -977.89  0.5580 -0.200E-01      -4168.58  0.4038 -0.156E-02      -1622.83  0.4758  0.956E-02      -1064.24  0.5105 -0.682E-02      -1577.79  0.4779 -0.106E-02
         83.2446     -985.24  0.5574 -0.200E-01      -4158.59  0.4040 -0.166E-02      -1622.63  0.4758  0.953E-02      -1064.70  0.5105 -0.678E-02      -1578.17  0.4779 -0.106E-02
         84.2096     -993.49  0.5568 -0.200E-01      -4145.09  0.4042 -0.180E-02      -1622.39  0.4758  0.950E-02      -1065.30  0.5104 -0.674E-02      -1578.66  0.4779 -0.106E-02
         85.3677    -1002.19  0.5561 -0.200E-01      -4128.23  0.4045 -0.195E-02      -1622.12  0.4758  0.946E-02      -1066.02  0.5104 -0.668E-02      -1579.24  0.4779 -0.106E-02
         86.9118    -1012.20  0.5553 -0.200E-01      -4104.56  0.4049 -0.215E-02      -1621.79  0.4758  0.941E-02      -1066.99  0.5103 -0.661E-02      -1580.01  0.4778 -0.106E-02
         90.0000    -1028.00  0.5540 -0.200E-01      -4051.82  0.4057 -0.260E-02      -1621.28  0.4759  0.930E-02      -1068.96  0.5101 -0.647E-02      -1581.50  0.4777 -0.105E-02
         92.5000    -1096.14  0.5491 -0.680E-07      -4006.12  0.4064 -0.298E-02      -1620.94  0.4759  0.922E-02      -1070.55  0.5100 -0.636E-02      -1582.70  0.4777 -0.105E-02
         96.2500    -1146.67  0.5442 -0.112E-07      -3930.16  0.4077 -0.357E-02      -1620.61  0.4759  0.910E-02      -1072.98  0.5098 -0.620E-02      -1584.45  0.4776 -0.105E-02
        100.0000    -1194.52  0.5408  0.424E-07      -3849.91  0.4090 -0.416E-02      -1620.41  0.4759  0.897E-02      -1075.41  0.5096 -0.605E-02      -1586.16  0.4775 -0.105E-02
        100.0001    -1194.81  0.5408 -0.104E-01      -3850.39  0.4090 -0.416E-02      -1620.40  0.4759  0.897E-02      -1075.41  0.5096 -0.605E-02      -1586.16  0.4775 -0.940E-03
        100.0002    -1194.73  0.5408 -0.906E-02      -3850.26  0.4090 -0.416E-02      -1620.40  0.4759  0.897E-02      -1075.41  0.5096 -0.605E-02      -1586.16  0.4775 -0.940E-03
        100.0004    -1194.80  0.5408 -0.975E-02      -3850.36  0.4090 -0.416E-02      -1620.40  0.4759  0.897E-02      -1075.41  0.5096 -0.605E-02      -1586.16  0.4775 -0.940E-03
        100.0006    -1194.77  0.5408 -0.989E-02      -3850.31  0.4090 -0.416E-02      -1620.40  0.4759  0.897E-02      -1075.41  0.5096 -0.605E-02      -1586.16  0.4775 -0.940E-03
        100.0009    -1194.78  0.5408 -0.968E-02      -3850.33  0.4090 -0.416E-02      -1620.40  0.4759  0.897E-02      -1075.41  0.5096 -0.605E-02      -1586.16  0.4775 -0.940E-03
        100.0013    -1194.76  0.5408 -0.101E-01      -3850.31  0.4090 -0.416E-02      -1620.40  0.4759  0.897E-02      -1075.41  0.5096 -0.605E-02      -1586.16  0.4775 -0.940E-03
        100.0018    -1194.76  0.5408 -0.100E-01      -3850.31  0.4090 -0.416E-02      -1620.40  0.4759  0.897E-02      -1075.41  0.5096 -0.605E-02      -1586.16  0.4775 -0.940E-03
        100.0024    -1194.75  0.5408 -0.102E-01      -3850.30  0.4090 -0.416E-02      -1620.40  0.4759  0.897E-02      -1075.41  0.5096 -0.605E-02      -1586.16  0.4775 -0.940E-03
        100.0032    -1194.74  0.5408 -0.996E-02      -3850.29  0.4090 -0.416E-02      -1620.40  0.4759  0.897E-02      -1075.41  0.5096 -0.605E-02      -1586.16  0.4775 -0.112E-02
        100.0043    -1194.72  0.5408 -0.101E-01      -3850.27  0.4090 -0.416E-02      -1620.40  0.4759  0.897E-02      -1075.41  0.5096 -0.605E-02      -1586.16  0.4775 -0.108E-02
        100.0056    -1194.71  0.5408 -0.990E-02      -3850.25  0.4090 -0.416E-02      -1620.40  0.4759  0.897E-02      -1075.41  0.5096 -0.605E-02      -1586.16  0.4775 -0.105E-02
        100.0074    -1194.68  0.5408 -0.999E-02      -3850.22  0.4090 -0.416E-02      -1620.40  0.4759  0.897E-02      -1075.41  0.5096 -0.605E-02      -1586.16  0.4775 -0.102E-02
        100.0098    -1194.65  0.5408 -0.100E-01      -3850.18  0.4090 -0.416E-02      -1620.40  0.4759  0.897E-02      -1075.42  0.5096 -0.605E-02      -1586.16  0.4775 -0.107E-02
        100.0128    -1194.61  0.5408 -0.100E-01      -3850.13  0.4090 -0.416E-02      -1620.40  0.4759  0.897E-02      -1075.42  0.5096 -0.605E-02      -1586.17  0.4775 -0.104E-02
        100.0167    -1194.55  0.5408 -0.100E-01      -3850.06  0.4090 -0.416E-02      -1620.40  0.4759  0.897E-02      -1075.42  0.5096 -0.605E-02      -1586.17  0.4775 -0.105E-02
        100.0218    -1194.48  0.5408 -0.100E-01      -3849.98  0.4090 -0.416E-02      -1620.40  0.4759  0.897E-02      -1075.42  0.5096 -0.605E-02      -1586.17  0.4775 -0.106E-02
        100.0285    -1194.39  0.5409 -0.100E-01      -3849.87  0.4090 -0.416E-02      -1620.40  0.4759  0.897E-02      -1075.43  0.5096 -0.605E-02      -1586.17  0.4775 -0.105E-02
        100.0372    -1194.28  0.5409 -0.999E-02      -3849.73  0.4090 -0.417E-02      -1620.40  0.4759  0.897E-02      -1075.44  0.5096 -0.605E-02      -1586.18  0.4775 -0.104E-02
        100.0484    -1194.13  0.5409 -0.100E-01      -3849.54  0.4090 -0.417E-02      -1620.40  0.4759  0.897E-02      -1075.44  0.5096 -0.605E-02      -1586.18  0.4775 -0.105E-02
        100.0630    -1193.94  0.5409 -0.999E-02      -3849.30  0.4090 -0.417E-02      -1620.40  0.4759  0.897E-02      -1075.45  0.5096 -0.605E-02      -1586.19  0.4775 -0.105E-02
        100.0820    -1193.70  0.5409 -0.999E-02      -3848.99  0.4090 -0.417E-02      -1620.40  0.4759  0.897E-02      -1075.46  0.5096 -0.605E-02      -1586.20  0.4775 -0.105E-02
        100.1067    -1193.39  0.5409 -0.100E-01      -3848.58  0.4090 -0.418E-02      -1620.40  0.4759  0.897E-02      -1075.48  0.5096 -0.605E-02      -1586.21  0.4775 -0.105E-02
        100.1388    -1193.01  0.5410 -0.100E-01      -3848.05  0.4090 -0.418E-02      -1620.40  0.4759  0.897E-02      -1075.50  0.5096 -0.605E-02      -1586.22  0.4775 -0.105E-02
        100.1806    -1192.53  0.5410 -0.100E-01      -3847.35  0.4090 -0.419E-02      -1620.40  0.4759  0.897E-02      -1075.53  0.5096 -0.604E-02      -1586.24  0.4775 -0.105E-02
        100.2349    -1191.96  0.5410 -0.100E-01      -3846.45  0.4091 -0.420E-02      -1620.39  0.4759  0.897E-02      -1075.56  0.5096 -0.604E-02      -1586.27  0.4775 -0.105E-02
        100.3054    -1191.28  0.5411 -0.100E-01      -3845.26  0.4091 -0.421E-02      -1620.39  0.4759  0.896E-02      -1075.61  0.5096 -0.604E-02      -1586.30  0.4775 -0.105E-02
        100.3972    -1190.49  0.5412 -0.100E-01      -3843.72  0.4091 -0.423E-02      -1620.39  0.4759  0.896E-02      -1075.67  0.5096 -0.604E-02      -1586.34  0.4775 -0.105E-02
        100.5164    -1189.63  0.5412 -0.100E-01      -3841.70  0.4092 -0.425E-02      -1620.38  0.4759  0.896E-02      -1075.75  0.5096 -0.603E-02      -1586.40  0.4775 -0.105E-02
        100.6715    -1188.72  0.5413 -0.100E-01      -3839.06  0.4092 -0.428E-02      -1620.37  0.4759  0.895E-02      -1075.85  0.5096 -0.602E-02      -1586.47  0.4775 -0.105E-02
        100.8730    -1187.84  0.5414 -0.100E-01      -3835.59  0.4093 -0.432E-02      -1620.36  0.4759  0.895E-02      -1075.98  0.5096 -0.602E-02      -1586.56  0.4775 -0.105E-02
        101.1350    -1187.12  0.5414 -0.100E-01      -3831.02  0.4094 -0.436E-02      -1620.35  0.4759  0.894E-02      -1076.15  0.5096 -0.601E-02      -1586.68  0.4775 -0.105E-02
        101.4756    -1186.69  0.5415 -0.100E-01      -3824.99  0.4095 -0.442E-02      -1620.34  0.4759  0.893E-02      -1076.37  0.5096 -0.599E-02      -1586.83  0.4775 -0.105E-02
        101.9184    -1186.77  0.5415 -0.100E-01      -3817.01  0.4097 -0.450E-02      -1620.33  0.4759  0.891E-02      -1076.66  0.5095 -0.598E-02      -1587.03  0.4775 -0.105E-02
        102.4940    -1187.56  0.5414 -0.100E-01      -3806.42  0.4099 -0.460E-02      -1620.31  0.4759  0.889E-02      -1077.03  0.5095 -0.595E-02      -1587.29  0.4775 -0.105E-02
        103.2446    -1189.30  0.5413 -0.100E-01      -3792.27  0.4102 -0.473E-02      -1620.30  0.4759  0.887E-02      -1077.52  0.5095 -0.592E-02      -1587.63  0.4775 -0.105E-02
        104.2096    -1192.21  0.5410 -0.100E-01      -3773.59  0.4106 -0.490E-02      -1620.29  0.4759  0.884E-02      -1078.15  0.5094 -0.589E-02      -1588.06  0.4774 -0.105E-02
        105.3677    -1196.17  0.5407 -0.100E-01      -3750.58  0.4111 -0.509E-02      -1620.30  0.4759  0.880E-02      -1078.91  0.5094 -0.584E-02      -1588.57  0.4774 -0.105E-02
        106.9118    -1201.82  0.5403 -0.100E-01      -3719.09  0.4118 -0.534E-02      -1620.33  0.4759  0.875E-02      -1079.92  0.5093 -0.579E-02      -1589.24  0.4774 -0.104E-02
        110.0000    -1214.32  0.5395 -0.100E-01      -3654.39  0.4131 -0.578E-02      -1620.46  0.4759  0.866E-02      -1081.94  0.5091 -0.568E-02      -1590.58  0.4773 -0.104E-02
        112.5000    -1224.09  0.5388 -0.100E-01      -3601.86  0.4142 -0.611E-02      -1620.61  0.4759  0.858E-02      -1083.58  0.5090 -0.559E-02      -1591.64  0.4773 -0.104E-02
        116.2500    -1237.39  0.5380 -0.100E-01      -3524.05  0.4159 -0.651E-02      -1620.94  0.4759  0.847E-02      -1086.04  0.5088 -0.547E-02      -1593.21  0.4772 -0.104E-02
        120.0000    -1249.56  0.5373 -0.100E-01      -3451.17  0.4175 -0.694E-02      -1621.35  0.4759  0.836E-02      -1088.49  0.5086 -0.535E-02      -1594.75  0.4771 -0.104E-02
        125.0000    -1323.51  0.5330  0.224E-07      -3359.99  0.4194 -0.739E-02      -1622.04  0.4758  0.822E-02      -1091.74  0.5084 -0.520E-02      -1596.75  0.4770 -0.103E-02
        130.0000    -1363.40  0.5300  0.142E-07      -3275.89  0.4212 -0.774E-02      -1622.84  0.4758  0.808E-02      -1094.98  0.5081 -0.506E-02      -1598.71  0.4769 -0.103E-02
        135.0000    -1401.79  0.5278  0.256E-07      -3198.48  0.4228 -0.799E-02      -1623.75  0.4758  0.794E-02      -1098.21  0.5079 -0.492E-02      -1600.62  0.4768 -0.103E-02
        140.0000    -1431.98  0.5259 -0.164E-07      -3127.94  0.4243 -0.816E-02      -1624.75  0.4757  0.781E-02      -1101.41  0.5076 -0.479E-02      -1602.50  0.4768 -0.103E-02
        150.0000    -1483.48  0.5228  0.221E-08      -3017.34  0.4270 -0.834E-02      -1627.11  0.4756  0.757E-02      -1107.72  0.5072 -0.456E-02      -1606.09  0.4766 -0.102E-02
        160.0000    -1532.86  0.5199 -0.698E-09      -2928.96  0.4294 -0.840E-02      -1629.69  0.4755  0.735E-02      -1113.94  0.5067 -0.434E-02      -1609.55  0.4764 -0.102E-02
        160.0001    -1533.02  0.5199 -0.103E-01      -2926.57  0.4294 -0.839E-02      -1629.67  0.4755  0.735E-02      -1113.95  0.5067 -0.434E-02      -1609.56  0.4764 -0.938E-03
        160.0002    -1532.99  0.5199 -0.106E-01      -2927.17  0.4294 -0.839E-02      -1629.67  0.4755  0.735E-02      -1113.95  0.5067 -0.434E-02      -1609.56  0.4764 -0.938E-03
        160.0004    -1533.00  0.5199 -0.102E-01      -2926.68  0.4294 -0.839E-02      -1629.67  0.4755  0.735E-02      -1113.95  0.5067 -0.434E-02      -1609.56  0.4764 -0.938E-03
        160.0006    -1532.99  0.5199 -0.955E-02      -2926.89  0.4294 -0.839E-02      -1629.67  0.4755  0.735E-02      -1113.95  0.5067 -0.434E-02      -1609.56  0.4764 -0.938E-03
        160.0009    -1532.98  0.5199 -0.976E-02      -2926.76  0.4294 -0.839E-02      -1629.67  0.4755  0.735E-02      -1113.95  0.5067 -0.434E-02      -1609.56  0.4764 -0.938E-03
        160.0013    -1532.97  0.5199 -0.102E-01      -2926.82  0.4294 -0.839E-02      -1629.67  0.4755  0.735E-02      -1113.95  0.5067 -0.434E-02      -1609.56  0.4764 -0.938E-03
        160.0018    -1532.95  0.5199 -0.101E-01      -2926.78  0.4294 -0.839E-02      -1629.67  0.4755  0.735E-02      -1113.95  0.5067 -0.434E-02      -1609.56  0.4764 -0.938E-03
        160.0024    -1532.93  0.5199 -0.997E-02      -2926.80  0.4294 -0.839E-02      -1629.67  0.4755  0.735E-02      -1113.95  0.5067 -0.434E-02      -1609.56  0.4764 -0.938E-03
        160.0032    -1532.90  0.5199 -0.983E-02      -2926.78  0.4294 -0.839E-02      -1629.67  0.4755  0.735E-02      -1113.95  0.5067 -0.434E-02      -1609.56  0.4764 -0.938E-03
        160.0043    -1532.86  0.5199 -0.986E-02      -2926.77  0.4294 -0.839E-02      -1629.67  0.4755  0.735E-02      -1113.95  0.5067 -0.434E-02      -1609.56  0.4764 -0.108E-02
        160.0056    -1532.81  0.5199 -0.101E-01      -2926.76  0.4294 -0.839E-02      -1629.67  0.4755  0.735E-02      -1113.95  0.5067 -0.434E-02      -1609.56  0.4764 -0.105E-02
        160.0074    -1532.75  0.5199 -0.993E-02      -2926.75  0.4294 -0.839E-02      -1629.67  0.4755  0.735E-02      -1113.95  0.5067 -0.434E-02      -1609.56  0.4764 -0.102E-02
        160.0098    -1532.66  0.5199 -0.100E-01      -2926.73  0.4294 -0.839E-02      -1629.67  0.4755  0.735E-02      -1113.95  0.5067 -0.434E-02      -1609.56  0.4764 -0.100E-02
        160.0128    -1532.55  0.5200 -0.100E-01      -2926.70  0.4294 -0.839E-02      -1629.67  0.4755  0.735E-02      -1113.96  0.5067 -0.434E-02      -1609.56  0.4764 -0.104E-02
        160.0167    -1532.41  0.5200 -0.998E-02      -2926.67  0.4294 -0.839E-02      -1629.67  0.4755  0.735E-02      -1113.96  0.5067 -0.434E-02      -1609.56  0.4764 -0.101E-02
        160.0218    -1532.23  0.5200 -0.100E-01      -2926.62  0.4294 -0.839E-02      -1629.67  0.4755  0.735E-02      -1113.96  0.5067 -0.434E-02      -1609.57  0.4764 -0.102E-02
        160.0285    -1532.00  0.5200 -0.999E-02      -2926.57  0.4294 -0.839E-02      -1629.68  0.4755  0.735E-02      -1113.97  0.5067 -0.434E-02      -1609.57  0.4764 -0.103E-02
        160.0372    -1531.69  0.5200 -0.998E-02      -2926.49  0.4294 -0.839E-02      -1629.68  0.4755  0.734E-02      -1113.97  0.5067 -0.434E-02      -1609.57  0.4764 -0.102E-02
        160.0484    -1531.30  0.5200 -0.100E-01      -2926.39  0.4294 -0.839E-02      -1629.68  0.4755  0.734E-02      -1113.98  0.5067 -0.434E-02      -1609.58  0.4764 -0.102E-02
        160.0630    -1530.80  0.5200 -0.100E-01      -2926.27  0.4294 -0.839E-02      -1629.68  0.4755  0.734E-02      -1113.99  0.5067 -0.434E-02      -1609.58  0.4764 -0.102E-02
        160.0820    -1530.15  0.5201 -0.999E-02      -2926.10  0.4295 -0.839E-02      -1629.69  0.4755  0.734E-02      -1114.00  0.5067 -0.434E-02      -1609.59  0.4764 -0.102E-02
        160.1067    -1529.32  0.5201 -0.100E-01      -2925.89  0.4295 -0.839E-02      -1629.70  0.4755  0.734E-02      -1114.01  0.5067 -0.434E-02      -1609.60  0.4764 -0.102E-02
        160.1388    -1528.27  0.5202 -0.100E-01      -2925.61  0.4295 -0.839E-02      -1629.70  0.4755  0.734E-02      -1114.03  0.5067 -0.434E-02      -1609.61  0.4764 -0.102E-02
        160.1806    -1526.93  0.5202 -0.100E-01      -2925.25  0.4295 -0.839E-02      -1629.72  0.4755  0.734E-02      -1114.06  0.5067 -0.433E-02      -1609.62  0.4764 -0.102E-02
        160.2349    -1525.25  0.5203 -0.100E-01      -2924.79  0.4295 -0.839E-02      -1629.73  0.4755  0.734E-02      -1114.09  0.5067 -0.433E-02      -1609.64  0.4764 -0.102E-02
        160.3054    -1523.16  0.5204 -0.100E-01      -2924.18  0.4295 -0.839E-02      -1629.75  0.4755  0.734E-02      -1114.14  0.5067 -0.433E-02      -1609.66  0.4764 -0.102E-02
        160.3972    -1520.59  0.5205 -0.100E-01      -2923.40  0.4295 -0.839E-02      -1629.77  0.4755  0.734E-02      -1114.20  0.5067 -0.433E-02      -1609.70  0.4764 -0.102E-02
        160.5164    -1518.07  0.5207 -0.100E-01      -2922.37  0.4296 -0.839E-02      -1629.80  0.4755  0.733E-02      -1114.27  0.5067 -0.433E-02      -1609.74  0.4764 -0.102E-02
        160.6715    -1515.07  0.5209 -0.100E-01      -2921.05  0.4296 -0.839E-02      -1629.84  0.4755  0.733E-02      -1114.37  0.5067 -0.432E-02      -1609.79  0.4764 -0.102E-02
        160.8730    -1511.57  0.5211 -0.100E-01      -2919.32  0.4296 -0.839E-02      -1629.90  0.4755  0.733E-02      -1114.49  0.5066 -0.432E-02      -1609.86  0.4764 -0.102E-02
        161.1350    -1507.47  0.5213 -0.100E-01      -2917.09  0.4297 -0.838E-02      -1629.96  0.4755  0.732E-02      -1114.65  0.5066 -0.431E-02      -1609.95  0.4764 -0.102E-02
        161.4756    -1502.82  0.5216 -0.100E-01      -2914.19  0.4298 -0.838E-02      -1630.05  0.4755  0.731E-02      -1114.87  0.5066 -0.431E-02      -1610.07  0.4764 -0.102E-02
        161.9184    -1497.65  0.5219 -0.100E-01      -2910.45  0.4299 -0.838E-02      -1630.17  0.4754  0.730E-02      -1115.14  0.5066 -0.430E-02      -1610.22  0.4764 -0.102E-02
        162.4940    -1492.07  0.5223 -0.100E-01      -2905.61  0.4300 -0.838E-02      -1630.32  0.4754  0.729E-02      -1115.50  0.5066 -0.429E-02      -1610.42  0.4764 -0.102E-02
        163.2446    -1486.17  0.5227 -0.100E-01      -2899.37  0.4302 -0.837E-02      -1630.52  0.4754  0.727E-02      -1115.96  0.5065 -0.427E-02      -1610.67  0.4764 -0.102E-02
        164.2096    -1480.16  0.5230 -0.100E-01      -2891.45  0.4304 -0.836E-02      -1630.78  0.4754  0.725E-02      -1116.56  0.5065 -0.425E-02      -1611.00  0.4764 -0.102E-02
        165.3677    -1474.49  0.5234 -0.100E-01      -2882.11  0.4307 -0.835E-02      -1631.10  0.4754  0.723E-02      -1117.27  0.5064 -0.423E-02      -1611.39  0.4763 -0.102E-02
        166.9118    -1468.82  0.5237 -0.100E-01      -2869.97  0.4310 -0.833E-02      -1631.52  0.4754  0.719E-02      -1118.22  0.5064 -0.420E-02      -1611.91  0.4763 -0.102E-02
        170.0000    -1461.93  0.5242 -0.100E-01      -2846.97  0.4317 -0.828E-02      -1632.40  0.4753  0.713E-02      -1120.11  0.5062 -0.413E-02      -1612.94  0.4763 -0.102E-02
        172.5000    -1504.01  0.5218  0.517E-07      -2829.03  0.4322 -0.823E-02      -1633.11  0.4753  0.708E-02      -1121.63  0.5061 -0.409E-02      -1613.77  0.4762 -0.101E-02
        176.2500    -1536.86  0.5196  0.314E-07      -2804.00  0.4329 -0.815E-02      -1634.21  0.4753  0.700E-02      -1123.90  0.5059 -0.402E-02      -1614.98  0.4762 -0.101E-02
        180.0000    -1567.74  0.5183  0.364E-07      -2780.41  0.4335 -0.806E-02      -1635.33  0.4752  0.693E-02      -1126.16  0.5057 -0.395E-02      -1616.18  0.4761 -0.101E-02
        185.0000    -1596.66  0.5168  0.129E-07      -2752.28  0.4343 -0.795E-02      -1636.87  0.4751  0.683E-02      -1129.14  0.5055 -0.386E-02      -1617.76  0.4760 -0.101E-02
        190.0000    -1622.12  0.5157 -0.143E-07      -2727.77  0.4350 -0.789E-02      -1638.43  0.4751  0.674E-02      -1132.09  0.5053 -0.378E-02      -1619.30  0.4760 -0.101E-02
        190.0001    -1622.43  0.5157 -0.101E-01      -2727.39  0.4350 -0.788E-02      -1638.42  0.4751  0.674E-02      -1132.10  0.5053 -0.378E-02      -1619.30  0.4760 -0.934E-03
        190.0002    -1622.37  0.5157 -0.103E-01      -2727.47  0.4350 -0.789E-02      -1638.42  0.4751  0.674E-02      -1132.10  0.5053 -0.378E-02      -1619.30  0.4760 -0.934E-03
        190.0004    -1622.41  0.5157 -0.999E-02      -2727.40  0.4350 -0.788E-02      -1638.42  0.4751  0.674E-02      -1132.10  0.5053 -0.378E-02      -1619.30  0.4760 -0.934E-03
        190.0006    -1622.39  0.5157 -0.107E-01      -2727.43  0.4350 -0.788E-02      -1638.42  0.4751  0.674E-02      -1132.10  0.5053 -0.378E-02      -1619.30  0.4760 -0.934E-03
        190.0009    -1622.38  0.5157 -0.952E-02      -2727.41  0.4350 -0.788E-02      -1638.42  0.4751  0.674E-02      -1132.10  0.5053 -0.378E-02      -1619.30  0.4760 -0.934E-03
        190.0013    -1622.37  0.5157 -0.100E-01      -2727.42  0.4350 -0.788E-02      -1638.42  0.4751  0.674E-02      -1132.10  0.5053 -0.378E-02      -1619.30  0.4760 -0.934E-03
        190.0018    -1622.35  0.5157 -0.982E-02      -2727.41  0.4350 -0.788E-02      -1638.42  0.4751  0.674E-02      -1132.10  0.5053 -0.378E-02      -1619.30  0.4760 -0.934E-03
        190.0024    -1622.33  0.5157 -0.102E-01      -2727.41  0.4350 -0.788E-02      -1638.42  0.4751  0.674E-02      -1132.10  0.5053 -0.378E-02      -1619.30  0.4760 -0.934E-03
        190.0032    -1622.30  0.5157 -0.995E-02      -2727.41  0.4350 -0.788E-02      -1638.42  0.4751  0.674E-02      -1132.10  0.5053 -0.378E-02      -1619.30  0.4760 -0.934E-03
        190.0043    -1622.26  0.5157 -0.990E-02      -2727.40  0.4350 -0.788E-02      -1638.43  0.4751  0.674E-02      -1132.10  0.5053 -0.378E-02      -1619.30  0.4760 -0.107E-02
        190.0056    -1622.21  0.5157 -0.101E-01      -2727.39  0.4350 -0.788E-02      -1638.43  0.4751  0.674E-02      -1132.10  0.5053 -0.378E-02      -1619.30  0.4760 -0.104E-02
        190.0074    -1622.14  0.5157 -0.100E-01      -2727.39  0.4350 -0.788E-02      -1638.43  0.4751  0.674E-02      -1132.10  0.5053 -0.378E-02      -1619.30  0.4760 -0.102E-02
        190.0098    -1622.05  0.5157 -0.100E-01      -2727.38  0.4350 -0.788E-02      -1638.43  0.4751  0.674E-02      -1132.10  0.5053 -0.378E-02      -1619.30  0.4760 -0.998E-03
        190.0128    -1621.94  0.5157 -0.999E-02      -2727.36  0.4350 -0.788E-02      -1638.43  0.4751  0.674E-02      -1132.10  0.5053 -0.378E-02      -1619.30  0.4760 -0.984E-03
        190.0167    -1621.80  0.5157 -0.100E-01      -2727.34  0.4350 -0.788E-02      -1638.43  0.4751  0.674E-02      -1132.11  0.5053 -0.378E-02      -1619.31  0.4760 -0.101E-02
        190.0218    -1621.61  0.5157 -0.100E-01      -2727.32  0.4350 -0.788E-02      -1638.43  0.4751  0.674E-02      -1132.11  0.5053 -0.378E-02      -1619.31  0.4760 -0.993E-03
        190.0285    -1621.37  0.5157 -0.100E-01      -2727.28  0.4350 -0.788E-02      -1638.43  0.4751  0.673E-02      -1132.11  0.5053 -0.378E-02      -1619.31  0.4760 -0.100E-02
        190.0372    -1621.05  0.5157 -0.100E-01      -2727.24  0.4350 -0.788E-02      -1638.44  0.4751  0.673E-02      -1132.12  0.5053 -0.378E-02      -1619.31  0.4760 -0.100E-02
        190.0484    -1620.65  0.5157 -0.100E-01      -2727.18  0.4350 -0.788E-02      -1638.44  0.4751  0.673E-02      -1132.12  0.5053 -0.378E-02      -1619.32  0.4760 -0.100E-02
        190.0630    -1620.13  0.5158 -0.100E-01      -2727.11  0.4350 -0.788E-02      -1638.44  0.4751  0.673E-02      -1132.13  0.5053 -0.378E-02      -1619.32  0.4760 -0.101E-02
        190.0820    -1619.46  0.5158 -0.100E-01      -2727.02  0.4350 -0.788E-02      -1638.45  0.4751  0.673E-02      -1132.15  0.5053 -0.378E-02      -1619.32  0.4760 -0.100E-02
        190.1067    -1618.60  0.5158 -0.100E-01      -2726.90  0.4350 -0.788E-02      -1638.46  0.4751  0.673E-02      -1132.16  0.5053 -0.378E-02      -1619.33  0.4760 -0.101E-02
        190.1388    -1617.50  0.5159 -0.100E-01      -2726.74  0.4350 -0.788E-02      -1638.47  0.4751  0.673E-02      -1132.18  0.5053 -0.378E-02      -1619.34  0.4760 -0.101E-02
        190.1806    -1616.11  0.5160 -0.100E-01      -2726.54  0.4350 -0.788E-02      -1638.48  0.4751  0.673E-02      -1132.20  0.5053 -0.377E-02      -1619.35  0.4760 -0.101E-02
        190.2349    -1614.35  0.5160 -0.100E-01      -2726.27  0.4350 -0.788E-02      -1638.50  0.4751  0.673E-02      -1132.24  0.5053 -0.377E-02      -1619.37  0.4760 -0.101E-02
        190.3054    -1612.16  0.5161 -0.100E-01      -2725.93  0.4350 -0.788E-02      -1638.52  0.4751  0.673E-02      -1132.28  0.5053 -0.377E-02      -1619.39  0.4760 -0.101E-02
        190.3972    -1609.44  0.5163 -0.100E-01      -2725.49  0.4351 -0.788E-02      -1638.55  0.4751  0.673E-02      -1132.33  0.5053 -0.377E-02      -1619.42  0.4760 -0.101E-02
        190.5164    -1606.11  0.5164 -0.100E-01      -2724.91  0.4351 -0.788E-02      -1638.59  0.4751  0.673E-02      -1132.40  0.5053 -0.377E-02      -1619.46  0.4760 -0.101E-02
        190.6715    -1602.11  0.5166 -0.100E-01      -2724.16  0.4351 -0.788E-02      -1638.63  0.4750  0.672E-02      -1132.49  0.5053 -0.377E-02      -1619.51  0.4760 -0.101E-02
        190.8730    -1597.38  0.5169 -0.100E-01      -2723.20  0.4351 -0.787E-02      -1638.70  0.4750  0.672E-02      -1132.61  0.5053 -0.376E-02      -1619.57  0.4759 -0.101E-02
        191.1350    -1591.92  0.5171 -0.100E-01      -2721.96  0.4351 -0.787E-02      -1638.78  0.4750  0.671E-02      -1132.77  0.5052 -0.376E-02      -1619.65  0.4759 -0.101E-02
        191.4756    -1585.75  0.5174 -0.100E-01      -2720.35  0.4352 -0.786E-02      -1638.89  0.4750  0.671E-02      -1132.97  0.5052 -0.375E-02      -1619.75  0.4759 -0.101E-02
        191.9184    -1578.95  0.5177 -0.100E-01      -2718.29  0.4353 -0.786E-02      -1639.03  0.4750  0.670E-02      -1133.23  0.5052 -0.375E-02      -1619.89  0.4759 -0.101E-02
        192.4940    -1571.66  0.5181 -0.100E-01      -2715.65  0.4353 -0.785E-02      -1639.21  0.4750  0.669E-02      -1133.57  0.5052 -0.374E-02      -1620.07  0.4759 -0.101E-02
        193.2446    -1563.97  0.5185 -0.100E-01      -2712.27  0.4354 -0.783E-02      -1639.44  0.4750  0.668E-02      -1134.01  0.5051 -0.372E-02      -1620.29  0.4759 -0.101E-02
        194.2096    -1556.10  0.5188 -0.100E-01      -2708.00  0.4355 -0.782E-02      -1639.75  0.4750  0.666E-02      -1134.57  0.5051 -0.371E-02      -1620.59  0.4759 -0.101E-02
        195.3677    -1548.55  0.5192 -0.100E-01      -2703.00  0.4357 -0.779E-02      -1640.12  0.4750  0.664E-02      -1135.25  0.5050 -0.369E-02      -1620.94  0.4759 -0.101E-02
        196.9118    -1540.67  0.5196 -0.100E-01      -2696.53  0.4359 -0.776E-02      -1640.61  0.4750  0.661E-02      -1136.16  0.5050 -0.367E-02      -1621.40  0.4759 -0.100E-02
        200.0000    -1529.57  0.5201 -0.100E-01      -2684.26  0.4362 -0.769E-02      -1641.61  0.4749  0.655E-02      -1137.95  0.5048 -0.362E-02      -1622.32  0.4758 -0.100E-02
        202.5000    -1578.20  0.5180 -0.522E-07      -2674.65  0.4365 -0.762E-02      -1642.42  0.4749  0.651E-02      -1139.40  0.5047 -0.358E-02      -1623.06  0.4758 -0.100E-02
        206.2500    -1610.07  0.5161  0.116E-07      -2661.09  0.4369 -0.752E-02      -1643.64  0.4748  0.645E-02      -1141.56  0.5046 -0.353E-02      -1624.15  0.4757 -0.100E-02
        210.0000    -1637.99  0.5149 -0.319E-07      -2648.21  0.4372 -0.742E-02      -1644.88  0.4748  0.638E-02      -1143.71  0.5044 -0.347E-02      -1625.22  0.4757 -0.100E-02
        215.0000    -1663.18  0.5137  0.179E-07      -2632.21  0.4377 -0.728E-02      -1646.55  0.4747  0.630E-02      -1146.55  0.5042 -0.340E-02      -1626.63  0.4756 -0.998E-03
        220.0000    -1685.47  0.5126  0.253E-07      -2616.99  0.4381 -0.714E-02      -1648.23  0.4746  0.622E-02      -1149.37  0.5040 -0.333E-02      -1628.01  0.4755 -0.996E-03
        225.0000    -1704.69  0.5117  0.162E-07      -2602.62  0.4385 -0.700E-02      -1649.93  0.4745  0.615E-02      -1152.17  0.5038 -0.327E-02      -1629.37  0.4755 -0.995E-03
        230.0000    -1722.34  0.5109 -0.559E-08      -2589.32  0.4389 -0.688E-02      -1651.64  0.4744  0.607E-02      -1154.95  0.5035 -0.321E-02      -1630.70  0.4754 -0.993E-03
        230.0001    -1722.50  0.5109 -0.978E-02      -2589.22  0.4389 -0.688E-02      -1651.64  0.4744  0.607E-02      -1154.95  0.5035 -0.320E-02      -1630.70  0.4754 -0.930E-03
        230.0002    -1722.46  0.5109 -0.100E-01      -2589.24  0.4389 -0.688E-02      -1651.64  0.4744  0.607E-02      -1154.95  0.5035 -0.321E-02      -1630.70  0.4754 -0.930E-03
        230.0004    -1722.48  0.5109 -0.965E-02      -2589.22  0.4389 -0.688E-02      -1651.64  0.4744  0.607E-02      -1154.95  0.5035 -0.320E-02      -1630.70  0.4754 -0.930E-03
        230.0006    -1722.46  0.5109 -0.103E-01      -2589.23  0.4389 -0.688E-02      -1651.64  0.4744  0.607E-02      -1154.95  0.5035 -0.321E-02      -1630.70  0.4754 -0.930E-03
        230.0009    -1722.45  0.5109 -0.102E-01      -2589.22  0.4389 -0.688E-02      -1651.64  0.4744  0.607E-02      -1154.95  0.5035 -0.321E-02      -1630.70  0.4754 -0.930E-03
        230.0013    -1722.44  0.5109 -0.967E-02      -2589.22  0.4389 -0.688E-02      -1651.64  0.4744  0.607E-02      -1154.95  0.5035 -0.321E-02      -1630.70  0.4754 -0.930E-03
        230.0018    -1722.42  0.5109 -0.101E-01      -2589.22  0.4389 -0.688E-02      -1651.64  0.4744  0.607E-02      -1154.95  0.5035 -0.320E-02      -1630.70  0.4754 -0.930E-03
        230.0024    -1722.39  0.5109 -0.987E-02      -2589.22  0.4389 -0.688E-02      -1651.64  0.4744  0.607E-02      -1154.95  0.5035 -0.321E-02      -1630.70  0.4754 -0.930E-03
        230.0032    -1722.36  0.5109 -0.998E-02      -2589.22  0.4389 -0.688E-02      -1651.64  0.4744  0.607E-02      -1154.95  0.5035 -0.321E-02      -1630.70  0.4754 -0.930E-03
        230.0043    -1722.32  0.5109 -0.101E-01      -2589.21  0.4389 -0.688E-02      -1651.64  0.4744  0.607E-02      -1154.95  0.5035 -0.321E-02      -1630.70  0.4754 -0.930E-03
        230.0056    -1722.27  0.5109 -0.994E-02      -2589.21  0.4389 -0.688E-02      -1651.64  0.4744  0.607E-02      -1154.95  0.5035 -0.320E-02      -1630.70  0.4754 -0.104E-02
        230.0074    -1722.20  0.5109 -0.100E-01      -2589.21  0.4389 -0.688E-02      -1651.64  0.4744  0.607E-02      -1154.95  0.5035 -0.321E-02      -1630.70  0.4754 -0.101E-02
        230.0098    -1722.11  0.5109 -0.996E-02      -2589.20  0.4389 -0.688E-02      -1651.64  0.4744  0.607E-02      -1154.96  0.5035 -0.321E-02      -1630.70  0.4754 -0.994E-03
        230.0128    -1722.00  0.5109 -0.100E-01      -2589.19  0.4389 -0.688E-02      -1651.64  0.4744  0.607E-02      -1154.96  0.5035 -0.320E-02      -1630.70  0.4754 -0.980E-03
        230.0167    -1721.85  0.5109 -0.999E-02      -2589.18  0.4389 -0.688E-02      -1651.64  0.4744  0.607E-02      -1154.96  0.5035 -0.320E-02      -1630.70  0.4754 -0.101E-02
        230.0218    -1721.65  0.5109 -0.100E-01      -2589.17  0.4389 -0.688E-02      -1651.64  0.4744  0.607E-02      -1154.96  0.5035 -0.320E-02      -1630.70  0.4754 -0.989E-03
        230.0285    -1721.40  0.5109 -0.100E-01      -2589.15  0.4389 -0.688E-02      -1651.64  0.4744  0.607E-02      -1154.97  0.5035 -0.320E-02      -1630.70  0.4754 -0.997E-03
        230.0372    -1721.07  0.5109 -0.999E-02      -2589.12  0.4389 -0.688E-02      -1651.65  0.4744  0.607E-02      -1154.97  0.5035 -0.320E-02      -1630.71  0.4754 -0.999E-03
        230.0484    -1720.65  0.5110 -0.100E-01      -2589.09  0.4389 -0.688E-02      -1651.65  0.4744  0.607E-02      -1154.98  0.5035 -0.320E-02      -1630.71  0.4754 -0.997E-03
        230.0630    -1720.11  0.5110 -0.100E-01      -2589.06  0.4389 -0.688E-02      -1651.66  0.4744  0.607E-02      -1154.99  0.5035 -0.320E-02      -1630.71  0.4754 -0.992E-03
        230.0820    -1719.41  0.5110 -0.100E-01      -2589.00  0.4389 -0.687E-02      -1651.66  0.4744  0.607E-02      -1155.00  0.5035 -0.320E-02      -1630.72  0.4754 -0.993E-03
        230.1067    -1718.51  0.5111 -0.999E-02      -2588.94  0.4389 -0.687E-02      -1651.67  0.4744  0.607E-02      -1155.01  0.5035 -0.320E-02      -1630.73  0.4754 -0.991E-03
        230.1388    -1717.36  0.5111 -0.100E-01      -2588.85  0.4389 -0.687E-02      -1651.68  0.4744  0.607E-02      -1155.03  0.5035 -0.320E-02      -1630.73  0.4754 -0.995E-03
        230.1806    -1715.89  0.5112 -0.100E-01      -2588.74  0.4389 -0.687E-02      -1651.70  0.4744  0.607E-02      -1155.05  0.5035 -0.320E-02      -1630.75  0.4754 -0.995E-03
        230.2349    -1714.03  0.5113 -0.100E-01      -2588.60  0.4389 -0.687E-02      -1651.72  0.4744  0.607E-02      -1155.08  0.5035 -0.320E-02      -1630.76  0.4754 -0.994E-03
        230.3054    -1711.69  0.5114 -0.100E-01      -2588.41  0.4389 -0.687E-02      -1651.74  0.4744  0.607E-02      -1155.12  0.5035 -0.320E-02      -1630.78  0.4754 -0.994E-03
        230.3972    -1708.77  0.5115 -0.100E-01      -2588.17  0.4389 -0.687E-02      -1651.77  0.4744  0.607E-02      -1155.17  0.5035 -0.320E-02      -1630.80  0.4754 -0.994E-03
        230.5164    -1705.18  0.5117 -0.100E-01      -2587.85  0.4389 -0.686E-02      -1651.81  0.4744  0.607E-02      -1155.24  0.5035 -0.320E-02      -1630.84  0.4754 -0.993E-03
        230.6715    -1700.80  0.5119 -0.100E-01      -2587.44  0.4389 -0.686E-02      -1651.86  0.4744  0.606E-02      -1155.32  0.5035 -0.320E-02      -1630.88  0.4754 -0.993E-03
        230.8730    -1695.57  0.5122 -0.100E-01      -2586.91  0.4389 -0.685E-02      -1651.93  0.4744  0.606E-02      -1155.43  0.5035 -0.319E-02      -1630.93  0.4754 -0.993E-03
        231.1350    -1689.43  0.5125 -0.100E-01      -2586.22  0.4389 -0.685E-02      -1652.02  0.4744  0.606E-02      -1155.58  0.5035 -0.319E-02      -1631.00  0.4754 -0.993E-03
        231.4756    -1682.37  0.5128 -0.100E-01      -2585.33  0.4390 -0.684E-02      -1652.14  0.4744  0.605E-02      -1155.77  0.5035 -0.319E-02      -1631.09  0.4754 -0.992E-03
        231.9184    -1674.44  0.5132 -0.100E-01      -2584.19  0.4390 -0.683E-02      -1652.29  0.4744  0.604E-02      -1156.01  0.5035 -0.318E-02      -1631.21  0.4754 -0.992E-03
        232.4940    -1665.75  0.5136 -0.100E-01      -2582.71  0.4390 -0.682E-02      -1652.49  0.4744  0.604E-02      -1156.33  0.5034 -0.317E-02      -1631.36  0.4754 -0.992E-03
        233.2446    -1656.37  0.5140 -0.100E-01      -2580.81  0.4391 -0.680E-02      -1652.75  0.4744  0.602E-02      -1156.75  0.5034 -0.316E-02      -1631.55  0.4754 -0.992E-03
        234.2096    -1646.55  0.5145 -0.100E-01      -2578.40  0.4392 -0.678E-02      -1653.09  0.4744  0.601E-02      -1157.28  0.5034 -0.315E-02      -1631.81  0.4754 -0.992E-03
        235.3677    -1636.90  0.5150 -0.100E-01      -2575.57  0.4392 -0.675E-02      -1653.50  0.4743  0.599E-02      -1157.92  0.5033 -0.314E-02      -1632.11  0.4754 -0.991E-03
        236.9118    -1626.56  0.5155 -0.100E-01      -2571.88  0.4393 -0.671E-02      -1654.05  0.4743  0.597E-02      -1158.77  0.5032 -0.312E-02      -1632.51  0.4753 -0.991E-03
        240.0000    -1611.34  0.5162 -0.100E-01      -2564.85  0.4395 -0.664E-02      -1655.15  0.4743  0.592E-02      -1160.45  0.5031 -0.308E-02      -1633.30  0.4753 -0.990E-03
        242.5000    -1659.29  0.5141 -0.233E-08      -2559.33  0.4397 -0.658E-02      -1656.03  0.4742  0.588E-02      -1161.82  0.5030 -0.305E-02      -1633.94  0.4753 -0.989E-03
        246.2500    -1688.43  0.5123 -0.249E-07      -2551.46  0.4399 -0.649E-02      -1657.36  0.4742  0.583E-02      -1163.85  0.5029 -0.301E-02      -1634.87  0.4752 -0.988E-03
        250.0000    -1714.76  0.5112  0.329E-07      -2543.88  0.4401 -0.640E-02      -1658.67  0.4741  0.578E-02      -1165.88  0.5027 -0.297E-02      -1635.80  0.4752 -0.987E-03
end
