 ******* Program HYDRUS
 ******* 
 Welcome to HYDRUS-1D                                                    
 Date:  30.10.    Time:   4:14:20
 Units: L = mm   , T = min  , M = mmol 

----------------------------------------------------------
 Time       [T]       10.0000
----------------------------------------------------------
 Sub-region num.                     1            2
----------------------------------------------------------
 Length   [L]        0.10000E+04  0.10000E+04  0.00000E+00
 W-volume [L]        0.43929E+03  0.43929E+03  0.00000E+00
 In-flow  [L/T]      0.00000E+00  0.00000E+00  0.00000E+00
 h Mean   [L]       -0.28760E+04 -0.28760E+04  0.00000E+00
 Top Flux [L/T]     -0.80236E-05
 Bot Flux [L/T]     -0.17386E-02
----------------------------------------------------------

----------------------------------------------------------
 Time       [T]       10.0010
----------------------------------------------------------
 Sub-region num.                     1            2
----------------------------------------------------------
 Length   [L]        0.10000E+04  0.10000E+04  0.00000E+00
 W-volume [L]        0.43929E+03  0.43929E+03  0.00000E+00
 In-flow  [L/T]      0.66757E-02  0.66757E-02  0.00000E+00
 h Mean   [L]       -0.28760E+04 -0.28760E+04  0.00000E+00
 Top Flux [L/T]     -0.81947E-05
 Bot Flux [L/T]     -0.17383E-02
 WatBalT  [L]       -0.92965E-05
 WatBalR  [%]             54.156
----------------------------------------------------------

----------------------------------------------------------
 Time       [T]       20.0000
----------------------------------------------------------
 Sub-region num.                     1            2
----------------------------------------------------------
 Length   [L]        0.10000E+04  0.10000E+04  0.00000E+00
 W-volume [L]        0.44089E+03  0.44089E+03  0.00000E+00
 In-flow  [L/T]      0.15909E+00  0.15909E+00  0.00000E+00
 h Mean   [L]       -0.28038E+04 -0.28038E+04  0.00000E+00
 Top Flux [L/T]     -0.12563E+00
 Bot Flux [L/T]     -0.11374E-02
 WatBalT  [L]        0.35763E-04
 WatBalR  [%]              0.002
----------------------------------------------------------

----------------------------------------------------------
 Time       [T]       30.0000
----------------------------------------------------------
 Sub-region num.                     1            2
----------------------------------------------------------
 Length   [L]        0.10000E+04  0.10000E+04  0.00000E+00
 W-volume [L]        0.44088E+03  0.44088E+03  0.00000E+00
 In-flow  [L/T]     -0.91420E-03 -0.91420E-03  0.00000E+00
 h Mean   [L]       -0.27897E+04 -0.27897E+04  0.00000E+00
 Top Flux [L/T]     -0.13599E-01
 Bot Flux [L/T]     -0.10730E-02
 WatBalT  [L]        0.29445E-04
 WatBalR  [%]              0.002
----------------------------------------------------------

----------------------------------------------------------
 Time       [T]       40.0000
----------------------------------------------------------
 Sub-region num.                     1            2
----------------------------------------------------------
 Length   [L]        0.10000E+04  0.10000E+04  0.00000E+00
 W-volume [L]        0.44087E+03  0.44087E+03  0.00000E+00
 In-flow  [L/T]     -0.92257E-03 -0.92257E-03  0.00000E+00
 h Mean   [L]       -0.27837E+04 -0.27837E+04  0.00000E+00
 Top Flux [L/T]     -0.67822E-02
 Bot Flux [L/T]     -0.10521E-02
 WatBalT  [L]        0.20444E-03
 WatBalR  [%]              0.011
----------------------------------------------------------

----------------------------------------------------------
 Time       [T]       50.0000
----------------------------------------------------------
 Sub-region num.                     1            2
----------------------------------------------------------
 Length   [L]        0.10000E+04  0.10000E+04  0.00000E+00
 W-volume [L]        0.44086E+03  0.44086E+03  0.00000E+00
 In-flow  [L/T]     -0.92821E-03 -0.92821E-03  0.00000E+00
 h Mean   [L]       -0.27796E+04 -0.27796E+04  0.00000E+00
 Top Flux [L/T]     -0.40206E-02
 Bot Flux [L/T]     -0.10406E-02
 WatBalT  [L]        0.13471E-04
 WatBalR  [%]              0.001
----------------------------------------------------------

----------------------------------------------------------
 Time       [T]       60.0000
----------------------------------------------------------
 Sub-region num.                     1            2
----------------------------------------------------------
 Length   [L]        0.10000E+04  0.10000E+04  0.00000E+00
 W-volume [L]        0.44085E+03  0.44085E+03  0.00000E+00
 In-flow  [L/T]     -0.93348E-03 -0.93348E-03  0.00000E+00
 h Mean   [L]       -0.27766E+04 -0.27766E+04  0.00000E+00
 Top Flux [L/T]     -0.30410E-02
 Bot Flux [L/T]     -0.10351E-02
 WatBalT  [L]        0.13351E-04
 WatBalR  [%]              0.001
----------------------------------------------------------

----------------------------------------------------------
 Time       [T]       70.0000
----------------------------------------------------------
 Sub-region num.                     1            2
----------------------------------------------------------
 Length   [L]        0.10000E+04  0.10000E+04  0.00000E+00
 W-volume [L]        0.44084E+03  0.44084E+03  0.00000E+00
 In-flow  [L/T]     -0.93918E-03 -0.93918E-03  0.00000E+00
 h Mean   [L]       -0.27739E+04 -0.27739E+04  0.00000E+00
 Top Flux [L/T]     -0.23974E-02
 Bot Flux [L/T]     -0.10316E-02
 WatBalT  [L]        0.93102E-04
 WatBalR  [%]              0.004
----------------------------------------------------------

----------------------------------------------------------
 Time       [T]       80.0000
----------------------------------------------------------
 Sub-region num.                     1            2
----------------------------------------------------------
 Length   [L]        0.10000E+04  0.10000E+04  0.00000E+00
 W-volume [L]        0.44083E+03  0.44083E+03  0.00000E+00
 In-flow  [L/T]     -0.94316E-03 -0.94316E-03  0.00000E+00
 h Mean   [L]       -0.27716E+04 -0.27716E+04  0.00000E+00
 Top Flux [L/T]     -0.19201E-02
 Bot Flux [L/T]     -0.10296E-02
 WatBalT  [L]       -0.86427E-04
 WatBalR  [%]              0.004
----------------------------------------------------------

----------------------------------------------------------
 Time       [T]       90.0000
----------------------------------------------------------
 Sub-region num.                     1            2
----------------------------------------------------------
 Length   [L]        0.10000E+04  0.10000E+04  0.00000E+00
 W-volume [L]        0.44082E+03  0.44082E+03  0.00000E+00
 In-flow  [L/T]     -0.94752E-03 -0.94752E-03  0.00000E+00
 h Mean   [L]       -0.27698E+04 -0.27698E+04  0.00000E+00
 Top Flux [L/T]     -0.15505E-02
 Bot Flux [L/T]     -0.10285E-02
 WatBalT  [L]        0.21458E-04
 WatBalR  [%]              0.001
----------------------------------------------------------

----------------------------------------------------------
 Time       [T]      100.0000
----------------------------------------------------------
 Sub-region num.                     1            2
----------------------------------------------------------
 Length   [L]        0.10000E+04  0.10000E+04  0.00000E+00
 W-volume [L]        0.44511E+03  0.44511E+03  0.00000E+00
 In-flow  [L/T]      0.42905E+00  0.42905E+00  0.00000E+00
 h Mean   [L]       -0.26877E+04 -0.26877E+04  0.00000E+00
 Top Flux [L/T]     -0.40756E+00
 Bot Flux [L/T]     -0.10278E-02
 WatBalT  [L]       -0.43869E-04
 WatBalR  [%]              0.001
----------------------------------------------------------

----------------------------------------------------------
 Time       [T]      110.0000
----------------------------------------------------------
 Sub-region num.                     1            2
----------------------------------------------------------
 Length   [L]        0.10000E+04  0.10000E+04  0.00000E+00
 W-volume [L]        0.44680E+03  0.44680E+03  0.00000E+00
 In-flow  [L/T]      0.16905E+00  0.16905E+00  0.00000E+00
 h Mean   [L]       -0.26361E+04 -0.26361E+04  0.00000E+00
 Top Flux [L/T]     -0.16611E+00
 Bot Flux [L/T]     -0.10279E-02
 WatBalT  [L]       -0.41485E-04
 WatBalR  [%]              0.000
----------------------------------------------------------

----------------------------------------------------------
 Time       [T]      120.0000
----------------------------------------------------------
 Sub-region num.                     1            2
----------------------------------------------------------
 Length   [L]        0.10000E+04  0.10000E+04  0.00000E+00
 W-volume [L]        0.45297E+03  0.45297E+03  0.00000E+00
 In-flow  [L/T]      0.57580E+00  0.57580E+00  0.00000E+00
 h Mean   [L]       -0.25411E+04 -0.25411E+04  0.00000E+00
 Top Flux [L/T]     -0.56924E+00
 Bot Flux [L/T]     -0.10283E-02
 WatBalT  [L]       -0.85831E-05
 WatBalR  [%]              0.000
----------------------------------------------------------

----------------------------------------------------------
 Time       [T]      130.0000
----------------------------------------------------------
 Sub-region num.                     1            2
----------------------------------------------------------
 Length   [L]        0.10000E+04  0.10000E+04  0.00000E+00
 W-volume [L]        0.45824E+03  0.45824E+03  0.00000E+00
 In-flow  [L/T]      0.47473E+00  0.47473E+00  0.00000E+00
 h Mean   [L]       -0.24222E+04 -0.24222E+04  0.00000E+00
 Top Flux [L/T]     -0.47569E+00
 Bot Flux [L/T]     -0.10289E-02
 WatBalT  [L]       -0.61035E-04
 WatBalR  [%]              0.000
----------------------------------------------------------

----------------------------------------------------------
 Time       [T]      140.0000
----------------------------------------------------------
 Sub-region num.                     1            2
----------------------------------------------------------
 Length   [L]        0.10000E+04  0.10000E+04  0.00000E+00
 W-volume [L]        0.46275E+03  0.46275E+03  0.00000E+00
 In-flow  [L/T]      0.43954E+00  0.43954E+00  0.00000E+00
 h Mean   [L]       -0.23219E+04 -0.23219E+04  0.00000E+00
 Top Flux [L/T]     -0.44050E+00
 Bot Flux [L/T]     -0.10298E-02
 WatBalT  [L]       -0.93460E-04
 WatBalR  [%]              0.000
----------------------------------------------------------

----------------------------------------------------------
 Time       [T]      150.0000
----------------------------------------------------------
 Sub-region num.                     1            2
----------------------------------------------------------
 Length   [L]        0.10000E+04  0.10000E+04  0.00000E+00
 W-volume [L]        0.46657E+03  0.46657E+03  0.00000E+00
 In-flow  [L/T]      0.37781E+00  0.37781E+00  0.00000E+00
 h Mean   [L]       -0.22374E+04 -0.22374E+04  0.00000E+00
 Top Flux [L/T]     -0.37900E+00
 Bot Flux [L/T]     -0.10308E-02
 WatBalT  [L]       -0.28610E-04
 WatBalR  [%]              0.000
----------------------------------------------------------

----------------------------------------------------------
 Time       [T]      160.0000
----------------------------------------------------------
 Sub-region num.                     1            2
----------------------------------------------------------
 Length   [L]        0.10000E+04  0.10000E+04  0.00000E+00
 W-volume [L]        0.47126E+03  0.47126E+03  0.00000E+00
 In-flow  [L/T]      0.48726E+00  0.48726E+00  0.00000E+00
 h Mean   [L]       -0.21502E+04 -0.21502E+04  0.00000E+00
 Top Flux [L/T]     -0.48824E+00
 Bot Flux [L/T]     -0.10318E-02
 WatBalT  [L]       -0.59128E-04
 WatBalR  [%]              0.000
----------------------------------------------------------

----------------------------------------------------------
 Time       [T]      170.0000
----------------------------------------------------------
 Sub-region num.                     1            2
----------------------------------------------------------
 Length   [L]        0.10000E+04  0.10000E+04  0.00000E+00
 W-volume [L]        0.47609E+03  0.47609E+03  0.00000E+00
 In-flow  [L/T]      0.46281E+00  0.46281E+00  0.00000E+00
 h Mean   [L]       -0.20562E+04 -0.20562E+04  0.00000E+00
 Top Flux [L/T]     -0.46378E+00
 Bot Flux [L/T]     -0.10329E-02
 WatBalT  [L]       -0.15259E-03
 WatBalR  [%]              0.000
----------------------------------------------------------

----------------------------------------------------------
 Time       [T]      180.0000
----------------------------------------------------------
 Sub-region num.                     1            2
----------------------------------------------------------
 Length   [L]        0.10000E+04  0.10000E+04  0.00000E+00
 W-volume [L]        0.48057E+03  0.48057E+03  0.00000E+00
 In-flow  [L/T]      0.48702E+00  0.48702E+00  0.00000E+00
 h Mean   [L]       -0.19692E+04 -0.19692E+04  0.00000E+00
 Top Flux [L/T]     -0.48800E+00
 Bot Flux [L/T]     -0.10339E-02
 WatBalT  [L]       -0.27237E+00
 WatBalR  [%]              0.641
----------------------------------------------------------

----------------------------------------------------------
 Time       [T]      190.0000
----------------------------------------------------------
 Sub-region num.                     1            2
----------------------------------------------------------
 Length   [L]        0.10000E+04  0.10000E+04  0.00000E+00
 W-volume [L]        0.48542E+03  0.48542E+03  0.00000E+00
 In-flow  [L/T]      0.48512E+00  0.48512E+00  0.00000E+00
 h Mean   [L]       -0.18766E+04 -0.18766E+04  0.00000E+00
 Top Flux [L/T]     -0.48610E+00
 Bot Flux [L/T]     -0.10349E-02
 WatBalT  [L]       -0.27232E+00
 WatBalR  [%]              0.574
----------------------------------------------------------

----------------------------------------------------------
 Time       [T]      200.0000
----------------------------------------------------------
 Sub-region num.                     1            2
----------------------------------------------------------
 Length   [L]        0.10000E+04  0.10000E+04  0.00000E+00
 W-volume [L]        0.48429E+03  0.48429E+03  0.00000E+00
 In-flow  [L/T]      0.16901E+00  0.16901E+00  0.00000E+00
 h Mean   [L]       -0.18232E+04 -0.18232E+04  0.00000E+00
 Top Flux [L/T]     -0.16287E+00
 Bot Flux [L/T]     -0.10359E-02
 WatBalT  [L]       -0.27634E+01
 WatBalR  [%]              5.665
----------------------------------------------------------

----------------------------------------------------------
 Time       [T]      210.0000
----------------------------------------------------------
 Sub-region num.                     1            2
----------------------------------------------------------
 Length   [L]        0.10000E+04  0.10000E+04  0.00000E+00
 W-volume [L]        0.48428E+03  0.48428E+03  0.00000E+00
 In-flow  [L/T]     -0.98768E-03 -0.98768E-03  0.00000E+00
 h Mean   [L]       -0.17850E+04 -0.17850E+04  0.00000E+00
 Top Flux [L/T]     -0.65060E-02
 Bot Flux [L/T]     -0.10369E-02
 WatBalT  [L]       -0.27633E+01
 WatBalR  [%]              5.664
----------------------------------------------------------
 
 Calculation time [sec]   5.78000001609325     
