 ******* Program HYDRUS
 ******* 
 Welcome to HYDRUS-1D                                                    
 Date:  28. 8.    Time:  23:49:13
 Units: L = mm   , T = min  , M = mmol 



                               Node(  1)                      Node( 31)                      Node( 52)                      Node(101)

         time            h        theta    Flux           h        theta    Flux           h        theta    Flux           h        theta    Flux  
         10.0001    -6264.46  0.3732 -0.257E-04      -3722.19  0.4026  0.103E-02      -1993.31  0.4516  0.123E-02      -1415.01  0.4805 -0.248E-03
         10.0002    -6264.46  0.3732 -0.257E-04      -3722.19  0.4026  0.103E-02      -1993.31  0.4516  0.123E-02      -1415.01  0.4805 -0.580E-03
         10.0004    -6264.46  0.3732 -0.257E-04      -3722.19  0.4026  0.103E-02      -1993.31  0.4516  0.123E-02      -1415.01  0.4805 -0.773E-03
         10.0006    -6264.46  0.3732 -0.257E-04      -3722.19  0.4026  0.103E-02      -1993.31  0.4516  0.123E-02      -1415.01  0.4805 -0.101E-02
         10.0010    -6264.46  0.3732 -0.257E-04      -3722.19  0.4026  0.103E-02      -1993.31  0.4516  0.123E-02      -1415.01  0.4805 -0.101E-02
         10.0014    -6264.46  0.3732 -0.257E-04      -3722.19  0.4026  0.103E-02      -1993.31  0.4516  0.123E-02      -1415.01  0.4805 -0.936E-03
         10.0019    -6264.46  0.3732 -0.257E-04      -3722.20  0.4026  0.103E-02      -1993.31  0.4516  0.123E-02      -1415.00  0.4805 -0.812E-03
         10.0025    -6264.46  0.3732 -0.257E-04      -3722.19  0.4026  0.103E-02      -1993.31  0.4516  0.123E-02      -1415.00  0.4805 -0.103E-02
         10.0033    -6264.46  0.3732 -0.257E-04      -3722.19  0.4026  0.103E-02      -1993.31  0.4516  0.123E-02      -1415.00  0.4805 -0.824E-03
         10.0044    -6264.46  0.3732 -0.257E-04      -3722.20  0.4026  0.103E-02      -1993.31  0.4516  0.123E-02      -1415.00  0.4805 -0.894E-03
         10.0057    -6264.46  0.3732 -0.257E-04      -3722.19  0.4026  0.103E-02      -1993.31  0.4516  0.123E-02      -1414.99  0.4805 -0.873E-03
         10.0075    -6264.46  0.3732 -0.257E-04      -3722.19  0.4026  0.103E-02      -1993.31  0.4516  0.123E-02      -1414.99  0.4805 -0.905E-03
         10.0099    -6264.46  0.3732 -0.257E-04      -3722.19  0.4026  0.103E-02      -1993.31  0.4516  0.123E-02      -1414.98  0.4805 -0.905E-03
         10.0129    -6264.46  0.3732 -0.257E-04      -3722.19  0.4026  0.103E-02      -1993.31  0.4516  0.123E-02      -1414.98  0.4805 -0.899E-03
         10.0168    -6264.46  0.3732  0.122E-04      -3722.19  0.4026  0.103E-02      -1993.31  0.4516  0.123E-02      -1414.96  0.4805 -0.902E-03
         10.0219    -6264.46  0.3732  0.346E-05      -3722.19  0.4026  0.103E-02      -1993.31  0.4516  0.123E-02      -1414.95  0.4805 -0.889E-03
         10.0286    -6264.47  0.3732 -0.325E-05      -3722.19  0.4026  0.103E-02      -1993.31  0.4516  0.123E-02      -1414.93  0.4805 -0.881E-03
         10.0372    -6264.47  0.3732 -0.841E-05      -3722.18  0.4026  0.103E-02      -1993.31  0.4516  0.123E-02      -1414.91  0.4805 -0.886E-03
         10.0485    -6264.48  0.3732  0.876E-06      -3722.18  0.4026  0.103E-02      -1993.31  0.4516  0.123E-02      -1414.88  0.4805 -0.893E-03
         10.0631    -6264.48  0.3732  0.498E-05      -3722.18  0.4026  0.103E-02      -1993.31  0.4516  0.123E-02      -1414.84  0.4805 -0.888E-03
         10.0821    -6264.50  0.3732 -0.205E-05      -3722.17  0.4026  0.103E-02      -1993.31  0.4516  0.123E-02      -1414.79  0.4805 -0.889E-03
         10.1068    -6264.51  0.3732 -0.142E-05      -3722.16  0.4026  0.103E-02      -1993.31  0.4516  0.123E-02      -1414.73  0.4805 -0.888E-03
         10.1389    -6264.52  0.3732 -0.230E-05      -3722.15  0.4026  0.103E-02      -1993.31  0.4516  0.123E-02      -1414.64  0.4805 -0.891E-03
         10.1807    -6264.55  0.3732 -0.459E-06      -3722.13  0.4026  0.103E-02      -1993.31  0.4516  0.123E-02      -1414.53  0.4805 -0.892E-03
         10.2350    -6264.58  0.3732 -0.662E-06      -3722.11  0.4026  0.103E-02      -1993.30  0.4516  0.123E-02      -1414.40  0.4806 -0.891E-03
         10.3055    -6264.61  0.3732  0.619E-07      -3722.08  0.4026  0.103E-02      -1993.30  0.4516  0.123E-02      -1414.22  0.4806 -0.891E-03
         10.3973    -6264.66  0.3732  0.833E-06      -3722.05  0.4026  0.103E-02      -1993.30  0.4516  0.123E-02      -1414.00  0.4806 -0.892E-03
         10.5165    -6264.73  0.3732  0.208E-08      -3722.01  0.4026  0.103E-02      -1993.30  0.4516  0.123E-02      -1413.72  0.4806 -0.892E-03
         10.6716    -6264.81  0.3732  0.218E-06      -3721.95  0.4026  0.103E-02      -1993.29  0.4516  0.123E-02      -1413.36  0.4806 -0.893E-03
         10.8731    -6264.91  0.3732 -0.110E-06      -3721.88  0.4026  0.103E-02      -1993.29  0.4516  0.123E-02      -1412.93  0.4806 -0.893E-03
         11.1351    -6265.05  0.3732 -0.290E-06      -3721.78  0.4026  0.103E-02      -1993.28  0.4516  0.123E-02      -1412.40  0.4807 -0.894E-03
         11.4757    -6265.22  0.3732 -0.127E-06      -3721.66  0.4026  0.103E-02      -1993.27  0.4516  0.123E-02      -1411.75  0.4807 -0.894E-03
         11.9185    -6265.44  0.3732 -0.125E-08      -3721.50  0.4026  0.103E-02      -1993.25  0.4516  0.123E-02      -1410.99  0.4808 -0.895E-03
         12.4941    -6265.71  0.3732 -0.361E-07      -3721.29  0.4026  0.103E-02      -1993.23  0.4516  0.123E-02      -1410.09  0.4808 -0.896E-03
         13.2447    -6266.06  0.3732 -0.111E-06      -3721.02  0.4026  0.103E-02      -1993.20  0.4516  0.123E-02      -1409.05  0.4809 -0.898E-03
         14.2097    -6266.48  0.3732  0.732E-07      -3720.68  0.4026  0.103E-02      -1993.17  0.4516  0.123E-02      -1407.88  0.4810 -0.899E-03
         15.3678    -6266.97  0.3731 -0.155E-07      -3720.27  0.4027  0.103E-02      -1993.12  0.4516  0.123E-02      -1406.65  0.4810 -0.901E-03
         16.9119    -6267.57  0.3731  0.164E-07      -3719.73  0.4027  0.103E-02      -1993.06  0.4517  0.123E-02      -1405.24  0.4811 -0.903E-03
         20.0000    -6268.64  0.3731 -0.246E-07      -3718.67  0.4027  0.103E-02      -1992.92  0.4517  0.124E-02      -1402.93  0.4813 -0.906E-03
         22.5000    -6269.43  0.3731 -0.448E-08      -3717.83  0.4027  0.103E-02      -1992.80  0.4517  0.124E-02      -1401.25  0.4814 -0.909E-03
         26.2500    -6270.46  0.3731 -0.136E-07      -3716.59  0.4027  0.103E-02      -1992.61  0.4517  0.124E-02      -1399.12  0.4815 -0.912E-03
         30.0000    -6271.38  0.3731 -0.826E-08      -3715.38  0.4028  0.104E-02      -1992.41  0.4517  0.124E-02      -1397.18  0.4816 -0.915E-03
         30.0001    -6271.37  0.3731 -0.104E-01      -3715.37  0.4028  0.104E-02      -1992.42  0.4517  0.124E-02      -1397.16  0.4816 -0.107E-02
         30.0002    -6271.34  0.3731 -0.103E-01      -3715.37  0.4028  0.104E-02      -1992.41  0.4517  0.124E-02      -1397.17  0.4816 -0.107E-02
         30.0004    -6271.30  0.3731 -0.971E-02      -3715.37  0.4028  0.104E-02      -1992.41  0.4517  0.124E-02      -1397.16  0.4816 -0.107E-02
         30.0006    -6271.26  0.3731 -0.102E-01      -3715.37  0.4028  0.104E-02      -1992.42  0.4517  0.124E-02      -1397.16  0.4816 -0.107E-02
         30.0009    -6271.20  0.3731 -0.992E-02      -3715.37  0.4028  0.104E-02      -1992.42  0.4517  0.124E-02      -1397.16  0.4816 -0.107E-02
         30.0013    -6271.12  0.3731 -0.100E-01      -3715.37  0.4028  0.104E-02      -1992.42  0.4517  0.124E-02      -1397.16  0.4816 -0.673E-03
         30.0018    -6271.02  0.3731 -0.989E-02      -3715.37  0.4028  0.104E-02      -1992.42  0.4517  0.124E-02      -1397.16  0.4816 -0.766E-03
         30.0024    -6270.89  0.3731 -0.999E-02      -3715.37  0.4028  0.104E-02      -1992.41  0.4517  0.124E-02      -1397.16  0.4816 -0.837E-03
         30.0032    -6270.71  0.3731 -0.101E-01      -3715.37  0.4028  0.104E-02      -1992.41  0.4517  0.124E-02      -1397.16  0.4816 -0.892E-03
         30.0043    -6270.48  0.3731 -0.999E-02      -3715.37  0.4028  0.104E-02      -1992.41  0.4517  0.124E-02      -1397.16  0.4816 -0.934E-03
         30.0056    -6270.19  0.3731 -0.996E-02      -3715.37  0.4028  0.104E-02      -1992.41  0.4517  0.124E-02      -1397.16  0.4816 -0.966E-03
         30.0074    -6269.81  0.3731 -0.999E-02      -3715.37  0.4028  0.104E-02      -1992.41  0.4517  0.124E-02      -1397.16  0.4816 -0.908E-03
         30.0098    -6269.32  0.3731 -0.999E-02      -3715.37  0.4028  0.104E-02      -1992.41  0.4517  0.124E-02      -1397.16  0.4816 -0.883E-03
         30.0128    -6268.68  0.3731 -0.100E-01      -3715.37  0.4028  0.104E-02      -1992.41  0.4517  0.124E-02      -1397.16  0.4816 -0.927E-03
         30.0167    -6267.84  0.3731 -0.100E-01      -3715.37  0.4028  0.104E-02      -1992.41  0.4517  0.124E-02      -1397.15  0.4816 -0.923E-03
         30.0218    -6266.75  0.3732 -0.100E-01      -3715.37  0.4028  0.104E-02      -1992.41  0.4517  0.124E-02      -1397.15  0.4816 -0.900E-03
         30.0285    -6265.34  0.3732 -0.999E-02      -3715.37  0.4028  0.104E-02      -1992.41  0.4517  0.124E-02      -1397.15  0.4816 -0.918E-03
         30.0372    -6263.51  0.3732 -0.100E-01      -3715.36  0.4028  0.104E-02      -1992.41  0.4517  0.124E-02      -1397.14  0.4816 -0.919E-03
         30.0484    -6261.12  0.3732 -0.100E-01      -3715.36  0.4028  0.104E-02      -1992.41  0.4517  0.124E-02      -1397.14  0.4816 -0.915E-03
         30.0630    -6258.03  0.3732 -0.100E-01      -3715.35  0.4028  0.104E-02      -1992.41  0.4517  0.124E-02      -1397.13  0.4816 -0.911E-03
         30.0820    -6254.01  0.3733 -0.100E-01      -3715.35  0.4028  0.104E-02      -1992.41  0.4517  0.124E-02      -1397.12  0.4816 -0.917E-03
         30.1067    -6248.79  0.3733 -0.100E-01      -3715.34  0.4028  0.104E-02      -1992.41  0.4517  0.124E-02      -1397.11  0.4816 -0.917E-03
         30.1388    -6242.02  0.3734 -0.100E-01      -3715.33  0.4028  0.104E-02      -1992.41  0.4517  0.124E-02      -1397.09  0.4816 -0.916E-03
         30.1806    -6233.24  0.3735 -0.100E-01      -3715.32  0.4028  0.104E-02      -1992.41  0.4517  0.124E-02      -1397.07  0.4816 -0.913E-03
         30.2349    -6221.86  0.3736 -0.100E-01      -3715.30  0.4028  0.104E-02      -1992.40  0.4517  0.124E-02      -1397.04  0.4816 -0.915E-03
         30.3054    -6207.12  0.3737 -0.100E-01      -3715.28  0.4028  0.104E-02      -1992.40  0.4517  0.124E-02      -1397.01  0.4816 -0.915E-03
         30.3972    -6188.05  0.3739 -0.100E-01      -3715.25  0.4028  0.104E-02      -1992.39  0.4517  0.124E-02      -1396.96  0.4816 -0.916E-03
         30.5164    -6163.43  0.3741 -0.100E-01      -3715.21  0.4028  0.104E-02      -1992.39  0.4517  0.124E-02      -1396.90  0.4817 -0.915E-03
         30.6715    -6132.87  0.3744 -0.100E-01      -3715.16  0.4028  0.104E-02      -1992.38  0.4517  0.124E-02      -1396.83  0.4817 -0.915E-03
         30.8730    -6102.97  0.3748 -0.100E-01      -3715.09  0.4028  0.104E-02      -1992.37  0.4517  0.124E-02      -1396.72  0.4817 -0.916E-03
         31.1350    -6062.31  0.3753 -0.100E-01      -3715.01  0.4028  0.104E-02      -1992.35  0.4517  0.124E-02      -1396.60  0.4817 -0.916E-03
         31.4756    -6012.18  0.3759 -0.100E-01      -3714.90  0.4028  0.104E-02      -1992.33  0.4517  0.124E-02      -1396.43  0.4817 -0.916E-03
         31.9184    -5947.49  0.3767 -0.100E-01      -3714.76  0.4028  0.104E-02      -1992.31  0.4517  0.124E-02      -1396.22  0.4817 -0.917E-03
         32.4940    -5866.10  0.3778 -0.100E-01      -3714.57  0.4028  0.104E-02      -1992.28  0.4517  0.124E-02      -1395.94  0.4817 -0.917E-03
         33.2446    -5763.45  0.3790 -0.100E-01      -3714.33  0.4028  0.104E-02      -1992.24  0.4517  0.124E-02      -1395.59  0.4817 -0.918E-03
         34.2096    -5637.62  0.3806 -0.100E-01      -3714.03  0.4028  0.104E-02      -1992.19  0.4517  0.124E-02      -1395.15  0.4818 -0.918E-03
         35.3677    -5494.93  0.3824 -0.100E-01      -3713.66  0.4028  0.104E-02      -1992.12  0.4517  0.124E-02      -1394.64  0.4818 -0.919E-03
         36.9118    -5319.05  0.3846 -0.100E-01      -3713.18  0.4028  0.104E-02      -1992.03  0.4517  0.124E-02      -1393.97  0.4818 -0.920E-03
         40.0000    -5021.51  0.3884 -0.100E-01      -3712.22  0.4028  0.104E-02      -1991.85  0.4517  0.124E-02      -1392.71  0.4819 -0.922E-03
         40.0001    -5017.17  0.3884 -0.160E+00      -3712.22  0.4028  0.104E-02      -1991.85  0.4517  0.124E-02      -1392.70  0.4819 -0.105E-02
         40.0002    -5017.50  0.3884 -0.160E+00      -3712.22  0.4028  0.104E-02      -1991.85  0.4517  0.124E-02      -1392.70  0.4819 -0.105E-02
         40.0004    -5016.62  0.3884 -0.160E+00      -3712.21  0.4028  0.104E-02      -1991.85  0.4517  0.124E-02      -1392.70  0.4819 -0.105E-02
         40.0006    -5016.20  0.3884 -0.160E+00      -3712.22  0.4028  0.104E-02      -1991.85  0.4517  0.124E-02      -1392.70  0.4819 -0.105E-02
         40.0009    -5015.43  0.3884 -0.160E+00      -3712.22  0.4028  0.104E-02      -1991.85  0.4517  0.124E-02      -1392.70  0.4819 -0.105E-02
         40.0013    -5014.53  0.3884 -0.160E+00      -3712.21  0.4028  0.104E-02      -1991.85  0.4517  0.124E-02      -1392.70  0.4819 -0.105E-02
         40.0018    -5013.32  0.3884 -0.160E+00      -3712.21  0.4028  0.104E-02      -1991.85  0.4517  0.124E-02      -1392.70  0.4819 -0.105E-02
         40.0024    -5011.75  0.3885 -0.160E+00      -3712.22  0.4028  0.104E-02      -1991.85  0.4517  0.124E-02      -1392.70  0.4819 -0.813E-03
         40.0032    -5009.72  0.3885 -0.160E+00      -3712.21  0.4028  0.104E-02      -1991.85  0.4517  0.124E-02      -1392.70  0.4819 -0.868E-03
         40.0043    -5007.08  0.3885 -0.160E+00      -3712.22  0.4028  0.104E-02      -1991.85  0.4517  0.124E-02      -1392.70  0.4819 -0.910E-03
         40.0056    -5003.64  0.3886 -0.160E+00      -3712.21  0.4028  0.104E-02      -1991.85  0.4517  0.124E-02      -1392.70  0.4819 -0.942E-03
         40.0074    -4999.18  0.3886 -0.160E+00      -3712.21  0.4028  0.104E-02      -1991.85  0.4517  0.124E-02      -1392.70  0.4819 -0.884E-03
         40.0098    -4993.37  0.3887 -0.160E+00      -3712.22  0.4028  0.104E-02      -1991.85  0.4517  0.124E-02      -1392.70  0.4819 -0.923E-03
         40.0128    -4985.83  0.3888 -0.160E+00      -3712.21  0.4028  0.104E-02      -1991.85  0.4517  0.124E-02      -1392.70  0.4819 -0.952E-03
         40.0167    -4976.03  0.3889 -0.160E+00      -3712.21  0.4028  0.104E-02      -1991.85  0.4517  0.124E-02      -1392.70  0.4819 -0.899E-03
         40.0218    -4963.28  0.3891 -0.160E+00      -3712.21  0.4028  0.104E-02      -1991.85  0.4517  0.124E-02      -1392.69  0.4819 -0.905E-03
         40.0285    -4946.73  0.3893 -0.160E+00      -3712.21  0.4028  0.104E-02      -1991.85  0.4517  0.124E-02      -1392.69  0.4819 -0.916E-03
         40.0372    -4925.22  0.3895 -0.160E+00      -3712.20  0.4028  0.104E-02      -1991.85  0.4517  0.124E-02      -1392.69  0.4819 -0.913E-03
         40.0484    -4897.29  0.3899 -0.160E+00      -3712.20  0.4028  0.104E-02      -1991.85  0.4517  0.124E-02      -1392.68  0.4819 -0.918E-03
         40.0630    -4861.45  0.3903 -0.160E+00      -3712.20  0.4028  0.104E-02      -1991.85  0.4517  0.124E-02      -1392.68  0.4819 -0.918E-03
         40.0820    -4827.16  0.3909 -0.160E+00      -3712.19  0.4028  0.104E-02      -1991.85  0.4517  0.124E-02      -1392.67  0.4819 -0.925E-03
         40.1067    -4779.63  0.3917 -0.160E+00      -3712.18  0.4028  0.104E-02      -1991.85  0.4517  0.124E-02      -1392.66  0.4819 -0.924E-03
         40.1388    -4720.52  0.3927 -0.160E+00      -3712.17  0.4028  0.104E-02      -1991.85  0.4517  0.124E-02      -1392.65  0.4819 -0.920E-03
         40.1806    -4642.88  0.3940 -0.160E+00      -3712.16  0.4028  0.104E-02      -1991.84  0.4517  0.124E-02      -1392.63  0.4819 -0.922E-03
         40.2349    -4543.06  0.3956 -0.160E+00      -3712.15  0.4028  0.104E-02      -1991.84  0.4517  0.124E-02      -1392.61  0.4819 -0.924E-03
         40.3054    -4413.83  0.3978 -0.160E+00      -3712.12  0.4028  0.104E-02      -1991.84  0.4517  0.124E-02      -1392.58  0.4819 -0.923E-03
         40.3972    -4247.54  0.4006 -0.160E+00      -3712.09  0.4028  0.104E-02      -1991.83  0.4517  0.124E-02      -1392.54  0.4819 -0.923E-03
         40.5164    -4034.04  0.4041 -0.160E+00      -3712.06  0.4028  0.104E-02      -1991.82  0.4517  0.124E-02      -1392.49  0.4819 -0.923E-03
         40.6715    -3787.07  0.4086 -0.160E+00      -3712.01  0.4028  0.104E-02      -1991.82  0.4517  0.124E-02      -1392.43  0.4819 -0.923E-03
         40.8730    -3530.71  0.4143 -0.160E+00      -3711.95  0.4028  0.104E-02      -1991.80  0.4517  0.124E-02      -1392.35  0.4819 -0.923E-03
         41.1350    -3202.89  0.4214 -0.160E+00      -3711.87  0.4028  0.104E-02      -1991.79  0.4517  0.124E-02      -1392.24  0.4819 -0.923E-03
         41.4756    -2882.85  0.4299 -0.160E+00      -3711.76  0.4028  0.104E-02      -1991.77  0.4517  0.124E-02      -1392.11  0.4820 -0.924E-03
         41.9184    -2538.05  0.4398 -0.160E+00      -3711.63  0.4028  0.104E-02      -1991.74  0.4517  0.124E-02      -1391.93  0.4820 -0.924E-03
         42.4940    -2239.83  0.4504 -0.160E+00      -3711.45  0.4029  0.104E-02      -1991.71  0.4517  0.124E-02      -1391.71  0.4820 -0.924E-03
         43.2446    -1928.23  0.4616 -0.160E+00      -3711.22  0.4029  0.104E-02      -1991.66  0.4517  0.124E-02      -1391.42  0.4820 -0.924E-03
         44.2096    -1718.15  0.4718 -0.160E+00      -3710.92  0.4029  0.104E-02      -1991.61  0.4517  0.124E-02      -1391.05  0.4820 -0.925E-03
         45.1747    -1546.25  0.4806 -0.160E+00      -3710.63  0.4029  0.104E-02      -1991.55  0.4517  0.124E-02      -1390.69  0.4820 -0.926E-03
         46.3810    -1399.47  0.4890 -0.160E+00      -3710.26  0.4029  0.104E-02      -1991.47  0.4517  0.124E-02      -1390.24  0.4821 -0.926E-03
         48.1905    -1231.28  0.4998 -0.160E+00      -3709.71  0.4029  0.104E-02      -1991.36  0.4517  0.124E-02      -1389.59  0.4821 -0.927E-03
         50.0000    -1118.58  0.5084 -0.160E+00      -3709.17  0.4029  0.104E-02      -1991.25  0.4517  0.124E-02      -1388.95  0.4822 -0.929E-03
         51.6667    -1415.71  0.4883  0.112E-07      -3708.67  0.4029  0.104E-02      -1991.15  0.4517  0.124E-02      -1388.37  0.4822 -0.930E-03
         53.3333    -1618.77  0.4763 -0.261E-07      -3708.17  0.4029  0.104E-02      -1991.05  0.4517  0.124E-02      -1387.81  0.4822 -0.931E-03
         55.5556    -1821.47  0.4664  0.298E-07      -3707.50  0.4029  0.104E-02      -1990.91  0.4517  0.124E-02      -1387.07  0.4823 -0.932E-03
         57.7778    -1976.16  0.4597 -0.838E-08      -3706.84  0.4030  0.104E-02      -1990.77  0.4517  0.125E-02      -1386.35  0.4823 -0.933E-03
         60.0000    -2108.68  0.4547  0.307E-07      -3706.19  0.4030  0.104E-02      -1990.62  0.4517  0.125E-02      -1385.65  0.4824 -0.934E-03
         63.3333    -2254.06  0.4491 -0.205E-07      -3705.21  0.4030  0.104E-02      -1990.41  0.4518  0.125E-02      -1384.63  0.4824 -0.936E-03
         70.0000    -2465.62  0.4415  0.373E-08      -3703.26  0.4030  0.104E-02      -1989.98  0.4518  0.125E-02      -1382.69  0.4825 -0.939E-03
         75.0000    -2616.40  0.4373 -0.466E-08      -3701.81  0.4031  0.104E-02      -1989.65  0.4518  0.125E-02      -1381.29  0.4826 -0.941E-03
         80.0000    -2729.31  0.4340  0.955E-08      -3700.42  0.4031  0.105E-02      -1989.33  0.4518  0.125E-02      -1379.93  0.4827 -0.944E-03
         90.0000    -2893.16  0.4292  0.349E-08      -3697.70  0.4032  0.105E-02      -1988.67  0.4518  0.125E-02      -1377.39  0.4829 -0.948E-03
        100.0000    -3033.39  0.4252  0.722E-08      -3695.04  0.4032  0.105E-02      -1988.02  0.4518  0.125E-02      -1374.98  0.4830 -0.952E-03
        110.0000    -3166.88  0.4222 -0.547E-08      -3692.41  0.4033  0.105E-02      -1987.37  0.4519  0.125E-02      -1372.68  0.4832 -0.956E-03
        120.0000    -3275.77  0.4198 -0.582E-09      -3689.81  0.4033  0.106E-02      -1986.73  0.4519  0.126E-02      -1370.48  0.4833 -0.960E-03
        120.0001    -3277.64  0.4198 -0.430E+00      -3689.81  0.4033  0.106E-02      -1986.73  0.4519  0.126E-02      -1370.47  0.4833 -0.103E-02
        120.0002    -3276.73  0.4198 -0.430E+00      -3689.81  0.4033  0.106E-02      -1986.73  0.4519  0.126E-02      -1370.47  0.4833 -0.103E-02
        120.0004    -3276.39  0.4198 -0.430E+00      -3689.81  0.4033  0.106E-02      -1986.73  0.4519  0.126E-02      -1370.47  0.4833 -0.103E-02
        120.0006    -3275.44  0.4198 -0.430E+00      -3689.81  0.4033  0.106E-02      -1986.73  0.4519  0.126E-02      -1370.47  0.4833 -0.103E-02
        120.0009    -3274.37  0.4198 -0.430E+00      -3689.81  0.4033  0.106E-02      -1986.73  0.4519  0.126E-02      -1370.47  0.4833 -0.103E-02
        120.0013    -3272.91  0.4199 -0.430E+00      -3689.81  0.4033  0.106E-02      -1986.73  0.4519  0.126E-02      -1370.47  0.4833 -0.103E-02
        120.0018    -3271.03  0.4199 -0.430E+00      -3689.81  0.4033  0.106E-02      -1986.73  0.4519  0.126E-02      -1370.47  0.4833 -0.103E-02
        120.0024    -3268.58  0.4200 -0.430E+00      -3689.81  0.4033  0.106E-02      -1986.73  0.4519  0.126E-02      -1370.47  0.4833 -0.103E-02
        120.0032    -3265.41  0.4200 -0.430E+00      -3689.81  0.4033  0.106E-02      -1986.73  0.4519  0.126E-02      -1370.47  0.4833 -0.103E-02
        120.0043    -3261.27  0.4201 -0.430E+00      -3689.81  0.4033  0.106E-02      -1986.73  0.4519  0.126E-02      -1370.47  0.4833 -0.888E-03
        120.0056    -3255.90  0.4202 -0.430E+00      -3689.81  0.4033  0.106E-02      -1986.73  0.4519  0.126E-02      -1370.47  0.4833 -0.920E-03
        120.0074    -3248.92  0.4204 -0.430E+00      -3689.81  0.4033  0.106E-02      -1986.73  0.4519  0.126E-02      -1370.46  0.4833 -0.945E-03
        120.0098    -3239.84  0.4206 -0.430E+00      -3689.81  0.4033  0.106E-02      -1986.73  0.4519  0.126E-02      -1370.46  0.4833 -0.964E-03
        120.0128    -3228.05  0.4209 -0.430E+00      -3689.81  0.4033  0.106E-02      -1986.73  0.4519  0.126E-02      -1370.46  0.4833 -0.930E-03
        120.0167    -3212.73  0.4212 -0.430E+00      -3689.81  0.4033  0.106E-02      -1986.73  0.4519  0.126E-02      -1370.46  0.4833 -0.953E-03
        120.0218    -3192.83  0.4216 -0.430E+00      -3689.81  0.4033  0.106E-02      -1986.73  0.4519  0.126E-02      -1370.46  0.4833 -0.970E-03
        120.0285    -3166.98  0.4222 -0.430E+00      -3689.80  0.4033  0.106E-02      -1986.73  0.4519  0.126E-02      -1370.46  0.4833 -0.961E-03
        120.0372    -3133.42  0.4229 -0.430E+00      -3689.80  0.4033  0.106E-02      -1986.73  0.4519  0.126E-02      -1370.46  0.4833 -0.959E-03
        120.0484    -3089.86  0.4239 -0.430E+00      -3689.80  0.4033  0.106E-02      -1986.73  0.4519  0.126E-02      -1370.46  0.4833 -0.962E-03
        120.0630    -3038.83  0.4251 -0.430E+00      -3689.79  0.4033  0.106E-02      -1986.73  0.4519  0.126E-02      -1370.45  0.4833 -0.957E-03
        120.0820    -2983.73  0.4267 -0.430E+00      -3689.79  0.4033  0.106E-02      -1986.73  0.4519  0.126E-02      -1370.45  0.4833 -0.958E-03
        120.1067    -2910.31  0.4288 -0.430E+00      -3689.78  0.4033  0.106E-02      -1986.73  0.4519  0.126E-02      -1370.44  0.4833 -0.962E-03
        120.1388    -2817.44  0.4315 -0.430E+00      -3689.77  0.4033  0.106E-02      -1986.73  0.4519  0.126E-02      -1370.44  0.4833 -0.959E-03
        120.1806    -2696.78  0.4350 -0.430E+00      -3689.76  0.4033  0.106E-02      -1986.72  0.4519  0.126E-02      -1370.43  0.4833 -0.960E-03
        120.2349    -2541.93  0.4395 -0.430E+00      -3689.75  0.4033  0.106E-02      -1986.72  0.4519  0.126E-02      -1370.42  0.4833 -0.960E-03
        120.3054    -2363.73  0.4453 -0.430E+00      -3689.73  0.4033  0.106E-02      -1986.72  0.4519  0.126E-02      -1370.40  0.4833 -0.959E-03
        120.3972    -2172.46  0.4525 -0.430E+00      -3689.71  0.4033  0.106E-02      -1986.71  0.4519  0.126E-02      -1370.38  0.4833 -0.960E-03
        120.5164    -1927.75  0.4617 -0.430E+00      -3689.68  0.4033  0.106E-02      -1986.70  0.4519  0.126E-02      -1370.35  0.4833 -0.960E-03
        120.6715    -1707.87  0.4728 -0.430E+00      -3689.63  0.4033  0.106E-02      -1986.69  0.4519  0.126E-02      -1370.32  0.4833 -0.960E-03
        120.8730    -1457.64  0.4858 -0.430E+00      -3689.58  0.4033  0.106E-02      -1986.68  0.4519  0.126E-02      -1370.28  0.4833 -0.960E-03
        121.1350    -1228.91  0.4999 -0.430E+00      -3689.51  0.4033  0.106E-02      -1986.66  0.4519  0.126E-02      -1370.22  0.4833 -0.960E-03
        121.3970    -1084.20  0.5111 -0.430E+00      -3689.45  0.4033  0.106E-02      -1986.65  0.4519  0.126E-02      -1370.16  0.4833 -0.960E-03
        121.6590     -973.11  0.5204 -0.430E+00      -3689.38  0.4033  0.106E-02      -1986.63  0.4519  0.126E-02      -1370.10  0.4833 -0.960E-03
        121.9996     -872.65  0.5296 -0.430E+00      -3689.29  0.4033  0.106E-02      -1986.61  0.4519  0.126E-02      -1370.03  0.4833 -0.960E-03
        122.4424     -776.39  0.5393 -0.430E+00      -3689.18  0.4033  0.106E-02      -1986.58  0.4519  0.126E-02      -1369.93  0.4833 -0.961E-03
        123.0180     -695.04  0.5489 -0.430E+00      -3689.03  0.4033  0.106E-02      -1986.54  0.4519  0.126E-02      -1369.81  0.4834 -0.961E-03
        123.5936     -624.17  0.5576 -0.430E+00      -3688.88  0.4033  0.106E-02      -1986.51  0.4519  0.126E-02      -1369.68  0.4834 -0.961E-03
        124.1692     -569.22  0.5652 -0.430E+00      -3688.73  0.4033  0.106E-02      -1986.47  0.4519  0.126E-02      -1369.56  0.4834 -0.961E-03
        124.7523     -526.16  0.5714 -0.430E+00      -3688.58  0.4034  0.106E-02      -1986.43  0.4519  0.126E-02      -1369.44  0.4834 -0.961E-03
        125.3354     -483.24  0.5777 -0.430E+00      -3688.43  0.4034  0.106E-02      -1986.40  0.4519  0.126E-02      -1369.31  0.4834 -0.962E-03
        126.1128     -447.08  0.5838 -0.430E+00      -3688.23  0.4034  0.106E-02      -1986.35  0.4519  0.126E-02      -1369.14  0.4834 -0.962E-03
        126.8902     -413.17  0.5897 -0.430E+00      -3688.03  0.4034  0.106E-02      -1986.30  0.4519  0.126E-02      -1368.98  0.4834 -0.962E-03
        127.6677     -383.52  0.5947 -0.430E+00      -3687.83  0.4034  0.106E-02      -1986.25  0.4519  0.126E-02      -1368.81  0.4834 -0.962E-03
        128.4451     -357.47  0.5996 -0.430E+00      -3687.63  0.4034  0.106E-02      -1986.20  0.4519  0.126E-02      -1368.65  0.4834 -0.963E-03
        129.2226     -338.87  0.6034 -0.430E+00      -3687.43  0.4034  0.106E-02      -1986.15  0.4519  0.126E-02      -1368.48  0.4834 -0.963E-03
        130.0000     -319.06  0.6073 -0.430E+00      -3687.23  0.4034  0.106E-02      -1986.10  0.4519  0.126E-02      -1368.32  0.4834 -0.963E-03
        130.0001     -319.32  0.6073 -0.170E+00      -3687.23  0.4034  0.106E-02      -1986.10  0.4519  0.126E-02      -1368.32  0.4834 -0.103E-02
        130.0002     -319.30  0.6073 -0.169E+00      -3687.23  0.4034  0.106E-02      -1986.10  0.4519  0.126E-02      -1368.32  0.4834 -0.103E-02
        130.0004     -319.38  0.6073 -0.171E+00      -3687.23  0.4034  0.106E-02      -1986.10  0.4519  0.126E-02      -1368.32  0.4834 -0.103E-02
        130.0006     -319.41  0.6073 -0.170E+00      -3687.23  0.4034  0.106E-02      -1986.10  0.4519  0.126E-02      -1368.32  0.4834 -0.103E-02
        130.0009     -319.49  0.6073 -0.170E+00      -3687.23  0.4034  0.106E-02      -1986.10  0.4519  0.126E-02      -1368.32  0.4834 -0.103E-02
        130.0013     -319.57  0.6072 -0.170E+00      -3687.23  0.4034  0.106E-02      -1986.10  0.4519  0.126E-02      -1368.32  0.4834 -0.103E-02
        130.0018     -319.69  0.6072 -0.170E+00      -3687.23  0.4034  0.106E-02      -1986.10  0.4519  0.126E-02      -1368.32  0.4834 -0.103E-02
        130.0024     -319.84  0.6072 -0.170E+00      -3687.23  0.4034  0.106E-02      -1986.10  0.4519  0.126E-02      -1368.32  0.4834 -0.103E-02
        130.0032     -320.03  0.6072 -0.170E+00      -3687.23  0.4034  0.106E-02      -1986.10  0.4519  0.126E-02      -1368.32  0.4834 -0.103E-02
        130.0043     -320.28  0.6071 -0.170E+00      -3687.23  0.4034  0.106E-02      -1986.10  0.4519  0.126E-02      -1368.32  0.4834 -0.889E-03
        130.0056     -320.60  0.6070 -0.170E+00      -3687.23  0.4034  0.106E-02      -1986.10  0.4519  0.126E-02      -1368.32  0.4834 -0.103E-02
        130.0074     -321.02  0.6070 -0.170E+00      -3687.23  0.4034  0.106E-02      -1986.10  0.4519  0.126E-02      -1368.32  0.4834 -0.946E-03
        130.0098     -321.55  0.6069 -0.170E+00      -3687.23  0.4034  0.106E-02      -1986.10  0.4519  0.126E-02      -1368.32  0.4834 -0.965E-03
        130.0128     -322.24  0.6067 -0.170E+00      -3687.22  0.4034  0.106E-02      -1986.10  0.4519  0.126E-02      -1368.32  0.4834 -0.980E-03
        130.0167     -323.12  0.6065 -0.170E+00      -3687.22  0.4034  0.106E-02      -1986.10  0.4519  0.126E-02      -1368.32  0.4834 -0.953E-03
        130.0218     -324.25  0.6063 -0.170E+00      -3687.22  0.4034  0.106E-02      -1986.10  0.4519  0.126E-02      -1368.32  0.4834 -0.971E-03
        130.0285     -325.68  0.6060 -0.170E+00      -3687.22  0.4034  0.106E-02      -1986.10  0.4519  0.126E-02      -1368.32  0.4834 -0.962E-03
        130.0372     -327.48  0.6057 -0.170E+00      -3687.22  0.4034  0.106E-02      -1986.10  0.4519  0.126E-02      -1368.31  0.4834 -0.960E-03
        130.0484     -329.73  0.6052 -0.170E+00      -3687.21  0.4034  0.106E-02      -1986.10  0.4519  0.126E-02      -1368.31  0.4834 -0.963E-03
        130.0630     -332.51  0.6047 -0.170E+00      -3687.21  0.4034  0.106E-02      -1986.10  0.4519  0.126E-02      -1368.31  0.4834 -0.968E-03
        130.0820     -335.92  0.6040 -0.170E+00      -3687.21  0.4034  0.106E-02      -1986.10  0.4519  0.126E-02      -1368.30  0.4834 -0.959E-03
        130.1067     -340.01  0.6032 -0.170E+00      -3687.20  0.4034  0.106E-02      -1986.09  0.4519  0.126E-02      -1368.30  0.4834 -0.963E-03
        130.1388     -344.85  0.6022 -0.170E+00      -3687.19  0.4034  0.106E-02      -1986.09  0.4519  0.126E-02      -1368.29  0.4834 -0.964E-03
        130.1806     -350.45  0.6011 -0.170E+00      -3687.18  0.4034  0.106E-02      -1986.09  0.4519  0.126E-02      -1368.28  0.4834 -0.961E-03
        130.2349     -356.79  0.5999 -0.170E+00      -3687.16  0.4034  0.106E-02      -1986.09  0.4519  0.126E-02      -1368.27  0.4834 -0.963E-03
        130.3054     -363.80  0.5985 -0.170E+00      -3687.15  0.4034  0.106E-02      -1986.08  0.4519  0.126E-02      -1368.26  0.4834 -0.964E-03
        130.3972     -371.35  0.5970 -0.170E+00      -3687.12  0.4034  0.106E-02      -1986.08  0.4519  0.126E-02      -1368.24  0.4835 -0.964E-03
        130.5164     -379.79  0.5954 -0.170E+00      -3687.09  0.4034  0.106E-02      -1986.07  0.4519  0.126E-02      -1368.21  0.4835 -0.963E-03
        130.6715     -389.20  0.5938 -0.170E+00      -3687.05  0.4034  0.106E-02      -1986.06  0.4519  0.126E-02      -1368.18  0.4835 -0.963E-03
        130.8730     -398.59  0.5921 -0.170E+00      -3687.00  0.4034  0.106E-02      -1986.05  0.4519  0.126E-02      -1368.14  0.4835 -0.963E-03
        131.1350     -407.87  0.5905 -0.170E+00      -3686.94  0.4034  0.106E-02      -1986.03  0.4519  0.126E-02      -1368.08  0.4835 -0.964E-03
        131.4756     -416.57  0.5890 -0.170E+00      -3686.85  0.4034  0.106E-02      -1986.01  0.4519  0.126E-02      -1368.01  0.4835 -0.964E-03
        131.9184     -424.37  0.5877 -0.170E+00      -3686.74  0.4034  0.106E-02      -1985.98  0.4519  0.126E-02      -1367.92  0.4835 -0.964E-03
        132.4940     -430.80  0.5866 -0.170E+00      -3686.59  0.4034  0.106E-02      -1985.95  0.4519  0.126E-02      -1367.80  0.4835 -0.964E-03
        133.2446     -435.52  0.5857 -0.170E+00      -3686.39  0.4034  0.106E-02      -1985.90  0.4519  0.126E-02      -1367.64  0.4835 -0.964E-03
        134.2096     -438.01  0.5853 -0.170E+00      -3686.15  0.4034  0.106E-02      -1985.84  0.4519  0.126E-02      -1367.44  0.4835 -0.965E-03
        135.3677     -437.81  0.5853 -0.170E+00      -3685.85  0.4034  0.106E-02      -1985.76  0.4519  0.126E-02      -1367.21  0.4835 -0.965E-03
        136.9118     -434.52  0.5860 -0.170E+00      -3685.46  0.4034  0.106E-02      -1985.67  0.4519  0.126E-02      -1366.89  0.4835 -0.966E-03
        140.0000     -424.76  0.5877 -0.170E+00      -3684.67  0.4034  0.106E-02      -1985.48  0.4519  0.126E-02      -1366.27  0.4836 -0.967E-03
        140.0001     -424.69  0.5877 -0.620E+00      -3684.67  0.4034  0.106E-02      -1985.48  0.4519  0.126E-02      -1366.27  0.4836 -0.103E-02
        140.0002     -424.63  0.5877 -0.620E+00      -3684.67  0.4034  0.106E-02      -1985.48  0.4519  0.126E-02      -1366.27  0.4836 -0.103E-02
        140.0004     -424.54  0.5877 -0.620E+00      -3684.67  0.4034  0.106E-02      -1985.48  0.4519  0.126E-02      -1366.27  0.4836 -0.103E-02
        140.0006     -424.43  0.5877 -0.620E+00      -3684.67  0.4034  0.106E-02      -1985.48  0.4519  0.126E-02      -1366.27  0.4836 -0.103E-02
        140.0009     -424.27  0.5877 -0.620E+00      -3684.67  0.4034  0.106E-02      -1985.48  0.4519  0.126E-02      -1366.27  0.4836 -0.103E-02
        140.0013     -424.08  0.5878 -0.620E+00      -3684.67  0.4034  0.106E-02      -1985.48  0.4519  0.126E-02      -1366.27  0.4836 -0.103E-02
        140.0018     -423.83  0.5878 -0.620E+00      -3684.67  0.4034  0.106E-02      -1985.48  0.4519  0.126E-02      -1366.27  0.4836 -0.103E-02
        140.0024     -423.50  0.5879 -0.620E+00      -3684.67  0.4034  0.106E-02      -1985.48  0.4519  0.126E-02      -1366.27  0.4836 -0.103E-02
        140.0032     -423.07  0.5880 -0.620E+00      -3684.67  0.4034  0.106E-02      -1985.48  0.4519  0.126E-02      -1366.27  0.4836 -0.103E-02
        140.0043     -422.52  0.5881 -0.620E+00      -3684.67  0.4034  0.106E-02      -1985.48  0.4519  0.126E-02      -1366.27  0.4836 -0.889E-03
        140.0056     -421.81  0.5882 -0.620E+00      -3684.67  0.4034  0.106E-02      -1985.48  0.4519  0.126E-02      -1366.27  0.4836 -0.103E-02
        140.0074     -420.88  0.5883 -0.620E+00      -3684.67  0.4034  0.106E-02      -1985.48  0.4519  0.126E-02      -1366.27  0.4836 -0.947E-03
        140.0098     -419.68  0.5885 -0.620E+00      -3684.67  0.4034  0.106E-02      -1985.48  0.4519  0.126E-02      -1366.27  0.4836 -0.966E-03
        140.0128     -418.14  0.5888 -0.620E+00      -3684.67  0.4034  0.106E-02      -1985.48  0.4519  0.126E-02      -1366.26  0.4836 -0.981E-03
        140.0167     -416.14  0.5892 -0.620E+00      -3684.67  0.4034  0.106E-02      -1985.48  0.4519  0.126E-02      -1366.26  0.4836 -0.954E-03
        140.0218     -413.58  0.5896 -0.620E+00      -3684.66  0.4034  0.106E-02      -1985.48  0.4519  0.126E-02      -1366.26  0.4836 -0.972E-03
        140.0285     -410.29  0.5902 -0.620E+00      -3684.66  0.4034  0.106E-02      -1985.48  0.4519  0.126E-02      -1366.26  0.4836 -0.963E-03
        140.0372     -406.10  0.5909 -0.620E+00      -3684.66  0.4034  0.106E-02      -1985.48  0.4519  0.126E-02      -1366.26  0.4836 -0.961E-03
        140.0484     -400.79  0.5918 -0.620E+00      -3684.66  0.4034  0.106E-02      -1985.47  0.4519  0.126E-02      -1366.26  0.4836 -0.964E-03
        140.0630     -394.10  0.5930 -0.620E+00      -3684.65  0.4034  0.106E-02      -1985.47  0.4519  0.126E-02      -1366.25  0.4836 -0.969E-03
        140.0820     -385.77  0.5944 -0.620E+00      -3684.65  0.4034  0.106E-02      -1985.47  0.4519  0.126E-02      -1366.25  0.4836 -0.967E-03
        140.1067     -375.68  0.5962 -0.620E+00      -3684.64  0.4034  0.106E-02      -1985.47  0.4519  0.126E-02      -1366.25  0.4836 -0.964E-03
        140.1388     -365.04  0.5983 -0.620E+00      -3684.63  0.4034  0.106E-02      -1985.47  0.4519  0.126E-02      -1366.24  0.4836 -0.965E-03
        140.1806     -352.18  0.6008 -0.620E+00      -3684.62  0.4034  0.106E-02      -1985.47  0.4519  0.126E-02      -1366.23  0.4836 -0.966E-03
        140.2349     -337.72  0.6037 -0.620E+00      -3684.61  0.4034  0.106E-02      -1985.46  0.4519  0.126E-02      -1366.22  0.4836 -0.967E-03
        140.3054     -321.48  0.6069 -0.620E+00      -3684.59  0.4034  0.106E-02      -1985.46  0.4519  0.126E-02      -1366.20  0.4836 -0.967E-03
        140.3972     -303.87  0.6104 -0.620E+00      -3684.57  0.4034  0.106E-02      -1985.45  0.4519  0.126E-02      -1366.19  0.4836 -0.967E-03
        140.5164     -287.03  0.6141 -0.620E+00      -3684.54  0.4034  0.106E-02      -1985.45  0.4519  0.126E-02      -1366.16  0.4836 -0.967E-03
        140.6715     -270.88  0.6176 -0.620E+00      -3684.50  0.4034  0.106E-02      -1985.44  0.4519  0.126E-02      -1366.13  0.4836 -0.967E-03
        140.8730     -254.32  0.6212 -0.620E+00      -3684.45  0.4034  0.106E-02      -1985.42  0.4519  0.126E-02      -1366.09  0.4836 -0.967E-03
        141.1350     -236.38  0.6252 -0.620E+00      -3684.38  0.4034  0.106E-02      -1985.41  0.4519  0.126E-02      -1366.04  0.4836 -0.967E-03
        141.4756     -219.32  0.6291 -0.620E+00      -3684.29  0.4034  0.106E-02      -1985.39  0.4519  0.126E-02      -1365.97  0.4836 -0.967E-03
        141.9184     -202.44  0.6331 -0.620E+00      -3684.18  0.4034  0.106E-02      -1985.36  0.4519  0.126E-02      -1365.88  0.4836 -0.967E-03
        142.4940     -183.89  0.6375 -0.620E+00      -3684.03  0.4035  0.106E-02      -1985.32  0.4519  0.126E-02      -1365.77  0.4836 -0.967E-03
        143.2446     -167.89  0.6417 -0.620E+00      -3683.84  0.4035  0.106E-02      -1985.28  0.4519  0.126E-02      -1365.62  0.4836 -0.968E-03
        143.9952     -151.97  0.6456 -0.620E+00      -3683.65  0.4035  0.106E-02      -1985.23  0.4519  0.126E-02      -1365.47  0.4836 -0.968E-03
        144.9960     -138.73  0.6491 -0.620E+00      -3683.40  0.4035  0.106E-02      -1985.17  0.4519  0.126E-02      -1365.27  0.4836 -0.968E-03
        145.9968     -126.50  0.6524 -0.620E+00      -3683.14  0.4035  0.106E-02      -1985.11  0.4520  0.126E-02      -1365.07  0.4836 -0.969E-03
        146.9976     -116.13  0.6551 -0.620E+00      -3682.89  0.4035  0.106E-02      -1985.05  0.4520  0.126E-02      -1364.87  0.4837 -0.969E-03
        147.9984     -106.10  0.6576 -0.620E+00      -3682.63  0.4035  0.106E-02      -1984.98  0.4520  0.126E-02      -1364.68  0.4837 -0.969E-03
        148.9992      -98.27  0.6597 -0.620E+00      -3682.38  0.4035  0.106E-02      -1984.92  0.4520  0.126E-02      -1364.48  0.4837 -0.970E-03
        150.0000      -91.29  0.6616 -0.620E+00      -3682.13  0.4035  0.106E-02      -1984.86  0.4520  0.126E-02      -1364.29  0.4837 -0.970E-03
        150.0001      -91.63  0.6616 -0.118E+01      -3682.13  0.4035  0.106E-02      -1984.86  0.4520  0.126E-02      -1364.29  0.4837 -0.103E-02
        150.0002      -91.49  0.6616 -0.118E+01      -3682.13  0.4035  0.106E-02      -1984.86  0.4520  0.126E-02      -1364.29  0.4837 -0.103E-02
        150.0004      -91.49  0.6617 -0.118E+01      -3682.13  0.4035  0.106E-02      -1984.86  0.4520  0.126E-02      -1364.29  0.4837 -0.103E-02
        150.0006      -91.37  0.6617 -0.118E+01      -3682.13  0.4035  0.106E-02      -1984.86  0.4520  0.126E-02      -1364.29  0.4837 -0.103E-02
        150.0009      -91.26  0.6617 -0.118E+01      -3682.13  0.4035  0.106E-02      -1984.86  0.4520  0.126E-02      -1364.29  0.4837 -0.103E-02
        150.0013      -91.10  0.6618 -0.118E+01      -3682.13  0.4035  0.106E-02      -1984.86  0.4520  0.126E-02      -1364.29  0.4837 -0.103E-02
        150.0018      -90.90  0.6618 -0.118E+01      -3682.13  0.4035  0.106E-02      -1984.86  0.4520  0.126E-02      -1364.29  0.4837 -0.103E-02
        150.0024      -90.64  0.6619 -0.118E+01      -3682.13  0.4035  0.106E-02      -1984.86  0.4520  0.126E-02      -1364.29  0.4837 -0.103E-02
        150.0032      -90.31  0.6620 -0.118E+01      -3682.13  0.4035  0.106E-02      -1984.86  0.4520  0.126E-02      -1364.29  0.4837 -0.103E-02
        150.0043      -89.88  0.6621 -0.118E+01      -3682.13  0.4035  0.106E-02      -1984.86  0.4520  0.126E-02      -1364.29  0.4837 -0.890E-03
        150.0056      -89.33  0.6622 -0.118E+01      -3682.13  0.4035  0.106E-02      -1984.86  0.4520  0.126E-02      -1364.29  0.4837 -0.103E-02
        150.0074      -88.63  0.6624 -0.118E+01      -3682.13  0.4035  0.106E-02      -1984.86  0.4520  0.126E-02      -1364.29  0.4837 -0.948E-03
        150.0098      -87.75  0.6627 -0.118E+01      -3682.13  0.4035  0.106E-02      -1984.86  0.4520  0.126E-02      -1364.29  0.4837 -0.967E-03
        150.0128      -86.65  0.6630 -0.118E+01      -3682.13  0.4035  0.106E-02      -1984.86  0.4520  0.126E-02      -1364.29  0.4837 -0.982E-03
        150.0167      -85.29  0.6633 -0.118E+01      -3682.13  0.4035  0.106E-02      -1984.86  0.4520  0.126E-02      -1364.29  0.4837 -0.993E-03
        150.0218      -83.63  0.6638 -0.118E+01      -3682.12  0.4035  0.106E-02      -1984.86  0.4520  0.126E-02      -1364.28  0.4837 -0.973E-03
        150.0285      -81.64  0.6643 -0.118E+01      -3682.12  0.4035  0.106E-02      -1984.86  0.4520  0.126E-02      -1364.28  0.4837 -0.964E-03
        150.0372      -79.30  0.6649 -0.118E+01      -3682.12  0.4035  0.106E-02      -1984.86  0.4520  0.126E-02      -1364.28  0.4837 -0.979E-03
        150.0484      -76.60  0.6656 -0.118E+01      -3682.12  0.4035  0.106E-02      -1984.86  0.4520  0.126E-02      -1364.28  0.4837 -0.978E-03
        150.0630      -73.58  0.6664 -0.118E+01      -3682.11  0.4035  0.106E-02      -1984.86  0.4520  0.126E-02      -1364.28  0.4837 -0.970E-03
        150.0820      -70.32  0.6673 -0.118E+01      -3682.11  0.4035  0.106E-02      -1984.86  0.4520  0.126E-02      -1364.27  0.4837 -0.968E-03
        150.1067      -66.89  0.6682 -0.118E+01      -3682.10  0.4035  0.106E-02      -1984.86  0.4520  0.126E-02      -1364.27  0.4837 -0.971E-03
        150.1388      -63.38  0.6691 -0.118E+01      -3682.09  0.4035  0.106E-02      -1984.86  0.4520  0.126E-02      -1364.26  0.4837 -0.971E-03
        150.1806      -59.77  0.6701 -0.118E+01      -3682.08  0.4035  0.106E-02      -1984.85  0.4520  0.126E-02      -1364.25  0.4837 -0.970E-03
        150.2349      -56.06  0.6710 -0.118E+01      -3682.07  0.4035  0.106E-02      -1984.85  0.4520  0.126E-02      -1364.24  0.4837 -0.971E-03
        150.3054      -52.17  0.6720 -0.118E+01      -3682.05  0.4035  0.106E-02      -1984.85  0.4520  0.126E-02      -1364.23  0.4837 -0.970E-03
        150.3972      -47.99  0.6731 -0.118E+01      -3682.03  0.4035  0.106E-02      -1984.84  0.4520  0.126E-02      -1364.21  0.4837 -0.971E-03
        150.5164      -43.68  0.6742 -0.118E+01      -3682.00  0.4035  0.106E-02      -1984.83  0.4520  0.126E-02      -1364.19  0.4837 -0.970E-03
        150.6715      -39.10  0.6753 -0.118E+01      -3681.96  0.4035  0.106E-02      -1984.82  0.4520  0.126E-02      -1364.16  0.4837 -0.970E-03
        150.8730      -34.37  0.6765 -0.118E+01      -3681.91  0.4035  0.106E-02      -1984.81  0.4520  0.126E-02      -1364.12  0.4837 -0.970E-03
        151.1350      -29.40  0.6777 -0.118E+01      -3681.84  0.4035  0.106E-02      -1984.79  0.4520  0.126E-02      -1364.07  0.4837 -0.970E-03
        151.4756      -24.51  0.6787 -0.118E+01      -3681.76  0.4035  0.106E-02      -1984.77  0.4520  0.126E-02      -1364.00  0.4837 -0.971E-03
        151.9184      -19.43  0.6798 -0.118E+01      -3681.64  0.4035  0.106E-02      -1984.75  0.4520  0.126E-02      -1363.92  0.4837 -0.970E-03
        152.4940      -16.01  0.6806 -0.118E+01      -3681.50  0.4035  0.106E-02      -1984.71  0.4520  0.126E-02      -1363.81  0.4837 -0.971E-03
        153.0696      -11.86  0.6814 -0.118E+01      -3681.35  0.4035  0.106E-02      -1984.68  0.4520  0.126E-02      -1363.70  0.4837 -0.971E-03
        153.6452       -9.72  0.6819 -0.118E+01      -3681.21  0.4035  0.106E-02      -1984.64  0.4520  0.126E-02      -1363.59  0.4837 -0.971E-03
        154.2208       -7.53  0.6822 -0.118E+01      -3681.06  0.4035  0.106E-02      -1984.61  0.4520  0.126E-02      -1363.48  0.4837 -0.971E-03
        154.7987       -5.50  0.6826 -0.118E+01      -3680.92  0.4035  0.106E-02      -1984.57  0.4520  0.126E-02      -1363.37  0.4838 -0.971E-03
        155.3767       -3.81  0.6827 -0.118E+01      -3680.77  0.4035  0.106E-02      -1984.54  0.4520  0.126E-02      -1363.26  0.4838 -0.972E-03
        155.7796       -3.26  0.6828 -0.118E+01      -3680.67  0.4035  0.106E-02      -1984.51  0.4520  0.126E-02      -1363.18  0.4838 -0.972E-03
        156.3071        0.00  0.6831 -0.120E+01      -3680.54  0.4035  0.106E-02      -1984.48  0.4520  0.126E-02      -1363.08  0.4838 -0.972E-03
        156.4302       -0.59  0.6832 -0.118E+01      -3680.50  0.4035  0.106E-02      -1984.48  0.4520  0.126E-02      -1363.06  0.4838 -0.972E-03
        156.5903        0.00  0.6831 -0.121E+01      -3680.46  0.4035  0.106E-02      -1984.47  0.4520  0.126E-02      -1363.03  0.4838 -0.972E-03
        156.7023        0.00  0.6831 -0.121E+01      -3680.44  0.4035  0.106E-02      -1984.46  0.4520  0.126E-02      -1363.00  0.4838 -0.972E-03
        156.8143        0.00  0.6831 -0.120E+01      -3680.41  0.4035  0.106E-02      -1984.45  0.4520  0.126E-02      -1362.98  0.4838 -0.972E-03
        156.8516        0.00  0.6832 -0.124E+01      -3680.40  0.4035  0.106E-02      -1984.45  0.4520  0.126E-02      -1362.98  0.4838 -0.972E-03
        156.8890        0.00  0.6831 -0.119E+01      -3680.39  0.4035  0.106E-02      -1984.45  0.4520  0.126E-02      -1362.97  0.4838 -0.972E-03
        156.9375        0.00  0.6831 -0.120E+01      -3680.38  0.4035  0.106E-02      -1984.44  0.4520  0.126E-02      -1362.96  0.4838 -0.973E-03
        157.0006        0.00  0.6831 -0.119E+01      -3680.36  0.4035  0.106E-02      -1984.44  0.4520  0.126E-02      -1362.95  0.4838 -0.972E-03
        157.0826        0.00  0.6831 -0.119E+01      -3680.34  0.4035  0.106E-02      -1984.44  0.4520  0.126E-02      -1362.93  0.4838 -0.972E-03
        157.1647        0.00  0.6831 -0.119E+01      -3680.32  0.4035  0.106E-02      -1984.43  0.4520  0.126E-02      -1362.92  0.4838 -0.972E-03
        157.1920        0.00  0.6832 -0.124E+01      -3680.31  0.4035  0.106E-02      -1984.43  0.4520  0.126E-02      -1362.91  0.4838 -0.972E-03
        157.2194        0.00  0.6831 -0.118E+01      -3680.30  0.4035  0.106E-02      -1984.43  0.4520  0.126E-02      -1362.91  0.4838 -0.972E-03
        157.2549        0.00  0.6831 -0.119E+01      -3680.30  0.4035  0.106E-02      -1984.43  0.4520  0.126E-02      -1362.90  0.4838 -0.973E-03
        157.3011        0.00  0.6831 -0.119E+01      -3680.28  0.4035  0.106E-02      -1984.42  0.4520  0.126E-02      -1362.89  0.4838 -0.970E-03
        157.3612        0.00  0.6831 -0.119E+01      -3680.27  0.4035  0.106E-02      -1984.42  0.4520  0.126E-02      -1362.88  0.4838 -0.972E-03
        157.4213        0.00  0.6831 -0.118E+01      -3680.25  0.4035  0.106E-02      -1984.41  0.4520  0.126E-02      -1362.87  0.4838 -0.972E-03
        157.4814        0.00  0.6831 -0.118E+01      -3680.24  0.4035  0.106E-02      -1984.41  0.4520  0.126E-02      -1362.86  0.4838 -0.972E-03
        157.5414        0.00  0.6831 -0.118E+01      -3680.22  0.4035  0.106E-02      -1984.41  0.4520  0.126E-02      -1362.84  0.4838 -0.972E-03
        157.6015        0.00  0.6831 -0.118E+01      -3680.21  0.4035  0.106E-02      -1984.40  0.4520  0.126E-02      -1362.83  0.4838 -0.972E-03
        157.6616        0.00  0.6831 -0.118E+01      -3680.19  0.4035  0.106E-02      -1984.40  0.4520  0.126E-02      -1362.82  0.4838 -0.972E-03
        157.7217        0.00  0.6831 -0.118E+01      -3680.18  0.4035  0.106E-02      -1984.40  0.4520  0.126E-02      -1362.81  0.4838 -0.972E-03
        157.7817        0.00  0.6831 -0.118E+01      -3680.16  0.4035  0.106E-02      -1984.39  0.4520  0.126E-02      -1362.80  0.4838 -0.972E-03
        157.8418        0.00  0.6831 -0.118E+01      -3680.15  0.4035  0.106E-02      -1984.39  0.4520  0.126E-02      -1362.79  0.4838 -0.972E-03
        157.9019        0.00  0.6831 -0.117E+01      -3680.13  0.4035  0.106E-02      -1984.38  0.4520  0.126E-02      -1362.78  0.4838 -0.972E-03
        157.9620        0.00  0.6831 -0.117E+01      -3680.12  0.4035  0.106E-02      -1984.38  0.4520  0.126E-02      -1362.76  0.4838 -0.972E-03
        158.0220        0.00  0.6831 -0.117E+01      -3680.10  0.4035  0.106E-02      -1984.38  0.4520  0.126E-02      -1362.75  0.4838 -0.972E-03
        158.0821        0.00  0.6831 -0.117E+01      -3680.09  0.4035  0.106E-02      -1984.37  0.4520  0.126E-02      -1362.74  0.4838 -0.972E-03
        158.1422        0.00  0.6831 -0.117E+01      -3680.07  0.4035  0.106E-02      -1984.37  0.4520  0.126E-02      -1362.73  0.4838 -0.972E-03
        158.2023        0.00  0.6831 -0.117E+01      -3680.06  0.4035  0.106E-02      -1984.37  0.4520  0.126E-02      -1362.72  0.4838 -0.972E-03
        158.2623        0.00  0.6831 -0.117E+01      -3680.05  0.4035  0.106E-02      -1984.36  0.4520  0.126E-02      -1362.71  0.4838 -0.972E-03
        158.3224        0.00  0.6831 -0.117E+01      -3680.03  0.4035  0.106E-02      -1984.36  0.4520  0.126E-02      -1362.70  0.4838 -0.972E-03
        158.3825        0.00  0.6831 -0.117E+01      -3680.02  0.4035  0.106E-02      -1984.36  0.4520  0.126E-02      -1362.68  0.4838 -0.972E-03
        158.4426        0.00  0.6831 -0.117E+01      -3680.00  0.4035  0.106E-02      -1984.35  0.4520  0.126E-02      -1362.67  0.4838 -0.972E-03
        158.5207        0.00  0.6831 -0.117E+01      -3679.98  0.4035  0.106E-02      -1984.35  0.4520  0.126E-02      -1362.66  0.4838 -0.972E-03
        158.6222        0.00  0.6831 -0.117E+01      -3679.96  0.4035  0.106E-02      -1984.34  0.4520  0.126E-02      -1362.64  0.4838 -0.973E-03
        158.7237        0.00  0.6831 -0.117E+01      -3679.93  0.4035  0.106E-02      -1984.34  0.4520  0.126E-02      -1362.62  0.4838 -0.973E-03
        158.8514        0.00  0.6831 -0.117E+01      -3679.90  0.4035  0.106E-02      -1984.33  0.4520  0.126E-02      -1362.60  0.4838 -0.973E-03
        159.0154        0.00  0.6832 -0.117E+01      -3679.86  0.4035  0.106E-02      -1984.32  0.4520  0.126E-02      -1362.57  0.4838 -0.973E-03
        159.2616       -0.09  0.6832 -0.118E+01      -3679.79  0.4035  0.106E-02      -1984.30  0.4520  0.126E-02      -1362.52  0.4838 -0.973E-03
        159.5077       -0.75  0.6832 -0.118E+01      -3679.73  0.4035  0.106E-02      -1984.29  0.4520  0.126E-02      -1362.47  0.4838 -0.973E-03
        159.5898       -0.70  0.6832 -0.118E+01      -3679.71  0.4035  0.106E-02      -1984.28  0.4520  0.126E-02      -1362.46  0.4838 -0.974E-03
        159.6171       -0.26  0.6832 -0.118E+01      -3679.71  0.4035  0.106E-02      -1984.28  0.4520  0.126E-02      -1362.45  0.4838 -0.972E-03
        159.6445        0.00  0.6831 -0.113E+01      -3679.70  0.4035  0.106E-02      -1984.28  0.4520  0.126E-02      -1362.45  0.4838 -0.972E-03
        159.6718        0.00  0.6832 -0.118E+01      -3679.69  0.4035  0.106E-02      -1984.28  0.4520  0.126E-02      -1362.44  0.4838 -0.972E-03
        159.6910        0.00  0.6832 -0.119E+01      -3679.69  0.4035  0.106E-02      -1984.28  0.4520  0.126E-02      -1362.44  0.4838 -0.969E-03
        159.7044       -0.59  0.6832 -0.118E+01      -3679.69  0.4035  0.106E-02      -1984.28  0.4520  0.126E-02      -1362.44  0.4838 -0.976E-03
        159.7178        0.00  0.6832 -0.116E+01      -3679.68  0.4035  0.106E-02      -1984.28  0.4520  0.126E-02      -1362.43  0.4838 -0.976E-03
        159.7352       -0.59  0.6832 -0.118E+01      -3679.68  0.4035  0.106E-02      -1984.28  0.4520  0.126E-02      -1362.43  0.4838 -0.972E-03
        159.7526        0.00  0.6832 -0.116E+01      -3679.67  0.4035  0.106E-02      -1984.27  0.4520  0.126E-02      -1362.43  0.4838 -0.972E-03
        159.7753        0.00  0.6832 -0.119E+01      -3679.67  0.4035  0.106E-02      -1984.27  0.4520  0.126E-02      -1362.42  0.4838 -0.973E-03
        159.7911       -0.62  0.6832 -0.118E+01      -3679.66  0.4035  0.106E-02      -1984.27  0.4520  0.126E-02      -1362.42  0.4838 -0.975E-03
        159.8070        0.00  0.6832 -0.117E+01      -3679.66  0.4035  0.106E-02      -1984.27  0.4520  0.126E-02      -1362.42  0.4838 -0.975E-03
        159.8284        0.00  0.6832 -0.119E+01      -3679.66  0.4035  0.106E-02      -1984.27  0.4520  0.126E-02      -1362.41  0.4838 -0.969E-03
        159.8428       -0.62  0.6832 -0.118E+01      -3679.65  0.4035  0.106E-02      -1984.27  0.4520  0.126E-02      -1362.41  0.4838 -0.970E-03
        159.8573        0.00  0.6832 -0.117E+01      -3679.65  0.4035  0.106E-02      -1984.27  0.4520  0.126E-02      -1362.41  0.4838 -0.970E-03
        159.8751       -0.57  0.6832 -0.118E+01      -3679.64  0.4035  0.106E-02      -1984.27  0.4520  0.126E-02      -1362.40  0.4838 -0.973E-03
        159.8929        0.00  0.6832 -0.117E+01      -3679.64  0.4035  0.106E-02      -1984.27  0.4520  0.126E-02      -1362.40  0.4838 -0.973E-03
        159.9197       -0.92  0.6832 -0.118E+01      -3679.63  0.4035  0.106E-02      -1984.27  0.4520  0.126E-02      -1362.40  0.4838 -0.976E-03
        159.9465       -0.46  0.6832 -0.118E+01      -3679.63  0.4035  0.106E-02      -1984.26  0.4520  0.126E-02      -1362.39  0.4838 -0.970E-03
        159.9732       -0.89  0.6832 -0.118E+01      -3679.62  0.4035  0.106E-02      -1984.26  0.4520  0.126E-02      -1362.39  0.4838 -0.976E-03
        160.0000       -0.36  0.6832 -0.118E+01      -3679.61  0.4035  0.106E-02      -1984.26  0.4520  0.126E-02      -1362.38  0.4838 -0.976E-03
        160.0001        0.00  0.6832  0.373E-01      -3679.61  0.4035  0.106E-02      -1984.26  0.4520  0.126E-02      -1362.38  0.4838 -0.103E-02
        160.0002       -0.11  0.6832 -0.710E+00      -3679.61  0.4035  0.106E-02      -1984.26  0.4520  0.126E-02      -1362.38  0.4838 -0.103E-02
        160.0004       -0.20  0.6832 -0.710E+00      -3679.61  0.4035  0.106E-02      -1984.26  0.4520  0.126E-02      -1362.38  0.4838 -0.103E-02
        160.0006       -0.52  0.6832 -0.711E+00      -3679.61  0.4035  0.106E-02      -1984.26  0.4520  0.126E-02      -1362.38  0.4838 -0.103E-02
        160.0008       -0.64  0.6832 -0.710E+00      -3679.61  0.4035  0.106E-02      -1984.26  0.4520  0.126E-02      -1362.38  0.4838 -0.103E-02
        160.0011       -0.86  0.6831 -0.709E+00      -3679.61  0.4035  0.106E-02      -1984.26  0.4520  0.126E-02      -1362.38  0.4838 -0.103E-02
        160.0014       -1.04  0.6831 -0.710E+00      -3679.61  0.4035  0.106E-02      -1984.26  0.4520  0.126E-02      -1362.38  0.4838 -0.103E-02
        160.0019       -1.26  0.6831 -0.710E+00      -3679.61  0.4035  0.106E-02      -1984.26  0.4520  0.126E-02      -1362.38  0.4838 -0.103E-02
        160.0026       -1.49  0.6831 -0.710E+00      -3679.61  0.4035  0.106E-02      -1984.26  0.4520  0.126E-02      -1362.38  0.4838 -0.103E-02
        160.0034       -1.73  0.6830 -0.710E+00      -3679.61  0.4035  0.106E-02      -1984.26  0.4520  0.126E-02      -1362.38  0.4838 -0.103E-02
        160.0044       -1.97  0.6830 -0.710E+00      -3679.61  0.4035  0.106E-02      -1984.26  0.4520  0.126E-02      -1362.38  0.4838 -0.891E-03
        160.0058       -2.23  0.6830 -0.710E+00      -3679.61  0.4035  0.106E-02      -1984.26  0.4520  0.126E-02      -1362.38  0.4838 -0.924E-03
        160.0076       -2.48  0.6829 -0.710E+00      -3679.61  0.4035  0.106E-02      -1984.26  0.4520  0.126E-02      -1362.38  0.4838 -0.949E-03
        160.0099       -2.75  0.6829 -0.710E+00      -3679.61  0.4035  0.106E-02      -1984.26  0.4520  0.126E-02      -1362.38  0.4838 -0.968E-03
        160.0130       -3.00  0.6829 -0.710E+00      -3679.61  0.4035  0.106E-02      -1984.26  0.4520  0.126E-02      -1362.38  0.4838 -0.983E-03
        160.0169       -3.27  0.6828 -0.710E+00      -3679.61  0.4035  0.106E-02      -1984.26  0.4520  0.126E-02      -1362.38  0.4838 -0.994E-03
        160.0220       -3.54  0.6828 -0.710E+00      -3679.61  0.4035  0.106E-02      -1984.26  0.4520  0.126E-02      -1362.38  0.4838 -0.974E-03
        160.0287       -3.82  0.6828 -0.710E+00      -3679.61  0.4035  0.106E-02      -1984.26  0.4520  0.126E-02      -1362.38  0.4838 -0.965E-03
        160.0373       -4.12  0.6827 -0.710E+00      -3679.60  0.4035  0.106E-02      -1984.26  0.4520  0.126E-02      -1362.37  0.4838 -0.980E-03
        160.0486       -4.44  0.6827 -0.710E+00      -3679.60  0.4035  0.106E-02      -1984.26  0.4520  0.126E-02      -1362.37  0.4838 -0.979E-03
        160.0632       -4.77  0.6826 -0.710E+00      -3679.60  0.4035  0.106E-02      -1984.26  0.4520  0.126E-02      -1362.37  0.4838 -0.971E-03
        160.0822       -5.14  0.6826 -0.710E+00      -3679.59  0.4035  0.106E-02      -1984.26  0.4520  0.126E-02      -1362.37  0.4838 -0.977E-03
        160.1069       -5.52  0.6825 -0.710E+00      -3679.59  0.4035  0.106E-02      -1984.26  0.4520  0.126E-02      -1362.36  0.4838 -0.971E-03
        160.1390       -5.94  0.6824 -0.710E+00      -3679.58  0.4035  0.106E-02      -1984.25  0.4520  0.126E-02      -1362.36  0.4838 -0.972E-03
        160.1808       -6.38  0.6824 -0.710E+00      -3679.57  0.4036  0.106E-02      -1984.25  0.4520  0.126E-02      -1362.35  0.4838 -0.971E-03
        160.2350       -6.86  0.6823 -0.710E+00      -3679.55  0.4036  0.106E-02      -1984.25  0.4520  0.126E-02      -1362.34  0.4838 -0.974E-03
        160.3056       -7.36  0.6822 -0.710E+00      -3679.54  0.4036  0.106E-02      -1984.24  0.4520  0.126E-02      -1362.32  0.4838 -0.973E-03
        160.3973       -7.88  0.6821 -0.710E+00      -3679.51  0.4036  0.106E-02      -1984.24  0.4520  0.126E-02      -1362.31  0.4838 -0.973E-03
        160.5166       -8.43  0.6820 -0.710E+00      -3679.48  0.4036  0.106E-02      -1984.23  0.4520  0.126E-02      -1362.28  0.4838 -0.973E-03
        160.6716       -8.96  0.6819 -0.710E+00      -3679.44  0.4036  0.106E-02      -1984.22  0.4520  0.126E-02      -1362.26  0.4838 -0.973E-03
        160.8732       -9.47  0.6818 -0.710E+00      -3679.39  0.4036  0.106E-02      -1984.21  0.4520  0.126E-02      -1362.22  0.4838 -0.973E-03
        161.1352       -9.97  0.6817 -0.710E+00      -3679.33  0.4036  0.106E-02      -1984.19  0.4520  0.126E-02      -1362.17  0.4838 -0.973E-03
        161.4758      -10.36  0.6817 -0.710E+00      -3679.24  0.4036  0.106E-02      -1984.17  0.4520  0.126E-02      -1362.11  0.4838 -0.974E-03
        161.9185      -10.65  0.6816 -0.710E+00      -3679.13  0.4036  0.106E-02      -1984.15  0.4520  0.126E-02      -1362.02  0.4838 -0.974E-03
        162.4942      -10.63  0.6816 -0.710E+00      -3678.99  0.4036  0.106E-02      -1984.11  0.4520  0.126E-02      -1361.92  0.4838 -0.974E-03
        163.0698      -10.57  0.6816 -0.710E+00      -3678.85  0.4036  0.106E-02      -1984.08  0.4520  0.126E-02      -1361.81  0.4839 -0.974E-03
        163.6454      -10.44  0.6817 -0.710E+00      -3678.70  0.4036  0.106E-02      -1984.05  0.4520  0.126E-02      -1361.70  0.4839 -0.974E-03
        164.2210      -10.19  0.6817 -0.710E+00      -3678.56  0.4036  0.106E-02      -1984.01  0.4520  0.126E-02      -1361.60  0.4839 -0.975E-03
        164.9434       -9.87  0.6818 -0.710E+00      -3678.38  0.4036  0.106E-02      -1983.97  0.4520  0.126E-02      -1361.46  0.4839 -0.975E-03
        165.6657       -9.40  0.6819 -0.710E+00      -3678.20  0.4036  0.106E-02      -1983.93  0.4520  0.126E-02      -1361.33  0.4839 -0.975E-03
        166.7493       -8.45  0.6820 -0.710E+00      -3677.93  0.4036  0.106E-02      -1983.86  0.4520  0.126E-02      -1361.13  0.4839 -0.975E-03
        167.8329       -7.83  0.6821 -0.710E+00      -3677.66  0.4036  0.106E-02      -1983.80  0.4520  0.127E-02      -1360.94  0.4839 -0.976E-03
        168.9164       -7.32  0.6822 -0.710E+00      -3677.39  0.4036  0.106E-02      -1983.73  0.4520  0.127E-02      -1360.74  0.4839 -0.976E-03
        170.0000       -6.80  0.6823 -0.710E+00      -3677.12  0.4036  0.106E-02      -1983.67  0.4520  0.127E-02      -1360.54  0.4839 -0.976E-03
        170.0001       -6.80  0.6823 -0.381E+00      -3677.12  0.4036  0.106E-02      -1983.67  0.4520  0.127E-02      -1360.54  0.4839 -0.103E-02
        170.0002       -6.86  0.6823 -0.381E+00      -3677.12  0.4036  0.106E-02      -1983.67  0.4520  0.127E-02      -1360.54  0.4839 -0.103E-02
        170.0004       -6.93  0.6823 -0.380E+00      -3677.12  0.4036  0.106E-02      -1983.67  0.4520  0.127E-02      -1360.54  0.4839 -0.103E-02
        170.0006       -7.02  0.6823 -0.380E+00      -3677.12  0.4036  0.106E-02      -1983.67  0.4520  0.127E-02      -1360.54  0.4839 -0.103E-02
        170.0009       -7.13  0.6823 -0.380E+00      -3677.12  0.4036  0.106E-02      -1983.67  0.4520  0.127E-02      -1360.54  0.4839 -0.103E-02
        170.0013       -7.27  0.6822 -0.380E+00      -3677.12  0.4036  0.106E-02      -1983.67  0.4520  0.127E-02      -1360.54  0.4839 -0.103E-02
        170.0018       -7.44  0.6822 -0.380E+00      -3677.12  0.4036  0.106E-02      -1983.67  0.4520  0.127E-02      -1360.54  0.4839 -0.103E-02
        170.0024       -7.65  0.6822 -0.380E+00      -3677.12  0.4036  0.106E-02      -1983.67  0.4520  0.127E-02      -1360.54  0.4839 -0.103E-02
        170.0032       -7.90  0.6821 -0.380E+00      -3677.12  0.4036  0.106E-02      -1983.67  0.4520  0.127E-02      -1360.54  0.4839 -0.103E-02
        170.0043       -8.20  0.6821 -0.380E+00      -3677.12  0.4036  0.106E-02      -1983.67  0.4520  0.127E-02      -1360.54  0.4839 -0.892E-03
        170.0056       -8.56  0.6820 -0.380E+00      -3677.12  0.4036  0.106E-02      -1983.67  0.4520  0.127E-02      -1360.54  0.4839 -0.925E-03
        170.0074       -8.98  0.6819 -0.380E+00      -3677.12  0.4036  0.106E-02      -1983.67  0.4520  0.127E-02      -1360.54  0.4839 -0.950E-03
        170.0098       -9.43  0.6819 -0.380E+00      -3677.12  0.4036  0.106E-02      -1983.67  0.4520  0.127E-02      -1360.54  0.4839 -0.969E-03
        170.0128       -9.94  0.6818 -0.380E+00      -3677.12  0.4036  0.106E-02      -1983.67  0.4520  0.127E-02      -1360.54  0.4839 -0.984E-03
        170.0167      -10.51  0.6817 -0.380E+00      -3677.12  0.4036  0.106E-02      -1983.67  0.4520  0.127E-02      -1360.54  0.4839 -0.995E-03
        170.0218      -11.12  0.6815 -0.380E+00      -3677.12  0.4036  0.106E-02      -1983.67  0.4520  0.127E-02      -1360.54  0.4839 -0.975E-03
        170.0285      -11.77  0.6814 -0.380E+00      -3677.12  0.4036  0.106E-02      -1983.67  0.4520  0.127E-02      -1360.54  0.4839 -0.988E-03
        170.0372      -12.47  0.6813 -0.380E+00      -3677.11  0.4036  0.106E-02      -1983.67  0.4520  0.127E-02      -1360.54  0.4839 -0.981E-03
        170.0484      -13.22  0.6811 -0.380E+00      -3677.11  0.4036  0.106E-02      -1983.67  0.4520  0.127E-02      -1360.54  0.4839 -0.980E-03
        170.0630      -14.03  0.6810 -0.380E+00      -3677.11  0.4036  0.106E-02      -1983.67  0.4520  0.127E-02      -1360.53  0.4839 -0.972E-03
        170.0820      -14.88  0.6808 -0.380E+00      -3677.10  0.4036  0.106E-02      -1983.67  0.4520  0.127E-02      -1360.53  0.4839 -0.978E-03
        170.1067      -15.80  0.6806 -0.380E+00      -3677.09  0.4036  0.106E-02      -1983.67  0.4520  0.127E-02      -1360.53  0.4839 -0.979E-03
        170.1388      -16.78  0.6804 -0.380E+00      -3677.09  0.4036  0.106E-02      -1983.66  0.4520  0.127E-02      -1360.52  0.4839 -0.977E-03
        170.1806      -17.83  0.6802 -0.380E+00      -3677.08  0.4036  0.106E-02      -1983.66  0.4520  0.127E-02      -1360.51  0.4839 -0.976E-03
        170.2349      -18.94  0.6800 -0.380E+00      -3677.06  0.4036  0.106E-02      -1983.66  0.4520  0.127E-02      -1360.50  0.4839 -0.975E-03
        170.3054      -20.12  0.6797 -0.380E+00      -3677.04  0.4036  0.106E-02      -1983.65  0.4520  0.127E-02      -1360.49  0.4839 -0.976E-03
        170.3972      -21.38  0.6794 -0.380E+00      -3677.02  0.4036  0.106E-02      -1983.65  0.4520  0.127E-02      -1360.47  0.4839 -0.976E-03
        170.5164      -22.69  0.6792 -0.380E+00      -3676.99  0.4036  0.106E-02      -1983.64  0.4520  0.127E-02      -1360.45  0.4839 -0.977E-03
        170.6715      -24.07  0.6788 -0.380E+00      -3676.95  0.4036  0.106E-02      -1983.63  0.4520  0.127E-02      -1360.42  0.4839 -0.976E-03
        170.8730      -25.52  0.6785 -0.380E+00      -3676.90  0.4036  0.106E-02      -1983.62  0.4520  0.127E-02      -1360.39  0.4839 -0.977E-03
        171.1350      -27.02  0.6782 -0.380E+00      -3676.84  0.4036  0.106E-02      -1983.61  0.4520  0.127E-02      -1360.34  0.4839 -0.977E-03
        171.4756      -28.54  0.6778 -0.380E+00      -3676.75  0.4036  0.106E-02      -1983.59  0.4520  0.127E-02      -1360.28  0.4839 -0.977E-03
        171.9184      -30.10  0.6775 -0.380E+00      -3676.64  0.4036  0.106E-02      -1983.56  0.4520  0.127E-02      -1360.20  0.4840 -0.977E-03
        172.4940      -31.72  0.6771 -0.380E+00      -3676.50  0.4036  0.106E-02      -1983.53  0.4520  0.127E-02      -1360.10  0.4840 -0.977E-03
        173.2446      -33.17  0.6768 -0.380E+00      -3676.31  0.4036  0.106E-02      -1983.48  0.4520  0.127E-02      -1359.96  0.4840 -0.977E-03
        174.2096      -34.41  0.6765 -0.380E+00      -3676.07  0.4036  0.106E-02      -1983.43  0.4520  0.127E-02      -1359.79  0.4840 -0.977E-03
        175.3677      -35.34  0.6762 -0.380E+00      -3675.79  0.4036  0.106E-02      -1983.36  0.4520  0.127E-02      -1359.58  0.4840 -0.978E-03
        176.5258      -35.94  0.6761 -0.380E+00      -3675.50  0.4036  0.106E-02      -1983.29  0.4520  0.127E-02      -1359.38  0.4840 -0.978E-03
        177.6839      -36.29  0.6760 -0.380E+00      -3675.22  0.4036  0.106E-02      -1983.23  0.4520  0.127E-02      -1359.18  0.4840 -0.978E-03
        178.8419      -36.45  0.6760 -0.380E+00      -3674.93  0.4037  0.106E-02      -1983.16  0.4520  0.127E-02      -1358.97  0.4840 -0.979E-03
        180.0000      -36.43  0.6760 -0.380E+00      -3674.65  0.4037  0.106E-02      -1983.10  0.4520  0.127E-02      -1358.77  0.4840 -0.979E-03
        180.0001      -36.34  0.6760 -0.128E+01      -3674.65  0.4037  0.106E-02      -1983.10  0.4520  0.127E-02      -1358.77  0.4840 -0.103E-02
        180.0002      -36.25  0.6760 -0.128E+01      -3674.65  0.4037  0.106E-02      -1983.10  0.4520  0.127E-02      -1358.77  0.4840 -0.103E-02
        180.0004      -36.12  0.6760 -0.128E+01      -3674.65  0.4037  0.106E-02      -1983.10  0.4520  0.127E-02      -1358.77  0.4840 -0.103E-02
        180.0006      -35.96  0.6761 -0.128E+01      -3674.65  0.4037  0.106E-02      -1983.10  0.4520  0.127E-02      -1358.77  0.4840 -0.103E-02
        180.0009      -35.75  0.6761 -0.128E+01      -3674.65  0.4037  0.106E-02      -1983.10  0.4520  0.127E-02      -1358.77  0.4840 -0.103E-02
        180.0013      -35.48  0.6762 -0.128E+01      -3674.65  0.4037  0.106E-02      -1983.10  0.4520  0.127E-02      -1358.77  0.4840 -0.103E-02
        180.0018      -35.13  0.6763 -0.128E+01      -3674.65  0.4037  0.106E-02      -1983.10  0.4520  0.127E-02      -1358.77  0.4840 -0.103E-02
        180.0024      -34.69  0.6764 -0.128E+01      -3674.65  0.4037  0.106E-02      -1983.10  0.4520  0.127E-02      -1358.77  0.4840 -0.103E-02
        180.0032      -34.13  0.6765 -0.128E+01      -3674.65  0.4037  0.106E-02      -1983.10  0.4520  0.127E-02      -1358.77  0.4840 -0.103E-02
        180.0043      -33.42  0.6767 -0.128E+01      -3674.65  0.4037  0.106E-02      -1983.10  0.4520  0.127E-02      -1358.77  0.4840 -0.103E-02
        180.0056      -32.54  0.6769 -0.128E+01      -3674.65  0.4037  0.106E-02      -1983.10  0.4520  0.127E-02      -1358.77  0.4840 -0.103E-02
        180.0074      -31.45  0.6772 -0.128E+01      -3674.65  0.4037  0.106E-02      -1983.10  0.4520  0.127E-02      -1358.77  0.4840 -0.951E-03
        180.0098      -30.12  0.6775 -0.128E+01      -3674.65  0.4037  0.106E-02      -1983.10  0.4520  0.127E-02      -1358.77  0.4840 -0.970E-03
        180.0128      -28.50  0.6778 -0.128E+01      -3674.65  0.4037  0.106E-02      -1983.10  0.4520  0.127E-02      -1358.77  0.4840 -0.985E-03
        180.0167      -26.58  0.6783 -0.128E+01      -3674.65  0.4037  0.106E-02      -1983.09  0.4520  0.127E-02      -1358.77  0.4840 -0.958E-03
        180.0218      -24.41  0.6788 -0.128E+01      -3674.65  0.4037  0.106E-02      -1983.10  0.4520  0.127E-02      -1358.77  0.4840 -0.976E-03
        180.0285      -22.00  0.6793 -0.128E+01      -3674.65  0.4037  0.106E-02      -1983.09  0.4520  0.127E-02      -1358.77  0.4840 -0.989E-03
        180.0372      -19.43  0.6799 -0.128E+01      -3674.64  0.4037  0.106E-02      -1983.09  0.4520  0.127E-02      -1358.76  0.4840 -0.982E-03
        180.0484      -16.78  0.6804 -0.128E+01      -3674.64  0.4037  0.106E-02      -1983.09  0.4520  0.127E-02      -1358.76  0.4840 -0.981E-03
        180.0630      -14.13  0.6810 -0.128E+01      -3674.64  0.4037  0.106E-02      -1983.09  0.4520  0.127E-02      -1358.76  0.4840 -0.983E-03
        180.0820      -11.48  0.6815 -0.128E+01      -3674.63  0.4037  0.106E-02      -1983.09  0.4520  0.127E-02      -1358.76  0.4840 -0.979E-03
        180.1067       -8.87  0.6820 -0.128E+01      -3674.63  0.4037  0.106E-02      -1983.09  0.4520  0.127E-02      -1358.75  0.4840 -0.980E-03
        180.1388       -6.31  0.6824 -0.128E+01      -3674.62  0.4037  0.106E-02      -1983.09  0.4520  0.127E-02      -1358.75  0.4840 -0.978E-03
        180.1806       -3.81  0.6828 -0.128E+01      -3674.61  0.4037  0.106E-02      -1983.09  0.4520  0.127E-02      -1358.74  0.4840 -0.980E-03
        180.2349       -1.20  0.6832 -0.128E+01      -3674.60  0.4037  0.106E-02      -1983.08  0.4520  0.127E-02      -1358.73  0.4840 -0.979E-03
        180.2584       -2.02  0.6831 -0.128E+01      -3674.59  0.4037  0.106E-02      -1983.08  0.4520  0.127E-02      -1358.73  0.4840 -0.977E-03
        180.2890       -0.46  0.6831 -0.128E+01      -3674.58  0.4037  0.106E-02      -1983.08  0.4520  0.127E-02      -1358.72  0.4840 -0.980E-03
        180.3022       -1.17  0.6831 -0.128E+01      -3674.58  0.4037  0.106E-02      -1983.08  0.4520  0.127E-02      -1358.72  0.4840 -0.978E-03
        180.3195        0.00  0.6832 -0.130E+01      -3674.58  0.4037  0.106E-02      -1983.08  0.4520  0.127E-02      -1358.72  0.4840 -0.982E-03
        180.3269       -0.30  0.6832 -0.128E+01      -3674.57  0.4037  0.106E-02      -1983.08  0.4520  0.127E-02      -1358.71  0.4840 -0.974E-03
        180.3366        0.00  0.6831 -0.122E+01      -3674.57  0.4037  0.106E-02      -1983.08  0.4520  0.127E-02      -1358.71  0.4840 -0.973E-03
        180.3463        0.00  0.6831 -0.125E+01      -3674.57  0.4037  0.106E-02      -1983.08  0.4520  0.127E-02      -1358.71  0.4840 -0.988E-03
        180.3589        0.00  0.6831 -0.123E+01      -3674.57  0.4037  0.106E-02      -1983.08  0.4520  0.127E-02      -1358.71  0.4840 -0.975E-03
        180.3753        0.00  0.6831 -0.123E+01      -3674.56  0.4037  0.106E-02      -1983.07  0.4520  0.127E-02      -1358.71  0.4840 -0.980E-03
        180.3917        0.00  0.6831 -0.123E+01      -3674.56  0.4037  0.106E-02      -1983.07  0.4520  0.127E-02      -1358.70  0.4840 -0.980E-03
        180.4131        0.00  0.6831 -0.123E+01      -3674.55  0.4037  0.106E-02      -1983.07  0.4520  0.127E-02      -1358.70  0.4840 -0.978E-03
        180.4408        0.00  0.6832 -0.123E+01      -3674.55  0.4037  0.106E-02      -1983.07  0.4520  0.127E-02      -1358.69  0.4840 -0.980E-03
        180.4768        0.00  0.6832 -0.135E+01      -3674.54  0.4037  0.106E-02      -1983.07  0.4520  0.127E-02      -1358.69  0.4840 -0.980E-03
        180.5020        0.00  0.6832 -0.132E+01      -3674.53  0.4037  0.106E-02      -1983.07  0.4520  0.127E-02      -1358.68  0.4840 -0.981E-03
        180.5272        0.00  0.6832 -0.134E+01      -3674.53  0.4037  0.106E-02      -1983.07  0.4520  0.127E-02      -1358.68  0.4840 -0.981E-03
        180.5449        0.00  0.6832 -0.137E+01      -3674.52  0.4037  0.106E-02      -1983.06  0.4520  0.127E-02      -1358.68  0.4840 -0.983E-03
        180.5626        0.00  0.6832 -0.137E+01      -3674.52  0.4037  0.106E-02      -1983.06  0.4520  0.127E-02      -1358.67  0.4841 -0.975E-03
        180.5802        0.00  0.6832 -0.139E+01      -3674.51  0.4037  0.106E-02      -1983.06  0.4520  0.127E-02      -1358.67  0.4841 -0.983E-03
        180.5979        0.00  0.6832 -0.138E+01      -3674.51  0.4037  0.106E-02      -1983.06  0.4520  0.127E-02      -1358.67  0.4841 -0.983E-03
        180.6155        0.00  0.6832 -0.138E+01      -3674.51  0.4037  0.106E-02      -1983.06  0.4520  0.127E-02      -1358.66  0.4841 -0.975E-03
        180.6279        0.00  0.6832 -0.139E+01      -3674.50  0.4037  0.106E-02      -1983.06  0.4520  0.127E-02      -1358.66  0.4841 -0.986E-03
        180.6365        0.00  0.6832 -0.140E+01      -3674.50  0.4037  0.106E-02      -1983.06  0.4520  0.127E-02      -1358.66  0.4841 -0.982E-03
        180.6452        0.00  0.6832 -0.140E+01      -3674.50  0.4037  0.106E-02      -1983.06  0.4520  0.127E-02      -1358.66  0.4841 -0.982E-03
        180.6538        0.00  0.6832 -0.141E+01      -3674.50  0.4037  0.106E-02      -1983.06  0.4520  0.127E-02      -1358.66  0.4841 -0.982E-03
        180.6625        0.00  0.6832 -0.141E+01      -3674.50  0.4037  0.106E-02      -1983.06  0.4520  0.127E-02      -1358.66  0.4841 -0.982E-03
        180.6654       -0.27  0.6832 -0.128E+01      -3674.50  0.4037  0.106E-02      -1983.06  0.4520  0.127E-02      -1358.66  0.4841 -0.982E-03
        180.6691       -0.44  0.6832 -0.128E+01      -3674.50  0.4037  0.106E-02      -1983.06  0.4520  0.127E-02      -1358.66  0.4841 -0.994E-03
        180.6740       -0.75  0.6832 -0.128E+01      -3674.49  0.4037  0.106E-02      -1983.06  0.4520  0.127E-02      -1358.66  0.4841 -0.973E-03
        180.6774       -0.91  0.6832 -0.128E+01      -3674.49  0.4037  0.106E-02      -1983.06  0.4520  0.127E-02      -1358.65  0.4841 -0.990E-03
        180.6798        0.37  0.6832 -0.128E+01      -3674.49  0.4037  0.106E-02      -1983.06  0.4520  0.127E-02      -1358.65  0.4841 -0.972E-03
        180.6829        0.24  0.6832 -0.128E+01      -3674.49  0.4037  0.106E-02      -1983.06  0.4520  0.127E-02      -1358.65  0.4841 -0.986E-03
        180.6869        0.07  0.6832 -0.128E+01      -3674.49  0.4037  0.106E-02      -1983.06  0.4520  0.127E-02      -1358.65  0.4841 -0.997E-03
        180.6910        0.00  0.6831 -0.904E+00      -3674.49  0.4037  0.106E-02      -1983.06  0.4520  0.127E-02      -1358.65  0.4841 -0.997E-03
        180.6950       -0.91  0.6831 -0.128E+01      -3674.49  0.4037  0.106E-02      -1983.06  0.4520  0.127E-02      -1358.65  0.4841 -0.960E-03
        180.6990       -0.89  0.6832 -0.128E+01      -3674.49  0.4037  0.106E-02      -1983.06  0.4520  0.127E-02      -1358.65  0.4841 -0.960E-03
        180.7043        0.00  0.6832 -0.105E+01      -3674.48  0.4037  0.106E-02      -1983.06  0.4520  0.127E-02      -1358.65  0.4841 -0.977E-03
        180.7079       -0.13  0.6832 -0.128E+01      -3674.48  0.4037  0.106E-02      -1983.06  0.4520  0.127E-02      -1358.65  0.4841 -0.993E-03
        180.7127        0.00  0.6832 -0.131E+01      -3674.48  0.4037  0.106E-02      -1983.06  0.4520  0.127E-02      -1358.65  0.4841 -0.972E-03
        180.7148       -0.68  0.6832 -0.128E+01      -3674.48  0.4037  0.106E-02      -1983.06  0.4520  0.127E-02      -1358.65  0.4841 -0.962E-03
        180.7175        0.00  0.6831 -0.106E+01      -3674.48  0.4037  0.106E-02      -1983.06  0.4520  0.127E-02      -1358.65  0.4841 -0.979E-03
        180.7210        0.00  0.6832 -0.109E+01      -3674.48  0.4037  0.106E-02      -1983.06  0.4520  0.127E-02      -1358.65  0.4841 -0.991E-03
        180.7255       -0.10  0.6832 -0.128E+01      -3674.48  0.4037  0.106E-02      -1983.06  0.4520  0.127E-02      -1358.65  0.4841 -0.968E-03
        180.7314        0.00  0.6832 -0.125E+01      -3674.48  0.4037  0.106E-02      -1983.06  0.4520  0.127E-02      -1358.65  0.4841 -0.984E-03
        180.7373       -0.56  0.6832 -0.128E+01      -3674.47  0.4037  0.106E-02      -1983.06  0.4520  0.127E-02      -1358.64  0.4841 -0.984E-03
        180.7393        0.00  0.6832 -0.127E+01      -3674.48  0.4037  0.106E-02      -1983.06  0.4520  0.127E-02      -1358.64  0.4841 -0.958E-03
        180.7419        0.00  0.6832 -0.101E+01      -3674.48  0.4037  0.106E-02      -1983.06  0.4520  0.127E-02      -1358.64  0.4841 -0.976E-03
        180.7437       -0.42  0.6832 -0.128E+01      -3674.47  0.4037  0.106E-02      -1983.06  0.4520  0.127E-02      -1358.64  0.4841 -0.951E-03
        180.7460        0.00  0.6832 -0.115E+01      -3674.47  0.4037  0.106E-02      -1983.06  0.4520  0.127E-02      -1358.64  0.4841 -0.970E-03
        180.7490       -0.61  0.6832 -0.128E+01      -3674.47  0.4037  0.106E-02      -1983.06  0.4520  0.127E-02      -1358.64  0.4841 -0.985E-03
        180.7530       -0.26  0.6832 -0.128E+01      -3674.47  0.4037  0.106E-02      -1983.06  0.4520  0.127E-02      -1358.64  0.4841 -0.958E-03
        180.7547        0.00  0.6832 -0.124E+01      -3674.47  0.4037  0.106E-02      -1983.06  0.4520  0.127E-02      -1358.64  0.4841 -0.947E-03
        180.7569       -0.01  0.6833 -0.128E+01      -3674.47  0.4037  0.106E-02      -1983.06  0.4520  0.127E-02      -1358.64  0.4841 -0.967E-03
        180.7591        0.00  0.6832 -0.107E+01      -3674.47  0.4037  0.106E-02      -1983.06  0.4520  0.127E-02      -1358.64  0.4841 -0.967E-03
        180.7620        0.00  0.6832 -0.954E+00      -3674.47  0.4037  0.106E-02      -1983.06  0.4520  0.127E-02      -1358.64  0.4841 -0.982E-03
        180.7657        0.00  0.6832 -0.114E+01      -3674.47  0.4037  0.106E-02      -1983.06  0.4520  0.127E-02      -1358.64  0.4841 -0.994E-03
        180.7706       -0.06  0.6832 -0.128E+01      -3674.47  0.4037  0.106E-02      -1983.06  0.4520  0.127E-02      -1358.64  0.4841 -0.973E-03
        180.7727        0.00  0.6832 -0.125E+01      -3674.47  0.4037  0.106E-02      -1983.06  0.4520  0.127E-02      -1358.64  0.4841 -0.963E-03
        180.7755        0.00  0.6832 -0.125E+01      -3674.47  0.4037  0.106E-02      -1983.06  0.4520  0.127E-02      -1358.64  0.4841 -0.980E-03
        180.7790       -0.68  0.6832 -0.128E+01      -3674.47  0.4037  0.106E-02      -1983.06  0.4520  0.127E-02      -1358.64  0.4841 -0.992E-03
        180.7826        0.00  0.6832 -0.119E+01      -3674.47  0.4037  0.106E-02      -1983.06  0.4520  0.127E-02      -1358.64  0.4841 -0.992E-03
        180.7872       -0.14  0.6832 -0.128E+01      -3674.47  0.4037  0.106E-02      -1983.06  0.4520  0.127E-02      -1358.63  0.4841 -0.970E-03
        180.7892        0.00  0.6832 -0.120E+01      -3674.47  0.4037  0.106E-02      -1983.06  0.4520  0.127E-02      -1358.63  0.4841 -0.960E-03
        180.7919        0.00  0.6832 -0.110E+01      -3674.46  0.4037  0.106E-02      -1983.06  0.4520  0.127E-02      -1358.63  0.4841 -0.977E-03
        180.7953        0.00  0.6832 -0.107E+01      -3674.46  0.4037  0.106E-02      -1983.06  0.4520  0.127E-02      -1358.63  0.4841 -0.990E-03
        180.7997       -0.01  0.6832 -0.128E+01      -3674.46  0.4037  0.106E-02      -1983.06  0.4520  0.127E-02      -1358.63  0.4841 -0.966E-03
        180.8054        0.01  0.6832 -0.128E+01      -3674.46  0.4037  0.106E-02      -1983.06  0.4520  0.127E-02      -1358.63  0.4841 -0.982E-03
        180.8073        0.00  0.6832 -0.125E+01      -3674.46  0.4037  0.106E-02      -1983.06  0.4520  0.127E-02      -1358.63  0.4841 -0.956E-03
        180.8098       -0.24  0.6832 -0.128E+01      -3674.46  0.4037  0.106E-02      -1983.06  0.4520  0.127E-02      -1358.63  0.4841 -0.974E-03
        180.8131       -0.22  0.6832 -0.128E+01      -3674.46  0.4037  0.106E-02      -1983.06  0.4520  0.127E-02      -1358.63  0.4841 -0.988E-03
        180.8173       -0.99  0.6832 -0.128E+01      -3674.46  0.4037  0.106E-02      -1983.06  0.4520  0.127E-02      -1358.63  0.4841 -0.963E-03
        180.8215       -0.45  0.6832 -0.128E+01      -3674.46  0.4037  0.106E-02      -1983.06  0.4520  0.127E-02      -1358.63  0.4841 -0.999E-03
        180.8229        0.00  0.6832 -0.111E+01      -3674.46  0.4037  0.106E-02      -1983.06  0.4520  0.127E-02      -1358.63  0.4841 -0.103E-02
        180.8247        0.00  0.6832 -0.122E+01      -3674.46  0.4037  0.106E-02      -1983.06  0.4520  0.127E-02      -1358.63  0.4841 -0.952E-03
        180.8260        0.00  0.6832 -0.122E+01      -3674.46  0.4037  0.106E-02      -1983.06  0.4520  0.127E-02      -1358.63  0.4841 -0.917E-03
        180.8272        0.00  0.6832 -0.118E+01      -3674.46  0.4037  0.106E-02      -1983.06  0.4520  0.127E-02      -1358.63  0.4841 -0.103E-02
        180.8285        0.00  0.6832 -0.117E+01      -3674.46  0.4037  0.106E-02      -1983.06  0.4520  0.127E-02      -1358.63  0.4841 -0.103E-02
        180.8298        0.00  0.6832 -0.115E+01      -3674.46  0.4037  0.106E-02      -1983.06  0.4520  0.127E-02      -1358.63  0.4841 -0.103E-02
        180.8311        0.00  0.6831 -0.113E+01      -3674.46  0.4037  0.106E-02      -1983.06  0.4520  0.127E-02      -1358.63  0.4841 -0.917E-03
        180.8323        0.00  0.6831 -0.112E+01      -3674.46  0.4037  0.106E-02      -1983.06  0.4520  0.127E-02      -1358.63  0.4841 -0.103E-02
        180.8336        0.00  0.6831 -0.110E+01      -3674.46  0.4037  0.106E-02      -1983.06  0.4520  0.127E-02      -1358.63  0.4841 -0.103E-02
        180.8349        0.00  0.6831 -0.110E+01      -3674.46  0.4037  0.106E-02      -1983.06  0.4520  0.127E-02      -1358.63  0.4841 -0.917E-03
        180.8362        0.00  0.6831 -0.108E+01      -3674.46  0.4037  0.106E-02      -1983.06  0.4520  0.127E-02      -1358.63  0.4841 -0.917E-03
        180.8374        0.00  0.6831 -0.107E+01      -3674.46  0.4037  0.106E-02      -1983.06  0.4520  0.127E-02      -1358.63  0.4841 -0.917E-03
        180.8387        0.00  0.6831 -0.107E+01      -3674.46  0.4037  0.106E-02      -1983.06  0.4520  0.127E-02      -1358.63  0.4841 -0.103E-02
        180.8400        0.00  0.6831 -0.117E+01      -3674.46  0.4037  0.106E-02      -1983.06  0.4520  0.127E-02      -1358.63  0.4841 -0.103E-02
        180.8413        0.00  0.6832 -0.127E+01      -3674.46  0.4037  0.106E-02      -1983.06  0.4520  0.127E-02      -1358.63  0.4841 -0.917E-03
        180.8425       -0.36  0.6832 -0.128E+01      -3674.46  0.4037  0.106E-02      -1983.06  0.4520  0.127E-02      -1358.62  0.4841 -0.917E-03
        180.8442        0.00  0.6832 -0.106E+01      -3674.46  0.4037  0.106E-02      -1983.06  0.4520  0.127E-02      -1358.62  0.4841 -0.944E-03
        180.8464       -0.23  0.6833 -0.128E+01      -3674.46  0.4037  0.106E-02      -1983.06  0.4520  0.127E-02      -1358.62  0.4841 -0.965E-03
        180.8492       -0.27  0.6832 -0.128E+01      -3674.46  0.4037  0.106E-02      -1983.06  0.4520  0.127E-02      -1358.62  0.4841 -0.981E-03
        180.8528       -0.20  0.6832 -0.128E+01      -3674.46  0.4037  0.106E-02      -1983.06  0.4520  0.127E-02      -1358.62  0.4841 -0.993E-03
        180.8564       -0.17  0.6832 -0.128E+01      -3674.45  0.4037  0.106E-02      -1983.06  0.4520  0.127E-02      -1358.62  0.4841 -0.993E-03
        180.8612       -0.73  0.6832 -0.128E+01      -3674.45  0.4037  0.106E-02      -1983.06  0.4520  0.127E-02      -1358.62  0.4841 -0.971E-03
        180.8628        0.00  0.6832 -0.125E+01      -3674.45  0.4037  0.106E-02      -1983.06  0.4520  0.127E-02      -1358.62  0.4841 -0.103E-02
        180.8648        0.00  0.6832 -0.124E+01      -3674.45  0.4037  0.106E-02      -1983.06  0.4520  0.127E-02      -1358.62  0.4841 -0.961E-03
        180.8662       -0.44  0.6833 -0.128E+01      -3674.45  0.4037  0.106E-02      -1983.06  0.4520  0.127E-02      -1358.62  0.4841 -0.930E-03
        180.8681        0.00  0.6832 -0.123E+01      -3674.45  0.4037  0.106E-02      -1983.06  0.4520  0.127E-02      -1358.62  0.4841 -0.954E-03
        180.8705        0.18  0.6832 -0.128E+01      -3674.45  0.4037  0.106E-02      -1983.06  0.4520  0.127E-02      -1358.62  0.4841 -0.973E-03
        180.8722        0.60  0.6832 -0.128E+01      -3674.45  0.4037  0.106E-02      -1983.06  0.4520  0.127E-02      -1358.62  0.4841 -0.946E-03
        180.8739        0.00  0.6832 -0.129E+01      -3674.45  0.4037  0.106E-02      -1983.06  0.4520  0.127E-02      -1358.62  0.4841 -0.946E-03
        180.8762       -0.22  0.6832 -0.128E+01      -3674.45  0.4037  0.106E-02      -1983.06  0.4520  0.127E-02      -1358.62  0.4841 -0.967E-03
        180.8784        0.00  0.6832 -0.121E+01      -3674.45  0.4037  0.106E-02      -1983.06  0.4520  0.127E-02      -1358.62  0.4841 -0.967E-03
        180.8812       -0.48  0.6832 -0.128E+01      -3674.45  0.4037  0.106E-02      -1983.06  0.4520  0.127E-02      -1358.62  0.4841 -0.982E-03
        180.8832        0.00  0.6832 -0.125E+01      -3674.45  0.4037  0.106E-02      -1983.06  0.4520  0.127E-02      -1358.62  0.4841 -0.960E-03
        180.8859       -0.67  0.6832 -0.128E+01      -3674.45  0.4037  0.106E-02      -1983.06  0.4520  0.127E-02      -1358.62  0.4841 -0.977E-03
        180.8877       -0.04  0.6832 -0.128E+01      -3674.45  0.4037  0.106E-02      -1983.06  0.4520  0.127E-02      -1358.62  0.4841 -0.953E-03
        180.8901       -0.65  0.6832 -0.128E+01      -3674.45  0.4037  0.106E-02      -1983.06  0.4520  0.127E-02      -1358.62  0.4841 -0.971E-03
        180.8917        0.03  0.6832 -0.128E+01      -3674.45  0.4037  0.106E-02      -1983.06  0.4520  0.127E-02      -1358.61  0.4841 -0.944E-03
        180.8939       -0.67  0.6832 -0.128E+01      -3674.45  0.4037  0.106E-02      -1983.06  0.4520  0.127E-02      -1358.61  0.4841 -0.965E-03
        180.8954       -0.10  0.6832 -0.128E+01      -3674.45  0.4037  0.106E-02      -1983.06  0.4520  0.127E-02      -1358.61  0.4841 -0.103E-02
        180.8974       -0.12  0.6833 -0.128E+01      -3674.45  0.4037  0.106E-02      -1983.06  0.4520  0.127E-02      -1358.61  0.4841 -0.958E-03
        180.8988        0.00  0.6832 -0.922E+00      -3674.45  0.4037  0.106E-02      -1983.06  0.4520  0.127E-02      -1358.61  0.4841 -0.926E-03
        180.9006       -0.02  0.6833 -0.128E+01      -3674.45  0.4037  0.106E-02      -1983.06  0.4520  0.127E-02      -1358.61  0.4841 -0.951E-03
        180.9023        0.00  0.6832 -0.105E+01      -3674.45  0.4037  0.106E-02      -1983.06  0.4520  0.127E-02      -1358.61  0.4841 -0.951E-03
        180.9047        0.00  0.6832 -0.102E+01      -3674.45  0.4037  0.106E-02      -1983.06  0.4520  0.127E-02      -1358.61  0.4841 -0.970E-03
        180.9063       -0.26  0.6832 -0.128E+01      -3674.45  0.4037  0.106E-02      -1983.06  0.4520  0.127E-02      -1358.61  0.4841 -0.103E-02
        180.9084        0.00  0.6832 -0.103E+01      -3674.45  0.4037  0.106E-02      -1983.06  0.4520  0.127E-02      -1358.61  0.4841 -0.964E-03
        180.9112       -0.02  0.6833 -0.128E+01      -3674.45  0.4037  0.106E-02      -1983.06  0.4520  0.127E-02      -1358.61  0.4841 -0.980E-03
        180.9148        0.00  0.6832 -0.119E+01      -3674.45  0.4037  0.106E-02      -1983.06  0.4520  0.127E-02      -1358.61  0.4841 -0.992E-03
        180.9194       -0.11  0.6832 -0.128E+01      -3674.45  0.4037  0.106E-02      -1983.06  0.4520  0.127E-02      -1358.61  0.4841 -0.970E-03
        180.9214        0.00  0.6832 -0.117E+01      -3674.44  0.4037  0.106E-02      -1983.06  0.4520  0.127E-02      -1358.61  0.4841 -0.960E-03
        180.9241        0.00  0.6832 -0.126E+01      -3674.44  0.4037  0.106E-02      -1983.06  0.4520  0.127E-02      -1358.61  0.4841 -0.977E-03
        180.9275        0.01  0.6832 -0.128E+01      -3674.44  0.4037  0.106E-02      -1983.06  0.4520  0.127E-02      -1358.61  0.4841 -0.990E-03
        180.9283        0.18  0.6832 -0.128E+01      -3674.44  0.4037  0.106E-02      -1983.06  0.4520  0.127E-02      -1358.61  0.4841 -0.103E-02
        180.9291        0.00  0.6832 -0.851E+00      -3674.44  0.4037  0.106E-02      -1983.06  0.4520  0.127E-02      -1358.61  0.4841 -0.103E-02
        180.9299        0.00  0.6831 -0.956E+00      -3674.44  0.4037  0.106E-02      -1983.06  0.4520  0.127E-02      -1358.61  0.4841 -0.103E-02
        180.9307        0.00  0.6831 -0.934E+00      -3674.44  0.4037  0.106E-02      -1983.06  0.4520  0.127E-02      -1358.61  0.4841 -0.103E-02
        180.9315        0.00  0.6831 -0.881E+00      -3674.44  0.4037  0.106E-02      -1983.06  0.4520  0.127E-02      -1358.61  0.4841 -0.103E-02
        180.9323        0.00  0.6831 -0.823E+00      -3674.44  0.4037  0.106E-02      -1983.06  0.4520  0.127E-02      -1358.61  0.4841 -0.103E-02
        180.9330        0.00  0.6831 -0.749E+00      -3674.44  0.4037  0.106E-02      -1983.06  0.4520  0.127E-02      -1358.61  0.4841 -0.103E-02
        180.9338        0.00  0.6830 -0.620E+00      -3674.44  0.4037  0.106E-02      -1983.06  0.4520  0.127E-02      -1358.61  0.4841 -0.103E-02
        180.9346        0.00  0.6830 -0.393E+00      -3674.44  0.4037  0.106E-02      -1983.06  0.4520  0.127E-02      -1358.61  0.4841 -0.103E-02
        180.9354        0.00  0.6830 -0.107E+01      -3674.44  0.4037  0.106E-02      -1983.06  0.4520  0.127E-02      -1358.61  0.4841 -0.103E-02
        180.9360        0.00  0.6830 -0.116E+01      -3674.44  0.4037  0.106E-02      -1983.06  0.4520  0.127E-02      -1358.61  0.4841 -0.103E-02
        180.9360    -2871.31  0.6832 -0.128E+01      -3674.44  0.4037  0.106E-02      -1983.06  0.4520  0.127E-02      -1358.61  0.4841 -0.103E-02
        180.9360        0.09  0.6832 -0.129E+01      -3674.44  0.4037  0.106E-02      -1983.06  0.4520  0.127E-02      -1358.61  0.4841 -0.103E-02
        180.9360        0.01  0.6832 -0.127E+01      -3674.44  0.4037  0.106E-02      -1983.06  0.4520  0.127E-02      -1358.61  0.4841 -0.103E-02
        180.9360       -0.43  0.6832 -0.128E+01      -3674.44  0.4037  0.106E-02      -1983.06  0.4520  0.127E-02      -1358.61  0.4841 -0.103E-02
        180.9360       -0.76  0.6832 -0.128E+01      -3674.44  0.4037  0.106E-02      -1983.06  0.4520  0.127E-02      -1358.61  0.4841 -0.103E-02
        180.9361       -0.77  0.6832 -0.128E+01      -3674.44  0.4037  0.106E-02      -1983.06  0.4520  0.127E-02      -1358.61  0.4841 -0.103E-02
        180.9361       -0.86  0.6832 -0.128E+01      -3674.44  0.4037  0.106E-02      -1983.06  0.4520  0.127E-02      -1358.61  0.4841 -0.103E-02
        180.9361       -0.93  0.6832 -0.128E+01      -3674.44  0.4037  0.106E-02      -1983.06  0.4520  0.127E-02      -1358.61  0.4841 -0.103E-02
        180.9361       -0.96  0.6832 -0.128E+01      -3674.44  0.4037  0.106E-02      -1983.06  0.4520  0.127E-02      -1358.61  0.4841 -0.103E-02
        180.9361       -0.31  0.6831  0.374E+02      -3674.44  0.4037  0.106E-02      -1983.06  0.4520  0.127E-02      -1358.61  0.4841 -0.103E-02
        180.9361        0.00  0.6721  0.552E+04      -3674.44  0.4037  0.106E-02      -1983.06  0.4520  0.127E-02      -1358.61  0.4841 -0.103E-02
        180.9361  -150000.00  0.6832 -0.556E+04      -3674.44  0.4037  0.106E-02      -1983.06  0.4520  0.127E-02      -1358.61  0.4841 -0.103E-02
        180.9361        0.00  0.6828  0.221E+03      -3674.44  0.4037  0.106E-02      -1983.06  0.4520  0.127E-02      -1358.61  0.4841 -0.103E-02
        180.9361   -29068.34  0.6832 -0.128E+01      -3674.44  0.4037  0.106E-02      -1983.06  0.4520  0.127E-02      -1358.61  0.4841 -0.103E-02
        180.9361    75595.16  0.3244  0.179E+06      -3674.44  0.4037  0.106E-02      -1983.06  0.4520  0.127E-02      -1358.61  0.4841 -0.103E-02
        180.9362  -150000.00  0.6832 -0.179E+06      -3674.44  0.4037  0.106E-02      -1983.06  0.4520  0.127E-02      -1358.61  0.4841 -0.103E-02
        180.9362  -134988.75  0.6832 -0.128E+01      -3674.44  0.4037  0.106E-02      -1983.06  0.4520  0.127E-02      -1358.61  0.4841 -0.103E-02
        180.9362  1627708.75  0.2343  0.224E+06      -3674.44  0.4037  0.106E-02      -1983.06  0.4520  0.127E-02      -1358.61  0.4841 -0.103E-02
end
