 ******* Program HYDRUS
 ******* 
 Welcome to HYDRUS-1D                                                    
 Date:  25. 9.    Time:  16: 1:16
 Units: L = mm   , T = min  , M = mmol 

----------------------------------------------------------
 Time       [T]       10.0000
----------------------------------------------------------
 Sub-region num.                     1            2
----------------------------------------------------------
 Length   [L]        0.10000E+04  0.10000E+04  0.00000E+00
 W-volume [L]        0.45897E+03  0.45897E+03  0.00000E+00
 In-flow  [L/T]      0.00000E+00  0.00000E+00  0.00000E+00
 h Mean   [L]       -0.19673E+04 -0.19673E+04  0.00000E+00
 Top Flux [L/T]     -0.36555E-05
 Bot Flux [L/T]     -0.22720E-02
----------------------------------------------------------

----------------------------------------------------------
 Time       [T]       10.0010
----------------------------------------------------------
 Sub-region num.                     1            2
----------------------------------------------------------
 Length   [L]        0.10000E+04  0.10000E+04  0.00000E+00
 W-volume [L]        0.45897E+03  0.45897E+03  0.00000E+00
 In-flow  [L/T]      0.83923E-01  0.83923E-01  0.00000E+00
 h Mean   [L]       -0.19673E+04 -0.19673E+04  0.00000E+00
 Top Flux [L/T]     -0.38301E-05
 Bot Flux [L/T]     -0.22715E-02
 WatBalT  [L]       -0.28041E-04
 WatBalR  [%]             26.253
----------------------------------------------------------

----------------------------------------------------------
 Time       [T]       20.0000
----------------------------------------------------------
 Sub-region num.                     1            2
----------------------------------------------------------
 Length   [L]        0.10000E+04  0.10000E+04  0.00000E+00
 W-volume [L]        0.46137E+03  0.46137E+03  0.00000E+00
 In-flow  [L/T]      0.23931E+00  0.23931E+00  0.00000E+00
 h Mean   [L]       -0.19382E+04 -0.19382E+04  0.00000E+00
 Top Flux [L/T]     -0.24428E+00
 Bot Flux [L/T]     -0.13441E-02
 WatBalT  [L]       -0.12875E-04
 WatBalR  [%]              0.000
----------------------------------------------------------

----------------------------------------------------------
 Time       [T]       30.0000
----------------------------------------------------------
 Sub-region num.                     1            2
----------------------------------------------------------
 Length   [L]        0.10000E+04  0.10000E+04  0.00000E+00
 W-volume [L]        0.46196E+03  0.46196E+03  0.00000E+00
 In-flow  [L/T]      0.58952E-01  0.58952E-01  0.00000E+00
 h Mean   [L]       -0.19310E+04 -0.19310E+04  0.00000E+00
 Top Flux [L/T]     -0.56825E-01
 Bot Flux [L/T]     -0.12643E-02
 WatBalT  [L]       -0.15855E-03
 WatBalR  [%]              0.005
----------------------------------------------------------

----------------------------------------------------------
 Time       [T]       40.0000
----------------------------------------------------------
 Sub-region num.                     1            2
----------------------------------------------------------
 Length   [L]        0.10000E+04  0.10000E+04  0.00000E+00
 W-volume [L]        0.46195E+03  0.46195E+03  0.00000E+00
 In-flow  [L/T]     -0.10586E-02 -0.10586E-02  0.00000E+00
 h Mean   [L]       -0.19277E+04 -0.19277E+04  0.00000E+00
 Top Flux [L/T]     -0.10304E-01
 Bot Flux [L/T]     -0.12356E-02
 WatBalT  [L]        0.21458E-04
 WatBalR  [%]              0.001
----------------------------------------------------------

----------------------------------------------------------
 Time       [T]       50.0000
----------------------------------------------------------
 Sub-region num.                     1            2
----------------------------------------------------------
 Length   [L]        0.10000E+04  0.10000E+04  0.00000E+00
 W-volume [L]        0.46204E+03  0.46204E+03  0.00000E+00
 In-flow  [L/T]      0.89310E-02  0.89310E-02  0.00000E+00
 h Mean   [L]       -0.19252E+04 -0.19252E+04  0.00000E+00
 Top Flux [L/T]     -0.10552E-01
 Bot Flux [L/T]     -0.12204E-02
 WatBalT  [L]        0.13828E-04
 WatBalR  [%]              0.000
----------------------------------------------------------

----------------------------------------------------------
 Time       [T]       60.0000
----------------------------------------------------------
 Sub-region num.                     1            2
----------------------------------------------------------
 Length   [L]        0.10000E+04  0.10000E+04  0.00000E+00
 W-volume [L]        0.46202E+03  0.46202E+03  0.00000E+00
 In-flow  [L/T]     -0.10749E-02 -0.10749E-02  0.00000E+00
 h Mean   [L]       -0.19237E+04 -0.19237E+04  0.00000E+00
 Top Flux [L/T]     -0.59229E-02
 Bot Flux [L/T]     -0.12124E-02
 WatBalT  [L]       -0.96560E-04
 WatBalR  [%]              0.003
----------------------------------------------------------
 
 Calculation time [sec]  0.120000004768372     
