 ******* Program HYDRUS
 ******* 
 Welcome to HYDRUS-1D                                                    
 Date:  25. 9.    Time:  16: 1:16
 Units: L = mm   , T = min  , M = mmol 



                               Node(  1)                      Node( 31)                      Node( 52)                      Node(101)

         time            h        theta    Flux           h        theta    Flux           h        theta    Flux           h        theta    Flux  
         10.0001    -2220.39  0.4506 -0.894E-01      -2858.01  0.4229 -0.151E-05      -2026.98  0.4504  0.163E-02      -1343.61  0.4850 -0.782E-03
         10.0002    -2220.35  0.4506 -0.894E-01      -2858.01  0.4229 -0.151E-05      -2026.98  0.4504  0.163E-02      -1343.61  0.4850 -0.782E-03
         10.0003    -2220.29  0.4506 -0.905E-01      -2858.01  0.4229 -0.151E-05      -2026.98  0.4504  0.163E-02      -1343.61  0.4850 -0.115E-02
         10.0005    -2220.21  0.4506 -0.903E-01      -2858.01  0.4229 -0.151E-05      -2026.98  0.4504  0.163E-02      -1343.60  0.4850 -0.484E-03
         10.0008    -2220.09  0.4506 -0.900E-01      -2858.01  0.4229 -0.151E-05      -2026.98  0.4504  0.163E-02      -1343.60  0.4850 -0.108E-02
         10.0010    -2219.97  0.4506 -0.900E-01      -2858.01  0.4229 -0.151E-05      -2026.98  0.4504  0.163E-02      -1343.60  0.4850 -0.108E-02
         10.0011    -2219.83  0.4506 -0.240E+00      -2858.01  0.4229 -0.151E-05      -2026.98  0.4504  0.163E-02      -1343.60  0.4850 -0.781E-03
         10.0012    -2219.68  0.4506 -0.240E+00      -2858.01  0.4229 -0.151E-05      -2026.98  0.4504  0.163E-02      -1343.60  0.4850 -0.113E-02
         10.0014    -2219.46  0.4506 -0.240E+00      -2858.01  0.4229 -0.151E-05      -2026.98  0.4504  0.163E-02      -1343.60  0.4850 -0.139E-02
         10.0016    -2219.19  0.4506 -0.240E+00      -2858.01  0.4229 -0.151E-05      -2026.98  0.4504  0.163E-02      -1343.60  0.4850 -0.915E-03
         10.0019    -2218.82  0.4507 -0.240E+00      -2858.01  0.4229 -0.151E-05      -2026.98  0.4504  0.163E-02      -1343.60  0.4850 -0.706E-03
         10.0023    -2218.35  0.4507 -0.240E+00      -2858.01  0.4229 -0.151E-05      -2026.98  0.4504  0.163E-02      -1343.60  0.4850 -0.107E-02
         10.0028    -2217.74  0.4507 -0.240E+00      -2858.01  0.4229 -0.151E-05      -2026.98  0.4504  0.163E-02      -1343.60  0.4850 -0.104E-02
         10.0034    -2216.95  0.4507 -0.240E+00      -2858.01  0.4229 -0.151E-05      -2026.98  0.4504  0.163E-02      -1343.59  0.4850 -0.108E-02
         10.0042    -2215.91  0.4508 -0.240E+00      -2858.01  0.4229 -0.151E-05      -2026.98  0.4504  0.163E-02      -1343.59  0.4850 -0.992E-03
         10.0053    -2214.57  0.4508 -0.240E+00      -2858.01  0.4229 -0.151E-05      -2026.98  0.4504  0.163E-02      -1343.59  0.4850 -0.101E-02
         10.0066    -2212.82  0.4509 -0.240E+00      -2858.01  0.4229 -0.151E-05      -2026.98  0.4504  0.163E-02      -1343.58  0.4850 -0.972E-03
         10.0084    -2210.55  0.4510 -0.240E+00      -2858.01  0.4229 -0.151E-05      -2026.98  0.4504  0.163E-02      -1343.57  0.4850 -0.102E-02
         10.0108    -2207.60  0.4511 -0.240E+00      -2858.01  0.4229 -0.151E-05      -2026.98  0.4504  0.163E-02      -1343.56  0.4850 -0.105E-02
         10.0138    -2203.76  0.4512 -0.240E+00      -2858.01  0.4229 -0.151E-05      -2026.98  0.4504  0.163E-02      -1343.55  0.4850 -0.987E-03
         10.0177    -2198.77  0.4514 -0.240E+00      -2858.01  0.4229 -0.151E-05      -2026.98  0.4504  0.163E-02      -1343.54  0.4850 -0.102E-02
         10.0228    -2192.29  0.4517 -0.240E+00      -2858.01  0.4229 -0.151E-05      -2026.98  0.4504  0.163E-02      -1343.52  0.4850 -0.101E-02
         10.0295    -2183.85  0.4520 -0.240E+00      -2858.01  0.4229 -0.151E-05      -2026.98  0.4504  0.163E-02      -1343.49  0.4850 -0.101E-02
         10.0382    -2172.89  0.4524 -0.240E+00      -2858.01  0.4229 -0.151E-05      -2026.98  0.4504  0.163E-02      -1343.45  0.4850 -0.102E-02
         10.0494    -2158.64  0.4529 -0.240E+00      -2858.01  0.4229 -0.151E-05      -2026.98  0.4504  0.163E-02      -1343.41  0.4850 -0.101E-02
         10.0640    -2140.12  0.4536 -0.240E+00      -2858.01  0.4229 -0.151E-05      -2026.98  0.4504  0.163E-02      -1343.35  0.4850 -0.101E-02
         10.0830    -2116.04  0.4545 -0.240E+00      -2858.01  0.4229 -0.151E-05      -2026.98  0.4504  0.163E-02      -1343.28  0.4850 -0.102E-02
         10.1077    -2084.74  0.4557 -0.240E+00      -2858.01  0.4229 -0.151E-05      -2026.98  0.4504  0.163E-02      -1343.18  0.4850 -0.101E-02
         10.1398    -2044.04  0.4573 -0.240E+00      -2858.01  0.4229 -0.151E-05      -2026.97  0.4504  0.163E-02      -1343.06  0.4850 -0.102E-02
         10.1816    -1991.15  0.4593 -0.240E+00      -2858.01  0.4229 -0.151E-05      -2026.97  0.4504  0.163E-02      -1342.90  0.4850 -0.102E-02
         10.2359    -1922.40  0.4619 -0.240E+00      -2858.01  0.4229 -0.151E-05      -2026.97  0.4504  0.163E-02      -1342.70  0.4851 -0.102E-02
         10.3064    -1854.66  0.4653 -0.240E+00      -2858.01  0.4229 -0.151E-05      -2026.96  0.4504  0.163E-02      -1342.44  0.4851 -0.102E-02
         10.3982    -1762.66  0.4697 -0.240E+00      -2858.01  0.4229 -0.151E-05      -2026.95  0.4504  0.163E-02      -1342.11  0.4851 -0.102E-02
         10.5174    -1647.07  0.4754 -0.240E+00      -2858.01  0.4229 -0.151E-05      -2026.95  0.4504  0.163E-02      -1341.70  0.4851 -0.102E-02
         10.6725    -1501.51  0.4828 -0.240E+00      -2858.01  0.4229 -0.151E-05      -2026.94  0.4504  0.163E-02      -1341.20  0.4851 -0.102E-02
         10.8740    -1351.64  0.4925 -0.240E+00      -2858.01  0.4229 -0.151E-05      -2026.92  0.4504  0.163E-02      -1340.57  0.4852 -0.102E-02
         11.1360    -1162.16  0.5050 -0.240E+00      -2858.01  0.4229 -0.152E-05      -2026.90  0.4504  0.163E-02      -1339.80  0.4852 -0.102E-02
         11.4766     -963.45  0.5212 -0.240E+00      -2858.01  0.4229 -0.151E-05      -2026.88  0.4504  0.163E-02      -1338.89  0.4853 -0.102E-02
         11.9194     -755.54  0.5421 -0.240E+00      -2858.01  0.4229 -0.152E-05      -2026.84  0.4504  0.163E-02      -1337.81  0.4854 -0.102E-02
         12.4950     -543.80  0.5688 -0.240E+00      -2858.01  0.4229 -0.152E-05      -2026.80  0.4504  0.163E-02      -1336.54  0.4854 -0.102E-02
         13.0706     -385.14  0.5944 -0.240E+00      -2858.02  0.4229 -0.151E-05      -2026.76  0.4504  0.163E-02      -1335.40  0.4855 -0.102E-02
         13.6462     -272.30  0.6181 -0.240E+00      -2858.02  0.4229 -0.152E-05      -2026.71  0.4504  0.163E-02      -1334.37  0.4856 -0.102E-02
         14.4404     -155.93  0.6448 -0.240E+00      -2858.02  0.4229 -0.151E-05      -2026.65  0.4504  0.163E-02      -1333.08  0.4857 -0.103E-02
         15.2347      -89.69  0.6626 -0.240E+00      -2858.02  0.4229 -0.151E-05      -2026.58  0.4504  0.163E-02      -1331.92  0.4857 -0.103E-02
         15.4994      -69.89  0.6675 -0.240E+00      -2858.02  0.4229 -0.152E-05      -2026.56  0.4504  0.163E-02      -1331.55  0.4858 -0.103E-02
         15.7641      -55.38  0.6711 -0.240E+00      -2858.02  0.4229 -0.153E-05      -2026.54  0.4504  0.163E-02      -1331.18  0.4858 -0.103E-02
         16.1083      -43.19  0.6741 -0.240E+00      -2858.02  0.4229 -0.152E-05      -2026.51  0.4504  0.163E-02      -1330.72  0.4858 -0.103E-02
         16.5407      -33.26  0.6767 -0.240E+00      -2858.02  0.4229 -0.153E-05      -2026.48  0.4504  0.163E-02      -1330.17  0.4858 -0.103E-02
         16.8539      -26.21  0.6784 -0.240E+00      -2858.02  0.4229 -0.153E-05      -2026.45  0.4504  0.163E-02      -1329.79  0.4859 -0.103E-02
         16.9850      -23.85  0.6788 -0.240E+00      -2858.03  0.4229 -0.153E-05      -2026.44  0.4504  0.163E-02      -1329.61  0.4859 -0.103E-02
         17.1554      -21.40  0.6795 -0.240E+00      -2858.03  0.4229 -0.153E-05      -2026.42  0.4504  0.163E-02      -1329.42  0.4859 -0.103E-02
         17.3769      -18.32  0.6801 -0.240E+00      -2858.03  0.4229 -0.153E-05      -2026.40  0.4504  0.163E-02      -1329.16  0.4859 -0.103E-02
         17.4741      -17.23  0.6803 -0.240E+00      -2858.03  0.4229 -0.152E-05      -2026.40  0.4504  0.163E-02      -1329.03  0.4859 -0.103E-02
         17.6004      -15.98  0.6806 -0.240E+00      -2858.03  0.4229 -0.153E-05      -2026.38  0.4504  0.163E-02      -1328.90  0.4859 -0.103E-02
         17.7646      -14.28  0.6809 -0.240E+00      -2858.03  0.4229 -0.152E-05      -2026.37  0.4504  0.163E-02      -1328.71  0.4859 -0.103E-02
         17.9881      -11.91  0.6814 -0.240E+00      -2858.03  0.4229 -0.153E-05      -2026.35  0.4504  0.163E-02      -1328.46  0.4859 -0.103E-02
         18.0839      -11.29  0.6815 -0.240E+00      -2858.03  0.4229 -0.153E-05      -2026.34  0.4504  0.163E-02      -1328.34  0.4860 -0.103E-02
         18.2085      -10.46  0.6817 -0.240E+00      -2858.03  0.4229 -0.153E-05      -2026.33  0.4504  0.163E-02      -1328.22  0.4860 -0.103E-02
         18.3704       -9.48  0.6818 -0.240E+00      -2858.03  0.4229 -0.153E-05      -2026.32  0.4504  0.163E-02      -1328.04  0.4860 -0.103E-02
         18.5741       -9.55  0.6818 -0.240E+00      -2858.03  0.4229 -0.153E-05      -2026.30  0.4504  0.163E-02      -1327.82  0.4860 -0.103E-02
         18.6691       -8.56  0.6820 -0.240E+00      -2858.03  0.4229 -0.153E-05      -2026.29  0.4504  0.163E-02      -1327.71  0.4860 -0.103E-02
         18.7927       -7.44  0.6822 -0.240E+00      -2858.03  0.4229 -0.153E-05      -2026.28  0.4504  0.163E-02      -1327.59  0.4860 -0.103E-02
         18.9436       -6.83  0.6823 -0.240E+00      -2858.03  0.4229 -0.153E-05      -2026.27  0.4504  0.163E-02      -1327.42  0.4860 -0.103E-02
         19.0141       -6.17  0.6824 -0.240E+00      -2858.03  0.4229 -0.154E-05      -2026.26  0.4504  0.163E-02      -1327.35  0.4860 -0.103E-02
         19.1056       -5.38  0.6825 -0.240E+00      -2858.03  0.4229 -0.153E-05      -2026.25  0.4504  0.163E-02      -1327.26  0.4860 -0.103E-02
         19.2174       -4.85  0.6826 -0.240E+00      -2858.03  0.4229 -0.153E-05      -2026.24  0.4504  0.163E-02      -1327.14  0.4860 -0.104E-02
         19.2696       -4.41  0.6827 -0.240E+00      -2858.03  0.4229 -0.153E-05      -2026.24  0.4504  0.163E-02      -1327.08  0.4860 -0.103E-02
         19.3374       -3.88  0.6828 -0.240E+00      -2858.03  0.4229 -0.153E-05      -2026.23  0.4504  0.163E-02      -1327.02  0.4860 -0.104E-02
         19.4202       -3.39  0.6828 -0.240E+00      -2858.03  0.4229 -0.153E-05      -2026.22  0.4504  0.163E-02      -1326.93  0.4860 -0.104E-02
         19.5362       -3.35  0.6828 -0.240E+00      -2858.03  0.4229 -0.153E-05      -2026.21  0.4504  0.163E-02      -1326.82  0.4860 -0.104E-02
         19.5877       -3.57  0.6828 -0.240E+00      -2858.03  0.4229 -0.154E-05      -2026.21  0.4504  0.163E-02      -1326.76  0.4861 -0.104E-02
         19.6106       -3.03  0.6829 -0.240E+00      -2858.03  0.4229 -0.154E-05      -2026.21  0.4504  0.163E-02      -1326.74  0.4861 -0.104E-02
         19.6404       -2.51  0.6830 -0.240E+00      -2858.03  0.4229 -0.153E-05      -2026.20  0.4504  0.163E-02      -1326.71  0.4861 -0.103E-02
         19.6804       -1.77  0.6831 -0.240E+00      -2858.03  0.4229 -0.153E-05      -2026.20  0.4504  0.163E-02      -1326.67  0.4861 -0.104E-02
         19.7336        0.00  0.6831 -0.292E+00      -2858.03  0.4229 -0.153E-05      -2026.19  0.4504  0.163E-02      -1326.62  0.4861 -0.104E-02
         19.7558       -0.91  0.6831 -0.240E+00      -2858.03  0.4229 -0.154E-05      -2026.19  0.4504  0.163E-02      -1326.60  0.4861 -0.104E-02
         19.7780        0.00  0.6832 -0.327E+00      -2858.03  0.4229 -0.153E-05      -2026.19  0.4504  0.163E-02      -1326.58  0.4861 -0.104E-02
         19.7854       -0.93  0.6831 -0.240E+00      -2858.03  0.4229 -0.153E-05      -2026.19  0.4504  0.163E-02      -1326.57  0.4861 -0.103E-02
         19.7950       -1.14  0.6831 -0.240E+00      -2858.03  0.4229 -0.153E-05      -2026.19  0.4504  0.163E-02      -1326.56  0.4861 -0.104E-02
         19.8075       -1.30  0.6831 -0.240E+00      -2858.03  0.4229 -0.153E-05      -2026.19  0.4504  0.163E-02      -1326.55  0.4861 -0.104E-02
         19.8238       -1.44  0.6831 -0.240E+00      -2858.03  0.4229 -0.153E-05      -2026.19  0.4504  0.163E-02      -1326.53  0.4861 -0.104E-02
         19.8458       -1.57  0.6831 -0.240E+00      -2858.03  0.4229 -0.153E-05      -2026.18  0.4504  0.163E-02      -1326.51  0.4861 -0.104E-02
         19.8715       -1.71  0.6830 -0.240E+00      -2858.03  0.4229 -0.153E-05      -2026.18  0.4504  0.163E-02      -1326.48  0.4861 -0.103E-02
         19.9036       -2.15  0.6830 -0.240E+00      -2858.03  0.4229 -0.153E-05      -2026.18  0.4504  0.163E-02      -1326.45  0.4861 -0.103E-02
         19.9518        0.00  0.6832 -0.303E+00      -2858.03  0.4229 -0.153E-05      -2026.17  0.4504  0.163E-02      -1326.40  0.4861 -0.104E-02
         19.9679       -0.31  0.6833 -0.240E+00      -2858.03  0.4229 -0.153E-05      -2026.17  0.4504  0.163E-02      -1326.39  0.4861 -0.104E-02
         19.9732        0.00  0.6832 -0.267E+00      -2858.03  0.4229 -0.153E-05      -2026.17  0.4504  0.163E-02      -1326.38  0.4861 -0.104E-02
         19.9755       -0.38  0.6832 -0.240E+00      -2858.03  0.4229 -0.153E-05      -2026.17  0.4504  0.163E-02      -1326.38  0.4861 -0.101E-02
         19.9785       -0.55  0.6832 -0.240E+00      -2858.03  0.4229 -0.153E-05      -2026.17  0.4504  0.163E-02      -1326.38  0.4861 -0.105E-02
         19.9821       -0.67  0.6832 -0.240E+00      -2858.03  0.4229 -0.153E-05      -2026.17  0.4504  0.163E-02      -1326.37  0.4861 -0.101E-02
         19.9866       -0.79  0.6831 -0.240E+00      -2858.03  0.4229 -0.153E-05      -2026.17  0.4504  0.163E-02      -1326.37  0.4861 -0.104E-02
         19.9933       -0.89  0.6831 -0.240E+00      -2858.03  0.4229 -0.153E-05      -2026.17  0.4504  0.163E-02      -1326.36  0.4861 -0.103E-02
         20.0000       -0.96  0.6831 -0.240E+00      -2858.03  0.4229 -0.153E-05      -2026.17  0.4504  0.163E-02      -1326.36  0.4861 -0.103E-02
         20.0001       -1.00  0.6831 -0.607E-01      -2858.03  0.4229 -0.153E-05      -2026.17  0.4504  0.163E-02      -1326.36  0.4861 -0.134E-02
         20.0002       -1.04  0.6831 -0.595E-01      -2858.03  0.4229 -0.153E-05      -2026.17  0.4504  0.163E-02      -1326.36  0.4861 -0.134E-02
         20.0004       -1.11  0.6831 -0.605E-01      -2858.03  0.4229 -0.153E-05      -2026.17  0.4504  0.163E-02      -1326.36  0.4861 -0.134E-02
         20.0006       -1.18  0.6831 -0.599E-01      -2858.03  0.4229 -0.153E-05      -2026.17  0.4504  0.163E-02      -1326.36  0.4861 -0.134E-02
         20.0009       -1.27  0.6831 -0.603E-01      -2858.03  0.4229 -0.153E-05      -2026.17  0.4504  0.163E-02      -1326.36  0.4861 -0.822E-03
         20.0013       -1.39  0.6831 -0.599E-01      -2858.03  0.4229 -0.153E-05      -2026.17  0.4504  0.163E-02      -1326.36  0.4861 -0.943E-03
         20.0018       -1.53  0.6831 -0.597E-01      -2858.03  0.4229 -0.153E-05      -2026.17  0.4504  0.163E-02      -1326.35  0.4861 -0.104E-02
         20.0024       -1.71  0.6830 -0.601E-01      -2858.03  0.4229 -0.153E-05      -2026.17  0.4504  0.163E-02      -1326.35  0.4861 -0.111E-02
         20.0032       -1.93  0.6830 -0.599E-01      -2858.03  0.4229 -0.153E-05      -2026.17  0.4504  0.163E-02      -1326.35  0.4861 -0.979E-03
         20.0043       -2.20  0.6830 -0.599E-01      -2858.03  0.4229 -0.153E-05      -2026.17  0.4504  0.163E-02      -1326.35  0.4861 -0.106E-02
         20.0056       -2.51  0.6829 -0.600E-01      -2858.03  0.4229 -0.153E-05      -2026.17  0.4504  0.163E-02      -1326.35  0.4861 -0.102E-02
         20.0074       -2.90  0.6829 -0.600E-01      -2858.03  0.4229 -0.153E-05      -2026.17  0.4504  0.163E-02      -1326.35  0.4861 -0.101E-02
         20.0098       -3.36  0.6828 -0.600E-01      -2858.03  0.4229 -0.153E-05      -2026.17  0.4504  0.163E-02      -1326.35  0.4861 -0.102E-02
         20.0128       -3.90  0.6828 -0.600E-01      -2858.03  0.4229 -0.153E-05      -2026.17  0.4504  0.163E-02      -1326.34  0.4861 -0.105E-02
         20.0167       -4.55  0.6827 -0.600E-01      -2858.03  0.4229 -0.153E-05      -2026.17  0.4504  0.163E-02      -1326.34  0.4861 -0.104E-02
         20.0218       -5.30  0.6825 -0.600E-01      -2858.03  0.4229 -0.153E-05      -2026.17  0.4504  0.163E-02      -1326.34  0.4861 -0.105E-02
         20.0285       -6.18  0.6824 -0.600E-01      -2858.03  0.4229 -0.153E-05      -2026.17  0.4504  0.163E-02      -1326.33  0.4861 -0.103E-02
         20.0372       -7.21  0.6822 -0.600E-01      -2858.03  0.4229 -0.153E-05      -2026.17  0.4504  0.163E-02      -1326.32  0.4861 -0.103E-02
         20.0484       -8.37  0.6820 -0.600E-01      -2858.03  0.4229 -0.153E-05      -2026.16  0.4504  0.163E-02      -1326.31  0.4861 -0.104E-02
         20.0630       -9.71  0.6818 -0.600E-01      -2858.03  0.4229 -0.153E-05      -2026.16  0.4504  0.163E-02      -1326.30  0.4861 -0.104E-02
         20.0820      -11.24  0.6815 -0.600E-01      -2858.03  0.4229 -0.153E-05      -2026.16  0.4504  0.163E-02      -1326.28  0.4861 -0.104E-02
         20.1067      -12.94  0.6812 -0.600E-01      -2858.03  0.4229 -0.153E-05      -2026.16  0.4504  0.163E-02      -1326.25  0.4861 -0.103E-02
         20.1388      -14.86  0.6808 -0.600E-01      -2858.03  0.4229 -0.153E-05      -2026.16  0.4504  0.163E-02      -1326.22  0.4861 -0.104E-02
         20.1806      -16.94  0.6804 -0.600E-01      -2858.03  0.4229 -0.153E-05      -2026.15  0.4504  0.163E-02      -1326.18  0.4861 -0.103E-02
         20.2349      -19.23  0.6799 -0.600E-01      -2858.03  0.4229 -0.153E-05      -2026.15  0.4504  0.163E-02      -1326.13  0.4861 -0.104E-02
         20.3054      -21.66  0.6794 -0.600E-01      -2858.03  0.4229 -0.152E-05      -2026.14  0.4504  0.163E-02      -1326.06  0.4861 -0.104E-02
         20.3972      -24.21  0.6788 -0.600E-01      -2858.03  0.4229 -0.153E-05      -2026.13  0.4504  0.163E-02      -1325.97  0.4861 -0.104E-02
         20.5164      -26.80  0.6782 -0.600E-01      -2858.03  0.4229 -0.153E-05      -2026.12  0.4504  0.163E-02      -1325.86  0.4861 -0.104E-02
         20.6715      -29.39  0.6776 -0.600E-01      -2858.03  0.4229 -0.153E-05      -2026.11  0.4504  0.163E-02      -1325.71  0.4861 -0.104E-02
         20.8730      -31.82  0.6770 -0.600E-01      -2858.03  0.4229 -0.154E-05      -2026.09  0.4504  0.163E-02      -1325.52  0.4861 -0.104E-02
         21.1350      -34.03  0.6765 -0.600E-01      -2858.03  0.4229 -0.152E-05      -2026.07  0.4504  0.163E-02      -1325.28  0.4861 -0.104E-02
         21.4756      -35.77  0.6761 -0.600E-01      -2858.03  0.4229 -0.153E-05      -2026.03  0.4504  0.163E-02      -1324.97  0.4862 -0.104E-02
         21.9184      -36.87  0.6758 -0.600E-01      -2858.03  0.4229 -0.153E-05      -2025.99  0.4504  0.164E-02      -1324.58  0.4862 -0.104E-02
         22.4940      -37.14  0.6758 -0.600E-01      -2858.03  0.4229 -0.152E-05      -2025.94  0.4504  0.164E-02      -1324.08  0.4862 -0.104E-02
         23.2446      -36.45  0.6759 -0.600E-01      -2858.03  0.4229 -0.153E-05      -2025.87  0.4504  0.164E-02      -1323.45  0.4863 -0.104E-02
         24.2096      -34.71  0.6763 -0.600E-01      -2858.03  0.4229 -0.153E-05      -2025.77  0.4504  0.164E-02      -1322.66  0.4863 -0.104E-02
         25.3677      -32.14  0.6770 -0.600E-01      -2858.04  0.4229 -0.153E-05      -2025.66  0.4504  0.164E-02      -1321.76  0.4864 -0.104E-02
         26.9118      -28.58  0.6778 -0.600E-01      -2858.04  0.4229 -0.153E-05      -2025.50  0.4504  0.164E-02      -1320.61  0.4864 -0.105E-02
         30.0000      -20.08  0.6798 -0.600E-01      -2858.05  0.4229 -0.153E-05      -2025.19  0.4504  0.164E-02      -1318.50  0.4866 -0.105E-02
         32.5000      -68.48  0.6677 -0.466E-07      -2858.05  0.4229 -0.153E-05      -2024.92  0.4505  0.164E-02      -1316.86  0.4867 -0.105E-02
         35.0000      -97.12  0.6596 -0.466E-07      -2858.06  0.4229 -0.153E-05      -2024.65  0.4505  0.164E-02      -1315.33  0.4868 -0.105E-02
         40.0000     -138.40  0.6493  0.279E-07      -2858.07  0.4229 -0.154E-05      -2024.10  0.4505  0.164E-02      -1312.50  0.4869 -0.106E-02
         40.0001     -138.24  0.6493 -0.102E-01      -2858.07  0.4229 -0.153E-05      -2024.10  0.4505  0.164E-02      -1312.50  0.4869 -0.124E-02
         40.0002     -138.27  0.6493 -0.102E-01      -2858.07  0.4229 -0.153E-05      -2024.10  0.4505  0.164E-02      -1312.50  0.4869 -0.124E-02
         40.0004     -138.24  0.6493 -0.102E-01      -2858.07  0.4229 -0.153E-05      -2024.10  0.4505  0.164E-02      -1312.50  0.4869 -0.124E-02
         40.0006     -138.26  0.6493 -0.102E-01      -2858.07  0.4229 -0.153E-05      -2024.10  0.4505  0.164E-02      -1312.50  0.4869 -0.124E-02
         40.0009     -138.25  0.6493 -0.102E-01      -2858.07  0.4229 -0.153E-05      -2024.10  0.4505  0.164E-02      -1312.50  0.4869 -0.124E-02
         40.0013     -138.25  0.6493 -0.102E-01      -2858.07  0.4229 -0.153E-05      -2024.10  0.4505  0.164E-02      -1312.50  0.4869 -0.124E-02
         40.0018     -138.25  0.6493 -0.102E-01      -2858.07  0.4229 -0.153E-05      -2024.10  0.4505  0.164E-02      -1312.50  0.4869 -0.927E-03
         40.0024     -138.25  0.6493 -0.102E-01      -2858.07  0.4229 -0.153E-05      -2024.10  0.4505  0.164E-02      -1312.50  0.4869 -0.998E-03
         40.0032     -138.25  0.6493 -0.984E-02      -2858.07  0.4229 -0.153E-05      -2024.10  0.4505  0.164E-02      -1312.50  0.4869 -0.105E-02
         40.0043     -138.25  0.6493 -0.992E-02      -2858.07  0.4229 -0.153E-05      -2024.10  0.4505  0.164E-02      -1312.50  0.4869 -0.110E-02
         40.0056     -138.25  0.6493 -0.999E-02      -2858.07  0.4229 -0.153E-05      -2024.10  0.4505  0.164E-02      -1312.50  0.4869 -0.102E-02
         40.0074     -138.25  0.6493 -0.100E-01      -2858.07  0.4229 -0.153E-05      -2024.10  0.4505  0.164E-02      -1312.50  0.4869 -0.107E-02
         40.0098     -138.25  0.6493 -0.995E-02      -2858.07  0.4229 -0.153E-05      -2024.10  0.4505  0.164E-02      -1312.50  0.4869 -0.104E-02
         40.0128     -138.25  0.6493 -0.100E-01      -2858.07  0.4229 -0.153E-05      -2024.10  0.4505  0.164E-02      -1312.49  0.4869 -0.104E-02
         40.0167     -138.25  0.6493 -0.998E-02      -2858.07  0.4229 -0.153E-05      -2024.10  0.4505  0.164E-02      -1312.49  0.4869 -0.105E-02
         40.0218     -138.26  0.6493 -0.997E-02      -2858.07  0.4229 -0.153E-05      -2024.10  0.4505  0.164E-02      -1312.49  0.4869 -0.106E-02
         40.0285     -138.26  0.6493 -0.998E-02      -2858.07  0.4229 -0.153E-05      -2024.09  0.4505  0.164E-02      -1312.48  0.4869 -0.106E-02
         40.0372     -138.26  0.6493 -0.100E-01      -2858.07  0.4229 -0.153E-05      -2024.09  0.4505  0.164E-02      -1312.48  0.4869 -0.106E-02
         40.0484     -138.26  0.6493 -0.100E-01      -2858.07  0.4229 -0.153E-05      -2024.09  0.4505  0.164E-02      -1312.47  0.4869 -0.106E-02
         40.0630     -138.26  0.6493 -0.100E-01      -2858.07  0.4229 -0.153E-05      -2024.09  0.4505  0.164E-02      -1312.47  0.4869 -0.106E-02
         40.0820     -138.26  0.6493 -0.100E-01      -2858.07  0.4229 -0.153E-05      -2024.09  0.4505  0.164E-02      -1312.45  0.4869 -0.105E-02
         40.1067     -138.27  0.6493 -0.100E-01      -2858.07  0.4229 -0.153E-05      -2024.09  0.4505  0.164E-02      -1312.44  0.4869 -0.106E-02
         40.1388     -138.27  0.6493 -0.100E-01      -2858.07  0.4229 -0.153E-05      -2024.08  0.4505  0.164E-02      -1312.42  0.4869 -0.106E-02
         40.1806     -138.28  0.6493 -0.100E-01      -2858.07  0.4229 -0.153E-05      -2024.08  0.4505  0.164E-02      -1312.40  0.4870 -0.106E-02
         40.2349     -138.29  0.6493 -0.100E-01      -2858.07  0.4229 -0.153E-05      -2024.07  0.4505  0.164E-02      -1312.37  0.4870 -0.106E-02
         40.3054     -138.30  0.6493 -0.100E-01      -2858.07  0.4229 -0.152E-05      -2024.06  0.4505  0.164E-02      -1312.33  0.4870 -0.106E-02
         40.3972     -138.32  0.6493 -0.100E-01      -2858.07  0.4229 -0.153E-05      -2024.05  0.4505  0.164E-02      -1312.28  0.4870 -0.106E-02
         40.5164     -138.34  0.6493 -0.100E-01      -2858.07  0.4229 -0.153E-05      -2024.04  0.4505  0.164E-02      -1312.21  0.4870 -0.106E-02
         40.6715     -138.38  0.6493 -0.100E-01      -2858.07  0.4229 -0.152E-05      -2024.02  0.4505  0.164E-02      -1312.12  0.4870 -0.106E-02
         40.8730     -138.42  0.6492 -0.100E-01      -2858.07  0.4229 -0.154E-05      -2024.00  0.4505  0.164E-02      -1312.01  0.4870 -0.106E-02
         41.1350     -138.48  0.6492 -0.100E-01      -2858.07  0.4229 -0.153E-05      -2023.97  0.4505  0.164E-02      -1311.87  0.4870 -0.106E-02
         41.4756     -138.58  0.6492 -0.100E-01      -2858.07  0.4229 -0.152E-05      -2023.93  0.4505  0.164E-02      -1311.68  0.4870 -0.106E-02
         41.9184     -138.71  0.6492 -0.100E-01      -2858.07  0.4229 -0.152E-05      -2023.88  0.4505  0.164E-02      -1311.44  0.4870 -0.106E-02
         42.4940     -138.91  0.6491 -0.100E-01      -2858.07  0.4229 -0.152E-05      -2023.82  0.4505  0.164E-02      -1311.13  0.4870 -0.106E-02
         43.2446     -139.19  0.6490 -0.100E-01      -2858.07  0.4229 -0.153E-05      -2023.73  0.4505  0.164E-02      -1310.72  0.4871 -0.106E-02
         44.2096     -139.58  0.6489 -0.100E-01      -2858.07  0.4229 -0.151E-05      -2023.62  0.4505  0.164E-02      -1310.22  0.4871 -0.106E-02
         45.3677     -140.08  0.6488 -0.100E-01      -2858.08  0.4229 -0.152E-05      -2023.49  0.4505  0.164E-02      -1309.62  0.4871 -0.106E-02
         46.9118     -140.76  0.6486 -0.100E-01      -2858.08  0.4229 -0.151E-05      -2023.31  0.4505  0.164E-02      -1308.83  0.4872 -0.106E-02
         50.0000     -142.05  0.6483 -0.100E-01      -2858.09  0.4229 -0.152E-05      -2022.95  0.4505  0.164E-02      -1307.33  0.4873 -0.107E-02
         52.5000     -160.80  0.6439  0.149E-07      -2858.09  0.4229 -0.151E-05      -2022.65  0.4505  0.164E-02      -1306.14  0.4873 -0.107E-02
         56.2500     -179.16  0.6386 -0.275E-07      -2858.10  0.4229 -0.151E-05      -2022.20  0.4506  0.164E-02      -1304.43  0.4875 -0.107E-02
         60.0000     -198.41  0.6342  0.219E-07      -2858.10  0.4229 -0.150E-05      -2021.75  0.4506  0.165E-02      -1302.78  0.4876 -0.107E-02
end
