

   Time         sum(rTop)     sum(rRoot)    sum(vTop)     sum(vRoot)     sum(vBot)    hTop       hRoot      hBot      A-level
    [T]           [L]           [L]           [L]           [L]            [L]        [L]         [L]       [L] 

    10.00100  0.000000E+00  0.000000E+00 -0.126371E-06  0.000000E+00 -0.777669E-06  -2603.206      0.000  -1448.770       1
    20.00000  0.000000E+00  0.000000E+00 -0.689039E-06  0.000000E+00 -0.847119E-02  -2612.851      0.000  -1434.294       2
    30.00000  0.000000E+00  0.000000E+00 -0.731728E-06  0.000000E+00 -0.170826E-01  -2615.834      0.000  -1427.319       3
    40.00000 -0.900000E+00  0.000000E+00 -0.900000E+00  0.000000E+00 -0.257792E-01  -1147.316      0.000  -1421.884       4
    50.00000 -0.900000E+00  0.000000E+00 -0.900000E+00  0.000000E+00 -0.345634E-01  -1666.543      0.000  -1417.394       5
    60.00000 -0.900000E+00  0.000000E+00 -0.900001E+00  0.000000E+00 -0.434203E-01  -1827.841      0.000  -1413.407       6
    70.00000 -0.900000E+00  0.000000E+00 -0.900001E+00  0.000000E+00 -0.523392E-01  -1915.532      0.000  -1409.769       7
    80.00000 -0.200000E+01  0.000000E+00 -0.200000E+01  0.000000E+00 -0.613063E-01   -870.417      0.000  -1406.358       8
    90.00000 -0.220000E+01  0.000000E+00 -0.220000E+01  0.000000E+00 -0.703280E-01  -1149.861      0.000  -1403.180       9
   100.00000 -0.220000E+01  0.000000E+00 -0.220000E+01  0.000000E+00 -0.794054E-01  -1374.755      0.000  -1400.196      10
   110.00000 -0.220000E+01  0.000000E+00 -0.220000E+01  0.000000E+00 -0.885350E-01  -1472.617      0.000  -1397.371      11
   120.00000 -0.220000E+01  0.000000E+00 -0.220000E+01  0.000000E+00 -0.977104E-01  -1546.265      0.000  -1394.670      12
   130.00000 -0.220000E+01  0.000000E+00 -0.220000E+01  0.000000E+00 -0.106940E+00  -1602.028      0.000  -1392.110      13
   140.00000 -0.220000E+01  0.000000E+00 -0.220000E+01  0.000000E+00 -0.116212E+00  -1647.212      0.000  -1389.636      14
   150.00000 -0.220000E+01  0.000000E+00 -0.220000E+01  0.000000E+00 -0.125523E+00  -1683.292      0.000  -1387.254      15
   160.00000 -0.220000E+01  0.000000E+00 -0.220000E+01  0.000000E+00 -0.134874E+00  -1713.540      0.000  -1384.953      16
   170.00000 -0.220000E+01  0.000000E+00 -0.220000E+01  0.000000E+00 -0.144261E+00  -1739.207      0.000  -1382.731      17
   180.00000 -0.230000E+01  0.000000E+00 -0.230000E+01  0.000000E+00 -0.153670E+00  -1600.319      0.000  -1380.549      18
   190.00000 -0.420000E+01  0.000000E+00 -0.420000E+01  0.000000E+00 -0.163115E+00   -551.353      0.000  -1378.447      19
   200.00000 -0.144000E+02  0.000000E+00 -0.144000E+02  0.000000E+00 -0.172593E+00    -20.736      0.000  -1376.412      20
   210.00000 -0.146000E+02  0.000000E+00 -0.146000E+02  0.000000E+00 -0.182106E+00   -270.979      0.000  -1374.450      21
   220.00000 -0.147000E+02  0.000000E+00 -0.147000E+02  0.000000E+00 -0.191652E+00   -358.172      0.000  -1372.555      22
   230.00000 -0.148000E+02  0.000000E+00 -0.148000E+02  0.000000E+00 -0.201231E+00   -411.164      0.000  -1370.733      23
   240.00000 -0.149000E+02  0.000000E+00 -0.149000E+02  0.000000E+00 -0.210843E+00   -449.242      0.000  -1368.979      24
   250.00000 -0.149000E+02  0.000000E+00 -0.149000E+02  0.000000E+00 -0.220484E+00   -502.105      0.000  -1367.287      25
   260.00000 -0.150000E+02  0.000000E+00 -0.150000E+02  0.000000E+00 -0.230147E+00   -517.933      0.000  -1365.647      26
   270.00000 -0.151000E+02  0.000000E+00 -0.151000E+02  0.000000E+00 -0.239840E+00   -538.286      0.000  -1364.074      27
   280.00000 -0.152000E+02  0.000000E+00 -0.152000E+02  0.000000E+00 -0.249561E+00   -555.495      0.000  -1362.566      28
   290.00000 -0.152000E+02  0.000000E+00 -0.152000E+02  0.000000E+00 -0.259307E+00   -596.329      0.000  -1361.116      29
   300.00000 -0.153000E+02  0.000000E+00 -0.153000E+02  0.000000E+00 -0.269072E+00   -594.871      0.000  -1359.714      30
   310.00000 -0.153000E+02  0.000000E+00 -0.153000E+02  0.000000E+00 -0.278862E+00   -638.798      0.000  -1358.376      31
   320.00000 -0.153000E+02  0.000000E+00 -0.153000E+02  0.000000E+00 -0.288676E+00   -664.835      0.000  -1357.098      32
   330.00000 -0.153000E+02  0.000000E+00 -0.153000E+02  0.000000E+00 -0.298510E+00   -686.748      0.000  -1355.874      33
end
