 ******* Program HYDRUS
 ******* 
 Welcome to HYDRUS-1D                                                    
 Date:  17. 2.    Time:  20:20:50
 Units: L = mm   , T = min  , M = mmol 

----------------------------------------------------------
 Time       [T]       10.0000
----------------------------------------------------------
 Sub-region num.                     1            2
----------------------------------------------------------
 Length   [L]        0.10000E+04  0.10000E+04  0.00000E+00
 W-volume [L]        0.42912E+03  0.42912E+03  0.00000E+00
 In-flow  [L/T]      0.00000E+00  0.00000E+00  0.00000E+00
 h Mean   [L]       -0.29214E+04 -0.29214E+04  0.00000E+00
 Top Flux [L/T]     -0.24049E-04
 Bot Flux [L/T]      0.70301E-03
----------------------------------------------------------

----------------------------------------------------------
 Time       [T]       10.0010
----------------------------------------------------------
 Sub-region num.                     1            2
----------------------------------------------------------
 Length   [L]        0.10000E+04  0.10000E+04  0.00000E+00
 W-volume [L]        0.42912E+03  0.42912E+03  0.00000E+00
 In-flow  [L/T]      0.85831E-01  0.85831E-01  0.00000E+00
 h Mean   [L]       -0.29214E+04 -0.29214E+04  0.00000E+00
 Top Flux [L/T]     -0.27518E-04
 Bot Flux [L/T]      0.70251E-03
 WatBalT  [L]       -0.28058E-04
 WatBalR  [%]             29.945
----------------------------------------------------------

----------------------------------------------------------
 Time       [T]       20.0000
----------------------------------------------------------
 Sub-region num.                     1            2
----------------------------------------------------------
 Length   [L]        0.10000E+04  0.10000E+04  0.00000E+00
 W-volume [L]        0.42911E+03  0.42911E+03  0.00000E+00
 In-flow  [L/T]     -0.93305E-03 -0.93305E-03  0.00000E+00
 h Mean   [L]       -0.29210E+04 -0.29210E+04  0.00000E+00
 Top Flux [L/T]     -0.19230E-04
 Bot Flux [L/T]     -0.50595E-03
 WatBalT  [L]        0.15174E-03
 WatBalR  [%]              0.355
----------------------------------------------------------

----------------------------------------------------------
 Time       [T]       30.0000
----------------------------------------------------------
 Sub-region num.                     1            2
----------------------------------------------------------
 Length   [L]        0.10000E+04  0.10000E+04  0.00000E+00
 W-volume [L]        0.42910E+03  0.42910E+03  0.00000E+00
 In-flow  [L/T]     -0.91743E-03 -0.91743E-03  0.00000E+00
 h Mean   [L]       -0.29207E+04 -0.29207E+04  0.00000E+00
 Top Flux [L/T]     -0.14385E-04
 Bot Flux [L/T]     -0.63301E-03
 WatBalT  [L]        0.60642E-04
 WatBalR  [%]              0.074
----------------------------------------------------------

----------------------------------------------------------
 Time       [T]       40.0000
----------------------------------------------------------
 Sub-region num.                     1            2
----------------------------------------------------------
 Length   [L]        0.10000E+04  0.10000E+04  0.00000E+00
 W-volume [L]        0.42909E+03  0.42909E+03  0.00000E+00
 In-flow  [L/T]     -0.90322E-03 -0.90322E-03  0.00000E+00
 h Mean   [L]       -0.29205E+04 -0.29205E+04  0.00000E+00
 Top Flux [L/T]     -0.11159E-04
 Bot Flux [L/T]     -0.67719E-03
 WatBalT  [L]        0.87451E-05
 WatBalR  [%]              0.007
----------------------------------------------------------

----------------------------------------------------------
 Time       [T]       50.0000
----------------------------------------------------------
 Sub-region num.                     1            2
----------------------------------------------------------
 Length   [L]        0.10000E+04  0.10000E+04  0.00000E+00
 W-volume [L]        0.43018E+03  0.43018E+03  0.00000E+00
 In-flow  [L/T]      0.10911E+00  0.10911E+00  0.00000E+00
 h Mean   [L]       -0.28734E+04 -0.28734E+04  0.00000E+00
 Top Flux [L/T]     -0.84614E-01
 Bot Flux [L/T]     -0.70189E-03
 WatBalT  [L]        0.25034E-04
 WatBalR  [%]              0.002
----------------------------------------------------------

----------------------------------------------------------
 Time       [T]       60.0000
----------------------------------------------------------
 Sub-region num.                     1            2
----------------------------------------------------------
 Length   [L]        0.10000E+04  0.10000E+04  0.00000E+00
 W-volume [L]        0.43037E+03  0.43037E+03  0.00000E+00
 In-flow  [L/T]      0.19116E-01  0.19116E-01  0.00000E+00
 h Mean   [L]       -0.28594E+04 -0.28594E+04  0.00000E+00
 Top Flux [L/T]     -0.22776E-01
 Bot Flux [L/T]     -0.71484E-03
 WatBalT  [L]       -0.24676E-04
 WatBalR  [%]              0.002
----------------------------------------------------------

----------------------------------------------------------
 Time       [T]       70.0000
----------------------------------------------------------
 Sub-region num.                     1            2
----------------------------------------------------------
 Length   [L]        0.10000E+04  0.10000E+04  0.00000E+00
 W-volume [L]        0.43036E+03  0.43036E+03  0.00000E+00
 In-flow  [L/T]     -0.87541E-03 -0.87541E-03  0.00000E+00
 h Mean   [L]       -0.28551E+04 -0.28551E+04  0.00000E+00
 Top Flux [L/T]     -0.71124E-02
 Bot Flux [L/T]     -0.72227E-03
 WatBalT  [L]        0.18346E-03
 WatBalR  [%]              0.012
----------------------------------------------------------

----------------------------------------------------------
 Time       [T]       80.0000
----------------------------------------------------------
 Sub-region num.                     1            2
----------------------------------------------------------
 Length   [L]        0.10000E+04  0.10000E+04  0.00000E+00
 W-volume [L]        0.43035E+03  0.43035E+03  0.00000E+00
 In-flow  [L/T]     -0.86761E-03 -0.86761E-03  0.00000E+00
 h Mean   [L]       -0.28525E+04 -0.28525E+04  0.00000E+00
 Top Flux [L/T]     -0.40392E-02
 Bot Flux [L/T]     -0.72662E-03
 WatBalT  [L]       -0.59843E-04
 WatBalR  [%]              0.004
----------------------------------------------------------

----------------------------------------------------------
 Time       [T]       90.0000
----------------------------------------------------------
 Sub-region num.                     1            2
----------------------------------------------------------
 Length   [L]        0.10000E+04  0.10000E+04  0.00000E+00
 W-volume [L]        0.43035E+03  0.43035E+03  0.00000E+00
 In-flow  [L/T]     -0.86160E-03 -0.86160E-03  0.00000E+00
 h Mean   [L]       -0.28507E+04 -0.28507E+04  0.00000E+00
 Top Flux [L/T]     -0.27100E-02
 Bot Flux [L/T]     -0.72920E-03
 WatBalT  [L]        0.51379E-04
 WatBalR  [%]              0.003
----------------------------------------------------------

----------------------------------------------------------
 Time       [T]      100.0000
----------------------------------------------------------
 Sub-region num.                     1            2
----------------------------------------------------------
 Length   [L]        0.10000E+04  0.10000E+04  0.00000E+00
 W-volume [L]        0.43034E+03  0.43034E+03  0.00000E+00
 In-flow  [L/T]     -0.85354E-03 -0.85354E-03  0.00000E+00
 h Mean   [L]       -0.28493E+04 -0.28493E+04  0.00000E+00
 Top Flux [L/T]     -0.19713E-02
 Bot Flux [L/T]     -0.73025E-03
 WatBalT  [L]        0.17643E-04
 WatBalR  [%]              0.001
----------------------------------------------------------

----------------------------------------------------------
 Time       [T]      110.0000
----------------------------------------------------------
 Sub-region num.                     1            2
----------------------------------------------------------
 Length   [L]        0.10000E+04  0.10000E+04  0.00000E+00
 W-volume [L]        0.43033E+03  0.43033E+03  0.00000E+00
 In-flow  [L/T]     -0.84839E-03 -0.84839E-03  0.00000E+00
 h Mean   [L]       -0.28482E+04 -0.28482E+04  0.00000E+00
 Top Flux [L/T]     -0.15213E-02
 Bot Flux [L/T]     -0.73065E-03
 WatBalT  [L]        0.13471E-03
 WatBalR  [%]              0.008
----------------------------------------------------------

----------------------------------------------------------
 Time       [T]      120.0000
----------------------------------------------------------
 Sub-region num.                     1            2
----------------------------------------------------------
 Length   [L]        0.10000E+04  0.10000E+04  0.00000E+00
 W-volume [L]        0.43032E+03  0.43032E+03  0.00000E+00
 In-flow  [L/T]     -0.84167E-03 -0.84167E-03  0.00000E+00
 h Mean   [L]       -0.28474E+04 -0.28474E+04  0.00000E+00
 Top Flux [L/T]     -0.12320E-02
 Bot Flux [L/T]     -0.73038E-03
 WatBalT  [L]        0.88215E-05
 WatBalR  [%]              0.001
----------------------------------------------------------

----------------------------------------------------------
 Time       [T]      130.0000
----------------------------------------------------------
 Sub-region num.                     1            2
----------------------------------------------------------
 Length   [L]        0.10000E+04  0.10000E+04  0.00000E+00
 W-volume [L]        0.43031E+03  0.43031E+03  0.00000E+00
 In-flow  [L/T]     -0.83632E-03 -0.83632E-03  0.00000E+00
 h Mean   [L]       -0.28466E+04 -0.28466E+04  0.00000E+00
 Top Flux [L/T]     -0.10319E-02
 Bot Flux [L/T]     -0.72966E-03
 WatBalT  [L]        0.39458E-04
 WatBalR  [%]              0.002
----------------------------------------------------------

----------------------------------------------------------
 Time       [T]      140.0000
----------------------------------------------------------
 Sub-region num.                     1            2
----------------------------------------------------------
 Length   [L]        0.10000E+04  0.10000E+04  0.00000E+00
 W-volume [L]        0.43030E+03  0.43030E+03  0.00000E+00
 In-flow  [L/T]     -0.83075E-03 -0.83075E-03  0.00000E+00
 h Mean   [L]       -0.28459E+04 -0.28459E+04  0.00000E+00
 Top Flux [L/T]     -0.88652E-03
 Bot Flux [L/T]     -0.72859E-03
 WatBalT  [L]        0.45776E-04
 WatBalR  [%]              0.003
----------------------------------------------------------

----------------------------------------------------------
 Time       [T]      150.0000
----------------------------------------------------------
 Sub-region num.                     1            2
----------------------------------------------------------
 Length   [L]        0.10000E+04  0.10000E+04  0.00000E+00
 W-volume [L]        0.43040E+03  0.43040E+03  0.00000E+00
 In-flow  [L/T]      0.91725E-02  0.91725E-02  0.00000E+00
 h Mean   [L]       -0.28417E+04 -0.28417E+04  0.00000E+00
 Top Flux [L/T]     -0.56930E-02
 Bot Flux [L/T]     -0.72735E-03
 WatBalT  [L]       -0.28610E-05
 WatBalR  [%]              0.000
----------------------------------------------------------

----------------------------------------------------------
 Time       [T]      160.0000
----------------------------------------------------------
 Sub-region num.                     1            2
----------------------------------------------------------
 Length   [L]        0.10000E+04  0.10000E+04  0.00000E+00
 W-volume [L]        0.43229E+03  0.43229E+03  0.00000E+00
 In-flow  [L/T]      0.18918E+00  0.18918E+00  0.00000E+00
 h Mean   [L]       -0.27978E+04 -0.27978E+04  0.00000E+00
 Top Flux [L/T]     -0.16659E+00
 Bot Flux [L/T]     -0.72583E-03
 WatBalT  [L]        0.35763E-04
 WatBalR  [%]              0.001
----------------------------------------------------------

----------------------------------------------------------
 Time       [T]      170.0000
----------------------------------------------------------
 Sub-region num.                     1            2
----------------------------------------------------------
 Length   [L]        0.10000E+04  0.10000E+04  0.00000E+00
 W-volume [L]        0.44246E+03  0.44246E+03  0.00000E+00
 In-flow  [L/T]      0.93373E+00  0.93373E+00  0.00000E+00
 h Mean   [L]       -0.26493E+04 -0.26493E+04  0.00000E+00
 Top Flux [L/T]     -0.93472E+00
 Bot Flux [L/T]     -0.72428E-03
 WatBalT  [L]       -0.15831E-03
 WatBalR  [%]              0.001
----------------------------------------------------------

----------------------------------------------------------
 Time       [T]      180.0000
----------------------------------------------------------
 Sub-region num.                     1            2
----------------------------------------------------------
 Length   [L]        0.10000E+04  0.10000E+04  0.00000E+00
 W-volume [L]        0.44265E+03  0.44265E+03  0.00000E+00
 In-flow  [L/T]      0.19188E-01  0.19188E-01  0.00000E+00
 h Mean   [L]       -0.25891E+04 -0.25891E+04  0.00000E+00
 Top Flux [L/T]     -0.33098E-01
 Bot Flux [L/T]     -0.72221E-03
 WatBalT  [L]       -0.22125E-03
 WatBalR  [%]              0.002
----------------------------------------------------------

----------------------------------------------------------
 Time       [T]      190.0000
----------------------------------------------------------
 Sub-region num.                     1            2
----------------------------------------------------------
 Length   [L]        0.10000E+04  0.10000E+04  0.00000E+00
 W-volume [L]        0.44274E+03  0.44274E+03  0.00000E+00
 In-flow  [L/T]      0.91930E-02  0.91930E-02  0.00000E+00
 h Mean   [L]       -0.25620E+04 -0.25620E+04  0.00000E+00
 Top Flux [L/T]     -0.17717E-01
 Bot Flux [L/T]     -0.72019E-03
 WatBalT  [L]       -0.16117E-03
 WatBalR  [%]              0.001
----------------------------------------------------------

----------------------------------------------------------
 Time       [T]      200.0000
----------------------------------------------------------
 Sub-region num.                     1            2
----------------------------------------------------------
 Length   [L]        0.10000E+04  0.10000E+04  0.00000E+00
 W-volume [L]        0.44283E+03  0.44283E+03  0.00000E+00
 In-flow  [L/T]      0.91991E-02  0.91991E-02  0.00000E+00
 h Mean   [L]       -0.25426E+04 -0.25426E+04  0.00000E+00
 Top Flux [L/T]     -0.15063E-01
 Bot Flux [L/T]     -0.71803E-03
 WatBalT  [L]       -0.18501E-03
 WatBalR  [%]              0.001
----------------------------------------------------------

----------------------------------------------------------
 Time       [T]      210.0000
----------------------------------------------------------
 Sub-region num.                     1            2
----------------------------------------------------------
 Length   [L]        0.10000E+04  0.10000E+04  0.00000E+00
 W-volume [L]        0.44292E+03  0.44292E+03  0.00000E+00
 In-flow  [L/T]      0.92036E-02  0.92036E-02  0.00000E+00
 h Mean   [L]       -0.25275E+04 -0.25275E+04  0.00000E+00
 Top Flux [L/T]     -0.13897E-01
 Bot Flux [L/T]     -0.71577E-03
 WatBalT  [L]       -0.19550E-03
 WatBalR  [%]              0.001
----------------------------------------------------------

----------------------------------------------------------
 Time       [T]      220.0000
----------------------------------------------------------
 Sub-region num.                     1            2
----------------------------------------------------------
 Length   [L]        0.10000E+04  0.10000E+04  0.00000E+00
 W-volume [L]        0.44292E+03  0.44292E+03  0.00000E+00
 In-flow  [L/T]     -0.79279E-03 -0.79279E-03  0.00000E+00
 h Mean   [L]       -0.25153E+04 -0.25153E+04  0.00000E+00
 Top Flux [L/T]     -0.48572E-02
 Bot Flux [L/T]     -0.71345E-03
 WatBalT  [L]       -0.16403E-03
 WatBalR  [%]              0.001
----------------------------------------------------------

----------------------------------------------------------
 Time       [T]      230.0000
----------------------------------------------------------
 Sub-region num.                     1            2
----------------------------------------------------------
 Length   [L]        0.10000E+04  0.10000E+04  0.00000E+00
 W-volume [L]        0.44301E+03  0.44301E+03  0.00000E+00
 In-flow  [L/T]      0.92127E-02  0.92127E-02  0.00000E+00
 h Mean   [L]       -0.25042E+04 -0.25042E+04  0.00000E+00
 Top Flux [L/T]     -0.11828E-01
 Bot Flux [L/T]     -0.71111E-03
 WatBalT  [L]       -0.19264E-03
 WatBalR  [%]              0.001
----------------------------------------------------------

----------------------------------------------------------
 Time       [T]      240.0000
----------------------------------------------------------
 Sub-region num.                     1            2
----------------------------------------------------------
 Length   [L]        0.10000E+04  0.10000E+04  0.00000E+00
 W-volume [L]        0.44310E+03  0.44310E+03  0.00000E+00
 In-flow  [L/T]      0.92170E-02  0.92170E-02  0.00000E+00
 h Mean   [L]       -0.24941E+04 -0.24941E+04  0.00000E+00
 Top Flux [L/T]     -0.11871E-01
 Bot Flux [L/T]     -0.70870E-03
 WatBalT  [L]       -0.11253E-03
 WatBalR  [%]              0.001
----------------------------------------------------------

----------------------------------------------------------
 Time       [T]      250.0000
----------------------------------------------------------
 Sub-region num.                     1            2
----------------------------------------------------------
 Length   [L]        0.10000E+04  0.10000E+04  0.00000E+00
 W-volume [L]        0.44319E+03  0.44319E+03  0.00000E+00
 In-flow  [L/T]      0.92191E-02  0.92191E-02  0.00000E+00
 h Mean   [L]       -0.24852E+04 -0.24852E+04  0.00000E+00
 Top Flux [L/T]     -0.11458E-01
 Bot Flux [L/T]     -0.70628E-03
 WatBalT  [L]       -0.45776E-04
 WatBalR  [%]              0.000
----------------------------------------------------------

----------------------------------------------------------
 Time       [T]      260.0000
----------------------------------------------------------
 Sub-region num.                     1            2
----------------------------------------------------------
 Length   [L]        0.10000E+04  0.10000E+04  0.00000E+00
 W-volume [L]        0.44318E+03  0.44318E+03  0.00000E+00
 In-flow  [L/T]     -0.77686E-03 -0.77686E-03  0.00000E+00
 h Mean   [L]       -0.24773E+04 -0.24773E+04  0.00000E+00
 Top Flux [L/T]     -0.35035E-02
 Bot Flux [L/T]     -0.70385E-03
 WatBalT  [L]       -0.23842E-03
 WatBalR  [%]              0.002
----------------------------------------------------------

----------------------------------------------------------
 Time       [T]      270.0000
----------------------------------------------------------
 Sub-region num.                     1            2
----------------------------------------------------------
 Length   [L]        0.10000E+04  0.10000E+04  0.00000E+00
 W-volume [L]        0.44328E+03  0.44328E+03  0.00000E+00
 In-flow  [L/T]      0.92288E-02  0.92288E-02  0.00000E+00
 h Mean   [L]       -0.24695E+04 -0.24695E+04  0.00000E+00
 Top Flux [L/T]     -0.10491E-01
 Bot Flux [L/T]     -0.70138E-03
 WatBalT  [L]       -0.15354E-03
 WatBalR  [%]              0.001
----------------------------------------------------------

----------------------------------------------------------
 Time       [T]      280.0000
----------------------------------------------------------
 Sub-region num.                     1            2
----------------------------------------------------------
 Length   [L]        0.10000E+04  0.10000E+04  0.00000E+00
 W-volume [L]        0.44327E+03  0.44327E+03  0.00000E+00
 In-flow  [L/T]     -0.76872E-03 -0.76872E-03  0.00000E+00
 h Mean   [L]       -0.24634E+04 -0.24634E+04  0.00000E+00
 Top Flux [L/T]     -0.27147E-02
 Bot Flux [L/T]     -0.69886E-03
 WatBalT  [L]       -0.20599E-03
 WatBalR  [%]              0.001
----------------------------------------------------------
 
 Calculation time [sec]  0.500000014901161     
