 ******* Program HYDRUS
 ******* 
 Welcome to HYDRUS-1D                                                    
 Date:  29. 8.    Time:   0: 4:40
 Units: L = mm   , T = min  , M = mmol 



                               Node(  1)                      Node( 31)                      Node( 52)                      Node(101)

         time            h        theta    Flux           h        theta    Flux           h        theta    Flux           h        theta    Flux  
         10.0001    -2603.21  0.4377 -0.275E-03      -2731.25  0.4266 -0.841E-03      -2288.86  0.4405  0.147E-02      -1448.77  0.4784 -0.331E-03
         10.0002    -2603.21  0.4377 -0.275E-03      -2731.25  0.4266 -0.841E-03      -2288.86  0.4405  0.147E-02      -1448.77  0.4784 -0.662E-03
         10.0004    -2603.21  0.4377 -0.275E-03      -2731.25  0.4266 -0.841E-03      -2288.86  0.4405  0.147E-02      -1448.77  0.4784 -0.855E-03
         10.0006    -2603.21  0.4377 -0.275E-03      -2731.25  0.4266 -0.841E-03      -2288.86  0.4405  0.147E-02      -1448.77  0.4784 -0.110E-02
         10.0010    -2603.21  0.4377  0.868E-04      -2731.25  0.4266 -0.841E-03      -2288.86  0.4405  0.147E-02      -1448.77  0.4784 -0.734E-03
         10.0014    -2603.21  0.4377  0.126E-03      -2731.25  0.4266 -0.841E-03      -2288.86  0.4405  0.147E-02      -1448.77  0.4784 -0.617E-03
         10.0019    -2603.21  0.4377  0.334E-04      -2731.25  0.4266 -0.841E-03      -2288.86  0.4405  0.147E-02      -1448.77  0.4784 -0.894E-03
         10.0025    -2603.21  0.4377 -0.378E-04      -2731.25  0.4266 -0.841E-03      -2288.85  0.4405  0.147E-02      -1448.77  0.4784 -0.870E-03
         10.0033    -2603.21  0.4377 -0.926E-04      -2731.25  0.4266 -0.841E-03      -2288.85  0.4405  0.147E-02      -1448.76  0.4784 -0.907E-03
         10.0044    -2603.21  0.4377  0.585E-05      -2731.25  0.4266 -0.841E-03      -2288.85  0.4405  0.147E-02      -1448.76  0.4784 -0.836E-03
         10.0057    -2603.22  0.4377  0.492E-04      -2731.25  0.4266 -0.841E-03      -2288.85  0.4405  0.147E-02      -1448.76  0.4784 -0.847E-03
         10.0075    -2603.22  0.4377 -0.256E-04      -2731.25  0.4266 -0.841E-03      -2288.85  0.4405  0.147E-02      -1448.75  0.4784 -0.821E-03
         10.0099    -2603.22  0.4377 -0.191E-04      -2731.25  0.4266 -0.841E-03      -2288.85  0.4405  0.147E-02      -1448.74  0.4784 -0.859E-03
         10.0129    -2603.23  0.4377 -0.288E-04      -2731.25  0.4266 -0.841E-03      -2288.85  0.4405  0.147E-02      -1448.73  0.4784 -0.834E-03
         10.0168    -2603.24  0.4377 -0.962E-05      -2731.25  0.4266 -0.841E-03      -2288.85  0.4405  0.147E-02      -1448.72  0.4784 -0.833E-03
         10.0219    -2603.25  0.4377 -0.123E-04      -2731.25  0.4266 -0.841E-03      -2288.85  0.4405  0.147E-02      -1448.70  0.4784 -0.826E-03
         10.0286    -2603.26  0.4377 -0.524E-05      -2731.25  0.4266 -0.841E-03      -2288.85  0.4405  0.147E-02      -1448.68  0.4784 -0.828E-03
         10.0372    -2603.27  0.4377  0.210E-05      -2731.25  0.4266 -0.841E-03      -2288.85  0.4405  0.147E-02      -1448.66  0.4784 -0.830E-03
         10.0485    -2603.29  0.4377 -0.791E-05      -2731.25  0.4266 -0.841E-03      -2288.85  0.4405  0.147E-02      -1448.62  0.4784 -0.841E-03
         10.0631    -2603.32  0.4377  0.304E-05      -2731.25  0.4266 -0.841E-03      -2288.84  0.4405  0.147E-02      -1448.58  0.4784 -0.837E-03
         10.0821    -2603.36  0.4377 -0.463E-05      -2731.25  0.4266 -0.841E-03      -2288.84  0.4405  0.147E-02      -1448.52  0.4784 -0.836E-03
         10.1068    -2603.40  0.4377  0.147E-05      -2731.25  0.4266 -0.841E-03      -2288.84  0.4405  0.147E-02      -1448.44  0.4784 -0.836E-03
         10.1389    -2603.46  0.4377  0.786E-06      -2731.24  0.4266 -0.841E-03      -2288.83  0.4405  0.147E-02      -1448.35  0.4784 -0.836E-03
         10.1807    -2603.54  0.4377 -0.213E-05      -2731.24  0.4266 -0.841E-03      -2288.82  0.4405  0.147E-02      -1448.22  0.4784 -0.835E-03
         10.2350    -2603.64  0.4377 -0.731E-08      -2731.24  0.4266 -0.841E-03      -2288.81  0.4405  0.147E-02      -1448.06  0.4784 -0.837E-03
         10.3055    -2603.76  0.4377 -0.400E-06      -2731.23  0.4266 -0.841E-03      -2288.80  0.4405  0.147E-02      -1447.85  0.4785 -0.836E-03
         10.3973    -2603.93  0.4377  0.819E-06      -2731.23  0.4266 -0.841E-03      -2288.78  0.4405  0.147E-02      -1447.59  0.4785 -0.837E-03
         10.5165    -2604.13  0.4377 -0.475E-06      -2731.22  0.4266 -0.841E-03      -2288.76  0.4405  0.147E-02      -1447.26  0.4785 -0.837E-03
         10.6716    -2604.39  0.4377 -0.489E-06      -2731.21  0.4266 -0.841E-03      -2288.73  0.4405  0.147E-02      -1446.85  0.4785 -0.838E-03
         10.8731    -2604.72  0.4377 -0.249E-06      -2731.19  0.4266 -0.841E-03      -2288.69  0.4405  0.147E-02      -1446.34  0.4786 -0.838E-03
         11.1351    -2605.13  0.4377 -0.925E-07      -2731.18  0.4266 -0.841E-03      -2288.65  0.4405  0.147E-02      -1445.71  0.4786 -0.839E-03
         11.4757    -2605.63  0.4377  0.149E-06      -2731.15  0.4266 -0.841E-03      -2288.58  0.4405  0.147E-02      -1444.94  0.4786 -0.840E-03
         11.9185    -2606.24  0.4376 -0.166E-06      -2731.13  0.4266 -0.841E-03      -2288.50  0.4405  0.147E-02      -1444.03  0.4787 -0.841E-03
         12.4941    -2606.97  0.4376  0.820E-07      -2731.09  0.4266 -0.841E-03      -2288.40  0.4405  0.147E-02      -1442.95  0.4788 -0.842E-03
         13.2447    -2607.83  0.4376 -0.178E-07      -2731.04  0.4266 -0.841E-03      -2288.26  0.4405  0.147E-02      -1441.71  0.4788 -0.843E-03
         14.2097    -2608.81  0.4376 -0.101E-07      -2730.98  0.4266 -0.841E-03      -2288.08  0.4405  0.147E-02      -1440.30  0.4789 -0.845E-03
         15.3678    -2609.86  0.4375  0.280E-07      -2730.90  0.4266 -0.841E-03      -2287.87  0.4405  0.147E-02      -1438.81  0.4790 -0.847E-03
         16.9119    -2611.05  0.4375  0.312E-07      -2730.80  0.4266 -0.841E-03      -2287.60  0.4405  0.147E-02      -1437.09  0.4791 -0.850E-03
         20.0000    -2612.85  0.4374 -0.219E-07      -2730.60  0.4266 -0.841E-03      -2287.06  0.4406  0.147E-02      -1434.29  0.4793 -0.854E-03
         22.5000    -2614.04  0.4374 -0.317E-07      -2730.44  0.4266 -0.841E-03      -2286.62  0.4406  0.147E-02      -1432.26  0.4794 -0.857E-03
         26.2500    -2615.17  0.4374 -0.719E-08      -2730.20  0.4266 -0.841E-03      -2285.99  0.4406  0.147E-02      -1429.67  0.4796 -0.861E-03
         30.0000    -2615.83  0.4374  0.169E-07      -2729.95  0.4266 -0.841E-03      -2285.37  0.4406  0.147E-02      -1427.32  0.4797 -0.864E-03
         30.0001    -2615.81  0.4374 -0.894E-01      -2729.95  0.4266 -0.841E-03      -2285.37  0.4406  0.147E-02      -1427.29  0.4797 -0.106E-02
         30.0002    -2615.73  0.4374 -0.906E-01      -2729.95  0.4266 -0.841E-03      -2285.37  0.4406  0.147E-02      -1427.30  0.4797 -0.106E-02
         30.0004    -2615.63  0.4374 -0.900E-01      -2729.95  0.4266 -0.841E-03      -2285.37  0.4406  0.147E-02      -1427.29  0.4797 -0.106E-02
         30.0006    -2615.49  0.4374 -0.902E-01      -2729.95  0.4266 -0.841E-03      -2285.37  0.4406  0.147E-02      -1427.30  0.4797 -0.106E-02
         30.0009    -2615.31  0.4374 -0.898E-01      -2729.95  0.4266 -0.841E-03      -2285.37  0.4406  0.147E-02      -1427.30  0.4797 -0.106E-02
         30.0013    -2615.08  0.4374 -0.899E-01      -2729.95  0.4266 -0.841E-03      -2285.37  0.4406  0.147E-02      -1427.30  0.4797 -0.657E-03
         30.0018    -2614.78  0.4374 -0.899E-01      -2729.95  0.4266 -0.841E-03      -2285.37  0.4406  0.147E-02      -1427.29  0.4797 -0.749E-03
         30.0024    -2614.39  0.4374 -0.901E-01      -2729.95  0.4266 -0.841E-03      -2285.37  0.4406  0.147E-02      -1427.29  0.4797 -0.821E-03
         30.0032    -2613.88  0.4374 -0.900E-01      -2729.95  0.4266 -0.841E-03      -2285.37  0.4406  0.147E-02      -1427.29  0.4797 -0.875E-03
         30.0043    -2613.22  0.4374 -0.900E-01      -2729.95  0.4266 -0.841E-03      -2285.37  0.4406  0.147E-02      -1427.29  0.4797 -0.917E-03
         30.0056    -2612.37  0.4375 -0.899E-01      -2729.95  0.4266 -0.841E-03      -2285.37  0.4406  0.147E-02      -1427.29  0.4797 -0.842E-03
         30.0074    -2611.26  0.4375 -0.899E-01      -2729.95  0.4266 -0.841E-03      -2285.37  0.4406  0.147E-02      -1427.29  0.4797 -0.892E-03
         30.0098    -2609.81  0.4375 -0.900E-01      -2729.95  0.4266 -0.841E-03      -2285.37  0.4406  0.147E-02      -1427.29  0.4797 -0.866E-03
         30.0128    -2607.93  0.4376 -0.900E-01      -2729.95  0.4266 -0.841E-03      -2285.37  0.4406  0.147E-02      -1427.29  0.4797 -0.861E-03
         30.0167    -2605.49  0.4377 -0.900E-01      -2729.95  0.4266 -0.841E-03      -2285.37  0.4406  0.147E-02      -1427.29  0.4797 -0.869E-03
         30.0218    -2602.33  0.4378 -0.900E-01      -2729.95  0.4266 -0.841E-03      -2285.36  0.4406  0.147E-02      -1427.28  0.4797 -0.854E-03
         30.0285    -2598.21  0.4379 -0.900E-01      -2729.95  0.4266 -0.841E-03      -2285.36  0.4406  0.147E-02      -1427.28  0.4797 -0.856E-03
         30.0372    -2592.87  0.4380 -0.900E-01      -2729.95  0.4266 -0.841E-03      -2285.36  0.4406  0.147E-02      -1427.27  0.4798 -0.868E-03
         30.0484    -2585.95  0.4382 -0.900E-01      -2729.95  0.4266 -0.841E-03      -2285.36  0.4406  0.147E-02      -1427.27  0.4798 -0.872E-03
         30.0630    -2576.97  0.4385 -0.900E-01      -2729.95  0.4266 -0.841E-03      -2285.36  0.4406  0.147E-02      -1427.26  0.4798 -0.864E-03
         30.0820    -2565.35  0.4388 -0.900E-01      -2729.95  0.4266 -0.841E-03      -2285.35  0.4406  0.147E-02      -1427.25  0.4798 -0.862E-03
         30.1067    -2550.30  0.4393 -0.900E-01      -2729.95  0.4266 -0.841E-03      -2285.35  0.4406  0.147E-02      -1427.23  0.4798 -0.864E-03
         30.1388    -2530.87  0.4398 -0.900E-01      -2729.95  0.4266 -0.841E-03      -2285.35  0.4406  0.147E-02      -1427.21  0.4798 -0.867E-03
         30.1806    -2505.82  0.4405 -0.900E-01      -2729.94  0.4266 -0.841E-03      -2285.34  0.4406  0.147E-02      -1427.18  0.4798 -0.864E-03
         30.2349    -2473.62  0.4415 -0.900E-01      -2729.94  0.4266 -0.841E-03      -2285.33  0.4406  0.147E-02      -1427.15  0.4798 -0.865E-03
         30.3054    -2432.36  0.4427 -0.900E-01      -2729.94  0.4266 -0.841E-03      -2285.32  0.4406  0.147E-02      -1427.11  0.4798 -0.864E-03
         30.3972    -2390.27  0.4442 -0.900E-01      -2729.93  0.4266 -0.841E-03      -2285.30  0.4406  0.147E-02      -1427.05  0.4798 -0.864E-03
         30.5164    -2338.09  0.4461 -0.900E-01      -2729.92  0.4266 -0.841E-03      -2285.28  0.4406  0.147E-02      -1426.98  0.4798 -0.864E-03
         30.6715    -2273.47  0.4486 -0.900E-01      -2729.91  0.4266 -0.841E-03      -2285.26  0.4406  0.147E-02      -1426.89  0.4798 -0.865E-03
         30.8730    -2192.83  0.4517 -0.900E-01      -2729.90  0.4266 -0.841E-03      -2285.22  0.4406  0.147E-02      -1426.76  0.4798 -0.865E-03
         31.1350    -2094.06  0.4554 -0.900E-01      -2729.88  0.4266 -0.841E-03      -2285.18  0.4406  0.147E-02      -1426.61  0.4798 -0.866E-03
         31.4756    -1975.36  0.4599 -0.900E-01      -2729.86  0.4266 -0.841E-03      -2285.12  0.4406  0.147E-02      -1426.41  0.4798 -0.866E-03
         31.9184    -1858.20  0.4652 -0.900E-01      -2729.83  0.4266 -0.841E-03      -2285.05  0.4406  0.147E-02      -1426.15  0.4798 -0.866E-03
         32.4940    -1736.62  0.4711 -0.900E-01      -2729.79  0.4266 -0.841E-03      -2284.96  0.4406  0.147E-02      -1425.82  0.4798 -0.867E-03
         33.2446    -1607.72  0.4774 -0.900E-01      -2729.74  0.4266 -0.841E-03      -2284.84  0.4406  0.147E-02      -1425.39  0.4799 -0.867E-03
         34.2096    -1488.43  0.4839 -0.900E-01      -2729.68  0.4266 -0.841E-03      -2284.68  0.4407  0.147E-02      -1424.86  0.4799 -0.868E-03
         35.3677    -1392.62  0.4900 -0.900E-01      -2729.61  0.4266 -0.841E-03      -2284.49  0.4407  0.147E-02      -1424.23  0.4799 -0.869E-03
         36.9118    -1285.27  0.4966 -0.900E-01      -2729.51  0.4266 -0.841E-03      -2284.25  0.4407  0.147E-02      -1423.42  0.4800 -0.871E-03
         40.0000    -1147.32  0.5058 -0.900E-01      -2729.31  0.4266 -0.841E-03      -2283.76  0.4407  0.147E-02      -1421.88  0.4801 -0.873E-03
         42.5000    -1377.64  0.4904 -0.261E-07      -2729.15  0.4266 -0.841E-03      -2283.38  0.4407  0.147E-02      -1420.69  0.4802 -0.875E-03
         45.0000    -1507.79  0.4818  0.186E-08      -2728.99  0.4266 -0.841E-03      -2283.00  0.4407  0.147E-02      -1419.55  0.4802 -0.877E-03
         50.0000    -1666.54  0.4739 -0.130E-07      -2728.66  0.4266 -0.841E-03      -2282.25  0.4407  0.147E-02      -1417.39  0.4804 -0.881E-03
         55.0000    -1762.45  0.4694 -0.652E-08      -2728.34  0.4267 -0.841E-03      -2281.52  0.4408  0.147E-02      -1415.35  0.4805 -0.884E-03
         60.0000    -1827.84  0.4663  0.442E-08      -2728.02  0.4267 -0.840E-03      -2280.79  0.4408  0.147E-02      -1413.41  0.4806 -0.887E-03
         65.0000    -1875.75  0.4640 -0.396E-08      -2727.70  0.4267 -0.840E-03      -2280.07  0.4408  0.147E-02      -1411.55  0.4807 -0.890E-03
         70.0000    -1915.53  0.4621 -0.861E-08      -2727.38  0.4267 -0.840E-03      -2279.35  0.4409  0.147E-02      -1409.77  0.4808 -0.893E-03
         70.0001    -1916.40  0.4621 -0.111E+00      -2727.38  0.4267 -0.840E-03      -2279.35  0.4409  0.147E-02      -1409.76  0.4808 -0.100E-02
         70.0002    -1916.12  0.4621 -0.110E+00      -2727.38  0.4267 -0.840E-03      -2279.35  0.4409  0.147E-02      -1409.76  0.4808 -0.100E-02
         70.0004    -1916.23  0.4621 -0.110E+00      -2727.38  0.4267 -0.840E-03      -2279.35  0.4409  0.147E-02      -1409.76  0.4808 -0.100E-02
         70.0006    -1916.05  0.4621 -0.110E+00      -2727.38  0.4267 -0.840E-03      -2279.35  0.4409  0.147E-02      -1409.76  0.4808 -0.100E-02
         70.0009    -1915.98  0.4621 -0.110E+00      -2727.38  0.4267 -0.840E-03      -2279.35  0.4409  0.147E-02      -1409.76  0.4808 -0.100E-02
         70.0013    -1915.79  0.4622 -0.110E+00      -2727.38  0.4267 -0.840E-03      -2279.35  0.4409  0.147E-02      -1409.76  0.4808 -0.100E-02
         70.0018    -1915.59  0.4622 -0.110E+00      -2727.38  0.4267 -0.840E-03      -2279.35  0.4409  0.147E-02      -1409.76  0.4808 -0.100E-02
         70.0024    -1915.31  0.4622 -0.110E+00      -2727.38  0.4267 -0.840E-03      -2279.35  0.4409  0.147E-02      -1409.76  0.4808 -0.100E-02
         70.0032    -1914.95  0.4622 -0.110E+00      -2727.38  0.4267 -0.840E-03      -2279.35  0.4409  0.147E-02      -1409.76  0.4808 -0.100E-02
         70.0043    -1914.49  0.4622 -0.110E+00      -2727.38  0.4267 -0.840E-03      -2279.35  0.4409  0.147E-02      -1409.76  0.4808 -0.864E-03
         70.0056    -1913.88  0.4623 -0.110E+00      -2727.38  0.4267 -0.840E-03      -2279.35  0.4409  0.147E-02      -1409.76  0.4808 -0.897E-03
         70.0074    -1913.09  0.4623 -0.110E+00      -2727.38  0.4267 -0.840E-03      -2279.35  0.4409  0.147E-02      -1409.76  0.4808 -0.922E-03
         70.0098    -1912.07  0.4623 -0.110E+00      -2727.38  0.4267 -0.840E-03      -2279.35  0.4409  0.147E-02      -1409.76  0.4808 -0.877E-03
         70.0128    -1910.74  0.4624 -0.110E+00      -2727.38  0.4267 -0.840E-03      -2279.35  0.4409  0.147E-02      -1409.76  0.4808 -0.907E-03
         70.0167    -1909.02  0.4625 -0.110E+00      -2727.38  0.4267 -0.840E-03      -2279.35  0.4409  0.147E-02      -1409.76  0.4808 -0.891E-03
         70.0218    -1906.78  0.4626 -0.110E+00      -2727.38  0.4267 -0.840E-03      -2279.35  0.4409  0.147E-02      -1409.76  0.4808 -0.889E-03
         70.0285    -1903.87  0.4627 -0.110E+00      -2727.38  0.4267 -0.840E-03      -2279.35  0.4409  0.147E-02      -1409.75  0.4808 -0.893E-03
         70.0372    -1900.10  0.4629 -0.110E+00      -2727.38  0.4267 -0.840E-03      -2279.35  0.4409  0.147E-02      -1409.75  0.4808 -0.902E-03
         70.0484    -1895.21  0.4632 -0.110E+00      -2727.38  0.4267 -0.840E-03      -2279.35  0.4409  0.147E-02      -1409.75  0.4808 -0.899E-03
         70.0630    -1888.88  0.4635 -0.110E+00      -2727.38  0.4267 -0.840E-03      -2279.34  0.4409  0.147E-02      -1409.74  0.4808 -0.893E-03
         70.0820    -1880.69  0.4639 -0.110E+00      -2727.38  0.4267 -0.840E-03      -2279.34  0.4409  0.147E-02      -1409.73  0.4808 -0.895E-03
         70.1067    -1870.11  0.4644 -0.110E+00      -2727.38  0.4267 -0.840E-03      -2279.34  0.4409  0.147E-02      -1409.73  0.4809 -0.890E-03
         70.1388    -1856.47  0.4651 -0.110E+00      -2727.38  0.4267 -0.840E-03      -2279.33  0.4409  0.147E-02      -1409.71  0.4809 -0.894E-03
         70.1806    -1838.94  0.4659 -0.110E+00      -2727.37  0.4267 -0.840E-03      -2279.33  0.4409  0.147E-02      -1409.70  0.4809 -0.894E-03
         70.2349    -1816.48  0.4670 -0.110E+00      -2727.37  0.4267 -0.840E-03      -2279.32  0.4409  0.147E-02      -1409.68  0.4809 -0.895E-03
         70.3054    -1787.85  0.4684 -0.110E+00      -2727.37  0.4267 -0.840E-03      -2279.31  0.4409  0.147E-02      -1409.65  0.4809 -0.893E-03
         70.3972    -1751.62  0.4702 -0.110E+00      -2727.36  0.4267 -0.840E-03      -2279.30  0.4409  0.147E-02      -1409.62  0.4809 -0.893E-03
         70.5164    -1706.16  0.4725 -0.110E+00      -2727.35  0.4267 -0.840E-03      -2279.28  0.4409  0.147E-02      -1409.58  0.4809 -0.894E-03
         70.6715    -1649.84  0.4752 -0.110E+00      -2727.34  0.4267 -0.840E-03      -2279.26  0.4409  0.147E-02      -1409.52  0.4809 -0.893E-03
         70.8730    -1581.23  0.4786 -0.110E+00      -2727.33  0.4267 -0.840E-03      -2279.23  0.4409  0.147E-02      -1409.45  0.4809 -0.894E-03
         71.1350    -1505.15  0.4826 -0.110E+00      -2727.31  0.4267 -0.840E-03      -2279.19  0.4409  0.147E-02      -1409.36  0.4809 -0.894E-03
         71.4756    -1433.25  0.4873 -0.110E+00      -2727.29  0.4267 -0.840E-03      -2279.14  0.4409  0.147E-02      -1409.24  0.4809 -0.894E-03
         71.9184    -1350.60  0.4924 -0.110E+00      -2727.26  0.4267 -0.840E-03      -2279.08  0.4409  0.147E-02      -1409.09  0.4809 -0.895E-03
         72.4940    -1265.02  0.4978 -0.110E+00      -2727.23  0.4267 -0.840E-03      -2279.00  0.4409  0.147E-02      -1408.89  0.4809 -0.895E-03
         73.2446    -1182.33  0.5035 -0.110E+00      -2727.18  0.4267 -0.840E-03      -2278.89  0.4409  0.147E-02      -1408.63  0.4809 -0.895E-03
         74.2096    -1110.45  0.5094 -0.110E+00      -2727.12  0.4267 -0.840E-03      -2278.75  0.4409  0.147E-02      -1408.29  0.4809 -0.896E-03
         75.3677    -1039.30  0.5149 -0.110E+00      -2727.04  0.4267 -0.840E-03      -2278.59  0.4409  0.147E-02      -1407.90  0.4810 -0.896E-03
         76.9118     -969.26  0.5207 -0.110E+00      -2726.95  0.4267 -0.839E-03      -2278.37  0.4409  0.147E-02      -1407.38  0.4810 -0.897E-03
         80.0000     -870.42  0.5298 -0.110E+00      -2726.75  0.4267 -0.839E-03      -2277.93  0.4409  0.147E-02      -1406.36  0.4811 -0.899E-03
         80.0001     -872.70  0.5298 -0.214E-01      -2726.75  0.4267 -0.839E-03      -2277.93  0.4409  0.147E-02      -1406.36  0.4811 -0.100E-02
         80.0002     -872.18  0.5298 -0.203E-01      -2726.75  0.4267 -0.839E-03      -2277.93  0.4409  0.147E-02      -1406.36  0.4811 -0.100E-02
         80.0004     -872.64  0.5298 -0.201E-01      -2726.75  0.4267 -0.839E-03      -2277.93  0.4409  0.147E-02      -1406.36  0.4811 -0.100E-02
         80.0006     -872.50  0.5298 -0.199E-01      -2726.75  0.4267 -0.839E-03      -2277.93  0.4409  0.147E-02      -1406.36  0.4811 -0.100E-02
         80.0009     -872.64  0.5298 -0.197E-01      -2726.75  0.4267 -0.839E-03      -2277.93  0.4409  0.147E-02      -1406.36  0.4811 -0.100E-02
         80.0013     -872.65  0.5298 -0.196E-01      -2726.75  0.4267 -0.839E-03      -2277.93  0.4409  0.147E-02      -1406.36  0.4811 -0.100E-02
         80.0018     -872.75  0.5297 -0.199E-01      -2726.75  0.4267 -0.839E-03      -2277.93  0.4409  0.147E-02      -1406.36  0.4811 -0.100E-02
         80.0024     -872.83  0.5297 -0.198E-01      -2726.75  0.4267 -0.839E-03      -2277.93  0.4409  0.147E-02      -1406.36  0.4811 -0.765E-03
         80.0032     -872.96  0.5297 -0.201E-01      -2726.75  0.4267 -0.839E-03      -2277.93  0.4409  0.147E-02      -1406.36  0.4811 -0.820E-03
         80.0043     -873.12  0.5297 -0.200E-01      -2726.75  0.4267 -0.839E-03      -2277.93  0.4409  0.147E-02      -1406.36  0.4811 -0.862E-03
         80.0056     -873.33  0.5297 -0.200E-01      -2726.75  0.4267 -0.839E-03      -2277.93  0.4409  0.147E-02      -1406.36  0.4811 -0.894E-03
         80.0074     -873.60  0.5297 -0.200E-01      -2726.75  0.4267 -0.839E-03      -2277.93  0.4409  0.147E-02      -1406.36  0.4811 -0.919E-03
         80.0098     -873.95  0.5296 -0.199E-01      -2726.75  0.4267 -0.839E-03      -2277.93  0.4409  0.147E-02      -1406.35  0.4811 -0.875E-03
         80.0128     -874.40  0.5296 -0.200E-01      -2726.75  0.4267 -0.839E-03      -2277.93  0.4409  0.147E-02      -1406.35  0.4811 -0.904E-03
         80.0167     -874.99  0.5295 -0.200E-01      -2726.75  0.4267 -0.839E-03      -2277.93  0.4409  0.147E-02      -1406.35  0.4811 -0.889E-03
         80.0218     -875.75  0.5294 -0.200E-01      -2726.75  0.4267 -0.839E-03      -2277.93  0.4409  0.147E-02      -1406.35  0.4811 -0.886E-03
         80.0285     -876.73  0.5293 -0.200E-01      -2726.75  0.4267 -0.839E-03      -2277.93  0.4409  0.147E-02      -1406.35  0.4811 -0.891E-03
         80.0372     -877.99  0.5292 -0.200E-01      -2726.75  0.4267 -0.839E-03      -2277.93  0.4409  0.147E-02      -1406.34  0.4811 -0.899E-03
         80.0484     -879.61  0.5291 -0.200E-01      -2726.75  0.4267 -0.839E-03      -2277.93  0.4409  0.147E-02      -1406.34  0.4811 -0.897E-03
         80.0630     -881.69  0.5289 -0.200E-01      -2726.75  0.4267 -0.839E-03      -2277.92  0.4409  0.147E-02      -1406.34  0.4811 -0.901E-03
         80.0820     -884.33  0.5286 -0.200E-01      -2726.74  0.4267 -0.839E-03      -2277.92  0.4409  0.147E-02      -1406.33  0.4811 -0.901E-03
         80.1067     -887.69  0.5282 -0.200E-01      -2726.74  0.4267 -0.839E-03      -2277.92  0.4409  0.147E-02      -1406.32  0.4811 -0.900E-03
         80.1388     -891.91  0.5278 -0.200E-01      -2726.74  0.4267 -0.839E-03      -2277.91  0.4409  0.147E-02      -1406.31  0.4811 -0.900E-03
         80.1806     -897.18  0.5273 -0.200E-01      -2726.74  0.4267 -0.839E-03      -2277.91  0.4409  0.147E-02      -1406.30  0.4811 -0.899E-03
         80.2349     -903.69  0.5266 -0.200E-01      -2726.73  0.4267 -0.839E-03      -2277.90  0.4409  0.147E-02      -1406.28  0.4811 -0.898E-03
         80.3054     -911.62  0.5259 -0.200E-01      -2726.73  0.4267 -0.839E-03      -2277.89  0.4409  0.147E-02      -1406.26  0.4811 -0.899E-03
         80.3972     -921.13  0.5249 -0.200E-01      -2726.72  0.4267 -0.839E-03      -2277.88  0.4409  0.147E-02      -1406.23  0.4811 -0.900E-03
         80.5164     -932.34  0.5238 -0.200E-01      -2726.72  0.4267 -0.839E-03      -2277.86  0.4409  0.147E-02      -1406.19  0.4811 -0.900E-03
         80.6715     -945.26  0.5225 -0.200E-01      -2726.71  0.4267 -0.839E-03      -2277.84  0.4409  0.147E-02      -1406.14  0.4811 -0.900E-03
         80.8730     -961.31  0.5210 -0.200E-01      -2726.69  0.4267 -0.839E-03      -2277.81  0.4409  0.147E-02      -1406.07  0.4811 -0.900E-03
         81.1350     -981.14  0.5194 -0.200E-01      -2726.68  0.4267 -0.839E-03      -2277.77  0.4409  0.147E-02      -1405.98  0.4811 -0.900E-03
         81.4756    -1001.85  0.5177 -0.200E-01      -2726.66  0.4267 -0.839E-03      -2277.73  0.4409  0.147E-02      -1405.87  0.4811 -0.900E-03
         81.9184    -1023.48  0.5160 -0.200E-01      -2726.63  0.4267 -0.839E-03      -2277.66  0.4409  0.147E-02      -1405.73  0.4811 -0.900E-03
         82.4940    -1045.08  0.5143 -0.200E-01      -2726.59  0.4267 -0.839E-03      -2277.58  0.4409  0.147E-02      -1405.54  0.4811 -0.900E-03
         83.2446    -1066.36  0.5126 -0.200E-01      -2726.55  0.4267 -0.839E-03      -2277.48  0.4409  0.147E-02      -1405.30  0.4811 -0.901E-03
         84.2096    -1087.60  0.5109 -0.200E-01      -2726.48  0.4267 -0.839E-03      -2277.34  0.4409  0.147E-02      -1404.99  0.4811 -0.901E-03
         85.3677    -1107.18  0.5093 -0.200E-01      -2726.41  0.4267 -0.839E-03      -2277.18  0.4409  0.147E-02      -1404.62  0.4812 -0.902E-03
         86.9118    -1126.50  0.5077 -0.200E-01      -2726.31  0.4267 -0.838E-03      -2276.96  0.4409  0.148E-02      -1404.13  0.4812 -0.903E-03
         90.0000    -1149.86  0.5058 -0.200E-01      -2726.12  0.4267 -0.838E-03      -2276.52  0.4410  0.148E-02      -1403.18  0.4813 -0.904E-03
         92.5000    -1240.45  0.4997  0.205E-07      -2725.97  0.4267 -0.838E-03      -2276.17  0.4410  0.148E-02      -1402.42  0.4813 -0.906E-03
         96.2500    -1314.44  0.4942  0.512E-08      -2725.73  0.4267 -0.837E-03      -2275.64  0.4410  0.148E-02      -1401.30  0.4814 -0.908E-03
        100.0000    -1374.76  0.4907  0.158E-07      -2725.50  0.4267 -0.837E-03      -2275.11  0.4410  0.148E-02      -1400.20  0.4814 -0.909E-03
        105.0000    -1427.79  0.4873 -0.675E-08      -2725.19  0.4267 -0.836E-03      -2274.40  0.4410  0.148E-02      -1398.77  0.4815 -0.912E-03
        110.0000    -1472.62  0.4846 -0.128E-07      -2724.88  0.4268 -0.835E-03      -2273.68  0.4411  0.148E-02      -1397.37  0.4816 -0.914E-03
        115.0000    -1508.72  0.4823 -0.768E-08      -2724.58  0.4268 -0.834E-03      -2272.97  0.4411  0.148E-02      -1396.01  0.4817 -0.916E-03
        120.0000    -1546.27  0.4803 -0.163E-07      -2724.27  0.4268 -0.833E-03      -2272.25  0.4411  0.148E-02      -1394.67  0.4818 -0.919E-03
        130.0000    -1602.03  0.4775  0.210E-08      -2723.67  0.4268 -0.830E-03      -2270.80  0.4412  0.148E-02      -1392.11  0.4820 -0.923E-03
        140.0000    -1647.21  0.4753 -0.431E-08      -2723.07  0.4268 -0.827E-03      -2269.33  0.4412  0.148E-02      -1389.64  0.4821 -0.927E-03
        150.0000    -1683.29  0.4735 -0.664E-08      -2722.46  0.4268 -0.823E-03      -2267.84  0.4413  0.148E-02      -1387.25  0.4823 -0.931E-03
        160.0000    -1713.54  0.4721 -0.198E-08      -2721.86  0.4268 -0.819E-03      -2266.34  0.4413  0.148E-02      -1384.95  0.4824 -0.935E-03
        170.0000    -1739.21  0.4708  0.303E-08      -2721.25  0.4269 -0.815E-03      -2264.81  0.4414  0.148E-02      -1382.73  0.4825 -0.939E-03
        170.0001    -1739.68  0.4708 -0.957E-02      -2721.25  0.4269 -0.815E-03      -2264.81  0.4414  0.148E-02      -1382.72  0.4825 -0.101E-02
        170.0002    -1739.57  0.4708 -0.980E-02      -2721.25  0.4269 -0.815E-03      -2264.81  0.4414  0.148E-02      -1382.73  0.4825 -0.101E-02
        170.0004    -1739.65  0.4708 -0.103E-01      -2721.25  0.4269 -0.815E-03      -2264.81  0.4414  0.148E-02      -1382.72  0.4825 -0.101E-02
        170.0006    -1739.60  0.4708 -0.101E-01      -2721.25  0.4269 -0.815E-03      -2264.81  0.4414  0.148E-02      -1382.72  0.4825 -0.101E-02
        170.0009    -1739.61  0.4708 -0.100E-01      -2721.25  0.4269 -0.815E-03      -2264.81  0.4414  0.148E-02      -1382.72  0.4825 -0.101E-02
        170.0013    -1739.59  0.4708 -0.986E-02      -2721.25  0.4269 -0.815E-03      -2264.81  0.4414  0.148E-02      -1382.72  0.4825 -0.101E-02
        170.0018    -1739.58  0.4708 -0.989E-02      -2721.25  0.4269 -0.815E-03      -2264.81  0.4414  0.148E-02      -1382.72  0.4825 -0.101E-02
        170.0024    -1739.55  0.4708 -0.989E-02      -2721.25  0.4269 -0.815E-03      -2264.81  0.4414  0.148E-02      -1382.72  0.4825 -0.101E-02
        170.0032    -1739.52  0.4708 -0.995E-02      -2721.25  0.4269 -0.815E-03      -2264.81  0.4414  0.148E-02      -1382.72  0.4825 -0.101E-02
        170.0043    -1739.48  0.4708 -0.101E-01      -2721.25  0.4269 -0.815E-03      -2264.81  0.4414  0.148E-02      -1382.72  0.4825 -0.101E-02
        170.0056    -1739.43  0.4708 -0.100E-01      -2721.25  0.4269 -0.815E-03      -2264.81  0.4414  0.148E-02      -1382.72  0.4825 -0.900E-03
        170.0074    -1739.36  0.4708 -0.996E-02      -2721.25  0.4269 -0.815E-03      -2264.81  0.4414  0.148E-02      -1382.72  0.4825 -0.925E-03
        170.0098    -1739.27  0.4708 -0.999E-02      -2721.25  0.4269 -0.815E-03      -2264.81  0.4414  0.148E-02      -1382.72  0.4825 -0.944E-03
        170.0128    -1739.15  0.4708 -0.100E-01      -2721.25  0.4269 -0.815E-03      -2264.81  0.4414  0.148E-02      -1382.72  0.4825 -0.910E-03
        170.0167    -1739.01  0.4708 -0.999E-02      -2721.25  0.4269 -0.815E-03      -2264.81  0.4414  0.148E-02      -1382.72  0.4825 -0.933E-03
        170.0218    -1738.81  0.4709 -0.100E-01      -2721.25  0.4269 -0.815E-03      -2264.81  0.4414  0.148E-02      -1382.72  0.4825 -0.921E-03
        170.0285    -1738.56  0.4709 -0.100E-01      -2721.25  0.4269 -0.815E-03      -2264.81  0.4414  0.148E-02      -1382.72  0.4825 -0.941E-03
        170.0372    -1738.23  0.4709 -0.999E-02      -2721.25  0.4269 -0.815E-03      -2264.81  0.4414  0.148E-02      -1382.72  0.4825 -0.939E-03
        170.0484    -1737.81  0.4709 -0.100E-01      -2721.25  0.4269 -0.815E-03      -2264.81  0.4414  0.148E-02      -1382.71  0.4825 -0.942E-03
        170.0630    -1737.27  0.4709 -0.100E-01      -2721.25  0.4269 -0.815E-03      -2264.80  0.4414  0.148E-02      -1382.71  0.4825 -0.937E-03
        170.0820    -1736.56  0.4710 -0.100E-01      -2721.25  0.4269 -0.815E-03      -2264.80  0.4414  0.148E-02      -1382.71  0.4825 -0.938E-03
        170.1067    -1735.65  0.4710 -0.100E-01      -2721.25  0.4269 -0.815E-03      -2264.80  0.4414  0.148E-02      -1382.70  0.4825 -0.942E-03
        170.1388    -1734.48  0.4711 -0.100E-01      -2721.25  0.4269 -0.815E-03      -2264.79  0.4414  0.148E-02      -1382.69  0.4825 -0.939E-03
        170.1806    -1732.98  0.4711 -0.100E-01      -2721.24  0.4269 -0.815E-03      -2264.79  0.4414  0.148E-02      -1382.68  0.4825 -0.941E-03
        170.2349    -1731.07  0.4712 -0.100E-01      -2721.24  0.4269 -0.815E-03      -2264.78  0.4414  0.148E-02      -1382.67  0.4825 -0.940E-03
        170.3054    -1728.63  0.4714 -0.100E-01      -2721.24  0.4269 -0.815E-03      -2264.77  0.4414  0.148E-02      -1382.66  0.4825 -0.939E-03
        170.3972    -1725.56  0.4715 -0.100E-01      -2721.23  0.4269 -0.815E-03      -2264.75  0.4414  0.148E-02      -1382.64  0.4825 -0.939E-03
        170.5164    -1721.72  0.4717 -0.100E-01      -2721.23  0.4269 -0.815E-03      -2264.73  0.4414  0.148E-02      -1382.61  0.4825 -0.938E-03
        170.6715    -1716.95  0.4719 -0.100E-01      -2721.22  0.4269 -0.815E-03      -2264.71  0.4414  0.148E-02      -1382.58  0.4826 -0.939E-03
        170.8730    -1711.11  0.4722 -0.100E-01      -2721.20  0.4269 -0.815E-03      -2264.68  0.4414  0.148E-02      -1382.53  0.4826 -0.939E-03
        171.1350    -1704.08  0.4726 -0.100E-01      -2721.19  0.4269 -0.815E-03      -2264.64  0.4414  0.148E-02      -1382.47  0.4826 -0.939E-03
        171.4756    -1695.75  0.4730 -0.100E-01      -2721.17  0.4269 -0.815E-03      -2264.59  0.4414  0.148E-02      -1382.40  0.4826 -0.939E-03
        171.9184    -1686.08  0.4735 -0.100E-01      -2721.14  0.4269 -0.814E-03      -2264.52  0.4414  0.148E-02      -1382.30  0.4826 -0.940E-03
        172.4940    -1675.11  0.4740 -0.100E-01      -2721.11  0.4269 -0.814E-03      -2264.43  0.4414  0.148E-02      -1382.17  0.4826 -0.940E-03
        173.2446    -1662.90  0.4746 -0.100E-01      -2721.06  0.4269 -0.814E-03      -2264.32  0.4414  0.148E-02      -1382.01  0.4826 -0.940E-03
        174.2096    -1649.74  0.4752 -0.100E-01      -2721.00  0.4269 -0.813E-03      -2264.17  0.4414  0.148E-02      -1381.80  0.4826 -0.940E-03
        175.3677    -1636.55  0.4759 -0.100E-01      -2720.93  0.4269 -0.813E-03      -2263.99  0.4414  0.148E-02      -1381.55  0.4826 -0.941E-03
        176.9118    -1622.12  0.4766 -0.100E-01      -2720.84  0.4269 -0.812E-03      -2263.75  0.4414  0.148E-02      -1381.21  0.4826 -0.941E-03
        180.0000    -1600.32  0.4777 -0.100E-01      -2720.65  0.4269 -0.811E-03      -2263.28  0.4415  0.148E-02      -1380.55  0.4827 -0.942E-03
        180.0001    -1599.59  0.4777 -0.190E+00      -2720.65  0.4269 -0.811E-03      -2263.28  0.4415  0.148E-02      -1380.55  0.4827 -0.101E-02
        180.0002    -1599.61  0.4777 -0.191E+00      -2720.65  0.4269 -0.811E-03      -2263.28  0.4415  0.148E-02      -1380.55  0.4827 -0.101E-02
        180.0004    -1599.40  0.4777 -0.190E+00      -2720.65  0.4269 -0.811E-03      -2263.28  0.4415  0.148E-02      -1380.55  0.4827 -0.101E-02
        180.0006    -1599.27  0.4777 -0.190E+00      -2720.65  0.4269 -0.811E-03      -2263.28  0.4415  0.148E-02      -1380.55  0.4827 -0.101E-02
        180.0009    -1599.04  0.4777 -0.190E+00      -2720.65  0.4269 -0.811E-03      -2263.28  0.4415  0.148E-02      -1380.55  0.4827 -0.101E-02
        180.0013    -1598.77  0.4777 -0.190E+00      -2720.65  0.4269 -0.811E-03      -2263.28  0.4415  0.148E-02      -1380.55  0.4827 -0.101E-02
        180.0018    -1598.41  0.4778 -0.190E+00      -2720.65  0.4269 -0.811E-03      -2263.28  0.4415  0.148E-02      -1380.55  0.4827 -0.101E-02
        180.0024    -1597.95  0.4778 -0.190E+00      -2720.65  0.4269 -0.811E-03      -2263.28  0.4415  0.148E-02      -1380.55  0.4827 -0.101E-02
        180.0032    -1597.35  0.4778 -0.190E+00      -2720.65  0.4269 -0.811E-03      -2263.28  0.4415  0.148E-02      -1380.55  0.4827 -0.101E-02
        180.0043    -1596.57  0.4778 -0.190E+00      -2720.65  0.4269 -0.811E-03      -2263.28  0.4415  0.148E-02      -1380.55  0.4827 -0.869E-03
        180.0056    -1595.55  0.4779 -0.190E+00      -2720.65  0.4269 -0.811E-03      -2263.28  0.4415  0.148E-02      -1380.55  0.4827 -0.902E-03
        180.0074    -1594.23  0.4780 -0.190E+00      -2720.65  0.4269 -0.811E-03      -2263.28  0.4415  0.148E-02      -1380.55  0.4827 -0.927E-03
        180.0098    -1592.51  0.4780 -0.190E+00      -2720.65  0.4269 -0.811E-03      -2263.28  0.4415  0.148E-02      -1380.55  0.4827 -0.946E-03
        180.0128    -1590.28  0.4782 -0.190E+00      -2720.65  0.4269 -0.811E-03      -2263.28  0.4415  0.148E-02      -1380.55  0.4827 -0.960E-03
        180.0167    -1587.39  0.4783 -0.190E+00      -2720.65  0.4269 -0.811E-03      -2263.27  0.4415  0.148E-02      -1380.55  0.4827 -0.934E-03
        180.0218    -1583.64  0.4785 -0.190E+00      -2720.65  0.4269 -0.811E-03      -2263.27  0.4415  0.148E-02      -1380.54  0.4827 -0.951E-03
        180.0285    -1578.77  0.4787 -0.190E+00      -2720.65  0.4269 -0.811E-03      -2263.27  0.4415  0.148E-02      -1380.54  0.4827 -0.942E-03
        180.0372    -1572.46  0.4790 -0.190E+00      -2720.65  0.4269 -0.811E-03      -2263.27  0.4415  0.148E-02      -1380.54  0.4827 -0.941E-03
        180.0484    -1564.30  0.4794 -0.190E+00      -2720.65  0.4269 -0.811E-03      -2263.27  0.4415  0.148E-02      -1380.54  0.4827 -0.943E-03
        180.0630    -1553.75  0.4800 -0.190E+00      -2720.65  0.4269 -0.811E-03      -2263.27  0.4415  0.148E-02      -1380.54  0.4827 -0.938E-03
        180.0820    -1540.14  0.4806 -0.190E+00      -2720.64  0.4269 -0.811E-03      -2263.26  0.4415  0.148E-02      -1380.53  0.4827 -0.947E-03
        180.1067    -1522.62  0.4815 -0.190E+00      -2720.64  0.4269 -0.811E-03      -2263.26  0.4415  0.148E-02      -1380.53  0.4827 -0.943E-03
        180.1388    -1504.99  0.4826 -0.190E+00      -2720.64  0.4269 -0.811E-03      -2263.26  0.4415  0.148E-02      -1380.52  0.4827 -0.945E-03
        180.1806    -1482.02  0.4840 -0.190E+00      -2720.64  0.4269 -0.811E-03      -2263.25  0.4415  0.148E-02      -1380.51  0.4827 -0.942E-03
        180.2349    -1453.57  0.4858 -0.190E+00      -2720.63  0.4269 -0.811E-03      -2263.24  0.4415  0.148E-02      -1380.50  0.4827 -0.941E-03
        180.3054    -1417.35  0.4881 -0.190E+00      -2720.63  0.4269 -0.811E-03      -2263.23  0.4415  0.148E-02      -1380.48  0.4827 -0.942E-03
        180.3972    -1372.20  0.4910 -0.190E+00      -2720.62  0.4269 -0.811E-03      -2263.22  0.4415  0.148E-02      -1380.46  0.4827 -0.943E-03
        180.5164    -1316.40  0.4945 -0.190E+00      -2720.62  0.4269 -0.811E-03      -2263.20  0.4415  0.148E-02      -1380.44  0.4827 -0.942E-03
        180.6715    -1248.83  0.4988 -0.190E+00      -2720.61  0.4269 -0.811E-03      -2263.17  0.4415  0.148E-02      -1380.41  0.4827 -0.942E-03
        180.8730    -1177.78  0.5038 -0.190E+00      -2720.60  0.4269 -0.811E-03      -2263.14  0.4415  0.148E-02      -1380.36  0.4827 -0.942E-03
        181.1350    -1106.22  0.5096 -0.190E+00      -2720.58  0.4269 -0.810E-03      -2263.10  0.4415  0.148E-02      -1380.31  0.4827 -0.943E-03
        181.4756    -1025.92  0.5159 -0.190E+00      -2720.56  0.4269 -0.810E-03      -2263.05  0.4415  0.148E-02      -1380.23  0.4827 -0.943E-03
        181.9184     -946.65  0.5226 -0.190E+00      -2720.53  0.4269 -0.810E-03      -2262.98  0.4415  0.148E-02      -1380.14  0.4827 -0.943E-03
        182.4940     -882.42  0.5292 -0.190E+00      -2720.50  0.4269 -0.810E-03      -2262.89  0.4415  0.148E-02      -1380.02  0.4827 -0.943E-03
        183.2446     -812.14  0.5360 -0.190E+00      -2720.45  0.4269 -0.809E-03      -2262.78  0.4415  0.148E-02      -1379.86  0.4827 -0.944E-03
        184.2096     -743.37  0.5428 -0.190E+00      -2720.39  0.4269 -0.809E-03      -2262.63  0.4415  0.148E-02      -1379.65  0.4827 -0.944E-03
        185.3677     -690.08  0.5494 -0.190E+00      -2720.32  0.4269 -0.809E-03      -2262.45  0.4415  0.148E-02      -1379.41  0.4828 -0.944E-03
        186.9118     -630.41  0.5568 -0.190E+00      -2720.23  0.4269 -0.808E-03      -2262.21  0.4415  0.148E-02      -1379.09  0.4828 -0.945E-03
        190.0000     -551.35  0.5677 -0.190E+00      -2720.04  0.4269 -0.806E-03      -2261.72  0.4415  0.148E-02      -1378.45  0.4828 -0.946E-03
        190.0001     -551.36  0.5677 -0.102E+01      -2720.04  0.4269 -0.806E-03      -2261.72  0.4415  0.148E-02      -1378.45  0.4828 -0.101E-02
        190.0002     -551.19  0.5678 -0.102E+01      -2720.04  0.4269 -0.806E-03      -2261.72  0.4415  0.148E-02      -1378.45  0.4828 -0.101E-02
        190.0004     -551.02  0.5678 -0.102E+01      -2720.04  0.4269 -0.806E-03      -2261.72  0.4415  0.148E-02      -1378.45  0.4828 -0.101E-02
        190.0006     -550.76  0.5678 -0.102E+01      -2720.04  0.4269 -0.806E-03      -2261.72  0.4415  0.148E-02      -1378.45  0.4828 -0.101E-02
        190.0009     -550.43  0.5679 -0.102E+01      -2720.04  0.4269 -0.806E-03      -2261.72  0.4415  0.148E-02      -1378.45  0.4828 -0.101E-02
        190.0013     -550.01  0.5679 -0.102E+01      -2720.04  0.4269 -0.806E-03      -2261.72  0.4415  0.148E-02      -1378.45  0.4828 -0.101E-02
        190.0018     -549.45  0.5680 -0.102E+01      -2720.04  0.4269 -0.806E-03      -2261.72  0.4415  0.148E-02      -1378.45  0.4828 -0.101E-02
        190.0024     -548.73  0.5681 -0.102E+01      -2720.04  0.4269 -0.806E-03      -2261.72  0.4415  0.148E-02      -1378.45  0.4828 -0.101E-02
        190.0032     -547.80  0.5683 -0.102E+01      -2720.04  0.4269 -0.806E-03      -2261.72  0.4415  0.148E-02      -1378.45  0.4828 -0.101E-02
        190.0043     -546.59  0.5684 -0.102E+01      -2720.04  0.4269 -0.806E-03      -2261.72  0.4415  0.148E-02      -1378.45  0.4828 -0.870E-03
        190.0056     -545.02  0.5687 -0.102E+01      -2720.04  0.4269 -0.806E-03      -2261.72  0.4415  0.148E-02      -1378.45  0.4828 -0.101E-02
        190.0074     -542.98  0.5690 -0.102E+01      -2720.04  0.4269 -0.806E-03      -2261.72  0.4415  0.148E-02      -1378.45  0.4828 -0.928E-03
        190.0098     -540.34  0.5694 -0.102E+01      -2720.04  0.4269 -0.806E-03      -2261.72  0.4415  0.148E-02      -1378.45  0.4828 -0.947E-03
        190.0128     -536.93  0.5699 -0.102E+01      -2720.04  0.4269 -0.806E-03      -2261.72  0.4415  0.148E-02      -1378.44  0.4828 -0.962E-03
        190.0167     -532.53  0.5705 -0.102E+01      -2720.04  0.4269 -0.806E-03      -2261.72  0.4415  0.148E-02      -1378.44  0.4828 -0.935E-03
        190.0218     -526.86  0.5713 -0.102E+01      -2720.04  0.4269 -0.806E-03      -2261.72  0.4415  0.148E-02      -1378.44  0.4828 -0.953E-03
        190.0285     -519.58  0.5724 -0.102E+01      -2720.04  0.4269 -0.806E-03      -2261.72  0.4415  0.148E-02      -1378.44  0.4828 -0.944E-03
        190.0372     -510.26  0.5738 -0.102E+01      -2720.04  0.4269 -0.806E-03      -2261.72  0.4415  0.148E-02      -1378.44  0.4828 -0.942E-03
        190.0484     -498.41  0.5755 -0.102E+01      -2720.04  0.4269 -0.806E-03      -2261.72  0.4415  0.148E-02      -1378.44  0.4828 -0.945E-03
        190.0630     -483.43  0.5777 -0.102E+01      -2720.03  0.4269 -0.806E-03      -2261.71  0.4415  0.148E-02      -1378.43  0.4828 -0.950E-03
        190.0820     -466.47  0.5805 -0.102E+01      -2720.03  0.4269 -0.806E-03      -2261.71  0.4415  0.148E-02      -1378.43  0.4828 -0.948E-03
        190.1067     -446.91  0.5839 -0.102E+01      -2720.03  0.4269 -0.806E-03      -2261.71  0.4415  0.148E-02      -1378.43  0.4828 -0.945E-03
        190.1388     -423.33  0.5879 -0.102E+01      -2720.03  0.4269 -0.806E-03      -2261.70  0.4415  0.148E-02      -1378.42  0.4828 -0.946E-03
        190.1806     -395.90  0.5927 -0.102E+01      -2720.03  0.4269 -0.806E-03      -2261.70  0.4415  0.148E-02      -1378.41  0.4828 -0.947E-03
        190.2349     -366.75  0.5981 -0.102E+01      -2720.03  0.4269 -0.806E-03      -2261.69  0.4415  0.148E-02      -1378.40  0.4828 -0.945E-03
        190.3054     -338.14  0.6038 -0.102E+01      -2720.02  0.4269 -0.806E-03      -2261.68  0.4415  0.148E-02      -1378.38  0.4828 -0.945E-03
        190.3972     -307.72  0.6097 -0.102E+01      -2720.02  0.4269 -0.806E-03      -2261.66  0.4415  0.148E-02      -1378.36  0.4828 -0.946E-03
        190.5164     -279.79  0.6158 -0.102E+01      -2720.01  0.4269 -0.806E-03      -2261.64  0.4415  0.148E-02      -1378.34  0.4828 -0.946E-03
        190.6715     -253.35  0.6216 -0.102E+01      -2720.00  0.4269 -0.806E-03      -2261.62  0.4415  0.148E-02      -1378.31  0.4828 -0.947E-03
        190.8730     -225.57  0.6276 -0.102E+01      -2719.99  0.4269 -0.806E-03      -2261.59  0.4415  0.148E-02      -1378.27  0.4828 -0.946E-03
        191.1350     -200.48  0.6335 -0.102E+01      -2719.97  0.4269 -0.806E-03      -2261.55  0.4415  0.148E-02      -1378.21  0.4828 -0.946E-03
        191.4756     -176.69  0.6395 -0.102E+01      -2719.95  0.4269 -0.806E-03      -2261.49  0.4415  0.148E-02      -1378.14  0.4828 -0.946E-03
        191.8162     -155.65  0.6448 -0.102E+01      -2719.93  0.4269 -0.805E-03      -2261.44  0.4415  0.148E-02      -1378.07  0.4828 -0.946E-03
        192.1568     -140.04  0.6488 -0.102E+01      -2719.91  0.4269 -0.805E-03      -2261.39  0.4415  0.148E-02      -1378.00  0.4828 -0.947E-03
        192.4974     -125.24  0.6526 -0.102E+01      -2719.89  0.4269 -0.805E-03      -2261.33  0.4415  0.148E-02      -1377.93  0.4828 -0.947E-03
        192.9402     -111.18  0.6564 -0.102E+01      -2719.86  0.4269 -0.805E-03      -2261.26  0.4415  0.148E-02      -1377.84  0.4828 -0.947E-03
        193.3829      -99.06  0.6596 -0.102E+01      -2719.83  0.4269 -0.805E-03      -2261.19  0.4415  0.148E-02      -1377.75  0.4829 -0.947E-03
        193.8257      -87.55  0.6626 -0.102E+01      -2719.80  0.4269 -0.804E-03      -2261.12  0.4415  0.148E-02      -1377.66  0.4829 -0.947E-03
        194.4013      -77.10  0.6655 -0.102E+01      -2719.77  0.4269 -0.804E-03      -2261.03  0.4415  0.148E-02      -1377.54  0.4829 -0.947E-03
        194.9612      -67.72  0.6680 -0.102E+01      -2719.73  0.4269 -0.804E-03      -2260.95  0.4415  0.148E-02      -1377.43  0.4829 -0.948E-03
        195.5211      -59.36  0.6702 -0.102E+01      -2719.70  0.4269 -0.804E-03      -2260.86  0.4416  0.148E-02      -1377.31  0.4829 -0.948E-03
        196.0809      -52.18  0.6720 -0.102E+01      -2719.66  0.4269 -0.803E-03      -2260.77  0.4416  0.148E-02      -1377.20  0.4829 -0.948E-03
        196.6408      -44.85  0.6738 -0.102E+01      -2719.63  0.4269 -0.803E-03      -2260.68  0.4416  0.148E-02      -1377.09  0.4829 -0.948E-03
        197.4806      -38.09  0.6756 -0.102E+01      -2719.58  0.4269 -0.803E-03      -2260.55  0.4416  0.148E-02      -1376.92  0.4829 -0.948E-03
        198.3204      -30.78  0.6773 -0.102E+01      -2719.53  0.4269 -0.802E-03      -2260.41  0.4416  0.148E-02      -1376.75  0.4829 -0.949E-03
        199.1602      -25.67  0.6785 -0.102E+01      -2719.47  0.4269 -0.802E-03      -2260.28  0.4416  0.148E-02      -1376.58  0.4829 -0.949E-03
        200.0000      -20.74  0.6796 -0.102E+01      -2719.42  0.4269 -0.801E-03      -2260.15  0.4416  0.148E-02      -1376.41  0.4829 -0.949E-03
        200.0001      -20.64  0.6796 -0.207E-01      -2719.42  0.4269 -0.801E-03      -2260.15  0.4416  0.148E-02      -1376.41  0.4829 -0.101E-02
        200.0002      -20.79  0.6796 -0.192E-01      -2719.42  0.4269 -0.801E-03      -2260.15  0.4416  0.148E-02      -1376.41  0.4829 -0.101E-02
        200.0004      -20.92  0.6795 -0.208E-01      -2719.42  0.4269 -0.801E-03      -2260.15  0.4416  0.148E-02      -1376.41  0.4829 -0.101E-02
        200.0006      -21.13  0.6795 -0.206E-01      -2719.42  0.4269 -0.801E-03      -2260.15  0.4416  0.148E-02      -1376.41  0.4829 -0.101E-02
        200.0009      -21.37  0.6794 -0.199E-01      -2719.42  0.4269 -0.801E-03      -2260.15  0.4416  0.148E-02      -1376.41  0.4829 -0.101E-02
        200.0013      -21.70  0.6794 -0.200E-01      -2719.42  0.4269 -0.801E-03      -2260.15  0.4416  0.148E-02      -1376.41  0.4829 -0.101E-02
        200.0018      -22.11  0.6793 -0.201E-01      -2719.42  0.4269 -0.801E-03      -2260.15  0.4416  0.148E-02      -1376.41  0.4829 -0.101E-02
        200.0024      -22.63  0.6792 -0.199E-01      -2719.42  0.4269 -0.801E-03      -2260.15  0.4416  0.148E-02      -1376.41  0.4829 -0.101E-02
        200.0032      -23.27  0.6790 -0.198E-01      -2719.42  0.4269 -0.801E-03      -2260.15  0.4416  0.148E-02      -1376.41  0.4829 -0.101E-02
        200.0043      -24.04  0.6789 -0.199E-01      -2719.42  0.4269 -0.801E-03      -2260.15  0.4416  0.148E-02      -1376.41  0.4829 -0.872E-03
        200.0056      -25.00  0.6786 -0.201E-01      -2719.42  0.4269 -0.801E-03      -2260.15  0.4416  0.148E-02      -1376.41  0.4829 -0.904E-03
        200.0074      -26.16  0.6784 -0.200E-01      -2719.42  0.4269 -0.801E-03      -2260.15  0.4416  0.148E-02      -1376.41  0.4829 -0.929E-03
        200.0098      -27.55  0.6781 -0.201E-01      -2719.42  0.4269 -0.801E-03      -2260.15  0.4416  0.148E-02      -1376.41  0.4829 -0.948E-03
        200.0128      -29.20  0.6777 -0.200E-01      -2719.42  0.4269 -0.801E-03      -2260.15  0.4416  0.148E-02      -1376.41  0.4829 -0.963E-03
        200.0167      -31.04  0.6772 -0.200E-01      -2719.42  0.4269 -0.801E-03      -2260.15  0.4416  0.148E-02      -1376.41  0.4829 -0.936E-03
        200.0218      -33.20  0.6767 -0.200E-01      -2719.42  0.4269 -0.801E-03      -2260.15  0.4416  0.148E-02      -1376.41  0.4829 -0.954E-03
        200.0285      -35.64  0.6761 -0.200E-01      -2719.42  0.4269 -0.801E-03      -2260.14  0.4416  0.148E-02      -1376.41  0.4829 -0.945E-03
        200.0372      -38.34  0.6755 -0.200E-01      -2719.42  0.4269 -0.801E-03      -2260.14  0.4416  0.148E-02      -1376.41  0.4829 -0.943E-03
        200.0484      -41.35  0.6747 -0.200E-01      -2719.42  0.4269 -0.801E-03      -2260.14  0.4416  0.148E-02      -1376.40  0.4829 -0.946E-03
        200.0630      -44.72  0.6739 -0.200E-01      -2719.42  0.4269 -0.801E-03      -2260.14  0.4416  0.148E-02      -1376.40  0.4829 -0.951E-03
        200.0820      -48.42  0.6730 -0.200E-01      -2719.42  0.4269 -0.801E-03      -2260.14  0.4416  0.148E-02      -1376.40  0.4829 -0.949E-03
        200.1067      -52.55  0.6719 -0.200E-01      -2719.42  0.4269 -0.801E-03      -2260.13  0.4416  0.148E-02      -1376.39  0.4829 -0.952E-03
        200.1388      -57.19  0.6707 -0.200E-01      -2719.41  0.4269 -0.801E-03      -2260.13  0.4416  0.148E-02      -1376.38  0.4829 -0.947E-03
        200.1806      -62.33  0.6694 -0.200E-01      -2719.41  0.4269 -0.801E-03      -2260.12  0.4416  0.148E-02      -1376.38  0.4829 -0.948E-03
        200.2349      -68.13  0.6678 -0.200E-01      -2719.41  0.4269 -0.801E-03      -2260.11  0.4416  0.148E-02      -1376.37  0.4829 -0.949E-03
        200.3054      -74.63  0.6661 -0.200E-01      -2719.40  0.4269 -0.801E-03      -2260.10  0.4416  0.148E-02      -1376.35  0.4829 -0.949E-03
        200.3972      -81.91  0.6642 -0.200E-01      -2719.40  0.4269 -0.801E-03      -2260.09  0.4416  0.148E-02      -1376.33  0.4829 -0.950E-03
        200.5164      -90.08  0.6620 -0.200E-01      -2719.39  0.4269 -0.801E-03      -2260.07  0.4416  0.148E-02      -1376.31  0.4829 -0.950E-03
        200.6715      -99.25  0.6596 -0.200E-01      -2719.38  0.4269 -0.801E-03      -2260.04  0.4416  0.148E-02      -1376.28  0.4829 -0.950E-03
        200.8730     -109.52  0.6568 -0.200E-01      -2719.37  0.4269 -0.801E-03      -2260.01  0.4416  0.148E-02      -1376.24  0.4829 -0.949E-03
        201.1350     -120.90  0.6538 -0.200E-01      -2719.35  0.4269 -0.801E-03      -2259.97  0.4416  0.148E-02      -1376.19  0.4830 -0.950E-03
        201.4756     -133.70  0.6504 -0.200E-01      -2719.33  0.4269 -0.801E-03      -2259.92  0.4416  0.148E-02      -1376.12  0.4830 -0.950E-03
        201.9184     -147.60  0.6468 -0.200E-01      -2719.30  0.4269 -0.801E-03      -2259.85  0.4416  0.148E-02      -1376.03  0.4830 -0.950E-03
        202.4940     -163.40  0.6428 -0.200E-01      -2719.27  0.4269 -0.800E-03      -2259.75  0.4416  0.148E-02      -1375.92  0.4830 -0.950E-03
        203.2446     -180.68  0.6385 -0.200E-01      -2719.22  0.4269 -0.800E-03      -2259.64  0.4416  0.148E-02      -1375.77  0.4830 -0.951E-03
        204.2096     -199.23  0.6339 -0.200E-01      -2719.16  0.4269 -0.799E-03      -2259.48  0.4416  0.148E-02      -1375.58  0.4830 -0.951E-03
        205.3677     -218.09  0.6294 -0.200E-01      -2719.09  0.4269 -0.799E-03      -2259.30  0.4416  0.148E-02      -1375.35  0.4830 -0.951E-03
        206.9118     -238.45  0.6246 -0.200E-01      -2718.99  0.4269 -0.798E-03      -2259.05  0.4416  0.148E-02      -1375.05  0.4830 -0.952E-03
        210.0000     -270.98  0.6175 -0.200E-01      -2718.79  0.4269 -0.796E-03      -2258.56  0.4416  0.148E-02      -1374.45  0.4831 -0.953E-03
        210.0001     -270.96  0.6175 -0.107E-01      -2718.79  0.4269 -0.796E-03      -2258.56  0.4416  0.148E-02      -1374.45  0.4831 -0.101E-02
        210.0002     -270.96  0.6175 -0.109E-01      -2718.79  0.4269 -0.796E-03      -2258.56  0.4416  0.148E-02      -1374.45  0.4831 -0.101E-02
        210.0004     -270.96  0.6175 -0.104E-01      -2718.79  0.4269 -0.796E-03      -2258.56  0.4416  0.148E-02      -1374.45  0.4831 -0.101E-02
        210.0006     -270.97  0.6175 -0.982E-02      -2718.79  0.4269 -0.796E-03      -2258.56  0.4416  0.148E-02      -1374.45  0.4831 -0.101E-02
        210.0009     -270.97  0.6175 -0.960E-02      -2718.79  0.4269 -0.796E-03      -2258.56  0.4416  0.148E-02      -1374.45  0.4831 -0.101E-02
        210.0013     -270.98  0.6175 -0.982E-02      -2718.79  0.4269 -0.796E-03      -2258.56  0.4416  0.148E-02      -1374.45  0.4831 -0.101E-02
        210.0018     -270.99  0.6175 -0.987E-02      -2718.79  0.4269 -0.796E-03      -2258.56  0.4416  0.148E-02      -1374.45  0.4831 -0.101E-02
        210.0024     -271.00  0.6175 -0.101E-01      -2718.79  0.4269 -0.796E-03      -2258.56  0.4416  0.148E-02      -1374.45  0.4831 -0.101E-02
        210.0032     -271.02  0.6174 -0.987E-02      -2718.79  0.4269 -0.796E-03      -2258.56  0.4416  0.148E-02      -1374.45  0.4831 -0.101E-02
        210.0043     -271.04  0.6174 -0.100E-01      -2718.79  0.4269 -0.796E-03      -2258.56  0.4416  0.148E-02      -1374.45  0.4831 -0.873E-03
        210.0056     -271.07  0.6174 -0.993E-02      -2718.79  0.4269 -0.796E-03      -2258.56  0.4416  0.148E-02      -1374.45  0.4831 -0.905E-03
        210.0074     -271.10  0.6174 -0.998E-02      -2718.79  0.4269 -0.796E-03      -2258.56  0.4416  0.148E-02      -1374.45  0.4831 -0.930E-03
        210.0098     -271.15  0.6174 -0.994E-02      -2718.79  0.4269 -0.796E-03      -2258.56  0.4416  0.148E-02      -1374.45  0.4831 -0.949E-03
        210.0128     -271.20  0.6174 -0.100E-01      -2718.79  0.4269 -0.796E-03      -2258.55  0.4416  0.148E-02      -1374.45  0.4831 -0.964E-03
        210.0167     -271.28  0.6174 -0.100E-01      -2718.79  0.4269 -0.796E-03      -2258.55  0.4416  0.148E-02      -1374.45  0.4831 -0.975E-03
        210.0218     -271.37  0.6174 -0.100E-01      -2718.79  0.4269 -0.796E-03      -2258.55  0.4416  0.148E-02      -1374.45  0.4831 -0.955E-03
        210.0285     -271.50  0.6173 -0.100E-01      -2718.79  0.4269 -0.796E-03      -2258.55  0.4416  0.148E-02      -1374.45  0.4831 -0.946E-03
        210.0372     -271.66  0.6173 -0.999E-02      -2718.79  0.4269 -0.796E-03      -2258.55  0.4416  0.148E-02      -1374.44  0.4831 -0.962E-03
        210.0484     -271.86  0.6173 -0.100E-01      -2718.79  0.4269 -0.796E-03      -2258.55  0.4416  0.148E-02      -1374.44  0.4831 -0.947E-03
        210.0630     -272.12  0.6172 -0.999E-02      -2718.79  0.4269 -0.796E-03      -2258.55  0.4416  0.148E-02      -1374.44  0.4831 -0.952E-03
        210.0820     -272.45  0.6171 -0.999E-02      -2718.79  0.4269 -0.796E-03      -2258.54  0.4416  0.148E-02      -1374.43  0.4831 -0.951E-03
        210.1067     -272.86  0.6170 -0.100E-01      -2718.79  0.4269 -0.796E-03      -2258.54  0.4416  0.148E-02      -1374.43  0.4831 -0.953E-03
        210.1388     -273.38  0.6169 -0.100E-01      -2718.79  0.4269 -0.796E-03      -2258.53  0.4416  0.148E-02      -1374.42  0.4831 -0.953E-03
        210.1806     -274.03  0.6168 -0.100E-01      -2718.78  0.4269 -0.796E-03      -2258.53  0.4416  0.148E-02      -1374.42  0.4831 -0.953E-03
        210.2349     -274.84  0.6166 -0.100E-01      -2718.78  0.4269 -0.796E-03      -2258.52  0.4416  0.148E-02      -1374.41  0.4831 -0.953E-03
        210.3054     -275.85  0.6164 -0.100E-01      -2718.78  0.4269 -0.796E-03      -2258.51  0.4416  0.148E-02      -1374.39  0.4831 -0.952E-03
        210.3972     -277.09  0.6161 -0.100E-01      -2718.77  0.4269 -0.796E-03      -2258.49  0.4416  0.148E-02      -1374.37  0.4831 -0.953E-03
        210.5164     -278.64  0.6158 -0.100E-01      -2718.76  0.4269 -0.796E-03      -2258.47  0.4416  0.148E-02      -1374.35  0.4831 -0.954E-03
        210.6715     -280.56  0.6153 -0.100E-01      -2718.75  0.4269 -0.796E-03      -2258.45  0.4416  0.148E-02      -1374.32  0.4831 -0.953E-03
        210.8730     -282.94  0.6148 -0.100E-01      -2718.74  0.4269 -0.796E-03      -2258.42  0.4416  0.148E-02      -1374.28  0.4831 -0.953E-03
        211.1350     -285.90  0.6142 -0.100E-01      -2718.73  0.4269 -0.796E-03      -2258.38  0.4416  0.148E-02      -1374.23  0.4831 -0.953E-03
        211.4756     -289.55  0.6134 -0.100E-01      -2718.70  0.4269 -0.796E-03      -2258.32  0.4416  0.148E-02      -1374.17  0.4831 -0.953E-03
        211.9184     -294.06  0.6124 -0.100E-01      -2718.68  0.4269 -0.795E-03      -2258.25  0.4417  0.148E-02      -1374.08  0.4831 -0.953E-03
        212.4940     -299.69  0.6112 -0.100E-01      -2718.64  0.4269 -0.795E-03      -2258.16  0.4417  0.148E-02      -1373.97  0.4831 -0.954E-03
        213.2446     -307.21  0.6097 -0.100E-01      -2718.59  0.4269 -0.795E-03      -2258.04  0.4417  0.148E-02      -1373.83  0.4831 -0.954E-03
        214.2096     -316.19  0.6079 -0.100E-01      -2718.53  0.4269 -0.794E-03      -2257.88  0.4417  0.148E-02      -1373.64  0.4831 -0.954E-03
        215.3677     -326.15  0.6059 -0.100E-01      -2718.46  0.4269 -0.794E-03      -2257.69  0.4417  0.148E-02      -1373.42  0.4831 -0.954E-03
        216.9118     -338.04  0.6036 -0.100E-01      -2718.36  0.4269 -0.793E-03      -2257.44  0.4417  0.148E-02      -1373.13  0.4831 -0.955E-03
        220.0000     -358.17  0.5996 -0.100E-01      -2718.16  0.4269 -0.791E-03      -2256.94  0.4417  0.148E-02      -1372.56  0.4832 -0.956E-03
        222.5000     -372.31  0.5968 -0.100E-01      -2718.00  0.4270 -0.790E-03      -2256.54  0.4417  0.148E-02      -1372.09  0.4832 -0.957E-03
        226.2500     -392.92  0.5932 -0.100E-01      -2717.76  0.4270 -0.788E-03      -2255.93  0.4417  0.148E-02      -1371.41  0.4833 -0.958E-03
        230.0000     -411.16  0.5900 -0.100E-01      -2717.52  0.4270 -0.786E-03      -2255.31  0.4418  0.148E-02      -1370.73  0.4833 -0.959E-03
        235.0000     -431.96  0.5864 -0.100E-01      -2717.19  0.4270 -0.783E-03      -2254.49  0.4418  0.147E-02      -1369.85  0.4833 -0.960E-03
        240.0000     -449.24  0.5834 -0.100E-01      -2716.86  0.4270 -0.780E-03      -2253.66  0.4418  0.147E-02      -1368.98  0.4834 -0.962E-03
        245.0000     -478.94  0.5786  0.168E-07      -2716.53  0.4270 -0.777E-03      -2252.83  0.4419  0.147E-02      -1368.13  0.4835 -0.963E-03
        250.0000     -502.11  0.5749  0.221E-07      -2716.19  0.4270 -0.774E-03      -2252.00  0.4419  0.147E-02      -1367.29  0.4835 -0.965E-03
        250.0001     -502.77  0.5749 -0.907E-02      -2716.19  0.4270 -0.774E-03      -2252.00  0.4419  0.147E-02      -1367.29  0.4835 -0.102E-02
        250.0002     -502.63  0.5749 -0.101E-01      -2716.19  0.4270 -0.774E-03      -2252.00  0.4419  0.147E-02      -1367.29  0.4835 -0.102E-02
        250.0004     -502.74  0.5749 -0.102E-01      -2716.19  0.4270 -0.774E-03      -2252.00  0.4419  0.147E-02      -1367.29  0.4835 -0.102E-02
        250.0006     -502.70  0.5749 -0.996E-02      -2716.19  0.4270 -0.774E-03      -2252.00  0.4419  0.147E-02      -1367.29  0.4835 -0.102E-02
        250.0009     -502.71  0.5749 -0.105E-01      -2716.19  0.4270 -0.774E-03      -2252.00  0.4419  0.147E-02      -1367.29  0.4835 -0.102E-02
        250.0013     -502.70  0.5749 -0.960E-02      -2716.19  0.4270 -0.774E-03      -2252.00  0.4419  0.147E-02      -1367.29  0.4835 -0.102E-02
        250.0018     -502.70  0.5749 -0.998E-02      -2716.19  0.4270 -0.774E-03      -2252.00  0.4419  0.147E-02      -1367.29  0.4835 -0.102E-02
        250.0024     -502.69  0.5749 -0.985E-02      -2716.19  0.4270 -0.774E-03      -2252.00  0.4419  0.147E-02      -1367.29  0.4835 -0.102E-02
        250.0032     -502.69  0.5749 -0.102E-01      -2716.19  0.4270 -0.774E-03      -2252.00  0.4419  0.147E-02      -1367.29  0.4835 -0.102E-02
        250.0043     -502.68  0.5749 -0.998E-02      -2716.19  0.4270 -0.774E-03      -2252.00  0.4419  0.147E-02      -1367.29  0.4835 -0.102E-02
        250.0056     -502.67  0.5749 -0.996E-02      -2716.19  0.4270 -0.774E-03      -2252.00  0.4419  0.147E-02      -1367.29  0.4835 -0.909E-03
        250.0074     -502.65  0.5749 -0.995E-02      -2716.19  0.4270 -0.774E-03      -2252.00  0.4419  0.147E-02      -1367.29  0.4835 -0.934E-03
        250.0098     -502.63  0.5749 -0.999E-02      -2716.19  0.4270 -0.774E-03      -2252.00  0.4419  0.147E-02      -1367.28  0.4835 -0.953E-03
        250.0128     -502.60  0.5749 -0.998E-02      -2716.19  0.4270 -0.774E-03      -2252.00  0.4419  0.147E-02      -1367.28  0.4835 -0.968E-03
        250.0167     -502.57  0.5749 -0.997E-02      -2716.19  0.4270 -0.774E-03      -2252.00  0.4419  0.147E-02      -1367.28  0.4835 -0.979E-03
        250.0218     -502.52  0.5749 -0.100E-01      -2716.19  0.4270 -0.774E-03      -2251.99  0.4419  0.147E-02      -1367.28  0.4835 -0.959E-03
        250.0285     -502.46  0.5749 -0.998E-02      -2716.19  0.4270 -0.774E-03      -2251.99  0.4419  0.147E-02      -1367.28  0.4835 -0.973E-03
        250.0372     -502.39  0.5749 -0.100E-01      -2716.19  0.4270 -0.774E-03      -2251.99  0.4419  0.147E-02      -1367.28  0.4835 -0.966E-03
        250.0484     -502.30  0.5750 -0.999E-02      -2716.19  0.4270 -0.774E-03      -2251.99  0.4419  0.147E-02      -1367.28  0.4835 -0.964E-03
        250.0630     -502.19  0.5750 -0.100E-01      -2716.19  0.4270 -0.774E-03      -2251.99  0.4419  0.147E-02      -1367.28  0.4835 -0.966E-03
        250.0820     -502.04  0.5750 -0.100E-01      -2716.19  0.4270 -0.774E-03      -2251.99  0.4419  0.147E-02      -1367.27  0.4835 -0.962E-03
        250.1067     -501.87  0.5750 -0.100E-01      -2716.19  0.4270 -0.774E-03      -2251.98  0.4419  0.147E-02      -1367.27  0.4835 -0.963E-03
        250.1388     -501.67  0.5751 -0.100E-01      -2716.18  0.4270 -0.774E-03      -2251.98  0.4419  0.147E-02      -1367.26  0.4835 -0.966E-03
        250.1806     -501.43  0.5751 -0.100E-01      -2716.18  0.4270 -0.774E-03      -2251.97  0.4419  0.147E-02      -1367.26  0.4835 -0.964E-03
        250.2349     -501.16  0.5751 -0.100E-01      -2716.18  0.4270 -0.774E-03      -2251.96  0.4419  0.147E-02      -1367.25  0.4835 -0.965E-03
        250.3054     -500.87  0.5752 -0.100E-01      -2716.17  0.4270 -0.774E-03      -2251.95  0.4419  0.147E-02      -1367.24  0.4835 -0.964E-03
        250.3972     -500.58  0.5752 -0.100E-01      -2716.17  0.4270 -0.774E-03      -2251.93  0.4419  0.147E-02      -1367.22  0.4835 -0.965E-03
        250.5164     -500.31  0.5753 -0.100E-01      -2716.16  0.4270 -0.774E-03      -2251.91  0.4419  0.147E-02      -1367.20  0.4835 -0.965E-03
        250.6715     -500.10  0.5753 -0.100E-01      -2716.15  0.4270 -0.774E-03      -2251.89  0.4419  0.147E-02      -1367.17  0.4835 -0.964E-03
        250.8730     -499.99  0.5753 -0.100E-01      -2716.14  0.4270 -0.774E-03      -2251.85  0.4419  0.147E-02      -1367.14  0.4835 -0.965E-03
        251.1350     -500.03  0.5753 -0.100E-01      -2716.12  0.4270 -0.774E-03      -2251.81  0.4419  0.147E-02      -1367.10  0.4835 -0.965E-03
        251.4756     -500.29  0.5753 -0.100E-01      -2716.09  0.4270 -0.773E-03      -2251.75  0.4419  0.147E-02      -1367.04  0.4835 -0.965E-03
        251.9184     -500.84  0.5752 -0.100E-01      -2716.07  0.4270 -0.773E-03      -2251.68  0.4419  0.147E-02      -1366.97  0.4835 -0.965E-03
        252.4940     -501.77  0.5750 -0.100E-01      -2716.03  0.4270 -0.773E-03      -2251.58  0.4419  0.147E-02      -1366.87  0.4835 -0.965E-03
        253.2446     -503.18  0.5748 -0.100E-01      -2715.98  0.4270 -0.772E-03      -2251.46  0.4419  0.147E-02      -1366.75  0.4835 -0.966E-03
        254.2096     -505.17  0.5745 -0.100E-01      -2715.91  0.4270 -0.772E-03      -2251.29  0.4419  0.147E-02      -1366.59  0.4836 -0.966E-03
        255.3677     -507.68  0.5742 -0.100E-01      -2715.83  0.4270 -0.771E-03      -2251.10  0.4419  0.147E-02      -1366.40  0.4836 -0.966E-03
        256.9118     -511.12  0.5737 -0.100E-01      -2715.73  0.4270 -0.770E-03      -2250.84  0.4419  0.147E-02      -1366.14  0.4836 -0.967E-03
        260.0000     -517.93  0.5727 -0.100E-01      -2715.52  0.4270 -0.768E-03      -2250.32  0.4419  0.147E-02      -1365.65  0.4836 -0.968E-03
        262.5000     -523.34  0.5719 -0.100E-01      -2715.34  0.4270 -0.767E-03      -2249.90  0.4420  0.147E-02      -1365.25  0.4836 -0.968E-03
        266.2500     -531.01  0.5707 -0.100E-01      -2715.08  0.4270 -0.765E-03      -2249.27  0.4420  0.147E-02      -1364.66  0.4837 -0.969E-03
        270.0000     -538.29  0.5697 -0.100E-01      -2714.82  0.4270 -0.762E-03      -2248.63  0.4420  0.147E-02      -1364.07  0.4837 -0.970E-03
        275.0000     -547.19  0.5683 -0.100E-01      -2714.47  0.4271 -0.759E-03      -2247.79  0.4420  0.146E-02      -1363.31  0.4838 -0.971E-03
        280.0000     -555.49  0.5671 -0.100E-01      -2714.11  0.4271 -0.756E-03      -2246.93  0.4421  0.146E-02      -1362.57  0.4838 -0.973E-03
        285.0000     -581.42  0.5636 -0.349E-08      -2713.75  0.4271 -0.753E-03      -2246.08  0.4421  0.146E-02      -1361.83  0.4839 -0.974E-03
        290.0000     -596.33  0.5609  0.151E-07      -2713.39  0.4271 -0.750E-03      -2245.23  0.4421  0.146E-02      -1361.12  0.4839 -0.975E-03
        290.0001     -597.54  0.5609 -0.109E-01      -2713.39  0.4271 -0.750E-03      -2245.23  0.4421  0.146E-02      -1361.11  0.4839 -0.102E-02
        290.0002     -597.23  0.5609 -0.904E-02      -2713.39  0.4271 -0.750E-03      -2245.23  0.4421  0.146E-02      -1361.12  0.4839 -0.102E-02
        290.0004     -597.48  0.5609 -0.109E-01      -2713.39  0.4271 -0.750E-03      -2245.23  0.4421  0.146E-02      -1361.12  0.4839 -0.102E-02
        290.0006     -597.37  0.5609 -0.102E-01      -2713.39  0.4271 -0.750E-03      -2245.23  0.4421  0.146E-02      -1361.11  0.4839 -0.102E-02
        290.0009     -597.43  0.5609 -0.104E-01      -2713.39  0.4271 -0.750E-03      -2245.23  0.4421  0.146E-02      -1361.12  0.4839 -0.102E-02
        290.0013     -597.40  0.5610 -0.101E-01      -2713.39  0.4271 -0.750E-03      -2245.23  0.4421  0.146E-02      -1361.11  0.4839 -0.102E-02
        290.0018     -597.41  0.5610 -0.101E-01      -2713.39  0.4271 -0.750E-03      -2245.23  0.4421  0.146E-02      -1361.12  0.4839 -0.102E-02
        290.0024     -597.39  0.5610 -0.102E-01      -2713.39  0.4271 -0.750E-03      -2245.23  0.4421  0.146E-02      -1361.11  0.4839 -0.102E-02
        290.0032     -597.39  0.5610 -0.101E-01      -2713.39  0.4271 -0.750E-03      -2245.23  0.4421  0.146E-02      -1361.12  0.4839 -0.102E-02
        290.0043     -597.38  0.5610 -0.999E-02      -2713.39  0.4271 -0.750E-03      -2245.23  0.4421  0.146E-02      -1361.11  0.4839 -0.102E-02
        290.0056     -597.36  0.5610 -0.992E-02      -2713.39  0.4271 -0.750E-03      -2245.23  0.4421  0.146E-02      -1361.11  0.4839 -0.912E-03
        290.0074     -597.34  0.5610 -0.997E-02      -2713.39  0.4271 -0.750E-03      -2245.23  0.4421  0.146E-02      -1361.11  0.4839 -0.937E-03
        290.0098     -597.32  0.5610 -0.999E-02      -2713.39  0.4271 -0.750E-03      -2245.23  0.4421  0.146E-02      -1361.11  0.4839 -0.956E-03
        290.0128     -597.29  0.5610 -0.100E-01      -2713.39  0.4271 -0.750E-03      -2245.23  0.4421  0.146E-02      -1361.11  0.4839 -0.971E-03
        290.0167     -597.25  0.5610 -0.999E-02      -2713.39  0.4271 -0.750E-03      -2245.22  0.4421  0.146E-02      -1361.11  0.4839 -0.982E-03
        290.0218     -597.19  0.5610 -0.100E-01      -2713.39  0.4271 -0.750E-03      -2245.22  0.4421  0.146E-02      -1361.11  0.4839 -0.962E-03
        290.0285     -597.12  0.5610 -0.998E-02      -2713.39  0.4271 -0.750E-03      -2245.22  0.4421  0.146E-02      -1361.11  0.4839 -0.975E-03
        290.0372     -597.04  0.5610 -0.999E-02      -2713.39  0.4271 -0.750E-03      -2245.22  0.4421  0.146E-02      -1361.11  0.4839 -0.968E-03
        290.0484     -596.92  0.5610 -0.999E-02      -2713.39  0.4271 -0.750E-03      -2245.22  0.4421  0.146E-02      -1361.11  0.4839 -0.980E-03
        290.0630     -596.78  0.5610 -0.100E-01      -2713.39  0.4271 -0.750E-03      -2245.22  0.4421  0.146E-02      -1361.11  0.4839 -0.979E-03
        290.0820     -596.60  0.5611 -0.100E-01      -2713.39  0.4271 -0.750E-03      -2245.21  0.4421  0.146E-02      -1361.10  0.4839 -0.973E-03
        290.1067     -596.38  0.5611 -0.100E-01      -2713.38  0.4271 -0.750E-03      -2245.21  0.4421  0.146E-02      -1361.10  0.4839 -0.972E-03
        290.1388     -596.10  0.5611 -0.100E-01      -2713.38  0.4271 -0.750E-03      -2245.20  0.4421  0.146E-02      -1361.09  0.4839 -0.974E-03
        290.1806     -595.76  0.5612 -0.100E-01      -2713.38  0.4271 -0.750E-03      -2245.20  0.4421  0.146E-02      -1361.09  0.4839 -0.974E-03
        290.2349     -595.35  0.5613 -0.100E-01      -2713.38  0.4271 -0.750E-03      -2245.19  0.4421  0.146E-02      -1361.08  0.4839 -0.976E-03
        290.3054     -594.87  0.5613 -0.100E-01      -2713.37  0.4271 -0.750E-03      -2245.18  0.4421  0.146E-02      -1361.07  0.4839 -0.976E-03
        290.3972     -594.32  0.5614 -0.100E-01      -2713.36  0.4271 -0.750E-03      -2245.16  0.4421  0.146E-02      -1361.06  0.4839 -0.976E-03
        290.5164     -593.71  0.5615 -0.100E-01      -2713.35  0.4271 -0.750E-03      -2245.14  0.4421  0.146E-02      -1361.04  0.4839 -0.975E-03
        290.6715     -593.06  0.5616 -0.100E-01      -2713.34  0.4271 -0.750E-03      -2245.11  0.4421  0.146E-02      -1361.02  0.4839 -0.975E-03
        290.8730     -592.39  0.5617 -0.100E-01      -2713.33  0.4271 -0.750E-03      -2245.08  0.4421  0.146E-02      -1360.99  0.4839 -0.975E-03
        291.1350     -591.74  0.5618 -0.100E-01      -2713.31  0.4271 -0.749E-03      -2245.03  0.4421  0.146E-02      -1360.95  0.4839 -0.975E-03
        291.4756     -591.16  0.5619 -0.100E-01      -2713.28  0.4271 -0.749E-03      -2244.97  0.4422  0.146E-02      -1360.90  0.4839 -0.976E-03
        291.9184     -590.70  0.5619 -0.100E-01      -2713.25  0.4271 -0.749E-03      -2244.90  0.4422  0.146E-02      -1360.84  0.4839 -0.976E-03
        292.4940     -590.40  0.5620 -0.100E-01      -2713.21  0.4271 -0.749E-03      -2244.80  0.4422  0.146E-02      -1360.76  0.4839 -0.976E-03
        293.2446     -590.32  0.5620 -0.100E-01      -2713.16  0.4271 -0.748E-03      -2244.67  0.4422  0.146E-02      -1360.65  0.4839 -0.976E-03
        294.2096     -590.54  0.5620 -0.100E-01      -2713.09  0.4271 -0.748E-03      -2244.51  0.4422  0.146E-02      -1360.52  0.4839 -0.976E-03
        295.3677     -591.09  0.5619 -0.100E-01      -2713.00  0.4271 -0.747E-03      -2244.31  0.4422  0.146E-02      -1360.35  0.4839 -0.976E-03
        296.9118     -592.14  0.5617 -0.100E-01      -2712.89  0.4271 -0.746E-03      -2244.04  0.4422  0.146E-02      -1360.14  0.4840 -0.977E-03
        300.0000     -594.87  0.5613 -0.100E-01      -2712.65  0.4271 -0.744E-03      -2243.51  0.4422  0.146E-02      -1359.71  0.4840 -0.978E-03
        302.5000     -612.01  0.5593 -0.657E-07      -2712.47  0.4271 -0.742E-03      -2243.08  0.4422  0.146E-02      -1359.37  0.4840 -0.978E-03
        306.2500     -626.12  0.5572  0.698E-08      -2712.18  0.4271 -0.740E-03      -2242.44  0.4422  0.145E-02      -1358.87  0.4840 -0.979E-03
        310.0000     -638.80  0.5558  0.200E-07      -2711.90  0.4271 -0.738E-03      -2241.79  0.4423  0.145E-02      -1358.38  0.4841 -0.980E-03
        315.0000     -652.38  0.5541 -0.151E-07      -2711.51  0.4271 -0.735E-03      -2240.93  0.4423  0.145E-02      -1357.73  0.4841 -0.981E-03
        320.0000     -664.84  0.5526  0.431E-08      -2711.11  0.4272 -0.732E-03      -2240.07  0.4423  0.145E-02      -1357.10  0.4841 -0.982E-03
        325.0000     -676.16  0.5512  0.400E-07      -2710.70  0.4272 -0.729E-03      -2239.20  0.4424  0.145E-02      -1356.48  0.4842 -0.983E-03
        330.0000     -686.75  0.5499 -0.342E-07      -2710.29  0.4272 -0.727E-03      -2238.34  0.4424  0.145E-02      -1355.87  0.4842 -0.984E-03
end
