 ******* Program HYDRUS
 ******* 
 Welcome to HYDRUS-1D                                                    
 Date:  15. 2.    Time:  15:13:10
 Units: L = mm   , T = min  , M = mmol 

----------------------------------------------------------
 Time       [T]       10.0000
----------------------------------------------------------
 Sub-region num.                     1            2
----------------------------------------------------------
 Length   [L]        0.10000E+04  0.10000E+04  0.00000E+00
 W-volume [L]        0.44779E+03  0.44779E+03  0.00000E+00
 In-flow  [L/T]      0.00000E+00  0.00000E+00  0.00000E+00
 h Mean   [L]       -0.27704E+04 -0.27704E+04  0.00000E+00
 Top Flux [L/T]     -0.18849E-05
 Bot Flux [L/T]      0.57768E-03
----------------------------------------------------------

----------------------------------------------------------
 Time       [T]       10.0010
----------------------------------------------------------
 Sub-region num.                     1            2
----------------------------------------------------------
 Length   [L]        0.10000E+04  0.10000E+04  0.00000E+00
 W-volume [L]        0.44779E+03  0.44779E+03  0.00000E+00
 In-flow  [L/T]      0.13447E+00  0.13447E+00  0.00000E+00
 h Mean   [L]       -0.27704E+04 -0.27704E+04  0.00000E+00
 Top Flux [L/T]     -0.26441E-05
 Bot Flux [L/T]      0.57670E-03
 WatBalT  [L]       -0.16643E-04
 WatBalR  [%]             10.131
----------------------------------------------------------

----------------------------------------------------------
 Time       [T]       20.0000
----------------------------------------------------------
 Sub-region num.                     1            2
----------------------------------------------------------
 Length   [L]        0.10000E+04  0.10000E+04  0.00000E+00
 W-volume [L]        0.45397E+03  0.45397E+03  0.00000E+00
 In-flow  [L/T]      0.61857E+00  0.61857E+00  0.00000E+00
 h Mean   [L]       -0.25516E+04 -0.25516E+04  0.00000E+00
 Top Flux [L/T]     -0.59189E+00
 Bot Flux [L/T]     -0.10424E-02
 WatBalT  [L]        0.17643E-04
 WatBalR  [%]              0.000
----------------------------------------------------------

----------------------------------------------------------
 Time       [T]       30.0000
----------------------------------------------------------
 Sub-region num.                     1            2
----------------------------------------------------------
 Length   [L]        0.10000E+04  0.10000E+04  0.00000E+00
 W-volume [L]        0.45586E+03  0.45586E+03  0.00000E+00
 In-flow  [L/T]      0.18860E+00  0.18860E+00  0.00000E+00
 h Mean   [L]       -0.24715E+04 -0.24715E+04  0.00000E+00
 Top Flux [L/T]     -0.18555E+00
 Bot Flux [L/T]     -0.11346E-02
 WatBalT  [L]        0.13256E-03
 WatBalR  [%]              0.002
----------------------------------------------------------

----------------------------------------------------------
 Time       [T]       40.0000
----------------------------------------------------------
 Sub-region num.                     1            2
----------------------------------------------------------
 Length   [L]        0.10000E+04  0.10000E+04  0.00000E+00
 W-volume [L]        0.45695E+03  0.45695E+03  0.00000E+00
 In-flow  [L/T]      0.10862E+00  0.10862E+00  0.00000E+00
 h Mean   [L]       -0.24260E+04 -0.24260E+04  0.00000E+00
 Top Flux [L/T]     -0.10936E+00
 Bot Flux [L/T]     -0.11660E-02
 WatBalT  [L]        0.34332E-04
 WatBalR  [%]              0.000
----------------------------------------------------------

----------------------------------------------------------
 Time       [T]       50.0000
----------------------------------------------------------
 Sub-region num.                     1            2
----------------------------------------------------------
 Length   [L]        0.10000E+04  0.10000E+04  0.00000E+00
 W-volume [L]        0.45733E+03  0.45733E+03  0.00000E+00
 In-flow  [L/T]      0.38634E-01  0.38634E-01  0.00000E+00
 h Mean   [L]       -0.24019E+04 -0.24019E+04  0.00000E+00
 Top Flux [L/T]     -0.44870E-01
 Bot Flux [L/T]     -0.11792E-02
 WatBalT  [L]        0.13351E-03
 WatBalR  [%]              0.001
----------------------------------------------------------

----------------------------------------------------------
 Time       [T]       60.0000
----------------------------------------------------------
 Sub-region num.                     1            2
----------------------------------------------------------
 Length   [L]        0.10000E+04  0.10000E+04  0.00000E+00
 W-volume [L]        0.45752E+03  0.45752E+03  0.00000E+00
 In-flow  [L/T]      0.18651E-01  0.18651E-01  0.00000E+00
 h Mean   [L]       -0.23829E+04 -0.23829E+04  0.00000E+00
 Top Flux [L/T]     -0.25206E-01
 Bot Flux [L/T]     -0.11846E-02
 WatBalT  [L]       -0.31471E-04
 WatBalR  [%]              0.000
----------------------------------------------------------

----------------------------------------------------------
 Time       [T]       70.0000
----------------------------------------------------------
 Sub-region num.                     1            2
----------------------------------------------------------
 Length   [L]        0.10000E+04  0.10000E+04  0.00000E+00
 W-volume [L]        0.45760E+03  0.45760E+03  0.00000E+00
 In-flow  [L/T]      0.86645E-02  0.86645E-02  0.00000E+00
 h Mean   [L]       -0.23691E+04 -0.23691E+04  0.00000E+00
 Top Flux [L/T]     -0.14634E-01
 Bot Flux [L/T]     -0.11859E-02
 WatBalT  [L]        0.24796E-04
 WatBalR  [%]              0.000
----------------------------------------------------------

----------------------------------------------------------
 Time       [T]       80.0000
----------------------------------------------------------
 Sub-region num.                     1            2
----------------------------------------------------------
 Length   [L]        0.10000E+04  0.10000E+04  0.00000E+00
 W-volume [L]        0.45779E+03  0.45779E+03  0.00000E+00
 In-flow  [L/T]      0.18678E-01  0.18678E-01  0.00000E+00
 h Mean   [L]       -0.23570E+04 -0.23570E+04  0.00000E+00
 Top Flux [L/T]     -0.20935E-01
 Bot Flux [L/T]     -0.11850E-02
 WatBalT  [L]        0.47684E-04
 WatBalR  [%]              0.000
----------------------------------------------------------

----------------------------------------------------------
 Time       [T]       90.0000
----------------------------------------------------------
 Sub-region num.                     1            2
----------------------------------------------------------
 Length   [L]        0.10000E+04  0.10000E+04  0.00000E+00
 W-volume [L]        0.45798E+03  0.45798E+03  0.00000E+00
 In-flow  [L/T]      0.18688E-01  0.18688E-01  0.00000E+00
 h Mean   [L]       -0.23460E+04 -0.23460E+04  0.00000E+00
 Top Flux [L/T]     -0.20869E-01
 Bot Flux [L/T]     -0.11826E-02
 WatBalT  [L]        0.28610E-04
 WatBalR  [%]              0.000
----------------------------------------------------------

----------------------------------------------------------
 Time       [T]      100.0000
----------------------------------------------------------
 Sub-region num.                     1            2
----------------------------------------------------------
 Length   [L]        0.10000E+04  0.10000E+04  0.00000E+00
 W-volume [L]        0.45807E+03  0.45807E+03  0.00000E+00
 In-flow  [L/T]      0.86997E-02  0.86997E-02  0.00000E+00
 h Mean   [L]       -0.23358E+04 -0.23358E+04  0.00000E+00
 Top Flux [L/T]     -0.12844E-01
 Bot Flux [L/T]     -0.11793E-02
 WatBalT  [L]        0.14496E-03
 WatBalR  [%]              0.001
----------------------------------------------------------

----------------------------------------------------------
 Time       [T]      110.0000
----------------------------------------------------------
 Sub-region num.                     1            2
----------------------------------------------------------
 Length   [L]        0.10000E+04  0.10000E+04  0.00000E+00
 W-volume [L]        0.45825E+03  0.45825E+03  0.00000E+00
 In-flow  [L/T]      0.18710E-01  0.18710E-01  0.00000E+00
 h Mean   [L]       -0.23254E+04 -0.23254E+04  0.00000E+00
 Top Flux [L/T]     -0.19547E-01
 Bot Flux [L/T]     -0.11754E-02
 WatBalT  [L]        0.10014E-03
 WatBalR  [%]              0.001
----------------------------------------------------------

----------------------------------------------------------
 Time       [T]      120.0000
----------------------------------------------------------
 Sub-region num.                     1            2
----------------------------------------------------------
 Length   [L]        0.10000E+04  0.10000E+04  0.00000E+00
 W-volume [L]        0.45844E+03  0.45844E+03  0.00000E+00
 In-flow  [L/T]      0.18720E-01  0.18720E-01  0.00000E+00
 h Mean   [L]       -0.23157E+04 -0.23157E+04  0.00000E+00
 Top Flux [L/T]     -0.19936E-01
 Bot Flux [L/T]     -0.11710E-02
 WatBalT  [L]        0.67711E-04
 WatBalR  [%]              0.001
----------------------------------------------------------

----------------------------------------------------------
 Time       [T]      130.0000
----------------------------------------------------------
 Sub-region num.                     1            2
----------------------------------------------------------
 Length   [L]        0.10000E+04  0.10000E+04  0.00000E+00
 W-volume [L]        0.45883E+03  0.45883E+03  0.00000E+00
 In-flow  [L/T]      0.38729E-01  0.38729E-01  0.00000E+00
 h Mean   [L]       -0.23049E+04 -0.23049E+04  0.00000E+00
 Top Flux [L/T]     -0.36149E-01
 Bot Flux [L/T]     -0.11664E-02
 WatBalT  [L]        0.49591E-04
 WatBalR  [%]              0.000
----------------------------------------------------------

----------------------------------------------------------
 Time       [T]      140.0000
----------------------------------------------------------
 Sub-region num.                     1            2
----------------------------------------------------------
 Length   [L]        0.10000E+04  0.10000E+04  0.00000E+00
 W-volume [L]        0.45911E+03  0.45911E+03  0.00000E+00
 In-flow  [L/T]      0.28739E-01  0.28739E-01  0.00000E+00
 h Mean   [L]       -0.22947E+04 -0.22947E+04  0.00000E+00
 Top Flux [L/T]     -0.29442E-01
 Bot Flux [L/T]     -0.11616E-02
 WatBalT  [L]        0.88692E-04
 WatBalR  [%]              0.001
----------------------------------------------------------

----------------------------------------------------------
 Time       [T]      150.0000
----------------------------------------------------------
 Sub-region num.                     1            2
----------------------------------------------------------
 Length   [L]        0.10000E+04  0.10000E+04  0.00000E+00
 W-volume [L]        0.45940E+03  0.45940E+03  0.00000E+00
 In-flow  [L/T]      0.28747E-01  0.28747E-01  0.00000E+00
 h Mean   [L]       -0.22845E+04 -0.22845E+04  0.00000E+00
 Top Flux [L/T]     -0.29261E-01
 Bot Flux [L/T]     -0.11566E-02
 WatBalT  [L]       -0.59128E-04
 WatBalR  [%]              0.000
----------------------------------------------------------

----------------------------------------------------------
 Time       [T]      160.0000
----------------------------------------------------------
 Sub-region num.                     1            2
----------------------------------------------------------
 Length   [L]        0.10000E+04  0.10000E+04  0.00000E+00
 W-volume [L]        0.45959E+03  0.45959E+03  0.00000E+00
 In-flow  [L/T]      0.18755E-01  0.18755E-01  0.00000E+00
 h Mean   [L]       -0.22750E+04 -0.22750E+04  0.00000E+00
 Top Flux [L/T]     -0.21377E-01
 Bot Flux [L/T]     -0.11517E-02
 WatBalT  [L]       -0.16212E-04
 WatBalR  [%]              0.000
----------------------------------------------------------

----------------------------------------------------------
 Time       [T]      170.0000
----------------------------------------------------------
 Sub-region num.                     1            2
----------------------------------------------------------
 Length   [L]        0.10000E+04  0.10000E+04  0.00000E+00
 W-volume [L]        0.45978E+03  0.45978E+03  0.00000E+00
 In-flow  [L/T]      0.18765E-01  0.18765E-01  0.00000E+00
 h Mean   [L]       -0.22656E+04 -0.22656E+04  0.00000E+00
 Top Flux [L/T]     -0.20705E-01
 Bot Flux [L/T]     -0.11466E-02
 WatBalT  [L]        0.61035E-04
 WatBalR  [%]              0.000
----------------------------------------------------------

----------------------------------------------------------
 Time       [T]      180.0000
----------------------------------------------------------
 Sub-region num.                     1            2
----------------------------------------------------------
 Length   [L]        0.10000E+04  0.10000E+04  0.00000E+00
 W-volume [L]        0.45986E+03  0.45986E+03  0.00000E+00
 In-flow  [L/T]      0.87720E-02  0.87720E-02  0.00000E+00
 h Mean   [L]       -0.22566E+04 -0.22566E+04  0.00000E+00
 Top Flux [L/T]     -0.12699E-01
 Bot Flux [L/T]     -0.11415E-02
 WatBalT  [L]        0.57220E-04
 WatBalR  [%]              0.000
----------------------------------------------------------

----------------------------------------------------------
 Time       [T]      190.0000
----------------------------------------------------------
 Sub-region num.                     1            2
----------------------------------------------------------
 Length   [L]        0.10000E+04  0.10000E+04  0.00000E+00
 W-volume [L]        0.45995E+03  0.45995E+03  0.00000E+00
 In-flow  [L/T]      0.87779E-02  0.87779E-02  0.00000E+00
 h Mean   [L]       -0.22481E+04 -0.22481E+04  0.00000E+00
 Top Flux [L/T]     -0.11733E-01
 Bot Flux [L/T]     -0.11364E-02
 WatBalT  [L]        0.33379E-04
 WatBalR  [%]              0.000
----------------------------------------------------------

----------------------------------------------------------
 Time       [T]      200.0000
----------------------------------------------------------
 Sub-region num.                     1            2
----------------------------------------------------------
 Length   [L]        0.10000E+04  0.10000E+04  0.00000E+00
 W-volume [L]        0.46004E+03  0.46004E+03  0.00000E+00
 In-flow  [L/T]      0.87862E-02  0.87862E-02  0.00000E+00
 h Mean   [L]       -0.22400E+04 -0.22400E+04  0.00000E+00
 Top Flux [L/T]     -0.11317E-01
 Bot Flux [L/T]     -0.11313E-02
 WatBalT  [L]        0.50545E-04
 WatBalR  [%]              0.000
----------------------------------------------------------

----------------------------------------------------------
 Time       [T]      210.0000
----------------------------------------------------------
 Sub-region num.                     1            2
----------------------------------------------------------
 Length   [L]        0.10000E+04  0.10000E+04  0.00000E+00
 W-volume [L]        0.46013E+03  0.46013E+03  0.00000E+00
 In-flow  [L/T]      0.87926E-02  0.87926E-02  0.00000E+00
 h Mean   [L]       -0.22319E+04 -0.22319E+04  0.00000E+00
 Top Flux [L/T]     -0.11099E-01
 Bot Flux [L/T]     -0.11263E-02
 WatBalT  [L]        0.86784E-04
 WatBalR  [%]              0.001
----------------------------------------------------------

----------------------------------------------------------
 Time       [T]      220.0000
----------------------------------------------------------
 Sub-region num.                     1            2
----------------------------------------------------------
 Length   [L]        0.10000E+04  0.10000E+04  0.00000E+00
 W-volume [L]        0.46022E+03  0.46022E+03  0.00000E+00
 In-flow  [L/T]      0.88002E-02  0.88002E-02  0.00000E+00
 h Mean   [L]       -0.22245E+04 -0.22245E+04  0.00000E+00
 Top Flux [L/T]     -0.11007E-01
 Bot Flux [L/T]     -0.11212E-02
 WatBalT  [L]       -0.24796E-04
 WatBalR  [%]              0.000
----------------------------------------------------------

----------------------------------------------------------
 Time       [T]      230.0000
----------------------------------------------------------
 Sub-region num.                     1            2
----------------------------------------------------------
 Length   [L]        0.10000E+04  0.10000E+04  0.00000E+00
 W-volume [L]        0.46030E+03  0.46030E+03  0.00000E+00
 In-flow  [L/T]      0.88073E-02  0.88073E-02  0.00000E+00
 h Mean   [L]       -0.22171E+04 -0.22171E+04  0.00000E+00
 Top Flux [L/T]     -0.10872E-01
 Bot Flux [L/T]     -0.11162E-02
 WatBalT  [L]        0.39101E-04
 WatBalR  [%]              0.000
----------------------------------------------------------

----------------------------------------------------------
 Time       [T]      240.0000
----------------------------------------------------------
 Sub-region num.                     1            2
----------------------------------------------------------
 Length   [L]        0.10000E+04  0.10000E+04  0.00000E+00
 W-volume [L]        0.46029E+03  0.46029E+03  0.00000E+00
 In-flow  [L/T]     -0.11863E-02 -0.11863E-02  0.00000E+00
 h Mean   [L]       -0.22107E+04 -0.22107E+04  0.00000E+00
 Top Flux [L/T]     -0.46723E-02
 Bot Flux [L/T]     -0.11112E-02
 WatBalT  [L]        0.12207E-03
 WatBalR  [%]              0.001
----------------------------------------------------------

----------------------------------------------------------
 Time       [T]      250.0000
----------------------------------------------------------
 Sub-region num.                     1            2
----------------------------------------------------------
 Length   [L]        0.10000E+04  0.10000E+04  0.00000E+00
 W-volume [L]        0.46038E+03  0.46038E+03  0.00000E+00
 In-flow  [L/T]      0.88193E-02  0.88193E-02  0.00000E+00
 h Mean   [L]       -0.22038E+04 -0.22038E+04  0.00000E+00
 Top Flux [L/T]     -0.97037E-02
 Bot Flux [L/T]     -0.11062E-02
 WatBalT  [L]        0.47684E-04
 WatBalR  [%]              0.000
----------------------------------------------------------

----------------------------------------------------------
 Time       [T]      260.0000
----------------------------------------------------------
 Sub-region num.                     1            2
----------------------------------------------------------
 Length   [L]        0.10000E+04  0.10000E+04  0.00000E+00
 W-volume [L]        0.46037E+03  0.46037E+03  0.00000E+00
 In-flow  [L/T]     -0.11740E-02 -0.11740E-02  0.00000E+00
 h Mean   [L]       -0.21981E+04 -0.21981E+04  0.00000E+00
 Top Flux [L/T]     -0.35324E-02
 Bot Flux [L/T]     -0.11011E-02
 WatBalT  [L]        0.21935E-04
 WatBalR  [%]              0.000
----------------------------------------------------------

----------------------------------------------------------
 Time       [T]      270.0000
----------------------------------------------------------
 Sub-region num.                     1            2
----------------------------------------------------------
 Length   [L]        0.10000E+04  0.10000E+04  0.00000E+00
 W-volume [L]        0.46046E+03  0.46046E+03  0.00000E+00
 In-flow  [L/T]      0.88335E-02  0.88335E-02  0.00000E+00
 h Mean   [L]       -0.21918E+04 -0.21918E+04  0.00000E+00
 Top Flux [L/T]     -0.91129E-02
 Bot Flux [L/T]     -0.10961E-02
 WatBalT  [L]        0.61035E-04
 WatBalR  [%]              0.000
----------------------------------------------------------

----------------------------------------------------------
 Time       [T]      280.0000
----------------------------------------------------------
 Sub-region num.                     1            2
----------------------------------------------------------
 Length   [L]        0.10000E+04  0.10000E+04  0.00000E+00
 W-volume [L]        0.46045E+03  0.46045E+03  0.00000E+00
 In-flow  [L/T]     -0.11606E-02 -0.11606E-02  0.00000E+00
 h Mean   [L]       -0.21864E+04 -0.21864E+04  0.00000E+00
 Top Flux [L/T]     -0.34043E-02
 Bot Flux [L/T]     -0.10909E-02
 WatBalT  [L]        0.00000E+00
 WatBalR  [%]              0.000
----------------------------------------------------------
 
 Calculation time [sec]  0.549999993294477     
