 ******* Program HYDRUS
 ******* 
 Welcome to HYDRUS-1D                                                    
 Date:  30.10.    Time:   4:22:26
 Units: L = mm   , T = min  , M = mmol 

----------------------------------------------------------
 Time       [T]       10.0000
----------------------------------------------------------
 Sub-region num.                     1            2
----------------------------------------------------------
 Length   [L]        0.10000E+04  0.10000E+04  0.00000E+00
 W-volume [L]        0.44818E+03  0.44818E+03  0.00000E+00
 In-flow  [L/T]      0.00000E+00  0.00000E+00  0.00000E+00
 h Mean   [L]       -0.24234E+04 -0.24234E+04  0.00000E+00
 Top Flux [L/T]     -0.21236E-04
 Bot Flux [L/T]     -0.14697E-02
----------------------------------------------------------

----------------------------------------------------------
 Time       [T]       10.0010
----------------------------------------------------------
 Sub-region num.                     1            2
----------------------------------------------------------
 Length   [L]        0.10000E+04  0.10000E+04  0.00000E+00
 W-volume [L]        0.44818E+03  0.44818E+03  0.00000E+00
 In-flow  [L/T]      0.10586E+00  0.10586E+00  0.00000E+00
 h Mean   [L]       -0.24234E+04 -0.24234E+04  0.00000E+00
 Top Flux [L/T]     -0.24054E-04
 Bot Flux [L/T]     -0.14696E-02
 WatBalT  [L]        0.13099E-04
 WatBalR  [%]             11.033
----------------------------------------------------------

----------------------------------------------------------
 Time       [T]       20.0000
----------------------------------------------------------
 Sub-region num.                     1            2
----------------------------------------------------------
 Length   [L]        0.10000E+04  0.10000E+04  0.00000E+00
 W-volume [L]        0.45338E+03  0.45338E+03  0.00000E+00
 In-flow  [L/T]      0.51915E+00  0.51915E+00  0.00000E+00
 h Mean   [L]       -0.23087E+04 -0.23087E+04  0.00000E+00
 Top Flux [L/T]     -0.49605E+00
 Bot Flux [L/T]     -0.10253E-02
 WatBalT  [L]        0.14162E-03
 WatBalR  [%]              0.003
----------------------------------------------------------

----------------------------------------------------------
 Time       [T]       30.0000
----------------------------------------------------------
 Sub-region num.                     1            2
----------------------------------------------------------
 Length   [L]        0.10000E+04  0.10000E+04  0.00000E+00
 W-volume [L]        0.45617E+03  0.45617E+03  0.00000E+00
 In-flow  [L/T]      0.27914E+00  0.27914E+00  0.00000E+00
 h Mean   [L]       -0.22513E+04 -0.22513E+04  0.00000E+00
 Top Flux [L/T]     -0.27373E+00
 Bot Flux [L/T]     -0.97821E-03
 WatBalT  [L]        0.11873E-03
 WatBalR  [%]              0.001
----------------------------------------------------------

----------------------------------------------------------
 Time       [T]       40.0000
----------------------------------------------------------
 Sub-region num.                     1            2
----------------------------------------------------------
 Length   [L]        0.10000E+04  0.10000E+04  0.00000E+00
 W-volume [L]        0.46096E+03  0.46096E+03  0.00000E+00
 In-flow  [L/T]      0.47914E+00  0.47914E+00  0.00000E+00
 h Mean   [L]       -0.21843E+04 -0.21843E+04  0.00000E+00
 Top Flux [L/T]     -0.47799E+00
 Bot Flux [L/T]     -0.96125E-03
 WatBalT  [L]        0.15354E-03
 WatBalR  [%]              0.001
----------------------------------------------------------

----------------------------------------------------------
 Time       [T]       50.0000
----------------------------------------------------------
 Sub-region num.                     1            2
----------------------------------------------------------
 Length   [L]        0.10000E+04  0.10000E+04  0.00000E+00
 W-volume [L]        0.46405E+03  0.46405E+03  0.00000E+00
 In-flow  [L/T]      0.30913E+00  0.30913E+00  0.00000E+00
 h Mean   [L]       -0.21232E+04 -0.21232E+04  0.00000E+00
 Top Flux [L/T]     -0.30891E+00
 Bot Flux [L/T]     -0.95313E-03
 WatBalT  [L]        0.13447E-03
 WatBalR  [%]              0.001
----------------------------------------------------------

----------------------------------------------------------
 Time       [T]       60.0000
----------------------------------------------------------
 Sub-region num.                     1            2
----------------------------------------------------------
 Length   [L]        0.10000E+04  0.10000E+04  0.00000E+00
 W-volume [L]        0.46524E+03  0.46524E+03  0.00000E+00
 In-flow  [L/T]      0.11913E+00  0.11913E+00  0.00000E+00
 h Mean   [L]       -0.20794E+04 -0.20794E+04  0.00000E+00
 Top Flux [L/T]     -0.12262E+00
 Bot Flux [L/T]     -0.94877E-03
 WatBalT  [L]        0.80109E-04
 WatBalR  [%]              0.000
----------------------------------------------------------

----------------------------------------------------------
 Time       [T]       70.0000
----------------------------------------------------------
 Sub-region num.                     1            2
----------------------------------------------------------
 Length   [L]        0.10000E+04  0.10000E+04  0.00000E+00
 W-volume [L]        0.46543E+03  0.46543E+03  0.00000E+00
 In-flow  [L/T]      0.19122E-01  0.19122E-01  0.00000E+00
 h Mean   [L]       -0.20507E+04 -0.20507E+04  0.00000E+00
 Top Flux [L/T]     -0.27649E-01
 Bot Flux [L/T]     -0.94628E-03
 WatBalT  [L]        0.87738E-04
 WatBalR  [%]              0.000
----------------------------------------------------------

----------------------------------------------------------
 Time       [T]       80.0000
----------------------------------------------------------
 Sub-region num.                     1            2
----------------------------------------------------------
 Length   [L]        0.10000E+04  0.10000E+04  0.00000E+00
 W-volume [L]        0.46552E+03  0.46552E+03  0.00000E+00
 In-flow  [L/T]      0.91206E-02  0.91206E-02  0.00000E+00
 h Mean   [L]       -0.20289E+04 -0.20289E+04  0.00000E+00
 Top Flux [L/T]     -0.15824E-01
 Bot Flux [L/T]     -0.94500E-03
 WatBalT  [L]        0.12779E-03
 WatBalR  [%]              0.001
----------------------------------------------------------

----------------------------------------------------------
 Time       [T]       90.0000
----------------------------------------------------------
 Sub-region num.                     1            2
----------------------------------------------------------
 Length   [L]        0.10000E+04  0.10000E+04  0.00000E+00
 W-volume [L]        0.46551E+03  0.46551E+03  0.00000E+00
 In-flow  [L/T]     -0.88495E-03 -0.88495E-03  0.00000E+00
 h Mean   [L]       -0.20116E+04 -0.20116E+04  0.00000E+00
 Top Flux [L/T]     -0.57703E-02
 Bot Flux [L/T]     -0.94445E-03
 WatBalT  [L]        0.13924E-03
 WatBalR  [%]              0.001
----------------------------------------------------------
 
 Calculation time [sec]   1.34000001102686     
