 ******* Program HYDRUS
 ******* 
 Welcome to HYDRUS-1D                                                    
 Date:  27. 8.    Time:  22:27:15
 Units: L = mm   , T = min  , M = mmol 



                               Node(  1)                      Node( 31)                      Node( 52)                      Node(101)

         time            h        theta    Flux           h        theta    Flux           h        theta    Flux           h        theta    Flux  
         10.0001    -4395.84  0.3981 -0.722E-04      -3064.34  0.4170  0.170E-02      -1684.30  0.4659  0.583E-03      -1443.65  0.4787 -0.147E-02
         10.0002    -4395.84  0.3981 -0.722E-04      -3064.34  0.4170  0.170E-02      -1684.30  0.4659  0.583E-03      -1443.65  0.4787 -0.311E-03
         10.0004    -4395.84  0.3981 -0.722E-04      -3064.34  0.4170  0.170E-02      -1684.30  0.4659  0.583E-03      -1443.65  0.4787 -0.504E-03
         10.0006    -4395.84  0.3981 -0.722E-04      -3064.34  0.4170  0.170E-02      -1684.30  0.4659  0.583E-03      -1443.65  0.4787 -0.745E-03
         10.0010    -4395.84  0.3981 -0.722E-04      -3064.34  0.4170  0.170E-02      -1684.30  0.4659  0.583E-03      -1443.65  0.4787 -0.745E-03
         10.0014    -4395.84  0.3981 -0.722E-04      -3064.34  0.4170  0.170E-02      -1684.30  0.4659  0.583E-03      -1443.65  0.4787 -0.667E-03
         10.0019    -4395.84  0.3981 -0.722E-04      -3064.34  0.4170  0.170E-02      -1684.30  0.4659  0.583E-03      -1443.65  0.4787 -0.852E-03
         10.0025    -4395.84  0.3981 -0.722E-04      -3064.34  0.4170  0.170E-02      -1684.30  0.4659  0.583E-03      -1443.65  0.4787 -0.757E-03
         10.0033    -4395.84  0.3981 -0.722E-04      -3064.34  0.4170  0.170E-02      -1684.30  0.4659  0.583E-03      -1443.65  0.4787 -0.738E-03
         10.0044    -4395.84  0.3981  0.683E-04      -3064.34  0.4170  0.170E-02      -1684.30  0.4659  0.583E-03      -1443.64  0.4787 -0.907E-03
         10.0057    -4395.84  0.3981  0.359E-04      -3064.34  0.4170  0.170E-02      -1684.30  0.4659  0.583E-03      -1443.64  0.4787 -0.820E-03
         10.0075    -4395.84  0.3981  0.110E-04      -3064.34  0.4170  0.170E-02      -1684.30  0.4659  0.583E-03      -1443.64  0.4787 -0.886E-03
         10.0099    -4395.84  0.3981 -0.819E-05      -3064.34  0.4170  0.170E-02      -1684.30  0.4659  0.583E-03      -1443.63  0.4787 -0.828E-03
         10.0129    -4395.85  0.3981 -0.229E-04      -3064.34  0.4170  0.170E-02      -1684.30  0.4659  0.583E-03      -1443.63  0.4787 -0.828E-03
         10.0168    -4395.85  0.3981  0.358E-05      -3064.34  0.4170  0.170E-02      -1684.30  0.4659  0.583E-03      -1443.62  0.4787 -0.824E-03
         10.0219    -4395.85  0.3981  0.153E-04      -3064.33  0.4170  0.170E-02      -1684.30  0.4659  0.583E-03      -1443.61  0.4787 -0.855E-03
         10.0286    -4395.86  0.3981 -0.484E-05      -3064.33  0.4170  0.170E-02      -1684.30  0.4659  0.583E-03      -1443.60  0.4787 -0.838E-03
         10.0372    -4395.87  0.3981 -0.308E-05      -3064.32  0.4170  0.170E-02      -1684.30  0.4659  0.583E-03      -1443.58  0.4787 -0.843E-03
         10.0485    -4395.88  0.3981  0.761E-05      -3064.32  0.4170  0.170E-02      -1684.30  0.4659  0.583E-03      -1443.56  0.4787 -0.839E-03
         10.0631    -4395.89  0.3981 -0.456E-06      -3064.31  0.4170  0.170E-02      -1684.30  0.4659  0.583E-03      -1443.53  0.4787 -0.838E-03
         10.0821    -4395.91  0.3981 -0.113E-05      -3064.30  0.4170  0.170E-02      -1684.30  0.4659  0.583E-03      -1443.49  0.4787 -0.837E-03
         10.1068    -4395.93  0.3981  0.838E-06      -3064.29  0.4170  0.170E-02      -1684.30  0.4659  0.583E-03      -1443.44  0.4787 -0.843E-03
         10.1389    -4395.96  0.3981 -0.175E-05      -3064.27  0.4170  0.170E-02      -1684.30  0.4659  0.583E-03      -1443.38  0.4787 -0.840E-03
         10.1807    -4395.99  0.3981  0.288E-06      -3064.25  0.4170  0.170E-02      -1684.30  0.4659  0.583E-03      -1443.30  0.4787 -0.842E-03
         10.2350    -4396.04  0.3981  0.613E-06      -3064.22  0.4170  0.170E-02      -1684.30  0.4659  0.583E-03      -1443.20  0.4788 -0.843E-03
         10.3055    -4396.10  0.3981 -0.645E-06      -3064.18  0.4170  0.170E-02      -1684.30  0.4659  0.583E-03      -1443.07  0.4788 -0.842E-03
         10.3973    -4396.18  0.3981  0.729E-07      -3064.13  0.4170  0.170E-02      -1684.30  0.4659  0.583E-03      -1442.90  0.4788 -0.842E-03
         10.5165    -4396.27  0.3981 -0.369E-06      -3064.07  0.4170  0.170E-02      -1684.30  0.4659  0.583E-03      -1442.69  0.4788 -0.842E-03
         10.6716    -4396.40  0.3981  0.587E-07      -3063.99  0.4170  0.170E-02      -1684.30  0.4659  0.583E-03      -1442.43  0.4788 -0.842E-03
         10.8731    -4396.56  0.3981  0.225E-06      -3063.88  0.4170  0.170E-02      -1684.30  0.4659  0.583E-03      -1442.10  0.4788 -0.843E-03
         11.1351    -4396.77  0.3981 -0.227E-06      -3063.74  0.4170  0.170E-02      -1684.30  0.4659  0.583E-03      -1441.70  0.4788 -0.843E-03
         11.4757    -4397.03  0.3981 -0.458E-08      -3063.56  0.4171  0.171E-02      -1684.30  0.4659  0.583E-03      -1441.21  0.4789 -0.844E-03
         11.9185    -4397.36  0.3981 -0.945E-07      -3063.33  0.4171  0.171E-02      -1684.30  0.4659  0.583E-03      -1440.64  0.4789 -0.844E-03
         12.4941    -4397.77  0.3981 -0.277E-07      -3063.04  0.4171  0.171E-02      -1684.30  0.4659  0.583E-03      -1439.95  0.4790 -0.845E-03
         13.2447    -4398.27  0.3980  0.960E-07      -3062.65  0.4171  0.171E-02      -1684.30  0.4659  0.583E-03      -1439.16  0.4790 -0.846E-03
         14.2097    -4398.88  0.3980 -0.621E-07      -3062.16  0.4171  0.171E-02      -1684.30  0.4659  0.583E-03      -1438.27  0.4791 -0.847E-03
         15.3678    -4399.55  0.3980 -0.517E-07      -3061.58  0.4171  0.171E-02      -1684.29  0.4659  0.583E-03      -1437.33  0.4791 -0.848E-03
         16.9119    -4400.37  0.3980  0.180E-07      -3060.81  0.4171  0.172E-02      -1684.29  0.4659  0.583E-03      -1436.24  0.4792 -0.850E-03
         20.0000    -4401.74  0.3980 -0.270E-07      -3059.30  0.4171  0.172E-02      -1684.29  0.4659  0.582E-03      -1434.48  0.4793 -0.852E-03
         22.5000    -4402.74  0.3980 -0.359E-08      -3058.09  0.4172  0.172E-02      -1684.28  0.4659  0.582E-03      -1433.19  0.4794 -0.854E-03
         26.2500    -4403.97  0.3979  0.104E-07      -3056.29  0.4172  0.173E-02      -1684.28  0.4659  0.582E-03      -1431.56  0.4795 -0.857E-03
         30.0000    -4405.01  0.3979 -0.151E-07      -3054.50  0.4172  0.173E-02      -1684.27  0.4659  0.582E-03      -1430.08  0.4796 -0.859E-03
         30.0001    -4404.89  0.3979 -0.110E+00      -3054.50  0.4172  0.173E-02      -1684.27  0.4659  0.582E-03      -1430.06  0.4796 -0.981E-03
         30.0002    -4404.73  0.3979 -0.110E+00      -3054.50  0.4172  0.173E-02      -1684.27  0.4659  0.582E-03      -1430.07  0.4796 -0.981E-03
         30.0004    -4404.50  0.3979 -0.110E+00      -3054.50  0.4172  0.173E-02      -1684.27  0.4659  0.582E-03      -1430.07  0.4796 -0.981E-03
         30.0006    -4404.21  0.3979 -0.110E+00      -3054.50  0.4172  0.173E-02      -1684.27  0.4659  0.582E-03      -1430.07  0.4796 -0.981E-03
         30.0009    -4403.83  0.3979 -0.110E+00      -3054.50  0.4172  0.173E-02      -1684.27  0.4659  0.582E-03      -1430.07  0.4796 -0.981E-03
         30.0013    -4403.34  0.3980 -0.110E+00      -3054.50  0.4172  0.173E-02      -1684.27  0.4659  0.582E-03      -1430.07  0.4796 -0.981E-03
         30.0018    -4402.70  0.3980 -0.110E+00      -3054.50  0.4172  0.173E-02      -1684.27  0.4659  0.582E-03      -1430.07  0.4796 -0.672E-03
         30.0024    -4401.87  0.3980 -0.110E+00      -3054.50  0.4172  0.173E-02      -1684.27  0.4659  0.582E-03      -1430.07  0.4796 -0.743E-03
         30.0032    -4400.79  0.3980 -0.110E+00      -3054.50  0.4172  0.173E-02      -1684.27  0.4659  0.582E-03      -1430.07  0.4796 -0.798E-03
         30.0043    -4399.39  0.3980 -0.110E+00      -3054.50  0.4172  0.173E-02      -1684.27  0.4659  0.582E-03      -1430.06  0.4796 -0.840E-03
         30.0056    -4397.57  0.3981 -0.110E+00      -3054.50  0.4172  0.173E-02      -1684.27  0.4659  0.582E-03      -1430.06  0.4796 -0.873E-03
         30.0074    -4395.20  0.3981 -0.110E+00      -3054.50  0.4172  0.173E-02      -1684.27  0.4659  0.582E-03      -1430.06  0.4796 -0.898E-03
         30.0098    -4392.12  0.3981 -0.110E+00      -3054.50  0.4172  0.173E-02      -1684.27  0.4659  0.582E-03      -1430.06  0.4796 -0.853E-03
         30.0128    -4388.12  0.3982 -0.110E+00      -3054.50  0.4172  0.173E-02      -1684.27  0.4659  0.582E-03      -1430.06  0.4796 -0.833E-03
         30.0167    -4382.91  0.3983 -0.110E+00      -3054.50  0.4172  0.173E-02      -1684.27  0.4659  0.582E-03      -1430.06  0.4796 -0.867E-03
         30.0218    -4376.15  0.3984 -0.110E+00      -3054.49  0.4173  0.173E-02      -1684.27  0.4659  0.582E-03      -1430.06  0.4796 -0.864E-03
         30.0285    -4367.37  0.3986 -0.110E+00      -3054.49  0.4173  0.173E-02      -1684.27  0.4659  0.582E-03      -1430.06  0.4796 -0.847E-03
         30.0372    -4355.97  0.3987 -0.110E+00      -3054.49  0.4173  0.173E-02      -1684.27  0.4659  0.582E-03      -1430.05  0.4796 -0.860E-03
         30.0484    -4341.15  0.3990 -0.110E+00      -3054.48  0.4173  0.173E-02      -1684.27  0.4659  0.582E-03      -1430.05  0.4796 -0.862E-03
         30.0630    -4321.91  0.3993 -0.110E+00      -3054.47  0.4173  0.173E-02      -1684.27  0.4659  0.582E-03      -1430.04  0.4796 -0.858E-03
         30.0820    -4296.95  0.3997 -0.110E+00      -3054.47  0.4173  0.173E-02      -1684.27  0.4659  0.582E-03      -1430.03  0.4796 -0.855E-03
         30.1067    -4264.58  0.4003 -0.110E+00      -3054.45  0.4173  0.173E-02      -1684.27  0.4659  0.582E-03      -1430.02  0.4796 -0.860E-03
         30.1388    -4222.62  0.4010 -0.110E+00      -3054.44  0.4173  0.173E-02      -1684.27  0.4659  0.582E-03      -1430.01  0.4796 -0.860E-03
         30.1806    -4168.29  0.4019 -0.110E+00      -3054.42  0.4173  0.173E-02      -1684.27  0.4659  0.582E-03      -1430.00  0.4796 -0.859E-03
         30.2349    -4098.05  0.4030 -0.110E+00      -3054.39  0.4173  0.173E-02      -1684.27  0.4659  0.582E-03      -1429.98  0.4796 -0.859E-03
         30.3054    -4007.40  0.4045 -0.110E+00      -3054.36  0.4173  0.173E-02      -1684.27  0.4659  0.582E-03      -1429.95  0.4796 -0.860E-03
         30.3972    -3890.72  0.4065 -0.110E+00      -3054.32  0.4173  0.173E-02      -1684.27  0.4659  0.582E-03      -1429.91  0.4796 -0.860E-03
         30.5164    -3771.54  0.4090 -0.110E+00      -3054.26  0.4173  0.173E-02      -1684.27  0.4659  0.582E-03      -1429.87  0.4796 -0.859E-03
         30.6715    -3624.29  0.4122 -0.110E+00      -3054.18  0.4173  0.173E-02      -1684.27  0.4659  0.582E-03      -1429.81  0.4796 -0.860E-03
         30.8730    -3440.66  0.4162 -0.110E+00      -3054.09  0.4173  0.173E-02      -1684.27  0.4659  0.582E-03      -1429.73  0.4796 -0.859E-03
         31.1350    -3210.41  0.4213 -0.110E+00      -3053.97  0.4173  0.173E-02      -1684.27  0.4659  0.582E-03      -1429.63  0.4796 -0.860E-03
         31.4756    -2962.10  0.4275 -0.110E+00      -3053.82  0.4173  0.173E-02      -1684.27  0.4659  0.581E-03      -1429.51  0.4796 -0.860E-03
         31.9184    -2705.49  0.4349 -0.110E+00      -3053.66  0.4173  0.173E-02      -1684.27  0.4659  0.581E-03      -1429.34  0.4796 -0.860E-03
         32.4940    -2409.63  0.4436 -0.110E+00      -3053.44  0.4173  0.173E-02      -1684.27  0.4659  0.581E-03      -1429.13  0.4796 -0.860E-03
         33.2446    -2174.01  0.4529 -0.110E+00      -3053.16  0.4173  0.174E-02      -1684.27  0.4659  0.581E-03      -1428.87  0.4797 -0.861E-03
         34.2096    -1909.03  0.4624 -0.110E+00      -3052.79  0.4173  0.174E-02      -1684.27  0.4659  0.581E-03      -1428.53  0.4797 -0.862E-03
         35.3677    -1739.65  0.4707 -0.110E+00      -3052.34  0.4173  0.174E-02      -1684.27  0.4659  0.581E-03      -1428.14  0.4797 -0.862E-03
         36.5258    -1599.93  0.4778 -0.110E+00      -3051.89  0.4173  0.174E-02      -1684.27  0.4659  0.581E-03      -1427.75  0.4797 -0.863E-03
         38.2629    -1448.74  0.4859 -0.110E+00      -3051.19  0.4173  0.174E-02      -1684.26  0.4659  0.581E-03      -1427.19  0.4798 -0.864E-03
         40.0000    -1338.92  0.4930 -0.110E+00      -3050.49  0.4174  0.174E-02      -1684.26  0.4659  0.581E-03      -1426.65  0.4798 -0.865E-03
         40.0001    -1340.33  0.4930 -0.520E+00      -3050.49  0.4174  0.174E-02      -1684.26  0.4659  0.581E-03      -1426.65  0.4798 -0.962E-03
         40.0002    -1339.83  0.4930 -0.520E+00      -3050.49  0.4174  0.174E-02      -1684.26  0.4659  0.581E-03      -1426.65  0.4798 -0.962E-03
         40.0004    -1339.86  0.4930 -0.520E+00      -3050.49  0.4174  0.174E-02      -1684.26  0.4659  0.581E-03      -1426.65  0.4798 -0.962E-03
         40.0006    -1339.46  0.4930 -0.520E+00      -3050.49  0.4174  0.174E-02      -1684.26  0.4659  0.581E-03      -1426.65  0.4798 -0.962E-03
         40.0009    -1339.13  0.4930 -0.520E+00      -3050.49  0.4174  0.174E-02      -1684.26  0.4659  0.581E-03      -1426.65  0.4798 -0.962E-03
         40.0013    -1338.60  0.4931 -0.520E+00      -3050.49  0.4174  0.174E-02      -1684.26  0.4659  0.581E-03      -1426.65  0.4798 -0.962E-03
         40.0018    -1337.95  0.4931 -0.520E+00      -3050.49  0.4174  0.174E-02      -1684.26  0.4659  0.581E-03      -1426.65  0.4798 -0.962E-03
         40.0024    -1337.10  0.4932 -0.520E+00      -3050.49  0.4174  0.174E-02      -1684.26  0.4659  0.581E-03      -1426.65  0.4798 -0.962E-03
         40.0032    -1335.99  0.4932 -0.520E+00      -3050.49  0.4174  0.174E-02      -1684.26  0.4659  0.581E-03      -1426.65  0.4798 -0.962E-03
         40.0043    -1334.55  0.4933 -0.520E+00      -3050.49  0.4174  0.174E-02      -1684.26  0.4659  0.581E-03      -1426.65  0.4798 -0.822E-03
         40.0056    -1332.68  0.4934 -0.520E+00      -3050.49  0.4174  0.174E-02      -1684.26  0.4659  0.581E-03      -1426.65  0.4798 -0.854E-03
         40.0074    -1330.26  0.4936 -0.520E+00      -3050.49  0.4174  0.174E-02      -1684.26  0.4659  0.581E-03      -1426.65  0.4798 -0.879E-03
         40.0098    -1327.11  0.4938 -0.520E+00      -3050.49  0.4174  0.174E-02      -1684.26  0.4659  0.581E-03      -1426.65  0.4798 -0.834E-03
         40.0128    -1323.02  0.4941 -0.520E+00      -3050.49  0.4174  0.174E-02      -1684.26  0.4659  0.581E-03      -1426.65  0.4798 -0.864E-03
         40.0167    -1317.72  0.4944 -0.520E+00      -3050.49  0.4174  0.174E-02      -1684.26  0.4659  0.581E-03      -1426.65  0.4798 -0.886E-03
         40.0218    -1310.86  0.4948 -0.520E+00      -3050.48  0.4174  0.174E-02      -1684.26  0.4659  0.581E-03      -1426.65  0.4798 -0.875E-03
         40.0285    -1301.98  0.4954 -0.520E+00      -3050.48  0.4174  0.174E-02      -1684.26  0.4659  0.581E-03      -1426.64  0.4798 -0.873E-03
         40.0372    -1290.50  0.4961 -0.520E+00      -3050.48  0.4174  0.174E-02      -1684.26  0.4659  0.581E-03      -1426.64  0.4798 -0.859E-03
         40.0484    -1275.69  0.4970 -0.520E+00      -3050.47  0.4174  0.174E-02      -1684.26  0.4659  0.581E-03      -1426.64  0.4798 -0.869E-03
         40.0630    -1256.63  0.4982 -0.520E+00      -3050.47  0.4174  0.174E-02      -1684.26  0.4659  0.581E-03      -1426.63  0.4798 -0.870E-03
         40.0820    -1232.19  0.4998 -0.520E+00      -3050.46  0.4174  0.174E-02      -1684.26  0.4659  0.581E-03      -1426.63  0.4798 -0.860E-03
         40.1067    -1201.84  0.5018 -0.520E+00      -3050.45  0.4174  0.174E-02      -1684.26  0.4659  0.581E-03      -1426.62  0.4798 -0.866E-03
         40.1388    -1171.57  0.5042 -0.520E+00      -3050.44  0.4174  0.174E-02      -1684.26  0.4659  0.581E-03      -1426.61  0.4798 -0.865E-03
         40.1806    -1131.86  0.5074 -0.520E+00      -3050.42  0.4174  0.174E-02      -1684.26  0.4659  0.581E-03      -1426.60  0.4798 -0.866E-03
         40.2349    -1084.49  0.5112 -0.520E+00      -3050.40  0.4174  0.174E-02      -1684.26  0.4659  0.581E-03      -1426.58  0.4798 -0.866E-03
         40.3054    -1026.40  0.5158 -0.520E+00      -3050.37  0.4174  0.174E-02      -1684.26  0.4659  0.581E-03      -1426.56  0.4798 -0.865E-03
         40.3972     -957.74  0.5214 -0.520E+00      -3050.33  0.4174  0.174E-02      -1684.26  0.4659  0.581E-03      -1426.53  0.4798 -0.864E-03
         40.5164     -897.47  0.5276 -0.520E+00      -3050.28  0.4174  0.174E-02      -1684.26  0.4659  0.581E-03      -1426.49  0.4798 -0.865E-03
         40.6715     -827.52  0.5344 -0.520E+00      -3050.22  0.4174  0.174E-02      -1684.26  0.4659  0.581E-03      -1426.45  0.4798 -0.865E-03
         40.8730     -752.61  0.5418 -0.520E+00      -3050.14  0.4174  0.174E-02      -1684.26  0.4659  0.581E-03      -1426.38  0.4798 -0.865E-03
         41.1350     -693.32  0.5490 -0.520E+00      -3050.03  0.4174  0.174E-02      -1684.26  0.4659  0.581E-03      -1426.30  0.4798 -0.865E-03
         41.4756     -632.16  0.5569 -0.520E+00      -3049.89  0.4174  0.174E-02      -1684.26  0.4659  0.581E-03      -1426.20  0.4798 -0.865E-03
         41.9184     -572.43  0.5647 -0.520E+00      -3049.71  0.4174  0.174E-02      -1684.26  0.4659  0.581E-03      -1426.07  0.4798 -0.866E-03
         42.3612     -524.66  0.5715 -0.520E+00      -3049.52  0.4174  0.174E-02      -1684.26  0.4659  0.581E-03      -1425.93  0.4798 -0.866E-03
         42.9368     -474.15  0.5791 -0.520E+00      -3049.29  0.4174  0.174E-02      -1684.26  0.4659  0.581E-03      -1425.76  0.4798 -0.866E-03
         43.5124     -439.22  0.5852 -0.520E+00      -3049.05  0.4174  0.175E-02      -1684.26  0.4659  0.581E-03      -1425.60  0.4799 -0.866E-03
         44.0880     -404.35  0.5911 -0.520E+00      -3048.81  0.4174  0.175E-02      -1684.26  0.4659  0.581E-03      -1425.43  0.4799 -0.867E-03
         44.8270     -369.92  0.5974 -0.520E+00      -3048.50  0.4174  0.175E-02      -1684.26  0.4659  0.581E-03      -1425.22  0.4799 -0.867E-03
         45.5660     -341.37  0.6030 -0.520E+00      -3048.19  0.4174  0.175E-02      -1684.26  0.4659  0.581E-03      -1425.00  0.4799 -0.867E-03
         46.3050     -317.90  0.6075 -0.520E+00      -3047.88  0.4174  0.175E-02      -1684.25  0.4659  0.581E-03      -1424.80  0.4799 -0.868E-03
         47.0440     -293.98  0.6123 -0.520E+00      -3047.57  0.4174  0.175E-02      -1684.25  0.4659  0.580E-03      -1424.59  0.4799 -0.868E-03
         48.0293     -272.61  0.6172 -0.520E+00      -3047.16  0.4175  0.175E-02      -1684.25  0.4659  0.580E-03      -1424.32  0.4799 -0.868E-03
         49.0147     -251.61  0.6217 -0.520E+00      -3046.74  0.4175  0.175E-02      -1684.25  0.4659  0.580E-03      -1424.05  0.4800 -0.869E-03
         50.0000     -233.10  0.6259 -0.520E+00      -3046.32  0.4175  0.175E-02      -1684.25  0.4659  0.580E-03      -1423.79  0.4800 -0.869E-03
         50.0001     -232.87  0.6259 -0.279E+00      -3046.32  0.4175  0.175E-02      -1684.25  0.4659  0.580E-03      -1423.79  0.4800 -0.954E-03
         50.0002     -232.95  0.6259 -0.279E+00      -3046.32  0.4175  0.175E-02      -1684.25  0.4659  0.580E-03      -1423.79  0.4800 -0.954E-03
         50.0004     -232.94  0.6259 -0.280E+00      -3046.32  0.4175  0.175E-02      -1684.25  0.4659  0.580E-03      -1423.79  0.4800 -0.954E-03
         50.0006     -233.00  0.6259 -0.280E+00      -3046.32  0.4175  0.175E-02      -1684.25  0.4659  0.580E-03      -1423.79  0.4800 -0.954E-03
         50.0009     -233.04  0.6259 -0.280E+00      -3046.32  0.4175  0.175E-02      -1684.25  0.4659  0.580E-03      -1423.79  0.4800 -0.954E-03
         50.0013     -233.11  0.6258 -0.280E+00      -3046.32  0.4175  0.175E-02      -1684.25  0.4659  0.580E-03      -1423.79  0.4800 -0.953E-03
         50.0018     -233.20  0.6258 -0.280E+00      -3046.32  0.4175  0.175E-02      -1684.25  0.4659  0.580E-03      -1423.79  0.4800 -0.954E-03
         50.0024     -233.31  0.6258 -0.280E+00      -3046.32  0.4175  0.175E-02      -1684.25  0.4659  0.580E-03      -1423.79  0.4800 -0.953E-03
         50.0032     -233.46  0.6258 -0.280E+00      -3046.32  0.4175  0.175E-02      -1684.25  0.4659  0.580E-03      -1423.79  0.4800 -0.954E-03
         50.0043     -233.65  0.6257 -0.280E+00      -3046.32  0.4175  0.175E-02      -1684.25  0.4659  0.580E-03      -1423.79  0.4800 -0.954E-03
         50.0056     -233.89  0.6257 -0.280E+00      -3046.32  0.4175  0.175E-02      -1684.25  0.4659  0.580E-03      -1423.79  0.4800 -0.845E-03
         50.0074     -234.21  0.6256 -0.280E+00      -3046.32  0.4175  0.175E-02      -1684.25  0.4659  0.580E-03      -1423.79  0.4800 -0.870E-03
         50.0098     -234.61  0.6255 -0.280E+00      -3046.32  0.4175  0.175E-02      -1684.25  0.4659  0.580E-03      -1423.78  0.4800 -0.890E-03
         50.0128     -235.13  0.6254 -0.280E+00      -3046.32  0.4175  0.175E-02      -1684.25  0.4659  0.580E-03      -1423.78  0.4800 -0.855E-03
         50.0167     -235.79  0.6252 -0.280E+00      -3046.32  0.4175  0.175E-02      -1684.25  0.4659  0.580E-03      -1423.78  0.4800 -0.878E-03
         50.0218     -236.63  0.6250 -0.280E+00      -3046.32  0.4175  0.175E-02      -1684.25  0.4659  0.580E-03      -1423.78  0.4800 -0.866E-03
         50.0285     -237.77  0.6248 -0.280E+00      -3046.31  0.4175  0.175E-02      -1684.25  0.4659  0.580E-03      -1423.78  0.4800 -0.864E-03
         50.0372     -239.17  0.6245 -0.280E+00      -3046.31  0.4175  0.175E-02      -1684.25  0.4659  0.580E-03      -1423.78  0.4800 -0.867E-03
         50.0484     -240.91  0.6241 -0.280E+00      -3046.30  0.4175  0.175E-02      -1684.25  0.4659  0.580E-03      -1423.77  0.4800 -0.874E-03
         50.0630     -243.02  0.6236 -0.280E+00      -3046.30  0.4175  0.175E-02      -1684.25  0.4659  0.580E-03      -1423.77  0.4800 -0.872E-03
         50.0820     -245.54  0.6230 -0.280E+00      -3046.29  0.4175  0.175E-02      -1684.25  0.4659  0.580E-03      -1423.77  0.4800 -0.867E-03
         50.1067     -248.48  0.6224 -0.280E+00      -3046.28  0.4175  0.175E-02      -1684.25  0.4659  0.580E-03      -1423.76  0.4800 -0.869E-03
         50.1388     -251.85  0.6217 -0.280E+00      -3046.27  0.4175  0.175E-02      -1684.25  0.4659  0.580E-03      -1423.75  0.4800 -0.870E-03
         50.1806     -255.60  0.6208 -0.280E+00      -3046.25  0.4175  0.175E-02      -1684.25  0.4659  0.580E-03      -1423.74  0.4800 -0.868E-03
         50.2349     -259.67  0.6199 -0.280E+00      -3046.22  0.4175  0.175E-02      -1684.25  0.4659  0.580E-03      -1423.72  0.4800 -0.871E-03
         50.3054     -263.96  0.6190 -0.280E+00      -3046.19  0.4175  0.175E-02      -1684.25  0.4659  0.580E-03      -1423.71  0.4800 -0.869E-03
         50.3972     -268.34  0.6180 -0.280E+00      -3046.16  0.4175  0.175E-02      -1684.25  0.4659  0.580E-03      -1423.68  0.4800 -0.869E-03
         50.5164     -272.69  0.6171 -0.280E+00      -3046.11  0.4175  0.175E-02      -1684.25  0.4659  0.580E-03      -1423.65  0.4800 -0.869E-03
         50.6715     -276.88  0.6161 -0.280E+00      -3046.04  0.4175  0.175E-02      -1684.25  0.4659  0.580E-03      -1423.61  0.4800 -0.870E-03
         50.8730     -280.77  0.6153 -0.280E+00      -3045.95  0.4175  0.175E-02      -1684.25  0.4659  0.580E-03      -1423.55  0.4800 -0.869E-03
         51.1350     -284.20  0.6145 -0.280E+00      -3045.84  0.4175  0.175E-02      -1684.25  0.4659  0.580E-03      -1423.48  0.4800 -0.870E-03
         51.4756     -286.93  0.6139 -0.280E+00      -3045.70  0.4175  0.175E-02      -1684.25  0.4659  0.580E-03      -1423.39  0.4800 -0.870E-03
         51.9184     -289.04  0.6135 -0.280E+00      -3045.51  0.4175  0.175E-02      -1684.25  0.4659  0.580E-03      -1423.28  0.4800 -0.870E-03
         52.4940     -290.03  0.6132 -0.280E+00      -3045.26  0.4175  0.175E-02      -1684.25  0.4659  0.580E-03      -1423.13  0.4800 -0.871E-03
         53.2446     -289.45  0.6133 -0.280E+00      -3044.94  0.4175  0.175E-02      -1684.25  0.4659  0.580E-03      -1422.93  0.4800 -0.871E-03
         54.2096     -287.40  0.6139 -0.280E+00      -3044.53  0.4175  0.175E-02      -1684.25  0.4659  0.580E-03      -1422.69  0.4800 -0.871E-03
         55.3677     -282.93  0.6148 -0.280E+00      -3044.04  0.4175  0.175E-02      -1684.25  0.4659  0.580E-03      -1422.40  0.4801 -0.872E-03
         56.9118     -276.11  0.6163 -0.280E+00      -3043.37  0.4176  0.176E-02      -1684.25  0.4659  0.580E-03      -1422.01  0.4801 -0.872E-03
         60.0000     -262.50  0.6194 -0.280E+00      -3042.04  0.4176  0.176E-02      -1684.25  0.4659  0.580E-03      -1421.27  0.4801 -0.874E-03
         60.0001     -262.12  0.6194 -0.480E+00      -3042.04  0.4176  0.176E-02      -1684.25  0.4659  0.580E-03      -1421.27  0.4801 -0.949E-03
         60.0002     -262.18  0.6194 -0.479E+00      -3042.04  0.4176  0.176E-02      -1684.25  0.4659  0.580E-03      -1421.27  0.4801 -0.949E-03
         60.0004     -262.09  0.6194 -0.480E+00      -3042.04  0.4176  0.176E-02      -1684.25  0.4659  0.580E-03      -1421.27  0.4801 -0.949E-03
         60.0006     -262.07  0.6194 -0.480E+00      -3042.04  0.4176  0.176E-02      -1684.25  0.4659  0.580E-03      -1421.27  0.4801 -0.949E-03
         60.0009     -262.00  0.6194 -0.480E+00      -3042.04  0.4176  0.176E-02      -1684.25  0.4659  0.580E-03      -1421.27  0.4801 -0.949E-03
         60.0013     -261.94  0.6194 -0.480E+00      -3042.04  0.4176  0.176E-02      -1684.25  0.4659  0.580E-03      -1421.27  0.4801 -0.949E-03
         60.0018     -261.85  0.6195 -0.480E+00      -3042.04  0.4176  0.176E-02      -1684.25  0.4659  0.580E-03      -1421.27  0.4801 -0.949E-03
         60.0024     -261.73  0.6195 -0.480E+00      -3042.04  0.4176  0.176E-02      -1684.25  0.4659  0.580E-03      -1421.27  0.4801 -0.949E-03
         60.0032     -261.58  0.6195 -0.480E+00      -3042.04  0.4176  0.176E-02      -1684.25  0.4659  0.580E-03      -1421.27  0.4801 -0.949E-03
         60.0043     -261.39  0.6196 -0.480E+00      -3042.04  0.4176  0.176E-02      -1684.25  0.4659  0.580E-03      -1421.27  0.4801 -0.949E-03
         60.0056     -261.14  0.6196 -0.480E+00      -3042.04  0.4176  0.176E-02      -1684.25  0.4659  0.580E-03      -1421.27  0.4801 -0.841E-03
         60.0074     -260.81  0.6197 -0.480E+00      -3042.04  0.4176  0.176E-02      -1684.25  0.4659  0.580E-03      -1421.27  0.4801 -0.866E-03
         60.0098     -260.39  0.6198 -0.480E+00      -3042.04  0.4176  0.176E-02      -1684.25  0.4659  0.580E-03      -1421.27  0.4801 -0.885E-03
         60.0128     -259.86  0.6199 -0.480E+00      -3042.04  0.4176  0.176E-02      -1684.25  0.4659  0.580E-03      -1421.27  0.4801 -0.851E-03
         60.0167     -259.17  0.6201 -0.480E+00      -3042.04  0.4176  0.176E-02      -1684.25  0.4659  0.580E-03      -1421.27  0.4801 -0.873E-03
         60.0218     -258.29  0.6202 -0.480E+00      -3042.04  0.4176  0.176E-02      -1684.25  0.4659  0.580E-03      -1421.27  0.4801 -0.891E-03
         60.0285     -257.18  0.6205 -0.480E+00      -3042.03  0.4176  0.176E-02      -1684.25  0.4659  0.580E-03      -1421.26  0.4801 -0.882E-03
         60.0372     -255.79  0.6208 -0.480E+00      -3042.03  0.4176  0.176E-02      -1684.25  0.4659  0.580E-03      -1421.26  0.4801 -0.880E-03
         60.0484     -254.05  0.6212 -0.480E+00      -3042.02  0.4176  0.176E-02      -1684.25  0.4659  0.580E-03      -1421.26  0.4801 -0.869E-03
         60.0630     -251.91  0.6217 -0.480E+00      -3042.02  0.4176  0.176E-02      -1684.25  0.4659  0.580E-03      -1421.26  0.4801 -0.878E-03
         60.0820     -249.31  0.6222 -0.480E+00      -3042.01  0.4176  0.176E-02      -1684.25  0.4659  0.580E-03      -1421.25  0.4801 -0.871E-03
         60.1067     -246.20  0.6229 -0.480E+00      -3042.00  0.4176  0.176E-02      -1684.25  0.4659  0.580E-03      -1421.25  0.4801 -0.877E-03
         60.1388     -242.56  0.6237 -0.480E+00      -3041.98  0.4176  0.176E-02      -1684.25  0.4659  0.580E-03      -1421.24  0.4801 -0.875E-03
         60.1806     -238.38  0.6246 -0.480E+00      -3041.97  0.4176  0.176E-02      -1684.25  0.4659  0.580E-03      -1421.23  0.4801 -0.874E-03
         60.2349     -233.96  0.6257 -0.480E+00      -3041.94  0.4176  0.176E-02      -1684.25  0.4659  0.580E-03      -1421.21  0.4801 -0.875E-03
         60.3054     -229.25  0.6268 -0.480E+00      -3041.91  0.4176  0.176E-02      -1684.25  0.4659  0.580E-03      -1421.20  0.4801 -0.873E-03
         60.3972     -224.14  0.6280 -0.480E+00      -3041.88  0.4176  0.176E-02      -1684.25  0.4659  0.580E-03      -1421.18  0.4801 -0.874E-03
         60.5164     -218.60  0.6293 -0.480E+00      -3041.82  0.4176  0.176E-02      -1684.25  0.4659  0.580E-03      -1421.15  0.4801 -0.874E-03
         60.6715     -212.65  0.6308 -0.480E+00      -3041.76  0.4176  0.176E-02      -1684.25  0.4659  0.580E-03      -1421.11  0.4801 -0.874E-03
         60.8730     -206.52  0.6322 -0.480E+00      -3041.67  0.4176  0.176E-02      -1684.25  0.4659  0.580E-03      -1421.06  0.4801 -0.874E-03
         61.1350     -199.80  0.6338 -0.480E+00      -3041.56  0.4176  0.176E-02      -1684.25  0.4659  0.580E-03      -1421.00  0.4801 -0.874E-03
         61.4756     -192.32  0.6356 -0.480E+00      -3041.41  0.4176  0.176E-02      -1684.25  0.4659  0.581E-03      -1420.92  0.4801 -0.874E-03
         61.9184     -184.31  0.6376 -0.480E+00      -3041.22  0.4176  0.176E-02      -1684.25  0.4659  0.581E-03      -1420.81  0.4802 -0.874E-03
         62.4940     -175.61  0.6398 -0.480E+00      -3040.97  0.4176  0.176E-02      -1684.25  0.4659  0.581E-03      -1420.68  0.4802 -0.874E-03
         63.2446     -166.50  0.6422 -0.480E+00      -3040.65  0.4176  0.176E-02      -1684.25  0.4659  0.581E-03      -1420.50  0.4802 -0.875E-03
         64.2096     -156.61  0.6446 -0.480E+00      -3040.23  0.4177  0.176E-02      -1684.26  0.4659  0.581E-03      -1420.28  0.4802 -0.875E-03
         65.3677     -145.60  0.6473 -0.480E+00      -3039.73  0.4177  0.176E-02      -1684.26  0.4659  0.581E-03      -1420.02  0.4802 -0.876E-03
         66.9118     -134.00  0.6502 -0.480E+00      -3039.06  0.4177  0.176E-02      -1684.26  0.4659  0.581E-03      -1419.67  0.4802 -0.876E-03
         70.0000     -116.85  0.6549 -0.480E+00      -3037.73  0.4177  0.176E-02      -1684.27  0.4659  0.581E-03      -1418.99  0.4803 -0.877E-03
         70.0001     -117.01  0.6549 -0.309E+00      -3037.73  0.4177  0.176E-02      -1684.27  0.4659  0.581E-03      -1418.99  0.4803 -0.946E-03
         70.0002     -116.99  0.6549 -0.308E+00      -3037.73  0.4177  0.176E-02      -1684.27  0.4659  0.581E-03      -1418.99  0.4803 -0.946E-03
         70.0003     -117.03  0.6549 -0.309E+00      -3037.73  0.4177  0.176E-02      -1684.27  0.4659  0.581E-03      -1418.99  0.4803 -0.946E-03
         70.0004     -117.04  0.6549 -0.310E+00      -3037.73  0.4177  0.176E-02      -1684.27  0.4659  0.581E-03      -1418.99  0.4803 -0.946E-03
         70.0006     -117.07  0.6548 -0.311E+00      -3037.73  0.4177  0.176E-02      -1684.27  0.4659  0.581E-03      -1418.99  0.4803 -0.946E-03
         70.0009     -117.10  0.6548 -0.310E+00      -3037.73  0.4177  0.176E-02      -1684.27  0.4659  0.581E-03      -1418.99  0.4803 -0.946E-03
         70.0012     -117.14  0.6548 -0.310E+00      -3037.73  0.4177  0.176E-02      -1684.27  0.4659  0.581E-03      -1418.99  0.4803 -0.946E-03
         70.0017     -117.19  0.6548 -0.310E+00      -3037.73  0.4177  0.176E-02      -1684.27  0.4659  0.581E-03      -1418.99  0.4803 -0.946E-03
         70.0022     -117.26  0.6548 -0.310E+00      -3037.73  0.4177  0.176E-02      -1684.27  0.4659  0.581E-03      -1418.99  0.4803 -0.946E-03
         70.0030     -117.35  0.6548 -0.310E+00      -3037.73  0.4177  0.176E-02      -1684.27  0.4659  0.581E-03      -1418.99  0.4803 -0.946E-03
         70.0039     -117.47  0.6547 -0.310E+00      -3037.73  0.4177  0.176E-02      -1684.27  0.4659  0.581E-03      -1418.99  0.4803 -0.946E-03
         70.0052     -117.61  0.6547 -0.310E+00      -3037.73  0.4177  0.176E-02      -1684.27  0.4659  0.581E-03      -1418.99  0.4803 -0.828E-03
         70.0068     -117.80  0.6547 -0.310E+00      -3037.73  0.4177  0.176E-02      -1684.27  0.4659  0.581E-03      -1418.98  0.4803 -0.855E-03
         70.0090     -118.05  0.6546 -0.310E+00      -3037.72  0.4177  0.176E-02      -1684.27  0.4659  0.581E-03      -1418.98  0.4803 -0.876E-03
         70.0117     -118.36  0.6545 -0.310E+00      -3037.72  0.4177  0.176E-02      -1684.27  0.4659  0.581E-03      -1418.98  0.4803 -0.892E-03
         70.0153     -118.74  0.6544 -0.310E+00      -3037.72  0.4177  0.176E-02      -1684.27  0.4659  0.581E-03      -1418.98  0.4803 -0.863E-03
         70.0200     -119.22  0.6543 -0.310E+00      -3037.72  0.4177  0.176E-02      -1684.27  0.4659  0.581E-03      -1418.98  0.4803 -0.882E-03
         70.0260     -119.82  0.6541 -0.310E+00      -3037.72  0.4177  0.176E-02      -1684.27  0.4659  0.581E-03      -1418.98  0.4803 -0.873E-03
         70.0339     -120.53  0.6539 -0.310E+00      -3037.71  0.4177  0.176E-02      -1684.27  0.4659  0.581E-03      -1418.98  0.4803 -0.871E-03
         70.0441     -121.39  0.6537 -0.310E+00      -3037.71  0.4177  0.176E-02      -1684.27  0.4659  0.581E-03      -1418.98  0.4803 -0.874E-03
         70.0574     -122.40  0.6534 -0.310E+00      -3037.70  0.4177  0.176E-02      -1684.27  0.4659  0.581E-03      -1418.97  0.4803 -0.879E-03
         70.0747     -123.55  0.6531 -0.310E+00      -3037.70  0.4177  0.176E-02      -1684.27  0.4659  0.581E-03      -1418.97  0.4803 -0.878E-03
         70.0972     -124.85  0.6528 -0.310E+00      -3037.69  0.4177  0.176E-02      -1684.27  0.4659  0.581E-03      -1418.96  0.4803 -0.880E-03
         70.1264     -126.28  0.6524 -0.310E+00      -3037.67  0.4177  0.176E-02      -1684.27  0.4659  0.581E-03      -1418.96  0.4803 -0.875E-03
         70.1644     -127.83  0.6520 -0.310E+00      -3037.66  0.4177  0.176E-02      -1684.27  0.4659  0.581E-03      -1418.95  0.4803 -0.880E-03
         70.2138     -129.48  0.6516 -0.310E+00      -3037.64  0.4177  0.176E-02      -1684.27  0.4659  0.581E-03      -1418.94  0.4803 -0.877E-03
         70.2780     -131.22  0.6511 -0.310E+00      -3037.61  0.4177  0.176E-02      -1684.27  0.4659  0.581E-03      -1418.92  0.4803 -0.877E-03
         70.3615     -133.05  0.6506 -0.310E+00      -3037.57  0.4177  0.176E-02      -1684.27  0.4659  0.581E-03      -1418.91  0.4803 -0.879E-03
         70.4700     -134.94  0.6501 -0.310E+00      -3037.53  0.4177  0.176E-02      -1684.27  0.4659  0.581E-03      -1418.88  0.4803 -0.878E-03
         70.6111     -136.89  0.6496 -0.310E+00      -3037.47  0.4177  0.176E-02      -1684.27  0.4659  0.581E-03      -1418.85  0.4803 -0.878E-03
         70.7945     -138.85  0.6491 -0.310E+00      -3037.39  0.4177  0.176E-02      -1684.27  0.4659  0.581E-03      -1418.81  0.4803 -0.877E-03
         71.0329     -140.79  0.6486 -0.310E+00      -3037.28  0.4177  0.176E-02      -1684.27  0.4659  0.581E-03      -1418.76  0.4803 -0.878E-03
         71.3429     -142.61  0.6481 -0.310E+00      -3037.15  0.4177  0.177E-02      -1684.27  0.4659  0.582E-03      -1418.69  0.4803 -0.878E-03
         71.7458     -144.24  0.6477 -0.310E+00      -3036.97  0.4178  0.177E-02      -1684.27  0.4659  0.582E-03      -1418.60  0.4803 -0.878E-03
         72.2696     -145.50  0.6474 -0.310E+00      -3036.75  0.4178  0.177E-02      -1684.27  0.4659  0.582E-03      -1418.49  0.4803 -0.878E-03
         72.9505     -146.28  0.6472 -0.310E+00      -3036.45  0.4178  0.177E-02      -1684.28  0.4659  0.582E-03      -1418.34  0.4803 -0.878E-03
         73.8317     -146.41  0.6471 -0.310E+00      -3036.07  0.4178  0.177E-02      -1684.28  0.4659  0.582E-03      -1418.16  0.4803 -0.879E-03
         75.0654     -145.57  0.6474 -0.310E+00      -3035.54  0.4178  0.177E-02      -1684.29  0.4659  0.582E-03      -1417.89  0.4803 -0.879E-03
         76.7103     -142.99  0.6481 -0.310E+00      -3034.83  0.4178  0.177E-02      -1684.29  0.4659  0.582E-03      -1417.55  0.4804 -0.880E-03
         78.3551     -139.90  0.6488 -0.310E+00      -3034.12  0.4178  0.177E-02      -1684.30  0.4659  0.583E-03      -1417.21  0.4804 -0.880E-03
         80.0000     -136.74  0.6497 -0.310E+00      -3033.41  0.4179  0.177E-02      -1684.31  0.4659  0.583E-03      -1416.87  0.4804 -0.881E-03
         80.0001     -136.80  0.6497 -0.119E+00      -3033.41  0.4179  0.177E-02      -1684.31  0.4659  0.583E-03      -1416.87  0.4804 -0.945E-03
         80.0002     -136.81  0.6497 -0.119E+00      -3033.41  0.4179  0.177E-02      -1684.31  0.4659  0.583E-03      -1416.87  0.4804 -0.945E-03
         80.0004     -136.84  0.6497 -0.120E+00      -3033.41  0.4179  0.177E-02      -1684.31  0.4659  0.583E-03      -1416.87  0.4804 -0.945E-03
         80.0006     -136.87  0.6497 -0.121E+00      -3033.41  0.4179  0.177E-02      -1684.31  0.4659  0.583E-03      -1416.87  0.4804 -0.945E-03
         80.0009     -136.91  0.6496 -0.120E+00      -3033.41  0.4179  0.177E-02      -1684.31  0.4659  0.583E-03      -1416.87  0.4804 -0.945E-03
         80.0013     -136.97  0.6496 -0.120E+00      -3033.41  0.4179  0.177E-02      -1684.31  0.4659  0.583E-03      -1416.87  0.4804 -0.945E-03
         80.0018     -137.03  0.6496 -0.120E+00      -3033.41  0.4179  0.177E-02      -1684.31  0.4659  0.583E-03      -1416.87  0.4804 -0.945E-03
         80.0024     -137.12  0.6496 -0.120E+00      -3033.41  0.4179  0.177E-02      -1684.31  0.4659  0.583E-03      -1416.87  0.4804 -0.945E-03
         80.0032     -137.23  0.6496 -0.120E+00      -3033.41  0.4179  0.177E-02      -1684.31  0.4659  0.583E-03      -1416.87  0.4804 -0.945E-03
         80.0043     -137.38  0.6495 -0.120E+00      -3033.41  0.4179  0.177E-02      -1684.31  0.4659  0.583E-03      -1416.87  0.4804 -0.945E-03
         80.0056     -137.57  0.6495 -0.120E+00      -3033.41  0.4179  0.177E-02      -1684.31  0.4659  0.583E-03      -1416.87  0.4804 -0.837E-03
         80.0074     -137.81  0.6494 -0.120E+00      -3033.41  0.4179  0.177E-02      -1684.31  0.4659  0.583E-03      -1416.87  0.4804 -0.862E-03
         80.0098     -138.12  0.6493 -0.120E+00      -3033.41  0.4179  0.177E-02      -1684.31  0.4659  0.583E-03      -1416.87  0.4804 -0.881E-03
         80.0128     -138.50  0.6492 -0.120E+00      -3033.41  0.4179  0.177E-02      -1684.31  0.4659  0.583E-03      -1416.87  0.4804 -0.896E-03
         80.0167     -138.99  0.6491 -0.120E+00      -3033.41  0.4179  0.177E-02      -1684.31  0.4659  0.583E-03      -1416.87  0.4804 -0.869E-03
         80.0218     -139.61  0.6489 -0.120E+00      -3033.40  0.4179  0.177E-02      -1684.31  0.4659  0.583E-03      -1416.87  0.4804 -0.887E-03
         80.0285     -140.36  0.6487 -0.120E+00      -3033.40  0.4179  0.177E-02      -1684.31  0.4659  0.583E-03      -1416.87  0.4804 -0.878E-03
         80.0372     -141.29  0.6485 -0.120E+00      -3033.39  0.4179  0.177E-02      -1684.31  0.4659  0.583E-03      -1416.86  0.4804 -0.876E-03
         80.0484     -142.40  0.6482 -0.120E+00      -3033.39  0.4179  0.177E-02      -1684.31  0.4659  0.583E-03      -1416.86  0.4804 -0.879E-03
         80.0630     -143.72  0.6479 -0.120E+00      -3033.38  0.4179  0.177E-02      -1684.31  0.4659  0.583E-03      -1416.86  0.4804 -0.884E-03
         80.0820     -145.26  0.6475 -0.120E+00      -3033.38  0.4179  0.177E-02      -1684.31  0.4659  0.583E-03      -1416.86  0.4804 -0.882E-03
         80.1067     -147.02  0.6470 -0.120E+00      -3033.36  0.4179  0.177E-02      -1684.31  0.4659  0.583E-03      -1416.85  0.4804 -0.879E-03
         80.1388     -149.03  0.6465 -0.120E+00      -3033.35  0.4179  0.177E-02      -1684.31  0.4659  0.583E-03      -1416.84  0.4804 -0.880E-03
         80.1806     -151.33  0.6459 -0.120E+00      -3033.33  0.4179  0.177E-02      -1684.31  0.4659  0.583E-03      -1416.83  0.4804 -0.881E-03
         80.2349     -153.86  0.6452 -0.120E+00      -3033.31  0.4179  0.177E-02      -1684.31  0.4659  0.583E-03      -1416.82  0.4804 -0.882E-03
         80.3054     -156.63  0.6445 -0.120E+00      -3033.28  0.4179  0.177E-02      -1684.31  0.4659  0.583E-03      -1416.81  0.4804 -0.882E-03
         80.3972     -159.67  0.6438 -0.120E+00      -3033.24  0.4179  0.177E-02      -1684.31  0.4659  0.583E-03      -1416.79  0.4804 -0.880E-03
         80.5164     -163.01  0.6429 -0.120E+00      -3033.19  0.4179  0.177E-02      -1684.31  0.4659  0.583E-03      -1416.77  0.4804 -0.881E-03
         80.6715     -166.66  0.6420 -0.120E+00      -3033.12  0.4179  0.177E-02      -1684.31  0.4659  0.583E-03      -1416.73  0.4804 -0.882E-03
         80.8730     -170.65  0.6410 -0.120E+00      -3033.04  0.4179  0.177E-02      -1684.31  0.4659  0.583E-03      -1416.69  0.4804 -0.881E-03
         81.1350     -174.98  0.6399 -0.120E+00      -3032.92  0.4179  0.177E-02      -1684.32  0.4659  0.583E-03      -1416.64  0.4804 -0.881E-03
         81.4756     -179.72  0.6387 -0.120E+00      -3032.78  0.4179  0.177E-02      -1684.32  0.4659  0.584E-03      -1416.57  0.4804 -0.881E-03
         81.9184     -184.96  0.6374 -0.120E+00      -3032.59  0.4179  0.177E-02      -1684.32  0.4659  0.584E-03      -1416.48  0.4804 -0.882E-03
         82.4940     -190.69  0.6360 -0.120E+00      -3032.34  0.4179  0.177E-02      -1684.33  0.4659  0.584E-03      -1416.37  0.4804 -0.882E-03
         83.2446     -196.79  0.6345 -0.120E+00      -3032.01  0.4179  0.177E-02      -1684.33  0.4659  0.584E-03      -1416.22  0.4804 -0.882E-03
         84.2096     -202.95  0.6330 -0.120E+00      -3031.60  0.4179  0.177E-02      -1684.34  0.4659  0.584E-03      -1416.02  0.4805 -0.882E-03
         85.3677     -208.71  0.6316 -0.120E+00      -3031.10  0.4179  0.177E-02      -1684.35  0.4659  0.585E-03      -1415.80  0.4805 -0.883E-03
         86.9118     -214.63  0.6302 -0.120E+00      -3030.44  0.4179  0.177E-02      -1684.36  0.4659  0.585E-03      -1415.49  0.4805 -0.883E-03
         90.0000     -222.59  0.6284 -0.120E+00      -3029.13  0.4180  0.177E-02      -1684.39  0.4659  0.586E-03      -1414.90  0.4805 -0.884E-03
         90.0001     -222.54  0.6284 -0.185E-01      -3029.13  0.4180  0.177E-02      -1684.39  0.4659  0.586E-03      -1414.90  0.4805 -0.944E-03
         90.0002     -222.56  0.6284 -0.196E-01      -3029.13  0.4180  0.177E-02      -1684.39  0.4659  0.586E-03      -1414.90  0.4805 -0.944E-03
         90.0004     -222.56  0.6284 -0.204E-01      -3029.13  0.4180  0.177E-02      -1684.39  0.4659  0.586E-03      -1414.90  0.4805 -0.944E-03
         90.0006     -222.59  0.6284 -0.195E-01      -3029.13  0.4180  0.177E-02      -1684.39  0.4659  0.586E-03      -1414.90  0.4805 -0.944E-03
         90.0009     -222.61  0.6284 -0.202E-01      -3029.13  0.4180  0.177E-02      -1684.39  0.4659  0.586E-03      -1414.90  0.4805 -0.944E-03
         90.0013     -222.64  0.6283 -0.204E-01      -3029.13  0.4180  0.177E-02      -1684.39  0.4659  0.586E-03      -1414.90  0.4805 -0.944E-03
         90.0018     -222.68  0.6283 -0.202E-01      -3029.12  0.4180  0.177E-02      -1684.39  0.4659  0.586E-03      -1414.90  0.4805 -0.944E-03
         90.0024     -222.74  0.6283 -0.201E-01      -3029.13  0.4180  0.177E-02      -1684.39  0.4659  0.586E-03      -1414.90  0.4805 -0.944E-03
         90.0032     -222.81  0.6283 -0.198E-01      -3029.13  0.4180  0.177E-02      -1684.39  0.4659  0.586E-03      -1414.90  0.4805 -0.944E-03
         90.0043     -222.89  0.6283 -0.200E-01      -3029.13  0.4180  0.177E-02      -1684.39  0.4659  0.586E-03      -1414.90  0.4805 -0.944E-03
         90.0056     -223.01  0.6283 -0.200E-01      -3029.13  0.4180  0.177E-02      -1684.39  0.4659  0.586E-03      -1414.90  0.4805 -0.836E-03
         90.0074     -223.16  0.6282 -0.200E-01      -3029.12  0.4180  0.177E-02      -1684.39  0.4659  0.586E-03      -1414.90  0.4805 -0.861E-03
         90.0098     -223.35  0.6282 -0.199E-01      -3029.12  0.4180  0.177E-02      -1684.39  0.4659  0.586E-03      -1414.90  0.4805 -0.880E-03
         90.0128     -223.60  0.6281 -0.200E-01      -3029.12  0.4180  0.177E-02      -1684.39  0.4659  0.586E-03      -1414.90  0.4805 -0.895E-03
         90.0167     -223.91  0.6280 -0.200E-01      -3029.12  0.4180  0.177E-02      -1684.39  0.4659  0.586E-03      -1414.90  0.4805 -0.907E-03
         90.0218     -224.31  0.6280 -0.200E-01      -3029.12  0.4180  0.177E-02      -1684.39  0.4659  0.586E-03      -1414.90  0.4805 -0.886E-03
         90.0285     -224.82  0.6278 -0.200E-01      -3029.11  0.4180  0.177E-02      -1684.39  0.4659  0.586E-03      -1414.89  0.4805 -0.877E-03
         90.0372     -225.45  0.6277 -0.200E-01      -3029.11  0.4180  0.177E-02      -1684.39  0.4659  0.586E-03      -1414.89  0.4805 -0.876E-03
         90.0484     -226.24  0.6275 -0.200E-01      -3029.11  0.4180  0.177E-02      -1684.39  0.4659  0.586E-03      -1414.89  0.4805 -0.878E-03
         90.0630     -227.21  0.6273 -0.200E-01      -3029.10  0.4180  0.177E-02      -1684.39  0.4659  0.586E-03      -1414.89  0.4805 -0.883E-03
         90.0820     -228.39  0.6270 -0.200E-01      -3029.09  0.4180  0.177E-02      -1684.39  0.4659  0.586E-03      -1414.88  0.4805 -0.882E-03
         90.1067     -229.81  0.6266 -0.200E-01      -3029.08  0.4180  0.177E-02      -1684.39  0.4659  0.586E-03      -1414.88  0.4805 -0.884E-03
         90.1388     -231.49  0.6262 -0.200E-01      -3029.07  0.4180  0.177E-02      -1684.39  0.4659  0.586E-03      -1414.87  0.4805 -0.884E-03
         90.1806     -233.45  0.6258 -0.200E-01      -3029.05  0.4180  0.177E-02      -1684.39  0.4659  0.586E-03      -1414.86  0.4805 -0.884E-03
         90.2349     -235.71  0.6252 -0.200E-01      -3029.03  0.4180  0.177E-02      -1684.39  0.4659  0.586E-03      -1414.85  0.4805 -0.884E-03
         90.3054     -238.43  0.6246 -0.200E-01      -3029.00  0.4180  0.177E-02      -1684.39  0.4659  0.586E-03      -1414.84  0.4805 -0.885E-03
         90.3972     -241.53  0.6239 -0.200E-01      -3028.96  0.4180  0.177E-02      -1684.39  0.4659  0.586E-03      -1414.82  0.4805 -0.884E-03
         90.5164     -245.01  0.6232 -0.200E-01      -3028.91  0.4180  0.177E-02      -1684.39  0.4659  0.586E-03      -1414.80  0.4805 -0.884E-03
         90.6715     -248.91  0.6223 -0.200E-01      -3028.84  0.4180  0.177E-02      -1684.39  0.4659  0.586E-03      -1414.77  0.4805 -0.885E-03
         90.8730     -253.32  0.6213 -0.200E-01      -3028.76  0.4180  0.177E-02      -1684.39  0.4659  0.586E-03      -1414.73  0.4805 -0.885E-03
         91.1350     -258.32  0.6202 -0.200E-01      -3028.64  0.4180  0.177E-02      -1684.40  0.4659  0.586E-03      -1414.68  0.4805 -0.885E-03
         91.4756     -264.00  0.6190 -0.200E-01      -3028.50  0.4180  0.177E-02      -1684.40  0.4659  0.587E-03      -1414.62  0.4805 -0.885E-03
         91.9184     -270.46  0.6176 -0.200E-01      -3028.31  0.4180  0.177E-02      -1684.40  0.4659  0.587E-03      -1414.53  0.4805 -0.885E-03
         92.4940     -277.80  0.6159 -0.200E-01      -3028.07  0.4180  0.177E-02      -1684.41  0.4659  0.587E-03      -1414.42  0.4806 -0.885E-03
         93.2446     -286.20  0.6141 -0.200E-01      -3027.75  0.4180  0.177E-02      -1684.42  0.4659  0.587E-03      -1414.28  0.4806 -0.885E-03
         94.2096     -295.69  0.6120 -0.200E-01      -3027.34  0.4180  0.178E-02      -1684.43  0.4659  0.588E-03      -1414.10  0.4806 -0.886E-03
         95.3677     -306.72  0.6098 -0.200E-01      -3026.85  0.4180  0.178E-02      -1684.44  0.4659  0.588E-03      -1413.88  0.4806 -0.886E-03
         96.9118     -319.60  0.6072 -0.200E-01      -3026.19  0.4181  0.178E-02      -1684.46  0.4659  0.589E-03      -1413.60  0.4806 -0.886E-03
        100.0000     -340.55  0.6031 -0.200E-01      -3024.90  0.4181  0.178E-02      -1684.50  0.4659  0.590E-03      -1413.04  0.4806 -0.887E-03
        100.0001     -340.54  0.6031 -0.874E-02      -3024.90  0.4181  0.178E-02      -1684.50  0.4659  0.590E-03      -1413.04  0.4806 -0.944E-03
        100.0002     -340.54  0.6031 -0.106E-01      -3024.90  0.4181  0.178E-02      -1684.50  0.4659  0.590E-03      -1413.04  0.4806 -0.944E-03
        100.0004     -340.54  0.6031 -0.107E-01      -3024.90  0.4181  0.178E-02      -1684.50  0.4659  0.590E-03      -1413.04  0.4806 -0.944E-03
        100.0006     -340.55  0.6031 -0.103E-01      -3024.90  0.4181  0.178E-02      -1684.50  0.4659  0.590E-03      -1413.04  0.4806 -0.944E-03
        100.0009     -340.55  0.6031 -0.990E-02      -3024.90  0.4181  0.178E-02      -1684.50  0.4659  0.590E-03      -1413.04  0.4806 -0.944E-03
        100.0013     -340.56  0.6031 -0.973E-02      -3024.90  0.4181  0.178E-02      -1684.50  0.4659  0.590E-03      -1413.04  0.4806 -0.944E-03
        100.0018     -340.57  0.6031 -0.990E-02      -3024.90  0.4181  0.178E-02      -1684.50  0.4659  0.590E-03      -1413.04  0.4806 -0.944E-03
        100.0024     -340.58  0.6031 -0.993E-02      -3024.90  0.4181  0.178E-02      -1684.50  0.4659  0.590E-03      -1413.04  0.4806 -0.944E-03
        100.0032     -340.59  0.6031 -0.101E-01      -3024.90  0.4181  0.178E-02      -1684.50  0.4659  0.590E-03      -1413.04  0.4806 -0.944E-03
        100.0043     -340.61  0.6031 -0.992E-02      -3024.90  0.4181  0.178E-02      -1684.50  0.4659  0.590E-03      -1413.04  0.4806 -0.804E-03
        100.0056     -340.63  0.6031 -0.100E-01      -3024.90  0.4181  0.178E-02      -1684.50  0.4659  0.590E-03      -1413.04  0.4806 -0.944E-03
        100.0074     -340.66  0.6031 -0.994E-02      -3024.90  0.4181  0.178E-02      -1684.50  0.4659  0.590E-03      -1413.04  0.4806 -0.861E-03
        100.0098     -340.70  0.6031 -0.997E-02      -3024.89  0.4181  0.178E-02      -1684.50  0.4659  0.590E-03      -1413.03  0.4806 -0.880E-03
        100.0128     -340.75  0.6031 -0.100E-01      -3024.89  0.4181  0.178E-02      -1684.50  0.4659  0.590E-03      -1413.03  0.4806 -0.895E-03
        100.0167     -340.81  0.6030 -0.100E-01      -3024.89  0.4181  0.178E-02      -1684.50  0.4659  0.590E-03      -1413.03  0.4806 -0.906E-03
        100.0218     -340.90  0.6030 -0.100E-01      -3024.89  0.4181  0.178E-02      -1684.50  0.4659  0.590E-03      -1413.03  0.4806 -0.886E-03
        100.0285     -341.00  0.6030 -0.999E-02      -3024.89  0.4181  0.178E-02      -1684.50  0.4659  0.590E-03      -1413.03  0.4806 -0.877E-03
        100.0372     -341.14  0.6030 -0.999E-02      -3024.88  0.4181  0.178E-02      -1684.50  0.4659  0.590E-03      -1413.03  0.4806 -0.893E-03
        100.0484     -341.31  0.6030 -0.999E-02      -3024.88  0.4181  0.178E-02      -1684.50  0.4659  0.590E-03      -1413.03  0.4806 -0.891E-03
        100.0630     -341.54  0.6029 -0.999E-02      -3024.87  0.4181  0.178E-02      -1684.50  0.4659  0.590E-03      -1413.03  0.4806 -0.883E-03
        100.0820     -341.82  0.6029 -0.100E-01      -3024.86  0.4181  0.178E-02      -1684.50  0.4659  0.590E-03      -1413.02  0.4806 -0.889E-03
        100.1067     -342.17  0.6028 -0.100E-01      -3024.85  0.4181  0.178E-02      -1684.50  0.4659  0.590E-03      -1413.02  0.4806 -0.890E-03
        100.1388     -342.62  0.6027 -0.100E-01      -3024.84  0.4181  0.178E-02      -1684.50  0.4659  0.590E-03      -1413.01  0.4806 -0.889E-03
        100.1806     -343.17  0.6026 -0.100E-01      -3024.82  0.4181  0.178E-02      -1684.50  0.4659  0.590E-03      -1413.00  0.4806 -0.887E-03
        100.2349     -343.84  0.6025 -0.100E-01      -3024.80  0.4181  0.178E-02      -1684.50  0.4659  0.590E-03      -1412.99  0.4806 -0.887E-03
        100.3054     -344.68  0.6023 -0.100E-01      -3024.77  0.4181  0.178E-02      -1684.51  0.4659  0.590E-03      -1412.98  0.4806 -0.887E-03
        100.3972     -345.70  0.6021 -0.100E-01      -3024.73  0.4181  0.178E-02      -1684.51  0.4659  0.590E-03      -1412.97  0.4806 -0.887E-03
        100.5164     -346.94  0.6018 -0.100E-01      -3024.68  0.4181  0.178E-02      -1684.51  0.4659  0.590E-03      -1412.94  0.4806 -0.887E-03
        100.6715     -348.46  0.6015 -0.100E-01      -3024.62  0.4181  0.178E-02      -1684.51  0.4659  0.590E-03      -1412.92  0.4807 -0.888E-03
        100.8730     -350.31  0.6012 -0.100E-01      -3024.53  0.4181  0.178E-02      -1684.51  0.4659  0.590E-03      -1412.88  0.4807 -0.887E-03
        101.1350     -352.59  0.6007 -0.100E-01      -3024.42  0.4181  0.178E-02      -1684.52  0.4659  0.590E-03      -1412.83  0.4807 -0.887E-03
        101.4756     -355.39  0.6002 -0.100E-01      -3024.28  0.4181  0.178E-02      -1684.52  0.4659  0.591E-03      -1412.77  0.4807 -0.888E-03
        101.9184     -358.83  0.5995 -0.100E-01      -3024.09  0.4181  0.178E-02      -1684.53  0.4659  0.591E-03      -1412.69  0.4807 -0.888E-03
        102.4940     -363.05  0.5987 -0.100E-01      -3023.85  0.4181  0.178E-02      -1684.54  0.4659  0.591E-03      -1412.59  0.4807 -0.888E-03
        103.2446     -368.24  0.5976 -0.100E-01      -3023.54  0.4181  0.178E-02      -1684.55  0.4659  0.591E-03      -1412.45  0.4807 -0.888E-03
        104.2096     -374.54  0.5964 -0.100E-01      -3023.14  0.4182  0.178E-02      -1684.56  0.4659  0.592E-03      -1412.28  0.4807 -0.889E-03
        105.3677     -382.34  0.5950 -0.100E-01      -3022.66  0.4182  0.178E-02      -1684.58  0.4659  0.592E-03      -1412.07  0.4807 -0.889E-03
        106.9118     -392.37  0.5933 -0.100E-01      -3022.02  0.4182  0.178E-02      -1684.61  0.4659  0.593E-03      -1411.80  0.4807 -0.889E-03
        110.0000     -409.72  0.5902 -0.100E-01      -3020.75  0.4182  0.178E-02      -1684.66  0.4659  0.595E-03      -1411.27  0.4808 -0.890E-03
        112.5000     -431.45  0.5866  0.657E-07      -3019.72  0.4182  0.178E-02      -1684.71  0.4659  0.596E-03      -1410.84  0.4808 -0.891E-03
        116.2500     -453.55  0.5825  0.438E-07      -3018.20  0.4183  0.178E-02      -1684.79  0.4659  0.598E-03      -1410.21  0.4808 -0.892E-03
        120.0000     -473.96  0.5791 -0.186E-07      -3016.69  0.4183  0.178E-02      -1684.87  0.4659  0.600E-03      -1409.59  0.4809 -0.893E-03
        125.0000     -500.05  0.5753 -0.231E-07      -3014.71  0.4184  0.178E-02      -1684.99  0.4659  0.603E-03      -1408.77  0.4809 -0.894E-03
        130.0000     -523.69  0.5718 -0.224E-07      -3012.76  0.4184  0.178E-02      -1685.13  0.4659  0.606E-03      -1407.98  0.4810 -0.896E-03
        135.0000     -545.07  0.5686 -0.277E-07      -3010.83  0.4185  0.178E-02      -1685.27  0.4659  0.610E-03      -1407.19  0.4810 -0.897E-03
        140.0000     -564.49  0.5658 -0.526E-07      -3008.93  0.4186  0.178E-02      -1685.42  0.4659  0.613E-03      -1406.43  0.4811 -0.898E-03
end
