 ******* Program HYDRUS
 ******* 
 Welcome to HYDRUS-1D                                                    
 Date:  25. 9.    Time:  15: 0:46
 Units: L = mm   , T = min  , M = mmol 

       Time          rTop        rRoot        vTop         vRoot        vBot       sum(rTop)   sum(rRoot)    sum(vTop)   sum(vRoot)    sum(vBot)      hTop         hRoot        hBot        RunOff    sum(RunOff)     Volume     sum(Infil)    sum(Evap) TLevel Cum(WTrans)  SnowLayer
        [T]         [L/T]        [L/T]        [L/T]        [L/T]        [L/T]         [L]          [L]          [L]         [L]           [L]         [L]           [L]         [L]          [L/T]         [L]          [L]          [L]          [L]

      10.0001 -0.11000E+00  0.00000E+00 -0.11030E+00  0.00000E+00 -0.14697E-02 -0.11000E-04  0.00000E+00 -0.11030E-04  0.00000E+00 -0.14697E-06 -0.43957E+04  0.00000E+00 -0.14437E+04  0.29574E-03  0.29574E-07  0.44818E+03  0.11030E-04  0.00000E+00      1  0.00000E+00      0.000
      10.0002 -0.11000E+00  0.00000E+00 -0.11030E+00  0.00000E+00 -0.14697E-02 -0.22000E-04  0.00000E+00 -0.22059E-04  0.00000E+00 -0.29394E-06 -0.43956E+04  0.00000E+00 -0.14437E+04  0.29606E-03  0.59179E-07  0.44818E+03  0.22059E-04  0.00000E+00      2  0.00000E+00      0.000
      10.0003 -0.11000E+00  0.00000E+00 -0.10955E+00  0.00000E+00 -0.14697E-02 -0.36667E-04  0.00000E+00 -0.36666E-04  0.00000E+00 -0.48990E-06 -0.43954E+04  0.00000E+00 -0.14437E+04  0.44852E-03  0.11898E-06  0.44818E+03  0.36666E-04  0.00000E+00      3  0.00000E+00      0.000
      10.0005 -0.11000E+00  0.00000E+00 -0.11000E+00  0.00000E+00 -0.57561E-03 -0.55000E-04  0.00000E+00 -0.54999E-04  0.00000E+00 -0.58583E-06 -0.43952E+04  0.00000E+00 -0.14437E+04  0.00000E+00  0.11898E-06  0.44818E+03  0.54999E-04  0.00000E+00      4  0.00000E+00      0.000
      10.0008 -0.11000E+00  0.00000E+00 -0.11030E+00  0.00000E+00 -0.87360E-03 -0.82500E-04  0.00000E+00 -0.82574E-04  0.00000E+00 -0.80423E-06 -0.43948E+04  0.00000E+00 -0.14437E+04  0.29801E-03  0.19348E-06  0.44818E+03  0.82574E-04  0.00000E+00      5  0.00000E+00      0.000
      10.0010 -0.11000E+00  0.00000E+00 -0.10970E+00  0.00000E+00 -0.87357E-03 -0.11000E-03  0.00000E+00 -0.11000E-03  0.00000E+00 -0.10226E-05 -0.43945E+04  0.00000E+00 -0.14437E+04  0.29714E-03  0.26777E-06  0.44818E+03  0.11000E-03  0.00000E+00      6  0.00000E+00      0.000
      10.0011 -0.52000E+00  0.00000E+00 -0.52008E+00  0.00000E+00 -0.14696E-02 -0.16200E-03  0.00000E+00 -0.16201E-03  0.00000E+00 -0.11696E-05 -0.43938E+04  0.00000E+00 -0.14437E+04  0.82672E-04  0.27603E-06  0.44818E+03  0.16201E-03  0.00000E+00      7  0.00000E+00      0.000
      10.0012 -0.52000E+00  0.00000E+00 -0.52043E+00  0.00000E+00 -0.32334E-03 -0.22960E-03  0.00000E+00 -0.22966E-03  0.00000E+00 -0.12116E-05 -0.43931E+04  0.00000E+00 -0.14437E+04  0.42862E-03  0.33176E-06  0.44818E+03  0.22966E-03  0.00000E+00      8  0.00000E+00      0.000
      10.0014 -0.52000E+00  0.00000E+00 -0.52026E+00  0.00000E+00 -0.58779E-03 -0.31748E-03  0.00000E+00 -0.31759E-03  0.00000E+00 -0.13110E-05 -0.43920E+04  0.00000E+00 -0.14437E+04  0.25517E-03  0.37488E-06  0.44818E+03  0.31759E-03  0.00000E+00      9  0.00000E+00      0.000
      10.0016 -0.52000E+00  0.00000E+00 -0.52026E+00  0.00000E+00 -0.79123E-03 -0.43172E-03  0.00000E+00 -0.43189E-03  0.00000E+00 -0.14848E-05 -0.43906E+04  0.00000E+00 -0.14437E+04  0.25886E-03  0.43175E-06  0.44818E+03  0.43189E-03  0.00000E+00     10  0.00000E+00      0.000
      10.0019 -0.52000E+00  0.00000E+00 -0.52021E+00  0.00000E+00 -0.94771E-03 -0.58024E-03  0.00000E+00 -0.58046E-03  0.00000E+00 -0.17555E-05 -0.43889E+04  0.00000E+00 -0.14437E+04  0.21154E-03  0.49217E-06  0.44818E+03  0.58046E-03  0.00000E+00     11  0.00000E+00      0.000
      10.0023 -0.52000E+00  0.00000E+00 -0.51978E+00  0.00000E+00 -0.66674E-03 -0.77331E-03  0.00000E+00 -0.77345E-03  0.00000E+00 -0.20030E-05 -0.43865E+04  0.00000E+00 -0.14437E+04  0.22364E-03  0.57520E-06  0.44818E+03  0.77345E-03  0.00000E+00     12  0.00000E+00      0.000
      10.0028 -0.52000E+00  0.00000E+00 -0.51994E+00  0.00000E+00 -0.85184E-03 -0.10243E-02  0.00000E+00 -0.10244E-02  0.00000E+00 -0.24142E-05 -0.43835E+04  0.00000E+00 -0.14436E+04  0.61095E-04  0.60469E-06  0.44818E+03  0.10244E-02  0.00000E+00     13  0.00000E+00      0.000
      10.0034 -0.52000E+00  0.00000E+00 -0.52014E+00  0.00000E+00 -0.75675E-03 -0.13506E-02  0.00000E+00 -0.13508E-02  0.00000E+00 -0.28890E-05 -0.43796E+04  0.00000E+00 -0.14436E+04  0.13953E-03  0.69225E-06  0.44819E+03  0.13508E-02  0.00000E+00     14  0.00000E+00      0.000
      10.0042 -0.52000E+00  0.00000E+00 -0.51997E+00  0.00000E+00 -0.73835E-03 -0.17748E-02  0.00000E+00 -0.17750E-02  0.00000E+00 -0.34913E-05 -0.43745E+04  0.00000E+00 -0.14436E+04  0.29266E-04  0.71612E-06  0.44819E+03  0.17750E-02  0.00000E+00     15  0.00000E+00      0.000
      10.0053 -0.52000E+00  0.00000E+00 -0.52002E+00  0.00000E+00 -0.90676E-03 -0.23262E-02  0.00000E+00 -0.23264E-02  0.00000E+00 -0.44529E-05 -0.43679E+04  0.00000E+00 -0.14436E+04  0.16928E-04  0.73407E-06  0.44819E+03  0.23264E-02  0.00000E+00     16  0.00000E+00      0.000
      10.0066 -0.52000E+00  0.00000E+00 -0.52004E+00  0.00000E+00 -0.82012E-03 -0.30431E-02  0.00000E+00 -0.30433E-02  0.00000E+00 -0.55835E-05 -0.43592E+04  0.00000E+00 -0.14436E+04  0.40531E-04  0.78995E-06  0.44819E+03  0.30433E-02  0.00000E+00     17  0.00000E+00      0.000
      10.0084 -0.52000E+00  0.00000E+00 -0.51999E+00  0.00000E+00 -0.88629E-03 -0.39750E-02  0.00000E+00 -0.39752E-02  0.00000E+00 -0.71719E-05 -0.43480E+04  0.00000E+00 -0.14436E+04  0.11802E-04  0.81110E-06  0.44819E+03  0.39752E-02  0.00000E+00     18  0.00000E+00      0.000
      10.0108 -0.52000E+00  0.00000E+00 -0.51999E+00  0.00000E+00 -0.82841E-03 -0.51865E-02  0.00000E+00 -0.51867E-02  0.00000E+00 -0.91019E-05 -0.43335E+04  0.00000E+00 -0.14436E+04  0.00000E+00  0.81110E-06  0.44819E+03  0.51867E-02  0.00000E+00     19  0.00000E+00      0.000
      10.0138 -0.52000E+00  0.00000E+00 -0.51999E+00  0.00000E+00 -0.82787E-03 -0.67614E-02  0.00000E+00 -0.67616E-02  0.00000E+00 -0.11609E-04 -0.43145E+04  0.00000E+00 -0.14436E+04  0.10788E-04  0.84377E-06  0.44819E+03  0.67616E-02  0.00000E+00     20  0.00000E+00      0.000
      10.0177 -0.52000E+00  0.00000E+00 -0.52001E+00  0.00000E+00 -0.82345E-03 -0.88089E-02  0.00000E+00 -0.88091E-02  0.00000E+00 -0.14852E-04 -0.42899E+04  0.00000E+00 -0.14436E+04  0.13530E-04  0.89705E-06  0.44819E+03  0.88091E-02  0.00000E+00     21  0.00000E+00      0.000
      10.0228 -0.52000E+00  0.00000E+00 -0.52000E+00  0.00000E+00 -0.85461E-03 -0.11471E-01  0.00000E+00 -0.11471E-01  0.00000E+00 -0.19226E-04 -0.42579E+04  0.00000E+00 -0.14436E+04  0.00000E+00  0.89705E-06  0.44820E+03  0.11471E-01  0.00000E+00     22  0.00000E+00      0.000
      10.0295 -0.52000E+00  0.00000E+00 -0.52000E+00  0.00000E+00 -0.83787E-03 -0.14931E-01  0.00000E+00 -0.14931E-01  0.00000E+00 -0.24801E-04 -0.42163E+04  0.00000E+00 -0.14436E+04  0.00000E+00  0.89705E-06  0.44820E+03  0.14931E-01  0.00000E+00     23  0.00000E+00      0.000
      10.0382 -0.52000E+00  0.00000E+00 -0.51999E+00  0.00000E+00 -0.84335E-03 -0.19429E-01  0.00000E+00 -0.19429E-01  0.00000E+00 -0.32097E-04 -0.41623E+04  0.00000E+00 -0.14436E+04  0.00000E+00  0.89705E-06  0.44820E+03  0.19429E-01  0.00000E+00     24  0.00000E+00      0.000
      10.0494 -0.52000E+00  0.00000E+00 -0.52000E+00  0.00000E+00 -0.83896E-03 -0.25277E-01  0.00000E+00 -0.25277E-01  0.00000E+00 -0.41531E-04 -0.40920E+04  0.00000E+00 -0.14436E+04  0.00000E+00  0.89705E-06  0.44821E+03  0.25277E-01  0.00000E+00     25  0.00000E+00      0.000
      10.0640 -0.52000E+00  0.00000E+00 -0.52000E+00  0.00000E+00 -0.83761E-03 -0.32879E-01  0.00000E+00 -0.32879E-01  0.00000E+00 -0.53776E-04 -0.40008E+04  0.00000E+00 -0.14435E+04  0.00000E+00  0.89705E-06  0.44822E+03  0.32879E-01  0.00000E+00     26  0.00000E+00      0.000
      10.0830 -0.52000E+00  0.00000E+00 -0.52000E+00  0.00000E+00 -0.84484E-03 -0.42761E-01  0.00000E+00 -0.42761E-01  0.00000E+00 -0.69832E-04 -0.38823E+04  0.00000E+00 -0.14435E+04  0.00000E+00  0.89705E-06  0.44823E+03  0.42761E-01  0.00000E+00     27  0.00000E+00      0.000
      10.1077 -0.52000E+00  0.00000E+00 -0.52000E+00  0.00000E+00 -0.84342E-03 -0.55608E-01  0.00000E+00 -0.55609E-01  0.00000E+00 -0.90670E-04 -0.37623E+04  0.00000E+00 -0.14434E+04  0.00000E+00  0.89705E-06  0.44824E+03  0.55609E-01  0.00000E+00     28  0.00000E+00      0.000
      10.1398 -0.52000E+00  0.00000E+00 -0.52000E+00  0.00000E+00 -0.83984E-03 -0.72310E-01  0.00000E+00 -0.72310E-01  0.00000E+00 -0.11764E-03 -0.36080E+04  0.00000E+00 -0.14434E+04  0.00000E+00  0.89705E-06  0.44826E+03  0.72310E-01  0.00000E+00     29  0.00000E+00      0.000
      10.1816 -0.52000E+00  0.00000E+00 -0.52000E+00  0.00000E+00 -0.84167E-03 -0.94022E-01  0.00000E+00 -0.94022E-01  0.00000E+00 -0.15279E-03 -0.34122E+04  0.00000E+00 -0.14433E+04  0.00000E+00  0.89705E-06  0.44828E+03  0.94022E-01  0.00000E+00     30  0.00000E+00      0.000
      10.2359 -0.52000E+00  0.00000E+00 -0.52000E+00  0.00000E+00 -0.84025E-03 -0.12225E+00  0.00000E+00 -0.12225E+00  0.00000E+00 -0.19840E-03 -0.31578E+04  0.00000E+00 -0.14432E+04  0.00000E+00  0.89705E-06  0.44831E+03  0.12225E+00  0.00000E+00     31  0.00000E+00      0.000
      10.3064 -0.52000E+00  0.00000E+00 -0.52000E+00  0.00000E+00 -0.84224E-03 -0.15894E+00  0.00000E+00 -0.15894E+00  0.00000E+00 -0.25783E-03 -0.28892E+04  0.00000E+00 -0.14431E+04  0.00000E+00  0.89705E-06  0.44834E+03  0.15894E+00  0.00000E+00     32  0.00000E+00      0.000
      10.3982 -0.52000E+00  0.00000E+00 -0.52000E+00  0.00000E+00 -0.84165E-03 -0.20664E+00  0.00000E+00 -0.20664E+00  0.00000E+00 -0.33504E-03 -0.25630E+04  0.00000E+00 -0.14429E+04  0.00000E+00  0.89705E-06  0.44839E+03  0.20664E+00  0.00000E+00     33  0.00000E+00      0.000
      10.5174 -0.52000E+00  0.00000E+00 -0.52000E+00  0.00000E+00 -0.84202E-03 -0.26865E+00  0.00000E+00 -0.26865E+00  0.00000E+00 -0.43545E-03 -0.22206E+04  0.00000E+00 -0.14427E+04  0.00000E+00  0.89705E-06  0.44845E+03  0.26865E+00  0.00000E+00     34  0.00000E+00      0.000
      10.6725 -0.52000E+00  0.00000E+00 -0.52000E+00  0.00000E+00 -0.84235E-03 -0.34927E+00  0.00000E+00 -0.34927E+00  0.00000E+00 -0.56604E-03 -0.18459E+04  0.00000E+00 -0.14424E+04  0.00000E+00  0.89705E-06  0.44853E+03  0.34927E+00  0.00000E+00     35  0.00000E+00      0.000
      10.8740 -0.52000E+00  0.00000E+00 -0.52000E+00  0.00000E+00 -0.84268E-03 -0.45407E+00  0.00000E+00 -0.45407E+00  0.00000E+00 -0.73587E-03 -0.14891E+04  0.00000E+00 -0.14421E+04  0.00000E+00  0.89705E-06  0.44864E+03  0.45407E+00  0.00000E+00     36  0.00000E+00      0.000
      11.1360 -0.52000E+00  0.00000E+00 -0.52000E+00  0.00000E+00 -0.84334E-03 -0.59031E+00  0.00000E+00 -0.59031E+00  0.00000E+00 -0.95683E-03 -0.11532E+04  0.00000E+00 -0.14417E+04  0.00000E+00  0.89705E-06  0.44877E+03  0.59031E+00  0.00000E+00     37  0.00000E+00      0.000
      11.3980 -0.52000E+00  0.00000E+00 -0.52000E+00  0.00000E+00 -0.84359E-03 -0.72655E+00  0.00000E+00 -0.72655E+00  0.00000E+00 -0.11778E-02 -0.93721E+03  0.00000E+00 -0.14413E+04  0.00000E+00  0.89705E-06  0.44891E+03  0.72655E+00  0.00000E+00     38  0.00000E+00      0.000
      11.6600 -0.52000E+00  0.00000E+00 -0.52000E+00  0.00000E+00 -0.84386E-03 -0.86279E+00  0.00000E+00 -0.86279E+00  0.00000E+00 -0.13989E-02 -0.79614E+03  0.00000E+00 -0.14410E+04  0.00000E+00  0.89705E-06  0.44905E+03  0.86279E+00  0.00000E+00     39  0.00000E+00      0.000
      11.9220 -0.52000E+00  0.00000E+00 -0.52000E+00  0.00000E+00 -0.84386E-03 -0.99903E+00  0.00000E+00 -0.99903E+00  0.00000E+00 -0.16200E-02 -0.69620E+03  0.00000E+00 -0.14406E+04  0.00000E+00  0.89705E-06  0.44918E+03  0.99903E+00  0.00000E+00     40  0.00000E+00      0.000
      12.2626 -0.52000E+00  0.00000E+00 -0.52000E+00  0.00000E+00 -0.84452E-03 -0.11761E+01  0.00000E+00 -0.11761E+01  0.00000E+00 -0.19077E-02 -0.60129E+03  0.00000E+00 -0.14402E+04  0.00000E+00  0.89705E-06  0.44936E+03  0.11761E+01  0.00000E+00     41  0.00000E+00      0.000
      12.7054 -0.52000E+00  0.00000E+00 -0.52000E+00  0.00000E+00 -0.84499E-03 -0.14064E+01  0.00000E+00 -0.14064E+01  0.00000E+00 -0.22818E-02 -0.52323E+03  0.00000E+00 -0.14397E+04  0.00000E+00  0.89705E-06  0.44959E+03  0.14064E+01  0.00000E+00     42  0.00000E+00      0.000
      13.2810 -0.52000E+00  0.00000E+00 -0.52000E+00  0.00000E+00 -0.84601E-03 -0.17057E+01  0.00000E+00 -0.17057E+01  0.00000E+00 -0.27688E-02 -0.44456E+03  0.00000E+00 -0.14391E+04  0.00000E+00  0.89705E-06  0.44989E+03  0.17057E+01  0.00000E+00     43  0.00000E+00      0.000
      13.8566 -0.52000E+00  0.00000E+00 -0.52000E+00  0.00000E+00 -0.84656E-03 -0.20050E+01  0.00000E+00 -0.20050E+01  0.00000E+00 -0.32561E-02 -0.37992E+03  0.00000E+00 -0.14385E+04  0.00000E+00  0.89705E-06  0.45019E+03  0.20050E+01  0.00000E+00     44  0.00000E+00      0.000
      14.4322 -0.52000E+00  0.00000E+00 -0.52000E+00  0.00000E+00 -0.84715E-03 -0.23043E+01  0.00000E+00 -0.23043E+01  0.00000E+00 -0.37437E-02 -0.33303E+03  0.00000E+00 -0.14380E+04  0.00000E+00  0.89705E-06  0.45048E+03  0.23043E+01  0.00000E+00     45  0.00000E+00      0.000
      14.9890 -0.52000E+00  0.00000E+00 -0.52000E+00  0.00000E+00 -0.84779E-03 -0.25939E+01  0.00000E+00 -0.25939E+01  0.00000E+00 -0.42157E-02 -0.29249E+03  0.00000E+00 -0.14376E+04  0.00000E+00  0.89705E-06  0.45077E+03  0.25939E+01  0.00000E+00     46  0.00000E+00      0.000
      15.5458 -0.52000E+00  0.00000E+00 -0.52000E+00  0.00000E+00 -0.84825E-03 -0.28834E+01  0.00000E+00 -0.28834E+01  0.00000E+00 -0.46880E-02 -0.26093E+03  0.00000E+00 -0.14371E+04  0.00000E+00  0.89705E-06  0.45106E+03  0.28834E+01  0.00000E+00     47  0.00000E+00      0.000
      16.1025 -0.52000E+00  0.00000E+00 -0.52000E+00  0.00000E+00 -0.84887E-03 -0.31729E+01  0.00000E+00 -0.31729E+01  0.00000E+00 -0.51607E-02 -0.23411E+03  0.00000E+00 -0.14367E+04  0.00000E+00  0.89705E-06  0.45135E+03  0.31729E+01  0.00000E+00     48  0.00000E+00      0.000
      16.6593 -0.52000E+00  0.00000E+00 -0.52000E+00  0.00000E+00 -0.84937E-03 -0.34624E+01  0.00000E+00 -0.34624E+01  0.00000E+00 -0.56336E-02 -0.21307E+03  0.00000E+00 -0.14363E+04  0.00000E+00  0.89705E-06  0.45164E+03  0.34624E+01  0.00000E+00     49  0.00000E+00      0.000
      17.2161 -0.52000E+00  0.00000E+00 -0.52000E+00  0.00000E+00 -0.84992E-03 -0.37520E+01  0.00000E+00 -0.37520E+01  0.00000E+00 -0.61068E-02 -0.19276E+03  0.00000E+00 -0.14360E+04  0.00000E+00  0.89705E-06  0.45193E+03  0.37520E+01  0.00000E+00     50  0.00000E+00      0.000
      17.9121 -0.52000E+00  0.00000E+00 -0.52000E+00  0.00000E+00 -0.85066E-03 -0.41139E+01  0.00000E+00 -0.41139E+01  0.00000E+00 -0.66988E-02 -0.17398E+03  0.00000E+00 -0.14355E+04  0.00000E+00  0.89705E-06  0.45229E+03  0.41139E+01  0.00000E+00     51  0.00000E+00      0.000
      18.6081 -0.52000E+00  0.00000E+00 -0.52000E+00  0.00000E+00 -0.85126E-03 -0.44758E+01  0.00000E+00 -0.44758E+01  0.00000E+00 -0.72913E-02 -0.15522E+03  0.00000E+00 -0.14351E+04  0.00000E+00  0.89705E-06  0.45265E+03  0.44758E+01  0.00000E+00     52  0.00000E+00      0.000
      19.3040 -0.52000E+00  0.00000E+00 -0.52000E+00  0.00000E+00 -0.85179E-03 -0.48377E+01  0.00000E+00 -0.48377E+01  0.00000E+00 -0.78841E-02 -0.14071E+03  0.00000E+00 -0.14347E+04  0.00000E+00  0.89705E-06  0.45301E+03  0.48377E+01  0.00000E+00     53  0.00000E+00      0.000
      20.0000 -0.52000E+00  0.00000E+00 -0.52000E+00  0.00000E+00 -0.85241E-03 -0.51996E+01  0.00000E+00 -0.51996E+01  0.00000E+00 -0.84774E-02 -0.12693E+03  0.00000E+00 -0.14343E+04  0.00000E+00  0.89705E-06  0.45338E+03  0.51996E+01  0.00000E+00     54  0.00000E+00      0.000
      20.0001 -0.28000E+00  0.00000E+00 -0.27958E+00  0.00000E+00 -0.10250E-02 -0.51996E+01  0.00000E+00 -0.51996E+01  0.00000E+00 -0.84775E-02 -0.12682E+03  0.00000E+00 -0.14343E+04  0.42304E-03  0.93935E-06  0.45338E+03  0.51996E+01  0.00000E+00     55  0.00000E+00      0.000
      20.0002 -0.28000E+00  0.00000E+00 -0.27993E+00  0.00000E+00 -0.10250E-02 -0.51997E+01  0.00000E+00 -0.51997E+01  0.00000E+00 -0.84776E-02 -0.12687E+03  0.00000E+00 -0.14343E+04  0.70482E-04  0.94851E-06  0.45338E+03  0.51997E+01  0.00000E+00     56  0.00000E+00      0.000
      20.0004 -0.28000E+00  0.00000E+00 -0.27920E+00  0.00000E+00 -0.10250E-02 -0.51997E+01  0.00000E+00 -0.51997E+01  0.00000E+00 -0.84778E-02 -0.12687E+03  0.00000E+00 -0.14343E+04  0.79814E-03  0.10834E-05  0.45338E+03  0.51997E+01  0.00000E+00     57  0.00000E+00      0.000
      20.0006 -0.28000E+00  0.00000E+00 -0.28026E+00  0.00000E+00 -0.10250E-02 -0.51998E+01  0.00000E+00 -0.51998E+01  0.00000E+00 -0.84780E-02 -0.12692E+03  0.00000E+00 -0.14343E+04  0.25806E-03  0.11401E-05  0.45338E+03  0.51998E+01  0.00000E+00     58  0.00000E+00      0.000
      20.0009 -0.28000E+00  0.00000E+00 -0.28051E+00  0.00000E+00 -0.10250E-02 -0.51998E+01  0.00000E+00 -0.51998E+01  0.00000E+00 -0.84783E-02 -0.12696E+03  0.00000E+00 -0.14343E+04  0.51343E-03  0.12867E-05  0.45338E+03  0.51998E+01  0.00000E+00     59  0.00000E+00      0.000
      20.0013 -0.28000E+00  0.00000E+00 -0.28034E+00  0.00000E+00 -0.10250E-02 -0.51999E+01  0.00000E+00 -0.51999E+01  0.00000E+00 -0.84787E-02 -0.12702E+03  0.00000E+00 -0.14343E+04  0.34323E-03  0.14142E-05  0.45338E+03  0.51999E+01  0.00000E+00     60  0.00000E+00      0.000
      20.0018 -0.28000E+00  0.00000E+00 -0.28003E+00  0.00000E+00 -0.10250E-02 -0.52001E+01  0.00000E+00 -0.52001E+01  0.00000E+00 -0.84792E-02 -0.12710E+03  0.00000E+00 -0.14343E+04  0.27150E-04  0.14273E-05  0.45338E+03  0.52001E+01  0.00000E+00     61  0.00000E+00      0.000
      20.0024 -0.28000E+00  0.00000E+00 -0.28017E+00  0.00000E+00 -0.78752E-03 -0.52003E+01  0.00000E+00 -0.52003E+01  0.00000E+00 -0.84797E-02 -0.12720E+03  0.00000E+00 -0.14343E+04  0.16871E-03  0.15331E-05  0.45338E+03  0.52003E+01  0.00000E+00     62  0.00000E+00      0.000
      20.0032 -0.28000E+00  0.00000E+00 -0.27994E+00  0.00000E+00 -0.84234E-03 -0.52005E+01  0.00000E+00 -0.52005E+01  0.00000E+00 -0.84803E-02 -0.12733E+03  0.00000E+00 -0.14343E+04  0.62108E-04  0.15838E-05  0.45338E+03  0.52005E+01  0.00000E+00     63  0.00000E+00      0.000
      20.0043 -0.28000E+00  0.00000E+00 -0.27987E+00  0.00000E+00 -0.88448E-03 -0.52008E+01  0.00000E+00 -0.52008E+01  0.00000E+00 -0.84813E-02 -0.12749E+03  0.00000E+00 -0.14343E+04  0.12800E-03  0.17195E-05  0.45338E+03  0.52008E+01  0.00000E+00     64  0.00000E+00      0.000
      20.0056 -0.28000E+00  0.00000E+00 -0.27992E+00  0.00000E+00 -0.91691E-03 -0.52012E+01  0.00000E+00 -0.52012E+01  0.00000E+00 -0.84825E-02 -0.12771E+03  0.00000E+00 -0.14343E+04  0.81867E-04  0.18324E-05  0.45338E+03  0.52012E+01  0.00000E+00     65  0.00000E+00      0.000
      20.0074 -0.28000E+00  0.00000E+00 -0.28008E+00  0.00000E+00 -0.85867E-03 -0.52017E+01  0.00000E+00 -0.52017E+01  0.00000E+00 -0.84841E-02 -0.12799E+03  0.00000E+00 -0.14343E+04  0.84400E-04  0.19837E-05  0.45338E+03  0.52017E+01  0.00000E+00     66  0.00000E+00      0.000
      20.0098 -0.28000E+00  0.00000E+00 -0.28003E+00  0.00000E+00 -0.83311E-03 -0.52023E+01  0.00000E+00 -0.52023E+01  0.00000E+00 -0.84860E-02 -0.12834E+03  0.00000E+00 -0.14343E+04  0.32365E-04  0.20591E-05  0.45338E+03  0.52023E+01  0.00000E+00     67  0.00000E+00      0.000
      20.0128 -0.28000E+00  0.00000E+00 -0.27996E+00  0.00000E+00 -0.82815E-03 -0.52032E+01  0.00000E+00 -0.52032E+01  0.00000E+00 -0.84885E-02 -0.12880E+03  0.00000E+00 -0.14343E+04  0.43213E-04  0.21900E-05  0.45338E+03  0.52032E+01  0.00000E+00     68  0.00000E+00      0.000
      20.0167 -0.28000E+00  0.00000E+00 -0.27997E+00  0.00000E+00 -0.83570E-03 -0.52043E+01  0.00000E+00 -0.52043E+01  0.00000E+00 -0.84918E-02 -0.12938E+03  0.00000E+00 -0.14343E+04  0.33230E-04  0.23208E-05  0.45338E+03  0.52043E+01  0.00000E+00     69  0.00000E+00      0.000
      20.0218 -0.28000E+00  0.00000E+00 -0.27999E+00  0.00000E+00 -0.85011E-03 -0.52057E+01  0.00000E+00 -0.52057E+01  0.00000E+00 -0.84962E-02 -0.13012E+03  0.00000E+00 -0.14343E+04  0.00000E+00  0.23208E-05  0.45338E+03  0.52057E+01  0.00000E+00     70  0.00000E+00      0.000
      20.0285 -0.28000E+00  0.00000E+00 -0.27998E+00  0.00000E+00 -0.84566E-03 -0.52076E+01  0.00000E+00 -0.52076E+01  0.00000E+00 -0.85018E-02 -0.13106E+03  0.00000E+00 -0.14343E+04  0.19044E-04  0.24475E-05  0.45338E+03  0.52076E+01  0.00000E+00     71  0.00000E+00      0.000
      20.0372 -0.28000E+00  0.00000E+00 -0.28000E+00  0.00000E+00 -0.85236E-03 -0.52100E+01  0.00000E+00 -0.52100E+01  0.00000E+00 -0.85092E-02 -0.13222E+03  0.00000E+00 -0.14343E+04  0.00000E+00  0.24475E-05  0.45339E+03  0.52100E+01  0.00000E+00     72  0.00000E+00      0.000
      20.0484 -0.28000E+00  0.00000E+00 -0.28001E+00  0.00000E+00 -0.85232E-03 -0.52131E+01  0.00000E+00 -0.52131E+01  0.00000E+00 -0.85188E-02 -0.13365E+03  0.00000E+00 -0.14343E+04  0.00000E+00  0.24475E-05  0.45339E+03  0.52131E+01  0.00000E+00     73  0.00000E+00      0.000
      20.0630 -0.28000E+00  0.00000E+00 -0.27999E+00  0.00000E+00 -0.85112E-03 -0.52172E+01  0.00000E+00 -0.52172E+01  0.00000E+00 -0.85312E-02 -0.13539E+03  0.00000E+00 -0.14343E+04  0.00000E+00  0.24475E-05  0.45339E+03  0.52172E+01  0.00000E+00     74  0.00000E+00      0.000
      20.0820 -0.28000E+00  0.00000E+00 -0.27999E+00  0.00000E+00 -0.85169E-03 -0.52226E+01  0.00000E+00 -0.52226E+01  0.00000E+00 -0.85474E-02 -0.13748E+03  0.00000E+00 -0.14343E+04  0.00000E+00  0.24475E-05  0.45340E+03  0.52226E+01  0.00000E+00     75  0.00000E+00      0.000
      20.1067 -0.28000E+00  0.00000E+00 -0.28000E+00  0.00000E+00 -0.85510E-03 -0.52295E+01  0.00000E+00 -0.52295E+01  0.00000E+00 -0.85685E-02 -0.13991E+03  0.00000E+00 -0.14343E+04  0.00000E+00  0.24475E-05  0.45340E+03  0.52295E+01  0.00000E+00     76  0.00000E+00      0.000
      20.1388 -0.28000E+00  0.00000E+00 -0.28000E+00  0.00000E+00 -0.85205E-03 -0.52385E+01  0.00000E+00 -0.52385E+01  0.00000E+00 -0.85959E-02 -0.14270E+03  0.00000E+00 -0.14342E+04  0.00000E+00  0.24475E-05  0.45341E+03  0.52385E+01  0.00000E+00     77  0.00000E+00      0.000
      20.1806 -0.28000E+00  0.00000E+00 -0.28000E+00  0.00000E+00 -0.85199E-03 -0.52502E+01  0.00000E+00 -0.52502E+01  0.00000E+00 -0.86314E-02 -0.14578E+03  0.00000E+00 -0.14342E+04  0.00000E+00  0.24475E-05  0.45343E+03  0.52502E+01  0.00000E+00     78  0.00000E+00      0.000
      20.2349 -0.28000E+00  0.00000E+00 -0.28000E+00  0.00000E+00 -0.85255E-03 -0.52654E+01  0.00000E+00 -0.52654E+01  0.00000E+00 -0.86777E-02 -0.14913E+03  0.00000E+00 -0.14342E+04  0.00000E+00  0.24475E-05  0.45344E+03  0.52654E+01  0.00000E+00     79  0.00000E+00      0.000
      20.3054 -0.28000E+00  0.00000E+00 -0.28000E+00  0.00000E+00 -0.85318E-03 -0.52851E+01  0.00000E+00 -0.52851E+01  0.00000E+00 -0.87379E-02 -0.15279E+03  0.00000E+00 -0.14341E+04  0.00000E+00  0.24475E-05  0.45346E+03  0.52851E+01  0.00000E+00     80  0.00000E+00      0.000
      20.3972 -0.28000E+00  0.00000E+00 -0.28000E+00  0.00000E+00 -0.85233E-03 -0.53108E+01  0.00000E+00 -0.53108E+01  0.00000E+00 -0.88161E-02 -0.15649E+03  0.00000E+00 -0.14341E+04  0.00000E+00  0.24475E-05  0.45349E+03  0.53108E+01  0.00000E+00     81  0.00000E+00      0.000
      20.5164 -0.28000E+00  0.00000E+00 -0.28000E+00  0.00000E+00 -0.85276E-03 -0.53442E+01  0.00000E+00 -0.53442E+01  0.00000E+00 -0.89178E-02 -0.16011E+03  0.00000E+00 -0.14340E+04  0.00000E+00  0.24475E-05  0.45352E+03  0.53442E+01  0.00000E+00     82  0.00000E+00      0.000
      20.6715 -0.28000E+00  0.00000E+00 -0.28000E+00  0.00000E+00 -0.85352E-03 -0.53876E+01  0.00000E+00 -0.53876E+01  0.00000E+00 -0.90501E-02 -0.16343E+03  0.00000E+00 -0.14340E+04  0.00000E+00  0.24475E-05  0.45356E+03  0.53876E+01  0.00000E+00     83  0.00000E+00      0.000
      20.8730 -0.28000E+00  0.00000E+00 -0.28000E+00  0.00000E+00 -0.85310E-03 -0.54440E+01  0.00000E+00 -0.54440E+01  0.00000E+00 -0.92221E-02 -0.16629E+03  0.00000E+00 -0.14338E+04  0.00000E+00  0.24475E-05  0.45362E+03  0.54440E+01  0.00000E+00     84  0.00000E+00      0.000
      21.1350 -0.28000E+00  0.00000E+00 -0.28000E+00  0.00000E+00 -0.85305E-03 -0.55174E+01  0.00000E+00 -0.55174E+01  0.00000E+00 -0.94456E-02 -0.16849E+03  0.00000E+00 -0.14337E+04  0.00000E+00  0.24475E-05  0.45369E+03  0.55174E+01  0.00000E+00     85  0.00000E+00      0.000
      21.4756 -0.28000E+00  0.00000E+00 -0.28000E+00  0.00000E+00 -0.85336E-03 -0.56128E+01  0.00000E+00 -0.56128E+01  0.00000E+00 -0.97362E-02 -0.16985E+03  0.00000E+00 -0.14335E+04  0.00000E+00  0.24475E-05  0.45379E+03  0.56128E+01  0.00000E+00     86  0.00000E+00      0.000
      21.9184 -0.28000E+00  0.00000E+00 -0.28000E+00  0.00000E+00 -0.85404E-03 -0.57367E+01  0.00000E+00 -0.57367E+01  0.00000E+00 -0.10114E-01 -0.17016E+03  0.00000E+00 -0.14333E+04  0.00000E+00  0.24475E-05  0.45391E+03  0.57367E+01  0.00000E+00     87  0.00000E+00      0.000
      22.4940 -0.28000E+00  0.00000E+00 -0.28000E+00  0.00000E+00 -0.85443E-03 -0.58979E+01  0.00000E+00 -0.58979E+01  0.00000E+00 -0.10606E-01 -0.16912E+03  0.00000E+00 -0.14330E+04  0.00000E+00  0.24475E-05  0.45407E+03  0.58979E+01  0.00000E+00     88  0.00000E+00      0.000
      23.2446 -0.28000E+00  0.00000E+00 -0.28000E+00  0.00000E+00 -0.85482E-03 -0.61081E+01  0.00000E+00 -0.61081E+01  0.00000E+00 -0.11248E-01 -0.16662E+03  0.00000E+00 -0.14327E+04  0.00000E+00  0.24475E-05  0.45428E+03  0.61081E+01  0.00000E+00     89  0.00000E+00      0.000
      24.2096 -0.28000E+00  0.00000E+00 -0.28000E+00  0.00000E+00 -0.85549E-03 -0.63783E+01  0.00000E+00 -0.63783E+01  0.00000E+00 -0.12073E-01 -0.16237E+03  0.00000E+00 -0.14323E+04  0.00000E+00  0.24475E-05  0.45455E+03  0.63783E+01  0.00000E+00     90  0.00000E+00      0.000
      25.3677 -0.28000E+00  0.00000E+00 -0.28000E+00  0.00000E+00 -0.85643E-03 -0.67026E+01  0.00000E+00 -0.67025E+01  0.00000E+00 -0.13065E-01 -0.15563E+03  0.00000E+00 -0.14318E+04  0.00000E+00  0.24475E-05  0.45487E+03  0.67025E+01  0.00000E+00     91  0.00000E+00      0.000
      26.9118 -0.28000E+00  0.00000E+00 -0.28000E+00  0.00000E+00 -0.85739E-03 -0.71349E+01  0.00000E+00 -0.71349E+01  0.00000E+00 -0.14389E-01 -0.14683E+03  0.00000E+00 -0.14311E+04  0.00000E+00  0.24475E-05  0.45530E+03  0.71349E+01  0.00000E+00     92  0.00000E+00      0.000
      28.4559 -0.28000E+00  0.00000E+00 -0.28000E+00  0.00000E+00 -0.85830E-03 -0.75672E+01  0.00000E+00 -0.75672E+01  0.00000E+00 -0.15714E-01 -0.13850E+03  0.00000E+00 -0.14305E+04  0.00000E+00  0.24475E-05  0.45574E+03  0.75672E+01  0.00000E+00     93  0.00000E+00      0.000
      30.0000 -0.28000E+00  0.00000E+00 -0.28000E+00  0.00000E+00 -0.85931E-03 -0.79996E+01  0.00000E+00 -0.79996E+01  0.00000E+00 -0.17041E-01 -0.13073E+03  0.00000E+00 -0.14299E+04  0.00000E+00  0.24475E-05  0.45617E+03  0.79996E+01  0.00000E+00     94  0.00000E+00      0.000
      30.0001 -0.48000E+00  0.00000E+00 -0.47943E+00  0.00000E+00 -0.97772E-03 -0.79996E+01  0.00000E+00 -0.79996E+01  0.00000E+00 -0.17041E-01 -0.13105E+03  0.00000E+00 -0.14299E+04  0.57015E-03  0.25045E-05  0.45617E+03  0.79996E+01  0.00000E+00     95  0.00000E+00      0.000
      30.0002 -0.48000E+00  0.00000E+00 -0.48019E+00  0.00000E+00 -0.97772E-03 -0.79997E+01  0.00000E+00 -0.79997E+01  0.00000E+00 -0.17041E-01 -0.13095E+03  0.00000E+00 -0.14299E+04  0.18790E-03  0.25290E-05  0.45617E+03  0.79997E+01  0.00000E+00     96  0.00000E+00      0.000
      30.0004 -0.48000E+00  0.00000E+00 -0.48033E+00  0.00000E+00 -0.97770E-03 -0.79998E+01  0.00000E+00 -0.79998E+01  0.00000E+00 -0.17042E-01 -0.13098E+03  0.00000E+00 -0.14299E+04  0.32681E-03  0.25842E-05  0.45617E+03  0.79998E+01  0.00000E+00     97  0.00000E+00      0.000
      30.0006 -0.48000E+00  0.00000E+00 -0.48034E+00  0.00000E+00 -0.97775E-03 -0.79999E+01  0.00000E+00 -0.79999E+01  0.00000E+00 -0.17042E-01 -0.13093E+03  0.00000E+00 -0.14299E+04  0.34460E-03  0.26599E-05  0.45617E+03  0.79999E+01  0.00000E+00     98  0.00000E+00      0.000
      30.0009 -0.48000E+00  0.00000E+00 -0.47993E+00  0.00000E+00 -0.97770E-03 -0.80000E+01  0.00000E+00 -0.80000E+01  0.00000E+00 -0.17042E-01 -0.13089E+03  0.00000E+00 -0.14299E+04  0.71287E-04  0.26803E-05  0.45617E+03  0.80000E+01  0.00000E+00     99  0.00000E+00      0.000
      30.0013 -0.48000E+00  0.00000E+00 -0.48012E+00  0.00000E+00 -0.97771E-03 -0.80002E+01  0.00000E+00 -0.80002E+01  0.00000E+00 -0.17043E-01 -0.13083E+03  0.00000E+00 -0.14299E+04  0.11590E-03  0.27233E-05  0.45617E+03  0.80002E+01  0.00000E+00    100  0.00000E+00      0.000
      30.0018 -0.48000E+00  0.00000E+00 -0.47997E+00  0.00000E+00 -0.97772E-03 -0.80004E+01  0.00000E+00 -0.80004E+01  0.00000E+00 -0.17043E-01 -0.13076E+03  0.00000E+00 -0.14299E+04  0.27925E-04  0.27368E-05  0.45617E+03  0.80004E+01  0.00000E+00    101  0.00000E+00      0.000
      30.0024 -0.48000E+00  0.00000E+00 -0.48014E+00  0.00000E+00 -0.97773E-03 -0.80007E+01  0.00000E+00 -0.80007E+01  0.00000E+00 -0.17044E-01 -0.13066E+03  0.00000E+00 -0.14299E+04  0.13846E-03  0.28236E-05  0.45617E+03  0.80007E+01  0.00000E+00    102  0.00000E+00      0.000
      30.0032 -0.48000E+00  0.00000E+00 -0.47989E+00  0.00000E+00 -0.79501E-03 -0.80011E+01  0.00000E+00 -0.80011E+01  0.00000E+00 -0.17044E-01 -0.13053E+03  0.00000E+00 -0.14299E+04  0.11465E-03  0.29172E-05  0.45617E+03  0.80011E+01  0.00000E+00    103  0.00000E+00      0.000
      30.0043 -0.48000E+00  0.00000E+00 -0.47997E+00  0.00000E+00 -0.83721E-03 -0.80016E+01  0.00000E+00 -0.80016E+01  0.00000E+00 -0.17045E-01 -0.13037E+03  0.00000E+00 -0.14299E+04  0.29415E-04  0.29484E-05  0.45617E+03  0.80016E+01  0.00000E+00    104  0.00000E+00      0.000
      30.0056 -0.48000E+00  0.00000E+00 -0.48011E+00  0.00000E+00 -0.86963E-03 -0.80023E+01  0.00000E+00 -0.80023E+01  0.00000E+00 -0.17046E-01 -0.13016E+03  0.00000E+00 -0.14299E+04  0.10869E-03  0.30982E-05  0.45617E+03  0.80023E+01  0.00000E+00    105  0.00000E+00      0.000
      30.0074 -0.48000E+00  0.00000E+00 -0.48008E+00  0.00000E+00 -0.81144E-03 -0.80032E+01  0.00000E+00 -0.80032E+01  0.00000E+00 -0.17048E-01 -0.12988E+03  0.00000E+00 -0.14299E+04  0.81629E-04  0.32445E-05  0.45617E+03  0.80032E+01  0.00000E+00    106  0.00000E+00      0.000
      30.0098 -0.48000E+00  0.00000E+00 -0.47996E+00  0.00000E+00 -0.84975E-03 -0.80043E+01  0.00000E+00 -0.80043E+01  0.00000E+00 -0.17050E-01 -0.12953E+03  0.00000E+00 -0.14299E+04  0.37044E-04  0.33308E-05  0.45617E+03  0.80043E+01  0.00000E+00    107  0.00000E+00      0.000
      30.0128 -0.48000E+00  0.00000E+00 -0.47996E+00  0.00000E+00 -0.83012E-03 -0.80057E+01  0.00000E+00 -0.80057E+01  0.00000E+00 -0.17052E-01 -0.12907E+03  0.00000E+00 -0.14299E+04  0.41246E-04  0.34557E-05  0.45617E+03  0.80057E+01  0.00000E+00    108  0.00000E+00      0.000
      30.0167 -0.48000E+00  0.00000E+00 -0.47998E+00  0.00000E+00 -0.86408E-03 -0.80076E+01  0.00000E+00 -0.80076E+01  0.00000E+00 -0.17056E-01 -0.12849E+03  0.00000E+00 -0.14299E+04  0.15736E-04  0.35177E-05  0.45617E+03  0.80076E+01  0.00000E+00    109  0.00000E+00      0.000
      30.0218 -0.48000E+00  0.00000E+00 -0.47998E+00  0.00000E+00 -0.86122E-03 -0.80101E+01  0.00000E+00 -0.80101E+01  0.00000E+00 -0.17060E-01 -0.12774E+03  0.00000E+00 -0.14299E+04  0.18597E-04  0.36129E-05  0.45618E+03  0.80101E+01  0.00000E+00    110  0.00000E+00      0.000
      30.0285 -0.48000E+00  0.00000E+00 -0.48000E+00  0.00000E+00 -0.86566E-03 -0.80133E+01  0.00000E+00 -0.80133E+01  0.00000E+00 -0.17066E-01 -0.12679E+03  0.00000E+00 -0.14299E+04  0.00000E+00  0.36129E-05  0.45618E+03  0.80133E+01  0.00000E+00    111  0.00000E+00      0.000
      30.0372 -0.48000E+00  0.00000E+00 -0.48000E+00  0.00000E+00 -0.85711E-03 -0.80174E+01  0.00000E+00 -0.80174E+01  0.00000E+00 -0.17073E-01 -0.12560E+03  0.00000E+00 -0.14299E+04  0.00000E+00  0.36129E-05  0.45618E+03  0.80174E+01  0.00000E+00    112  0.00000E+00      0.000
      30.0484 -0.48000E+00  0.00000E+00 -0.48001E+00  0.00000E+00 -0.85832E-03 -0.80228E+01  0.00000E+00 -0.80228E+01  0.00000E+00 -0.17083E-01 -0.12410E+03  0.00000E+00 -0.14299E+04  0.00000E+00  0.36129E-05  0.45619E+03  0.80228E+01  0.00000E+00    113  0.00000E+00      0.000
      30.0630 -0.48000E+00  0.00000E+00 -0.48000E+00  0.00000E+00 -0.85527E-03 -0.80298E+01  0.00000E+00 -0.80298E+01  0.00000E+00 -0.17095E-01 -0.12225E+03  0.00000E+00 -0.14299E+04  0.00000E+00  0.36129E-05  0.45620E+03  0.80298E+01  0.00000E+00    114  0.00000E+00      0.000
      30.0820 -0.48000E+00  0.00000E+00 -0.48001E+00  0.00000E+00 -0.85982E-03 -0.80390E+01  0.00000E+00 -0.80390E+01  0.00000E+00 -0.17112E-01 -0.12000E+03  0.00000E+00 -0.14299E+04  0.00000E+00  0.36129E-05  0.45621E+03  0.80390E+01  0.00000E+00    115  0.00000E+00      0.000
      30.1067 -0.48000E+00  0.00000E+00 -0.48000E+00  0.00000E+00 -0.85682E-03 -0.80508E+01  0.00000E+00 -0.80508E+01  0.00000E+00 -0.17133E-01 -0.11730E+03  0.00000E+00 -0.14299E+04  0.00000E+00  0.36129E-05  0.45622E+03  0.80508E+01  0.00000E+00    116  0.00000E+00      0.000
      30.1388 -0.48000E+00  0.00000E+00 -0.48000E+00  0.00000E+00 -0.85670E-03 -0.80662E+01  0.00000E+00 -0.80662E+01  0.00000E+00 -0.17160E-01 -0.11422E+03  0.00000E+00 -0.14299E+04  0.00000E+00  0.36129E-05  0.45623E+03  0.80662E+01  0.00000E+00    117  0.00000E+00      0.000
      30.1806 -0.48000E+00  0.00000E+00 -0.48000E+00  0.00000E+00 -0.85946E-03 -0.80863E+01  0.00000E+00 -0.80863E+01  0.00000E+00 -0.17196E-01 -0.11073E+03  0.00000E+00 -0.14299E+04  0.00000E+00  0.36129E-05  0.45625E+03  0.80863E+01  0.00000E+00    118  0.00000E+00      0.000
      30.2349 -0.48000E+00  0.00000E+00 -0.48000E+00  0.00000E+00 -0.85908E-03 -0.81123E+01  0.00000E+00 -0.81123E+01  0.00000E+00 -0.17243E-01 -0.10688E+03  0.00000E+00 -0.14298E+04  0.00000E+00  0.36129E-05  0.45628E+03  0.81123E+01  0.00000E+00    119  0.00000E+00      0.000
      30.3054 -0.48000E+00  0.00000E+00 -0.48000E+00  0.00000E+00 -0.85865E-03 -0.81462E+01  0.00000E+00 -0.81462E+01  0.00000E+00 -0.17304E-01 -0.10272E+03  0.00000E+00 -0.14298E+04  0.00000E+00  0.36129E-05  0.45631E+03  0.81462E+01  0.00000E+00    120  0.00000E+00      0.000
      30.3972 -0.48000E+00  0.00000E+00 -0.48000E+00  0.00000E+00 -0.85970E-03 -0.81902E+01  0.00000E+00 -0.81902E+01  0.00000E+00 -0.17382E-01 -0.98277E+02  0.00000E+00 -0.14298E+04  0.00000E+00  0.36129E-05  0.45636E+03  0.81902E+01  0.00000E+00    121  0.00000E+00      0.000
      30.5164 -0.48000E+00  0.00000E+00 -0.48000E+00  0.00000E+00 -0.86016E-03 -0.82475E+01  0.00000E+00 -0.82475E+01  0.00000E+00 -0.17485E-01 -0.93657E+02  0.00000E+00 -0.14297E+04  0.00000E+00  0.36129E-05  0.45641E+03  0.82475E+01  0.00000E+00    122  0.00000E+00      0.000
      30.6715 -0.48000E+00  0.00000E+00 -0.48000E+00  0.00000E+00 -0.85969E-03 -0.83219E+01  0.00000E+00 -0.83219E+01  0.00000E+00 -0.17618E-01 -0.89111E+02  0.00000E+00 -0.14297E+04  0.00000E+00  0.36129E-05  0.45649E+03  0.83219E+01  0.00000E+00    123  0.00000E+00      0.000
      30.8730 -0.48000E+00  0.00000E+00 -0.48000E+00  0.00000E+00 -0.85943E-03 -0.84186E+01  0.00000E+00 -0.84186E+01  0.00000E+00 -0.17791E-01 -0.84360E+02  0.00000E+00 -0.14296E+04  0.00000E+00  0.36129E-05  0.45658E+03  0.84186E+01  0.00000E+00    124  0.00000E+00      0.000
      31.1350 -0.48000E+00  0.00000E+00 -0.48000E+00  0.00000E+00 -0.85995E-03 -0.85444E+01  0.00000E+00 -0.85444E+01  0.00000E+00 -0.18017E-01 -0.79101E+02  0.00000E+00 -0.14295E+04  0.00000E+00  0.36129E-05  0.45671E+03  0.85444E+01  0.00000E+00    125  0.00000E+00      0.000
      31.4756 -0.48000E+00  0.00000E+00 -0.48000E+00  0.00000E+00 -0.86037E-03 -0.87079E+01  0.00000E+00 -0.87079E+01  0.00000E+00 -0.18310E-01 -0.73200E+02  0.00000E+00 -0.14294E+04  0.00000E+00  0.36129E-05  0.45687E+03  0.87079E+01  0.00000E+00    126  0.00000E+00      0.000
      31.9184 -0.48000E+00  0.00000E+00 -0.48000E+00  0.00000E+00 -0.86043E-03 -0.89204E+01  0.00000E+00 -0.89204E+01  0.00000E+00 -0.18691E-01 -0.67522E+02  0.00000E+00 -0.14292E+04  0.00000E+00  0.36129E-05  0.45709E+03  0.89204E+01  0.00000E+00    127  0.00000E+00      0.000
      32.4940 -0.48000E+00  0.00000E+00 -0.48000E+00  0.00000E+00 -0.86070E-03 -0.91967E+01  0.00000E+00 -0.91967E+01  0.00000E+00 -0.19186E-01 -0.61050E+02  0.00000E+00 -0.14290E+04  0.00000E+00  0.36129E-05  0.45736E+03  0.91967E+01  0.00000E+00    128  0.00000E+00      0.000
      33.2446 -0.48000E+00  0.00000E+00 -0.48000E+00  0.00000E+00 -0.86118E-03 -0.95570E+01  0.00000E+00 -0.95570E+01  0.00000E+00 -0.19833E-01 -0.54129E+02  0.00000E+00 -0.14288E+04  0.00000E+00  0.36129E-05  0.45772E+03  0.95570E+01  0.00000E+00    129  0.00000E+00      0.000
      34.2096 -0.48000E+00  0.00000E+00 -0.48000E+00  0.00000E+00 -0.86171E-03 -0.10020E+02  0.00000E+00 -0.10020E+02  0.00000E+00 -0.20664E-01 -0.46598E+02  0.00000E+00 -0.14284E+04  0.00000E+00  0.36129E-05  0.45818E+03  0.10020E+02  0.00000E+00    130  0.00000E+00      0.000
      35.3677 -0.48000E+00  0.00000E+00 -0.48000E+00  0.00000E+00 -0.86239E-03 -0.10576E+02  0.00000E+00 -0.10576E+02  0.00000E+00 -0.21663E-01 -0.41068E+02  0.00000E+00 -0.14280E+04  0.00000E+00  0.36129E-05  0.45874E+03  0.10576E+02  0.00000E+00    131  0.00000E+00      0.000
      36.5258 -0.48000E+00  0.00000E+00 -0.48000E+00  0.00000E+00 -0.86297E-03 -0.11132E+02  0.00000E+00 -0.11132E+02  0.00000E+00 -0.22662E-01 -0.35675E+02  0.00000E+00 -0.14277E+04  0.00000E+00  0.36129E-05  0.45929E+03  0.11132E+02  0.00000E+00    132  0.00000E+00      0.000
      37.6839 -0.48000E+00  0.00000E+00 -0.48000E+00  0.00000E+00 -0.86355E-03 -0.11688E+02  0.00000E+00 -0.11688E+02  0.00000E+00 -0.23662E-01 -0.30390E+02  0.00000E+00 -0.14273E+04  0.00000E+00  0.36129E-05  0.45985E+03  0.11688E+02  0.00000E+00    133  0.00000E+00      0.000
      38.8419 -0.48000E+00  0.00000E+00 -0.48000E+00  0.00000E+00 -0.86418E-03 -0.12244E+02  0.00000E+00 -0.12244E+02  0.00000E+00 -0.24663E-01 -0.26454E+02  0.00000E+00 -0.14269E+04  0.00000E+00  0.36129E-05  0.46040E+03  0.12244E+02  0.00000E+00    134  0.00000E+00      0.000
      40.0000 -0.48000E+00  0.00000E+00 -0.48000E+00  0.00000E+00 -0.86479E-03 -0.12800E+02  0.00000E+00 -0.12800E+02  0.00000E+00 -0.25665E-01 -0.22703E+02  0.00000E+00 -0.14266E+04  0.00000E+00  0.36129E-05  0.46096E+03  0.12800E+02  0.00000E+00    135  0.00000E+00      0.000
      40.0001 -0.31000E+00  0.00000E+00 -0.31094E+00  0.00000E+00 -0.96108E-03 -0.12800E+02  0.00000E+00 -0.12800E+02  0.00000E+00 -0.25665E-01 -0.22518E+02  0.00000E+00 -0.14266E+04  0.93970E-03  0.37068E-05  0.46096E+03  0.12800E+02  0.00000E+00    136  0.00000E+00      0.000
      40.0002 -0.31000E+00  0.00000E+00 -0.31000E+00  0.00000E+00 -0.96105E-03 -0.12800E+02  0.00000E+00 -0.12800E+02  0.00000E+00 -0.25665E-01 -0.22579E+02  0.00000E+00 -0.14266E+04  0.00000E+00  0.37068E-05  0.46096E+03  0.12800E+02  0.00000E+00    137  0.00000E+00      0.000
      40.0004 -0.31000E+00  0.00000E+00 -0.30922E+00  0.00000E+00 -0.96109E-03 -0.12800E+02  0.00000E+00 -0.12800E+02  0.00000E+00 -0.25665E-01 -0.22570E+02  0.00000E+00 -0.14266E+04  0.78362E-03  0.38393E-05  0.46096E+03  0.12800E+02  0.00000E+00    138  0.00000E+00      0.000
      40.0006 -0.31000E+00  0.00000E+00 -0.30981E+00  0.00000E+00 -0.96106E-03 -0.12800E+02  0.00000E+00 -0.12800E+02  0.00000E+00 -0.25665E-01 -0.22615E+02  0.00000E+00 -0.14266E+04  0.19327E-03  0.38817E-05  0.46096E+03  0.12800E+02  0.00000E+00    139  0.00000E+00      0.000
      40.0009 -0.31000E+00  0.00000E+00 -0.30984E+00  0.00000E+00 -0.96107E-03 -0.12800E+02  0.00000E+00 -0.12800E+02  0.00000E+00 -0.25666E-01 -0.22649E+02  0.00000E+00 -0.14266E+04  0.15771E-03  0.39268E-05  0.46096E+03  0.12800E+02  0.00000E+00    140  0.00000E+00      0.000
      40.0013 -0.31000E+00  0.00000E+00 -0.31032E+00  0.00000E+00 -0.96104E-03 -0.12800E+02  0.00000E+00 -0.12800E+02  0.00000E+00 -0.25666E-01 -0.22705E+02  0.00000E+00 -0.14266E+04  0.31573E-03  0.40440E-05  0.46096E+03  0.12800E+02  0.00000E+00    141  0.00000E+00      0.000
      40.0018 -0.31000E+00  0.00000E+00 -0.31009E+00  0.00000E+00 -0.96109E-03 -0.12800E+02  0.00000E+00 -0.12800E+02  0.00000E+00 -0.25666E-01 -0.22772E+02  0.00000E+00 -0.14266E+04  0.92864E-04  0.40888E-05  0.46096E+03  0.12800E+02  0.00000E+00    142  0.00000E+00      0.000
      40.0024 -0.31000E+00  0.00000E+00 -0.31003E+00  0.00000E+00 -0.96106E-03 -0.12800E+02  0.00000E+00 -0.12800E+02  0.00000E+00 -0.25667E-01 -0.22861E+02  0.00000E+00 -0.14266E+04  0.31590E-04  0.41086E-05  0.46096E+03  0.12800E+02  0.00000E+00    143  0.00000E+00      0.000
      40.0032 -0.31000E+00  0.00000E+00 -0.30992E+00  0.00000E+00 -0.96106E-03 -0.12801E+02  0.00000E+00 -0.12801E+02  0.00000E+00 -0.25668E-01 -0.22973E+02  0.00000E+00 -0.14266E+04  0.77486E-04  0.41719E-05  0.46096E+03  0.12801E+02  0.00000E+00    144  0.00000E+00      0.000
      40.0043 -0.31000E+00  0.00000E+00 -0.31013E+00  0.00000E+00 -0.82059E-03 -0.12801E+02  0.00000E+00 -0.12801E+02  0.00000E+00 -0.25669E-01 -0.23117E+02  0.00000E+00 -0.14266E+04  0.12916E-03  0.43088E-05  0.46096E+03  0.12801E+02  0.00000E+00    145  0.00000E+00      0.000
      40.0056 -0.31000E+00  0.00000E+00 -0.31004E+00  0.00000E+00 -0.85300E-03 -0.12801E+02  0.00000E+00 -0.12801E+02  0.00000E+00 -0.25670E-01 -0.23290E+02  0.00000E+00 -0.14266E+04  0.43929E-04  0.43694E-05  0.46096E+03  0.12801E+02  0.00000E+00    146  0.00000E+00      0.000
      40.0074 -0.31000E+00  0.00000E+00 -0.30999E+00  0.00000E+00 -0.87796E-03 -0.12802E+02  0.00000E+00 -0.12802E+02  0.00000E+00 -0.25671E-01 -0.23510E+02  0.00000E+00 -0.14266E+04  0.00000E+00  0.43694E-05  0.46096E+03  0.12802E+02  0.00000E+00    147  0.00000E+00      0.000
      40.0098 -0.31000E+00  0.00000E+00 -0.31005E+00  0.00000E+00 -0.89716E-03 -0.12803E+02  0.00000E+00 -0.12803E+02  0.00000E+00 -0.25673E-01 -0.23785E+02  0.00000E+00 -0.14266E+04  0.52541E-04  0.44918E-05  0.46096E+03  0.12803E+02  0.00000E+00    148  0.00000E+00      0.000
      40.0128 -0.31000E+00  0.00000E+00 -0.30997E+00  0.00000E+00 -0.86275E-03 -0.12804E+02  0.00000E+00 -0.12804E+02  0.00000E+00 -0.25676E-01 -0.24127E+02  0.00000E+00 -0.14266E+04  0.31292E-04  0.45866E-05  0.46096E+03  0.12804E+02  0.00000E+00    149  0.00000E+00      0.000
      40.0167 -0.31000E+00  0.00000E+00 -0.31002E+00  0.00000E+00 -0.88545E-03 -0.12805E+02  0.00000E+00 -0.12805E+02  0.00000E+00 -0.25680E-01 -0.24545E+02  0.00000E+00 -0.14266E+04  0.22173E-04  0.46739E-05  0.46096E+03  0.12805E+02  0.00000E+00    150  0.00000E+00      0.000
      40.0218 -0.31000E+00  0.00000E+00 -0.30999E+00  0.00000E+00 -0.87382E-03 -0.12806E+02  0.00000E+00 -0.12806E+02  0.00000E+00 -0.25684E-01 -0.25050E+02  0.00000E+00 -0.14266E+04  0.11623E-04  0.47334E-05  0.46096E+03  0.12806E+02  0.00000E+00    151  0.00000E+00      0.000
      40.0285 -0.31000E+00  0.00000E+00 -0.31000E+00  0.00000E+00 -0.87158E-03 -0.12808E+02  0.00000E+00 -0.12808E+02  0.00000E+00 -0.25690E-01 -0.25650E+02  0.00000E+00 -0.14266E+04  0.00000E+00  0.47334E-05  0.46097E+03  0.12808E+02  0.00000E+00    152  0.00000E+00      0.000
      40.0372 -0.31000E+00  0.00000E+00 -0.30999E+00  0.00000E+00 -0.87501E-03 -0.12811E+02  0.00000E+00 -0.12811E+02  0.00000E+00 -0.25697E-01 -0.26346E+02  0.00000E+00 -0.14266E+04  0.12100E-04  0.48380E-05  0.46097E+03  0.12811E+02  0.00000E+00    153  0.00000E+00      0.000
      40.0484 -0.31000E+00  0.00000E+00 -0.31000E+00  0.00000E+00 -0.86842E-03 -0.12815E+02  0.00000E+00 -0.12815E+02  0.00000E+00 -0.25707E-01 -0.27139E+02  0.00000E+00 -0.14266E+04  0.00000E+00  0.48380E-05  0.46097E+03  0.12815E+02  0.00000E+00    154  0.00000E+00      0.000
      40.0630 -0.31000E+00  0.00000E+00 -0.30999E+00  0.00000E+00 -0.86940E-03 -0.12819E+02  0.00000E+00 -0.12819E+02  0.00000E+00 -0.25720E-01 -0.28020E+02  0.00000E+00 -0.14266E+04  0.00000E+00  0.48380E-05  0.46098E+03  0.12819E+02  0.00000E+00    155  0.00000E+00      0.000
      40.0820 -0.31000E+00  0.00000E+00 -0.31000E+00  0.00000E+00 -0.86707E-03 -0.12825E+02  0.00000E+00 -0.12825E+02  0.00000E+00 -0.25736E-01 -0.28976E+02  0.00000E+00 -0.14265E+04  0.00000E+00  0.48380E-05  0.46098E+03  0.12825E+02  0.00000E+00    156  0.00000E+00      0.000
      40.1067 -0.31000E+00  0.00000E+00 -0.31001E+00  0.00000E+00 -0.86468E-03 -0.12833E+02  0.00000E+00 -0.12833E+02  0.00000E+00 -0.25758E-01 -0.29975E+02  0.00000E+00 -0.14265E+04  0.00000E+00  0.48380E-05  0.46099E+03  0.12833E+02  0.00000E+00    157  0.00000E+00      0.000
      40.1388 -0.31000E+00  0.00000E+00 -0.31000E+00  0.00000E+00 -0.86374E-03 -0.12843E+02  0.00000E+00 -0.12843E+02  0.00000E+00 -0.25785E-01 -0.31047E+02  0.00000E+00 -0.14265E+04  0.00000E+00  0.48380E-05  0.46100E+03  0.12843E+02  0.00000E+00    158  0.00000E+00      0.000
      40.1806 -0.31000E+00  0.00000E+00 -0.31000E+00  0.00000E+00 -0.86469E-03 -0.12856E+02  0.00000E+00 -0.12856E+02  0.00000E+00 -0.25822E-01 -0.32178E+02  0.00000E+00 -0.14265E+04  0.00000E+00  0.48380E-05  0.46101E+03  0.12856E+02  0.00000E+00    159  0.00000E+00      0.000
      40.2349 -0.31000E+00  0.00000E+00 -0.31000E+00  0.00000E+00 -0.86491E-03 -0.12872E+02  0.00000E+00 -0.12872E+02  0.00000E+00 -0.25868E-01 -0.33364E+02  0.00000E+00 -0.14265E+04  0.00000E+00  0.48380E-05  0.46103E+03  0.12872E+02  0.00000E+00    160  0.00000E+00      0.000
      40.3054 -0.31000E+00  0.00000E+00 -0.31000E+00  0.00000E+00 -0.86589E-03 -0.12894E+02  0.00000E+00 -0.12894E+02  0.00000E+00 -0.25930E-01 -0.34594E+02  0.00000E+00 -0.14265E+04  0.00000E+00  0.48380E-05  0.46105E+03  0.12894E+02  0.00000E+00    161  0.00000E+00      0.000
      40.3972 -0.31000E+00  0.00000E+00 -0.31000E+00  0.00000E+00 -0.86502E-03 -0.12923E+02  0.00000E+00 -0.12923E+02  0.00000E+00 -0.26009E-01 -0.35851E+02  0.00000E+00 -0.14265E+04  0.00000E+00  0.48380E-05  0.46108E+03  0.12923E+02  0.00000E+00    162  0.00000E+00      0.000
      40.5164 -0.31000E+00  0.00000E+00 -0.31000E+00  0.00000E+00 -0.86449E-03 -0.12960E+02  0.00000E+00 -0.12960E+02  0.00000E+00 -0.26112E-01 -0.37126E+02  0.00000E+00 -0.14264E+04  0.00000E+00  0.48380E-05  0.46112E+03  0.12960E+02  0.00000E+00    163  0.00000E+00      0.000
      40.6715 -0.31000E+00  0.00000E+00 -0.31000E+00  0.00000E+00 -0.86539E-03 -0.13008E+02  0.00000E+00 -0.13008E+02  0.00000E+00 -0.26246E-01 -0.38418E+02  0.00000E+00 -0.14264E+04  0.00000E+00  0.48380E-05  0.46117E+03  0.13008E+02  0.00000E+00    164  0.00000E+00      0.000
      40.8730 -0.31000E+00  0.00000E+00 -0.31000E+00  0.00000E+00 -0.86492E-03 -0.13070E+02  0.00000E+00 -0.13070E+02  0.00000E+00 -0.26421E-01 -0.39752E+02  0.00000E+00 -0.14263E+04  0.00000E+00  0.48380E-05  0.46123E+03  0.13070E+02  0.00000E+00    165  0.00000E+00      0.000
      41.1350 -0.31000E+00  0.00000E+00 -0.31000E+00  0.00000E+00 -0.86502E-03 -0.13151E+02  0.00000E+00 -0.13151E+02  0.00000E+00 -0.26647E-01 -0.41049E+02  0.00000E+00 -0.14262E+04  0.00000E+00  0.48380E-05  0.46131E+03  0.13151E+02  0.00000E+00    166  0.00000E+00      0.000
      41.4756 -0.31000E+00  0.00000E+00 -0.31000E+00  0.00000E+00 -0.86553E-03 -0.13257E+02  0.00000E+00 -0.13257E+02  0.00000E+00 -0.26942E-01 -0.42233E+02  0.00000E+00 -0.14261E+04  0.00000E+00  0.48380E-05  0.46141E+03  0.13257E+02  0.00000E+00    167  0.00000E+00      0.000
      41.9184 -0.31000E+00  0.00000E+00 -0.31000E+00  0.00000E+00 -0.86561E-03 -0.13394E+02  0.00000E+00 -0.13394E+02  0.00000E+00 -0.27325E-01 -0.43214E+02  0.00000E+00 -0.14260E+04  0.00000E+00  0.48380E-05  0.46155E+03  0.13394E+02  0.00000E+00    168  0.00000E+00      0.000
      42.4940 -0.31000E+00  0.00000E+00 -0.31000E+00  0.00000E+00 -0.86591E-03 -0.13573E+02  0.00000E+00 -0.13573E+02  0.00000E+00 -0.27824E-01 -0.43891E+02  0.00000E+00 -0.14258E+04  0.00000E+00  0.48380E-05  0.46173E+03  0.13573E+02  0.00000E+00    169  0.00000E+00      0.000
      43.2446 -0.31000E+00  0.00000E+00 -0.31000E+00  0.00000E+00 -0.86632E-03 -0.13805E+02  0.00000E+00 -0.13805E+02  0.00000E+00 -0.28474E-01 -0.44145E+02  0.00000E+00 -0.14256E+04  0.00000E+00  0.48380E-05  0.46196E+03  0.13805E+02  0.00000E+00    170  0.00000E+00      0.000
      44.2096 -0.31000E+00  0.00000E+00 -0.31000E+00  0.00000E+00 -0.86686E-03 -0.14105E+02  0.00000E+00 -0.14105E+02  0.00000E+00 -0.29310E-01 -0.43981E+02  0.00000E+00 -0.14253E+04  0.00000E+00  0.48380E-05  0.46226E+03  0.14105E+02  0.00000E+00    171  0.00000E+00      0.000
      45.3677 -0.31000E+00  0.00000E+00 -0.31000E+00  0.00000E+00 -0.86741E-03 -0.14464E+02  0.00000E+00 -0.14464E+02  0.00000E+00 -0.30315E-01 -0.43234E+02  0.00000E+00 -0.14250E+04  0.00000E+00  0.48380E-05  0.46262E+03  0.14464E+02  0.00000E+00    172  0.00000E+00      0.000
      46.9118 -0.31000E+00  0.00000E+00 -0.31000E+00  0.00000E+00 -0.86803E-03 -0.14942E+02  0.00000E+00 -0.14942E+02  0.00000E+00 -0.31655E-01 -0.41886E+02  0.00000E+00 -0.14246E+04  0.00000E+00  0.48380E-05  0.46309E+03  0.14942E+02  0.00000E+00    173  0.00000E+00      0.000
      48.4559 -0.31000E+00  0.00000E+00 -0.31000E+00  0.00000E+00 -0.86877E-03 -0.15421E+02  0.00000E+00 -0.15421E+02  0.00000E+00 -0.32997E-01 -0.40057E+02  0.00000E+00 -0.14242E+04  0.00000E+00  0.48380E-05  0.46357E+03  0.15421E+02  0.00000E+00    174  0.00000E+00      0.000
      50.0000 -0.31000E+00  0.00000E+00 -0.31000E+00  0.00000E+00 -0.86946E-03 -0.15900E+02  0.00000E+00 -0.15900E+02  0.00000E+00 -0.34339E-01 -0.38418E+02  0.00000E+00 -0.14237E+04  0.00000E+00  0.48380E-05  0.46405E+03  0.15900E+02  0.00000E+00    175  0.00000E+00      0.000
      50.0001 -0.12000E+00  0.00000E+00 -0.12031E+00  0.00000E+00 -0.95303E-03 -0.15900E+02  0.00000E+00 -0.15900E+02  0.00000E+00 -0.34339E-01 -0.38546E+02  0.00000E+00 -0.14237E+04  0.30894E-03  0.48689E-05  0.46405E+03  0.15900E+02  0.00000E+00    176  0.00000E+00      0.000
      50.0002 -0.12000E+00  0.00000E+00 -0.11985E+00  0.00000E+00 -0.95303E-03 -0.15900E+02  0.00000E+00 -0.15900E+02  0.00000E+00 -0.34340E-01 -0.38538E+02  0.00000E+00 -0.14237E+04  0.15219E-03  0.48887E-05  0.46405E+03  0.15900E+02  0.00000E+00    177  0.00000E+00      0.000
      50.0004 -0.12000E+00  0.00000E+00 -0.12054E+00  0.00000E+00 -0.95303E-03 -0.15900E+02  0.00000E+00 -0.15900E+02  0.00000E+00 -0.34340E-01 -0.38585E+02  0.00000E+00 -0.14237E+04  0.54405E-03  0.49807E-05  0.46405E+03  0.15900E+02  0.00000E+00    178  0.00000E+00      0.000
      50.0006 -0.12000E+00  0.00000E+00 -0.11984E+00  0.00000E+00 -0.95303E-03 -0.15900E+02  0.00000E+00 -0.15900E+02  0.00000E+00 -0.34340E-01 -0.38609E+02  0.00000E+00 -0.14237E+04  0.16110E-03  0.50161E-05  0.46405E+03  0.15900E+02  0.00000E+00    179  0.00000E+00      0.000
      50.0009 -0.12000E+00  0.00000E+00 -0.11967E+00  0.00000E+00 -0.95307E-03 -0.15900E+02  0.00000E+00 -0.15900E+02  0.00000E+00 -0.34340E-01 -0.38657E+02  0.00000E+00 -0.14237E+04  0.32639E-03  0.51093E-05  0.46405E+03  0.15900E+02  0.00000E+00    180  0.00000E+00      0.000
      50.0013 -0.12000E+00  0.00000E+00 -0.12030E+00  0.00000E+00 -0.95301E-03 -0.15900E+02  0.00000E+00 -0.15900E+02  0.00000E+00 -0.34341E-01 -0.38711E+02  0.00000E+00 -0.14237E+04  0.29776E-03  0.52198E-05  0.46405E+03  0.15900E+02  0.00000E+00    181  0.00000E+00      0.000
      50.0018 -0.12000E+00  0.00000E+00 -0.12014E+00  0.00000E+00 -0.95305E-03 -0.15900E+02  0.00000E+00 -0.15900E+02  0.00000E+00 -0.34341E-01 -0.38783E+02  0.00000E+00 -0.14237E+04  0.14284E-03  0.52888E-05  0.46405E+03  0.15900E+02  0.00000E+00    182  0.00000E+00      0.000
      50.0024 -0.12000E+00  0.00000E+00 -0.12019E+00  0.00000E+00 -0.95307E-03 -0.15900E+02  0.00000E+00 -0.15900E+02  0.00000E+00 -0.34342E-01 -0.38876E+02  0.00000E+00 -0.14237E+04  0.18881E-03  0.54073E-05  0.46405E+03  0.15900E+02  0.00000E+00    183  0.00000E+00      0.000
      50.0032 -0.12000E+00  0.00000E+00 -0.12000E+00  0.00000E+00 -0.95305E-03 -0.15900E+02  0.00000E+00 -0.15900E+02  0.00000E+00 -0.34342E-01 -0.38996E+02  0.00000E+00 -0.14237E+04  0.00000E+00  0.54073E-05  0.46405E+03  0.15900E+02  0.00000E+00    184  0.00000E+00      0.000
      50.0043 -0.12000E+00  0.00000E+00 -0.12006E+00  0.00000E+00 -0.95302E-03 -0.15900E+02  0.00000E+00 -0.15900E+02  0.00000E+00 -0.34343E-01 -0.39150E+02  0.00000E+00 -0.14237E+04  0.55499E-04  0.54661E-05  0.46405E+03  0.15900E+02  0.00000E+00    185  0.00000E+00      0.000
      50.0056 -0.12000E+00  0.00000E+00 -0.12008E+00  0.00000E+00 -0.84501E-03 -0.15900E+02  0.00000E+00 -0.15900E+02  0.00000E+00 -0.34345E-01 -0.39347E+02  0.00000E+00 -0.14237E+04  0.78730E-04  0.55746E-05  0.46405E+03  0.15900E+02  0.00000E+00    186  0.00000E+00      0.000
      50.0074 -0.12000E+00  0.00000E+00 -0.11999E+00  0.00000E+00 -0.86994E-03 -0.15900E+02  0.00000E+00 -0.15900E+02  0.00000E+00 -0.34346E-01 -0.39598E+02  0.00000E+00 -0.14237E+04  0.13299E-04  0.55985E-05  0.46405E+03  0.15900E+02  0.00000E+00    187  0.00000E+00      0.000
      50.0098 -0.12000E+00  0.00000E+00 -0.12001E+00  0.00000E+00 -0.88914E-03 -0.15901E+02  0.00000E+00 -0.15901E+02  0.00000E+00 -0.34348E-01 -0.39918E+02  0.00000E+00 -0.14237E+04  0.12763E-04  0.56282E-05  0.46405E+03  0.15901E+02  0.00000E+00    188  0.00000E+00      0.000
      50.0128 -0.12000E+00  0.00000E+00 -0.12004E+00  0.00000E+00 -0.85465E-03 -0.15901E+02  0.00000E+00 -0.15901E+02  0.00000E+00 -0.34351E-01 -0.40320E+02  0.00000E+00 -0.14237E+04  0.37737E-04  0.57425E-05  0.46405E+03  0.15901E+02  0.00000E+00    189  0.00000E+00      0.000
      50.0167 -0.12000E+00  0.00000E+00 -0.12002E+00  0.00000E+00 -0.87740E-03 -0.15902E+02  0.00000E+00 -0.15902E+02  0.00000E+00 -0.34354E-01 -0.40824E+02  0.00000E+00 -0.14237E+04  0.21361E-04  0.58266E-05  0.46405E+03  0.15902E+02  0.00000E+00    190  0.00000E+00      0.000
      50.0218 -0.12000E+00  0.00000E+00 -0.12000E+00  0.00000E+00 -0.86577E-03 -0.15902E+02  0.00000E+00 -0.15902E+02  0.00000E+00 -0.34359E-01 -0.41448E+02  0.00000E+00 -0.14237E+04  0.00000E+00  0.58266E-05  0.46405E+03  0.15902E+02  0.00000E+00    191  0.00000E+00      0.000
      50.0285 -0.12000E+00  0.00000E+00 -0.11998E+00  0.00000E+00 -0.86352E-03 -0.15903E+02  0.00000E+00 -0.15903E+02  0.00000E+00 -0.34364E-01 -0.42211E+02  0.00000E+00 -0.14237E+04  0.18232E-04  0.59479E-05  0.46405E+03  0.15903E+02  0.00000E+00    192  0.00000E+00      0.000
      50.0372 -0.12000E+00  0.00000E+00 -0.12000E+00  0.00000E+00 -0.86693E-03 -0.15904E+02  0.00000E+00 -0.15904E+02  0.00000E+00 -0.34372E-01 -0.43132E+02  0.00000E+00 -0.14237E+04  0.00000E+00  0.59479E-05  0.46405E+03  0.15904E+02  0.00000E+00    193  0.00000E+00      0.000
      50.0484 -0.12000E+00  0.00000E+00 -0.11999E+00  0.00000E+00 -0.87357E-03 -0.15905E+02  0.00000E+00 -0.15905E+02  0.00000E+00 -0.34382E-01 -0.44224E+02  0.00000E+00 -0.14237E+04  0.00000E+00  0.59479E-05  0.46405E+03  0.15905E+02  0.00000E+00    194  0.00000E+00      0.000
      50.0630 -0.12000E+00  0.00000E+00 -0.12000E+00  0.00000E+00 -0.87151E-03 -0.15907E+02  0.00000E+00 -0.15907E+02  0.00000E+00 -0.34394E-01 -0.45499E+02  0.00000E+00 -0.14237E+04  0.00000E+00  0.59479E-05  0.46406E+03  0.15907E+02  0.00000E+00    195  0.00000E+00      0.000
      50.0820 -0.12000E+00  0.00000E+00 -0.12001E+00  0.00000E+00 -0.86682E-03 -0.15909E+02  0.00000E+00 -0.15909E+02  0.00000E+00 -0.34411E-01 -0.46944E+02  0.00000E+00 -0.14237E+04  0.00000E+00  0.59479E-05  0.46406E+03  0.15909E+02  0.00000E+00    196  0.00000E+00      0.000
      50.1067 -0.12000E+00  0.00000E+00 -0.12000E+00  0.00000E+00 -0.86861E-03 -0.15912E+02  0.00000E+00 -0.15912E+02  0.00000E+00 -0.34432E-01 -0.48560E+02  0.00000E+00 -0.14237E+04  0.00000E+00  0.59479E-05  0.46406E+03  0.15912E+02  0.00000E+00    197  0.00000E+00      0.000
      50.1388 -0.12000E+00  0.00000E+00 -0.12000E+00  0.00000E+00 -0.86949E-03 -0.15916E+02  0.00000E+00 -0.15916E+02  0.00000E+00 -0.34460E-01 -0.50376E+02  0.00000E+00 -0.14237E+04  0.00000E+00  0.59479E-05  0.46407E+03  0.15916E+02  0.00000E+00    198  0.00000E+00      0.000
      50.1806 -0.12000E+00  0.00000E+00 -0.12000E+00  0.00000E+00 -0.86731E-03 -0.15921E+02  0.00000E+00 -0.15921E+02  0.00000E+00 -0.34497E-01 -0.52386E+02  0.00000E+00 -0.14237E+04  0.00000E+00  0.59479E-05  0.46407E+03  0.15921E+02  0.00000E+00    199  0.00000E+00      0.000
      50.2349 -0.12000E+00  0.00000E+00 -0.12000E+00  0.00000E+00 -0.87054E-03 -0.15928E+02  0.00000E+00 -0.15928E+02  0.00000E+00 -0.34544E-01 -0.54594E+02  0.00000E+00 -0.14237E+04  0.00000E+00  0.59479E-05  0.46408E+03  0.15928E+02  0.00000E+00    200  0.00000E+00      0.000
      50.3054 -0.12000E+00  0.00000E+00 -0.12000E+00  0.00000E+00 -0.86839E-03 -0.15936E+02  0.00000E+00 -0.15936E+02  0.00000E+00 -0.34605E-01 -0.57004E+02  0.00000E+00 -0.14237E+04  0.00000E+00  0.59479E-05  0.46409E+03  0.15936E+02  0.00000E+00    201  0.00000E+00      0.000
      50.3972 -0.12000E+00  0.00000E+00 -0.12000E+00  0.00000E+00 -0.86996E-03 -0.15947E+02  0.00000E+00 -0.15947E+02  0.00000E+00 -0.34685E-01 -0.59621E+02  0.00000E+00 -0.14236E+04  0.00000E+00  0.59479E-05  0.46410E+03  0.15947E+02  0.00000E+00    202  0.00000E+00      0.000
      50.5164 -0.12000E+00  0.00000E+00 -0.12000E+00  0.00000E+00 -0.87029E-03 -0.15962E+02  0.00000E+00 -0.15962E+02  0.00000E+00 -0.34789E-01 -0.62473E+02  0.00000E+00 -0.14236E+04  0.00000E+00  0.59479E-05  0.46411E+03  0.15962E+02  0.00000E+00    203  0.00000E+00      0.000
      50.6715 -0.12000E+00  0.00000E+00 -0.12000E+00  0.00000E+00 -0.87003E-03 -0.15980E+02  0.00000E+00 -0.15980E+02  0.00000E+00 -0.34924E-01 -0.65604E+02  0.00000E+00 -0.14236E+04  0.00000E+00  0.59479E-05  0.46413E+03  0.15980E+02  0.00000E+00    204  0.00000E+00      0.000
      50.8730 -0.12000E+00  0.00000E+00 -0.12000E+00  0.00000E+00 -0.86974E-03 -0.16004E+02  0.00000E+00 -0.16004E+02  0.00000E+00 -0.35099E-01 -0.69063E+02  0.00000E+00 -0.14235E+04  0.00000E+00  0.59479E-05  0.46415E+03  0.16004E+02  0.00000E+00    205  0.00000E+00      0.000
      51.1350 -0.12000E+00  0.00000E+00 -0.12000E+00  0.00000E+00 -0.86992E-03 -0.16036E+02  0.00000E+00 -0.16036E+02  0.00000E+00 -0.35327E-01 -0.72836E+02  0.00000E+00 -0.14234E+04  0.00000E+00  0.59479E-05  0.46418E+03  0.16036E+02  0.00000E+00    206  0.00000E+00      0.000
      51.4756 -0.12000E+00  0.00000E+00 -0.12000E+00  0.00000E+00 -0.87002E-03 -0.16077E+02  0.00000E+00 -0.16077E+02  0.00000E+00 -0.35623E-01 -0.76931E+02  0.00000E+00 -0.14234E+04  0.00000E+00  0.59479E-05  0.46422E+03  0.16077E+02  0.00000E+00    207  0.00000E+00      0.000
      51.9184 -0.12000E+00  0.00000E+00 -0.12000E+00  0.00000E+00 -0.87018E-03 -0.16130E+02  0.00000E+00 -0.16130E+02  0.00000E+00 -0.36008E-01 -0.81293E+02  0.00000E+00 -0.14232E+04  0.00000E+00  0.59479E-05  0.46428E+03  0.16130E+02  0.00000E+00    208  0.00000E+00      0.000
      52.4940 -0.12000E+00  0.00000E+00 -0.12000E+00  0.00000E+00 -0.87039E-03 -0.16199E+02  0.00000E+00 -0.16199E+02  0.00000E+00 -0.36509E-01 -0.86002E+02  0.00000E+00 -0.14231E+04  0.00000E+00  0.59479E-05  0.46435E+03  0.16199E+02  0.00000E+00    209  0.00000E+00      0.000
      53.2446 -0.12000E+00  0.00000E+00 -0.12000E+00  0.00000E+00 -0.87089E-03 -0.16289E+02  0.00000E+00 -0.16289E+02  0.00000E+00 -0.37163E-01 -0.91057E+02  0.00000E+00 -0.14229E+04  0.00000E+00  0.59479E-05  0.46444E+03  0.16289E+02  0.00000E+00    210  0.00000E+00      0.000
      54.2096 -0.12000E+00  0.00000E+00 -0.12000E+00  0.00000E+00 -0.87118E-03 -0.16405E+02  0.00000E+00 -0.16405E+02  0.00000E+00 -0.38004E-01 -0.96280E+02  0.00000E+00 -0.14226E+04  0.00000E+00  0.59479E-05  0.46455E+03  0.16405E+02  0.00000E+00    211  0.00000E+00      0.000
      55.3677 -0.12000E+00  0.00000E+00 -0.12000E+00  0.00000E+00 -0.87171E-03 -0.16544E+02  0.00000E+00 -0.16544E+02  0.00000E+00 -0.39013E-01 -0.10121E+03  0.00000E+00 -0.14224E+04  0.00000E+00  0.59479E-05  0.46469E+03  0.16544E+02  0.00000E+00    212  0.00000E+00      0.000
      56.9118 -0.12000E+00  0.00000E+00 -0.12000E+00  0.00000E+00 -0.87233E-03 -0.16729E+02  0.00000E+00 -0.16729E+02  0.00000E+00 -0.40360E-01 -0.10650E+03  0.00000E+00 -0.14220E+04  0.00000E+00  0.59479E-05  0.46487E+03  0.16729E+02  0.00000E+00    213  0.00000E+00      0.000
      60.0000 -0.12000E+00  0.00000E+00 -0.12000E+00  0.00000E+00 -0.87359E-03 -0.17100E+02  0.00000E+00 -0.17100E+02  0.00000E+00 -0.43058E-01 -0.11356E+03  0.00000E+00 -0.14212E+04  0.00000E+00  0.59479E-05  0.46524E+03  0.17100E+02  0.00000E+00    214  0.00000E+00      0.000
      60.0001 -0.20000E-01  0.00000E+00 -0.18473E-01  0.00000E+00 -0.94867E-03 -0.17100E+02  0.00000E+00 -0.17100E+02  0.00000E+00 -0.43058E-01 -0.11349E+03  0.00000E+00 -0.14212E+04  0.15266E-02  0.61006E-05  0.46524E+03  0.17100E+02  0.00000E+00    215  0.00000E+00      0.000
      60.0002 -0.20000E-01  0.00000E+00 -0.19592E-01  0.00000E+00 -0.94867E-03 -0.17100E+02  0.00000E+00 -0.17100E+02  0.00000E+00 -0.43058E-01 -0.11352E+03  0.00000E+00 -0.14212E+04  0.40797E-03  0.61536E-05  0.46524E+03  0.17100E+02  0.00000E+00    216  0.00000E+00      0.000
      60.0004 -0.20000E-01  0.00000E+00 -0.20390E-01  0.00000E+00 -0.94867E-03 -0.17100E+02  0.00000E+00 -0.17100E+02  0.00000E+00 -0.43058E-01 -0.11352E+03  0.00000E+00 -0.14212E+04  0.39014E-03  0.62196E-05  0.46524E+03  0.17100E+02  0.00000E+00    217  0.00000E+00      0.000
      60.0006 -0.20000E-01  0.00000E+00 -0.19497E-01  0.00000E+00 -0.94867E-03 -0.17100E+02  0.00000E+00 -0.17100E+02  0.00000E+00 -0.43059E-01 -0.11354E+03  0.00000E+00 -0.14212E+04  0.50282E-03  0.63300E-05  0.46524E+03  0.17100E+02  0.00000E+00    218  0.00000E+00      0.000
      60.0009 -0.20000E-01  0.00000E+00 -0.20216E-01  0.00000E+00 -0.94867E-03 -0.17100E+02  0.00000E+00 -0.17100E+02  0.00000E+00 -0.43059E-01 -0.11356E+03  0.00000E+00 -0.14212E+04  0.21629E-03  0.63918E-05  0.46524E+03  0.17100E+02  0.00000E+00    219  0.00000E+00      0.000
      60.0013 -0.20000E-01  0.00000E+00 -0.20396E-01  0.00000E+00 -0.94867E-03 -0.17100E+02  0.00000E+00 -0.17100E+02  0.00000E+00 -0.43059E-01 -0.11359E+03  0.00000E+00 -0.14212E+04  0.39587E-03  0.65388E-05  0.46524E+03  0.17100E+02  0.00000E+00    220  0.00000E+00      0.000
      60.0018 -0.20000E-01  0.00000E+00 -0.20269E-01  0.00000E+00 -0.94867E-03 -0.17100E+02  0.00000E+00 -0.17100E+02  0.00000E+00 -0.43060E-01 -0.11362E+03  0.00000E+00 -0.14212E+04  0.26863E-03  0.66685E-05  0.46524E+03  0.17100E+02  0.00000E+00    221  0.00000E+00      0.000
      60.0024 -0.20000E-01  0.00000E+00 -0.19790E-01  0.00000E+00 -0.94867E-03 -0.17100E+02  0.00000E+00 -0.17100E+02  0.00000E+00 -0.43060E-01 -0.11367E+03  0.00000E+00 -0.14212E+04  0.20952E-03  0.67999E-05  0.46524E+03  0.17100E+02  0.00000E+00    222  0.00000E+00      0.000
      60.0032 -0.20000E-01  0.00000E+00 -0.20023E-01  0.00000E+00 -0.94867E-03 -0.17100E+02  0.00000E+00 -0.17100E+02  0.00000E+00 -0.43061E-01 -0.11373E+03  0.00000E+00 -0.14212E+04  0.23138E-04  0.68188E-05  0.46524E+03  0.17100E+02  0.00000E+00    223  0.00000E+00      0.000
      60.0043 -0.20000E-01  0.00000E+00 -0.20012E-01  0.00000E+00 -0.94867E-03 -0.17100E+02  0.00000E+00 -0.17100E+02  0.00000E+00 -0.43062E-01 -0.11381E+03  0.00000E+00 -0.14212E+04  0.11977E-04  0.68315E-05  0.46524E+03  0.17100E+02  0.00000E+00    224  0.00000E+00      0.000
      60.0056 -0.20000E-01  0.00000E+00 -0.19923E-01  0.00000E+00 -0.84058E-03 -0.17100E+02  0.00000E+00 -0.17100E+02  0.00000E+00 -0.43063E-01 -0.11392E+03  0.00000E+00 -0.14212E+04  0.77453E-04  0.69383E-05  0.46524E+03  0.17100E+02  0.00000E+00    225  0.00000E+00      0.000
      60.0074 -0.20000E-01  0.00000E+00 -0.20048E-01  0.00000E+00 -0.86551E-03 -0.17100E+02  0.00000E+00 -0.17100E+02  0.00000E+00 -0.43065E-01 -0.11405E+03  0.00000E+00 -0.14212E+04  0.47665E-04  0.70237E-05  0.46524E+03  0.17100E+02  0.00000E+00    226  0.00000E+00      0.000
      60.0098 -0.20000E-01  0.00000E+00 -0.19993E-01  0.00000E+00 -0.88470E-03 -0.17100E+02  0.00000E+00 -0.17100E+02  0.00000E+00 -0.43067E-01 -0.11423E+03  0.00000E+00 -0.14212E+04  0.00000E+00  0.70237E-05  0.46524E+03  0.17100E+02  0.00000E+00    227  0.00000E+00      0.000
      60.0128 -0.20000E-01  0.00000E+00 -0.20026E-01  0.00000E+00 -0.89948E-03 -0.17100E+02  0.00000E+00 -0.17100E+02  0.00000E+00 -0.43070E-01 -0.11445E+03  0.00000E+00 -0.14212E+04  0.25693E-04  0.71015E-05  0.46524E+03  0.17100E+02  0.00000E+00    228  0.00000E+00      0.000
      60.0167 -0.20000E-01  0.00000E+00 -0.19977E-01  0.00000E+00 -0.87300E-03 -0.17100E+02  0.00000E+00 -0.17100E+02  0.00000E+00 -0.43073E-01 -0.11473E+03  0.00000E+00 -0.14212E+04  0.23101E-04  0.71925E-05  0.46524E+03  0.17100E+02  0.00000E+00    229  0.00000E+00      0.000
      60.0218 -0.20000E-01  0.00000E+00 -0.20028E-01  0.00000E+00 -0.86133E-03 -0.17100E+02  0.00000E+00 -0.17100E+02  0.00000E+00 -0.43077E-01 -0.11510E+03  0.00000E+00 -0.14212E+04  0.27727E-04  0.73344E-05  0.46524E+03  0.17100E+02  0.00000E+00    230  0.00000E+00      0.000
      60.0285 -0.20000E-01  0.00000E+00 -0.20009E-01  0.00000E+00 -0.88150E-03 -0.17100E+02  0.00000E+00 -0.17100E+02  0.00000E+00 -0.43083E-01 -0.11556E+03  0.00000E+00 -0.14212E+04  0.00000E+00  0.73344E-05  0.46524E+03  0.17100E+02  0.00000E+00    231  0.00000E+00      0.000
      60.0372 -0.20000E-01  0.00000E+00 -0.20001E-01  0.00000E+00 -0.87980E-03 -0.17100E+02  0.00000E+00 -0.17100E+02  0.00000E+00 -0.43091E-01 -0.11614E+03  0.00000E+00 -0.14212E+04  0.00000E+00  0.73344E-05  0.46524E+03  0.17100E+02  0.00000E+00    232  0.00000E+00      0.000
      60.0484 -0.20000E-01  0.00000E+00 -0.20005E-01  0.00000E+00 -0.86921E-03 -0.17101E+02  0.00000E+00 -0.17101E+02  0.00000E+00 -0.43101E-01 -0.11687E+03  0.00000E+00 -0.14212E+04  0.00000E+00  0.73344E-05  0.46524E+03  0.17101E+02  0.00000E+00    233  0.00000E+00      0.000
      60.0630 -0.20000E-01  0.00000E+00 -0.19991E-01  0.00000E+00 -0.87726E-03 -0.17101E+02  0.00000E+00 -0.17101E+02  0.00000E+00 -0.43114E-01 -0.11778E+03  0.00000E+00 -0.14212E+04  0.00000E+00  0.73344E-05  0.46524E+03  0.17101E+02  0.00000E+00    234  0.00000E+00      0.000
      60.0820 -0.20000E-01  0.00000E+00 -0.19996E-01  0.00000E+00 -0.87811E-03 -0.17101E+02  0.00000E+00 -0.17101E+02  0.00000E+00 -0.43130E-01 -0.11891E+03  0.00000E+00 -0.14212E+04  0.00000E+00  0.73344E-05  0.46524E+03  0.17101E+02  0.00000E+00    235  0.00000E+00      0.000
      60.1067 -0.20000E-01  0.00000E+00 -0.19994E-01  0.00000E+00 -0.87625E-03 -0.17102E+02  0.00000E+00 -0.17102E+02  0.00000E+00 -0.43152E-01 -0.12028E+03  0.00000E+00 -0.14212E+04  0.00000E+00  0.73344E-05  0.46524E+03  0.17102E+02  0.00000E+00    236  0.00000E+00      0.000
      60.1388 -0.20000E-01  0.00000E+00 -0.20001E-01  0.00000E+00 -0.87441E-03 -0.17102E+02  0.00000E+00 -0.17102E+02  0.00000E+00 -0.43180E-01 -0.12192E+03  0.00000E+00 -0.14212E+04  0.00000E+00  0.73344E-05  0.46524E+03  0.17102E+02  0.00000E+00    237  0.00000E+00      0.000
      60.1806 -0.20000E-01  0.00000E+00 -0.19999E-01  0.00000E+00 -0.87374E-03 -0.17103E+02  0.00000E+00 -0.17103E+02  0.00000E+00 -0.43216E-01 -0.12385E+03  0.00000E+00 -0.14212E+04  0.00000E+00  0.73344E-05  0.46524E+03  0.17103E+02  0.00000E+00    238  0.00000E+00      0.000
      60.2349 -0.20000E-01  0.00000E+00 -0.20000E-01  0.00000E+00 -0.87452E-03 -0.17104E+02  0.00000E+00 -0.17104E+02  0.00000E+00 -0.43264E-01 -0.12610E+03  0.00000E+00 -0.14212E+04  0.00000E+00  0.73344E-05  0.46524E+03  0.17104E+02  0.00000E+00    239  0.00000E+00      0.000
      60.3054 -0.20000E-01  0.00000E+00 -0.20002E-01  0.00000E+00 -0.87264E-03 -0.17106E+02  0.00000E+00 -0.17106E+02  0.00000E+00 -0.43325E-01 -0.12867E+03  0.00000E+00 -0.14212E+04  0.00000E+00  0.73344E-05  0.46525E+03  0.17106E+02  0.00000E+00    240  0.00000E+00      0.000
      60.3972 -0.20000E-01  0.00000E+00 -0.20000E-01  0.00000E+00 -0.87387E-03 -0.17108E+02  0.00000E+00 -0.17108E+02  0.00000E+00 -0.43406E-01 -0.13158E+03  0.00000E+00 -0.14211E+04  0.00000E+00  0.73344E-05  0.46525E+03  0.17108E+02  0.00000E+00    241  0.00000E+00      0.000
      60.5164 -0.20000E-01  0.00000E+00 -0.20000E-01  0.00000E+00 -0.87358E-03 -0.17110E+02  0.00000E+00 -0.17110E+02  0.00000E+00 -0.43510E-01 -0.13487E+03  0.00000E+00 -0.14211E+04  0.00000E+00  0.73344E-05  0.46525E+03  0.17110E+02  0.00000E+00    242  0.00000E+00      0.000
      60.6715 -0.20000E-01  0.00000E+00 -0.20000E-01  0.00000E+00 -0.87348E-03 -0.17113E+02  0.00000E+00 -0.17113E+02  0.00000E+00 -0.43645E-01 -0.13857E+03  0.00000E+00 -0.14211E+04  0.00000E+00  0.73344E-05  0.46525E+03  0.17113E+02  0.00000E+00    243  0.00000E+00      0.000
      60.8730 -0.20000E-01  0.00000E+00 -0.20000E-01  0.00000E+00 -0.87374E-03 -0.17117E+02  0.00000E+00 -0.17117E+02  0.00000E+00 -0.43821E-01 -0.14274E+03  0.00000E+00 -0.14210E+04  0.00000E+00  0.73344E-05  0.46526E+03  0.17117E+02  0.00000E+00    244  0.00000E+00      0.000
      61.1350 -0.20000E-01  0.00000E+00 -0.20000E-01  0.00000E+00 -0.87437E-03 -0.17122E+02  0.00000E+00 -0.17122E+02  0.00000E+00 -0.44050E-01 -0.14749E+03  0.00000E+00 -0.14210E+04  0.00000E+00  0.73344E-05  0.46526E+03  0.17122E+02  0.00000E+00    245  0.00000E+00      0.000
      61.4756 -0.20000E-01  0.00000E+00 -0.20000E-01  0.00000E+00 -0.87430E-03 -0.17129E+02  0.00000E+00 -0.17129E+02  0.00000E+00 -0.44348E-01 -0.15311E+03  0.00000E+00 -0.14209E+04  0.00000E+00  0.73344E-05  0.46527E+03  0.17129E+02  0.00000E+00    246  0.00000E+00      0.000
      61.9184 -0.20000E-01  0.00000E+00 -0.20000E-01  0.00000E+00 -0.87435E-03 -0.17138E+02  0.00000E+00 -0.17138E+02  0.00000E+00 -0.44735E-01 -0.15953E+03  0.00000E+00 -0.14208E+04  0.00000E+00  0.73344E-05  0.46528E+03  0.17138E+02  0.00000E+00    247  0.00000E+00      0.000
      62.4940 -0.20000E-01  0.00000E+00 -0.20000E-01  0.00000E+00 -0.87443E-03 -0.17149E+02  0.00000E+00 -0.17149E+02  0.00000E+00 -0.45239E-01 -0.16685E+03  0.00000E+00 -0.14206E+04  0.00000E+00  0.73344E-05  0.46529E+03  0.17149E+02  0.00000E+00    248  0.00000E+00      0.000
      63.2446 -0.20000E-01  0.00000E+00 -0.20000E-01  0.00000E+00 -0.87483E-03 -0.17164E+02  0.00000E+00 -0.17164E+02  0.00000E+00 -0.45895E-01 -0.17519E+03  0.00000E+00 -0.14205E+04  0.00000E+00  0.73344E-05  0.46530E+03  0.17164E+02  0.00000E+00    249  0.00000E+00      0.000
      64.2096 -0.20000E-01  0.00000E+00 -0.20000E-01  0.00000E+00 -0.87522E-03 -0.17184E+02  0.00000E+00 -0.17184E+02  0.00000E+00 -0.46740E-01 -0.18456E+03  0.00000E+00 -0.14203E+04  0.00000E+00  0.73344E-05  0.46532E+03  0.17184E+02  0.00000E+00    250  0.00000E+00      0.000
      65.3677 -0.20000E-01  0.00000E+00 -0.20000E-01  0.00000E+00 -0.87565E-03 -0.17207E+02  0.00000E+00 -0.17207E+02  0.00000E+00 -0.47754E-01 -0.19509E+03  0.00000E+00 -0.14200E+04  0.00000E+00  0.73344E-05  0.46534E+03  0.17207E+02  0.00000E+00    251  0.00000E+00      0.000
      66.9118 -0.20000E-01  0.00000E+00 -0.20000E-01  0.00000E+00 -0.87619E-03 -0.17238E+02  0.00000E+00 -0.17238E+02  0.00000E+00 -0.49107E-01 -0.20728E+03  0.00000E+00 -0.14196E+04  0.00000E+00  0.73344E-05  0.46537E+03  0.17238E+02  0.00000E+00    252  0.00000E+00      0.000
      70.0000 -0.20000E-01  0.00000E+00 -0.20000E-01  0.00000E+00 -0.87738E-03 -0.17300E+02  0.00000E+00 -0.17300E+02  0.00000E+00 -0.51816E-01 -0.22743E+03  0.00000E+00 -0.14190E+04  0.00000E+00  0.73344E-05  0.46543E+03  0.17300E+02  0.00000E+00    253  0.00000E+00      0.000
      70.0001 -0.10000E-01  0.00000E+00 -0.97798E-02  0.00000E+00 -0.94624E-03 -0.17300E+02  0.00000E+00 -0.17300E+02  0.00000E+00 -0.51817E-01 -0.22737E+03  0.00000E+00 -0.14190E+04  0.22022E-03  0.73564E-05  0.46543E+03  0.17300E+02  0.00000E+00    254  0.00000E+00      0.000
      70.0002 -0.10000E-01  0.00000E+00 -0.93036E-02  0.00000E+00 -0.94624E-03 -0.17300E+02  0.00000E+00 -0.17300E+02  0.00000E+00 -0.51817E-01 -0.22739E+03  0.00000E+00 -0.14190E+04  0.69635E-03  0.74469E-05  0.46543E+03  0.17300E+02  0.00000E+00    255  0.00000E+00      0.000
      70.0004 -0.10000E-01  0.00000E+00 -0.10018E-01  0.00000E+00 -0.94624E-03 -0.17300E+02  0.00000E+00 -0.17300E+02  0.00000E+00 -0.51817E-01 -0.22738E+03  0.00000E+00 -0.14190E+04  0.18310E-04  0.74500E-05  0.46543E+03  0.17300E+02  0.00000E+00    256  0.00000E+00      0.000
      70.0006 -0.10000E-01  0.00000E+00 -0.10010E-01  0.00000E+00 -0.94624E-03 -0.17300E+02  0.00000E+00 -0.17300E+02  0.00000E+00 -0.51817E-01 -0.22739E+03  0.00000E+00 -0.14190E+04  0.00000E+00  0.74500E-05  0.46543E+03  0.17300E+02  0.00000E+00    257  0.00000E+00      0.000
      70.0009 -0.10000E-01  0.00000E+00 -0.99030E-02  0.00000E+00 -0.94624E-03 -0.17300E+02  0.00000E+00 -0.17300E+02  0.00000E+00 -0.51817E-01 -0.22739E+03  0.00000E+00 -0.14190E+04  0.96969E-04  0.74777E-05  0.46543E+03  0.17300E+02  0.00000E+00    258  0.00000E+00      0.000
      70.0013 -0.10000E-01  0.00000E+00 -0.99758E-02  0.00000E+00 -0.94624E-03 -0.17300E+02  0.00000E+00 -0.17300E+02  0.00000E+00 -0.51818E-01 -0.22740E+03  0.00000E+00 -0.14190E+04  0.24246E-04  0.74867E-05  0.46543E+03  0.17300E+02  0.00000E+00    259  0.00000E+00      0.000
      70.0018 -0.10000E-01  0.00000E+00 -0.97209E-02  0.00000E+00 -0.94624E-03 -0.17300E+02  0.00000E+00 -0.17300E+02  0.00000E+00 -0.51818E-01 -0.22740E+03  0.00000E+00 -0.14190E+04  0.27914E-03  0.76215E-05  0.46543E+03  0.17300E+02  0.00000E+00    260  0.00000E+00      0.000
      70.0024 -0.10000E-01  0.00000E+00 -0.10041E-01  0.00000E+00 -0.94624E-03 -0.17300E+02  0.00000E+00 -0.17300E+02  0.00000E+00 -0.51819E-01 -0.22741E+03  0.00000E+00 -0.14190E+04  0.41410E-04  0.76475E-05  0.46543E+03  0.17300E+02  0.00000E+00    261  0.00000E+00      0.000
      70.0032 -0.10000E-01  0.00000E+00 -0.10064E-01  0.00000E+00 -0.94623E-03 -0.17300E+02  0.00000E+00 -0.17300E+02  0.00000E+00 -0.51819E-01 -0.22743E+03  0.00000E+00 -0.14190E+04  0.64086E-04  0.76997E-05  0.46543E+03  0.17300E+02  0.00000E+00    262  0.00000E+00      0.000
      70.0043 -0.10000E-01  0.00000E+00 -0.98766E-02  0.00000E+00 -0.80574E-03 -0.17300E+02  0.00000E+00 -0.17300E+02  0.00000E+00 -0.51820E-01 -0.22744E+03  0.00000E+00 -0.14190E+04  0.12336E-03  0.78305E-05  0.46543E+03  0.17300E+02  0.00000E+00    263  0.00000E+00      0.000
      70.0056 -0.10000E-01  0.00000E+00 -0.10047E-01  0.00000E+00 -0.83815E-03 -0.17300E+02  0.00000E+00 -0.17300E+02  0.00000E+00 -0.51821E-01 -0.22746E+03  0.00000E+00 -0.14190E+04  0.46980E-04  0.78953E-05  0.46543E+03  0.17300E+02  0.00000E+00    264  0.00000E+00      0.000
      70.0074 -0.10000E-01  0.00000E+00 -0.10066E-01  0.00000E+00 -0.86310E-03 -0.17300E+02  0.00000E+00 -0.17300E+02  0.00000E+00 -0.51823E-01 -0.22749E+03  0.00000E+00 -0.14190E+04  0.65947E-04  0.80135E-05  0.46543E+03  0.17300E+02  0.00000E+00    265  0.00000E+00      0.000
      70.0098 -0.10000E-01  0.00000E+00 -0.99621E-02  0.00000E+00 -0.88226E-03 -0.17300E+02  0.00000E+00 -0.17300E+02  0.00000E+00 -0.51825E-01 -0.22752E+03  0.00000E+00 -0.14190E+04  0.37881E-04  0.81018E-05  0.46543E+03  0.17300E+02  0.00000E+00    266  0.00000E+00      0.000
      70.0128 -0.10000E-01  0.00000E+00 -0.10018E-01  0.00000E+00 -0.84780E-03 -0.17300E+02  0.00000E+00 -0.17300E+02  0.00000E+00 -0.51828E-01 -0.22757E+03  0.00000E+00 -0.14190E+04  0.17911E-04  0.81560E-05  0.46543E+03  0.17300E+02  0.00000E+00    267  0.00000E+00      0.000
      70.0167 -0.10000E-01  0.00000E+00 -0.10035E-01  0.00000E+00 -0.87045E-03 -0.17300E+02  0.00000E+00 -0.17300E+02  0.00000E+00 -0.51831E-01 -0.22762E+03  0.00000E+00 -0.14190E+04  0.35243E-04  0.82948E-05  0.46543E+03  0.17300E+02  0.00000E+00    268  0.00000E+00      0.000
      70.0218 -0.10000E-01  0.00000E+00 -0.99908E-02  0.00000E+00 -0.88796E-03 -0.17300E+02  0.00000E+00 -0.17300E+02  0.00000E+00 -0.51836E-01 -0.22770E+03  0.00000E+00 -0.14190E+04  0.00000E+00  0.82948E-05  0.46543E+03  0.17300E+02  0.00000E+00    269  0.00000E+00      0.000
      70.0285 -0.10000E-01  0.00000E+00 -0.10020E-01  0.00000E+00 -0.87901E-03 -0.17300E+02  0.00000E+00 -0.17300E+02  0.00000E+00 -0.51841E-01 -0.22779E+03  0.00000E+00 -0.14190E+04  0.20050E-04  0.84282E-05  0.46543E+03  0.17300E+02  0.00000E+00    270  0.00000E+00      0.000
      70.0372 -0.10000E-01  0.00000E+00 -0.10016E-01  0.00000E+00 -0.87725E-03 -0.17300E+02  0.00000E+00 -0.17300E+02  0.00000E+00 -0.51849E-01 -0.22792E+03  0.00000E+00 -0.14190E+04  0.16440E-04  0.85704E-05  0.46543E+03  0.17300E+02  0.00000E+00    271  0.00000E+00      0.000
      70.0484 -0.10000E-01  0.00000E+00 -0.10005E-01  0.00000E+00 -0.87992E-03 -0.17300E+02  0.00000E+00 -0.17300E+02  0.00000E+00 -0.51859E-01 -0.22808E+03  0.00000E+00 -0.14190E+04  0.00000E+00  0.85704E-05  0.46543E+03  0.17300E+02  0.00000E+00    272  0.00000E+00      0.000
      70.0630 -0.10000E-01  0.00000E+00 -0.10005E-01  0.00000E+00 -0.87481E-03 -0.17300E+02  0.00000E+00 -0.17300E+02  0.00000E+00 -0.51872E-01 -0.22828E+03  0.00000E+00 -0.14189E+04  0.00000E+00  0.85704E-05  0.46543E+03  0.17300E+02  0.00000E+00    273  0.00000E+00      0.000
      70.0820 -0.10000E-01  0.00000E+00 -0.99952E-02  0.00000E+00 -0.87557E-03 -0.17300E+02  0.00000E+00 -0.17300E+02  0.00000E+00 -0.51888E-01 -0.22854E+03  0.00000E+00 -0.14189E+04  0.00000E+00  0.85704E-05  0.46543E+03  0.17300E+02  0.00000E+00    274  0.00000E+00      0.000
      70.1067 -0.10000E-01  0.00000E+00 -0.10000E-01  0.00000E+00 -0.87973E-03 -0.17301E+02  0.00000E+00 -0.17301E+02  0.00000E+00 -0.51910E-01 -0.22887E+03  0.00000E+00 -0.14189E+04  0.00000E+00  0.85704E-05  0.46543E+03  0.17301E+02  0.00000E+00    275  0.00000E+00      0.000
      70.1388 -0.10000E-01  0.00000E+00 -0.10002E-01  0.00000E+00 -0.87655E-03 -0.17301E+02  0.00000E+00 -0.17301E+02  0.00000E+00 -0.51938E-01 -0.22929E+03  0.00000E+00 -0.14189E+04  0.00000E+00  0.85704E-05  0.46543E+03  0.17301E+02  0.00000E+00    276  0.00000E+00      0.000
      70.1806 -0.10000E-01  0.00000E+00 -0.99967E-02  0.00000E+00 -0.87830E-03 -0.17301E+02  0.00000E+00 -0.17301E+02  0.00000E+00 -0.51975E-01 -0.22982E+03  0.00000E+00 -0.14189E+04  0.00000E+00  0.85704E-05  0.46543E+03  0.17301E+02  0.00000E+00    277  0.00000E+00      0.000
      70.2349 -0.10000E-01  0.00000E+00 -0.99991E-02  0.00000E+00 -0.87744E-03 -0.17302E+02  0.00000E+00 -0.17302E+02  0.00000E+00 -0.52023E-01 -0.23048E+03  0.00000E+00 -0.14189E+04  0.00000E+00  0.85704E-05  0.46543E+03  0.17302E+02  0.00000E+00    278  0.00000E+00      0.000
      70.3054 -0.10000E-01  0.00000E+00 -0.99988E-02  0.00000E+00 -0.87849E-03 -0.17303E+02  0.00000E+00 -0.17303E+02  0.00000E+00 -0.52085E-01 -0.23131E+03  0.00000E+00 -0.14189E+04  0.00000E+00  0.85704E-05  0.46543E+03  0.17303E+02  0.00000E+00    279  0.00000E+00      0.000
      70.3972 -0.10000E-01  0.00000E+00 -0.10001E-01  0.00000E+00 -0.87787E-03 -0.17304E+02  0.00000E+00 -0.17304E+02  0.00000E+00 -0.52165E-01 -0.23233E+03  0.00000E+00 -0.14189E+04  0.00000E+00  0.85704E-05  0.46544E+03  0.17304E+02  0.00000E+00    280  0.00000E+00      0.000
      70.5164 -0.10000E-01  0.00000E+00 -0.10001E-01  0.00000E+00 -0.87736E-03 -0.17305E+02  0.00000E+00 -0.17305E+02  0.00000E+00 -0.52270E-01 -0.23359E+03  0.00000E+00 -0.14188E+04  0.00000E+00  0.85704E-05  0.46544E+03  0.17305E+02  0.00000E+00    281  0.00000E+00      0.000
      70.6715 -0.10000E-01  0.00000E+00 -0.10001E-01  0.00000E+00 -0.87780E-03 -0.17306E+02  0.00000E+00 -0.17306E+02  0.00000E+00 -0.52406E-01 -0.23514E+03  0.00000E+00 -0.14188E+04  0.00000E+00  0.85704E-05  0.46544E+03  0.17306E+02  0.00000E+00    282  0.00000E+00      0.000
      70.8730 -0.10000E-01  0.00000E+00 -0.99998E-02  0.00000E+00 -0.87799E-03 -0.17308E+02  0.00000E+00 -0.17308E+02  0.00000E+00 -0.52583E-01 -0.23712E+03  0.00000E+00 -0.14188E+04  0.00000E+00  0.85704E-05  0.46544E+03  0.17308E+02  0.00000E+00    283  0.00000E+00      0.000
      71.1350 -0.10000E-01  0.00000E+00 -0.10000E-01  0.00000E+00 -0.87777E-03 -0.17311E+02  0.00000E+00 -0.17311E+02  0.00000E+00 -0.52813E-01 -0.23967E+03  0.00000E+00 -0.14187E+04  0.00000E+00  0.85704E-05  0.46544E+03  0.17311E+02  0.00000E+00    284  0.00000E+00      0.000
      71.4756 -0.10000E-01  0.00000E+00 -0.10000E-01  0.00000E+00 -0.87767E-03 -0.17314E+02  0.00000E+00 -0.17314E+02  0.00000E+00 -0.53112E-01 -0.24276E+03  0.00000E+00 -0.14186E+04  0.00000E+00  0.85704E-05  0.46545E+03  0.17314E+02  0.00000E+00    285  0.00000E+00      0.000
      71.9184 -0.10000E-01  0.00000E+00 -0.10000E-01  0.00000E+00 -0.87821E-03 -0.17319E+02  0.00000E+00 -0.17319E+02  0.00000E+00 -0.53501E-01 -0.24655E+03  0.00000E+00 -0.14185E+04  0.00000E+00  0.85704E-05  0.46545E+03  0.17319E+02  0.00000E+00    286  0.00000E+00      0.000
      72.4940 -0.10000E-01  0.00000E+00 -0.99997E-02  0.00000E+00 -0.87823E-03 -0.17325E+02  0.00000E+00 -0.17325E+02  0.00000E+00 -0.54006E-01 -0.25117E+03  0.00000E+00 -0.14184E+04  0.00000E+00  0.85704E-05  0.46545E+03  0.17325E+02  0.00000E+00    287  0.00000E+00      0.000
      73.2446 -0.10000E-01  0.00000E+00 -0.99999E-02  0.00000E+00 -0.87858E-03 -0.17332E+02  0.00000E+00 -0.17332E+02  0.00000E+00 -0.54665E-01 -0.25678E+03  0.00000E+00 -0.14183E+04  0.00000E+00  0.85704E-05  0.46546E+03  0.17332E+02  0.00000E+00    288  0.00000E+00      0.000
      74.2096 -0.10000E-01  0.00000E+00 -0.10000E-01  0.00000E+00 -0.87889E-03 -0.17342E+02  0.00000E+00 -0.17342E+02  0.00000E+00 -0.55514E-01 -0.26350E+03  0.00000E+00 -0.14181E+04  0.00000E+00  0.85704E-05  0.46547E+03  0.17342E+02  0.00000E+00    289  0.00000E+00      0.000
      75.3677 -0.10000E-01  0.00000E+00 -0.10000E-01  0.00000E+00 -0.87928E-03 -0.17353E+02  0.00000E+00 -0.17353E+02  0.00000E+00 -0.56532E-01 -0.27101E+03  0.00000E+00 -0.14178E+04  0.00000E+00  0.85704E-05  0.46548E+03  0.17353E+02  0.00000E+00    290  0.00000E+00      0.000
      76.9118 -0.10000E-01  0.00000E+00 -0.99999E-02  0.00000E+00 -0.87982E-03 -0.17369E+02  0.00000E+00 -0.17369E+02  0.00000E+00 -0.57890E-01 -0.28016E+03  0.00000E+00 -0.14175E+04  0.00000E+00  0.85704E-05  0.46549E+03  0.17369E+02  0.00000E+00    291  0.00000E+00      0.000
      80.0000 -0.10000E-01  0.00000E+00 -0.10000E-01  0.00000E+00 -0.88089E-03 -0.17400E+02  0.00000E+00 -0.17400E+02  0.00000E+00 -0.60611E-01 -0.29635E+03  0.00000E+00 -0.14169E+04  0.00000E+00  0.85704E-05  0.46552E+03  0.17400E+02  0.00000E+00    292  0.00000E+00      0.000
      82.5000  0.00000E+00  0.00000E+00 -0.13970E-07  0.00000E+00 -0.88172E-03 -0.17400E+02  0.00000E+00 -0.17400E+02  0.00000E+00 -0.62815E-01 -0.31980E+03  0.00000E+00 -0.14164E+04  0.00000E+00  0.85704E-05  0.46552E+03  0.17400E+02  0.00000E+00    293  0.00000E+00      0.000
      86.2500  0.00000E+00  0.00000E+00 -0.60536E-08  0.00000E+00 -0.88297E-03 -0.17400E+02  0.00000E+00 -0.17400E+02  0.00000E+00 -0.66126E-01 -0.34351E+03  0.00000E+00 -0.14156E+04  0.00000E+00  0.85704E-05  0.46552E+03  0.17400E+02  0.00000E+00    294  0.00000E+00      0.000
      90.0000  0.00000E+00  0.00000E+00  0.24680E-07  0.00000E+00 -0.88418E-03 -0.17400E+02  0.00000E+00 -0.17400E+02  0.00000E+00 -0.69442E-01 -0.36550E+03  0.00000E+00 -0.14149E+04  0.00000E+00  0.85704E-05  0.46551E+03  0.17400E+02  0.92550E-07    295  0.00000E+00      0.000
end
