 ******* Program HYDRUS
 ******* 
 Welcome to HYDRUS-1D                                                    
 Date:  25. 9.    Time:  14: 1:39
 Units: L = mm   , T = min  , M = mmol 

----------------------------------------------------------
 Time       [T]       10.0000
----------------------------------------------------------
 Sub-region num.                     1            2
----------------------------------------------------------
 Length   [L]        0.10000E+04  0.10000E+04  0.00000E+00
 W-volume [L]        0.45339E+03  0.45339E+03  0.00000E+00
 In-flow  [L/T]      0.00000E+00  0.00000E+00  0.00000E+00
 h Mean   [L]       -0.39896E+04 -0.39896E+04  0.00000E+00
 Top Flux [L/T]     -0.93562E-06
 Bot Flux [L/T]      0.80375E-03
----------------------------------------------------------

----------------------------------------------------------
 Time       [T]       10.0010
----------------------------------------------------------
 Sub-region num.                     1            2
----------------------------------------------------------
 Length   [L]        0.10000E+04  0.10000E+04  0.00000E+00
 W-volume [L]        0.45339E+03  0.45339E+03  0.00000E+00
 In-flow  [L/T]      0.60081E-01  0.60081E-01  0.00000E+00
 h Mean   [L]       -0.39895E+04 -0.39895E+04  0.00000E+00
 Top Flux [L/T]     -0.17151E-05
 Bot Flux [L/T]      0.80307E-03
 WatBalT  [L]       -0.78679E-05
 WatBalR  [%]              6.077
----------------------------------------------------------

----------------------------------------------------------
 Time       [T]       20.0000
----------------------------------------------------------
 Sub-region num.                     1            2
----------------------------------------------------------
 Length   [L]        0.10000E+04  0.10000E+04  0.00000E+00
 W-volume [L]        0.45988E+03  0.45988E+03  0.00000E+00
 In-flow  [L/T]      0.64890E+00  0.64890E+00  0.00000E+00
 h Mean   [L]       -0.30930E+04 -0.30930E+04  0.00000E+00
 Top Flux [L/T]     -0.61540E+00
 Bot Flux [L/T]     -0.72550E-03
 WatBalT  [L]        0.83923E-04
 WatBalR  [%]              0.001
----------------------------------------------------------

----------------------------------------------------------
 Time       [T]       30.0000
----------------------------------------------------------
 Sub-region num.                     1            2
----------------------------------------------------------
 Length   [L]        0.10000E+04  0.10000E+04  0.00000E+00
 W-volume [L]        0.46687E+03  0.46687E+03  0.00000E+00
 In-flow  [L/T]      0.69891E+00  0.69891E+00  0.00000E+00
 h Mean   [L]       -0.25437E+04 -0.25437E+04  0.00000E+00
 Top Flux [L/T]     -0.68586E+00
 Bot Flux [L/T]     -0.82725E-03
 WatBalT  [L]        0.12302E-03
 WatBalR  [%]              0.001
----------------------------------------------------------

----------------------------------------------------------
 Time       [T]       40.0000
----------------------------------------------------------
 Sub-region num.                     1            2
----------------------------------------------------------
 Length   [L]        0.10000E+04  0.10000E+04  0.00000E+00
 W-volume [L]        0.47126E+03  0.47126E+03  0.00000E+00
 In-flow  [L/T]      0.43893E+00  0.43893E+00  0.00000E+00
 h Mean   [L]       -0.23135E+04 -0.23135E+04  0.00000E+00
 Top Flux [L/T]     -0.43411E+00
 Bot Flux [L/T]     -0.86482E-03
 WatBalT  [L]        0.55313E-04
 WatBalR  [%]              0.000
----------------------------------------------------------

----------------------------------------------------------
 Time       [T]       50.0000
----------------------------------------------------------
 Sub-region num.                     1            2
----------------------------------------------------------
 Length   [L]        0.10000E+04  0.10000E+04  0.00000E+00
 W-volume [L]        0.47335E+03  0.47335E+03  0.00000E+00
 In-flow  [L/T]      0.20894E+00  0.20894E+00  0.00000E+00
 h Mean   [L]       -0.21812E+04 -0.21812E+04  0.00000E+00
 Top Flux [L/T]     -0.21067E+00
 Bot Flux [L/T]     -0.88377E-03
 WatBalT  [L]       -0.95367E-05
 WatBalR  [%]              0.000
----------------------------------------------------------

----------------------------------------------------------
 Time       [T]       60.0000
----------------------------------------------------------
 Sub-region num.                     1            2
----------------------------------------------------------
 Length   [L]        0.10000E+04  0.10000E+04  0.00000E+00
 W-volume [L]        0.47404E+03  0.47404E+03  0.00000E+00
 In-flow  [L/T]      0.68948E-01  0.68948E-01  0.00000E+00
 h Mean   [L]       -0.20973E+04 -0.20973E+04  0.00000E+00
 Top Flux [L/T]     -0.75431E-01
 Bot Flux [L/T]     -0.89452E-03
 WatBalT  [L]       -0.40054E-04
 WatBalR  [%]              0.000
----------------------------------------------------------

----------------------------------------------------------
 Time       [T]       70.0000
----------------------------------------------------------
 Sub-region num.                     1            2
----------------------------------------------------------
 Length   [L]        0.10000E+04  0.10000E+04  0.00000E+00
 W-volume [L]        0.47433E+03  0.47433E+03  0.00000E+00
 In-flow  [L/T]      0.28954E-01  0.28954E-01  0.00000E+00
 h Mean   [L]       -0.20409E+04 -0.20409E+04  0.00000E+00
 Top Flux [L/T]     -0.35299E-01
 Bot Flux [L/T]     -0.90102E-03
 WatBalT  [L]       -0.91553E-04
 WatBalR  [%]              0.000
----------------------------------------------------------

----------------------------------------------------------
 Time       [T]       80.0000
----------------------------------------------------------
 Sub-region num.                     1            2
----------------------------------------------------------
 Length   [L]        0.10000E+04  0.10000E+04  0.00000E+00
 W-volume [L]        0.47442E+03  0.47442E+03  0.00000E+00
 In-flow  [L/T]      0.89594E-02  0.89594E-02  0.00000E+00
 h Mean   [L]       -0.19997E+04 -0.19997E+04  0.00000E+00
 Top Flux [L/T]     -0.15204E-01
 Bot Flux [L/T]     -0.90487E-03
 WatBalT  [L]       -0.45776E-04
 WatBalR  [%]              0.000
----------------------------------------------------------

----------------------------------------------------------
 Time       [T]       90.0000
----------------------------------------------------------
 Sub-region num.                     1            2
----------------------------------------------------------
 Length   [L]        0.10000E+04  0.10000E+04  0.00000E+00
 W-volume [L]        0.47441E+03  0.47441E+03  0.00000E+00
 In-flow  [L/T]     -0.10323E-02 -0.10323E-02  0.00000E+00
 h Mean   [L]       -0.19668E+04 -0.19668E+04  0.00000E+00
 Top Flux [L/T]     -0.47948E-02
 Bot Flux [L/T]     -0.90709E-03
 WatBalT  [L]        0.11444E-04
 WatBalR  [%]              0.000
----------------------------------------------------------

----------------------------------------------------------
 Time       [T]      100.0000
----------------------------------------------------------
 Sub-region num.                     1            2
----------------------------------------------------------
 Length   [L]        0.10000E+04  0.10000E+04  0.00000E+00
 W-volume [L]        0.47450E+03  0.47450E+03  0.00000E+00
 In-flow  [L/T]      0.89737E-02  0.89737E-02  0.00000E+00
 h Mean   [L]       -0.19398E+04 -0.19398E+04  0.00000E+00
 Top Flux [L/T]     -0.12506E-01
 Bot Flux [L/T]     -0.90828E-03
 WatBalT  [L]       -0.78201E-04
 WatBalR  [%]              0.000
----------------------------------------------------------

----------------------------------------------------------
 Time       [T]      110.0000
----------------------------------------------------------
 Sub-region num.                     1            2
----------------------------------------------------------
 Length   [L]        0.10000E+04  0.10000E+04  0.00000E+00
 W-volume [L]        0.47449E+03  0.47449E+03  0.00000E+00
 In-flow  [L/T]     -0.10204E-02 -0.10204E-02  0.00000E+00
 h Mean   [L]       -0.19179E+04 -0.19179E+04  0.00000E+00
 Top Flux [L/T]     -0.32774E-02
 Bot Flux [L/T]     -0.90862E-03
 WatBalT  [L]       -0.11635E-03
 WatBalR  [%]              0.000
----------------------------------------------------------
 
 Calculation time [sec]  0.139999985694885     
