 ******* Program HYDRUS
 ******* 
 Welcome to HYDRUS-1D                                                    
 Date:  25. 9.    Time:  14: 1:39
 Units: L = mm   , T = min  , M = mmol 



                               Node(  1)                      Node( 11)                      Node( 31)                      Node( 51)                      Node(101)

         time            h        theta    Flux           h        theta    Flux           h        theta    Flux           h        theta    Flux           h        theta    Flux  
         10.0001   -27470.59  0.3332 -0.700E-01      -9132.25  0.3529  0.913E-03      -1900.44  0.4627  0.912E-02      -1133.00  0.5052 -0.853E-02      -1515.28  0.4809 -0.686E-03
         10.0002   -27469.86  0.3332 -0.700E-01      -9132.25  0.3529  0.913E-03      -1900.44  0.4627  0.912E-02      -1133.00  0.5052 -0.853E-02      -1515.28  0.4809 -0.686E-03
         10.0003   -27468.71  0.3332 -0.704E-01      -9132.25  0.3529  0.913E-03      -1900.44  0.4627  0.912E-02      -1133.00  0.5052 -0.853E-02      -1515.29  0.4809 -0.143E-02
         10.0005   -27467.34  0.3332 -0.697E-01      -9132.25  0.3529  0.913E-03      -1900.44  0.4627  0.912E-02      -1133.00  0.5052 -0.853E-02      -1515.29  0.4809 -0.985E-03
         10.0008   -27465.26  0.3332 -0.697E-01      -9132.25  0.3529  0.913E-03      -1900.44  0.4627  0.912E-02      -1133.00  0.5052 -0.853E-02      -1515.29  0.4809 -0.985E-03
         10.0010   -27463.18  0.3332 -0.697E-01      -9132.25  0.3529  0.913E-03      -1900.44  0.4627  0.912E-02      -1133.00  0.5052 -0.853E-02      -1515.29  0.4809 -0.985E-03
         10.0011   -27454.80  0.3333 -0.650E+00      -9132.25  0.3529  0.913E-03      -1900.44  0.4627  0.912E-02      -1133.00  0.5052 -0.853E-02      -1515.29  0.4809 -0.687E-03
         10.0012   -27445.51  0.3333 -0.650E+00      -9132.25  0.3529  0.913E-03      -1900.44  0.4627  0.912E-02      -1133.00  0.5052 -0.853E-02      -1515.29  0.4809 -0.149E-02
         10.0014   -27432.19  0.3333 -0.650E+00      -9132.25  0.3529  0.913E-03      -1900.44  0.4627  0.912E-02      -1133.00  0.5052 -0.853E-02      -1515.29  0.4809 -0.961E-03
         10.0016   -27415.33  0.3333 -0.650E+00      -9132.25  0.3529  0.913E-03      -1900.44  0.4627  0.912E-02      -1133.00  0.5052 -0.853E-02      -1515.29  0.4809 -0.123E-02
         10.0019   -27393.17  0.3334 -0.650E+00      -9132.24  0.3529  0.913E-03      -1900.44  0.4627  0.912E-02      -1133.00  0.5052 -0.853E-02      -1515.29  0.4809 -0.128E-02
         10.0023   -27364.45  0.3334 -0.650E+00      -9132.24  0.3529  0.913E-03      -1900.44  0.4627  0.912E-02      -1133.00  0.5052 -0.853E-02      -1515.30  0.4809 -0.120E-02
         10.0028   -27327.06  0.3335 -0.650E+00      -9132.24  0.3529  0.913E-03      -1900.44  0.4627  0.912E-02      -1133.00  0.5052 -0.853E-02      -1515.30  0.4809 -0.105E-02
         10.0034   -27278.50  0.3336 -0.650E+00      -9132.25  0.3529  0.913E-03      -1900.43  0.4627  0.912E-02      -1133.00  0.5052 -0.853E-02      -1515.30  0.4809 -0.110E-02
         10.0042   -27215.36  0.3337 -0.650E+00      -9132.24  0.3529  0.913E-03      -1900.43  0.4627  0.912E-02      -1133.00  0.5052 -0.853E-02      -1515.31  0.4809 -0.121E-02
         10.0053   -27133.26  0.3338 -0.650E+00      -9132.24  0.3529  0.913E-03      -1900.43  0.4627  0.912E-02      -1133.00  0.5052 -0.853E-02      -1515.32  0.4809 -0.117E-02
         10.0066   -27026.54  0.3340 -0.650E+00      -9132.24  0.3529  0.913E-03      -1900.43  0.4627  0.912E-02      -1133.00  0.5052 -0.853E-02      -1515.33  0.4809 -0.115E-02
         10.0084   -26887.81  0.3342 -0.650E+00      -9132.24  0.3529  0.913E-03      -1900.42  0.4627  0.912E-02      -1132.99  0.5052 -0.853E-02      -1515.34  0.4809 -0.111E-02
         10.0108   -26707.45  0.3345 -0.650E+00      -9132.23  0.3529  0.913E-03      -1900.42  0.4627  0.912E-02      -1132.99  0.5052 -0.853E-02      -1515.35  0.4809 -0.112E-02
         10.0138   -26473.01  0.3349 -0.650E+00      -9132.23  0.3529  0.913E-03      -1900.41  0.4627  0.912E-02      -1132.99  0.5052 -0.853E-02      -1515.37  0.4809 -0.112E-02
         10.0177   -26168.24  0.3354 -0.650E+00      -9132.22  0.3529  0.913E-03      -1900.40  0.4627  0.912E-02      -1132.99  0.5052 -0.853E-02      -1515.40  0.4809 -0.114E-02
         10.0228   -25772.06  0.3361 -0.650E+00      -9132.21  0.3529  0.913E-03      -1900.39  0.4627  0.912E-02      -1132.99  0.5052 -0.853E-02      -1515.43  0.4809 -0.113E-02
         10.0295   -25257.10  0.3370 -0.650E+00      -9132.20  0.3529  0.913E-03      -1900.38  0.4627  0.912E-02      -1132.98  0.5052 -0.853E-02      -1515.47  0.4809 -0.112E-02
         10.0382   -24638.16  0.3381 -0.650E+00      -9132.18  0.3529  0.913E-03      -1900.36  0.4627  0.912E-02      -1132.98  0.5052 -0.853E-02      -1515.52  0.4809 -0.114E-02
         10.0494   -23995.17  0.3395 -0.650E+00      -9132.17  0.3529  0.913E-03      -1900.34  0.4627  0.912E-02      -1132.97  0.5052 -0.853E-02      -1515.60  0.4809 -0.113E-02
         10.0640   -23125.69  0.3414 -0.650E+00      -9132.14  0.3529  0.913E-03      -1900.31  0.4627  0.912E-02      -1132.97  0.5052 -0.853E-02      -1515.69  0.4809 -0.113E-02
         10.0830   -22026.79  0.3439 -0.650E+00      -9132.10  0.3529  0.913E-03      -1900.27  0.4627  0.912E-02      -1132.96  0.5052 -0.853E-02      -1515.80  0.4809 -0.113E-02
         10.1077   -20587.63  0.3471 -0.650E+00      -9132.06  0.3529  0.913E-03      -1900.22  0.4627  0.913E-02      -1132.95  0.5052 -0.853E-02      -1515.96  0.4809 -0.113E-02
         10.1398   -18973.69  0.3513 -0.650E+00      -9132.00  0.3529  0.913E-03      -1900.15  0.4627  0.913E-02      -1132.93  0.5052 -0.853E-02      -1516.15  0.4809 -0.113E-02
         10.1816   -17148.62  0.3567 -0.650E+00      -9131.93  0.3529  0.913E-03      -1900.06  0.4627  0.913E-02      -1132.91  0.5052 -0.853E-02      -1516.40  0.4809 -0.113E-02
         10.2359   -14980.02  0.3637 -0.650E+00      -9131.83  0.3529  0.913E-03      -1899.95  0.4627  0.913E-02      -1132.88  0.5052 -0.853E-02      -1516.72  0.4808 -0.113E-02
         10.3064   -12694.55  0.3728 -0.650E+00      -9131.71  0.3529  0.913E-03      -1899.80  0.4627  0.914E-02      -1132.85  0.5052 -0.853E-02      -1517.12  0.4808 -0.113E-02
         10.3982   -10351.82  0.3845 -0.650E+00      -9131.55  0.3529  0.913E-03      -1899.61  0.4627  0.914E-02      -1132.80  0.5052 -0.853E-02      -1517.63  0.4808 -0.113E-02
         10.5174    -8056.72  0.3995 -0.650E+00      -9131.34  0.3529  0.913E-03      -1899.36  0.4627  0.915E-02      -1132.74  0.5052 -0.853E-02      -1518.27  0.4808 -0.113E-02
         10.6725    -5981.25  0.4182 -0.650E+00      -9131.08  0.3529  0.913E-03      -1899.04  0.4628  0.915E-02      -1132.66  0.5052 -0.853E-02      -1519.05  0.4807 -0.112E-02
         10.8275    -4641.53  0.4354 -0.650E+00      -9130.81  0.3529  0.913E-03      -1898.71  0.4628  0.916E-02      -1132.58  0.5053 -0.853E-02      -1519.80  0.4807 -0.112E-02
         10.9825    -3737.99  0.4507 -0.650E+00      -9130.54  0.3529  0.913E-03      -1898.39  0.4628  0.917E-02      -1132.51  0.5053 -0.853E-02      -1520.68  0.4806 -0.112E-02
         11.1375    -3130.30  0.4637 -0.650E+00      -9130.27  0.3530  0.913E-03      -1898.07  0.4628  0.917E-02      -1132.43  0.5053 -0.853E-02      -1521.54  0.4806 -0.112E-02
         11.2926    -2757.23  0.4744 -0.650E+00      -9130.01  0.3530  0.913E-03      -1897.74  0.4628  0.918E-02      -1132.35  0.5053 -0.853E-02      -1522.35  0.4805 -0.112E-02
         11.4941    -2355.37  0.4853 -0.650E+00      -9129.66  0.3530  0.913E-03      -1897.32  0.4628  0.919E-02      -1132.25  0.5053 -0.853E-02      -1523.34  0.4805 -0.112E-02
         11.7561    -2038.75  0.4968 -0.650E+00      -9129.20  0.3530  0.913E-03      -1896.77  0.4629  0.920E-02      -1132.12  0.5053 -0.854E-02      -1524.53  0.4804 -0.112E-02
         12.0967    -1763.61  0.5090 -0.650E+00      -9128.62  0.3530  0.913E-03      -1896.05  0.4629  0.921E-02      -1131.95  0.5053 -0.854E-02      -1525.93  0.4804 -0.112E-02
         12.4373    -1518.39  0.5205 -0.650E+00      -9128.04  0.3530  0.913E-03      -1895.34  0.4629  0.922E-02      -1131.78  0.5053 -0.854E-02      -1527.21  0.4803 -0.112E-02
         12.8801    -1311.76  0.5334 -0.650E+00      -9127.28  0.3530  0.913E-03      -1894.40  0.4630  0.924E-02      -1131.56  0.5053 -0.854E-02      -1528.72  0.4802 -0.112E-02
         13.3229    -1138.78  0.5454 -0.650E+00      -9126.52  0.3530  0.913E-03      -1893.47  0.4630  0.925E-02      -1131.35  0.5053 -0.854E-02      -1530.10  0.4802 -0.111E-02
         13.7656    -1003.73  0.5560 -0.650E+00      -9125.76  0.3530  0.913E-03      -1892.54  0.4631  0.926E-02      -1131.13  0.5054 -0.855E-02      -1531.38  0.4801 -0.111E-02
         14.2084     -899.46  0.5654 -0.650E+00      -9125.01  0.3530  0.913E-03      -1891.60  0.4631  0.928E-02      -1130.92  0.5054 -0.855E-02      -1532.57  0.4801 -0.111E-02
         14.6512     -818.64  0.5736 -0.650E+00      -9124.26  0.3530  0.913E-03      -1890.66  0.4632  0.929E-02      -1130.70  0.5054 -0.855E-02      -1533.68  0.4800 -0.111E-02
         15.0940     -747.50  0.5810 -0.650E+00      -9123.51  0.3530  0.913E-03      -1889.72  0.4632  0.930E-02      -1130.49  0.5054 -0.856E-02      -1534.73  0.4800 -0.111E-02
         15.5368     -698.82  0.5872 -0.650E+00      -9122.75  0.3530  0.913E-03      -1888.78  0.4632  0.932E-02      -1130.28  0.5054 -0.856E-02      -1535.72  0.4799 -0.111E-02
         15.9831     -648.69  0.5934 -0.650E+00      -9122.00  0.3530  0.913E-03      -1887.83  0.4633  0.933E-02      -1130.06  0.5054 -0.856E-02      -1536.68  0.4799 -0.111E-02
         16.5569     -592.31  0.6007 -0.650E+00      -9121.03  0.3530  0.913E-03      -1886.61  0.4633  0.935E-02      -1129.79  0.5055 -0.856E-02      -1537.84  0.4798 -0.111E-02
         17.1308     -550.79  0.6073 -0.650E+00      -9120.06  0.3530  0.913E-03      -1885.38  0.4634  0.936E-02      -1129.52  0.5055 -0.857E-02      -1538.95  0.4798 -0.110E-02
         17.7046     -514.44  0.6129 -0.650E+00      -9119.10  0.3530  0.913E-03      -1884.15  0.4635  0.938E-02      -1129.26  0.5055 -0.857E-02      -1540.00  0.4797 -0.110E-02
         18.2785     -476.02  0.6188 -0.650E+00      -9118.13  0.3530  0.913E-03      -1882.92  0.4635  0.940E-02      -1128.99  0.5055 -0.857E-02      -1541.02  0.4797 -0.110E-02
         18.8523     -451.75  0.6234 -0.650E+00      -9117.16  0.3530  0.913E-03      -1881.68  0.4636  0.941E-02      -1128.73  0.5055 -0.857E-02      -1541.99  0.4796 -0.110E-02
         19.4262     -427.02  0.6280 -0.650E+00      -9116.20  0.3530  0.913E-03      -1880.44  0.4636  0.943E-02      -1128.48  0.5056 -0.857E-02      -1542.93  0.4796 -0.110E-02
         20.0000     -406.09  0.6320 -0.650E+00      -9115.24  0.3531  0.913E-03      -1879.20  0.4637  0.944E-02      -1128.22  0.5056 -0.857E-02      -1543.84  0.4795 -0.110E-02
         20.5756     -374.34  0.6381 -0.700E+00      -9114.27  0.3531  0.914E-03      -1877.95  0.4638  0.946E-02      -1127.97  0.5056 -0.857E-02      -1544.72  0.4795 -0.110E-02
         21.3239     -347.88  0.6441 -0.700E+00      -9113.02  0.3531  0.914E-03      -1876.33  0.4638  0.948E-02      -1127.66  0.5056 -0.857E-02      -1545.83  0.4794 -0.110E-02
         22.0722     -327.67  0.6486 -0.700E+00      -9111.77  0.3531  0.914E-03      -1874.70  0.4639  0.950E-02      -1127.35  0.5057 -0.857E-02      -1546.89  0.4794 -0.110E-02
         22.8205     -305.81  0.6534 -0.700E+00      -9110.52  0.3531  0.914E-03      -1873.07  0.4640  0.952E-02      -1127.05  0.5057 -0.856E-02      -1547.93  0.4793 -0.109E-02
         23.5384     -290.67  0.6571 -0.700E+00      -9109.33  0.3531  0.914E-03      -1871.50  0.4641  0.954E-02      -1126.77  0.5057 -0.856E-02      -1548.89  0.4793 -0.109E-02
         24.2564     -277.40  0.6605 -0.700E+00      -9108.13  0.3531  0.914E-03      -1869.94  0.4641  0.956E-02      -1126.51  0.5057 -0.855E-02      -1549.82  0.4792 -0.109E-02
         24.9743     -264.75  0.6638 -0.700E+00      -9106.94  0.3531  0.914E-03      -1868.37  0.4642  0.957E-02      -1126.25  0.5057 -0.854E-02      -1550.73  0.4792 -0.109E-02
         25.6923     -252.31  0.6670 -0.700E+00      -9105.75  0.3531  0.915E-03      -1866.81  0.4643  0.959E-02      -1126.01  0.5058 -0.852E-02      -1551.62  0.4792 -0.109E-02
         26.4103     -242.02  0.6696 -0.700E+00      -9104.56  0.3531  0.915E-03      -1865.25  0.4644  0.961E-02      -1125.78  0.5058 -0.851E-02      -1552.49  0.4791 -0.109E-02
         27.1282     -232.61  0.6723 -0.700E+00      -9103.37  0.3531  0.915E-03      -1863.70  0.4644  0.962E-02      -1125.56  0.5058 -0.850E-02      -1553.34  0.4791 -0.109E-02
         27.8462     -223.24  0.6750 -0.700E+00      -9102.18  0.3531  0.915E-03      -1862.15  0.4645  0.963E-02      -1125.36  0.5058 -0.848E-02      -1554.17  0.4790 -0.109E-02
         28.5641     -213.51  0.6777 -0.700E+00      -9101.00  0.3532  0.915E-03      -1860.61  0.4646  0.965E-02      -1125.16  0.5058 -0.846E-02      -1554.98  0.4790 -0.109E-02
         30.0000     -200.15  0.6818 -0.700E+00      -9098.64  0.3532  0.916E-03      -1857.56  0.4647  0.967E-02      -1124.84  0.5058 -0.842E-02      -1556.54  0.4789 -0.108E-02
         30.0001     -200.18  0.6818 -0.440E+00      -9098.64  0.3532  0.916E-03      -1857.56  0.4647  0.967E-02      -1124.84  0.5058 -0.842E-02      -1556.54  0.4789 -0.827E-03
         30.0002     -200.20  0.6818 -0.439E+00      -9098.64  0.3532  0.916E-03      -1857.56  0.4647  0.967E-02      -1124.84  0.5058 -0.842E-02      -1556.54  0.4789 -0.827E-03
         30.0004     -200.23  0.6818 -0.440E+00      -9098.64  0.3532  0.916E-03      -1857.56  0.4647  0.967E-02      -1124.84  0.5058 -0.842E-02      -1556.54  0.4789 -0.827E-03
         30.0006     -200.27  0.6818 -0.440E+00      -9098.64  0.3532  0.916E-03      -1857.56  0.4647  0.967E-02      -1124.84  0.5058 -0.842E-02      -1556.54  0.4789 -0.827E-03
         30.0009     -200.32  0.6817 -0.440E+00      -9098.64  0.3532  0.916E-03      -1857.56  0.4647  0.967E-02      -1124.84  0.5058 -0.842E-02      -1556.54  0.4789 -0.827E-03
         30.0013     -200.38  0.6817 -0.440E+00      -9098.63  0.3532  0.916E-03      -1857.56  0.4647  0.967E-02      -1124.84  0.5058 -0.842E-02      -1556.54  0.4789 -0.123E-02
         30.0018     -200.46  0.6817 -0.440E+00      -9098.64  0.3532  0.916E-03      -1857.56  0.4647  0.967E-02      -1124.84  0.5058 -0.842E-02      -1556.54  0.4789 -0.114E-02
         30.0024     -200.56  0.6817 -0.440E+00      -9098.63  0.3532  0.916E-03      -1857.55  0.4647  0.967E-02      -1124.84  0.5058 -0.842E-02      -1556.54  0.4789 -0.106E-02
         30.0032     -200.70  0.6816 -0.440E+00      -9098.63  0.3532  0.916E-03      -1857.55  0.4647  0.967E-02      -1124.84  0.5058 -0.842E-02      -1556.54  0.4789 -0.101E-02
         30.0043     -200.87  0.6816 -0.440E+00      -9098.64  0.3532  0.916E-03      -1857.55  0.4647  0.967E-02      -1124.84  0.5058 -0.842E-02      -1556.54  0.4789 -0.111E-02
         30.0056     -201.10  0.6815 -0.440E+00      -9098.63  0.3532  0.916E-03      -1857.55  0.4647  0.967E-02      -1124.84  0.5058 -0.842E-02      -1556.54  0.4789 -0.104E-02
         30.0074     -201.39  0.6814 -0.440E+00      -9098.63  0.3532  0.916E-03      -1857.54  0.4647  0.967E-02      -1124.84  0.5058 -0.842E-02      -1556.55  0.4789 -0.108E-02
         30.0098     -201.75  0.6813 -0.440E+00      -9098.63  0.3532  0.916E-03      -1857.54  0.4647  0.967E-02      -1124.84  0.5058 -0.842E-02      -1556.55  0.4789 -0.108E-02
         30.0128     -202.22  0.6812 -0.440E+00      -9098.62  0.3532  0.916E-03      -1857.53  0.4647  0.967E-02      -1124.84  0.5058 -0.842E-02      -1556.55  0.4789 -0.107E-02
         30.0167     -202.81  0.6810 -0.440E+00      -9098.61  0.3532  0.916E-03      -1857.52  0.4647  0.967E-02      -1124.83  0.5058 -0.842E-02      -1556.56  0.4789 -0.109E-02
         30.0218     -203.54  0.6808 -0.440E+00      -9098.61  0.3532  0.916E-03      -1857.51  0.4647  0.967E-02      -1124.83  0.5058 -0.842E-02      -1556.56  0.4789 -0.109E-02
         30.0285     -204.44  0.6805 -0.440E+00      -9098.60  0.3532  0.916E-03      -1857.50  0.4647  0.967E-02      -1124.83  0.5058 -0.842E-02      -1556.57  0.4789 -0.107E-02
         30.0372     -205.55  0.6802 -0.440E+00      -9098.58  0.3532  0.916E-03      -1857.48  0.4647  0.967E-02      -1124.83  0.5058 -0.842E-02      -1556.58  0.4789 -0.109E-02
         30.0484     -206.88  0.6798 -0.440E+00      -9098.56  0.3532  0.916E-03      -1857.46  0.4647  0.967E-02      -1124.83  0.5058 -0.842E-02      -1556.59  0.4789 -0.108E-02
         30.0630     -208.44  0.6793 -0.440E+00      -9098.54  0.3532  0.916E-03      -1857.43  0.4647  0.967E-02      -1124.83  0.5058 -0.841E-02      -1556.61  0.4789 -0.108E-02
         30.0820     -210.25  0.6788 -0.440E+00      -9098.50  0.3532  0.916E-03      -1857.38  0.4647  0.967E-02      -1124.82  0.5058 -0.841E-02      -1556.63  0.4789 -0.109E-02
         30.1067     -212.30  0.6782 -0.440E+00      -9098.47  0.3532  0.916E-03      -1857.33  0.4647  0.967E-02      -1124.82  0.5058 -0.841E-02      -1556.65  0.4789 -0.108E-02
         30.1388     -214.55  0.6775 -0.440E+00      -9098.42  0.3532  0.916E-03      -1857.26  0.4647  0.967E-02      -1124.81  0.5058 -0.841E-02      -1556.69  0.4789 -0.108E-02
         30.1806     -216.97  0.6768 -0.440E+00      -9098.35  0.3532  0.916E-03      -1857.18  0.4647  0.967E-02      -1124.80  0.5059 -0.841E-02      -1556.73  0.4789 -0.109E-02
         30.2349     -219.52  0.6761 -0.440E+00      -9098.26  0.3532  0.916E-03      -1857.06  0.4647  0.967E-02      -1124.79  0.5059 -0.841E-02      -1556.79  0.4789 -0.108E-02
         30.3054     -222.14  0.6753 -0.440E+00      -9098.14  0.3532  0.916E-03      -1856.91  0.4647  0.968E-02      -1124.77  0.5059 -0.841E-02      -1556.87  0.4789 -0.108E-02
         30.3972     -224.79  0.6745 -0.440E+00      -9097.99  0.3532  0.916E-03      -1856.72  0.4648  0.968E-02      -1124.75  0.5059 -0.840E-02      -1556.97  0.4789 -0.108E-02
         30.5164     -227.42  0.6737 -0.440E+00      -9097.79  0.3532  0.916E-03      -1856.46  0.4648  0.968E-02      -1124.73  0.5059 -0.840E-02      -1557.09  0.4789 -0.108E-02
         30.6715     -229.96  0.6730 -0.440E+00      -9097.53  0.3532  0.916E-03      -1856.14  0.4648  0.968E-02      -1124.69  0.5059 -0.840E-02      -1557.26  0.4789 -0.108E-02
         30.8730     -232.33  0.6723 -0.440E+00      -9097.20  0.3532  0.916E-03      -1855.71  0.4648  0.968E-02      -1124.65  0.5059 -0.839E-02      -1557.47  0.4789 -0.108E-02
         31.1350     -234.40  0.6717 -0.440E+00      -9096.77  0.3532  0.916E-03      -1855.16  0.4648  0.969E-02      -1124.60  0.5059 -0.838E-02      -1557.75  0.4789 -0.108E-02
         31.4756     -235.99  0.6712 -0.440E+00      -9096.22  0.3532  0.916E-03      -1854.45  0.4649  0.969E-02      -1124.54  0.5059 -0.837E-02      -1558.11  0.4788 -0.108E-02
         31.9184     -237.15  0.6709 -0.440E+00      -9095.49  0.3532  0.916E-03      -1853.52  0.4649  0.970E-02      -1124.46  0.5059 -0.835E-02      -1558.57  0.4788 -0.108E-02
         32.4940     -237.56  0.6708 -0.440E+00      -9094.55  0.3532  0.916E-03      -1852.33  0.4650  0.970E-02      -1124.37  0.5059 -0.833E-02      -1559.15  0.4788 -0.108E-02
         33.2446     -237.10  0.6709 -0.440E+00      -9093.31  0.3532  0.917E-03      -1850.79  0.4650  0.971E-02      -1124.27  0.5059 -0.830E-02      -1559.91  0.4788 -0.108E-02
         33.9952     -235.60  0.6714 -0.440E+00      -9092.08  0.3532  0.917E-03      -1849.26  0.4651  0.972E-02      -1124.19  0.5059 -0.828E-02      -1560.65  0.4787 -0.108E-02
         34.9960     -233.11  0.6721 -0.440E+00      -9090.44  0.3532  0.917E-03      -1847.25  0.4652  0.973E-02      -1124.10  0.5059 -0.823E-02      -1561.62  0.4787 -0.108E-02
         36.2470     -229.67  0.6731 -0.440E+00      -9088.38  0.3532  0.917E-03      -1844.78  0.4653  0.973E-02      -1124.04  0.5059 -0.818E-02      -1562.80  0.4786 -0.108E-02
         37.4980     -225.57  0.6743 -0.440E+00      -9086.28  0.3533  0.916E-03      -1842.37  0.4654  0.973E-02      -1124.02  0.5059 -0.812E-02      -1563.95  0.4786 -0.107E-02
         38.7490     -220.94  0.6757 -0.440E+00      -9084.09  0.3533  0.914E-03      -1840.01  0.4655  0.973E-02      -1124.04  0.5059 -0.807E-02      -1565.07  0.4785 -0.107E-02
         40.0000     -215.95  0.6772 -0.440E+00      -9081.70  0.3533  0.908E-03      -1837.70  0.4657  0.973E-02      -1124.09  0.5059 -0.801E-02      -1566.17  0.4785 -0.107E-02
         40.0001     -215.92  0.6772 -0.209E+00      -9081.69  0.3533  0.908E-03      -1837.70  0.4657  0.973E-02      -1124.09  0.5059 -0.801E-02      -1566.17  0.4785 -0.865E-03
         40.0002     -215.95  0.6771 -0.210E+00      -9081.69  0.3533  0.908E-03      -1837.70  0.4657  0.973E-02      -1124.09  0.5059 -0.801E-02      -1566.17  0.4785 -0.865E-03
         40.0004     -215.96  0.6771 -0.210E+00      -9081.69  0.3533  0.908E-03      -1837.70  0.4657  0.973E-02      -1124.09  0.5059 -0.801E-02      -1566.17  0.4785 -0.865E-03
         40.0006     -216.00  0.6771 -0.210E+00      -9081.69  0.3533  0.908E-03      -1837.70  0.4657  0.973E-02      -1124.09  0.5059 -0.801E-02      -1566.17  0.4785 -0.865E-03
         40.0009     -216.04  0.6771 -0.210E+00      -9081.69  0.3533  0.908E-03      -1837.70  0.4657  0.973E-02      -1124.09  0.5059 -0.801E-02      -1566.17  0.4785 -0.865E-03
         40.0013     -216.10  0.6771 -0.210E+00      -9081.69  0.3533  0.908E-03      -1837.70  0.4657  0.973E-02      -1124.09  0.5059 -0.801E-02      -1566.17  0.4785 -0.127E-02
         40.0018     -216.17  0.6771 -0.210E+00      -9081.69  0.3533  0.908E-03      -1837.70  0.4657  0.973E-02      -1124.09  0.5059 -0.801E-02      -1566.17  0.4785 -0.117E-02
         40.0024     -216.26  0.6771 -0.210E+00      -9081.69  0.3533  0.908E-03      -1837.70  0.4657  0.973E-02      -1124.09  0.5059 -0.801E-02      -1566.17  0.4785 -0.110E-02
         40.0032     -216.39  0.6770 -0.210E+00      -9081.69  0.3533  0.908E-03      -1837.70  0.4657  0.973E-02      -1124.09  0.5059 -0.801E-02      -1566.17  0.4785 -0.105E-02
         40.0043     -216.54  0.6770 -0.210E+00      -9081.69  0.3533  0.908E-03      -1837.70  0.4657  0.973E-02      -1124.09  0.5059 -0.801E-02      -1566.17  0.4785 -0.115E-02
         40.0056     -216.74  0.6769 -0.210E+00      -9081.69  0.3533  0.908E-03      -1837.69  0.4657  0.973E-02      -1124.09  0.5059 -0.801E-02      -1566.18  0.4785 -0.108E-02
         40.0074     -217.00  0.6768 -0.210E+00      -9081.68  0.3533  0.908E-03      -1837.69  0.4657  0.973E-02      -1124.10  0.5059 -0.801E-02      -1566.18  0.4785 -0.103E-02
         40.0098     -217.33  0.6767 -0.210E+00      -9081.68  0.3533  0.908E-03      -1837.69  0.4657  0.973E-02      -1124.09  0.5059 -0.801E-02      -1566.18  0.4785 -0.106E-02
         40.0128     -217.75  0.6766 -0.210E+00      -9081.67  0.3533  0.908E-03      -1837.68  0.4657  0.973E-02      -1124.10  0.5059 -0.801E-02      -1566.18  0.4785 -0.106E-02
         40.0167     -218.28  0.6765 -0.210E+00      -9081.67  0.3533  0.908E-03      -1837.67  0.4657  0.973E-02      -1124.10  0.5059 -0.801E-02      -1566.18  0.4785 -0.109E-02
         40.0218     -218.95  0.6763 -0.210E+00      -9081.65  0.3533  0.908E-03      -1837.66  0.4657  0.973E-02      -1124.10  0.5059 -0.801E-02      -1566.19  0.4785 -0.107E-02
         40.0285     -219.78  0.6760 -0.210E+00      -9081.64  0.3533  0.908E-03      -1837.65  0.4657  0.973E-02      -1124.10  0.5059 -0.800E-02      -1566.20  0.4785 -0.107E-02
         40.0372     -220.81  0.6757 -0.210E+00      -9081.62  0.3533  0.908E-03      -1837.63  0.4657  0.973E-02      -1124.10  0.5059 -0.800E-02      -1566.20  0.4785 -0.107E-02
         40.0484     -222.06  0.6753 -0.210E+00      -9081.60  0.3533  0.908E-03      -1837.61  0.4657  0.973E-02      -1124.10  0.5059 -0.800E-02      -1566.21  0.4785 -0.108E-02
         40.0630     -223.56  0.6749 -0.210E+00      -9081.57  0.3533  0.908E-03      -1837.59  0.4657  0.973E-02      -1124.10  0.5059 -0.800E-02      -1566.23  0.4785 -0.107E-02
         40.0820     -225.32  0.6744 -0.210E+00      -9081.54  0.3533  0.908E-03      -1837.55  0.4657  0.973E-02      -1124.10  0.5059 -0.800E-02      -1566.24  0.4785 -0.107E-02
         40.1067     -227.37  0.6738 -0.210E+00      -9081.50  0.3533  0.908E-03      -1837.51  0.4657  0.973E-02      -1124.10  0.5059 -0.800E-02      -1566.26  0.4785 -0.107E-02
         40.1388     -229.70  0.6731 -0.210E+00      -9081.43  0.3533  0.907E-03      -1837.45  0.4657  0.973E-02      -1124.10  0.5059 -0.800E-02      -1566.29  0.4785 -0.107E-02
         40.1806     -232.30  0.6723 -0.210E+00      -9081.35  0.3533  0.907E-03      -1837.37  0.4657  0.973E-02      -1124.10  0.5059 -0.800E-02      -1566.33  0.4785 -0.107E-02
         40.2349     -235.17  0.6715 -0.210E+00      -9081.25  0.3533  0.907E-03      -1837.27  0.4657  0.973E-02      -1124.11  0.5059 -0.799E-02      -1566.38  0.4785 -0.107E-02
         40.3054     -238.55  0.6706 -0.210E+00      -9081.11  0.3533  0.907E-03      -1837.14  0.4657  0.973E-02      -1124.11  0.5059 -0.799E-02      -1566.44  0.4785 -0.107E-02
         40.3972     -242.28  0.6696 -0.210E+00      -9080.93  0.3533  0.906E-03      -1836.97  0.4657  0.973E-02      -1124.12  0.5059 -0.799E-02      -1566.52  0.4785 -0.107E-02
         40.5164     -246.27  0.6685 -0.210E+00      -9080.69  0.3533  0.905E-03      -1836.76  0.4657  0.973E-02      -1124.12  0.5059 -0.798E-02      -1566.62  0.4784 -0.107E-02
         40.6715     -250.54  0.6674 -0.210E+00      -9080.38  0.3533  0.904E-03      -1836.47  0.4657  0.973E-02      -1124.13  0.5059 -0.797E-02      -1566.76  0.4784 -0.107E-02
         40.8730     -255.06  0.6663 -0.210E+00      -9079.96  0.3533  0.903E-03      -1836.11  0.4657  0.973E-02      -1124.15  0.5059 -0.796E-02      -1566.93  0.4784 -0.107E-02
         41.1350     -259.84  0.6650 -0.210E+00      -9079.41  0.3533  0.901E-03      -1835.64  0.4658  0.973E-02      -1124.17  0.5059 -0.795E-02      -1567.16  0.4784 -0.107E-02
         41.4756     -264.81  0.6637 -0.210E+00      -9078.66  0.3533  0.898E-03      -1835.03  0.4658  0.973E-02      -1124.19  0.5059 -0.793E-02      -1567.45  0.4784 -0.107E-02
         41.9184     -269.95  0.6624 -0.210E+00      -9077.62  0.3533  0.893E-03      -1834.24  0.4658  0.972E-02      -1124.23  0.5059 -0.791E-02      -1567.82  0.4784 -0.107E-02
         42.4940     -275.68  0.6609 -0.210E+00      -9076.12  0.3533  0.884E-03      -1833.23  0.4659  0.972E-02      -1124.30  0.5059 -0.788E-02      -1568.31  0.4784 -0.107E-02
         43.2446     -281.26  0.6594 -0.210E+00      -9073.81  0.3533  0.867E-03      -1831.94  0.4659  0.972E-02      -1124.39  0.5059 -0.784E-02      -1568.93  0.4783 -0.107E-02
         44.2096     -286.70  0.6581 -0.210E+00      -9070.26  0.3534  0.842E-03      -1830.30  0.4660  0.971E-02      -1124.53  0.5059 -0.780E-02      -1569.73  0.4783 -0.107E-02
         45.3677     -290.85  0.6570 -0.210E+00      -9064.38  0.3534  0.791E-03      -1828.40  0.4661  0.970E-02      -1124.72  0.5059 -0.773E-02      -1570.66  0.4783 -0.107E-02
         46.9118     -294.18  0.6561 -0.210E+00      -9051.00  0.3535  0.652E-03      -1825.94  0.4662  0.968E-02      -1125.02  0.5058 -0.765E-02      -1571.88  0.4782 -0.107E-02
         48.4559     -296.07  0.6557 -0.210E+00      -9026.69  0.3537  0.389E-03      -1823.58  0.4663  0.966E-02      -1125.37  0.5058 -0.757E-02      -1573.07  0.4781 -0.106E-02
         50.0000     -296.83  0.6555 -0.210E+00      -8984.09  0.3540 -0.652E-04      -1821.31  0.4664  0.963E-02      -1125.76  0.5058 -0.749E-02      -1574.24  0.4781 -0.106E-02
         50.0001     -296.80  0.6554 -0.705E-01      -8984.19  0.3540 -0.600E-04      -1821.31  0.4664  0.963E-02      -1125.76  0.5058 -0.749E-02      -1574.24  0.4781 -0.884E-03
         50.0002     -296.82  0.6554 -0.706E-01      -8984.16  0.3540 -0.603E-04      -1821.31  0.4664  0.963E-02      -1125.76  0.5058 -0.749E-02      -1574.24  0.4781 -0.884E-03
         50.0004     -296.83  0.6554 -0.693E-01      -8984.18  0.3540 -0.602E-04      -1821.31  0.4664  0.963E-02      -1125.76  0.5058 -0.749E-02      -1574.24  0.4781 -0.884E-03
         50.0006     -296.86  0.6554 -0.705E-01      -8984.17  0.3540 -0.603E-04      -1821.31  0.4664  0.963E-02      -1125.76  0.5058 -0.749E-02      -1574.24  0.4781 -0.884E-03
         50.0009     -296.89  0.6554 -0.702E-01      -8984.16  0.3540 -0.604E-04      -1821.31  0.4664  0.963E-02      -1125.76  0.5058 -0.749E-02      -1574.24  0.4781 -0.884E-03
         50.0013     -296.93  0.6554 -0.702E-01      -8984.15  0.3540 -0.605E-04      -1821.31  0.4664  0.963E-02      -1125.76  0.5058 -0.749E-02      -1574.24  0.4781 -0.884E-03
         50.0018     -296.98  0.6554 -0.700E-01      -8984.14  0.3540 -0.606E-04      -1821.31  0.4664  0.963E-02      -1125.76  0.5058 -0.749E-02      -1574.24  0.4781 -0.119E-02
         50.0024     -297.05  0.6554 -0.700E-01      -8984.12  0.3540 -0.608E-04      -1821.31  0.4664  0.963E-02      -1125.76  0.5058 -0.749E-02      -1574.24  0.4781 -0.112E-02
         50.0032     -297.13  0.6554 -0.702E-01      -8984.10  0.3540 -0.611E-04      -1821.30  0.4664  0.963E-02      -1125.76  0.5058 -0.749E-02      -1574.24  0.4781 -0.107E-02
         50.0043     -297.25  0.6553 -0.700E-01      -8984.07  0.3540 -0.614E-04      -1821.30  0.4664  0.963E-02      -1125.76  0.5058 -0.749E-02      -1574.24  0.4781 -0.102E-02
         50.0056     -297.39  0.6553 -0.699E-01      -8984.03  0.3540 -0.619E-04      -1821.30  0.4664  0.963E-02      -1125.76  0.5058 -0.749E-02      -1574.24  0.4781 -0.110E-02
         50.0074     -297.58  0.6552 -0.699E-01      -8983.98  0.3540 -0.624E-04      -1821.30  0.4664  0.963E-02      -1125.76  0.5058 -0.749E-02      -1574.25  0.4781 -0.105E-02
         50.0098     -297.82  0.6552 -0.699E-01      -8983.92  0.3540 -0.632E-04      -1821.29  0.4664  0.963E-02      -1125.76  0.5058 -0.749E-02      -1574.25  0.4781 -0.108E-02
         50.0128     -298.13  0.6551 -0.700E-01      -8983.83  0.3540 -0.642E-04      -1821.29  0.4664  0.963E-02      -1125.76  0.5058 -0.749E-02      -1574.25  0.4781 -0.108E-02
         50.0167     -298.56  0.6550 -0.700E-01      -8983.73  0.3540 -0.654E-04      -1821.29  0.4664  0.963E-02      -1125.76  0.5058 -0.749E-02      -1574.25  0.4781 -0.107E-02
         50.0218     -299.14  0.6549 -0.700E-01      -8983.59  0.3540 -0.670E-04      -1821.28  0.4664  0.963E-02      -1125.76  0.5058 -0.749E-02      -1574.26  0.4781 -0.106E-02
         50.0285     -299.88  0.6547 -0.700E-01      -8983.40  0.3540 -0.692E-04      -1821.27  0.4664  0.963E-02      -1125.77  0.5058 -0.749E-02      -1574.26  0.4781 -0.106E-02
         50.0372     -300.80  0.6545 -0.700E-01      -8983.17  0.3540 -0.720E-04      -1821.26  0.4664  0.963E-02      -1125.77  0.5058 -0.749E-02      -1574.27  0.4781 -0.106E-02
         50.0484     -301.95  0.6542 -0.700E-01      -8982.85  0.3540 -0.756E-04      -1821.24  0.4664  0.963E-02      -1125.77  0.5058 -0.749E-02      -1574.28  0.4781 -0.107E-02
         50.0630     -303.36  0.6539 -0.700E-01      -8982.45  0.3540 -0.804E-04      -1821.22  0.4664  0.963E-02      -1125.78  0.5058 -0.749E-02      -1574.29  0.4781 -0.106E-02
         50.0820     -305.06  0.6535 -0.700E-01      -8981.91  0.3540 -0.866E-04      -1821.19  0.4664  0.963E-02      -1125.78  0.5058 -0.749E-02      -1574.30  0.4781 -0.106E-02
         50.1067     -307.09  0.6531 -0.700E-01      -8981.21  0.3540 -0.948E-04      -1821.15  0.4664  0.963E-02      -1125.79  0.5058 -0.749E-02      -1574.32  0.4781 -0.106E-02
         50.1388     -309.48  0.6526 -0.700E-01      -8980.29  0.3540 -0.106E-03      -1821.11  0.4664  0.963E-02      -1125.80  0.5058 -0.748E-02      -1574.35  0.4781 -0.106E-02
         50.1806     -312.23  0.6519 -0.700E-01      -8979.09  0.3540 -0.120E-03      -1821.04  0.4664  0.963E-02      -1125.81  0.5058 -0.748E-02      -1574.38  0.4781 -0.106E-02
         50.2349     -315.35  0.6512 -0.700E-01      -8977.50  0.3540 -0.139E-03      -1820.97  0.4664  0.963E-02      -1125.82  0.5058 -0.748E-02      -1574.42  0.4781 -0.106E-02
         50.3054     -318.86  0.6504 -0.700E-01      -8975.37  0.3540 -0.164E-03      -1820.86  0.4664  0.963E-02      -1125.84  0.5058 -0.748E-02      -1574.47  0.4781 -0.106E-02
         50.3972     -322.77  0.6496 -0.700E-01      -8972.53  0.3540 -0.198E-03      -1820.73  0.4665  0.963E-02      -1125.86  0.5058 -0.747E-02      -1574.54  0.4781 -0.106E-02
         50.5164     -327.11  0.6486 -0.700E-01      -8968.69  0.3541 -0.243E-03      -1820.55  0.4665  0.963E-02      -1125.89  0.5058 -0.746E-02      -1574.63  0.4781 -0.106E-02
         50.6715     -331.93  0.6475 -0.700E-01      -8963.43  0.3541 -0.306E-03      -1820.33  0.4665  0.962E-02      -1125.93  0.5058 -0.746E-02      -1574.75  0.4781 -0.106E-02
         50.8730     -337.30  0.6463 -0.700E-01      -8956.13  0.3541 -0.393E-03      -1820.04  0.4665  0.962E-02      -1125.99  0.5058 -0.745E-02      -1574.90  0.4781 -0.106E-02
         51.1350     -343.29  0.6450 -0.700E-01      -8945.81  0.3542 -0.514E-03      -1819.67  0.4665  0.962E-02      -1126.06  0.5058 -0.743E-02      -1575.09  0.4780 -0.106E-02
         51.4756     -349.97  0.6435 -0.700E-01      -8931.02  0.3543 -0.667E-03      -1819.18  0.4665  0.961E-02      -1126.15  0.5057 -0.741E-02      -1575.35  0.4780 -0.106E-02
         51.9184     -357.37  0.6418 -0.700E-01      -8909.06  0.3545 -0.904E-03      -1818.56  0.4666  0.960E-02      -1126.28  0.5057 -0.739E-02      -1575.67  0.4780 -0.106E-02
         52.4940     -365.97  0.6399 -0.700E-01      -8875.02  0.3547 -0.127E-02      -1817.77  0.4666  0.959E-02      -1126.45  0.5057 -0.736E-02      -1576.10  0.4780 -0.106E-02
         53.2446     -375.77  0.6377 -0.700E-01      -8819.22  0.3551 -0.185E-02      -1816.75  0.4666  0.958E-02      -1126.67  0.5057 -0.732E-02      -1576.64  0.4780 -0.106E-02
         54.2096     -387.34  0.6355 -0.700E-01      -8725.36  0.3557 -0.274E-02      -1815.48  0.4667  0.956E-02      -1126.98  0.5057 -0.727E-02      -1577.33  0.4779 -0.106E-02
         55.3677     -398.71  0.6333 -0.700E-01      -8569.10  0.3568 -0.420E-02      -1814.00  0.4668  0.954E-02      -1127.37  0.5057 -0.721E-02      -1578.15  0.4779 -0.106E-02
         56.9118     -410.99  0.6310 -0.700E-01      -8278.51  0.3588 -0.648E-02      -1812.12  0.4669  0.951E-02      -1127.91  0.5056 -0.713E-02      -1579.23  0.4779 -0.106E-02
         60.0000     -429.19  0.6276 -0.700E-01      -7462.43  0.3651 -0.117E-01      -1808.64  0.4670  0.944E-02      -1129.11  0.5055 -0.697E-02      -1581.32  0.4778 -0.105E-02
         60.0001     -429.09  0.6276 -0.306E-01      -7452.53  0.3651 -0.117E-01      -1808.64  0.4670  0.944E-02      -1129.11  0.5055 -0.697E-02      -1581.32  0.4778 -0.894E-03
         60.0002     -429.12  0.6276 -0.295E-01      -7455.02  0.3651 -0.117E-01      -1808.64  0.4670  0.944E-02      -1129.11  0.5055 -0.697E-02      -1581.32  0.4778 -0.895E-03
         60.0004     -429.11  0.6276 -0.295E-01      -7452.92  0.3651 -0.117E-01      -1808.64  0.4670  0.944E-02      -1129.11  0.5055 -0.697E-02      -1581.32  0.4778 -0.894E-03
         60.0006     -429.13  0.6276 -0.305E-01      -7453.75  0.3651 -0.117E-01      -1808.64  0.4670  0.944E-02      -1129.11  0.5055 -0.697E-02      -1581.32  0.4778 -0.894E-03
         60.0009     -429.14  0.6276 -0.304E-01      -7453.17  0.3651 -0.117E-01      -1808.64  0.4670  0.944E-02      -1129.11  0.5055 -0.697E-02      -1581.32  0.4778 -0.895E-03
         60.0013     -429.16  0.6276 -0.303E-01      -7453.34  0.3651 -0.117E-01      -1808.64  0.4670  0.944E-02      -1129.11  0.5055 -0.697E-02      -1581.32  0.4778 -0.894E-03
         60.0018     -429.18  0.6276 -0.301E-01      -7453.09  0.3651 -0.117E-01      -1808.64  0.4670  0.944E-02      -1129.11  0.5055 -0.697E-02      -1581.32  0.4778 -0.120E-02
         60.0024     -429.21  0.6276 -0.300E-01      -7453.02  0.3651 -0.117E-01      -1808.64  0.4670  0.944E-02      -1129.11  0.5055 -0.697E-02      -1581.32  0.4778 -0.113E-02
         60.0032     -429.25  0.6276 -0.301E-01      -7452.80  0.3651 -0.117E-01      -1808.64  0.4670  0.944E-02      -1129.11  0.5055 -0.697E-02      -1581.32  0.4778 -0.108E-02
         60.0043     -429.30  0.6276 -0.299E-01      -7452.58  0.3651 -0.117E-01      -1808.64  0.4670  0.944E-02      -1129.11  0.5055 -0.697E-02      -1581.32  0.4778 -0.104E-02
         60.0056     -429.36  0.6276 -0.300E-01      -7452.25  0.3651 -0.117E-01      -1808.63  0.4670  0.944E-02      -1129.11  0.5055 -0.697E-02      -1581.32  0.4778 -0.111E-02
         60.0074     -429.45  0.6276 -0.300E-01      -7451.85  0.3651 -0.118E-01      -1808.63  0.4670  0.944E-02      -1129.11  0.5055 -0.697E-02      -1581.32  0.4778 -0.106E-02
         60.0098     -429.56  0.6276 -0.300E-01      -7451.32  0.3652 -0.118E-01      -1808.63  0.4670  0.944E-02      -1129.11  0.5055 -0.697E-02      -1581.32  0.4778 -0.102E-02
         60.0128     -429.70  0.6275 -0.300E-01      -7450.63  0.3652 -0.118E-01      -1808.63  0.4670  0.944E-02      -1129.11  0.5055 -0.697E-02      -1581.32  0.4778 -0.104E-02
         60.0167     -429.88  0.6275 -0.300E-01      -7449.74  0.3652 -0.118E-01      -1808.62  0.4670  0.944E-02      -1129.11  0.5055 -0.697E-02      -1581.33  0.4778 -0.105E-02
         60.0218     -430.11  0.6275 -0.300E-01      -7448.57  0.3652 -0.118E-01      -1808.62  0.4670  0.944E-02      -1129.12  0.5055 -0.697E-02      -1581.33  0.4778 -0.104E-02
         60.0285     -430.41  0.6274 -0.300E-01      -7447.06  0.3652 -0.118E-01      -1808.61  0.4670  0.944E-02      -1129.12  0.5055 -0.697E-02      -1581.33  0.4778 -0.105E-02
         60.0372     -430.79  0.6273 -0.300E-01      -7445.08  0.3652 -0.118E-01      -1808.60  0.4670  0.944E-02      -1129.12  0.5055 -0.697E-02      -1581.34  0.4778 -0.105E-02
         60.0484     -431.27  0.6272 -0.300E-01      -7442.52  0.3652 -0.118E-01      -1808.59  0.4670  0.944E-02      -1129.13  0.5055 -0.697E-02      -1581.35  0.4778 -0.105E-02
         60.0630     -431.88  0.6271 -0.300E-01      -7439.17  0.3653 -0.119E-01      -1808.57  0.4670  0.944E-02      -1129.13  0.5055 -0.697E-02      -1581.36  0.4778 -0.106E-02
         60.0820     -432.64  0.6270 -0.300E-01      -7434.81  0.3653 -0.119E-01      -1808.55  0.4670  0.943E-02      -1129.14  0.5055 -0.697E-02      -1581.37  0.4778 -0.105E-02
         60.1067     -433.58  0.6268 -0.300E-01      -7429.12  0.3654 -0.119E-01      -1808.52  0.4670  0.943E-02      -1129.15  0.5055 -0.697E-02      -1581.39  0.4778 -0.105E-02
         60.1388     -434.72  0.6266 -0.300E-01      -7421.69  0.3654 -0.120E-01      -1808.48  0.4670  0.943E-02      -1129.16  0.5055 -0.697E-02      -1581.41  0.4777 -0.105E-02
         60.1806     -436.11  0.6263 -0.300E-01      -7411.97  0.3655 -0.121E-01      -1808.44  0.4670  0.943E-02      -1129.18  0.5055 -0.696E-02      -1581.44  0.4777 -0.106E-02
         60.2349     -437.76  0.6260 -0.300E-01      -7399.23  0.3656 -0.122E-01      -1808.38  0.4670  0.943E-02      -1129.20  0.5055 -0.696E-02      -1581.47  0.4777 -0.105E-02
         60.3054     -439.71  0.6256 -0.300E-01      -7382.48  0.3658 -0.124E-01      -1808.30  0.4670  0.943E-02      -1129.23  0.5055 -0.696E-02      -1581.52  0.4777 -0.105E-02
         60.3972     -442.00  0.6252 -0.300E-01      -7360.29  0.3660 -0.126E-01      -1808.20  0.4670  0.943E-02      -1129.26  0.5055 -0.695E-02      -1581.58  0.4777 -0.105E-02
         60.5164     -444.65  0.6247 -0.300E-01      -7330.80  0.3663 -0.129E-01      -1808.07  0.4671  0.942E-02      -1129.31  0.5055 -0.695E-02      -1581.66  0.4777 -0.105E-02
         60.6715     -447.72  0.6241 -0.300E-01      -7291.37  0.3666 -0.133E-01      -1807.89  0.4671  0.942E-02      -1129.37  0.5055 -0.694E-02      -1581.77  0.4777 -0.105E-02
         60.8730     -451.28  0.6235 -0.300E-01      -7238.33  0.3671 -0.138E-01      -1807.67  0.4671  0.942E-02      -1129.45  0.5055 -0.693E-02      -1581.90  0.4777 -0.105E-02
         61.1350     -455.42  0.6227 -0.300E-01      -7166.49  0.3678 -0.145E-01      -1807.39  0.4671  0.941E-02      -1129.55  0.5055 -0.692E-02      -1582.08  0.4777 -0.105E-02
         61.4756     -460.26  0.6218 -0.300E-01      -7068.61  0.3686 -0.153E-01      -1807.02  0.4671  0.940E-02      -1129.69  0.5055 -0.690E-02      -1582.30  0.4777 -0.105E-02
         61.9184     -466.03  0.6207 -0.300E-01      -6934.60  0.3699 -0.163E-01      -1806.55  0.4671  0.939E-02      -1129.87  0.5055 -0.688E-02      -1582.59  0.4777 -0.105E-02
         62.4940     -473.26  0.6193 -0.300E-01      -6750.96  0.3716 -0.175E-01      -1805.95  0.4672  0.938E-02      -1130.11  0.5054 -0.685E-02      -1582.97  0.4777 -0.105E-02
         63.2446     -482.60  0.6178 -0.300E-01      -6500.00  0.3738 -0.188E-01      -1805.19  0.4672  0.936E-02      -1130.43  0.5054 -0.681E-02      -1583.46  0.4777 -0.105E-02
         64.2096     -493.23  0.6161 -0.300E-01      -6167.31  0.3769 -0.202E-01      -1804.23  0.4672  0.934E-02      -1130.84  0.5054 -0.676E-02      -1584.09  0.4776 -0.105E-02
         65.3677     -504.46  0.6144 -0.300E-01      -5838.32  0.3809 -0.230E-01      -1803.12  0.4673  0.931E-02      -1131.35  0.5053 -0.671E-02      -1584.83  0.4776 -0.105E-02
         66.9118     -517.41  0.6124 -0.300E-01      -5378.94  0.3864 -0.255E-01      -1801.72  0.4674  0.927E-02      -1132.05  0.5053 -0.663E-02      -1585.80  0.4775 -0.105E-02
         70.0000     -538.66  0.6091 -0.300E-01      -4632.65  0.3964 -0.288E-01      -1799.15  0.4675  0.919E-02      -1133.52  0.5052 -0.649E-02      -1587.70  0.4775 -0.105E-02
         70.0001     -538.64  0.6091 -0.114E-01      -4626.87  0.3964 -0.289E-01      -1799.15  0.4675  0.919E-02      -1133.52  0.5052 -0.649E-02      -1587.70  0.4775 -0.901E-03
         70.0002     -538.65  0.6091 -0.100E-01      -4628.29  0.3964 -0.289E-01      -1799.15  0.4675  0.919E-02      -1133.52  0.5052 -0.649E-02      -1587.70  0.4775 -0.901E-03
         70.0004     -538.65  0.6091 -0.106E-01      -4627.07  0.3964 -0.289E-01      -1799.15  0.4675  0.919E-02      -1133.52  0.5052 -0.649E-02      -1587.70  0.4775 -0.901E-03
         70.0006     -538.66  0.6091 -0.946E-02      -4627.53  0.3964 -0.289E-01      -1799.15  0.4675  0.919E-02      -1133.52  0.5052 -0.649E-02      -1587.70  0.4775 -0.901E-03
         70.0009     -538.67  0.6091 -0.102E-01      -4627.18  0.3964 -0.289E-01      -1799.15  0.4675  0.919E-02      -1133.52  0.5052 -0.649E-02      -1587.70  0.4775 -0.901E-03
         70.0013     -538.68  0.6091 -0.103E-01      -4627.25  0.3964 -0.289E-01      -1799.15  0.4675  0.919E-02      -1133.52  0.5052 -0.649E-02      -1587.70  0.4775 -0.901E-03
         70.0018     -538.70  0.6091 -0.987E-02      -4627.07  0.3964 -0.289E-01      -1799.15  0.4675  0.919E-02      -1133.52  0.5052 -0.649E-02      -1587.70  0.4775 -0.901E-03
         70.0024     -538.72  0.6091 -0.999E-02      -4626.98  0.3965 -0.289E-01      -1799.15  0.4675  0.919E-02      -1133.52  0.5052 -0.649E-02      -1587.70  0.4775 -0.114E-02
         70.0032     -538.75  0.6091 -0.992E-02      -4626.80  0.3965 -0.289E-01      -1799.15  0.4675  0.919E-02      -1133.52  0.5052 -0.649E-02      -1587.70  0.4775 -0.108E-02
         70.0043     -538.78  0.6091 -0.101E-01      -4626.59  0.3965 -0.289E-01      -1799.15  0.4675  0.919E-02      -1133.52  0.5052 -0.649E-02      -1587.70  0.4775 -0.104E-02
         70.0056     -538.82  0.6091 -0.995E-02      -4626.30  0.3965 -0.289E-01      -1799.15  0.4675  0.919E-02      -1133.52  0.5052 -0.649E-02      -1587.70  0.4775 -0.101E-02
         70.0074     -538.88  0.6090 -0.100E-01      -4625.94  0.3965 -0.289E-01      -1799.15  0.4675  0.919E-02      -1133.52  0.5052 -0.649E-02      -1587.70  0.4775 -0.107E-02
         70.0098     -538.96  0.6090 -0.100E-01      -4625.46  0.3965 -0.289E-01      -1799.15  0.4675  0.919E-02      -1133.52  0.5052 -0.649E-02      -1587.71  0.4775 -0.103E-02
         70.0128     -539.05  0.6090 -0.100E-01      -4624.85  0.3965 -0.289E-01      -1799.14  0.4675  0.919E-02      -1133.52  0.5052 -0.649E-02      -1587.71  0.4775 -0.105E-02
         70.0167     -539.18  0.6090 -0.997E-02      -4624.04  0.3965 -0.289E-01      -1799.14  0.4675  0.919E-02      -1133.53  0.5052 -0.649E-02      -1587.71  0.4775 -0.105E-02
         70.0218     -539.34  0.6090 -0.997E-02      -4623.00  0.3965 -0.289E-01      -1799.14  0.4675  0.919E-02      -1133.53  0.5052 -0.649E-02      -1587.71  0.4775 -0.105E-02
         70.0285     -539.54  0.6089 -0.100E-01      -4621.64  0.3965 -0.289E-01      -1799.13  0.4675  0.919E-02      -1133.53  0.5052 -0.649E-02      -1587.72  0.4775 -0.106E-02
         70.0372     -539.81  0.6089 -0.100E-01      -4619.88  0.3966 -0.289E-01      -1799.12  0.4675  0.919E-02      -1133.54  0.5052 -0.649E-02      -1587.72  0.4775 -0.104E-02
         70.0484     -540.15  0.6088 -0.999E-02      -4617.59  0.3966 -0.290E-01      -1799.11  0.4675  0.919E-02      -1133.54  0.5052 -0.649E-02      -1587.73  0.4775 -0.105E-02
         70.0630     -540.57  0.6088 -0.100E-01      -4614.62  0.3966 -0.290E-01      -1799.10  0.4675  0.919E-02      -1133.55  0.5052 -0.649E-02      -1587.74  0.4775 -0.104E-02
         70.0820     -541.12  0.6087 -0.100E-01      -4610.75  0.3967 -0.290E-01      -1799.09  0.4675  0.919E-02      -1133.56  0.5052 -0.649E-02      -1587.75  0.4774 -0.105E-02
         70.1067     -541.80  0.6086 -0.999E-02      -4605.72  0.3968 -0.290E-01      -1799.06  0.4675  0.919E-02      -1133.57  0.5052 -0.648E-02      -1587.77  0.4774 -0.105E-02
         70.1388     -542.65  0.6085 -0.100E-01      -4599.20  0.3969 -0.291E-01      -1799.04  0.4675  0.918E-02      -1133.58  0.5052 -0.648E-02      -1587.79  0.4774 -0.104E-02
         70.1806     -543.69  0.6083 -0.100E-01      -4590.72  0.3970 -0.291E-01      -1799.00  0.4675  0.918E-02      -1133.60  0.5052 -0.648E-02      -1587.81  0.4774 -0.105E-02
         70.2349     -544.97  0.6081 -0.100E-01      -4579.72  0.3972 -0.292E-01      -1798.96  0.4675  0.918E-02      -1133.63  0.5052 -0.648E-02      -1587.84  0.4774 -0.105E-02
         70.3054     -546.51  0.6079 -0.100E-01      -4565.45  0.3974 -0.293E-01      -1798.90  0.4675  0.918E-02      -1133.66  0.5052 -0.648E-02      -1587.89  0.4774 -0.104E-02
         70.3972     -548.37  0.6076 -0.100E-01      -4546.95  0.3977 -0.294E-01      -1798.83  0.4675  0.918E-02      -1133.71  0.5052 -0.647E-02      -1587.94  0.4774 -0.105E-02
         70.5164     -550.57  0.6072 -0.100E-01      -4522.97  0.3981 -0.296E-01      -1798.73  0.4675  0.917E-02      -1133.76  0.5052 -0.647E-02      -1588.02  0.4774 -0.105E-02
         70.6715     -553.18  0.6068 -0.100E-01      -4491.78  0.3986 -0.299E-01      -1798.60  0.4675  0.917E-02      -1133.84  0.5052 -0.646E-02      -1588.11  0.4774 -0.105E-02
         70.8730     -556.27  0.6063 -0.100E-01      -4451.29  0.3993 -0.302E-01      -1798.44  0.4675  0.917E-02      -1133.94  0.5051 -0.645E-02      -1588.23  0.4774 -0.105E-02
         71.1350     -559.93  0.6058 -0.100E-01      -4398.77  0.4001 -0.307E-01      -1798.23  0.4675  0.916E-02      -1134.06  0.5051 -0.644E-02      -1588.39  0.4774 -0.104E-02
         71.4756     -564.29  0.6051 -0.100E-01      -4330.90  0.4012 -0.312E-01      -1797.96  0.4675  0.915E-02      -1134.23  0.5051 -0.642E-02      -1588.60  0.4774 -0.104E-02
         71.9184     -569.50  0.6043 -0.100E-01      -4243.62  0.4026 -0.318E-01      -1797.62  0.4675  0.914E-02      -1134.44  0.5051 -0.640E-02      -1588.87  0.4774 -0.104E-02
         72.4940     -575.72  0.6033 -0.100E-01      -4132.38  0.4044 -0.324E-01      -1797.18  0.4676  0.912E-02      -1134.73  0.5051 -0.638E-02      -1589.21  0.4774 -0.104E-02
         73.2446     -583.31  0.6021 -0.100E-01      -3991.99  0.4067 -0.331E-01      -1796.62  0.4676  0.910E-02      -1135.10  0.5051 -0.634E-02      -1589.66  0.4774 -0.104E-02
         74.2096     -592.48  0.6007 -0.100E-01      -3829.04  0.4095 -0.339E-01      -1795.92  0.4676  0.908E-02      -1135.58  0.5050 -0.630E-02      -1590.23  0.4773 -0.104E-02
         75.3677     -603.93  0.5991 -0.100E-01      -3680.20  0.4127 -0.354E-01      -1795.12  0.4677  0.905E-02      -1136.17  0.5050 -0.625E-02      -1590.91  0.4773 -0.104E-02
         76.9118     -618.98  0.5972 -0.100E-01      -3489.20  0.4167 -0.365E-01      -1794.11  0.4677  0.900E-02      -1136.97  0.5049 -0.618E-02      -1591.81  0.4773 -0.104E-02
         80.0000     -644.00  0.5939 -0.100E-01      -3184.06  0.4232 -0.377E-01      -1792.29  0.4678  0.892E-02      -1138.61  0.5048 -0.605E-02      -1593.56  0.4772 -0.104E-02
         82.5000     -676.19  0.5901 -0.116E-07      -2985.65  0.4279 -0.380E-01      -1790.93  0.4679  0.885E-02      -1139.96  0.5047 -0.595E-02      -1594.95  0.4771 -0.104E-02
         86.2500     -708.51  0.5857  0.172E-07      -2773.03  0.4339 -0.393E-01      -1789.17  0.4679  0.875E-02      -1142.04  0.5045 -0.580E-02      -1596.99  0.4770 -0.103E-02
         90.0000     -738.37  0.5821  0.000E+00      -2587.22  0.4390 -0.384E-01      -1787.71  0.4680  0.866E-02      -1144.16  0.5044 -0.566E-02      -1598.97  0.4769 -0.103E-02
         90.0001     -738.64  0.5821 -0.107E-01      -2584.85  0.4390 -0.383E-01      -1787.68  0.4680  0.865E-02      -1144.15  0.5044 -0.566E-02      -1598.98  0.4769 -0.907E-03
         90.0002     -738.57  0.5821 -0.935E-02      -2585.29  0.4390 -0.383E-01      -1787.69  0.4680  0.866E-02      -1144.16  0.5044 -0.566E-02      -1598.98  0.4769 -0.907E-03
         90.0004     -738.62  0.5821 -0.100E-01      -2584.95  0.4390 -0.383E-01      -1787.68  0.4680  0.865E-02      -1144.15  0.5044 -0.566E-02      -1598.98  0.4769 -0.907E-03
         90.0006     -738.60  0.5821 -0.102E-01      -2585.04  0.4390 -0.383E-01      -1787.68  0.4680  0.865E-02      -1144.16  0.5044 -0.566E-02      -1598.98  0.4769 -0.907E-03
         90.0009     -738.61  0.5821 -0.998E-02      -2584.97  0.4390 -0.383E-01      -1787.68  0.4680  0.865E-02      -1144.15  0.5044 -0.566E-02      -1598.98  0.4769 -0.907E-03
         90.0013     -738.60  0.5821 -0.959E-02      -2584.98  0.4390 -0.383E-01      -1787.68  0.4680  0.865E-02      -1144.16  0.5044 -0.566E-02      -1598.98  0.4769 -0.907E-03
         90.0018     -738.60  0.5821 -0.972E-02      -2584.95  0.4390 -0.383E-01      -1787.68  0.4680  0.865E-02      -1144.16  0.5044 -0.566E-02      -1598.98  0.4769 -0.907E-03
         90.0024     -738.59  0.5821 -0.100E-01      -2584.92  0.4390 -0.383E-01      -1787.68  0.4680  0.865E-02      -1144.16  0.5044 -0.566E-02      -1598.98  0.4769 -0.114E-02
         90.0032     -738.59  0.5821 -0.991E-02      -2584.88  0.4390 -0.383E-01      -1787.68  0.4680  0.865E-02      -1144.16  0.5044 -0.566E-02      -1598.98  0.4769 -0.109E-02
         90.0043     -738.58  0.5821 -0.101E-01      -2584.83  0.4390 -0.383E-01      -1787.68  0.4680  0.865E-02      -1144.16  0.5044 -0.566E-02      -1598.98  0.4769 -0.105E-02
         90.0056     -738.57  0.5821 -0.100E-01      -2584.76  0.4390 -0.383E-01      -1787.68  0.4680  0.865E-02      -1144.16  0.5044 -0.566E-02      -1598.98  0.4769 -0.102E-02
         90.0074     -738.55  0.5821 -0.100E-01      -2584.67  0.4390 -0.383E-01      -1787.68  0.4680  0.865E-02      -1144.16  0.5044 -0.566E-02      -1598.98  0.4769 -0.107E-02
         90.0098     -738.53  0.5821 -0.999E-02      -2584.56  0.4390 -0.383E-01      -1787.68  0.4680  0.865E-02      -1144.16  0.5044 -0.566E-02      -1598.98  0.4769 -0.104E-02
         90.0128     -738.51  0.5821 -0.100E-01      -2584.41  0.4390 -0.383E-01      -1787.68  0.4680  0.865E-02      -1144.16  0.5044 -0.566E-02      -1598.98  0.4769 -0.105E-02
         90.0167     -738.48  0.5821 -0.100E-01      -2584.22  0.4390 -0.383E-01      -1787.67  0.4680  0.865E-02      -1144.16  0.5044 -0.566E-02      -1598.99  0.4769 -0.102E-02
         90.0218     -738.44  0.5821 -0.997E-02      -2583.97  0.4390 -0.383E-01      -1787.67  0.4680  0.865E-02      -1144.17  0.5044 -0.566E-02      -1598.99  0.4769 -0.102E-02
         90.0285     -738.39  0.5821 -0.998E-02      -2583.65  0.4390 -0.383E-01      -1787.67  0.4680  0.865E-02      -1144.17  0.5044 -0.566E-02      -1598.99  0.4769 -0.104E-02
         90.0372     -738.32  0.5821 -0.999E-02      -2583.23  0.4390 -0.383E-01      -1787.67  0.4680  0.865E-02      -1144.18  0.5044 -0.566E-02      -1599.00  0.4769 -0.103E-02
         90.0484     -738.24  0.5821 -0.100E-01      -2582.69  0.4390 -0.382E-01      -1787.66  0.4680  0.865E-02      -1144.18  0.5044 -0.566E-02      -1599.00  0.4769 -0.103E-02
         90.0630     -738.13  0.5821 -0.100E-01      -2581.98  0.4391 -0.382E-01      -1787.66  0.4680  0.865E-02      -1144.19  0.5044 -0.566E-02      -1599.01  0.4769 -0.103E-02
         90.0820     -738.00  0.5821 -0.100E-01      -2581.06  0.4391 -0.382E-01      -1787.65  0.4680  0.865E-02      -1144.20  0.5044 -0.566E-02      -1599.02  0.4769 -0.103E-02
         90.1067     -737.85  0.5822 -0.100E-01      -2579.87  0.4391 -0.382E-01      -1787.64  0.4680  0.865E-02      -1144.21  0.5044 -0.566E-02      -1599.03  0.4769 -0.103E-02
         90.1388     -737.65  0.5822 -0.100E-01      -2578.32  0.4392 -0.382E-01      -1787.63  0.4680  0.865E-02      -1144.23  0.5044 -0.566E-02      -1599.05  0.4769 -0.103E-02
         90.1806     -737.43  0.5822 -0.100E-01      -2576.31  0.4392 -0.382E-01      -1787.61  0.4680  0.865E-02      -1144.26  0.5044 -0.566E-02      -1599.07  0.4769 -0.103E-02
         90.2349     -737.18  0.5822 -0.100E-01      -2573.71  0.4393 -0.382E-01      -1787.59  0.4680  0.865E-02      -1144.29  0.5044 -0.565E-02      -1599.10  0.4769 -0.103E-02
         90.3054     -736.92  0.5823 -0.100E-01      -2570.34  0.4394 -0.382E-01      -1787.56  0.4680  0.865E-02      -1144.33  0.5044 -0.565E-02      -1599.14  0.4769 -0.103E-02
         90.3972     -736.65  0.5823 -0.100E-01      -2565.97  0.4395 -0.381E-01      -1787.53  0.4680  0.865E-02      -1144.38  0.5043 -0.565E-02      -1599.19  0.4769 -0.103E-02
         90.5164     -736.43  0.5823 -0.100E-01      -2560.33  0.4397 -0.381E-01      -1787.49  0.4680  0.864E-02      -1144.45  0.5043 -0.564E-02      -1599.25  0.4769 -0.103E-02
         90.6715     -736.29  0.5824 -0.100E-01      -2553.06  0.4399 -0.380E-01      -1787.43  0.4680  0.864E-02      -1144.53  0.5043 -0.564E-02      -1599.33  0.4769 -0.103E-02
         90.8730     -736.31  0.5824 -0.100E-01      -2543.70  0.4401 -0.379E-01      -1787.36  0.4680  0.864E-02      -1144.65  0.5043 -0.563E-02      -1599.44  0.4769 -0.103E-02
         91.1350     -736.59  0.5823 -0.100E-01      -2531.68  0.4405 -0.378E-01      -1787.26  0.4680  0.863E-02      -1144.80  0.5043 -0.562E-02      -1599.57  0.4769 -0.103E-02
         91.4756     -737.23  0.5822 -0.100E-01      -2516.30  0.4409 -0.377E-01      -1787.15  0.4680  0.862E-02      -1144.99  0.5043 -0.561E-02      -1599.75  0.4769 -0.103E-02
         91.9184     -738.36  0.5821 -0.100E-01      -2496.74  0.4414 -0.375E-01      -1787.00  0.4680  0.861E-02      -1145.24  0.5043 -0.559E-02      -1599.98  0.4769 -0.103E-02
         92.4940     -740.19  0.5819 -0.100E-01      -2472.22  0.4421 -0.373E-01      -1786.82  0.4681  0.860E-02      -1145.57  0.5043 -0.557E-02      -1600.28  0.4769 -0.103E-02
         93.2446     -742.94  0.5815 -0.100E-01      -2442.62  0.4430 -0.372E-01      -1786.59  0.4681  0.858E-02      -1146.00  0.5042 -0.554E-02      -1600.67  0.4768 -0.103E-02
         94.2096     -746.81  0.5810 -0.100E-01      -2410.48  0.4439 -0.371E-01      -1786.31  0.4681  0.856E-02      -1146.56  0.5042 -0.551E-02      -1601.17  0.4768 -0.103E-02
         95.3677     -751.91  0.5804 -0.100E-01      -2379.70  0.4451 -0.373E-01      -1786.00  0.4681  0.853E-02      -1147.23  0.5041 -0.547E-02      -1601.76  0.4768 -0.103E-02
         96.9118     -759.51  0.5795 -0.100E-01      -2340.80  0.4465 -0.372E-01      -1785.62  0.4681  0.849E-02      -1148.12  0.5041 -0.542E-02      -1602.55  0.4768 -0.103E-02
        100.0000     -774.84  0.5780 -0.100E-01      -2273.47  0.4490 -0.365E-01      -1784.99  0.4681  0.842E-02      -1149.94  0.5039 -0.531E-02      -1604.08  0.4767 -0.103E-02
        102.5000     -805.17  0.5751 -0.349E-07      -2221.92  0.4508 -0.355E-01      -1784.55  0.4682  0.836E-02      -1151.41  0.5038 -0.523E-02      -1605.31  0.4766 -0.102E-02
        106.2500     -833.25  0.5719  0.000E+00      -2158.30  0.4532 -0.343E-01      -1784.07  0.4682  0.827E-02      -1153.64  0.5036 -0.512E-02      -1607.11  0.4765 -0.102E-02
        110.0000     -859.11  0.5695 -0.184E-07      -2107.54  0.4550 -0.334E-01      -1783.72  0.4682  0.818E-02      -1155.89  0.5035 -0.500E-02      -1608.88  0.4765 -0.102E-02
end
