

   Time         sum(rTop)     sum(rRoot)    sum(vTop)     sum(vRoot)     sum(vBot)    hTop       hRoot      hBot      A-level
    [T]           [L]           [L]           [L]           [L]            [L]        [L]         [L]       [L] 

    10.00010  0.000000E+00  0.000000E+00 -0.264643E-11  0.000000E+00  0.376251E-08 -25394.268      0.000  -1796.341       1
    20.00000  0.000000E+00  0.000000E+00 -0.264554E-06  0.000000E+00 -0.575747E-02 -25394.268      0.000  -1837.133       2
    30.00000  0.000000E+00  0.000000E+00 -0.811281E-07  0.000000E+00 -0.112986E-01 -25394.326      0.000  -1855.539       3
    40.00000 -0.250000E+01  0.000000E+00 -0.250000E+01  0.000000E+00 -0.167229E-01   -367.194      0.000  -1869.970       4
    50.00000 -0.420000E+01  0.000000E+00 -0.420000E+01  0.000000E+00 -0.220270E-01   -174.574      0.000  -1881.699       5
    60.00000 -0.580000E+01  0.000000E+00 -0.580000E+01  0.000000E+00 -0.272272E-01    -99.807      0.000  -1892.043       6
    70.00000 -0.780000E+01  0.000000E+00 -0.780000E+01  0.000000E+00 -0.323365E-01    -33.702      0.000  -1901.461       7
    80.00000 -0.102000E+02  0.000000E+00 -0.102000E+02  0.000000E+00 -0.373609E-01     -3.618      0.000  -1910.381       8
    90.00000 -0.123000E+02  0.000000E+00 -0.123001E+02  0.000000E+00 -0.423064E-01     -6.823      0.000  -1919.695       9
   100.00000 -0.140001E+02  0.000000E+00 -0.140002E+02  0.000000E+00 -0.471976E-01     -9.757      0.000  -1929.625      10
   110.00000 -0.146001E+02  0.000000E+00 -0.121703E+02  0.000000E+00 -0.520510E-01   -391.638      0.000  -1938.353      11
   120.00000 -0.152001E+02  0.000000E+00 -0.127703E+02  0.000000E+00 -0.568679E-01   -134.820      0.000  -1946.411      12
   130.00000 -0.162001E+02  0.000000E+00 -0.137703E+02  0.000000E+00 -0.616511E-01    -43.812      0.000  -1953.979      13
   140.00000 -0.192001E+02  0.000000E+00 -0.160569E+02  0.000000E+00 -0.664037E-01      0.000      0.000  -1961.154      14
   150.00000 -0.235001E+02  0.000000E+00 -0.176171E+02  0.000000E+00 -0.711256E-01      0.000      0.000  -1967.969      15
   160.00000 -0.278001E+02  0.000000E+00 -0.190074E+02  0.000000E+00 -0.758187E-01      0.000      0.000  -1974.481      16
   170.00000 -0.281001E+02  0.000000E+00 -0.168757E+02  0.000000E+00 -0.804854E-01   -499.394      0.000  -1980.742      17
   180.00000 -0.281001E+02  0.000000E+00 -0.168757E+02  0.000000E+00 -0.851241E-01   -384.928      0.000  -1986.754      18
   190.00000 -0.281001E+02  0.000000E+00 -0.168757E+02  0.000000E+00 -0.897368E-01   -344.321      0.000  -1992.551      19
   200.00000 -0.281001E+02  0.000000E+00 -0.168757E+02  0.000000E+00 -0.943252E-01   -329.811      0.000  -1998.156      20
end
