 ******* Program HYDRUS
 ******* 
 Welcome to HYDRUS-1D                                                    
 Date:  15. 2.    Time:  15:13:35
 Units: L = mm   , T = min  , M = mmol 

----------------------------------------------------------
 Time       [T]       10.0000
----------------------------------------------------------
 Sub-region num.                     1            2
----------------------------------------------------------
 Length   [L]        0.10000E+04  0.10000E+04  0.00000E+00
 W-volume [L]        0.45528E+03  0.45528E+03  0.00000E+00
 In-flow  [L/T]      0.00000E+00  0.00000E+00  0.00000E+00
 h Mean   [L]       -0.24317E+04 -0.24317E+04  0.00000E+00
 Top Flux [L/T]     -0.26463E-05
 Bot Flux [L/T]      0.52497E-03
----------------------------------------------------------

----------------------------------------------------------
 Time       [T]       10.0010
----------------------------------------------------------
 Sub-region num.                     1            2
----------------------------------------------------------
 Length   [L]        0.10000E+04  0.10000E+04  0.00000E+00
 W-volume [L]        0.45528E+03  0.45528E+03  0.00000E+00
 In-flow  [L/T]     -0.46359E-02 -0.46359E-02  0.00000E+00
 h Mean   [L]       -0.24317E+04 -0.24317E+04  0.00000E+00
 Top Flux [L/T]     -0.26463E-05
 Bot Flux [L/T]      0.52377E-03
 WatBalT  [L]        0.17083E-05
 WatBalR  [%]              5.778
----------------------------------------------------------

----------------------------------------------------------
 Time       [T]       20.0000
----------------------------------------------------------
 Sub-region num.                     1            2
----------------------------------------------------------
 Length   [L]        0.10000E+04  0.10000E+04  0.00000E+00
 W-volume [L]        0.45527E+03  0.45527E+03  0.00000E+00
 In-flow  [L/T]     -0.15625E-02 -0.15625E-02  0.00000E+00
 h Mean   [L]       -0.24271E+04 -0.24271E+04  0.00000E+00
 Top Flux [L/T]     -0.25027E-05
 Bot Flux [L/T]     -0.11585E-02
 WatBalT  [L]        0.24904E-04
 WatBalR  [%]              0.010
----------------------------------------------------------

----------------------------------------------------------
 Time       [T]       30.0000
----------------------------------------------------------
 Sub-region num.                     1            2
----------------------------------------------------------
 Length   [L]        0.10000E+04  0.10000E+04  0.00000E+00
 W-volume [L]        0.45525E+03  0.45525E+03  0.00000E+00
 In-flow  [L/T]     -0.15373E-02 -0.15373E-02  0.00000E+00
 h Mean   [L]       -0.24253E+04 -0.24253E+04  0.00000E+00
 Top Flux [L/T]     -0.23701E-05
 Bot Flux [L/T]     -0.12613E-02
 WatBalT  [L]        0.24810E-05
 WatBalR  [%]              0.001
----------------------------------------------------------

----------------------------------------------------------
 Time       [T]       40.0000
----------------------------------------------------------
 Sub-region num.                     1            2
----------------------------------------------------------
 Length   [L]        0.10000E+04  0.10000E+04  0.00000E+00
 W-volume [L]        0.45774E+03  0.45774E+03  0.00000E+00
 In-flow  [L/T]      0.24848E+00  0.24848E+00  0.00000E+00
 h Mean   [L]       -0.23282E+04 -0.23282E+04  0.00000E+00
 Top Flux [L/T]     -0.20528E+00
 Bot Flux [L/T]     -0.12977E-02
 WatBalT  [L]       -0.33379E-05
 WatBalR  [%]              0.000
----------------------------------------------------------

----------------------------------------------------------
 Time       [T]       50.0000
----------------------------------------------------------
 Sub-region num.                     1            2
----------------------------------------------------------
 Length   [L]        0.10000E+04  0.10000E+04  0.00000E+00
 W-volume [L]        0.45942E+03  0.45942E+03  0.00000E+00
 In-flow  [L/T]      0.16850E+00  0.16850E+00  0.00000E+00
 h Mean   [L]       -0.22750E+04 -0.22750E+04  0.00000E+00
 Top Flux [L/T]     -0.15672E+00
 Bot Flux [L/T]     -0.13116E-02
 WatBalT  [L]       -0.39101E-04
 WatBalR  [%]              0.001
----------------------------------------------------------

----------------------------------------------------------
 Time       [T]       60.0000
----------------------------------------------------------
 Sub-region num.                     1            2
----------------------------------------------------------
 Length   [L]        0.10000E+04  0.10000E+04  0.00000E+00
 W-volume [L]        0.46101E+03  0.46101E+03  0.00000E+00
 In-flow  [L/T]      0.15852E+00  0.15852E+00  0.00000E+00
 h Mean   [L]       -0.22317E+04 -0.22317E+04  0.00000E+00
 Top Flux [L/T]     -0.15115E+00
 Bot Flux [L/T]     -0.13170E-02
 WatBalT  [L]        0.82970E-04
 WatBalR  [%]              0.001
----------------------------------------------------------

----------------------------------------------------------
 Time       [T]       70.0000
----------------------------------------------------------
 Sub-region num.                     1            2
----------------------------------------------------------
 Length   [L]        0.10000E+04  0.10000E+04  0.00000E+00
 W-volume [L]        0.46299E+03  0.46299E+03  0.00000E+00
 In-flow  [L/T]      0.19853E+00  0.19853E+00  0.00000E+00
 h Mean   [L]       -0.21911E+04 -0.21911E+04  0.00000E+00
 Top Flux [L/T]     -0.19306E+00
 Bot Flux [L/T]     -0.13185E-02
 WatBalT  [L]       -0.27657E-04
 WatBalR  [%]              0.000
----------------------------------------------------------

----------------------------------------------------------
 Time       [T]       80.0000
----------------------------------------------------------
 Sub-region num.                     1            2
----------------------------------------------------------
 Length   [L]        0.10000E+04  0.10000E+04  0.00000E+00
 W-volume [L]        0.46538E+03  0.46538E+03  0.00000E+00
 In-flow  [L/T]      0.23854E+00  0.23854E+00  0.00000E+00
 h Mean   [L]       -0.21463E+04 -0.21463E+04  0.00000E+00
 Top Flux [L/T]     -0.23543E+00
 Bot Flux [L/T]     -0.13176E-02
 WatBalT  [L]        0.59128E-04
 WatBalR  [%]              0.001
----------------------------------------------------------

----------------------------------------------------------
 Time       [T]       90.0000
----------------------------------------------------------
 Sub-region num.                     1            2
----------------------------------------------------------
 Length   [L]        0.10000E+04  0.10000E+04  0.00000E+00
 W-volume [L]        0.46746E+03  0.46746E+03  0.00000E+00
 In-flow  [L/T]      0.20856E+00  0.20856E+00  0.00000E+00
 h Mean   [L]       -0.21100E+04 -0.21100E+04  0.00000E+00
 Top Flux [L/T]     -0.20767E+00
 Bot Flux [L/T]     -0.13154E-02
 WatBalT  [L]       -0.11730E-03
 WatBalR  [%]              0.001
----------------------------------------------------------

----------------------------------------------------------
 Time       [T]      100.0000
----------------------------------------------------------
 Sub-region num.                     1            2
----------------------------------------------------------
 Length   [L]        0.10000E+04  0.10000E+04  0.00000E+00
 W-volume [L]        0.46915E+03  0.46915E+03  0.00000E+00
 In-flow  [L/T]      0.16857E+00  0.16857E+00  0.00000E+00
 h Mean   [L]       -0.20773E+04 -0.20773E+04  0.00000E+00
 Top Flux [L/T]     -0.16871E+00
 Bot Flux [L/T]     -0.13122E-02
 WatBalT  [L]       -0.64850E-04
 WatBalR  [%]              0.000
----------------------------------------------------------

----------------------------------------------------------
 Time       [T]      110.0000
----------------------------------------------------------
 Sub-region num.                     1            2
----------------------------------------------------------
 Length   [L]        0.10000E+04  0.10000E+04  0.00000E+00
 W-volume [L]        0.46973E+03  0.46973E+03  0.00000E+00
 In-flow  [L/T]      0.58578E-01  0.58578E-01  0.00000E+00
 h Mean   [L]       -0.20503E+04 -0.20503E+04  0.00000E+00
 Top Flux [L/T]     -0.63704E-01
 Bot Flux [L/T]     -0.13084E-02
 WatBalT  [L]        0.28610E-04
 WatBalR  [%]              0.000
----------------------------------------------------------

----------------------------------------------------------
 Time       [T]      120.0000
----------------------------------------------------------
 Sub-region num.                     1            2
----------------------------------------------------------
 Length   [L]        0.10000E+04  0.10000E+04  0.00000E+00
 W-volume [L]        0.47032E+03  0.47032E+03  0.00000E+00
 In-flow  [L/T]      0.58586E-01  0.58586E-01  0.00000E+00
 h Mean   [L]       -0.20254E+04 -0.20254E+04  0.00000E+00
 Top Flux [L/T]     -0.61598E-01
 Bot Flux [L/T]     -0.13042E-02
 WatBalT  [L]       -0.20027E-03
 WatBalR  [%]              0.001
----------------------------------------------------------

----------------------------------------------------------
 Time       [T]      130.0000
----------------------------------------------------------
 Sub-region num.                     1            2
----------------------------------------------------------
 Length   [L]        0.10000E+04  0.10000E+04  0.00000E+00
 W-volume [L]        0.47130E+03  0.47130E+03  0.00000E+00
 In-flow  [L/T]      0.98594E-01  0.98594E-01  0.00000E+00
 h Mean   [L]       -0.20020E+04 -0.20020E+04  0.00000E+00
 Top Flux [L/T]     -0.98207E-01
 Bot Flux [L/T]     -0.12997E-02
 WatBalT  [L]       -0.34332E-04
 WatBalR  [%]              0.000
----------------------------------------------------------

----------------------------------------------------------
 Time       [T]      140.0000
----------------------------------------------------------
 Sub-region num.                     1            2
----------------------------------------------------------
 Length   [L]        0.10000E+04  0.10000E+04  0.00000E+00
 W-volume [L]        0.47429E+03  0.47429E+03  0.00000E+00
 In-flow  [L/T]      0.29860E+00  0.29860E+00  0.00000E+00
 h Mean   [L]       -0.19701E+04 -0.19701E+04  0.00000E+00
 Top Flux [L/T]     -0.29867E+00
 Bot Flux [L/T]     -0.12952E-02
 WatBalT  [L]       -0.82016E-04
 WatBalR  [%]              0.000
----------------------------------------------------------

----------------------------------------------------------
 Time       [T]      150.0000
----------------------------------------------------------
 Sub-region num.                     1            2
----------------------------------------------------------
 Length   [L]        0.10000E+04  0.10000E+04  0.00000E+00
 W-volume [L]        0.47816E+03  0.47816E+03  0.00000E+00
 In-flow  [L/T]      0.38873E+00  0.38873E+00  0.00000E+00
 h Mean   [L]       -0.19208E+04 -0.19208E+04  0.00000E+00
 Top Flux [L/T]     -0.39006E+00
 Bot Flux [L/T]     -0.12905E-02
 WatBalT  [L]       -0.59128E-04
 WatBalR  [%]              0.000
----------------------------------------------------------

----------------------------------------------------------
 Time       [T]      160.0000
----------------------------------------------------------
 Sub-region num.                     1            2
----------------------------------------------------------
 Length   [L]        0.10000E+04  0.10000E+04  0.00000E+00
 W-volume [L]        0.48190E+03  0.48190E+03  0.00000E+00
 In-flow  [L/T]      0.34705E+00  0.34705E+00  0.00000E+00
 h Mean   [L]       -0.18601E+04 -0.18601E+04  0.00000E+00
 Top Flux [L/T]     -0.34982E+00
 Bot Flux [L/T]     -0.12856E-02
 WatBalT  [L]       -0.23270E-03
 WatBalR  [%]              0.001
----------------------------------------------------------

----------------------------------------------------------
 Time       [T]      170.0000
----------------------------------------------------------
 Sub-region num.                     1            2
----------------------------------------------------------
 Length   [L]        0.10000E+04  0.10000E+04  0.00000E+00
 W-volume [L]        0.48196E+03  0.48196E+03  0.00000E+00
 In-flow  [L/T]      0.28629E-01  0.28629E-01  0.00000E+00
 h Mean   [L]       -0.18168E+04 -0.18168E+04  0.00000E+00
 Top Flux [L/T]     -0.36725E-01
 Bot Flux [L/T]     -0.12810E-02
 WatBalT  [L]       -0.23186E+00
 WatBalR  [%]              0.813
----------------------------------------------------------

----------------------------------------------------------
 Time       [T]      180.0000
----------------------------------------------------------
 Sub-region num.                     1            2
----------------------------------------------------------
 Length   [L]        0.10000E+04  0.10000E+04  0.00000E+00
 W-volume [L]        0.48195E+03  0.48195E+03  0.00000E+00
 In-flow  [L/T]     -0.13628E-02 -0.13628E-02  0.00000E+00
 h Mean   [L]       -0.17873E+04 -0.17873E+04  0.00000E+00
 Top Flux [L/T]     -0.82998E-02
 Bot Flux [L/T]     -0.12763E-02
 WatBalT  [L]       -0.23210E+00
 WatBalR  [%]              0.811
----------------------------------------------------------

----------------------------------------------------------
 Time       [T]      190.0000
----------------------------------------------------------
 Sub-region num.                     1            2
----------------------------------------------------------
 Length   [L]        0.10000E+04  0.10000E+04  0.00000E+00
 W-volume [L]        0.48193E+03  0.48193E+03  0.00000E+00
 In-flow  [L/T]     -0.13548E-02 -0.13548E-02  0.00000E+00
 h Mean   [L]       -0.17652E+04 -0.17652E+04  0.00000E+00
 Top Flux [L/T]     -0.60093E-02
 Bot Flux [L/T]     -0.12716E-02
 WatBalT  [L]       -0.23184E+00
 WatBalR  [%]              0.808
----------------------------------------------------------

----------------------------------------------------------
 Time       [T]      200.0000
----------------------------------------------------------
 Sub-region num.                     1            2
----------------------------------------------------------
 Length   [L]        0.10000E+04  0.10000E+04  0.00000E+00
 W-volume [L]        0.48192E+03  0.48192E+03  0.00000E+00
 In-flow  [L/T]     -0.13477E-02 -0.13477E-02  0.00000E+00
 h Mean   [L]       -0.17473E+04 -0.17473E+04  0.00000E+00
 Top Flux [L/T]     -0.47867E-02
 Bot Flux [L/T]     -0.12669E-02
 WatBalT  [L]       -0.23201E+00
 WatBalR  [%]              0.806
----------------------------------------------------------
 
 Calculation time [sec]   2.28999999165535     
