 ******* Program HYDRUS
 ******* 
 Welcome to HYDRUS-1D                                                    
 Date:  20. 6.    Time:  23: 4:43
 Units: L = mm   , T = min  , M = mmol 
 
 CosAlf,MaxIt,TolTh,  TolH
 1.000   10   0.00010.00000
 
 TopInF,BotInF,AtmBC,SinkF,WLayer,qGWLF,FreeD,SeepF,lWat,lChem,lTemp,lRoot,lWDep
     T     F     T     F     F     F     T     F     T     F     F     F     F

Nodal point information

node      x         hOld    MatN LayN  Beta      Ah       AK      ATh     Temp    Conc(1...NS)         Sorb(1...NS)

   1      0.000      0.330    1    1   0.000    1.000    1.000    1.000
   2    -10.000      0.330    1    1   0.000    1.000    1.000    1.000
   3    -20.000      0.330    1    1   0.000    1.000    1.000    1.000
   4    -30.000      0.330    1    1   0.000    1.000    1.000    1.000
   5    -40.000      0.330    1    1   0.000    1.000    1.000    1.000
   6    -50.000      0.330    1    1   0.000    1.000    1.000    1.000
   7    -60.000      0.330    2    1   0.000    1.000    1.000    1.000
   8    -70.000      0.332    2    1   0.000    1.000    1.000    1.000
   9    -80.000      0.333    2    1   0.000    1.000    1.000    1.000
  10    -90.000      0.335    2    1   0.000    1.000    1.000    1.000
  11   -100.000      0.336    2    1   0.000    1.000    1.000    1.000
  12   -110.000      0.338    2    1   0.000    1.000    1.000    1.000
  13   -120.000      0.340    2    1   0.000    1.000    1.000    1.000
  14   -130.000      0.341    2    1   0.000    1.000    1.000    1.000
  15   -140.000      0.343    2    1   0.000    1.000    1.000    1.000
  16   -150.000      0.344    2    1   0.000    1.000    1.000    1.000
  17   -160.000      0.346    2    1   0.000    1.000    1.000    1.000
  18   -170.000      0.348    2    1   0.000    1.000    1.000    1.000
  19   -180.000      0.349    2    1   0.000    1.000    1.000    1.000
  20   -190.000      0.351    2    1   0.000    1.000    1.000    1.000
  21   -200.000      0.352    2    1   0.000    1.000    1.000    1.000
  22   -210.000      0.354    2    1   0.000    1.000    1.000    1.000
  23   -220.000      0.356    2    1   0.000    1.000    1.000    1.000
  24   -230.000      0.357    2    1   0.000    1.000    1.000    1.000
  25   -240.000      0.359    2    1   0.000    1.000    1.000    1.000
  26   -250.000      0.360    2    1   0.000    1.000    1.000    1.000
  27   -260.000      0.362    2    1   0.000    1.000    1.000    1.000
  28   -270.000      0.364    2    1   0.000    1.000    1.000    1.000
  29   -280.000      0.365    2    1   0.000    1.000    1.000    1.000
  30   -290.000      0.367    2    1   0.000    1.000    1.000    1.000
  31   -300.000      0.368    2    1   0.000    1.000    1.000    1.000
  32   -310.000      0.370    2    1   0.000    1.000    1.000    1.000
  33   -320.000      0.371    2    1   0.000    1.000    1.000    1.000
  34   -330.000      0.373    2    1   0.000    1.000    1.000    1.000
  35   -340.000      0.375    2    1   0.000    1.000    1.000    1.000
  36   -350.000      0.376    2    1   0.000    1.000    1.000    1.000
  37   -360.000      0.378    2    1   0.000    1.000    1.000    1.000
  38   -370.000      0.379    2    1   0.000    1.000    1.000    1.000
  39   -380.000      0.381    2    1   0.000    1.000    1.000    1.000
  40   -390.000      0.383    2    1   0.000    1.000    1.000    1.000
  41   -400.000      0.384    2    1   0.000    1.000    1.000    1.000
  42   -410.000      0.386    2    1   0.000    1.000    1.000    1.000
  43   -420.000      0.387    2    1   0.000    1.000    1.000    1.000
  44   -430.000      0.389    2    1   0.000    1.000    1.000    1.000
  45   -440.000      0.391    2    1   0.000    1.000    1.000    1.000
  46   -450.000      0.392    2    1   0.000    1.000    1.000    1.000
  47   -460.000      0.394    2    1   0.000    1.000    1.000    1.000
  48   -470.000      0.395    2    1   0.000    1.000    1.000    1.000
  49   -480.000      0.397    2    1   0.000    1.000    1.000    1.000
  50   -490.000      0.399    2    1   0.000    1.000    1.000    1.000
  51   -500.000      0.400    2    1   0.000    1.000    1.000    1.000
  52   -510.000      0.402    2    1   0.000    1.000    1.000    1.000
  53   -520.000      0.403    2    1   0.000    1.000    1.000    1.000
  54   -530.000      0.405    2    1   0.000    1.000    1.000    1.000
  55   -540.000      0.407    2    1   0.000    1.000    1.000    1.000
  56   -550.000      0.408    2    1   0.000    1.000    1.000    1.000
  57   -560.000      0.410    2    1   0.000    1.000    1.000    1.000
  58   -570.000      0.411    2    1   0.000    1.000    1.000    1.000
  59   -580.000      0.413    2    1   0.000    1.000    1.000    1.000
  60   -590.000      0.415    2    1   0.000    1.000    1.000    1.000
  61   -600.000      0.416    2    1   0.000    1.000    1.000    1.000
  62   -610.000      0.418    2    1   0.000    1.000    1.000    1.000
  63   -620.000      0.419    2    1   0.000    1.000    1.000    1.000
  64   -630.000      0.421    2    1   0.000    1.000    1.000    1.000
  65   -640.000      0.423    2    1   0.000    1.000    1.000    1.000
  66   -650.000      0.424    2    1   0.000    1.000    1.000    1.000
  67   -660.000      0.426    2    1   0.000    1.000    1.000    1.000
  68   -670.000      0.427    2    1   0.000    1.000    1.000    1.000
  69   -680.000      0.429    2    1   0.000    1.000    1.000    1.000
  70   -690.000      0.431    2    1   0.000    1.000    1.000    1.000
  71   -700.000      0.432    2    1   0.000    1.000    1.000    1.000
  72   -710.000      0.434    2    1   0.000    1.000    1.000    1.000
  73   -720.000      0.435    2    1   0.000    1.000    1.000    1.000
  74   -730.000      0.437    2    1   0.000    1.000    1.000    1.000
  75   -740.000      0.439    2    1   0.000    1.000    1.000    1.000
  76   -750.000      0.440    2    1   0.000    1.000    1.000    1.000
  77   -760.000      0.442    2    1   0.000    1.000    1.000    1.000
  78   -770.000      0.443    2    1   0.000    1.000    1.000    1.000
  79   -780.000      0.445    2    1   0.000    1.000    1.000    1.000
  80   -790.000      0.446    2    1   0.000    1.000    1.000    1.000
  81   -800.000      0.448    2    1   0.000    1.000    1.000    1.000
  82   -810.000      0.450    2    1   0.000    1.000    1.000    1.000
  83   -820.000      0.451    2    1   0.000    1.000    1.000    1.000
  84   -830.000      0.453    2    1   0.000    1.000    1.000    1.000
  85   -840.000      0.454    2    1   0.000    1.000    1.000    1.000
  86   -850.000      0.456    2    1   0.000    1.000    1.000    1.000
  87   -860.000      0.458    2    1   0.000    1.000    1.000    1.000
  88   -870.000      0.459    2    1   0.000    1.000    1.000    1.000
  89   -880.000      0.461    2    1   0.000    1.000    1.000    1.000
  90   -890.000      0.462    2    1   0.000    1.000    1.000    1.000
  91   -900.000      0.464    2    1   0.000    1.000    1.000    1.000
  92   -910.000      0.466    2    1   0.000    1.000    1.000    1.000
  93   -920.000      0.467    2    1   0.000    1.000    1.000    1.000
  94   -930.000      0.469    2    1   0.000    1.000    1.000    1.000
  95   -940.000      0.470    2    1   0.000    1.000    1.000    1.000
  96   -950.000      0.472    2    1   0.000    1.000    1.000    1.000
  97   -960.000      0.474    2    1   0.000    1.000    1.000    1.000
  98   -970.000      0.475    2    1   0.000    1.000    1.000    1.000
  99   -980.000      0.477    2    1   0.000    1.000    1.000    1.000
 100   -990.000      0.478    2    1   0.000    1.000    1.000    1.000
 101  -1000.000      0.480    2    1   0.000    1.000    1.000    1.000
end

 Number of species in the chain :   0


MatNum, Param. array:

   Mat     Qr     Qs        Alfa         n          Ks      l

    1    0.121  0.749   0.450E-02   0.123E+01   0.150E+00  0.500
    2    0.121  0.700   0.353E-02   0.125E+01   0.210E+01  0.500

       Table of Hydraulic Properties which are interpolated in simulation
       =================================================================

  theta         h        log h        C             K        log K          S          Kv
 
  0.7489  -0.100E-04 -0.5000E+01  0.1289E-04  0.1442E+00 -0.8411E+00    1.0000  0.0000E+00
  0.7489  -0.126E-04 -0.4899E+01  0.1360E-04  0.1438E+00 -0.8421E+00    1.0000  0.0000E+00
  0.7489  -0.159E-04 -0.4798E+01  0.1436E-04  0.1435E+00 -0.8431E+00    1.0000  0.0000E+00
  0.7489  -0.201E-04 -0.4697E+01  0.1516E-04  0.1431E+00 -0.8442E+00    1.0000  0.0000E+00
  0.7489  -0.254E-04 -0.4596E+01  0.1600E-04  0.1428E+00 -0.8454E+00    1.0000  0.0000E+00
  0.7489  -0.320E-04 -0.4495E+01  0.1689E-04  0.1424E+00 -0.8466E+00    1.0000  0.0000E+00
  0.7489  -0.404E-04 -0.4394E+01  0.1782E-04  0.1420E+00 -0.8478E+00    1.0000  0.0000E+00
  0.7489  -0.509E-04 -0.4293E+01  0.1881E-04  0.1415E+00 -0.8492E+00    1.0000  0.0000E+00
  0.7489  -0.643E-04 -0.4192E+01  0.1986E-04  0.1411E+00 -0.8506E+00    1.0000  0.0000E+00
  0.7489  -0.811E-04 -0.4091E+01  0.2096E-04  0.1406E+00 -0.8521E+00    1.0000  0.0000E+00
  0.7489  -0.102E-03 -0.3990E+01  0.2212E-04  0.1401E+00 -0.8537E+00    1.0000  0.0000E+00
  0.7489  -0.129E-03 -0.3889E+01  0.2335E-04  0.1395E+00 -0.8554E+00    1.0000  0.0000E+00
  0.7489  -0.163E-03 -0.3788E+01  0.2465E-04  0.1389E+00 -0.8572E+00    1.0000  0.0000E+00
  0.7489  -0.206E-03 -0.3687E+01  0.2602E-04  0.1383E+00 -0.8591E+00    1.0000  0.0000E+00
  0.7489  -0.260E-03 -0.3586E+01  0.2746E-04  0.1377E+00 -0.8611E+00    1.0000  0.0000E+00
  0.7489  -0.327E-03 -0.3485E+01  0.2899E-04  0.1370E+00 -0.8632E+00    1.0000  0.0000E+00
  0.7489  -0.413E-03 -0.3384E+01  0.3060E-04  0.1363E+00 -0.8654E+00    1.0000  0.0000E+00
  0.7489  -0.521E-03 -0.3283E+01  0.3229E-04  0.1356E+00 -0.8678E+00    1.0000  0.0000E+00
  0.7489  -0.658E-03 -0.3182E+01  0.3409E-04  0.1348E+00 -0.8703E+00    1.0000  0.0000E+00
  0.7489  -0.830E-03 -0.3081E+01  0.3598E-04  0.1340E+00 -0.8729E+00    1.0000  0.0000E+00
  0.7489  -0.105E-02 -0.2980E+01  0.3798E-04  0.1331E+00 -0.8757E+00    1.0000  0.2713E-32
  0.7489  -0.132E-02 -0.2879E+01  0.4008E-04  0.1322E+00 -0.8787E+00    1.0000  0.2713E-32
  0.7489  -0.167E-02 -0.2778E+01  0.4231E-04  0.1313E+00 -0.8818E+00    1.0000  0.2713E-32
  0.7489  -0.210E-02 -0.2677E+01  0.4466E-04  0.1303E+00 -0.8852E+00    1.0000  0.2713E-32
  0.7489  -0.266E-02 -0.2576E+01  0.4714E-04  0.1292E+00 -0.8887E+00    1.0000  0.2735E-31
  0.7489  -0.335E-02 -0.2475E+01  0.4975E-04  0.1281E+00 -0.8924E+00    1.0000  0.2735E-31
  0.7489  -0.423E-02 -0.2374E+01  0.5252E-04  0.1269E+00 -0.8964E+00    1.0000  0.1057E-30
  0.7489  -0.534E-02 -0.2273E+01  0.5543E-04  0.1257E+00 -0.9006E+00    1.0000  0.2756E-30
  0.7489  -0.673E-02 -0.2172E+01  0.5851E-04  0.1244E+00 -0.9051E+00    1.0000  0.5799E-30
  0.7489  -0.850E-02 -0.2071E+01  0.6176E-04  0.1231E+00 -0.9098E+00    1.0000  0.1780E-29
  0.7489  -0.107E-01 -0.1970E+01  0.6519E-04  0.1217E+00 -0.9148E+00    1.0000  0.5845E-29
  0.7489  -0.135E-01 -0.1869E+01  0.6880E-04  0.1202E+00 -0.9202E+00    1.0000  0.1402E-28
  0.7489  -0.171E-01 -0.1768E+01  0.7262E-04  0.1186E+00 -0.9258E+00    1.0000  0.3427E-28
  0.7489  -0.215E-01 -0.1667E+01  0.7666E-04  0.1170E+00 -0.9319E+00    1.0000  0.8095E-28
  0.7489  -0.272E-01 -0.1566E+01  0.8091E-04  0.1153E+00 -0.9383E+00    1.0000  0.2276E-27
  0.7489  -0.343E-01 -0.1465E+01  0.8540E-04  0.1135E+00 -0.9451E+00    1.0000  0.5939E-27
  0.7489  -0.433E-01 -0.1364E+01  0.9014E-04  0.1116E+00 -0.9523E+00    1.0000  0.1517E-26
  0.7489  -0.546E-01 -0.1263E+01  0.9515E-04  0.1096E+00 -0.9600E+00    1.0000  0.4021E-26
  0.7489  -0.689E-01 -0.1162E+01  0.1004E-03  0.1076E+00 -0.9683E+00    1.0000  0.1025E-25
  0.7489  -0.870E-01 -0.1061E+01  0.1060E-03  0.1054E+00 -0.9770E+00    1.0000  0.2721E-25
  0.7489  -0.110E+00 -0.9596E+00  0.1119E-03  0.1032E+00 -0.9864E+00    1.0000  0.6959E-25
  0.7489  -0.138E+00 -0.8586E+00  0.1181E-03  0.1008E+00 -0.9963E+00    1.0000  0.1825E-24
  0.7489  -0.175E+00 -0.7576E+00  0.1246E-03  0.9840E-01 -0.1007E+01    1.0000  0.4742E-24
  0.7489  -0.221E+00 -0.6566E+00  0.1316E-03  0.9586E-01 -0.1018E+01    1.0000  0.1227E-23
  0.7489  -0.278E+00 -0.5556E+00  0.1388E-03  0.9321E-01 -0.1031E+01    1.0000  0.3187E-23
  0.7489  -0.351E+00 -0.4545E+00  0.1465E-03  0.9045E-01 -0.1044E+01    0.9999  0.8302E-23
  0.7488  -0.443E+00 -0.3535E+00  0.1546E-03  0.8758E-01 -0.1058E+01    0.9999  0.2153E-22
  0.7488  -0.559E+00 -0.2525E+00  0.1632E-03  0.8460E-01 -0.1073E+01    0.9999  0.5603E-22
  0.7488  -0.705E+00 -0.1515E+00  0.1722E-03  0.8152E-01 -0.1089E+01    0.9998  0.1455E-21
  0.7488  -0.890E+00 -0.5051E-01  0.1817E-03  0.7833E-01 -0.1106E+01    0.9998  0.3780E-21
  0.7487  -0.112E+01  0.5051E-01  0.1917E-03  0.7503E-01 -0.1125E+01    0.9997  0.9821E-21
  0.7487  -0.142E+01  0.1515E+00  0.2023E-03  0.7162E-01 -0.1145E+01    0.9996  0.2551E-20
  0.7486  -0.179E+01  0.2525E+00  0.2133E-03  0.6811E-01 -0.1167E+01    0.9995  0.6622E-20
  0.7485  -0.226E+01  0.3535E+00  0.2249E-03  0.6451E-01 -0.1190E+01    0.9993  0.1718E-19
  0.7484  -0.285E+01  0.4545E+00  0.2371E-03  0.6082E-01 -0.1216E+01    0.9991  0.4456E-19
  0.7482  -0.359E+01  0.5556E+00  0.2498E-03  0.5704E-01 -0.1244E+01    0.9988  0.1155E-18
  0.7479  -0.453E+01  0.6566E+00  0.2630E-03  0.5319E-01 -0.1274E+01    0.9984  0.2991E-18
  0.7476  -0.572E+01  0.7576E+00  0.2767E-03  0.4928E-01 -0.1307E+01    0.9979  0.7733E-18
  0.7472  -0.722E+01  0.8586E+00  0.2908E-03  0.4533E-01 -0.1344E+01    0.9973  0.1996E-17
  0.7466  -0.911E+01  0.9596E+00  0.3052E-03  0.4136E-01 -0.1383E+01    0.9964  0.5140E-17
  0.7459  -0.115E+02  0.1061E+01  0.3198E-03  0.3738E-01 -0.1427E+01    0.9952  0.1319E-16
  0.7449  -0.145E+02  0.1162E+01  0.3342E-03  0.3344E-01 -0.1476E+01    0.9936  0.3373E-16
  0.7436  -0.183E+02  0.1263E+01  0.3481E-03  0.2955E-01 -0.1529E+01    0.9915  0.8579E-16
  0.7419  -0.231E+02  0.1364E+01  0.3612E-03  0.2576E-01 -0.1589E+01    0.9888  0.2166E-15
  0.7397  -0.292E+02  0.1465E+01  0.3727E-03  0.2211E-01 -0.1655E+01    0.9853  0.5422E-15
  0.7368  -0.368E+02  0.1566E+01  0.3820E-03  0.1864E-01 -0.1730E+01    0.9807  0.1341E-14
  0.7331  -0.464E+02  0.1667E+01  0.3881E-03  0.1540E-01 -0.1812E+01    0.9748  0.3268E-14
  0.7283  -0.586E+02  0.1768E+01  0.3900E-03  0.1244E-01 -0.1905E+01    0.9672  0.7817E-14
  0.7224  -0.739E+02  0.1869E+01  0.3868E-03  0.9801E-02 -0.2009E+01    0.9577  0.1827E-13
  0.7150  -0.933E+02  0.1970E+01  0.3776E-03  0.7508E-02 -0.2124E+01    0.9459  0.4149E-13
  0.7059  -0.118E+03  0.2071E+01  0.3618E-03  0.5582E-02 -0.2253E+01    0.9315  0.9114E-13
  0.6951  -0.148E+03  0.2172E+01  0.3395E-03  0.4021E-02 -0.2396E+01    0.9143  0.1926E-12
  0.6825  -0.187E+03  0.2273E+01  0.3114E-03  0.2804E-02 -0.2552E+01    0.8941  0.3894E-12
  0.6680  -0.236E+03  0.2374E+01  0.2788E-03  0.1892E-02 -0.2723E+01    0.8711  0.7508E-12
  0.6519  -0.298E+03  0.2475E+01  0.2436E-03  0.1238E-02 -0.2907E+01    0.8454  0.1377E-11
  0.6343  -0.376E+03  0.2576E+01  0.2079E-03  0.7864E-03 -0.3104E+01    0.8174  0.2398E-11
  0.6156  -0.475E+03  0.2677E+01  0.1736E-03  0.4865E-03 -0.3313E+01    0.7875  0.3971E-11
  0.5960  -0.599E+03  0.2778E+01  0.1421E-03  0.2940E-03 -0.3532E+01    0.7564  0.6263E-11
  0.5761  -0.756E+03  0.2879E+01  0.1143E-03  0.1742E-03 -0.3759E+01    0.7246  0.9434E-11
  0.5559  -0.955E+03  0.2980E+01  0.9069E-04  0.1016E-03 -0.3993E+01    0.6924  0.1362E-10
  0.5359  -0.120E+04  0.3081E+01  0.7108E-04  0.5842E-04 -0.4233E+01    0.6605  0.1894E-10
  0.5161  -0.152E+04  0.3182E+01  0.5517E-04  0.3324E-04 -0.4478E+01    0.6291  0.2544E-10
  0.4969  -0.192E+04  0.3283E+01  0.4250E-04  0.1875E-04 -0.4727E+01    0.5984  0.3315E-10
  0.4783  -0.242E+04  0.3384E+01  0.3254E-04  0.1051E-04 -0.4978E+01    0.5687  0.4205E-10
  0.4603  -0.305E+04  0.3485E+01  0.2480E-04  0.5862E-05 -0.5232E+01    0.5401  0.5210E-10
  0.4430  -0.385E+04  0.3586E+01  0.1883E-04  0.3256E-05 -0.5487E+01    0.5126  0.6321E-10
  0.4265  -0.486E+04  0.3687E+01  0.1426E-04  0.1803E-05 -0.5744E+01    0.4863  0.7531E-10
  0.4108  -0.614E+04  0.3788E+01  0.1078E-04  0.9963E-06 -0.6002E+01    0.4612  0.8828E-10
  0.3958  -0.774E+04  0.3889E+01  0.8130E-05  0.5496E-06 -0.6260E+01    0.4373  0.1020E-09
  0.3815  -0.977E+04  0.3990E+01  0.6127E-05  0.3027E-06 -0.6519E+01    0.4145  0.1164E-09
  0.3679  -0.123E+05  0.4091E+01  0.4613E-05  0.1666E-06 -0.6778E+01    0.3929  0.1314E-09
  0.3550  -0.156E+05  0.4192E+01  0.3470E-05  0.9162E-07 -0.7038E+01    0.3723  0.1467E-09
  0.3428  -0.196E+05  0.4293E+01  0.2610E-05  0.5035E-07 -0.7298E+01    0.3528  0.1624E-09
  0.3312  -0.248E+05  0.4394E+01  0.1962E-05  0.2766E-07 -0.7558E+01    0.3343  0.1784E-09
  0.3202  -0.313E+05  0.4495E+01  0.1474E-05  0.1519E-07 -0.7818E+01    0.3168  0.1944E-09
  0.3098  -0.394E+05  0.4596E+01  0.1108E-05  0.8342E-08 -0.8079E+01    0.3002  0.2105E-09
  0.2999  -0.498E+05  0.4697E+01  0.8319E-06  0.4579E-08 -0.8339E+01    0.2844  0.2266E-09
  0.2905  -0.628E+05  0.4798E+01  0.6249E-06  0.2514E-08 -0.8600E+01    0.2695  0.2425E-09
  0.2816  -0.792E+05  0.4899E+01  0.4693E-06  0.1380E-08 -0.8860E+01    0.2553  0.2582E-09
  0.2732  -0.100E+06  0.5000E+01  0.3524E-06  0.7571E-09 -0.9121E+01    0.2419  0.2737E-09
end
 
  0.6996  -0.100E-04 -0.5000E+01  0.7143E-05  0.2041E+01  0.3099E+00    1.0000  0.0000E+00
  0.6996  -0.126E-04 -0.4899E+01  0.7568E-05  0.2038E+01  0.3092E+00    1.0000  0.0000E+00
  0.6996  -0.159E-04 -0.4798E+01  0.8018E-05  0.2034E+01  0.3084E+00    1.0000  0.0000E+00
  0.6996  -0.201E-04 -0.4697E+01  0.8495E-05  0.2030E+01  0.3075E+00    1.0000  0.0000E+00
  0.6996  -0.254E-04 -0.4596E+01  0.9000E-05  0.2026E+01  0.3067E+00    1.0000  0.0000E+00
  0.6996  -0.320E-04 -0.4495E+01  0.9535E-05  0.2022E+01  0.3057E+00    1.0000  0.0000E+00
  0.6996  -0.404E-04 -0.4394E+01  0.1010E-04  0.2017E+01  0.3047E+00    1.0000  0.0000E+00
  0.6996  -0.509E-04 -0.4293E+01  0.1070E-04  0.2012E+01  0.3037E+00    1.0000  0.0000E+00
  0.6996  -0.643E-04 -0.4192E+01  0.1134E-04  0.2007E+01  0.3026E+00    1.0000  0.0000E+00
  0.6996  -0.811E-04 -0.4091E+01  0.1201E-04  0.2002E+01  0.3014E+00    1.0000  0.0000E+00
  0.6996  -0.102E-03 -0.3990E+01  0.1273E-04  0.1996E+01  0.3001E+00    1.0000  0.0000E+00
  0.6996  -0.129E-03 -0.3889E+01  0.1349E-04  0.1990E+01  0.2988E+00    1.0000  0.0000E+00
  0.6996  -0.163E-03 -0.3788E+01  0.1429E-04  0.1983E+01  0.2974E+00    1.0000  0.0000E+00
  0.6996  -0.206E-03 -0.3687E+01  0.1514E-04  0.1976E+01  0.2959E+00    1.0000  0.0000E+00
  0.6996  -0.260E-03 -0.3586E+01  0.1604E-04  0.1969E+01  0.2943E+00    1.0000  0.0000E+00
  0.6996  -0.327E-03 -0.3485E+01  0.1699E-04  0.1962E+01  0.2926E+00    1.0000  0.0000E+00
  0.6996  -0.413E-03 -0.3384E+01  0.1800E-04  0.1954E+01  0.2908E+00    1.0000  0.0000E+00
  0.6996  -0.521E-03 -0.3283E+01  0.1907E-04  0.1945E+01  0.2889E+00    1.0000  0.0000E+00
  0.6996  -0.658E-03 -0.3182E+01  0.2021E-04  0.1936E+01  0.2869E+00    1.0000  0.0000E+00
  0.6996  -0.830E-03 -0.3081E+01  0.2141E-04  0.1926E+01  0.2847E+00    1.0000  0.0000E+00
  0.6996  -0.105E-02 -0.2980E+01  0.2268E-04  0.1916E+01  0.2825E+00    1.0000  0.0000E+00
  0.6996  -0.132E-02 -0.2879E+01  0.2403E-04  0.1906E+01  0.2800E+00    1.0000  0.0000E+00
  0.6996  -0.167E-02 -0.2778E+01  0.2546E-04  0.1894E+01  0.2775E+00    1.0000  0.3109E-32
  0.6996  -0.210E-02 -0.2677E+01  0.2698E-04  0.1882E+01  0.2747E+00    1.0000  0.3109E-32
  0.6996  -0.266E-02 -0.2576E+01  0.2858E-04  0.1870E+01  0.2718E+00    1.0000  0.3109E-32
  0.6996  -0.335E-02 -0.2475E+01  0.3028E-04  0.1857E+01  0.2687E+00    1.0000  0.3109E-32
  0.6996  -0.423E-02 -0.2374E+01  0.3208E-04  0.1843E+01  0.2654E+00    1.0000  0.3134E-31
  0.6996  -0.534E-02 -0.2273E+01  0.3399E-04  0.1828E+01  0.2619E+00    1.0000  0.3134E-31
  0.6996  -0.673E-02 -0.2172E+01  0.3601E-04  0.1812E+01  0.2582E+00    1.0000  0.1211E-30
  0.6996  -0.850E-02 -0.2071E+01  0.3815E-04  0.1796E+01  0.2543E+00    1.0000  0.3159E-30
  0.6996  -0.107E-01 -0.1970E+01  0.4042E-04  0.1779E+01  0.2501E+00    1.0000  0.1220E-29
  0.6996  -0.135E-01 -0.1869E+01  0.4282E-04  0.1760E+01  0.2456E+00    1.0000  0.3184E-29
  0.6996  -0.171E-01 -0.1768E+01  0.4537E-04  0.1741E+01  0.2408E+00    1.0000  0.6698E-29
  0.6996  -0.215E-01 -0.1667E+01  0.4807E-04  0.1721E+01  0.2357E+00    1.0000  0.2056E-28
  0.6996  -0.272E-01 -0.1566E+01  0.5093E-04  0.1699E+01  0.2303E+00    1.0000  0.5690E-28
  0.6996  -0.343E-01 -0.1465E+01  0.5396E-04  0.1677E+01  0.2245E+00    1.0000  0.1420E-27
  0.6996  -0.433E-01 -0.1364E+01  0.5717E-04  0.1653E+01  0.2183E+00    1.0000  0.3584E-27
  0.6996  -0.546E-01 -0.1263E+01  0.6057E-04  0.1628E+01  0.2117E+00    1.0000  0.9350E-27
  0.6996  -0.689E-01 -0.1162E+01  0.6417E-04  0.1602E+01  0.2047E+00    1.0000  0.2486E-26
  0.6996  -0.870E-01 -0.1061E+01  0.6798E-04  0.1575E+01  0.1972E+00    1.0000  0.6577E-26
  0.6996  -0.110E+00 -0.9596E+00  0.7202E-04  0.1546E+01  0.1891E+00    1.0000  0.1752E-25
  0.6996  -0.138E+00 -0.8586E+00  0.7631E-04  0.1515E+01  0.1805E+00    1.0000  0.4644E-25
  0.6996  -0.175E+00 -0.7576E+00  0.8084E-04  0.1484E+01  0.1713E+00    1.0000  0.1226E-24
  0.6996  -0.221E+00 -0.6566E+00  0.8565E-04  0.1450E+01  0.1615E+00    1.0000  0.3227E-24
  0.6996  -0.278E+00 -0.5556E+00  0.9074E-04  0.1415E+01  0.1509E+00    1.0000  0.8446E-24
  0.6996  -0.351E+00 -0.4545E+00  0.9613E-04  0.1379E+01  0.1396E+00    1.0000  0.2236E-23
  0.6996  -0.443E+00 -0.3535E+00  0.1018E-03  0.1341E+01  0.1274E+00    0.9999  0.5855E-23
  0.6996  -0.559E+00 -0.2525E+00  0.1079E-03  0.1301E+01  0.1143E+00    0.9999  0.1547E-22
  0.6995  -0.705E+00 -0.1515E+00  0.1143E-03  0.1260E+01  0.1002E+00    0.9999  0.4068E-22
  0.6995  -0.890E+00 -0.5051E-01  0.1210E-03  0.1216E+01  0.8504E-01    0.9999  0.1070E-21
  0.6995  -0.112E+01  0.5051E-01  0.1282E-03  0.1171E+01  0.6868E-01    0.9998  0.2817E-21
  0.6994  -0.142E+01  0.1515E+00  0.1358E-03  0.1125E+01  0.5100E-01    0.9997  0.7399E-21
  0.6994  -0.179E+01  0.2525E+00  0.1438E-03  0.1076E+01  0.3187E-01    0.9996  0.1948E-20
  0.6993  -0.226E+01  0.3535E+00  0.1522E-03  0.1026E+01  0.1115E-01    0.9995  0.5117E-20
  0.6992  -0.285E+01  0.4545E+00  0.1611E-03  0.9742E+00 -0.1135E-01    0.9994  0.1345E-19
  0.6991  -0.359E+01  0.5556E+00  0.1705E-03  0.9208E+00 -0.3582E-01    0.9991  0.3533E-19
  0.6989  -0.453E+01  0.6566E+00  0.1803E-03  0.8660E+00 -0.6249E-01    0.9989  0.9276E-19
  0.6987  -0.572E+01  0.7576E+00  0.1906E-03  0.8098E+00 -0.9162E-01    0.9985  0.2432E-18
  0.6984  -0.722E+01  0.8586E+00  0.2013E-03  0.7525E+00 -0.1235E+00    0.9980  0.6370E-18
  0.6980  -0.911E+01  0.9596E+00  0.2124E-03  0.6942E+00 -0.1585E+00    0.9973  0.1665E-17
  0.6975  -0.115E+02  0.1061E+01  0.2238E-03  0.6352E+00 -0.1971E+00    0.9964  0.4344E-17
  0.6968  -0.145E+02  0.1162E+01  0.2354E-03  0.5759E+00 -0.2396E+00    0.9952  0.1130E-16
  0.6959  -0.183E+02  0.1263E+01  0.2470E-03  0.5167E+00 -0.2868E+00    0.9936  0.2926E-16
  0.6947  -0.231E+02  0.1364E+01  0.2584E-03  0.4580E+00 -0.3391E+00    0.9915  0.7540E-16
  0.6931  -0.292E+02  0.1465E+01  0.2692E-03  0.4005E+00 -0.3974E+00    0.9888  0.1929E-15
  0.6910  -0.368E+02  0.1566E+01  0.2790E-03  0.3448E+00 -0.4625E+00    0.9851  0.4894E-15
  0.6883  -0.464E+02  0.1667E+01  0.2871E-03  0.2915E+00 -0.5353E+00    0.9804  0.1227E-14
  0.6847  -0.586E+02  0.1768E+01  0.2930E-03  0.2415E+00 -0.6170E+00    0.9743  0.3030E-14
  0.6802  -0.739E+02  0.1869E+01  0.2957E-03  0.1956E+00 -0.7087E+00    0.9665  0.7344E-14
  0.6745  -0.933E+02  0.1970E+01  0.2945E-03  0.1543E+00 -0.8116E+00    0.9566  0.1739E-13
  0.6674  -0.118E+03  0.2071E+01  0.2885E-03  0.1184E+00 -0.9268E+00    0.9443  0.4000E-13
  0.6587  -0.148E+03  0.2172E+01  0.2774E-03  0.8804E-01 -0.1055E+01    0.9292  0.8894E-13
  0.6482  -0.187E+03  0.2273E+01  0.2610E-03  0.6338E-01 -0.1198E+01    0.9111  0.1900E-12
  0.6359  -0.236E+03  0.2374E+01  0.2399E-03  0.4412E-01 -0.1355E+01    0.8898  0.3881E-12
  0.6218  -0.298E+03  0.2475E+01  0.2151E-03  0.2970E-01 -0.1527E+01    0.8655  0.7548E-12
  0.6061  -0.376E+03  0.2576E+01  0.1880E-03  0.1935E-01 -0.1713E+01    0.8383  0.1394E-11
  0.5890  -0.475E+03  0.2677E+01  0.1604E-03  0.1223E-01 -0.1913E+01    0.8087  0.2441E-11
  0.5708  -0.599E+03  0.2778E+01  0.1337E-03  0.7518E-02 -0.2124E+01    0.7772  0.4058E-11
  0.5518  -0.756E+03  0.2879E+01  0.1093E-03  0.4512E-02 -0.2346E+01    0.7444  0.6414E-11
  0.5324  -0.955E+03  0.2980E+01  0.8771E-04  0.2653E-02 -0.2576E+01    0.7109  0.9670E-11
  0.5130  -0.120E+04  0.3081E+01  0.6936E-04  0.1534E-02 -0.2814E+01    0.6772  0.1396E-10
  0.4937  -0.152E+04  0.3182E+01  0.5418E-04  0.8745E-03 -0.3058E+01    0.6438  0.1939E-10
  0.4747  -0.192E+04  0.3283E+01  0.4191E-04  0.4932E-03 -0.3307E+01    0.6111  0.2599E-10
  0.4563  -0.242E+04  0.3384E+01  0.3216E-04  0.2757E-03 -0.3560E+01    0.5792  0.3378E-10
  0.4385  -0.305E+04  0.3485E+01  0.2453E-04  0.1531E-03 -0.3815E+01    0.5485  0.4273E-10
  0.4215  -0.385E+04  0.3586E+01  0.1863E-04  0.8458E-04 -0.4073E+01    0.5190  0.5277E-10
  0.4052  -0.486E+04  0.3687E+01  0.1409E-04  0.4654E-04 -0.4332E+01    0.4908  0.6381E-10
  0.3896  -0.614E+04  0.3788E+01  0.1063E-04  0.2553E-04 -0.4593E+01    0.4639  0.7575E-10
  0.3748  -0.774E+04  0.3889E+01  0.8001E-05  0.1397E-04 -0.4855E+01    0.4383  0.8847E-10
  0.3608  -0.977E+04  0.3990E+01  0.6014E-05  0.7635E-05 -0.5117E+01    0.4140  0.1018E-09
  0.3475  -0.123E+05  0.4091E+01  0.4514E-05  0.4166E-05 -0.5380E+01    0.3910  0.1158E-09
  0.3349  -0.156E+05  0.4192E+01  0.3386E-05  0.2271E-05 -0.5644E+01    0.3692  0.1301E-09
  0.3230  -0.196E+05  0.4293E+01  0.2538E-05  0.1237E-05 -0.5908E+01    0.3486  0.1448E-09
  0.3117  -0.248E+05  0.4394E+01  0.1901E-05  0.6737E-06 -0.6172E+01    0.3291  0.1597E-09
  0.3010  -0.313E+05  0.4495E+01  0.1424E-05  0.3666E-06 -0.6436E+01    0.3107  0.1747E-09
  0.2910  -0.394E+05  0.4596E+01  0.1066E-05  0.1995E-06 -0.6700E+01    0.2933  0.1897E-09
  0.2815  -0.498E+05  0.4697E+01  0.7977E-06  0.1085E-06 -0.6965E+01    0.2769  0.2047E-09
  0.2725  -0.628E+05  0.4798E+01  0.5970E-06  0.5901E-07 -0.7229E+01    0.2613  0.2195E-09
  0.2640  -0.792E+05  0.4899E+01  0.4467E-06  0.3209E-07 -0.7494E+01    0.2467  0.2341E-09
  0.2560  -0.100E+06  0.5000E+01  0.3342E-06  0.1745E-07 -0.7758E+01    0.2328  0.2484E-09
end
