 ******* Program HYDRUS
 ******* 
 Welcome to HYDRUS-1D                                                    
 Date:  25. 9.    Time:  14: 9:46
 Units: L = mm   , T = min  , M = mmol 



                               Node(  1)                      Node( 11)                      Node( 31)                      Node( 51)                      Node(101)

         time            h        theta    Flux           h        theta    Flux           h        theta    Flux           h        theta    Flux           h        theta    Flux  
         10.0001    -8372.17  0.3972 -0.250E+00      -4577.75  0.3972 -0.736E-04      -1932.85  0.4613  0.948E-02      -1091.76  0.5084 -0.883E-02      -1451.74  0.4848 -0.826E-03
         10.0002    -8371.52  0.3973 -0.250E+00      -4577.75  0.3972 -0.736E-04      -1932.85  0.4613  0.948E-02      -1091.76  0.5084 -0.883E-02      -1451.74  0.4848 -0.826E-03
         10.0003    -8370.55  0.3973 -0.250E+00      -4577.75  0.3972 -0.736E-04      -1932.85  0.4613  0.948E-02      -1091.76  0.5084 -0.883E-02      -1451.74  0.4848 -0.157E-02
         10.0005    -8369.36  0.3973 -0.250E+00      -4577.75  0.3972 -0.736E-04      -1932.85  0.4613  0.948E-02      -1091.76  0.5084 -0.883E-02      -1451.74  0.4848 -0.112E-02
         10.0008    -8367.56  0.3973 -0.250E+00      -4577.75  0.3972 -0.736E-04      -1932.85  0.4613  0.948E-02      -1091.76  0.5084 -0.883E-02      -1451.74  0.4848 -0.112E-02
         10.0010    -8365.77  0.3973 -0.250E+00      -4577.75  0.3972 -0.736E-04      -1932.85  0.4613  0.948E-02      -1091.76  0.5084 -0.883E-02      -1451.74  0.4848 -0.112E-02
         10.0011    -8365.30  0.3973 -0.170E+00      -4577.75  0.3972 -0.736E-04      -1932.85  0.4613  0.948E-02      -1091.76  0.5084 -0.883E-02      -1451.74  0.4848 -0.827E-03
         10.0012    -8364.64  0.3973 -0.170E+00      -4577.75  0.3972 -0.736E-04      -1932.85  0.4613  0.948E-02      -1091.76  0.5084 -0.883E-02      -1451.74  0.4848 -0.163E-02
         10.0014    -8363.82  0.3973 -0.170E+00      -4577.75  0.3972 -0.736E-04      -1932.85  0.4613  0.948E-02      -1091.76  0.5084 -0.883E-02      -1451.74  0.4848 -0.110E-02
         10.0016    -8362.75  0.3973 -0.170E+00      -4577.75  0.3972 -0.736E-04      -1932.85  0.4613  0.948E-02      -1091.76  0.5084 -0.883E-02      -1451.75  0.4848 -0.137E-02
         10.0019    -8361.35  0.3973 -0.170E+00      -4577.75  0.3972 -0.736E-04      -1932.85  0.4613  0.948E-02      -1091.76  0.5084 -0.883E-02      -1451.75  0.4848 -0.142E-02
         10.0023    -8359.54  0.3973 -0.170E+00      -4577.75  0.3972 -0.736E-04      -1932.85  0.4613  0.948E-02      -1091.76  0.5084 -0.883E-02      -1451.75  0.4848 -0.134E-02
         10.0028    -8357.18  0.3974 -0.170E+00      -4577.75  0.3972 -0.736E-04      -1932.85  0.4613  0.948E-02      -1091.76  0.5084 -0.883E-02      -1451.75  0.4848 -0.119E-02
         10.0034    -8354.12  0.3974 -0.170E+00      -4577.75  0.3972 -0.736E-04      -1932.84  0.4613  0.948E-02      -1091.76  0.5084 -0.883E-02      -1451.76  0.4848 -0.124E-02
         10.0042    -8350.14  0.3974 -0.170E+00      -4577.75  0.3972 -0.736E-04      -1932.84  0.4613  0.948E-02      -1091.76  0.5084 -0.883E-02      -1451.76  0.4848 -0.135E-02
         10.0053    -8344.96  0.3974 -0.170E+00      -4577.75  0.3972 -0.736E-04      -1932.84  0.4613  0.948E-02      -1091.76  0.5084 -0.883E-02      -1451.77  0.4848 -0.131E-02
         10.0066    -8338.22  0.3975 -0.170E+00      -4577.75  0.3972 -0.736E-04      -1932.84  0.4613  0.948E-02      -1091.76  0.5084 -0.883E-02      -1451.78  0.4848 -0.129E-02
         10.0084    -8329.48  0.3975 -0.170E+00      -4577.75  0.3972 -0.736E-04      -1932.83  0.4613  0.948E-02      -1091.76  0.5084 -0.883E-02      -1451.79  0.4848 -0.126E-02
         10.0108    -8318.11  0.3976 -0.170E+00      -4577.75  0.3972 -0.736E-04      -1932.82  0.4613  0.948E-02      -1091.76  0.5084 -0.883E-02      -1451.80  0.4848 -0.133E-02
         10.0138    -8303.32  0.3977 -0.170E+00      -4577.75  0.3972 -0.736E-04      -1932.82  0.4613  0.948E-02      -1091.76  0.5084 -0.883E-02      -1451.82  0.4848 -0.127E-02
         10.0177    -8284.11  0.3979 -0.170E+00      -4577.75  0.3972 -0.736E-04      -1932.80  0.4613  0.948E-02      -1091.76  0.5084 -0.883E-02      -1451.85  0.4848 -0.128E-02
         10.0228    -8259.14  0.3980 -0.170E+00      -4577.75  0.3972 -0.736E-04      -1932.79  0.4613  0.948E-02      -1091.76  0.5084 -0.883E-02      -1451.88  0.4848 -0.131E-02
         10.0295    -8226.69  0.3983 -0.170E+00      -4577.75  0.3972 -0.736E-04      -1932.77  0.4613  0.948E-02      -1091.75  0.5084 -0.883E-02      -1451.92  0.4848 -0.129E-02
         10.0382    -8184.52  0.3986 -0.170E+00      -4577.75  0.3972 -0.736E-04      -1932.75  0.4613  0.948E-02      -1091.75  0.5084 -0.883E-02      -1451.98  0.4848 -0.130E-02
         10.0494    -8129.73  0.3989 -0.170E+00      -4577.75  0.3972 -0.736E-04      -1932.71  0.4613  0.948E-02      -1091.74  0.5084 -0.883E-02      -1452.05  0.4848 -0.130E-02
         10.0640    -8058.54  0.3994 -0.170E+00      -4577.75  0.3972 -0.736E-04      -1932.67  0.4613  0.948E-02      -1091.74  0.5084 -0.883E-02      -1452.14  0.4848 -0.129E-02
         10.0830    -7966.08  0.4001 -0.170E+00      -4577.75  0.3972 -0.736E-04      -1932.62  0.4613  0.948E-02      -1091.73  0.5084 -0.883E-02      -1452.26  0.4847 -0.129E-02
         10.1077    -7846.03  0.4009 -0.170E+00      -4577.75  0.3972 -0.736E-04      -1932.55  0.4613  0.948E-02      -1091.72  0.5084 -0.883E-02      -1452.41  0.4847 -0.129E-02
         10.1398    -7704.52  0.4020 -0.170E+00      -4577.75  0.3972 -0.736E-04      -1932.46  0.4613  0.948E-02      -1091.71  0.5084 -0.883E-02      -1452.61  0.4847 -0.129E-02
         10.1816    -7553.88  0.4034 -0.170E+00      -4577.75  0.3972 -0.736E-04      -1932.34  0.4613  0.949E-02      -1091.69  0.5084 -0.883E-02      -1452.86  0.4847 -0.129E-02
         10.2359    -7352.19  0.4052 -0.170E+00      -4577.75  0.3972 -0.736E-04      -1932.19  0.4613  0.949E-02      -1091.67  0.5084 -0.883E-02      -1453.18  0.4847 -0.129E-02
         10.3064    -7097.24  0.4076 -0.170E+00      -4577.75  0.3972 -0.736E-04      -1931.99  0.4614  0.949E-02      -1091.64  0.5084 -0.883E-02      -1453.58  0.4847 -0.129E-02
         10.3982    -6765.12  0.4107 -0.170E+00      -4577.75  0.3972 -0.736E-04      -1931.73  0.4614  0.950E-02      -1091.60  0.5084 -0.883E-02      -1454.08  0.4846 -0.129E-02
         10.5174    -6337.84  0.4146 -0.170E+00      -4577.75  0.3972 -0.736E-04      -1931.40  0.4614  0.950E-02      -1091.55  0.5084 -0.883E-02      -1454.71  0.4846 -0.129E-02
         10.6725    -5883.00  0.4197 -0.170E+00      -4577.75  0.3972 -0.736E-04      -1930.97  0.4614  0.951E-02      -1091.48  0.5084 -0.883E-02      -1455.48  0.4846 -0.129E-02
         10.8740    -5347.52  0.4262 -0.170E+00      -4577.75  0.3972 -0.736E-04      -1930.42  0.4614  0.952E-02      -1091.40  0.5084 -0.883E-02      -1456.41  0.4845 -0.129E-02
         11.1360    -4727.13  0.4343 -0.170E+00      -4577.75  0.3972 -0.736E-04      -1929.70  0.4614  0.953E-02      -1091.29  0.5084 -0.883E-02      -1457.52  0.4844 -0.128E-02
         11.4766    -4108.40  0.4444 -0.170E+00      -4577.75  0.3972 -0.735E-04      -1928.78  0.4615  0.954E-02      -1091.15  0.5084 -0.883E-02      -1458.84  0.4843 -0.128E-02
         11.9194    -3493.64  0.4564 -0.170E+00      -4577.75  0.3972 -0.735E-04      -1927.60  0.4615  0.956E-02      -1090.96  0.5084 -0.883E-02      -1460.35  0.4843 -0.128E-02
         12.4950    -2923.82  0.4697 -0.170E+00      -4577.75  0.3972 -0.735E-04      -1926.08  0.4616  0.958E-02      -1090.72  0.5085 -0.883E-02      -1462.08  0.4841 -0.128E-02
         13.2455    -2418.36  0.4831 -0.170E+00      -4577.75  0.3972 -0.733E-04      -1924.11  0.4616  0.960E-02      -1090.41  0.5085 -0.884E-02      -1464.06  0.4840 -0.127E-02
         13.9960    -2137.76  0.4934 -0.170E+00      -4577.75  0.3972 -0.731E-04      -1922.15  0.4617  0.962E-02      -1090.10  0.5085 -0.884E-02      -1465.78  0.4839 -0.127E-02
         14.7465    -1906.75  0.5019 -0.170E+00      -4577.76  0.3972 -0.728E-04      -1920.21  0.4618  0.964E-02      -1089.78  0.5085 -0.884E-02      -1467.33  0.4838 -0.127E-02
         15.7972    -1715.04  0.5110 -0.170E+00      -4577.77  0.3972 -0.721E-04      -1917.56  0.4619  0.968E-02      -1089.35  0.5086 -0.884E-02      -1469.26  0.4837 -0.126E-02
         17.1981    -1508.70  0.5213 -0.170E+00      -4577.82  0.3972 -0.706E-04      -1914.54  0.4620  0.973E-02      -1088.78  0.5086 -0.884E-02      -1471.52  0.4836 -0.126E-02
         18.5991    -1365.06  0.5301 -0.170E+00      -4577.89  0.3972 -0.684E-04      -1911.40  0.4622  0.978E-02      -1088.23  0.5087 -0.884E-02      -1473.55  0.4835 -0.125E-02
         20.0000    -1235.41  0.5381 -0.170E+00      -4578.00  0.3972 -0.655E-04      -1908.16  0.4623  0.983E-02      -1087.70  0.5087 -0.883E-02      -1475.41  0.4833 -0.125E-02
         21.6667    -1153.71  0.5442 -0.160E+00      -4578.20  0.3972 -0.609E-04      -1904.22  0.4625  0.989E-02      -1087.10  0.5087 -0.882E-02      -1477.45  0.4832 -0.124E-02
         23.3333    -1072.20  0.5504 -0.160E+00      -4578.48  0.3972 -0.553E-04      -1900.23  0.4627  0.994E-02      -1086.56  0.5088 -0.879E-02      -1479.33  0.4831 -0.124E-02
         25.5556     -982.28  0.5576 -0.160E+00      -4579.02  0.3972 -0.458E-04      -1894.88  0.4630  0.100E-01      -1085.94  0.5088 -0.875E-02      -1481.64  0.4830 -0.123E-02
         27.7778     -908.87  0.5645 -0.160E+00      -4579.76  0.3972 -0.345E-04      -1889.53  0.4632  0.101E-01      -1085.45  0.5089 -0.868E-02      -1483.79  0.4828 -0.122E-02
         30.0000     -855.72  0.5698 -0.160E+00      -4580.70  0.3972 -0.217E-04      -1884.24  0.4635  0.101E-01      -1085.08  0.5089 -0.860E-02      -1485.80  0.4827 -0.122E-02
         30.0001     -856.10  0.5698 -0.201E+00      -4580.70  0.3972 -0.217E-04      -1884.24  0.4635  0.101E-01      -1085.08  0.5089 -0.860E-02      -1485.80  0.4827 -0.945E-03
         30.0002     -856.00  0.5698 -0.200E+00      -4580.70  0.3972 -0.217E-04      -1884.24  0.4635  0.101E-01      -1085.08  0.5089 -0.860E-02      -1485.80  0.4827 -0.945E-03
         30.0004     -856.05  0.5698 -0.200E+00      -4580.70  0.3972 -0.217E-04      -1884.24  0.4635  0.101E-01      -1085.08  0.5089 -0.860E-02      -1485.80  0.4827 -0.945E-03
         30.0006     -856.00  0.5698 -0.200E+00      -4580.70  0.3972 -0.217E-04      -1884.24  0.4635  0.101E-01      -1085.08  0.5089 -0.860E-02      -1485.80  0.4827 -0.945E-03
         30.0009     -855.99  0.5698 -0.200E+00      -4580.70  0.3972 -0.217E-04      -1884.24  0.4635  0.101E-01      -1085.08  0.5089 -0.860E-02      -1485.80  0.4827 -0.147E-02
         30.0013     -855.94  0.5698 -0.200E+00      -4580.70  0.3972 -0.217E-04      -1884.23  0.4635  0.101E-01      -1085.08  0.5089 -0.860E-02      -1485.80  0.4827 -0.135E-02
         30.0018     -855.89  0.5698 -0.200E+00      -4580.70  0.3972 -0.217E-04      -1884.23  0.4635  0.101E-01      -1085.08  0.5089 -0.860E-02      -1485.80  0.4827 -0.125E-02
         30.0024     -855.83  0.5698 -0.200E+00      -4580.70  0.3972 -0.217E-04      -1884.23  0.4635  0.101E-01      -1085.08  0.5089 -0.860E-02      -1485.81  0.4827 -0.118E-02
         30.0032     -855.74  0.5698 -0.200E+00      -4580.70  0.3972 -0.217E-04      -1884.23  0.4635  0.101E-01      -1085.08  0.5089 -0.860E-02      -1485.81  0.4827 -0.131E-02
         30.0043     -855.63  0.5698 -0.200E+00      -4580.70  0.3972 -0.217E-04      -1884.23  0.4635  0.101E-01      -1085.08  0.5089 -0.860E-02      -1485.81  0.4827 -0.123E-02
         30.0056     -855.49  0.5698 -0.200E+00      -4580.70  0.3972 -0.217E-04      -1884.22  0.4635  0.101E-01      -1085.08  0.5089 -0.860E-02      -1485.81  0.4827 -0.116E-02
         30.0074     -855.30  0.5699 -0.200E+00      -4580.70  0.3972 -0.217E-04      -1884.22  0.4635  0.101E-01      -1085.08  0.5089 -0.860E-02      -1485.81  0.4827 -0.119E-02
         30.0098     -855.06  0.5699 -0.200E+00      -4580.70  0.3972 -0.216E-04      -1884.21  0.4635  0.101E-01      -1085.08  0.5089 -0.860E-02      -1485.81  0.4827 -0.120E-02
         30.0128     -854.74  0.5699 -0.200E+00      -4580.70  0.3972 -0.216E-04      -1884.21  0.4635  0.101E-01      -1085.08  0.5089 -0.860E-02      -1485.81  0.4827 -0.124E-02
         30.0167     -854.34  0.5700 -0.200E+00      -4580.71  0.3972 -0.216E-04      -1884.20  0.4635  0.101E-01      -1085.08  0.5089 -0.860E-02      -1485.82  0.4827 -0.121E-02
         30.0218     -853.81  0.5700 -0.200E+00      -4580.71  0.3972 -0.216E-04      -1884.19  0.4635  0.101E-01      -1085.08  0.5089 -0.860E-02      -1485.82  0.4827 -0.121E-02
         30.0285     -853.13  0.5701 -0.200E+00      -4580.71  0.3972 -0.215E-04      -1884.17  0.4635  0.101E-01      -1085.08  0.5089 -0.860E-02      -1485.83  0.4827 -0.121E-02
         30.0372     -852.25  0.5702 -0.200E+00      -4580.72  0.3972 -0.215E-04      -1884.15  0.4635  0.101E-01      -1085.08  0.5089 -0.860E-02      -1485.84  0.4827 -0.122E-02
         30.0484     -851.11  0.5703 -0.200E+00      -4580.72  0.3972 -0.214E-04      -1884.12  0.4635  0.101E-01      -1085.08  0.5089 -0.860E-02      -1485.85  0.4827 -0.122E-02
         30.0630     -849.66  0.5704 -0.200E+00      -4580.72  0.3972 -0.213E-04      -1884.09  0.4635  0.101E-01      -1085.07  0.5089 -0.860E-02      -1485.86  0.4827 -0.122E-02
         30.0820     -847.80  0.5706 -0.200E+00      -4580.73  0.3972 -0.212E-04      -1884.04  0.4635  0.101E-01      -1085.07  0.5089 -0.860E-02      -1485.88  0.4827 -0.122E-02
         30.1067     -845.43  0.5709 -0.200E+00      -4580.74  0.3972 -0.211E-04      -1883.98  0.4635  0.101E-01      -1085.07  0.5089 -0.860E-02      -1485.90  0.4827 -0.122E-02
         30.1388     -842.43  0.5712 -0.200E+00      -4580.76  0.3972 -0.209E-04      -1883.91  0.4635  0.101E-01      -1085.06  0.5089 -0.860E-02      -1485.93  0.4827 -0.122E-02
         30.1806     -838.65  0.5715 -0.200E+00      -4580.77  0.3972 -0.206E-04      -1883.81  0.4635  0.101E-01      -1085.06  0.5089 -0.860E-02      -1485.97  0.4827 -0.122E-02
         30.2349     -833.94  0.5720 -0.200E+00      -4580.80  0.3972 -0.203E-04      -1883.68  0.4635  0.101E-01      -1085.05  0.5089 -0.860E-02      -1486.01  0.4827 -0.122E-02
         30.3054     -828.11  0.5726 -0.200E+00      -4580.83  0.3972 -0.199E-04      -1883.51  0.4635  0.101E-01      -1085.04  0.5089 -0.859E-02      -1486.08  0.4827 -0.122E-02
         30.3972     -820.98  0.5733 -0.200E+00      -4580.87  0.3972 -0.194E-04      -1883.29  0.4635  0.101E-01      -1085.02  0.5089 -0.859E-02      -1486.16  0.4827 -0.122E-02
         30.5164     -812.33  0.5742 -0.200E+00      -4580.92  0.3972 -0.187E-04      -1883.01  0.4635  0.101E-01      -1085.00  0.5089 -0.859E-02      -1486.27  0.4827 -0.122E-02
         30.6715     -801.94  0.5752 -0.200E+00      -4580.99  0.3972 -0.177E-04      -1882.64  0.4635  0.101E-01      -1084.98  0.5089 -0.858E-02      -1486.40  0.4827 -0.122E-02
         30.8730     -789.51  0.5765 -0.200E+00      -4581.08  0.3972 -0.165E-04      -1882.16  0.4636  0.101E-01      -1084.95  0.5089 -0.857E-02      -1486.58  0.4827 -0.122E-02
         31.1350     -774.69  0.5780 -0.200E+00      -4581.21  0.3972 -0.149E-04      -1881.54  0.4636  0.101E-01      -1084.92  0.5089 -0.856E-02      -1486.81  0.4827 -0.122E-02
         31.4756     -756.92  0.5798 -0.200E+00      -4581.37  0.3972 -0.128E-04      -1880.74  0.4636  0.101E-01      -1084.88  0.5089 -0.855E-02      -1487.11  0.4826 -0.122E-02
         31.9184     -741.38  0.5818 -0.200E+00      -4581.60  0.3972 -0.998E-05      -1879.69  0.4637  0.101E-01      -1084.83  0.5089 -0.853E-02      -1487.49  0.4826 -0.122E-02
         32.4940     -724.65  0.5839 -0.200E+00      -4581.90  0.3972 -0.625E-05      -1878.35  0.4637  0.101E-01      -1084.77  0.5089 -0.851E-02      -1487.98  0.4826 -0.121E-02
         33.2446     -706.02  0.5862 -0.200E+00      -4582.32  0.3972 -0.122E-05      -1876.60  0.4638  0.102E-01      -1084.72  0.5089 -0.847E-02      -1488.60  0.4825 -0.121E-02
         34.2096     -682.97  0.5891 -0.200E+00      -4582.91  0.3972  0.547E-05      -1874.38  0.4639  0.102E-01      -1084.68  0.5089 -0.843E-02      -1489.39  0.4825 -0.121E-02
         35.3677     -655.97  0.5925 -0.200E+00      -4583.67  0.3971  0.138E-04      -1871.76  0.4640  0.102E-01      -1084.66  0.5089 -0.837E-02      -1490.31  0.4824 -0.121E-02
         36.9118     -623.88  0.5967 -0.200E+00      -4584.80  0.3971  0.255E-04      -1868.34  0.4642  0.102E-01      -1084.71  0.5089 -0.829E-02      -1491.49  0.4824 -0.120E-02
         40.0000     -577.87  0.6030 -0.200E+00      -4587.46  0.3971  0.504E-04      -1861.85  0.4645  0.102E-01      -1085.03  0.5089 -0.812E-02      -1493.75  0.4822 -0.120E-02
         42.0000     -519.41  0.6122 -0.240E+00      -4589.36  0.3971  0.670E-04      -1857.81  0.4647  0.102E-01      -1085.34  0.5089 -0.801E-02      -1495.16  0.4821 -0.119E-02
         44.0000     -482.44  0.6177 -0.240E+00      -4591.43  0.3970  0.839E-04      -1853.93  0.4649  0.102E-01      -1085.74  0.5088 -0.790E-02      -1496.52  0.4821 -0.119E-02
         46.0000     -453.51  0.6229 -0.240E+00      -4593.65  0.3970  0.101E-03      -1850.22  0.4651  0.102E-01      -1086.22  0.5088 -0.778E-02      -1497.85  0.4820 -0.119E-02
         50.0000     -415.74  0.6303 -0.240E+00      -4598.57  0.3969  0.133E-03      -1843.44  0.4654  0.101E-01      -1087.47  0.5087 -0.755E-02      -1500.39  0.4818 -0.118E-02
         52.5000     -412.20  0.6309 -0.210E+00      -4601.76  0.3969  0.151E-03      -1839.46  0.4656  0.101E-01      -1088.35  0.5086 -0.740E-02      -1501.93  0.4817 -0.118E-02
         55.0000     -397.38  0.6336 -0.210E+00      -4605.00  0.3968  0.166E-03      -1835.72  0.4657  0.100E-01      -1089.32  0.5086 -0.726E-02      -1503.42  0.4816 -0.117E-02
         60.0000     -370.13  0.6389 -0.210E+00      -4610.26  0.3967  0.163E-03      -1829.15  0.4661  0.994E-02      -1091.54  0.5084 -0.698E-02      -1506.28  0.4815 -0.117E-02
         60.0001     -370.46  0.6389 -0.170E+00      -4610.27  0.3967  0.163E-03      -1829.15  0.4661  0.994E-02      -1091.54  0.5084 -0.698E-02      -1506.28  0.4815 -0.993E-03
         60.0002     -370.38  0.6389 -0.169E+00      -4610.27  0.3967  0.163E-03      -1829.15  0.4661  0.994E-02      -1091.54  0.5084 -0.698E-02      -1506.28  0.4815 -0.993E-03
         60.0004     -370.45  0.6389 -0.170E+00      -4610.27  0.3967  0.163E-03      -1829.15  0.4661  0.994E-02      -1091.54  0.5084 -0.698E-02      -1506.28  0.4815 -0.993E-03
         60.0006     -370.43  0.6389 -0.170E+00      -4610.27  0.3967  0.163E-03      -1829.15  0.4661  0.994E-02      -1091.54  0.5084 -0.698E-02      -1506.28  0.4815 -0.993E-03
         60.0009     -370.46  0.6389 -0.170E+00      -4610.27  0.3967  0.163E-03      -1829.15  0.4661  0.994E-02      -1091.54  0.5084 -0.698E-02      -1506.28  0.4815 -0.993E-03
         60.0013     -370.46  0.6389 -0.170E+00      -4610.27  0.3967  0.163E-03      -1829.14  0.4661  0.994E-02      -1091.54  0.5084 -0.698E-02      -1506.28  0.4815 -0.993E-03
         60.0018     -370.48  0.6389 -0.170E+00      -4610.27  0.3967  0.163E-03      -1829.14  0.4661  0.994E-02      -1091.54  0.5084 -0.698E-02      -1506.28  0.4815 -0.130E-02
         60.0024     -370.50  0.6389 -0.170E+00      -4610.27  0.3967  0.163E-03      -1829.14  0.4661  0.994E-02      -1091.54  0.5084 -0.698E-02      -1506.28  0.4815 -0.123E-02
         60.0032     -370.53  0.6389 -0.170E+00      -4610.27  0.3967  0.163E-03      -1829.14  0.4661  0.994E-02      -1091.54  0.5084 -0.698E-02      -1506.28  0.4815 -0.118E-02
         60.0043     -370.56  0.6389 -0.170E+00      -4610.27  0.3967  0.163E-03      -1829.14  0.4661  0.994E-02      -1091.54  0.5084 -0.698E-02      -1506.28  0.4815 -0.113E-02
         60.0056     -370.60  0.6389 -0.170E+00      -4610.27  0.3967  0.163E-03      -1829.14  0.4661  0.994E-02      -1091.54  0.5084 -0.698E-02      -1506.28  0.4815 -0.121E-02
         60.0074     -370.66  0.6389 -0.170E+00      -4610.28  0.3967  0.163E-03      -1829.14  0.4661  0.994E-02      -1091.54  0.5084 -0.698E-02      -1506.28  0.4815 -0.116E-02
         60.0098     -370.73  0.6388 -0.170E+00      -4610.28  0.3967  0.163E-03      -1829.13  0.4661  0.994E-02      -1091.54  0.5084 -0.698E-02      -1506.28  0.4815 -0.118E-02
         60.0128     -370.82  0.6388 -0.170E+00      -4610.28  0.3967  0.163E-03      -1829.13  0.4661  0.994E-02      -1091.55  0.5084 -0.698E-02      -1506.28  0.4815 -0.114E-02
         60.0167     -370.94  0.6388 -0.170E+00      -4610.29  0.3967  0.163E-03      -1829.12  0.4661  0.994E-02      -1091.55  0.5084 -0.698E-02      -1506.29  0.4815 -0.118E-02
         60.0218     -371.10  0.6388 -0.170E+00      -4610.29  0.3967  0.163E-03      -1829.12  0.4661  0.994E-02      -1091.55  0.5084 -0.698E-02      -1506.29  0.4815 -0.117E-02
         60.0285     -371.29  0.6387 -0.170E+00      -4610.30  0.3967  0.163E-03      -1829.11  0.4661  0.994E-02      -1091.55  0.5084 -0.698E-02      -1506.29  0.4815 -0.117E-02
         60.0372     -371.54  0.6387 -0.170E+00      -4610.31  0.3967  0.163E-03      -1829.10  0.4661  0.994E-02      -1091.56  0.5084 -0.698E-02      -1506.30  0.4815 -0.116E-02
         60.0484     -371.85  0.6386 -0.170E+00      -4610.32  0.3967  0.163E-03      -1829.08  0.4661  0.994E-02      -1091.56  0.5084 -0.698E-02      -1506.30  0.4815 -0.116E-02
         60.0630     -372.24  0.6385 -0.170E+00      -4610.33  0.3967  0.163E-03      -1829.06  0.4661  0.994E-02      -1091.57  0.5084 -0.698E-02      -1506.31  0.4815 -0.117E-02
         60.0820     -372.71  0.6384 -0.170E+00      -4610.35  0.3967  0.163E-03      -1829.04  0.4661  0.994E-02      -1091.58  0.5084 -0.697E-02      -1506.32  0.4815 -0.117E-02
         60.1067     -373.29  0.6383 -0.170E+00      -4610.38  0.3967  0.163E-03      -1829.01  0.4661  0.994E-02      -1091.59  0.5084 -0.697E-02      -1506.34  0.4815 -0.117E-02
         60.1388     -373.98  0.6381 -0.170E+00      -4610.41  0.3967  0.163E-03      -1828.96  0.4661  0.994E-02      -1091.60  0.5084 -0.697E-02      -1506.36  0.4815 -0.116E-02
         60.1806     -374.79  0.6379 -0.170E+00      -4610.46  0.3967  0.163E-03      -1828.91  0.4661  0.993E-02      -1091.62  0.5084 -0.697E-02      -1506.38  0.4815 -0.116E-02
         60.2349     -375.70  0.6377 -0.170E+00      -4610.51  0.3967  0.163E-03      -1828.84  0.4661  0.993E-02      -1091.64  0.5084 -0.697E-02      -1506.41  0.4815 -0.117E-02
         60.3054     -376.77  0.6375 -0.170E+00      -4610.59  0.3967  0.163E-03      -1828.75  0.4661  0.993E-02      -1091.68  0.5084 -0.696E-02      -1506.45  0.4815 -0.117E-02
         60.3972     -378.05  0.6373 -0.170E+00      -4610.68  0.3967  0.163E-03      -1828.63  0.4661  0.993E-02      -1091.72  0.5084 -0.696E-02      -1506.50  0.4815 -0.116E-02
         60.5164     -379.34  0.6370 -0.170E+00      -4610.80  0.3967  0.163E-03      -1828.47  0.4661  0.993E-02      -1091.77  0.5084 -0.695E-02      -1506.57  0.4815 -0.116E-02
         60.6715     -380.62  0.6368 -0.170E+00      -4610.96  0.3967  0.163E-03      -1828.27  0.4661  0.992E-02      -1091.84  0.5084 -0.694E-02      -1506.66  0.4815 -0.116E-02
         60.8730     -381.81  0.6365 -0.170E+00      -4611.17  0.3967  0.162E-03      -1828.01  0.4661  0.992E-02      -1091.93  0.5084 -0.693E-02      -1506.77  0.4814 -0.116E-02
         61.1350     -382.85  0.6364 -0.170E+00      -4611.43  0.3967  0.162E-03      -1827.68  0.4661  0.991E-02      -1092.05  0.5084 -0.692E-02      -1506.92  0.4814 -0.116E-02
         61.4756     -383.66  0.6362 -0.170E+00      -4611.76  0.3967  0.161E-03      -1827.25  0.4661  0.991E-02      -1092.21  0.5083 -0.690E-02      -1507.11  0.4814 -0.116E-02
         61.9184     -384.14  0.6361 -0.170E+00      -4612.17  0.3967  0.159E-03      -1826.70  0.4662  0.990E-02      -1092.42  0.5083 -0.687E-02      -1507.36  0.4814 -0.116E-02
         62.4940     -384.17  0.6361 -0.170E+00      -4612.68  0.3967  0.157E-03      -1825.99  0.4662  0.988E-02      -1092.69  0.5083 -0.684E-02      -1507.68  0.4814 -0.116E-02
         63.2446     -383.63  0.6362 -0.170E+00      -4613.28  0.3967  0.152E-03      -1825.09  0.4662  0.987E-02      -1093.05  0.5083 -0.680E-02      -1508.10  0.4814 -0.116E-02
         64.2096     -382.38  0.6364 -0.170E+00      -4613.94  0.3967  0.143E-03      -1823.96  0.4663  0.984E-02      -1093.52  0.5082 -0.675E-02      -1508.63  0.4813 -0.116E-02
         65.3677     -380.39  0.6368 -0.170E+00      -4614.51  0.3967  0.127E-03      -1822.65  0.4664  0.982E-02      -1094.10  0.5082 -0.669E-02      -1509.26  0.4813 -0.116E-02
         66.9118     -376.97  0.6375 -0.170E+00      -4614.68  0.3966  0.929E-04      -1820.98  0.4664  0.978E-02      -1094.88  0.5081 -0.661E-02      -1510.10  0.4812 -0.116E-02
         70.0000     -369.60  0.6391 -0.170E+00      -4610.90  0.3967 -0.513E-04      -1817.91  0.4666  0.970E-02      -1096.53  0.5080 -0.645E-02      -1511.74  0.4811 -0.115E-02
         70.0001     -369.78  0.6391 -0.602E-01      -4610.90  0.3967 -0.508E-04      -1817.91  0.4666  0.970E-02      -1096.53  0.5080 -0.645E-02      -1511.74  0.4811 -0.990E-03
         70.0002     -369.75  0.6391 -0.597E-01      -4610.90  0.3967 -0.509E-04      -1817.91  0.4666  0.970E-02      -1096.53  0.5080 -0.645E-02      -1511.74  0.4811 -0.990E-03
         70.0004     -369.80  0.6391 -0.599E-01      -4610.90  0.3967 -0.509E-04      -1817.91  0.4666  0.970E-02      -1096.53  0.5080 -0.645E-02      -1511.74  0.4811 -0.990E-03
         70.0006     -369.80  0.6391 -0.602E-01      -4610.90  0.3967 -0.509E-04      -1817.91  0.4666  0.970E-02      -1096.53  0.5080 -0.645E-02      -1511.74  0.4811 -0.990E-03
         70.0009     -369.84  0.6391 -0.598E-01      -4610.90  0.3967 -0.509E-04      -1817.91  0.4666  0.970E-02      -1096.53  0.5080 -0.645E-02      -1511.74  0.4811 -0.990E-03
         70.0013     -369.87  0.6390 -0.596E-01      -4610.90  0.3967 -0.509E-04      -1817.91  0.4666  0.970E-02      -1096.53  0.5080 -0.645E-02      -1511.74  0.4811 -0.990E-03
         70.0018     -369.92  0.6390 -0.602E-01      -4610.90  0.3967 -0.510E-04      -1817.91  0.4666  0.970E-02      -1096.53  0.5080 -0.645E-02      -1511.74  0.4811 -0.130E-02
         70.0024     -369.98  0.6390 -0.600E-01      -4610.90  0.3967 -0.510E-04      -1817.91  0.4666  0.970E-02      -1096.53  0.5080 -0.645E-02      -1511.74  0.4811 -0.123E-02
         70.0032     -370.05  0.6390 -0.600E-01      -4610.90  0.3967 -0.510E-04      -1817.91  0.4666  0.970E-02      -1096.53  0.5080 -0.645E-02      -1511.74  0.4811 -0.117E-02
         70.0043     -370.16  0.6390 -0.601E-01      -4610.90  0.3967 -0.511E-04      -1817.91  0.4666  0.970E-02      -1096.53  0.5080 -0.645E-02      -1511.74  0.4811 -0.113E-02
         70.0056     -370.29  0.6389 -0.600E-01      -4610.90  0.3967 -0.511E-04      -1817.91  0.4666  0.970E-02      -1096.53  0.5080 -0.645E-02      -1511.75  0.4811 -0.121E-02
         70.0074     -370.45  0.6389 -0.600E-01      -4610.89  0.3967 -0.512E-04      -1817.91  0.4666  0.970E-02      -1096.53  0.5080 -0.645E-02      -1511.75  0.4811 -0.116E-02
         70.0098     -370.67  0.6389 -0.600E-01      -4610.89  0.3967 -0.513E-04      -1817.90  0.4666  0.970E-02      -1096.53  0.5080 -0.645E-02      -1511.75  0.4811 -0.112E-02
         70.0128     -370.95  0.6388 -0.600E-01      -4610.89  0.3967 -0.514E-04      -1817.90  0.4666  0.970E-02      -1096.53  0.5080 -0.645E-02      -1511.75  0.4811 -0.114E-02
         70.0167     -371.32  0.6387 -0.600E-01      -4610.88  0.3967 -0.517E-04      -1817.90  0.4666  0.970E-02      -1096.53  0.5080 -0.645E-02      -1511.75  0.4811 -0.114E-02
         70.0218     -371.78  0.6386 -0.600E-01      -4610.88  0.3967 -0.519E-04      -1817.89  0.4666  0.970E-02      -1096.54  0.5080 -0.645E-02      -1511.75  0.4811 -0.116E-02
         70.0285     -372.37  0.6385 -0.600E-01      -4610.87  0.3967 -0.522E-04      -1817.89  0.4666  0.970E-02      -1096.54  0.5080 -0.645E-02      -1511.76  0.4811 -0.115E-02
         70.0372     -373.13  0.6383 -0.600E-01      -4610.86  0.3967 -0.526E-04      -1817.88  0.4666  0.970E-02      -1096.55  0.5080 -0.645E-02      -1511.76  0.4811 -0.114E-02
         70.0484     -374.08  0.6381 -0.600E-01      -4610.84  0.3967 -0.531E-04      -1817.87  0.4666  0.970E-02      -1096.55  0.5080 -0.645E-02      -1511.77  0.4811 -0.115E-02
         70.0630     -375.28  0.6378 -0.600E-01      -4610.82  0.3967 -0.539E-04      -1817.85  0.4666  0.970E-02      -1096.56  0.5080 -0.645E-02      -1511.78  0.4811 -0.115E-02
         70.0820     -376.83  0.6375 -0.600E-01      -4610.80  0.3967 -0.548E-04      -1817.83  0.4666  0.970E-02      -1096.57  0.5080 -0.645E-02      -1511.79  0.4811 -0.115E-02
         70.1067     -379.01  0.6371 -0.600E-01      -4610.77  0.3967 -0.559E-04      -1817.81  0.4666  0.970E-02      -1096.58  0.5080 -0.645E-02      -1511.80  0.4811 -0.115E-02
         70.1388     -381.60  0.6366 -0.600E-01      -4610.73  0.3967 -0.575E-04      -1817.78  0.4666  0.969E-02      -1096.60  0.5080 -0.645E-02      -1511.82  0.4811 -0.115E-02
         70.1806     -384.72  0.6360 -0.600E-01      -4610.67  0.3967 -0.596E-04      -1817.73  0.4666  0.969E-02      -1096.62  0.5080 -0.645E-02      -1511.84  0.4811 -0.115E-02
         70.2349     -388.35  0.6353 -0.600E-01      -4610.60  0.3967 -0.622E-04      -1817.68  0.4666  0.969E-02      -1096.65  0.5080 -0.644E-02      -1511.87  0.4811 -0.115E-02
         70.3054     -392.52  0.6345 -0.600E-01      -4610.50  0.3967 -0.658E-04      -1817.61  0.4666  0.969E-02      -1096.69  0.5080 -0.644E-02      -1511.90  0.4811 -0.115E-02
         70.3972     -397.21  0.6336 -0.600E-01      -4610.37  0.3967 -0.705E-04      -1817.52  0.4666  0.969E-02      -1096.74  0.5080 -0.643E-02      -1511.95  0.4811 -0.115E-02
         70.5164     -402.42  0.6327 -0.600E-01      -4610.19  0.3967 -0.767E-04      -1817.41  0.4666  0.968E-02      -1096.80  0.5080 -0.643E-02      -1512.02  0.4811 -0.115E-02
         70.6715     -408.11  0.6316 -0.600E-01      -4609.95  0.3967 -0.851E-04      -1817.26  0.4666  0.968E-02      -1096.88  0.5080 -0.642E-02      -1512.10  0.4811 -0.115E-02
         70.8730     -414.28  0.6304 -0.600E-01      -4609.62  0.3967 -0.964E-04      -1817.06  0.4666  0.968E-02      -1096.99  0.5080 -0.641E-02      -1512.21  0.4811 -0.115E-02
         71.1350     -420.94  0.6292 -0.600E-01      -4609.14  0.3967 -0.112E-03      -1816.81  0.4666  0.967E-02      -1097.13  0.5080 -0.640E-02      -1512.34  0.4811 -0.115E-02
         71.4756     -428.12  0.6278 -0.600E-01      -4608.45  0.3967 -0.133E-03      -1816.49  0.4667  0.966E-02      -1097.32  0.5080 -0.638E-02      -1512.52  0.4811 -0.115E-02
         71.9184     -435.82  0.6263 -0.600E-01      -4607.43  0.3968 -0.164E-03      -1816.07  0.4667  0.965E-02      -1097.56  0.5079 -0.636E-02      -1512.76  0.4811 -0.115E-02
         72.4940     -444.41  0.6247 -0.600E-01      -4605.86  0.3968 -0.208E-03      -1815.54  0.4667  0.963E-02      -1097.87  0.5079 -0.633E-02      -1513.06  0.4811 -0.115E-02
         73.2446     -454.21  0.6229 -0.600E-01      -4603.35  0.3968 -0.275E-03      -1814.87  0.4667  0.961E-02      -1098.29  0.5079 -0.630E-02      -1513.45  0.4810 -0.115E-02
         74.2096     -464.59  0.6209 -0.600E-01      -4599.21  0.3969 -0.379E-03      -1814.02  0.4668  0.959E-02      -1098.83  0.5078 -0.625E-02      -1513.95  0.4810 -0.114E-02
         75.3677     -474.81  0.6190 -0.600E-01      -4592.70  0.3970 -0.530E-03      -1813.05  0.4668  0.955E-02      -1099.48  0.5078 -0.619E-02      -1514.55  0.4810 -0.114E-02
         76.9118     -486.82  0.6171 -0.600E-01      -4580.52  0.3972 -0.785E-03      -1811.81  0.4669  0.951E-02      -1100.36  0.5077 -0.612E-02      -1515.34  0.4809 -0.114E-02
         80.0000     -503.07  0.6146 -0.600E-01      -4537.81  0.3979 -0.155E-02      -1809.55  0.4670  0.943E-02      -1102.16  0.5076 -0.598E-02      -1516.93  0.4808 -0.114E-02
         82.5000     -512.96  0.6130 -0.600E-01      -4486.67  0.3987 -0.235E-02      -1807.88  0.4671  0.936E-02      -1103.65  0.5075 -0.587E-02      -1518.21  0.4808 -0.113E-02
         86.2500     -524.16  0.6113 -0.600E-01      -4374.19  0.4005 -0.390E-02      -1805.63  0.4672  0.925E-02      -1105.91  0.5073 -0.572E-02      -1520.27  0.4806 -0.113E-02
         90.0000     -531.17  0.6102 -0.600E-01      -4218.08  0.4030 -0.574E-02      -1803.67  0.4673  0.914E-02      -1108.21  0.5071 -0.557E-02      -1522.54  0.4805 -0.113E-02
         90.0001     -531.71  0.6102 -0.100E+00      -4222.30  0.4030 -0.575E-02      -1803.64  0.4673  0.914E-02      -1108.21  0.5071 -0.557E-02      -1522.53  0.4805 -0.982E-03
         90.0002     -531.58  0.6102 -0.100E+00      -4221.43  0.4030 -0.575E-02      -1803.65  0.4673  0.914E-02      -1108.21  0.5071 -0.557E-02      -1522.53  0.4805 -0.983E-03
         90.0004     -531.67  0.6102 -0.100E+00      -4222.09  0.4030 -0.575E-02      -1803.64  0.4673  0.914E-02      -1108.21  0.5071 -0.557E-02      -1522.53  0.4805 -0.983E-03
         90.0006     -531.62  0.6102 -0.994E-01      -4221.84  0.4030 -0.575E-02      -1803.65  0.4673  0.914E-02      -1108.21  0.5071 -0.557E-02      -1522.53  0.4805 -0.983E-03
         90.0009     -531.63  0.6102 -0.100E+00      -4221.96  0.4030 -0.575E-02      -1803.64  0.4673  0.914E-02      -1108.21  0.5071 -0.557E-02      -1522.53  0.4805 -0.983E-03
         90.0013     -531.60  0.6102 -0.100E+00      -4221.89  0.4030 -0.575E-02      -1803.65  0.4673  0.914E-02      -1108.21  0.5071 -0.557E-02      -1522.53  0.4805 -0.983E-03
         90.0018     -531.58  0.6102 -0.998E-01      -4221.89  0.4030 -0.575E-02      -1803.64  0.4673  0.914E-02      -1108.21  0.5071 -0.557E-02      -1522.53  0.4805 -0.129E-02
         90.0024     -531.55  0.6102 -0.100E+00      -4221.86  0.4030 -0.575E-02      -1803.65  0.4673  0.914E-02      -1108.21  0.5071 -0.557E-02      -1522.53  0.4805 -0.122E-02
         90.0032     -531.51  0.6102 -0.100E+00      -4221.83  0.4030 -0.575E-02      -1803.65  0.4673  0.914E-02      -1108.21  0.5071 -0.557E-02      -1522.53  0.4805 -0.117E-02
         90.0043     -531.45  0.6102 -0.999E-01      -4221.78  0.4030 -0.575E-02      -1803.64  0.4673  0.914E-02      -1108.21  0.5071 -0.557E-02      -1522.53  0.4805 -0.112E-02
         90.0056     -531.39  0.6102 -0.100E+00      -4221.73  0.4030 -0.575E-02      -1803.64  0.4673  0.914E-02      -1108.21  0.5071 -0.557E-02      -1522.53  0.4805 -0.109E-02
         90.0074     -531.30  0.6102 -0.100E+00      -4221.65  0.4030 -0.575E-02      -1803.64  0.4673  0.914E-02      -1108.21  0.5071 -0.557E-02      -1522.53  0.4805 -0.115E-02
         90.0098     -531.19  0.6102 -0.100E+00      -4221.56  0.4030 -0.576E-02      -1803.64  0.4673  0.914E-02      -1108.21  0.5071 -0.557E-02      -1522.53  0.4805 -0.111E-02
         90.0128     -531.04  0.6103 -0.100E+00      -4221.43  0.4030 -0.576E-02      -1803.64  0.4673  0.914E-02      -1108.21  0.5071 -0.557E-02      -1522.54  0.4805 -0.113E-02
         90.0167     -530.85  0.6103 -0.100E+00      -4221.27  0.4030 -0.576E-02      -1803.64  0.4673  0.914E-02      -1108.22  0.5071 -0.557E-02      -1522.54  0.4805 -0.113E-02
         90.0218     -530.60  0.6103 -0.100E+00      -4221.06  0.4030 -0.576E-02      -1803.63  0.4673  0.914E-02      -1108.22  0.5071 -0.557E-02      -1522.54  0.4805 -0.113E-02
         90.0285     -530.29  0.6104 -0.100E+00      -4220.79  0.4030 -0.576E-02      -1803.63  0.4673  0.914E-02      -1108.22  0.5071 -0.557E-02      -1522.55  0.4805 -0.112E-02
         90.0372     -529.89  0.6104 -0.100E+00      -4220.43  0.4030 -0.577E-02      -1803.63  0.4673  0.914E-02      -1108.23  0.5071 -0.557E-02      -1522.55  0.4805 -0.112E-02
         90.0484     -529.37  0.6105 -0.100E+00      -4219.97  0.4030 -0.578E-02      -1803.62  0.4673  0.914E-02      -1108.23  0.5071 -0.557E-02      -1522.56  0.4805 -0.113E-02
         90.0630     -528.72  0.6106 -0.100E+00      -4219.37  0.4030 -0.578E-02      -1803.61  0.4673  0.914E-02      -1108.24  0.5071 -0.557E-02      -1522.57  0.4805 -0.113E-02
         90.0820     -527.90  0.6108 -0.100E+00      -4218.59  0.4030 -0.579E-02      -1803.60  0.4673  0.914E-02      -1108.26  0.5071 -0.556E-02      -1522.58  0.4805 -0.112E-02
         90.1067     -526.87  0.6109 -0.100E+00      -4217.57  0.4030 -0.581E-02      -1803.59  0.4673  0.914E-02      -1108.27  0.5071 -0.556E-02      -1522.59  0.4805 -0.113E-02
         90.1388     -525.60  0.6111 -0.100E+00      -4216.24  0.4031 -0.582E-02      -1803.57  0.4673  0.914E-02      -1108.29  0.5071 -0.556E-02      -1522.61  0.4805 -0.113E-02
         90.1806     -524.05  0.6114 -0.100E+00      -4214.51  0.4031 -0.584E-02      -1803.55  0.4673  0.914E-02      -1108.32  0.5071 -0.556E-02      -1522.64  0.4805 -0.113E-02
         90.2349     -522.18  0.6116 -0.100E+00      -4212.25  0.4031 -0.587E-02      -1803.52  0.4673  0.914E-02      -1108.35  0.5071 -0.556E-02      -1522.67  0.4805 -0.113E-02
         90.3054     -519.99  0.6120 -0.100E+00      -4209.30  0.4032 -0.591E-02      -1803.49  0.4673  0.914E-02      -1108.39  0.5071 -0.556E-02      -1522.71  0.4805 -0.113E-02
         90.3972     -517.45  0.6124 -0.100E+00      -4205.43  0.4032 -0.596E-02      -1803.44  0.4673  0.913E-02      -1108.45  0.5071 -0.555E-02      -1522.77  0.4805 -0.113E-02
         90.5164     -514.60  0.6128 -0.100E+00      -4200.36  0.4033 -0.602E-02      -1803.38  0.4673  0.913E-02      -1108.52  0.5071 -0.555E-02      -1522.84  0.4805 -0.113E-02
         90.6715     -511.44  0.6133 -0.100E+00      -4193.71  0.4034 -0.611E-02      -1803.30  0.4673  0.912E-02      -1108.62  0.5071 -0.554E-02      -1522.93  0.4805 -0.113E-02
         90.8730     -508.04  0.6139 -0.100E+00      -4184.93  0.4036 -0.622E-02      -1803.20  0.4673  0.912E-02      -1108.74  0.5071 -0.553E-02      -1523.05  0.4805 -0.113E-02
         91.1350     -504.41  0.6144 -0.100E+00      -4173.32  0.4038 -0.636E-02      -1803.06  0.4673  0.911E-02      -1108.90  0.5071 -0.552E-02      -1523.21  0.4805 -0.113E-02
         91.4756     -500.56  0.6150 -0.100E+00      -4157.88  0.4040 -0.655E-02      -1802.89  0.4673  0.910E-02      -1109.11  0.5071 -0.551E-02      -1523.41  0.4805 -0.113E-02
         91.9184     -496.47  0.6157 -0.100E+00      -4137.23  0.4043 -0.680E-02      -1802.68  0.4673  0.909E-02      -1109.39  0.5070 -0.549E-02      -1523.66  0.4805 -0.113E-02
         92.4940     -492.08  0.6163 -0.100E+00      -4109.45  0.4048 -0.713E-02      -1802.40  0.4673  0.907E-02      -1109.74  0.5070 -0.547E-02      -1523.99  0.4805 -0.112E-02
         93.2446     -487.30  0.6171 -0.100E+00      -4071.67  0.4054 -0.756E-02      -1802.05  0.4673  0.905E-02      -1110.21  0.5070 -0.544E-02      -1524.42  0.4804 -0.112E-02
         94.2096     -482.11  0.6179 -0.100E+00      -4020.75  0.4062 -0.812E-02      -1801.61  0.4674  0.902E-02      -1110.81  0.5069 -0.540E-02      -1524.95  0.4804 -0.112E-02
         95.3677     -476.73  0.6187 -0.100E+00      -3956.75  0.4072 -0.879E-02      -1801.11  0.4674  0.899E-02      -1111.53  0.5069 -0.536E-02      -1525.59  0.4804 -0.112E-02
         96.9118     -471.09  0.6198 -0.100E+00      -3866.56  0.4087 -0.969E-02      -1800.48  0.4674  0.895E-02      -1112.49  0.5068 -0.530E-02      -1526.42  0.4803 -0.112E-02
        100.0000     -462.37  0.6214 -0.100E+00      -3707.71  0.4120 -0.118E-01      -1799.36  0.4675  0.886E-02      -1114.44  0.5066 -0.520E-02      -1528.03  0.4803 -0.112E-02
        100.0001     -462.03  0.6214 -0.300E+00      -3705.39  0.4120 -0.118E-01      -1799.35  0.4675  0.886E-02      -1114.43  0.5066 -0.520E-02      -1528.03  0.4803 -0.997E-03
        100.0002     -462.08  0.6214 -0.299E+00      -3705.97  0.4120 -0.118E-01      -1799.35  0.4675  0.886E-02      -1114.43  0.5066 -0.520E-02      -1528.03  0.4803 -0.997E-03
        100.0004     -461.98  0.6214 -0.300E+00      -3705.48  0.4120 -0.118E-01      -1799.35  0.4675  0.886E-02      -1114.43  0.5066 -0.520E-02      -1528.03  0.4803 -0.997E-03
        100.0006     -461.96  0.6214 -0.300E+00      -3705.68  0.4120 -0.118E-01      -1799.35  0.4675  0.886E-02      -1114.43  0.5066 -0.520E-02      -1528.03  0.4803 -0.997E-03
        100.0009     -461.88  0.6215 -0.300E+00      -3705.54  0.4120 -0.118E-01      -1799.35  0.4675  0.886E-02      -1114.44  0.5066 -0.520E-02      -1528.03  0.4803 -0.997E-03
        100.0013     -461.81  0.6215 -0.300E+00      -3705.58  0.4120 -0.118E-01      -1799.35  0.4675  0.886E-02      -1114.44  0.5066 -0.520E-02      -1528.03  0.4803 -0.997E-03
        100.0018     -461.70  0.6215 -0.300E+00      -3705.53  0.4120 -0.118E-01      -1799.35  0.4675  0.886E-02      -1114.43  0.5066 -0.520E-02      -1528.03  0.4803 -0.997E-03
        100.0024     -461.57  0.6215 -0.300E+00      -3705.51  0.4120 -0.118E-01      -1799.35  0.4675  0.886E-02      -1114.43  0.5066 -0.520E-02      -1528.03  0.4803 -0.997E-03
        100.0032     -461.40  0.6216 -0.300E+00      -3705.46  0.4120 -0.118E-01      -1799.35  0.4675  0.886E-02      -1114.44  0.5066 -0.520E-02      -1528.03  0.4803 -0.118E-02
        100.0043     -461.17  0.6216 -0.300E+00      -3705.41  0.4120 -0.118E-01      -1799.35  0.4675  0.886E-02      -1114.44  0.5066 -0.519E-02      -1528.03  0.4803 -0.114E-02
        100.0056     -460.88  0.6217 -0.300E+00      -3705.34  0.4120 -0.118E-01      -1799.35  0.4675  0.886E-02      -1114.44  0.5066 -0.519E-02      -1528.03  0.4803 -0.110E-02
        100.0074     -460.50  0.6217 -0.300E+00      -3705.25  0.4120 -0.118E-01      -1799.35  0.4675  0.886E-02      -1114.44  0.5066 -0.519E-02      -1528.04  0.4803 -0.108E-02
        100.0098     -460.01  0.6218 -0.300E+00      -3705.13  0.4121 -0.118E-01      -1799.35  0.4675  0.886E-02      -1114.44  0.5066 -0.519E-02      -1528.04  0.4803 -0.112E-02
        100.0128     -459.37  0.6219 -0.300E+00      -3704.97  0.4121 -0.118E-01      -1799.35  0.4675  0.886E-02      -1114.44  0.5066 -0.519E-02      -1528.04  0.4803 -0.110E-02
        100.0167     -458.55  0.6221 -0.300E+00      -3704.77  0.4121 -0.118E-01      -1799.34  0.4675  0.886E-02      -1114.44  0.5066 -0.519E-02      -1528.04  0.4803 -0.111E-02
        100.0218     -457.50  0.6223 -0.300E+00      -3704.51  0.4121 -0.118E-01      -1799.34  0.4675  0.886E-02      -1114.45  0.5066 -0.519E-02      -1528.04  0.4803 -0.111E-02
        100.0285     -456.14  0.6225 -0.300E+00      -3704.17  0.4121 -0.118E-01      -1799.34  0.4675  0.886E-02      -1114.45  0.5066 -0.519E-02      -1528.05  0.4803 -0.113E-02
        100.0372     -454.41  0.6229 -0.300E+00      -3703.73  0.4121 -0.118E-01      -1799.34  0.4675  0.886E-02      -1114.46  0.5066 -0.519E-02      -1528.05  0.4803 -0.112E-02
        100.0484     -452.20  0.6233 -0.300E+00      -3703.16  0.4121 -0.118E-01      -1799.33  0.4675  0.886E-02      -1114.46  0.5066 -0.519E-02      -1528.06  0.4803 -0.112E-02
        100.0630     -449.41  0.6238 -0.300E+00      -3702.42  0.4121 -0.118E-01      -1799.33  0.4675  0.886E-02      -1114.47  0.5066 -0.519E-02      -1528.06  0.4803 -0.112E-02
        100.0820     -445.91  0.6245 -0.300E+00      -3701.44  0.4121 -0.118E-01      -1799.32  0.4675  0.886E-02      -1114.48  0.5066 -0.519E-02      -1528.07  0.4803 -0.112E-02
        100.1067     -441.56  0.6253 -0.300E+00      -3700.18  0.4122 -0.118E-01      -1799.31  0.4675  0.886E-02      -1114.50  0.5066 -0.519E-02      -1528.09  0.4803 -0.112E-02
        100.1388     -436.23  0.6263 -0.300E+00      -3698.54  0.4122 -0.119E-01      -1799.30  0.4675  0.886E-02      -1114.52  0.5066 -0.519E-02      -1528.10  0.4803 -0.112E-02
        100.1806     -429.79  0.6275 -0.300E+00      -3696.40  0.4122 -0.119E-01      -1799.29  0.4675  0.886E-02      -1114.55  0.5066 -0.519E-02      -1528.13  0.4803 -0.112E-02
        100.2349     -422.16  0.6290 -0.300E+00      -3693.61  0.4123 -0.119E-01      -1799.27  0.4675  0.886E-02      -1114.58  0.5066 -0.519E-02      -1528.15  0.4803 -0.112E-02
        100.3054     -413.30  0.6306 -0.300E+00      -3689.98  0.4124 -0.120E-01      -1799.24  0.4675  0.886E-02      -1114.63  0.5066 -0.518E-02      -1528.19  0.4803 -0.112E-02
        100.3972     -403.26  0.6325 -0.300E+00      -3685.23  0.4125 -0.120E-01      -1799.21  0.4675  0.885E-02      -1114.68  0.5066 -0.518E-02      -1528.24  0.4803 -0.112E-02
        100.5164     -392.11  0.6346 -0.300E+00      -3679.04  0.4126 -0.121E-01      -1799.17  0.4675  0.885E-02      -1114.76  0.5066 -0.518E-02      -1528.30  0.4803 -0.112E-02
        100.6715     -379.93  0.6369 -0.300E+00      -3670.93  0.4128 -0.122E-01      -1799.11  0.4675  0.885E-02      -1114.86  0.5066 -0.517E-02      -1528.38  0.4803 -0.112E-02
        100.8730     -368.58  0.6394 -0.300E+00      -3660.32  0.4130 -0.124E-01      -1799.04  0.4675  0.884E-02      -1114.98  0.5066 -0.516E-02      -1528.48  0.4802 -0.112E-02
        101.1350     -357.41  0.6419 -0.300E+00      -3646.41  0.4133 -0.125E-01      -1798.95  0.4675  0.883E-02      -1115.15  0.5066 -0.516E-02      -1528.62  0.4802 -0.112E-02
        101.4756     -345.80  0.6445 -0.300E+00      -3628.12  0.4137 -0.128E-01      -1798.83  0.4675  0.882E-02      -1115.36  0.5066 -0.514E-02      -1528.79  0.4802 -0.112E-02
        101.9184     -333.29  0.6473 -0.300E+00      -3604.07  0.4142 -0.131E-01      -1798.68  0.4675  0.881E-02      -1115.64  0.5066 -0.513E-02      -1529.02  0.4802 -0.112E-02
        102.4940     -319.10  0.6505 -0.300E+00      -3572.40  0.4149 -0.134E-01      -1798.49  0.4675  0.879E-02      -1116.01  0.5065 -0.511E-02      -1529.31  0.4802 -0.112E-02
        103.2446     -302.57  0.6542 -0.300E+00      -3530.54  0.4158 -0.139E-01      -1798.26  0.4675  0.877E-02      -1116.48  0.5065 -0.508E-02      -1529.69  0.4802 -0.112E-02
        104.2096     -287.79  0.6577 -0.300E+00      -3476.06  0.4169 -0.145E-01      -1797.96  0.4675  0.875E-02      -1117.09  0.5064 -0.505E-02      -1530.18  0.4802 -0.112E-02
        105.3677     -275.70  0.6611 -0.300E+00      -3409.66  0.4183 -0.152E-01      -1797.62  0.4675  0.872E-02      -1117.83  0.5064 -0.501E-02      -1530.75  0.4801 -0.112E-02
        106.9118     -259.55  0.6651 -0.300E+00      -3319.71  0.4202 -0.161E-01      -1797.21  0.4676  0.867E-02      -1118.81  0.5063 -0.496E-02      -1531.51  0.4801 -0.112E-02
        110.0000     -236.94  0.6709 -0.300E+00      -3121.43  0.4245 -0.187E-01      -1796.47  0.4676  0.859E-02      -1120.77  0.5062 -0.486E-02      -1533.00  0.4800 -0.111E-02
        110.0001     -237.23  0.6709 -0.429E+00      -3121.48  0.4245 -0.186E-01      -1796.47  0.4676  0.859E-02      -1120.77  0.5062 -0.486E-02      -1533.00  0.4800 -0.100E-02
        110.0002     -237.16  0.6709 -0.431E+00      -3121.46  0.4245 -0.186E-01      -1796.47  0.4676  0.859E-02      -1120.77  0.5062 -0.486E-02      -1533.00  0.4800 -0.100E-02
        110.0004     -237.18  0.6709 -0.430E+00      -3121.46  0.4245 -0.186E-01      -1796.47  0.4676  0.859E-02      -1120.77  0.5062 -0.486E-02      -1533.00  0.4800 -0.100E-02
        110.0006     -237.14  0.6709 -0.430E+00      -3121.44  0.4245 -0.186E-01      -1796.47  0.4676  0.859E-02      -1120.77  0.5062 -0.486E-02      -1533.00  0.4800 -0.100E-02
        110.0009     -237.12  0.6709 -0.430E+00      -3121.43  0.4245 -0.186E-01      -1796.47  0.4676  0.859E-02      -1120.77  0.5062 -0.486E-02      -1533.00  0.4800 -0.100E-02
        110.0013     -237.08  0.6710 -0.430E+00      -3121.40  0.4245 -0.186E-01      -1796.47  0.4676  0.859E-02      -1120.77  0.5062 -0.486E-02      -1533.00  0.4800 -0.100E-02
        110.0018     -237.02  0.6710 -0.430E+00      -3121.37  0.4245 -0.186E-01      -1796.47  0.4676  0.859E-02      -1120.77  0.5062 -0.486E-02      -1533.00  0.4800 -0.100E-02
        110.0024     -236.96  0.6710 -0.430E+00      -3121.33  0.4245 -0.186E-01      -1796.47  0.4676  0.859E-02      -1120.77  0.5062 -0.486E-02      -1533.00  0.4800 -0.124E-02
        110.0032     -236.87  0.6710 -0.430E+00      -3121.28  0.4245 -0.186E-01      -1796.47  0.4676  0.859E-02      -1120.77  0.5062 -0.486E-02      -1533.00  0.4800 -0.118E-02
        110.0043     -236.76  0.6710 -0.430E+00      -3121.21  0.4245 -0.186E-01      -1796.47  0.4676  0.859E-02      -1120.77  0.5062 -0.486E-02      -1533.00  0.4800 -0.114E-02
        110.0056     -236.61  0.6711 -0.430E+00      -3121.12  0.4245 -0.186E-01      -1796.47  0.4676  0.859E-02      -1120.77  0.5062 -0.486E-02      -1533.00  0.4800 -0.111E-02
        110.0074     -236.42  0.6711 -0.430E+00      -3121.01  0.4245 -0.186E-01      -1796.47  0.4676  0.859E-02      -1120.77  0.5062 -0.486E-02      -1533.00  0.4800 -0.108E-02
        110.0098     -236.21  0.6712 -0.430E+00      -3120.86  0.4245 -0.186E-01      -1796.47  0.4676  0.859E-02      -1120.77  0.5062 -0.486E-02      -1533.00  0.4800 -0.113E-02
        110.0128     -235.93  0.6713 -0.430E+00      -3120.66  0.4245 -0.187E-01      -1796.47  0.4676  0.859E-02      -1120.78  0.5062 -0.486E-02      -1533.00  0.4800 -0.110E-02
        110.0167     -235.58  0.6714 -0.430E+00      -3120.41  0.4245 -0.187E-01      -1796.47  0.4676  0.859E-02      -1120.78  0.5062 -0.486E-02      -1533.00  0.4800 -0.111E-02
        110.0218     -235.13  0.6715 -0.430E+00      -3120.08  0.4245 -0.187E-01      -1796.47  0.4676  0.859E-02      -1120.78  0.5062 -0.486E-02      -1533.01  0.4800 -0.112E-02
        110.0285     -234.57  0.6717 -0.430E+00      -3119.66  0.4245 -0.187E-01      -1796.47  0.4676  0.859E-02      -1120.79  0.5062 -0.486E-02      -1533.01  0.4800 -0.111E-02
        110.0372     -233.86  0.6719 -0.430E+00      -3119.10  0.4245 -0.187E-01      -1796.46  0.4676  0.859E-02      -1120.79  0.5062 -0.486E-02      -1533.01  0.4800 -0.112E-02
        110.0484     -232.97  0.6721 -0.430E+00      -3118.38  0.4245 -0.187E-01      -1796.46  0.4676  0.859E-02      -1120.80  0.5062 -0.486E-02      -1533.02  0.4800 -0.111E-02
        110.0630     -231.89  0.6725 -0.430E+00      -3117.44  0.4245 -0.187E-01      -1796.46  0.4676  0.859E-02      -1120.81  0.5062 -0.486E-02      -1533.03  0.4800 -0.111E-02
        110.0820     -230.58  0.6728 -0.430E+00      -3116.22  0.4246 -0.187E-01      -1796.45  0.4676  0.859E-02      -1120.82  0.5062 -0.486E-02      -1533.04  0.4800 -0.111E-02
        110.1067     -229.02  0.6733 -0.430E+00      -3114.63  0.4246 -0.187E-01      -1796.45  0.4676  0.859E-02      -1120.84  0.5062 -0.486E-02      -1533.05  0.4800 -0.112E-02
        110.1388     -227.19  0.6738 -0.430E+00      -3112.57  0.4246 -0.188E-01      -1796.44  0.4676  0.859E-02      -1120.86  0.5062 -0.486E-02      -1533.06  0.4800 -0.111E-02
        110.1806     -225.10  0.6745 -0.430E+00      -3109.88  0.4247 -0.188E-01      -1796.43  0.4676  0.859E-02      -1120.88  0.5062 -0.486E-02      -1533.08  0.4800 -0.111E-02
        110.2349     -222.74  0.6752 -0.430E+00      -3106.38  0.4248 -0.188E-01      -1796.42  0.4676  0.858E-02      -1120.92  0.5061 -0.486E-02      -1533.11  0.4800 -0.111E-02
        110.3054     -220.12  0.6759 -0.430E+00      -3101.83  0.4249 -0.189E-01      -1796.40  0.4676  0.858E-02      -1120.96  0.5061 -0.485E-02      -1533.14  0.4800 -0.111E-02
        110.3972     -217.23  0.6768 -0.430E+00      -3095.89  0.4250 -0.190E-01      -1796.38  0.4676  0.858E-02      -1121.02  0.5061 -0.485E-02      -1533.19  0.4800 -0.111E-02
        110.5164     -214.01  0.6777 -0.430E+00      -3088.15  0.4252 -0.191E-01      -1796.35  0.4676  0.858E-02      -1121.10  0.5061 -0.485E-02      -1533.24  0.4800 -0.111E-02
        110.6715     -210.40  0.6788 -0.430E+00      -3078.04  0.4254 -0.192E-01      -1796.32  0.4676  0.857E-02      -1121.19  0.5061 -0.484E-02      -1533.32  0.4800 -0.111E-02
        110.8730     -206.29  0.6800 -0.430E+00      -3064.83  0.4257 -0.194E-01      -1796.27  0.4676  0.857E-02      -1121.32  0.5061 -0.484E-02      -1533.41  0.4800 -0.111E-02
        111.1350     -201.53  0.6814 -0.430E+00      -3049.13  0.4260 -0.196E-01      -1796.21  0.4676  0.856E-02      -1121.49  0.5061 -0.483E-02      -1533.54  0.4800 -0.111E-02
        111.4756     -195.91  0.6831 -0.430E+00      -3031.69  0.4265 -0.201E-01      -1796.14  0.4676  0.855E-02      -1121.71  0.5061 -0.482E-02      -1533.70  0.4800 -0.111E-02
        111.9184     -189.51  0.6850 -0.430E+00      -3007.82  0.4272 -0.207E-01      -1796.04  0.4676  0.854E-02      -1121.99  0.5061 -0.480E-02      -1533.91  0.4800 -0.111E-02
        112.4940     -183.68  0.6869 -0.430E+00      -2976.34  0.4280 -0.215E-01      -1795.92  0.4676  0.852E-02      -1122.36  0.5060 -0.479E-02      -1534.18  0.4800 -0.111E-02
        113.2446     -177.34  0.6889 -0.430E+00      -2933.13  0.4293 -0.226E-01      -1795.77  0.4676  0.850E-02      -1122.83  0.5060 -0.476E-02      -1534.53  0.4800 -0.111E-02
        114.2096     -170.06  0.6912 -0.430E+00      -2873.82  0.4309 -0.243E-01      -1795.59  0.4676  0.848E-02      -1123.45  0.5060 -0.473E-02      -1534.98  0.4799 -0.111E-02
        115.3677     -161.52  0.6940 -0.430E+00      -2796.10  0.4331 -0.266E-01      -1795.38  0.4677  0.845E-02      -1124.19  0.5059 -0.470E-02      -1535.52  0.4799 -0.111E-02
        116.9118     -152.46  0.6968 -0.430E+00      -2674.05  0.4365 -0.308E-01      -1795.13  0.4677  0.841E-02      -1125.17  0.5058 -0.465E-02      -1536.23  0.4799 -0.111E-02
        120.0000     -140.06  0.7012 -0.430E+00      -2347.03  0.4463 -0.438E-01      -1794.71  0.4677  0.833E-02      -1127.14  0.5057 -0.457E-02      -1537.61  0.4798 -0.111E-02
        122.0000     -132.16  0.7038 -0.430E+00      -2117.97  0.4546 -0.565E-01      -1794.47  0.4677  0.828E-02      -1128.41  0.5056 -0.451E-02      -1538.50  0.4798 -0.111E-02
        124.6667     -125.01  0.7064 -0.430E+00      -1791.89  0.4679 -0.779E-01      -1794.22  0.4677  0.821E-02      -1130.11  0.5054 -0.444E-02      -1539.67  0.4797 -0.111E-02
        127.3333     -118.30  0.7088 -0.430E+00      -1478.45  0.4833 -0.103E+00      -1794.03  0.4677  0.815E-02      -1131.81  0.5053 -0.437E-02      -1540.82  0.4797 -0.110E-02
        130.0000     -112.34  0.7110 -0.430E+00      -1204.42  0.4998 -0.131E+00      -1793.94  0.4677  0.809E-02      -1133.50  0.5052 -0.430E-02      -1541.95  0.4796 -0.110E-02
        130.0001     -112.34  0.7110 -0.299E-01      -1203.71  0.4998 -0.132E+00      -1793.94  0.4677  0.809E-02      -1133.50  0.5052 -0.430E-02      -1541.95  0.4796 -0.100E-02
        130.0002     -112.37  0.7110 -0.304E-01      -1203.88  0.4998 -0.132E+00      -1793.94  0.4677  0.809E-02      -1133.50  0.5052 -0.430E-02      -1541.95  0.4796 -0.100E-02
        130.0004     -112.40  0.7110 -0.305E-01      -1203.72  0.4998 -0.132E+00      -1793.94  0.4677  0.809E-02      -1133.50  0.5052 -0.430E-02      -1541.95  0.4796 -0.100E-02
        130.0006     -112.45  0.7110 -0.302E-01      -1203.76  0.4998 -0.132E+00      -1793.94  0.4677  0.809E-02      -1133.50  0.5052 -0.430E-02      -1541.95  0.4796 -0.100E-02
        130.0009     -112.51  0.7109 -0.305E-01      -1203.70  0.4998 -0.132E+00      -1793.94  0.4677  0.809E-02      -1133.50  0.5052 -0.430E-02      -1541.95  0.4796 -0.100E-02
        130.0013     -112.59  0.7109 -0.304E-01      -1203.69  0.4998 -0.132E+00      -1793.94  0.4677  0.809E-02      -1133.50  0.5052 -0.430E-02      -1541.95  0.4796 -0.100E-02
        130.0018     -112.69  0.7109 -0.301E-01      -1203.64  0.4998 -0.132E+00      -1793.94  0.4677  0.809E-02      -1133.50  0.5052 -0.430E-02      -1541.95  0.4796 -0.100E-02
        130.0024     -112.82  0.7108 -0.301E-01      -1203.59  0.4998 -0.132E+00      -1793.94  0.4677  0.809E-02      -1133.50  0.5052 -0.430E-02      -1541.95  0.4796 -0.100E-02
        130.0032     -112.98  0.7108 -0.300E-01      -1203.52  0.4998 -0.132E+00      -1793.94  0.4677  0.809E-02      -1133.50  0.5052 -0.430E-02      -1541.95  0.4796 -0.119E-02
        130.0043     -113.20  0.7107 -0.301E-01      -1203.44  0.4998 -0.132E+00      -1793.94  0.4677  0.809E-02      -1133.50  0.5052 -0.430E-02      -1541.95  0.4796 -0.114E-02
        130.0056     -113.47  0.7106 -0.299E-01      -1203.32  0.4998 -0.132E+00      -1793.94  0.4677  0.809E-02      -1133.50  0.5052 -0.430E-02      -1541.95  0.4796 -0.111E-02
        130.0074     -113.82  0.7105 -0.300E-01      -1203.18  0.4998 -0.132E+00      -1793.94  0.4677  0.809E-02      -1133.50  0.5052 -0.430E-02      -1541.95  0.4796 -0.109E-02
        130.0098     -114.27  0.7103 -0.300E-01      -1202.99  0.4999 -0.132E+00      -1793.94  0.4677  0.809E-02      -1133.51  0.5052 -0.430E-02      -1541.95  0.4796 -0.113E-02
        130.0128     -114.83  0.7101 -0.300E-01      -1202.74  0.4999 -0.132E+00      -1793.94  0.4677  0.809E-02      -1133.51  0.5052 -0.430E-02      -1541.95  0.4796 -0.110E-02
        130.0167     -115.53  0.7098 -0.300E-01      -1202.42  0.4999 -0.132E+00      -1793.94  0.4677  0.809E-02      -1133.51  0.5052 -0.430E-02      -1541.95  0.4796 -0.112E-02
        130.0218     -116.40  0.7095 -0.300E-01      -1202.00  0.4999 -0.132E+00      -1793.94  0.4677  0.809E-02      -1133.51  0.5052 -0.430E-02      -1541.96  0.4796 -0.109E-02
        130.0285     -117.46  0.7091 -0.300E-01      -1201.45  0.5000 -0.132E+00      -1793.94  0.4677  0.809E-02      -1133.52  0.5052 -0.430E-02      -1541.96  0.4796 -0.111E-02
        130.0372     -118.80  0.7086 -0.300E-01      -1200.74  0.5000 -0.132E+00      -1793.94  0.4677  0.809E-02      -1133.52  0.5052 -0.430E-02      -1541.96  0.4796 -0.111E-02
        130.0484     -120.40  0.7081 -0.300E-01      -1199.81  0.5001 -0.133E+00      -1793.94  0.4677  0.809E-02      -1133.53  0.5052 -0.430E-02      -1541.97  0.4796 -0.111E-02
        130.0630     -122.28  0.7074 -0.300E-01      -1198.61  0.5002 -0.133E+00      -1793.94  0.4677  0.809E-02      -1133.54  0.5052 -0.430E-02      -1541.97  0.4796 -0.110E-02
        130.0820     -124.44  0.7066 -0.300E-01      -1197.04  0.5003 -0.133E+00      -1793.94  0.4677  0.809E-02      -1133.55  0.5052 -0.430E-02      -1541.98  0.4796 -0.110E-02
        130.1067     -126.89  0.7058 -0.300E-01      -1195.00  0.5005 -0.133E+00      -1793.94  0.4677  0.809E-02      -1133.57  0.5052 -0.430E-02      -1541.99  0.4796 -0.111E-02
        130.1388     -129.63  0.7048 -0.300E-01      -1192.34  0.5007 -0.134E+00      -1793.94  0.4677  0.809E-02      -1133.59  0.5052 -0.430E-02      -1542.01  0.4796 -0.110E-02
        130.1806     -132.68  0.7037 -0.300E-01      -1188.88  0.5009 -0.134E+00      -1793.94  0.4677  0.809E-02      -1133.61  0.5052 -0.430E-02      -1542.02  0.4796 -0.110E-02
        130.2349     -136.04  0.7025 -0.300E-01      -1184.35  0.5013 -0.135E+00      -1793.94  0.4677  0.809E-02      -1133.65  0.5052 -0.429E-02      -1542.05  0.4796 -0.110E-02
        130.3054     -139.76  0.7012 -0.300E-01      -1178.45  0.5017 -0.136E+00      -1793.93  0.4677  0.808E-02      -1133.69  0.5052 -0.429E-02      -1542.08  0.4796 -0.110E-02
        130.3972     -143.88  0.6998 -0.300E-01      -1170.80  0.5023 -0.138E+00      -1793.93  0.4677  0.808E-02      -1133.75  0.5052 -0.429E-02      -1542.12  0.4796 -0.110E-02
        130.5164     -148.47  0.6982 -0.300E-01      -1160.82  0.5031 -0.140E+00      -1793.93  0.4677  0.808E-02      -1133.82  0.5052 -0.429E-02      -1542.17  0.4796 -0.110E-02
        130.6715     -153.96  0.6964 -0.300E-01      -1147.84  0.5041 -0.143E+00      -1793.92  0.4677  0.808E-02      -1133.92  0.5052 -0.428E-02      -1542.23  0.4796 -0.110E-02
        130.8730     -160.09  0.6944 -0.300E-01      -1130.97  0.5054 -0.146E+00      -1793.92  0.4677  0.807E-02      -1134.05  0.5051 -0.428E-02      -1542.32  0.4796 -0.110E-02
        131.1350     -166.93  0.6922 -0.300E-01      -1109.15  0.5071 -0.150E+00      -1793.91  0.4677  0.807E-02      -1134.22  0.5051 -0.427E-02      -1542.43  0.4796 -0.110E-02
        131.4756     -174.48  0.6897 -0.300E-01      -1081.15  0.5092 -0.154E+00      -1793.91  0.4677  0.806E-02      -1134.43  0.5051 -0.426E-02      -1542.57  0.4796 -0.110E-02
        131.9184     -182.81  0.6870 -0.300E-01      -1045.73  0.5119 -0.158E+00      -1793.90  0.4677  0.805E-02      -1134.72  0.5051 -0.425E-02      -1542.76  0.4796 -0.110E-02
        132.4940     -192.39  0.6840 -0.300E-01      -1002.02  0.5153 -0.162E+00      -1793.90  0.4677  0.804E-02      -1135.08  0.5051 -0.424E-02      -1543.00  0.4796 -0.110E-02
        133.2446     -203.71  0.6807 -0.300E-01       -950.68  0.5193 -0.163E+00      -1793.90  0.4677  0.802E-02      -1135.56  0.5050 -0.422E-02      -1543.31  0.4795 -0.110E-02
        134.2096     -215.78  0.6771 -0.300E-01       -905.80  0.5238 -0.169E+00      -1793.91  0.4677  0.800E-02      -1136.17  0.5050 -0.420E-02      -1543.71  0.4795 -0.110E-02
        135.3677     -228.11  0.6735 -0.300E-01       -859.00  0.5281 -0.169E+00      -1793.92  0.4677  0.797E-02      -1136.90  0.5049 -0.417E-02      -1544.19  0.4795 -0.110E-02
        136.9118     -242.54  0.6695 -0.300E-01       -810.17  0.5328 -0.163E+00      -1793.97  0.4677  0.794E-02      -1137.88  0.5048 -0.413E-02      -1544.82  0.4795 -0.110E-02
        140.0000     -266.96  0.6632 -0.300E-01       -753.22  0.5381 -0.150E+00      -1794.11  0.4677  0.787E-02      -1139.82  0.5047 -0.406E-02      -1546.07  0.4794 -0.110E-02
        142.0000     -292.15  0.6569  0.279E-07       -733.56  0.5407 -0.143E+00      -1794.23  0.4677  0.782E-02      -1141.08  0.5046 -0.401E-02      -1546.86  0.4794 -0.110E-02
        144.6667     -316.52  0.6510 -0.428E-07       -711.50  0.5431 -0.130E+00      -1794.43  0.4677  0.776E-02      -1142.76  0.5045 -0.395E-02      -1547.91  0.4793 -0.110E-02
        150.0000     -355.91  0.6422 -0.186E-08       -699.34  0.5445 -0.113E+00      -1794.97  0.4677  0.765E-02      -1146.09  0.5042 -0.384E-02      -1549.97  0.4792 -0.109E-02
end
