 ******* Program HYDRUS
 ******* 
 Welcome to HYDRUS-1D                                                    
 Date:  25. 9.    Time:  14: 9:46
 Units: L = mm   , T = min  , M = mmol 

       Time          rTop        rRoot        vTop         vRoot        vBot       sum(rTop)   sum(rRoot)    sum(vTop)   sum(vRoot)    sum(vBot)      hTop         hRoot        hBot        RunOff    sum(RunOff)     Volume     sum(Infil)    sum(Evap) TLevel Cum(WTrans)  SnowLayer
        [T]         [L/T]        [L/T]        [L/T]        [L/T]        [L/T]         [L]          [L]          [L]         [L]           [L]         [L]           [L]         [L]          [L/T]         [L]          [L]          [L]          [L]

      10.0001 -0.25000E+00  0.00000E+00 -0.25036E+00  0.00000E+00 -0.82621E-03 -0.25000E-04  0.00000E+00 -0.25036E-04  0.00000E+00 -0.82621E-07 -0.83722E+04  0.00000E+00 -0.14517E+04  0.35545E-03  0.35545E-07  0.46351E+03  0.25036E-04  0.00000E+00      1  0.00000E+00      0.000
      10.0002 -0.25000E+00  0.00000E+00 -0.25036E+00  0.00000E+00 -0.82629E-03 -0.50000E-04  0.00000E+00 -0.50071E-04  0.00000E+00 -0.16525E-06 -0.83715E+04  0.00000E+00 -0.14517E+04  0.35641E-03  0.71186E-07  0.46351E+03  0.50071E-04  0.00000E+00      2  0.00000E+00      0.000
      10.0003 -0.25000E+00  0.00000E+00 -0.25036E+00  0.00000E+00 -0.15714E-02 -0.83333E-04  0.00000E+00 -0.83452E-04  0.00000E+00 -0.37477E-06 -0.83705E+04  0.00000E+00 -0.14517E+04  0.35787E-03  0.11890E-06  0.46351E+03  0.83452E-04  0.00000E+00      3  0.00000E+00      0.000
      10.0005 -0.25000E+00  0.00000E+00 -0.25036E+00  0.00000E+00 -0.11246E-02 -0.12500E-03  0.00000E+00 -0.12518E-03  0.00000E+00 -0.56220E-06 -0.83694E+04  0.00000E+00 -0.14517E+04  0.35962E-03  0.17884E-06  0.46351E+03  0.12518E-03  0.00000E+00      4  0.00000E+00      0.000
      10.0008 -0.25000E+00  0.00000E+00 -0.24977E+00  0.00000E+00 -0.11248E-02 -0.18750E-03  0.00000E+00 -0.18762E-03  0.00000E+00 -0.84340E-06 -0.83676E+04  0.00000E+00 -0.14517E+04  0.23377E-03  0.23728E-06  0.46351E+03  0.18762E-03  0.00000E+00      5  0.00000E+00      0.000
      10.0010 -0.25000E+00  0.00000E+00 -0.24977E+00  0.00000E+00 -0.11249E-02 -0.25000E-03  0.00000E+00 -0.25006E-03  0.00000E+00 -0.11246E-05 -0.83658E+04  0.00000E+00 -0.14517E+04  0.23109E-03  0.29505E-06  0.46351E+03  0.25006E-03  0.00000E+00      6  0.00000E+00      0.000
      10.0011 -0.17000E+00  0.00000E+00 -0.16990E+00  0.00000E+00 -0.82700E-03 -0.26700E-03  0.00000E+00 -0.26705E-03  0.00000E+00 -0.12073E-05 -0.83653E+04  0.00000E+00 -0.14517E+04  0.10063E-03  0.30512E-06  0.46351E+03  0.26705E-03  0.00000E+00      7  0.00000E+00      0.000
      10.0012 -0.17000E+00  0.00000E+00 -0.16967E+00  0.00000E+00 -0.16295E-02 -0.28910E-03  0.00000E+00 -0.28911E-03  0.00000E+00 -0.14192E-05 -0.83646E+04  0.00000E+00 -0.14517E+04  0.32888E-03  0.34787E-06  0.46351E+03  0.28911E-03  0.00000E+00      8  0.00000E+00      0.000
      10.0014 -0.17000E+00  0.00000E+00 -0.17020E+00  0.00000E+00 -0.11006E-02 -0.31783E-03  0.00000E+00 -0.31787E-03  0.00000E+00 -0.16052E-05 -0.83638E+04  0.00000E+00 -0.14517E+04  0.20137E-03  0.38190E-06  0.46351E+03  0.31787E-03  0.00000E+00      9  0.00000E+00      0.000
      10.0016 -0.17000E+00  0.00000E+00 -0.17027E+00  0.00000E+00 -0.13721E-02 -0.35518E-03  0.00000E+00 -0.35528E-03  0.00000E+00 -0.19066E-05 -0.83628E+04  0.00000E+00 -0.14517E+04  0.27080E-03  0.44140E-06  0.46351E+03  0.35528E-03  0.00000E+00     10  0.00000E+00      0.000
      10.0019 -0.17000E+00  0.00000E+00 -0.17012E+00  0.00000E+00 -0.14244E-02 -0.40373E-03  0.00000E+00 -0.40387E-03  0.00000E+00 -0.23134E-05 -0.83614E+04  0.00000E+00 -0.14517E+04  0.11636E-03  0.47463E-06  0.46351E+03  0.40387E-03  0.00000E+00     11  0.00000E+00      0.000
      10.0023 -0.17000E+00  0.00000E+00 -0.17020E+00  0.00000E+00 -0.13445E-02 -0.46685E-03  0.00000E+00 -0.46706E-03  0.00000E+00 -0.28127E-05 -0.83595E+04  0.00000E+00 -0.14517E+04  0.19935E-03  0.54865E-06  0.46351E+03  0.46706E-03  0.00000E+00     12  0.00000E+00      0.000
      10.0028 -0.17000E+00  0.00000E+00 -0.16983E+00  0.00000E+00 -0.11906E-02 -0.54891E-03  0.00000E+00 -0.54904E-03  0.00000E+00 -0.33873E-05 -0.83572E+04  0.00000E+00 -0.14518E+04  0.16761E-03  0.62955E-06  0.46351E+03  0.54904E-03  0.00000E+00     13  0.00000E+00      0.000
      10.0034 -0.17000E+00  0.00000E+00 -0.17007E+00  0.00000E+00 -0.12386E-02 -0.65558E-03  0.00000E+00 -0.65576E-03  0.00000E+00 -0.41645E-05 -0.83541E+04  0.00000E+00 -0.14518E+04  0.74446E-04  0.67626E-06  0.46351E+03  0.65576E-03  0.00000E+00     14  0.00000E+00      0.000
      10.0042 -0.17000E+00  0.00000E+00 -0.16993E+00  0.00000E+00 -0.13489E-02 -0.79425E-03  0.00000E+00 -0.79438E-03  0.00000E+00 -0.52649E-05 -0.83501E+04  0.00000E+00 -0.14518E+04  0.65759E-04  0.72990E-06  0.46351E+03  0.79438E-03  0.00000E+00     15  0.00000E+00      0.000
      10.0053 -0.17000E+00  0.00000E+00 -0.17008E+00  0.00000E+00 -0.13077E-02 -0.97453E-03  0.00000E+00 -0.97474E-03  0.00000E+00 -0.66516E-05 -0.83450E+04  0.00000E+00 -0.14518E+04  0.82508E-04  0.81740E-06  0.46351E+03  0.97474E-03  0.00000E+00     16  0.00000E+00      0.000
      10.0066 -0.17000E+00  0.00000E+00 -0.16998E+00  0.00000E+00 -0.12871E-02 -0.12089E-02  0.00000E+00 -0.12091E-02  0.00000E+00 -0.84260E-05 -0.83382E+04  0.00000E+00 -0.14518E+04  0.15542E-04  0.83883E-06  0.46351E+03  0.12091E-02  0.00000E+00     17  0.00000E+00      0.000
      10.0084 -0.17000E+00  0.00000E+00 -0.17003E+00  0.00000E+00 -0.12554E-02 -0.15136E-02  0.00000E+00 -0.15138E-02  0.00000E+00 -0.10676E-04 -0.83295E+04  0.00000E+00 -0.14518E+04  0.30816E-04  0.89405E-06  0.46351E+03  0.15138E-02  0.00000E+00     18  0.00000E+00      0.000
      10.0108 -0.17000E+00  0.00000E+00 -0.16997E+00  0.00000E+00 -0.13277E-02 -0.19096E-02  0.00000E+00 -0.19098E-02  0.00000E+00 -0.13769E-04 -0.83181E+04  0.00000E+00 -0.14518E+04  0.28864E-04  0.96130E-06  0.46351E+03  0.19098E-02  0.00000E+00     19  0.00000E+00      0.000
      10.0138 -0.17000E+00  0.00000E+00 -0.17000E+00  0.00000E+00 -0.12663E-02 -0.24245E-02  0.00000E+00 -0.24247E-02  0.00000E+00 -0.17604E-04 -0.83033E+04  0.00000E+00 -0.14518E+04  0.00000E+00  0.96130E-06  0.46351E+03  0.24247E-02  0.00000E+00     20  0.00000E+00      0.000
      10.0177 -0.17000E+00  0.00000E+00 -0.17000E+00  0.00000E+00 -0.12808E-02 -0.30939E-02  0.00000E+00 -0.30940E-02  0.00000E+00 -0.22648E-04 -0.82841E+04  0.00000E+00 -0.14518E+04  0.00000E+00  0.96130E-06  0.46351E+03  0.30940E-02  0.00000E+00     21  0.00000E+00      0.000
      10.0228 -0.17000E+00  0.00000E+00 -0.17000E+00  0.00000E+00 -0.13056E-02 -0.39640E-02  0.00000E+00 -0.39642E-02  0.00000E+00 -0.29330E-04 -0.82591E+04  0.00000E+00 -0.14519E+04  0.00000E+00  0.96130E-06  0.46351E+03  0.39642E-02  0.00000E+00     22  0.00000E+00      0.000
      10.0295 -0.17000E+00  0.00000E+00 -0.17000E+00  0.00000E+00 -0.12864E-02 -0.50952E-02  0.00000E+00 -0.50954E-02  0.00000E+00 -0.37890E-04 -0.82267E+04  0.00000E+00 -0.14519E+04  0.00000E+00  0.96130E-06  0.46351E+03  0.50954E-02  0.00000E+00     23  0.00000E+00      0.000
      10.0382 -0.17000E+00  0.00000E+00 -0.16999E+00  0.00000E+00 -0.12969E-02 -0.65658E-02  0.00000E+00 -0.65659E-02  0.00000E+00 -0.49109E-04 -0.81845E+04  0.00000E+00 -0.14520E+04  0.00000E+00  0.96130E-06  0.46351E+03  0.65659E-02  0.00000E+00     24  0.00000E+00      0.000
      10.0494 -0.17000E+00  0.00000E+00 -0.17000E+00  0.00000E+00 -0.12981E-02 -0.84775E-02  0.00000E+00 -0.84776E-02  0.00000E+00 -0.63706E-04 -0.81297E+04  0.00000E+00 -0.14521E+04  0.00000E+00  0.96130E-06  0.46352E+03  0.84776E-02  0.00000E+00     25  0.00000E+00      0.000
      10.0640 -0.17000E+00  0.00000E+00 -0.17000E+00  0.00000E+00 -0.12946E-02 -0.10963E-01  0.00000E+00 -0.10963E-01  0.00000E+00 -0.82632E-04 -0.80585E+04  0.00000E+00 -0.14521E+04  0.00000E+00  0.96130E-06  0.46352E+03  0.10963E-01  0.00000E+00     26  0.00000E+00      0.000
      10.0830 -0.17000E+00  0.00000E+00 -0.17000E+00  0.00000E+00 -0.12933E-02 -0.14194E-01  0.00000E+00 -0.14194E-01  0.00000E+00 -0.10721E-03 -0.79661E+04  0.00000E+00 -0.14523E+04  0.00000E+00  0.96130E-06  0.46352E+03  0.14194E-01  0.00000E+00     27  0.00000E+00      0.000
      10.1077 -0.17000E+00  0.00000E+00 -0.17000E+00  0.00000E+00 -0.12928E-02 -0.18394E-01  0.00000E+00 -0.18394E-01  0.00000E+00 -0.13915E-03 -0.78460E+04  0.00000E+00 -0.14524E+04  0.00000E+00  0.96130E-06  0.46353E+03  0.18394E-01  0.00000E+00     28  0.00000E+00      0.000
      10.1398 -0.17000E+00  0.00000E+00 -0.17000E+00  0.00000E+00 -0.12943E-02 -0.23854E-01  0.00000E+00 -0.23854E-01  0.00000E+00 -0.18072E-03 -0.77045E+04  0.00000E+00 -0.14526E+04  0.00000E+00  0.96130E-06  0.46353E+03  0.23854E-01  0.00000E+00     29  0.00000E+00      0.000
      10.1816 -0.17000E+00  0.00000E+00 -0.17000E+00  0.00000E+00 -0.12920E-02 -0.30952E-01  0.00000E+00 -0.30952E-01  0.00000E+00 -0.23467E-03 -0.75539E+04  0.00000E+00 -0.14529E+04  0.00000E+00  0.96130E-06  0.46354E+03  0.30952E-01  0.00000E+00     30  0.00000E+00      0.000
      10.2359 -0.17000E+00  0.00000E+00 -0.17000E+00  0.00000E+00 -0.12916E-02 -0.40180E-01  0.00000E+00 -0.40180E-01  0.00000E+00 -0.30477E-03 -0.73522E+04  0.00000E+00 -0.14532E+04  0.00000E+00  0.96130E-06  0.46355E+03  0.40180E-01  0.00000E+00     31  0.00000E+00      0.000
      10.3064 -0.17000E+00  0.00000E+00 -0.17000E+00  0.00000E+00 -0.12922E-02 -0.52175E-01  0.00000E+00 -0.52176E-01  0.00000E+00 -0.39595E-03 -0.70972E+04  0.00000E+00 -0.14536E+04  0.00000E+00  0.96130E-06  0.46356E+03  0.52176E-01  0.00000E+00     32  0.00000E+00      0.000
      10.3982 -0.17000E+00  0.00000E+00 -0.17000E+00  0.00000E+00 -0.12900E-02 -0.67770E-01  0.00000E+00 -0.67770E-01  0.00000E+00 -0.51429E-03 -0.67651E+04  0.00000E+00 -0.14541E+04  0.00000E+00  0.96130E-06  0.46358E+03  0.67770E-01  0.00000E+00     33  0.00000E+00      0.000
      10.5174 -0.17000E+00  0.00000E+00 -0.17000E+00  0.00000E+00 -0.12896E-02 -0.88043E-01  0.00000E+00 -0.88043E-01  0.00000E+00 -0.66808E-03 -0.63378E+04  0.00000E+00 -0.14547E+04  0.00000E+00  0.96130E-06  0.46360E+03  0.88043E-01  0.00000E+00     34  0.00000E+00      0.000
      10.6725 -0.17000E+00  0.00000E+00 -0.17000E+00  0.00000E+00 -0.12887E-02 -0.11440E+00  0.00000E+00 -0.11440E+00  0.00000E+00 -0.86786E-03 -0.58830E+04  0.00000E+00 -0.14555E+04  0.00000E+00  0.96130E-06  0.46362E+03  0.11440E+00  0.00000E+00     35  0.00000E+00      0.000
      10.8740 -0.17000E+00  0.00000E+00 -0.17000E+00  0.00000E+00 -0.12868E-02 -0.14866E+00  0.00000E+00 -0.14866E+00  0.00000E+00 -0.11272E-02 -0.53475E+04  0.00000E+00 -0.14564E+04  0.00000E+00  0.96130E-06  0.46366E+03  0.14866E+00  0.00000E+00     36  0.00000E+00      0.000
      11.1360 -0.17000E+00  0.00000E+00 -0.17000E+00  0.00000E+00 -0.12850E-02 -0.19320E+00  0.00000E+00 -0.19320E+00  0.00000E+00 -0.14639E-02 -0.47271E+04  0.00000E+00 -0.14575E+04  0.00000E+00  0.96130E-06  0.46370E+03  0.19320E+00  0.00000E+00     37  0.00000E+00      0.000
      11.4766 -0.17000E+00  0.00000E+00 -0.17000E+00  0.00000E+00 -0.12831E-02 -0.25110E+00  0.00000E+00 -0.25110E+00  0.00000E+00 -0.19009E-02 -0.41084E+04  0.00000E+00 -0.14588E+04  0.00000E+00  0.96130E-06  0.46376E+03  0.25110E+00  0.00000E+00     38  0.00000E+00      0.000
      11.9194 -0.17000E+00  0.00000E+00 -0.17000E+00  0.00000E+00 -0.12802E-02 -0.32637E+00  0.00000E+00 -0.32637E+00  0.00000E+00 -0.24677E-02 -0.34936E+04  0.00000E+00 -0.14604E+04  0.00000E+00  0.96130E-06  0.46383E+03  0.32637E+00  0.00000E+00     39  0.00000E+00      0.000
      12.4950 -0.17000E+00  0.00000E+00 -0.17000E+00  0.00000E+00 -0.12768E-02 -0.42423E+00  0.00000E+00 -0.42423E+00  0.00000E+00 -0.32026E-02 -0.29238E+04  0.00000E+00 -0.14621E+04  0.00000E+00  0.96130E-06  0.46393E+03  0.42423E+00  0.00000E+00     40  0.00000E+00      0.000
      13.2455 -0.17000E+00  0.00000E+00 -0.17000E+00  0.00000E+00 -0.12728E-02 -0.55181E+00  0.00000E+00 -0.55181E+00  0.00000E+00 -0.41578E-02 -0.24184E+04  0.00000E+00 -0.14641E+04  0.00000E+00  0.96130E-06  0.46406E+03  0.55181E+00  0.00000E+00     41  0.00000E+00      0.000
      13.9960 -0.17000E+00  0.00000E+00 -0.17000E+00  0.00000E+00 -0.12690E-02 -0.67940E+00  0.00000E+00 -0.67940E+00  0.00000E+00 -0.51102E-02 -0.21378E+04  0.00000E+00 -0.14658E+04  0.00000E+00  0.96130E-06  0.46418E+03  0.67940E+00  0.00000E+00     42  0.00000E+00      0.000
      14.7465 -0.17000E+00  0.00000E+00 -0.17000E+00  0.00000E+00 -0.12657E-02 -0.80698E+00  0.00000E+00 -0.80698E+00  0.00000E+00 -0.60601E-02 -0.19068E+04  0.00000E+00 -0.14673E+04  0.00000E+00  0.96130E-06  0.46431E+03  0.80698E+00  0.00000E+00     43  0.00000E+00      0.000
      15.7972 -0.17000E+00  0.00000E+00 -0.17000E+00  0.00000E+00 -0.12612E-02 -0.98560E+00  0.00000E+00 -0.98560E+00  0.00000E+00 -0.73852E-02 -0.17150E+04  0.00000E+00 -0.14693E+04  0.00000E+00  0.96130E-06  0.46449E+03  0.98560E+00  0.00000E+00     44  0.00000E+00      0.000
      17.1981 -0.17000E+00  0.00000E+00 -0.17000E+00  0.00000E+00 -0.12557E-02 -0.12238E+01  0.00000E+00 -0.12238E+01  0.00000E+00 -0.91444E-02 -0.15087E+04  0.00000E+00 -0.14715E+04  0.00000E+00  0.96130E-06  0.46472E+03  0.12238E+01  0.00000E+00     45  0.00000E+00      0.000
      18.5991 -0.17000E+00  0.00000E+00 -0.17000E+00  0.00000E+00 -0.12508E-02 -0.14619E+01  0.00000E+00 -0.14619E+01  0.00000E+00 -0.10897E-01 -0.13651E+04  0.00000E+00 -0.14736E+04  0.00000E+00  0.96130E-06  0.46496E+03  0.14619E+01  0.00000E+00     46  0.00000E+00      0.000
      20.0000 -0.17000E+00  0.00000E+00 -0.17000E+00  0.00000E+00 -0.12461E-02 -0.17001E+01  0.00000E+00 -0.17001E+01  0.00000E+00 -0.12642E-01 -0.12354E+04  0.00000E+00 -0.14754E+04  0.00000E+00  0.96130E-06  0.46520E+03  0.17001E+01  0.00000E+00     47  0.00000E+00      0.000
      21.6667 -0.16000E+00  0.00000E+00 -0.16000E+00  0.00000E+00 -0.12410E-02 -0.19667E+01  0.00000E+00 -0.19667E+01  0.00000E+00 -0.14711E-01 -0.11537E+04  0.00000E+00 -0.14774E+04  0.00000E+00  0.96130E-06  0.46546E+03  0.19667E+01  0.00000E+00     48  0.00000E+00      0.000
      23.3333 -0.16000E+00  0.00000E+00 -0.16000E+00  0.00000E+00 -0.12363E-02 -0.22334E+01  0.00000E+00 -0.22334E+01  0.00000E+00 -0.16771E-01 -0.10722E+04  0.00000E+00 -0.14793E+04  0.00000E+00  0.96130E-06  0.46572E+03  0.22334E+01  0.00000E+00     49  0.00000E+00      0.000
      25.5556 -0.16000E+00  0.00000E+00 -0.16000E+00  0.00000E+00 -0.12303E-02 -0.25890E+01  0.00000E+00 -0.25890E+01  0.00000E+00 -0.19505E-01 -0.98228E+03  0.00000E+00 -0.14816E+04  0.00000E+00  0.96130E-06  0.46608E+03  0.25890E+01  0.00000E+00     50  0.00000E+00      0.000
      27.7778 -0.16000E+00  0.00000E+00 -0.16000E+00  0.00000E+00 -0.12247E-02 -0.29445E+01  0.00000E+00 -0.29445E+01  0.00000E+00 -0.22227E-01 -0.90887E+03  0.00000E+00 -0.14838E+04  0.00000E+00  0.96130E-06  0.46643E+03  0.29445E+01  0.00000E+00     51  0.00000E+00      0.000
      30.0000 -0.16000E+00  0.00000E+00 -0.16000E+00  0.00000E+00 -0.12195E-02 -0.33001E+01  0.00000E+00 -0.33001E+01  0.00000E+00 -0.24937E-01 -0.85572E+03  0.00000E+00 -0.14858E+04  0.00000E+00  0.96130E-06  0.46678E+03  0.33001E+01  0.00000E+00     52  0.00000E+00      0.000
      30.0001 -0.20000E+00  0.00000E+00 -0.20084E+00  0.00000E+00 -0.94498E-03 -0.33001E+01  0.00000E+00 -0.33001E+01  0.00000E+00 -0.24937E-01 -0.85610E+03  0.00000E+00 -0.14858E+04  0.84278E-03  0.10456E-05  0.46678E+03  0.33001E+01  0.00000E+00     53  0.00000E+00      0.000
      30.0002 -0.20000E+00  0.00000E+00 -0.19980E+00  0.00000E+00 -0.94503E-03 -0.33001E+01  0.00000E+00 -0.33001E+01  0.00000E+00 -0.24937E-01 -0.85600E+03  0.00000E+00 -0.14858E+04  0.20030E-03  0.10716E-05  0.46678E+03  0.33001E+01  0.00000E+00     54  0.00000E+00      0.000
      30.0004 -0.20000E+00  0.00000E+00 -0.20009E+00  0.00000E+00 -0.94503E-03 -0.33002E+01  0.00000E+00 -0.33002E+01  0.00000E+00 -0.24937E-01 -0.85605E+03  0.00000E+00 -0.14858E+04  0.88036E-04  0.10865E-05  0.46678E+03  0.33002E+01  0.00000E+00     55  0.00000E+00      0.000
      30.0006 -0.20000E+00  0.00000E+00 -0.20006E+00  0.00000E+00 -0.94497E-03 -0.33002E+01  0.00000E+00 -0.33002E+01  0.00000E+00 -0.24938E-01 -0.85600E+03  0.00000E+00 -0.14858E+04  0.58159E-04  0.10993E-05  0.46678E+03  0.33002E+01  0.00000E+00     56  0.00000E+00      0.000
      30.0009 -0.20000E+00  0.00000E+00 -0.20041E+00  0.00000E+00 -0.14668E-02 -0.33003E+01  0.00000E+00 -0.33003E+01  0.00000E+00 -0.24938E-01 -0.85599E+03  0.00000E+00 -0.14858E+04  0.40674E-03  0.12154E-05  0.46678E+03  0.33003E+01  0.00000E+00     57  0.00000E+00      0.000
      30.0013 -0.20000E+00  0.00000E+00 -0.20017E+00  0.00000E+00 -0.13464E-02 -0.33003E+01  0.00000E+00 -0.33003E+01  0.00000E+00 -0.24938E-01 -0.85594E+03  0.00000E+00 -0.14858E+04  0.17345E-03  0.12798E-05  0.46678E+03  0.33003E+01  0.00000E+00     58  0.00000E+00      0.000
      30.0018 -0.20000E+00  0.00000E+00 -0.20032E+00  0.00000E+00 -0.12537E-02 -0.33004E+01  0.00000E+00 -0.33004E+01  0.00000E+00 -0.24939E-01 -0.85589E+03  0.00000E+00 -0.14858E+04  0.32423E-03  0.14363E-05  0.46678E+03  0.33004E+01  0.00000E+00     59  0.00000E+00      0.000
      30.0024 -0.20000E+00  0.00000E+00 -0.19997E+00  0.00000E+00 -0.11825E-02 -0.33006E+01  0.00000E+00 -0.33006E+01  0.00000E+00 -0.24940E-01 -0.85583E+03  0.00000E+00 -0.14858E+04  0.28893E-04  0.14545E-05  0.46678E+03  0.33006E+01  0.00000E+00     60  0.00000E+00      0.000
      30.0032 -0.20000E+00  0.00000E+00 -0.19990E+00  0.00000E+00 -0.13103E-02 -0.33007E+01  0.00000E+00 -0.33007E+01  0.00000E+00 -0.24941E-01 -0.85574E+03  0.00000E+00 -0.14858E+04  0.99495E-04  0.15356E-05  0.46678E+03  0.33007E+01  0.00000E+00     61  0.00000E+00      0.000
      30.0043 -0.20000E+00  0.00000E+00 -0.19989E+00  0.00000E+00 -0.12262E-02 -0.33009E+01  0.00000E+00 -0.33009E+01  0.00000E+00 -0.24942E-01 -0.85563E+03  0.00000E+00 -0.14858E+04  0.10706E-03  0.16492E-05  0.46678E+03  0.33009E+01  0.00000E+00     62  0.00000E+00      0.000
      30.0056 -0.20000E+00  0.00000E+00 -0.19993E+00  0.00000E+00 -0.11613E-02 -0.33012E+01  0.00000E+00 -0.33012E+01  0.00000E+00 -0.24944E-01 -0.85549E+03  0.00000E+00 -0.14858E+04  0.65222E-04  0.17391E-05  0.46678E+03  0.33012E+01  0.00000E+00     63  0.00000E+00      0.000
      30.0074 -0.20000E+00  0.00000E+00 -0.20003E+00  0.00000E+00 -0.11945E-02 -0.33016E+01  0.00000E+00 -0.33016E+01  0.00000E+00 -0.24946E-01 -0.85530E+03  0.00000E+00 -0.14858E+04  0.33736E-04  0.17995E-05  0.46678E+03  0.33016E+01  0.00000E+00     64  0.00000E+00      0.000
      30.0098 -0.20000E+00  0.00000E+00 -0.20004E+00  0.00000E+00 -0.12009E-02 -0.33020E+01  0.00000E+00 -0.33020E+01  0.00000E+00 -0.24949E-01 -0.85506E+03  0.00000E+00 -0.14858E+04  0.38251E-04  0.18887E-05  0.46679E+03  0.33020E+01  0.00000E+00     65  0.00000E+00      0.000
      30.0128 -0.20000E+00  0.00000E+00 -0.19998E+00  0.00000E+00 -0.12403E-02 -0.33026E+01  0.00000E+00 -0.33026E+01  0.00000E+00 -0.24952E-01 -0.85474E+03  0.00000E+00 -0.14858E+04  0.20102E-04  0.19495E-05  0.46679E+03  0.33026E+01  0.00000E+00     66  0.00000E+00      0.000
      30.0167 -0.20000E+00  0.00000E+00 -0.19998E+00  0.00000E+00 -0.12101E-02 -0.33034E+01  0.00000E+00 -0.33034E+01  0.00000E+00 -0.24957E-01 -0.85434E+03  0.00000E+00 -0.14858E+04  0.15363E-04  0.20100E-05  0.46679E+03  0.33034E+01  0.00000E+00     67  0.00000E+00      0.000
      30.0218 -0.20000E+00  0.00000E+00 -0.20002E+00  0.00000E+00 -0.12071E-02 -0.33044E+01  0.00000E+00 -0.33045E+01  0.00000E+00 -0.24963E-01 -0.85381E+03  0.00000E+00 -0.14858E+04  0.17539E-04  0.20998E-05  0.46679E+03  0.33045E+01  0.00000E+00     68  0.00000E+00      0.000
      30.0285 -0.20000E+00  0.00000E+00 -0.19999E+00  0.00000E+00 -0.12138E-02 -0.33058E+01  0.00000E+00 -0.33058E+01  0.00000E+00 -0.24971E-01 -0.85313E+03  0.00000E+00 -0.14858E+04  0.12547E-04  0.21833E-05  0.46679E+03  0.33058E+01  0.00000E+00     69  0.00000E+00      0.000
      30.0372 -0.20000E+00  0.00000E+00 -0.20001E+00  0.00000E+00 -0.12209E-02 -0.33075E+01  0.00000E+00 -0.33075E+01  0.00000E+00 -0.24982E-01 -0.85225E+03  0.00000E+00 -0.14858E+04  0.14544E-04  0.23091E-05  0.46679E+03  0.33075E+01  0.00000E+00     70  0.00000E+00      0.000
      30.0484 -0.20000E+00  0.00000E+00 -0.20000E+00  0.00000E+00 -0.12235E-02 -0.33098E+01  0.00000E+00 -0.33098E+01  0.00000E+00 -0.24996E-01 -0.85111E+03  0.00000E+00 -0.14858E+04  0.00000E+00  0.23091E-05  0.46679E+03  0.33098E+01  0.00000E+00     71  0.00000E+00      0.000
      30.0630 -0.20000E+00  0.00000E+00 -0.20000E+00  0.00000E+00 -0.12206E-02 -0.33127E+01  0.00000E+00 -0.33127E+01  0.00000E+00 -0.25014E-01 -0.84966E+03  0.00000E+00 -0.14859E+04  0.00000E+00  0.23091E-05  0.46680E+03  0.33127E+01  0.00000E+00     72  0.00000E+00      0.000
      30.0820 -0.20000E+00  0.00000E+00 -0.20000E+00  0.00000E+00 -0.12199E-02 -0.33165E+01  0.00000E+00 -0.33165E+01  0.00000E+00 -0.25037E-01 -0.84780E+03  0.00000E+00 -0.14859E+04  0.00000E+00  0.23091E-05  0.46680E+03  0.33165E+01  0.00000E+00     73  0.00000E+00      0.000
      30.1067 -0.20000E+00  0.00000E+00 -0.20000E+00  0.00000E+00 -0.12171E-02 -0.33214E+01  0.00000E+00 -0.33214E+01  0.00000E+00 -0.25067E-01 -0.84543E+03  0.00000E+00 -0.14859E+04  0.00000E+00  0.23091E-05  0.46680E+03  0.33214E+01  0.00000E+00     74  0.00000E+00      0.000
      30.1388 -0.20000E+00  0.00000E+00 -0.20000E+00  0.00000E+00 -0.12196E-02 -0.33278E+01  0.00000E+00 -0.33279E+01  0.00000E+00 -0.25106E-01 -0.84243E+03  0.00000E+00 -0.14859E+04  0.00000E+00  0.23091E-05  0.46681E+03  0.33279E+01  0.00000E+00     75  0.00000E+00      0.000
      30.1806 -0.20000E+00  0.00000E+00 -0.20000E+00  0.00000E+00 -0.12173E-02 -0.33362E+01  0.00000E+00 -0.33362E+01  0.00000E+00 -0.25157E-01 -0.83865E+03  0.00000E+00 -0.14860E+04  0.00000E+00  0.23091E-05  0.46682E+03  0.33362E+01  0.00000E+00     76  0.00000E+00      0.000
      30.2349 -0.20000E+00  0.00000E+00 -0.20000E+00  0.00000E+00 -0.12181E-02 -0.33471E+01  0.00000E+00 -0.33471E+01  0.00000E+00 -0.25223E-01 -0.83394E+03  0.00000E+00 -0.14860E+04  0.00000E+00  0.23091E-05  0.46683E+03  0.33471E+01  0.00000E+00     77  0.00000E+00      0.000
      30.3054 -0.20000E+00  0.00000E+00 -0.20000E+00  0.00000E+00 -0.12192E-02 -0.33612E+01  0.00000E+00 -0.33612E+01  0.00000E+00 -0.25309E-01 -0.82811E+03  0.00000E+00 -0.14861E+04  0.00000E+00  0.23091E-05  0.46684E+03  0.33612E+01  0.00000E+00     78  0.00000E+00      0.000
      30.3972 -0.20000E+00  0.00000E+00 -0.20000E+00  0.00000E+00 -0.12185E-02 -0.33795E+01  0.00000E+00 -0.33795E+01  0.00000E+00 -0.25421E-01 -0.82098E+03  0.00000E+00 -0.14862E+04  0.00000E+00  0.23091E-05  0.46686E+03  0.33795E+01  0.00000E+00     79  0.00000E+00      0.000
      30.5164 -0.20000E+00  0.00000E+00 -0.20000E+00  0.00000E+00 -0.12178E-02 -0.34034E+01  0.00000E+00 -0.34034E+01  0.00000E+00 -0.25566E-01 -0.81233E+03  0.00000E+00 -0.14863E+04  0.00000E+00  0.23091E-05  0.46689E+03  0.34034E+01  0.00000E+00     80  0.00000E+00      0.000
      30.6715 -0.20000E+00  0.00000E+00 -0.20000E+00  0.00000E+00 -0.12178E-02 -0.34344E+01  0.00000E+00 -0.34344E+01  0.00000E+00 -0.25755E-01 -0.80194E+03  0.00000E+00 -0.14864E+04  0.00000E+00  0.23091E-05  0.46692E+03  0.34344E+01  0.00000E+00     81  0.00000E+00      0.000
      30.8730 -0.20000E+00  0.00000E+00 -0.20000E+00  0.00000E+00 -0.12174E-02 -0.34747E+01  0.00000E+00 -0.34747E+01  0.00000E+00 -0.26000E-01 -0.78951E+03  0.00000E+00 -0.14866E+04  0.00000E+00  0.23091E-05  0.46696E+03  0.34747E+01  0.00000E+00     82  0.00000E+00      0.000
      31.1350 -0.20000E+00  0.00000E+00 -0.20000E+00  0.00000E+00 -0.12166E-02 -0.35271E+01  0.00000E+00 -0.35271E+01  0.00000E+00 -0.26319E-01 -0.77469E+03  0.00000E+00 -0.14868E+04  0.00000E+00  0.23091E-05  0.46701E+03  0.35271E+01  0.00000E+00     83  0.00000E+00      0.000
      31.4756 -0.20000E+00  0.00000E+00 -0.20000E+00  0.00000E+00 -0.12160E-02 -0.35952E+01  0.00000E+00 -0.35952E+01  0.00000E+00 -0.26733E-01 -0.75692E+03  0.00000E+00 -0.14871E+04  0.00000E+00  0.23091E-05  0.46708E+03  0.35952E+01  0.00000E+00     84  0.00000E+00      0.000
      31.9184 -0.20000E+00  0.00000E+00 -0.20000E+00  0.00000E+00 -0.12151E-02 -0.36838E+01  0.00000E+00 -0.36838E+01  0.00000E+00 -0.27271E-01 -0.74138E+03  0.00000E+00 -0.14875E+04  0.00000E+00  0.23091E-05  0.46716E+03  0.36838E+01  0.00000E+00     85  0.00000E+00      0.000
      32.4940 -0.20000E+00  0.00000E+00 -0.20000E+00  0.00000E+00 -0.12139E-02 -0.37989E+01  0.00000E+00 -0.37989E+01  0.00000E+00 -0.27970E-01 -0.72465E+03  0.00000E+00 -0.14880E+04  0.00000E+00  0.23091E-05  0.46728E+03  0.37989E+01  0.00000E+00     86  0.00000E+00      0.000
      33.2446 -0.20000E+00  0.00000E+00 -0.20000E+00  0.00000E+00 -0.12122E-02 -0.39490E+01  0.00000E+00 -0.39490E+01  0.00000E+00 -0.28880E-01 -0.70602E+03  0.00000E+00 -0.14886E+04  0.00000E+00  0.23091E-05  0.46743E+03  0.39490E+01  0.00000E+00     87  0.00000E+00      0.000
      34.2096 -0.20000E+00  0.00000E+00 -0.20000E+00  0.00000E+00 -0.12101E-02 -0.41420E+01  0.00000E+00 -0.41420E+01  0.00000E+00 -0.30048E-01 -0.68297E+03  0.00000E+00 -0.14894E+04  0.00000E+00  0.23091E-05  0.46762E+03  0.41420E+01  0.00000E+00     88  0.00000E+00      0.000
      35.3677 -0.20000E+00  0.00000E+00 -0.20000E+00  0.00000E+00 -0.12078E-02 -0.43736E+01  0.00000E+00 -0.43736E+01  0.00000E+00 -0.31446E-01 -0.65597E+03  0.00000E+00 -0.14903E+04  0.00000E+00  0.23091E-05  0.46785E+03  0.43736E+01  0.00000E+00     89  0.00000E+00      0.000
      36.9118 -0.20000E+00  0.00000E+00 -0.20000E+00  0.00000E+00 -0.12046E-02 -0.46824E+01  0.00000E+00 -0.46824E+01  0.00000E+00 -0.33306E-01 -0.62388E+03  0.00000E+00 -0.14915E+04  0.00000E+00  0.23091E-05  0.46816E+03  0.46824E+01  0.00000E+00     90  0.00000E+00      0.000
      40.0000 -0.20000E+00  0.00000E+00 -0.20000E+00  0.00000E+00 -0.11987E-02 -0.53001E+01  0.00000E+00 -0.53001E+01  0.00000E+00 -0.37008E-01 -0.57787E+03  0.00000E+00 -0.14937E+04  0.00000E+00  0.23091E-05  0.46877E+03  0.53001E+01  0.00000E+00     91  0.00000E+00      0.000
      42.0000 -0.24000E+00  0.00000E+00 -0.24000E+00  0.00000E+00 -0.11950E-02 -0.57801E+01  0.00000E+00 -0.57801E+01  0.00000E+00 -0.39398E-01 -0.51941E+03  0.00000E+00 -0.14952E+04  0.00000E+00  0.23091E-05  0.46925E+03  0.57801E+01  0.00000E+00     92  0.00000E+00      0.000
      44.0000 -0.24000E+00  0.00000E+00 -0.24000E+00  0.00000E+00 -0.11913E-02 -0.62601E+01  0.00000E+00 -0.62601E+01  0.00000E+00 -0.41780E-01 -0.48244E+03  0.00000E+00 -0.14965E+04  0.00000E+00  0.23091E-05  0.46973E+03  0.62601E+01  0.00000E+00     93  0.00000E+00      0.000
      46.0000 -0.24000E+00  0.00000E+00 -0.24000E+00  0.00000E+00 -0.11879E-02 -0.67401E+01  0.00000E+00 -0.67401E+01  0.00000E+00 -0.44156E-01 -0.45351E+03  0.00000E+00 -0.14979E+04  0.00000E+00  0.23091E-05  0.47020E+03  0.67401E+01  0.00000E+00     94  0.00000E+00      0.000
      50.0000 -0.24000E+00  0.00000E+00 -0.24000E+00  0.00000E+00 -0.11811E-02 -0.77001E+01  0.00000E+00 -0.77001E+01  0.00000E+00 -0.48881E-01 -0.41574E+03  0.00000E+00 -0.15004E+04  0.00000E+00  0.23091E-05  0.47116E+03  0.77001E+01  0.00000E+00     95  0.00000E+00      0.000
      52.5000 -0.21000E+00  0.00000E+00 -0.21000E+00  0.00000E+00 -0.11770E-02 -0.82251E+01  0.00000E+00 -0.82251E+01  0.00000E+00 -0.51823E-01 -0.41220E+03  0.00000E+00 -0.15019E+04  0.00000E+00  0.23091E-05  0.47168E+03  0.82251E+01  0.00000E+00     96  0.00000E+00      0.000
      55.0000 -0.21000E+00  0.00000E+00 -0.21000E+00  0.00000E+00 -0.11730E-02 -0.87501E+01  0.00000E+00 -0.87501E+01  0.00000E+00 -0.54756E-01 -0.39738E+03  0.00000E+00 -0.15034E+04  0.00000E+00  0.23091E-05  0.47220E+03  0.87501E+01  0.00000E+00     97  0.00000E+00      0.000
      60.0000 -0.21000E+00  0.00000E+00 -0.21000E+00  0.00000E+00 -0.11654E-02 -0.98001E+01  0.00000E+00 -0.98001E+01  0.00000E+00 -0.60583E-01 -0.37013E+03  0.00000E+00 -0.15063E+04  0.00000E+00  0.23091E-05  0.47325E+03  0.98001E+01  0.00000E+00     98  0.00000E+00      0.000
      60.0001 -0.17000E+00  0.00000E+00 -0.16989E+00  0.00000E+00 -0.99263E-03 -0.98001E+01  0.00000E+00 -0.98001E+01  0.00000E+00 -0.60583E-01 -0.37046E+03  0.00000E+00 -0.15063E+04  0.11399E-03  0.23205E-05  0.47325E+03  0.98001E+01  0.00000E+00     99  0.00000E+00      0.000
      60.0002 -0.17000E+00  0.00000E+00 -0.16919E+00  0.00000E+00 -0.99271E-03 -0.98001E+01  0.00000E+00 -0.98001E+01  0.00000E+00 -0.60583E-01 -0.37038E+03  0.00000E+00 -0.15063E+04  0.81111E-03  0.24260E-05  0.47325E+03  0.98001E+01  0.00000E+00    100  0.00000E+00      0.000
      60.0004 -0.17000E+00  0.00000E+00 -0.17039E+00  0.00000E+00 -0.99270E-03 -0.98001E+01  0.00000E+00 -0.98001E+01  0.00000E+00 -0.60583E-01 -0.37045E+03  0.00000E+00 -0.15063E+04  0.39040E-03  0.24919E-05  0.47325E+03  0.98001E+01  0.00000E+00    101  0.00000E+00      0.000
      60.0006 -0.17000E+00  0.00000E+00 -0.17045E+00  0.00000E+00 -0.99268E-03 -0.98002E+01  0.00000E+00 -0.98002E+01  0.00000E+00 -0.60583E-01 -0.37043E+03  0.00000E+00 -0.15063E+04  0.44678E-03  0.25901E-05  0.47325E+03  0.98002E+01  0.00000E+00    102  0.00000E+00      0.000
      60.0009 -0.17000E+00  0.00000E+00 -0.17016E+00  0.00000E+00 -0.99268E-03 -0.98002E+01  0.00000E+00 -0.98002E+01  0.00000E+00 -0.60584E-01 -0.37046E+03  0.00000E+00 -0.15063E+04  0.15999E-03  0.26358E-05  0.47325E+03  0.98002E+01  0.00000E+00    103  0.00000E+00      0.000
      60.0013 -0.17000E+00  0.00000E+00 -0.17030E+00  0.00000E+00 -0.99268E-03 -0.98003E+01  0.00000E+00 -0.98003E+01  0.00000E+00 -0.60584E-01 -0.37046E+03  0.00000E+00 -0.15063E+04  0.30352E-03  0.27485E-05  0.47325E+03  0.98003E+01  0.00000E+00    104  0.00000E+00      0.000
      60.0018 -0.17000E+00  0.00000E+00 -0.16975E+00  0.00000E+00 -0.13014E-02 -0.98004E+01  0.00000E+00 -0.98004E+01  0.00000E+00 -0.60585E-01 -0.37048E+03  0.00000E+00 -0.15063E+04  0.25487E-03  0.28715E-05  0.47325E+03  0.98004E+01  0.00000E+00    105  0.00000E+00      0.000
      60.0024 -0.17000E+00  0.00000E+00 -0.16987E+00  0.00000E+00 -0.12302E-02 -0.98005E+01  0.00000E+00 -0.98005E+01  0.00000E+00 -0.60586E-01 -0.37050E+03  0.00000E+00 -0.15063E+04  0.12690E-03  0.29511E-05  0.47325E+03  0.98005E+01  0.00000E+00    106  0.00000E+00      0.000
      60.0032 -0.17000E+00  0.00000E+00 -0.16996E+00  0.00000E+00 -0.11753E-02 -0.98006E+01  0.00000E+00 -0.98006E+01  0.00000E+00 -0.60586E-01 -0.37053E+03  0.00000E+00 -0.15063E+04  0.36404E-04  0.29808E-05  0.47325E+03  0.98006E+01  0.00000E+00    107  0.00000E+00      0.000
      60.0043 -0.17000E+00  0.00000E+00 -0.16988E+00  0.00000E+00 -0.11332E-02 -0.98008E+01  0.00000E+00 -0.98008E+01  0.00000E+00 -0.60588E-01 -0.37056E+03  0.00000E+00 -0.15063E+04  0.12137E-03  0.31095E-05  0.47325E+03  0.98008E+01  0.00000E+00    108  0.00000E+00      0.000
      60.0056 -0.17000E+00  0.00000E+00 -0.16990E+00  0.00000E+00 -0.12088E-02 -0.98010E+01  0.00000E+00 -0.98010E+01  0.00000E+00 -0.60589E-01 -0.37060E+03  0.00000E+00 -0.15063E+04  0.97558E-04  0.32440E-05  0.47325E+03  0.98010E+01  0.00000E+00    109  0.00000E+00      0.000
      60.0074 -0.17000E+00  0.00000E+00 -0.17003E+00  0.00000E+00 -0.11590E-02 -0.98013E+01  0.00000E+00 -0.98013E+01  0.00000E+00 -0.60591E-01 -0.37066E+03  0.00000E+00 -0.15063E+04  0.27046E-04  0.32925E-05  0.47325E+03  0.98013E+01  0.00000E+00    110  0.00000E+00      0.000
      60.0098 -0.17000E+00  0.00000E+00 -0.17004E+00  0.00000E+00 -0.11845E-02 -0.98017E+01  0.00000E+00 -0.98017E+01  0.00000E+00 -0.60594E-01 -0.37073E+03  0.00000E+00 -0.15063E+04  0.35018E-04  0.33741E-05  0.47325E+03  0.98017E+01  0.00000E+00    111  0.00000E+00      0.000
      60.0128 -0.17000E+00  0.00000E+00 -0.17004E+00  0.00000E+00 -0.11403E-02 -0.98023E+01  0.00000E+00 -0.98023E+01  0.00000E+00 -0.60598E-01 -0.37082E+03  0.00000E+00 -0.15063E+04  0.43914E-04  0.35071E-05  0.47325E+03  0.98023E+01  0.00000E+00    112  0.00000E+00      0.000
      60.0167 -0.17000E+00  0.00000E+00 -0.16999E+00  0.00000E+00 -0.11819E-02 -0.98029E+01  0.00000E+00 -0.98029E+01  0.00000E+00 -0.60602E-01 -0.37094E+03  0.00000E+00 -0.15063E+04  0.00000E+00  0.35071E-05  0.47325E+03  0.98029E+01  0.00000E+00    113  0.00000E+00      0.000
      60.0218 -0.17000E+00  0.00000E+00 -0.16998E+00  0.00000E+00 -0.11674E-02 -0.98038E+01  0.00000E+00 -0.98038E+01  0.00000E+00 -0.60608E-01 -0.37110E+03  0.00000E+00 -0.15063E+04  0.18194E-04  0.36002E-05  0.47325E+03  0.98038E+01  0.00000E+00    114  0.00000E+00      0.000
      60.0285 -0.17000E+00  0.00000E+00 -0.17002E+00  0.00000E+00 -0.11718E-02 -0.98049E+01  0.00000E+00 -0.98049E+01  0.00000E+00 -0.60616E-01 -0.37129E+03  0.00000E+00 -0.15063E+04  0.18582E-04  0.37239E-05  0.47325E+03  0.98049E+01  0.00000E+00    115  0.00000E+00      0.000
      60.0372 -0.17000E+00  0.00000E+00 -0.17000E+00  0.00000E+00 -0.11650E-02 -0.98064E+01  0.00000E+00 -0.98064E+01  0.00000E+00 -0.60626E-01 -0.37154E+03  0.00000E+00 -0.15063E+04  0.00000E+00  0.37239E-05  0.47325E+03  0.98064E+01  0.00000E+00    116  0.00000E+00      0.000
      60.0484 -0.17000E+00  0.00000E+00 -0.16999E+00  0.00000E+00 -0.11650E-02 -0.98083E+01  0.00000E+00 -0.98083E+01  0.00000E+00 -0.60639E-01 -0.37185E+03  0.00000E+00 -0.15063E+04  0.10297E-04  0.38396E-05  0.47326E+03  0.98083E+01  0.00000E+00    117  0.00000E+00      0.000
      60.0630 -0.17000E+00  0.00000E+00 -0.17001E+00  0.00000E+00 -0.11660E-02 -0.98108E+01  0.00000E+00 -0.98108E+01  0.00000E+00 -0.60656E-01 -0.37224E+03  0.00000E+00 -0.15063E+04  0.00000E+00  0.38396E-05  0.47326E+03  0.98108E+01  0.00000E+00    118  0.00000E+00      0.000
      60.0820 -0.17000E+00  0.00000E+00 -0.17000E+00  0.00000E+00 -0.11652E-02 -0.98140E+01  0.00000E+00 -0.98140E+01  0.00000E+00 -0.60678E-01 -0.37271E+03  0.00000E+00 -0.15063E+04  0.00000E+00  0.38396E-05  0.47326E+03  0.98140E+01  0.00000E+00    119  0.00000E+00      0.000
      60.1067 -0.17000E+00  0.00000E+00 -0.17000E+00  0.00000E+00 -0.11676E-02 -0.98182E+01  0.00000E+00 -0.98182E+01  0.00000E+00 -0.60707E-01 -0.37329E+03  0.00000E+00 -0.15063E+04  0.00000E+00  0.38396E-05  0.47327E+03  0.98182E+01  0.00000E+00    120  0.00000E+00      0.000
      60.1388 -0.17000E+00  0.00000E+00 -0.17000E+00  0.00000E+00 -0.11643E-02 -0.98237E+01  0.00000E+00 -0.98237E+01  0.00000E+00 -0.60745E-01 -0.37398E+03  0.00000E+00 -0.15064E+04  0.00000E+00  0.38396E-05  0.47327E+03  0.98237E+01  0.00000E+00    121  0.00000E+00      0.000
      60.1806 -0.17000E+00  0.00000E+00 -0.17000E+00  0.00000E+00 -0.11640E-02 -0.98308E+01  0.00000E+00 -0.98308E+01  0.00000E+00 -0.60793E-01 -0.37479E+03  0.00000E+00 -0.15064E+04  0.00000E+00  0.38396E-05  0.47328E+03  0.98308E+01  0.00000E+00    122  0.00000E+00      0.000
      60.2349 -0.17000E+00  0.00000E+00 -0.17000E+00  0.00000E+00 -0.11657E-02 -0.98400E+01  0.00000E+00 -0.98400E+01  0.00000E+00 -0.60857E-01 -0.37570E+03  0.00000E+00 -0.15064E+04  0.00000E+00  0.38396E-05  0.47329E+03  0.98400E+01  0.00000E+00    123  0.00000E+00      0.000
      60.3054 -0.17000E+00  0.00000E+00 -0.17000E+00  0.00000E+00 -0.11659E-02 -0.98520E+01  0.00000E+00 -0.98520E+01  0.00000E+00 -0.60939E-01 -0.37677E+03  0.00000E+00 -0.15065E+04  0.00000E+00  0.38396E-05  0.47330E+03  0.98520E+01  0.00000E+00    124  0.00000E+00      0.000
      60.3972 -0.17000E+00  0.00000E+00 -0.17000E+00  0.00000E+00 -0.11649E-02 -0.98676E+01  0.00000E+00 -0.98676E+01  0.00000E+00 -0.61046E-01 -0.37805E+03  0.00000E+00 -0.15065E+04  0.00000E+00  0.38396E-05  0.47331E+03  0.98676E+01  0.00000E+00    125  0.00000E+00      0.000
      60.5164 -0.17000E+00  0.00000E+00 -0.17000E+00  0.00000E+00 -0.11640E-02 -0.98879E+01  0.00000E+00 -0.98879E+01  0.00000E+00 -0.61185E-01 -0.37934E+03  0.00000E+00 -0.15066E+04  0.00000E+00  0.38396E-05  0.47333E+03  0.98879E+01  0.00000E+00    126  0.00000E+00      0.000
      60.6715 -0.17000E+00  0.00000E+00 -0.17000E+00  0.00000E+00 -0.11639E-02 -0.99142E+01  0.00000E+00 -0.99142E+01  0.00000E+00 -0.61365E-01 -0.38062E+03  0.00000E+00 -0.15067E+04  0.00000E+00  0.38396E-05  0.47336E+03  0.99142E+01  0.00000E+00    127  0.00000E+00      0.000
      60.8730 -0.17000E+00  0.00000E+00 -0.17000E+00  0.00000E+00 -0.11637E-02 -0.99485E+01  0.00000E+00 -0.99485E+01  0.00000E+00 -0.61599E-01 -0.38181E+03  0.00000E+00 -0.15068E+04  0.00000E+00  0.38396E-05  0.47339E+03  0.99485E+01  0.00000E+00    128  0.00000E+00      0.000
      61.1350 -0.17000E+00  0.00000E+00 -0.17000E+00  0.00000E+00 -0.11635E-02 -0.99930E+01  0.00000E+00 -0.99930E+01  0.00000E+00 -0.61904E-01 -0.38285E+03  0.00000E+00 -0.15069E+04  0.00000E+00  0.38396E-05  0.47344E+03  0.99930E+01  0.00000E+00    129  0.00000E+00      0.000
      61.4756 -0.17000E+00  0.00000E+00 -0.17000E+00  0.00000E+00 -0.11631E-02 -0.10051E+02  0.00000E+00 -0.10051E+02  0.00000E+00 -0.62300E-01 -0.38366E+03  0.00000E+00 -0.15071E+04  0.00000E+00  0.38396E-05  0.47350E+03  0.10051E+02  0.00000E+00    130  0.00000E+00      0.000
      61.9184 -0.17000E+00  0.00000E+00 -0.17000E+00  0.00000E+00 -0.11625E-02 -0.10126E+02  0.00000E+00 -0.10126E+02  0.00000E+00 -0.62815E-01 -0.38414E+03  0.00000E+00 -0.15074E+04  0.00000E+00  0.38396E-05  0.47357E+03  0.10126E+02  0.00000E+00    131  0.00000E+00      0.000
      62.4940 -0.17000E+00  0.00000E+00 -0.17000E+00  0.00000E+00 -0.11617E-02 -0.10224E+02  0.00000E+00 -0.10224E+02  0.00000E+00 -0.63484E-01 -0.38417E+03  0.00000E+00 -0.15077E+04  0.00000E+00  0.38396E-05  0.47367E+03  0.10224E+02  0.00000E+00    132  0.00000E+00      0.000
      63.2446 -0.17000E+00  0.00000E+00 -0.17000E+00  0.00000E+00 -0.11606E-02 -0.10352E+02  0.00000E+00 -0.10352E+02  0.00000E+00 -0.64355E-01 -0.38363E+03  0.00000E+00 -0.15081E+04  0.00000E+00  0.38396E-05  0.47380E+03  0.10352E+02  0.00000E+00    133  0.00000E+00      0.000
      64.2096 -0.17000E+00  0.00000E+00 -0.17000E+00  0.00000E+00 -0.11591E-02 -0.10516E+02  0.00000E+00 -0.10516E+02  0.00000E+00 -0.65474E-01 -0.38238E+03  0.00000E+00 -0.15086E+04  0.00000E+00  0.38396E-05  0.47396E+03  0.10516E+02  0.00000E+00    134  0.00000E+00      0.000
      65.3677 -0.17000E+00  0.00000E+00 -0.17000E+00  0.00000E+00 -0.11575E-02 -0.10713E+02  0.00000E+00 -0.10713E+02  0.00000E+00 -0.66814E-01 -0.38039E+03  0.00000E+00 -0.15093E+04  0.00000E+00  0.38396E-05  0.47415E+03  0.10713E+02  0.00000E+00    135  0.00000E+00      0.000
      66.9118 -0.17000E+00  0.00000E+00 -0.17000E+00  0.00000E+00 -0.11552E-02 -0.10975E+02  0.00000E+00 -0.10975E+02  0.00000E+00 -0.68598E-01 -0.37697E+03  0.00000E+00 -0.15101E+04  0.00000E+00  0.38396E-05  0.47441E+03  0.10975E+02  0.00000E+00    136  0.00000E+00      0.000
      70.0000 -0.17000E+00  0.00000E+00 -0.17000E+00  0.00000E+00 -0.11508E-02 -0.11500E+02  0.00000E+00 -0.11500E+02  0.00000E+00 -0.72152E-01 -0.36960E+03  0.00000E+00 -0.15117E+04  0.00000E+00  0.38396E-05  0.47494E+03  0.11500E+02  0.00000E+00    137  0.00000E+00      0.000
      70.0001 -0.60000E-01  0.00000E+00 -0.60244E-01  0.00000E+00 -0.98972E-03 -0.11500E+02  0.00000E+00 -0.11500E+02  0.00000E+00 -0.72152E-01 -0.36978E+03  0.00000E+00 -0.15117E+04  0.24437E-03  0.38641E-05  0.47494E+03  0.11500E+02  0.00000E+00    138  0.00000E+00      0.000
      70.0002 -0.60000E-01  0.00000E+00 -0.59737E-01  0.00000E+00 -0.98977E-03 -0.11500E+02  0.00000E+00 -0.11500E+02  0.00000E+00 -0.72152E-01 -0.36975E+03  0.00000E+00 -0.15117E+04  0.26320E-03  0.38983E-05  0.47494E+03  0.11500E+02  0.00000E+00    139  0.00000E+00      0.000
      70.0004 -0.60000E-01  0.00000E+00 -0.59874E-01  0.00000E+00 -0.98979E-03 -0.11500E+02  0.00000E+00 -0.11500E+02  0.00000E+00 -0.72152E-01 -0.36980E+03  0.00000E+00 -0.15117E+04  0.12616E-03  0.39196E-05  0.47494E+03  0.11500E+02  0.00000E+00    140  0.00000E+00      0.000
      70.0006 -0.60000E-01  0.00000E+00 -0.60217E-01  0.00000E+00 -0.98973E-03 -0.11500E+02  0.00000E+00 -0.11500E+02  0.00000E+00 -0.72153E-01 -0.36980E+03  0.00000E+00 -0.15117E+04  0.21651E-03  0.39672E-05  0.47494E+03  0.11500E+02  0.00000E+00    141  0.00000E+00      0.000
      70.0009 -0.60000E-01  0.00000E+00 -0.59822E-01  0.00000E+00 -0.98979E-03 -0.11500E+02  0.00000E+00 -0.11500E+02  0.00000E+00 -0.72153E-01 -0.36984E+03  0.00000E+00 -0.15117E+04  0.17789E-03  0.40180E-05  0.47494E+03  0.11500E+02  0.00000E+00    142  0.00000E+00      0.000
      70.0013 -0.60000E-01  0.00000E+00 -0.59635E-01  0.00000E+00 -0.98973E-03 -0.11500E+02  0.00000E+00 -0.11500E+02  0.00000E+00 -0.72153E-01 -0.36987E+03  0.00000E+00 -0.15117E+04  0.36494E-03  0.41535E-05  0.47494E+03  0.11500E+02  0.00000E+00    143  0.00000E+00      0.000
      70.0018 -0.60000E-01  0.00000E+00 -0.60238E-01  0.00000E+00 -0.12985E-02 -0.11500E+02  0.00000E+00 -0.11500E+02  0.00000E+00 -0.72154E-01 -0.36992E+03  0.00000E+00 -0.15117E+04  0.23757E-03  0.42682E-05  0.47494E+03  0.11500E+02  0.00000E+00    144  0.00000E+00      0.000
      70.0024 -0.60000E-01  0.00000E+00 -0.60011E-01  0.00000E+00 -0.12272E-02 -0.11500E+02  0.00000E+00 -0.11500E+02  0.00000E+00 -0.72155E-01 -0.36998E+03  0.00000E+00 -0.15117E+04  0.10867E-04  0.42750E-05  0.47494E+03  0.11500E+02  0.00000E+00    145  0.00000E+00      0.000
      70.0032 -0.60000E-01  0.00000E+00 -0.59962E-01  0.00000E+00 -0.11725E-02 -0.11500E+02  0.00000E+00 -0.11500E+02  0.00000E+00 -0.72156E-01 -0.37005E+03  0.00000E+00 -0.15117E+04  0.38046E-04  0.43060E-05  0.47494E+03  0.11500E+02  0.00000E+00    146  0.00000E+00      0.000
      70.0043 -0.60000E-01  0.00000E+00 -0.60111E-01  0.00000E+00 -0.11303E-02 -0.11500E+02  0.00000E+00 -0.11500E+02  0.00000E+00 -0.72157E-01 -0.37016E+03  0.00000E+00 -0.15117E+04  0.11136E-03  0.44241E-05  0.47494E+03  0.11500E+02  0.00000E+00    147  0.00000E+00      0.000
      70.0056 -0.60000E-01  0.00000E+00 -0.60026E-01  0.00000E+00 -0.12059E-02 -0.11500E+02  0.00000E+00 -0.11500E+02  0.00000E+00 -0.72158E-01 -0.37029E+03  0.00000E+00 -0.15117E+04  0.26327E-04  0.44604E-05  0.47494E+03  0.11500E+02  0.00000E+00    148  0.00000E+00      0.000
      70.0074 -0.60000E-01  0.00000E+00 -0.60024E-01  0.00000E+00 -0.11561E-02 -0.11501E+02  0.00000E+00 -0.11501E+02  0.00000E+00 -0.72161E-01 -0.37045E+03  0.00000E+00 -0.15117E+04  0.24106E-04  0.45036E-05  0.47494E+03  0.11501E+02  0.00000E+00    149  0.00000E+00      0.000
      70.0098 -0.60000E-01  0.00000E+00 -0.60044E-01  0.00000E+00 -0.11177E-02 -0.11501E+02  0.00000E+00 -0.11501E+02  0.00000E+00 -0.72163E-01 -0.37067E+03  0.00000E+00 -0.15117E+04  0.44484E-04  0.46072E-05  0.47494E+03  0.11501E+02  0.00000E+00    150  0.00000E+00      0.000
      70.0128 -0.60000E-01  0.00000E+00 -0.59975E-01  0.00000E+00 -0.11375E-02 -0.11501E+02  0.00000E+00 -0.11501E+02  0.00000E+00 -0.72167E-01 -0.37095E+03  0.00000E+00 -0.15117E+04  0.25112E-04  0.46833E-05  0.47494E+03  0.11501E+02  0.00000E+00    151  0.00000E+00      0.000
      70.0167 -0.60000E-01  0.00000E+00 -0.59982E-01  0.00000E+00 -0.11412E-02 -0.11501E+02  0.00000E+00 -0.11501E+02  0.00000E+00 -0.72171E-01 -0.37132E+03  0.00000E+00 -0.15118E+04  0.17915E-04  0.47538E-05  0.47494E+03  0.11501E+02  0.00000E+00    152  0.00000E+00      0.000
      70.0218 -0.60000E-01  0.00000E+00 -0.59973E-01  0.00000E+00 -0.11645E-02 -0.11501E+02  0.00000E+00 -0.11501E+02  0.00000E+00 -0.72177E-01 -0.37178E+03  0.00000E+00 -0.15118E+04  0.27154E-04  0.48928E-05  0.47494E+03  0.11501E+02  0.00000E+00    153  0.00000E+00      0.000
      70.0285 -0.60000E-01  0.00000E+00 -0.59990E-01  0.00000E+00 -0.11466E-02 -0.11502E+02  0.00000E+00 -0.11502E+02  0.00000E+00 -0.72185E-01 -0.37237E+03  0.00000E+00 -0.15118E+04  0.10196E-04  0.49607E-05  0.47494E+03  0.11502E+02  0.00000E+00    154  0.00000E+00      0.000
      70.0372 -0.60000E-01  0.00000E+00 -0.59982E-01  0.00000E+00 -0.11449E-02 -0.11502E+02  0.00000E+00 -0.11502E+02  0.00000E+00 -0.72195E-01 -0.37313E+03  0.00000E+00 -0.15118E+04  0.17997E-04  0.51164E-05  0.47494E+03  0.11502E+02  0.00000E+00    155  0.00000E+00      0.000
      70.0484 -0.60000E-01  0.00000E+00 -0.59994E-01  0.00000E+00 -0.11489E-02 -0.11503E+02  0.00000E+00 -0.11503E+02  0.00000E+00 -0.72207E-01 -0.37408E+03  0.00000E+00 -0.15118E+04  0.00000E+00  0.51164E-05  0.47494E+03  0.11503E+02  0.00000E+00    156  0.00000E+00      0.000
      70.0630 -0.60000E-01  0.00000E+00 -0.60002E-01  0.00000E+00 -0.11529E-02 -0.11504E+02  0.00000E+00 -0.11504E+02  0.00000E+00 -0.72224E-01 -0.37528E+03  0.00000E+00 -0.15118E+04  0.00000E+00  0.51164E-05  0.47494E+03  0.11504E+02  0.00000E+00    157  0.00000E+00      0.000
      70.0820 -0.60000E-01  0.00000E+00 -0.60002E-01  0.00000E+00 -0.11467E-02 -0.11505E+02  0.00000E+00 -0.11505E+02  0.00000E+00 -0.72246E-01 -0.37683E+03  0.00000E+00 -0.15118E+04  0.00000E+00  0.51164E-05  0.47494E+03  0.11505E+02  0.00000E+00    158  0.00000E+00      0.000
      70.1067 -0.60000E-01  0.00000E+00 -0.59997E-01  0.00000E+00 -0.11526E-02 -0.11506E+02  0.00000E+00 -0.11506E+02  0.00000E+00 -0.72275E-01 -0.37901E+03  0.00000E+00 -0.15118E+04  0.00000E+00  0.51164E-05  0.47494E+03  0.11506E+02  0.00000E+00    159  0.00000E+00      0.000
      70.1388 -0.60000E-01  0.00000E+00 -0.59997E-01  0.00000E+00 -0.11522E-02 -0.11508E+02  0.00000E+00 -0.11508E+02  0.00000E+00 -0.72312E-01 -0.38160E+03  0.00000E+00 -0.15118E+04  0.00000E+00  0.51164E-05  0.47494E+03  0.11508E+02  0.00000E+00    160  0.00000E+00      0.000
      70.1806 -0.60000E-01  0.00000E+00 -0.59999E-01  0.00000E+00 -0.11504E-02 -0.11511E+02  0.00000E+00 -0.11511E+02  0.00000E+00 -0.72360E-01 -0.38472E+03  0.00000E+00 -0.15118E+04  0.00000E+00  0.51164E-05  0.47495E+03  0.11511E+02  0.00000E+00    161  0.00000E+00      0.000
      70.2349 -0.60000E-01  0.00000E+00 -0.60001E-01  0.00000E+00 -0.11517E-02 -0.11514E+02  0.00000E+00 -0.11514E+02  0.00000E+00 -0.72422E-01 -0.38835E+03  0.00000E+00 -0.15119E+04  0.00000E+00  0.51164E-05  0.47495E+03  0.11514E+02  0.00000E+00    162  0.00000E+00      0.000
      70.3054 -0.60000E-01  0.00000E+00 -0.60001E-01  0.00000E+00 -0.11503E-02 -0.11518E+02  0.00000E+00 -0.11518E+02  0.00000E+00 -0.72503E-01 -0.39252E+03  0.00000E+00 -0.15119E+04  0.00000E+00  0.51164E-05  0.47495E+03  0.11518E+02  0.00000E+00    163  0.00000E+00      0.000
      70.3972 -0.60000E-01  0.00000E+00 -0.60000E-01  0.00000E+00 -0.11505E-02 -0.11524E+02  0.00000E+00 -0.11524E+02  0.00000E+00 -0.72609E-01 -0.39721E+03  0.00000E+00 -0.15120E+04  0.00000E+00  0.51164E-05  0.47496E+03  0.11524E+02  0.00000E+00    164  0.00000E+00      0.000
      70.5164 -0.60000E-01  0.00000E+00 -0.60001E-01  0.00000E+00 -0.11496E-02 -0.11531E+02  0.00000E+00 -0.11531E+02  0.00000E+00 -0.72746E-01 -0.40242E+03  0.00000E+00 -0.15120E+04  0.00000E+00  0.51164E-05  0.47497E+03  0.11531E+02  0.00000E+00    165  0.00000E+00      0.000
      70.6715 -0.60000E-01  0.00000E+00 -0.60000E-01  0.00000E+00 -0.11501E-02 -0.11540E+02  0.00000E+00 -0.11540E+02  0.00000E+00 -0.72924E-01 -0.40811E+03  0.00000E+00 -0.15121E+04  0.00000E+00  0.51164E-05  0.47498E+03  0.11540E+02  0.00000E+00    166  0.00000E+00      0.000
      70.8730 -0.60000E-01  0.00000E+00 -0.60000E-01  0.00000E+00 -0.11499E-02 -0.11552E+02  0.00000E+00 -0.11552E+02  0.00000E+00 -0.73156E-01 -0.41428E+03  0.00000E+00 -0.15122E+04  0.00000E+00  0.51164E-05  0.47499E+03  0.11552E+02  0.00000E+00    167  0.00000E+00      0.000
      71.1350 -0.60000E-01  0.00000E+00 -0.60000E-01  0.00000E+00 -0.11491E-02 -0.11568E+02  0.00000E+00 -0.11568E+02  0.00000E+00 -0.73457E-01 -0.42094E+03  0.00000E+00 -0.15123E+04  0.00000E+00  0.51164E-05  0.47500E+03  0.11568E+02  0.00000E+00    168  0.00000E+00      0.000
      71.4756 -0.60000E-01  0.00000E+00 -0.60000E-01  0.00000E+00 -0.11488E-02 -0.11589E+02  0.00000E+00 -0.11589E+02  0.00000E+00 -0.73848E-01 -0.42812E+03  0.00000E+00 -0.15125E+04  0.00000E+00  0.51164E-05  0.47502E+03  0.11589E+02  0.00000E+00    169  0.00000E+00      0.000
      71.9184 -0.60000E-01  0.00000E+00 -0.60000E-01  0.00000E+00 -0.11482E-02 -0.11615E+02  0.00000E+00 -0.11615E+02  0.00000E+00 -0.74357E-01 -0.43582E+03  0.00000E+00 -0.15128E+04  0.00000E+00  0.51164E-05  0.47505E+03  0.11615E+02  0.00000E+00    170  0.00000E+00      0.000
      72.4940 -0.60000E-01  0.00000E+00 -0.60000E-01  0.00000E+00 -0.11474E-02 -0.11650E+02  0.00000E+00 -0.11650E+02  0.00000E+00 -0.75017E-01 -0.44441E+03  0.00000E+00 -0.15131E+04  0.00000E+00  0.51164E-05  0.47508E+03  0.11650E+02  0.00000E+00    171  0.00000E+00      0.000
      73.2446 -0.60000E-01  0.00000E+00 -0.60000E-01  0.00000E+00 -0.11462E-02 -0.11695E+02  0.00000E+00 -0.11695E+02  0.00000E+00 -0.75878E-01 -0.45421E+03  0.00000E+00 -0.15134E+04  0.00000E+00  0.51164E-05  0.47513E+03  0.11695E+02  0.00000E+00    172  0.00000E+00      0.000
      74.2096 -0.60000E-01  0.00000E+00 -0.60000E-01  0.00000E+00 -0.11449E-02 -0.11753E+02  0.00000E+00 -0.11753E+02  0.00000E+00 -0.76982E-01 -0.46459E+03  0.00000E+00 -0.15140E+04  0.00000E+00  0.51164E-05  0.47518E+03  0.11753E+02  0.00000E+00    173  0.00000E+00      0.000
      75.3677 -0.60000E-01  0.00000E+00 -0.60000E-01  0.00000E+00 -0.11434E-02 -0.11822E+02  0.00000E+00 -0.11822E+02  0.00000E+00 -0.78307E-01 -0.47481E+03  0.00000E+00 -0.15145E+04  0.00000E+00  0.51164E-05  0.47525E+03  0.11822E+02  0.00000E+00    174  0.00000E+00      0.000
      76.9118 -0.60000E-01  0.00000E+00 -0.60000E-01  0.00000E+00 -0.11412E-02 -0.11915E+02  0.00000E+00 -0.11915E+02  0.00000E+00 -0.80069E-01 -0.48682E+03  0.00000E+00 -0.15153E+04  0.00000E+00  0.51164E-05  0.47534E+03  0.11915E+02  0.00000E+00    175  0.00000E+00      0.000
      80.0000 -0.60000E-01  0.00000E+00 -0.60000E-01  0.00000E+00 -0.11369E-02 -0.12100E+02  0.00000E+00 -0.12100E+02  0.00000E+00 -0.83580E-01 -0.50307E+03  0.00000E+00 -0.15169E+04  0.00000E+00  0.51164E-05  0.47552E+03  0.12100E+02  0.00000E+00    176  0.00000E+00      0.000
      82.5000 -0.60000E-01  0.00000E+00 -0.60000E-01  0.00000E+00 -0.11334E-02 -0.12250E+02  0.00000E+00 -0.12250E+02  0.00000E+00 -0.86413E-01 -0.51296E+03  0.00000E+00 -0.15182E+04  0.00000E+00  0.51164E-05  0.47567E+03  0.12250E+02  0.00000E+00    177  0.00000E+00      0.000
      86.2500 -0.60000E-01  0.00000E+00 -0.60000E-01  0.00000E+00 -0.11294E-02 -0.12475E+02  0.00000E+00 -0.12475E+02  0.00000E+00 -0.90649E-01 -0.52416E+03  0.00000E+00 -0.15203E+04  0.00000E+00  0.51164E-05  0.47589E+03  0.12475E+02  0.00000E+00    178  0.00000E+00      0.000
      90.0000 -0.60000E-01  0.00000E+00 -0.60000E-01  0.00000E+00 -0.11267E-02 -0.12700E+02  0.00000E+00 -0.12700E+02  0.00000E+00 -0.94874E-01 -0.53117E+03  0.00000E+00 -0.15225E+04  0.00000E+00  0.51164E-05  0.47611E+03  0.12700E+02  0.00000E+00    179  0.00000E+00      0.000
      90.0001 -0.10000E+00  0.00000E+00 -0.10017E+00  0.00000E+00 -0.98247E-03 -0.12700E+02  0.00000E+00 -0.12700E+02  0.00000E+00 -0.94874E-01 -0.53171E+03  0.00000E+00 -0.15225E+04  0.17025E-03  0.51334E-05  0.47611E+03  0.12700E+02  0.00000E+00    180  0.00000E+00      0.000
      90.0002 -0.10000E+00  0.00000E+00 -0.10038E+00  0.00000E+00 -0.98281E-03 -0.12700E+02  0.00000E+00 -0.12700E+02  0.00000E+00 -0.94874E-01 -0.53158E+03  0.00000E+00 -0.15225E+04  0.38301E-03  0.51832E-05  0.47611E+03  0.12700E+02  0.00000E+00    181  0.00000E+00      0.000
      90.0004 -0.10000E+00  0.00000E+00 -0.10024E+00  0.00000E+00 -0.98258E-03 -0.12700E+02  0.00000E+00 -0.12700E+02  0.00000E+00 -0.94874E-01 -0.53167E+03  0.00000E+00 -0.15225E+04  0.24113E-03  0.52239E-05  0.47611E+03  0.12700E+02  0.00000E+00    182  0.00000E+00      0.000
      90.0006 -0.10000E+00  0.00000E+00 -0.99428E-01  0.00000E+00 -0.98259E-03 -0.12700E+02  0.00000E+00 -0.12700E+02  0.00000E+00 -0.94874E-01 -0.53162E+03  0.00000E+00 -0.15225E+04  0.57223E-03  0.53496E-05  0.47611E+03  0.12700E+02  0.00000E+00    183  0.00000E+00      0.000
      90.0009 -0.10000E+00  0.00000E+00 -0.10008E+00  0.00000E+00 -0.98262E-03 -0.12700E+02  0.00000E+00 -0.12700E+02  0.00000E+00 -0.94875E-01 -0.53163E+03  0.00000E+00 -0.15225E+04  0.81703E-04  0.53730E-05  0.47611E+03  0.12700E+02  0.00000E+00    184  0.00000E+00      0.000
      90.0013 -0.10000E+00  0.00000E+00 -0.10002E+00  0.00000E+00 -0.98265E-03 -0.12700E+02  0.00000E+00 -0.12700E+02  0.00000E+00 -0.94875E-01 -0.53160E+03  0.00000E+00 -0.15225E+04  0.20139E-04  0.53805E-05  0.47611E+03  0.12700E+02  0.00000E+00    185  0.00000E+00      0.000
      90.0018 -0.10000E+00  0.00000E+00 -0.99808E-01  0.00000E+00 -0.12913E-02 -0.12700E+02  0.00000E+00 -0.12700E+02  0.00000E+00 -0.94876E-01 -0.53158E+03  0.00000E+00 -0.15225E+04  0.19207E-03  0.54732E-05  0.47611E+03  0.12700E+02  0.00000E+00    186  0.00000E+00      0.000
      90.0024 -0.10000E+00  0.00000E+00 -0.10004E+00  0.00000E+00 -0.12201E-02 -0.12700E+02  0.00000E+00 -0.12700E+02  0.00000E+00 -0.94877E-01 -0.53155E+03  0.00000E+00 -0.15225E+04  0.37007E-04  0.54964E-05  0.47611E+03  0.12700E+02  0.00000E+00    187  0.00000E+00      0.000
      90.0032 -0.10000E+00  0.00000E+00 -0.99982E-01  0.00000E+00 -0.11654E-02 -0.12700E+02  0.00000E+00 -0.12700E+02  0.00000E+00 -0.94877E-01 -0.53151E+03  0.00000E+00 -0.15225E+04  0.18291E-04  0.55113E-05  0.47611E+03  0.12700E+02  0.00000E+00    188  0.00000E+00      0.000
      90.0043 -0.10000E+00  0.00000E+00 -0.99909E-01  0.00000E+00 -0.11232E-02 -0.12701E+02  0.00000E+00 -0.12701E+02  0.00000E+00 -0.94879E-01 -0.53145E+03  0.00000E+00 -0.15225E+04  0.90651E-04  0.56074E-05  0.47611E+03  0.12701E+02  0.00000E+00    189  0.00000E+00      0.000
      90.0056 -0.10000E+00  0.00000E+00 -0.10004E+00  0.00000E+00 -0.10908E-02 -0.12701E+02  0.00000E+00 -0.12701E+02  0.00000E+00 -0.94880E-01 -0.53139E+03  0.00000E+00 -0.15225E+04  0.41977E-04  0.56653E-05  0.47611E+03  0.12701E+02  0.00000E+00    190  0.00000E+00      0.000
      90.0074 -0.10000E+00  0.00000E+00 -0.99975E-01  0.00000E+00 -0.11490E-02 -0.12701E+02  0.00000E+00 -0.12701E+02  0.00000E+00 -0.94882E-01 -0.53130E+03  0.00000E+00 -0.15225E+04  0.25429E-04  0.57109E-05  0.47611E+03  0.12701E+02  0.00000E+00    191  0.00000E+00      0.000
      90.0098 -0.10000E+00  0.00000E+00 -0.10003E+00  0.00000E+00 -0.11106E-02 -0.12701E+02  0.00000E+00 -0.12701E+02  0.00000E+00 -0.94885E-01 -0.53119E+03  0.00000E+00 -0.15225E+04  0.34779E-04  0.57919E-05  0.47611E+03  0.12701E+02  0.00000E+00    192  0.00000E+00      0.000
      90.0128 -0.10000E+00  0.00000E+00 -0.10002E+00  0.00000E+00 -0.11303E-02 -0.12701E+02  0.00000E+00 -0.12701E+02  0.00000E+00 -0.94888E-01 -0.53104E+03  0.00000E+00 -0.15225E+04  0.20660E-04  0.58545E-05  0.47611E+03  0.12701E+02  0.00000E+00    193  0.00000E+00      0.000
      90.0167 -0.10000E+00  0.00000E+00 -0.10003E+00  0.00000E+00 -0.11340E-02 -0.12702E+02  0.00000E+00 -0.12702E+02  0.00000E+00 -0.94893E-01 -0.53085E+03  0.00000E+00 -0.15225E+04  0.28148E-04  0.59653E-05  0.47611E+03  0.12702E+02  0.00000E+00    194  0.00000E+00      0.000
      90.0218 -0.10000E+00  0.00000E+00 -0.10001E+00  0.00000E+00 -0.11283E-02 -0.12702E+02  0.00000E+00 -0.12702E+02  0.00000E+00 -0.94898E-01 -0.53060E+03  0.00000E+00 -0.15225E+04  0.10513E-04  0.60191E-05  0.47612E+03  0.12702E+02  0.00000E+00    195  0.00000E+00      0.000
      90.0285 -0.10000E+00  0.00000E+00 -0.99987E-01  0.00000E+00 -0.11171E-02 -0.12703E+02  0.00000E+00 -0.12703E+02  0.00000E+00 -0.94906E-01 -0.53029E+03  0.00000E+00 -0.15225E+04  0.13091E-04  0.61062E-05  0.47612E+03  0.12703E+02  0.00000E+00    196  0.00000E+00      0.000
      90.0372 -0.10000E+00  0.00000E+00 -0.10002E+00  0.00000E+00 -0.11206E-02 -0.12704E+02  0.00000E+00 -0.12704E+02  0.00000E+00 -0.94916E-01 -0.52989E+03  0.00000E+00 -0.15226E+04  0.17650E-04  0.62589E-05  0.47612E+03  0.12704E+02  0.00000E+00    197  0.00000E+00      0.000
      90.0484 -0.10000E+00  0.00000E+00 -0.99996E-01  0.00000E+00 -0.11285E-02 -0.12705E+02  0.00000E+00 -0.12705E+02  0.00000E+00 -0.94928E-01 -0.52937E+03  0.00000E+00 -0.15226E+04  0.00000E+00  0.62589E-05  0.47612E+03  0.12705E+02  0.00000E+00    198  0.00000E+00      0.000
      90.0630 -0.10000E+00  0.00000E+00 -0.10000E+00  0.00000E+00 -0.11256E-02 -0.12706E+02  0.00000E+00 -0.12706E+02  0.00000E+00 -0.94945E-01 -0.52872E+03  0.00000E+00 -0.15226E+04  0.00000E+00  0.62589E-05  0.47612E+03  0.12706E+02  0.00000E+00    199  0.00000E+00      0.000
      90.0820 -0.10000E+00  0.00000E+00 -0.10000E+00  0.00000E+00 -0.11241E-02 -0.12708E+02  0.00000E+00 -0.12708E+02  0.00000E+00 -0.94966E-01 -0.52790E+03  0.00000E+00 -0.15226E+04  0.00000E+00  0.62589E-05  0.47612E+03  0.12708E+02  0.00000E+00    200  0.00000E+00      0.000
      90.1067 -0.10000E+00  0.00000E+00 -0.99994E-01  0.00000E+00 -0.11278E-02 -0.12711E+02  0.00000E+00 -0.12711E+02  0.00000E+00 -0.94994E-01 -0.52687E+03  0.00000E+00 -0.15226E+04  0.00000E+00  0.62589E-05  0.47612E+03  0.12711E+02  0.00000E+00    201  0.00000E+00      0.000
      90.1388 -0.10000E+00  0.00000E+00 -0.99998E-01  0.00000E+00 -0.11270E-02 -0.12714E+02  0.00000E+00 -0.12714E+02  0.00000E+00 -0.95030E-01 -0.52560E+03  0.00000E+00 -0.15226E+04  0.00000E+00  0.62589E-05  0.47613E+03  0.12714E+02  0.00000E+00    202  0.00000E+00      0.000
      90.1806 -0.10000E+00  0.00000E+00 -0.10000E+00  0.00000E+00 -0.11261E-02 -0.12718E+02  0.00000E+00 -0.12718E+02  0.00000E+00 -0.95077E-01 -0.52405E+03  0.00000E+00 -0.15226E+04  0.00000E+00  0.62589E-05  0.47613E+03  0.12718E+02  0.00000E+00    203  0.00000E+00      0.000
      90.2349 -0.10000E+00  0.00000E+00 -0.10000E+00  0.00000E+00 -0.11264E-02 -0.12724E+02  0.00000E+00 -0.12724E+02  0.00000E+00 -0.95138E-01 -0.52218E+03  0.00000E+00 -0.15227E+04  0.00000E+00  0.62589E-05  0.47614E+03  0.12724E+02  0.00000E+00    204  0.00000E+00      0.000
      90.3054 -0.10000E+00  0.00000E+00 -0.10000E+00  0.00000E+00 -0.11254E-02 -0.12731E+02  0.00000E+00 -0.12731E+02  0.00000E+00 -0.95218E-01 -0.51999E+03  0.00000E+00 -0.15227E+04  0.00000E+00  0.62589E-05  0.47614E+03  0.12731E+02  0.00000E+00    205  0.00000E+00      0.000
      90.3972 -0.10000E+00  0.00000E+00 -0.10000E+00  0.00000E+00 -0.11271E-02 -0.12740E+02  0.00000E+00 -0.12740E+02  0.00000E+00 -0.95321E-01 -0.51745E+03  0.00000E+00 -0.15228E+04  0.00000E+00  0.62589E-05  0.47615E+03  0.12740E+02  0.00000E+00    206  0.00000E+00      0.000
      90.5164 -0.10000E+00  0.00000E+00 -0.10000E+00  0.00000E+00 -0.11259E-02 -0.12752E+02  0.00000E+00 -0.12752E+02  0.00000E+00 -0.95455E-01 -0.51460E+03  0.00000E+00 -0.15228E+04  0.00000E+00  0.62589E-05  0.47616E+03  0.12752E+02  0.00000E+00    207  0.00000E+00      0.000
      90.6715 -0.10000E+00  0.00000E+00 -0.10000E+00  0.00000E+00 -0.11265E-02 -0.12767E+02  0.00000E+00 -0.12767E+02  0.00000E+00 -0.95630E-01 -0.51144E+03  0.00000E+00 -0.15229E+04  0.00000E+00  0.62589E-05  0.47618E+03  0.12767E+02  0.00000E+00    208  0.00000E+00      0.000
      90.8730 -0.10000E+00  0.00000E+00 -0.10000E+00  0.00000E+00 -0.11257E-02 -0.12787E+02  0.00000E+00 -0.12787E+02  0.00000E+00 -0.95857E-01 -0.50804E+03  0.00000E+00 -0.15231E+04  0.00000E+00  0.62589E-05  0.47620E+03  0.12787E+02  0.00000E+00    209  0.00000E+00      0.000
      91.1350 -0.10000E+00  0.00000E+00 -0.10000E+00  0.00000E+00 -0.11260E-02 -0.12814E+02  0.00000E+00 -0.12814E+02  0.00000E+00 -0.96152E-01 -0.50441E+03  0.00000E+00 -0.15232E+04  0.00000E+00  0.62589E-05  0.47623E+03  0.12814E+02  0.00000E+00    210  0.00000E+00      0.000
      91.4756 -0.10000E+00  0.00000E+00 -0.10000E+00  0.00000E+00 -0.11254E-02 -0.12848E+02  0.00000E+00 -0.12848E+02  0.00000E+00 -0.96535E-01 -0.50056E+03  0.00000E+00 -0.15234E+04  0.00000E+00  0.62589E-05  0.47626E+03  0.12848E+02  0.00000E+00    211  0.00000E+00      0.000
      91.9184 -0.10000E+00  0.00000E+00 -0.10000E+00  0.00000E+00 -0.11252E-02 -0.12892E+02  0.00000E+00 -0.12892E+02  0.00000E+00 -0.97033E-01 -0.49647E+03  0.00000E+00 -0.15237E+04  0.00000E+00  0.62589E-05  0.47630E+03  0.12892E+02  0.00000E+00    212  0.00000E+00      0.000
      92.4940 -0.10000E+00  0.00000E+00 -0.10000E+00  0.00000E+00 -0.11249E-02 -0.12949E+02  0.00000E+00 -0.12949E+02  0.00000E+00 -0.97681E-01 -0.49208E+03  0.00000E+00 -0.15240E+04  0.00000E+00  0.62589E-05  0.47636E+03  0.12949E+02  0.00000E+00    213  0.00000E+00      0.000
      93.2446 -0.10000E+00  0.00000E+00 -0.10000E+00  0.00000E+00 -0.11244E-02 -0.13025E+02  0.00000E+00 -0.13025E+02  0.00000E+00 -0.98525E-01 -0.48730E+03  0.00000E+00 -0.15244E+04  0.00000E+00  0.62589E-05  0.47643E+03  0.13025E+02  0.00000E+00    214  0.00000E+00      0.000
      94.2096 -0.10000E+00  0.00000E+00 -0.10000E+00  0.00000E+00 -0.11238E-02 -0.13121E+02  0.00000E+00 -0.13121E+02  0.00000E+00 -0.99609E-01 -0.48211E+03  0.00000E+00 -0.15250E+04  0.00000E+00  0.62589E-05  0.47653E+03  0.13121E+02  0.00000E+00    215  0.00000E+00      0.000
      95.3677 -0.10000E+00  0.00000E+00 -0.10000E+00  0.00000E+00 -0.11230E-02 -0.13237E+02  0.00000E+00 -0.13237E+02  0.00000E+00 -0.10091E+00 -0.47673E+03  0.00000E+00 -0.15256E+04  0.00000E+00  0.62589E-05  0.47664E+03  0.13237E+02  0.00000E+00    216  0.00000E+00      0.000
      96.9118 -0.10000E+00  0.00000E+00 -0.10000E+00  0.00000E+00 -0.11220E-02 -0.13391E+02  0.00000E+00 -0.13391E+02  0.00000E+00 -0.10264E+00 -0.47109E+03  0.00000E+00 -0.15264E+04  0.00000E+00  0.62589E-05  0.47680E+03  0.13391E+02  0.00000E+00    217  0.00000E+00      0.000
     100.0000 -0.10000E+00  0.00000E+00 -0.10000E+00  0.00000E+00 -0.11200E-02 -0.13700E+02  0.00000E+00 -0.13700E+02  0.00000E+00 -0.10610E+00 -0.46237E+03  0.00000E+00 -0.15280E+04  0.00000E+00  0.62589E-05  0.47710E+03  0.13700E+02  0.00000E+00    218  0.00000E+00      0.000
     100.0001 -0.30000E+00  0.00000E+00 -0.30012E+00  0.00000E+00 -0.99692E-03 -0.13700E+02  0.00000E+00 -0.13700E+02  0.00000E+00 -0.10610E+00 -0.46203E+03  0.00000E+00 -0.15280E+04  0.11542E-03  0.62705E-05  0.47710E+03  0.13700E+02  0.00000E+00    219  0.00000E+00      0.000
     100.0002 -0.30000E+00  0.00000E+00 -0.29927E+00  0.00000E+00 -0.99692E-03 -0.13700E+02  0.00000E+00 -0.13700E+02  0.00000E+00 -0.10610E+00 -0.46208E+03  0.00000E+00 -0.15280E+04  0.72682E-03  0.63649E-05  0.47710E+03  0.13700E+02  0.00000E+00    220  0.00000E+00      0.000
     100.0004 -0.30000E+00  0.00000E+00 -0.30038E+00  0.00000E+00 -0.99687E-03 -0.13700E+02  0.00000E+00 -0.13700E+02  0.00000E+00 -0.10610E+00 -0.46198E+03  0.00000E+00 -0.15280E+04  0.37900E-03  0.64290E-05  0.47710E+03  0.13700E+02  0.00000E+00    221  0.00000E+00      0.000
     100.0006 -0.30000E+00  0.00000E+00 -0.29978E+00  0.00000E+00 -0.99692E-03 -0.13700E+02  0.00000E+00 -0.13700E+02  0.00000E+00 -0.10610E+00 -0.46196E+03  0.00000E+00 -0.15280E+04  0.21571E-03  0.64764E-05  0.47710E+03  0.13700E+02  0.00000E+00    222  0.00000E+00      0.000
     100.0009 -0.30000E+00  0.00000E+00 -0.30021E+00  0.00000E+00 -0.99695E-03 -0.13700E+02  0.00000E+00 -0.13700E+02  0.00000E+00 -0.10610E+00 -0.46188E+03  0.00000E+00 -0.15280E+04  0.20763E-03  0.65357E-05  0.47710E+03  0.13700E+02  0.00000E+00    223  0.00000E+00      0.000
     100.0013 -0.30000E+00  0.00000E+00 -0.30019E+00  0.00000E+00 -0.99692E-03 -0.13700E+02  0.00000E+00 -0.13700E+02  0.00000E+00 -0.10610E+00 -0.46181E+03  0.00000E+00 -0.15280E+04  0.18623E-03  0.66048E-05  0.47710E+03  0.13700E+02  0.00000E+00    224  0.00000E+00      0.000
     100.0018 -0.30000E+00  0.00000E+00 -0.30000E+00  0.00000E+00 -0.99696E-03 -0.13701E+02  0.00000E+00 -0.13701E+02  0.00000E+00 -0.10610E+00 -0.46170E+03  0.00000E+00 -0.15280E+04  0.00000E+00  0.66048E-05  0.47710E+03  0.13701E+02  0.00000E+00    225  0.00000E+00      0.000
     100.0024 -0.30000E+00  0.00000E+00 -0.30019E+00  0.00000E+00 -0.99695E-03 -0.13701E+02  0.00000E+00 -0.13701E+02  0.00000E+00 -0.10610E+00 -0.46157E+03  0.00000E+00 -0.15280E+04  0.18984E-03  0.67240E-05  0.47710E+03  0.13701E+02  0.00000E+00    226  0.00000E+00      0.000
     100.0032 -0.30000E+00  0.00000E+00 -0.29995E+00  0.00000E+00 -0.11796E-02 -0.13701E+02  0.00000E+00 -0.13701E+02  0.00000E+00 -0.10610E+00 -0.46140E+03  0.00000E+00 -0.15280E+04  0.48339E-04  0.67634E-05  0.47710E+03  0.13701E+02  0.00000E+00    227  0.00000E+00      0.000
     100.0043 -0.30000E+00  0.00000E+00 -0.29999E+00  0.00000E+00 -0.11374E-02 -0.13701E+02  0.00000E+00 -0.13701E+02  0.00000E+00 -0.10611E+00 -0.46117E+03  0.00000E+00 -0.15280E+04  0.13709E-04  0.67779E-05  0.47710E+03  0.13701E+02  0.00000E+00    228  0.00000E+00      0.000
     100.0056 -0.30000E+00  0.00000E+00 -0.29997E+00  0.00000E+00 -0.11050E-02 -0.13702E+02  0.00000E+00 -0.13702E+02  0.00000E+00 -0.10611E+00 -0.46088E+03  0.00000E+00 -0.15280E+04  0.34511E-04  0.68255E-05  0.47710E+03  0.13702E+02  0.00000E+00    229  0.00000E+00      0.000
     100.0074 -0.30000E+00  0.00000E+00 -0.29996E+00  0.00000E+00 -0.10800E-02 -0.13702E+02  0.00000E+00 -0.13702E+02  0.00000E+00 -0.10611E+00 -0.46050E+03  0.00000E+00 -0.15280E+04  0.43511E-04  0.69035E-05  0.47710E+03  0.13702E+02  0.00000E+00    230  0.00000E+00      0.000
     100.0098 -0.30000E+00  0.00000E+00 -0.30002E+00  0.00000E+00 -0.11248E-02 -0.13703E+02  0.00000E+00 -0.13703E+02  0.00000E+00 -0.10611E+00 -0.46001E+03  0.00000E+00 -0.15280E+04  0.22441E-04  0.69558E-05  0.47710E+03  0.13703E+02  0.00000E+00    231  0.00000E+00      0.000
     100.0128 -0.30000E+00  0.00000E+00 -0.30002E+00  0.00000E+00 -0.10953E-02 -0.13704E+02  0.00000E+00 -0.13704E+02  0.00000E+00 -0.10612E+00 -0.45937E+03  0.00000E+00 -0.15280E+04  0.17554E-04  0.70089E-05  0.47711E+03  0.13704E+02  0.00000E+00    232  0.00000E+00      0.000
     100.0167 -0.30000E+00  0.00000E+00 -0.30003E+00  0.00000E+00 -0.11104E-02 -0.13705E+02  0.00000E+00 -0.13705E+02  0.00000E+00 -0.10612E+00 -0.45855E+03  0.00000E+00 -0.15280E+04  0.33528E-04  0.71409E-05  0.47711E+03  0.13705E+02  0.00000E+00    233  0.00000E+00      0.000
     100.0218 -0.30000E+00  0.00000E+00 -0.29997E+00  0.00000E+00 -0.11133E-02 -0.13707E+02  0.00000E+00 -0.13707E+02  0.00000E+00 -0.10613E+00 -0.45750E+03  0.00000E+00 -0.15280E+04  0.25332E-04  0.72706E-05  0.47711E+03  0.13707E+02  0.00000E+00    234  0.00000E+00      0.000
     100.0285 -0.30000E+00  0.00000E+00 -0.30002E+00  0.00000E+00 -0.11311E-02 -0.13709E+02  0.00000E+00 -0.13709E+02  0.00000E+00 -0.10613E+00 -0.45614E+03  0.00000E+00 -0.15280E+04  0.19282E-04  0.73989E-05  0.47711E+03  0.13709E+02  0.00000E+00    235  0.00000E+00      0.000
     100.0372 -0.30000E+00  0.00000E+00 -0.30002E+00  0.00000E+00 -0.11175E-02 -0.13711E+02  0.00000E+00 -0.13711E+02  0.00000E+00 -0.10614E+00 -0.45441E+03  0.00000E+00 -0.15281E+04  0.17405E-04  0.75495E-05  0.47711E+03  0.13711E+02  0.00000E+00    236  0.00000E+00      0.000
     100.0484 -0.30000E+00  0.00000E+00 -0.30000E+00  0.00000E+00 -0.11162E-02 -0.13715E+02  0.00000E+00 -0.13715E+02  0.00000E+00 -0.10615E+00 -0.45220E+03  0.00000E+00 -0.15281E+04  0.00000E+00  0.75495E-05  0.47712E+03  0.13715E+02  0.00000E+00    237  0.00000E+00      0.000
     100.0630 -0.30000E+00  0.00000E+00 -0.30000E+00  0.00000E+00 -0.11192E-02 -0.13719E+02  0.00000E+00 -0.13719E+02  0.00000E+00 -0.10617E+00 -0.44941E+03  0.00000E+00 -0.15281E+04  0.00000E+00  0.75495E-05  0.47712E+03  0.13719E+02  0.00000E+00    238  0.00000E+00      0.000
     100.0820 -0.30000E+00  0.00000E+00 -0.29999E+00  0.00000E+00 -0.11223E-02 -0.13725E+02  0.00000E+00 -0.13725E+02  0.00000E+00 -0.10619E+00 -0.44591E+03  0.00000E+00 -0.15281E+04  0.00000E+00  0.75495E-05  0.47713E+03  0.13725E+02  0.00000E+00    239  0.00000E+00      0.000
     100.1067 -0.30000E+00  0.00000E+00 -0.30000E+00  0.00000E+00 -0.11176E-02 -0.13732E+02  0.00000E+00 -0.13732E+02  0.00000E+00 -0.10622E+00 -0.44156E+03  0.00000E+00 -0.15281E+04  0.00000E+00  0.75495E-05  0.47713E+03  0.13732E+02  0.00000E+00    240  0.00000E+00      0.000
     100.1388 -0.30000E+00  0.00000E+00 -0.30000E+00  0.00000E+00 -0.11222E-02 -0.13742E+02  0.00000E+00 -0.13742E+02  0.00000E+00 -0.10626E+00 -0.43623E+03  0.00000E+00 -0.15281E+04  0.00000E+00  0.75495E-05  0.47714E+03  0.13742E+02  0.00000E+00    241  0.00000E+00      0.000
     100.1806 -0.30000E+00  0.00000E+00 -0.30000E+00  0.00000E+00 -0.11183E-02 -0.13754E+02  0.00000E+00 -0.13754E+02  0.00000E+00 -0.10630E+00 -0.42979E+03  0.00000E+00 -0.15281E+04  0.00000E+00  0.75495E-05  0.47716E+03  0.13754E+02  0.00000E+00    242  0.00000E+00      0.000
     100.2349 -0.30000E+00  0.00000E+00 -0.30000E+00  0.00000E+00 -0.11206E-02 -0.13771E+02  0.00000E+00 -0.13771E+02  0.00000E+00 -0.10636E+00 -0.42216E+03  0.00000E+00 -0.15282E+04  0.00000E+00  0.75495E-05  0.47717E+03  0.13771E+02  0.00000E+00    243  0.00000E+00      0.000
     100.3054 -0.30000E+00  0.00000E+00 -0.30000E+00  0.00000E+00 -0.11196E-02 -0.13792E+02  0.00000E+00 -0.13792E+02  0.00000E+00 -0.10644E+00 -0.41330E+03  0.00000E+00 -0.15282E+04  0.00000E+00  0.75495E-05  0.47719E+03  0.13792E+02  0.00000E+00    244  0.00000E+00      0.000
     100.3972 -0.30000E+00  0.00000E+00 -0.30000E+00  0.00000E+00 -0.11189E-02 -0.13819E+02  0.00000E+00 -0.13819E+02  0.00000E+00 -0.10655E+00 -0.40326E+03  0.00000E+00 -0.15282E+04  0.00000E+00  0.75495E-05  0.47722E+03  0.13819E+02  0.00000E+00    245  0.00000E+00      0.000
     100.5164 -0.30000E+00  0.00000E+00 -0.30000E+00  0.00000E+00 -0.11196E-02 -0.13855E+02  0.00000E+00 -0.13855E+02  0.00000E+00 -0.10668E+00 -0.39211E+03  0.00000E+00 -0.15283E+04  0.00000E+00  0.75495E-05  0.47726E+03  0.13855E+02  0.00000E+00    246  0.00000E+00      0.000
     100.6715 -0.30000E+00  0.00000E+00 -0.30000E+00  0.00000E+00 -0.11193E-02 -0.13902E+02  0.00000E+00 -0.13902E+02  0.00000E+00 -0.10685E+00 -0.37993E+03  0.00000E+00 -0.15284E+04  0.00000E+00  0.75495E-05  0.47730E+03  0.13902E+02  0.00000E+00    247  0.00000E+00      0.000
     100.8730 -0.30000E+00  0.00000E+00 -0.30000E+00  0.00000E+00 -0.11193E-02 -0.13962E+02  0.00000E+00 -0.13962E+02  0.00000E+00 -0.10708E+00 -0.36858E+03  0.00000E+00 -0.15285E+04  0.00000E+00  0.75495E-05  0.47736E+03  0.13962E+02  0.00000E+00    248  0.00000E+00      0.000
     101.1350 -0.30000E+00  0.00000E+00 -0.30000E+00  0.00000E+00 -0.11192E-02 -0.14041E+02  0.00000E+00 -0.14041E+02  0.00000E+00 -0.10737E+00 -0.35741E+03  0.00000E+00 -0.15286E+04  0.00000E+00  0.75495E-05  0.47744E+03  0.14041E+02  0.00000E+00    249  0.00000E+00      0.000
     101.4756 -0.30000E+00  0.00000E+00 -0.30000E+00  0.00000E+00 -0.11193E-02 -0.14143E+02  0.00000E+00 -0.14143E+02  0.00000E+00 -0.10775E+00 -0.34580E+03  0.00000E+00 -0.15288E+04  0.00000E+00  0.75495E-05  0.47754E+03  0.14143E+02  0.00000E+00    250  0.00000E+00      0.000
     101.9184 -0.30000E+00  0.00000E+00 -0.30000E+00  0.00000E+00 -0.11187E-02 -0.14276E+02  0.00000E+00 -0.14276E+02  0.00000E+00 -0.10825E+00 -0.33329E+03  0.00000E+00 -0.15290E+04  0.00000E+00  0.75495E-05  0.47768E+03  0.14276E+02  0.00000E+00    251  0.00000E+00      0.000
     102.4940 -0.30000E+00  0.00000E+00 -0.30000E+00  0.00000E+00 -0.11185E-02 -0.14448E+02  0.00000E+00 -0.14448E+02  0.00000E+00 -0.10889E+00 -0.31910E+03  0.00000E+00 -0.15293E+04  0.00000E+00  0.75495E-05  0.47785E+03  0.14448E+02  0.00000E+00    252  0.00000E+00      0.000
     103.2446 -0.30000E+00  0.00000E+00 -0.30000E+00  0.00000E+00 -0.11180E-02 -0.14673E+02  0.00000E+00 -0.14673E+02  0.00000E+00 -0.10973E+00 -0.30257E+03  0.00000E+00 -0.15297E+04  0.00000E+00  0.75495E-05  0.47807E+03  0.14673E+02  0.00000E+00    253  0.00000E+00      0.000
     104.2096 -0.30000E+00  0.00000E+00 -0.30000E+00  0.00000E+00 -0.11173E-02 -0.14963E+02  0.00000E+00 -0.14963E+02  0.00000E+00 -0.11081E+00 -0.28779E+03  0.00000E+00 -0.15302E+04  0.00000E+00  0.75495E-05  0.47836E+03  0.14963E+02  0.00000E+00    254  0.00000E+00      0.000
     105.3677 -0.30000E+00  0.00000E+00 -0.30000E+00  0.00000E+00 -0.11167E-02 -0.15310E+02  0.00000E+00 -0.15310E+02  0.00000E+00 -0.11210E+00 -0.27570E+03  0.00000E+00 -0.15308E+04  0.00000E+00  0.75495E-05  0.47871E+03  0.15310E+02  0.00000E+00    255  0.00000E+00      0.000
     106.9118 -0.30000E+00  0.00000E+00 -0.30000E+00  0.00000E+00 -0.11157E-02 -0.15774E+02  0.00000E+00 -0.15774E+02  0.00000E+00 -0.11383E+00 -0.25955E+03  0.00000E+00 -0.15315E+04  0.00000E+00  0.75495E-05  0.47917E+03  0.15774E+02  0.00000E+00    256  0.00000E+00      0.000
     110.0000 -0.30000E+00  0.00000E+00 -0.30000E+00  0.00000E+00 -0.11139E-02 -0.16700E+02  0.00000E+00 -0.16700E+02  0.00000E+00 -0.11727E+00 -0.23694E+03  0.00000E+00 -0.15330E+04  0.00000E+00  0.75495E-05  0.48009E+03  0.16700E+02  0.00000E+00    257  0.00000E+00      0.000
     110.0001 -0.43000E+00  0.00000E+00 -0.42882E+00  0.00000E+00 -0.10007E-02 -0.16700E+02  0.00000E+00 -0.16700E+02  0.00000E+00 -0.11727E+00 -0.23723E+03  0.00000E+00 -0.15330E+04  0.11802E-02  0.76675E-05  0.48009E+03  0.16700E+02  0.00000E+00    258  0.00000E+00      0.000
     110.0002 -0.43000E+00  0.00000E+00 -0.43052E+00  0.00000E+00 -0.10007E-02 -0.16700E+02  0.00000E+00 -0.16700E+02  0.00000E+00 -0.11727E+00 -0.23716E+03  0.00000E+00 -0.15330E+04  0.51540E-03  0.77345E-05  0.48009E+03  0.16700E+02  0.00000E+00    259  0.00000E+00      0.000
     110.0004 -0.43000E+00  0.00000E+00 -0.42993E+00  0.00000E+00 -0.10007E-02 -0.16700E+02  0.00000E+00 -0.16700E+02  0.00000E+00 -0.11727E+00 -0.23718E+03  0.00000E+00 -0.15330E+04  0.67055E-04  0.77458E-05  0.48009E+03  0.16700E+02  0.00000E+00    260  0.00000E+00      0.000
     110.0006 -0.43000E+00  0.00000E+00 -0.42991E+00  0.00000E+00 -0.10007E-02 -0.16700E+02  0.00000E+00 -0.16700E+02  0.00000E+00 -0.11727E+00 -0.23714E+03  0.00000E+00 -0.15330E+04  0.94414E-04  0.77666E-05  0.48009E+03  0.16700E+02  0.00000E+00    261  0.00000E+00      0.000
     110.0009 -0.43000E+00  0.00000E+00 -0.42997E+00  0.00000E+00 -0.10006E-02 -0.16700E+02  0.00000E+00 -0.16700E+02  0.00000E+00 -0.11727E+00 -0.23712E+03  0.00000E+00 -0.15330E+04  0.26375E-04  0.77741E-05  0.48009E+03  0.16700E+02  0.00000E+00    262  0.00000E+00      0.000
     110.0013 -0.43000E+00  0.00000E+00 -0.42975E+00  0.00000E+00 -0.10007E-02 -0.16701E+02  0.00000E+00 -0.16701E+02  0.00000E+00 -0.11727E+00 -0.23708E+03  0.00000E+00 -0.15330E+04  0.24593E-03  0.78654E-05  0.48009E+03  0.16701E+02  0.00000E+00    263  0.00000E+00      0.000
     110.0018 -0.43000E+00  0.00000E+00 -0.42977E+00  0.00000E+00 -0.10006E-02 -0.16701E+02  0.00000E+00 -0.16701E+02  0.00000E+00 -0.11727E+00 -0.23702E+03  0.00000E+00 -0.15330E+04  0.22644E-03  0.79747E-05  0.48009E+03  0.16701E+02  0.00000E+00    264  0.00000E+00      0.000
     110.0024 -0.43000E+00  0.00000E+00 -0.43010E+00  0.00000E+00 -0.12381E-02 -0.16701E+02  0.00000E+00 -0.16701E+02  0.00000E+00 -0.11727E+00 -0.23696E+03  0.00000E+00 -0.15330E+04  0.98288E-04  0.80364E-05  0.48009E+03  0.16701E+02  0.00000E+00    265  0.00000E+00      0.000
     110.0032 -0.43000E+00  0.00000E+00 -0.43006E+00  0.00000E+00 -0.11833E-02 -0.16701E+02  0.00000E+00 -0.16701E+02  0.00000E+00 -0.11727E+00 -0.23687E+03  0.00000E+00 -0.15330E+04  0.61721E-04  0.80867E-05  0.48009E+03  0.16701E+02  0.00000E+00    266  0.00000E+00      0.000
     110.0043 -0.43000E+00  0.00000E+00 -0.42998E+00  0.00000E+00 -0.11412E-02 -0.16702E+02  0.00000E+00 -0.16702E+02  0.00000E+00 -0.11727E+00 -0.23676E+03  0.00000E+00 -0.15330E+04  0.22948E-04  0.81111E-05  0.48009E+03  0.16702E+02  0.00000E+00    267  0.00000E+00      0.000
     110.0056 -0.43000E+00  0.00000E+00 -0.42991E+00  0.00000E+00 -0.11088E-02 -0.16703E+02  0.00000E+00 -0.16703E+02  0.00000E+00 -0.11727E+00 -0.23661E+03  0.00000E+00 -0.15330E+04  0.90778E-04  0.82362E-05  0.48009E+03  0.16703E+02  0.00000E+00    268  0.00000E+00      0.000
     110.0074 -0.43000E+00  0.00000E+00 -0.43008E+00  0.00000E+00 -0.10838E-02 -0.16703E+02  0.00000E+00 -0.16703E+02  0.00000E+00 -0.11727E+00 -0.23642E+03  0.00000E+00 -0.15330E+04  0.82254E-04  0.83836E-05  0.48009E+03  0.16703E+02  0.00000E+00    269  0.00000E+00      0.000
     110.0098 -0.43000E+00  0.00000E+00 -0.43000E+00  0.00000E+00 -0.11286E-02 -0.16704E+02  0.00000E+00 -0.16704E+02  0.00000E+00 -0.11728E+00 -0.23621E+03  0.00000E+00 -0.15330E+04  0.00000E+00  0.83836E-05  0.48010E+03  0.16704E+02  0.00000E+00    270  0.00000E+00      0.000
     110.0128 -0.43000E+00  0.00000E+00 -0.42999E+00  0.00000E+00 -0.10991E-02 -0.16706E+02  0.00000E+00 -0.16706E+02  0.00000E+00 -0.11728E+00 -0.23593E+03  0.00000E+00 -0.15330E+04  0.11921E-04  0.84197E-05  0.48010E+03  0.16706E+02  0.00000E+00    271  0.00000E+00      0.000
     110.0167 -0.43000E+00  0.00000E+00 -0.43000E+00  0.00000E+00 -0.11143E-02 -0.16707E+02  0.00000E+00 -0.16707E+02  0.00000E+00 -0.11728E+00 -0.23558E+03  0.00000E+00 -0.15330E+04  0.00000E+00  0.84197E-05  0.48010E+03  0.16707E+02  0.00000E+00    272  0.00000E+00      0.000
     110.0218 -0.43000E+00  0.00000E+00 -0.42997E+00  0.00000E+00 -0.11171E-02 -0.16709E+02  0.00000E+00 -0.16709E+02  0.00000E+00 -0.11729E+00 -0.23513E+03  0.00000E+00 -0.15330E+04  0.26524E-04  0.85555E-05  0.48010E+03  0.16709E+02  0.00000E+00    273  0.00000E+00      0.000
     110.0285 -0.43000E+00  0.00000E+00 -0.43000E+00  0.00000E+00 -0.11127E-02 -0.16712E+02  0.00000E+00 -0.16712E+02  0.00000E+00 -0.11730E+00 -0.23457E+03  0.00000E+00 -0.15330E+04  0.00000E+00  0.85555E-05  0.48010E+03  0.16712E+02  0.00000E+00    274  0.00000E+00      0.000
     110.0372 -0.43000E+00  0.00000E+00 -0.43000E+00  0.00000E+00 -0.11213E-02 -0.16716E+02  0.00000E+00 -0.16716E+02  0.00000E+00 -0.11731E+00 -0.23386E+03  0.00000E+00 -0.15330E+04  0.00000E+00  0.85555E-05  0.48011E+03  0.16716E+02  0.00000E+00    275  0.00000E+00      0.000
     110.0484 -0.43000E+00  0.00000E+00 -0.43001E+00  0.00000E+00 -0.11068E-02 -0.16721E+02  0.00000E+00 -0.16721E+02  0.00000E+00 -0.11732E+00 -0.23297E+03  0.00000E+00 -0.15330E+04  0.11563E-04  0.86855E-05  0.48011E+03  0.16721E+02  0.00000E+00    276  0.00000E+00      0.000
     110.0630 -0.43000E+00  0.00000E+00 -0.42999E+00  0.00000E+00 -0.11129E-02 -0.16727E+02  0.00000E+00 -0.16727E+02  0.00000E+00 -0.11734E+00 -0.23189E+03  0.00000E+00 -0.15330E+04  0.00000E+00  0.86855E-05  0.48012E+03  0.16727E+02  0.00000E+00    277  0.00000E+00      0.000
     110.0820 -0.43000E+00  0.00000E+00 -0.43000E+00  0.00000E+00 -0.11105E-02 -0.16735E+02  0.00000E+00 -0.16735E+02  0.00000E+00 -0.11736E+00 -0.23058E+03  0.00000E+00 -0.15330E+04  0.00000E+00  0.86855E-05  0.48013E+03  0.16735E+02  0.00000E+00    278  0.00000E+00      0.000
     110.1067 -0.43000E+00  0.00000E+00 -0.43000E+00  0.00000E+00 -0.11153E-02 -0.16746E+02  0.00000E+00 -0.16746E+02  0.00000E+00 -0.11738E+00 -0.22902E+03  0.00000E+00 -0.15330E+04  0.00000E+00  0.86855E-05  0.48014E+03  0.16746E+02  0.00000E+00    279  0.00000E+00      0.000
     110.1388 -0.43000E+00  0.00000E+00 -0.43000E+00  0.00000E+00 -0.11121E-02 -0.16760E+02  0.00000E+00 -0.16760E+02  0.00000E+00 -0.11742E+00 -0.22719E+03  0.00000E+00 -0.15331E+04  0.00000E+00  0.86855E-05  0.48015E+03  0.16760E+02  0.00000E+00    280  0.00000E+00      0.000
     110.1806 -0.43000E+00  0.00000E+00 -0.43000E+00  0.00000E+00 -0.11149E-02 -0.16778E+02  0.00000E+00 -0.16778E+02  0.00000E+00 -0.11747E+00 -0.22510E+03  0.00000E+00 -0.15331E+04  0.00000E+00  0.86855E-05  0.48017E+03  0.16778E+02  0.00000E+00    281  0.00000E+00      0.000
     110.2349 -0.43000E+00  0.00000E+00 -0.43000E+00  0.00000E+00 -0.11133E-02 -0.16801E+02  0.00000E+00 -0.16801E+02  0.00000E+00 -0.11753E+00 -0.22274E+03  0.00000E+00 -0.15331E+04  0.00000E+00  0.86855E-05  0.48019E+03  0.16801E+02  0.00000E+00    282  0.00000E+00      0.000
     110.3054 -0.43000E+00  0.00000E+00 -0.43000E+00  0.00000E+00 -0.11127E-02 -0.16831E+02  0.00000E+00 -0.16831E+02  0.00000E+00 -0.11761E+00 -0.22012E+03  0.00000E+00 -0.15331E+04  0.00000E+00  0.86855E-05  0.48022E+03  0.16831E+02  0.00000E+00    283  0.00000E+00      0.000
     110.3972 -0.43000E+00  0.00000E+00 -0.43000E+00  0.00000E+00 -0.11144E-02 -0.16871E+02  0.00000E+00 -0.16871E+02  0.00000E+00 -0.11771E+00 -0.21723E+03  0.00000E+00 -0.15332E+04  0.00000E+00  0.86855E-05  0.48026E+03  0.16871E+02  0.00000E+00    284  0.00000E+00      0.000
     110.5164 -0.43000E+00  0.00000E+00 -0.43000E+00  0.00000E+00 -0.11132E-02 -0.16922E+02  0.00000E+00 -0.16922E+02  0.00000E+00 -0.11784E+00 -0.21401E+03  0.00000E+00 -0.15332E+04  0.00000E+00  0.86855E-05  0.48031E+03  0.16922E+02  0.00000E+00    285  0.00000E+00      0.000
     110.6715 -0.43000E+00  0.00000E+00 -0.43000E+00  0.00000E+00 -0.11133E-02 -0.16989E+02  0.00000E+00 -0.16989E+02  0.00000E+00 -0.11801E+00 -0.21040E+03  0.00000E+00 -0.15333E+04  0.00000E+00  0.86855E-05  0.48038E+03  0.16989E+02  0.00000E+00    286  0.00000E+00      0.000
     110.8730 -0.43000E+00  0.00000E+00 -0.43000E+00  0.00000E+00 -0.11132E-02 -0.17075E+02  0.00000E+00 -0.17075E+02  0.00000E+00 -0.11824E+00 -0.20629E+03  0.00000E+00 -0.15334E+04  0.00000E+00  0.86855E-05  0.48047E+03  0.17075E+02  0.00000E+00    287  0.00000E+00      0.000
     111.1350 -0.43000E+00  0.00000E+00 -0.43000E+00  0.00000E+00 -0.11134E-02 -0.17188E+02  0.00000E+00 -0.17188E+02  0.00000E+00 -0.11853E+00 -0.20153E+03  0.00000E+00 -0.15335E+04  0.00000E+00  0.86855E-05  0.48058E+03  0.17188E+02  0.00000E+00    288  0.00000E+00      0.000
     111.4756 -0.43000E+00  0.00000E+00 -0.43000E+00  0.00000E+00 -0.11129E-02 -0.17335E+02  0.00000E+00 -0.17335E+02  0.00000E+00 -0.11891E+00 -0.19591E+03  0.00000E+00 -0.15337E+04  0.00000E+00  0.86855E-05  0.48072E+03  0.17335E+02  0.00000E+00    289  0.00000E+00      0.000
     111.9184 -0.43000E+00  0.00000E+00 -0.43000E+00  0.00000E+00 -0.11127E-02 -0.17525E+02  0.00000E+00 -0.17525E+02  0.00000E+00 -0.11940E+00 -0.18951E+03  0.00000E+00 -0.15339E+04  0.00000E+00  0.86855E-05  0.48091E+03  0.17525E+02  0.00000E+00    290  0.00000E+00      0.000
     112.4940 -0.43000E+00  0.00000E+00 -0.43000E+00  0.00000E+00 -0.11124E-02 -0.17773E+02  0.00000E+00 -0.17772E+02  0.00000E+00 -0.12004E+00 -0.18368E+03  0.00000E+00 -0.15342E+04  0.00000E+00  0.86855E-05  0.48116E+03  0.17772E+02  0.00000E+00    291  0.00000E+00      0.000
     113.2446 -0.43000E+00  0.00000E+00 -0.43000E+00  0.00000E+00 -0.11120E-02 -0.18095E+02  0.00000E+00 -0.18095E+02  0.00000E+00 -0.12088E+00 -0.17734E+03  0.00000E+00 -0.15345E+04  0.00000E+00  0.86855E-05  0.48148E+03  0.18095E+02  0.00000E+00    292  0.00000E+00      0.000
     114.2096 -0.43000E+00  0.00000E+00 -0.43000E+00  0.00000E+00 -0.11114E-02 -0.18510E+02  0.00000E+00 -0.18510E+02  0.00000E+00 -0.12195E+00 -0.17006E+03  0.00000E+00 -0.15350E+04  0.00000E+00  0.86855E-05  0.48190E+03  0.18510E+02  0.00000E+00    293  0.00000E+00      0.000
     115.3677 -0.43000E+00  0.00000E+00 -0.43000E+00  0.00000E+00 -0.11107E-02 -0.19008E+02  0.00000E+00 -0.19008E+02  0.00000E+00 -0.12323E+00 -0.16152E+03  0.00000E+00 -0.15355E+04  0.00000E+00  0.86855E-05  0.48239E+03  0.19008E+02  0.00000E+00    294  0.00000E+00      0.000
     116.9118 -0.43000E+00  0.00000E+00 -0.43000E+00  0.00000E+00 -0.11099E-02 -0.19672E+02  0.00000E+00 -0.19672E+02  0.00000E+00 -0.12495E+00 -0.15246E+03  0.00000E+00 -0.15362E+04  0.00000E+00  0.86855E-05  0.48306E+03  0.19672E+02  0.00000E+00    295  0.00000E+00      0.000
     120.0000 -0.43000E+00  0.00000E+00 -0.43000E+00  0.00000E+00 -0.11082E-02 -0.21000E+02  0.00000E+00 -0.21000E+02  0.00000E+00 -0.12837E+00 -0.14006E+03  0.00000E+00 -0.15376E+04  0.00000E+00  0.86855E-05  0.48438E+03  0.21000E+02  0.00000E+00    296  0.00000E+00      0.000
     122.0000 -0.43000E+00  0.00000E+00 -0.43000E+00  0.00000E+00 -0.11071E-02 -0.21860E+02  0.00000E+00 -0.21860E+02  0.00000E+00 -0.13058E+00 -0.13216E+03  0.00000E+00 -0.15385E+04  0.00000E+00  0.86855E-05  0.48524E+03  0.21860E+02  0.00000E+00    297  0.00000E+00      0.000
     124.6667 -0.43000E+00  0.00000E+00 -0.43000E+00  0.00000E+00 -0.11057E-02 -0.23007E+02  0.00000E+00 -0.23007E+02  0.00000E+00 -0.13353E+00 -0.12501E+03  0.00000E+00 -0.15397E+04  0.00000E+00  0.86855E-05  0.48638E+03  0.23007E+02  0.00000E+00    298  0.00000E+00      0.000
     127.3333 -0.43000E+00  0.00000E+00 -0.43000E+00  0.00000E+00 -0.11043E-02 -0.24153E+02  0.00000E+00 -0.24153E+02  0.00000E+00 -0.13648E+00 -0.11830E+03  0.00000E+00 -0.15408E+04  0.00000E+00  0.86855E-05  0.48752E+03  0.24153E+02  0.00000E+00    299  0.00000E+00      0.000
     130.0000 -0.43000E+00  0.00000E+00 -0.43000E+00  0.00000E+00 -0.11029E-02 -0.25300E+02  0.00000E+00 -0.25300E+02  0.00000E+00 -0.13942E+00 -0.11234E+03  0.00000E+00 -0.15419E+04  0.00000E+00  0.86855E-05  0.48867E+03  0.25300E+02  0.00000E+00    300  0.00000E+00      0.000
     130.0001 -0.30000E-01  0.00000E+00 -0.29936E-01  0.00000E+00 -0.10027E-02 -0.25300E+02  0.00000E+00 -0.25300E+02  0.00000E+00 -0.13942E+00 -0.11234E+03  0.00000E+00 -0.15419E+04  0.63716E-04  0.86919E-05  0.48867E+03  0.25300E+02  0.00000E+00    301  0.00000E+00      0.000
     130.0002 -0.30000E-01  0.00000E+00 -0.30382E-01  0.00000E+00 -0.10027E-02 -0.25300E+02  0.00000E+00 -0.25300E+02  0.00000E+00 -0.13942E+00 -0.11237E+03  0.00000E+00 -0.15419E+04  0.38177E-03  0.87415E-05  0.48867E+03  0.25300E+02  0.00000E+00    302  0.00000E+00      0.000
     130.0004 -0.30000E-01  0.00000E+00 -0.30468E-01  0.00000E+00 -0.10027E-02 -0.25300E+02  0.00000E+00 -0.25300E+02  0.00000E+00 -0.13942E+00 -0.11240E+03  0.00000E+00 -0.15419E+04  0.46787E-03  0.88206E-05  0.48867E+03  0.25300E+02  0.00000E+00    303  0.00000E+00      0.000
     130.0006 -0.30000E-01  0.00000E+00 -0.30207E-01  0.00000E+00 -0.10027E-02 -0.25300E+02  0.00000E+00 -0.25300E+02  0.00000E+00 -0.13942E+00 -0.11245E+03  0.00000E+00 -0.15419E+04  0.20698E-03  0.88661E-05  0.48867E+03  0.25300E+02  0.00000E+00    304  0.00000E+00      0.000
     130.0009 -0.30000E-01  0.00000E+00 -0.30485E-01  0.00000E+00 -0.10027E-02 -0.25300E+02  0.00000E+00 -0.25300E+02  0.00000E+00 -0.13942E+00 -0.11251E+03  0.00000E+00 -0.15419E+04  0.48545E-03  0.90047E-05  0.48867E+03  0.25300E+02  0.00000E+00    305  0.00000E+00      0.000
     130.0013 -0.30000E-01  0.00000E+00 -0.30378E-01  0.00000E+00 -0.10027E-02 -0.25300E+02  0.00000E+00 -0.25300E+02  0.00000E+00 -0.13942E+00 -0.11259E+03  0.00000E+00 -0.15419E+04  0.37831E-03  0.91452E-05  0.48867E+03  0.25300E+02  0.00000E+00    306  0.00000E+00      0.000
     130.0018 -0.30000E-01  0.00000E+00 -0.30110E-01  0.00000E+00 -0.10027E-02 -0.25300E+02  0.00000E+00 -0.25300E+02  0.00000E+00 -0.13942E+00 -0.11269E+03  0.00000E+00 -0.15419E+04  0.10973E-03  0.91982E-05  0.48867E+03  0.25300E+02  0.00000E+00    307  0.00000E+00      0.000
     130.0024 -0.30000E-01  0.00000E+00 -0.30053E-01  0.00000E+00 -0.10027E-02 -0.25300E+02  0.00000E+00 -0.25300E+02  0.00000E+00 -0.13942E+00 -0.11282E+03  0.00000E+00 -0.15419E+04  0.52990E-04  0.92314E-05  0.48867E+03  0.25300E+02  0.00000E+00    308  0.00000E+00      0.000
     130.0032 -0.30000E-01  0.00000E+00 -0.29966E-01  0.00000E+00 -0.11854E-02 -0.25300E+02  0.00000E+00 -0.25300E+02  0.00000E+00 -0.13942E+00 -0.11298E+03  0.00000E+00 -0.15419E+04  0.33526E-04  0.92587E-05  0.48867E+03  0.25300E+02  0.00000E+00    309  0.00000E+00      0.000
     130.0043 -0.30000E-01  0.00000E+00 -0.30101E-01  0.00000E+00 -0.11432E-02 -0.25300E+02  0.00000E+00 -0.25300E+02  0.00000E+00 -0.13942E+00 -0.11320E+03  0.00000E+00 -0.15419E+04  0.10127E-03  0.93661E-05  0.48867E+03  0.25300E+02  0.00000E+00    310  0.00000E+00      0.000
     130.0056 -0.30000E-01  0.00000E+00 -0.29936E-01  0.00000E+00 -0.11108E-02 -0.25300E+02  0.00000E+00 -0.25300E+02  0.00000E+00 -0.13943E+00 -0.11347E+03  0.00000E+00 -0.15419E+04  0.64073E-04  0.94545E-05  0.48867E+03  0.25300E+02  0.00000E+00    311  0.00000E+00      0.000
     130.0074 -0.30000E-01  0.00000E+00 -0.30050E-01  0.00000E+00 -0.10858E-02 -0.25300E+02  0.00000E+00 -0.25300E+02  0.00000E+00 -0.13943E+00 -0.11382E+03  0.00000E+00 -0.15420E+04  0.49742E-04  0.95436E-05  0.48867E+03  0.25300E+02  0.00000E+00    312  0.00000E+00      0.000
     130.0098 -0.30000E-01  0.00000E+00 -0.30032E-01  0.00000E+00 -0.11307E-02 -0.25300E+02  0.00000E+00 -0.25300E+02  0.00000E+00 -0.13943E+00 -0.11427E+03  0.00000E+00 -0.15420E+04  0.31980E-04  0.96181E-05  0.48867E+03  0.25300E+02  0.00000E+00    313  0.00000E+00      0.000
     130.0128 -0.30000E-01  0.00000E+00 -0.30005E-01  0.00000E+00 -0.11011E-02 -0.25300E+02  0.00000E+00 -0.25300E+02  0.00000E+00 -0.13943E+00 -0.11483E+03  0.00000E+00 -0.15420E+04  0.00000E+00  0.96181E-05  0.48867E+03  0.25300E+02  0.00000E+00    314  0.00000E+00      0.000
     130.0167 -0.30000E-01  0.00000E+00 -0.29969E-01  0.00000E+00 -0.11162E-02 -0.25301E+02  0.00000E+00 -0.25301E+02  0.00000E+00 -0.13944E+00 -0.11553E+03  0.00000E+00 -0.15420E+04  0.31022E-04  0.97403E-05  0.48867E+03  0.25301E+02  0.00000E+00    315  0.00000E+00      0.000
     130.0218 -0.30000E-01  0.00000E+00 -0.30012E-01  0.00000E+00 -0.10901E-02 -0.25301E+02  0.00000E+00 -0.25301E+02  0.00000E+00 -0.13944E+00 -0.11640E+03  0.00000E+00 -0.15420E+04  0.12131E-04  0.98024E-05  0.48867E+03  0.25301E+02  0.00000E+00    316  0.00000E+00      0.000
     130.0285 -0.30000E-01  0.00000E+00 -0.30007E-01  0.00000E+00 -0.11147E-02 -0.25301E+02  0.00000E+00 -0.25301E+02  0.00000E+00 -0.13945E+00 -0.11746E+03  0.00000E+00 -0.15420E+04  0.00000E+00  0.98024E-05  0.48867E+03  0.25301E+02  0.00000E+00    317  0.00000E+00      0.000
     130.0372 -0.30000E-01  0.00000E+00 -0.30013E-01  0.00000E+00 -0.11061E-02 -0.25301E+02  0.00000E+00 -0.25301E+02  0.00000E+00 -0.13946E+00 -0.11880E+03  0.00000E+00 -0.15420E+04  0.13473E-04  0.99189E-05  0.48867E+03  0.25301E+02  0.00000E+00    318  0.00000E+00      0.000
     130.0484 -0.30000E-01  0.00000E+00 -0.30006E-01  0.00000E+00 -0.11088E-02 -0.25302E+02  0.00000E+00 -0.25302E+02  0.00000E+00 -0.13947E+00 -0.12040E+03  0.00000E+00 -0.15420E+04  0.00000E+00  0.99189E-05  0.48867E+03  0.25302E+02  0.00000E+00    319  0.00000E+00      0.000
     130.0630 -0.30000E-01  0.00000E+00 -0.29995E-01  0.00000E+00 -0.11047E-02 -0.25302E+02  0.00000E+00 -0.25302E+02  0.00000E+00 -0.13949E+00 -0.12228E+03  0.00000E+00 -0.15420E+04  0.00000E+00  0.99189E-05  0.48867E+03  0.25302E+02  0.00000E+00    320  0.00000E+00      0.000
     130.0820 -0.30000E-01  0.00000E+00 -0.30005E-01  0.00000E+00 -0.11048E-02 -0.25303E+02  0.00000E+00 -0.25303E+02  0.00000E+00 -0.13951E+00 -0.12444E+03  0.00000E+00 -0.15420E+04  0.00000E+00  0.99189E-05  0.48867E+03  0.25303E+02  0.00000E+00    321  0.00000E+00      0.000
     130.1067 -0.30000E-01  0.00000E+00 -0.29997E-01  0.00000E+00 -0.11053E-02 -0.25303E+02  0.00000E+00 -0.25303E+02  0.00000E+00 -0.13954E+00 -0.12689E+03  0.00000E+00 -0.15420E+04  0.00000E+00  0.99189E-05  0.48867E+03  0.25303E+02  0.00000E+00    322  0.00000E+00      0.000
     130.1388 -0.30000E-01  0.00000E+00 -0.29997E-01  0.00000E+00 -0.11004E-02 -0.25304E+02  0.00000E+00 -0.25304E+02  0.00000E+00 -0.13957E+00 -0.12963E+03  0.00000E+00 -0.15420E+04  0.00000E+00  0.99189E-05  0.48867E+03  0.25304E+02  0.00000E+00    323  0.00000E+00      0.000
     130.1806 -0.30000E-01  0.00000E+00 -0.30001E-01  0.00000E+00 -0.11028E-02 -0.25306E+02  0.00000E+00 -0.25306E+02  0.00000E+00 -0.13962E+00 -0.13268E+03  0.00000E+00 -0.15420E+04  0.00000E+00  0.99189E-05  0.48867E+03  0.25306E+02  0.00000E+00    324  0.00000E+00      0.000
     130.2349 -0.30000E-01  0.00000E+00 -0.30003E-01  0.00000E+00 -0.11017E-02 -0.25307E+02  0.00000E+00 -0.25307E+02  0.00000E+00 -0.13968E+00 -0.13604E+03  0.00000E+00 -0.15420E+04  0.00000E+00  0.99189E-05  0.48868E+03  0.25307E+02  0.00000E+00    325  0.00000E+00      0.000
     130.3054 -0.30000E-01  0.00000E+00 -0.30001E-01  0.00000E+00 -0.11021E-02 -0.25309E+02  0.00000E+00 -0.25309E+02  0.00000E+00 -0.13976E+00 -0.13976E+03  0.00000E+00 -0.15421E+04  0.00000E+00  0.99189E-05  0.48868E+03  0.25309E+02  0.00000E+00    326  0.00000E+00      0.000
     130.3972 -0.30000E-01  0.00000E+00 -0.30000E-01  0.00000E+00 -0.11035E-02 -0.25312E+02  0.00000E+00 -0.25312E+02  0.00000E+00 -0.13986E+00 -0.14388E+03  0.00000E+00 -0.15421E+04  0.00000E+00  0.99189E-05  0.48868E+03  0.25312E+02  0.00000E+00    327  0.00000E+00      0.000
     130.5164 -0.30000E-01  0.00000E+00 -0.30001E-01  0.00000E+00 -0.11027E-02 -0.25316E+02  0.00000E+00 -0.25316E+02  0.00000E+00 -0.13999E+00 -0.14847E+03  0.00000E+00 -0.15422E+04  0.00000E+00  0.99189E-05  0.48868E+03  0.25316E+02  0.00000E+00    328  0.00000E+00      0.000
     130.6715 -0.30000E-01  0.00000E+00 -0.30000E-01  0.00000E+00 -0.11028E-02 -0.25320E+02  0.00000E+00 -0.25320E+02  0.00000E+00 -0.14016E+00 -0.15396E+03  0.00000E+00 -0.15422E+04  0.00000E+00  0.99189E-05  0.48869E+03  0.25320E+02  0.00000E+00    329  0.00000E+00      0.000
     130.8730 -0.30000E-01  0.00000E+00 -0.30000E-01  0.00000E+00 -0.11026E-02 -0.25326E+02  0.00000E+00 -0.25326E+02  0.00000E+00 -0.14038E+00 -0.16009E+03  0.00000E+00 -0.15423E+04  0.00000E+00  0.99189E-05  0.48869E+03  0.25326E+02  0.00000E+00    330  0.00000E+00      0.000
     131.1350 -0.30000E-01  0.00000E+00 -0.30000E-01  0.00000E+00 -0.11024E-02 -0.25334E+02  0.00000E+00 -0.25334E+02  0.00000E+00 -0.14067E+00 -0.16693E+03  0.00000E+00 -0.15424E+04  0.00000E+00  0.99189E-05  0.48870E+03  0.25334E+02  0.00000E+00    331  0.00000E+00      0.000
     131.4756 -0.30000E-01  0.00000E+00 -0.30000E-01  0.00000E+00 -0.11022E-02 -0.25344E+02  0.00000E+00 -0.25344E+02  0.00000E+00 -0.14105E+00 -0.17448E+03  0.00000E+00 -0.15426E+04  0.00000E+00  0.99189E-05  0.48871E+03  0.25344E+02  0.00000E+00    332  0.00000E+00      0.000
     131.9184 -0.30000E-01  0.00000E+00 -0.30000E-01  0.00000E+00 -0.11018E-02 -0.25358E+02  0.00000E+00 -0.25358E+02  0.00000E+00 -0.14153E+00 -0.18281E+03  0.00000E+00 -0.15428E+04  0.00000E+00  0.99189E-05  0.48872E+03  0.25358E+02  0.00000E+00    333  0.00000E+00      0.000
     132.4940 -0.30000E-01  0.00000E+00 -0.30000E-01  0.00000E+00 -0.11015E-02 -0.25375E+02  0.00000E+00 -0.25375E+02  0.00000E+00 -0.14217E+00 -0.19239E+03  0.00000E+00 -0.15430E+04  0.00000E+00  0.99189E-05  0.48874E+03  0.25375E+02  0.00000E+00    334  0.00000E+00      0.000
     133.2446 -0.30000E-01  0.00000E+00 -0.30000E-01  0.00000E+00 -0.11012E-02 -0.25397E+02  0.00000E+00 -0.25397E+02  0.00000E+00 -0.14299E+00 -0.20371E+03  0.00000E+00 -0.15433E+04  0.00000E+00  0.99189E-05  0.48876E+03  0.25397E+02  0.00000E+00    335  0.00000E+00      0.000
     134.2096 -0.30000E-01  0.00000E+00 -0.30000E-01  0.00000E+00 -0.11007E-02 -0.25426E+02  0.00000E+00 -0.25426E+02  0.00000E+00 -0.14406E+00 -0.21578E+03  0.00000E+00 -0.15437E+04  0.00000E+00  0.99189E-05  0.48879E+03  0.25426E+02  0.00000E+00    336  0.00000E+00      0.000
     135.3677 -0.30000E-01  0.00000E+00 -0.30000E-01  0.00000E+00 -0.11001E-02 -0.25461E+02  0.00000E+00 -0.25461E+02  0.00000E+00 -0.14533E+00 -0.22811E+03  0.00000E+00 -0.15442E+04  0.00000E+00  0.99189E-05  0.48882E+03  0.25461E+02  0.00000E+00    337  0.00000E+00      0.000
     136.9118 -0.30000E-01  0.00000E+00 -0.30000E-01  0.00000E+00 -0.10994E-02 -0.25507E+02  0.00000E+00 -0.25507E+02  0.00000E+00 -0.14703E+00 -0.24254E+03  0.00000E+00 -0.15448E+04  0.00000E+00  0.99189E-05  0.48887E+03  0.25507E+02  0.00000E+00    338  0.00000E+00      0.000
     140.0000 -0.30000E-01  0.00000E+00 -0.30000E-01  0.00000E+00 -0.10978E-02 -0.25600E+02  0.00000E+00 -0.25600E+02  0.00000E+00 -0.15042E+00 -0.26696E+03  0.00000E+00 -0.15461E+04  0.00000E+00  0.99189E-05  0.48896E+03  0.25600E+02  0.00000E+00    339  0.00000E+00      0.000
     142.0000  0.00000E+00  0.00000E+00  0.27940E-07  0.00000E+00 -0.10968E-02 -0.25600E+02  0.00000E+00 -0.25600E+02  0.00000E+00 -0.15261E+00 -0.29215E+03  0.00000E+00 -0.15469E+04  0.00000E+00  0.99189E-05  0.48896E+03  0.25600E+02  0.55879E-07    340  0.00000E+00      0.000
     144.6667  0.00000E+00  0.00000E+00 -0.42841E-07  0.00000E+00 -0.10955E-02 -0.25600E+02  0.00000E+00 -0.25600E+02  0.00000E+00 -0.15553E+00 -0.31652E+03  0.00000E+00 -0.15479E+04  0.00000E+00  0.99189E-05  0.48895E+03  0.25600E+02  0.55879E-07    341  0.00000E+00      0.000
     150.0000  0.00000E+00  0.00000E+00 -0.18626E-08  0.00000E+00 -0.10930E-02 -0.25600E+02  0.00000E+00 -0.25600E+02  0.00000E+00 -0.16136E+00 -0.35591E+03  0.00000E+00 -0.15500E+04  0.00000E+00  0.99189E-05  0.48895E+03  0.25600E+02  0.55879E-07    342  0.00000E+00      0.000
end
