

   Time         sum(rTop)     sum(rRoot)    sum(vTop)     sum(vRoot)     sum(vBot)    hTop       hRoot      hBot      A-level
    [T]           [L]           [L]           [L]           [L]            [L]        [L]         [L]       [L] 

    10.00100  0.000000E+00  0.000000E+00 -0.159668E-07  0.000000E+00 -0.546601E-06  -7666.053      0.000  -1483.388       1
    20.00000  0.000000E+00  0.000000E+00 -0.191240E-06  0.000000E+00 -0.782308E-02  -7668.893      0.000  -1473.295       2
    30.00000  0.000000E+00  0.000000E+00 -0.195562E-06  0.000000E+00 -0.157437E-01  -7671.021      0.000  -1468.393       3
    40.00000 -0.300000E+00  0.000000E+00 -0.300000E+00  0.000000E+00 -0.237241E-01  -4116.085      0.000  -1464.589       4
    50.00000 -0.400000E+00  0.000000E+00 -0.400000E+00  0.000000E+00 -0.317601E-01  -4234.862      0.000  -1461.400       5
    60.00000 -0.800000E+00  0.000000E+00 -0.800000E+00  0.000000E+00 -0.398457E-01  -2737.891      0.000  -1458.584       6
    70.00000 -0.310000E+01  0.000000E+00 -0.310000E+01  0.000000E+00 -0.479742E-01   -745.522      0.000  -1456.022       7
    80.00000 -0.330000E+01  0.000000E+00 -0.330000E+01  0.000000E+00 -0.561445E-01  -1392.998      0.000  -1453.664       8
    90.00000 -0.360000E+01  0.000000E+00 -0.360000E+01  0.000000E+00 -0.643526E-01  -1421.012      0.000  -1451.455       9
   100.00000 -0.380000E+01  0.000000E+00 -0.380000E+01  0.000000E+00 -0.725960E-01  -1537.122      0.000  -1449.370      10
   110.00000 -0.390000E+01  0.000000E+00 -0.390000E+01  0.000000E+00 -0.808739E-01  -1720.064      0.000  -1447.389      11
   120.00000 -0.400000E+01  0.000000E+00 -0.400000E+01  0.000000E+00 -0.891868E-01  -1796.641      0.000  -1445.503      12
   130.00000 -0.430000E+01  0.000000E+00 -0.430000E+01  0.000000E+00 -0.975279E-01  -1532.336      0.000  -1443.687      13
   140.00000 -0.460000E+01  0.000000E+00 -0.460000E+01  0.000000E+00 -0.105901E+00  -1461.559      0.000  -1441.945      14
   150.00000 -0.480000E+01  0.000000E+00 -0.480000E+01  0.000000E+00 -0.114301E+00  -1519.256      0.000  -1440.259      15
   160.00000 -0.480000E+01  0.000000E+00 -0.480000E+01  0.000000E+00 -0.122730E+00  -1815.129      0.000  -1438.635      16
   170.00000 -0.490000E+01  0.000000E+00 -0.490000E+01  0.000000E+00 -0.131185E+00  -1778.927      0.000  -1437.060      17
   180.00000 -0.490000E+01  0.000000E+00 -0.490000E+01  0.000000E+00 -0.139667E+00  -1985.786      0.000  -1435.538      18
   190.00000 -0.500000E+01  0.000000E+00 -0.500000E+01  0.000000E+00 -0.148173E+00  -1889.959      0.000  -1434.061      19
   200.00000 -0.510000E+01  0.000000E+00 -0.510000E+01  0.000000E+00 -0.156705E+00  -1876.956      0.000  -1432.634      20
   210.00000 -0.520000E+01  0.000000E+00 -0.520000E+01  0.000000E+00 -0.165262E+00  -1871.529      0.000  -1431.255      21
   220.00000 -0.520000E+01  0.000000E+00 -0.520000E+01  0.000000E+00 -0.173842E+00  -2066.528      0.000  -1429.920      22
   230.00000 -0.530001E+01  0.000000E+00 -0.530000E+01  0.000000E+00 -0.182440E+00  -1948.295      0.000  -1428.621      23
   240.00000 -0.540001E+01  0.000000E+00 -0.540000E+01  0.000000E+00 -0.191061E+00  -1918.043      0.000  -1427.369      24
   250.00000 -0.560001E+01  0.000000E+00 -0.560000E+01  0.000000E+00 -0.199702E+00  -1725.940      0.000  -1426.154      25
   260.00000 -0.590001E+01  0.000000E+00 -0.590000E+01  0.000000E+00 -0.208362E+00  -1502.640      0.000  -1424.982      26
   270.00000 -0.630001E+01  0.000000E+00 -0.630000E+01  0.000000E+00 -0.217042E+00  -1303.686      0.000  -1423.852      27
   280.00000 -0.680001E+01  0.000000E+00 -0.680000E+01  0.000000E+00 -0.225740E+00  -1130.747      0.000  -1422.764      28
   290.00000 -0.710001E+01  0.000000E+00 -0.710001E+01  0.000000E+00 -0.234456E+00  -1187.235      0.000  -1421.716      29
   300.00000 -0.720001E+01  0.000000E+00 -0.720001E+01  0.000000E+00 -0.243190E+00  -1360.885      0.000  -1420.708      30
   310.00000 -0.730001E+01  0.000000E+00 -0.730001E+01  0.000000E+00 -0.251941E+00  -1417.066      0.000  -1419.744      31
   320.00000 -0.730001E+01  0.000000E+00 -0.730001E+01  0.000000E+00 -0.260709E+00  -1580.213      0.000  -1418.822      32
   330.00000 -0.740001E+01  0.000000E+00 -0.740001E+01  0.000000E+00 -0.269490E+00  -1534.463      0.000  -1417.932      33
   340.00000 -0.740001E+01  0.000000E+00 -0.740001E+01  0.000000E+00 -0.278287E+00  -1687.206      0.000  -1417.085      34
   350.00000 -0.740001E+01  0.000000E+00 -0.740001E+01  0.000000E+00 -0.287098E+00  -1764.445      0.000  -1416.279      35
   360.00000 -0.740001E+01  0.000000E+00 -0.740001E+01  0.000000E+00 -0.295923E+00  -1824.584      0.000  -1415.510      36
end
