 ******* Program HYDRUS
 ******* 
 Welcome to HYDRUS-1D                                                    
 Date:  28. 8.    Time:  12: 7:16
 Units: L = mm   , T = min  , M = mmol 

----------------------------------------------------------
 Time       [T]       10.0000
----------------------------------------------------------
 Sub-region num.                     1            2
----------------------------------------------------------
 Length   [L]        0.10000E+04  0.10000E+04  0.00000E+00
 W-volume [L]        0.42626E+03  0.42626E+03  0.00000E+00
 In-flow  [L/T]      0.00000E+00  0.00000E+00  0.00000E+00
 h Mean   [L]       -0.35163E+04 -0.35163E+04  0.00000E+00
 Top Flux [L/T]     -0.15967E-04
 Bot Flux [L/T]     -0.14408E-02
----------------------------------------------------------

----------------------------------------------------------
 Time       [T]       10.0010
----------------------------------------------------------
 Sub-region num.                     1            2
----------------------------------------------------------
 Length   [L]        0.10000E+04  0.10000E+04  0.00000E+00
 W-volume [L]        0.42626E+03  0.42626E+03  0.00000E+00
 In-flow  [L/T]     -0.23180E-02 -0.23180E-02  0.00000E+00
 h Mean   [L]       -0.35163E+04 -0.35163E+04  0.00000E+00
 Top Flux [L/T]     -0.15967E-04
 Bot Flux [L/T]     -0.14406E-02
 WatBalT  [L]        0.53063E-06
 WatBalR  [%]              6.182
----------------------------------------------------------

----------------------------------------------------------
 Time       [T]       20.0000
----------------------------------------------------------
 Sub-region num.                     1            2
----------------------------------------------------------
 Length   [L]        0.10000E+04  0.10000E+04  0.00000E+00
 W-volume [L]        0.42625E+03  0.42625E+03  0.00000E+00
 In-flow  [L/T]     -0.78756E-03 -0.78756E-03  0.00000E+00
 h Mean   [L]       -0.35157E+04 -0.35157E+04  0.00000E+00
 Top Flux [L/T]     -0.11815E-04
 Bot Flux [L/T]     -0.98948E-03
 WatBalT  [L]       -0.11168E-03
 WatBalR  [%]              0.124
----------------------------------------------------------

----------------------------------------------------------
 Time       [T]       30.0000
----------------------------------------------------------
 Sub-region num.                     1            2
----------------------------------------------------------
 Length   [L]        0.10000E+04  0.10000E+04  0.00000E+00
 W-volume [L]        0.42625E+03  0.42625E+03  0.00000E+00
 In-flow  [L/T]     -0.79486E-03 -0.79486E-03  0.00000E+00
 h Mean   [L]       -0.35151E+04 -0.35151E+04  0.00000E+00
 Top Flux [L/T]     -0.92175E-05
 Bot Flux [L/T]     -0.93082E-03
 WatBalT  [L]       -0.15614E-03
 WatBalR  [%]              0.090
----------------------------------------------------------

----------------------------------------------------------
 Time       [T]       40.0000
----------------------------------------------------------
 Sub-region num.                     1            2
----------------------------------------------------------
 Length   [L]        0.10000E+04  0.10000E+04  0.00000E+00
 W-volume [L]        0.42654E+03  0.42654E+03  0.00000E+00
 In-flow  [L/T]      0.29200E-01  0.29200E-01  0.00000E+00
 h Mean   [L]       -0.34875E+04 -0.34875E+04  0.00000E+00
 Top Flux [L/T]     -0.14803E-01
 Bot Flux [L/T]     -0.90967E-03
 WatBalT  [L]       -0.91881E-04
 WatBalR  [%]              0.017
----------------------------------------------------------

----------------------------------------------------------
 Time       [T]       50.0000
----------------------------------------------------------
 Sub-region num.                     1            2
----------------------------------------------------------
 Length   [L]        0.10000E+04  0.10000E+04  0.00000E+00
 W-volume [L]        0.42663E+03  0.42663E+03  0.00000E+00
 In-flow  [L/T]      0.91942E-02  0.91942E-02  0.00000E+00
 h Mean   [L]       -0.34763E+04 -0.34763E+04  0.00000E+00
 Top Flux [L/T]     -0.97489E-02
 Bot Flux [L/T]     -0.89993E-03
 WatBalT  [L]       -0.10651E-03
 WatBalR  [%]              0.015
----------------------------------------------------------

----------------------------------------------------------
 Time       [T]       60.0000
----------------------------------------------------------
 Sub-region num.                     1            2
----------------------------------------------------------
 Length   [L]        0.10000E+04  0.10000E+04  0.00000E+00
 W-volume [L]        0.42702E+03  0.42702E+03  0.00000E+00
 In-flow  [L/T]      0.39190E-01  0.39190E-01  0.00000E+00
 h Mean   [L]       -0.34485E+04 -0.34485E+04  0.00000E+00
 Top Flux [L/T]     -0.29810E-01
 Bot Flux [L/T]     -0.89485E-03
 WatBalT  [L]       -0.17530E-03
 WatBalR  [%]              0.015
----------------------------------------------------------

----------------------------------------------------------
 Time       [T]       70.0000
----------------------------------------------------------
 Sub-region num.                     1            2
----------------------------------------------------------
 Length   [L]        0.10000E+04  0.10000E+04  0.00000E+00
 W-volume [L]        0.42931E+03  0.42931E+03  0.00000E+00
 In-flow  [L/T]      0.22919E+00  0.22919E+00  0.00000E+00
 h Mean   [L]       -0.33505E+04 -0.33505E+04  0.00000E+00
 Top Flux [L/T]     -0.20830E+00
 Bot Flux [L/T]     -0.89192E-03
 WatBalT  [L]       -0.55075E-04
 WatBalR  [%]              0.002
----------------------------------------------------------

----------------------------------------------------------
 Time       [T]       80.0000
----------------------------------------------------------
 Sub-region num.                     1            2
----------------------------------------------------------
 Length   [L]        0.10000E+04  0.10000E+04  0.00000E+00
 W-volume [L]        0.42951E+03  0.42951E+03  0.00000E+00
 In-flow  [L/T]      0.19181E-01  0.19181E-01  0.00000E+00
 h Mean   [L]       -0.33146E+04 -0.33146E+04  0.00000E+00
 Top Flux [L/T]     -0.27991E-01
 Bot Flux [L/T]     -0.89047E-03
 WatBalT  [L]       -0.21458E-04
 WatBalR  [%]              0.001
----------------------------------------------------------

----------------------------------------------------------
 Time       [T]       90.0000
----------------------------------------------------------
 Sub-region num.                     1            2
----------------------------------------------------------
 Length   [L]        0.10000E+04  0.10000E+04  0.00000E+00
 W-volume [L]        0.42980E+03  0.42980E+03  0.00000E+00
 In-flow  [L/T]      0.29179E-01  0.29179E-01  0.00000E+00
 h Mean   [L]       -0.32913E+04 -0.32913E+04  0.00000E+00
 Top Flux [L/T]     -0.30638E-01
 Bot Flux [L/T]     -0.88979E-03
 WatBalT  [L]       -0.15759E-03
 WatBalR  [%]              0.004
----------------------------------------------------------

----------------------------------------------------------
 Time       [T]      100.0000
----------------------------------------------------------
 Sub-region num.                     1            2
----------------------------------------------------------
 Length   [L]        0.10000E+04  0.10000E+04  0.00000E+00
 W-volume [L]        0.42999E+03  0.42999E+03  0.00000E+00
 In-flow  [L/T]      0.19175E-01  0.19175E-01  0.00000E+00
 h Mean   [L]       -0.32732E+04 -0.32732E+04  0.00000E+00
 Top Flux [L/T]     -0.21578E-01
 Bot Flux [L/T]     -0.88971E-03
 WatBalT  [L]       -0.49829E-04
 WatBalR  [%]              0.001
----------------------------------------------------------

----------------------------------------------------------
 Time       [T]      110.0000
----------------------------------------------------------
 Sub-region num.                     1            2
----------------------------------------------------------
 Length   [L]        0.10000E+04  0.10000E+04  0.00000E+00
 W-volume [L]        0.43008E+03  0.43008E+03  0.00000E+00
 In-flow  [L/T]      0.91716E-02  0.91716E-02  0.00000E+00
 h Mean   [L]       -0.32602E+04 -0.32602E+04  0.00000E+00
 Top Flux [L/T]     -0.12557E-01
 Bot Flux [L/T]     -0.89004E-03
 WatBalT  [L]       -0.31114E-03
 WatBalR  [%]              0.007
----------------------------------------------------------

----------------------------------------------------------
 Time       [T]      120.0000
----------------------------------------------------------
 Sub-region num.                     1            2
----------------------------------------------------------
 Length   [L]        0.10000E+04  0.10000E+04  0.00000E+00
 W-volume [L]        0.43017E+03  0.43017E+03  0.00000E+00
 In-flow  [L/T]      0.91670E-02  0.91670E-02  0.00000E+00
 h Mean   [L]       -0.32486E+04 -0.32486E+04  0.00000E+00
 Top Flux [L/T]     -0.11654E-01
 Bot Flux [L/T]     -0.89061E-03
 WatBalT  [L]       -0.23174E-03
 WatBalR  [%]              0.005
----------------------------------------------------------

----------------------------------------------------------
 Time       [T]      130.0000
----------------------------------------------------------
 Sub-region num.                     1            2
----------------------------------------------------------
 Length   [L]        0.10000E+04  0.10000E+04  0.00000E+00
 W-volume [L]        0.43047E+03  0.43047E+03  0.00000E+00
 In-flow  [L/T]      0.29164E-01  0.29164E-01  0.00000E+00
 h Mean   [L]       -0.32340E+04 -0.32340E+04  0.00000E+00
 Top Flux [L/T]     -0.27008E-01
 Bot Flux [L/T]     -0.89138E-03
 WatBalT  [L]       -0.20409E-03
 WatBalR  [%]              0.004
----------------------------------------------------------

----------------------------------------------------------
 Time       [T]      140.0000
----------------------------------------------------------
 Sub-region num.                     1            2
----------------------------------------------------------
 Length   [L]        0.10000E+04  0.10000E+04  0.00000E+00
 W-volume [L]        0.43076E+03  0.43076E+03  0.00000E+00
 In-flow  [L/T]      0.29162E-01  0.29162E-01  0.00000E+00
 h Mean   [L]       -0.32195E+04 -0.32195E+04  0.00000E+00
 Top Flux [L/T]     -0.28117E-01
 Bot Flux [L/T]     -0.89221E-03
 WatBalT  [L]       -0.17452E-03
 WatBalR  [%]              0.003
----------------------------------------------------------

----------------------------------------------------------
 Time       [T]      150.0000
----------------------------------------------------------
 Sub-region num.                     1            2
----------------------------------------------------------
 Length   [L]        0.10000E+04  0.10000E+04  0.00000E+00
 W-volume [L]        0.43095E+03  0.43095E+03  0.00000E+00
 In-flow  [L/T]      0.19157E-01  0.19157E-01  0.00000E+00
 h Mean   [L]       -0.32065E+04 -0.32065E+04  0.00000E+00
 Top Flux [L/T]     -0.20332E-01
 Bot Flux [L/T]     -0.89321E-03
 WatBalT  [L]       -0.18644E-03
 WatBalR  [%]              0.003
----------------------------------------------------------

----------------------------------------------------------
 Time       [T]      160.0000
----------------------------------------------------------
 Sub-region num.                     1            2
----------------------------------------------------------
 Length   [L]        0.10000E+04  0.10000E+04  0.00000E+00
 W-volume [L]        0.43094E+03  0.43094E+03  0.00000E+00
 In-flow  [L/T]     -0.84432E-03 -0.84432E-03  0.00000E+00
 h Mean   [L]       -0.31984E+04 -0.31984E+04  0.00000E+00
 Top Flux [L/T]     -0.47855E-02
 Bot Flux [L/T]     -0.89421E-03
 WatBalT  [L]       -0.33236E-03
 WatBalR  [%]              0.006
----------------------------------------------------------

----------------------------------------------------------
 Time       [T]      170.0000
----------------------------------------------------------
 Sub-region num.                     1            2
----------------------------------------------------------
 Length   [L]        0.10000E+04  0.10000E+04  0.00000E+00
 W-volume [L]        0.43103E+03  0.43103E+03  0.00000E+00
 In-flow  [L/T]      0.91542E-02  0.91542E-02  0.00000E+00
 h Mean   [L]       -0.31904E+04 -0.31904E+04  0.00000E+00
 Top Flux [L/T]     -0.10193E-01
 Bot Flux [L/T]     -0.89522E-03
 WatBalT  [L]       -0.17309E-03
 WatBalR  [%]              0.003
----------------------------------------------------------

----------------------------------------------------------
 Time       [T]      180.0000
----------------------------------------------------------
 Sub-region num.                     1            2
----------------------------------------------------------
 Length   [L]        0.10000E+04  0.10000E+04  0.00000E+00
 W-volume [L]        0.43102E+03  0.43102E+03  0.00000E+00
 In-flow  [L/T]     -0.84941E-03 -0.84941E-03  0.00000E+00
 h Mean   [L]       -0.31850E+04 -0.31850E+04  0.00000E+00
 Top Flux [L/T]     -0.33012E-02
 Bot Flux [L/T]     -0.89626E-03
 WatBalT  [L]       -0.26608E-03
 WatBalR  [%]              0.004
----------------------------------------------------------

----------------------------------------------------------
 Time       [T]      190.0000
----------------------------------------------------------
 Sub-region num.                     1            2
----------------------------------------------------------
 Length   [L]        0.10000E+04  0.10000E+04  0.00000E+00
 W-volume [L]        0.43111E+03  0.43111E+03  0.00000E+00
 In-flow  [L/T]      0.91488E-02  0.91488E-02  0.00000E+00
 h Mean   [L]       -0.31772E+04 -0.31772E+04  0.00000E+00
 Top Flux [L/T]     -0.93095E-02
 Bot Flux [L/T]     -0.89727E-03
 WatBalT  [L]       -0.23842E-03
 WatBalR  [%]              0.004
----------------------------------------------------------

----------------------------------------------------------
 Time       [T]      200.0000
----------------------------------------------------------
 Sub-region num.                     1            2
----------------------------------------------------------
 Length   [L]        0.10000E+04  0.10000E+04  0.00000E+00
 W-volume [L]        0.43121E+03  0.43121E+03  0.00000E+00
 In-flow  [L/T]      0.91466E-02  0.91466E-02  0.00000E+00
 h Mean   [L]       -0.31695E+04 -0.31695E+04  0.00000E+00
 Top Flux [L/T]     -0.97929E-02
 Bot Flux [L/T]     -0.89825E-03
 WatBalT  [L]       -0.30613E-03
 WatBalR  [%]              0.005
----------------------------------------------------------

----------------------------------------------------------
 Time       [T]      210.0000
----------------------------------------------------------
 Sub-region num.                     1            2
----------------------------------------------------------
 Length   [L]        0.10000E+04  0.10000E+04  0.00000E+00
 W-volume [L]        0.43130E+03  0.43130E+03  0.00000E+00
 In-flow  [L/T]      0.91425E-02  0.91425E-02  0.00000E+00
 h Mean   [L]       -0.31620E+04 -0.31620E+04  0.00000E+00
 Top Flux [L/T]     -0.98842E-02
 Bot Flux [L/T]     -0.89918E-03
 WatBalT  [L]       -0.37956E-03
 WatBalR  [%]              0.006
----------------------------------------------------------

----------------------------------------------------------
 Time       [T]      220.0000
----------------------------------------------------------
 Sub-region num.                     1            2
----------------------------------------------------------
 Length   [L]        0.10000E+04  0.10000E+04  0.00000E+00
 W-volume [L]        0.43129E+03  0.43129E+03  0.00000E+00
 In-flow  [L/T]     -0.85897E-03 -0.85897E-03  0.00000E+00
 h Mean   [L]       -0.31574E+04 -0.31574E+04  0.00000E+00
 Top Flux [L/T]     -0.32404E-02
 Bot Flux [L/T]     -0.90005E-03
 WatBalT  [L]       -0.22268E-03
 WatBalR  [%]              0.003
----------------------------------------------------------

----------------------------------------------------------
 Time       [T]      230.0000
----------------------------------------------------------
 Sub-region num.                     1            2
----------------------------------------------------------
 Length   [L]        0.10000E+04  0.10000E+04  0.00000E+00
 W-volume [L]        0.43138E+03  0.43138E+03  0.00000E+00
 In-flow  [L/T]      0.91380E-02  0.91380E-02  0.00000E+00
 h Mean   [L]       -0.31509E+04 -0.31509E+04  0.00000E+00
 Top Flux [L/T]     -0.90241E-02
 Bot Flux [L/T]     -0.90089E-03
 WatBalT  [L]       -0.25511E-03
 WatBalR  [%]              0.004
----------------------------------------------------------

----------------------------------------------------------
 Time       [T]      240.0000
----------------------------------------------------------
 Sub-region num.                     1            2
----------------------------------------------------------
 Length   [L]        0.10000E+04  0.10000E+04  0.00000E+00
 W-volume [L]        0.43147E+03  0.43147E+03  0.00000E+00
 In-flow  [L/T]      0.91375E-02  0.91375E-02  0.00000E+00
 h Mean   [L]       -0.31443E+04 -0.31443E+04  0.00000E+00
 Top Flux [L/T]     -0.95467E-02
 Bot Flux [L/T]     -0.90165E-03
 WatBalT  [L]       -0.26417E-03
 WatBalR  [%]              0.004
----------------------------------------------------------

----------------------------------------------------------
 Time       [T]      250.0000
----------------------------------------------------------
 Sub-region num.                     1            2
----------------------------------------------------------
 Length   [L]        0.10000E+04  0.10000E+04  0.00000E+00
 W-volume [L]        0.43166E+03  0.43166E+03  0.00000E+00
 In-flow  [L/T]      0.19135E-01  0.19135E-01  0.00000E+00
 h Mean   [L]       -0.31352E+04 -0.31352E+04  0.00000E+00
 Top Flux [L/T]     -0.17106E-01
 Bot Flux [L/T]     -0.90239E-03
 WatBalT  [L]       -0.27895E-03
 WatBalR  [%]              0.004
----------------------------------------------------------

----------------------------------------------------------
 Time       [T]      260.0000
----------------------------------------------------------
 Sub-region num.                     1            2
----------------------------------------------------------
 Length   [L]        0.10000E+04  0.10000E+04  0.00000E+00
 W-volume [L]        0.43195E+03  0.43195E+03  0.00000E+00
 In-flow  [L/T]      0.29134E-01  0.29134E-01  0.00000E+00
 h Mean   [L]       -0.31239E+04 -0.31239E+04  0.00000E+00
 Top Flux [L/T]     -0.26601E-01
 Bot Flux [L/T]     -0.90302E-03
 WatBalT  [L]       -0.29802E-03
 WatBalR  [%]              0.004
----------------------------------------------------------

----------------------------------------------------------
 Time       [T]      270.0000
----------------------------------------------------------
 Sub-region num.                     1            2
----------------------------------------------------------
 Length   [L]        0.10000E+04  0.10000E+04  0.00000E+00
 W-volume [L]        0.43235E+03  0.43235E+03  0.00000E+00
 In-flow  [L/T]      0.39132E-01  0.39132E-01  0.00000E+00
 h Mean   [L]       -0.31106E+04 -0.31106E+04  0.00000E+00
 Top Flux [L/T]     -0.35547E-01
 Bot Flux [L/T]     -0.90365E-03
 WatBalT  [L]       -0.29230E-03
 WatBalR  [%]              0.004
----------------------------------------------------------

----------------------------------------------------------
 Time       [T]      280.0000
----------------------------------------------------------
 Sub-region num.                     1            2
----------------------------------------------------------
 Length   [L]        0.10000E+04  0.10000E+04  0.00000E+00
 W-volume [L]        0.43284E+03  0.43284E+03  0.00000E+00
 In-flow  [L/T]      0.49129E-01  0.49129E-01  0.00000E+00
 h Mean   [L]       -0.30954E+04 -0.30954E+04  0.00000E+00
 Top Flux [L/T]     -0.46022E-01
 Bot Flux [L/T]     -0.90418E-03
 WatBalT  [L]       -0.29135E-03
 WatBalR  [%]              0.003
----------------------------------------------------------

----------------------------------------------------------
 Time       [T]      290.0000
----------------------------------------------------------
 Sub-region num.                     1            2
----------------------------------------------------------
 Length   [L]        0.10000E+04  0.10000E+04  0.00000E+00
 W-volume [L]        0.43313E+03  0.43313E+03  0.00000E+00
 In-flow  [L/T]      0.29127E-01  0.29127E-01  0.00000E+00
 h Mean   [L]       -0.30829E+04 -0.30829E+04  0.00000E+00
 Top Flux [L/T]     -0.29757E-01
 Bot Flux [L/T]     -0.90470E-03
 WatBalT  [L]       -0.34618E-03
 WatBalR  [%]              0.004
----------------------------------------------------------

----------------------------------------------------------
 Time       [T]      300.0000
----------------------------------------------------------
 Sub-region num.                     1            2
----------------------------------------------------------
 Length   [L]        0.10000E+04  0.10000E+04  0.00000E+00
 W-volume [L]        0.43322E+03  0.43322E+03  0.00000E+00
 In-flow  [L/T]      0.91269E-02  0.91269E-02  0.00000E+00
 h Mean   [L]       -0.30742E+04 -0.30742E+04  0.00000E+00
 Top Flux [L/T]     -0.12702E-01
 Bot Flux [L/T]     -0.90509E-03
 WatBalT  [L]       -0.42534E-03
 WatBalR  [%]              0.005
----------------------------------------------------------

----------------------------------------------------------
 Time       [T]      310.0000
----------------------------------------------------------
 Sub-region num.                     1            2
----------------------------------------------------------
 Length   [L]        0.10000E+04  0.10000E+04  0.00000E+00
 W-volume [L]        0.43331E+03  0.43331E+03  0.00000E+00
 In-flow  [L/T]      0.91234E-02  0.91234E-02  0.00000E+00
 h Mean   [L]       -0.30662E+04 -0.30662E+04  0.00000E+00
 Top Flux [L/T]     -0.11436E-01
 Bot Flux [L/T]     -0.90548E-03
 WatBalT  [L]       -0.24319E-03
 WatBalR  [%]              0.003
----------------------------------------------------------

----------------------------------------------------------
 Time       [T]      320.0000
----------------------------------------------------------
 Sub-region num.                     1            2
----------------------------------------------------------
 Length   [L]        0.10000E+04  0.10000E+04  0.00000E+00
 W-volume [L]        0.43330E+03  0.43330E+03  0.00000E+00
 In-flow  [L/T]     -0.87843E-03 -0.87843E-03  0.00000E+00
 h Mean   [L]       -0.30608E+04 -0.30608E+04  0.00000E+00
 Top Flux [L/T]     -0.38732E-02
 Bot Flux [L/T]     -0.90580E-03
 WatBalT  [L]       -0.29469E-03
 WatBalR  [%]              0.003
----------------------------------------------------------

----------------------------------------------------------
 Time       [T]      330.0000
----------------------------------------------------------
 Sub-region num.                     1            2
----------------------------------------------------------
 Length   [L]        0.10000E+04  0.10000E+04  0.00000E+00
 W-volume [L]        0.43339E+03  0.43339E+03  0.00000E+00
 In-flow  [L/T]      0.91203E-02  0.91203E-02  0.00000E+00
 h Mean   [L]       -0.30537E+04 -0.30537E+04  0.00000E+00
 Top Flux [L/T]     -0.99077E-02
 Bot Flux [L/T]     -0.90607E-03
 WatBalT  [L]       -0.32663E-03
 WatBalR  [%]              0.004
----------------------------------------------------------

----------------------------------------------------------
 Time       [T]      340.0000
----------------------------------------------------------
 Sub-region num.                     1            2
----------------------------------------------------------
 Length   [L]        0.10000E+04  0.10000E+04  0.00000E+00
 W-volume [L]        0.43338E+03  0.43338E+03  0.00000E+00
 In-flow  [L/T]     -0.88005E-03 -0.88005E-03  0.00000E+00
 h Mean   [L]       -0.30488E+04 -0.30488E+04  0.00000E+00
 Top Flux [L/T]     -0.25721E-02
 Bot Flux [L/T]     -0.90629E-03
 WatBalT  [L]       -0.34952E-03
 WatBalR  [%]              0.004
----------------------------------------------------------

----------------------------------------------------------
 Time       [T]      350.0000
----------------------------------------------------------
 Sub-region num.                     1            2
----------------------------------------------------------
 Length   [L]        0.10000E+04  0.10000E+04  0.00000E+00
 W-volume [L]        0.43338E+03  0.43338E+03  0.00000E+00
 In-flow  [L/T]     -0.88139E-03 -0.88139E-03  0.00000E+00
 h Mean   [L]       -0.30439E+04 -0.30439E+04  0.00000E+00
 Top Flux [L/T]     -0.17313E-02
 Bot Flux [L/T]     -0.90646E-03
 WatBalT  [L]       -0.38815E-03
 WatBalR  [%]              0.004
----------------------------------------------------------

----------------------------------------------------------
 Time       [T]      360.0000
----------------------------------------------------------
 Sub-region num.                     1            2
----------------------------------------------------------
 Length   [L]        0.10000E+04  0.10000E+04  0.00000E+00
 W-volume [L]        0.43337E+03  0.43337E+03  0.00000E+00
 In-flow  [L/T]     -0.88291E-03 -0.88291E-03  0.00000E+00
 h Mean   [L]       -0.30392E+04 -0.30392E+04  0.00000E+00
 Top Flux [L/T]     -0.14015E-02
 Bot Flux [L/T]     -0.90659E-03
 WatBalT  [L]       -0.44394E-03
 WatBalR  [%]              0.005
----------------------------------------------------------
 
 Calculation time [sec]  0.459999993443489     
