

   Time         sum(rTop)     sum(rRoot)    sum(vTop)     sum(vRoot)     sum(vBot)    hTop       hRoot      hBot      A-level
    [T]           [L]           [L]           [L]           [L]            [L]        [L]         [L]       [L] 

    10.00100  0.000000E+00  0.000000E+00 -0.695444E-07  0.000000E+00 -0.102949E-05  -4457.504      0.000  -1335.731       1
    20.00000  0.000000E+00  0.000000E+00 -0.225719E-06  0.000000E+00 -0.103744E-01  -4463.252      0.000  -1321.737       2
    30.00000  0.000000E+00  0.000000E+00 -0.160606E-06  0.000000E+00 -0.208838E-01  -4466.486      0.000  -1315.196       3
    40.00000 -0.800000E+00  0.000000E+00 -0.800000E+00  0.000000E+00 -0.314742E-01  -1683.878      0.000  -1310.091       4
    50.00000 -0.370000E+01  0.000000E+00 -0.370000E+01  0.000000E+00 -0.421376E-01   -490.738      0.000  -1305.802       5
    60.00000 -0.530000E+01  0.000000E+00 -0.530000E+01  0.000000E+00 -0.528695E-01   -518.977      0.000  -1302.035       6
    70.00000 -0.570000E+01  0.000000E+00 -0.570000E+01  0.000000E+00 -0.636612E-01   -753.224      0.000  -1298.620       7
    80.00000 -0.570000E+01  0.000000E+00 -0.570000E+01  0.000000E+00 -0.745117E-01  -1013.355      0.000  -1295.480       8
    90.00000 -0.570000E+01  0.000000E+00 -0.570000E+01  0.000000E+00 -0.854165E-01  -1146.469      0.000  -1292.552       9
   100.00000 -0.580000E+01  0.000000E+00 -0.580000E+01  0.000000E+00 -0.963606E-01  -1162.721      0.000  -1289.758      10
   110.00000 -0.580000E+01  0.000000E+00 -0.580000E+01  0.000000E+00 -0.107354E+00  -1297.561      0.000  -1287.116      11
   120.00000 -0.590000E+01  0.000000E+00 -0.590000E+01  0.000000E+00 -0.118387E+00  -1272.060      0.000  -1284.580      12
   130.00000 -0.600000E+01  0.000000E+00 -0.600000E+01  0.000000E+00 -0.129466E+00  -1283.903      0.000  -1282.155      13
   140.00000 -0.610000E+01  0.000000E+00 -0.610000E+01  0.000000E+00 -0.140587E+00  -1295.191      0.000  -1279.825      14
   150.00000 -0.620000E+01  0.000000E+00 -0.620000E+01  0.000000E+00 -0.151746E+00  -1304.631      0.000  -1277.573      15
   160.00000 -0.640000E+01  0.000000E+00 -0.640000E+01  0.000000E+00 -0.162937E+00  -1211.711      0.000  -1275.381      16
   170.00000 -0.640000E+01  0.000000E+00 -0.640000E+01  0.000000E+00 -0.174167E+00  -1377.132      0.000  -1273.261      17
   180.00000 -0.640000E+01  0.000000E+00 -0.640000E+01  0.000000E+00 -0.185435E+00  -1443.925      0.000  -1271.207      18
   190.00000 -0.650001E+01  0.000000E+00 -0.650000E+01  0.000000E+00 -0.196731E+00  -1376.844      0.000  -1269.200      19
   200.00000 -0.650001E+01  0.000000E+00 -0.650000E+01  0.000000E+00 -0.208063E+00  -1477.767      0.000  -1267.253      20
   210.00000 -0.650001E+01  0.000000E+00 -0.650000E+01  0.000000E+00 -0.219430E+00  -1529.353      0.000  -1265.360      21
   220.00000 -0.650001E+01  0.000000E+00 -0.650000E+01  0.000000E+00 -0.230829E+00  -1575.948      0.000  -1263.515      22
end
