 ******* Program HYDRUS
 ******* 
 Welcome to HYDRUS-1D                                                    
 Date:  17. 2.    Time:  21:14:49
 Units: L = mm   , T = min  , M = mmol 

----------------------------------------------------------
 Time       [T]       10.0000
----------------------------------------------------------
 Sub-region num.                     1            2
----------------------------------------------------------
 Length   [L]        0.10000E+04  0.10000E+04  0.00000E+00
 W-volume [L]        0.43342E+03  0.43342E+03  0.00000E+00
 In-flow  [L/T]      0.00000E+00  0.00000E+00  0.00000E+00
 h Mean   [L]       -0.27933E+04 -0.27933E+04  0.00000E+00
 Top Flux [L/T]     -0.59253E-06
 Bot Flux [L/T]      0.74129E-03
----------------------------------------------------------

----------------------------------------------------------
 Time       [T]       10.0010
----------------------------------------------------------
 Sub-region num.                     1            2
----------------------------------------------------------
 Length   [L]        0.10000E+04  0.10000E+04  0.00000E+00
 W-volume [L]        0.43342E+03  0.43342E+03  0.00000E+00
 In-flow  [L/T]      0.76294E-01  0.76294E-01  0.00000E+00
 h Mean   [L]       -0.27933E+04 -0.27933E+04  0.00000E+00
 Top Flux [L/T]     -0.66866E-06
 Bot Flux [L/T]      0.74057E-03
 WatBalT  [L]        0.12431E-04
 WatBalR  [%]             14.983
----------------------------------------------------------

----------------------------------------------------------
 Time       [T]       20.0000
----------------------------------------------------------
 Sub-region num.                     1            2
----------------------------------------------------------
 Length   [L]        0.10000E+04  0.10000E+04  0.00000E+00
 W-volume [L]        0.43631E+03  0.43631E+03  0.00000E+00
 In-flow  [L/T]      0.28888E+00  0.28888E+00  0.00000E+00
 h Mean   [L]       -0.27260E+04 -0.27260E+04  0.00000E+00
 Top Flux [L/T]     -0.27985E+00
 Bot Flux [L/T]     -0.69063E-03
 WatBalT  [L]        0.14353E-03
 WatBalR  [%]              0.005
----------------------------------------------------------

----------------------------------------------------------
 Time       [T]       30.0000
----------------------------------------------------------
 Sub-region num.                     1            2
----------------------------------------------------------
 Length   [L]        0.10000E+04  0.10000E+04  0.00000E+00
 W-volume [L]        0.43799E+03  0.43799E+03  0.00000E+00
 In-flow  [L/T]      0.15890E+00  0.15890E+00  0.00000E+00
 h Mean   [L]       -0.26935E+04 -0.26935E+04  0.00000E+00
 Top Flux [L/T]     -0.13333E+00
 Bot Flux [L/T]     -0.80482E-03
 WatBalT  [L]        0.10731E+01
 WatBalR  [%]             19.688
----------------------------------------------------------

----------------------------------------------------------
 Time       [T]       40.0000
----------------------------------------------------------
 Sub-region num.                     1            2
----------------------------------------------------------
 Length   [L]        0.10000E+04  0.10000E+04  0.00000E+00
 W-volume [L]        0.43838E+03  0.43838E+03  0.00000E+00
 In-flow  [L/T]      0.38923E-01  0.38923E-01  0.00000E+00
 h Mean   [L]       -0.26813E+04 -0.26813E+04  0.00000E+00
 Top Flux [L/T]     -0.40103E-01
 Bot Flux [L/T]     -0.84648E-03
 WatBalT  [L]        0.10730E+01
 WatBalR  [%]             18.307
----------------------------------------------------------

----------------------------------------------------------
 Time       [T]       50.0000
----------------------------------------------------------
 Sub-region num.                     1            2
----------------------------------------------------------
 Length   [L]        0.10000E+04  0.10000E+04  0.00000E+00
 W-volume [L]        0.43837E+03  0.43837E+03  0.00000E+00
 In-flow  [L/T]     -0.10675E-02 -0.10675E-02  0.00000E+00
 h Mean   [L]       -0.26763E+04 -0.26763E+04  0.00000E+00
 Top Flux [L/T]     -0.99691E-02
 Bot Flux [L/T]     -0.86675E-03
 WatBalT  [L]        0.10732E+01
 WatBalR  [%]             18.276
----------------------------------------------------------

----------------------------------------------------------
 Time       [T]       60.0000
----------------------------------------------------------
 Sub-region num.                     1            2
----------------------------------------------------------
 Length   [L]        0.10000E+04  0.10000E+04  0.00000E+00
 W-volume [L]        0.43836E+03  0.43836E+03  0.00000E+00
 In-flow  [L/T]     -0.10573E-02 -0.10573E-02  0.00000E+00
 h Mean   [L]       -0.26718E+04 -0.26718E+04  0.00000E+00
 Top Flux [L/T]     -0.59974E-02
 Bot Flux [L/T]     -0.87870E-03
 WatBalT  [L]        0.10732E+01
 WatBalR  [%]             18.243
----------------------------------------------------------

----------------------------------------------------------
 Time       [T]       70.0000
----------------------------------------------------------
 Sub-region num.                     1            2
----------------------------------------------------------
 Length   [L]        0.10000E+04  0.10000E+04  0.00000E+00
 W-volume [L]        0.43845E+03  0.43845E+03  0.00000E+00
 In-flow  [L/T]      0.89503E-02  0.89503E-02  0.00000E+00
 h Mean   [L]       -0.26675E+04 -0.26675E+04  0.00000E+00
 Top Flux [L/T]     -0.87373E-02
 Bot Flux [L/T]     -0.88652E-03
 WatBalT  [L]        0.10731E+01
 WatBalR  [%]             17.905
----------------------------------------------------------

----------------------------------------------------------
 Time       [T]       80.0000
----------------------------------------------------------
 Sub-region num.                     1            2
----------------------------------------------------------
 Length   [L]        0.10000E+04  0.10000E+04  0.00000E+00
 W-volume [L]        0.43844E+03  0.43844E+03  0.00000E+00
 In-flow  [L/T]     -0.10401E-02 -0.10401E-02  0.00000E+00
 h Mean   [L]       -0.26642E+04 -0.26642E+04  0.00000E+00
 Top Flux [L/T]     -0.52005E-02
 Bot Flux [L/T]     -0.89098E-03
 WatBalT  [L]        0.10730E+01
 WatBalR  [%]             17.873
----------------------------------------------------------

----------------------------------------------------------
 Time       [T]       90.0000
----------------------------------------------------------
 Sub-region num.                     1            2
----------------------------------------------------------
 Length   [L]        0.10000E+04  0.10000E+04  0.00000E+00
 W-volume [L]        0.43853E+03  0.43853E+03  0.00000E+00
 In-flow  [L/T]      0.89669E-02  0.89669E-02  0.00000E+00
 h Mean   [L]       -0.26607E+04 -0.26607E+04  0.00000E+00
 Top Flux [L/T]     -0.77476E-02
 Bot Flux [L/T]     -0.89362E-03
 WatBalT  [L]        0.10731E+01
 WatBalR  [%]             17.552
----------------------------------------------------------

----------------------------------------------------------
 Time       [T]      100.0000
----------------------------------------------------------
 Sub-region num.                     1            2
----------------------------------------------------------
 Length   [L]        0.10000E+04  0.10000E+04  0.00000E+00
 W-volume [L]        0.43862E+03  0.43862E+03  0.00000E+00
 In-flow  [L/T]      0.89739E-02  0.89739E-02  0.00000E+00
 h Mean   [L]       -0.26579E+04 -0.26579E+04  0.00000E+00
 Top Flux [L/T]     -0.88355E-02
 Bot Flux [L/T]     -0.89491E-03
 WatBalT  [L]        0.10730E+01
 WatBalR  [%]             17.239
----------------------------------------------------------

----------------------------------------------------------
 Time       [T]      110.0000
----------------------------------------------------------
 Sub-region num.                     1            2
----------------------------------------------------------
 Length   [L]        0.10000E+04  0.10000E+04  0.00000E+00
 W-volume [L]        0.43871E+03  0.43871E+03  0.00000E+00
 In-flow  [L/T]      0.89814E-02  0.89814E-02  0.00000E+00
 h Mean   [L]       -0.26552E+04 -0.26552E+04  0.00000E+00
 Top Flux [L/T]     -0.92854E-02
 Bot Flux [L/T]     -0.89522E-03
 WatBalT  [L]        0.10731E+01
 WatBalR  [%]             16.940
----------------------------------------------------------

----------------------------------------------------------
 Time       [T]      120.0000
----------------------------------------------------------
 Sub-region num.                     1            2
----------------------------------------------------------
 Length   [L]        0.10000E+04  0.10000E+04  0.00000E+00
 W-volume [L]        0.43880E+03  0.43880E+03  0.00000E+00
 In-flow  [L/T]      0.89887E-02  0.89887E-02  0.00000E+00
 h Mean   [L]       -0.26526E+04 -0.26526E+04  0.00000E+00
 Top Flux [L/T]     -0.95257E-02
 Bot Flux [L/T]     -0.89494E-03
 WatBalT  [L]        0.10730E+01
 WatBalR  [%]             16.650
----------------------------------------------------------

----------------------------------------------------------
 Time       [T]      130.0000
----------------------------------------------------------
 Sub-region num.                     1            2
----------------------------------------------------------
 Length   [L]        0.10000E+04  0.10000E+04  0.00000E+00
 W-volume [L]        0.43899E+03  0.43899E+03  0.00000E+00
 In-flow  [L/T]      0.18994E-01  0.18994E-01  0.00000E+00
 h Mean   [L]       -0.26499E+04 -0.26499E+04  0.00000E+00
 Top Flux [L/T]     -0.15709E-01
 Bot Flux [L/T]     -0.89417E-03
 WatBalT  [L]        0.10730E+01
 WatBalR  [%]             16.124
----------------------------------------------------------

----------------------------------------------------------
 Time       [T]      140.0000
----------------------------------------------------------
 Sub-region num.                     1            2
----------------------------------------------------------
 Length   [L]        0.10000E+04  0.10000E+04  0.00000E+00
 W-volume [L]        0.43898E+03  0.43898E+03  0.00000E+00
 In-flow  [L/T]     -0.10011E-02 -0.10011E-02  0.00000E+00
 h Mean   [L]       -0.26481E+04 -0.26481E+04  0.00000E+00
 Top Flux [L/T]     -0.68358E-02
 Bot Flux [L/T]     -0.89304E-03
 WatBalT  [L]        0.10730E+01
 WatBalR  [%]             16.100
----------------------------------------------------------

----------------------------------------------------------
 Time       [T]      150.0000
----------------------------------------------------------
 Sub-region num.                     1            2
----------------------------------------------------------
 Length   [L]        0.10000E+04  0.10000E+04  0.00000E+00
 W-volume [L]        0.43897E+03  0.43897E+03  0.00000E+00
 In-flow  [L/T]     -0.99406E-03 -0.99406E-03  0.00000E+00
 h Mean   [L]       -0.26463E+04 -0.26463E+04  0.00000E+00
 Top Flux [L/T]     -0.43420E-02
 Bot Flux [L/T]     -0.89159E-03
 WatBalT  [L]        0.10731E+01
 WatBalR  [%]             16.077
----------------------------------------------------------

----------------------------------------------------------
 Time       [T]      160.0000
----------------------------------------------------------
 Sub-region num.                     1            2
----------------------------------------------------------
 Length   [L]        0.10000E+04  0.10000E+04  0.00000E+00
 W-volume [L]        0.43906E+03  0.43906E+03  0.00000E+00
 In-flow  [L/T]      0.90100E-02  0.90100E-02  0.00000E+00
 h Mean   [L]       -0.26442E+04 -0.26442E+04  0.00000E+00
 Top Flux [L/T]     -0.70808E-02
 Bot Flux [L/T]     -0.88995E-03
 WatBalT  [L]        0.10729E+01
 WatBalR  [%]             15.814
----------------------------------------------------------

----------------------------------------------------------
 Time       [T]      170.0000
----------------------------------------------------------
 Sub-region num.                     1            2
----------------------------------------------------------
 Length   [L]        0.10000E+04  0.10000E+04  0.00000E+00
 W-volume [L]        0.43905E+03  0.43905E+03  0.00000E+00
 In-flow  [L/T]     -0.98470E-03 -0.98470E-03  0.00000E+00
 h Mean   [L]       -0.26426E+04 -0.26426E+04  0.00000E+00
 Top Flux [L/T]     -0.42978E-02
 Bot Flux [L/T]     -0.88809E-03
 WatBalT  [L]        0.10731E+01
 WatBalR  [%]             15.793
----------------------------------------------------------
 
 Calculation time [sec]   7.47000002861023     
