 ******* Program HYDRUS
 ******* 
 Welcome to HYDRUS-1D                                                    
 Date:  25. 9.    Time:  15:13:54
 Units: L = mm   , T = min  , M = mmol 

       Time          rTop        rRoot        vTop         vRoot        vBot       sum(rTop)   sum(rRoot)    sum(vTop)   sum(vRoot)    sum(vBot)      hTop         hRoot        hBot        RunOff    sum(RunOff)     Volume     sum(Infil)    sum(Evap) TLevel Cum(WTrans)  SnowLayer
        [T]         [L/T]        [L/T]        [L/T]        [L/T]        [L/T]         [L]          [L]          [L]         [L]           [L]         [L]           [L]         [L]          [L/T]         [L]          [L]          [L]          [L]

      10.0001 -0.80000E-01  0.00000E+00 -0.80492E-01  0.00000E+00 -0.58265E-03 -0.80000E-05  0.00000E+00 -0.80492E-05  0.00000E+00 -0.58265E-07 -0.44574E+04  0.00000E+00 -0.13357E+04  0.49232E-03  0.49232E-07  0.46745E+03  0.80492E-05  0.00000E+00      1  0.00000E+00      0.000
      10.0002 -0.80000E-01  0.00000E+00 -0.80493E-01  0.00000E+00 -0.58260E-03 -0.16000E-04  0.00000E+00 -0.16098E-04  0.00000E+00 -0.11652E-06 -0.44573E+04  0.00000E+00 -0.13357E+04  0.49254E-03  0.98486E-07  0.46745E+03  0.16098E-04  0.00000E+00      2  0.00000E+00      0.000
      10.0003 -0.80000E-01  0.00000E+00 -0.80493E-01  0.00000E+00 -0.95507E-03 -0.26667E-04  0.00000E+00 -0.26831E-04  0.00000E+00 -0.24387E-06 -0.44572E+04  0.00000E+00 -0.13357E+04  0.49289E-03  0.16420E-06  0.46745E+03  0.26831E-04  0.00000E+00      3  0.00000E+00      0.000
      10.0005 -0.80000E-01  0.00000E+00 -0.79599E-01  0.00000E+00 -0.11785E-02 -0.40000E-04  0.00000E+00 -0.40097E-04  0.00000E+00 -0.44028E-06 -0.44570E+04  0.00000E+00 -0.13357E+04  0.40077E-03  0.23100E-06  0.46745E+03  0.40097E-04  0.00000E+00      4  0.00000E+00      0.000
      10.0008 -0.80000E-01  0.00000E+00 -0.79898E-01  0.00000E+00 -0.88042E-03 -0.60000E-04  0.00000E+00 -0.60072E-04  0.00000E+00 -0.66039E-06 -0.44568E+04  0.00000E+00 -0.13357E+04  0.10214E-03  0.25654E-06  0.46745E+03  0.60072E-04  0.00000E+00      5  0.00000E+00      0.000
      10.0010 -0.80000E-01  0.00000E+00 -0.79898E-01  0.00000E+00 -0.88031E-03 -0.80000E-04  0.00000E+00 -0.80046E-04  0.00000E+00 -0.88046E-06 -0.44565E+04  0.00000E+00 -0.13357E+04  0.10150E-03  0.28191E-06  0.46745E+03  0.80046E-04  0.00000E+00      6  0.00000E+00      0.000
      10.0011 -0.29000E+00  0.00000E+00 -0.29060E+00  0.00000E+00 -0.58227E-03 -0.10900E-03  0.00000E+00 -0.10911E-03  0.00000E+00 -0.93869E-06 -0.44562E+04  0.00000E+00 -0.13357E+04  0.60189E-03  0.34210E-06  0.46745E+03  0.10911E-03  0.00000E+00      7  0.00000E+00      0.000
      10.0012 -0.29000E+00  0.00000E+00 -0.29003E+00  0.00000E+00 -0.92606E-03 -0.14670E-03  0.00000E+00 -0.14681E-03  0.00000E+00 -0.10591E-05 -0.44557E+04  0.00000E+00 -0.13357E+04  0.29892E-04  0.34598E-06  0.46745E+03  0.14681E-03  0.00000E+00      8  0.00000E+00      0.000
      10.0014 -0.29000E+00  0.00000E+00 -0.29012E+00  0.00000E+00 -0.11905E-02 -0.19571E-03  0.00000E+00 -0.19584E-03  0.00000E+00 -0.12603E-05 -0.44551E+04  0.00000E+00 -0.13357E+04  0.11963E-03  0.36620E-06  0.46745E+03  0.19584E-03  0.00000E+00      9  0.00000E+00      0.000
      10.0016 -0.29000E+00  0.00000E+00 -0.28965E+00  0.00000E+00 -0.13939E-02 -0.25942E-03  0.00000E+00 -0.25948E-03  0.00000E+00 -0.15665E-05 -0.44544E+04  0.00000E+00 -0.13357E+04  0.35316E-03  0.44379E-06  0.46745E+03  0.25948E-03  0.00000E+00     10  0.00000E+00      0.000
      10.0019 -0.29000E+00  0.00000E+00 -0.29012E+00  0.00000E+00 -0.10287E-02 -0.34225E-03  0.00000E+00 -0.34234E-03  0.00000E+00 -0.18603E-05 -0.44534E+04  0.00000E+00 -0.13357E+04  0.11900E-03  0.47778E-06  0.46745E+03  0.34234E-03  0.00000E+00     11  0.00000E+00      0.000
      10.0023 -0.29000E+00  0.00000E+00 -0.29020E+00  0.00000E+00 -0.86795E-03 -0.44992E-03  0.00000E+00 -0.45009E-03  0.00000E+00 -0.21826E-05 -0.44521E+04  0.00000E+00 -0.13357E+04  0.20263E-03  0.55301E-06  0.46745E+03  0.45009E-03  0.00000E+00     12  0.00000E+00      0.000
      10.0028 -0.29000E+00  0.00000E+00 -0.28993E+00  0.00000E+00 -0.11457E-02 -0.58990E-03  0.00000E+00 -0.59003E-03  0.00000E+00 -0.27356E-05 -0.44504E+04  0.00000E+00 -0.13357E+04  0.70840E-04  0.58720E-06  0.46745E+03  0.59003E-03  0.00000E+00     13  0.00000E+00      0.000
      10.0034 -0.29000E+00  0.00000E+00 -0.29001E+00  0.00000E+00 -0.88421E-03 -0.77187E-03  0.00000E+00 -0.77200E-03  0.00000E+00 -0.32904E-05 -0.44482E+04  0.00000E+00 -0.13357E+04  0.00000E+00  0.58720E-06  0.46745E+03  0.77200E-03  0.00000E+00     14  0.00000E+00      0.000
      10.0042 -0.29000E+00  0.00000E+00 -0.28996E+00  0.00000E+00 -0.97530E-03 -0.10084E-02  0.00000E+00 -0.10085E-02  0.00000E+00 -0.40860E-05 -0.44454E+04  0.00000E+00 -0.13357E+04  0.41276E-04  0.62087E-06  0.46745E+03  0.10085E-02  0.00000E+00     15  0.00000E+00      0.000
      10.0053 -0.29000E+00  0.00000E+00 -0.28995E+00  0.00000E+00 -0.94679E-03 -0.13160E-02  0.00000E+00 -0.13160E-02  0.00000E+00 -0.50900E-05 -0.44417E+04  0.00000E+00 -0.13357E+04  0.45657E-04  0.66929E-06  0.46745E+03  0.13160E-02  0.00000E+00     16  0.00000E+00      0.000
      10.0066 -0.29000E+00  0.00000E+00 -0.28998E+00  0.00000E+00 -0.98957E-03 -0.17158E-02  0.00000E+00 -0.17158E-02  0.00000E+00 -0.64542E-05 -0.44369E+04  0.00000E+00 -0.13357E+04  0.22262E-04  0.69998E-06  0.46745E+03  0.17158E-02  0.00000E+00     17  0.00000E+00      0.000
      10.0084 -0.29000E+00  0.00000E+00 -0.29003E+00  0.00000E+00 -0.10721E-02 -0.22355E-02  0.00000E+00 -0.22355E-02  0.00000E+00 -0.83756E-05 -0.44306E+04  0.00000E+00 -0.13357E+04  0.27388E-04  0.74907E-06  0.46745E+03  0.22355E-02  0.00000E+00     18  0.00000E+00      0.000
      10.0108 -0.29000E+00  0.00000E+00 -0.28998E+00  0.00000E+00 -0.10458E-02 -0.29111E-02  0.00000E+00 -0.29111E-02  0.00000E+00 -0.10812E-04 -0.44225E+04  0.00000E+00 -0.13357E+04  0.21547E-04  0.79927E-06  0.46745E+03  0.29111E-02  0.00000E+00     19  0.00000E+00      0.000
      10.0138 -0.29000E+00  0.00000E+00 -0.29003E+00  0.00000E+00 -0.10349E-02 -0.37895E-02  0.00000E+00 -0.37896E-02  0.00000E+00 -0.13947E-04 -0.44119E+04  0.00000E+00 -0.13357E+04  0.26137E-04  0.87843E-06  0.46745E+03  0.37896E-02  0.00000E+00     20  0.00000E+00      0.000
      10.0177 -0.29000E+00  0.00000E+00 -0.29000E+00  0.00000E+00 -0.10450E-02 -0.49313E-02  0.00000E+00 -0.49314E-02  0.00000E+00 -0.18061E-04 -0.43982E+04  0.00000E+00 -0.13357E+04  0.00000E+00  0.87843E-06  0.46745E+03  0.49314E-02  0.00000E+00     21  0.00000E+00      0.000
      10.0228 -0.29000E+00  0.00000E+00 -0.29001E+00  0.00000E+00 -0.10171E-02 -0.64157E-02  0.00000E+00 -0.64158E-02  0.00000E+00 -0.23267E-04 -0.43804E+04  0.00000E+00 -0.13357E+04  0.00000E+00  0.87843E-06  0.46745E+03  0.64158E-02  0.00000E+00     22  0.00000E+00      0.000
      10.0295 -0.29000E+00  0.00000E+00 -0.29000E+00  0.00000E+00 -0.10328E-02 -0.83454E-02  0.00000E+00 -0.83456E-02  0.00000E+00 -0.30140E-04 -0.43572E+04  0.00000E+00 -0.13356E+04  0.00000E+00  0.87843E-06  0.46746E+03  0.83456E-02  0.00000E+00     23  0.00000E+00      0.000
      10.0382 -0.29000E+00  0.00000E+00 -0.29000E+00  0.00000E+00 -0.10266E-02 -0.10854E-01  0.00000E+00 -0.10854E-01  0.00000E+00 -0.39020E-04 -0.43270E+04  0.00000E+00 -0.13356E+04  0.00000E+00  0.87843E-06  0.46746E+03  0.10854E-01  0.00000E+00     24  0.00000E+00      0.000
      10.0494 -0.29000E+00  0.00000E+00 -0.29000E+00  0.00000E+00 -0.10229E-02 -0.14115E-01  0.00000E+00 -0.14115E-01  0.00000E+00 -0.50524E-04 -0.42878E+04  0.00000E+00 -0.13356E+04  0.00000E+00  0.87843E-06  0.46746E+03  0.14115E-01  0.00000E+00     25  0.00000E+00      0.000
      10.0640 -0.29000E+00  0.00000E+00 -0.29000E+00  0.00000E+00 -0.10325E-02 -0.18355E-01  0.00000E+00 -0.18355E-01  0.00000E+00 -0.65618E-04 -0.42370E+04  0.00000E+00 -0.13355E+04  0.00000E+00  0.87843E-06  0.46747E+03  0.18355E-01  0.00000E+00     26  0.00000E+00      0.000
      10.0830 -0.29000E+00  0.00000E+00 -0.29000E+00  0.00000E+00 -0.10264E-02 -0.23866E-01  0.00000E+00 -0.23866E-01  0.00000E+00 -0.85125E-04 -0.41708E+04  0.00000E+00 -0.13355E+04  0.00000E+00  0.87843E-06  0.46747E+03  0.23866E-01  0.00000E+00     27  0.00000E+00      0.000
      10.1077 -0.29000E+00  0.00000E+00 -0.29000E+00  0.00000E+00 -0.10246E-02 -0.31031E-01  0.00000E+00 -0.31031E-01  0.00000E+00 -0.11044E-03 -0.40850E+04  0.00000E+00 -0.13354E+04  0.00000E+00  0.87843E-06  0.46748E+03  0.31031E-01  0.00000E+00     28  0.00000E+00      0.000
      10.1398 -0.29000E+00  0.00000E+00 -0.29000E+00  0.00000E+00 -0.10258E-02 -0.40345E-01  0.00000E+00 -0.40346E-01  0.00000E+00 -0.14338E-03 -0.39735E+04  0.00000E+00 -0.13353E+04  0.00000E+00  0.87843E-06  0.46749E+03  0.40346E-01  0.00000E+00     29  0.00000E+00      0.000
      10.1816 -0.29000E+00  0.00000E+00 -0.29000E+00  0.00000E+00 -0.10266E-02 -0.52454E-01  0.00000E+00 -0.52454E-01  0.00000E+00 -0.18625E-03 -0.38355E+04  0.00000E+00 -0.13351E+04  0.00000E+00  0.87843E-06  0.46750E+03  0.52454E-01  0.00000E+00     30  0.00000E+00      0.000
      10.2359 -0.29000E+00  0.00000E+00 -0.29000E+00  0.00000E+00 -0.10273E-02 -0.68195E-01  0.00000E+00 -0.68195E-01  0.00000E+00 -0.24201E-03 -0.36970E+04  0.00000E+00 -0.13350E+04  0.00000E+00  0.87843E-06  0.46751E+03  0.68195E-01  0.00000E+00     31  0.00000E+00      0.000
      10.3064 -0.29000E+00  0.00000E+00 -0.29000E+00  0.00000E+00 -0.10264E-02 -0.88659E-01  0.00000E+00 -0.88659E-01  0.00000E+00 -0.31443E-03 -0.35083E+04  0.00000E+00 -0.13348E+04  0.00000E+00  0.87843E-06  0.46754E+03  0.88659E-01  0.00000E+00     32  0.00000E+00      0.000
      10.3982 -0.29000E+00  0.00000E+00 -0.29000E+00  0.00000E+00 -0.10277E-02 -0.11526E+00  0.00000E+00 -0.11526E+00  0.00000E+00 -0.40871E-03 -0.32719E+04  0.00000E+00 -0.13345E+04  0.00000E+00  0.87843E-06  0.46756E+03  0.11526E+00  0.00000E+00     33  0.00000E+00      0.000
      10.5174 -0.29000E+00  0.00000E+00 -0.29000E+00  0.00000E+00 -0.10279E-02 -0.14984E+00  0.00000E+00 -0.14985E+00  0.00000E+00 -0.53129E-03 -0.29882E+04  0.00000E+00 -0.13342E+04  0.00000E+00  0.87843E-06  0.46760E+03  0.14985E+00  0.00000E+00     34  0.00000E+00      0.000
      10.6725 -0.29000E+00  0.00000E+00 -0.29000E+00  0.00000E+00 -0.10286E-02 -0.19480E+00  0.00000E+00 -0.19480E+00  0.00000E+00 -0.69075E-03 -0.26928E+04  0.00000E+00 -0.13337E+04  0.00000E+00  0.87843E-06  0.46764E+03  0.19480E+00  0.00000E+00     35  0.00000E+00      0.000
      10.8740 -0.29000E+00  0.00000E+00 -0.29000E+00  0.00000E+00 -0.10285E-02 -0.25325E+00  0.00000E+00 -0.25325E+00  0.00000E+00 -0.89803E-03 -0.23358E+04  0.00000E+00 -0.13332E+04  0.00000E+00  0.87843E-06  0.46770E+03  0.25325E+00  0.00000E+00     36  0.00000E+00      0.000
      11.1360 -0.29000E+00  0.00000E+00 -0.29000E+00  0.00000E+00 -0.10292E-02 -0.32923E+00  0.00000E+00 -0.32923E+00  0.00000E+00 -0.11677E-02 -0.19790E+04  0.00000E+00 -0.13326E+04  0.00000E+00  0.87843E-06  0.46777E+03  0.32923E+00  0.00000E+00     37  0.00000E+00      0.000
      11.4766 -0.29000E+00  0.00000E+00 -0.29000E+00  0.00000E+00 -0.10304E-02 -0.42800E+00  0.00000E+00 -0.42800E+00  0.00000E+00 -0.15186E-02 -0.16245E+04  0.00000E+00 -0.13318E+04  0.00000E+00  0.87843E-06  0.46787E+03  0.42800E+00  0.00000E+00     38  0.00000E+00      0.000
      11.9194 -0.29000E+00  0.00000E+00 -0.29000E+00  0.00000E+00 -0.10312E-02 -0.55641E+00  0.00000E+00 -0.55641E+00  0.00000E+00 -0.19752E-02 -0.13075E+04  0.00000E+00 -0.13309E+04  0.00000E+00  0.87843E-06  0.46800E+03  0.55641E+00  0.00000E+00     39  0.00000E+00      0.000
      12.3622 -0.29000E+00  0.00000E+00 -0.29000E+00  0.00000E+00 -0.10320E-02 -0.68481E+00  0.00000E+00 -0.68481E+00  0.00000E+00 -0.24322E-02 -0.10992E+04  0.00000E+00 -0.13301E+04  0.00000E+00  0.87843E-06  0.46813E+03  0.68481E+00  0.00000E+00     40  0.00000E+00      0.000
      12.8049 -0.29000E+00  0.00000E+00 -0.29000E+00  0.00000E+00 -0.10331E-02 -0.81322E+00  0.00000E+00 -0.81322E+00  0.00000E+00 -0.28896E-02 -0.95131E+03  0.00000E+00 -0.13293E+04  0.00000E+00  0.87843E-06  0.46826E+03  0.81322E+00  0.00000E+00     41  0.00000E+00      0.000
      13.2477 -0.29000E+00  0.00000E+00 -0.29000E+00  0.00000E+00 -0.10338E-02 -0.94163E+00  0.00000E+00 -0.94163E+00  0.00000E+00 -0.33474E-02 -0.85611E+03  0.00000E+00 -0.13286E+04  0.00000E+00  0.87843E-06  0.46839E+03  0.94163E+00  0.00000E+00     42  0.00000E+00      0.000
      13.6905 -0.29000E+00  0.00000E+00 -0.29000E+00  0.00000E+00 -0.10347E-02 -0.10700E+01  0.00000E+00 -0.10700E+01  0.00000E+00 -0.38055E-02 -0.77799E+03  0.00000E+00 -0.13280E+04  0.00000E+00  0.87843E-06  0.46851E+03  0.10700E+01  0.00000E+00     43  0.00000E+00      0.000
      14.2661 -0.29000E+00  0.00000E+00 -0.29000E+00  0.00000E+00 -0.10355E-02 -0.12370E+01  0.00000E+00 -0.12370E+01  0.00000E+00 -0.44016E-02 -0.70111E+03  0.00000E+00 -0.13272E+04  0.00000E+00  0.87843E-06  0.46868E+03  0.12370E+01  0.00000E+00     44  0.00000E+00      0.000
      14.9828 -0.29000E+00  0.00000E+00 -0.29000E+00  0.00000E+00 -0.10369E-02 -0.14448E+01  0.00000E+00 -0.14448E+01  0.00000E+00 -0.51447E-02 -0.62594E+03  0.00000E+00 -0.13263E+04  0.00000E+00  0.87843E-06  0.46889E+03  0.14448E+01  0.00000E+00     45  0.00000E+00      0.000
      15.9863 -0.29000E+00  0.00000E+00 -0.29000E+00  0.00000E+00 -0.10384E-02 -0.17358E+01  0.00000E+00 -0.17358E+01  0.00000E+00 -0.61867E-02 -0.54825E+03  0.00000E+00 -0.13252E+04  0.00000E+00  0.87843E-06  0.46918E+03  0.17358E+01  0.00000E+00     46  0.00000E+00      0.000
      16.9897 -0.29000E+00  0.00000E+00 -0.29000E+00  0.00000E+00 -0.10400E-02 -0.20268E+01  0.00000E+00 -0.20268E+01  0.00000E+00 -0.72302E-02 -0.48109E+03  0.00000E+00 -0.13242E+04  0.00000E+00  0.87843E-06  0.46947E+03  0.20268E+01  0.00000E+00     47  0.00000E+00      0.000
      17.9931 -0.29000E+00  0.00000E+00 -0.29000E+00  0.00000E+00 -0.10414E-02 -0.23178E+01  0.00000E+00 -0.23178E+01  0.00000E+00 -0.82752E-02 -0.43426E+03  0.00000E+00 -0.13233E+04  0.00000E+00  0.87843E-06  0.46976E+03  0.23178E+01  0.00000E+00     48  0.00000E+00      0.000
      18.9966 -0.29000E+00  0.00000E+00 -0.29000E+00  0.00000E+00 -0.10427E-02 -0.26088E+01  0.00000E+00 -0.26088E+01  0.00000E+00 -0.93214E-02 -0.39064E+03  0.00000E+00 -0.13224E+04  0.00000E+00  0.87843E-06  0.47005E+03  0.26088E+01  0.00000E+00     49  0.00000E+00      0.000
      20.0000 -0.29000E+00  0.00000E+00 -0.29000E+00  0.00000E+00 -0.10439E-02 -0.28998E+01  0.00000E+00 -0.28998E+01  0.00000E+00 -0.10369E-01 -0.35772E+03  0.00000E+00 -0.13215E+04  0.00000E+00  0.87843E-06  0.47034E+03  0.28998E+01  0.00000E+00     50  0.00000E+00      0.000
      20.0001 -0.16000E+00  0.00000E+00 -0.16023E+00  0.00000E+00 -0.13022E-02 -0.28998E+01  0.00000E+00 -0.28998E+01  0.00000E+00 -0.10369E-01 -0.35748E+03  0.00000E+00 -0.13215E+04  0.23374E-03  0.90180E-06  0.47034E+03  0.28998E+01  0.00000E+00     51  0.00000E+00      0.000
      20.0002 -0.16000E+00  0.00000E+00 -0.15984E+00  0.00000E+00 -0.13022E-02 -0.28998E+01  0.00000E+00 -0.28998E+01  0.00000E+00 -0.10369E-01 -0.35756E+03  0.00000E+00 -0.13215E+04  0.15941E-03  0.92253E-06  0.47034E+03  0.28998E+01  0.00000E+00     52  0.00000E+00      0.000
      20.0004 -0.16000E+00  0.00000E+00 -0.15973E+00  0.00000E+00 -0.13022E-02 -0.28999E+01  0.00000E+00 -0.28999E+01  0.00000E+00 -0.10369E-01 -0.35752E+03  0.00000E+00 -0.13215E+04  0.27290E-03  0.96865E-06  0.47034E+03  0.28999E+01  0.00000E+00     53  0.00000E+00      0.000
      20.0006 -0.16000E+00  0.00000E+00 -0.15937E+00  0.00000E+00 -0.13022E-02 -0.28999E+01  0.00000E+00 -0.28999E+01  0.00000E+00 -0.10370E-01 -0.35757E+03  0.00000E+00 -0.13215E+04  0.63233E-03  0.11076E-05  0.47034E+03  0.28999E+01  0.00000E+00     54  0.00000E+00      0.000
      20.0009 -0.16000E+00  0.00000E+00 -0.16026E+00  0.00000E+00 -0.78044E-03 -0.28999E+01  0.00000E+00 -0.28999E+01  0.00000E+00 -0.10370E-01 -0.35758E+03  0.00000E+00 -0.13215E+04  0.25889E-03  0.11815E-05  0.47034E+03  0.28999E+01  0.00000E+00     55  0.00000E+00      0.000
      20.0013 -0.16000E+00  0.00000E+00 -0.16032E+00  0.00000E+00 -0.90081E-03 -0.29000E+01  0.00000E+00 -0.29000E+01  0.00000E+00 -0.10370E-01 -0.35763E+03  0.00000E+00 -0.13215E+04  0.32435E-03  0.13019E-05  0.47034E+03  0.29000E+01  0.00000E+00     56  0.00000E+00      0.000
      20.0018 -0.16000E+00  0.00000E+00 -0.15997E+00  0.00000E+00 -0.99339E-03 -0.29001E+01  0.00000E+00 -0.29001E+01  0.00000E+00 -0.10371E-01 -0.35767E+03  0.00000E+00 -0.13215E+04  0.31143E-04  0.13170E-05  0.47034E+03  0.29001E+01  0.00000E+00     57  0.00000E+00      0.000
      20.0024 -0.16000E+00  0.00000E+00 -0.16015E+00  0.00000E+00 -0.10646E-02 -0.29002E+01  0.00000E+00 -0.29002E+01  0.00000E+00 -0.10371E-01 -0.35773E+03  0.00000E+00 -0.13215E+04  0.15339E-03  0.14132E-05  0.47034E+03  0.29002E+01  0.00000E+00     58  0.00000E+00      0.000
      20.0032 -0.16000E+00  0.00000E+00 -0.15989E+00  0.00000E+00 -0.11195E-02 -0.29003E+01  0.00000E+00 -0.29003E+01  0.00000E+00 -0.10372E-01 -0.35781E+03  0.00000E+00 -0.13215E+04  0.10899E-03  0.15021E-05  0.47034E+03  0.29003E+01  0.00000E+00     59  0.00000E+00      0.000
      20.0043 -0.16000E+00  0.00000E+00 -0.16004E+00  0.00000E+00 -0.10210E-02 -0.29005E+01  0.00000E+00 -0.29005E+01  0.00000E+00 -0.10373E-01 -0.35792E+03  0.00000E+00 -0.13215E+04  0.37715E-04  0.15421E-05  0.47034E+03  0.29005E+01  0.00000E+00     60  0.00000E+00      0.000
      20.0056 -0.16000E+00  0.00000E+00 -0.15996E+00  0.00000E+00 -0.10859E-02 -0.29007E+01  0.00000E+00 -0.29007E+01  0.00000E+00 -0.10375E-01 -0.35806E+03  0.00000E+00 -0.13215E+04  0.42960E-04  0.16013E-05  0.47034E+03  0.29007E+01  0.00000E+00     61  0.00000E+00      0.000
      20.0074 -0.16000E+00  0.00000E+00 -0.16004E+00  0.00000E+00 -0.10526E-02 -0.29010E+01  0.00000E+00 -0.29010E+01  0.00000E+00 -0.10377E-01 -0.35823E+03  0.00000E+00 -0.13215E+04  0.43422E-04  0.16792E-05  0.47034E+03  0.29010E+01  0.00000E+00     62  0.00000E+00      0.000
      20.0098 -0.16000E+00  0.00000E+00 -0.15997E+00  0.00000E+00 -0.10462E-02 -0.29014E+01  0.00000E+00 -0.29014E+01  0.00000E+00 -0.10379E-01 -0.35846E+03  0.00000E+00 -0.13215E+04  0.29266E-04  0.17474E-05  0.47034E+03  0.29014E+01  0.00000E+00     63  0.00000E+00      0.000
      20.0128 -0.16000E+00  0.00000E+00 -0.15996E+00  0.00000E+00 -0.10560E-02 -0.29018E+01  0.00000E+00 -0.29018E+01  0.00000E+00 -0.10382E-01 -0.35875E+03  0.00000E+00 -0.13215E+04  0.37283E-04  0.18603E-05  0.47034E+03  0.29018E+01  0.00000E+00     64  0.00000E+00      0.000
      20.0167 -0.16000E+00  0.00000E+00 -0.16003E+00  0.00000E+00 -0.10370E-02 -0.29025E+01  0.00000E+00 -0.29025E+01  0.00000E+00 -0.10387E-01 -0.35913E+03  0.00000E+00 -0.13215E+04  0.32604E-04  0.19886E-05  0.47034E+03  0.29025E+01  0.00000E+00     65  0.00000E+00      0.000
      20.0218 -0.16000E+00  0.00000E+00 -0.16002E+00  0.00000E+00 -0.10399E-02 -0.29033E+01  0.00000E+00 -0.29033E+01  0.00000E+00 -0.10392E-01 -0.35961E+03  0.00000E+00 -0.13215E+04  0.23052E-04  0.21066E-05  0.47034E+03  0.29033E+01  0.00000E+00     66  0.00000E+00      0.000
      20.0285 -0.16000E+00  0.00000E+00 -0.16001E+00  0.00000E+00 -0.10554E-02 -0.29044E+01  0.00000E+00 -0.29044E+01  0.00000E+00 -0.10399E-01 -0.36023E+03  0.00000E+00 -0.13215E+04  0.13769E-04  0.21983E-05  0.47034E+03  0.29044E+01  0.00000E+00     67  0.00000E+00      0.000
      20.0372 -0.16000E+00  0.00000E+00 -0.16000E+00  0.00000E+00 -0.10433E-02 -0.29057E+01  0.00000E+00 -0.29057E+01  0.00000E+00 -0.10408E-01 -0.36102E+03  0.00000E+00 -0.13215E+04  0.00000E+00  0.21983E-05  0.47034E+03  0.29057E+01  0.00000E+00     68  0.00000E+00      0.000
      20.0484 -0.16000E+00  0.00000E+00 -0.16000E+00  0.00000E+00 -0.10364E-02 -0.29075E+01  0.00000E+00 -0.29075E+01  0.00000E+00 -0.10420E-01 -0.36203E+03  0.00000E+00 -0.13215E+04  0.00000E+00  0.21983E-05  0.47034E+03  0.29075E+01  0.00000E+00     69  0.00000E+00      0.000
      20.0630 -0.16000E+00  0.00000E+00 -0.15999E+00  0.00000E+00 -0.10464E-02 -0.29099E+01  0.00000E+00 -0.29099E+01  0.00000E+00 -0.10435E-01 -0.36328E+03  0.00000E+00 -0.13215E+04  0.00000E+00  0.21983E-05  0.47035E+03  0.29099E+01  0.00000E+00     70  0.00000E+00      0.000
      20.0820 -0.16000E+00  0.00000E+00 -0.16001E+00  0.00000E+00 -0.10422E-02 -0.29129E+01  0.00000E+00 -0.29129E+01  0.00000E+00 -0.10455E-01 -0.36485E+03  0.00000E+00 -0.13215E+04  0.00000E+00  0.21983E-05  0.47035E+03  0.29129E+01  0.00000E+00     71  0.00000E+00      0.000
      20.1067 -0.16000E+00  0.00000E+00 -0.16000E+00  0.00000E+00 -0.10472E-02 -0.29169E+01  0.00000E+00 -0.29169E+01  0.00000E+00 -0.10481E-01 -0.36677E+03  0.00000E+00 -0.13215E+04  0.00000E+00  0.21983E-05  0.47035E+03  0.29169E+01  0.00000E+00     72  0.00000E+00      0.000
      20.1388 -0.16000E+00  0.00000E+00 -0.16000E+00  0.00000E+00 -0.10449E-02 -0.29220E+01  0.00000E+00 -0.29220E+01  0.00000E+00 -0.10514E-01 -0.36910E+03  0.00000E+00 -0.13214E+04  0.00000E+00  0.21983E-05  0.47036E+03  0.29220E+01  0.00000E+00     73  0.00000E+00      0.000
      20.1806 -0.16000E+00  0.00000E+00 -0.16000E+00  0.00000E+00 -0.10461E-02 -0.29287E+01  0.00000E+00 -0.29287E+01  0.00000E+00 -0.10558E-01 -0.37187E+03  0.00000E+00 -0.13214E+04  0.00000E+00  0.21983E-05  0.47036E+03  0.29287E+01  0.00000E+00     74  0.00000E+00      0.000
      20.2349 -0.16000E+00  0.00000E+00 -0.16000E+00  0.00000E+00 -0.10434E-02 -0.29374E+01  0.00000E+00 -0.29374E+01  0.00000E+00 -0.10614E-01 -0.37507E+03  0.00000E+00 -0.13214E+04  0.00000E+00  0.21983E-05  0.47037E+03  0.29374E+01  0.00000E+00     75  0.00000E+00      0.000
      20.3054 -0.16000E+00  0.00000E+00 -0.16000E+00  0.00000E+00 -0.10444E-02 -0.29487E+01  0.00000E+00 -0.29487E+01  0.00000E+00 -0.10688E-01 -0.37909E+03  0.00000E+00 -0.13213E+04  0.00000E+00  0.21983E-05  0.47038E+03  0.29487E+01  0.00000E+00     76  0.00000E+00      0.000
      20.3972 -0.16000E+00  0.00000E+00 -0.16000E+00  0.00000E+00 -0.10447E-02 -0.29633E+01  0.00000E+00 -0.29633E+01  0.00000E+00 -0.10784E-01 -0.38369E+03  0.00000E+00 -0.13212E+04  0.00000E+00  0.21983E-05  0.47040E+03  0.29633E+01  0.00000E+00     77  0.00000E+00      0.000
      20.5164 -0.16000E+00  0.00000E+00 -0.16000E+00  0.00000E+00 -0.10450E-02 -0.29824E+01  0.00000E+00 -0.29824E+01  0.00000E+00 -0.10909E-01 -0.38859E+03  0.00000E+00 -0.13211E+04  0.00000E+00  0.21983E-05  0.47042E+03  0.29824E+01  0.00000E+00     78  0.00000E+00      0.000
      20.6715 -0.16000E+00  0.00000E+00 -0.16000E+00  0.00000E+00 -0.10449E-02 -0.30072E+01  0.00000E+00 -0.30072E+01  0.00000E+00 -0.11071E-01 -0.39350E+03  0.00000E+00 -0.13210E+04  0.00000E+00  0.21983E-05  0.47044E+03  0.30072E+01  0.00000E+00     79  0.00000E+00      0.000
      20.8730 -0.16000E+00  0.00000E+00 -0.16000E+00  0.00000E+00 -0.10450E-02 -0.30395E+01  0.00000E+00 -0.30395E+01  0.00000E+00 -0.11281E-01 -0.39801E+03  0.00000E+00 -0.13209E+04  0.00000E+00  0.21983E-05  0.47048E+03  0.30395E+01  0.00000E+00     80  0.00000E+00      0.000
      21.1350 -0.16000E+00  0.00000E+00 -0.16000E+00  0.00000E+00 -0.10456E-02 -0.30814E+01  0.00000E+00 -0.30814E+01  0.00000E+00 -0.11555E-01 -0.40159E+03  0.00000E+00 -0.13206E+04  0.00000E+00  0.21983E-05  0.47052E+03  0.30814E+01  0.00000E+00     81  0.00000E+00      0.000
      21.4756 -0.16000E+00  0.00000E+00 -0.16000E+00  0.00000E+00 -0.10456E-02 -0.31359E+01  0.00000E+00 -0.31359E+01  0.00000E+00 -0.11911E-01 -0.40398E+03  0.00000E+00 -0.13204E+04  0.00000E+00  0.21983E-05  0.47057E+03  0.31359E+01  0.00000E+00     82  0.00000E+00      0.000
      21.9184 -0.16000E+00  0.00000E+00 -0.16000E+00  0.00000E+00 -0.10464E-02 -0.32067E+01  0.00000E+00 -0.32067E+01  0.00000E+00 -0.12375E-01 -0.40473E+03  0.00000E+00 -0.13201E+04  0.00000E+00  0.21983E-05  0.47064E+03  0.32067E+01  0.00000E+00     83  0.00000E+00      0.000
      22.4940 -0.16000E+00  0.00000E+00 -0.16000E+00  0.00000E+00 -0.10468E-02 -0.32988E+01  0.00000E+00 -0.32988E+01  0.00000E+00 -0.12977E-01 -0.40334E+03  0.00000E+00 -0.13196E+04  0.00000E+00  0.21983E-05  0.47073E+03  0.32988E+01  0.00000E+00     84  0.00000E+00      0.000
      23.2446 -0.16000E+00  0.00000E+00 -0.16000E+00  0.00000E+00 -0.10477E-02 -0.34189E+01  0.00000E+00 -0.34189E+01  0.00000E+00 -0.13763E-01 -0.39912E+03  0.00000E+00 -0.13191E+04  0.00000E+00  0.21983E-05  0.47085E+03  0.34189E+01  0.00000E+00     85  0.00000E+00      0.000
      24.2096 -0.16000E+00  0.00000E+00 -0.16000E+00  0.00000E+00 -0.10487E-02 -0.35733E+01  0.00000E+00 -0.35733E+01  0.00000E+00 -0.14776E-01 -0.39129E+03  0.00000E+00 -0.13185E+04  0.00000E+00  0.21983E-05  0.47101E+03  0.35733E+01  0.00000E+00     86  0.00000E+00      0.000
      25.3677 -0.16000E+00  0.00000E+00 -0.16000E+00  0.00000E+00 -0.10499E-02 -0.37586E+01  0.00000E+00 -0.37586E+01  0.00000E+00 -0.15991E-01 -0.38011E+03  0.00000E+00 -0.13177E+04  0.00000E+00  0.21983E-05  0.47119E+03  0.37586E+01  0.00000E+00     87  0.00000E+00      0.000
      26.9118 -0.16000E+00  0.00000E+00 -0.16000E+00  0.00000E+00 -0.10515E-02 -0.40057E+01  0.00000E+00 -0.40057E+01  0.00000E+00 -0.17615E-01 -0.36524E+03  0.00000E+00 -0.13168E+04  0.00000E+00  0.21983E-05  0.47143E+03  0.40057E+01  0.00000E+00     88  0.00000E+00      0.000
      30.0000 -0.16000E+00  0.00000E+00 -0.16000E+00  0.00000E+00 -0.10543E-02 -0.44998E+01  0.00000E+00 -0.44998E+01  0.00000E+00 -0.20871E-01 -0.34172E+03  0.00000E+00 -0.13150E+04  0.00000E+00  0.21983E-05  0.47193E+03  0.44998E+01  0.00000E+00     89  0.00000E+00      0.000
      30.0001 -0.40000E-01  0.00000E+00 -0.39217E-01  0.00000E+00 -0.12323E-02 -0.44998E+01  0.00000E+00 -0.44998E+01  0.00000E+00 -0.20871E-01 -0.34137E+03  0.00000E+00 -0.13150E+04  0.78311E-03  0.22766E-05  0.47193E+03  0.44998E+01  0.00000E+00     90  0.00000E+00      0.000
      30.0002 -0.40000E-01  0.00000E+00 -0.40131E-01  0.00000E+00 -0.12323E-02 -0.44998E+01  0.00000E+00 -0.44998E+01  0.00000E+00 -0.20871E-01 -0.34147E+03  0.00000E+00 -0.13150E+04  0.13073E-03  0.22936E-05  0.47193E+03  0.44998E+01  0.00000E+00     91  0.00000E+00      0.000
      30.0004 -0.40000E-01  0.00000E+00 -0.39561E-01  0.00000E+00 -0.12323E-02 -0.44998E+01  0.00000E+00 -0.44998E+01  0.00000E+00 -0.20871E-01 -0.34142E+03  0.00000E+00 -0.13150E+04  0.43868E-03  0.23677E-05  0.47193E+03  0.44998E+01  0.00000E+00     92  0.00000E+00      0.000
      30.0006 -0.40000E-01  0.00000E+00 -0.39803E-01  0.00000E+00 -0.12323E-02 -0.44998E+01  0.00000E+00 -0.44998E+01  0.00000E+00 -0.20872E-01 -0.34147E+03  0.00000E+00 -0.13150E+04  0.19658E-03  0.24109E-05  0.47193E+03  0.44998E+01  0.00000E+00     93  0.00000E+00      0.000
      30.0009 -0.40000E-01  0.00000E+00 -0.39651E-01  0.00000E+00 -0.12323E-02 -0.44998E+01  0.00000E+00 -0.44998E+01  0.00000E+00 -0.20872E-01 -0.34149E+03  0.00000E+00 -0.13150E+04  0.34881E-03  0.25105E-05  0.47193E+03  0.44998E+01  0.00000E+00     94  0.00000E+00      0.000
      30.0013 -0.40000E-01  0.00000E+00 -0.39915E-01  0.00000E+00 -0.12323E-02 -0.44998E+01  0.00000E+00 -0.44998E+01  0.00000E+00 -0.20873E-01 -0.34154E+03  0.00000E+00 -0.13150E+04  0.85033E-04  0.25421E-05  0.47193E+03  0.44998E+01  0.00000E+00     95  0.00000E+00      0.000
      30.0018 -0.40000E-01  0.00000E+00 -0.39839E-01  0.00000E+00 -0.12324E-02 -0.44999E+01  0.00000E+00 -0.44999E+01  0.00000E+00 -0.20873E-01 -0.34159E+03  0.00000E+00 -0.13150E+04  0.16126E-03  0.26199E-05  0.47193E+03  0.44999E+01  0.00000E+00     96  0.00000E+00      0.000
      30.0024 -0.40000E-01  0.00000E+00 -0.40026E-01  0.00000E+00 -0.99490E-03 -0.44999E+01  0.00000E+00 -0.44999E+01  0.00000E+00 -0.20874E-01 -0.34166E+03  0.00000E+00 -0.13150E+04  0.25950E-04  0.26362E-05  0.47193E+03  0.44999E+01  0.00000E+00     97  0.00000E+00      0.000
      30.0032 -0.40000E-01  0.00000E+00 -0.40191E-01  0.00000E+00 -0.10497E-02 -0.44999E+01  0.00000E+00 -0.44999E+01  0.00000E+00 -0.20875E-01 -0.34176E+03  0.00000E+00 -0.13150E+04  0.19058E-03  0.27917E-05  0.47193E+03  0.44999E+01  0.00000E+00     98  0.00000E+00      0.000
      30.0043 -0.40000E-01  0.00000E+00 -0.39969E-01  0.00000E+00 -0.10919E-02 -0.45000E+01  0.00000E+00 -0.45000E+01  0.00000E+00 -0.20876E-01 -0.34188E+03  0.00000E+00 -0.13150E+04  0.30547E-04  0.28241E-05  0.47193E+03  0.45000E+01  0.00000E+00     99  0.00000E+00      0.000
      30.0056 -0.40000E-01  0.00000E+00 -0.40058E-01  0.00000E+00 -0.10162E-02 -0.45000E+01  0.00000E+00 -0.45000E+01  0.00000E+00 -0.20877E-01 -0.34203E+03  0.00000E+00 -0.13150E+04  0.57630E-04  0.29035E-05  0.47193E+03  0.45000E+01  0.00000E+00    100  0.00000E+00      0.000
      30.0074 -0.40000E-01  0.00000E+00 -0.40080E-01  0.00000E+00 -0.10661E-02 -0.45001E+01  0.00000E+00 -0.45001E+01  0.00000E+00 -0.20879E-01 -0.34223E+03  0.00000E+00 -0.13150E+04  0.79505E-04  0.30460E-05  0.47193E+03  0.45001E+01  0.00000E+00    101  0.00000E+00      0.000
      30.0098 -0.40000E-01  0.00000E+00 -0.40067E-01  0.00000E+00 -0.10405E-02 -0.45002E+01  0.00000E+00 -0.45002E+01  0.00000E+00 -0.20882E-01 -0.34250E+03  0.00000E+00 -0.13150E+04  0.66563E-04  0.32011E-05  0.47193E+03  0.45002E+01  0.00000E+00    102  0.00000E+00      0.000
      30.0128 -0.40000E-01  0.00000E+00 -0.40006E-01  0.00000E+00 -0.10355E-02 -0.45003E+01  0.00000E+00 -0.45003E+01  0.00000E+00 -0.20885E-01 -0.34283E+03  0.00000E+00 -0.13150E+04  0.00000E+00  0.32011E-05  0.47193E+03  0.45003E+01  0.00000E+00    103  0.00000E+00      0.000
      30.0167 -0.40000E-01  0.00000E+00 -0.40007E-01  0.00000E+00 -0.10430E-02 -0.45005E+01  0.00000E+00 -0.45005E+01  0.00000E+00 -0.20889E-01 -0.34327E+03  0.00000E+00 -0.13150E+04  0.00000E+00  0.32011E-05  0.47193E+03  0.45005E+01  0.00000E+00    104  0.00000E+00      0.000
      30.0218 -0.40000E-01  0.00000E+00 -0.40029E-01  0.00000E+00 -0.10576E-02 -0.45007E+01  0.00000E+00 -0.45007E+01  0.00000E+00 -0.20894E-01 -0.34384E+03  0.00000E+00 -0.13150E+04  0.29407E-04  0.33516E-05  0.47193E+03  0.45007E+01  0.00000E+00    105  0.00000E+00      0.000
      30.0285 -0.40000E-01  0.00000E+00 -0.39993E-01  0.00000E+00 -0.10531E-02 -0.45009E+01  0.00000E+00 -0.45009E+01  0.00000E+00 -0.20901E-01 -0.34457E+03  0.00000E+00 -0.13150E+04  0.00000E+00  0.33516E-05  0.47193E+03  0.45009E+01  0.00000E+00    106  0.00000E+00      0.000
      30.0372 -0.40000E-01  0.00000E+00 -0.39991E-01  0.00000E+00 -0.10599E-02 -0.45013E+01  0.00000E+00 -0.45013E+01  0.00000E+00 -0.20910E-01 -0.34550E+03  0.00000E+00 -0.13150E+04  0.00000E+00  0.33516E-05  0.47193E+03  0.45013E+01  0.00000E+00    107  0.00000E+00      0.000
      30.0484 -0.40000E-01  0.00000E+00 -0.40005E-01  0.00000E+00 -0.10466E-02 -0.45017E+01  0.00000E+00 -0.45017E+01  0.00000E+00 -0.20922E-01 -0.34670E+03  0.00000E+00 -0.13150E+04  0.00000E+00  0.33516E-05  0.47193E+03  0.45017E+01  0.00000E+00    108  0.00000E+00      0.000
      30.0630 -0.40000E-01  0.00000E+00 -0.40002E-01  0.00000E+00 -0.10486E-02 -0.45023E+01  0.00000E+00 -0.45023E+01  0.00000E+00 -0.20937E-01 -0.34823E+03  0.00000E+00 -0.13150E+04  0.00000E+00  0.33516E-05  0.47193E+03  0.45023E+01  0.00000E+00    109  0.00000E+00      0.000
      30.0820 -0.40000E-01  0.00000E+00 -0.39996E-01  0.00000E+00 -0.10516E-02 -0.45031E+01  0.00000E+00 -0.45031E+01  0.00000E+00 -0.20957E-01 -0.35017E+03  0.00000E+00 -0.13150E+04  0.00000E+00  0.33516E-05  0.47193E+03  0.45031E+01  0.00000E+00    110  0.00000E+00      0.000
      30.1067 -0.40000E-01  0.00000E+00 -0.39995E-01  0.00000E+00 -0.10570E-02 -0.45041E+01  0.00000E+00 -0.45041E+01  0.00000E+00 -0.20984E-01 -0.35261E+03  0.00000E+00 -0.13150E+04  0.00000E+00  0.33516E-05  0.47193E+03  0.45041E+01  0.00000E+00    111  0.00000E+00      0.000
      30.1388 -0.40000E-01  0.00000E+00 -0.39997E-01  0.00000E+00 -0.10554E-02 -0.45053E+01  0.00000E+00 -0.45053E+01  0.00000E+00 -0.21017E-01 -0.35565E+03  0.00000E+00 -0.13149E+04  0.00000E+00  0.33516E-05  0.47193E+03  0.45053E+01  0.00000E+00    112  0.00000E+00      0.000
      30.1806 -0.40000E-01  0.00000E+00 -0.39998E-01  0.00000E+00 -0.10532E-02 -0.45070E+01  0.00000E+00 -0.45070E+01  0.00000E+00 -0.21061E-01 -0.35942E+03  0.00000E+00 -0.13149E+04  0.00000E+00  0.33516E-05  0.47193E+03  0.45070E+01  0.00000E+00    113  0.00000E+00      0.000
      30.2349 -0.40000E-01  0.00000E+00 -0.39998E-01  0.00000E+00 -0.10556E-02 -0.45092E+01  0.00000E+00 -0.45092E+01  0.00000E+00 -0.21119E-01 -0.36401E+03  0.00000E+00 -0.13149E+04  0.00000E+00  0.33516E-05  0.47193E+03  0.45092E+01  0.00000E+00    114  0.00000E+00      0.000
      30.3054 -0.40000E-01  0.00000E+00 -0.40002E-01  0.00000E+00 -0.10558E-02 -0.45120E+01  0.00000E+00 -0.45120E+01  0.00000E+00 -0.21193E-01 -0.36953E+03  0.00000E+00 -0.13148E+04  0.00000E+00  0.33516E-05  0.47194E+03  0.45120E+01  0.00000E+00    115  0.00000E+00      0.000
      30.3972 -0.40000E-01  0.00000E+00 -0.40001E-01  0.00000E+00 -0.10554E-02 -0.45157E+01  0.00000E+00 -0.45157E+01  0.00000E+00 -0.21290E-01 -0.37606E+03  0.00000E+00 -0.13148E+04  0.00000E+00  0.33516E-05  0.47194E+03  0.45157E+01  0.00000E+00    116  0.00000E+00      0.000
      30.5164 -0.40000E-01  0.00000E+00 -0.40000E-01  0.00000E+00 -0.10541E-02 -0.45204E+01  0.00000E+00 -0.45204E+01  0.00000E+00 -0.21416E-01 -0.38484E+03  0.00000E+00 -0.13147E+04  0.00000E+00  0.33516E-05  0.47195E+03  0.45204E+01  0.00000E+00    117  0.00000E+00      0.000
      30.6715 -0.40000E-01  0.00000E+00 -0.40001E-01  0.00000E+00 -0.10548E-02 -0.45266E+01  0.00000E+00 -0.45266E+01  0.00000E+00 -0.21579E-01 -0.39470E+03  0.00000E+00 -0.13146E+04  0.00000E+00  0.33516E-05  0.47195E+03  0.45266E+01  0.00000E+00    118  0.00000E+00      0.000
      30.8730 -0.40000E-01  0.00000E+00 -0.40000E-01  0.00000E+00 -0.10553E-02 -0.45347E+01  0.00000E+00 -0.45347E+01  0.00000E+00 -0.21792E-01 -0.40592E+03  0.00000E+00 -0.13145E+04  0.00000E+00  0.33516E-05  0.47196E+03  0.45347E+01  0.00000E+00    119  0.00000E+00      0.000
      31.1350 -0.40000E-01  0.00000E+00 -0.40000E-01  0.00000E+00 -0.10552E-02 -0.45452E+01  0.00000E+00 -0.45452E+01  0.00000E+00 -0.22068E-01 -0.41813E+03  0.00000E+00 -0.13144E+04  0.00000E+00  0.33516E-05  0.47197E+03  0.45452E+01  0.00000E+00    120  0.00000E+00      0.000
      31.4756 -0.40000E-01  0.00000E+00 -0.40000E-01  0.00000E+00 -0.10558E-02 -0.45588E+01  0.00000E+00 -0.45588E+01  0.00000E+00 -0.22428E-01 -0.43122E+03  0.00000E+00 -0.13142E+04  0.00000E+00  0.33516E-05  0.47198E+03  0.45588E+01  0.00000E+00    121  0.00000E+00      0.000
      31.9184 -0.40000E-01  0.00000E+00 -0.40000E-01  0.00000E+00 -0.10562E-02 -0.45765E+01  0.00000E+00 -0.45765E+01  0.00000E+00 -0.22896E-01 -0.44488E+03  0.00000E+00 -0.13140E+04  0.00000E+00  0.33516E-05  0.47200E+03  0.45765E+01  0.00000E+00    122  0.00000E+00      0.000
      32.4940 -0.40000E-01  0.00000E+00 -0.40000E-01  0.00000E+00 -0.10564E-02 -0.45995E+01  0.00000E+00 -0.45995E+01  0.00000E+00 -0.23504E-01 -0.45885E+03  0.00000E+00 -0.13136E+04  0.00000E+00  0.33516E-05  0.47202E+03  0.45995E+01  0.00000E+00    123  0.00000E+00      0.000
      33.2446 -0.40000E-01  0.00000E+00 -0.40000E-01  0.00000E+00 -0.10573E-02 -0.46296E+01  0.00000E+00 -0.46296E+01  0.00000E+00 -0.24297E-01 -0.47279E+03  0.00000E+00 -0.13133E+04  0.00000E+00  0.33516E-05  0.47205E+03  0.46296E+01  0.00000E+00    124  0.00000E+00      0.000
      34.2096 -0.40000E-01  0.00000E+00 -0.40000E-01  0.00000E+00 -0.10581E-02 -0.46682E+01  0.00000E+00 -0.46682E+01  0.00000E+00 -0.25319E-01 -0.48915E+03  0.00000E+00 -0.13128E+04  0.00000E+00  0.33516E-05  0.47209E+03  0.46682E+01  0.00000E+00    125  0.00000E+00      0.000
      35.3677 -0.40000E-01  0.00000E+00 -0.40000E-01  0.00000E+00 -0.10589E-02 -0.47145E+01  0.00000E+00 -0.47145E+01  0.00000E+00 -0.26545E-01 -0.50468E+03  0.00000E+00 -0.13122E+04  0.00000E+00  0.33516E-05  0.47213E+03  0.47145E+01  0.00000E+00    126  0.00000E+00      0.000
      36.9118 -0.40000E-01  0.00000E+00 -0.40000E-01  0.00000E+00 -0.10602E-02 -0.47763E+01  0.00000E+00 -0.47763E+01  0.00000E+00 -0.28182E-01 -0.52059E+03  0.00000E+00 -0.13114E+04  0.00000E+00  0.33516E-05  0.47219E+03  0.47763E+01  0.00000E+00    127  0.00000E+00      0.000
      40.0000 -0.40000E-01  0.00000E+00 -0.40000E-01  0.00000E+00 -0.10625E-02 -0.48998E+01  0.00000E+00 -0.48998E+01  0.00000E+00 -0.31463E-01 -0.54131E+03  0.00000E+00 -0.13100E+04  0.00000E+00  0.33516E-05  0.47232E+03  0.48998E+01  0.00000E+00    128  0.00000E+00      0.000
      42.5000  0.00000E+00  0.00000E+00 -0.29802E-07  0.00000E+00 -0.10644E-02 -0.48998E+01  0.00000E+00 -0.48998E+01  0.00000E+00 -0.34124E-01 -0.63017E+03  0.00000E+00 -0.13089E+04  0.00000E+00  0.33516E-05  0.47231E+03  0.48998E+01  0.00000E+00    129  0.00000E+00      0.000
      46.2500  0.00000E+00  0.00000E+00  0.31665E-07  0.00000E+00 -0.10670E-02 -0.48998E+01  0.00000E+00 -0.48998E+01  0.00000E+00 -0.38126E-01 -0.70111E+03  0.00000E+00 -0.13073E+04  0.00000E+00  0.33516E-05  0.47231E+03  0.48998E+01  0.11874E-06    130  0.00000E+00      0.000
      50.0000  0.00000E+00  0.00000E+00  0.41910E-07  0.00000E+00 -0.10695E-02 -0.48998E+01  0.00000E+00 -0.48998E+01  0.00000E+00 -0.42136E-01 -0.77033E+03  0.00000E+00 -0.13058E+04  0.00000E+00  0.33516E-05  0.47230E+03  0.48998E+01  0.27590E-06    131  0.00000E+00      0.000
      55.0000  0.00000E+00  0.00000E+00  0.19092E-07  0.00000E+00 -0.10727E-02 -0.48998E+01  0.00000E+00 -0.48998E+01  0.00000E+00 -0.47500E-01 -0.83976E+03  0.00000E+00 -0.13039E+04  0.00000E+00  0.33516E-05  0.47230E+03  0.48998E+01  0.37136E-06    132  0.00000E+00      0.000
      60.0000  0.00000E+00  0.00000E+00  0.20023E-07  0.00000E+00 -0.10757E-02 -0.48998E+01  0.00000E+00 -0.48998E+01  0.00000E+00 -0.52879E-01 -0.89729E+03  0.00000E+00 -0.13021E+04  0.00000E+00  0.33516E-05  0.47229E+03  0.48998E+01  0.47148E-06    133  0.00000E+00      0.000
      60.0001 -0.10000E-01  0.00000E+00 -0.85648E-02  0.00000E+00 -0.11891E-02 -0.48998E+01  0.00000E+00 -0.48998E+01  0.00000E+00 -0.52879E-01 -0.89863E+03  0.00000E+00 -0.13021E+04  0.14352E-02  0.34951E-05  0.47229E+03  0.48998E+01  0.47148E-06    134  0.00000E+00      0.000
      60.0002 -0.10000E-01  0.00000E+00 -0.10182E-01  0.00000E+00 -0.11891E-02 -0.48998E+01  0.00000E+00 -0.48998E+01  0.00000E+00 -0.52879E-01 -0.89830E+03  0.00000E+00 -0.13021E+04  0.18244E-03  0.35188E-05  0.47229E+03  0.48998E+01  0.47148E-06    135  0.00000E+00      0.000
      60.0004 -0.10000E-01  0.00000E+00 -0.10878E-01  0.00000E+00 -0.11891E-02 -0.48998E+01  0.00000E+00 -0.48998E+01  0.00000E+00 -0.52879E-01 -0.89857E+03  0.00000E+00 -0.13021E+04  0.87818E-03  0.36672E-05  0.47229E+03  0.48998E+01  0.47148E-06    136  0.00000E+00      0.000
      60.0006 -0.10000E-01  0.00000E+00 -0.96618E-02  0.00000E+00 -0.11891E-02 -0.48998E+01  0.00000E+00 -0.48998E+01  0.00000E+00 -0.52879E-01 -0.89845E+03  0.00000E+00 -0.13021E+04  0.33816E-03  0.37415E-05  0.47229E+03  0.48998E+01  0.47148E-06    137  0.00000E+00      0.000
      60.0009 -0.10000E-01  0.00000E+00 -0.97647E-02  0.00000E+00 -0.11891E-02 -0.48998E+01  0.00000E+00 -0.48998E+01  0.00000E+00 -0.52880E-01 -0.89852E+03  0.00000E+00 -0.13021E+04  0.23525E-03  0.38087E-05  0.47229E+03  0.48998E+01  0.47148E-06    138  0.00000E+00      0.000
      60.0013 -0.10000E-01  0.00000E+00 -0.10409E-01  0.00000E+00 -0.11891E-02 -0.48998E+01  0.00000E+00 -0.48998E+01  0.00000E+00 -0.52880E-01 -0.89848E+03  0.00000E+00 -0.13021E+04  0.40876E-03  0.39605E-05  0.47229E+03  0.48998E+01  0.47148E-06    139  0.00000E+00      0.000
      60.0018 -0.10000E-01  0.00000E+00 -0.99156E-02  0.00000E+00 -0.11891E-02 -0.48998E+01  0.00000E+00 -0.48998E+01  0.00000E+00 -0.52881E-01 -0.89849E+03  0.00000E+00 -0.13021E+04  0.84413E-04  0.40012E-05  0.47229E+03  0.48998E+01  0.47148E-06    140  0.00000E+00      0.000
      60.0024 -0.10000E-01  0.00000E+00 -0.98699E-02  0.00000E+00 -0.11891E-02 -0.48998E+01  0.00000E+00 -0.48998E+01  0.00000E+00 -0.52881E-01 -0.89848E+03  0.00000E+00 -0.13021E+04  0.13008E-03  0.40829E-05  0.47229E+03  0.48998E+01  0.47148E-06    141  0.00000E+00      0.000
      60.0032 -0.10000E-01  0.00000E+00 -0.99814E-02  0.00000E+00 -0.10065E-02 -0.48998E+01  0.00000E+00 -0.48998E+01  0.00000E+00 -0.52882E-01 -0.89848E+03  0.00000E+00 -0.13021E+04  0.18585E-04  0.40980E-05  0.47229E+03  0.48998E+01  0.47148E-06    142  0.00000E+00      0.000
      60.0043 -0.10000E-01  0.00000E+00 -0.10097E-01  0.00000E+00 -0.10486E-02 -0.48998E+01  0.00000E+00 -0.48998E+01  0.00000E+00 -0.52883E-01 -0.89847E+03  0.00000E+00 -0.13021E+04  0.96519E-04  0.42004E-05  0.47229E+03  0.48998E+01  0.47148E-06    143  0.00000E+00      0.000
      60.0056 -0.10000E-01  0.00000E+00 -0.99271E-02  0.00000E+00 -0.10810E-02 -0.48998E+01  0.00000E+00 -0.48998E+01  0.00000E+00 -0.52885E-01 -0.89845E+03  0.00000E+00 -0.13021E+04  0.72924E-04  0.43009E-05  0.47229E+03  0.48998E+01  0.47148E-06    144  0.00000E+00      0.000
      60.0074 -0.10000E-01  0.00000E+00 -0.99315E-02  0.00000E+00 -0.11060E-02 -0.48999E+01  0.00000E+00 -0.48999E+01  0.00000E+00 -0.52887E-01 -0.89844E+03  0.00000E+00 -0.13021E+04  0.68518E-04  0.44237E-05  0.47229E+03  0.48999E+01  0.47148E-06    145  0.00000E+00      0.000
      60.0098 -0.10000E-01  0.00000E+00 -0.99630E-02  0.00000E+00 -0.10613E-02 -0.48999E+01  0.00000E+00 -0.48999E+01  0.00000E+00 -0.52889E-01 -0.89842E+03  0.00000E+00 -0.13021E+04  0.37033E-04  0.45100E-05  0.47229E+03  0.48999E+01  0.47148E-06    146  0.00000E+00      0.000
      60.0128 -0.10000E-01  0.00000E+00 -0.10049E-01  0.00000E+00 -0.10907E-02 -0.48999E+01  0.00000E+00 -0.48999E+01  0.00000E+00 -0.52893E-01 -0.89839E+03  0.00000E+00 -0.13021E+04  0.49133E-04  0.46588E-05  0.47229E+03  0.48999E+01  0.47148E-06    147  0.00000E+00      0.000
      60.0167 -0.10000E-01  0.00000E+00 -0.10021E-01  0.00000E+00 -0.10756E-02 -0.49000E+01  0.00000E+00 -0.49000E+01  0.00000E+00 -0.52897E-01 -0.89836E+03  0.00000E+00 -0.13021E+04  0.21260E-04  0.47425E-05  0.47229E+03  0.49000E+01  0.47148E-06    148  0.00000E+00      0.000
      60.0218 -0.10000E-01  0.00000E+00 -0.10011E-01  0.00000E+00 -0.10727E-02 -0.49000E+01  0.00000E+00 -0.49000E+01  0.00000E+00 -0.52902E-01 -0.89831E+03  0.00000E+00 -0.13021E+04  0.10798E-04  0.47978E-05  0.47229E+03  0.49000E+01  0.47148E-06    149  0.00000E+00      0.000
      60.0285 -0.10000E-01  0.00000E+00 -0.10005E-01  0.00000E+00 -0.10772E-02 -0.49001E+01  0.00000E+00 -0.49001E+01  0.00000E+00 -0.52909E-01 -0.89826E+03  0.00000E+00 -0.13021E+04  0.00000E+00  0.47978E-05  0.47229E+03  0.49001E+01  0.47148E-06    150  0.00000E+00      0.000
      60.0372 -0.10000E-01  0.00000E+00 -0.99885E-02  0.00000E+00 -0.10858E-02 -0.49002E+01  0.00000E+00 -0.49002E+01  0.00000E+00 -0.52919E-01 -0.89818E+03  0.00000E+00 -0.13021E+04  0.11495E-04  0.48972E-05  0.47229E+03  0.49002E+01  0.47148E-06    151  0.00000E+00      0.000
      60.0484 -0.10000E-01  0.00000E+00 -0.10003E-01  0.00000E+00 -0.10832E-02 -0.49003E+01  0.00000E+00 -0.49003E+01  0.00000E+00 -0.52931E-01 -0.89808E+03  0.00000E+00 -0.13021E+04  0.00000E+00  0.48972E-05  0.47229E+03  0.49003E+01  0.47148E-06    152  0.00000E+00      0.000
      60.0630 -0.10000E-01  0.00000E+00 -0.10006E-01  0.00000E+00 -0.10770E-02 -0.49004E+01  0.00000E+00 -0.49004E+01  0.00000E+00 -0.52947E-01 -0.89796E+03  0.00000E+00 -0.13021E+04  0.00000E+00  0.48972E-05  0.47229E+03  0.49004E+01  0.47148E-06    153  0.00000E+00      0.000
      60.0820 -0.10000E-01  0.00000E+00 -0.99942E-02  0.00000E+00 -0.10794E-02 -0.49006E+01  0.00000E+00 -0.49006E+01  0.00000E+00 -0.52967E-01 -0.89780E+03  0.00000E+00 -0.13021E+04  0.00000E+00  0.48972E-05  0.47229E+03  0.49006E+01  0.47148E-06    154  0.00000E+00      0.000
      60.1067 -0.10000E-01  0.00000E+00 -0.10000E-01  0.00000E+00 -0.10746E-02 -0.49009E+01  0.00000E+00 -0.49009E+01  0.00000E+00 -0.52994E-01 -0.89760E+03  0.00000E+00 -0.13020E+04  0.00000E+00  0.48972E-05  0.47229E+03  0.49009E+01  0.47148E-06    155  0.00000E+00      0.000
      60.1388 -0.10000E-01  0.00000E+00 -0.10001E-01  0.00000E+00 -0.10731E-02 -0.49012E+01  0.00000E+00 -0.49012E+01  0.00000E+00 -0.53028E-01 -0.89733E+03  0.00000E+00 -0.13020E+04  0.00000E+00  0.48972E-05  0.47229E+03  0.49012E+01  0.47148E-06    156  0.00000E+00      0.000
      60.1806 -0.10000E-01  0.00000E+00 -0.99998E-02  0.00000E+00 -0.10749E-02 -0.49016E+01  0.00000E+00 -0.49016E+01  0.00000E+00 -0.53073E-01 -0.89700E+03  0.00000E+00 -0.13020E+04  0.00000E+00  0.48972E-05  0.47230E+03  0.49016E+01  0.47148E-06    157  0.00000E+00      0.000
      60.2349 -0.10000E-01  0.00000E+00 -0.10002E-01  0.00000E+00 -0.10765E-02 -0.49021E+01  0.00000E+00 -0.49021E+01  0.00000E+00 -0.53132E-01 -0.89659E+03  0.00000E+00 -0.13020E+04  0.00000E+00  0.48972E-05  0.47230E+03  0.49021E+01  0.47148E-06    158  0.00000E+00      0.000
      60.3054 -0.10000E-01  0.00000E+00 -0.99985E-02  0.00000E+00 -0.10750E-02 -0.49028E+01  0.00000E+00 -0.49028E+01  0.00000E+00 -0.53207E-01 -0.89606E+03  0.00000E+00 -0.13020E+04  0.00000E+00  0.48972E-05  0.47230E+03  0.49028E+01  0.47148E-06    159  0.00000E+00      0.000
      60.3972 -0.10000E-01  0.00000E+00 -0.99993E-02  0.00000E+00 -0.10753E-02 -0.49038E+01  0.00000E+00 -0.49038E+01  0.00000E+00 -0.53306E-01 -0.89542E+03  0.00000E+00 -0.13019E+04  0.00000E+00  0.48972E-05  0.47230E+03  0.49038E+01  0.47148E-06    160  0.00000E+00      0.000
      60.5164 -0.10000E-01  0.00000E+00 -0.10001E-01  0.00000E+00 -0.10764E-02 -0.49050E+01  0.00000E+00 -0.49050E+01  0.00000E+00 -0.53434E-01 -0.89465E+03  0.00000E+00 -0.13019E+04  0.00000E+00  0.48972E-05  0.47230E+03  0.49050E+01  0.47148E-06    161  0.00000E+00      0.000
      60.6715 -0.10000E-01  0.00000E+00 -0.10001E-01  0.00000E+00 -0.10763E-02 -0.49065E+01  0.00000E+00 -0.49065E+01  0.00000E+00 -0.53601E-01 -0.89373E+03  0.00000E+00 -0.13018E+04  0.00000E+00  0.48972E-05  0.47230E+03  0.49065E+01  0.47148E-06    162  0.00000E+00      0.000
      60.8730 -0.10000E-01  0.00000E+00 -0.10001E-01  0.00000E+00 -0.10763E-02 -0.49085E+01  0.00000E+00 -0.49085E+01  0.00000E+00 -0.53818E-01 -0.89268E+03  0.00000E+00 -0.13018E+04  0.00000E+00  0.48972E-05  0.47230E+03  0.49085E+01  0.47148E-06    163  0.00000E+00      0.000
      61.1350 -0.10000E-01  0.00000E+00 -0.10000E-01  0.00000E+00 -0.10765E-02 -0.49111E+01  0.00000E+00 -0.49111E+01  0.00000E+00 -0.54100E-01 -0.89152E+03  0.00000E+00 -0.13017E+04  0.00000E+00  0.48972E-05  0.47230E+03  0.49111E+01  0.47148E-06    164  0.00000E+00      0.000
      61.4756 -0.10000E-01  0.00000E+00 -0.99999E-02  0.00000E+00 -0.10767E-02 -0.49145E+01  0.00000E+00 -0.49145E+01  0.00000E+00 -0.54467E-01 -0.89034E+03  0.00000E+00 -0.13016E+04  0.00000E+00  0.48972E-05  0.47231E+03  0.49145E+01  0.47148E-06    165  0.00000E+00      0.000
      61.9184 -0.10000E-01  0.00000E+00 -0.10000E-01  0.00000E+00 -0.10767E-02 -0.49190E+01  0.00000E+00 -0.49190E+01  0.00000E+00 -0.54944E-01 -0.88924E+03  0.00000E+00 -0.13014E+04  0.00000E+00  0.48972E-05  0.47231E+03  0.49190E+01  0.47148E-06    166  0.00000E+00      0.000
      62.4940 -0.10000E-01  0.00000E+00 -0.10000E-01  0.00000E+00 -0.10773E-02 -0.49247E+01  0.00000E+00 -0.49247E+01  0.00000E+00 -0.55564E-01 -0.88840E+03  0.00000E+00 -0.13012E+04  0.00000E+00  0.48972E-05  0.47232E+03  0.49247E+01  0.47148E-06    167  0.00000E+00      0.000
      63.2446 -0.10000E-01  0.00000E+00 -0.10000E-01  0.00000E+00 -0.10777E-02 -0.49322E+01  0.00000E+00 -0.49322E+01  0.00000E+00 -0.56373E-01 -0.88807E+03  0.00000E+00 -0.13009E+04  0.00000E+00  0.48972E-05  0.47232E+03  0.49322E+01  0.47148E-06    168  0.00000E+00      0.000
      64.2096 -0.10000E-01  0.00000E+00 -0.10000E-01  0.00000E+00 -0.10782E-02 -0.49419E+01  0.00000E+00 -0.49419E+01  0.00000E+00 -0.57413E-01 -0.88879E+03  0.00000E+00 -0.13006E+04  0.00000E+00  0.48972E-05  0.47233E+03  0.49419E+01  0.47148E-06    169  0.00000E+00      0.000
      65.3677 -0.10000E-01  0.00000E+00 -0.10000E-01  0.00000E+00 -0.10788E-02 -0.49535E+01  0.00000E+00 -0.49535E+01  0.00000E+00 -0.58663E-01 -0.89059E+03  0.00000E+00 -0.13002E+04  0.00000E+00  0.48972E-05  0.47234E+03  0.49535E+01  0.47148E-06    170  0.00000E+00      0.000
      66.9118 -0.10000E-01  0.00000E+00 -0.10000E-01  0.00000E+00 -0.10797E-02 -0.49689E+01  0.00000E+00 -0.49689E+01  0.00000E+00 -0.60330E-01 -0.89404E+03  0.00000E+00 -0.12997E+04  0.00000E+00  0.48972E-05  0.47236E+03  0.49689E+01  0.47148E-06    171  0.00000E+00      0.000
      70.0000 -0.10000E-01  0.00000E+00 -0.10000E-01  0.00000E+00 -0.10815E-02 -0.49998E+01  0.00000E+00 -0.49998E+01  0.00000E+00 -0.63670E-01 -0.90220E+03  0.00000E+00 -0.12987E+04  0.00000E+00  0.48972E-05  0.47238E+03  0.49998E+01  0.47148E-06    172  0.00000E+00      0.000
      72.5000  0.00000E+00  0.00000E+00  0.25146E-07  0.00000E+00 -0.10828E-02 -0.49998E+01  0.00000E+00 -0.49998E+01  0.00000E+00 -0.66377E-01 -0.94442E+03  0.00000E+00 -0.12978E+04  0.00000E+00  0.48972E-05  0.47238E+03  0.49998E+01  0.53435E-06    173  0.00000E+00      0.000
      76.2500  0.00000E+00  0.00000E+00 -0.46100E-07  0.00000E+00 -0.10848E-02 -0.49998E+01  0.00000E+00 -0.49998E+01  0.00000E+00 -0.70445E-01 -0.98794E+03  0.00000E+00 -0.12967E+04  0.00000E+00  0.48972E-05  0.47238E+03  0.49998E+01  0.53435E-06    174  0.00000E+00      0.000
      80.0000  0.00000E+00  0.00000E+00  0.29802E-07  0.00000E+00 -0.10867E-02 -0.49998E+01  0.00000E+00 -0.49998E+01  0.00000E+00 -0.74520E-01 -0.10281E+04  0.00000E+00 -0.12955E+04  0.00000E+00  0.48972E-05  0.47237E+03  0.49998E+01  0.64611E-06    175  0.00000E+00      0.000
      80.0001 -0.10000E-01  0.00000E+00 -0.10065E-01  0.00000E+00 -0.11831E-02 -0.49998E+01  0.00000E+00 -0.49998E+01  0.00000E+00 -0.74520E-01 -0.10284E+04  0.00000E+00 -0.12955E+04  0.64755E-04  0.49037E-05  0.47237E+03  0.49998E+01  0.64611E-06    176  0.00000E+00      0.000
      80.0002 -0.10000E-01  0.00000E+00 -0.10989E-01  0.00000E+00 -0.11831E-02 -0.49998E+01  0.00000E+00 -0.49998E+01  0.00000E+00 -0.74520E-01 -0.10283E+04  0.00000E+00 -0.12955E+04  0.98896E-03  0.50323E-05  0.47237E+03  0.49998E+01  0.64611E-06    177  0.00000E+00      0.000
      80.0004 -0.10000E-01  0.00000E+00 -0.93969E-02  0.00000E+00 -0.11831E-02 -0.49998E+01  0.00000E+00 -0.49998E+01  0.00000E+00 -0.74520E-01 -0.10284E+04  0.00000E+00 -0.12955E+04  0.60305E-03  0.51342E-05  0.47237E+03  0.49998E+01  0.64611E-06    178  0.00000E+00      0.000
      80.0006 -0.10000E-01  0.00000E+00 -0.95349E-02  0.00000E+00 -0.11830E-02 -0.49998E+01  0.00000E+00 -0.49998E+01  0.00000E+00 -0.74520E-01 -0.10284E+04  0.00000E+00 -0.12955E+04  0.46511E-03  0.52364E-05  0.47237E+03  0.49998E+01  0.64611E-06    179  0.00000E+00      0.000
      80.0009 -0.10000E-01  0.00000E+00 -0.10369E-01  0.00000E+00 -0.11831E-02 -0.49998E+01  0.00000E+00 -0.49998E+01  0.00000E+00 -0.74521E-01 -0.10284E+04  0.00000E+00 -0.12955E+04  0.36927E-03  0.53418E-05  0.47237E+03  0.49998E+01  0.64611E-06    180  0.00000E+00      0.000
      80.0013 -0.10000E-01  0.00000E+00 -0.97284E-02  0.00000E+00 -0.11831E-02 -0.49998E+01  0.00000E+00 -0.49998E+01  0.00000E+00 -0.74521E-01 -0.10284E+04  0.00000E+00 -0.12955E+04  0.27162E-03  0.54427E-05  0.47237E+03  0.49998E+01  0.64611E-06    181  0.00000E+00      0.000
      80.0018 -0.10000E-01  0.00000E+00 -0.10285E-01  0.00000E+00 -0.11830E-02 -0.49998E+01  0.00000E+00 -0.49998E+01  0.00000E+00 -0.74522E-01 -0.10284E+04  0.00000E+00 -0.12955E+04  0.28497E-03  0.55802E-05  0.47237E+03  0.49998E+01  0.64611E-06    182  0.00000E+00      0.000
      80.0024 -0.10000E-01  0.00000E+00 -0.98115E-02  0.00000E+00 -0.11831E-02 -0.49998E+01  0.00000E+00 -0.49998E+01  0.00000E+00 -0.74523E-01 -0.10284E+04  0.00000E+00 -0.12955E+04  0.18851E-03  0.56985E-05  0.47237E+03  0.49998E+01  0.64611E-06    183  0.00000E+00      0.000
      80.0032 -0.10000E-01  0.00000E+00 -0.99594E-02  0.00000E+00 -0.10004E-02 -0.49998E+01  0.00000E+00 -0.49998E+01  0.00000E+00 -0.74523E-01 -0.10283E+04  0.00000E+00 -0.12955E+04  0.40576E-04  0.57316E-05  0.47237E+03  0.49998E+01  0.64611E-06    184  0.00000E+00      0.000
      80.0043 -0.10000E-01  0.00000E+00 -0.10018E-01  0.00000E+00 -0.10425E-02 -0.49998E+01  0.00000E+00 -0.49998E+01  0.00000E+00 -0.74524E-01 -0.10283E+04  0.00000E+00 -0.12955E+04  0.18005E-04  0.57507E-05  0.47237E+03  0.49998E+01  0.64611E-06    185  0.00000E+00      0.000
      80.0056 -0.10000E-01  0.00000E+00 -0.99562E-02  0.00000E+00 -0.10750E-02 -0.49998E+01  0.00000E+00 -0.49998E+01  0.00000E+00 -0.74526E-01 -0.10283E+04  0.00000E+00 -0.12955E+04  0.43832E-04  0.58111E-05  0.47237E+03  0.49998E+01  0.64611E-06    186  0.00000E+00      0.000
      80.0074 -0.10000E-01  0.00000E+00 -0.99435E-02  0.00000E+00 -0.10999E-02 -0.49999E+01  0.00000E+00 -0.49999E+01  0.00000E+00 -0.74528E-01 -0.10283E+04  0.00000E+00 -0.12955E+04  0.56470E-04  0.59123E-05  0.47237E+03  0.49999E+01  0.64611E-06    187  0.00000E+00      0.000
      80.0098 -0.10000E-01  0.00000E+00 -0.10013E-01  0.00000E+00 -0.11191E-02 -0.49999E+01  0.00000E+00 -0.49999E+01  0.00000E+00 -0.74531E-01 -0.10282E+04  0.00000E+00 -0.12955E+04  0.12549E-04  0.59416E-05  0.47237E+03  0.49999E+01  0.64611E-06    188  0.00000E+00      0.000
      80.0128 -0.10000E-01  0.00000E+00 -0.10039E-01  0.00000E+00 -0.10847E-02 -0.49999E+01  0.00000E+00 -0.49999E+01  0.00000E+00 -0.74534E-01 -0.10282E+04  0.00000E+00 -0.12955E+04  0.38948E-04  0.60595E-05  0.47237E+03  0.49999E+01  0.64611E-06    189  0.00000E+00      0.000
      80.0167 -0.10000E-01  0.00000E+00 -0.99719E-02  0.00000E+00 -0.10695E-02 -0.50000E+01  0.00000E+00 -0.50000E+01  0.00000E+00 -0.74538E-01 -0.10281E+04  0.00000E+00 -0.12955E+04  0.28124E-04  0.61703E-05  0.47237E+03  0.50000E+01  0.64611E-06    190  0.00000E+00      0.000
      80.0218 -0.10000E-01  0.00000E+00 -0.99773E-02  0.00000E+00 -0.10958E-02 -0.50000E+01  0.00000E+00 -0.50000E+01  0.00000E+00 -0.74544E-01 -0.10281E+04  0.00000E+00 -0.12955E+04  0.22699E-04  0.62865E-05  0.47237E+03  0.50000E+01  0.64611E-06    191  0.00000E+00      0.000
      80.0285 -0.10000E-01  0.00000E+00 -0.99919E-02  0.00000E+00 -0.10935E-02 -0.50001E+01  0.00000E+00 -0.50001E+01  0.00000E+00 -0.74551E-01 -0.10280E+04  0.00000E+00 -0.12955E+04  0.00000E+00  0.62865E-05  0.47237E+03  0.50001E+01  0.64611E-06    192  0.00000E+00      0.000
      80.0372 -0.10000E-01  0.00000E+00 -0.10011E-01  0.00000E+00 -0.10797E-02 -0.50002E+01  0.00000E+00 -0.50002E+01  0.00000E+00 -0.74560E-01 -0.10278E+04  0.00000E+00 -0.12955E+04  0.10766E-04  0.63796E-05  0.47237E+03  0.50002E+01  0.64611E-06    193  0.00000E+00      0.000
      80.0484 -0.10000E-01  0.00000E+00 -0.99902E-02  0.00000E+00 -0.10902E-02 -0.50003E+01  0.00000E+00 -0.50003E+01  0.00000E+00 -0.74573E-01 -0.10277E+04  0.00000E+00 -0.12955E+04  0.00000E+00  0.63796E-05  0.47237E+03  0.50003E+01  0.64611E-06    194  0.00000E+00      0.000
      80.0630 -0.10000E-01  0.00000E+00 -0.99932E-02  0.00000E+00 -0.10811E-02 -0.50004E+01  0.00000E+00 -0.50004E+01  0.00000E+00 -0.74588E-01 -0.10275E+04  0.00000E+00 -0.12955E+04  0.00000E+00  0.63796E-05  0.47237E+03  0.50004E+01  0.64611E-06    195  0.00000E+00      0.000
      80.0820 -0.10000E-01  0.00000E+00 -0.99932E-02  0.00000E+00 -0.10889E-02 -0.50006E+01  0.00000E+00 -0.50006E+01  0.00000E+00 -0.74609E-01 -0.10272E+04  0.00000E+00 -0.12955E+04  0.00000E+00  0.63796E-05  0.47237E+03  0.50006E+01  0.64611E-06    196  0.00000E+00      0.000
      80.1067 -0.10000E-01  0.00000E+00 -0.99951E-02  0.00000E+00 -0.10865E-02 -0.50009E+01  0.00000E+00 -0.50009E+01  0.00000E+00 -0.74636E-01 -0.10269E+04  0.00000E+00 -0.12955E+04  0.00000E+00  0.63796E-05  0.47237E+03  0.50009E+01  0.64611E-06    197  0.00000E+00      0.000
      80.1388 -0.10000E-01  0.00000E+00 -0.10000E-01  0.00000E+00 -0.10856E-02 -0.50012E+01  0.00000E+00 -0.50012E+01  0.00000E+00 -0.74671E-01 -0.10264E+04  0.00000E+00 -0.12955E+04  0.00000E+00  0.63796E-05  0.47237E+03  0.50012E+01  0.64611E-06    198  0.00000E+00      0.000
      80.1806 -0.10000E-01  0.00000E+00 -0.10002E-01  0.00000E+00 -0.10866E-02 -0.50016E+01  0.00000E+00 -0.50016E+01  0.00000E+00 -0.74716E-01 -0.10258E+04  0.00000E+00 -0.12955E+04  0.00000E+00  0.63796E-05  0.47237E+03  0.50016E+01  0.64611E-06    199  0.00000E+00      0.000
      80.2349 -0.10000E-01  0.00000E+00 -0.99986E-02  0.00000E+00 -0.10869E-02 -0.50021E+01  0.00000E+00 -0.50021E+01  0.00000E+00 -0.74775E-01 -0.10251E+04  0.00000E+00 -0.12954E+04  0.00000E+00  0.63796E-05  0.47237E+03  0.50021E+01  0.64611E-06    200  0.00000E+00      0.000
      80.3054 -0.10000E-01  0.00000E+00 -0.99989E-02  0.00000E+00 -0.10879E-02 -0.50028E+01  0.00000E+00 -0.50028E+01  0.00000E+00 -0.74852E-01 -0.10242E+04  0.00000E+00 -0.12954E+04  0.00000E+00  0.63796E-05  0.47237E+03  0.50028E+01  0.64611E-06    201  0.00000E+00      0.000
      80.3972 -0.10000E-01  0.00000E+00 -0.10000E-01  0.00000E+00 -0.10872E-02 -0.50038E+01  0.00000E+00 -0.50038E+01  0.00000E+00 -0.74952E-01 -0.10230E+04  0.00000E+00 -0.12954E+04  0.00000E+00  0.63796E-05  0.47238E+03  0.50038E+01  0.64611E-06    202  0.00000E+00      0.000
      80.5164 -0.10000E-01  0.00000E+00 -0.99992E-02  0.00000E+00 -0.10868E-02 -0.50050E+01  0.00000E+00 -0.50050E+01  0.00000E+00 -0.75081E-01 -0.10216E+04  0.00000E+00 -0.12953E+04  0.00000E+00  0.63796E-05  0.47238E+03  0.50050E+01  0.64611E-06    203  0.00000E+00      0.000
      80.6715 -0.10000E-01  0.00000E+00 -0.99993E-02  0.00000E+00 -0.10868E-02 -0.50065E+01  0.00000E+00 -0.50065E+01  0.00000E+00 -0.75250E-01 -0.10198E+04  0.00000E+00 -0.12953E+04  0.00000E+00  0.63796E-05  0.47238E+03  0.50065E+01  0.64611E-06    204  0.00000E+00      0.000
      80.8730 -0.10000E-01  0.00000E+00 -0.99992E-02  0.00000E+00 -0.10876E-02 -0.50085E+01  0.00000E+00 -0.50085E+01  0.00000E+00 -0.75469E-01 -0.10176E+04  0.00000E+00 -0.12952E+04  0.00000E+00  0.63796E-05  0.47238E+03  0.50085E+01  0.64611E-06    205  0.00000E+00      0.000
      81.1350 -0.10000E-01  0.00000E+00 -0.10000E-01  0.00000E+00 -0.10873E-02 -0.50111E+01  0.00000E+00 -0.50111E+01  0.00000E+00 -0.75754E-01 -0.10151E+04  0.00000E+00 -0.12952E+04  0.00000E+00  0.63796E-05  0.47238E+03  0.50111E+01  0.64611E-06    206  0.00000E+00      0.000
      81.4756 -0.10000E-01  0.00000E+00 -0.10000E-01  0.00000E+00 -0.10874E-02 -0.50145E+01  0.00000E+00 -0.50145E+01  0.00000E+00 -0.76124E-01 -0.10122E+04  0.00000E+00 -0.12951E+04  0.00000E+00  0.63796E-05  0.47239E+03  0.50145E+01  0.64611E-06    207  0.00000E+00      0.000
      81.9184 -0.10000E-01  0.00000E+00 -0.10000E-01  0.00000E+00 -0.10878E-02 -0.50190E+01  0.00000E+00 -0.50190E+01  0.00000E+00 -0.76606E-01 -0.10089E+04  0.00000E+00 -0.12949E+04  0.00000E+00  0.63796E-05  0.47239E+03  0.50190E+01  0.64611E-06    208  0.00000E+00      0.000
      82.4940 -0.10000E-01  0.00000E+00 -0.99998E-02  0.00000E+00 -0.10880E-02 -0.50247E+01  0.00000E+00 -0.50247E+01  0.00000E+00 -0.77232E-01 -0.10054E+04  0.00000E+00 -0.12947E+04  0.00000E+00  0.63796E-05  0.47239E+03  0.50247E+01  0.64611E-06    209  0.00000E+00      0.000
      83.2446 -0.10000E-01  0.00000E+00 -0.10000E-01  0.00000E+00 -0.10883E-02 -0.50322E+01  0.00000E+00 -0.50322E+01  0.00000E+00 -0.78049E-01 -0.10019E+04  0.00000E+00 -0.12945E+04  0.00000E+00  0.63796E-05  0.47240E+03  0.50322E+01  0.64611E-06    210  0.00000E+00      0.000
      84.2096 -0.10000E-01  0.00000E+00 -0.10000E-01  0.00000E+00 -0.10889E-02 -0.50419E+01  0.00000E+00 -0.50419E+01  0.00000E+00 -0.79100E-01 -0.99866E+03  0.00000E+00 -0.12942E+04  0.00000E+00  0.63796E-05  0.47241E+03  0.50419E+01  0.64611E-06    211  0.00000E+00      0.000
      85.3677 -0.10000E-01  0.00000E+00 -0.10000E-01  0.00000E+00 -0.10895E-02 -0.50535E+01  0.00000E+00 -0.50535E+01  0.00000E+00 -0.80362E-01 -0.99600E+03  0.00000E+00 -0.12939E+04  0.00000E+00  0.63796E-05  0.47242E+03  0.50535E+01  0.64611E-06    212  0.00000E+00      0.000
      86.9118 -0.10000E-01  0.00000E+00 -0.10000E-01  0.00000E+00 -0.10902E-02 -0.50689E+01  0.00000E+00 -0.50689E+01  0.00000E+00 -0.82045E-01 -0.99397E+03  0.00000E+00 -0.12934E+04  0.00000E+00  0.63796E-05  0.47243E+03  0.50689E+01  0.64611E-06    213  0.00000E+00      0.000
      90.0000 -0.10000E-01  0.00000E+00 -0.10000E-01  0.00000E+00 -0.10917E-02 -0.50998E+01  0.00000E+00 -0.50998E+01  0.00000E+00 -0.85416E-01 -0.99311E+03  0.00000E+00 -0.12925E+04  0.00000E+00  0.63796E-05  0.47246E+03  0.50998E+01  0.64611E-06    214  0.00000E+00      0.000
      92.5000 -0.10000E-01  0.00000E+00 -0.10000E-01  0.00000E+00 -0.10929E-02 -0.51248E+01  0.00000E+00 -0.51248E+01  0.00000E+00 -0.88149E-01 -0.99338E+03  0.00000E+00 -0.12918E+04  0.00000E+00  0.63796E-05  0.47248E+03  0.51248E+01  0.64611E-06    215  0.00000E+00      0.000
      96.2500 -0.10000E-01  0.00000E+00 -0.10000E-01  0.00000E+00 -0.10946E-02 -0.51623E+01  0.00000E+00 -0.51623E+01  0.00000E+00 -0.92253E-01 -0.99535E+03  0.00000E+00 -0.12908E+04  0.00000E+00  0.63796E-05  0.47252E+03  0.51623E+01  0.64611E-06    216  0.00000E+00      0.000
     100.0000 -0.10000E-01  0.00000E+00 -0.10000E-01  0.00000E+00 -0.10963E-02 -0.51998E+01  0.00000E+00 -0.51998E+01  0.00000E+00 -0.96365E-01 -0.99778E+03  0.00000E+00 -0.12898E+04  0.00000E+00  0.63796E-05  0.47255E+03  0.51998E+01  0.64611E-06    217  0.00000E+00      0.000
     105.0000 -0.10000E-01  0.00000E+00 -0.10000E-01  0.00000E+00 -0.10986E-02 -0.52498E+01  0.00000E+00 -0.52498E+01  0.00000E+00 -0.10186E+00 -0.10014E+04  0.00000E+00 -0.12884E+04  0.00000E+00  0.63796E-05  0.47259E+03  0.52498E+01  0.64611E-06    218  0.00000E+00      0.000
     110.0000 -0.10000E-01  0.00000E+00 -0.10000E-01  0.00000E+00 -0.11008E-02 -0.52998E+01  0.00000E+00 -0.52998E+01  0.00000E+00 -0.10736E+00 -0.10049E+04  0.00000E+00 -0.12871E+04  0.00000E+00  0.63796E-05  0.47264E+03  0.52998E+01  0.64611E-06    219  0.00000E+00      0.000
     115.0000 -0.10000E-01  0.00000E+00 -0.10000E-01  0.00000E+00 -0.11029E-02 -0.53498E+01  0.00000E+00 -0.53498E+01  0.00000E+00 -0.11288E+00 -0.10082E+04  0.00000E+00 -0.12859E+04  0.00000E+00  0.63796E-05  0.47268E+03  0.53498E+01  0.64611E-06    220  0.00000E+00      0.000
     120.0000 -0.10000E-01  0.00000E+00 -0.10000E-01  0.00000E+00 -0.11050E-02 -0.53998E+01  0.00000E+00 -0.53998E+01  0.00000E+00 -0.11840E+00 -0.10113E+04  0.00000E+00 -0.12846E+04  0.00000E+00  0.63796E-05  0.47273E+03  0.53998E+01  0.64611E-06    221  0.00000E+00      0.000
     120.0001 -0.20000E-01  0.00000E+00 -0.19187E-01  0.00000E+00 -0.11833E-02 -0.53998E+01  0.00000E+00 -0.53998E+01  0.00000E+00 -0.11840E+00 -0.10113E+04  0.00000E+00 -0.12846E+04  0.81277E-03  0.64609E-05  0.47273E+03  0.53998E+01  0.64611E-06    222  0.00000E+00      0.000
     120.0002 -0.20000E-01  0.00000E+00 -0.19416E-01  0.00000E+00 -0.11833E-02 -0.53998E+01  0.00000E+00 -0.53998E+01  0.00000E+00 -0.11840E+00 -0.10113E+04  0.00000E+00 -0.12846E+04  0.58380E-03  0.65368E-05  0.47273E+03  0.53998E+01  0.64611E-06    223  0.00000E+00      0.000
     120.0004 -0.20000E-01  0.00000E+00 -0.20828E-01  0.00000E+00 -0.11833E-02 -0.53998E+01  0.00000E+00 -0.53998E+01  0.00000E+00 -0.11840E+00 -0.10113E+04  0.00000E+00 -0.12846E+04  0.82782E-03  0.66767E-05  0.47273E+03  0.53998E+01  0.64611E-06    224  0.00000E+00      0.000
     120.0006 -0.20000E-01  0.00000E+00 -0.19743E-01  0.00000E+00 -0.11833E-02 -0.53998E+01  0.00000E+00 -0.53998E+01  0.00000E+00 -0.11840E+00 -0.10113E+04  0.00000E+00 -0.12846E+04  0.25692E-03  0.67331E-05  0.47273E+03  0.53998E+01  0.64611E-06    225  0.00000E+00      0.000
     120.0009 -0.20000E-01  0.00000E+00 -0.19640E-01  0.00000E+00 -0.11833E-02 -0.53998E+01  0.00000E+00 -0.53998E+01  0.00000E+00 -0.11840E+00 -0.10113E+04  0.00000E+00 -0.12846E+04  0.36047E-03  0.68361E-05  0.47273E+03  0.53998E+01  0.64611E-06    226  0.00000E+00      0.000
     120.0013 -0.20000E-01  0.00000E+00 -0.19881E-01  0.00000E+00 -0.11833E-02 -0.53998E+01  0.00000E+00 -0.53998E+01  0.00000E+00 -0.11840E+00 -0.10113E+04  0.00000E+00 -0.12846E+04  0.11875E-03  0.68802E-05  0.47273E+03  0.53998E+01  0.64611E-06    227  0.00000E+00      0.000
     120.0018 -0.20000E-01  0.00000E+00 -0.20129E-01  0.00000E+00 -0.11833E-02 -0.53998E+01  0.00000E+00 -0.53998E+01  0.00000E+00 -0.11840E+00 -0.10113E+04  0.00000E+00 -0.12846E+04  0.12941E-03  0.69426E-05  0.47273E+03  0.53998E+01  0.64611E-06    228  0.00000E+00      0.000
     120.0024 -0.20000E-01  0.00000E+00 -0.20226E-01  0.00000E+00 -0.11833E-02 -0.53998E+01  0.00000E+00 -0.53998E+01  0.00000E+00 -0.11840E+00 -0.10112E+04  0.00000E+00 -0.12846E+04  0.22610E-03  0.70845E-05  0.47273E+03  0.53998E+01  0.64611E-06    229  0.00000E+00      0.000
     120.0032 -0.20000E-01  0.00000E+00 -0.20119E-01  0.00000E+00 -0.11833E-02 -0.53999E+01  0.00000E+00 -0.53999E+01  0.00000E+00 -0.11841E+00 -0.10112E+04  0.00000E+00 -0.12846E+04  0.11864E-03  0.71813E-05  0.47273E+03  0.53999E+01  0.64611E-06    230  0.00000E+00      0.000
     120.0043 -0.20000E-01  0.00000E+00 -0.20093E-01  0.00000E+00 -0.10427E-02 -0.53999E+01  0.00000E+00 -0.53999E+01  0.00000E+00 -0.11841E+00 -0.10112E+04  0.00000E+00 -0.12846E+04  0.93335E-04  0.72802E-05  0.47273E+03  0.53999E+01  0.64611E-06    231  0.00000E+00      0.000
     120.0056 -0.20000E-01  0.00000E+00 -0.19989E-01  0.00000E+00 -0.10751E-02 -0.53999E+01  0.00000E+00 -0.53999E+01  0.00000E+00 -0.11841E+00 -0.10112E+04  0.00000E+00 -0.12846E+04  0.11131E-04  0.72956E-05  0.47273E+03  0.53999E+01  0.64611E-06    232  0.00000E+00      0.000
     120.0074 -0.20000E-01  0.00000E+00 -0.20077E-01  0.00000E+00 -0.11001E-02 -0.53999E+01  0.00000E+00 -0.53999E+01  0.00000E+00 -0.11841E+00 -0.10111E+04  0.00000E+00 -0.12846E+04  0.76704E-04  0.74331E-05  0.47273E+03  0.53999E+01  0.64611E-06    233  0.00000E+00      0.000
     120.0098 -0.20000E-01  0.00000E+00 -0.19993E-01  0.00000E+00 -0.11192E-02 -0.54000E+01  0.00000E+00 -0.54000E+01  0.00000E+00 -0.11841E+00 -0.10111E+04  0.00000E+00 -0.12846E+04  0.00000E+00  0.74331E-05  0.47273E+03  0.54000E+01  0.64611E-06    234  0.00000E+00      0.000
     120.0128 -0.20000E-01  0.00000E+00 -0.20021E-01  0.00000E+00 -0.10848E-02 -0.54000E+01  0.00000E+00 -0.54000E+01  0.00000E+00 -0.11842E+00 -0.10110E+04  0.00000E+00 -0.12846E+04  0.20782E-04  0.74960E-05  0.47273E+03  0.54000E+01  0.64611E-06    235  0.00000E+00      0.000
     120.0167 -0.20000E-01  0.00000E+00 -0.19978E-01  0.00000E+00 -0.11075E-02 -0.54001E+01  0.00000E+00 -0.54001E+01  0.00000E+00 -0.11842E+00 -0.10109E+04  0.00000E+00 -0.12846E+04  0.21938E-04  0.75824E-05  0.47273E+03  0.54001E+01  0.64611E-06    236  0.00000E+00      0.000
     120.0218 -0.20000E-01  0.00000E+00 -0.20026E-01  0.00000E+00 -0.10959E-02 -0.54002E+01  0.00000E+00 -0.54002E+01  0.00000E+00 -0.11843E+00 -0.10108E+04  0.00000E+00 -0.12846E+04  0.26135E-04  0.77161E-05  0.47273E+03  0.54002E+01  0.64611E-06    237  0.00000E+00      0.000
     120.0285 -0.20000E-01  0.00000E+00 -0.19994E-01  0.00000E+00 -0.10937E-02 -0.54004E+01  0.00000E+00 -0.54004E+01  0.00000E+00 -0.11843E+00 -0.10106E+04  0.00000E+00 -0.12846E+04  0.00000E+00  0.77161E-05  0.47273E+03  0.54004E+01  0.64611E-06    238  0.00000E+00      0.000
     120.0372 -0.20000E-01  0.00000E+00 -0.19989E-01  0.00000E+00 -0.11143E-02 -0.54005E+01  0.00000E+00 -0.54005E+01  0.00000E+00 -0.11844E+00 -0.10104E+04  0.00000E+00 -0.12846E+04  0.11291E-04  0.78138E-05  0.47273E+03  0.54005E+01  0.64611E-06    239  0.00000E+00      0.000
     120.0484 -0.20000E-01  0.00000E+00 -0.19991E-01  0.00000E+00 -0.11037E-02 -0.54008E+01  0.00000E+00 -0.54008E+01  0.00000E+00 -0.11846E+00 -0.10101E+04  0.00000E+00 -0.12846E+04  0.00000E+00  0.78138E-05  0.47273E+03  0.54008E+01  0.64611E-06    240  0.00000E+00      0.000
     120.0630 -0.20000E-01  0.00000E+00 -0.19990E-01  0.00000E+00 -0.11017E-02 -0.54011E+01  0.00000E+00 -0.54010E+01  0.00000E+00 -0.11847E+00 -0.10098E+04  0.00000E+00 -0.12846E+04  0.10457E-04  0.79667E-05  0.47273E+03  0.54010E+01  0.64611E-06    241  0.00000E+00      0.000
     120.0820 -0.20000E-01  0.00000E+00 -0.20006E-01  0.00000E+00 -0.11048E-02 -0.54014E+01  0.00000E+00 -0.54014E+01  0.00000E+00 -0.11849E+00 -0.10093E+04  0.00000E+00 -0.12846E+04  0.00000E+00  0.79667E-05  0.47273E+03  0.54014E+01  0.64611E-06    242  0.00000E+00      0.000
     120.1067 -0.20000E-01  0.00000E+00 -0.20000E-01  0.00000E+00 -0.11048E-02 -0.54019E+01  0.00000E+00 -0.54019E+01  0.00000E+00 -0.11852E+00 -0.10087E+04  0.00000E+00 -0.12846E+04  0.00000E+00  0.79667E-05  0.47273E+03  0.54019E+01  0.64611E-06    243  0.00000E+00      0.000
     120.1388 -0.20000E-01  0.00000E+00 -0.19998E-01  0.00000E+00 -0.11043E-02 -0.54026E+01  0.00000E+00 -0.54026E+01  0.00000E+00 -0.11856E+00 -0.10080E+04  0.00000E+00 -0.12846E+04  0.00000E+00  0.79667E-05  0.47273E+03  0.54026E+01  0.64611E-06    244  0.00000E+00      0.000
     120.1806 -0.20000E-01  0.00000E+00 -0.20001E-01  0.00000E+00 -0.11047E-02 -0.54034E+01  0.00000E+00 -0.54034E+01  0.00000E+00 -0.11860E+00 -0.10070E+04  0.00000E+00 -0.12846E+04  0.00000E+00  0.79667E-05  0.47273E+03  0.54034E+01  0.64611E-06    245  0.00000E+00      0.000
     120.2349 -0.20000E-01  0.00000E+00 -0.20001E-01  0.00000E+00 -0.11036E-02 -0.54045E+01  0.00000E+00 -0.54045E+01  0.00000E+00 -0.11866E+00 -0.10058E+04  0.00000E+00 -0.12846E+04  0.00000E+00  0.79667E-05  0.47273E+03  0.54045E+01  0.64611E-06    246  0.00000E+00      0.000
     120.3054 -0.20000E-01  0.00000E+00 -0.19999E-01  0.00000E+00 -0.11050E-02 -0.54059E+01  0.00000E+00 -0.54059E+01  0.00000E+00 -0.11874E+00 -0.10042E+04  0.00000E+00 -0.12845E+04  0.00000E+00  0.79667E-05  0.47273E+03  0.54059E+01  0.64611E-06    247  0.00000E+00      0.000
     120.3972 -0.20000E-01  0.00000E+00 -0.20000E-01  0.00000E+00 -0.11052E-02 -0.54077E+01  0.00000E+00 -0.54077E+01  0.00000E+00 -0.11884E+00 -0.10022E+04  0.00000E+00 -0.12845E+04  0.00000E+00  0.79667E-05  0.47274E+03  0.54077E+01  0.64611E-06    248  0.00000E+00      0.000
     120.5164 -0.20000E-01  0.00000E+00 -0.20000E-01  0.00000E+00 -0.11057E-02 -0.54101E+01  0.00000E+00 -0.54101E+01  0.00000E+00 -0.11897E+00 -0.99965E+03  0.00000E+00 -0.12845E+04  0.00000E+00  0.79667E-05  0.47274E+03  0.54101E+01  0.64611E-06    249  0.00000E+00      0.000
     120.6715 -0.20000E-01  0.00000E+00 -0.20000E-01  0.00000E+00 -0.11054E-02 -0.54132E+01  0.00000E+00 -0.54132E+01  0.00000E+00 -0.11914E+00 -0.99647E+03  0.00000E+00 -0.12844E+04  0.00000E+00  0.79667E-05  0.47274E+03  0.54132E+01  0.64611E-06    250  0.00000E+00      0.000
     120.8730 -0.20000E-01  0.00000E+00 -0.19999E-01  0.00000E+00 -0.11057E-02 -0.54173E+01  0.00000E+00 -0.54172E+01  0.00000E+00 -0.11937E+00 -0.99255E+03  0.00000E+00 -0.12844E+04  0.00000E+00  0.79667E-05  0.47274E+03  0.54172E+01  0.64611E-06    251  0.00000E+00      0.000
     121.1350 -0.20000E-01  0.00000E+00 -0.20000E-01  0.00000E+00 -0.11054E-02 -0.54225E+01  0.00000E+00 -0.54225E+01  0.00000E+00 -0.11966E+00 -0.98776E+03  0.00000E+00 -0.12843E+04  0.00000E+00  0.79667E-05  0.47275E+03  0.54225E+01  0.64611E-06    252  0.00000E+00      0.000
     121.4756 -0.20000E-01  0.00000E+00 -0.20000E-01  0.00000E+00 -0.11059E-02 -0.54293E+01  0.00000E+00 -0.54293E+01  0.00000E+00 -0.12003E+00 -0.98201E+03  0.00000E+00 -0.12842E+04  0.00000E+00  0.79667E-05  0.47276E+03  0.54293E+01  0.64611E-06    253  0.00000E+00      0.000
     121.9184 -0.20000E-01  0.00000E+00 -0.20000E-01  0.00000E+00 -0.11060E-02 -0.54382E+01  0.00000E+00 -0.54382E+01  0.00000E+00 -0.12052E+00 -0.97522E+03  0.00000E+00 -0.12841E+04  0.00000E+00  0.79667E-05  0.47276E+03  0.54382E+01  0.64611E-06    254  0.00000E+00      0.000
     122.4940 -0.20000E-01  0.00000E+00 -0.20000E-01  0.00000E+00 -0.11060E-02 -0.54497E+01  0.00000E+00 -0.54497E+01  0.00000E+00 -0.12116E+00 -0.96739E+03  0.00000E+00 -0.12840E+04  0.00000E+00  0.79667E-05  0.47278E+03  0.54497E+01  0.64611E-06    255  0.00000E+00      0.000
     123.2446 -0.20000E-01  0.00000E+00 -0.20000E-01  0.00000E+00 -0.11065E-02 -0.54647E+01  0.00000E+00 -0.54647E+01  0.00000E+00 -0.12199E+00 -0.95853E+03  0.00000E+00 -0.12838E+04  0.00000E+00  0.79667E-05  0.47279E+03  0.54647E+01  0.64611E-06    256  0.00000E+00      0.000
     124.2096 -0.20000E-01  0.00000E+00 -0.20000E-01  0.00000E+00 -0.11068E-02 -0.54840E+01  0.00000E+00 -0.54840E+01  0.00000E+00 -0.12306E+00 -0.95006E+03  0.00000E+00 -0.12836E+04  0.00000E+00  0.79667E-05  0.47281E+03  0.54840E+01  0.64611E-06    257  0.00000E+00      0.000
     125.3677 -0.20000E-01  0.00000E+00 -0.20000E-01  0.00000E+00 -0.11073E-02 -0.55071E+01  0.00000E+00 -0.55071E+01  0.00000E+00 -0.12434E+00 -0.94185E+03  0.00000E+00 -0.12833E+04  0.00000E+00  0.79667E-05  0.47283E+03  0.55071E+01  0.64611E-06    258  0.00000E+00      0.000
     126.9118 -0.20000E-01  0.00000E+00 -0.20000E-01  0.00000E+00 -0.11079E-02 -0.55380E+01  0.00000E+00 -0.55380E+01  0.00000E+00 -0.12605E+00 -0.93270E+03  0.00000E+00 -0.12829E+04  0.00000E+00  0.79667E-05  0.47286E+03  0.55380E+01  0.64611E-06    259  0.00000E+00      0.000
     130.0000 -0.20000E-01  0.00000E+00 -0.20000E-01  0.00000E+00 -0.11091E-02 -0.55998E+01  0.00000E+00 -0.55998E+01  0.00000E+00 -0.12948E+00 -0.91843E+03  0.00000E+00 -0.12822E+04  0.00000E+00  0.79667E-05  0.47292E+03  0.55998E+01  0.64611E-06    260  0.00000E+00      0.000
     132.5000  0.00000E+00  0.00000E+00  0.57742E-07  0.00000E+00 -0.11101E-02 -0.55998E+01  0.00000E+00 -0.55998E+01  0.00000E+00 -0.13225E+00 -0.98198E+03  0.00000E+00 -0.12816E+04  0.00000E+00  0.79667E-05  0.47291E+03  0.55998E+01  0.79046E-06    261  0.00000E+00      0.000
     136.2500  0.00000E+00  0.00000E+00 -0.40513E-07  0.00000E+00 -0.11116E-02 -0.55998E+01  0.00000E+00 -0.55998E+01  0.00000E+00 -0.13642E+00 -0.10336E+04  0.00000E+00 -0.12807E+04  0.00000E+00  0.79667E-05  0.47291E+03  0.55998E+01  0.79046E-06    262  0.00000E+00      0.000
     140.0000  0.00000E+00  0.00000E+00 -0.25146E-07  0.00000E+00 -0.11131E-02 -0.55998E+01  0.00000E+00 -0.55998E+01  0.00000E+00 -0.14059E+00 -0.10786E+04  0.00000E+00 -0.12798E+04  0.00000E+00  0.79667E-05  0.47291E+03  0.55998E+01  0.79046E-06    263  0.00000E+00      0.000
     145.0000  0.00000E+00  0.00000E+00 -0.41910E-08  0.00000E+00 -0.11150E-02 -0.55998E+01  0.00000E+00 -0.55998E+01  0.00000E+00 -0.14617E+00 -0.11184E+04  0.00000E+00 -0.12787E+04  0.00000E+00  0.79667E-05  0.47290E+03  0.55998E+01  0.79046E-06    264  0.00000E+00      0.000
     150.0000  0.00000E+00  0.00000E+00  0.15134E-07  0.00000E+00 -0.11169E-02 -0.55998E+01  0.00000E+00 -0.55998E+01  0.00000E+00 -0.15175E+00 -0.11525E+04  0.00000E+00 -0.12776E+04  0.00000E+00  0.79667E-05  0.47289E+03  0.55998E+01  0.86613E-06    265  0.00000E+00      0.000
     150.0001 -0.10000E-01  0.00000E+00 -0.85458E-02  0.00000E+00 -0.11868E-02 -0.55998E+01  0.00000E+00 -0.55998E+01  0.00000E+00 -0.15175E+00 -0.11532E+04  0.00000E+00 -0.12776E+04  0.14542E-02  0.81121E-05  0.47289E+03  0.55998E+01  0.86613E-06    266  0.00000E+00      0.000
     150.0002 -0.10000E-01  0.00000E+00 -0.94706E-02  0.00000E+00 -0.11869E-02 -0.55998E+01  0.00000E+00 -0.55998E+01  0.00000E+00 -0.15175E+00 -0.11530E+04  0.00000E+00 -0.12776E+04  0.52944E-03  0.81809E-05  0.47289E+03  0.55998E+01  0.86613E-06    267  0.00000E+00      0.000
     150.0004 -0.10000E-01  0.00000E+00 -0.96411E-02  0.00000E+00 -0.11869E-02 -0.55998E+01  0.00000E+00 -0.55998E+01  0.00000E+00 -0.15175E+00 -0.11531E+04  0.00000E+00 -0.12776E+04  0.35894E-03  0.82416E-05  0.47289E+03  0.55998E+01  0.86613E-06    268  0.00000E+00      0.000
     150.0006 -0.10000E-01  0.00000E+00 -0.93727E-02  0.00000E+00 -0.11869E-02 -0.55998E+01  0.00000E+00 -0.55998E+01  0.00000E+00 -0.15175E+00 -0.11531E+04  0.00000E+00 -0.12776E+04  0.62727E-03  0.83794E-05  0.47289E+03  0.55998E+01  0.86613E-06    269  0.00000E+00      0.000
     150.0009 -0.10000E-01  0.00000E+00 -0.98935E-02  0.00000E+00 -0.11868E-02 -0.55998E+01  0.00000E+00 -0.55998E+01  0.00000E+00 -0.15175E+00 -0.11531E+04  0.00000E+00 -0.12776E+04  0.10654E-03  0.84098E-05  0.47289E+03  0.55998E+01  0.86613E-06    270  0.00000E+00      0.000
     150.0013 -0.10000E-01  0.00000E+00 -0.98145E-02  0.00000E+00 -0.11869E-02 -0.55998E+01  0.00000E+00 -0.55998E+01  0.00000E+00 -0.15175E+00 -0.11531E+04  0.00000E+00 -0.12776E+04  0.18545E-03  0.84787E-05  0.47289E+03  0.55998E+01  0.86613E-06    271  0.00000E+00      0.000
     150.0018 -0.10000E-01  0.00000E+00 -0.10000E-01  0.00000E+00 -0.11868E-02 -0.55998E+01  0.00000E+00 -0.55998E+01  0.00000E+00 -0.15176E+00 -0.11531E+04  0.00000E+00 -0.12776E+04  0.00000E+00  0.84787E-05  0.47289E+03  0.55998E+01  0.86613E-06    272  0.00000E+00      0.000
     150.0024 -0.10000E-01  0.00000E+00 -0.10192E-01  0.00000E+00 -0.11869E-02 -0.55998E+01  0.00000E+00 -0.55998E+01  0.00000E+00 -0.15176E+00 -0.11531E+04  0.00000E+00 -0.12776E+04  0.19165E-03  0.85990E-05  0.47289E+03  0.55998E+01  0.86613E-06    273  0.00000E+00      0.000
     150.0032 -0.10000E-01  0.00000E+00 -0.99008E-02  0.00000E+00 -0.11868E-02 -0.55998E+01  0.00000E+00 -0.55998E+01  0.00000E+00 -0.15176E+00 -0.11530E+04  0.00000E+00 -0.12776E+04  0.99195E-04  0.86799E-05  0.47289E+03  0.55998E+01  0.86613E-06    274  0.00000E+00      0.000
     150.0043 -0.10000E-01  0.00000E+00 -0.99028E-02  0.00000E+00 -0.10463E-02 -0.55998E+01  0.00000E+00 -0.55998E+01  0.00000E+00 -0.15176E+00 -0.11530E+04  0.00000E+00 -0.12776E+04  0.97241E-04  0.87830E-05  0.47289E+03  0.55998E+01  0.86613E-06    275  0.00000E+00      0.000
     150.0056 -0.10000E-01  0.00000E+00 -0.99484E-02  0.00000E+00 -0.10788E-02 -0.55999E+01  0.00000E+00 -0.55998E+01  0.00000E+00 -0.15176E+00 -0.11530E+04  0.00000E+00 -0.12776E+04  0.51571E-04  0.88541E-05  0.47289E+03  0.55998E+01  0.86613E-06    276  0.00000E+00      0.000
     150.0074 -0.10000E-01  0.00000E+00 -0.99185E-02  0.00000E+00 -0.11037E-02 -0.55999E+01  0.00000E+00 -0.55999E+01  0.00000E+00 -0.15176E+00 -0.11530E+04  0.00000E+00 -0.12776E+04  0.81545E-04  0.90002E-05  0.47289E+03  0.55999E+01  0.86613E-06    277  0.00000E+00      0.000
     150.0098 -0.10000E-01  0.00000E+00 -0.10025E-01  0.00000E+00 -0.11229E-02 -0.55999E+01  0.00000E+00 -0.55999E+01  0.00000E+00 -0.15176E+00 -0.11529E+04  0.00000E+00 -0.12776E+04  0.24924E-04  0.90583E-05  0.47289E+03  0.55999E+01  0.86613E-06    278  0.00000E+00      0.000
     150.0128 -0.10000E-01  0.00000E+00 -0.99911E-02  0.00000E+00 -0.11377E-02 -0.55999E+01  0.00000E+00 -0.55999E+01  0.00000E+00 -0.15177E+00 -0.11529E+04  0.00000E+00 -0.12776E+04  0.00000E+00  0.90583E-05  0.47290E+03  0.55999E+01  0.86613E-06    279  0.00000E+00      0.000
     150.0167 -0.10000E-01  0.00000E+00 -0.10036E-01  0.00000E+00 -0.11112E-02 -0.56000E+01  0.00000E+00 -0.56000E+01  0.00000E+00 -0.15177E+00 -0.11528E+04  0.00000E+00 -0.12776E+04  0.36119E-04  0.92005E-05  0.47290E+03  0.56000E+01  0.86613E-06    280  0.00000E+00      0.000
     150.0218 -0.10000E-01  0.00000E+00 -0.10022E-01  0.00000E+00 -0.11286E-02 -0.56000E+01  0.00000E+00 -0.56000E+01  0.00000E+00 -0.15178E+00 -0.11527E+04  0.00000E+00 -0.12776E+04  0.22146E-04  0.93139E-05  0.47290E+03  0.56000E+01  0.86613E-06    281  0.00000E+00      0.000
     150.0285 -0.10000E-01  0.00000E+00 -0.99849E-02  0.00000E+00 -0.11197E-02 -0.56001E+01  0.00000E+00 -0.56001E+01  0.00000E+00 -0.15179E+00 -0.11526E+04  0.00000E+00 -0.12776E+04  0.15113E-04  0.94144E-05  0.47290E+03  0.56001E+01  0.86613E-06    282  0.00000E+00      0.000
     150.0372 -0.10000E-01  0.00000E+00 -0.99937E-02  0.00000E+00 -0.11179E-02 -0.56002E+01  0.00000E+00 -0.56002E+01  0.00000E+00 -0.15179E+00 -0.11524E+04  0.00000E+00 -0.12776E+04  0.00000E+00  0.94144E-05  0.47290E+03  0.56002E+01  0.86613E-06    283  0.00000E+00      0.000
     150.0484 -0.10000E-01  0.00000E+00 -0.99899E-02  0.00000E+00 -0.11206E-02 -0.56003E+01  0.00000E+00 -0.56003E+01  0.00000E+00 -0.15181E+00 -0.11522E+04  0.00000E+00 -0.12776E+04  0.10063E-04  0.95276E-05  0.47290E+03  0.56003E+01  0.86613E-06    284  0.00000E+00      0.000
     150.0630 -0.10000E-01  0.00000E+00 -0.99999E-02  0.00000E+00 -0.11155E-02 -0.56004E+01  0.00000E+00 -0.56004E+01  0.00000E+00 -0.15182E+00 -0.11520E+04  0.00000E+00 -0.12776E+04  0.00000E+00  0.95276E-05  0.47290E+03  0.56004E+01  0.86613E-06    285  0.00000E+00      0.000
     150.0820 -0.10000E-01  0.00000E+00 -0.99961E-02  0.00000E+00 -0.11163E-02 -0.56006E+01  0.00000E+00 -0.56006E+01  0.00000E+00 -0.15185E+00 -0.11516E+04  0.00000E+00 -0.12776E+04  0.00000E+00  0.95276E-05  0.47290E+03  0.56006E+01  0.86613E-06    286  0.00000E+00      0.000
     150.1067 -0.10000E-01  0.00000E+00 -0.10005E-01  0.00000E+00 -0.11145E-02 -0.56009E+01  0.00000E+00 -0.56009E+01  0.00000E+00 -0.15187E+00 -0.11512E+04  0.00000E+00 -0.12776E+04  0.00000E+00  0.95276E-05  0.47290E+03  0.56009E+01  0.86613E-06    287  0.00000E+00      0.000
     150.1388 -0.10000E-01  0.00000E+00 -0.99992E-02  0.00000E+00 -0.11172E-02 -0.56012E+01  0.00000E+00 -0.56012E+01  0.00000E+00 -0.15191E+00 -0.11506E+04  0.00000E+00 -0.12776E+04  0.00000E+00  0.95276E-05  0.47290E+03  0.56012E+01  0.86613E-06    288  0.00000E+00      0.000
     150.1806 -0.10000E-01  0.00000E+00 -0.10003E-01  0.00000E+00 -0.11155E-02 -0.56016E+01  0.00000E+00 -0.56016E+01  0.00000E+00 -0.15196E+00 -0.11498E+04  0.00000E+00 -0.12775E+04  0.00000E+00  0.95276E-05  0.47290E+03  0.56016E+01  0.86613E-06    289  0.00000E+00      0.000
     150.2349 -0.10000E-01  0.00000E+00 -0.10002E-01  0.00000E+00 -0.11155E-02 -0.56021E+01  0.00000E+00 -0.56021E+01  0.00000E+00 -0.15202E+00 -0.11489E+04  0.00000E+00 -0.12775E+04  0.00000E+00  0.95276E-05  0.47290E+03  0.56021E+01  0.86613E-06    290  0.00000E+00      0.000
     150.3054 -0.10000E-01  0.00000E+00 -0.10000E-01  0.00000E+00 -0.11171E-02 -0.56028E+01  0.00000E+00 -0.56028E+01  0.00000E+00 -0.15209E+00 -0.11477E+04  0.00000E+00 -0.12775E+04  0.00000E+00  0.95276E-05  0.47290E+03  0.56028E+01  0.86613E-06    291  0.00000E+00      0.000
     150.3972 -0.10000E-01  0.00000E+00 -0.99992E-02  0.00000E+00 -0.11171E-02 -0.56038E+01  0.00000E+00 -0.56038E+01  0.00000E+00 -0.15220E+00 -0.11461E+04  0.00000E+00 -0.12775E+04  0.00000E+00  0.95276E-05  0.47290E+03  0.56038E+01  0.86613E-06    292  0.00000E+00      0.000
     150.5164 -0.10000E-01  0.00000E+00 -0.10001E-01  0.00000E+00 -0.11169E-02 -0.56050E+01  0.00000E+00 -0.56050E+01  0.00000E+00 -0.15233E+00 -0.11442E+04  0.00000E+00 -0.12775E+04  0.00000E+00  0.95276E-05  0.47290E+03  0.56050E+01  0.86613E-06    293  0.00000E+00      0.000
     150.6715 -0.10000E-01  0.00000E+00 -0.99994E-02  0.00000E+00 -0.11168E-02 -0.56065E+01  0.00000E+00 -0.56065E+01  0.00000E+00 -0.15250E+00 -0.11418E+04  0.00000E+00 -0.12774E+04  0.00000E+00  0.95276E-05  0.47290E+03  0.56065E+01  0.86613E-06    294  0.00000E+00      0.000
     150.8730 -0.10000E-01  0.00000E+00 -0.10000E-01  0.00000E+00 -0.11174E-02 -0.56085E+01  0.00000E+00 -0.56085E+01  0.00000E+00 -0.15273E+00 -0.11388E+04  0.00000E+00 -0.12774E+04  0.00000E+00  0.95276E-05  0.47290E+03  0.56085E+01  0.86613E-06    295  0.00000E+00      0.000
     151.1350 -0.10000E-01  0.00000E+00 -0.99997E-02  0.00000E+00 -0.11171E-02 -0.56111E+01  0.00000E+00 -0.56111E+01  0.00000E+00 -0.15302E+00 -0.11351E+04  0.00000E+00 -0.12773E+04  0.00000E+00  0.95276E-05  0.47290E+03  0.56111E+01  0.86613E-06    296  0.00000E+00      0.000
     151.4756 -0.10000E-01  0.00000E+00 -0.10000E-01  0.00000E+00 -0.11175E-02 -0.56146E+01  0.00000E+00 -0.56145E+01  0.00000E+00 -0.15340E+00 -0.11306E+04  0.00000E+00 -0.12773E+04  0.00000E+00  0.95276E-05  0.47291E+03  0.56145E+01  0.86613E-06    297  0.00000E+00      0.000
     151.9184 -0.10000E-01  0.00000E+00 -0.10000E-01  0.00000E+00 -0.11175E-02 -0.56190E+01  0.00000E+00 -0.56190E+01  0.00000E+00 -0.15390E+00 -0.11254E+04  0.00000E+00 -0.12772E+04  0.00000E+00  0.95276E-05  0.47291E+03  0.56190E+01  0.86613E-06    298  0.00000E+00      0.000
     152.4940 -0.10000E-01  0.00000E+00 -0.10000E-01  0.00000E+00 -0.11179E-02 -0.56247E+01  0.00000E+00 -0.56247E+01  0.00000E+00 -0.15454E+00 -0.11194E+04  0.00000E+00 -0.12770E+04  0.00000E+00  0.95276E-05  0.47292E+03  0.56247E+01  0.86613E-06    299  0.00000E+00      0.000
     153.2446 -0.10000E-01  0.00000E+00 -0.10000E-01  0.00000E+00 -0.11181E-02 -0.56322E+01  0.00000E+00 -0.56322E+01  0.00000E+00 -0.15538E+00 -0.11128E+04  0.00000E+00 -0.12769E+04  0.00000E+00  0.95276E-05  0.47292E+03  0.56322E+01  0.86613E-06    300  0.00000E+00      0.000
     154.2096 -0.10000E-01  0.00000E+00 -0.10000E-01  0.00000E+00 -0.11185E-02 -0.56419E+01  0.00000E+00 -0.56419E+01  0.00000E+00 -0.15646E+00 -0.11057E+04  0.00000E+00 -0.12767E+04  0.00000E+00  0.95276E-05  0.47293E+03  0.56419E+01  0.86613E-06    301  0.00000E+00      0.000
     155.3677 -0.10000E-01  0.00000E+00 -0.99999E-02  0.00000E+00 -0.11188E-02 -0.56535E+01  0.00000E+00 -0.56535E+01  0.00000E+00 -0.15775E+00 -0.10988E+04  0.00000E+00 -0.12764E+04  0.00000E+00  0.95276E-05  0.47294E+03  0.56535E+01  0.86613E-06    302  0.00000E+00      0.000
     156.9118 -0.10000E-01  0.00000E+00 -0.99999E-02  0.00000E+00 -0.11195E-02 -0.56689E+01  0.00000E+00 -0.56689E+01  0.00000E+00 -0.15948E+00 -0.10919E+04  0.00000E+00 -0.12761E+04  0.00000E+00  0.95276E-05  0.47296E+03  0.56689E+01  0.86613E-06    303  0.00000E+00      0.000
     160.0000 -0.10000E-01  0.00000E+00 -0.99999E-02  0.00000E+00 -0.11206E-02 -0.56998E+01  0.00000E+00 -0.56998E+01  0.00000E+00 -0.16294E+00 -0.10828E+04  0.00000E+00 -0.12754E+04  0.00000E+00  0.95276E-05  0.47298E+03  0.56998E+01  0.86613E-06    304  0.00000E+00      0.000
     162.5000  0.00000E+00  0.00000E+00 -0.33528E-07  0.00000E+00 -0.11215E-02 -0.56998E+01  0.00000E+00 -0.56998E+01  0.00000E+00 -0.16575E+00 -0.11233E+04  0.00000E+00 -0.12749E+04  0.00000E+00  0.95276E-05  0.47298E+03  0.56998E+01  0.86613E-06    305  0.00000E+00      0.000
     166.2500  0.00000E+00  0.00000E+00  0.22817E-07  0.00000E+00 -0.11228E-02 -0.56998E+01  0.00000E+00 -0.56998E+01  0.00000E+00 -0.16996E+00 -0.11546E+04  0.00000E+00 -0.12741E+04  0.00000E+00  0.95276E-05  0.47298E+03  0.56998E+01  0.95170E-06    306  0.00000E+00      0.000
     170.0000  0.00000E+00  0.00000E+00 -0.38883E-07  0.00000E+00 -0.11241E-02 -0.56998E+01  0.00000E+00 -0.56998E+01  0.00000E+00 -0.17417E+00 -0.11866E+04  0.00000E+00 -0.12733E+04  0.00000E+00  0.95276E-05  0.47297E+03  0.56998E+01  0.95170E-06    307  0.00000E+00      0.000
end
