 ******* Program HYDRUS
 ******* 
 Welcome to HYDRUS-1D                                                    
 Date:  29. 8.    Time:   1: 4:18
 Units: L = mm   , T = min  , M = mmol 

----------------------------------------------------------
 Time       [T]       10.0000
----------------------------------------------------------
 Sub-region num.                     1            2
----------------------------------------------------------
 Length   [L]        0.10000E+04  0.10000E+04  0.00000E+00
 W-volume [L]        0.45334E+03  0.45334E+03  0.00000E+00
 In-flow  [L/T]      0.00000E+00  0.00000E+00  0.00000E+00
 h Mean   [L]       -0.30566E+04 -0.30566E+04  0.00000E+00
 Top Flux [L/T]     -0.18561E-05
 Bot Flux [L/T]      0.70318E-03
----------------------------------------------------------

----------------------------------------------------------
 Time       [T]       10.0010
----------------------------------------------------------
 Sub-region num.                     1            2
----------------------------------------------------------
 Length   [L]        0.10000E+04  0.10000E+04  0.00000E+00
 W-volume [L]        0.45334E+03  0.45334E+03  0.00000E+00
 In-flow  [L/T]     -0.13328E-01 -0.13328E-01  0.00000E+00
 h Mean   [L]       -0.30566E+04 -0.30566E+04  0.00000E+00
 Top Flux [L/T]     -0.18561E-05
 Bot Flux [L/T]      0.70239E-03
 WatBalT  [L]        0.12326E-05
 WatBalR  [%]              1.261
----------------------------------------------------------

----------------------------------------------------------
 Time       [T]       20.0000
----------------------------------------------------------
 Sub-region num.                     1            2
----------------------------------------------------------
 Length   [L]        0.10000E+04  0.10000E+04  0.00000E+00
 W-volume [L]        0.45333E+03  0.45333E+03  0.00000E+00
 In-flow  [L/T]     -0.11275E-02 -0.11275E-02  0.00000E+00
 h Mean   [L]       -0.30423E+04 -0.30423E+04  0.00000E+00
 Top Flux [L/T]     -0.17633E-05
 Bot Flux [L/T]     -0.67655E-03
 WatBalT  [L]       -0.55526E-04
 WatBalR  [%]              0.007
----------------------------------------------------------

----------------------------------------------------------
 Time       [T]       30.0000
----------------------------------------------------------
 Sub-region num.                     1            2
----------------------------------------------------------
 Length   [L]        0.10000E+04  0.10000E+04  0.00000E+00
 W-volume [L]        0.45332E+03  0.45332E+03  0.00000E+00
 In-flow  [L/T]     -0.11106E-02 -0.11106E-02  0.00000E+00
 h Mean   [L]       -0.30330E+04 -0.30330E+04  0.00000E+00
 Top Flux [L/T]     -0.16766E-05
 Bot Flux [L/T]     -0.84660E-03
 WatBalT  [L]        0.28418E-04
 WatBalR  [%]              0.002
----------------------------------------------------------

----------------------------------------------------------
 Time       [T]       40.0000
----------------------------------------------------------
 Sub-region num.                     1            2
----------------------------------------------------------
 Length   [L]        0.10000E+04  0.10000E+04  0.00000E+00
 W-volume [L]        0.45361E+03  0.45361E+03  0.00000E+00
 In-flow  [L/T]      0.28901E-01  0.28901E-01  0.00000E+00
 h Mean   [L]       -0.29981E+04 -0.29981E+04  0.00000E+00
 Top Flux [L/T]     -0.39690E-02
 Bot Flux [L/T]     -0.89462E-03
 WatBalT  [L]       -0.75221E-04
 WatBalR  [%]              0.003
----------------------------------------------------------

----------------------------------------------------------
 Time       [T]       50.0000
----------------------------------------------------------
 Sub-region num.                     1            2
----------------------------------------------------------
 Length   [L]        0.10000E+04  0.10000E+04  0.00000E+00
 W-volume [L]        0.45410E+03  0.45410E+03  0.00000E+00
 In-flow  [L/T]      0.48908E-01  0.48908E-01  0.00000E+00
 h Mean   [L]       -0.29597E+04 -0.29597E+04  0.00000E+00
 Top Flux [L/T]     -0.28378E-01
 Bot Flux [L/T]     -0.91615E-03
 WatBalT  [L]        0.54836E-05
 WatBalR  [%]              0.000
----------------------------------------------------------

----------------------------------------------------------
 Time       [T]       60.0000
----------------------------------------------------------
 Sub-region num.                     1            2
----------------------------------------------------------
 Length   [L]        0.10000E+04  0.10000E+04  0.00000E+00
 W-volume [L]        0.45409E+03  0.45409E+03  0.00000E+00
 In-flow  [L/T]     -0.10827E-02 -0.10827E-02  0.00000E+00
 h Mean   [L]       -0.29431E+04 -0.29431E+04  0.00000E+00
 Top Flux [L/T]     -0.89256E-02
 Bot Flux [L/T]     -0.92757E-03
 WatBalT  [L]       -0.67770E-04
 WatBalR  [%]              0.002
----------------------------------------------------------

----------------------------------------------------------
 Time       [T]       70.0000
----------------------------------------------------------
 Sub-region num.                     1            2
----------------------------------------------------------
 Length   [L]        0.10000E+04  0.10000E+04  0.00000E+00
 W-volume [L]        0.45437E+03  0.45437E+03  0.00000E+00
 In-flow  [L/T]      0.28924E-01  0.28924E-01  0.00000E+00
 h Mean   [L]       -0.29202E+04 -0.29202E+04  0.00000E+00
 Top Flux [L/T]     -0.19017E-01
 Bot Flux [L/T]     -0.93457E-03
 WatBalT  [L]       -0.22840E-03
 WatBalR  [%]              0.005
----------------------------------------------------------

----------------------------------------------------------
 Time       [T]       80.0000
----------------------------------------------------------
 Sub-region num.                     1            2
----------------------------------------------------------
 Length   [L]        0.10000E+04  0.10000E+04  0.00000E+00
 W-volume [L]        0.45716E+03  0.45716E+03  0.00000E+00
 In-flow  [L/T]      0.27894E+00  0.27894E+00  0.00000E+00
 h Mean   [L]       -0.28272E+04 -0.28272E+04  0.00000E+00
 Top Flux [L/T]     -0.25265E+00
 Bot Flux [L/T]     -0.93884E-03
 WatBalT  [L]       -0.47684E-06
 WatBalR  [%]              0.000
----------------------------------------------------------

----------------------------------------------------------
 Time       [T]       90.0000
----------------------------------------------------------
 Sub-region num.                     1            2
----------------------------------------------------------
 Length   [L]        0.10000E+04  0.10000E+04  0.00000E+00
 W-volume [L]        0.45975E+03  0.45975E+03  0.00000E+00
 In-flow  [L/T]      0.25894E+00  0.25894E+00  0.00000E+00
 h Mean   [L]       -0.27452E+04 -0.27452E+04  0.00000E+00
 Top Flux [L/T]     -0.24859E+00
 Bot Flux [L/T]     -0.94120E-03
 WatBalT  [L]       -0.12732E-03
 WatBalR  [%]              0.001
----------------------------------------------------------

----------------------------------------------------------
 Time       [T]      100.0000
----------------------------------------------------------
 Sub-region num.                     1            2
----------------------------------------------------------
 Length   [L]        0.10000E+04  0.10000E+04  0.00000E+00
 W-volume [L]        0.46164E+03  0.46164E+03  0.00000E+00
 In-flow  [L/T]      0.18894E+00  0.18894E+00  0.00000E+00
 h Mean   [L]       -0.26837E+04 -0.26837E+04  0.00000E+00
 Top Flux [L/T]     -0.18434E+00
 Bot Flux [L/T]     -0.94245E-03
 WatBalT  [L]       -0.84877E-04
 WatBalR  [%]              0.001
----------------------------------------------------------

----------------------------------------------------------
 Time       [T]      110.0000
----------------------------------------------------------
 Sub-region num.                     1            2
----------------------------------------------------------
 Length   [L]        0.10000E+04  0.10000E+04  0.00000E+00
 W-volume [L]        0.46183E+03  0.46183E+03  0.00000E+00
 In-flow  [L/T]      0.18951E-01  0.18951E-01  0.00000E+00
 h Mean   [L]       -0.26461E+04 -0.26461E+04  0.00000E+00
 Top Flux [L/T]     -0.29873E-01
 Bot Flux [L/T]     -0.94286E-03
 WatBalT  [L]       -0.14305E-03
 WatBalR  [%]              0.001
----------------------------------------------------------

----------------------------------------------------------
 Time       [T]      120.0000
----------------------------------------------------------
 Sub-region num.                     1            2
----------------------------------------------------------
 Length   [L]        0.10000E+04  0.10000E+04  0.00000E+00
 W-volume [L]        0.46182E+03  0.46182E+03  0.00000E+00
 In-flow  [L/T]     -0.10443E-02 -0.10443E-02  0.00000E+00
 h Mean   [L]       -0.26242E+04 -0.26242E+04  0.00000E+00
 Top Flux [L/T]     -0.99891E-02
 Bot Flux [L/T]     -0.94272E-03
 WatBalT  [L]       -0.29564E-04
 WatBalR  [%]              0.000
----------------------------------------------------------

----------------------------------------------------------
 Time       [T]      130.0000
----------------------------------------------------------
 Sub-region num.                     1            2
----------------------------------------------------------
 Length   [L]        0.10000E+04  0.10000E+04  0.00000E+00
 W-volume [L]        0.46191E+03  0.46191E+03  0.00000E+00
 In-flow  [L/T]      0.89612E-02  0.89612E-02  0.00000E+00
 h Mean   [L]       -0.26055E+04 -0.26055E+04  0.00000E+00
 Top Flux [L/T]     -0.13237E-01
 Bot Flux [L/T]     -0.94226E-03
 WatBalT  [L]       -0.11253E-03
 WatBalR  [%]              0.001
----------------------------------------------------------

----------------------------------------------------------
 Time       [T]      140.0000
----------------------------------------------------------
 Sub-region num.                     1            2
----------------------------------------------------------
 Length   [L]        0.10000E+04  0.10000E+04  0.00000E+00
 W-volume [L]        0.46190E+03  0.46190E+03  0.00000E+00
 In-flow  [L/T]     -0.10340E-02 -0.10340E-02  0.00000E+00
 h Mean   [L]       -0.25888E+04 -0.25888E+04  0.00000E+00
 Top Flux [L/T]     -0.57391E-02
 Bot Flux [L/T]     -0.94146E-03
 WatBalT  [L]        0.20027E-04
 WatBalR  [%]              0.000
----------------------------------------------------------

----------------------------------------------------------
 Time       [T]      150.0000
----------------------------------------------------------
 Sub-region num.                     1            2
----------------------------------------------------------
 Length   [L]        0.10000E+04  0.10000E+04  0.00000E+00
 W-volume [L]        0.46189E+03  0.46189E+03  0.00000E+00
 In-flow  [L/T]     -0.10293E-02 -0.10293E-02  0.00000E+00
 h Mean   [L]       -0.25735E+04 -0.25735E+04  0.00000E+00
 Top Flux [L/T]     -0.40135E-02
 Bot Flux [L/T]     -0.94049E-03
 WatBalT  [L]       -0.14210E-03
 WatBalR  [%]              0.001
----------------------------------------------------------

----------------------------------------------------------
 Time       [T]      160.0000
----------------------------------------------------------
 Sub-region num.                     1            2
----------------------------------------------------------
 Length   [L]        0.10000E+04  0.10000E+04  0.00000E+00
 W-volume [L]        0.46188E+03  0.46188E+03  0.00000E+00
 In-flow  [L/T]     -0.10247E-02 -0.10247E-02  0.00000E+00
 h Mean   [L]       -0.25597E+04 -0.25597E+04  0.00000E+00
 Top Flux [L/T]     -0.31895E-02
 Bot Flux [L/T]     -0.93943E-03
 WatBalT  [L]       -0.44823E-04
 WatBalR  [%]              0.000
----------------------------------------------------------
 
 Calculation time [sec]  0.289999971166253     
