 ******* Program HYDRUS
 ******* 
 Welcome to HYDRUS-1D                                                    
 Date:  30.10.    Time:   4:47:31
 Units: L = mm   , T = min  , M = mmol 



                               Node(  1)                      Node( 11)                      Node( 31)                      Node( 51)                      Node(101)

         time            h        theta    Flux           h        theta    Flux           h        theta    Flux           h        theta    Flux           h        theta    Flux  
         10.0001    -8277.72  0.3979 -0.298E-01      -5628.01  0.3834 -0.139E-02      -2698.92  0.4358  0.865E-02      -1117.61  0.5064 -0.861E-02      -1496.83  0.4820 -0.787E-03
         10.0002    -8277.64  0.3979 -0.298E-01      -5628.01  0.3834 -0.139E-02      -2698.91  0.4358  0.865E-02      -1117.61  0.5064 -0.861E-02      -1496.83  0.4820 -0.787E-03
         10.0003    -8277.53  0.3979 -0.302E-01      -5628.01  0.3834 -0.139E-02      -2698.91  0.4358  0.865E-02      -1117.60  0.5064 -0.861E-02      -1496.83  0.4820 -0.153E-02
         10.0005    -8277.38  0.3979 -0.295E-01      -5628.01  0.3834 -0.139E-02      -2698.91  0.4358  0.865E-02      -1117.61  0.5064 -0.861E-02      -1496.83  0.4820 -0.109E-02
         10.0008    -8277.17  0.3979 -0.298E-01      -5628.01  0.3834 -0.139E-02      -2698.91  0.4358  0.865E-02      -1117.61  0.5064 -0.861E-02      -1496.83  0.4820 -0.109E-02
         10.0010    -8276.96  0.3979 -0.298E-01      -5628.01  0.3834 -0.139E-02      -2698.91  0.4358  0.865E-02      -1117.61  0.5064 -0.861E-02      -1496.84  0.4820 -0.109E-02
         10.0011    -8276.81  0.3979 -0.492E-01      -5628.01  0.3834 -0.139E-02      -2698.91  0.4358  0.865E-02      -1117.61  0.5064 -0.861E-02      -1496.84  0.4820 -0.788E-03
         10.0012    -8276.63  0.3979 -0.504E-01      -5628.01  0.3834 -0.139E-02      -2698.91  0.4358  0.865E-02      -1117.60  0.5064 -0.861E-02      -1496.84  0.4820 -0.159E-02
         10.0014    -8276.39  0.3979 -0.503E-01      -5628.01  0.3834 -0.139E-02      -2698.91  0.4358  0.865E-02      -1117.61  0.5064 -0.861E-02      -1496.84  0.4820 -0.106E-02
         10.0016    -8276.07  0.3979 -0.502E-01      -5628.01  0.3834 -0.139E-02      -2698.91  0.4358  0.865E-02      -1117.61  0.5064 -0.861E-02      -1496.84  0.4820 -0.133E-02
         10.0019    -8275.66  0.3979 -0.501E-01      -5628.01  0.3834 -0.139E-02      -2698.91  0.4358  0.865E-02      -1117.61  0.5064 -0.861E-02      -1496.84  0.4820 -0.139E-02
         10.0023    -8275.12  0.3979 -0.498E-01      -5628.01  0.3834 -0.139E-02      -2698.90  0.4358  0.865E-02      -1117.60  0.5064 -0.861E-02      -1496.84  0.4820 -0.131E-02
         10.0028    -8274.44  0.3979 -0.500E-01      -5628.01  0.3834 -0.139E-02      -2698.90  0.4358  0.865E-02      -1117.61  0.5064 -0.861E-02      -1496.85  0.4820 -0.115E-02
         10.0034    -8273.53  0.3979 -0.499E-01      -5628.01  0.3834 -0.139E-02      -2698.90  0.4358  0.865E-02      -1117.60  0.5064 -0.861E-02      -1496.85  0.4820 -0.120E-02
         10.0042    -8272.37  0.3979 -0.501E-01      -5628.01  0.3834 -0.139E-02      -2698.89  0.4358  0.865E-02      -1117.61  0.5064 -0.861E-02      -1496.86  0.4820 -0.113E-02
         10.0053    -8270.83  0.3980 -0.500E-01      -5628.01  0.3834 -0.139E-02      -2698.89  0.4358  0.865E-02      -1117.60  0.5064 -0.861E-02      -1496.86  0.4820 -0.113E-02
         10.0066    -8268.86  0.3980 -0.500E-01      -5628.01  0.3834 -0.139E-02      -2698.88  0.4358  0.865E-02      -1117.60  0.5064 -0.861E-02      -1496.87  0.4820 -0.114E-02
         10.0084    -8266.29  0.3980 -0.500E-01      -5628.01  0.3834 -0.139E-02      -2698.88  0.4358  0.865E-02      -1117.60  0.5064 -0.861E-02      -1496.88  0.4820 -0.113E-02
         10.0108    -8262.94  0.3980 -0.500E-01      -5628.01  0.3834 -0.139E-02      -2698.86  0.4358  0.865E-02      -1117.60  0.5064 -0.861E-02      -1496.90  0.4820 -0.116E-02
         10.0138    -8258.60  0.3980 -0.500E-01      -5628.00  0.3834 -0.139E-02      -2698.85  0.4358  0.865E-02      -1117.60  0.5064 -0.861E-02      -1496.91  0.4820 -0.118E-02
         10.0177    -8252.94  0.3981 -0.500E-01      -5628.00  0.3834 -0.139E-02      -2698.83  0.4358  0.865E-02      -1117.60  0.5064 -0.861E-02      -1496.94  0.4820 -0.116E-02
         10.0228    -8245.60  0.3981 -0.500E-01      -5627.99  0.3834 -0.139E-02      -2698.81  0.4358  0.865E-02      -1117.60  0.5064 -0.861E-02      -1496.97  0.4820 -0.118E-02
         10.0295    -8236.05  0.3982 -0.500E-01      -5627.99  0.3834 -0.139E-02      -2698.78  0.4358  0.865E-02      -1117.59  0.5064 -0.861E-02      -1497.01  0.4820 -0.118E-02
         10.0382    -8223.65  0.3983 -0.500E-01      -5627.98  0.3834 -0.139E-02      -2698.74  0.4358  0.865E-02      -1117.59  0.5064 -0.861E-02      -1497.06  0.4820 -0.117E-02
         10.0494    -8207.53  0.3984 -0.500E-01      -5627.96  0.3834 -0.139E-02      -2698.69  0.4358  0.865E-02      -1117.58  0.5064 -0.861E-02      -1497.13  0.4820 -0.117E-02
         10.0640    -8186.58  0.3985 -0.500E-01      -5627.95  0.3834 -0.139E-02      -2698.62  0.4358  0.866E-02      -1117.58  0.5064 -0.861E-02      -1497.22  0.4820 -0.117E-02
         10.0830    -8159.39  0.3987 -0.500E-01      -5627.93  0.3834 -0.139E-02      -2698.53  0.4358  0.866E-02      -1117.57  0.5064 -0.861E-02      -1497.33  0.4820 -0.117E-02
         10.1077    -8124.05  0.3990 -0.500E-01      -5627.91  0.3834 -0.139E-02      -2698.42  0.4358  0.866E-02      -1117.56  0.5064 -0.861E-02      -1497.48  0.4820 -0.117E-02
         10.1398    -8078.18  0.3993 -0.500E-01      -5627.87  0.3834 -0.139E-02      -2698.27  0.4358  0.866E-02      -1117.54  0.5064 -0.861E-02      -1497.67  0.4820 -0.117E-02
         10.1816    -8018.65  0.3997 -0.500E-01      -5627.83  0.3834 -0.139E-02      -2698.07  0.4358  0.866E-02      -1117.52  0.5064 -0.861E-02      -1497.91  0.4820 -0.117E-02
         10.2359    -7941.42  0.4002 -0.500E-01      -5627.78  0.3834 -0.139E-02      -2697.82  0.4358  0.866E-02      -1117.50  0.5064 -0.861E-02      -1498.22  0.4820 -0.117E-02
         10.3064    -7841.33  0.4009 -0.500E-01      -5627.71  0.3834 -0.139E-02      -2697.50  0.4358  0.867E-02      -1117.46  0.5064 -0.861E-02      -1498.61  0.4819 -0.117E-02
         10.3982    -7720.15  0.4018 -0.500E-01      -5627.61  0.3834 -0.139E-02      -2697.07  0.4358  0.867E-02      -1117.42  0.5064 -0.861E-02      -1499.10  0.4819 -0.117E-02
         10.5174    -7596.03  0.4030 -0.500E-01      -5627.49  0.3834 -0.139E-02      -2696.52  0.4359  0.868E-02      -1117.36  0.5064 -0.861E-02      -1499.71  0.4819 -0.117E-02
         10.6725    -7428.51  0.4045 -0.500E-01      -5627.34  0.3834 -0.139E-02      -2695.81  0.4359  0.868E-02      -1117.29  0.5064 -0.861E-02      -1500.46  0.4818 -0.117E-02
         10.8740    -7219.02  0.4065 -0.500E-01      -5627.14  0.3834 -0.139E-02      -2694.87  0.4359  0.869E-02      -1117.20  0.5064 -0.862E-02      -1501.38  0.4818 -0.117E-02
         11.1360    -6947.28  0.4090 -0.500E-01      -5626.87  0.3834 -0.139E-02      -2693.66  0.4359  0.870E-02      -1117.07  0.5064 -0.862E-02      -1502.48  0.4817 -0.116E-02
         11.4766    -6601.30  0.4122 -0.500E-01      -5626.54  0.3834 -0.139E-02      -2692.08  0.4360  0.872E-02      -1116.91  0.5065 -0.862E-02      -1503.78  0.4816 -0.116E-02
         11.9194    -6161.58  0.4162 -0.500E-01      -5626.10  0.3834 -0.139E-02      -2690.02  0.4360  0.874E-02      -1116.71  0.5065 -0.862E-02      -1505.30  0.4815 -0.116E-02
         12.4950    -5754.11  0.4213 -0.500E-01      -5625.53  0.3834 -0.139E-02      -2687.34  0.4361  0.876E-02      -1116.44  0.5065 -0.862E-02      -1507.05  0.4814 -0.115E-02
         13.2455    -5224.28  0.4276 -0.500E-01      -5624.79  0.3834 -0.139E-02      -2683.82  0.4362  0.880E-02      -1116.10  0.5065 -0.862E-02      -1509.02  0.4813 -0.115E-02
         14.2104    -4690.66  0.4350 -0.500E-01      -5623.86  0.3834 -0.139E-02      -2679.26  0.4363  0.884E-02      -1115.66  0.5066 -0.863E-02      -1511.22  0.4812 -0.115E-02
         15.3683    -4201.09  0.4429 -0.500E-01      -5622.76  0.3834 -0.139E-02      -2673.75  0.4365  0.889E-02      -1115.14  0.5066 -0.863E-02      -1513.52  0.4810 -0.114E-02
         16.9122    -3714.06  0.4517 -0.500E-01      -5621.33  0.3834 -0.139E-02      -2666.30  0.4367  0.897E-02      -1114.46  0.5066 -0.863E-02      -1516.23  0.4809 -0.114E-02
         20.0000    -3114.11  0.4640 -0.500E-01      -5618.77  0.3835 -0.138E-02      -2651.03  0.4371  0.911E-02      -1113.24  0.5067 -0.862E-02      -1521.10  0.4806 -0.113E-02
         22.0000    -3477.80  0.4561 -0.261E-07      -5617.27  0.3835 -0.138E-02      -2640.97  0.4374  0.921E-02      -1112.53  0.5068 -0.859E-02      -1524.30  0.4804 -0.112E-02
         24.0000    -3747.29  0.4504  0.270E-07      -5615.99  0.3835 -0.137E-02      -2630.76  0.4377  0.931E-02      -1111.92  0.5068 -0.855E-02      -1527.10  0.4803 -0.112E-02
         27.0000    -4084.21  0.4445  0.466E-08      -5614.61  0.3835 -0.136E-02      -2615.25  0.4381  0.945E-02      -1111.25  0.5069 -0.847E-02      -1530.81  0.4801 -0.112E-02
         30.0000    -4353.39  0.4401  0.130E-07      -5613.81  0.3835 -0.134E-02      -2599.65  0.4386  0.958E-02      -1110.84  0.5069 -0.835E-02      -1534.16  0.4800 -0.111E-02
         30.0001    -4360.47  0.4402 -0.296E-01      -5613.75  0.3835 -0.134E-02      -2599.67  0.4386  0.958E-02      -1110.81  0.5069 -0.835E-02      -1534.18  0.4800 -0.850E-03
         30.0002    -4358.84  0.4402 -0.301E-01      -5613.77  0.3835 -0.134E-02      -2599.66  0.4386  0.958E-02      -1110.82  0.5069 -0.835E-02      -1534.18  0.4800 -0.850E-03
         30.0004    -4360.06  0.4402 -0.301E-01      -5613.76  0.3835 -0.134E-02      -2599.66  0.4386  0.958E-02      -1110.82  0.5069 -0.835E-02      -1534.18  0.4800 -0.850E-03
         30.0006    -4359.50  0.4402 -0.303E-01      -5613.76  0.3835 -0.134E-02      -2599.66  0.4386  0.958E-02      -1110.82  0.5069 -0.835E-02      -1534.18  0.4800 -0.850E-03
         30.0009    -4359.69  0.4402 -0.302E-01      -5613.76  0.3835 -0.134E-02      -2599.66  0.4386  0.958E-02      -1110.82  0.5069 -0.835E-02      -1534.18  0.4800 -0.850E-03
         30.0013    -4359.47  0.4402 -0.301E-01      -5613.76  0.3835 -0.134E-02      -2599.66  0.4386  0.958E-02      -1110.82  0.5069 -0.835E-02      -1534.18  0.4800 -0.125E-02
         30.0018    -4359.39  0.4402 -0.301E-01      -5613.76  0.3835 -0.134E-02      -2599.66  0.4386  0.958E-02      -1110.82  0.5069 -0.835E-02      -1534.18  0.4800 -0.116E-02
         30.0024    -4359.18  0.4402 -0.300E-01      -5613.76  0.3835 -0.134E-02      -2599.65  0.4386  0.958E-02      -1110.82  0.5069 -0.835E-02      -1534.18  0.4800 -0.109E-02
         30.0032    -4358.97  0.4402 -0.300E-01      -5613.76  0.3835 -0.134E-02      -2599.65  0.4386  0.958E-02      -1110.82  0.5069 -0.835E-02      -1534.18  0.4800 -0.103E-02
         30.0043    -4358.66  0.4402 -0.300E-01      -5613.76  0.3835 -0.134E-02      -2599.64  0.4386  0.958E-02      -1110.82  0.5069 -0.835E-02      -1534.18  0.4800 -0.113E-02
         30.0056    -4358.28  0.4402 -0.300E-01      -5613.76  0.3835 -0.134E-02      -2599.64  0.4386  0.958E-02      -1110.82  0.5069 -0.835E-02      -1534.19  0.4800 -0.107E-02
         30.0074    -4357.77  0.4402 -0.300E-01      -5613.76  0.3835 -0.134E-02      -2599.63  0.4386  0.958E-02      -1110.82  0.5069 -0.835E-02      -1534.19  0.4800 -0.110E-02
         30.0098    -4357.11  0.4402 -0.300E-01      -5613.76  0.3835 -0.134E-02      -2599.61  0.4386  0.958E-02      -1110.82  0.5069 -0.835E-02      -1534.19  0.4800 -0.111E-02
         30.0128    -4356.26  0.4402 -0.300E-01      -5613.76  0.3835 -0.134E-02      -2599.60  0.4386  0.958E-02      -1110.82  0.5069 -0.835E-02      -1534.19  0.4800 -0.110E-02
         30.0167    -4355.15  0.4402 -0.300E-01      -5613.76  0.3835 -0.134E-02      -2599.58  0.4386  0.958E-02      -1110.82  0.5069 -0.835E-02      -1534.20  0.4800 -0.111E-02
         30.0218    -4353.71  0.4402 -0.300E-01      -5613.76  0.3835 -0.134E-02      -2599.55  0.4386  0.958E-02      -1110.82  0.5069 -0.835E-02      -1534.20  0.4800 -0.111E-02
         30.0285    -4351.84  0.4403 -0.300E-01      -5613.75  0.3835 -0.134E-02      -2599.52  0.4386  0.958E-02      -1110.81  0.5069 -0.835E-02      -1534.21  0.4800 -0.112E-02
         30.0372    -4349.41  0.4403 -0.300E-01      -5613.75  0.3835 -0.134E-02      -2599.47  0.4386  0.958E-02      -1110.81  0.5069 -0.835E-02      -1534.22  0.4800 -0.111E-02
         30.0484    -4346.25  0.4404 -0.300E-01      -5613.75  0.3835 -0.134E-02      -2599.41  0.4386  0.959E-02      -1110.81  0.5069 -0.835E-02      -1534.23  0.4800 -0.112E-02
         30.0630    -4342.15  0.4404 -0.300E-01      -5613.75  0.3835 -0.134E-02      -2599.34  0.4386  0.959E-02      -1110.81  0.5069 -0.835E-02      -1534.25  0.4800 -0.112E-02
         30.0820    -4336.83  0.4405 -0.300E-01      -5613.74  0.3835 -0.134E-02      -2599.24  0.4386  0.959E-02      -1110.81  0.5069 -0.835E-02      -1534.27  0.4800 -0.111E-02
         30.1067    -4329.93  0.4406 -0.300E-01      -5613.73  0.3835 -0.134E-02      -2599.11  0.4386  0.959E-02      -1110.80  0.5069 -0.835E-02      -1534.30  0.4800 -0.111E-02
         30.1388    -4320.99  0.4408 -0.300E-01      -5613.72  0.3835 -0.134E-02      -2598.94  0.4386  0.959E-02      -1110.80  0.5069 -0.835E-02      -1534.33  0.4800 -0.111E-02
         30.1806    -4309.41  0.4410 -0.300E-01      -5613.71  0.3835 -0.134E-02      -2598.72  0.4386  0.959E-02      -1110.79  0.5069 -0.834E-02      -1534.38  0.4800 -0.111E-02
         30.2349    -4294.44  0.4412 -0.300E-01      -5613.70  0.3835 -0.134E-02      -2598.44  0.4386  0.959E-02      -1110.79  0.5069 -0.834E-02      -1534.44  0.4800 -0.111E-02
         30.3054    -4275.10  0.4415 -0.300E-01      -5613.68  0.3835 -0.134E-02      -2598.07  0.4386  0.960E-02      -1110.78  0.5069 -0.834E-02      -1534.52  0.4800 -0.111E-02
         30.3972    -4250.19  0.4419 -0.300E-01      -5613.66  0.3835 -0.134E-02      -2597.59  0.4386  0.960E-02      -1110.77  0.5069 -0.834E-02      -1534.62  0.4800 -0.111E-02
         30.5164    -4218.18  0.4424 -0.300E-01      -5613.63  0.3835 -0.134E-02      -2596.97  0.4386  0.961E-02      -1110.75  0.5069 -0.833E-02      -1534.75  0.4800 -0.111E-02
         30.6715    -4177.20  0.4431 -0.300E-01      -5613.60  0.3835 -0.133E-02      -2596.17  0.4387  0.961E-02      -1110.73  0.5069 -0.832E-02      -1534.92  0.4799 -0.111E-02
         30.8730    -4124.98  0.4439 -0.300E-01      -5613.56  0.3835 -0.133E-02      -2595.12  0.4387  0.962E-02      -1110.71  0.5069 -0.832E-02      -1535.13  0.4799 -0.111E-02
         31.1350    -4058.86  0.4450 -0.300E-01      -5613.51  0.3835 -0.133E-02      -2593.75  0.4387  0.963E-02      -1110.68  0.5069 -0.830E-02      -1535.41  0.4799 -0.111E-02
         31.4756    -3975.83  0.4464 -0.300E-01      -5613.45  0.3835 -0.133E-02      -2591.97  0.4388  0.965E-02      -1110.65  0.5069 -0.829E-02      -1535.77  0.4799 -0.111E-02
         31.9184    -3872.71  0.4480 -0.300E-01      -5613.39  0.3835 -0.133E-02      -2589.67  0.4388  0.967E-02      -1110.62  0.5069 -0.827E-02      -1536.23  0.4799 -0.111E-02
         32.4940    -3776.16  0.4501 -0.300E-01      -5613.34  0.3835 -0.132E-02      -2586.66  0.4389  0.969E-02      -1110.59  0.5069 -0.824E-02      -1536.82  0.4799 -0.111E-02
         33.2446    -3659.32  0.4525 -0.300E-01      -5613.32  0.3835 -0.132E-02      -2582.75  0.4390  0.972E-02      -1110.56  0.5069 -0.821E-02      -1537.58  0.4798 -0.111E-02
         34.2096    -3528.79  0.4553 -0.300E-01      -5613.36  0.3835 -0.131E-02      -2577.73  0.4392  0.976E-02      -1110.56  0.5069 -0.816E-02      -1538.52  0.4798 -0.111E-02
         35.3677    -3388.84  0.4583 -0.300E-01      -5613.51  0.3835 -0.130E-02      -2571.72  0.4393  0.980E-02      -1110.59  0.5069 -0.810E-02      -1539.63  0.4797 -0.111E-02
         36.9118    -3228.56  0.4617 -0.300E-01      -5613.90  0.3835 -0.129E-02      -2563.76  0.4396  0.986E-02      -1110.72  0.5069 -0.801E-02      -1541.05  0.4797 -0.110E-02
         40.0000    -2986.39  0.4672 -0.300E-01      -5615.40  0.3835 -0.126E-02      -2548.14  0.4400  0.995E-02      -1111.22  0.5069 -0.782E-02      -1543.73  0.4795 -0.110E-02
         40.0001    -2989.71  0.4672 -0.280E+00      -5615.39  0.3835 -0.126E-02      -2548.13  0.4400  0.995E-02      -1111.22  0.5069 -0.782E-02      -1543.73  0.4795 -0.895E-03
         40.0002    -2988.60  0.4672 -0.280E+00      -5615.39  0.3835 -0.126E-02      -2548.13  0.4400  0.995E-02      -1111.22  0.5069 -0.782E-02      -1543.73  0.4795 -0.895E-03
         40.0004    -2989.01  0.4672 -0.280E+00      -5615.40  0.3835 -0.126E-02      -2548.13  0.4400  0.995E-02      -1111.22  0.5069 -0.782E-02      -1543.73  0.4795 -0.895E-03
         40.0006    -2988.30  0.4672 -0.280E+00      -5615.39  0.3835 -0.126E-02      -2548.13  0.4400  0.995E-02      -1111.22  0.5069 -0.782E-02      -1543.73  0.4795 -0.895E-03
         40.0009    -2987.95  0.4672 -0.280E+00      -5615.39  0.3835 -0.126E-02      -2548.12  0.4400  0.995E-02      -1111.22  0.5069 -0.782E-02      -1543.73  0.4795 -0.895E-03
         40.0013    -2987.18  0.4672 -0.280E+00      -5615.39  0.3835 -0.126E-02      -2548.12  0.4400  0.995E-02      -1111.22  0.5069 -0.782E-02      -1543.73  0.4795 -0.130E-02
         40.0018    -2986.34  0.4673 -0.280E+00      -5615.39  0.3835 -0.126E-02      -2548.12  0.4400  0.995E-02      -1111.22  0.5069 -0.782E-02      -1543.73  0.4795 -0.120E-02
         40.0024    -2985.15  0.4673 -0.280E+00      -5615.40  0.3835 -0.126E-02      -2548.12  0.4400  0.995E-02      -1111.22  0.5069 -0.782E-02      -1543.73  0.4795 -0.113E-02
         40.0032    -2983.66  0.4673 -0.280E+00      -5615.39  0.3835 -0.126E-02      -2548.11  0.4400  0.995E-02      -1111.22  0.5069 -0.782E-02      -1543.73  0.4795 -0.108E-02
         40.0043    -2981.69  0.4674 -0.280E+00      -5615.39  0.3835 -0.126E-02      -2548.11  0.4400  0.995E-02      -1111.22  0.5069 -0.782E-02      -1543.74  0.4795 -0.104E-02
         40.0056    -2979.15  0.4675 -0.280E+00      -5615.40  0.3835 -0.126E-02      -2548.10  0.4400  0.995E-02      -1111.22  0.5069 -0.782E-02      -1543.74  0.4795 -0.111E-02
         40.0074    -2975.84  0.4676 -0.280E+00      -5615.39  0.3835 -0.126E-02      -2548.09  0.4400  0.995E-02      -1111.22  0.5069 -0.782E-02      -1543.74  0.4795 -0.106E-02
         40.0098    -2971.55  0.4677 -0.280E+00      -5615.40  0.3835 -0.126E-02      -2548.08  0.4400  0.995E-02      -1111.22  0.5069 -0.782E-02      -1543.74  0.4795 -0.109E-02
         40.0128    -2965.96  0.4678 -0.280E+00      -5615.40  0.3835 -0.126E-02      -2548.06  0.4400  0.995E-02      -1111.22  0.5069 -0.782E-02      -1543.74  0.4795 -0.109E-02
         40.0167    -2958.71  0.4680 -0.280E+00      -5615.40  0.3835 -0.126E-02      -2548.05  0.4400  0.995E-02      -1111.22  0.5069 -0.782E-02      -1543.75  0.4795 -0.108E-02
         40.0218    -2949.30  0.4683 -0.280E+00      -5615.40  0.3835 -0.126E-02      -2548.02  0.4400  0.995E-02      -1111.22  0.5069 -0.782E-02      -1543.75  0.4795 -0.110E-02
         40.0285    -2937.08  0.4686 -0.280E+00      -5615.40  0.3835 -0.126E-02      -2547.99  0.4400  0.995E-02      -1111.22  0.5069 -0.782E-02      -1543.76  0.4795 -0.110E-02
         40.0372    -2921.22  0.4691 -0.280E+00      -5615.41  0.3835 -0.126E-02      -2547.94  0.4400  0.995E-02      -1111.22  0.5069 -0.782E-02      -1543.76  0.4795 -0.110E-02
         40.0484    -2900.66  0.4697 -0.280E+00      -5615.41  0.3835 -0.126E-02      -2547.88  0.4400  0.995E-02      -1111.22  0.5069 -0.782E-02      -1543.77  0.4795 -0.109E-02
         40.0630    -2874.01  0.4704 -0.280E+00      -5615.42  0.3835 -0.126E-02      -2547.81  0.4400  0.995E-02      -1111.23  0.5069 -0.782E-02      -1543.79  0.4795 -0.110E-02
         40.0820    -2839.52  0.4714 -0.280E+00      -5615.43  0.3835 -0.126E-02      -2547.71  0.4400  0.995E-02      -1111.23  0.5069 -0.782E-02      -1543.80  0.4795 -0.110E-02
         40.1067    -2794.95  0.4726 -0.280E+00      -5615.44  0.3835 -0.126E-02      -2547.59  0.4400  0.995E-02      -1111.23  0.5069 -0.782E-02      -1543.82  0.4795 -0.110E-02
         40.1388    -2737.44  0.4742 -0.280E+00      -5615.46  0.3835 -0.126E-02      -2547.43  0.4400  0.995E-02      -1111.24  0.5069 -0.782E-02      -1543.85  0.4795 -0.110E-02
         40.1806    -2663.44  0.4763 -0.280E+00      -5615.48  0.3835 -0.126E-02      -2547.22  0.4400  0.995E-02      -1111.24  0.5069 -0.781E-02      -1543.89  0.4795 -0.110E-02
         40.2349    -2568.56  0.4790 -0.280E+00      -5615.51  0.3835 -0.126E-02      -2546.94  0.4400  0.995E-02      -1111.25  0.5069 -0.781E-02      -1543.93  0.4795 -0.110E-02
         40.3054    -2447.54  0.4824 -0.280E+00      -5615.54  0.3835 -0.126E-02      -2546.59  0.4400  0.996E-02      -1111.27  0.5069 -0.781E-02      -1543.99  0.4795 -0.110E-02
         40.3972    -2328.42  0.4866 -0.280E+00      -5615.59  0.3835 -0.126E-02      -2546.12  0.4401  0.996E-02      -1111.28  0.5069 -0.780E-02      -1544.07  0.4795 -0.110E-02
         40.5164    -2181.01  0.4919 -0.280E+00      -5615.66  0.3835 -0.125E-02      -2545.52  0.4401  0.996E-02      -1111.30  0.5069 -0.779E-02      -1544.18  0.4795 -0.110E-02
         40.6715    -2005.49  0.4984 -0.280E+00      -5615.74  0.3835 -0.125E-02      -2544.74  0.4401  0.997E-02      -1111.33  0.5069 -0.778E-02      -1544.31  0.4795 -0.110E-02
         40.8730    -1831.05  0.5060 -0.280E+00      -5615.85  0.3835 -0.125E-02      -2543.73  0.4401  0.997E-02      -1111.37  0.5069 -0.777E-02      -1544.48  0.4795 -0.110E-02
         41.1350    -1652.55  0.5144 -0.280E+00      -5616.00  0.3835 -0.125E-02      -2542.41  0.4402  0.998E-02      -1111.42  0.5069 -0.775E-02      -1544.70  0.4795 -0.110E-02
         41.4756    -1469.25  0.5236 -0.280E+00      -5616.21  0.3835 -0.125E-02      -2540.71  0.4402  0.999E-02      -1111.49  0.5069 -0.773E-02      -1544.99  0.4795 -0.110E-02
         41.9184    -1320.44  0.5328 -0.280E+00      -5616.49  0.3835 -0.124E-02      -2538.50  0.4403  0.100E-01      -1111.59  0.5069 -0.771E-02      -1545.36  0.4795 -0.110E-02
         42.3612    -1196.79  0.5405 -0.280E+00      -5616.79  0.3835 -0.124E-02      -2536.30  0.4403  0.100E-01      -1111.69  0.5069 -0.768E-02      -1545.73  0.4794 -0.110E-02
         42.9368    -1096.33  0.5484 -0.280E+00      -5617.20  0.3835 -0.123E-02      -2533.45  0.4404  0.100E-01      -1111.83  0.5068 -0.764E-02      -1546.20  0.4794 -0.110E-02
         43.7216     -980.85  0.5577 -0.280E+00      -5617.80  0.3835 -0.122E-02      -2529.59  0.4405  0.100E-01      -1112.03  0.5068 -0.759E-02      -1546.84  0.4794 -0.110E-02
         44.7680     -880.54  0.5674 -0.280E+00      -5618.69  0.3835 -0.121E-02      -2524.50  0.4407  0.101E-01      -1112.33  0.5068 -0.753E-02      -1547.67  0.4793 -0.110E-02
         45.8144     -795.41  0.5758 -0.280E+00      -5619.66  0.3835 -0.120E-02      -2519.47  0.4408  0.101E-01      -1112.66  0.5068 -0.746E-02      -1548.49  0.4793 -0.109E-02
         46.8608     -730.41  0.5832 -0.280E+00      -5620.70  0.3834 -0.119E-02      -2514.50  0.4409  0.101E-01      -1113.01  0.5068 -0.739E-02      -1549.30  0.4793 -0.109E-02
         47.9072     -679.88  0.5895 -0.280E+00      -5621.82  0.3834 -0.118E-02      -2509.58  0.4411  0.101E-01      -1113.38  0.5067 -0.732E-02      -1550.09  0.4792 -0.109E-02
         48.9536     -629.71  0.5957 -0.280E+00      -5623.01  0.3834 -0.117E-02      -2504.73  0.4412  0.101E-01      -1113.77  0.5067 -0.726E-02      -1550.87  0.4792 -0.109E-02
         50.0000     -592.24  0.6008 -0.280E+00      -5624.27  0.3834 -0.116E-02      -2499.94  0.4413  0.101E-01      -1114.19  0.5067 -0.719E-02      -1551.64  0.4792 -0.109E-02
         51.0000     -571.49  0.6038 -0.260E+00      -5625.54  0.3834 -0.115E-02      -2495.43  0.4415  0.102E-01      -1114.60  0.5066 -0.713E-02      -1552.37  0.4791 -0.109E-02
         52.2857     -547.37  0.6077 -0.260E+00      -5627.28  0.3834 -0.114E-02      -2489.72  0.4416  0.102E-01      -1115.17  0.5066 -0.704E-02      -1553.29  0.4791 -0.109E-02
         53.5714     -519.66  0.6120 -0.260E+00      -5629.11  0.3833 -0.112E-02      -2484.12  0.4418  0.102E-01      -1115.76  0.5065 -0.696E-02      -1554.19  0.4790 -0.109E-02
         55.1786     -483.61  0.6175 -0.260E+00      -5631.54  0.3833 -0.111E-02      -2477.28  0.4420  0.102E-01      -1116.53  0.5065 -0.686E-02      -1555.30  0.4790 -0.109E-02
         57.5893     -452.34  0.6234 -0.260E+00      -5635.49  0.3833 -0.108E-02      -2467.38  0.4423  0.102E-01      -1117.77  0.5064 -0.671E-02      -1556.91  0.4789 -0.108E-02
         60.0000     -418.70  0.6297 -0.260E+00      -5639.71  0.3832 -0.106E-02      -2457.86  0.4425  0.102E-01      -1119.09  0.5063 -0.657E-02      -1558.48  0.4788 -0.108E-02
         60.0001     -418.03  0.6297 -0.190E+00      -5639.71  0.3832 -0.106E-02      -2457.86  0.4425  0.102E-01      -1119.09  0.5063 -0.657E-02      -1558.48  0.4788 -0.928E-03
         60.0002     -418.19  0.6297 -0.190E+00      -5639.71  0.3832 -0.106E-02      -2457.86  0.4425  0.102E-01      -1119.09  0.5063 -0.657E-02      -1558.48  0.4788 -0.928E-03
         60.0004     -418.08  0.6297 -0.190E+00      -5639.71  0.3832 -0.106E-02      -2457.86  0.4425  0.102E-01      -1119.09  0.5063 -0.657E-02      -1558.48  0.4788 -0.928E-03
         60.0006     -418.14  0.6297 -0.190E+00      -5639.71  0.3832 -0.106E-02      -2457.85  0.4425  0.102E-01      -1119.09  0.5063 -0.657E-02      -1558.48  0.4788 -0.928E-03
         60.0009     -418.13  0.6297 -0.190E+00      -5639.72  0.3832 -0.106E-02      -2457.85  0.4425  0.102E-01      -1119.09  0.5063 -0.657E-02      -1558.48  0.4788 -0.928E-03
         60.0013     -418.16  0.6297 -0.190E+00      -5639.72  0.3832 -0.106E-02      -2457.85  0.4425  0.102E-01      -1119.09  0.5063 -0.657E-02      -1558.48  0.4788 -0.928E-03
         60.0018     -418.19  0.6297 -0.190E+00      -5639.72  0.3832 -0.106E-02      -2457.85  0.4425  0.102E-01      -1119.09  0.5063 -0.657E-02      -1558.48  0.4788 -0.124E-02
         60.0024     -418.23  0.6297 -0.190E+00      -5639.71  0.3832 -0.106E-02      -2457.85  0.4425  0.102E-01      -1119.09  0.5063 -0.657E-02      -1558.49  0.4788 -0.117E-02
         60.0032     -418.28  0.6297 -0.190E+00      -5639.72  0.3832 -0.106E-02      -2457.84  0.4425  0.102E-01      -1119.09  0.5063 -0.657E-02      -1558.49  0.4788 -0.111E-02
         60.0043     -418.34  0.6297 -0.190E+00      -5639.72  0.3832 -0.106E-02      -2457.84  0.4425  0.102E-01      -1119.09  0.5063 -0.657E-02      -1558.49  0.4788 -0.107E-02
         60.0056     -418.42  0.6297 -0.190E+00      -5639.72  0.3832 -0.106E-02      -2457.83  0.4425  0.102E-01      -1119.09  0.5063 -0.657E-02      -1558.49  0.4788 -0.104E-02
         60.0074     -418.53  0.6296 -0.190E+00      -5639.72  0.3832 -0.106E-02      -2457.83  0.4425  0.102E-01      -1119.09  0.5063 -0.657E-02      -1558.49  0.4788 -0.109E-02
         60.0098     -418.66  0.6296 -0.190E+00      -5639.73  0.3832 -0.106E-02      -2457.82  0.4425  0.102E-01      -1119.09  0.5063 -0.657E-02      -1558.49  0.4788 -0.106E-02
         60.0128     -418.84  0.6296 -0.190E+00      -5639.73  0.3832 -0.106E-02      -2457.81  0.4425  0.102E-01      -1119.10  0.5063 -0.657E-02      -1558.49  0.4788 -0.108E-02
         60.0167     -419.07  0.6295 -0.190E+00      -5639.74  0.3832 -0.106E-02      -2457.79  0.4425  0.102E-01      -1119.10  0.5063 -0.657E-02      -1558.49  0.4788 -0.108E-02
         60.0218     -419.36  0.6295 -0.190E+00      -5639.75  0.3832 -0.106E-02      -2457.77  0.4425  0.102E-01      -1119.10  0.5063 -0.657E-02      -1558.50  0.4788 -0.107E-02
         60.0285     -419.73  0.6294 -0.190E+00      -5639.76  0.3832 -0.106E-02      -2457.74  0.4425  0.102E-01      -1119.10  0.5063 -0.656E-02      -1558.50  0.4788 -0.108E-02
         60.0372     -420.20  0.6293 -0.190E+00      -5639.78  0.3832 -0.106E-02      -2457.71  0.4425  0.102E-01      -1119.11  0.5063 -0.656E-02      -1558.51  0.4788 -0.108E-02
         60.0484     -420.80  0.6292 -0.190E+00      -5639.80  0.3832 -0.106E-02      -2457.67  0.4425  0.102E-01      -1119.11  0.5063 -0.656E-02      -1558.51  0.4788 -0.109E-02
         60.0630     -421.55  0.6291 -0.190E+00      -5639.82  0.3832 -0.106E-02      -2457.61  0.4425  0.102E-01      -1119.12  0.5063 -0.656E-02      -1558.52  0.4788 -0.108E-02
         60.0820     -422.48  0.6289 -0.190E+00      -5639.85  0.3832 -0.106E-02      -2457.53  0.4425  0.102E-01      -1119.13  0.5063 -0.656E-02      -1558.54  0.4788 -0.108E-02
         60.1067     -423.61  0.6287 -0.190E+00      -5639.90  0.3832 -0.106E-02      -2457.43  0.4425  0.102E-01      -1119.15  0.5063 -0.656E-02      -1558.55  0.4788 -0.108E-02
         60.1388     -424.98  0.6284 -0.190E+00      -5639.96  0.3832 -0.106E-02      -2457.31  0.4425  0.102E-01      -1119.16  0.5063 -0.656E-02      -1558.57  0.4788 -0.108E-02
         60.1806     -426.59  0.6281 -0.190E+00      -5640.03  0.3832 -0.106E-02      -2457.14  0.4425  0.102E-01      -1119.19  0.5063 -0.656E-02      -1558.60  0.4788 -0.108E-02
         60.2349     -428.43  0.6278 -0.190E+00      -5640.13  0.3832 -0.106E-02      -2456.93  0.4425  0.102E-01      -1119.22  0.5063 -0.655E-02      -1558.64  0.4788 -0.108E-02
         60.3054     -430.48  0.6274 -0.190E+00      -5640.25  0.3832 -0.106E-02      -2456.65  0.4426  0.102E-01      -1119.26  0.5063 -0.655E-02      -1558.68  0.4788 -0.108E-02
         60.3972     -432.68  0.6270 -0.190E+00      -5640.41  0.3832 -0.106E-02      -2456.29  0.4426  0.102E-01      -1119.31  0.5063 -0.654E-02      -1558.74  0.4788 -0.108E-02
         60.5164     -434.93  0.6265 -0.190E+00      -5640.62  0.3832 -0.106E-02      -2455.83  0.4426  0.102E-01      -1119.37  0.5063 -0.654E-02      -1558.82  0.4788 -0.108E-02
         60.6715     -437.11  0.6261 -0.190E+00      -5640.90  0.3832 -0.105E-02      -2455.22  0.4426  0.102E-01      -1119.46  0.5063 -0.653E-02      -1558.92  0.4788 -0.108E-02
         60.8730     -439.08  0.6257 -0.190E+00      -5641.26  0.3832 -0.105E-02      -2454.44  0.4426  0.102E-01      -1119.57  0.5063 -0.651E-02      -1559.05  0.4788 -0.108E-02
         61.1350     -440.69  0.6254 -0.190E+00      -5641.74  0.3832 -0.105E-02      -2453.42  0.4426  0.102E-01      -1119.72  0.5062 -0.650E-02      -1559.22  0.4788 -0.108E-02
         61.4756     -441.80  0.6252 -0.190E+00      -5642.35  0.3832 -0.105E-02      -2452.11  0.4427  0.102E-01      -1119.91  0.5062 -0.648E-02      -1559.44  0.4788 -0.108E-02
         61.9184     -442.23  0.6251 -0.190E+00      -5643.17  0.3832 -0.104E-02      -2450.41  0.4427  0.102E-01      -1120.16  0.5062 -0.645E-02      -1559.72  0.4788 -0.108E-02
         62.4940     -441.77  0.6252 -0.190E+00      -5644.23  0.3832 -0.104E-02      -2448.23  0.4428  0.102E-01      -1120.49  0.5062 -0.642E-02      -1560.09  0.4788 -0.108E-02
         63.2446     -440.06  0.6256 -0.190E+00      -5645.65  0.3831 -0.103E-02      -2445.42  0.4429  0.102E-01      -1120.92  0.5061 -0.637E-02      -1560.56  0.4787 -0.108E-02
         64.2096     -436.84  0.6262 -0.190E+00      -5647.52  0.3831 -0.102E-02      -2441.86  0.4430  0.102E-01      -1121.49  0.5061 -0.632E-02      -1561.16  0.4787 -0.108E-02
         65.3677     -431.91  0.6271 -0.190E+00      -5649.80  0.3831 -0.101E-02      -2437.67  0.4431  0.101E-01      -1122.19  0.5061 -0.625E-02      -1561.88  0.4787 -0.108E-02
         66.9118     -423.57  0.6286 -0.190E+00      -5652.92  0.3831 -0.995E-03      -2432.24  0.4432  0.101E-01      -1123.14  0.5060 -0.617E-02      -1562.82  0.4786 -0.108E-02
         70.0000     -407.40  0.6317 -0.190E+00      -5659.37  0.3830 -0.969E-03      -2421.91  0.4435  0.101E-01      -1125.11  0.5058 -0.600E-02      -1564.65  0.4785 -0.107E-02
         70.0001     -407.63  0.6317 -0.197E-01      -5659.37  0.3830 -0.969E-03      -2421.91  0.4435  0.101E-01      -1125.11  0.5058 -0.600E-02      -1564.65  0.4785 -0.935E-03
         70.0002     -407.60  0.6317 -0.207E-01      -5659.37  0.3830 -0.969E-03      -2421.91  0.4435  0.101E-01      -1125.11  0.5058 -0.600E-02      -1564.65  0.4785 -0.935E-03
         70.0004     -407.67  0.6317 -0.195E-01      -5659.37  0.3830 -0.969E-03      -2421.91  0.4435  0.101E-01      -1125.11  0.5058 -0.600E-02      -1564.65  0.4785 -0.935E-03
         70.0006     -407.69  0.6317 -0.206E-01      -5659.37  0.3830 -0.969E-03      -2421.91  0.4435  0.101E-01      -1125.11  0.5058 -0.600E-02      -1564.65  0.4785 -0.935E-03
         70.0009     -407.75  0.6317 -0.195E-01      -5659.37  0.3830 -0.969E-03      -2421.91  0.4435  0.101E-01      -1125.11  0.5058 -0.600E-02      -1564.65  0.4785 -0.935E-03
         70.0013     -407.81  0.6317 -0.202E-01      -5659.37  0.3830 -0.969E-03      -2421.91  0.4435  0.101E-01      -1125.11  0.5058 -0.600E-02      -1564.65  0.4785 -0.935E-03
         70.0018     -407.90  0.6316 -0.200E-01      -5659.37  0.3830 -0.969E-03      -2421.91  0.4435  0.101E-01      -1125.11  0.5058 -0.600E-02      -1564.65  0.4785 -0.935E-03
         70.0024     -408.00  0.6316 -0.198E-01      -5659.37  0.3830 -0.969E-03      -2421.90  0.4435  0.101E-01      -1125.11  0.5058 -0.600E-02      -1564.65  0.4785 -0.117E-02
         70.0032     -408.15  0.6316 -0.199E-01      -5659.37  0.3830 -0.969E-03      -2421.90  0.4435  0.101E-01      -1125.11  0.5058 -0.600E-02      -1564.65  0.4785 -0.112E-02
         70.0043     -408.33  0.6316 -0.199E-01      -5659.38  0.3830 -0.969E-03      -2421.90  0.4435  0.101E-01      -1125.11  0.5058 -0.600E-02      -1564.65  0.4785 -0.108E-02
         70.0056     -408.56  0.6315 -0.201E-01      -5659.38  0.3830 -0.969E-03      -2421.89  0.4435  0.101E-01      -1125.11  0.5058 -0.600E-02      -1564.65  0.4785 -0.104E-02
         70.0074     -408.87  0.6315 -0.200E-01      -5659.38  0.3830 -0.969E-03      -2421.89  0.4435  0.101E-01      -1125.11  0.5058 -0.600E-02      -1564.65  0.4785 -0.110E-02
         70.0098     -409.27  0.6314 -0.200E-01      -5659.39  0.3830 -0.968E-03      -2421.88  0.4435  0.101E-01      -1125.11  0.5058 -0.600E-02      -1564.65  0.4785 -0.106E-02
         70.0128     -409.78  0.6313 -0.200E-01      -5659.39  0.3830 -0.968E-03      -2421.87  0.4435  0.101E-01      -1125.12  0.5058 -0.600E-02      -1564.65  0.4785 -0.108E-02
         70.0167     -410.44  0.6312 -0.200E-01      -5659.41  0.3830 -0.968E-03      -2421.86  0.4435  0.101E-01      -1125.12  0.5058 -0.600E-02      -1564.66  0.4785 -0.109E-02
         70.0218     -411.28  0.6310 -0.200E-01      -5659.41  0.3830 -0.968E-03      -2421.84  0.4435  0.101E-01      -1125.12  0.5058 -0.600E-02      -1564.66  0.4785 -0.108E-02
         70.0285     -412.37  0.6308 -0.200E-01      -5659.43  0.3830 -0.968E-03      -2421.82  0.4435  0.101E-01      -1125.12  0.5058 -0.600E-02      -1564.66  0.4785 -0.107E-02
         70.0372     -413.75  0.6305 -0.200E-01      -5659.45  0.3830 -0.968E-03      -2421.79  0.4435  0.101E-01      -1125.13  0.5058 -0.599E-02      -1564.67  0.4785 -0.107E-02
         70.0484     -415.51  0.6302 -0.200E-01      -5659.47  0.3830 -0.968E-03      -2421.75  0.4435  0.101E-01      -1125.14  0.5058 -0.599E-02      -1564.67  0.4785 -0.108E-02
         70.0630     -417.74  0.6298 -0.200E-01      -5659.50  0.3830 -0.968E-03      -2421.70  0.4435  0.101E-01      -1125.15  0.5058 -0.599E-02      -1564.68  0.4785 -0.108E-02
         70.0820     -420.52  0.6293 -0.200E-01      -5659.54  0.3830 -0.968E-03      -2421.64  0.4435  0.101E-01      -1125.16  0.5058 -0.599E-02      -1564.69  0.4785 -0.108E-02
         70.1067     -423.98  0.6286 -0.200E-01      -5659.59  0.3830 -0.968E-03      -2421.56  0.4435  0.101E-01      -1125.17  0.5058 -0.599E-02      -1564.71  0.4785 -0.107E-02
         70.1388     -428.22  0.6278 -0.200E-01      -5659.66  0.3830 -0.967E-03      -2421.45  0.4435  0.101E-01      -1125.19  0.5058 -0.599E-02      -1564.73  0.4785 -0.107E-02
         70.1806     -433.36  0.6268 -0.200E-01      -5659.74  0.3830 -0.967E-03      -2421.31  0.4435  0.101E-01      -1125.22  0.5058 -0.599E-02      -1564.75  0.4785 -0.107E-02
         70.2349     -439.50  0.6257 -0.200E-01      -5659.86  0.3830 -0.967E-03      -2421.13  0.4435  0.101E-01      -1125.26  0.5058 -0.598E-02      -1564.78  0.4785 -0.108E-02
         70.3054     -446.73  0.6243 -0.200E-01      -5660.01  0.3830 -0.966E-03      -2420.90  0.4436  0.101E-01      -1125.30  0.5058 -0.598E-02      -1564.83  0.4785 -0.107E-02
         70.3972     -455.10  0.6227 -0.200E-01      -5660.20  0.3830 -0.965E-03      -2420.59  0.4436  0.101E-01      -1125.36  0.5058 -0.598E-02      -1564.88  0.4785 -0.107E-02
         70.5164     -464.64  0.6209 -0.200E-01      -5660.45  0.3830 -0.964E-03      -2420.20  0.4436  0.101E-01      -1125.44  0.5058 -0.597E-02      -1564.95  0.4785 -0.107E-02
         70.6715     -475.51  0.6189 -0.200E-01      -5660.78  0.3830 -0.963E-03      -2419.80  0.4436  0.101E-01      -1125.54  0.5058 -0.596E-02      -1565.04  0.4785 -0.107E-02
         70.8730     -489.82  0.6167 -0.200E-01      -5661.20  0.3830 -0.961E-03      -2419.27  0.4436  0.101E-01      -1125.67  0.5058 -0.595E-02      -1565.16  0.4785 -0.107E-02
         71.1350     -504.89  0.6143 -0.200E-01      -5661.75  0.3829 -0.959E-03      -2418.59  0.4436  0.101E-01      -1125.84  0.5058 -0.594E-02      -1565.31  0.4785 -0.107E-02
         71.4756     -521.46  0.6117 -0.200E-01      -5662.48  0.3829 -0.956E-03      -2417.70  0.4437  0.101E-01      -1126.06  0.5058 -0.592E-02      -1565.51  0.4785 -0.107E-02
         71.9184     -539.10  0.6090 -0.200E-01      -5663.42  0.3829 -0.953E-03      -2416.53  0.4437  0.101E-01      -1126.34  0.5057 -0.589E-02      -1565.77  0.4785 -0.107E-02
         72.4940     -558.03  0.6060 -0.200E-01      -5664.65  0.3829 -0.948E-03      -2415.00  0.4438  0.101E-01      -1126.72  0.5057 -0.586E-02      -1566.10  0.4785 -0.107E-02
         73.2446     -580.10  0.6026 -0.200E-01      -5666.26  0.3829 -0.943E-03      -2412.99  0.4438  0.101E-01      -1127.22  0.5057 -0.582E-02      -1566.53  0.4785 -0.107E-02
         74.2096     -604.50  0.5989 -0.200E-01      -5668.34  0.3829 -0.936E-03      -2410.40  0.4439  0.101E-01      -1127.86  0.5056 -0.578E-02      -1567.09  0.4784 -0.107E-02
         75.3677     -632.64  0.5954 -0.200E-01      -5670.83  0.3828 -0.928E-03      -2407.30  0.4440  0.101E-01      -1128.64  0.5056 -0.572E-02      -1567.74  0.4784 -0.107E-02
         76.9118     -662.11  0.5916 -0.200E-01      -5674.11  0.3828 -0.920E-03      -2403.21  0.4442  0.100E-01      -1129.69  0.5055 -0.564E-02      -1568.60  0.4784 -0.107E-02
         80.0000     -706.74  0.5861 -0.200E-01      -5680.17  0.3827 -0.912E-03      -2395.27  0.4445  0.100E-01      -1131.83  0.5053 -0.549E-02      -1570.29  0.4783 -0.107E-02
         82.5000     -777.35  0.5780  0.168E-07      -5684.45  0.3827 -0.916E-03      -2389.13  0.4447  0.998E-02      -1133.59  0.5052 -0.537E-02      -1571.62  0.4782 -0.107E-02
         86.2500     -848.45  0.5702  0.168E-07      -5688.36  0.3826 -0.948E-03      -2380.55  0.4450  0.993E-02      -1136.27  0.5050 -0.521E-02      -1573.58  0.4781 -0.106E-02
         90.0000     -909.57  0.5643 -0.233E-07      -5688.64  0.3826 -0.102E-02      -2372.57  0.4453  0.988E-02      -1138.99  0.5048 -0.505E-02      -1575.49  0.4780 -0.106E-02
         90.0001     -910.68  0.5643 -0.107E-01      -5689.00  0.3826 -0.101E-02      -2372.50  0.4453  0.987E-02      -1138.99  0.5048 -0.505E-02      -1575.49  0.4780 -0.941E-03
         90.0002     -910.40  0.5643 -0.100E-01      -5688.92  0.3826 -0.101E-02      -2372.52  0.4453  0.987E-02      -1138.99  0.5048 -0.505E-02      -1575.49  0.4780 -0.941E-03
         90.0004     -910.63  0.5643 -0.947E-02      -5688.99  0.3826 -0.101E-02      -2372.51  0.4453  0.987E-02      -1138.99  0.5048 -0.505E-02      -1575.49  0.4780 -0.941E-03
         90.0006     -910.53  0.5643 -0.104E-01      -5688.96  0.3826 -0.101E-02      -2372.51  0.4453  0.987E-02      -1138.99  0.5048 -0.505E-02      -1575.49  0.4780 -0.941E-03
         90.0009     -910.59  0.5643 -0.980E-02      -5688.98  0.3826 -0.101E-02      -2372.51  0.4453  0.987E-02      -1138.99  0.5048 -0.505E-02      -1575.49  0.4780 -0.941E-03
         90.0013     -910.56  0.5643 -0.101E-01      -5688.97  0.3826 -0.101E-02      -2372.51  0.4453  0.987E-02      -1138.99  0.5048 -0.505E-02      -1575.49  0.4780 -0.941E-03
         90.0018     -910.57  0.5643 -0.102E-01      -5688.97  0.3826 -0.101E-02      -2372.51  0.4453  0.987E-02      -1138.99  0.5048 -0.505E-02      -1575.49  0.4780 -0.941E-03
         90.0024     -910.56  0.5643 -0.101E-01      -5688.97  0.3826 -0.101E-02      -2372.51  0.4453  0.987E-02      -1138.99  0.5048 -0.505E-02      -1575.49  0.4780 -0.118E-02
         90.0032     -910.56  0.5643 -0.992E-02      -5688.97  0.3826 -0.101E-02      -2372.50  0.4453  0.987E-02      -1138.99  0.5048 -0.505E-02      -1575.49  0.4780 -0.112E-02
         90.0043     -910.55  0.5643 -0.998E-02      -5688.97  0.3826 -0.101E-02      -2372.50  0.4453  0.987E-02      -1138.99  0.5048 -0.505E-02      -1575.49  0.4780 -0.108E-02
         90.0056     -910.55  0.5643 -0.990E-02      -5688.97  0.3826 -0.101E-02      -2372.50  0.4453  0.987E-02      -1138.99  0.5048 -0.505E-02      -1575.49  0.4780 -0.105E-02
         90.0074     -910.54  0.5643 -0.101E-01      -5688.97  0.3826 -0.101E-02      -2372.50  0.4453  0.987E-02      -1138.99  0.5048 -0.505E-02      -1575.49  0.4780 -0.102E-02
         90.0098     -910.53  0.5643 -0.994E-02      -5688.97  0.3826 -0.101E-02      -2372.49  0.4453  0.987E-02      -1138.99  0.5048 -0.505E-02      -1575.49  0.4780 -0.107E-02
         90.0128     -910.52  0.5643 -0.100E-01      -5688.97  0.3826 -0.101E-02      -2372.48  0.4453  0.987E-02      -1138.99  0.5048 -0.505E-02      -1575.50  0.4780 -0.104E-02
         90.0167     -910.50  0.5643 -0.100E-01      -5688.97  0.3826 -0.101E-02      -2372.48  0.4453  0.987E-02      -1139.00  0.5048 -0.505E-02      -1575.50  0.4780 -0.105E-02
         90.0218     -910.48  0.5643 -0.999E-02      -5688.97  0.3826 -0.101E-02      -2372.46  0.4453  0.987E-02      -1139.00  0.5048 -0.505E-02      -1575.50  0.4780 -0.106E-02
         90.0285     -910.45  0.5643 -0.998E-02      -5688.97  0.3826 -0.101E-02      -2372.45  0.4453  0.987E-02      -1139.01  0.5048 -0.505E-02      -1575.50  0.4780 -0.105E-02
         90.0372     -910.41  0.5643 -0.999E-02      -5688.97  0.3826 -0.101E-02      -2372.43  0.4453  0.987E-02      -1139.01  0.5048 -0.505E-02      -1575.51  0.4780 -0.106E-02
         90.0484     -910.37  0.5643 -0.100E-01      -5688.97  0.3826 -0.101E-02      -2372.41  0.4453  0.987E-02      -1139.02  0.5048 -0.505E-02      -1575.51  0.4780 -0.106E-02
         90.0630     -910.31  0.5643 -0.100E-01      -5688.97  0.3826 -0.101E-02      -2372.38  0.4453  0.987E-02      -1139.03  0.5048 -0.505E-02      -1575.52  0.4780 -0.106E-02
         90.0820     -910.24  0.5643 -0.100E-01      -5688.98  0.3826 -0.101E-02      -2372.34  0.4453  0.987E-02      -1139.04  0.5048 -0.504E-02      -1575.53  0.4780 -0.106E-02
         90.1067     -910.16  0.5643 -0.100E-01      -5688.98  0.3826 -0.102E-02      -2372.29  0.4453  0.987E-02      -1139.06  0.5048 -0.504E-02      -1575.54  0.4780 -0.106E-02
         90.1388     -910.06  0.5644 -0.100E-01      -5688.98  0.3826 -0.102E-02      -2372.22  0.4453  0.987E-02      -1139.09  0.5048 -0.504E-02      -1575.56  0.4780 -0.106E-02
         90.1806     -909.96  0.5644 -0.100E-01      -5688.98  0.3826 -0.102E-02      -2372.13  0.4453  0.987E-02      -1139.12  0.5048 -0.504E-02      -1575.58  0.4780 -0.106E-02
         90.2349     -909.84  0.5644 -0.100E-01      -5688.99  0.3826 -0.102E-02      -2372.01  0.4453  0.987E-02      -1139.16  0.5047 -0.504E-02      -1575.61  0.4780 -0.106E-02
         90.3054     -909.74  0.5644 -0.100E-01      -5688.99  0.3826 -0.102E-02      -2371.86  0.4453  0.987E-02      -1139.21  0.5047 -0.503E-02      -1575.64  0.4780 -0.106E-02
         90.3972     -909.68  0.5644 -0.100E-01      -5688.99  0.3826 -0.102E-02      -2371.67  0.4453  0.987E-02      -1139.27  0.5047 -0.503E-02      -1575.69  0.4780 -0.106E-02
         90.5164     -909.70  0.5644 -0.100E-01      -5688.99  0.3826 -0.102E-02      -2371.42  0.4453  0.987E-02      -1139.36  0.5047 -0.503E-02      -1575.75  0.4780 -0.106E-02
         90.6715     -909.87  0.5644 -0.100E-01      -5688.98  0.3826 -0.103E-02      -2371.10  0.4454  0.986E-02      -1139.47  0.5047 -0.502E-02      -1575.83  0.4780 -0.106E-02
         90.8730     -910.31  0.5643 -0.100E-01      -5688.95  0.3826 -0.103E-02      -2370.67  0.4454  0.986E-02      -1139.62  0.5047 -0.501E-02      -1575.93  0.4780 -0.106E-02
         91.1350     -911.17  0.5642 -0.100E-01      -5688.90  0.3826 -0.104E-02      -2370.13  0.4454  0.986E-02      -1139.81  0.5047 -0.500E-02      -1576.06  0.4780 -0.106E-02
         91.4756     -912.63  0.5641 -0.100E-01      -5688.80  0.3826 -0.104E-02      -2369.43  0.4454  0.985E-02      -1140.06  0.5047 -0.499E-02      -1576.24  0.4780 -0.106E-02
         91.9184     -914.95  0.5639 -0.100E-01      -5688.60  0.3826 -0.105E-02      -2368.52  0.4455  0.985E-02      -1140.38  0.5047 -0.497E-02      -1576.46  0.4780 -0.106E-02
         92.4940     -918.39  0.5635 -0.100E-01      -5688.23  0.3826 -0.107E-02      -2367.36  0.4455  0.984E-02      -1140.80  0.5046 -0.494E-02      -1576.75  0.4780 -0.106E-02
         93.2446     -923.65  0.5630 -0.100E-01      -5687.53  0.3826 -0.109E-02      -2365.87  0.4455  0.983E-02      -1141.35  0.5046 -0.491E-02      -1577.12  0.4780 -0.106E-02
         94.2096     -931.00  0.5622 -0.100E-01      -5686.27  0.3826 -0.112E-02      -2363.99  0.4456  0.981E-02      -1142.06  0.5045 -0.488E-02      -1577.60  0.4779 -0.106E-02
         95.3677     -940.05  0.5613 -0.100E-01      -5684.18  0.3827 -0.116E-02      -2361.79  0.4457  0.979E-02      -1142.91  0.5045 -0.483E-02      -1578.17  0.4779 -0.106E-02
         96.9118     -951.89  0.5601 -0.100E-01      -5680.25  0.3827 -0.122E-02      -2358.95  0.4458  0.976E-02      -1144.06  0.5044 -0.477E-02      -1578.92  0.4779 -0.106E-02
        100.0000     -976.70  0.5581 -0.100E-01      -5666.89  0.3829 -0.138E-02      -2353.61  0.4460  0.971E-02      -1146.35  0.5042 -0.465E-02      -1580.39  0.4778 -0.106E-02
        102.5000    -1027.30  0.5543 -0.312E-07      -5652.76  0.3831 -0.152E-02      -2349.45  0.4461  0.966E-02      -1148.22  0.5041 -0.456E-02      -1581.57  0.4777 -0.105E-02
        106.2500    -1074.06  0.5502  0.186E-07      -5620.97  0.3834 -0.180E-02      -2343.69  0.4464  0.959E-02      -1151.03  0.5038 -0.443E-02      -1583.30  0.4777 -0.105E-02
        110.0000    -1116.58  0.5470  0.526E-07      -5579.71  0.3839 -0.211E-02      -2338.27  0.4466  0.952E-02      -1153.84  0.5036 -0.431E-02      -1584.99  0.4776 -0.105E-02
end
