 ******* Program HYDRUS
 ******* 
 Welcome to HYDRUS-1D                                                    
 Date:  17. 2.    Time:  16:10:38
 Units: L = mm   , T = min  , M = mmol 

       Time          rTop        rRoot        vTop         vRoot        vBot       sum(rTop)   sum(rRoot)    sum(vTop)   sum(vRoot)    sum(vBot)      hTop         hRoot        hBot        RunOff    sum(RunOff)     Volume     sum(Infil)    sum(Evap) TLevel Cum(WTrans)  SnowLayer
        [T]         [L/T]        [L/T]        [L/T]        [L/T]        [L/T]         [L]          [L]          [L]         [L]           [L]         [L]           [L]         [L]          [L/T]         [L]          [L]          [L]          [L]

      10.0001 -0.30000E-01  0.00000E+00 -0.29803E-01  0.00000E+00 -0.73943E-03 -0.30000E-05  0.00000E+00 -0.29803E-05  0.00000E+00 -0.73943E-07 -0.18855E+05  0.00000E+00 -0.13927E+04  0.19744E-03  0.19744E-07  0.43293E+03  0.29803E-05  0.00000E+00      1  0.00000E+00      0.000
      10.0002 -0.30000E-01  0.00000E+00 -0.29803E-01  0.00000E+00 -0.22295E-02 -0.60000E-05  0.00000E+00 -0.59605E-05  0.00000E+00 -0.29690E-06 -0.18855E+05  0.00000E+00 -0.13927E+04  0.19743E-03  0.39487E-07  0.43293E+03  0.59605E-05  0.00000E+00      2  0.00000E+00      0.000
      10.0003 -0.30000E-01  0.00000E+00 -0.30175E-01  0.00000E+00 -0.14847E-02 -0.10000E-04  0.00000E+00 -0.99839E-05  0.00000E+00 -0.49486E-06 -0.18855E+05  0.00000E+00 -0.13927E+04  0.17510E-03  0.62834E-07  0.43293E+03  0.99839E-05  0.00000E+00      3  0.00000E+00      0.000
      10.0005 -0.30000E-01  0.00000E+00 -0.30399E-01  0.00000E+00 -0.10379E-02 -0.15000E-04  0.00000E+00 -0.15050E-04  0.00000E+00 -0.66783E-06 -0.18854E+05  0.00000E+00 -0.13927E+04  0.39862E-03  0.12927E-06  0.43293E+03  0.15050E-04  0.00000E+00      4  0.00000E+00      0.000
      10.0008 -0.30000E-01  0.00000E+00 -0.29803E-01  0.00000E+00 -0.16341E-02 -0.22500E-04  0.00000E+00 -0.22501E-04  0.00000E+00 -0.10764E-05 -0.18854E+05  0.00000E+00 -0.13927E+04  0.19741E-03  0.17862E-06  0.43293E+03  0.22501E-04  0.00000E+00      5  0.00000E+00      0.000
      10.0010 -0.30000E-01  0.00000E+00 -0.29803E-01  0.00000E+00 -0.16344E-02 -0.30000E-04  0.00000E+00 -0.29952E-04  0.00000E+00 -0.14850E-05 -0.18853E+05  0.00000E+00 -0.13927E+04  0.19740E-03  0.22797E-06  0.43293E+03  0.29952E-04  0.00000E+00      6  0.00000E+00      0.000
      10.0011 -0.50000E-01  0.00000E+00 -0.50664E-01  0.00000E+00 -0.22306E-02 -0.35000E-04  0.00000E+00 -0.35018E-04  0.00000E+00 -0.17080E-05 -0.18853E+05  0.00000E+00 -0.13927E+04  0.66423E-03  0.29440E-06  0.43293E+03  0.35018E-04  0.00000E+00      7  0.00000E+00      0.000
      10.0012 -0.50000E-01  0.00000E+00 -0.50435E-01  0.00000E+00 -0.15431E-02 -0.41500E-04  0.00000E+00 -0.41575E-04  0.00000E+00 -0.19086E-05 -0.18853E+05  0.00000E+00 -0.13927E+04  0.43500E-03  0.35095E-06  0.43293E+03  0.41575E-04  0.00000E+00      8  0.00000E+00      0.000
      10.0014 -0.50000E-01  0.00000E+00 -0.50259E-01  0.00000E+00 -0.10142E-02 -0.49950E-04  0.00000E+00 -0.50068E-04  0.00000E+00 -0.20800E-05 -0.18852E+05  0.00000E+00 -0.13927E+04  0.25867E-03  0.39466E-06  0.43293E+03  0.50068E-04  0.00000E+00      9  0.00000E+00      0.000
      10.0016 -0.50000E-01  0.00000E+00 -0.50191E-01  0.00000E+00 -0.12857E-02 -0.60935E-04  0.00000E+00 -0.61095E-04  0.00000E+00 -0.23625E-05 -0.18851E+05  0.00000E+00 -0.13927E+04  0.19087E-03  0.43659E-06  0.43293E+03  0.61095E-04  0.00000E+00     10  0.00000E+00      0.000
      10.0019 -0.50000E-01  0.00000E+00 -0.50087E-01  0.00000E+00 -0.13382E-02 -0.75215E-04  0.00000E+00 -0.75400E-04  0.00000E+00 -0.27447E-05 -0.18850E+05  0.00000E+00 -0.13927E+04  0.86542E-04  0.46131E-06  0.43293E+03  0.75400E-04  0.00000E+00     11  0.00000E+00      0.000
      10.0023 -0.50000E-01  0.00000E+00 -0.50167E-01  0.00000E+00 -0.16595E-02 -0.93780E-04  0.00000E+00 -0.94027E-04  0.00000E+00 -0.33609E-05 -0.18849E+05  0.00000E+00 -0.13927E+04  0.16684E-03  0.52326E-06  0.43293E+03  0.94027E-04  0.00000E+00     12  0.00000E+00      0.000
      10.0028 -0.50000E-01  0.00000E+00 -0.50013E-01  0.00000E+00 -0.14131E-02 -0.11791E-03  0.00000E+00 -0.11817E-03  0.00000E+00 -0.40429E-05 -0.18847E+05  0.00000E+00 -0.13927E+04  0.12524E-04  0.52930E-06  0.43293E+03  0.11817E-03  0.00000E+00     13  0.00000E+00      0.000
      10.0034 -0.50000E-01  0.00000E+00 -0.50108E-01  0.00000E+00 -0.13900E-02 -0.14929E-03  0.00000E+00 -0.14961E-03  0.00000E+00 -0.49152E-05 -0.18845E+05  0.00000E+00 -0.13927E+04  0.10756E-03  0.59680E-06  0.43293E+03  0.14961E-03  0.00000E+00     14  0.00000E+00      0.000
      10.0042 -0.50000E-01  0.00000E+00 -0.50053E-01  0.00000E+00 -0.14457E-02 -0.19007E-03  0.00000E+00 -0.19044E-03  0.00000E+00 -0.60945E-05 -0.18843E+05  0.00000E+00 -0.13927E+04  0.52832E-04  0.63990E-06  0.43293E+03  0.19044E-03  0.00000E+00     15  0.00000E+00      0.000
      10.0053 -0.50000E-01  0.00000E+00 -0.50025E-01  0.00000E+00 -0.15031E-02 -0.24310E-03  0.00000E+00 -0.24349E-03  0.00000E+00 -0.76884E-05 -0.18839E+05  0.00000E+00 -0.13927E+04  0.24814E-04  0.66621E-06  0.43293E+03  0.24349E-03  0.00000E+00     16  0.00000E+00      0.000
      10.0066 -0.50000E-01  0.00000E+00 -0.50047E-01  0.00000E+00 -0.14180E-02 -0.31203E-03  0.00000E+00 -0.31248E-03  0.00000E+00 -0.96433E-05 -0.18834E+05  0.00000E+00 -0.13928E+04  0.46544E-04  0.73037E-06  0.43293E+03  0.31248E-03  0.00000E+00     17  0.00000E+00      0.000
      10.0084 -0.50000E-01  0.00000E+00 -0.49972E-01  0.00000E+00 -0.15031E-02 -0.40163E-03  0.00000E+00 -0.40204E-03  0.00000E+00 -0.12337E-04 -0.18828E+05  0.00000E+00 -0.13928E+04  0.28148E-04  0.78082E-06  0.43293E+03  0.40204E-03  0.00000E+00     18  0.00000E+00      0.000
      10.0108 -0.50000E-01  0.00000E+00 -0.50017E-01  0.00000E+00 -0.14352E-02 -0.51812E-03  0.00000E+00 -0.51857E-03  0.00000E+00 -0.15681E-04 -0.18821E+05  0.00000E+00 -0.13928E+04  0.16812E-04  0.81999E-06  0.43293E+03  0.51857E-03  0.00000E+00     19  0.00000E+00      0.000
      10.0138 -0.50000E-01  0.00000E+00 -0.49988E-01  0.00000E+00 -0.14777E-02 -0.66956E-03  0.00000E+00 -0.66997E-03  0.00000E+00 -0.20157E-04 -0.18810E+05  0.00000E+00 -0.13928E+04  0.12469E-04  0.85775E-06  0.43293E+03  0.66997E-03  0.00000E+00     20  0.00000E+00      0.000
      10.0177 -0.50000E-01  0.00000E+00 -0.49995E-01  0.00000E+00 -0.14631E-02 -0.86643E-03  0.00000E+00 -0.86682E-03  0.00000E+00 -0.25917E-04 -0.18797E+05  0.00000E+00 -0.13928E+04  0.00000E+00  0.85775E-06  0.43293E+03  0.86682E-03  0.00000E+00     21  0.00000E+00      0.000
      10.0228 -0.50000E-01  0.00000E+00 -0.49987E-01  0.00000E+00 -0.14567E-02 -0.11224E-02  0.00000E+00 -0.11227E-02  0.00000E+00 -0.33373E-04 -0.18780E+05  0.00000E+00 -0.13929E+04  0.12908E-04  0.92383E-06  0.43293E+03  0.11227E-02  0.00000E+00     22  0.00000E+00      0.000
      10.0295 -0.50000E-01  0.00000E+00 -0.50008E-01  0.00000E+00 -0.14526E-02 -0.14551E-02  0.00000E+00 -0.14554E-02  0.00000E+00 -0.43039E-04 -0.18757E+05  0.00000E+00 -0.13929E+04  0.00000E+00  0.92383E-06  0.43293E+03  0.14554E-02  0.00000E+00     23  0.00000E+00      0.000
      10.0382 -0.50000E-01  0.00000E+00 -0.49993E-01  0.00000E+00 -0.14425E-02 -0.18876E-02  0.00000E+00 -0.18879E-02  0.00000E+00 -0.55517E-04 -0.18728E+05  0.00000E+00 -0.13930E+04  0.00000E+00  0.92383E-06  0.43293E+03  0.18879E-02  0.00000E+00     24  0.00000E+00      0.000
      10.0494 -0.50000E-01  0.00000E+00 -0.49999E-01  0.00000E+00 -0.14473E-02 -0.24499E-02  0.00000E+00 -0.24502E-02  0.00000E+00 -0.71793E-04 -0.18690E+05  0.00000E+00 -0.13931E+04  0.00000E+00  0.92383E-06  0.43293E+03  0.24502E-02  0.00000E+00     25  0.00000E+00      0.000
      10.0640 -0.50000E-01  0.00000E+00 -0.50001E-01  0.00000E+00 -0.14560E-02 -0.31808E-02  0.00000E+00 -0.31811E-02  0.00000E+00 -0.93079E-04 -0.18641E+05  0.00000E+00 -0.13932E+04  0.00000E+00  0.92383E-06  0.43293E+03  0.31811E-02  0.00000E+00     26  0.00000E+00      0.000
      10.0830 -0.50000E-01  0.00000E+00 -0.49999E-01  0.00000E+00 -0.14516E-02 -0.41311E-02  0.00000E+00 -0.41314E-02  0.00000E+00 -0.12067E-03 -0.18577E+05  0.00000E+00 -0.13933E+04  0.00000E+00  0.92383E-06  0.43293E+03  0.41314E-02  0.00000E+00     27  0.00000E+00      0.000
      10.1077 -0.50000E-01  0.00000E+00 -0.50002E-01  0.00000E+00 -0.14516E-02 -0.53664E-02  0.00000E+00 -0.53668E-02  0.00000E+00 -0.15653E-03 -0.18494E+05  0.00000E+00 -0.13935E+04  0.00000E+00  0.92383E-06  0.43293E+03  0.53668E-02  0.00000E+00     28  0.00000E+00      0.000
      10.1398 -0.50000E-01  0.00000E+00 -0.50002E-01  0.00000E+00 -0.14495E-02 -0.69723E-02  0.00000E+00 -0.69727E-02  0.00000E+00 -0.20309E-03 -0.18386E+05  0.00000E+00 -0.13937E+04  0.00000E+00  0.92383E-06  0.43294E+03  0.69727E-02  0.00000E+00     29  0.00000E+00      0.000
      10.1816 -0.50000E-01  0.00000E+00 -0.50000E-01  0.00000E+00 -0.14519E-02 -0.90600E-02  0.00000E+00 -0.90604E-02  0.00000E+00 -0.26371E-03 -0.18245E+05  0.00000E+00 -0.13940E+04  0.00000E+00  0.92383E-06  0.43294E+03  0.90604E-02  0.00000E+00     30  0.00000E+00      0.000
      10.2359 -0.50000E-01  0.00000E+00 -0.50000E-01  0.00000E+00 -0.14508E-02 -0.11774E-01  0.00000E+00 -0.11774E-01  0.00000E+00 -0.34246E-03 -0.18063E+05  0.00000E+00 -0.13943E+04  0.00000E+00  0.92383E-06  0.43294E+03  0.11774E-01  0.00000E+00     31  0.00000E+00      0.000
      10.3064 -0.50000E-01  0.00000E+00 -0.50000E-01  0.00000E+00 -0.14502E-02 -0.15302E-01  0.00000E+00 -0.15303E-01  0.00000E+00 -0.44479E-03 -0.17825E+05  0.00000E+00 -0.13948E+04  0.00000E+00  0.92383E-06  0.43294E+03  0.15303E-01  0.00000E+00     32  0.00000E+00      0.000
      10.3982 -0.50000E-01  0.00000E+00 -0.50000E-01  0.00000E+00 -0.14492E-02 -0.19889E-01  0.00000E+00 -0.19889E-01  0.00000E+00 -0.57773E-03 -0.17517E+05  0.00000E+00 -0.13953E+04  0.00000E+00  0.92383E-06  0.43295E+03  0.19889E-01  0.00000E+00     33  0.00000E+00      0.000
      10.5174 -0.50000E-01  0.00000E+00 -0.50000E-01  0.00000E+00 -0.14476E-02 -0.25852E-01  0.00000E+00 -0.25852E-01  0.00000E+00 -0.75036E-03 -0.17116E+05  0.00000E+00 -0.13960E+04  0.00000E+00  0.92383E-06  0.43295E+03  0.25852E-01  0.00000E+00     34  0.00000E+00      0.000
      10.6725 -0.50000E-01  0.00000E+00 -0.50000E-01  0.00000E+00 -0.14467E-02 -0.33603E-01  0.00000E+00 -0.33603E-01  0.00000E+00 -0.97465E-03 -0.16594E+05  0.00000E+00 -0.13969E+04  0.00000E+00  0.92383E-06  0.43296E+03  0.33603E-01  0.00000E+00     35  0.00000E+00      0.000
      10.8740 -0.50000E-01  0.00000E+00 -0.50000E-01  0.00000E+00 -0.14450E-02 -0.43680E-01  0.00000E+00 -0.43680E-01  0.00000E+00 -0.12659E-02 -0.15917E+05  0.00000E+00 -0.13979E+04  0.00000E+00  0.92383E-06  0.43297E+03  0.43680E-01  0.00000E+00     36  0.00000E+00      0.000
      11.1360 -0.50000E-01  0.00000E+00 -0.50000E-01  0.00000E+00 -0.14431E-02 -0.56780E-01  0.00000E+00 -0.56780E-01  0.00000E+00 -0.16439E-02 -0.15180E+05  0.00000E+00 -0.13991E+04  0.00000E+00  0.92383E-06  0.43298E+03  0.56780E-01  0.00000E+00     37  0.00000E+00      0.000
      11.4766 -0.50000E-01  0.00000E+00 -0.50000E-01  0.00000E+00 -0.14404E-02 -0.73810E-01  0.00000E+00 -0.73810E-01  0.00000E+00 -0.21346E-02 -0.14315E+05  0.00000E+00 -0.14005E+04  0.00000E+00  0.92383E-06  0.43300E+03  0.73810E-01  0.00000E+00     38  0.00000E+00      0.000
      11.9194 -0.50000E-01  0.00000E+00 -0.50000E-01  0.00000E+00 -0.14376E-02 -0.95949E-01  0.00000E+00 -0.95949E-01  0.00000E+00 -0.27711E-02 -0.13190E+05  0.00000E+00 -0.14021E+04  0.00000E+00  0.92383E-06  0.43302E+03  0.95949E-01  0.00000E+00     39  0.00000E+00      0.000
      12.4950 -0.50000E-01  0.00000E+00 -0.50000E-01  0.00000E+00 -0.14339E-02 -0.12473E+00  0.00000E+00 -0.12473E+00  0.00000E+00 -0.35965E-02 -0.11904E+05  0.00000E+00 -0.14039E+04  0.00000E+00  0.92383E-06  0.43305E+03  0.12473E+00  0.00000E+00     40  0.00000E+00      0.000
      13.2455 -0.50000E-01  0.00000E+00 -0.50000E-01  0.00000E+00 -0.14294E-02 -0.16225E+00  0.00000E+00 -0.16225E+00  0.00000E+00 -0.46692E-02 -0.10490E+05  0.00000E+00 -0.14060E+04  0.00000E+00  0.92383E-06  0.43309E+03  0.16225E+00  0.00000E+00     41  0.00000E+00      0.000
      14.2104 -0.50000E-01  0.00000E+00 -0.50000E-01  0.00000E+00 -0.14244E-02 -0.21050E+00  0.00000E+00 -0.21050E+00  0.00000E+00 -0.60437E-02 -0.89643E+04  0.00000E+00 -0.14083E+04  0.00000E+00  0.92383E-06  0.43313E+03  0.21050E+00  0.00000E+00     42  0.00000E+00      0.000
      15.3683 -0.50000E-01  0.00000E+00 -0.50000E-01  0.00000E+00 -0.14190E-02 -0.26840E+00  0.00000E+00 -0.26840E+00  0.00000E+00 -0.76867E-02 -0.74615E+04  0.00000E+00 -0.14106E+04  0.00000E+00  0.92383E-06  0.43319E+03  0.26840E+00  0.00000E+00     43  0.00000E+00      0.000
      16.9122 -0.50000E-01  0.00000E+00 -0.50000E-01  0.00000E+00 -0.14124E-02 -0.34559E+00  0.00000E+00 -0.34559E+00  0.00000E+00 -0.98674E-02 -0.59776E+04  0.00000E+00 -0.14133E+04  0.00000E+00  0.92383E-06  0.43326E+03  0.34559E+00  0.00000E+00     44  0.00000E+00      0.000
      20.0000 -0.50000E-01  0.00000E+00 -0.50000E-01  0.00000E+00 -0.14013E-02 -0.49998E+00  0.00000E+00 -0.49998E+00  0.00000E+00 -0.14194E-01 -0.40602E+04  0.00000E+00 -0.14178E+04  0.00000E+00  0.92383E-06  0.43341E+03  0.49998E+00  0.00000E+00     45  0.00000E+00      0.000
      22.0000  0.00000E+00  0.00000E+00  0.10710E-07  0.00000E+00 -0.13948E-02 -0.49998E+00  0.00000E+00 -0.49998E+00  0.00000E+00 -0.16984E-01 -0.42355E+04  0.00000E+00 -0.14204E+04  0.00000E+00  0.92383E-06  0.43341E+03  0.49998E+00  0.21420E-07     46  0.00000E+00      0.000
      24.0000  0.00000E+00  0.00000E+00  0.27474E-07  0.00000E+00 -0.13887E-02 -0.49998E+00  0.00000E+00 -0.49998E+00  0.00000E+00 -0.19761E-01 -0.43989E+04  0.00000E+00 -0.14228E+04  0.00000E+00  0.92383E-06  0.43341E+03  0.49998E+00  0.76368E-07     47  0.00000E+00      0.000
      27.0000  0.00000E+00  0.00000E+00  0.23283E-08  0.00000E+00 -0.13804E-02 -0.49998E+00  0.00000E+00 -0.49998E+00  0.00000E+00 -0.23902E-01 -0.45921E+04  0.00000E+00 -0.14259E+04  0.00000E+00  0.92383E-06  0.43341E+03  0.49998E+00  0.83353E-07     48  0.00000E+00      0.000
      30.0000  0.00000E+00  0.00000E+00  0.97789E-08  0.00000E+00 -0.13728E-02 -0.49998E+00  0.00000E+00 -0.49998E+00  0.00000E+00 -0.28021E-01 -0.47626E+04  0.00000E+00 -0.14289E+04  0.00000E+00  0.92383E-06  0.43340E+03  0.49998E+00  0.11269E-06     49  0.00000E+00      0.000
      30.0001 -0.30000E-01  0.00000E+00 -0.29826E-01  0.00000E+00 -0.10787E-02 -0.49998E+00  0.00000E+00 -0.49998E+00  0.00000E+00 -0.28021E-01 -0.47651E+04  0.00000E+00 -0.14289E+04  0.17383E-03  0.94121E-06  0.43340E+03  0.49998E+00  0.11269E-06     50  0.00000E+00      0.000
      30.0002 -0.30000E-01  0.00000E+00 -0.29712E-01  0.00000E+00 -0.10785E-02 -0.49999E+00  0.00000E+00 -0.49999E+00  0.00000E+00 -0.28021E-01 -0.47644E+04  0.00000E+00 -0.14289E+04  0.28763E-03  0.97860E-06  0.43340E+03  0.49999E+00  0.11269E-06     51  0.00000E+00      0.000
      30.0004 -0.30000E-01  0.00000E+00 -0.30065E-01  0.00000E+00 -0.10786E-02 -0.49999E+00  0.00000E+00 -0.49999E+00  0.00000E+00 -0.28021E-01 -0.47649E+04  0.00000E+00 -0.14289E+04  0.64721E-04  0.98954E-06  0.43340E+03  0.49999E+00  0.11269E-06     52  0.00000E+00      0.000
      30.0006 -0.30000E-01  0.00000E+00 -0.30269E-01  0.00000E+00 -0.10786E-02 -0.50000E+00  0.00000E+00 -0.50000E+00  0.00000E+00 -0.28021E-01 -0.47646E+04  0.00000E+00 -0.14289E+04  0.26860E-03  0.10485E-05  0.43340E+03  0.50000E+00  0.11269E-06     53  0.00000E+00      0.000
      30.0009 -0.30000E-01  0.00000E+00 -0.30060E-01  0.00000E+00 -0.10786E-02 -0.50001E+00  0.00000E+00 -0.50001E+00  0.00000E+00 -0.28022E-01 -0.47646E+04  0.00000E+00 -0.14289E+04  0.60132E-04  0.10657E-05  0.43340E+03  0.50001E+00  0.11269E-06     54  0.00000E+00      0.000
      30.0013 -0.30000E-01  0.00000E+00 -0.30181E-01  0.00000E+00 -0.14799E-02 -0.50002E+00  0.00000E+00 -0.50002E+00  0.00000E+00 -0.28022E-01 -0.47644E+04  0.00000E+00 -0.14289E+04  0.18097E-03  0.11329E-05  0.43340E+03  0.50002E+00  0.11269E-06     55  0.00000E+00      0.000
      30.0018 -0.30000E-01  0.00000E+00 -0.30120E-01  0.00000E+00 -0.13873E-02 -0.50003E+00  0.00000E+00 -0.50003E+00  0.00000E+00 -0.28023E-01 -0.47643E+04  0.00000E+00 -0.14289E+04  0.11974E-03  0.11907E-05  0.43340E+03  0.50003E+00  0.11269E-06     56  0.00000E+00      0.000
      30.0024 -0.30000E-01  0.00000E+00 -0.29907E-01  0.00000E+00 -0.13161E-02 -0.50005E+00  0.00000E+00 -0.50005E+00  0.00000E+00 -0.28024E-01 -0.47641E+04  0.00000E+00 -0.14289E+04  0.93309E-04  0.12493E-05  0.43340E+03  0.50005E+00  0.11269E-06     57  0.00000E+00      0.000
      30.0032 -0.30000E-01  0.00000E+00 -0.30072E-01  0.00000E+00 -0.14440E-02 -0.50008E+00  0.00000E+00 -0.50008E+00  0.00000E+00 -0.28025E-01 -0.47639E+04  0.00000E+00 -0.14289E+04  0.71974E-04  0.13080E-05  0.43340E+03  0.50008E+00  0.11269E-06     58  0.00000E+00      0.000
      30.0043 -0.30000E-01  0.00000E+00 -0.29933E-01  0.00000E+00 -0.13596E-02 -0.50011E+00  0.00000E+00 -0.50011E+00  0.00000E+00 -0.28026E-01 -0.47635E+04  0.00000E+00 -0.14289E+04  0.67402E-04  0.13794E-05  0.43340E+03  0.50011E+00  0.11269E-06     59  0.00000E+00      0.000
      30.0056 -0.30000E-01  0.00000E+00 -0.30010E-01  0.00000E+00 -0.14029E-02 -0.50015E+00  0.00000E+00 -0.50015E+00  0.00000E+00 -0.28028E-01 -0.47631E+04  0.00000E+00 -0.14289E+04  0.00000E+00  0.13794E-05  0.43340E+03  0.50015E+00  0.11269E-06     60  0.00000E+00      0.000
      30.0074 -0.30000E-01  0.00000E+00 -0.30028E-01  0.00000E+00 -0.13280E-02 -0.50020E+00  0.00000E+00 -0.50020E+00  0.00000E+00 -0.28031E-01 -0.47625E+04  0.00000E+00 -0.14289E+04  0.28307E-04  0.14302E-05  0.43340E+03  0.50020E+00  0.11269E-06     61  0.00000E+00      0.000
      30.0098 -0.30000E-01  0.00000E+00 -0.30024E-01  0.00000E+00 -0.13984E-02 -0.50027E+00  0.00000E+00 -0.50027E+00  0.00000E+00 -0.28034E-01 -0.47618E+04  0.00000E+00 -0.14289E+04  0.24410E-04  0.14870E-05  0.43340E+03  0.50027E+00  0.11269E-06     62  0.00000E+00      0.000
      30.0128 -0.30000E-01  0.00000E+00 -0.29993E-01  0.00000E+00 -0.13739E-02 -0.50036E+00  0.00000E+00 -0.50036E+00  0.00000E+00 -0.28038E-01 -0.47608E+04  0.00000E+00 -0.14289E+04  0.00000E+00  0.14870E-05  0.43340E+03  0.50036E+00  0.11269E-06     63  0.00000E+00      0.000
      30.0167 -0.30000E-01  0.00000E+00 -0.29982E-01  0.00000E+00 -0.13814E-02 -0.50048E+00  0.00000E+00 -0.50048E+00  0.00000E+00 -0.28044E-01 -0.47596E+04  0.00000E+00 -0.14289E+04  0.17678E-04  0.15567E-05  0.43340E+03  0.50048E+00  0.11269E-06     64  0.00000E+00      0.000
      30.0218 -0.30000E-01  0.00000E+00 -0.29991E-01  0.00000E+00 -0.13699E-02 -0.50064E+00  0.00000E+00 -0.50064E+00  0.00000E+00 -0.28051E-01 -0.47580E+04  0.00000E+00 -0.14289E+04  0.00000E+00  0.15567E-05  0.43340E+03  0.50064E+00  0.11269E-06     65  0.00000E+00      0.000
      30.0285 -0.30000E-01  0.00000E+00 -0.29987E-01  0.00000E+00 -0.13699E-02 -0.50084E+00  0.00000E+00 -0.50083E+00  0.00000E+00 -0.28060E-01 -0.47559E+04  0.00000E+00 -0.14289E+04  0.13322E-04  0.16453E-05  0.43340E+03  0.50084E+00  0.11269E-06     66  0.00000E+00      0.000
      30.0372 -0.30000E-01  0.00000E+00 -0.29994E-01  0.00000E+00 -0.13717E-02 -0.50109E+00  0.00000E+00 -0.50109E+00  0.00000E+00 -0.28072E-01 -0.47531E+04  0.00000E+00 -0.14289E+04  0.00000E+00  0.16453E-05  0.43340E+03  0.50109E+00  0.11269E-06     67  0.00000E+00      0.000
      30.0484 -0.30000E-01  0.00000E+00 -0.30001E-01  0.00000E+00 -0.13704E-02 -0.50143E+00  0.00000E+00 -0.50143E+00  0.00000E+00 -0.28087E-01 -0.47496E+04  0.00000E+00 -0.14289E+04  0.00000E+00  0.16453E-05  0.43340E+03  0.50143E+00  0.11269E-06     68  0.00000E+00      0.000
      30.0630 -0.30000E-01  0.00000E+00 -0.30003E-01  0.00000E+00 -0.13745E-02 -0.50187E+00  0.00000E+00 -0.50187E+00  0.00000E+00 -0.28107E-01 -0.47450E+04  0.00000E+00 -0.14290E+04  0.00000E+00  0.16453E-05  0.43340E+03  0.50187E+00  0.11269E-06     69  0.00000E+00      0.000
      30.0820 -0.30000E-01  0.00000E+00 -0.30002E-01  0.00000E+00 -0.13770E-02 -0.50244E+00  0.00000E+00 -0.50244E+00  0.00000E+00 -0.28133E-01 -0.47390E+04  0.00000E+00 -0.14290E+04  0.00000E+00  0.16453E-05  0.43340E+03  0.50244E+00  0.11269E-06     70  0.00000E+00      0.000
      30.1067 -0.30000E-01  0.00000E+00 -0.30001E-01  0.00000E+00 -0.13748E-02 -0.50318E+00  0.00000E+00 -0.50318E+00  0.00000E+00 -0.28167E-01 -0.47313E+04  0.00000E+00 -0.14290E+04  0.00000E+00  0.16453E-05  0.43340E+03  0.50318E+00  0.11269E-06     71  0.00000E+00      0.000
      30.1388 -0.30000E-01  0.00000E+00 -0.29998E-01  0.00000E+00 -0.13718E-02 -0.50415E+00  0.00000E+00 -0.50415E+00  0.00000E+00 -0.28211E-01 -0.47212E+04  0.00000E+00 -0.14290E+04  0.00000E+00  0.16453E-05  0.43340E+03  0.50415E+00  0.11269E-06     72  0.00000E+00      0.000
      30.1806 -0.30000E-01  0.00000E+00 -0.29998E-01  0.00000E+00 -0.13725E-02 -0.50540E+00  0.00000E+00 -0.50540E+00  0.00000E+00 -0.28269E-01 -0.47081E+04  0.00000E+00 -0.14291E+04  0.00000E+00  0.16453E-05  0.43341E+03  0.50540E+00  0.11269E-06     73  0.00000E+00      0.000
      30.2349 -0.30000E-01  0.00000E+00 -0.29999E-01  0.00000E+00 -0.13711E-02 -0.50703E+00  0.00000E+00 -0.50703E+00  0.00000E+00 -0.28343E-01 -0.46911E+04  0.00000E+00 -0.14291E+04  0.00000E+00  0.16453E-05  0.43341E+03  0.50703E+00  0.11269E-06     74  0.00000E+00      0.000
      30.3054 -0.30000E-01  0.00000E+00 -0.29999E-01  0.00000E+00 -0.13720E-02 -0.50914E+00  0.00000E+00 -0.50914E+00  0.00000E+00 -0.28440E-01 -0.46691E+04  0.00000E+00 -0.14292E+04  0.00000E+00  0.16453E-05  0.43341E+03  0.50914E+00  0.11269E-06     75  0.00000E+00      0.000
      30.3972 -0.30000E-01  0.00000E+00 -0.30000E-01  0.00000E+00 -0.13719E-02 -0.51190E+00  0.00000E+00 -0.51190E+00  0.00000E+00 -0.28566E-01 -0.46407E+04  0.00000E+00 -0.14293E+04  0.00000E+00  0.16453E-05  0.43341E+03  0.51190E+00  0.11269E-06     76  0.00000E+00      0.000
      30.5164 -0.30000E-01  0.00000E+00 -0.30000E-01  0.00000E+00 -0.13717E-02 -0.51547E+00  0.00000E+00 -0.51547E+00  0.00000E+00 -0.28729E-01 -0.46038E+04  0.00000E+00 -0.14294E+04  0.00000E+00  0.16453E-05  0.43342E+03  0.51547E+00  0.11269E-06     77  0.00000E+00      0.000
      30.6715 -0.30000E-01  0.00000E+00 -0.30000E-01  0.00000E+00 -0.13711E-02 -0.52012E+00  0.00000E+00 -0.52012E+00  0.00000E+00 -0.28942E-01 -0.45563E+04  0.00000E+00 -0.14295E+04  0.00000E+00  0.16453E-05  0.43342E+03  0.52012E+00  0.11269E-06     78  0.00000E+00      0.000
      30.8730 -0.30000E-01  0.00000E+00 -0.30000E-01  0.00000E+00 -0.13708E-02 -0.52617E+00  0.00000E+00 -0.52617E+00  0.00000E+00 -0.29218E-01 -0.44950E+04  0.00000E+00 -0.14297E+04  0.00000E+00  0.16453E-05  0.43343E+03  0.52617E+00  0.11269E-06     79  0.00000E+00      0.000
      31.1350 -0.30000E-01  0.00000E+00 -0.30000E-01  0.00000E+00 -0.13698E-02 -0.53403E+00  0.00000E+00 -0.53403E+00  0.00000E+00 -0.29577E-01 -0.44162E+04  0.00000E+00 -0.14300E+04  0.00000E+00  0.16453E-05  0.43343E+03  0.53403E+00  0.11269E-06     80  0.00000E+00      0.000
      31.4756 -0.30000E-01  0.00000E+00 -0.30000E-01  0.00000E+00 -0.13694E-02 -0.54425E+00  0.00000E+00 -0.54425E+00  0.00000E+00 -0.30043E-01 -0.43152E+04  0.00000E+00 -0.14303E+04  0.00000E+00  0.16453E-05  0.43344E+03  0.54425E+00  0.11269E-06     81  0.00000E+00      0.000
      31.9184 -0.30000E-01  0.00000E+00 -0.30000E-01  0.00000E+00 -0.13682E-02 -0.55753E+00  0.00000E+00 -0.55753E+00  0.00000E+00 -0.30649E-01 -0.41863E+04  0.00000E+00 -0.14307E+04  0.00000E+00  0.16453E-05  0.43346E+03  0.55753E+00  0.11269E-06     82  0.00000E+00      0.000
      32.4940 -0.30000E-01  0.00000E+00 -0.30000E-01  0.00000E+00 -0.13667E-02 -0.57480E+00  0.00000E+00 -0.57480E+00  0.00000E+00 -0.31436E-01 -0.40229E+04  0.00000E+00 -0.14312E+04  0.00000E+00  0.16453E-05  0.43347E+03  0.57480E+00  0.11269E-06     83  0.00000E+00      0.000
      33.2446 -0.30000E-01  0.00000E+00 -0.30000E-01  0.00000E+00 -0.13649E-02 -0.59732E+00  0.00000E+00 -0.59732E+00  0.00000E+00 -0.32460E-01 -0.38274E+04  0.00000E+00 -0.14319E+04  0.00000E+00  0.16453E-05  0.43349E+03  0.59732E+00  0.11269E-06     84  0.00000E+00      0.000
      34.2096 -0.30000E-01  0.00000E+00 -0.30000E-01  0.00000E+00 -0.13627E-02 -0.62627E+00  0.00000E+00 -0.62627E+00  0.00000E+00 -0.33775E-01 -0.36443E+04  0.00000E+00 -0.14327E+04  0.00000E+00  0.16453E-05  0.43352E+03  0.62627E+00  0.11269E-06     85  0.00000E+00      0.000
      35.3677 -0.30000E-01  0.00000E+00 -0.30000E-01  0.00000E+00 -0.13602E-02 -0.66101E+00  0.00000E+00 -0.66101E+00  0.00000E+00 -0.35351E-01 -0.34281E+04  0.00000E+00 -0.14337E+04  0.00000E+00  0.16453E-05  0.43355E+03  0.66101E+00  0.11269E-06     86  0.00000E+00      0.000
      36.9118 -0.30000E-01  0.00000E+00 -0.30000E-01  0.00000E+00 -0.13569E-02 -0.70733E+00  0.00000E+00 -0.70733E+00  0.00000E+00 -0.37446E-01 -0.31751E+04  0.00000E+00 -0.14350E+04  0.00000E+00  0.16453E-05  0.43360E+03  0.70733E+00  0.11269E-06     87  0.00000E+00      0.000
      40.0000 -0.30000E-01  0.00000E+00 -0.30000E-01  0.00000E+00 -0.13506E-02 -0.79998E+00  0.00000E+00 -0.79998E+00  0.00000E+00 -0.41617E-01 -0.28202E+04  0.00000E+00 -0.14374E+04  0.00000E+00  0.16453E-05  0.43369E+03  0.79998E+00  0.11269E-06     88  0.00000E+00      0.000
      40.0001 -0.28000E+00  0.00000E+00 -0.27947E+00  0.00000E+00 -0.11164E-02 -0.80001E+00  0.00000E+00 -0.80001E+00  0.00000E+00 -0.41617E-01 -0.28235E+04  0.00000E+00 -0.14374E+04  0.53331E-03  0.16986E-05  0.43369E+03  0.80001E+00  0.11269E-06     89  0.00000E+00      0.000
      40.0002 -0.28000E+00  0.00000E+00 -0.28050E+00  0.00000E+00 -0.11164E-02 -0.80004E+00  0.00000E+00 -0.80004E+00  0.00000E+00 -0.41617E-01 -0.28224E+04  0.00000E+00 -0.14374E+04  0.49692E-03  0.17632E-05  0.43369E+03  0.80004E+00  0.11269E-06     90  0.00000E+00      0.000
      40.0004 -0.28000E+00  0.00000E+00 -0.28024E+00  0.00000E+00 -0.11164E-02 -0.80009E+00  0.00000E+00 -0.80009E+00  0.00000E+00 -0.41617E-01 -0.28228E+04  0.00000E+00 -0.14374E+04  0.24211E-03  0.18041E-05  0.43369E+03  0.80009E+00  0.11269E-06     91  0.00000E+00      0.000
      40.0006 -0.28000E+00  0.00000E+00 -0.28025E+00  0.00000E+00 -0.11164E-02 -0.80015E+00  0.00000E+00 -0.80015E+00  0.00000E+00 -0.41617E-01 -0.28221E+04  0.00000E+00 -0.14374E+04  0.24676E-03  0.18584E-05  0.43369E+03  0.80015E+00  0.11269E-06     92  0.00000E+00      0.000
      40.0009 -0.28000E+00  0.00000E+00 -0.28026E+00  0.00000E+00 -0.11164E-02 -0.80023E+00  0.00000E+00 -0.80023E+00  0.00000E+00 -0.41618E-01 -0.28217E+04  0.00000E+00 -0.14374E+04  0.25672E-03  0.19317E-05  0.43369E+03  0.80023E+00  0.11269E-06     93  0.00000E+00      0.000
      40.0013 -0.28000E+00  0.00000E+00 -0.27983E+00  0.00000E+00 -0.11164E-02 -0.80034E+00  0.00000E+00 -0.80034E+00  0.00000E+00 -0.41618E-01 -0.28209E+04  0.00000E+00 -0.14374E+04  0.17399E-03  0.19963E-05  0.43369E+03  0.80034E+00  0.11269E-06     94  0.00000E+00      0.000
      40.0018 -0.28000E+00  0.00000E+00 -0.28003E+00  0.00000E+00 -0.14251E-02 -0.80047E+00  0.00000E+00 -0.80047E+00  0.00000E+00 -0.41619E-01 -0.28201E+04  0.00000E+00 -0.14374E+04  0.26345E-04  0.20090E-05  0.43369E+03  0.80047E+00  0.11269E-06     95  0.00000E+00      0.000
      40.0024 -0.28000E+00  0.00000E+00 -0.28009E+00  0.00000E+00 -0.13537E-02 -0.80065E+00  0.00000E+00 -0.80065E+00  0.00000E+00 -0.41620E-01 -0.28189E+04  0.00000E+00 -0.14374E+04  0.92834E-04  0.20673E-05  0.43369E+03  0.80065E+00  0.11269E-06     96  0.00000E+00      0.000
      40.0032 -0.28000E+00  0.00000E+00 -0.27995E+00  0.00000E+00 -0.12990E-02 -0.80088E+00  0.00000E+00 -0.80088E+00  0.00000E+00 -0.41621E-01 -0.28173E+04  0.00000E+00 -0.14374E+04  0.46551E-04  0.21052E-05  0.43369E+03  0.80088E+00  0.11269E-06     97  0.00000E+00      0.000
      40.0043 -0.28000E+00  0.00000E+00 -0.28001E+00  0.00000E+00 -0.13974E-02 -0.80117E+00  0.00000E+00 -0.80117E+00  0.00000E+00 -0.41622E-01 -0.28153E+04  0.00000E+00 -0.14374E+04  0.13918E-04  0.21200E-05  0.43369E+03  0.80117E+00  0.11269E-06     98  0.00000E+00      0.000
      40.0056 -0.28000E+00  0.00000E+00 -0.27995E+00  0.00000E+00 -0.13325E-02 -0.80156E+00  0.00000E+00 -0.80156E+00  0.00000E+00 -0.41624E-01 -0.28127E+04  0.00000E+00 -0.14374E+04  0.52065E-04  0.21918E-05  0.43369E+03  0.80156E+00  0.11269E-06     99  0.00000E+00      0.000
      40.0074 -0.28000E+00  0.00000E+00 -0.28001E+00  0.00000E+00 -0.13658E-02 -0.80206E+00  0.00000E+00 -0.80206E+00  0.00000E+00 -0.41626E-01 -0.28093E+04  0.00000E+00 -0.14374E+04  0.11027E-04  0.22115E-05  0.43369E+03  0.80206E+00  0.11269E-06    100  0.00000E+00      0.000
      40.0098 -0.28000E+00  0.00000E+00 -0.28003E+00  0.00000E+00 -0.13722E-02 -0.80271E+00  0.00000E+00 -0.80271E+00  0.00000E+00 -0.41630E-01 -0.28050E+04  0.00000E+00 -0.14374E+04  0.31084E-04  0.22839E-05  0.43369E+03  0.80271E+00  0.11269E-06    101  0.00000E+00      0.000
      40.0128 -0.28000E+00  0.00000E+00 -0.28001E+00  0.00000E+00 -0.13623E-02 -0.80356E+00  0.00000E+00 -0.80356E+00  0.00000E+00 -0.41634E-01 -0.27992E+04  0.00000E+00 -0.14374E+04  0.00000E+00  0.22839E-05  0.43369E+03  0.80356E+00  0.11269E-06    102  0.00000E+00      0.000
      40.0167 -0.28000E+00  0.00000E+00 -0.28000E+00  0.00000E+00 -0.13435E-02 -0.80466E+00  0.00000E+00 -0.80466E+00  0.00000E+00 -0.41639E-01 -0.27918E+04  0.00000E+00 -0.14374E+04  0.00000E+00  0.22839E-05  0.43369E+03  0.80466E+00  0.11269E-06    103  0.00000E+00      0.000
      40.0218 -0.28000E+00  0.00000E+00 -0.28002E+00  0.00000E+00 -0.13493E-02 -0.80610E+00  0.00000E+00 -0.80610E+00  0.00000E+00 -0.41646E-01 -0.27822E+04  0.00000E+00 -0.14374E+04  0.15914E-04  0.23654E-05  0.43369E+03  0.80610E+00  0.11269E-06    104  0.00000E+00      0.000
      40.0285 -0.28000E+00  0.00000E+00 -0.28000E+00  0.00000E+00 -0.13404E-02 -0.80796E+00  0.00000E+00 -0.80796E+00  0.00000E+00 -0.41655E-01 -0.27697E+04  0.00000E+00 -0.14374E+04  0.00000E+00  0.23654E-05  0.43370E+03  0.80796E+00  0.11269E-06    105  0.00000E+00      0.000
      40.0372 -0.28000E+00  0.00000E+00 -0.28001E+00  0.00000E+00 -0.13576E-02 -0.81038E+00  0.00000E+00 -0.81038E+00  0.00000E+00 -0.41667E-01 -0.27534E+04  0.00000E+00 -0.14374E+04  0.00000E+00  0.23654E-05  0.43370E+03  0.81038E+00  0.11269E-06    106  0.00000E+00      0.000
      40.0484 -0.28000E+00  0.00000E+00 -0.27999E+00  0.00000E+00 -0.13550E-02 -0.81353E+00  0.00000E+00 -0.81353E+00  0.00000E+00 -0.41682E-01 -0.27323E+04  0.00000E+00 -0.14374E+04  0.00000E+00  0.23654E-05  0.43370E+03  0.81353E+00  0.11269E-06    107  0.00000E+00      0.000
      40.0630 -0.28000E+00  0.00000E+00 -0.28001E+00  0.00000E+00 -0.13510E-02 -0.81762E+00  0.00000E+00 -0.81762E+00  0.00000E+00 -0.41702E-01 -0.27049E+04  0.00000E+00 -0.14374E+04  0.00000E+00  0.23654E-05  0.43370E+03  0.81763E+00  0.11269E-06    108  0.00000E+00      0.000
      40.0820 -0.28000E+00  0.00000E+00 -0.28000E+00  0.00000E+00 -0.13518E-02 -0.82295E+00  0.00000E+00 -0.82295E+00  0.00000E+00 -0.41727E-01 -0.26694E+04  0.00000E+00 -0.14374E+04  0.00000E+00  0.23654E-05  0.43371E+03  0.82295E+00  0.11269E-06    109  0.00000E+00      0.000
      40.1067 -0.28000E+00  0.00000E+00 -0.28000E+00  0.00000E+00 -0.13518E-02 -0.82986E+00  0.00000E+00 -0.82986E+00  0.00000E+00 -0.41761E-01 -0.26234E+04  0.00000E+00 -0.14375E+04  0.00000E+00  0.23654E-05  0.43372E+03  0.82986E+00  0.11269E-06    110  0.00000E+00      0.000
      40.1388 -0.28000E+00  0.00000E+00 -0.28000E+00  0.00000E+00 -0.13487E-02 -0.83886E+00  0.00000E+00 -0.83886E+00  0.00000E+00 -0.41804E-01 -0.25638E+04  0.00000E+00 -0.14375E+04  0.00000E+00  0.23654E-05  0.43373E+03  0.83886E+00  0.11269E-06    111  0.00000E+00      0.000
      40.1806 -0.28000E+00  0.00000E+00 -0.28000E+00  0.00000E+00 -0.13488E-02 -0.85055E+00  0.00000E+00 -0.85055E+00  0.00000E+00 -0.41860E-01 -0.24866E+04  0.00000E+00 -0.14375E+04  0.00000E+00  0.23654E-05  0.43374E+03  0.85055E+00  0.11269E-06    112  0.00000E+00      0.000
      40.2349 -0.28000E+00  0.00000E+00 -0.28000E+00  0.00000E+00 -0.13503E-02 -0.86575E+00  0.00000E+00 -0.86575E+00  0.00000E+00 -0.41934E-01 -0.23959E+04  0.00000E+00 -0.14376E+04  0.00000E+00  0.23654E-05  0.43375E+03  0.86575E+00  0.11269E-06    113  0.00000E+00      0.000
      40.3054 -0.28000E+00  0.00000E+00 -0.28000E+00  0.00000E+00 -0.13493E-02 -0.88550E+00  0.00000E+00 -0.88550E+00  0.00000E+00 -0.42029E-01 -0.22996E+04  0.00000E+00 -0.14376E+04  0.00000E+00  0.23654E-05  0.43377E+03  0.88550E+00  0.11269E-06    114  0.00000E+00      0.000
      40.3972 -0.28000E+00  0.00000E+00 -0.28000E+00  0.00000E+00 -0.13496E-02 -0.91119E+00  0.00000E+00 -0.91119E+00  0.00000E+00 -0.42153E-01 -0.21729E+04  0.00000E+00 -0.14377E+04  0.00000E+00  0.23654E-05  0.43380E+03  0.91119E+00  0.11269E-06    115  0.00000E+00      0.000
      40.5164 -0.28000E+00  0.00000E+00 -0.28000E+00  0.00000E+00 -0.13500E-02 -0.94458E+00  0.00000E+00 -0.94458E+00  0.00000E+00 -0.42314E-01 -0.20155E+04  0.00000E+00 -0.14378E+04  0.00000E+00  0.23654E-05  0.43383E+03  0.94458E+00  0.11269E-06    116  0.00000E+00      0.000
      40.6715 -0.28000E+00  0.00000E+00 -0.28000E+00  0.00000E+00 -0.13496E-02 -0.98799E+00  0.00000E+00 -0.98799E+00  0.00000E+00 -0.42523E-01 -0.18440E+04  0.00000E+00 -0.14379E+04  0.00000E+00  0.23654E-05  0.43387E+03  0.98799E+00  0.11269E-06    117  0.00000E+00      0.000
      40.8730 -0.28000E+00  0.00000E+00 -0.28000E+00  0.00000E+00 -0.13484E-02 -0.10444E+01  0.00000E+00 -0.10444E+01  0.00000E+00 -0.42795E-01 -0.16586E+04  0.00000E+00 -0.14380E+04  0.00000E+00  0.23654E-05  0.43393E+03  0.10444E+01  0.11269E-06    118  0.00000E+00      0.000
      41.1350 -0.28000E+00  0.00000E+00 -0.28000E+00  0.00000E+00 -0.13481E-02 -0.11178E+01  0.00000E+00 -0.11178E+01  0.00000E+00 -0.43148E-01 -0.14589E+04  0.00000E+00 -0.14382E+04  0.00000E+00  0.23654E-05  0.43400E+03  0.11178E+01  0.11269E-06    119  0.00000E+00      0.000
      41.4756 -0.28000E+00  0.00000E+00 -0.28000E+00  0.00000E+00 -0.13476E-02 -0.12131E+01  0.00000E+00 -0.12131E+01  0.00000E+00 -0.43607E-01 -0.12700E+04  0.00000E+00 -0.14385E+04  0.00000E+00  0.23654E-05  0.43410E+03  0.12131E+01  0.11269E-06    120  0.00000E+00      0.000
      41.9184 -0.28000E+00  0.00000E+00 -0.28000E+00  0.00000E+00 -0.13468E-02 -0.13371E+01  0.00000E+00 -0.13371E+01  0.00000E+00 -0.44203E-01 -0.10925E+04  0.00000E+00 -0.14388E+04  0.00000E+00  0.23654E-05  0.43422E+03  0.13371E+01  0.11269E-06    121  0.00000E+00      0.000
      42.3612 -0.28000E+00  0.00000E+00 -0.28000E+00  0.00000E+00 -0.13456E-02 -0.14611E+01  0.00000E+00 -0.14611E+01  0.00000E+00 -0.44799E-01 -0.95754E+03  0.00000E+00 -0.14392E+04  0.00000E+00  0.23654E-05  0.43435E+03  0.14611E+01  0.11269E-06    122  0.00000E+00      0.000
      42.9368 -0.28000E+00  0.00000E+00 -0.28000E+00  0.00000E+00 -0.13446E-02 -0.16223E+01  0.00000E+00 -0.16223E+01  0.00000E+00 -0.45573E-01 -0.84685E+03  0.00000E+00 -0.14396E+04  0.00000E+00  0.23654E-05  0.43451E+03  0.16223E+01  0.11269E-06    123  0.00000E+00      0.000
      43.7216 -0.28000E+00  0.00000E+00 -0.28000E+00  0.00000E+00 -0.13432E-02 -0.18420E+01  0.00000E+00 -0.18420E+01  0.00000E+00 -0.46627E-01 -0.73039E+03  0.00000E+00 -0.14402E+04  0.00000E+00  0.23654E-05  0.43472E+03  0.18420E+01  0.11269E-06    124  0.00000E+00      0.000
      44.5064 -0.28000E+00  0.00000E+00 -0.28000E+00  0.00000E+00 -0.13416E-02 -0.20618E+01  0.00000E+00 -0.20618E+01  0.00000E+00 -0.47680E-01 -0.64094E+03  0.00000E+00 -0.14407E+04  0.00000E+00  0.23654E-05  0.43494E+03  0.20618E+01  0.11269E-06    125  0.00000E+00      0.000
      45.4220 -0.28000E+00  0.00000E+00 -0.28000E+00  0.00000E+00 -0.13399E-02 -0.23181E+01  0.00000E+00 -0.23181E+01  0.00000E+00 -0.48907E-01 -0.55976E+03  0.00000E+00 -0.14414E+04  0.00000E+00  0.23654E-05  0.43520E+03  0.23181E+01  0.11269E-06    126  0.00000E+00      0.000
      46.3376 -0.28000E+00  0.00000E+00 -0.28000E+00  0.00000E+00 -0.13382E-02 -0.25745E+01  0.00000E+00 -0.25745E+01  0.00000E+00 -0.50132E-01 -0.48856E+03  0.00000E+00 -0.14420E+04  0.00000E+00  0.23654E-05  0.43545E+03  0.25745E+01  0.11269E-06    127  0.00000E+00      0.000
      47.2532 -0.28000E+00  0.00000E+00 -0.28000E+00  0.00000E+00 -0.13366E-02 -0.28309E+01  0.00000E+00 -0.28309E+01  0.00000E+00 -0.51356E-01 -0.43499E+03  0.00000E+00 -0.14426E+04  0.00000E+00  0.23654E-05  0.43571E+03  0.28309E+01  0.11269E-06    128  0.00000E+00      0.000
      48.1688 -0.28000E+00  0.00000E+00 -0.28000E+00  0.00000E+00 -0.13350E-02 -0.30872E+01  0.00000E+00 -0.30872E+01  0.00000E+00 -0.52578E-01 -0.38504E+03  0.00000E+00 -0.14432E+04  0.00000E+00  0.23654E-05  0.43596E+03  0.30872E+01  0.11269E-06    129  0.00000E+00      0.000
      49.0844 -0.28000E+00  0.00000E+00 -0.28000E+00  0.00000E+00 -0.13334E-02 -0.33436E+01  0.00000E+00 -0.33436E+01  0.00000E+00 -0.53799E-01 -0.34738E+03  0.00000E+00 -0.14439E+04  0.00000E+00  0.23654E-05  0.43622E+03  0.33436E+01  0.11269E-06    130  0.00000E+00      0.000
      50.0000 -0.28000E+00  0.00000E+00 -0.28000E+00  0.00000E+00 -0.13317E-02 -0.36000E+01  0.00000E+00 -0.36000E+01  0.00000E+00 -0.55018E-01 -0.31513E+03  0.00000E+00 -0.14445E+04  0.00000E+00  0.23654E-05  0.43647E+03  0.36000E+01  0.11269E-06    131  0.00000E+00      0.000
      51.0000 -0.26000E+00  0.00000E+00 -0.26000E+00  0.00000E+00 -0.13301E-02 -0.38600E+01  0.00000E+00 -0.38600E+01  0.00000E+00 -0.56349E-01 -0.29335E+03  0.00000E+00 -0.14451E+04  0.00000E+00  0.23654E-05  0.43673E+03  0.38600E+01  0.11269E-06    132  0.00000E+00      0.000
      52.0000 -0.26000E+00  0.00000E+00 -0.26000E+00  0.00000E+00 -0.13283E-02 -0.41200E+01  0.00000E+00 -0.41200E+01  0.00000E+00 -0.57677E-01 -0.27328E+03  0.00000E+00 -0.14458E+04  0.00000E+00  0.23654E-05  0.43699E+03  0.41200E+01  0.11269E-06    133  0.00000E+00      0.000
      53.3333 -0.26000E+00  0.00000E+00 -0.26000E+00  0.00000E+00 -0.13261E-02 -0.44666E+01  0.00000E+00 -0.44666E+01  0.00000E+00 -0.59445E-01 -0.24887E+03  0.00000E+00 -0.14466E+04  0.00000E+00  0.23654E-05  0.43734E+03  0.44666E+01  0.11269E-06    134  0.00000E+00      0.000
      54.6667 -0.26000E+00  0.00000E+00 -0.26000E+00  0.00000E+00 -0.13239E-02 -0.48133E+01  0.00000E+00 -0.48133E+01  0.00000E+00 -0.61210E-01 -0.22584E+03  0.00000E+00 -0.14474E+04  0.00000E+00  0.23654E-05  0.43768E+03  0.48133E+01  0.11269E-06    135  0.00000E+00      0.000
      56.0000 -0.26000E+00  0.00000E+00 -0.26000E+00  0.00000E+00 -0.13217E-02 -0.51600E+01  0.00000E+00 -0.51600E+01  0.00000E+00 -0.62972E-01 -0.20756E+03  0.00000E+00 -0.14482E+04  0.00000E+00  0.23654E-05  0.43803E+03  0.51600E+01  0.11269E-06    136  0.00000E+00      0.000
      57.3333 -0.26000E+00  0.00000E+00 -0.26000E+00  0.00000E+00 -0.13195E-02 -0.55066E+01  0.00000E+00 -0.55066E+01  0.00000E+00 -0.64732E-01 -0.18935E+03  0.00000E+00 -0.14490E+04  0.00000E+00  0.23654E-05  0.43837E+03  0.55066E+01  0.11269E-06    137  0.00000E+00      0.000
      58.6667 -0.26000E+00  0.00000E+00 -0.26000E+00  0.00000E+00 -0.13175E-02 -0.58533E+01  0.00000E+00 -0.58533E+01  0.00000E+00 -0.66488E-01 -0.17435E+03  0.00000E+00 -0.14498E+04  0.00000E+00  0.23654E-05  0.43872E+03  0.58533E+01  0.11269E-06    138  0.00000E+00      0.000
      60.0000 -0.26000E+00  0.00000E+00 -0.26000E+00  0.00000E+00 -0.13154E-02 -0.62000E+01  0.00000E+00 -0.62000E+01  0.00000E+00 -0.68242E-01 -0.16142E+03  0.00000E+00 -0.14506E+04  0.00000E+00  0.23654E-05  0.43906E+03  0.62000E+01  0.11269E-06    139  0.00000E+00      0.000
      60.0001 -0.19000E+00  0.00000E+00 -0.18897E+00  0.00000E+00 -0.11383E-02 -0.62000E+01  0.00000E+00 -0.62000E+01  0.00000E+00 -0.68242E-01 -0.16134E+03  0.00000E+00 -0.14506E+04  0.10333E-02  0.24687E-05  0.43906E+03  0.62000E+01  0.11269E-06    140  0.00000E+00      0.000
      60.0002 -0.19000E+00  0.00000E+00 -0.18975E+00  0.00000E+00 -0.11383E-02 -0.62000E+01  0.00000E+00 -0.62000E+01  0.00000E+00 -0.68243E-01 -0.16136E+03  0.00000E+00 -0.14506E+04  0.24600E-03  0.25007E-05  0.43906E+03  0.62000E+01  0.11269E-06    141  0.00000E+00      0.000
      60.0004 -0.19000E+00  0.00000E+00 -0.18965E+00  0.00000E+00 -0.11383E-02 -0.62001E+01  0.00000E+00 -0.62001E+01  0.00000E+00 -0.68243E-01 -0.16135E+03  0.00000E+00 -0.14506E+04  0.34899E-03  0.25597E-05  0.43906E+03  0.62001E+01  0.11269E-06    142  0.00000E+00      0.000
      60.0006 -0.19000E+00  0.00000E+00 -0.18959E+00  0.00000E+00 -0.11382E-02 -0.62001E+01  0.00000E+00 -0.62001E+01  0.00000E+00 -0.68243E-01 -0.16137E+03  0.00000E+00 -0.14506E+04  0.41178E-03  0.26502E-05  0.43906E+03  0.62001E+01  0.11269E-06    143  0.00000E+00      0.000
      60.0009 -0.19000E+00  0.00000E+00 -0.19031E+00  0.00000E+00 -0.11383E-02 -0.62002E+01  0.00000E+00 -0.62002E+01  0.00000E+00 -0.68243E-01 -0.16137E+03  0.00000E+00 -0.14506E+04  0.30835E-03  0.27382E-05  0.43906E+03  0.62002E+01  0.11269E-06    144  0.00000E+00      0.000
      60.0013 -0.19000E+00  0.00000E+00 -0.19026E+00  0.00000E+00 -0.11382E-02 -0.62002E+01  0.00000E+00 -0.62002E+01  0.00000E+00 -0.68244E-01 -0.16138E+03  0.00000E+00 -0.14506E+04  0.25664E-03  0.28335E-05  0.43906E+03  0.62002E+01  0.11269E-06    145  0.00000E+00      0.000
      60.0018 -0.19000E+00  0.00000E+00 -0.18990E+00  0.00000E+00 -0.11382E-02 -0.62003E+01  0.00000E+00 -0.62003E+01  0.00000E+00 -0.68244E-01 -0.16140E+03  0.00000E+00 -0.14506E+04  0.10018E-03  0.28819E-05  0.43906E+03  0.62003E+01  0.11269E-06    146  0.00000E+00      0.000
      60.0024 -0.19000E+00  0.00000E+00 -0.19006E+00  0.00000E+00 -0.13757E-02 -0.62004E+01  0.00000E+00 -0.62004E+01  0.00000E+00 -0.68245E-01 -0.16142E+03  0.00000E+00 -0.14506E+04  0.64701E-04  0.29225E-05  0.43906E+03  0.62004E+01  0.11269E-06    147  0.00000E+00      0.000
      60.0032 -0.19000E+00  0.00000E+00 -0.18998E+00  0.00000E+00 -0.13208E-02 -0.62006E+01  0.00000E+00 -0.62006E+01  0.00000E+00 -0.68246E-01 -0.16145E+03  0.00000E+00 -0.14506E+04  0.24289E-04  0.29423E-05  0.43906E+03  0.62006E+01  0.11269E-06    148  0.00000E+00      0.000
      60.0043 -0.19000E+00  0.00000E+00 -0.19011E+00  0.00000E+00 -0.12787E-02 -0.62008E+01  0.00000E+00 -0.62008E+01  0.00000E+00 -0.68248E-01 -0.16148E+03  0.00000E+00 -0.14506E+04  0.11045E-03  0.30594E-05  0.43906E+03  0.62008E+01  0.11269E-06    149  0.00000E+00      0.000
      60.0056 -0.19000E+00  0.00000E+00 -0.19007E+00  0.00000E+00 -0.13544E-02 -0.62011E+01  0.00000E+00 -0.62011E+01  0.00000E+00 -0.68250E-01 -0.16152E+03  0.00000E+00 -0.14506E+04  0.66876E-04  0.31516E-05  0.43906E+03  0.62011E+01  0.11269E-06    150  0.00000E+00      0.000
      60.0074 -0.19000E+00  0.00000E+00 -0.19004E+00  0.00000E+00 -0.13045E-02 -0.62014E+01  0.00000E+00 -0.62014E+01  0.00000E+00 -0.68252E-01 -0.16158E+03  0.00000E+00 -0.14506E+04  0.35793E-04  0.32157E-05  0.43906E+03  0.62014E+01  0.11269E-06    151  0.00000E+00      0.000
      60.0098 -0.19000E+00  0.00000E+00 -0.18995E+00  0.00000E+00 -0.13300E-02 -0.62018E+01  0.00000E+00 -0.62018E+01  0.00000E+00 -0.68255E-01 -0.16165E+03  0.00000E+00 -0.14506E+04  0.52363E-04  0.33377E-05  0.43906E+03  0.62018E+01  0.11269E-06    152  0.00000E+00      0.000
      60.0128 -0.19000E+00  0.00000E+00 -0.19000E+00  0.00000E+00 -0.13350E-02 -0.62024E+01  0.00000E+00 -0.62024E+01  0.00000E+00 -0.68259E-01 -0.16175E+03  0.00000E+00 -0.14506E+04  0.00000E+00  0.33377E-05  0.43906E+03  0.62024E+01  0.11269E-06    153  0.00000E+00      0.000
      60.0167 -0.19000E+00  0.00000E+00 -0.19003E+00  0.00000E+00 -0.13274E-02 -0.62032E+01  0.00000E+00 -0.62032E+01  0.00000E+00 -0.68264E-01 -0.16187E+03  0.00000E+00 -0.14506E+04  0.31799E-04  0.34629E-05  0.43906E+03  0.62032E+01  0.11269E-06    154  0.00000E+00      0.000
      60.0218 -0.19000E+00  0.00000E+00 -0.19001E+00  0.00000E+00 -0.13129E-02 -0.62041E+01  0.00000E+00 -0.62041E+01  0.00000E+00 -0.68271E-01 -0.16203E+03  0.00000E+00 -0.14506E+04  0.10788E-04  0.35182E-05  0.43906E+03  0.62041E+01  0.11269E-06    155  0.00000E+00      0.000
      60.0285 -0.19000E+00  0.00000E+00 -0.19001E+00  0.00000E+00 -0.13174E-02 -0.62054E+01  0.00000E+00 -0.62054E+01  0.00000E+00 -0.68280E-01 -0.16223E+03  0.00000E+00 -0.14506E+04  0.10610E-04  0.35888E-05  0.43907E+03  0.62054E+01  0.11269E-06    156  0.00000E+00      0.000
      60.0372 -0.19000E+00  0.00000E+00 -0.19000E+00  0.00000E+00 -0.13105E-02 -0.62070E+01  0.00000E+00 -0.62070E+01  0.00000E+00 -0.68291E-01 -0.16249E+03  0.00000E+00 -0.14506E+04  0.00000E+00  0.35888E-05  0.43907E+03  0.62070E+01  0.11269E-06    157  0.00000E+00      0.000
      60.0484 -0.19000E+00  0.00000E+00 -0.18999E+00  0.00000E+00 -0.13105E-02 -0.62092E+01  0.00000E+00 -0.62092E+01  0.00000E+00 -0.68306E-01 -0.16282E+03  0.00000E+00 -0.14506E+04  0.12189E-04  0.37258E-05  0.43907E+03  0.62092E+01  0.11269E-06    158  0.00000E+00      0.000
      60.0630 -0.19000E+00  0.00000E+00 -0.19000E+00  0.00000E+00 -0.13115E-02 -0.62120E+01  0.00000E+00 -0.62120E+01  0.00000E+00 -0.68325E-01 -0.16323E+03  0.00000E+00 -0.14507E+04  0.00000E+00  0.37258E-05  0.43907E+03  0.62120E+01  0.11269E-06    159  0.00000E+00      0.000
      60.0820 -0.19000E+00  0.00000E+00 -0.19001E+00  0.00000E+00 -0.13107E-02 -0.62156E+01  0.00000E+00 -0.62156E+01  0.00000E+00 -0.68350E-01 -0.16375E+03  0.00000E+00 -0.14507E+04  0.00000E+00  0.37258E-05  0.43908E+03  0.62156E+01  0.11269E-06    160  0.00000E+00      0.000
      60.1067 -0.19000E+00  0.00000E+00 -0.19000E+00  0.00000E+00 -0.13131E-02 -0.62203E+01  0.00000E+00 -0.62203E+01  0.00000E+00 -0.68382E-01 -0.16439E+03  0.00000E+00 -0.14507E+04  0.00000E+00  0.37258E-05  0.43908E+03  0.62203E+01  0.11269E-06    161  0.00000E+00      0.000
      60.1388 -0.19000E+00  0.00000E+00 -0.19000E+00  0.00000E+00 -0.13145E-02 -0.62264E+01  0.00000E+00 -0.62264E+01  0.00000E+00 -0.68425E-01 -0.16516E+03  0.00000E+00 -0.14507E+04  0.00000E+00  0.37258E-05  0.43909E+03  0.62264E+01  0.11269E-06    162  0.00000E+00      0.000
      60.1806 -0.19000E+00  0.00000E+00 -0.19000E+00  0.00000E+00 -0.13165E-02 -0.62343E+01  0.00000E+00 -0.62343E+01  0.00000E+00 -0.68480E-01 -0.16609E+03  0.00000E+00 -0.14507E+04  0.00000E+00  0.37258E-05  0.43909E+03  0.62343E+01  0.11269E-06    163  0.00000E+00      0.000
      60.2349 -0.19000E+00  0.00000E+00 -0.19000E+00  0.00000E+00 -0.13139E-02 -0.62446E+01  0.00000E+00 -0.62446E+01  0.00000E+00 -0.68551E-01 -0.16717E+03  0.00000E+00 -0.14508E+04  0.00000E+00  0.37258E-05  0.43910E+03  0.62446E+01  0.11269E-06    164  0.00000E+00      0.000
      60.3054 -0.19000E+00  0.00000E+00 -0.19000E+00  0.00000E+00 -0.13156E-02 -0.62580E+01  0.00000E+00 -0.62580E+01  0.00000E+00 -0.68644E-01 -0.16839E+03  0.00000E+00 -0.14508E+04  0.00000E+00  0.37258E-05  0.43912E+03  0.62580E+01  0.11269E-06    165  0.00000E+00      0.000
      60.3972 -0.19000E+00  0.00000E+00 -0.19000E+00  0.00000E+00 -0.13153E-02 -0.62754E+01  0.00000E+00 -0.62754E+01  0.00000E+00 -0.68764E-01 -0.16971E+03  0.00000E+00 -0.14508E+04  0.00000E+00  0.37258E-05  0.43914E+03  0.62754E+01  0.11269E-06    166  0.00000E+00      0.000
      60.5164 -0.19000E+00  0.00000E+00 -0.19000E+00  0.00000E+00 -0.13146E-02 -0.62981E+01  0.00000E+00 -0.62981E+01  0.00000E+00 -0.68921E-01 -0.17106E+03  0.00000E+00 -0.14509E+04  0.00000E+00  0.37258E-05  0.43916E+03  0.62981E+01  0.11269E-06    167  0.00000E+00      0.000
      60.6715 -0.19000E+00  0.00000E+00 -0.19000E+00  0.00000E+00 -0.13143E-02 -0.63276E+01  0.00000E+00 -0.63276E+01  0.00000E+00 -0.69125E-01 -0.17234E+03  0.00000E+00 -0.14510E+04  0.00000E+00  0.37258E-05  0.43919E+03  0.63276E+01  0.11269E-06    168  0.00000E+00      0.000
      60.8730 -0.19000E+00  0.00000E+00 -0.19000E+00  0.00000E+00 -0.13145E-02 -0.63659E+01  0.00000E+00 -0.63659E+01  0.00000E+00 -0.69390E-01 -0.17341E+03  0.00000E+00 -0.14511E+04  0.00000E+00  0.37258E-05  0.43923E+03  0.63659E+01  0.11269E-06    169  0.00000E+00      0.000
      61.1350 -0.19000E+00  0.00000E+00 -0.19000E+00  0.00000E+00 -0.13138E-02 -0.64156E+01  0.00000E+00 -0.64156E+01  0.00000E+00 -0.69734E-01 -0.17409E+03  0.00000E+00 -0.14513E+04  0.00000E+00  0.37258E-05  0.43927E+03  0.64156E+01  0.11269E-06    170  0.00000E+00      0.000
      61.4756 -0.19000E+00  0.00000E+00 -0.19000E+00  0.00000E+00 -0.13133E-02 -0.64803E+01  0.00000E+00 -0.64803E+01  0.00000E+00 -0.70181E-01 -0.17419E+03  0.00000E+00 -0.14515E+04  0.00000E+00  0.37258E-05  0.43934E+03  0.64803E+01  0.11269E-06    171  0.00000E+00      0.000
      61.9184 -0.19000E+00  0.00000E+00 -0.19000E+00  0.00000E+00 -0.13125E-02 -0.65645E+01  0.00000E+00 -0.65645E+01  0.00000E+00 -0.70762E-01 -0.17352E+03  0.00000E+00 -0.14517E+04  0.00000E+00  0.37258E-05  0.43942E+03  0.65645E+01  0.11269E-06    172  0.00000E+00      0.000
      62.4940 -0.19000E+00  0.00000E+00 -0.19000E+00  0.00000E+00 -0.13117E-02 -0.66738E+01  0.00000E+00 -0.66738E+01  0.00000E+00 -0.71517E-01 -0.17183E+03  0.00000E+00 -0.14521E+04  0.00000E+00  0.37258E-05  0.43953E+03  0.66738E+01  0.11269E-06    173  0.00000E+00      0.000
      63.2446 -0.19000E+00  0.00000E+00 -0.19000E+00  0.00000E+00 -0.13105E-02 -0.68165E+01  0.00000E+00 -0.68165E+01  0.00000E+00 -0.72501E-01 -0.16877E+03  0.00000E+00 -0.14525E+04  0.00000E+00  0.37258E-05  0.43967E+03  0.68165E+01  0.11269E-06    174  0.00000E+00      0.000
      64.2096 -0.19000E+00  0.00000E+00 -0.19000E+00  0.00000E+00 -0.13090E-02 -0.69998E+01  0.00000E+00 -0.69998E+01  0.00000E+00 -0.73764E-01 -0.16474E+03  0.00000E+00 -0.14530E+04  0.00000E+00  0.37258E-05  0.43986E+03  0.69998E+01  0.11269E-06    175  0.00000E+00      0.000
      65.3677 -0.19000E+00  0.00000E+00 -0.19000E+00  0.00000E+00 -0.13073E-02 -0.72198E+01  0.00000E+00 -0.72198E+01  0.00000E+00 -0.75278E-01 -0.15996E+03  0.00000E+00 -0.14537E+04  0.00000E+00  0.37258E-05  0.44007E+03  0.72198E+01  0.11269E-06    176  0.00000E+00      0.000
      66.9118 -0.19000E+00  0.00000E+00 -0.19000E+00  0.00000E+00 -0.13051E-02 -0.75132E+01  0.00000E+00 -0.75132E+01  0.00000E+00 -0.77294E-01 -0.15312E+03  0.00000E+00 -0.14545E+04  0.00000E+00  0.37258E-05  0.44036E+03  0.75132E+01  0.11269E-06    177  0.00000E+00      0.000
      70.0000 -0.19000E+00  0.00000E+00 -0.19000E+00  0.00000E+00 -0.13007E-02 -0.81000E+01  0.00000E+00 -0.81000E+01  0.00000E+00 -0.81310E-01 -0.14035E+03  0.00000E+00 -0.14562E+04  0.00000E+00  0.37258E-05  0.44095E+03  0.81000E+01  0.11269E-06    178  0.00000E+00      0.000
      70.0001 -0.20000E-01  0.00000E+00 -0.18729E-01  0.00000E+00 -0.11397E-02 -0.81000E+01  0.00000E+00 -0.81000E+01  0.00000E+00 -0.81310E-01 -0.14056E+03  0.00000E+00 -0.14562E+04  0.12706E-02  0.38529E-05  0.44095E+03  0.81000E+01  0.11269E-06    179  0.00000E+00      0.000
      70.0002 -0.20000E-01  0.00000E+00 -0.19831E-01  0.00000E+00 -0.11398E-02 -0.81000E+01  0.00000E+00 -0.81000E+01  0.00000E+00 -0.81311E-01 -0.14053E+03  0.00000E+00 -0.14562E+04  0.16915E-03  0.38749E-05  0.44095E+03  0.81000E+01  0.11269E-06    180  0.00000E+00      0.000
      70.0004 -0.20000E-01  0.00000E+00 -0.20323E-01  0.00000E+00 -0.11398E-02 -0.81000E+01  0.00000E+00 -0.81000E+01  0.00000E+00 -0.81311E-01 -0.14058E+03  0.00000E+00 -0.14562E+04  0.32273E-03  0.39294E-05  0.44095E+03  0.81000E+01  0.11269E-06    181  0.00000E+00      0.000
      70.0006 -0.20000E-01  0.00000E+00 -0.19718E-01  0.00000E+00 -0.11397E-02 -0.81000E+01  0.00000E+00 -0.81000E+01  0.00000E+00 -0.81311E-01 -0.14058E+03  0.00000E+00 -0.14562E+04  0.28155E-03  0.39913E-05  0.44095E+03  0.81000E+01  0.11269E-06    182  0.00000E+00      0.000
      70.0009 -0.20000E-01  0.00000E+00 -0.19645E-01  0.00000E+00 -0.11398E-02 -0.81000E+01  0.00000E+00 -0.81000E+01  0.00000E+00 -0.81311E-01 -0.14062E+03  0.00000E+00 -0.14562E+04  0.35544E-03  0.40928E-05  0.44095E+03  0.81000E+01  0.11269E-06    183  0.00000E+00      0.000
      70.0013 -0.20000E-01  0.00000E+00 -0.20187E-01  0.00000E+00 -0.11397E-02 -0.81000E+01  0.00000E+00 -0.81000E+01  0.00000E+00 -0.81312E-01 -0.14065E+03  0.00000E+00 -0.14562E+04  0.18689E-03  0.41622E-05  0.44095E+03  0.81000E+01  0.11269E-06    184  0.00000E+00      0.000
      70.0018 -0.20000E-01  0.00000E+00 -0.19813E-01  0.00000E+00 -0.14485E-02 -0.81000E+01  0.00000E+00 -0.81000E+01  0.00000E+00 -0.81312E-01 -0.14070E+03  0.00000E+00 -0.14562E+04  0.18728E-03  0.42526E-05  0.44095E+03  0.81000E+01  0.11269E-06    185  0.00000E+00      0.000
      70.0024 -0.20000E-01  0.00000E+00 -0.20074E-01  0.00000E+00 -0.13773E-02 -0.81000E+01  0.00000E+00 -0.81000E+01  0.00000E+00 -0.81313E-01 -0.14075E+03  0.00000E+00 -0.14562E+04  0.73951E-04  0.42990E-05  0.44095E+03  0.81000E+01  0.11269E-06    186  0.00000E+00      0.000
      70.0032 -0.20000E-01  0.00000E+00 -0.19968E-01  0.00000E+00 -0.13225E-02 -0.81000E+01  0.00000E+00 -0.81000E+01  0.00000E+00 -0.81314E-01 -0.14083E+03  0.00000E+00 -0.14562E+04  0.31594E-04  0.43248E-05  0.44095E+03  0.81000E+01  0.11269E-06    187  0.00000E+00      0.000
      70.0043 -0.20000E-01  0.00000E+00 -0.19942E-01  0.00000E+00 -0.12803E-02 -0.81001E+01  0.00000E+00 -0.81001E+01  0.00000E+00 -0.81316E-01 -0.14093E+03  0.00000E+00 -0.14562E+04  0.57880E-04  0.43861E-05  0.44095E+03  0.81001E+01  0.11269E-06    188  0.00000E+00      0.000
      70.0056 -0.20000E-01  0.00000E+00 -0.19904E-01  0.00000E+00 -0.12479E-02 -0.81001E+01  0.00000E+00 -0.81001E+01  0.00000E+00 -0.81317E-01 -0.14105E+03  0.00000E+00 -0.14562E+04  0.95565E-04  0.45179E-05  0.44095E+03  0.81001E+01  0.11269E-06    189  0.00000E+00      0.000
      70.0074 -0.20000E-01  0.00000E+00 -0.20068E-01  0.00000E+00 -0.13060E-02 -0.81001E+01  0.00000E+00 -0.81001E+01  0.00000E+00 -0.81320E-01 -0.14122E+03  0.00000E+00 -0.14562E+04  0.67811E-04  0.46394E-05  0.44095E+03  0.81001E+01  0.11269E-06    190  0.00000E+00      0.000
      70.0098 -0.20000E-01  0.00000E+00 -0.19949E-01  0.00000E+00 -0.12676E-02 -0.81002E+01  0.00000E+00 -0.81002E+01  0.00000E+00 -0.81323E-01 -0.14143E+03  0.00000E+00 -0.14562E+04  0.51010E-04  0.47583E-05  0.44095E+03  0.81002E+01  0.11269E-06    191  0.00000E+00      0.000
      70.0128 -0.20000E-01  0.00000E+00 -0.20014E-01  0.00000E+00 -0.12873E-02 -0.81002E+01  0.00000E+00 -0.81002E+01  0.00000E+00 -0.81327E-01 -0.14170E+03  0.00000E+00 -0.14562E+04  0.14257E-04  0.48014E-05  0.44095E+03  0.81002E+01  0.11269E-06    192  0.00000E+00      0.000
      70.0167 -0.20000E-01  0.00000E+00 -0.19971E-01  0.00000E+00 -0.12911E-02 -0.81003E+01  0.00000E+00 -0.81003E+01  0.00000E+00 -0.81332E-01 -0.14206E+03  0.00000E+00 -0.14562E+04  0.29195E-04  0.49164E-05  0.44095E+03  0.81003E+01  0.11269E-06    193  0.00000E+00      0.000
      70.0218 -0.20000E-01  0.00000E+00 -0.19997E-01  0.00000E+00 -0.12852E-02 -0.81004E+01  0.00000E+00 -0.81004E+01  0.00000E+00 -0.81338E-01 -0.14252E+03  0.00000E+00 -0.14562E+04  0.00000E+00  0.49164E-05  0.44095E+03  0.81004E+01  0.11269E-06    194  0.00000E+00      0.000
      70.0285 -0.20000E-01  0.00000E+00 -0.20009E-01  0.00000E+00 -0.12965E-02 -0.81006E+01  0.00000E+00 -0.81006E+01  0.00000E+00 -0.81347E-01 -0.14310E+03  0.00000E+00 -0.14562E+04  0.00000E+00  0.49164E-05  0.44095E+03  0.81006E+01  0.11269E-06    195  0.00000E+00      0.000
      70.0372 -0.20000E-01  0.00000E+00 -0.20001E-01  0.00000E+00 -0.12947E-02 -0.81007E+01  0.00000E+00 -0.81007E+01  0.00000E+00 -0.81358E-01 -0.14386E+03  0.00000E+00 -0.14562E+04  0.00000E+00  0.49164E-05  0.44095E+03  0.81007E+01  0.11269E-06    196  0.00000E+00      0.000
      70.0484 -0.20000E-01  0.00000E+00 -0.19987E-01  0.00000E+00 -0.12987E-02 -0.81010E+01  0.00000E+00 -0.81010E+01  0.00000E+00 -0.81373E-01 -0.14482E+03  0.00000E+00 -0.14562E+04  0.13012E-04  0.50627E-05  0.44095E+03  0.81010E+01  0.11269E-06    197  0.00000E+00      0.000
      70.0630 -0.20000E-01  0.00000E+00 -0.20000E-01  0.00000E+00 -0.13027E-02 -0.81012E+01  0.00000E+00 -0.81012E+01  0.00000E+00 -0.81392E-01 -0.14605E+03  0.00000E+00 -0.14562E+04  0.00000E+00  0.50627E-05  0.44095E+03  0.81012E+01  0.11269E-06    198  0.00000E+00      0.000
      70.0820 -0.20000E-01  0.00000E+00 -0.20003E-01  0.00000E+00 -0.13044E-02 -0.81016E+01  0.00000E+00 -0.81016E+01  0.00000E+00 -0.81417E-01 -0.14759E+03  0.00000E+00 -0.14562E+04  0.00000E+00  0.50627E-05  0.44095E+03  0.81016E+01  0.11269E-06    199  0.00000E+00      0.000
      70.1067 -0.20000E-01  0.00000E+00 -0.20005E-01  0.00000E+00 -0.13026E-02 -0.81021E+01  0.00000E+00 -0.81021E+01  0.00000E+00 -0.81449E-01 -0.14963E+03  0.00000E+00 -0.14562E+04  0.00000E+00  0.50627E-05  0.44095E+03  0.81021E+01  0.11269E-06    200  0.00000E+00      0.000
      70.1388 -0.20000E-01  0.00000E+00 -0.19998E-01  0.00000E+00 -0.13021E-02 -0.81028E+01  0.00000E+00 -0.81028E+01  0.00000E+00 -0.81491E-01 -0.15226E+03  0.00000E+00 -0.14562E+04  0.00000E+00  0.50627E-05  0.44095E+03  0.81028E+01  0.11269E-06    201  0.00000E+00      0.000
      70.1806 -0.20000E-01  0.00000E+00 -0.20000E-01  0.00000E+00 -0.13004E-02 -0.81036E+01  0.00000E+00 -0.81036E+01  0.00000E+00 -0.81545E-01 -0.15551E+03  0.00000E+00 -0.14562E+04  0.00000E+00  0.50627E-05  0.44095E+03  0.81036E+01  0.11269E-06    202  0.00000E+00      0.000
      70.2349 -0.20000E-01  0.00000E+00 -0.20002E-01  0.00000E+00 -0.12990E-02 -0.81047E+01  0.00000E+00 -0.81047E+01  0.00000E+00 -0.81615E-01 -0.15949E+03  0.00000E+00 -0.14563E+04  0.00000E+00  0.50627E-05  0.44095E+03  0.81047E+01  0.11269E-06    203  0.00000E+00      0.000
      70.3054 -0.20000E-01  0.00000E+00 -0.20000E-01  0.00000E+00 -0.13003E-02 -0.81061E+01  0.00000E+00 -0.81061E+01  0.00000E+00 -0.81707E-01 -0.16429E+03  0.00000E+00 -0.14563E+04  0.00000E+00  0.50627E-05  0.44095E+03  0.81061E+01  0.11269E-06    204  0.00000E+00      0.000
      70.3972 -0.20000E-01  0.00000E+00 -0.20000E-01  0.00000E+00 -0.13006E-02 -0.81079E+01  0.00000E+00 -0.81079E+01  0.00000E+00 -0.81826E-01 -0.16999E+03  0.00000E+00 -0.14564E+04  0.00000E+00  0.50627E-05  0.44096E+03  0.81079E+01  0.11269E-06    205  0.00000E+00      0.000
      70.5164 -0.20000E-01  0.00000E+00 -0.20001E-01  0.00000E+00 -0.12997E-02 -0.81103E+01  0.00000E+00 -0.81103E+01  0.00000E+00 -0.81981E-01 -0.17663E+03  0.00000E+00 -0.14564E+04  0.00000E+00  0.50627E-05  0.44096E+03  0.81103E+01  0.11269E-06    206  0.00000E+00      0.000
      70.6715 -0.20000E-01  0.00000E+00 -0.20000E-01  0.00000E+00 -0.13003E-02 -0.81134E+01  0.00000E+00 -0.81134E+01  0.00000E+00 -0.82183E-01 -0.18422E+03  0.00000E+00 -0.14565E+04  0.00000E+00  0.50627E-05  0.44096E+03  0.81134E+01  0.11269E-06    207  0.00000E+00      0.000
      70.8730 -0.20000E-01  0.00000E+00 -0.20000E-01  0.00000E+00 -0.12996E-02 -0.81174E+01  0.00000E+00 -0.81174E+01  0.00000E+00 -0.82445E-01 -0.19345E+03  0.00000E+00 -0.14566E+04  0.00000E+00  0.50627E-05  0.44096E+03  0.81174E+01  0.11269E-06    208  0.00000E+00      0.000
      71.1350 -0.20000E-01  0.00000E+00 -0.20000E-01  0.00000E+00 -0.12991E-02 -0.81227E+01  0.00000E+00 -0.81227E+01  0.00000E+00 -0.82785E-01 -0.20406E+03  0.00000E+00 -0.14568E+04  0.00000E+00  0.50627E-05  0.44097E+03  0.81227E+01  0.11269E-06    209  0.00000E+00      0.000
      71.4756 -0.20000E-01  0.00000E+00 -0.20000E-01  0.00000E+00 -0.12986E-02 -0.81295E+01  0.00000E+00 -0.81295E+01  0.00000E+00 -0.83228E-01 -0.21586E+03  0.00000E+00 -0.14569E+04  0.00000E+00  0.50627E-05  0.44098E+03  0.81295E+01  0.11269E-06    210  0.00000E+00      0.000
      71.9184 -0.20000E-01  0.00000E+00 -0.20000E-01  0.00000E+00 -0.12979E-02 -0.81384E+01  0.00000E+00 -0.81384E+01  0.00000E+00 -0.83802E-01 -0.22873E+03  0.00000E+00 -0.14572E+04  0.00000E+00  0.50627E-05  0.44098E+03  0.81384E+01  0.11269E-06    211  0.00000E+00      0.000
      72.4940 -0.20000E-01  0.00000E+00 -0.20000E-01  0.00000E+00 -0.12971E-02 -0.81499E+01  0.00000E+00 -0.81499E+01  0.00000E+00 -0.84549E-01 -0.24352E+03  0.00000E+00 -0.14575E+04  0.00000E+00  0.50627E-05  0.44099E+03  0.81499E+01  0.11269E-06    212  0.00000E+00      0.000
      73.2446 -0.20000E-01  0.00000E+00 -0.20000E-01  0.00000E+00 -0.12961E-02 -0.81649E+01  0.00000E+00 -0.81649E+01  0.00000E+00 -0.85522E-01 -0.26019E+03  0.00000E+00 -0.14578E+04  0.00000E+00  0.50627E-05  0.44101E+03  0.81649E+01  0.11269E-06    213  0.00000E+00      0.000
      74.2096 -0.20000E-01  0.00000E+00 -0.20000E-01  0.00000E+00 -0.12949E-02 -0.81842E+01  0.00000E+00 -0.81842E+01  0.00000E+00 -0.86771E-01 -0.27726E+03  0.00000E+00 -0.14583E+04  0.00000E+00  0.50627E-05  0.44103E+03  0.81842E+01  0.11269E-06    214  0.00000E+00      0.000
      75.3677 -0.20000E-01  0.00000E+00 -0.20000E-01  0.00000E+00 -0.12933E-02 -0.82073E+01  0.00000E+00 -0.82073E+01  0.00000E+00 -0.88269E-01 -0.29355E+03  0.00000E+00 -0.14589E+04  0.00000E+00  0.50627E-05  0.44105E+03  0.82073E+01  0.11269E-06    215  0.00000E+00      0.000
      76.9118 -0.20000E-01  0.00000E+00 -0.20000E-01  0.00000E+00 -0.12911E-02 -0.82382E+01  0.00000E+00 -0.82382E+01  0.00000E+00 -0.90263E-01 -0.31387E+03  0.00000E+00 -0.14597E+04  0.00000E+00  0.50627E-05  0.44108E+03  0.82382E+01  0.11269E-06    216  0.00000E+00      0.000
      80.0000 -0.20000E-01  0.00000E+00 -0.20000E-01  0.00000E+00 -0.12872E-02 -0.83000E+01  0.00000E+00 -0.83000E+01  0.00000E+00 -0.94238E-01 -0.34417E+03  0.00000E+00 -0.14612E+04  0.00000E+00  0.50627E-05  0.44113E+03  0.83000E+01  0.11269E-06    217  0.00000E+00      0.000
      82.5000  0.00000E+00  0.00000E+00 -0.18626E-08  0.00000E+00 -0.12839E-02 -0.83000E+01  0.00000E+00 -0.83000E+01  0.00000E+00 -0.97448E-01 -0.39261E+03  0.00000E+00 -0.14624E+04  0.00000E+00  0.50627E-05  0.44113E+03  0.83000E+01  0.11269E-06    218  0.00000E+00      0.000
      86.2500  0.00000E+00  0.00000E+00 -0.14901E-07  0.00000E+00 -0.12792E-02 -0.83000E+01  0.00000E+00 -0.83000E+01  0.00000E+00 -0.10224E+00 -0.44535E+03  0.00000E+00 -0.14642E+04  0.00000E+00  0.50627E-05  0.44113E+03  0.83000E+01  0.11269E-06    219  0.00000E+00      0.000
      90.0000  0.00000E+00  0.00000E+00  0.93132E-08  0.00000E+00 -0.12746E-02 -0.83000E+01  0.00000E+00 -0.83000E+01  0.00000E+00 -0.10702E+00 -0.49043E+03  0.00000E+00 -0.14659E+04  0.00000E+00  0.50627E-05  0.44112E+03  0.83000E+01  0.14761E-06    220  0.00000E+00      0.000
      90.0001 -0.10000E-01  0.00000E+00 -0.10699E-01  0.00000E+00 -0.11360E-02 -0.83000E+01  0.00000E+00 -0.83000E+01  0.00000E+00 -0.10702E+00 -0.49053E+03  0.00000E+00 -0.14659E+04  0.69891E-03  0.51326E-05  0.44112E+03  0.83000E+01  0.14761E-06    221  0.00000E+00      0.000
      90.0002 -0.10000E-01  0.00000E+00 -0.10699E-01  0.00000E+00 -0.11359E-02 -0.83000E+01  0.00000E+00 -0.83000E+01  0.00000E+00 -0.10702E+00 -0.49051E+03  0.00000E+00 -0.14659E+04  0.69868E-03  0.52234E-05  0.44112E+03  0.83000E+01  0.14761E-06    222  0.00000E+00      0.000
      90.0004 -0.10000E-01  0.00000E+00 -0.10699E-01  0.00000E+00 -0.11360E-02 -0.83000E+01  0.00000E+00 -0.83000E+01  0.00000E+00 -0.10702E+00 -0.49052E+03  0.00000E+00 -0.14659E+04  0.69946E-03  0.53416E-05  0.44112E+03  0.83000E+01  0.14761E-06    223  0.00000E+00      0.000
      90.0006 -0.10000E-01  0.00000E+00 -0.93430E-02  0.00000E+00 -0.11360E-02 -0.83000E+01  0.00000E+00 -0.83000E+01  0.00000E+00 -0.10703E+00 -0.49052E+03  0.00000E+00 -0.14659E+04  0.65704E-03  0.54860E-05  0.44112E+03  0.83000E+01  0.14761E-06    224  0.00000E+00      0.000
      90.0009 -0.10000E-01  0.00000E+00 -0.96566E-02  0.00000E+00 -0.11360E-02 -0.83000E+01  0.00000E+00 -0.83000E+01  0.00000E+00 -0.10703E+00 -0.49052E+03  0.00000E+00 -0.14659E+04  0.34341E-03  0.55841E-05  0.44112E+03  0.83000E+01  0.14761E-06    225  0.00000E+00      0.000
      90.0013 -0.10000E-01  0.00000E+00 -0.98978E-02  0.00000E+00 -0.11359E-02 -0.83000E+01  0.00000E+00 -0.83000E+01  0.00000E+00 -0.10703E+00 -0.49052E+03  0.00000E+00 -0.14659E+04  0.10223E-03  0.56220E-05  0.44112E+03  0.83000E+01  0.14761E-06    226  0.00000E+00      0.000
      90.0018 -0.10000E-01  0.00000E+00 -0.10084E-01  0.00000E+00 -0.11360E-02 -0.83000E+01  0.00000E+00 -0.83000E+01  0.00000E+00 -0.10703E+00 -0.49052E+03  0.00000E+00 -0.14659E+04  0.83785E-04  0.56625E-05  0.44112E+03  0.83000E+01  0.14761E-06    227  0.00000E+00      0.000
      90.0024 -0.10000E-01  0.00000E+00 -0.10227E-01  0.00000E+00 -0.13734E-02 -0.83000E+01  0.00000E+00 -0.83000E+01  0.00000E+00 -0.10703E+00 -0.49052E+03  0.00000E+00 -0.14659E+04  0.22716E-03  0.58050E-05  0.44112E+03  0.83000E+01  0.14761E-06    228  0.00000E+00      0.000
      90.0032 -0.10000E-01  0.00000E+00 -0.99727E-02  0.00000E+00 -0.13186E-02 -0.83000E+01  0.00000E+00 -0.83000E+01  0.00000E+00 -0.10703E+00 -0.49052E+03  0.00000E+00 -0.14659E+04  0.27317E-04  0.58273E-05  0.44112E+03  0.83000E+01  0.14761E-06    229  0.00000E+00      0.000
      90.0043 -0.10000E-01  0.00000E+00 -0.98617E-02  0.00000E+00 -0.12765E-02 -0.83000E+01  0.00000E+00 -0.83000E+01  0.00000E+00 -0.10703E+00 -0.49052E+03  0.00000E+00 -0.14659E+04  0.13831E-03  0.59740E-05  0.44112E+03  0.83000E+01  0.14761E-06    230  0.00000E+00      0.000
      90.0056 -0.10000E-01  0.00000E+00 -0.10058E-01  0.00000E+00 -0.12440E-02 -0.83000E+01  0.00000E+00 -0.83000E+01  0.00000E+00 -0.10703E+00 -0.49053E+03  0.00000E+00 -0.14659E+04  0.58277E-04  0.60543E-05  0.44112E+03  0.83000E+01  0.14761E-06    231  0.00000E+00      0.000
      90.0074 -0.10000E-01  0.00000E+00 -0.10044E-01  0.00000E+00 -0.13023E-02 -0.83001E+01  0.00000E+00 -0.83001E+01  0.00000E+00 -0.10703E+00 -0.49053E+03  0.00000E+00 -0.14659E+04  0.44296E-04  0.61337E-05  0.44112E+03  0.83001E+01  0.14761E-06    232  0.00000E+00      0.000
      90.0098 -0.10000E-01  0.00000E+00 -0.99453E-02  0.00000E+00 -0.12639E-02 -0.83001E+01  0.00000E+00 -0.83001E+01  0.00000E+00 -0.10704E+00 -0.49053E+03  0.00000E+00 -0.14659E+04  0.54683E-04  0.62611E-05  0.44112E+03  0.83001E+01  0.14761E-06    233  0.00000E+00      0.000
      90.0128 -0.10000E-01  0.00000E+00 -0.10028E-01  0.00000E+00 -0.12836E-02 -0.83001E+01  0.00000E+00 -0.83001E+01  0.00000E+00 -0.10704E+00 -0.49053E+03  0.00000E+00 -0.14659E+04  0.28458E-04  0.63473E-05  0.44112E+03  0.83001E+01  0.14761E-06    234  0.00000E+00      0.000
      90.0167 -0.10000E-01  0.00000E+00 -0.99661E-02  0.00000E+00 -0.12873E-02 -0.83002E+01  0.00000E+00 -0.83002E+01  0.00000E+00 -0.10705E+00 -0.49053E+03  0.00000E+00 -0.14659E+04  0.33942E-04  0.64809E-05  0.44112E+03  0.83002E+01  0.14761E-06    235  0.00000E+00      0.000
      90.0218 -0.10000E-01  0.00000E+00 -0.99734E-02  0.00000E+00 -0.12815E-02 -0.83002E+01  0.00000E+00 -0.83002E+01  0.00000E+00 -0.10705E+00 -0.49054E+03  0.00000E+00 -0.14659E+04  0.26567E-04  0.66169E-05  0.44112E+03  0.83002E+01  0.14761E-06    236  0.00000E+00      0.000
      90.0285 -0.10000E-01  0.00000E+00 -0.99786E-02  0.00000E+00 -0.12703E-02 -0.83003E+01  0.00000E+00 -0.83003E+01  0.00000E+00 -0.10706E+00 -0.49055E+03  0.00000E+00 -0.14659E+04  0.21442E-04  0.67596E-05  0.44112E+03  0.83003E+01  0.14761E-06    237  0.00000E+00      0.000
      90.0372 -0.10000E-01  0.00000E+00 -0.99943E-02  0.00000E+00 -0.12738E-02 -0.83004E+01  0.00000E+00 -0.83004E+01  0.00000E+00 -0.10707E+00 -0.49056E+03  0.00000E+00 -0.14659E+04  0.00000E+00  0.67596E-05  0.44112E+03  0.83004E+01  0.14761E-06    238  0.00000E+00      0.000
      90.0484 -0.10000E-01  0.00000E+00 -0.99999E-02  0.00000E+00 -0.12817E-02 -0.83005E+01  0.00000E+00 -0.83005E+01  0.00000E+00 -0.10709E+00 -0.49057E+03  0.00000E+00 -0.14659E+04  0.00000E+00  0.67596E-05  0.44112E+03  0.83005E+01  0.14761E-06    239  0.00000E+00      0.000
      90.0630 -0.10000E-01  0.00000E+00 -0.99939E-02  0.00000E+00 -0.12787E-02 -0.83006E+01  0.00000E+00 -0.83006E+01  0.00000E+00 -0.10710E+00 -0.49058E+03  0.00000E+00 -0.14659E+04  0.00000E+00  0.67596E-05  0.44112E+03  0.83006E+01  0.14761E-06    240  0.00000E+00      0.000
      90.0820 -0.10000E-01  0.00000E+00 -0.10000E-01  0.00000E+00 -0.12772E-02 -0.83008E+01  0.00000E+00 -0.83008E+01  0.00000E+00 -0.10713E+00 -0.49060E+03  0.00000E+00 -0.14659E+04  0.00000E+00  0.67596E-05  0.44112E+03  0.83008E+01  0.14761E-06    241  0.00000E+00      0.000
      90.1067 -0.10000E-01  0.00000E+00 -0.99937E-02  0.00000E+00 -0.12747E-02 -0.83011E+01  0.00000E+00 -0.83011E+01  0.00000E+00 -0.10716E+00 -0.49063E+03  0.00000E+00 -0.14660E+04  0.00000E+00  0.67596E-05  0.44112E+03  0.83011E+01  0.14761E-06    242  0.00000E+00      0.000
      90.1388 -0.10000E-01  0.00000E+00 -0.10003E-01  0.00000E+00 -0.12751E-02 -0.83014E+01  0.00000E+00 -0.83014E+01  0.00000E+00 -0.10720E+00 -0.49067E+03  0.00000E+00 -0.14660E+04  0.00000E+00  0.67596E-05  0.44112E+03  0.83014E+01  0.14761E-06    243  0.00000E+00      0.000
      90.1806 -0.10000E-01  0.00000E+00 -0.10001E-01  0.00000E+00 -0.12751E-02 -0.83018E+01  0.00000E+00 -0.83018E+01  0.00000E+00 -0.10725E+00 -0.49072E+03  0.00000E+00 -0.14660E+04  0.00000E+00  0.67596E-05  0.44112E+03  0.83018E+01  0.14761E-06    244  0.00000E+00      0.000
      90.2349 -0.10000E-01  0.00000E+00 -0.99998E-02  0.00000E+00 -0.12733E-02 -0.83023E+01  0.00000E+00 -0.83023E+01  0.00000E+00 -0.10732E+00 -0.49079E+03  0.00000E+00 -0.14660E+04  0.00000E+00  0.67596E-05  0.44112E+03  0.83023E+01  0.14761E-06    245  0.00000E+00      0.000
      90.3054 -0.10000E-01  0.00000E+00 -0.99995E-02  0.00000E+00 -0.12752E-02 -0.83030E+01  0.00000E+00 -0.83030E+01  0.00000E+00 -0.10741E+00 -0.49089E+03  0.00000E+00 -0.14660E+04  0.00000E+00  0.67596E-05  0.44112E+03  0.83030E+01  0.14761E-06    246  0.00000E+00      0.000
      90.3972 -0.10000E-01  0.00000E+00 -0.99997E-02  0.00000E+00 -0.12739E-02 -0.83040E+01  0.00000E+00 -0.83040E+01  0.00000E+00 -0.10753E+00 -0.49103E+03  0.00000E+00 -0.14661E+04  0.00000E+00  0.67596E-05  0.44113E+03  0.83040E+01  0.14761E-06    247  0.00000E+00      0.000
      90.5164 -0.10000E-01  0.00000E+00 -0.10001E-01  0.00000E+00 -0.12745E-02 -0.83052E+01  0.00000E+00 -0.83052E+01  0.00000E+00 -0.10768E+00 -0.49124E+03  0.00000E+00 -0.14661E+04  0.00000E+00  0.67596E-05  0.44113E+03  0.83052E+01  0.14761E-06    248  0.00000E+00      0.000
      90.6715 -0.10000E-01  0.00000E+00 -0.10000E-01  0.00000E+00 -0.12741E-02 -0.83067E+01  0.00000E+00 -0.83067E+01  0.00000E+00 -0.10788E+00 -0.49155E+03  0.00000E+00 -0.14662E+04  0.00000E+00  0.67596E-05  0.44113E+03  0.83067E+01  0.14761E-06    249  0.00000E+00      0.000
      90.8730 -0.10000E-01  0.00000E+00 -0.99996E-02  0.00000E+00 -0.12733E-02 -0.83087E+01  0.00000E+00 -0.83087E+01  0.00000E+00 -0.10814E+00 -0.49199E+03  0.00000E+00 -0.14663E+04  0.00000E+00  0.67596E-05  0.44113E+03  0.83087E+01  0.14761E-06    250  0.00000E+00      0.000
      91.1350 -0.10000E-01  0.00000E+00 -0.10000E-01  0.00000E+00 -0.12732E-02 -0.83113E+01  0.00000E+00 -0.83113E+01  0.00000E+00 -0.10847E+00 -0.49265E+03  0.00000E+00 -0.14664E+04  0.00000E+00  0.67596E-05  0.44113E+03  0.83113E+01  0.14761E-06    251  0.00000E+00      0.000
      91.4756 -0.10000E-01  0.00000E+00 -0.10000E-01  0.00000E+00 -0.12729E-02 -0.83147E+01  0.00000E+00 -0.83147E+01  0.00000E+00 -0.10890E+00 -0.49361E+03  0.00000E+00 -0.14666E+04  0.00000E+00  0.67596E-05  0.44113E+03  0.83147E+01  0.14761E-06    252  0.00000E+00      0.000
      91.9184 -0.10000E-01  0.00000E+00 -0.10000E-01  0.00000E+00 -0.12723E-02 -0.83192E+01  0.00000E+00 -0.83192E+01  0.00000E+00 -0.10947E+00 -0.49501E+03  0.00000E+00 -0.14668E+04  0.00000E+00  0.67596E-05  0.44114E+03  0.83192E+01  0.14761E-06    253  0.00000E+00      0.000
      92.4940 -0.10000E-01  0.00000E+00 -0.10000E-01  0.00000E+00 -0.12716E-02 -0.83249E+01  0.00000E+00 -0.83249E+01  0.00000E+00 -0.11020E+00 -0.49701E+03  0.00000E+00 -0.14670E+04  0.00000E+00  0.67596E-05  0.44114E+03  0.83249E+01  0.14761E-06    254  0.00000E+00      0.000
      93.2446 -0.10000E-01  0.00000E+00 -0.99998E-02  0.00000E+00 -0.12707E-02 -0.83324E+01  0.00000E+00 -0.83324E+01  0.00000E+00 -0.11115E+00 -0.49985E+03  0.00000E+00 -0.14674E+04  0.00000E+00  0.67596E-05  0.44115E+03  0.83324E+01  0.14761E-06    255  0.00000E+00      0.000
      94.2096 -0.10000E-01  0.00000E+00 -0.99999E-02  0.00000E+00 -0.12695E-02 -0.83421E+01  0.00000E+00 -0.83421E+01  0.00000E+00 -0.11238E+00 -0.50369E+03  0.00000E+00 -0.14678E+04  0.00000E+00  0.67596E-05  0.44116E+03  0.83421E+01  0.14761E-06    256  0.00000E+00      0.000
      95.3677 -0.10000E-01  0.00000E+00 -0.10000E-01  0.00000E+00 -0.12681E-02 -0.83537E+01  0.00000E+00 -0.83537E+01  0.00000E+00 -0.11385E+00 -0.50843E+03  0.00000E+00 -0.14683E+04  0.00000E+00  0.67596E-05  0.44117E+03  0.83537E+01  0.14761E-06    257  0.00000E+00      0.000
      96.9118 -0.10000E-01  0.00000E+00 -0.10000E-01  0.00000E+00 -0.12663E-02 -0.83691E+01  0.00000E+00 -0.83691E+01  0.00000E+00 -0.11580E+00 -0.51469E+03  0.00000E+00 -0.14690E+04  0.00000E+00  0.67596E-05  0.44118E+03  0.83691E+01  0.14761E-06    258  0.00000E+00      0.000
     100.0000 -0.10000E-01  0.00000E+00 -0.10000E-01  0.00000E+00 -0.12628E-02 -0.84000E+01  0.00000E+00 -0.84000E+01  0.00000E+00 -0.11970E+00 -0.52755E+03  0.00000E+00 -0.14703E+04  0.00000E+00  0.67596E-05  0.44121E+03  0.84000E+01  0.14761E-06    259  0.00000E+00      0.000
     102.5000  0.00000E+00  0.00000E+00  0.62399E-07  0.00000E+00 -0.12599E-02 -0.84000E+01  0.00000E+00 -0.84000E+01  0.00000E+00 -0.12285E+00 -0.56224E+03  0.00000E+00 -0.14714E+04  0.00000E+00  0.67596E-05  0.44121E+03  0.84000E+01  0.30361E-06    260  0.00000E+00      0.000
     106.2500  0.00000E+00  0.00000E+00  0.27940E-08  0.00000E+00 -0.12558E-02 -0.84000E+01  0.00000E+00 -0.84000E+01  0.00000E+00 -0.12756E+00 -0.59656E+03  0.00000E+00 -0.14730E+04  0.00000E+00  0.67596E-05  0.44120E+03  0.84000E+01  0.31409E-06    261  0.00000E+00      0.000
     110.0000  0.00000E+00  0.00000E+00  0.88476E-08  0.00000E+00 -0.12517E-02 -0.84000E+01  0.00000E+00 -0.84000E+01  0.00000E+00 -0.13225E+00 -0.63515E+03  0.00000E+00 -0.14745E+04  0.00000E+00  0.67596E-05  0.44120E+03  0.84000E+01  0.34727E-06    262  0.00000E+00      0.000
end
