

   Time         sum(rTop)     sum(rRoot)    sum(vTop)     sum(vRoot)     sum(vBot)    hTop       hRoot      hBot      A-level
    [T]           [L]           [L]           [L]           [L]            [L]        [L]         [L]       [L] 

    10.00100 -0.200000E-04  0.000000E+00 -0.199901E-04  0.000000E+00 -0.835308E-06  -3025.549      0.000  -1327.906       1
    20.00000 -0.409961E+01  0.000000E+00 -0.409961E+01  0.000000E+00 -0.104880E-01    -53.124      0.000  -1314.544       2
    30.00000 -0.789961E+01  0.000000E+00 -0.790428E+01  0.000000E+00 -0.210969E-01      0.000      0.000  -1308.386       3
    40.00000 -0.809962E+01  0.000000E+00 -0.810428E+01  0.000000E+00 -0.317951E-01   -170.828      0.000  -1303.712       4
    50.00000 -0.819961E+01  0.000000E+00 -0.820428E+01  0.000000E+00 -0.425650E-01   -242.774      0.000  -1299.761       5
    60.00000 -0.999962E+01  0.000000E+00 -0.100043E+02  0.000000E+00 -0.533959E-01    -38.489      0.000  -1296.252       6
    70.00000 -0.131996E+02  0.000000E+00 -0.127815E+02  0.000000E+00 -0.642797E-01      0.000      0.000  -1293.053       7
    80.00000 -0.150996E+02  0.000000E+00 -0.146919E+02  0.000000E+00 -0.752153E-01      0.000      0.000  -1290.102       8
    90.00000 -0.153996E+02  0.000000E+00 -0.149919E+02  0.000000E+00 -0.861996E-01    -87.431      0.000  -1287.346       9
   100.00000 -0.154996E+02  0.000000E+00 -0.150919E+02  0.000000E+00 -0.972295E-01   -147.597      0.000  -1284.747      10
   110.00000 -0.154996E+02  0.000000E+00 -0.150919E+02  0.000000E+00 -0.108305E+00   -204.337      0.000  -1282.287      11
   120.00000 -0.154996E+02  0.000000E+00 -0.150919E+02  0.000000E+00 -0.119425E+00   -244.086      0.000  -1279.943      12
   130.00000 -0.154996E+02  0.000000E+00 -0.150919E+02  0.000000E+00 -0.130582E+00   -278.912      0.000  -1277.691      13
   140.00000 -0.154996E+02  0.000000E+00 -0.150919E+02  0.000000E+00 -0.141785E+00   -308.974      0.000  -1275.542      14
   150.00000 -0.154996E+02  0.000000E+00 -0.150919E+02  0.000000E+00 -0.153024E+00   -336.763      0.000  -1273.472      15
   160.00000 -0.154996E+02  0.000000E+00 -0.150919E+02  0.000000E+00 -0.164296E+00   -361.627      0.000  -1271.466      16
   170.00000 -0.154996E+02  0.000000E+00 -0.150919E+02  0.000000E+00 -0.175600E+00   -385.750      0.000  -1269.528      17
   180.00000 -0.155996E+02  0.000000E+00 -0.151919E+02  0.000000E+00 -0.186924E+00   -363.588      0.000  -1267.624      18
   190.00000 -0.156996E+02  0.000000E+00 -0.152919E+02  0.000000E+00 -0.198281E+00   -363.624      0.000  -1265.792      19
   200.00000 -0.157996E+02  0.000000E+00 -0.153919E+02  0.000000E+00 -0.209671E+00   -366.690      0.000  -1264.025      20
   210.00000 -0.157996E+02  0.000000E+00 -0.153919E+02  0.000000E+00 -0.221090E+00   -414.371      0.000  -1262.316      21
end
