 ******* Program HYDRUS
 ******* 
 Welcome to HYDRUS-1D                                                    
 Date:  28. 8.    Time:  10:59:11
 Units: L = mm   , T = min  , M = mmol 



                               Node(  1)                      Node( 31)                      Node( 52)                      Node(101)

         time            h        theta    Flux           h        theta    Flux           h        theta    Flux           h        theta    Flux  
         10.0001    -3025.69  0.4255 -0.181E-03      -2376.63  0.4372  0.572E-03      -1690.86  0.4656  0.115E-02      -1327.91  0.4860 -0.537E-03
         10.0002    -3025.69  0.4255 -0.181E-03      -2376.63  0.4372  0.572E-03      -1690.86  0.4656  0.115E-02      -1327.91  0.4860 -0.869E-03
         10.0004    -3025.69  0.4255 -0.181E-03      -2376.63  0.4372  0.572E-03      -1690.86  0.4656  0.115E-02      -1327.91  0.4860 -0.106E-02
         10.0006    -3025.69  0.4255 -0.181E-03      -2376.63  0.4372  0.572E-03      -1690.86  0.4656  0.115E-02      -1327.91  0.4860 -0.130E-02
         10.0010    -3025.69  0.4255  0.181E-03      -2376.63  0.4372  0.572E-03      -1690.86  0.4656  0.115E-02      -1327.91  0.4860 -0.941E-03
         10.0014    -3025.69  0.4255 -0.181E-03      -2376.63  0.4372  0.572E-03      -1690.86  0.4656  0.115E-02      -1327.91  0.4860 -0.122E-02
         10.0019    -3025.69  0.4255  0.128E-03      -2376.63  0.4372  0.572E-03      -1690.86  0.4656  0.115E-02      -1327.90  0.4860 -0.110E-02
         10.0025    -3025.69  0.4255  0.568E-04      -2376.63  0.4372  0.572E-03      -1690.86  0.4656  0.115E-02      -1327.90  0.4860 -0.108E-02
         10.0033    -3025.69  0.4255  0.204E-05      -2376.63  0.4372  0.572E-03      -1690.86  0.4656  0.115E-02      -1327.90  0.4860 -0.111E-02
         10.0044    -3025.69  0.4255 -0.401E-04      -2376.63  0.4372  0.572E-03      -1690.86  0.4656  0.115E-02      -1327.90  0.4860 -0.104E-02
         10.0057    -3025.69  0.4255  0.356E-04      -2376.63  0.4372  0.572E-03      -1690.86  0.4656  0.115E-02      -1327.89  0.4860 -0.105E-02
         10.0075    -3025.70  0.4255 -0.142E-04      -2376.63  0.4372  0.572E-03      -1690.86  0.4656  0.115E-02      -1327.89  0.4860 -0.103E-02
         10.0099    -3025.70  0.4255  0.114E-04      -2376.63  0.4372  0.572E-03      -1690.86  0.4656  0.115E-02      -1327.88  0.4860 -0.100E-02
         10.0129    -3025.70  0.4255  0.164E-04      -2376.64  0.4372  0.572E-03      -1690.86  0.4656  0.115E-02      -1327.87  0.4860 -0.104E-02
         10.0168    -3025.71  0.4255  0.891E-05      -2376.63  0.4372  0.572E-03      -1690.86  0.4656  0.115E-02      -1327.86  0.4860 -0.104E-02
         10.0219    -3025.71  0.4255 -0.553E-05      -2376.64  0.4372  0.572E-03      -1690.86  0.4656  0.115E-02      -1327.84  0.4860 -0.103E-02
         10.0286    -3025.72  0.4255 -0.896E-06      -2376.63  0.4372  0.572E-03      -1690.86  0.4656  0.115E-02      -1327.82  0.4860 -0.103E-02
         10.0372    -3025.73  0.4255 -0.759E-05      -2376.63  0.4372  0.572E-03      -1690.86  0.4656  0.115E-02      -1327.79  0.4860 -0.103E-02
         10.0485    -3025.75  0.4255  0.590E-05      -2376.63  0.4372  0.572E-03      -1690.86  0.4656  0.115E-02      -1327.76  0.4860 -0.103E-02
         10.0631    -3025.77  0.4255  0.420E-05      -2376.63  0.4372  0.572E-03      -1690.86  0.4656  0.115E-02      -1327.71  0.4860 -0.104E-02
         10.0821    -3025.79  0.4255  0.149E-05      -2376.63  0.4372  0.572E-03      -1690.86  0.4656  0.115E-02      -1327.65  0.4860 -0.104E-02
         10.1068    -3025.82  0.4255  0.266E-05      -2376.63  0.4372  0.572E-03      -1690.86  0.4656  0.115E-02      -1327.58  0.4860 -0.104E-02
         10.1389    -3025.86  0.4255 -0.128E-05      -2376.63  0.4372  0.572E-03      -1690.86  0.4656  0.115E-02      -1327.48  0.4860 -0.104E-02
         10.1807    -3025.91  0.4255 -0.177E-05      -2376.63  0.4372  0.572E-03      -1690.86  0.4656  0.115E-02      -1327.36  0.4860 -0.104E-02
         10.2350    -3025.98  0.4255  0.208E-06      -2376.63  0.4372  0.572E-03      -1690.86  0.4656  0.115E-02      -1327.20  0.4860 -0.104E-02
         10.3055    -3026.06  0.4255 -0.834E-06      -2376.62  0.4372  0.572E-03      -1690.85  0.4656  0.115E-02      -1327.00  0.4860 -0.104E-02
         10.3973    -3026.17  0.4255  0.126E-06      -2376.62  0.4372  0.572E-03      -1690.85  0.4656  0.115E-02      -1326.74  0.4861 -0.104E-02
         10.5165    -3026.31  0.4255  0.327E-06      -2376.61  0.4372  0.572E-03      -1690.85  0.4656  0.115E-02      -1326.42  0.4861 -0.104E-02
         10.6716    -3026.49  0.4255 -0.206E-06      -2376.61  0.4372  0.572E-03      -1690.84  0.4656  0.115E-02      -1326.02  0.4861 -0.104E-02
         10.8731    -3026.71  0.4255  0.446E-07      -2376.60  0.4372  0.572E-03      -1690.84  0.4656  0.115E-02      -1325.53  0.4861 -0.104E-02
         11.1351    -3027.00  0.4255 -0.247E-06      -2376.59  0.4372  0.572E-03      -1690.83  0.4656  0.115E-02      -1324.94  0.4862 -0.104E-02
         11.4757    -3027.35  0.4255 -0.101E-06      -2376.57  0.4372  0.572E-03      -1690.82  0.4656  0.115E-02      -1324.22  0.4862 -0.104E-02
         11.9185    -3027.80  0.4254 -0.929E-07      -2376.56  0.4372  0.572E-03      -1690.81  0.4656  0.115E-02      -1323.38  0.4863 -0.104E-02
         12.4941    -3028.34  0.4254 -0.236E-07      -2376.53  0.4372  0.572E-03      -1690.79  0.4656  0.115E-02      -1322.40  0.4863 -0.104E-02
         13.2447    -3028.99  0.4254  0.606E-07      -2376.50  0.4372  0.572E-03      -1690.77  0.4656  0.115E-02      -1321.29  0.4864 -0.105E-02
         14.2097    -3029.77  0.4254 -0.418E-08      -2376.47  0.4372  0.572E-03      -1690.75  0.4656  0.115E-02      -1320.04  0.4865 -0.105E-02
         15.3678    -3030.61  0.4254 -0.236E-07      -2376.42  0.4372  0.572E-03      -1690.72  0.4656  0.115E-02      -1318.73  0.4866 -0.105E-02
         16.9119    -3031.60  0.4253 -0.365E-07      -2376.37  0.4372  0.572E-03      -1690.67  0.4656  0.115E-02      -1317.22  0.4866 -0.105E-02
         20.0000    -3033.21  0.4253 -0.425E-08      -2376.26  0.4372  0.573E-03      -1690.59  0.4656  0.114E-02      -1314.77  0.4868 -0.106E-02
         22.5000    -3034.35  0.4252 -0.127E-08      -2376.17  0.4372  0.573E-03      -1690.52  0.4656  0.114E-02      -1312.98  0.4869 -0.106E-02
         26.2500    -3035.66  0.4252 -0.156E-07      -2376.04  0.4372  0.574E-03      -1690.41  0.4656  0.114E-02      -1310.70  0.4871 -0.106E-02
         30.0000    -3036.70  0.4252  0.147E-07      -2375.92  0.4372  0.574E-03      -1690.31  0.4656  0.114E-02      -1308.64  0.4872 -0.107E-02
         30.0001    -3036.71  0.4252 -0.194E-01      -2375.92  0.4372  0.574E-03      -1690.31  0.4656  0.114E-02      -1308.62  0.4872 -0.124E-02
         30.0002    -3036.69  0.4252 -0.195E-01      -2375.92  0.4372  0.574E-03      -1690.31  0.4656  0.114E-02      -1308.62  0.4872 -0.124E-02
         30.0004    -3036.67  0.4252 -0.203E-01      -2375.92  0.4372  0.574E-03      -1690.31  0.4656  0.114E-02      -1308.62  0.4872 -0.124E-02
         30.0006    -3036.64  0.4252 -0.197E-01      -2375.92  0.4372  0.574E-03      -1690.31  0.4656  0.114E-02      -1308.62  0.4872 -0.124E-02
         30.0009    -3036.60  0.4252 -0.199E-01      -2375.92  0.4372  0.574E-03      -1690.31  0.4656  0.114E-02      -1308.62  0.4872 -0.124E-02
         30.0013    -3036.55  0.4252 -0.201E-01      -2375.92  0.4372  0.574E-03      -1690.31  0.4656  0.114E-02      -1308.62  0.4872 -0.834E-03
         30.0018    -3036.48  0.4252 -0.201E-01      -2375.92  0.4372  0.574E-03      -1690.31  0.4656  0.114E-02      -1308.62  0.4872 -0.927E-03
         30.0024    -3036.40  0.4252 -0.200E-01      -2375.92  0.4372  0.574E-03      -1690.31  0.4656  0.114E-02      -1308.62  0.4872 -0.998E-03
         30.0032    -3036.28  0.4252 -0.200E-01      -2375.92  0.4372  0.574E-03      -1690.31  0.4656  0.114E-02      -1308.62  0.4872 -0.105E-02
         30.0043    -3036.14  0.4252 -0.200E-01      -2375.92  0.4372  0.574E-03      -1690.31  0.4656  0.114E-02      -1308.62  0.4872 -0.110E-02
         30.0056    -3035.95  0.4252 -0.200E-01      -2375.92  0.4372  0.574E-03      -1690.31  0.4656  0.114E-02      -1308.62  0.4872 -0.113E-02
         30.0074    -3035.70  0.4252 -0.200E-01      -2375.92  0.4372  0.574E-03      -1690.31  0.4656  0.114E-02      -1308.62  0.4872 -0.107E-02
         30.0098    -3035.38  0.4252 -0.200E-01      -2375.92  0.4372  0.574E-03      -1690.31  0.4656  0.114E-02      -1308.62  0.4872 -0.104E-02
         30.0128    -3034.96  0.4252 -0.200E-01      -2375.92  0.4372  0.574E-03      -1690.31  0.4656  0.114E-02      -1308.61  0.4872 -0.109E-02
         30.0167    -3034.42  0.4252 -0.200E-01      -2375.92  0.4372  0.574E-03      -1690.31  0.4656  0.114E-02      -1308.61  0.4872 -0.105E-02
         30.0218    -3033.72  0.4253 -0.200E-01      -2375.92  0.4372  0.574E-03      -1690.31  0.4656  0.114E-02      -1308.61  0.4872 -0.106E-02
         30.0285    -3032.80  0.4253 -0.200E-01      -2375.92  0.4372  0.574E-03      -1690.31  0.4656  0.114E-02      -1308.61  0.4872 -0.106E-02
         30.0372    -3031.61  0.4253 -0.200E-01      -2375.92  0.4372  0.574E-03      -1690.31  0.4656  0.114E-02      -1308.60  0.4872 -0.106E-02
         30.0484    -3030.07  0.4254 -0.200E-01      -2375.92  0.4372  0.574E-03      -1690.31  0.4656  0.114E-02      -1308.59  0.4872 -0.106E-02
         30.0630    -3028.07  0.4254 -0.200E-01      -2375.92  0.4372  0.574E-03      -1690.31  0.4656  0.114E-02      -1308.59  0.4872 -0.106E-02
         30.0820    -3025.48  0.4255 -0.200E-01      -2375.92  0.4372  0.574E-03      -1690.31  0.4656  0.114E-02      -1308.58  0.4872 -0.106E-02
         30.1067    -3022.12  0.4256 -0.200E-01      -2375.92  0.4372  0.574E-03      -1690.31  0.4656  0.114E-02      -1308.56  0.4872 -0.107E-02
         30.1388    -3017.77  0.4257 -0.200E-01      -2375.91  0.4372  0.574E-03      -1690.31  0.4656  0.114E-02      -1308.55  0.4872 -0.106E-02
         30.1806    -3012.14  0.4259 -0.200E-01      -2375.91  0.4372  0.574E-03      -1690.30  0.4656  0.114E-02      -1308.52  0.4872 -0.106E-02
         30.2349    -3004.87  0.4261 -0.200E-01      -2375.91  0.4372  0.574E-03      -1690.30  0.4656  0.114E-02      -1308.49  0.4872 -0.106E-02
         30.3054    -2995.51  0.4264 -0.200E-01      -2375.91  0.4372  0.574E-03      -1690.30  0.4656  0.114E-02      -1308.45  0.4872 -0.107E-02
         30.3972    -2983.49  0.4267 -0.200E-01      -2375.91  0.4372  0.574E-03      -1690.30  0.4656  0.114E-02      -1308.41  0.4872 -0.106E-02
         30.5164    -2968.09  0.4272 -0.200E-01      -2375.90  0.4372  0.574E-03      -1690.30  0.4656  0.114E-02      -1308.34  0.4872 -0.107E-02
         30.6715    -2948.48  0.4277 -0.200E-01      -2375.90  0.4372  0.574E-03      -1690.29  0.4656  0.114E-02      -1308.26  0.4872 -0.107E-02
         30.8730    -2923.65  0.4285 -0.200E-01      -2375.89  0.4372  0.574E-03      -1690.29  0.4656  0.114E-02      -1308.15  0.4872 -0.107E-02
         31.1350    -2892.48  0.4294 -0.200E-01      -2375.88  0.4372  0.574E-03      -1690.28  0.4656  0.114E-02      -1308.01  0.4872 -0.107E-02
         31.4756    -2853.77  0.4305 -0.200E-01      -2375.87  0.4372  0.574E-03      -1690.27  0.4656  0.114E-02      -1307.84  0.4872 -0.107E-02
         31.9184    -2806.38  0.4319 -0.200E-01      -2375.86  0.4372  0.574E-03      -1690.26  0.4656  0.114E-02      -1307.61  0.4873 -0.107E-02
         32.4940    -2749.42  0.4335 -0.200E-01      -2375.84  0.4372  0.574E-03      -1690.24  0.4656  0.114E-02      -1307.32  0.4873 -0.107E-02
         33.2446    -2682.33  0.4355 -0.200E-01      -2375.81  0.4372  0.574E-03      -1690.22  0.4656  0.114E-02      -1306.94  0.4873 -0.107E-02
         34.2096    -2606.42  0.4377 -0.200E-01      -2375.78  0.4372  0.574E-03      -1690.19  0.4656  0.114E-02      -1306.47  0.4873 -0.107E-02
         35.3677    -2527.77  0.4399 -0.200E-01      -2375.75  0.4372  0.575E-03      -1690.16  0.4656  0.114E-02      -1305.92  0.4874 -0.107E-02
         36.9118    -2440.46  0.4425 -0.200E-01      -2375.70  0.4372  0.575E-03      -1690.11  0.4656  0.114E-02      -1305.21  0.4874 -0.107E-02
         40.0000    -2336.05  0.4465 -0.200E-01      -2375.60  0.4372  0.575E-03      -1690.03  0.4656  0.114E-02      -1303.86  0.4875 -0.107E-02
         40.0001    -2327.92  0.4465 -0.410E+00      -2375.60  0.4372  0.575E-03      -1690.03  0.4656  0.114E-02      -1303.85  0.4875 -0.121E-02
         40.0002    -2329.68  0.4465 -0.410E+00      -2375.60  0.4372  0.575E-03      -1690.03  0.4656  0.114E-02      -1303.86  0.4875 -0.121E-02
         40.0004    -2327.68  0.4465 -0.410E+00      -2375.60  0.4372  0.575E-03      -1690.03  0.4656  0.114E-02      -1303.85  0.4875 -0.121E-02
         40.0006    -2327.92  0.4465 -0.410E+00      -2375.60  0.4372  0.575E-03      -1690.03  0.4656  0.114E-02      -1303.85  0.4875 -0.121E-02
         40.0009    -2326.91  0.4466 -0.410E+00      -2375.60  0.4372  0.575E-03      -1690.03  0.4656  0.114E-02      -1303.85  0.4875 -0.121E-02
         40.0013    -2326.34  0.4466 -0.410E+00      -2375.60  0.4372  0.575E-03      -1690.03  0.4656  0.114E-02      -1303.85  0.4875 -0.121E-02
         40.0018    -2325.22  0.4466 -0.410E+00      -2375.60  0.4372  0.575E-03      -1690.03  0.4656  0.114E-02      -1303.85  0.4875 -0.121E-02
         40.0024    -2323.97  0.4467 -0.410E+00      -2375.60  0.4372  0.575E-03      -1690.03  0.4656  0.114E-02      -1303.85  0.4875 -0.121E-02
         40.0032    -2322.23  0.4467 -0.410E+00      -2375.60  0.4372  0.575E-03      -1690.03  0.4656  0.114E-02      -1303.85  0.4875 -0.103E-02
         40.0043    -2320.03  0.4468 -0.410E+00      -2375.60  0.4372  0.575E-03      -1690.03  0.4656  0.114E-02      -1303.85  0.4875 -0.107E-02
         40.0056    -2317.14  0.4469 -0.410E+00      -2375.60  0.4372  0.575E-03      -1690.03  0.4656  0.114E-02      -1303.85  0.4875 -0.110E-02
         40.0074    -2313.40  0.4471 -0.410E+00      -2375.60  0.4372  0.575E-03      -1690.03  0.4656  0.114E-02      -1303.85  0.4875 -0.104E-02
         40.0098    -2308.53  0.4473 -0.410E+00      -2375.60  0.4372  0.575E-03      -1690.03  0.4656  0.114E-02      -1303.85  0.4875 -0.108E-02
         40.0128    -2302.22  0.4475 -0.410E+00      -2375.60  0.4372  0.575E-03      -1690.03  0.4656  0.114E-02      -1303.85  0.4875 -0.106E-02
         40.0167    -2294.01  0.4478 -0.410E+00      -2375.60  0.4372  0.575E-03      -1690.03  0.4656  0.114E-02      -1303.85  0.4875 -0.106E-02
         40.0218    -2283.35  0.4482 -0.410E+00      -2375.60  0.4372  0.575E-03      -1690.03  0.4656  0.114E-02      -1303.85  0.4875 -0.106E-02
         40.0285    -2269.52  0.4487 -0.410E+00      -2375.60  0.4372  0.575E-03      -1690.03  0.4656  0.114E-02      -1303.84  0.4875 -0.108E-02
         40.0372    -2251.57  0.4494 -0.410E+00      -2375.60  0.4372  0.575E-03      -1690.03  0.4656  0.114E-02      -1303.84  0.4875 -0.107E-02
         40.0484    -2228.31  0.4503 -0.410E+00      -2375.60  0.4372  0.575E-03      -1690.03  0.4656  0.114E-02      -1303.83  0.4875 -0.108E-02
         40.0630    -2198.17  0.4514 -0.410E+00      -2375.60  0.4372  0.575E-03      -1690.02  0.4656  0.114E-02      -1303.83  0.4875 -0.108E-02
         40.0820    -2159.18  0.4529 -0.410E+00      -2375.60  0.4372  0.575E-03      -1690.02  0.4656  0.114E-02      -1303.82  0.4875 -0.108E-02
         40.1067    -2108.83  0.4548 -0.410E+00      -2375.60  0.4372  0.575E-03      -1690.02  0.4656  0.114E-02      -1303.81  0.4875 -0.107E-02
         40.1388    -2043.96  0.4573 -0.410E+00      -2375.60  0.4372  0.575E-03      -1690.02  0.4656  0.114E-02      -1303.79  0.4875 -0.108E-02
         40.1806    -1960.66  0.4604 -0.410E+00      -2375.60  0.4372  0.575E-03      -1690.02  0.4656  0.114E-02      -1303.78  0.4875 -0.107E-02
         40.2349    -1870.67  0.4645 -0.410E+00      -2375.59  0.4372  0.575E-03      -1690.02  0.4656  0.114E-02      -1303.75  0.4875 -0.107E-02
         40.3054    -1766.36  0.4696 -0.410E+00      -2375.59  0.4372  0.575E-03      -1690.02  0.4656  0.114E-02      -1303.72  0.4875 -0.107E-02
         40.3972    -1635.91  0.4759 -0.410E+00      -2375.59  0.4372  0.575E-03      -1690.02  0.4656  0.114E-02      -1303.68  0.4875 -0.107E-02
         40.5164    -1488.37  0.4837 -0.410E+00      -2375.59  0.4372  0.575E-03      -1690.01  0.4656  0.114E-02      -1303.63  0.4875 -0.107E-02
         40.6715    -1344.68  0.4930 -0.410E+00      -2375.58  0.4372  0.575E-03      -1690.01  0.4656  0.114E-02      -1303.56  0.4875 -0.107E-02
         40.8730    -1183.12  0.5035 -0.410E+00      -2375.57  0.4372  0.575E-03      -1690.00  0.4656  0.114E-02      -1303.48  0.4875 -0.107E-02
         41.1350    -1042.71  0.5144 -0.410E+00      -2375.57  0.4372  0.575E-03      -1689.99  0.4656  0.114E-02      -1303.36  0.4875 -0.107E-02
         41.3970     -935.53  0.5233 -0.410E+00      -2375.56  0.4372  0.575E-03      -1689.99  0.4656  0.114E-02      -1303.25  0.4875 -0.107E-02
         41.7376     -846.62  0.5323 -0.410E+00      -2375.55  0.4372  0.575E-03      -1689.98  0.4656  0.114E-02      -1303.11  0.4875 -0.107E-02
         42.1804     -753.45  0.5416 -0.410E+00      -2375.53  0.4372  0.575E-03      -1689.96  0.4656  0.114E-02      -1302.92  0.4875 -0.107E-02
         42.7560     -679.29  0.5508 -0.410E+00      -2375.52  0.4372  0.575E-03      -1689.95  0.4656  0.114E-02      -1302.68  0.4876 -0.107E-02
         43.3316     -611.71  0.5591 -0.410E+00      -2375.50  0.4372  0.575E-03      -1689.93  0.4656  0.114E-02      -1302.44  0.4876 -0.108E-02
         44.0725     -553.92  0.5674 -0.410E+00      -2375.48  0.4372  0.575E-03      -1689.91  0.4656  0.114E-02      -1302.14  0.4876 -0.108E-02
         44.8135     -502.07  0.5749 -0.410E+00      -2375.45  0.4372  0.575E-03      -1689.89  0.4656  0.114E-02      -1301.84  0.4876 -0.108E-02
         45.5544     -462.04  0.5812 -0.410E+00      -2375.43  0.4372  0.575E-03      -1689.87  0.4656  0.114E-02      -1301.55  0.4876 -0.108E-02
         46.2953     -427.64  0.5870 -0.410E+00      -2375.41  0.4372  0.576E-03      -1689.85  0.4656  0.114E-02      -1301.25  0.4876 -0.108E-02
         47.2215     -393.38  0.5930 -0.410E+00      -2375.38  0.4372  0.576E-03      -1689.82  0.4656  0.114E-02      -1300.89  0.4877 -0.108E-02
         48.1477     -364.56  0.5984 -0.410E+00      -2375.35  0.4372  0.576E-03      -1689.79  0.4656  0.114E-02      -1300.53  0.4877 -0.108E-02
         49.0738     -341.23  0.6030 -0.410E+00      -2375.33  0.4372  0.576E-03      -1689.76  0.4656  0.114E-02      -1300.18  0.4877 -0.108E-02
         50.0000     -317.31  0.6077 -0.410E+00      -2375.30  0.4372  0.576E-03      -1689.74  0.4656  0.114E-02      -1299.83  0.4877 -0.108E-02
         51.2500     -303.41  0.6105 -0.380E+00      -2375.26  0.4372  0.576E-03      -1689.70  0.4656  0.114E-02      -1299.37  0.4878 -0.108E-02
         52.5000     -286.15  0.6141 -0.380E+00      -2375.22  0.4372  0.576E-03      -1689.66  0.4656  0.114E-02      -1298.91  0.4878 -0.108E-02
         53.7500     -267.64  0.6181 -0.380E+00      -2375.19  0.4372  0.576E-03      -1689.62  0.4656  0.114E-02      -1298.46  0.4878 -0.108E-02
         55.3125     -251.09  0.6218 -0.380E+00      -2375.14  0.4372  0.576E-03      -1689.58  0.4656  0.114E-02      -1297.91  0.4879 -0.108E-02
         56.8750     -234.69  0.6255 -0.380E+00      -2375.09  0.4372  0.576E-03      -1689.53  0.4657  0.114E-02      -1297.37  0.4879 -0.108E-02
         58.4375     -220.48  0.6289 -0.380E+00      -2375.05  0.4372  0.576E-03      -1689.48  0.4657  0.114E-02      -1296.83  0.4879 -0.108E-02
         60.0000     -207.82  0.6319 -0.380E+00      -2375.00  0.4372  0.577E-03      -1689.44  0.4657  0.114E-02      -1296.30  0.4880 -0.109E-02
         60.0001     -207.91  0.6319 -0.193E-01      -2375.00  0.4372  0.577E-03      -1689.44  0.4657  0.114E-02      -1296.30  0.4880 -0.119E-02
         60.0002     -207.93  0.6319 -0.190E-01      -2375.00  0.4372  0.577E-03      -1689.44  0.4657  0.114E-02      -1296.30  0.4880 -0.119E-02
         60.0004     -207.99  0.6318 -0.200E-01      -2375.00  0.4372  0.577E-03      -1689.44  0.4657  0.114E-02      -1296.30  0.4880 -0.119E-02
         60.0006     -208.05  0.6318 -0.196E-01      -2375.00  0.4372  0.577E-03      -1689.44  0.4657  0.114E-02      -1296.30  0.4880 -0.119E-02
         60.0009     -208.14  0.6318 -0.199E-01      -2375.00  0.4372  0.577E-03      -1689.44  0.4657  0.114E-02      -1296.30  0.4880 -0.119E-02
         60.0013     -208.24  0.6318 -0.196E-01      -2375.00  0.4372  0.577E-03      -1689.44  0.4657  0.114E-02      -1296.30  0.4880 -0.119E-02
         60.0018     -208.38  0.6318 -0.201E-01      -2375.00  0.4372  0.577E-03      -1689.44  0.4657  0.114E-02      -1296.30  0.4880 -0.119E-02
         60.0024     -208.56  0.6317 -0.201E-01      -2375.00  0.4372  0.577E-03      -1689.44  0.4657  0.114E-02      -1296.30  0.4880 -0.954E-03
         60.0032     -208.80  0.6317 -0.199E-01      -2375.00  0.4372  0.577E-03      -1689.44  0.4657  0.114E-02      -1296.30  0.4880 -0.101E-02
         60.0043     -209.10  0.6316 -0.201E-01      -2375.00  0.4372  0.577E-03      -1689.44  0.4657  0.114E-02      -1296.30  0.4880 -0.105E-02
         60.0056     -209.49  0.6315 -0.201E-01      -2375.00  0.4372  0.577E-03      -1689.44  0.4657  0.114E-02      -1296.30  0.4880 -0.108E-02
         60.0074     -209.99  0.6314 -0.200E-01      -2375.00  0.4372  0.577E-03      -1689.44  0.4657  0.114E-02      -1296.30  0.4880 -0.111E-02
         60.0098     -210.63  0.6312 -0.199E-01      -2375.00  0.4372  0.577E-03      -1689.44  0.4657  0.114E-02      -1296.30  0.4880 -0.106E-02
         60.0128     -211.46  0.6310 -0.200E-01      -2375.00  0.4372  0.577E-03      -1689.44  0.4657  0.114E-02      -1296.30  0.4880 -0.109E-02
         60.0167     -212.50  0.6308 -0.200E-01      -2375.00  0.4372  0.577E-03      -1689.44  0.4657  0.114E-02      -1296.30  0.4880 -0.108E-02
         60.0218     -213.83  0.6305 -0.200E-01      -2375.00  0.4372  0.577E-03      -1689.44  0.4657  0.114E-02      -1296.30  0.4880 -0.107E-02
         60.0285     -215.50  0.6301 -0.200E-01      -2375.00  0.4372  0.577E-03      -1689.44  0.4657  0.114E-02      -1296.29  0.4880 -0.108E-02
         60.0372     -217.57  0.6296 -0.200E-01      -2375.00  0.4372  0.577E-03      -1689.44  0.4657  0.114E-02      -1296.29  0.4880 -0.109E-02
         60.0484     -220.13  0.6289 -0.200E-01      -2375.00  0.4372  0.577E-03      -1689.44  0.4657  0.114E-02      -1296.29  0.4880 -0.109E-02
         60.0630     -223.25  0.6282 -0.200E-01      -2375.00  0.4372  0.577E-03      -1689.44  0.4657  0.114E-02      -1296.28  0.4880 -0.109E-02
         60.0820     -227.00  0.6273 -0.200E-01      -2375.00  0.4372  0.577E-03      -1689.43  0.4657  0.114E-02      -1296.28  0.4880 -0.109E-02
         60.1067     -231.43  0.6262 -0.200E-01      -2375.00  0.4372  0.577E-03      -1689.43  0.4657  0.114E-02      -1296.27  0.4880 -0.109E-02
         60.1388     -236.61  0.6250 -0.200E-01      -2375.00  0.4372  0.577E-03      -1689.43  0.4657  0.114E-02      -1296.26  0.4880 -0.108E-02
         60.1806     -243.05  0.6236 -0.200E-01      -2375.00  0.4372  0.577E-03      -1689.43  0.4657  0.114E-02      -1296.24  0.4880 -0.108E-02
         60.2349     -250.20  0.6220 -0.200E-01      -2374.99  0.4372  0.577E-03      -1689.43  0.4657  0.114E-02      -1296.23  0.4880 -0.109E-02
         60.3054     -258.23  0.6202 -0.200E-01      -2374.99  0.4372  0.577E-03      -1689.43  0.4657  0.114E-02      -1296.20  0.4880 -0.109E-02
         60.3972     -267.04  0.6183 -0.200E-01      -2374.99  0.4372  0.577E-03      -1689.43  0.4657  0.114E-02      -1296.17  0.4880 -0.109E-02
         60.5164     -276.68  0.6162 -0.200E-01      -2374.99  0.4372  0.577E-03      -1689.42  0.4657  0.114E-02      -1296.13  0.4880 -0.109E-02
         60.6715     -287.49  0.6138 -0.200E-01      -2374.98  0.4372  0.577E-03      -1689.42  0.4657  0.114E-02      -1296.08  0.4880 -0.109E-02
         60.8730     -299.65  0.6111 -0.200E-01      -2374.97  0.4372  0.577E-03      -1689.41  0.4657  0.114E-02      -1296.01  0.4880 -0.109E-02
         61.1350     -314.22  0.6083 -0.200E-01      -2374.97  0.4372  0.577E-03      -1689.40  0.4657  0.114E-02      -1295.92  0.4880 -0.109E-02
         61.4756     -329.89  0.6051 -0.200E-01      -2374.96  0.4372  0.577E-03      -1689.39  0.4657  0.114E-02      -1295.81  0.4880 -0.109E-02
         61.9184     -347.09  0.6017 -0.200E-01      -2374.94  0.4372  0.577E-03      -1689.38  0.4657  0.114E-02      -1295.66  0.4880 -0.109E-02
         62.4940     -365.73  0.5981 -0.200E-01      -2374.93  0.4373  0.577E-03      -1689.36  0.4657  0.114E-02      -1295.48  0.4880 -0.109E-02
         63.2446     -388.01  0.5940 -0.200E-01      -2374.90  0.4373  0.577E-03      -1689.34  0.4657  0.114E-02      -1295.23  0.4880 -0.109E-02
         64.2096     -411.89  0.5898 -0.200E-01      -2374.88  0.4373  0.577E-03      -1689.31  0.4657  0.114E-02      -1294.92  0.4880 -0.109E-02
         65.3677     -435.62  0.5857 -0.200E-01      -2374.84  0.4373  0.577E-03      -1689.27  0.4657  0.114E-02      -1294.55  0.4881 -0.109E-02
         66.9118     -461.00  0.5813 -0.200E-01      -2374.80  0.4373  0.577E-03      -1689.23  0.4657  0.114E-02      -1294.06  0.4881 -0.109E-02
         70.0000     -503.44  0.5748 -0.200E-01      -2374.71  0.4373  0.577E-03      -1689.13  0.4657  0.114E-02      -1293.11  0.4882 -0.109E-02
         70.0001     -503.53  0.5748 -0.964E-02      -2374.71  0.4373  0.577E-03      -1689.13  0.4657  0.114E-02      -1293.11  0.4882 -0.119E-02
         70.0002     -503.52  0.5748 -0.985E-02      -2374.71  0.4373  0.577E-03      -1689.13  0.4657  0.114E-02      -1293.11  0.4882 -0.119E-02
         70.0004     -503.54  0.5748 -0.933E-02      -2374.71  0.4373  0.577E-03      -1689.13  0.4657  0.114E-02      -1293.11  0.4882 -0.119E-02
         70.0006     -503.54  0.5748 -0.101E-01      -2374.71  0.4373  0.577E-03      -1689.13  0.4657  0.114E-02      -1293.11  0.4882 -0.119E-02
         70.0009     -503.55  0.5748 -0.961E-02      -2374.71  0.4373  0.577E-03      -1689.13  0.4657  0.114E-02      -1293.11  0.4882 -0.119E-02
         70.0013     -503.56  0.5748 -0.104E-01      -2374.71  0.4373  0.577E-03      -1689.13  0.4657  0.114E-02      -1293.11  0.4882 -0.119E-02
         70.0018     -503.57  0.5748 -0.101E-01      -2374.71  0.4373  0.577E-03      -1689.13  0.4657  0.114E-02      -1293.11  0.4882 -0.119E-02
         70.0024     -503.59  0.5748 -0.100E-01      -2374.71  0.4373  0.577E-03      -1689.13  0.4657  0.114E-02      -1293.11  0.4882 -0.119E-02
         70.0032     -503.61  0.5748 -0.997E-02      -2374.71  0.4373  0.577E-03      -1689.13  0.4657  0.114E-02      -1293.11  0.4882 -0.100E-02
         70.0043     -503.64  0.5748 -0.990E-02      -2374.71  0.4373  0.577E-03      -1689.13  0.4657  0.114E-02      -1293.10  0.4882 -0.105E-02
         70.0056     -503.68  0.5748 -0.101E-01      -2374.71  0.4373  0.577E-03      -1689.13  0.4657  0.114E-02      -1293.10  0.4882 -0.108E-02
         70.0074     -503.73  0.5748 -0.101E-01      -2374.71  0.4373  0.577E-03      -1689.13  0.4657  0.114E-02      -1293.10  0.4882 -0.110E-02
         70.0098     -503.79  0.5747 -0.997E-02      -2374.71  0.4373  0.577E-03      -1689.13  0.4657  0.114E-02      -1293.10  0.4882 -0.112E-02
         70.0128     -503.87  0.5747 -0.998E-02      -2374.71  0.4373  0.577E-03      -1689.13  0.4657  0.114E-02      -1293.10  0.4882 -0.109E-02
         70.0167     -503.98  0.5747 -0.997E-02      -2374.71  0.4373  0.577E-03      -1689.13  0.4657  0.114E-02      -1293.10  0.4882 -0.111E-02
         70.0218     -504.12  0.5747 -0.999E-02      -2374.71  0.4373  0.577E-03      -1689.13  0.4657  0.114E-02      -1293.10  0.4882 -0.110E-02
         70.0285     -504.30  0.5747 -0.998E-02      -2374.71  0.4373  0.577E-03      -1689.13  0.4657  0.114E-02      -1293.10  0.4882 -0.110E-02
         70.0372     -504.54  0.5746 -0.999E-02      -2374.71  0.4373  0.577E-03      -1689.13  0.4657  0.114E-02      -1293.10  0.4882 -0.108E-02
         70.0484     -504.83  0.5746 -0.100E-01      -2374.71  0.4373  0.577E-03      -1689.13  0.4657  0.114E-02      -1293.09  0.4882 -0.109E-02
         70.0630     -505.22  0.5745 -0.100E-01      -2374.70  0.4373  0.577E-03      -1689.13  0.4657  0.114E-02      -1293.09  0.4882 -0.110E-02
         70.0820     -505.71  0.5745 -0.100E-01      -2374.70  0.4373  0.577E-03      -1689.13  0.4657  0.114E-02      -1293.08  0.4882 -0.109E-02
         70.1067     -506.34  0.5744 -0.100E-01      -2374.70  0.4373  0.577E-03      -1689.13  0.4657  0.114E-02      -1293.07  0.4882 -0.109E-02
         70.1388     -507.13  0.5743 -0.100E-01      -2374.70  0.4373  0.577E-03      -1689.13  0.4657  0.114E-02      -1293.06  0.4882 -0.109E-02
         70.1806     -508.13  0.5741 -0.100E-01      -2374.70  0.4373  0.577E-03      -1689.13  0.4657  0.114E-02      -1293.05  0.4882 -0.109E-02
         70.2349     -509.39  0.5739 -0.100E-01      -2374.70  0.4373  0.577E-03      -1689.12  0.4657  0.114E-02      -1293.03  0.4882 -0.109E-02
         70.3054     -510.96  0.5737 -0.100E-01      -2374.70  0.4373  0.577E-03      -1689.12  0.4657  0.114E-02      -1293.01  0.4882 -0.109E-02
         70.3972     -512.90  0.5734 -0.100E-01      -2374.69  0.4373  0.577E-03      -1689.12  0.4657  0.114E-02      -1292.98  0.4882 -0.109E-02
         70.5164     -515.30  0.5730 -0.100E-01      -2374.69  0.4373  0.577E-03      -1689.11  0.4657  0.114E-02      -1292.95  0.4882 -0.109E-02
         70.6715     -518.24  0.5726 -0.100E-01      -2374.69  0.4373  0.577E-03      -1689.11  0.4657  0.114E-02      -1292.90  0.4882 -0.109E-02
         70.8730     -521.84  0.5721 -0.100E-01      -2374.68  0.4373  0.577E-03      -1689.10  0.4657  0.114E-02      -1292.84  0.4882 -0.109E-02
         71.1350     -526.23  0.5714 -0.100E-01      -2374.67  0.4373  0.577E-03      -1689.10  0.4657  0.114E-02      -1292.76  0.4882 -0.109E-02
         71.4756     -531.57  0.5706 -0.100E-01      -2374.66  0.4373  0.577E-03      -1689.09  0.4657  0.114E-02      -1292.66  0.4882 -0.109E-02
         71.9184     -538.06  0.5697 -0.100E-01      -2374.65  0.4373  0.577E-03      -1689.07  0.4657  0.114E-02      -1292.52  0.4882 -0.109E-02
         72.4940     -545.87  0.5685 -0.100E-01      -2374.63  0.4373  0.577E-03      -1689.05  0.4657  0.114E-02      -1292.35  0.4882 -0.109E-02
         73.2446     -555.24  0.5672 -0.100E-01      -2374.61  0.4373  0.577E-03      -1689.03  0.4657  0.114E-02      -1292.12  0.4882 -0.109E-02
         74.2096     -566.31  0.5655 -0.100E-01      -2374.58  0.4373  0.577E-03      -1689.00  0.4657  0.113E-02      -1291.83  0.4882 -0.109E-02
         75.3677     -578.62  0.5637 -0.100E-01      -2374.55  0.4373  0.577E-03      -1688.96  0.4657  0.113E-02      -1291.49  0.4883 -0.109E-02
         76.9118     -593.68  0.5615 -0.100E-01      -2374.50  0.4373  0.578E-03      -1688.92  0.4657  0.113E-02      -1291.04  0.4883 -0.109E-02
         80.0000     -622.36  0.5578 -0.100E-01      -2374.41  0.4373  0.578E-03      -1688.82  0.4657  0.113E-02      -1290.15  0.4883 -0.110E-02
         80.0001     -622.46  0.5578 -0.180E+00      -2374.41  0.4373  0.578E-03      -1688.82  0.4657  0.113E-02      -1290.15  0.4883 -0.119E-02
         80.0002     -622.40  0.5578 -0.179E+00      -2374.41  0.4373  0.578E-03      -1688.82  0.4657  0.113E-02      -1290.15  0.4883 -0.119E-02
         80.0004     -622.38  0.5578 -0.180E+00      -2374.41  0.4373  0.578E-03      -1688.82  0.4657  0.113E-02      -1290.15  0.4883 -0.119E-02
         80.0006     -622.31  0.5578 -0.180E+00      -2374.41  0.4373  0.578E-03      -1688.82  0.4657  0.113E-02      -1290.15  0.4883 -0.119E-02
         80.0009     -622.24  0.5579 -0.180E+00      -2374.41  0.4373  0.578E-03      -1688.82  0.4657  0.113E-02      -1290.15  0.4883 -0.119E-02
         80.0013     -622.14  0.5579 -0.180E+00      -2374.41  0.4373  0.578E-03      -1688.82  0.4657  0.113E-02      -1290.15  0.4883 -0.119E-02
         80.0018     -622.01  0.5579 -0.180E+00      -2374.41  0.4373  0.578E-03      -1688.82  0.4657  0.113E-02      -1290.15  0.4883 -0.119E-02
         80.0024     -621.84  0.5579 -0.180E+00      -2374.41  0.4373  0.578E-03      -1688.82  0.4657  0.113E-02      -1290.15  0.4883 -0.119E-02
         80.0032     -621.63  0.5579 -0.180E+00      -2374.41  0.4373  0.578E-03      -1688.82  0.4657  0.113E-02      -1290.15  0.4883 -0.100E-02
         80.0043     -621.35  0.5580 -0.180E+00      -2374.41  0.4373  0.578E-03      -1688.82  0.4657  0.113E-02      -1290.15  0.4883 -0.105E-02
         80.0056     -620.98  0.5580 -0.180E+00      -2374.41  0.4373  0.578E-03      -1688.82  0.4657  0.113E-02      -1290.15  0.4883 -0.108E-02
         80.0074     -620.51  0.5581 -0.180E+00      -2374.41  0.4373  0.578E-03      -1688.82  0.4657  0.113E-02      -1290.15  0.4883 -0.110E-02
         80.0098     -619.89  0.5581 -0.180E+00      -2374.41  0.4373  0.578E-03      -1688.82  0.4657  0.113E-02      -1290.15  0.4883 -0.112E-02
         80.0128     -619.10  0.5582 -0.180E+00      -2374.41  0.4373  0.578E-03      -1688.82  0.4657  0.113E-02      -1290.15  0.4883 -0.109E-02
         80.0167     -618.07  0.5584 -0.180E+00      -2374.41  0.4373  0.578E-03      -1688.82  0.4657  0.113E-02      -1290.15  0.4883 -0.111E-02
         80.0218     -616.74  0.5585 -0.180E+00      -2374.41  0.4373  0.578E-03      -1688.82  0.4657  0.113E-02      -1290.15  0.4883 -0.110E-02
         80.0285     -615.03  0.5587 -0.180E+00      -2374.41  0.4373  0.578E-03      -1688.82  0.4657  0.113E-02      -1290.14  0.4883 -0.110E-02
         80.0372     -612.84  0.5590 -0.180E+00      -2374.41  0.4373  0.578E-03      -1688.82  0.4657  0.113E-02      -1290.14  0.4883 -0.110E-02
         80.0484     -610.03  0.5594 -0.180E+00      -2374.41  0.4373  0.578E-03      -1688.82  0.4657  0.113E-02      -1290.14  0.4883 -0.109E-02
         80.0630     -606.45  0.5598 -0.180E+00      -2374.41  0.4373  0.578E-03      -1688.82  0.4657  0.113E-02      -1290.13  0.4883 -0.109E-02
         80.0820     -601.92  0.5603 -0.180E+00      -2374.41  0.4373  0.578E-03      -1688.81  0.4657  0.113E-02      -1290.13  0.4883 -0.110E-02
         80.1067     -596.83  0.5610 -0.180E+00      -2374.40  0.4373  0.578E-03      -1688.81  0.4657  0.113E-02      -1290.12  0.4883 -0.110E-02
         80.1388     -590.86  0.5619 -0.180E+00      -2374.40  0.4373  0.578E-03      -1688.81  0.4657  0.113E-02      -1290.11  0.4883 -0.110E-02
         80.1806     -583.47  0.5630 -0.180E+00      -2374.40  0.4373  0.578E-03      -1688.81  0.4657  0.113E-02      -1290.10  0.4883 -0.110E-02
         80.2349     -574.53  0.5643 -0.180E+00      -2374.40  0.4373  0.578E-03      -1688.81  0.4657  0.113E-02      -1290.09  0.4883 -0.110E-02
         80.3054     -563.81  0.5659 -0.180E+00      -2374.40  0.4373  0.578E-03      -1688.81  0.4657  0.113E-02      -1290.07  0.4884 -0.109E-02
         80.3972     -551.27  0.5678 -0.180E+00      -2374.40  0.4373  0.578E-03      -1688.80  0.4657  0.113E-02      -1290.04  0.4884 -0.110E-02
         80.5164     -536.93  0.5699 -0.180E+00      -2374.39  0.4373  0.578E-03      -1688.80  0.4657  0.113E-02      -1290.01  0.4884 -0.110E-02
         80.6715     -520.97  0.5722 -0.180E+00      -2374.39  0.4373  0.578E-03      -1688.80  0.4657  0.113E-02      -1289.96  0.4884 -0.110E-02
         80.8730     -503.60  0.5748 -0.180E+00      -2374.38  0.4373  0.578E-03      -1688.79  0.4657  0.113E-02      -1289.90  0.4884 -0.110E-02
         81.1350     -485.79  0.5775 -0.180E+00      -2374.37  0.4373  0.578E-03      -1688.78  0.4657  0.113E-02      -1289.83  0.4884 -0.110E-02
         81.4756     -468.85  0.5802 -0.180E+00      -2374.36  0.4373  0.578E-03      -1688.77  0.4657  0.113E-02      -1289.73  0.4884 -0.110E-02
         81.9184     -452.77  0.5829 -0.180E+00      -2374.35  0.4373  0.578E-03      -1688.76  0.4657  0.113E-02      -1289.61  0.4884 -0.110E-02
         82.4940     -435.60  0.5859 -0.180E+00      -2374.33  0.4373  0.578E-03      -1688.74  0.4657  0.113E-02      -1289.44  0.4884 -0.110E-02
         83.2446     -417.00  0.5891 -0.180E+00      -2374.31  0.4373  0.578E-03      -1688.71  0.4657  0.113E-02      -1289.23  0.4884 -0.110E-02
         84.2096     -397.32  0.5925 -0.180E+00      -2374.28  0.4373  0.578E-03      -1688.68  0.4657  0.113E-02      -1288.97  0.4884 -0.110E-02
         85.3677     -379.54  0.5956 -0.180E+00      -2374.24  0.4373  0.578E-03      -1688.65  0.4657  0.113E-02      -1288.65  0.4884 -0.110E-02
         86.9118     -362.18  0.5990 -0.180E+00      -2374.20  0.4373  0.578E-03      -1688.60  0.4657  0.113E-02      -1288.22  0.4885 -0.110E-02
         90.0000     -333.67  0.6044 -0.180E+00      -2374.10  0.4373  0.578E-03      -1688.49  0.4657  0.113E-02      -1287.39  0.4885 -0.110E-02
         90.0001     -334.08  0.6044 -0.321E+00      -2374.10  0.4373  0.578E-03      -1688.49  0.4657  0.113E-02      -1287.39  0.4885 -0.118E-02
         90.0002     -333.96  0.6044 -0.321E+00      -2374.10  0.4373  0.578E-03      -1688.49  0.4657  0.113E-02      -1287.39  0.4885 -0.118E-02
         90.0004     -334.01  0.6044 -0.320E+00      -2374.10  0.4373  0.578E-03      -1688.49  0.4657  0.113E-02      -1287.39  0.4885 -0.118E-02
         90.0006     -333.95  0.6044 -0.320E+00      -2374.10  0.4373  0.578E-03      -1688.49  0.4657  0.113E-02      -1287.39  0.4885 -0.118E-02
         90.0009     -333.92  0.6044 -0.320E+00      -2374.10  0.4373  0.578E-03      -1688.49  0.4657  0.113E-02      -1287.39  0.4885 -0.118E-02
         90.0013     -333.86  0.6044 -0.320E+00      -2374.10  0.4373  0.578E-03      -1688.49  0.4657  0.113E-02      -1287.39  0.4885 -0.118E-02
         90.0018     -333.79  0.6044 -0.320E+00      -2374.10  0.4373  0.578E-03      -1688.49  0.4657  0.113E-02      -1287.39  0.4885 -0.118E-02
         90.0024     -333.70  0.6045 -0.320E+00      -2374.10  0.4373  0.578E-03      -1688.49  0.4657  0.113E-02      -1287.39  0.4885 -0.118E-02
         90.0032     -333.58  0.6045 -0.320E+00      -2374.10  0.4373  0.578E-03      -1688.49  0.4657  0.113E-02      -1287.39  0.4885 -0.100E-02
         90.0043     -333.42  0.6045 -0.320E+00      -2374.10  0.4373  0.578E-03      -1688.49  0.4657  0.113E-02      -1287.39  0.4885 -0.104E-02
         90.0056     -333.22  0.6046 -0.320E+00      -2374.10  0.4373  0.578E-03      -1688.49  0.4657  0.113E-02      -1287.39  0.4885 -0.108E-02
         90.0074     -332.95  0.6046 -0.320E+00      -2374.10  0.4373  0.578E-03      -1688.49  0.4657  0.113E-02      -1287.39  0.4885 -0.110E-02
         90.0098     -332.61  0.6047 -0.320E+00      -2374.10  0.4373  0.578E-03      -1688.49  0.4657  0.113E-02      -1287.39  0.4885 -0.112E-02
         90.0128     -332.17  0.6048 -0.320E+00      -2374.10  0.4373  0.578E-03      -1688.49  0.4657  0.113E-02      -1287.39  0.4885 -0.109E-02
         90.0167     -331.61  0.6049 -0.320E+00      -2374.10  0.4373  0.578E-03      -1688.49  0.4657  0.113E-02      -1287.39  0.4885 -0.111E-02
         90.0218     -330.89  0.6050 -0.320E+00      -2374.10  0.4373  0.578E-03      -1688.49  0.4657  0.113E-02      -1287.38  0.4885 -0.110E-02
         90.0285     -329.96  0.6052 -0.320E+00      -2374.10  0.4373  0.578E-03      -1688.49  0.4657  0.113E-02      -1287.38  0.4885 -0.110E-02
         90.0372     -328.79  0.6054 -0.320E+00      -2374.10  0.4373  0.578E-03      -1688.49  0.4657  0.113E-02      -1287.38  0.4885 -0.110E-02
         90.0484     -327.31  0.6057 -0.320E+00      -2374.10  0.4373  0.578E-03      -1688.49  0.4657  0.113E-02      -1287.38  0.4885 -0.111E-02
         90.0630     -325.46  0.6061 -0.320E+00      -2374.10  0.4373  0.578E-03      -1688.49  0.4657  0.113E-02      -1287.37  0.4885 -0.110E-02
         90.0820     -323.17  0.6065 -0.320E+00      -2374.10  0.4373  0.578E-03      -1688.49  0.4657  0.113E-02      -1287.37  0.4885 -0.110E-02
         90.1067     -320.37  0.6071 -0.320E+00      -2374.10  0.4373  0.578E-03      -1688.49  0.4657  0.113E-02      -1287.36  0.4885 -0.110E-02
         90.1388     -317.00  0.6078 -0.320E+00      -2374.10  0.4373  0.578E-03      -1688.49  0.4657  0.113E-02      -1287.35  0.4885 -0.110E-02
         90.1806     -313.00  0.6085 -0.320E+00      -2374.09  0.4373  0.578E-03      -1688.49  0.4657  0.113E-02      -1287.34  0.4885 -0.110E-02
         90.2349     -308.35  0.6095 -0.320E+00      -2374.09  0.4373  0.578E-03      -1688.49  0.4657  0.113E-02      -1287.33  0.4885 -0.110E-02
         90.3054     -303.03  0.6105 -0.320E+00      -2374.09  0.4373  0.578E-03      -1688.49  0.4657  0.113E-02      -1287.31  0.4885 -0.110E-02
         90.3972     -297.22  0.6117 -0.320E+00      -2374.09  0.4373  0.578E-03      -1688.48  0.4657  0.113E-02      -1287.28  0.4885 -0.110E-02
         90.5164     -291.43  0.6130 -0.320E+00      -2374.08  0.4373  0.578E-03      -1688.48  0.4657  0.113E-02      -1287.25  0.4885 -0.110E-02
         90.6715     -285.22  0.6144 -0.320E+00      -2374.08  0.4373  0.578E-03      -1688.47  0.4657  0.113E-02      -1287.21  0.4885 -0.110E-02
         90.8730     -278.65  0.6158 -0.320E+00      -2374.07  0.4373  0.578E-03      -1688.47  0.4657  0.113E-02      -1287.16  0.4885 -0.110E-02
         91.1350     -271.45  0.6174 -0.320E+00      -2374.06  0.4373  0.578E-03      -1688.46  0.4657  0.113E-02      -1287.09  0.4885 -0.110E-02
         91.4756     -263.38  0.6192 -0.320E+00      -2374.05  0.4373  0.578E-03      -1688.45  0.4657  0.113E-02      -1287.00  0.4885 -0.110E-02
         91.9184     -254.09  0.6212 -0.320E+00      -2374.04  0.4373  0.578E-03      -1688.43  0.4657  0.113E-02      -1286.88  0.4886 -0.110E-02
         92.4940     -243.14  0.6236 -0.320E+00      -2374.02  0.4373  0.578E-03      -1688.41  0.4657  0.113E-02      -1286.73  0.4886 -0.110E-02
         93.2446     -231.58  0.6263 -0.320E+00      -2374.00  0.4373  0.578E-03      -1688.39  0.4657  0.113E-02      -1286.53  0.4886 -0.110E-02
         94.2096     -220.72  0.6289 -0.320E+00      -2373.96  0.4373  0.578E-03      -1688.36  0.4657  0.113E-02      -1286.27  0.4886 -0.110E-02
         95.3677     -208.92  0.6317 -0.320E+00      -2373.93  0.4373  0.578E-03      -1688.32  0.4657  0.113E-02      -1285.97  0.4886 -0.110E-02
         96.9118     -194.44  0.6352 -0.320E+00      -2373.88  0.4373  0.578E-03      -1688.27  0.4657  0.113E-02      -1285.57  0.4886 -0.110E-02
        100.0000     -175.14  0.6398 -0.320E+00      -2373.78  0.4373  0.578E-03      -1688.17  0.4657  0.113E-02      -1284.78  0.4887 -0.110E-02
        100.0001     -175.33  0.6398 -0.189E+00      -2373.78  0.4373  0.578E-03      -1688.17  0.4657  0.113E-02      -1284.78  0.4887 -0.118E-02
        100.0002     -175.30  0.6398 -0.189E+00      -2373.78  0.4373  0.578E-03      -1688.17  0.4657  0.113E-02      -1284.78  0.4887 -0.118E-02
        100.0004     -175.35  0.6398 -0.189E+00      -2373.78  0.4373  0.578E-03      -1688.17  0.4657  0.113E-02      -1284.78  0.4887 -0.118E-02
        100.0006     -175.36  0.6398 -0.190E+00      -2373.78  0.4373  0.578E-03      -1688.17  0.4657  0.113E-02      -1284.78  0.4887 -0.118E-02
        100.0009     -175.39  0.6398 -0.190E+00      -2373.78  0.4373  0.578E-03      -1688.17  0.4657  0.113E-02      -1284.78  0.4887 -0.118E-02
        100.0013     -175.42  0.6398 -0.190E+00      -2373.78  0.4373  0.578E-03      -1688.17  0.4657  0.113E-02      -1284.78  0.4887 -0.118E-02
        100.0018     -175.47  0.6398 -0.190E+00      -2373.78  0.4373  0.578E-03      -1688.17  0.4657  0.113E-02      -1284.78  0.4887 -0.118E-02
        100.0024     -175.53  0.6398 -0.190E+00      -2373.78  0.4373  0.578E-03      -1688.17  0.4657  0.113E-02      -1284.78  0.4887 -0.118E-02
        100.0032     -175.61  0.6397 -0.190E+00      -2373.78  0.4373  0.578E-03      -1688.17  0.4657  0.113E-02      -1284.78  0.4887 -0.100E-02
        100.0043     -175.71  0.6397 -0.190E+00      -2373.78  0.4373  0.578E-03      -1688.17  0.4657  0.113E-02      -1284.78  0.4887 -0.104E-02
        100.0056     -175.83  0.6397 -0.190E+00      -2373.78  0.4373  0.578E-03      -1688.17  0.4657  0.113E-02      -1284.78  0.4887 -0.108E-02
        100.0074     -176.00  0.6396 -0.190E+00      -2373.78  0.4373  0.578E-03      -1688.17  0.4657  0.113E-02      -1284.78  0.4887 -0.110E-02
        100.0098     -176.20  0.6396 -0.190E+00      -2373.78  0.4373  0.578E-03      -1688.17  0.4657  0.113E-02      -1284.78  0.4887 -0.112E-02
        100.0128     -176.47  0.6395 -0.190E+00      -2373.78  0.4373  0.578E-03      -1688.17  0.4657  0.113E-02      -1284.78  0.4887 -0.109E-02
        100.0167     -176.81  0.6394 -0.190E+00      -2373.78  0.4373  0.578E-03      -1688.17  0.4657  0.113E-02      -1284.78  0.4887 -0.111E-02
        100.0218     -177.23  0.6393 -0.190E+00      -2373.78  0.4373  0.578E-03      -1688.17  0.4657  0.113E-02      -1284.78  0.4887 -0.110E-02
        100.0285     -177.76  0.6392 -0.190E+00      -2373.78  0.4373  0.578E-03      -1688.17  0.4657  0.113E-02      -1284.78  0.4887 -0.110E-02
        100.0372     -178.41  0.6390 -0.190E+00      -2373.78  0.4373  0.578E-03      -1688.17  0.4657  0.113E-02      -1284.77  0.4887 -0.110E-02
        100.0484     -179.20  0.6388 -0.190E+00      -2373.78  0.4373  0.578E-03      -1688.17  0.4657  0.113E-02      -1284.77  0.4887 -0.111E-02
        100.0630     -180.14  0.6386 -0.190E+00      -2373.78  0.4373  0.578E-03      -1688.16  0.4657  0.113E-02      -1284.77  0.4887 -0.110E-02
        100.0820     -181.25  0.6383 -0.190E+00      -2373.77  0.4373  0.578E-03      -1688.16  0.4657  0.113E-02      -1284.76  0.4887 -0.111E-02
        100.1067     -182.53  0.6380 -0.190E+00      -2373.77  0.4373  0.578E-03      -1688.16  0.4657  0.113E-02      -1284.76  0.4887 -0.111E-02
        100.1388     -183.97  0.6376 -0.190E+00      -2373.77  0.4373  0.578E-03      -1688.16  0.4657  0.113E-02      -1284.75  0.4887 -0.111E-02
        100.1806     -185.56  0.6372 -0.190E+00      -2373.77  0.4373  0.578E-03      -1688.16  0.4657  0.113E-02      -1284.74  0.4887 -0.111E-02
        100.2349     -187.28  0.6368 -0.190E+00      -2373.77  0.4373  0.578E-03      -1688.16  0.4657  0.113E-02      -1284.72  0.4887 -0.111E-02
        100.3054     -189.22  0.6363 -0.190E+00      -2373.77  0.4373  0.578E-03      -1688.16  0.4657  0.113E-02      -1284.71  0.4887 -0.110E-02
        100.3972     -191.22  0.6358 -0.190E+00      -2373.76  0.4373  0.578E-03      -1688.15  0.4657  0.113E-02      -1284.68  0.4887 -0.111E-02
        100.5164     -193.31  0.6353 -0.190E+00      -2373.76  0.4373  0.578E-03      -1688.15  0.4657  0.113E-02      -1284.65  0.4887 -0.110E-02
        100.6715     -195.43  0.6348 -0.190E+00      -2373.75  0.4373  0.578E-03      -1688.14  0.4657  0.113E-02      -1284.61  0.4887 -0.110E-02
        100.8730     -197.56  0.6343 -0.190E+00      -2373.75  0.4373  0.578E-03      -1688.14  0.4657  0.113E-02      -1284.56  0.4887 -0.110E-02
        101.1350     -199.64  0.6338 -0.190E+00      -2373.74  0.4373  0.578E-03      -1688.13  0.4657  0.113E-02      -1284.50  0.4887 -0.111E-02
        101.4756     -201.62  0.6333 -0.190E+00      -2373.73  0.4373  0.578E-03      -1688.12  0.4657  0.113E-02      -1284.41  0.4887 -0.111E-02
        101.9184     -203.41  0.6329 -0.190E+00      -2373.71  0.4373  0.578E-03      -1688.10  0.4657  0.113E-02      -1284.30  0.4887 -0.111E-02
        102.4940     -204.92  0.6326 -0.190E+00      -2373.69  0.4373  0.578E-03      -1688.08  0.4657  0.113E-02      -1284.15  0.4887 -0.111E-02
        103.2446     -206.01  0.6323 -0.190E+00      -2373.67  0.4373  0.578E-03      -1688.06  0.4657  0.113E-02      -1283.97  0.4887 -0.111E-02
        104.2096     -206.54  0.6322 -0.190E+00      -2373.64  0.4373  0.578E-03      -1688.03  0.4657  0.113E-02      -1283.73  0.4887 -0.111E-02
        105.3677     -206.38  0.6322 -0.190E+00      -2373.60  0.4373  0.578E-03      -1687.99  0.4657  0.113E-02      -1283.44  0.4888 -0.111E-02
        106.9118     -205.34  0.6325 -0.190E+00      -2373.54  0.4373  0.578E-03      -1687.93  0.4657  0.113E-02      -1283.06  0.4888 -0.111E-02
        110.0000     -201.60  0.6334 -0.190E+00      -2373.44  0.4373  0.578E-03      -1687.83  0.4657  0.113E-02      -1282.31  0.4888 -0.111E-02
        110.0001     -201.61  0.6334 -0.305E-01      -2373.44  0.4373  0.578E-03      -1687.83  0.4657  0.113E-02      -1282.31  0.4888 -0.118E-02
        110.0002     -201.63  0.6334 -0.301E-01      -2373.44  0.4373  0.578E-03      -1687.83  0.4657  0.113E-02      -1282.31  0.4888 -0.118E-02
        110.0004     -201.65  0.6334 -0.295E-01      -2373.44  0.4373  0.578E-03      -1687.83  0.4657  0.113E-02      -1282.31  0.4888 -0.118E-02
        110.0006     -201.68  0.6334 -0.306E-01      -2373.44  0.4373  0.578E-03      -1687.83  0.4657  0.113E-02      -1282.31  0.4888 -0.118E-02
        110.0009     -201.72  0.6333 -0.302E-01      -2373.44  0.4373  0.578E-03      -1687.83  0.4657  0.113E-02      -1282.31  0.4888 -0.118E-02
        110.0013     -201.77  0.6333 -0.301E-01      -2373.44  0.4373  0.578E-03      -1687.83  0.4657  0.113E-02      -1282.31  0.4888 -0.118E-02
        110.0018     -201.83  0.6333 -0.302E-01      -2373.44  0.4373  0.578E-03      -1687.83  0.4657  0.113E-02      -1282.31  0.4888 -0.118E-02
        110.0024     -201.91  0.6333 -0.302E-01      -2373.44  0.4373  0.578E-03      -1687.83  0.4657  0.113E-02      -1282.31  0.4888 -0.118E-02
        110.0032     -202.02  0.6333 -0.301E-01      -2373.44  0.4373  0.578E-03      -1687.83  0.4657  0.113E-02      -1282.31  0.4888 -0.118E-02
        110.0043     -202.16  0.6332 -0.300E-01      -2373.44  0.4373  0.578E-03      -1687.83  0.4657  0.113E-02      -1282.31  0.4888 -0.104E-02
        110.0056     -202.33  0.6332 -0.300E-01      -2373.44  0.4373  0.578E-03      -1687.83  0.4657  0.113E-02      -1282.31  0.4888 -0.108E-02
        110.0074     -202.56  0.6331 -0.301E-01      -2373.44  0.4373  0.578E-03      -1687.83  0.4657  0.113E-02      -1282.31  0.4888 -0.110E-02
        110.0098     -202.86  0.6331 -0.300E-01      -2373.44  0.4373  0.578E-03      -1687.83  0.4657  0.113E-02      -1282.31  0.4888 -0.112E-02
        110.0128     -203.23  0.6330 -0.300E-01      -2373.44  0.4373  0.578E-03      -1687.83  0.4657  0.113E-02      -1282.31  0.4888 -0.114E-02
        110.0167     -203.71  0.6329 -0.300E-01      -2373.44  0.4373  0.578E-03      -1687.83  0.4657  0.113E-02      -1282.31  0.4888 -0.111E-02
        110.0218     -204.31  0.6327 -0.300E-01      -2373.44  0.4373  0.578E-03      -1687.83  0.4657  0.113E-02      -1282.31  0.4888 -0.110E-02
        110.0285     -205.07  0.6325 -0.300E-01      -2373.44  0.4373  0.579E-03      -1687.83  0.4657  0.113E-02      -1282.30  0.4888 -0.112E-02
        110.0372     -206.02  0.6323 -0.300E-01      -2373.44  0.4373  0.578E-03      -1687.83  0.4657  0.113E-02      -1282.30  0.4888 -0.112E-02
        110.0484     -207.19  0.6320 -0.300E-01      -2373.44  0.4373  0.578E-03      -1687.83  0.4657  0.113E-02      -1282.30  0.4888 -0.111E-02
        110.0630     -208.61  0.6317 -0.300E-01      -2373.44  0.4373  0.578E-03      -1687.83  0.4657  0.113E-02      -1282.30  0.4888 -0.110E-02
        110.0820     -210.32  0.6313 -0.300E-01      -2373.44  0.4373  0.578E-03      -1687.83  0.4657  0.113E-02      -1282.29  0.4888 -0.111E-02
        110.1067     -212.34  0.6308 -0.300E-01      -2373.43  0.4373  0.578E-03      -1687.83  0.4657  0.113E-02      -1282.28  0.4888 -0.111E-02
        110.1388     -214.69  0.6302 -0.300E-01      -2373.43  0.4373  0.579E-03      -1687.83  0.4657  0.113E-02      -1282.28  0.4888 -0.111E-02
        110.1806     -217.37  0.6296 -0.300E-01      -2373.43  0.4373  0.578E-03      -1687.82  0.4657  0.113E-02      -1282.27  0.4888 -0.111E-02
        110.2349     -220.39  0.6289 -0.300E-01      -2373.43  0.4373  0.579E-03      -1687.82  0.4657  0.113E-02      -1282.25  0.4888 -0.111E-02
        110.3054     -223.77  0.6281 -0.300E-01      -2373.43  0.4373  0.578E-03      -1687.82  0.4657  0.113E-02      -1282.24  0.4888 -0.111E-02
        110.3972     -227.50  0.6272 -0.300E-01      -2373.42  0.4373  0.579E-03      -1687.82  0.4657  0.113E-02      -1282.21  0.4888 -0.111E-02
        110.5164     -231.63  0.6262 -0.300E-01      -2373.42  0.4373  0.579E-03      -1687.81  0.4657  0.113E-02      -1282.19  0.4888 -0.111E-02
        110.6715     -236.30  0.6251 -0.300E-01      -2373.42  0.4373  0.579E-03      -1687.81  0.4657  0.113E-02      -1282.15  0.4888 -0.111E-02
        110.8730     -241.88  0.6238 -0.300E-01      -2373.41  0.4373  0.579E-03      -1687.80  0.4657  0.113E-02      -1282.10  0.4888 -0.111E-02
        111.1350     -247.99  0.6225 -0.300E-01      -2373.40  0.4373  0.579E-03      -1687.79  0.4657  0.113E-02      -1282.04  0.4889 -0.111E-02
        111.4756     -254.78  0.6210 -0.300E-01      -2373.39  0.4373  0.579E-03      -1687.78  0.4657  0.113E-02      -1281.95  0.4889 -0.111E-02
        111.9184     -262.24  0.6193 -0.300E-01      -2373.37  0.4373  0.579E-03      -1687.76  0.4657  0.113E-02      -1281.85  0.4889 -0.111E-02
        112.4940     -270.45  0.6175 -0.300E-01      -2373.35  0.4373  0.579E-03      -1687.74  0.4657  0.113E-02      -1281.71  0.4889 -0.111E-02
        113.2446     -279.49  0.6155 -0.300E-01      -2373.32  0.4373  0.579E-03      -1687.72  0.4657  0.113E-02      -1281.53  0.4889 -0.111E-02
        114.2096     -289.29  0.6134 -0.300E-01      -2373.29  0.4373  0.579E-03      -1687.69  0.4657  0.113E-02      -1281.30  0.4889 -0.111E-02
        115.3677     -299.78  0.6111 -0.300E-01      -2373.25  0.4373  0.579E-03      -1687.65  0.4657  0.113E-02      -1281.03  0.4889 -0.111E-02
        116.9118     -312.37  0.6086 -0.300E-01      -2373.19  0.4373  0.579E-03      -1687.59  0.4657  0.113E-02      -1280.66  0.4889 -0.111E-02
        120.0000     -331.54  0.6049 -0.300E-01      -2373.08  0.4373  0.579E-03      -1687.49  0.4658  0.113E-02      -1279.95  0.4890 -0.111E-02
        120.0001     -331.54  0.6049 -0.924E-02      -2373.08  0.4373  0.579E-03      -1687.49  0.4658  0.113E-02      -1279.95  0.4890 -0.119E-02
        120.0002     -331.54  0.6049 -0.108E-01      -2373.08  0.4373  0.579E-03      -1687.49  0.4658  0.113E-02      -1279.95  0.4890 -0.119E-02
        120.0004     -331.54  0.6049 -0.959E-02      -2373.08  0.4373  0.579E-03      -1687.49  0.4658  0.113E-02      -1279.95  0.4890 -0.119E-02
        120.0006     -331.55  0.6049 -0.102E-01      -2373.08  0.4373  0.579E-03      -1687.49  0.4658  0.113E-02      -1279.95  0.4890 -0.119E-02
        120.0009     -331.56  0.6049 -0.992E-02      -2373.08  0.4373  0.579E-03      -1687.49  0.4658  0.113E-02      -1279.95  0.4890 -0.119E-02
        120.0013     -331.57  0.6049 -0.103E-01      -2373.08  0.4373  0.579E-03      -1687.49  0.4658  0.113E-02      -1279.95  0.4890 -0.119E-02
        120.0018     -331.58  0.6049 -0.100E-01      -2373.08  0.4373  0.579E-03      -1687.49  0.4658  0.113E-02      -1279.95  0.4890 -0.119E-02
        120.0024     -331.60  0.6049 -0.980E-02      -2373.08  0.4373  0.579E-03      -1687.49  0.4658  0.113E-02      -1279.95  0.4890 -0.119E-02
        120.0032     -331.62  0.6049 -0.993E-02      -2373.08  0.4373  0.579E-03      -1687.49  0.4658  0.113E-02      -1279.95  0.4890 -0.119E-02
        120.0043     -331.65  0.6049 -0.995E-02      -2373.08  0.4373  0.579E-03      -1687.49  0.4658  0.113E-02      -1279.95  0.4890 -0.105E-02
        120.0056     -331.68  0.6049 -0.100E-01      -2373.08  0.4373  0.579E-03      -1687.49  0.4658  0.113E-02      -1279.95  0.4890 -0.108E-02
        120.0074     -331.73  0.6048 -0.100E-01      -2373.08  0.4373  0.579E-03      -1687.49  0.4658  0.113E-02      -1279.95  0.4890 -0.110E-02
        120.0098     -331.79  0.6048 -0.100E-01      -2373.08  0.4373  0.579E-03      -1687.49  0.4658  0.113E-02      -1279.95  0.4890 -0.112E-02
        120.0128     -331.87  0.6048 -0.100E-01      -2373.08  0.4373  0.579E-03      -1687.49  0.4658  0.113E-02      -1279.95  0.4890 -0.114E-02
        120.0167     -331.97  0.6048 -0.997E-02      -2373.08  0.4373  0.579E-03      -1687.49  0.4658  0.113E-02      -1279.95  0.4890 -0.111E-02
        120.0218     -332.09  0.6048 -0.100E-01      -2373.08  0.4373  0.579E-03      -1687.49  0.4658  0.113E-02      -1279.94  0.4890 -0.110E-02
        120.0285     -332.26  0.6047 -0.100E-01      -2373.08  0.4373  0.579E-03      -1687.49  0.4658  0.113E-02      -1279.94  0.4890 -0.112E-02
        120.0372     -332.47  0.6047 -0.100E-01      -2373.08  0.4373  0.579E-03      -1687.49  0.4658  0.113E-02      -1279.94  0.4890 -0.112E-02
        120.0484     -332.74  0.6046 -0.100E-01      -2373.08  0.4373  0.579E-03      -1687.48  0.4658  0.113E-02      -1279.94  0.4890 -0.111E-02
        120.0630     -333.07  0.6046 -0.100E-01      -2373.07  0.4373  0.579E-03      -1687.48  0.4658  0.113E-02      -1279.93  0.4890 -0.111E-02
        120.0820     -333.50  0.6045 -0.100E-01      -2373.07  0.4373  0.579E-03      -1687.48  0.4658  0.113E-02      -1279.93  0.4890 -0.112E-02
        120.1067     -334.02  0.6044 -0.100E-01      -2373.07  0.4373  0.579E-03      -1687.48  0.4658  0.113E-02      -1279.92  0.4890 -0.111E-02
        120.1388     -334.67  0.6043 -0.100E-01      -2373.07  0.4373  0.578E-03      -1687.48  0.4658  0.113E-02      -1279.92  0.4890 -0.111E-02
        120.1806     -335.46  0.6041 -0.100E-01      -2373.07  0.4373  0.579E-03      -1687.48  0.4658  0.113E-02      -1279.91  0.4890 -0.111E-02
        120.2349     -336.42  0.6039 -0.100E-01      -2373.07  0.4373  0.579E-03      -1687.48  0.4658  0.113E-02      -1279.89  0.4890 -0.111E-02
        120.3054     -337.57  0.6037 -0.100E-01      -2373.07  0.4373  0.578E-03      -1687.48  0.4658  0.113E-02      -1279.88  0.4890 -0.111E-02
        120.3972     -338.93  0.6034 -0.100E-01      -2373.06  0.4373  0.578E-03      -1687.47  0.4658  0.113E-02      -1279.86  0.4890 -0.111E-02
        120.5164     -340.56  0.6031 -0.100E-01      -2373.06  0.4373  0.578E-03      -1687.47  0.4658  0.113E-02      -1279.83  0.4890 -0.111E-02
        120.6715     -342.49  0.6027 -0.100E-01      -2373.05  0.4373  0.578E-03      -1687.46  0.4658  0.113E-02      -1279.79  0.4890 -0.111E-02
        120.8730     -344.78  0.6023 -0.100E-01      -2373.05  0.4373  0.578E-03      -1687.46  0.4658  0.113E-02      -1279.75  0.4890 -0.111E-02
        121.1350     -347.52  0.6017 -0.100E-01      -2373.04  0.4373  0.578E-03      -1687.45  0.4658  0.113E-02      -1279.69  0.4890 -0.111E-02
        121.4756     -350.80  0.6011 -0.100E-01      -2373.02  0.4373  0.579E-03      -1687.44  0.4658  0.113E-02      -1279.61  0.4890 -0.111E-02
        121.9184     -354.75  0.6003 -0.100E-01      -2373.01  0.4373  0.578E-03      -1687.42  0.4658  0.113E-02      -1279.51  0.4890 -0.111E-02
        122.4940     -359.47  0.5994 -0.100E-01      -2372.98  0.4373  0.578E-03      -1687.40  0.4658  0.113E-02      -1279.37  0.4890 -0.111E-02
        123.2446     -365.14  0.5982 -0.100E-01      -2372.96  0.4373  0.578E-03      -1687.37  0.4658  0.113E-02      -1279.20  0.4890 -0.111E-02
        124.2096     -371.88  0.5969 -0.100E-01      -2372.92  0.4373  0.578E-03      -1687.34  0.4658  0.113E-02      -1278.98  0.4890 -0.111E-02
        125.3677     -379.69  0.5954 -0.100E-01      -2372.87  0.4373  0.578E-03      -1687.30  0.4658  0.113E-02      -1278.72  0.4891 -0.111E-02
        126.9118     -390.13  0.5936 -0.100E-01      -2372.81  0.4373  0.578E-03      -1687.25  0.4658  0.113E-02      -1278.37  0.4891 -0.112E-02
        130.0000     -407.57  0.5906 -0.100E-01      -2372.69  0.4373  0.578E-03      -1687.14  0.4658  0.113E-02      -1277.68  0.4891 -0.112E-02
        132.5000     -429.26  0.5870  0.484E-07      -2372.59  0.4373  0.578E-03      -1687.05  0.4658  0.113E-02      -1277.13  0.4892 -0.112E-02
        136.2500     -450.93  0.5830 -0.373E-08      -2372.44  0.4373  0.578E-03      -1686.92  0.4658  0.113E-02      -1276.32  0.4892 -0.112E-02
        140.0000     -470.74  0.5797 -0.121E-07      -2372.28  0.4373  0.578E-03      -1686.78  0.4658  0.113E-02      -1275.51  0.4893 -0.112E-02
        145.0000     -494.93  0.5760  0.172E-07      -2372.06  0.4374  0.578E-03      -1686.61  0.4658  0.113E-02      -1274.46  0.4893 -0.112E-02
        150.0000     -517.60  0.5727 -0.128E-07      -2371.84  0.4374  0.578E-03      -1686.43  0.4658  0.113E-02      -1273.42  0.4894 -0.112E-02
        155.0000     -537.74  0.5697 -0.398E-07      -2371.61  0.4374  0.578E-03      -1686.25  0.4658  0.113E-02      -1272.41  0.4895 -0.113E-02
        160.0000     -556.05  0.5670  0.698E-09      -2371.37  0.4374  0.578E-03      -1686.07  0.4658  0.113E-02      -1271.41  0.4895 -0.113E-02
        170.0000     -587.14  0.5625  0.123E-07      -2370.88  0.4374  0.577E-03      -1685.71  0.4658  0.112E-02      -1269.47  0.4896 -0.113E-02
        180.0000     -615.58  0.5586  0.327E-07      -2370.35  0.4374  0.576E-03      -1685.35  0.4659  0.112E-02      -1267.60  0.4898 -0.113E-02
        190.0000     -644.38  0.5551 -0.137E-07      -2369.80  0.4374  0.576E-03      -1684.99  0.4659  0.112E-02      -1265.79  0.4899 -0.114E-02
        200.0000     -669.53  0.5520  0.349E-08      -2369.22  0.4375  0.575E-03      -1684.64  0.4659  0.112E-02      -1264.04  0.4900 -0.114E-02
        200.0001     -669.90  0.5520 -0.105E-01      -2369.23  0.4375  0.575E-03      -1684.64  0.4659  0.112E-02      -1264.03  0.4900 -0.119E-02
        200.0002     -669.82  0.5520 -0.107E-01      -2369.23  0.4375  0.575E-03      -1684.64  0.4659  0.112E-02      -1264.03  0.4900 -0.119E-02
        200.0004     -669.88  0.5520 -0.104E-01      -2369.23  0.4375  0.575E-03      -1684.64  0.4659  0.112E-02      -1264.03  0.4900 -0.119E-02
        200.0006     -669.85  0.5520 -0.972E-02      -2369.23  0.4375  0.575E-03      -1684.64  0.4659  0.112E-02      -1264.03  0.4900 -0.119E-02
        200.0009     -669.86  0.5520 -0.993E-02      -2369.23  0.4375  0.575E-03      -1684.64  0.4659  0.112E-02      -1264.03  0.4900 -0.119E-02
        200.0013     -669.85  0.5520 -0.961E-02      -2369.23  0.4375  0.575E-03      -1684.64  0.4659  0.112E-02      -1264.03  0.4900 -0.119E-02
        200.0018     -669.85  0.5520 -0.102E-01      -2369.23  0.4375  0.575E-03      -1684.64  0.4659  0.112E-02      -1264.03  0.4900 -0.119E-02
        200.0024     -669.84  0.5520 -0.101E-01      -2369.23  0.4375  0.575E-03      -1684.64  0.4659  0.112E-02      -1264.03  0.4900 -0.119E-02
        200.0032     -669.83  0.5520 -0.100E-01      -2369.23  0.4375  0.575E-03      -1684.64  0.4659  0.112E-02      -1264.03  0.4900 -0.119E-02
        200.0043     -669.81  0.5520 -0.101E-01      -2369.23  0.4375  0.575E-03      -1684.64  0.4659  0.112E-02      -1264.03  0.4900 -0.119E-02
        200.0056     -669.79  0.5520 -0.101E-01      -2369.23  0.4375  0.575E-03      -1684.64  0.4659  0.112E-02      -1264.03  0.4900 -0.109E-02
        200.0074     -669.77  0.5520 -0.997E-02      -2369.23  0.4375  0.575E-03      -1684.64  0.4659  0.112E-02      -1264.03  0.4900 -0.111E-02
        200.0098     -669.74  0.5520 -0.100E-01      -2369.23  0.4375  0.575E-03      -1684.64  0.4659  0.112E-02      -1264.03  0.4900 -0.113E-02
        200.0128     -669.70  0.5520 -0.998E-02      -2369.23  0.4375  0.575E-03      -1684.64  0.4659  0.112E-02      -1264.03  0.4900 -0.115E-02
        200.0167     -669.64  0.5520 -0.100E-01      -2369.23  0.4375  0.575E-03      -1684.64  0.4659  0.112E-02      -1264.03  0.4900 -0.116E-02
        200.0218     -669.58  0.5520 -0.997E-02      -2369.23  0.4375  0.575E-03      -1684.64  0.4659  0.112E-02      -1264.03  0.4900 -0.114E-02
        200.0285     -669.49  0.5521 -0.100E-01      -2369.23  0.4375  0.575E-03      -1684.64  0.4659  0.112E-02      -1264.03  0.4900 -0.113E-02
        200.0372     -669.38  0.5521 -0.999E-02      -2369.23  0.4375  0.575E-03      -1684.64  0.4659  0.112E-02      -1264.03  0.4900 -0.114E-02
        200.0484     -669.23  0.5521 -0.999E-02      -2369.22  0.4375  0.575E-03      -1684.64  0.4659  0.112E-02      -1264.02  0.4900 -0.114E-02
        200.0630     -669.05  0.5521 -0.100E-01      -2369.22  0.4375  0.575E-03      -1684.64  0.4659  0.112E-02      -1264.02  0.4900 -0.114E-02
        200.0820     -668.81  0.5521 -0.999E-02      -2369.22  0.4375  0.575E-03      -1684.64  0.4659  0.112E-02      -1264.02  0.4900 -0.114E-02
        200.1067     -668.52  0.5522 -0.999E-02      -2369.22  0.4375  0.575E-03      -1684.64  0.4659  0.112E-02      -1264.01  0.4900 -0.114E-02
        200.1388     -668.16  0.5522 -0.100E-01      -2369.22  0.4375  0.575E-03      -1684.64  0.4659  0.112E-02      -1264.01  0.4900 -0.114E-02
        200.1806     -667.71  0.5523 -0.100E-01      -2369.22  0.4375  0.575E-03      -1684.63  0.4659  0.112E-02      -1264.00  0.4900 -0.114E-02
        200.2349     -667.16  0.5523 -0.100E-01      -2369.21  0.4375  0.575E-03      -1684.63  0.4659  0.112E-02      -1263.99  0.4900 -0.114E-02
        200.3054     -666.51  0.5524 -0.100E-01      -2369.21  0.4375  0.575E-03      -1684.63  0.4659  0.112E-02      -1263.98  0.4900 -0.114E-02
        200.3972     -665.74  0.5525 -0.100E-01      -2369.21  0.4375  0.575E-03      -1684.63  0.4659  0.112E-02      -1263.96  0.4900 -0.114E-02
        200.5164     -664.87  0.5526 -0.100E-01      -2369.20  0.4375  0.575E-03      -1684.62  0.4659  0.112E-02      -1263.94  0.4900 -0.114E-02
        200.6715     -663.91  0.5527 -0.100E-01      -2369.19  0.4375  0.575E-03      -1684.62  0.4659  0.112E-02      -1263.91  0.4900 -0.114E-02
        200.8730     -662.87  0.5529 -0.100E-01      -2369.18  0.4375  0.575E-03      -1684.61  0.4659  0.112E-02      -1263.88  0.4900 -0.114E-02
        201.1350     -661.79  0.5530 -0.100E-01      -2369.16  0.4375  0.575E-03      -1684.60  0.4659  0.112E-02      -1263.83  0.4900 -0.114E-02
        201.4756     -660.70  0.5531 -0.100E-01      -2369.14  0.4375  0.575E-03      -1684.59  0.4659  0.112E-02      -1263.77  0.4900 -0.114E-02
        201.9184     -659.65  0.5533 -0.100E-01      -2369.12  0.4375  0.575E-03      -1684.57  0.4659  0.112E-02      -1263.70  0.4900 -0.114E-02
        202.4940     -658.68  0.5534 -0.100E-01      -2369.08  0.4375  0.575E-03      -1684.55  0.4659  0.112E-02      -1263.60  0.4900 -0.114E-02
        203.2446     -657.83  0.5535 -0.100E-01      -2369.04  0.4375  0.575E-03      -1684.53  0.4659  0.112E-02      -1263.47  0.4900 -0.114E-02
        204.2096     -657.19  0.5536 -0.100E-01      -2368.98  0.4375  0.575E-03      -1684.49  0.4659  0.112E-02      -1263.30  0.4900 -0.114E-02
        205.3677     -656.83  0.5536 -0.100E-01      -2368.91  0.4375  0.574E-03      -1684.45  0.4659  0.112E-02      -1263.10  0.4900 -0.114E-02
        206.9118     -656.81  0.5536 -0.100E-01      -2368.82  0.4375  0.574E-03      -1684.40  0.4659  0.112E-02      -1262.84  0.4901 -0.114E-02
        210.0000     -657.75  0.5535 -0.100E-01      -2368.64  0.4375  0.574E-03      -1684.29  0.4659  0.112E-02      -1262.31  0.4901 -0.114E-02
        212.5000     -658.82  0.5534 -0.100E-01      -2368.48  0.4375  0.574E-03      -1684.20  0.4659  0.112E-02      -1261.89  0.4901 -0.114E-02
        216.2500     -660.99  0.5531 -0.100E-01      -2368.25  0.4375  0.573E-03      -1684.07  0.4659  0.112E-02      -1261.27  0.4902 -0.114E-02
        220.0000     -663.37  0.5528 -0.100E-01      -2368.01  0.4375  0.573E-03      -1683.95  0.4659  0.112E-02      -1260.66  0.4902 -0.115E-02
        225.0000     -666.80  0.5524 -0.100E-01      -2367.69  0.4375  0.572E-03      -1683.78  0.4659  0.111E-02      -1259.85  0.4902 -0.115E-02
        230.0000     -670.28  0.5520 -0.100E-01      -2367.36  0.4375  0.572E-03      -1683.61  0.4659  0.111E-02      -1259.06  0.4903 -0.115E-02
        235.0000     -697.86  0.5489 -0.466E-09      -2367.02  0.4375  0.571E-03      -1683.44  0.4659  0.111E-02      -1258.28  0.4903 -0.115E-02
        240.0000     -711.50  0.5467 -0.254E-07      -2366.67  0.4376  0.570E-03      -1683.28  0.4660  0.111E-02      -1257.51  0.4904 -0.115E-02
        250.0000     -735.06  0.5440 -0.307E-07      -2365.91  0.4376  0.567E-03      -1682.96  0.4660  0.111E-02      -1256.04  0.4905 -0.115E-02
        260.0000     -754.00  0.5416 -0.204E-07      -2365.09  0.4376  0.564E-03      -1682.64  0.4660  0.111E-02      -1254.61  0.4906 -0.116E-02
end
