 ******* Program HYDRUS
 ******* 
 Welcome to HYDRUS-1D                                                    
 Date:  29. 8.    Time:   0:50:35
 Units: L = mm   , T = min  , M = mmol 


 Time:       10.0000


 Node      Depth      Head Moisture       K          C         Flux        Sink         Kappa   v/KsTop   Temp
           [L]        [L]    [-]        [L/T]      [1/L]      [L/T]        [1/T]         [-]      [-]      [C]

   1     0.0000  -12371.462 0.3739   0.6352E-06  0.4546E-05 -0.6352E-06  0.0000E+00      -1  -0.106E-05   20.00
   2   -10.0000  -12371.462 0.3739   0.6352E-06  0.4546E-05 -0.6352E-06  0.0000E+00      -1  -0.106E-05   20.00
   3   -20.0000  -12371.462 0.3739   0.6352E-06  0.4546E-05 -0.6352E-06  0.0000E+00      -1  -0.106E-05   20.00
   4   -30.0000  -12371.462 0.3739   0.6352E-06  0.4546E-05 -0.6352E-06  0.0000E+00      -1  -0.106E-05   20.00
   5   -40.0000  -12371.462 0.3739   0.6352E-06  0.4546E-05 -0.6352E-06  0.0000E+00      -1  -0.106E-05   20.00
   6   -50.0000  -12371.462 0.3739   0.6352E-06  0.4546E-05  0.4473E-02  0.0000E+00      -1   0.745E-02   20.00
   7   -60.0000   -6456.636 0.3743   0.2967E-04  0.1005E-04  0.4458E-02  0.0000E+00      -1   0.743E-02   20.00
   8   -70.0000   -6456.636 0.3743   0.2967E-04  0.1005E-04 -0.2967E-04  0.0000E+00      -1  -0.494E-04   20.00
   9   -80.0000   -6456.636 0.3743   0.2967E-04  0.1005E-04 -0.2967E-04  0.0000E+00      -1  -0.494E-04   20.00
  10   -90.0000   -6456.636 0.3743   0.2967E-04  0.1005E-04 -0.2967E-04  0.0000E+00      -1  -0.494E-04   20.00
  11  -100.0000   -6456.636 0.3743   0.2967E-04  0.1005E-04 -0.2967E-04  0.0000E+00      -1  -0.494E-04   20.00
  12  -110.0000   -6456.636 0.3743   0.2967E-04  0.1005E-04 -0.2967E-04  0.0000E+00      -1  -0.494E-04   20.00
  13  -120.0000   -6456.636 0.3743   0.2967E-04  0.1005E-04 -0.2967E-04  0.0000E+00      -1  -0.494E-04   20.00
  14  -130.0000   -6456.636 0.3743   0.2967E-04  0.1005E-04 -0.2967E-04  0.0000E+00      -1  -0.494E-04   20.00
  15  -140.0000   -6456.636 0.3743   0.2967E-04  0.1005E-04 -0.2967E-04  0.0000E+00      -1  -0.494E-04   20.00
  16  -150.0000   -6456.636 0.3743   0.2967E-04  0.1005E-04 -0.2967E-04  0.0000E+00      -1  -0.494E-04   20.00
  17  -160.0000   -6456.636 0.3743   0.2967E-04  0.1005E-04 -0.2967E-04  0.0000E+00      -1  -0.494E-04   20.00
  18  -170.0000   -6456.636 0.3743   0.2967E-04  0.1005E-04 -0.2967E-04  0.0000E+00      -1  -0.494E-04   20.00
  19  -180.0000   -6456.636 0.3743   0.2967E-04  0.1005E-04 -0.2967E-04  0.0000E+00      -1  -0.494E-04   20.00
  20  -190.0000   -6456.636 0.3743   0.2967E-04  0.1005E-04 -0.2967E-04  0.0000E+00      -1  -0.494E-04   20.00
  21  -200.0000   -6456.636 0.3743   0.2967E-04  0.1005E-04  0.1275E-02  0.0000E+00      -1   0.212E-02   20.00
  22  -210.0000   -5721.157 0.3822   0.4144E-04  0.1169E-04  0.2798E-02  0.0000E+00      -1   0.466E-02   20.00
  23  -220.0000   -5085.208 0.3900   0.5496E-04  0.1342E-04  0.3280E-02  0.0000E+00      -1   0.547E-02   20.00
  24  -230.0000   -4532.928 0.3980   0.7574E-04  0.1550E-04  0.3834E-02  0.0000E+00      -1   0.639E-02   20.00
  25  -240.0000   -4051.331 0.4057   0.9919E-04  0.1766E-04  0.4458E-02  0.0000E+00      -1   0.743E-02   20.00
  26  -250.0000   -3629.727 0.4137   0.1336E-03  0.2019E-04  0.5174E-02  0.0000E+00      -1   0.862E-02   20.00
  27  -260.0000   -3259.272 0.4215   0.1747E-03  0.2291E-04  0.5966E-02  0.0000E+00      -1   0.994E-02   20.00
  28  -270.0000   -2932.605 0.4293   0.2279E-03  0.2587E-04  0.6871E-02  0.0000E+00      -1   0.115E-01   20.00
  29  -280.0000   -2643.576 0.4373   0.3003E-03  0.2932E-04  0.7846E-02  0.0000E+00      -1   0.131E-01   20.00
  30  -290.0000   -2387.018 0.4448   0.3748E-03  0.3263E-04  0.8955E-02  0.0000E+00      -1   0.149E-01   20.00
  31  -300.0000   -2158.577 0.4531   0.5029E-03  0.3701E-04  0.1023E-01  0.0000E+00      -1   0.170E-01   20.00
  32  -310.0000   -1954.560 0.4605   0.6173E-03  0.4092E-04  0.1163E-01  0.0000E+00      -1   0.194E-01   20.00
  33  -320.0000   -1771.834 0.4688   0.8188E-03  0.4604E-04  0.1329E-01  0.0000E+00      -1   0.222E-01   20.00
  34  -330.0000   -1607.719 0.4765   0.1022E-02  0.5100E-04  0.1506E-01  0.0000E+00      -1   0.251E-01   20.00
  35  -340.0000   -1459.924 0.4843   0.1292E-02  0.5647E-04  0.1706E-01  0.0000E+00      -1   0.284E-01   20.00
  36  -350.0000   -1326.475 0.4924   0.1651E-02  0.6272E-04  0.1913E-01  0.0000E+00      -1   0.319E-01   20.00
  37  -360.0000   -1205.675 0.4997   0.1976E-02  0.6837E-04  0.2145E-01  0.0000E+00      -1   0.358E-01   20.00
  38  -370.0000   -1096.049 0.5081   0.2601E-02  0.7608E-04  0.2435E-01  0.0000E+00      -1   0.406E-01   20.00
  39  -380.0000    -996.322 0.5157   0.3173E-02  0.8311E-04  0.2746E-01  0.0000E+00      -1   0.458E-01   20.00
  40  -390.0000    -905.381 0.5236   0.3998E-02  0.9112E-04  0.3094E-01  0.0000E+00      -1   0.516E-01   20.00
  41  -400.0000    -822.253 0.5316   0.4988E-02  0.9969E-04  0.9419E-02  0.0000E+00      -1   0.157E-01   20.00
  42  -410.0000    -841.000 0.5298   0.4765E-02  0.9776E-04 -0.1378E-01  0.0000E+00      -1  -0.230E-01   20.00
  43  -420.0000    -860.136 0.5279   0.4537E-02  0.9579E-04 -0.1330E-01  0.0000E+00      -1  -0.222E-01   20.00
  44  -430.0000    -879.672 0.5261   0.4304E-02  0.9377E-04 -0.1279E-01  0.0000E+00      -1  -0.213E-01   20.00
  45  -440.0000    -899.619 0.5242   0.4066E-02  0.9172E-04 -0.1226E-01  0.0000E+00      -1  -0.204E-01   20.00
  46  -450.0000    -919.987 0.5222   0.3824E-02  0.8962E-04 -0.1169E-01  0.0000E+00      -1  -0.195E-01   20.00
  47  -460.0000    -940.788 0.5202   0.3576E-02  0.8748E-04 -0.1112E-01  0.0000E+00      -1  -0.185E-01   20.00
  48  -470.0000    -962.034 0.5183   0.3369E-02  0.8553E-04 -0.1067E-01  0.0000E+00      -1  -0.178E-01   20.00
  49  -480.0000    -983.739 0.5167   0.3245E-02  0.8400E-04 -0.1036E-01  0.0000E+00      -1  -0.173E-01   20.00
  50  -490.0000   -1005.914 0.5150   0.3118E-02  0.8244E-04 -0.1010E-01  0.0000E+00      -1  -0.168E-01   20.00
  51  -500.0000   -1028.572 0.5132   0.2988E-02  0.8084E-04 -0.9829E-02  0.0000E+00      -1  -0.164E-01   20.00
  52  -510.0000   -1051.728 0.5115   0.2855E-02  0.7920E-04 -0.9536E-02  0.0000E+00      -1  -0.159E-01   20.00
  53  -520.0000   -1075.394 0.5096   0.2720E-02  0.7753E-04 -0.9223E-02  0.0000E+00      -1  -0.154E-01   20.00
  54  -530.0000   -1099.588 0.5078   0.2581E-02  0.7583E-04 -0.8890E-02  0.0000E+00      -1  -0.148E-01   20.00
  55  -540.0000   -1124.319 0.5059   0.2439E-02  0.7408E-04 -0.8535E-02  0.0000E+00      -1  -0.142E-01   20.00
  56  -550.0000   -1149.609 0.5039   0.2294E-02  0.7230E-04 -0.8157E-02  0.0000E+00      -1  -0.136E-01   20.00
  57  -560.0000   -1175.469 0.5020   0.2146E-02  0.7047E-04 -0.7754E-02  0.0000E+00      -1  -0.129E-01   20.00
  58  -570.0000   -1201.919 0.4999   0.1994E-02  0.6861E-04 -0.7393E-02  0.0000E+00      -1  -0.123E-01   20.00
  59  -580.0000   -1228.974 0.4983   0.1914E-02  0.6728E-04 -0.7156E-02  0.0000E+00      -1  -0.119E-01   20.00
  60  -590.0000   -1256.652 0.4966   0.1839E-02  0.6598E-04 -0.6986E-02  0.0000E+00      -1  -0.116E-01   20.00
  61  -600.0000   -1284.969 0.4949   0.1763E-02  0.6466E-04 -0.6811E-02  0.0000E+00      -1  -0.114E-01   20.00
  62  -610.0000   -1313.948 0.4931   0.1685E-02  0.6330E-04 -0.6622E-02  0.0000E+00      -1  -0.110E-01   20.00
  63  -620.0000   -1343.606 0.4913   0.1605E-02  0.6191E-04 -0.6419E-02  0.0000E+00      -1  -0.107E-01   20.00
  64  -630.0000   -1373.964 0.4895   0.1524E-02  0.6049E-04 -0.6200E-02  0.0000E+00      -1  -0.103E-01   20.00
  65  -640.0000   -1405.042 0.4876   0.1440E-02  0.5904E-04 -0.5965E-02  0.0000E+00      -1  -0.994E-02   20.00
  66  -650.0000   -1436.861 0.4857   0.1354E-02  0.5755E-04 -0.5711E-02  0.0000E+00      -1  -0.952E-02   20.00
  67  -660.0000   -1469.443 0.4837   0.1267E-02  0.5602E-04 -0.5439E-02  0.0000E+00      -1  -0.907E-02   20.00
  68  -670.0000   -1502.813 0.4817   0.1177E-02  0.5446E-04 -0.5175E-02  0.0000E+00      -1  -0.862E-02   20.00
  69  -680.0000   -1536.995 0.4798   0.1110E-02  0.5314E-04 -0.4974E-02  0.0000E+00      -1  -0.829E-02   20.00
  70  -690.0000   -1572.012 0.4782   0.1066E-02  0.5208E-04 -0.4843E-02  0.0000E+00      -1  -0.807E-02   20.00
  71  -700.0000   -1607.889 0.4765   0.1022E-02  0.5100E-04 -0.4731E-02  0.0000E+00      -1  -0.788E-02   20.00
  72  -710.0000   -1644.654 0.4748   0.9763E-03  0.4989E-04 -0.4608E-02  0.0000E+00      -1  -0.768E-02   20.00
  73  -720.0000   -1682.335 0.4730   0.9296E-03  0.4875E-04 -0.4474E-02  0.0000E+00      -1  -0.746E-02   20.00
  74  -730.0000   -1720.957 0.4712   0.8818E-03  0.4758E-04 -0.4328E-02  0.0000E+00      -1  -0.721E-02   20.00
  75  -740.0000   -1760.553 0.4693   0.8327E-03  0.4638E-04 -0.4169E-02  0.0000E+00      -1  -0.695E-02   20.00
  76  -750.0000   -1801.153 0.4674   0.7824E-03  0.4515E-04 -0.1856E-02  0.0000E+00      -1  -0.309E-02   20.00
  77  -760.0000   -1786.427 0.4681   0.8007E-03  0.4560E-04  0.3730E-03  0.0000E+00      -1   0.622E-03   20.00
  78  -770.0000   -1771.834 0.4688   0.8188E-03  0.4604E-04  0.3706E-03  0.0000E+00      -1   0.618E-03   20.00
  79  -780.0000   -1757.372 0.4694   0.8367E-03  0.4648E-04  0.3679E-03  0.0000E+00      -1   0.613E-03   20.00
  80  -790.0000   -1743.039 0.4701   0.8544E-03  0.4691E-04  0.3647E-03  0.0000E+00      -1   0.608E-03   20.00
  81  -800.0000   -1728.834 0.4708   0.8720E-03  0.4734E-04  0.3610E-03  0.0000E+00      -1   0.602E-03   20.00
  82  -810.0000   -1714.756 0.4715   0.8894E-03  0.4777E-04  0.3570E-03  0.0000E+00      -1   0.595E-03   20.00
  83  -820.0000   -1700.804 0.4721   0.9067E-03  0.4819E-04  0.3527E-03  0.0000E+00      -1   0.588E-03   20.00
  84  -830.0000   -1686.976 0.4728   0.9238E-03  0.4861E-04  0.3480E-03  0.0000E+00      -1   0.580E-03   20.00
  85  -840.0000   -1673.269 0.4734   0.9408E-03  0.4902E-04  0.3429E-03  0.0000E+00      -1   0.572E-03   20.00
  86  -850.0000   -1659.685 0.4741   0.9576E-03  0.4943E-04  0.3374E-03  0.0000E+00      -1   0.562E-03   20.00
  87  -860.0000   -1646.220 0.4747   0.9743E-03  0.4984E-04  0.3317E-03  0.0000E+00      -1   0.553E-03   20.00
  88  -870.0000   -1632.874 0.4753   0.9908E-03  0.5024E-04  0.3257E-03  0.0000E+00      -1   0.543E-03   20.00
  89  -880.0000   -1619.645 0.4759   0.1007E-02  0.5064E-04  0.3193E-03  0.0000E+00      -1   0.532E-03   20.00
  90  -890.0000   -1606.532 0.4766   0.1023E-02  0.5104E-04  0.3127E-03  0.0000E+00      -1   0.521E-03   20.00
  91  -900.0000   -1593.534 0.4772   0.1040E-02  0.5143E-04  0.3057E-03  0.0000E+00      -1   0.510E-03   20.00
  92  -910.0000   -1580.649 0.4778   0.1056E-02  0.5182E-04  0.2985E-03  0.0000E+00      -1   0.498E-03   20.00
  93  -920.0000   -1567.876 0.4784   0.1071E-02  0.5221E-04  0.2910E-03  0.0000E+00      -1   0.485E-03   20.00
  94  -930.0000   -1555.215 0.4790   0.1087E-02  0.5259E-04  0.2833E-03  0.0000E+00      -1   0.472E-03   20.00
  95  -940.0000   -1542.664 0.4796   0.1103E-02  0.5297E-04  0.2753E-03  0.0000E+00      -1   0.459E-03   20.00
  96  -950.0000   -1530.221 0.4802   0.1118E-02  0.5335E-04  0.2672E-03  0.0000E+00      -1   0.445E-03   20.00
  97  -960.0000   -1517.886 0.4808   0.1136E-02  0.5376E-04  0.2601E-03  0.0000E+00      -1   0.433E-03   20.00
  98  -970.0000   -1505.657 0.4815   0.1169E-02  0.5433E-04  0.2543E-03  0.0000E+00      -1   0.424E-03   20.00
  99  -980.0000   -1493.533 0.4822   0.1202E-02  0.5490E-04  0.2488E-03  0.0000E+00      -1   0.415E-03   20.00
 100  -990.0000   -1481.514 0.4830   0.1234E-02  0.5546E-04  0.2427E-03  0.0000E+00      -1   0.405E-03   20.00
 101 -1000.0000   -1469.598 0.4837   0.1266E-02  0.5602E-04  0.2395E-03  0.0000E+00      -1   0.399E-03   20.00
end


 Time:       10.0010


 Node      Depth      Head Moisture       K          C         Flux        Sink         Kappa   v/KsTop   Temp
           [L]        [L]    [-]        [L/T]      [1/L]      [L/T]        [1/T]         [-]      [-]      [C]

   1     0.0000  -12371.462 0.3739   0.6352E-06  0.4546E-05 -0.6352E-06  0.0000E+00      -1  -0.106E-05   20.00
   2   -10.0000  -12371.462 0.3739   0.6352E-06  0.4546E-05 -0.6352E-06  0.0000E+00      -1  -0.106E-05   20.00
   3   -20.0000  -12371.462 0.3739   0.6352E-06  0.4546E-05 -0.6352E-06  0.0000E+00      -1  -0.106E-05   20.00
   4   -30.0000  -12371.462 0.3739   0.6352E-06  0.4546E-05 -0.6352E-06  0.0000E+00      -1  -0.106E-05   20.00
   5   -40.0000  -12371.462 0.3739   0.6352E-06  0.4546E-05 -0.6279E-06  0.0000E+00      -1  -0.105E-05   20.00
   6   -50.0000  -12371.230 0.3739   0.6352E-06  0.4546E-05  0.4472E-02  0.0000E+00      -1   0.745E-02   20.00
   7   -60.0000   -6456.734 0.3743   0.2967E-04  0.1005E-04  0.4458E-02  0.0000E+00      -1   0.743E-02   20.00
   8   -70.0000   -6456.636 0.3743   0.2967E-04  0.1005E-04 -0.2952E-04  0.0000E+00      -1  -0.492E-04   20.00
   9   -80.0000   -6456.636 0.3743   0.2967E-04  0.1005E-04 -0.2967E-04  0.0000E+00      -1  -0.494E-04   20.00
  10   -90.0000   -6456.636 0.3743   0.2967E-04  0.1005E-04 -0.2967E-04  0.0000E+00      -1  -0.494E-04   20.00
  11  -100.0000   -6456.636 0.3743   0.2967E-04  0.1005E-04 -0.2967E-04  0.0000E+00      -1  -0.494E-04   20.00
  12  -110.0000   -6456.636 0.3743   0.2967E-04  0.1005E-04 -0.2967E-04  0.0000E+00      -1  -0.494E-04   20.00
  13  -120.0000   -6456.636 0.3743   0.2967E-04  0.1005E-04 -0.2967E-04  0.0000E+00      -1  -0.494E-04   20.00
  14  -130.0000   -6456.636 0.3743   0.2967E-04  0.1005E-04 -0.2967E-04  0.0000E+00      -1  -0.494E-04   20.00
  15  -140.0000   -6456.636 0.3743   0.2967E-04  0.1005E-04 -0.2967E-04  0.0000E+00      -1  -0.494E-04   20.00
  16  -150.0000   -6456.636 0.3743   0.2967E-04  0.1005E-04 -0.2967E-04  0.0000E+00      -1  -0.494E-04   20.00
  17  -160.0000   -6456.636 0.3743   0.2967E-04  0.1005E-04 -0.2967E-04  0.0000E+00      -1  -0.494E-04   20.00
  18  -170.0000   -6456.636 0.3743   0.2967E-04  0.1005E-04 -0.2967E-04  0.0000E+00      -1  -0.494E-04   20.00
  19  -180.0000   -6456.636 0.3743   0.2967E-04  0.1005E-04 -0.2967E-04  0.0000E+00      -1  -0.494E-04   20.00
  20  -190.0000   -6456.636 0.3743   0.2967E-04  0.1005E-04 -0.2963E-04  0.0000E+00      -1  -0.494E-04   20.00
  21  -200.0000   -6456.609 0.3743   0.2967E-04  0.1005E-04  0.1275E-02  0.0000E+00      -1   0.212E-02   20.00
  22  -210.0000   -5721.157 0.3822   0.4144E-04  0.1169E-04  0.2798E-02  0.0000E+00      -1   0.466E-02   20.00
  23  -220.0000   -5085.208 0.3900   0.5496E-04  0.1342E-04  0.3280E-02  0.0000E+00      -1   0.547E-02   20.00
  24  -230.0000   -4532.925 0.3980   0.7574E-04  0.1550E-04  0.3834E-02  0.0000E+00      -1   0.639E-02   20.00
  25  -240.0000   -4051.328 0.4057   0.9919E-04  0.1766E-04  0.4458E-02  0.0000E+00      -1   0.743E-02   20.00
  26  -250.0000   -3629.725 0.4137   0.1336E-03  0.2019E-04  0.5174E-02  0.0000E+00      -1   0.862E-02   20.00
  27  -260.0000   -3259.269 0.4215   0.1747E-03  0.2291E-04  0.5966E-02  0.0000E+00      -1   0.994E-02   20.00
  28  -270.0000   -2932.602 0.4293   0.2279E-03  0.2587E-04  0.6871E-02  0.0000E+00      -1   0.115E-01   20.00
  29  -280.0000   -2643.573 0.4373   0.3003E-03  0.2932E-04  0.7846E-02  0.0000E+00      -1   0.131E-01   20.00
  30  -290.0000   -2387.013 0.4448   0.3748E-03  0.3263E-04  0.8955E-02  0.0000E+00      -1   0.149E-01   20.00
  31  -300.0000   -2158.573 0.4531   0.5029E-03  0.3701E-04  0.1023E-01  0.0000E+00      -1   0.170E-01   20.00
  32  -310.0000   -1954.556 0.4605   0.6173E-03  0.4092E-04  0.1163E-01  0.0000E+00      -1   0.194E-01   20.00
  33  -320.0000   -1771.829 0.4688   0.8188E-03  0.4604E-04  0.1329E-01  0.0000E+00      -1   0.222E-01   20.00
  34  -330.0000   -1607.715 0.4765   0.1022E-02  0.5100E-04  0.1506E-01  0.0000E+00      -1   0.251E-01   20.00
  35  -340.0000   -1459.920 0.4843   0.1292E-02  0.5647E-04  0.1706E-01  0.0000E+00      -1   0.284E-01   20.00
  36  -350.0000   -1326.472 0.4924   0.1651E-02  0.6272E-04  0.1913E-01  0.0000E+00      -1   0.319E-01   20.00
  37  -360.0000   -1205.671 0.4997   0.1976E-02  0.6837E-04  0.2145E-01  0.0000E+00      -1   0.358E-01   20.00
  38  -370.0000   -1096.044 0.5081   0.2601E-02  0.7608E-04  0.2435E-01  0.0000E+00      -1   0.406E-01   20.00
  39  -380.0000    -996.316 0.5157   0.3173E-02  0.8311E-04  0.2746E-01  0.0000E+00      -1   0.458E-01   20.00
  40  -390.0000    -905.377 0.5236   0.3998E-02  0.9113E-04  0.3092E-01  0.0000E+00      -1   0.515E-01   20.00
  41  -400.0000    -822.302 0.5316   0.4987E-02  0.9968E-04  0.9418E-02  0.0000E+00      -1   0.157E-01   20.00
  42  -410.0000    -840.999 0.5298   0.4765E-02  0.9776E-04 -0.1377E-01  0.0000E+00      -1  -0.230E-01   20.00
  43  -420.0000    -860.136 0.5279   0.4537E-02  0.9579E-04 -0.1330E-01  0.0000E+00      -1  -0.222E-01   20.00
  44  -430.0000    -879.672 0.5261   0.4304E-02  0.9377E-04 -0.1279E-01  0.0000E+00      -1  -0.213E-01   20.00
  45  -440.0000    -899.618 0.5242   0.4066E-02  0.9172E-04 -0.1226E-01  0.0000E+00      -1  -0.204E-01   20.00
  46  -450.0000    -919.987 0.5222   0.3824E-02  0.8962E-04 -0.1169E-01  0.0000E+00      -1  -0.195E-01   20.00
  47  -460.0000    -940.787 0.5202   0.3576E-02  0.8748E-04 -0.1112E-01  0.0000E+00      -1  -0.185E-01   20.00
  48  -470.0000    -962.034 0.5183   0.3369E-02  0.8553E-04 -0.1067E-01  0.0000E+00      -1  -0.178E-01   20.00
  49  -480.0000    -983.738 0.5167   0.3245E-02  0.8400E-04 -0.1036E-01  0.0000E+00      -1  -0.173E-01   20.00
  50  -490.0000   -1005.913 0.5150   0.3118E-02  0.8244E-04 -0.1010E-01  0.0000E+00      -1  -0.168E-01   20.00
  51  -500.0000   -1028.572 0.5132   0.2988E-02  0.8084E-04 -0.9829E-02  0.0000E+00      -1  -0.164E-01   20.00
  52  -510.0000   -1051.728 0.5115   0.2855E-02  0.7920E-04 -0.9536E-02  0.0000E+00      -1  -0.159E-01   20.00
  53  -520.0000   -1075.394 0.5096   0.2720E-02  0.7753E-04 -0.9223E-02  0.0000E+00      -1  -0.154E-01   20.00
  54  -530.0000   -1099.588 0.5078   0.2581E-02  0.7583E-04 -0.8890E-02  0.0000E+00      -1  -0.148E-01   20.00
  55  -540.0000   -1124.319 0.5059   0.2439E-02  0.7408E-04 -0.8535E-02  0.0000E+00      -1  -0.142E-01   20.00
  56  -550.0000   -1149.608 0.5039   0.2294E-02  0.7230E-04 -0.8157E-02  0.0000E+00      -1  -0.136E-01   20.00
  57  -560.0000   -1175.470 0.5020   0.2146E-02  0.7047E-04 -0.7754E-02  0.0000E+00      -1  -0.129E-01   20.00
  58  -570.0000   -1201.919 0.4999   0.1994E-02  0.6861E-04 -0.7393E-02  0.0000E+00      -1  -0.123E-01   20.00
  59  -580.0000   -1228.974 0.4983   0.1914E-02  0.6728E-04 -0.7156E-02  0.0000E+00      -1  -0.119E-01   20.00
  60  -590.0000   -1256.651 0.4966   0.1839E-02  0.6598E-04 -0.6986E-02  0.0000E+00      -1  -0.116E-01   20.00
  61  -600.0000   -1284.969 0.4949   0.1763E-02  0.6466E-04 -0.6811E-02  0.0000E+00      -1  -0.114E-01   20.00
  62  -610.0000   -1313.948 0.4931   0.1685E-02  0.6330E-04 -0.6622E-02  0.0000E+00      -1  -0.110E-01   20.00
  63  -620.0000   -1343.606 0.4913   0.1605E-02  0.6191E-04 -0.6419E-02  0.0000E+00      -1  -0.107E-01   20.00
  64  -630.0000   -1373.964 0.4895   0.1524E-02  0.6049E-04 -0.6200E-02  0.0000E+00      -1  -0.103E-01   20.00
  65  -640.0000   -1405.042 0.4876   0.1440E-02  0.5904E-04 -0.5965E-02  0.0000E+00      -1  -0.994E-02   20.00
  66  -650.0000   -1436.861 0.4857   0.1354E-02  0.5755E-04 -0.5711E-02  0.0000E+00      -1  -0.952E-02   20.00
  67  -660.0000   -1469.443 0.4837   0.1267E-02  0.5602E-04 -0.5439E-02  0.0000E+00      -1  -0.907E-02   20.00
  68  -670.0000   -1502.813 0.4817   0.1177E-02  0.5446E-04 -0.5175E-02  0.0000E+00      -1  -0.862E-02   20.00
  69  -680.0000   -1536.995 0.4798   0.1110E-02  0.5314E-04 -0.4974E-02  0.0000E+00      -1  -0.829E-02   20.00
  70  -690.0000   -1572.012 0.4782   0.1066E-02  0.5208E-04 -0.4844E-02  0.0000E+00      -1  -0.807E-02   20.00
  71  -700.0000   -1607.890 0.4765   0.1022E-02  0.5100E-04 -0.4731E-02  0.0000E+00      -1  -0.788E-02   20.00
  72  -710.0000   -1644.654 0.4748   0.9763E-03  0.4989E-04 -0.4608E-02  0.0000E+00      -1  -0.768E-02   20.00
  73  -720.0000   -1682.335 0.4730   0.9296E-03  0.4875E-04 -0.4474E-02  0.0000E+00      -1  -0.746E-02   20.00
  74  -730.0000   -1720.956 0.4712   0.8818E-03  0.4758E-04 -0.4328E-02  0.0000E+00      -1  -0.721E-02   20.00
  75  -740.0000   -1760.553 0.4693   0.8327E-03  0.4638E-04 -0.4169E-02  0.0000E+00      -1  -0.695E-02   20.00
  76  -750.0000   -1801.143 0.4674   0.7825E-03  0.4515E-04 -0.1856E-02  0.0000E+00      -1  -0.309E-02   20.00
  77  -760.0000   -1786.427 0.4681   0.8007E-03  0.4560E-04  0.3726E-03  0.0000E+00      -1   0.621E-03   20.00
  78  -770.0000   -1771.834 0.4688   0.8188E-03  0.4604E-04  0.3706E-03  0.0000E+00      -1   0.618E-03   20.00
  79  -780.0000   -1757.372 0.4694   0.8367E-03  0.4648E-04  0.3679E-03  0.0000E+00      -1   0.613E-03   20.00
  80  -790.0000   -1743.039 0.4701   0.8544E-03  0.4691E-04  0.3647E-03  0.0000E+00      -1   0.608E-03   20.00
  81  -800.0000   -1728.834 0.4708   0.8720E-03  0.4734E-04  0.3610E-03  0.0000E+00      -1   0.602E-03   20.00
  82  -810.0000   -1714.756 0.4715   0.8894E-03  0.4777E-04  0.3570E-03  0.0000E+00      -1   0.595E-03   20.00
  83  -820.0000   -1700.804 0.4721   0.9067E-03  0.4819E-04  0.3527E-03  0.0000E+00      -1   0.588E-03   20.00
  84  -830.0000   -1686.976 0.4728   0.9238E-03  0.4861E-04  0.3480E-03  0.0000E+00      -1   0.580E-03   20.00
  85  -840.0000   -1673.269 0.4734   0.9408E-03  0.4902E-04  0.3429E-03  0.0000E+00      -1   0.572E-03   20.00
  86  -850.0000   -1659.685 0.4741   0.9576E-03  0.4943E-04  0.3374E-03  0.0000E+00      -1   0.562E-03   20.00
  87  -860.0000   -1646.220 0.4747   0.9743E-03  0.4984E-04  0.3317E-03  0.0000E+00      -1   0.553E-03   20.00
  88  -870.0000   -1632.874 0.4753   0.9908E-03  0.5024E-04  0.3257E-03  0.0000E+00      -1   0.543E-03   20.00
  89  -880.0000   -1619.645 0.4759   0.1007E-02  0.5064E-04  0.3193E-03  0.0000E+00      -1   0.532E-03   20.00
  90  -890.0000   -1606.532 0.4766   0.1023E-02  0.5104E-04  0.3127E-03  0.0000E+00      -1   0.521E-03   20.00
  91  -900.0000   -1593.534 0.4772   0.1040E-02  0.5143E-04  0.3057E-03  0.0000E+00      -1   0.510E-03   20.00
  92  -910.0000   -1580.649 0.4778   0.1056E-02  0.5182E-04  0.2985E-03  0.0000E+00      -1   0.498E-03   20.00
  93  -920.0000   -1567.876 0.4784   0.1071E-02  0.5221E-04  0.2910E-03  0.0000E+00      -1   0.485E-03   20.00
  94  -930.0000   -1555.215 0.4790   0.1087E-02  0.5259E-04  0.2833E-03  0.0000E+00      -1   0.472E-03   20.00
  95  -940.0000   -1542.664 0.4796   0.1103E-02  0.5297E-04  0.2753E-03  0.0000E+00      -1   0.459E-03   20.00
  96  -950.0000   -1530.221 0.4802   0.1118E-02  0.5335E-04  0.2672E-03  0.0000E+00      -1   0.445E-03   20.00
  97  -960.0000   -1517.886 0.4808   0.1136E-02  0.5376E-04  0.2601E-03  0.0000E+00      -1   0.433E-03   20.00
  98  -970.0000   -1505.657 0.4815   0.1169E-02  0.5433E-04  0.2543E-03  0.0000E+00      -1   0.424E-03   20.00
  99  -980.0000   -1493.533 0.4822   0.1202E-02  0.5490E-04  0.2488E-03  0.0000E+00      -1   0.415E-03   20.00
 100  -990.0000   -1481.514 0.4830   0.1234E-02  0.5546E-04  0.2424E-03  0.0000E+00      -1   0.404E-03   20.00
 101 -1000.0000   -1469.603 0.4837   0.1266E-02  0.5602E-04  0.2389E-03  0.0000E+00      -1   0.398E-03   20.00
end


 Time:       20.0000


 Node      Depth      Head Moisture       K          C         Flux        Sink         Kappa   v/KsTop   Temp
           [L]        [L]    [-]        [L/T]      [1/L]      [L/T]        [1/T]         [-]      [-]      [C]

   1     0.0000  -12371.751 0.3739   0.6352E-06  0.4546E-05  0.1032E-07  0.0000E+00      -1   0.172E-07   20.00
   2   -10.0000  -12371.464 0.3739   0.6352E-06  0.4546E-05 -0.6260E-06  0.0000E+00      -1  -0.104E-05   20.00
   3   -20.0000  -12371.462 0.3739   0.6352E-06  0.4546E-05 -0.6320E-06  0.0000E+00      -1  -0.105E-05   20.00
   4   -30.0000  -12371.363 0.3739   0.6352E-06  0.4546E-05 -0.1895E-06  0.0000E+00      -1  -0.316E-06   20.00
   5   -40.0000  -12357.431 0.3740   0.6364E-06  0.4551E-05  0.4554E-04  0.0000E+00      -1   0.759E-04   20.00
   6   -50.0000  -11149.849 0.3803   0.8806E-06  0.5254E-05  0.2593E-02  0.0000E+00      -1   0.432E-02   20.00
   7   -60.0000   -7057.240 0.3687   0.2408E-04  0.9060E-05  0.3210E-02  0.0000E+00      -1   0.535E-02   20.00
   8   -70.0000   -6546.547 0.3734   0.2884E-04  0.9901E-05  0.7624E-03  0.0000E+00      -1   0.127E-02   20.00
   9   -80.0000   -6468.081 0.3741   0.2957E-04  0.1003E-04  0.1002E-03  0.0000E+00      -1   0.167E-03   20.00
  10   -90.0000   -6457.910 0.3742   0.2966E-04  0.1004E-04 -0.1288E-04  0.0000E+00      -1  -0.215E-04   20.00
  11  -100.0000   -6456.767 0.3743   0.2966E-04  0.1005E-04 -0.2779E-04  0.0000E+00      -1  -0.463E-04   20.00
  12  -110.0000   -6456.648 0.3743   0.2967E-04  0.1005E-04 -0.2947E-04  0.0000E+00      -1  -0.491E-04   20.00
  13  -120.0000   -6456.637 0.3743   0.2967E-04  0.1005E-04 -0.2965E-04  0.0000E+00      -1  -0.494E-04   20.00
  14  -130.0000   -6456.636 0.3743   0.2967E-04  0.1005E-04 -0.2966E-04  0.0000E+00      -1  -0.494E-04   20.00
  15  -140.0000   -6456.635 0.3743   0.2967E-04  0.1005E-04 -0.2966E-04  0.0000E+00      -1  -0.494E-04   20.00
  16  -150.0000   -6456.632 0.3743   0.2967E-04  0.1005E-04 -0.2960E-04  0.0000E+00      -1  -0.493E-04   20.00
  17  -160.0000   -6456.591 0.3743   0.2967E-04  0.1005E-04 -0.2898E-04  0.0000E+00      -1  -0.483E-04   20.00
  18  -170.0000   -6456.171 0.3743   0.2967E-04  0.1005E-04 -0.2344E-04  0.0000E+00      -1  -0.391E-04   20.00
  19  -180.0000   -6452.390 0.3743   0.2970E-04  0.1005E-04  0.2030E-04  0.0000E+00      -1   0.338E-04   20.00
  20  -190.0000   -6422.598 0.3746   0.2998E-04  0.1010E-04  0.2914E-03  0.0000E+00      -1   0.486E-03   20.00
  21  -200.0000   -6242.629 0.3762   0.3166E-04  0.1040E-04  0.1326E-02  0.0000E+00      -1   0.221E-02   20.00
  22  -210.0000   -5660.369 0.3830   0.4273E-04  0.1186E-04  0.2568E-02  0.0000E+00      -1   0.428E-02   20.00
  23  -220.0000   -5040.387 0.3905   0.5591E-04  0.1354E-04  0.3295E-02  0.0000E+00      -1   0.549E-02   20.00
  24  -230.0000   -4494.089 0.3986   0.7763E-04  0.1567E-04  0.3907E-02  0.0000E+00      -1   0.651E-02   20.00
  25  -240.0000   -4010.662 0.4064   0.1012E-03  0.1784E-04  0.4560E-02  0.0000E+00      -1   0.760E-02   20.00
  26  -250.0000   -3591.639 0.4145   0.1379E-03  0.2047E-04  0.5304E-02  0.0000E+00      -1   0.884E-02   20.00
  27  -260.0000   -3220.567 0.4223   0.1790E-03  0.2320E-04  0.6137E-02  0.0000E+00      -1   0.102E-01   20.00
  28  -270.0000   -2895.567 0.4303   0.2371E-03  0.2631E-04  0.7086E-02  0.0000E+00      -1   0.118E-01   20.00
  29  -280.0000   -2606.849 0.4384   0.3095E-03  0.2976E-04  0.8152E-02  0.0000E+00      -1   0.136E-01   20.00
  30  -290.0000   -2350.383 0.4461   0.3954E-03  0.3333E-04  0.9377E-02  0.0000E+00      -1   0.156E-01   20.00
  31  -300.0000   -2121.326 0.4545   0.5238E-03  0.3772E-04  0.1076E-01  0.0000E+00      -1   0.179E-01   20.00
  32  -310.0000   -1914.835 0.4620   0.6418E-03  0.4171E-04  0.1220E-01  0.0000E+00      -1   0.203E-01   20.00
  33  -320.0000   -1733.067 0.4706   0.8669E-03  0.4722E-04  0.1386E-01  0.0000E+00      -1   0.231E-01   20.00
  34  -330.0000   -1570.598 0.4783   0.1068E-02  0.5214E-04  0.1558E-01  0.0000E+00      -1   0.260E-01   20.00
  35  -340.0000   -1426.750 0.4863   0.1383E-02  0.5804E-04  0.1725E-01  0.0000E+00      -1   0.288E-01   20.00
  36  -350.0000   -1300.214 0.4940   0.1724E-02  0.6397E-04  0.1859E-01  0.0000E+00      -1   0.310E-01   20.00
  37  -360.0000   -1189.568 0.5009   0.2067E-02  0.6950E-04  0.1908E-01  0.0000E+00      -1   0.318E-01   20.00
  38  -370.0000   -1097.643 0.5079   0.2593E-02  0.7597E-04  0.1832E-01  0.0000E+00      -1   0.305E-01   20.00
  39  -380.0000   -1024.974 0.5135   0.3008E-02  0.8108E-04  0.1601E-01  0.0000E+00      -1   0.267E-01   20.00
  40  -390.0000    -969.261 0.5178   0.3326E-02  0.8500E-04  0.1226E-01  0.0000E+00      -1   0.204E-01   20.00
  41  -400.0000    -930.621 0.5212   0.3692E-02  0.8848E-04  0.7302E-02  0.0000E+00      -1   0.122E-01   20.00
  42  -410.0000    -908.708 0.5233   0.3954E-02  0.9075E-04  0.2058E-02  0.0000E+00      -1   0.343E-02   20.00
  43  -420.0000    -899.801 0.5241   0.4062E-02  0.9168E-04 -0.2449E-02  0.0000E+00      -1  -0.408E-02   20.00
  44  -430.0000    -900.791 0.5240   0.4053E-02  0.9160E-04 -0.5890E-02  0.0000E+00      -1  -0.982E-02   20.00
  45  -440.0000    -909.074 0.5233   0.3955E-02  0.9076E-04 -0.8208E-02  0.0000E+00      -1  -0.137E-01   20.00
  46  -450.0000    -922.544 0.5220   0.3796E-02  0.8938E-04 -0.9556E-02  0.0000E+00      -1  -0.159E-01   20.00
  47  -460.0000    -939.663 0.5203   0.3592E-02  0.8761E-04 -0.1019E-01  0.0000E+00      -1  -0.170E-01   20.00
  48  -470.0000    -959.343 0.5185   0.3386E-02  0.8573E-04 -0.1036E-01  0.0000E+00      -1  -0.173E-01   20.00
  49  -480.0000    -980.497 0.5169   0.3264E-02  0.8424E-04 -0.1028E-01  0.0000E+00      -1  -0.171E-01   20.00
  50  -490.0000   -1002.379 0.5152   0.3139E-02  0.8269E-04 -0.1009E-01  0.0000E+00      -1  -0.168E-01   20.00
  51  -500.0000   -1024.824 0.5135   0.3010E-02  0.8110E-04 -0.9837E-02  0.0000E+00      -1  -0.164E-01   20.00
  52  -510.0000   -1047.775 0.5118   0.2878E-02  0.7948E-04 -0.9552E-02  0.0000E+00      -1  -0.159E-01   20.00
  53  -520.0000   -1071.227 0.5100   0.2744E-02  0.7783E-04 -0.9245E-02  0.0000E+00      -1  -0.154E-01   20.00
  54  -530.0000   -1095.199 0.5081   0.2606E-02  0.7614E-04 -0.8922E-02  0.0000E+00      -1  -0.149E-01   20.00
  55  -540.0000   -1119.733 0.5062   0.2466E-02  0.7441E-04 -0.8587E-02  0.0000E+00      -1  -0.143E-01   20.00
  56  -550.0000   -1144.900 0.5043   0.2321E-02  0.7263E-04 -0.8245E-02  0.0000E+00      -1  -0.137E-01   20.00
  57  -560.0000   -1170.825 0.5023   0.2173E-02  0.7080E-04 -0.7903E-02  0.0000E+00      -1  -0.132E-01   20.00
  58  -570.0000   -1197.728 0.5003   0.2018E-02  0.6890E-04 -0.7571E-02  0.0000E+00      -1  -0.126E-01   20.00
  59  -580.0000   -1225.311 0.4985   0.1924E-02  0.6745E-04 -0.7288E-02  0.0000E+00      -1  -0.121E-01   20.00
  60  -590.0000   -1253.324 0.4968   0.1848E-02  0.6614E-04 -0.7059E-02  0.0000E+00      -1  -0.118E-01   20.00
  61  -600.0000   -1281.720 0.4951   0.1772E-02  0.6481E-04 -0.6845E-02  0.0000E+00      -1  -0.114E-01   20.00
  62  -610.0000   -1310.618 0.4933   0.1694E-02  0.6346E-04 -0.6637E-02  0.0000E+00      -1  -0.111E-01   20.00
  63  -620.0000   -1340.106 0.4915   0.1615E-02  0.6208E-04 -0.6426E-02  0.0000E+00      -1  -0.107E-01   20.00
  64  -630.0000   -1370.248 0.4897   0.1534E-02  0.6067E-04 -0.6207E-02  0.0000E+00      -1  -0.103E-01   20.00
  65  -640.0000   -1401.099 0.4878   0.1451E-02  0.5922E-04 -0.5978E-02  0.0000E+00      -1  -0.996E-02   20.00
  66  -650.0000   -1432.726 0.4859   0.1365E-02  0.5774E-04 -0.5740E-02  0.0000E+00      -1  -0.957E-02   20.00
  67  -660.0000   -1465.241 0.4840   0.1278E-02  0.5622E-04 -0.5497E-02  0.0000E+00      -1  -0.916E-02   20.00
  68  -670.0000   -1498.848 0.4819   0.1187E-02  0.5465E-04 -0.5257E-02  0.0000E+00      -1  -0.876E-02   20.00
  69  -680.0000   -1533.505 0.4800   0.1114E-02  0.5325E-04 -0.5052E-02  0.0000E+00      -1  -0.842E-02   20.00
  70  -690.0000   -1568.982 0.4783   0.1070E-02  0.5218E-04 -0.4884E-02  0.0000E+00      -1  -0.814E-02   20.00
  71  -700.0000   -1604.826 0.4766   0.1026E-02  0.5109E-04 -0.4717E-02  0.0000E+00      -1  -0.786E-02   20.00
  72  -710.0000   -1640.990 0.4749   0.9807E-03  0.5000E-04 -0.4520E-02  0.0000E+00      -1  -0.753E-02   20.00
  73  -720.0000   -1676.997 0.4732   0.9361E-03  0.4891E-04 -0.4238E-02  0.0000E+00      -1  -0.706E-02   20.00
  74  -730.0000   -1711.452 0.4716   0.8935E-03  0.4786E-04 -0.3776E-02  0.0000E+00      -1  -0.629E-02   20.00
  75  -740.0000   -1741.280 0.4702   0.8567E-03  0.4696E-04 -0.3021E-02  0.0000E+00      -1  -0.504E-02   20.00
  76  -750.0000   -1761.571 0.4693   0.8318E-03  0.4636E-04 -0.1981E-02  0.0000E+00      -1  -0.330E-02   20.00
  77  -760.0000   -1768.538 0.4689   0.8229E-03  0.4614E-04 -0.9559E-03  0.0000E+00      -1  -0.159E-02   20.00
  78  -770.0000   -1764.694 0.4691   0.8275E-03  0.4625E-04 -0.2576E-03  0.0000E+00      -1  -0.429E-03   20.00
  79  -780.0000   -1754.781 0.4696   0.8398E-03  0.4655E-04  0.1064E-03  0.0000E+00      -1   0.177E-03   20.00
  80  -790.0000   -1742.185 0.4702   0.8554E-03  0.4693E-04  0.2647E-03  0.0000E+00      -1   0.441E-03   20.00
  81  -800.0000   -1728.603 0.4708   0.8723E-03  0.4735E-04  0.3247E-03  0.0000E+00      -1   0.541E-03   20.00
  82  -810.0000   -1714.742 0.4715   0.8894E-03  0.4777E-04  0.3441E-03  0.0000E+00      -1   0.573E-03   20.00
  83  -820.0000   -1700.866 0.4721   0.9066E-03  0.4819E-04  0.3479E-03  0.0000E+00      -1   0.580E-03   20.00
  84  -830.0000   -1687.068 0.4728   0.9237E-03  0.4860E-04  0.3459E-03  0.0000E+00      -1   0.576E-03   20.00
  85  -840.0000   -1673.377 0.4734   0.9407E-03  0.4902E-04  0.3417E-03  0.0000E+00      -1   0.570E-03   20.00
  86  -850.0000   -1659.801 0.4740   0.9575E-03  0.4943E-04  0.3366E-03  0.0000E+00      -1   0.561E-03   20.00
  87  -860.0000   -1646.344 0.4747   0.9742E-03  0.4984E-04  0.3310E-03  0.0000E+00      -1   0.552E-03   20.00
  88  -870.0000   -1633.005 0.4753   0.9907E-03  0.5024E-04  0.3250E-03  0.0000E+00      -1   0.542E-03   20.00
  89  -880.0000   -1619.782 0.4759   0.1007E-02  0.5064E-04  0.3186E-03  0.0000E+00      -1   0.531E-03   20.00
  90  -890.0000   -1606.676 0.4766   0.1023E-02  0.5104E-04  0.3119E-03  0.0000E+00      -1   0.520E-03   20.00
  91  -900.0000   -1593.684 0.4772   0.1039E-02  0.5143E-04  0.3049E-03  0.0000E+00      -1   0.508E-03   20.00
  92  -910.0000   -1580.807 0.4778   0.1055E-02  0.5182E-04  0.2975E-03  0.0000E+00      -1   0.496E-03   20.00
  93  -920.0000   -1568.045 0.4784   0.1071E-02  0.5220E-04  0.2893E-03  0.0000E+00      -1   0.482E-03   20.00
  94  -930.0000   -1555.405 0.4790   0.1087E-02  0.5259E-04  0.2793E-03  0.0000E+00      -1   0.466E-03   20.00
  95  -940.0000   -1542.904 0.4796   0.1102E-02  0.5297E-04  0.2653E-03  0.0000E+00      -1   0.442E-03   20.00
  96  -950.0000   -1530.589 0.4801   0.1118E-02  0.5334E-04  0.2414E-03  0.0000E+00      -1   0.402E-03   20.00
  97  -960.0000   -1518.582 0.4807   0.1134E-02  0.5372E-04  0.1864E-03  0.0000E+00      -1   0.311E-03   20.00
  98  -970.0000   -1507.304 0.4814   0.1165E-02  0.5425E-04  0.6171E-04  0.0000E+00      -1   0.103E-03   20.00
  99  -980.0000   -1497.503 0.4820   0.1191E-02  0.5471E-04 -0.1893E-03  0.0000E+00      -1  -0.316E-03   20.00
 100  -990.0000   -1490.463 0.4824   0.1210E-02  0.5504E-04 -0.6224E-03  0.0000E+00      -1  -0.104E-02   20.00
 101 -1000.0000   -1487.793 0.4826   0.1217E-02  0.5516E-04 -0.8896E-03  0.0000E+00      -1  -0.148E-02   20.00
end


 Time:       30.0000


 Node      Depth      Head Moisture       K          C         Flux        Sink         Kappa   v/KsTop   Temp
           [L]        [L]    [-]        [L/T]      [1/L]      [L/T]        [1/T]         [-]      [-]      [C]

   1     0.0000  -12372.058 0.3739   0.6352E-06  0.4546E-05 -0.1610E-08  0.0000E+00      -1  -0.268E-08   20.00
   2   -10.0000  -12371.467 0.3739   0.6352E-06  0.4546E-05 -0.6160E-06  0.0000E+00      -1  -0.103E-05   20.00
   3   -20.0000  -12371.454 0.3739   0.6352E-06  0.4546E-05 -0.6141E-06  0.0000E+00      -1  -0.102E-05   20.00
   4   -30.0000  -12370.802 0.3739   0.6353E-06  0.4546E-05  0.8626E-06  0.0000E+00      -1   0.144E-05   20.00
   5   -40.0000  -12324.430 0.3741   0.6399E-06  0.4563E-05  0.8016E-04  0.0000E+00      -1   0.134E-03   20.00
   6   -50.0000  -10420.891 0.3841   0.1029E-05  0.5680E-05  0.1829E-02  0.0000E+00      -1   0.305E-02   20.00
   7   -60.0000   -7323.391 0.3663   0.2165E-04  0.8630E-05  0.2541E-02  0.0000E+00      -1   0.423E-02   20.00
   8   -70.0000   -6672.181 0.3723   0.2767E-04  0.9695E-05  0.1017E-02  0.0000E+00      -1   0.169E-02   20.00
   9   -80.0000   -6503.245 0.3738   0.2924E-04  0.9971E-05  0.2671E-03  0.0000E+00      -1   0.445E-03   20.00
  10   -90.0000   -6465.412 0.3742   0.2959E-04  0.1003E-04  0.3692E-04  0.0000E+00      -1   0.615E-04   20.00
  11  -100.0000   -6458.120 0.3742   0.2965E-04  0.1004E-04 -0.1698E-04  0.0000E+00      -1  -0.283E-04   20.00
  12  -110.0000   -6456.867 0.3742   0.2966E-04  0.1005E-04 -0.2751E-04  0.0000E+00      -1  -0.459E-04   20.00
  13  -120.0000   -6456.669 0.3743   0.2967E-04  0.1005E-04 -0.2932E-04  0.0000E+00      -1  -0.489E-04   20.00
  14  -130.0000   -6456.638 0.3743   0.2967E-04  0.1005E-04 -0.2960E-04  0.0000E+00      -1  -0.493E-04   20.00
  15  -140.0000   -6456.624 0.3743   0.2967E-04  0.1005E-04 -0.2953E-04  0.0000E+00      -1  -0.492E-04   20.00
  16  -150.0000   -6456.546 0.3743   0.2967E-04  0.1005E-04 -0.2879E-04  0.0000E+00      -1  -0.480E-04   20.00
  17  -160.0000   -6456.035 0.3743   0.2967E-04  0.1005E-04 -0.2436E-04  0.0000E+00      -1  -0.406E-04   20.00
  18  -170.0000   -6452.963 0.3743   0.2970E-04  0.1005E-04 -0.6284E-06  0.0000E+00      -1  -0.105E-05   20.00
  19  -180.0000   -6436.478 0.3744   0.2985E-04  0.1008E-04  0.1073E-03  0.0000E+00      -1   0.179E-03   20.00
  20  -190.0000   -6361.774 0.3751   0.3054E-04  0.1020E-04  0.4848E-03  0.0000E+00      -1   0.808E-03   20.00
  21  -200.0000   -6108.961 0.3775   0.3322E-04  0.1065E-04  0.1389E-02  0.0000E+00      -1   0.232E-02   20.00
  22  -210.0000   -5582.457 0.3839   0.4439E-04  0.1207E-04  0.2481E-02  0.0000E+00      -1   0.414E-02   20.00
  23  -220.0000   -4988.863 0.3911   0.5700E-04  0.1368E-04  0.3283E-02  0.0000E+00      -1   0.547E-02   20.00
  24  -230.0000   -4451.071 0.3993   0.7972E-04  0.1587E-04  0.3964E-02  0.0000E+00      -1   0.661E-02   20.00
  25  -240.0000   -3968.729 0.4070   0.1032E-03  0.1803E-04  0.4663E-02  0.0000E+00      -1   0.777E-02   20.00
  26  -250.0000   -3551.009 0.4153   0.1424E-03  0.2077E-04  0.5445E-02  0.0000E+00      -1   0.908E-02   20.00
  27  -260.0000   -3179.854 0.4232   0.1835E-03  0.2350E-04  0.6325E-02  0.0000E+00      -1   0.105E-01   20.00
  28  -270.0000   -2855.668 0.4314   0.2471E-03  0.2679E-04  0.7333E-02  0.0000E+00      -1   0.122E-01   20.00
  29  -280.0000   -2566.779 0.4395   0.3195E-03  0.3024E-04  0.8471E-02  0.0000E+00      -1   0.141E-01   20.00
  30  -290.0000   -2311.372 0.4475   0.4173E-03  0.3408E-04  0.9759E-02  0.0000E+00      -1   0.163E-01   20.00
  31  -300.0000   -2083.624 0.4558   0.5450E-03  0.3844E-04  0.1116E-01  0.0000E+00      -1   0.186E-01   20.00
  32  -310.0000   -1880.876 0.4636   0.6839E-03  0.4274E-04  0.1263E-01  0.0000E+00      -1   0.211E-01   20.00
  33  -320.0000   -1702.011 0.4721   0.9056E-03  0.4816E-04  0.1408E-01  0.0000E+00      -1   0.235E-01   20.00
  34  -330.0000   -1545.046 0.4795   0.1100E-02  0.5291E-04  0.1524E-01  0.0000E+00      -1   0.254E-01   20.00
  35  -340.0000   -1410.491 0.4873   0.1426E-02  0.5880E-04  0.1607E-01  0.0000E+00      -1   0.268E-01   20.00
  36  -350.0000   -1296.594 0.4942   0.1732E-02  0.6413E-04  0.1638E-01  0.0000E+00      -1   0.273E-01   20.00
  37  -360.0000   -1199.246 0.5001   0.2010E-02  0.6880E-04  0.1585E-01  0.0000E+00      -1   0.264E-01   20.00
  38  -370.0000   -1120.515 0.5062   0.2460E-02  0.7434E-04  0.1447E-01  0.0000E+00      -1   0.241E-01   20.00
  39  -380.0000   -1059.001 0.5109   0.2812E-02  0.7868E-04  0.1237E-01  0.0000E+00      -1   0.206E-01   20.00
  40  -390.0000   -1011.152 0.5146   0.3086E-02  0.8205E-04  0.9733E-02  0.0000E+00      -1   0.162E-01   20.00
  41  -400.0000    -975.120 0.5173   0.3293E-02  0.8459E-04  0.6753E-02  0.0000E+00      -1   0.113E-01   20.00
  42  -410.0000    -949.729 0.5194   0.3468E-02  0.8654E-04  0.3424E-02  0.0000E+00      -1   0.571E-02   20.00
  43  -420.0000    -935.103 0.5208   0.3643E-02  0.8805E-04  0.8243E-04  0.0000E+00      -1   0.137E-03   20.00
  44  -430.0000    -929.126 0.5213   0.3714E-02  0.8867E-04 -0.2787E-02  0.0000E+00      -1  -0.465E-02   20.00
  45  -440.0000    -930.167 0.5212   0.3703E-02  0.8857E-04 -0.5127E-02  0.0000E+00      -1  -0.854E-02   20.00
  46  -450.0000    -936.985 0.5206   0.3622E-02  0.8787E-04 -0.6923E-02  0.0000E+00      -1  -0.115E-01   20.00
  47  -460.0000    -948.618 0.5195   0.3484E-02  0.8668E-04 -0.8210E-02  0.0000E+00      -1  -0.137E-01   20.00
  48  -470.0000    -964.146 0.5182   0.3358E-02  0.8539E-04 -0.8992E-02  0.0000E+00      -1  -0.150E-01   20.00
  49  -480.0000    -982.124 0.5168   0.3255E-02  0.8412E-04 -0.9377E-02  0.0000E+00      -1  -0.156E-01   20.00
  50  -490.0000   -1001.831 0.5153   0.3142E-02  0.8273E-04 -0.9529E-02  0.0000E+00      -1  -0.159E-01   20.00
  51  -500.0000   -1022.842 0.5137   0.3021E-02  0.8125E-04 -0.9515E-02  0.0000E+00      -1  -0.159E-01   20.00
  52  -510.0000   -1044.863 0.5120   0.2895E-02  0.7969E-04 -0.9384E-02  0.0000E+00      -1  -0.156E-01   20.00
  53  -520.0000   -1067.713 0.5102   0.2764E-02  0.7808E-04 -0.9175E-02  0.0000E+00      -1  -0.153E-01   20.00
  54  -530.0000   -1091.298 0.5084   0.2629E-02  0.7641E-04 -0.8916E-02  0.0000E+00      -1  -0.149E-01   20.00
  55  -540.0000   -1115.593 0.5066   0.2489E-02  0.7470E-04 -0.8624E-02  0.0000E+00      -1  -0.144E-01   20.00
  56  -550.0000   -1140.638 0.5046   0.2346E-02  0.7293E-04 -0.8314E-02  0.0000E+00      -1  -0.139E-01   20.00
  57  -560.0000   -1166.538 0.5027   0.2197E-02  0.7110E-04 -0.7993E-02  0.0000E+00      -1  -0.133E-01   20.00
  58  -570.0000   -1193.478 0.5006   0.2043E-02  0.6920E-04 -0.7669E-02  0.0000E+00      -1  -0.128E-01   20.00
  59  -580.0000   -1221.223 0.4987   0.1935E-02  0.6764E-04 -0.7381E-02  0.0000E+00      -1  -0.123E-01   20.00
  60  -590.0000   -1249.481 0.4970   0.1859E-02  0.6632E-04 -0.7137E-02  0.0000E+00      -1  -0.119E-01   20.00
  61  -600.0000   -1278.043 0.4953   0.1782E-02  0.6498E-04 -0.6905E-02  0.0000E+00      -1  -0.115E-01   20.00
  62  -610.0000   -1307.010 0.4935   0.1704E-02  0.6363E-04 -0.6679E-02  0.0000E+00      -1  -0.111E-01   20.00
  63  -620.0000   -1336.479 0.4918   0.1624E-02  0.6225E-04 -0.6457E-02  0.0000E+00      -1  -0.108E-01   20.00
  64  -630.0000   -1366.542 0.4899   0.1544E-02  0.6084E-04 -0.6233E-02  0.0000E+00      -1  -0.104E-01   20.00
  65  -640.0000   -1397.288 0.4881   0.1461E-02  0.5940E-04 -0.6006E-02  0.0000E+00      -1  -0.100E-01   20.00
  66  -650.0000   -1428.824 0.4862   0.1376E-02  0.5792E-04 -0.5774E-02  0.0000E+00      -1  -0.962E-02   20.00
  67  -660.0000   -1461.284 0.4842   0.1289E-02  0.5641E-04 -0.5537E-02  0.0000E+00      -1  -0.923E-02   20.00
  68  -670.0000   -1494.856 0.4822   0.1198E-02  0.5483E-04 -0.5295E-02  0.0000E+00      -1  -0.882E-02   20.00
  69  -680.0000   -1529.503 0.4802   0.1119E-02  0.5337E-04 -0.5074E-02  0.0000E+00      -1  -0.846E-02   20.00
  70  -690.0000   -1564.857 0.4785   0.1075E-02  0.5230E-04 -0.4870E-02  0.0000E+00      -1  -0.812E-02   20.00
  71  -700.0000   -1600.099 0.4769   0.1031E-02  0.5123E-04 -0.4642E-02  0.0000E+00      -1  -0.774E-02   20.00
  72  -710.0000   -1634.851 0.4752   0.9883E-03  0.5018E-04 -0.4361E-02  0.0000E+00      -1  -0.727E-02   20.00
  73  -720.0000   -1668.281 0.4736   0.9470E-03  0.4917E-04 -0.3986E-02  0.0000E+00      -1  -0.664E-02   20.00
  74  -730.0000   -1698.894 0.4722   0.9091E-03  0.4825E-04 -0.3475E-02  0.0000E+00      -1  -0.579E-02   20.00
  75  -740.0000   -1724.510 0.4710   0.8774E-03  0.4747E-04 -0.2814E-02  0.0000E+00      -1  -0.469E-02   20.00
  76  -750.0000   -1742.761 0.4701   0.8549E-03  0.4692E-04 -0.2050E-02  0.0000E+00      -1  -0.342E-02   20.00
  77  -760.0000   -1752.228 0.4697   0.8431E-03  0.4663E-04 -0.1295E-02  0.0000E+00      -1  -0.216E-02   20.00
  78  -770.0000   -1753.346 0.4696   0.8417E-03  0.4660E-04 -0.6672E-03  0.0000E+00      -1  -0.111E-02   20.00
  79  -780.0000   -1748.054 0.4699   0.8482E-03  0.4676E-04 -0.2235E-03  0.0000E+00      -1  -0.373E-03   20.00
  80  -790.0000   -1738.631 0.4703   0.8598E-03  0.4704E-04  0.5088E-04  0.0000E+00      -1   0.848E-04   20.00
  81  -800.0000   -1726.889 0.4709   0.8744E-03  0.4740E-04  0.2035E-03  0.0000E+00      -1   0.339E-03   20.00
  82  -810.0000   -1713.989 0.4715   0.8904E-03  0.4779E-04  0.2810E-03  0.0000E+00      -1   0.468E-03   20.00
  83  -820.0000   -1700.583 0.4721   0.9070E-03  0.4819E-04  0.3168E-03  0.0000E+00      -1   0.528E-03   20.00
  84  -830.0000   -1687.005 0.4728   0.9238E-03  0.4860E-04  0.3310E-03  0.0000E+00      -1   0.552E-03   20.00
  85  -840.0000   -1673.416 0.4734   0.9406E-03  0.4902E-04  0.3346E-03  0.0000E+00      -1   0.558E-03   20.00
  86  -850.0000   -1659.889 0.4740   0.9574E-03  0.4943E-04  0.3331E-03  0.0000E+00      -1   0.555E-03   20.00
  87  -860.0000   -1646.457 0.4747   0.9740E-03  0.4983E-04  0.3290E-03  0.0000E+00      -1   0.548E-03   20.00
  88  -870.0000   -1633.132 0.4753   0.9905E-03  0.5024E-04  0.3236E-03  0.0000E+00      -1   0.539E-03   20.00
  89  -880.0000   -1619.922 0.4759   0.1007E-02  0.5063E-04  0.3172E-03  0.0000E+00      -1   0.529E-03   20.00
  90  -890.0000   -1606.830 0.4765   0.1023E-02  0.5103E-04  0.3100E-03  0.0000E+00      -1   0.517E-03   20.00
  91  -900.0000   -1593.860 0.4772   0.1039E-02  0.5142E-04  0.3017E-03  0.0000E+00      -1   0.503E-03   20.00
  92  -910.0000   -1581.022 0.4778   0.1055E-02  0.5181E-04  0.2912E-03  0.0000E+00      -1   0.485E-03   20.00
  93  -920.0000   -1568.339 0.4784   0.1071E-02  0.5220E-04  0.2767E-03  0.0000E+00      -1   0.461E-03   20.00
  94  -930.0000   -1555.852 0.4790   0.1086E-02  0.5257E-04  0.2548E-03  0.0000E+00      -1   0.425E-03   20.00
  95  -940.0000   -1543.645 0.4795   0.1101E-02  0.5294E-04  0.2190E-03  0.0000E+00      -1   0.365E-03   20.00
  96  -950.0000   -1531.871 0.4801   0.1116E-02  0.5330E-04  0.1589E-03  0.0000E+00      -1   0.265E-03   20.00
  97  -960.0000   -1520.792 0.4806   0.1130E-02  0.5364E-04  0.5541E-04  0.0000E+00      -1   0.923E-04   20.00
  98  -970.0000   -1510.882 0.4812   0.1155E-02  0.5408E-04 -0.1267E-03  0.0000E+00      -1  -0.211E-03   20.00
  99  -980.0000   -1502.967 0.4817   0.1176E-02  0.5445E-04 -0.4057E-03  0.0000E+00      -1  -0.676E-03   20.00
 100  -990.0000   -1497.770 0.4820   0.1190E-02  0.5470E-04 -0.7710E-03  0.0000E+00      -1  -0.129E-02   20.00
 101 -1000.0000   -1495.934 0.4821   0.1195E-02  0.5478E-04 -0.9738E-03  0.0000E+00      -1  -0.162E-02   20.00
end


 Time:       40.0000


 Node      Depth      Head Moisture       K          C         Flux        Sink         Kappa   v/KsTop   Temp
           [L]        [L]    [-]        [L/T]      [1/L]      [L/T]        [1/T]         [-]      [-]      [C]

   1     0.0000     -59.472 0.7312   0.4804E-01  0.3926E-03 -0.6200E+00  0.0000E+00      -1  -0.103E+01   20.00
   2   -10.0000    -266.935 0.6631   0.6063E-02  0.2607E-03 -0.4939E+00  0.0000E+00      -1  -0.823E+00   20.00
   3   -20.0000   -1548.959 0.5192   0.1222E-03  0.5343E-04 -0.2291E+00  0.0000E+00      -1  -0.382E+00   20.00
   4   -30.0000  -11053.205 0.3808   0.8999E-06  0.5309E-05 -0.2932E-01  0.0000E+00      -1  -0.489E-01   20.00
   5   -40.0000  -12287.252 0.3743   0.6474E-06  0.4585E-05  0.5846E-04  0.0000E+00      -1   0.974E-04   20.00
   6   -50.0000   -9887.463 0.3869   0.1137E-05  0.5988E-05  0.1392E-02  0.0000E+00      -1   0.232E-02   20.00
   7   -60.0000   -7475.109 0.3649   0.2026E-04  0.8385E-05  0.2080E-02  0.0000E+00      -1   0.347E-02   20.00
   8   -70.0000   -6786.937 0.3712   0.2662E-04  0.9508E-05  0.1110E-02  0.0000E+00      -1   0.185E-02   20.00
   9   -80.0000   -6549.273 0.3734   0.2881E-04  0.9895E-05  0.4035E-03  0.0000E+00      -1   0.672E-03   20.00
  10   -90.0000   -6478.872 0.3740   0.2946E-04  0.1001E-04  0.9919E-04  0.0000E+00      -1   0.165E-03   20.00
  11  -100.0000   -6461.291 0.3742   0.2962E-04  0.1004E-04  0.1997E-05  0.0000E+00      -1   0.333E-05   20.00
  12  -110.0000   -6457.499 0.3742   0.2966E-04  0.1005E-04 -0.2297E-04  0.0000E+00      -1  -0.383E-04   20.00
  13  -120.0000   -6456.782 0.3743   0.2966E-04  0.1005E-04 -0.2839E-04  0.0000E+00      -1  -0.473E-04   20.00
  14  -130.0000   -6456.642 0.3743   0.2967E-04  0.1005E-04 -0.2936E-04  0.0000E+00      -1  -0.489E-04   20.00
  15  -140.0000   -6456.578 0.3743   0.2967E-04  0.1005E-04 -0.2913E-04  0.0000E+00      -1  -0.486E-04   20.00
  16  -150.0000   -6456.281 0.3743   0.2967E-04  0.1005E-04 -0.2678E-04  0.0000E+00      -1  -0.446E-04   20.00
  17  -160.0000   -6454.630 0.3743   0.2968E-04  0.1005E-04 -0.1528E-04  0.0000E+00      -1  -0.255E-04   20.00
  18  -170.0000   -6446.579 0.3743   0.2976E-04  0.1006E-04  0.3270E-04  0.0000E+00      -1   0.545E-04   20.00
  19  -180.0000   -6412.782 0.3747   0.3007E-04  0.1012E-04  0.1966E-03  0.0000E+00      -1   0.328E-03   20.00
  20  -190.0000   -6297.530 0.3757   0.3114E-04  0.1031E-04  0.6177E-03  0.0000E+00      -1   0.103E-02   20.00
  21  -200.0000   -6012.378 0.3787   0.3525E-04  0.1090E-04  0.1466E-02  0.0000E+00      -1   0.244E-02   20.00
  22  -210.0000   -5505.642 0.3848   0.4602E-04  0.1228E-04  0.2475E-02  0.0000E+00      -1   0.413E-02   20.00
  23  -220.0000   -4933.068 0.3918   0.5819E-04  0.1383E-04  0.3281E-02  0.0000E+00      -1   0.547E-02   20.00
  24  -230.0000   -4404.937 0.4000   0.8197E-04  0.1607E-04  0.4017E-02  0.0000E+00      -1   0.669E-02   20.00
  25  -240.0000   -3924.883 0.4078   0.1053E-03  0.1822E-04  0.4766E-02  0.0000E+00      -1   0.794E-02   20.00
  26  -250.0000   -3508.489 0.4162   0.1471E-03  0.2108E-04  0.5593E-02  0.0000E+00      -1   0.932E-02   20.00
  27  -260.0000   -3137.199 0.4241   0.1882E-03  0.2381E-04  0.6523E-02  0.0000E+00      -1   0.109E-01   20.00
  28  -270.0000   -2813.771 0.4326   0.2576E-03  0.2729E-04  0.7586E-02  0.0000E+00      -1   0.126E-01   20.00
  29  -280.0000   -2525.192 0.4406   0.3300E-03  0.3074E-04  0.8772E-02  0.0000E+00      -1   0.146E-01   20.00
  30  -290.0000   -2271.907 0.4490   0.4394E-03  0.3483E-04  0.1007E-01  0.0000E+00      -1   0.168E-01   20.00
  31  -300.0000   -2047.265 0.4572   0.5653E-03  0.3914E-04  0.1141E-01  0.0000E+00      -1   0.190E-01   20.00
  32  -310.0000   -1850.122 0.4651   0.7218E-03  0.4367E-04  0.1270E-01  0.0000E+00      -1   0.212E-01   20.00
  33  -320.0000   -1678.897 0.4731   0.9338E-03  0.4885E-04  0.1379E-01  0.0000E+00      -1   0.230E-01   20.00
  34  -330.0000   -1530.234 0.4802   0.1118E-02  0.5335E-04  0.1445E-01  0.0000E+00      -1   0.241E-01   20.00
  35  -340.0000   -1405.422 0.4876   0.1439E-02  0.5902E-04  0.1469E-01  0.0000E+00      -1   0.245E-01   20.00
  36  -350.0000   -1302.252 0.4938   0.1717E-02  0.6385E-04  0.1444E-01  0.0000E+00      -1   0.241E-01   20.00
  37  -360.0000   -1214.972 0.4991   0.1951E-02  0.6793E-04  0.1366E-01  0.0000E+00      -1   0.228E-01   20.00
  38  -370.0000   -1143.502 0.5044   0.2329E-02  0.7273E-04  0.1229E-01  0.0000E+00      -1   0.205E-01   20.00
  39  -380.0000   -1087.586 0.5087   0.2650E-02  0.7667E-04  0.1042E-01  0.0000E+00      -1   0.174E-01   20.00
  40  -390.0000   -1043.667 0.5121   0.2902E-02  0.7977E-04  0.8305E-02  0.0000E+00      -1   0.138E-01   20.00
  41  -400.0000   -1009.672 0.5147   0.3096E-02  0.8217E-04  0.6033E-02  0.0000E+00      -1   0.101E-01   20.00
  42  -410.0000    -984.308 0.5166   0.3242E-02  0.8396E-04  0.3700E-02  0.0000E+00      -1   0.617E-02   20.00
  43  -420.0000    -966.623 0.5180   0.3343E-02  0.8521E-04  0.1397E-02  0.0000E+00      -1   0.233E-02   20.00
  44  -430.0000    -955.841 0.5188   0.3405E-02  0.8597E-04 -0.9094E-03  0.0000E+00      -1  -0.152E-02   20.00
  45  -440.0000    -951.923 0.5192   0.3444E-02  0.8633E-04 -0.3159E-02  0.0000E+00      -1  -0.526E-02   20.00
  46  -450.0000    -954.271 0.5189   0.3416E-02  0.8609E-04 -0.5114E-02  0.0000E+00      -1  -0.852E-02   20.00
  47  -460.0000    -961.934 0.5183   0.3370E-02  0.8554E-04 -0.6555E-02  0.0000E+00      -1  -0.109E-01   20.00
  48  -470.0000    -973.261 0.5175   0.3305E-02  0.8474E-04 -0.7535E-02  0.0000E+00      -1  -0.126E-01   20.00
  49  -480.0000    -987.625 0.5164   0.3223E-02  0.8373E-04 -0.8236E-02  0.0000E+00      -1  -0.137E-01   20.00
  50  -490.0000   -1004.461 0.5151   0.3126E-02  0.8254E-04 -0.8687E-02  0.0000E+00      -1  -0.145E-01   20.00
  51  -500.0000   -1023.282 0.5136   0.3018E-02  0.8121E-04 -0.8929E-02  0.0000E+00      -1  -0.149E-01   20.00
  52  -510.0000   -1043.700 0.5121   0.2901E-02  0.7977E-04 -0.9004E-02  0.0000E+00      -1  -0.150E-01   20.00
  53  -520.0000   -1065.415 0.5104   0.2777E-02  0.7824E-04 -0.8950E-02  0.0000E+00      -1  -0.149E-01   20.00
  54  -530.0000   -1088.226 0.5087   0.2646E-02  0.7663E-04 -0.8804E-02  0.0000E+00      -1  -0.147E-01   20.00
  55  -540.0000   -1112.015 0.5068   0.2510E-02  0.7495E-04 -0.8590E-02  0.0000E+00      -1  -0.143E-01   20.00
  56  -550.0000   -1136.745 0.5049   0.2368E-02  0.7320E-04 -0.8332E-02  0.0000E+00      -1  -0.139E-01   20.00
  57  -560.0000   -1162.460 0.5030   0.2221E-02  0.7139E-04 -0.8044E-02  0.0000E+00      -1  -0.134E-01   20.00
  58  -570.0000   -1189.288 0.5009   0.2067E-02  0.6950E-04 -0.7737E-02  0.0000E+00      -1  -0.129E-01   20.00
  59  -580.0000   -1217.067 0.4990   0.1946E-02  0.6784E-04 -0.7454E-02  0.0000E+00      -1  -0.124E-01   20.00
  60  -590.0000   -1245.485 0.4973   0.1869E-02  0.6651E-04 -0.7206E-02  0.0000E+00      -1  -0.120E-01   20.00
  61  -600.0000   -1274.182 0.4955   0.1792E-02  0.6516E-04 -0.6965E-02  0.0000E+00      -1  -0.116E-01   20.00
  62  -610.0000   -1303.238 0.4938   0.1714E-02  0.6380E-04 -0.6730E-02  0.0000E+00      -1  -0.112E-01   20.00
  63  -620.0000   -1332.742 0.4920   0.1634E-02  0.6242E-04 -0.6499E-02  0.0000E+00      -1  -0.108E-01   20.00
  64  -630.0000   -1362.791 0.4902   0.1554E-02  0.6102E-04 -0.6269E-02  0.0000E+00      -1  -0.104E-01   20.00
  65  -640.0000   -1393.487 0.4883   0.1471E-02  0.5958E-04 -0.6039E-02  0.0000E+00      -1  -0.101E-01   20.00
  66  -650.0000   -1424.945 0.4864   0.1386E-02  0.5811E-04 -0.5805E-02  0.0000E+00      -1  -0.967E-02   20.00
  67  -660.0000   -1457.292 0.4844   0.1299E-02  0.5659E-04 -0.5563E-02  0.0000E+00      -1  -0.927E-02   20.00
  68  -670.0000   -1490.664 0.4824   0.1209E-02  0.5503E-04 -0.5309E-02  0.0000E+00      -1  -0.885E-02   20.00
  69  -680.0000   -1525.028 0.4804   0.1124E-02  0.5351E-04 -0.5065E-02  0.0000E+00      -1  -0.844E-02   20.00
  70  -690.0000   -1559.934 0.4788   0.1081E-02  0.5245E-04 -0.4826E-02  0.0000E+00      -1  -0.804E-02   20.00
  71  -700.0000   -1594.281 0.4771   0.1039E-02  0.5141E-04 -0.4552E-02  0.0000E+00      -1  -0.759E-02   20.00
  72  -710.0000   -1627.527 0.4756   0.9975E-03  0.5040E-04 -0.4220E-02  0.0000E+00      -1  -0.703E-02   20.00
  73  -720.0000   -1658.806 0.4741   0.9587E-03  0.4946E-04 -0.3812E-02  0.0000E+00      -1  -0.635E-02   20.00
  74  -730.0000   -1686.898 0.4728   0.9239E-03  0.4861E-04 -0.3314E-02  0.0000E+00      -1  -0.552E-02   20.00
  75  -740.0000   -1710.351 0.4717   0.8949E-03  0.4790E-04 -0.2734E-02  0.0000E+00      -1  -0.456E-02   20.00
  76  -750.0000   -1727.799 0.4708   0.8733E-03  0.4737E-04 -0.2107E-02  0.0000E+00      -1  -0.351E-02   20.00
  77  -760.0000   -1738.413 0.4703   0.8601E-03  0.4705E-04 -0.1486E-02  0.0000E+00      -1  -0.248E-02   20.00
  78  -770.0000   -1742.238 0.4702   0.8554E-03  0.4693E-04 -0.9328E-03  0.0000E+00      -1  -0.155E-02   20.00
  79  -780.0000   -1740.172 0.4703   0.8580E-03  0.4700E-04 -0.4876E-03  0.0000E+00      -1  -0.813E-03   20.00
  80  -790.0000   -1733.601 0.4706   0.8661E-03  0.4720E-04 -0.1631E-03  0.0000E+00      -1  -0.272E-03   20.00
  81  -800.0000   -1723.953 0.4710   0.8780E-03  0.4749E-04  0.5295E-04  0.0000E+00      -1   0.882E-04   20.00
  82  -810.0000   -1712.410 0.4716   0.8923E-03  0.4784E-04  0.1856E-03  0.0000E+00      -1   0.309E-03   20.00
  83  -820.0000   -1699.805 0.4722   0.9080E-03  0.4822E-04  0.2608E-03  0.0000E+00      -1   0.435E-03   20.00
  84  -830.0000   -1686.670 0.4728   0.9242E-03  0.4862E-04  0.3000E-03  0.0000E+00      -1   0.500E-03   20.00
  85  -840.0000   -1673.314 0.4734   0.9408E-03  0.4902E-04  0.3181E-03  0.0000E+00      -1   0.530E-03   20.00
  86  -850.0000   -1659.908 0.4740   0.9574E-03  0.4942E-04  0.3244E-03  0.0000E+00      -1   0.541E-03   20.00
  87  -860.0000   -1646.537 0.4747   0.9739E-03  0.4983E-04  0.3242E-03  0.0000E+00      -1   0.540E-03   20.00
  88  -870.0000   -1633.250 0.4753   0.9904E-03  0.5023E-04  0.3202E-03  0.0000E+00      -1   0.534E-03   20.00
  89  -880.0000   -1620.069 0.4759   0.1007E-02  0.5063E-04  0.3140E-03  0.0000E+00      -1   0.523E-03   20.00
  90  -890.0000   -1607.011 0.4765   0.1023E-02  0.5103E-04  0.3055E-03  0.0000E+00      -1   0.509E-03   20.00
  91  -900.0000   -1594.094 0.4772   0.1039E-02  0.5142E-04  0.2939E-03  0.0000E+00      -1   0.490E-03   20.00
  92  -910.0000   -1581.352 0.4778   0.1055E-02  0.5180E-04  0.2771E-03  0.0000E+00      -1   0.462E-03   20.00
  93  -920.0000   -1568.836 0.4783   0.1070E-02  0.5218E-04  0.2520E-03  0.0000E+00      -1   0.420E-03   20.00
  94  -930.0000   -1556.639 0.4789   0.1085E-02  0.5255E-04  0.2133E-03  0.0000E+00      -1   0.355E-03   20.00
  95  -940.0000   -1544.902 0.4795   0.1100E-02  0.5291E-04  0.1540E-03  0.0000E+00      -1   0.257E-03   20.00
  96  -950.0000   -1533.834 0.4800   0.1113E-02  0.5324E-04  0.6596E-04  0.0000E+00      -1   0.110E-03   20.00
  97  -960.0000   -1523.712 0.4805   0.1126E-02  0.5355E-04 -0.5858E-04  0.0000E+00      -1  -0.976E-04   20.00
  98  -970.0000   -1514.864 0.4810   0.1144E-02  0.5390E-04 -0.2517E-03  0.0000E+00      -1  -0.419E-03   20.00
  99  -980.0000   -1508.094 0.4814   0.1163E-02  0.5421E-04 -0.5201E-03  0.0000E+00      -1  -0.867E-03   20.00
 100  -990.0000   -1503.808 0.4816   0.1174E-02  0.5441E-04 -0.8347E-03  0.0000E+00      -1  -0.139E-02   20.00
 101 -1000.0000   -1502.326 0.4817   0.1178E-02  0.5448E-04 -0.1002E-02  0.0000E+00      -1  -0.167E-02   20.00
end


 Time:       50.0000


 Node      Depth      Head Moisture       K          C         Flux        Sink         Kappa   v/KsTop   Temp
           [L]        [L]    [-]        [L/T]      [1/L]      [L/T]        [1/T]         [-]      [-]      [C]

   1     0.0000       0.000 0.7523   0.6000E+00  0.0000E+00 -0.6460E+00  0.0000E+00      -1  -0.108E+01   20.00
   2   -10.0000      -6.449 0.7508   0.1855E+00  0.2889E-03 -0.6439E+00  0.0000E+00      -1  -0.107E+01   20.00
   3   -20.0000     -49.304 0.7352   0.5732E-01  0.3916E-03 -0.6207E+00  0.0000E+00      -1  -0.103E+01   20.00
   4   -30.0000    -221.881 0.6756   0.8370E-02  0.2881E-03 -0.5127E+00  0.0000E+00      -1  -0.855E+00   20.00
   5   -40.0000   -1201.691 0.5407   0.2337E-03  0.7150E-04 -0.2545E+00  0.0000E+00      -1  -0.424E+00   20.00
   6   -50.0000   -8261.767 0.3978   0.1865E-05  0.7531E-05 -0.4125E-01  0.0000E+00      -1  -0.687E-01   20.00
   7   -60.0000   -7542.541 0.3643   0.1964E-04  0.8274E-05  0.1122E-02  0.0000E+00      -1   0.187E-02   20.00
   8   -70.0000   -6879.507 0.3704   0.2576E-04  0.9357E-05  0.1105E-02  0.0000E+00      -1   0.184E-02   20.00
   9   -80.0000   -6600.253 0.3729   0.2834E-04  0.9812E-05  0.4980E-03  0.0000E+00      -1   0.830E-03   20.00
  10   -90.0000   -6497.375 0.3739   0.2929E-04  0.9980E-05  0.1661E-03  0.0000E+00      -1   0.277E-03   20.00
  11  -100.0000   -6465.432 0.3742   0.2958E-04  0.1003E-04  0.2797E-04  0.0000E+00      -1   0.466E-04   20.00
  12  -110.0000   -6458.355 0.3742   0.2965E-04  0.1004E-04 -0.1702E-04  0.0000E+00      -1  -0.284E-04   20.00
  13  -120.0000   -6456.913 0.3742   0.2966E-04  0.1005E-04 -0.2712E-04  0.0000E+00      -1  -0.452E-04   20.00
  14  -130.0000   -6456.642 0.3743   0.2967E-04  0.1005E-04 -0.2912E-04  0.0000E+00      -1  -0.485E-04   20.00
  15  -140.0000   -6456.544 0.3743   0.2967E-04  0.1005E-04 -0.2861E-04  0.0000E+00      -1  -0.477E-04   20.00
  16  -150.0000   -6455.931 0.3743   0.2967E-04  0.1005E-04 -0.2391E-04  0.0000E+00      -1  -0.399E-04   20.00
  17  -160.0000   -6452.661 0.3743   0.2970E-04  0.1005E-04  0.2778E-05  0.0000E+00      -1   0.463E-05   20.00
  18  -170.0000   -6434.089 0.3745   0.2987E-04  0.1008E-04  0.7740E-04  0.0000E+00      -1   0.129E-03   20.00
  19  -180.0000   -6381.173 0.3749   0.3036E-04  0.1017E-04  0.2819E-03  0.0000E+00      -1   0.470E-03   20.00
  20  -190.0000   -6231.256 0.3763   0.3175E-04  0.1041E-04  0.7302E-03  0.0000E+00      -1   0.122E-02   20.00
  21  -200.0000   -5923.439 0.3798   0.3714E-04  0.1115E-04  0.1537E-02  0.0000E+00      -1   0.256E-02   20.00
  22  -210.0000   -5430.237 0.3858   0.4763E-04  0.1248E-04  0.2487E-02  0.0000E+00      -1   0.415E-02   20.00
  23  -220.0000   -4873.680 0.3925   0.5945E-04  0.1399E-04  0.3290E-02  0.0000E+00      -1   0.548E-02   20.00
  24  -230.0000   -4355.547 0.4008   0.8438E-04  0.1629E-04  0.4073E-02  0.0000E+00      -1   0.679E-02   20.00
  25  -240.0000   -3877.766 0.4085   0.1076E-03  0.1844E-04  0.4869E-02  0.0000E+00      -1   0.811E-02   20.00
  26  -250.0000   -3463.705 0.4172   0.1520E-03  0.2141E-04  0.5741E-02  0.0000E+00      -1   0.957E-02   20.00
  27  -260.0000   -3092.452 0.4251   0.1932E-03  0.2414E-04  0.6727E-02  0.0000E+00      -1   0.112E-01   20.00
  28  -270.0000   -2769.917 0.4338   0.2686E-03  0.2781E-04  0.7820E-02  0.0000E+00      -1   0.130E-01   20.00
  29  -280.0000   -2483.345 0.4418   0.3404E-03  0.3124E-04  0.8999E-02  0.0000E+00      -1   0.150E-01   20.00
  30  -290.0000   -2234.239 0.4503   0.4605E-03  0.3556E-04  0.1023E-01  0.0000E+00      -1   0.171E-01   20.00
  31  -300.0000   -2015.504 0.4583   0.5831E-03  0.3975E-04  0.1143E-01  0.0000E+00      -1   0.190E-01   20.00
  32  -310.0000   -1826.174 0.4662   0.7515E-03  0.4439E-04  0.1245E-01  0.0000E+00      -1   0.208E-01   20.00
  33  -320.0000   -1664.227 0.4738   0.9520E-03  0.4929E-04  0.1321E-01  0.0000E+00      -1   0.220E-01   20.00
  34  -330.0000   -1524.462 0.4804   0.1125E-02  0.5352E-04  0.1355E-01  0.0000E+00      -1   0.226E-01   20.00
  35  -340.0000   -1407.863 0.4874   0.1432E-02  0.5891E-04  0.1350E-01  0.0000E+00      -1   0.225E-01   20.00
  36  -350.0000   -1312.270 0.4932   0.1690E-02  0.6338E-04  0.1303E-01  0.0000E+00      -1   0.217E-01   20.00
  37  -360.0000   -1231.636 0.4981   0.1907E-02  0.6715E-04  0.1220E-01  0.0000E+00      -1   0.203E-01   20.00
  38  -370.0000   -1164.801 0.5028   0.2207E-02  0.7123E-04  0.1090E-01  0.0000E+00      -1   0.182E-01   20.00
  39  -380.0000   -1111.922 0.5068   0.2510E-02  0.7496E-04  0.9246E-02  0.0000E+00      -1   0.154E-01   20.00
  40  -390.0000   -1070.067 0.5100   0.2750E-02  0.7791E-04  0.7437E-02  0.0000E+00      -1   0.124E-01   20.00
  41  -400.0000   -1037.228 0.5126   0.2938E-02  0.8023E-04  0.5515E-02  0.0000E+00      -1   0.919E-02   20.00
  42  -410.0000   -1012.169 0.5145   0.3082E-02  0.8199E-04  0.3540E-02  0.0000E+00      -1   0.590E-02   20.00
  43  -420.0000    -994.042 0.5159   0.3186E-02  0.8327E-04  0.1571E-02  0.0000E+00      -1   0.262E-02   20.00
  44  -430.0000    -982.197 0.5168   0.3254E-02  0.8411E-04 -0.3277E-03  0.0000E+00      -1  -0.546E-03   20.00
  45  -440.0000    -976.016 0.5173   0.3289E-02  0.8454E-04 -0.2087E-02  0.0000E+00      -1  -0.348E-02   20.00
  46  -450.0000    -974.898 0.5173   0.3296E-02  0.8462E-04 -0.3655E-02  0.0000E+00      -1  -0.609E-02   20.00
  47  -460.0000    -978.246 0.5171   0.3277E-02  0.8439E-04 -0.5016E-02  0.0000E+00      -1  -0.836E-02   20.00
  48  -470.0000    -985.591 0.5165   0.3234E-02  0.8387E-04 -0.6168E-02  0.0000E+00      -1  -0.103E-01   20.00
  49  -480.0000    -996.475 0.5157   0.3172E-02  0.8310E-04 -0.7085E-02  0.0000E+00      -1  -0.118E-01   20.00
  50  -490.0000   -1010.355 0.5146   0.3092E-02  0.8212E-04 -0.7747E-02  0.0000E+00      -1  -0.129E-01   20.00
  51  -500.0000   -1026.671 0.5134   0.2999E-02  0.8097E-04 -0.8181E-02  0.0000E+00      -1  -0.136E-01   20.00
  52  -510.0000   -1044.999 0.5120   0.2894E-02  0.7968E-04 -0.8439E-02  0.0000E+00      -1  -0.141E-01   20.00
  53  -520.0000   -1065.077 0.5104   0.2779E-02  0.7826E-04 -0.8555E-02  0.0000E+00      -1  -0.143E-01   20.00
  54  -530.0000   -1086.654 0.5088   0.2655E-02  0.7674E-04 -0.8534E-02  0.0000E+00      -1  -0.142E-01   20.00
  55  -540.0000   -1109.434 0.5070   0.2525E-02  0.7513E-04 -0.8416E-02  0.0000E+00      -1  -0.140E-01   20.00
  56  -550.0000   -1133.402 0.5052   0.2387E-02  0.7344E-04 -0.8252E-02  0.0000E+00      -1  -0.138E-01   20.00
  57  -560.0000   -1158.659 0.5033   0.2242E-02  0.7166E-04 -0.8042E-02  0.0000E+00      -1  -0.134E-01   20.00
  58  -570.0000   -1185.235 0.5012   0.2090E-02  0.6978E-04 -0.7777E-02  0.0000E+00      -1  -0.130E-01   20.00
  59  -580.0000   -1212.941 0.4992   0.1957E-02  0.6803E-04 -0.7507E-02  0.0000E+00      -1  -0.125E-01   20.00
  60  -590.0000   -1241.428 0.4975   0.1880E-02  0.6670E-04 -0.7261E-02  0.0000E+00      -1  -0.121E-01   20.00
  61  -600.0000   -1270.190 0.4958   0.1803E-02  0.6535E-04 -0.7018E-02  0.0000E+00      -1  -0.117E-01   20.00
  62  -610.0000   -1299.296 0.4940   0.1725E-02  0.6399E-04 -0.6779E-02  0.0000E+00      -1  -0.113E-01   20.00
  63  -620.0000   -1328.834 0.4922   0.1645E-02  0.6260E-04 -0.6545E-02  0.0000E+00      -1  -0.109E-01   20.00
  64  -630.0000   -1358.898 0.4904   0.1564E-02  0.6120E-04 -0.6312E-02  0.0000E+00      -1  -0.105E-01   20.00
  65  -640.0000   -1389.581 0.4885   0.1482E-02  0.5976E-04 -0.6072E-02  0.0000E+00      -1  -0.101E-01   20.00
  66  -650.0000   -1420.904 0.4866   0.1397E-02  0.5830E-04 -0.5822E-02  0.0000E+00      -1  -0.970E-02   20.00
  67  -660.0000   -1452.970 0.4847   0.1311E-02  0.5679E-04 -0.5568E-02  0.0000E+00      -1  -0.928E-02   20.00
  68  -670.0000   -1485.914 0.4827   0.1222E-02  0.5525E-04 -0.5301E-02  0.0000E+00      -1  -0.883E-02   20.00
  69  -680.0000   -1519.787 0.4807   0.1131E-02  0.5367E-04 -0.5038E-02  0.0000E+00      -1  -0.840E-02   20.00
  70  -690.0000   -1554.056 0.4790   0.1088E-02  0.5263E-04 -0.4780E-02  0.0000E+00      -1  -0.797E-02   20.00
  71  -700.0000   -1587.588 0.4775   0.1047E-02  0.5161E-04 -0.4479E-02  0.0000E+00      -1  -0.746E-02   20.00
  72  -710.0000   -1619.547 0.4759   0.1007E-02  0.5065E-04 -0.4117E-02  0.0000E+00      -1  -0.686E-02   20.00
  73  -720.0000   -1649.220 0.4745   0.9706E-03  0.4975E-04 -0.3711E-02  0.0000E+00      -1  -0.619E-02   20.00
  74  -730.0000   -1675.894 0.4733   0.9376E-03  0.4894E-04 -0.3239E-02  0.0000E+00      -1  -0.540E-02   20.00
  75  -740.0000   -1698.143 0.4722   0.9100E-03  0.4827E-04 -0.2705E-02  0.0000E+00      -1  -0.451E-02   20.00
  76  -750.0000   -1715.175 0.4714   0.8889E-03  0.4775E-04 -0.2157E-02  0.0000E+00      -1  -0.359E-02   20.00
  77  -760.0000   -1726.510 0.4709   0.8749E-03  0.4741E-04 -0.1613E-02  0.0000E+00      -1  -0.269E-02   20.00
  78  -770.0000   -1731.945 0.4706   0.8682E-03  0.4725E-04 -0.1107E-02  0.0000E+00      -1  -0.185E-02   20.00
  79  -780.0000   -1731.960 0.4706   0.8681E-03  0.4724E-04 -0.6758E-03  0.0000E+00      -1  -0.113E-02   20.00
  80  -790.0000   -1727.498 0.4709   0.8737E-03  0.4738E-04 -0.3441E-03  0.0000E+00      -1  -0.574E-03   20.00
  81  -800.0000   -1719.842 0.4712   0.8831E-03  0.4761E-04 -0.9847E-04  0.0000E+00      -1  -0.164E-03   20.00
  82  -810.0000   -1709.741 0.4717   0.8956E-03  0.4792E-04  0.6744E-04  0.0000E+00      -1   0.112E-03   20.00
  83  -820.0000   -1698.347 0.4722   0.9098E-03  0.4826E-04  0.1679E-03  0.0000E+00      -1   0.280E-03   20.00
  84  -830.0000   -1686.059 0.4728   0.9250E-03  0.4863E-04  0.2437E-03  0.0000E+00      -1   0.406E-03   20.00
  85  -840.0000   -1673.084 0.4734   0.9410E-03  0.4903E-04  0.2926E-03  0.0000E+00      -1   0.488E-03   20.00
  86  -850.0000   -1659.843 0.4740   0.9574E-03  0.4943E-04  0.3129E-03  0.0000E+00      -1   0.521E-03   20.00
  87  -860.0000   -1646.549 0.4747   0.9739E-03  0.4983E-04  0.3182E-03  0.0000E+00      -1   0.530E-03   20.00
  88  -870.0000   -1633.309 0.4753   0.9903E-03  0.5023E-04  0.3160E-03  0.0000E+00      -1   0.527E-03   20.00
  89  -880.0000   -1620.166 0.4759   0.1007E-02  0.5063E-04  0.3098E-03  0.0000E+00      -1   0.516E-03   20.00
  90  -890.0000   -1607.153 0.4765   0.1023E-02  0.5102E-04  0.2997E-03  0.0000E+00      -1   0.499E-03   20.00
  91  -900.0000   -1594.303 0.4771   0.1039E-02  0.5141E-04  0.2844E-03  0.0000E+00      -1   0.474E-03   20.00
  92  -910.0000   -1581.674 0.4777   0.1054E-02  0.5179E-04  0.2595E-03  0.0000E+00      -1   0.433E-03   20.00
  93  -920.0000   -1569.377 0.4783   0.1069E-02  0.5216E-04  0.2159E-03  0.0000E+00      -1   0.360E-03   20.00
  94  -930.0000   -1557.632 0.4789   0.1084E-02  0.5252E-04  0.1518E-03  0.0000E+00      -1   0.253E-03   20.00
  95  -940.0000   -1546.571 0.4794   0.1098E-02  0.5285E-04  0.7344E-04  0.0000E+00      -1   0.122E-03   20.00
  96  -950.0000   -1536.289 0.4799   0.1110E-02  0.5317E-04 -0.2058E-04  0.0000E+00      -1  -0.343E-04   20.00
  97  -960.0000   -1526.937 0.4803   0.1122E-02  0.5345E-04 -0.1483E-03  0.0000E+00      -1  -0.247E-03   20.00
  98  -970.0000   -1518.927 0.4807   0.1133E-02  0.5371E-04 -0.3396E-03  0.0000E+00      -1  -0.566E-03   20.00
  99  -980.0000   -1512.912 0.4811   0.1150E-02  0.5399E-04 -0.5815E-03  0.0000E+00      -1  -0.969E-03   20.00
 100  -990.0000   -1509.044 0.4813   0.1160E-02  0.5417E-04 -0.8569E-03  0.0000E+00      -1  -0.143E-02   20.00
 101 -1000.0000   -1507.701 0.4814   0.1164E-02  0.5423E-04 -0.1006E-02  0.0000E+00      -1  -0.168E-02   20.00
end
