 ******* Program HYDRUS
 ******* 
 Welcome to HYDRUS-1D                                                    
 Date:  30.10.    Time:   4:48:38
 Units: L = mm   , T = min  , M = mmol 



                               Node(  1)                      Node( 11)                      Node( 31)                      Node( 51)                      Node(101)

         time            h        theta    Flux           h        theta    Flux           h        theta    Flux           h        theta    Flux           h        theta    Flux  
         10.0001   -12368.14  0.3739 -0.620E+00      -6456.64  0.3743 -0.297E-04      -2158.58  0.4531  0.102E-01      -1028.57  0.5132 -0.983E-02      -1469.60  0.4837 -0.125E-02
         10.0002   -12365.20  0.3740 -0.620E+00      -6456.64  0.3743 -0.297E-04      -2158.58  0.4531  0.102E-01      -1028.57  0.5132 -0.983E-02      -1469.60  0.4837 -0.125E-02
         10.0003   -12360.98  0.3740 -0.620E+00      -6456.64  0.3743 -0.297E-04      -2158.58  0.4531  0.102E-01      -1028.57  0.5132 -0.983E-02      -1469.60  0.4837 -0.878E-03
         10.0005   -12355.76  0.3740 -0.620E+00      -6456.64  0.3743 -0.297E-04      -2158.58  0.4531  0.102E-01      -1028.57  0.5132 -0.983E-02      -1469.60  0.4837 -0.155E-02
         10.0008   -12347.90  0.3740 -0.620E+00      -6456.64  0.3743 -0.297E-04      -2158.57  0.4531  0.102E-01      -1028.57  0.5132 -0.983E-02      -1469.60  0.4837 -0.155E-02
         10.0010   -12340.05  0.3740 -0.620E+00      -6456.64  0.3743 -0.297E-04      -2158.57  0.4531  0.102E-01      -1028.57  0.5132 -0.983E-02      -1469.60  0.4837 -0.155E-02
         10.0011   -12335.63  0.3741 -0.860E+00      -6456.64  0.3743 -0.297E-04      -2158.57  0.4531  0.102E-01      -1028.57  0.5132 -0.983E-02      -1469.60  0.4837 -0.125E-02
         10.0012   -12330.04  0.3741 -0.860E+00      -6456.64  0.3743 -0.297E-04      -2158.57  0.4531  0.102E-01      -1028.57  0.5132 -0.983E-02      -1469.60  0.4837 -0.908E-03
         10.0014   -12324.25  0.3741 -0.860E+00      -6456.64  0.3743 -0.297E-04      -2158.57  0.4531  0.102E-01      -1028.57  0.5132 -0.983E-02      -1469.61  0.4837 -0.152E-02
         10.0016   -12316.92  0.3742 -0.860E+00      -6456.64  0.3743 -0.297E-04      -2158.57  0.4531  0.102E-01      -1028.57  0.5132 -0.983E-02      -1469.61  0.4837 -0.112E-02
         10.0019   -12307.55  0.3742 -0.860E+00      -6456.64  0.3743 -0.297E-04      -2158.57  0.4531  0.102E-01      -1028.57  0.5132 -0.983E-02      -1469.61  0.4837 -0.133E-02
         10.0023   -12295.36  0.3743 -0.860E+00      -6456.64  0.3743 -0.297E-04      -2158.57  0.4531  0.102E-01      -1028.57  0.5132 -0.983E-02      -1469.61  0.4837 -0.137E-02
         10.0028   -12279.53  0.3744 -0.860E+00      -6456.64  0.3743 -0.297E-04      -2158.57  0.4531  0.102E-01      -1028.57  0.5132 -0.983E-02      -1469.61  0.4837 -0.131E-02
         10.0034   -12258.95  0.3745 -0.860E+00      -6456.64  0.3743 -0.297E-04      -2158.57  0.4531  0.102E-01      -1028.57  0.5132 -0.983E-02      -1469.62  0.4837 -0.119E-02
         10.0042   -12232.20  0.3746 -0.860E+00      -6456.64  0.3743 -0.297E-04      -2158.56  0.4531  0.102E-01      -1028.57  0.5132 -0.983E-02      -1469.62  0.4837 -0.122E-02
         10.0053   -12197.44  0.3748 -0.860E+00      -6456.64  0.3743 -0.297E-04      -2158.56  0.4531  0.102E-01      -1028.57  0.5132 -0.983E-02      -1469.62  0.4837 -0.131E-02
         10.0066   -12152.22  0.3750 -0.860E+00      -6456.64  0.3743 -0.297E-04      -2158.55  0.4531  0.102E-01      -1028.57  0.5132 -0.983E-02      -1469.63  0.4837 -0.128E-02
         10.0084   -12093.47  0.3753 -0.860E+00      -6456.64  0.3743 -0.297E-04      -2158.55  0.4531  0.102E-01      -1028.57  0.5132 -0.983E-02      -1469.64  0.4837 -0.126E-02
         10.0108   -12017.08  0.3757 -0.860E+00      -6456.64  0.3743 -0.297E-04      -2158.54  0.4531  0.102E-01      -1028.57  0.5132 -0.983E-02      -1469.65  0.4837 -0.124E-02
         10.0138   -11917.78  0.3762 -0.860E+00      -6456.64  0.3743 -0.297E-04      -2158.53  0.4531  0.102E-01      -1028.57  0.5132 -0.983E-02      -1469.67  0.4837 -0.125E-02
         10.0177   -11788.70  0.3769 -0.860E+00      -6456.64  0.3743 -0.297E-04      -2158.51  0.4531  0.102E-01      -1028.57  0.5132 -0.983E-02      -1469.69  0.4837 -0.125E-02
         10.0228   -11620.92  0.3778 -0.860E+00      -6456.64  0.3743 -0.297E-04      -2158.50  0.4531  0.102E-01      -1028.57  0.5132 -0.983E-02      -1469.71  0.4837 -0.126E-02
         10.0295   -11402.83  0.3790 -0.860E+00      -6456.64  0.3743 -0.297E-04      -2158.47  0.4531  0.102E-01      -1028.56  0.5132 -0.983E-02      -1469.74  0.4837 -0.126E-02
         10.0382   -11119.37  0.3804 -0.860E+00      -6456.64  0.3743 -0.297E-04      -2158.44  0.4531  0.102E-01      -1028.56  0.5132 -0.983E-02      -1469.79  0.4837 -0.125E-02
         10.0494   -10750.98  0.3824 -0.860E+00      -6456.64  0.3743 -0.297E-04      -2158.40  0.4531  0.102E-01      -1028.56  0.5132 -0.983E-02      -1469.84  0.4837 -0.125E-02
         10.0640   -10272.27  0.3849 -0.860E+00      -6456.64  0.3743 -0.297E-04      -2158.35  0.4531  0.102E-01      -1028.55  0.5132 -0.983E-02      -1469.91  0.4837 -0.125E-02
         10.0830    -9683.14  0.3881 -0.860E+00      -6456.64  0.3743 -0.297E-04      -2158.28  0.4531  0.102E-01      -1028.54  0.5132 -0.983E-02      -1470.00  0.4837 -0.125E-02
         10.1077    -9087.19  0.3924 -0.860E+00      -6456.64  0.3743 -0.297E-04      -2158.20  0.4531  0.102E-01      -1028.54  0.5132 -0.983E-02      -1470.12  0.4837 -0.125E-02
         10.1398    -8278.46  0.3979 -0.860E+00      -6456.64  0.3743 -0.297E-04      -2158.08  0.4531  0.102E-01      -1028.52  0.5132 -0.983E-02      -1470.26  0.4837 -0.125E-02
         10.1816    -7391.83  0.4050 -0.860E+00      -6456.64  0.3743 -0.297E-04      -2157.94  0.4531  0.102E-01      -1028.51  0.5132 -0.983E-02      -1470.46  0.4836 -0.125E-02
         10.2359    -6384.00  0.4143 -0.860E+00      -6456.64  0.3743 -0.297E-04      -2157.74  0.4531  0.102E-01      -1028.49  0.5132 -0.983E-02      -1470.70  0.4836 -0.125E-02
         10.3064    -5363.88  0.4262 -0.860E+00      -6456.64  0.3743 -0.297E-04      -2157.49  0.4531  0.102E-01      -1028.46  0.5132 -0.983E-02      -1471.01  0.4836 -0.125E-02
         10.3982    -4287.67  0.4414 -0.860E+00      -6456.64  0.3743 -0.297E-04      -2157.17  0.4532  0.103E-01      -1028.43  0.5132 -0.983E-02      -1471.39  0.4836 -0.125E-02
         10.5174    -3284.86  0.4604 -0.860E+00      -6456.64  0.3743 -0.297E-04      -2156.74  0.4532  0.103E-01      -1028.38  0.5132 -0.983E-02      -1471.87  0.4836 -0.125E-02
         10.6367    -2596.87  0.4781 -0.860E+00      -6456.64  0.3743 -0.297E-04      -2156.32  0.4532  0.103E-01      -1028.34  0.5132 -0.983E-02      -1472.33  0.4835 -0.125E-02
         10.7559    -2123.07  0.4939 -0.860E+00      -6456.64  0.3743 -0.297E-04      -2155.89  0.4532  0.103E-01      -1028.29  0.5132 -0.983E-02      -1472.77  0.4835 -0.125E-02
         10.8752    -1805.83  0.5077 -0.860E+00      -6456.64  0.3743 -0.297E-04      -2155.46  0.4532  0.103E-01      -1028.25  0.5133 -0.983E-02      -1473.20  0.4835 -0.124E-02
         11.0302    -1489.66  0.5221 -0.860E+00      -6456.64  0.3743 -0.297E-04      -2154.91  0.4532  0.103E-01      -1028.19  0.5133 -0.983E-02      -1473.72  0.4834 -0.124E-02
         11.2318    -1265.85  0.5363 -0.860E+00      -6456.64  0.3743 -0.297E-04      -2154.18  0.4533  0.103E-01      -1028.12  0.5133 -0.983E-02      -1474.36  0.4834 -0.124E-02
         11.4333    -1108.96  0.5473 -0.860E+00      -6456.64  0.3743 -0.297E-04      -2153.45  0.4533  0.103E-01      -1028.04  0.5133 -0.983E-02      -1474.97  0.4834 -0.124E-02
         11.6953     -950.30  0.5598 -0.860E+00      -6456.64  0.3743 -0.297E-04      -2152.50  0.4533  0.103E-01      -1027.94  0.5133 -0.983E-02      -1475.70  0.4833 -0.124E-02
         12.0359     -818.29  0.5737 -0.860E+00      -6456.64  0.3743 -0.297E-04      -2151.26  0.4534  0.103E-01      -1027.82  0.5133 -0.983E-02      -1476.57  0.4833 -0.124E-02
         12.3765     -707.12  0.5861 -0.860E+00      -6456.64  0.3743 -0.297E-04      -2150.01  0.4534  0.104E-01      -1027.69  0.5133 -0.983E-02      -1477.38  0.4832 -0.124E-02
         12.7171     -615.18  0.5975 -0.860E+00      -6456.64  0.3743 -0.296E-04      -2148.76  0.4535  0.104E-01      -1027.56  0.5133 -0.984E-02      -1478.13  0.4832 -0.124E-02
         13.0577     -548.29  0.6076 -0.860E+00      -6456.64  0.3743 -0.296E-04      -2147.51  0.4535  0.104E-01      -1027.43  0.5133 -0.984E-02      -1478.83  0.4831 -0.123E-02
         13.3983     -490.28  0.6166 -0.860E+00      -6456.64  0.3743 -0.296E-04      -2146.25  0.4536  0.104E-01      -1027.30  0.5133 -0.984E-02      -1479.49  0.4831 -0.123E-02
         13.7389     -448.26  0.6242 -0.860E+00      -6456.64  0.3743 -0.296E-04      -2144.99  0.4536  0.104E-01      -1027.17  0.5133 -0.984E-02      -1480.11  0.4831 -0.123E-02
         14.0795     -412.70  0.6307 -0.860E+00      -6456.64  0.3743 -0.296E-04      -2143.73  0.4536  0.105E-01      -1027.03  0.5133 -0.984E-02      -1480.70  0.4830 -0.123E-02
         14.4201     -377.47  0.6374 -0.860E+00      -6456.64  0.3743 -0.296E-04      -2142.46  0.4537  0.105E-01      -1026.90  0.5134 -0.985E-02      -1481.26  0.4830 -0.123E-02
         14.8629     -347.07  0.6442 -0.860E+00      -6456.64  0.3743 -0.295E-04      -2140.81  0.4537  0.105E-01      -1026.73  0.5134 -0.985E-02      -1481.95  0.4829 -0.123E-02
         15.3056     -317.04  0.6509 -0.860E+00      -6456.64  0.3743 -0.295E-04      -2139.15  0.4538  0.105E-01      -1026.55  0.5134 -0.985E-02      -1482.60  0.4829 -0.123E-02
         15.7484     -292.00  0.6567 -0.860E+00      -6456.64  0.3743 -0.294E-04      -2137.49  0.4539  0.106E-01      -1026.38  0.5134 -0.986E-02      -1483.22  0.4829 -0.122E-02
         16.1736     -273.40  0.6616 -0.860E+00      -6456.65  0.3743 -0.294E-04      -2135.89  0.4539  0.106E-01      -1026.21  0.5134 -0.986E-02      -1483.79  0.4828 -0.122E-02
         16.5987     -255.49  0.6662 -0.860E+00      -6456.65  0.3743 -0.293E-04      -2134.29  0.4540  0.106E-01      -1026.04  0.5134 -0.986E-02      -1484.34  0.4828 -0.122E-02
         17.0239     -235.91  0.6712 -0.860E+00      -6456.65  0.3743 -0.292E-04      -2132.68  0.4540  0.106E-01      -1025.87  0.5134 -0.986E-02      -1484.86  0.4828 -0.122E-02
         17.6191     -219.96  0.6760 -0.860E+00      -6456.66  0.3743 -0.291E-04      -2130.43  0.4541  0.106E-01      -1025.63  0.5135 -0.987E-02      -1485.57  0.4827 -0.122E-02
         18.2143     -202.82  0.6811 -0.860E+00      -6456.67  0.3743 -0.289E-04      -2128.16  0.4542  0.107E-01      -1025.40  0.5135 -0.987E-02      -1486.24  0.4827 -0.122E-02
         18.8096     -188.50  0.6853 -0.860E+00      -6456.68  0.3743 -0.287E-04      -2125.89  0.4543  0.107E-01      -1025.16  0.5135 -0.987E-02      -1486.89  0.4826 -0.122E-02
         19.4048     -176.19  0.6892 -0.860E+00      -6456.69  0.3743 -0.285E-04      -2123.63  0.4544  0.107E-01      -1024.93  0.5135 -0.987E-02      -1487.52  0.4826 -0.121E-02
         20.0000     -165.49  0.6927 -0.860E+00      -6456.71  0.3743 -0.282E-04      -2121.38  0.4545  0.108E-01      -1024.71  0.5135 -0.986E-02      -1488.12  0.4826 -0.121E-02
         20.0001     -165.31  0.6927 -0.141E+00      -6456.71  0.3743 -0.282E-04      -2121.38  0.4545  0.108E-01      -1024.71  0.5135 -0.986E-02      -1488.12  0.4826 -0.906E-03
         20.0002     -165.41  0.6927 -0.140E+00      -6456.71  0.3743 -0.282E-04      -2121.38  0.4545  0.108E-01      -1024.71  0.5135 -0.986E-02      -1488.12  0.4826 -0.906E-03
         20.0004     -165.44  0.6927 -0.140E+00      -6456.71  0.3743 -0.282E-04      -2121.38  0.4545  0.108E-01      -1024.71  0.5135 -0.986E-02      -1488.12  0.4826 -0.906E-03
         20.0006     -165.55  0.6926 -0.140E+00      -6456.71  0.3743 -0.282E-04      -2121.38  0.4545  0.108E-01      -1024.71  0.5135 -0.986E-02      -1488.12  0.4826 -0.906E-03
         20.0009     -165.66  0.6926 -0.140E+00      -6456.71  0.3743 -0.282E-04      -2121.38  0.4545  0.108E-01      -1024.71  0.5135 -0.986E-02      -1488.12  0.4826 -0.143E-02
         20.0013     -165.82  0.6926 -0.140E+00      -6456.71  0.3743 -0.282E-04      -2121.38  0.4545  0.108E-01      -1024.71  0.5135 -0.986E-02      -1488.12  0.4826 -0.131E-02
         20.0018     -166.02  0.6925 -0.140E+00      -6456.71  0.3743 -0.282E-04      -2121.37  0.4545  0.108E-01      -1024.71  0.5135 -0.986E-02      -1488.12  0.4826 -0.121E-02
         20.0024     -166.29  0.6924 -0.140E+00      -6456.71  0.3743 -0.282E-04      -2121.37  0.4545  0.108E-01      -1024.71  0.5135 -0.986E-02      -1488.12  0.4826 -0.114E-02
         20.0032     -166.63  0.6923 -0.140E+00      -6456.71  0.3743 -0.282E-04      -2121.37  0.4545  0.108E-01      -1024.71  0.5135 -0.986E-02      -1488.12  0.4826 -0.127E-02
         20.0043     -167.06  0.6922 -0.140E+00      -6456.71  0.3743 -0.282E-04      -2121.36  0.4545  0.108E-01      -1024.71  0.5135 -0.986E-02      -1488.13  0.4826 -0.119E-02
         20.0056     -167.63  0.6920 -0.140E+00      -6456.71  0.3743 -0.282E-04      -2121.36  0.4545  0.108E-01      -1024.71  0.5135 -0.986E-02      -1488.13  0.4826 -0.123E-02
         20.0074     -168.35  0.6917 -0.140E+00      -6456.71  0.3743 -0.282E-04      -2121.35  0.4545  0.108E-01      -1024.71  0.5135 -0.986E-02      -1488.13  0.4826 -0.124E-02
         20.0098     -169.27  0.6914 -0.140E+00      -6456.71  0.3743 -0.282E-04      -2121.34  0.4545  0.108E-01      -1024.71  0.5135 -0.986E-02      -1488.13  0.4826 -0.123E-02
         20.0128     -170.44  0.6911 -0.140E+00      -6456.71  0.3743 -0.282E-04      -2121.33  0.4545  0.108E-01      -1024.71  0.5135 -0.986E-02      -1488.13  0.4826 -0.120E-02
         20.0167     -171.92  0.6906 -0.140E+00      -6456.71  0.3743 -0.282E-04      -2121.32  0.4545  0.108E-01      -1024.70  0.5135 -0.986E-02      -1488.14  0.4826 -0.121E-02
         20.0218     -173.78  0.6900 -0.140E+00      -6456.71  0.3743 -0.282E-04      -2121.30  0.4545  0.108E-01      -1024.70  0.5135 -0.986E-02      -1488.14  0.4826 -0.120E-02
         20.0285     -176.09  0.6892 -0.140E+00      -6456.71  0.3743 -0.282E-04      -2121.27  0.4545  0.108E-01      -1024.70  0.5135 -0.986E-02      -1488.15  0.4826 -0.122E-02
         20.0372     -178.93  0.6883 -0.140E+00      -6456.71  0.3743 -0.282E-04      -2121.24  0.4545  0.108E-01      -1024.70  0.5135 -0.986E-02      -1488.16  0.4826 -0.122E-02
         20.0484     -182.38  0.6872 -0.140E+00      -6456.71  0.3743 -0.282E-04      -2121.20  0.4545  0.108E-01      -1024.69  0.5135 -0.986E-02      -1488.17  0.4826 -0.121E-02
         20.0630     -186.49  0.6858 -0.140E+00      -6456.71  0.3743 -0.282E-04      -2121.14  0.4545  0.108E-01      -1024.69  0.5135 -0.986E-02      -1488.19  0.4826 -0.121E-02
         20.0820     -191.82  0.6842 -0.140E+00      -6456.71  0.3743 -0.282E-04      -2121.07  0.4545  0.108E-01      -1024.68  0.5135 -0.986E-02      -1488.20  0.4826 -0.121E-02
         20.1067     -198.03  0.6824 -0.140E+00      -6456.71  0.3743 -0.282E-04      -2120.98  0.4545  0.108E-01      -1024.67  0.5135 -0.986E-02      -1488.23  0.4826 -0.122E-02
         20.1388     -205.17  0.6803 -0.140E+00      -6456.71  0.3743 -0.282E-04      -2120.86  0.4545  0.108E-01      -1024.66  0.5135 -0.986E-02      -1488.26  0.4826 -0.121E-02
         20.1806     -213.15  0.6779 -0.140E+00      -6456.71  0.3743 -0.282E-04      -2120.70  0.4545  0.108E-01      -1024.64  0.5135 -0.986E-02      -1488.30  0.4826 -0.121E-02
         20.2349     -221.90  0.6753 -0.140E+00      -6456.71  0.3743 -0.281E-04      -2120.49  0.4545  0.108E-01      -1024.62  0.5135 -0.986E-02      -1488.36  0.4826 -0.121E-02
         20.3054     -231.31  0.6726 -0.140E+00      -6456.71  0.3743 -0.281E-04      -2120.23  0.4545  0.108E-01      -1024.60  0.5135 -0.986E-02      -1488.43  0.4826 -0.121E-02
         20.3972     -242.43  0.6695 -0.140E+00      -6456.72  0.3743 -0.280E-04      -2119.88  0.4545  0.108E-01      -1024.56  0.5135 -0.986E-02      -1488.52  0.4826 -0.121E-02
         20.5164     -254.97  0.6663 -0.140E+00      -6456.72  0.3743 -0.280E-04      -2119.43  0.4545  0.108E-01      -1024.52  0.5135 -0.986E-02      -1488.64  0.4825 -0.121E-02
         20.6715     -268.36  0.6628 -0.140E+00      -6456.72  0.3743 -0.279E-04      -2118.85  0.4545  0.108E-01      -1024.46  0.5135 -0.986E-02      -1488.79  0.4825 -0.121E-02
         20.8730     -282.41  0.6591 -0.140E+00      -6456.73  0.3743 -0.278E-04      -2118.09  0.4546  0.108E-01      -1024.39  0.5135 -0.986E-02      -1488.98  0.4825 -0.121E-02
         21.1350     -296.66  0.6554 -0.140E+00      -6456.74  0.3743 -0.277E-04      -2117.10  0.4546  0.108E-01      -1024.29  0.5136 -0.986E-02      -1489.23  0.4825 -0.121E-02
         21.4756     -312.70  0.6518 -0.140E+00      -6456.75  0.3743 -0.275E-04      -2115.82  0.4547  0.108E-01      -1024.17  0.5136 -0.985E-02      -1489.55  0.4825 -0.121E-02
         21.9184     -330.29  0.6479 -0.140E+00      -6456.77  0.3743 -0.272E-04      -2114.15  0.4547  0.108E-01      -1024.02  0.5136 -0.985E-02      -1489.96  0.4825 -0.121E-02
         22.4940     -346.85  0.6440 -0.140E+00      -6456.80  0.3743 -0.268E-04      -2111.98  0.4548  0.109E-01      -1023.82  0.5136 -0.984E-02      -1490.47  0.4824 -0.121E-02
         23.2446     -363.73  0.6405 -0.140E+00      -6456.85  0.3742 -0.262E-04      -2109.13  0.4549  0.109E-01      -1023.58  0.5136 -0.982E-02      -1491.12  0.4824 -0.121E-02
         24.2096     -377.89  0.6373 -0.140E+00      -6456.92  0.3742 -0.254E-04      -2105.46  0.4550  0.109E-01      -1023.30  0.5136 -0.980E-02      -1491.93  0.4823 -0.120E-02
         25.3677     -390.84  0.6349 -0.140E+00      -6457.04  0.3742 -0.242E-04      -2101.03  0.4552  0.110E-01      -1023.00  0.5137 -0.977E-02      -1492.86  0.4823 -0.120E-02
         26.9118     -401.79  0.6328 -0.140E+00      -6457.23  0.3742 -0.224E-04      -2095.10  0.4554  0.111E-01      -1022.67  0.5137 -0.971E-02      -1494.04  0.4822 -0.120E-02
         30.0000     -412.46  0.6308 -0.140E+00      -6457.79  0.3742 -0.184E-04      -2083.32  0.4558  0.112E-01      -1022.32  0.5137 -0.956E-02      -1496.20  0.4821 -0.119E-02
         30.0001     -412.22  0.6308 -0.191E+00      -6457.78  0.3742 -0.184E-04      -2083.32  0.4558  0.112E-01      -1022.33  0.5137 -0.956E-02      -1496.20  0.4821 -0.980E-03
         30.0002     -412.26  0.6308 -0.189E+00      -6457.78  0.3742 -0.184E-04      -2083.32  0.4558  0.112E-01      -1022.32  0.5137 -0.956E-02      -1496.20  0.4821 -0.980E-03
         30.0004     -412.21  0.6308 -0.189E+00      -6457.78  0.3742 -0.184E-04      -2083.32  0.4558  0.112E-01      -1022.33  0.5137 -0.956E-02      -1496.20  0.4821 -0.980E-03
         30.0006     -412.22  0.6308 -0.189E+00      -6457.78  0.3742 -0.184E-04      -2083.31  0.4558  0.112E-01      -1022.33  0.5137 -0.956E-02      -1496.20  0.4821 -0.980E-03
         30.0009     -412.19  0.6308 -0.190E+00      -6457.78  0.3742 -0.184E-04      -2083.31  0.4558  0.112E-01      -1022.33  0.5137 -0.956E-02      -1496.20  0.4821 -0.980E-03
         30.0013     -412.18  0.6308 -0.190E+00      -6457.78  0.3742 -0.184E-04      -2083.31  0.4558  0.112E-01      -1022.32  0.5137 -0.956E-02      -1496.20  0.4821 -0.138E-02
         30.0018     -412.15  0.6308 -0.190E+00      -6457.78  0.3742 -0.184E-04      -2083.31  0.4558  0.112E-01      -1022.33  0.5137 -0.956E-02      -1496.20  0.4821 -0.129E-02
         30.0024     -412.12  0.6308 -0.190E+00      -6457.78  0.3742 -0.184E-04      -2083.31  0.4558  0.112E-01      -1022.33  0.5137 -0.956E-02      -1496.21  0.4821 -0.122E-02
         30.0032     -412.08  0.6309 -0.190E+00      -6457.78  0.3742 -0.184E-04      -2083.31  0.4558  0.112E-01      -1022.33  0.5137 -0.956E-02      -1496.21  0.4821 -0.116E-02
         30.0043     -412.03  0.6309 -0.190E+00      -6457.78  0.3742 -0.184E-04      -2083.30  0.4558  0.112E-01      -1022.32  0.5137 -0.956E-02      -1496.21  0.4821 -0.112E-02
         30.0056     -411.96  0.6309 -0.190E+00      -6457.78  0.3742 -0.184E-04      -2083.30  0.4558  0.112E-01      -1022.33  0.5137 -0.956E-02      -1496.21  0.4821 -0.120E-02
         30.0074     -411.88  0.6309 -0.190E+00      -6457.78  0.3742 -0.184E-04      -2083.29  0.4558  0.112E-01      -1022.33  0.5137 -0.956E-02      -1496.21  0.4821 -0.115E-02
         30.0098     -411.76  0.6309 -0.190E+00      -6457.78  0.3742 -0.184E-04      -2083.28  0.4558  0.112E-01      -1022.33  0.5137 -0.956E-02      -1496.21  0.4821 -0.117E-02
         30.0128     -411.62  0.6309 -0.190E+00      -6457.79  0.3742 -0.184E-04      -2083.27  0.4558  0.112E-01      -1022.32  0.5137 -0.956E-02      -1496.21  0.4821 -0.118E-02
         30.0167     -411.43  0.6310 -0.190E+00      -6457.78  0.3742 -0.184E-04      -2083.25  0.4558  0.112E-01      -1022.32  0.5137 -0.956E-02      -1496.21  0.4821 -0.121E-02
         30.0218     -411.19  0.6310 -0.190E+00      -6457.78  0.3742 -0.184E-04      -2083.23  0.4558  0.112E-01      -1022.32  0.5137 -0.956E-02      -1496.22  0.4821 -0.118E-02
         30.0285     -410.88  0.6311 -0.190E+00      -6457.78  0.3742 -0.184E-04      -2083.21  0.4558  0.112E-01      -1022.32  0.5137 -0.956E-02      -1496.22  0.4821 -0.118E-02
         30.0372     -410.48  0.6312 -0.190E+00      -6457.78  0.3742 -0.184E-04      -2083.18  0.4558  0.112E-01      -1022.32  0.5137 -0.956E-02      -1496.23  0.4821 -0.119E-02
         30.0484     -409.97  0.6312 -0.190E+00      -6457.79  0.3742 -0.184E-04      -2083.13  0.4558  0.112E-01      -1022.32  0.5137 -0.956E-02      -1496.24  0.4821 -0.119E-02
         30.0630     -409.34  0.6314 -0.190E+00      -6457.79  0.3742 -0.184E-04      -2083.08  0.4559  0.112E-01      -1022.32  0.5137 -0.956E-02      -1496.25  0.4821 -0.119E-02
         30.0820     -408.54  0.6315 -0.190E+00      -6457.80  0.3742 -0.183E-04      -2083.01  0.4559  0.112E-01      -1022.32  0.5137 -0.956E-02      -1496.26  0.4821 -0.119E-02
         30.1067     -407.56  0.6317 -0.190E+00      -6457.80  0.3742 -0.183E-04      -2082.91  0.4559  0.112E-01      -1022.31  0.5137 -0.956E-02      -1496.28  0.4821 -0.119E-02
         30.1388     -406.36  0.6319 -0.190E+00      -6457.81  0.3742 -0.183E-04      -2082.79  0.4559  0.112E-01      -1022.31  0.5137 -0.956E-02      -1496.30  0.4821 -0.119E-02
         30.1806     -404.91  0.6322 -0.190E+00      -6457.81  0.3742 -0.182E-04      -2082.63  0.4559  0.112E-01      -1022.31  0.5137 -0.955E-02      -1496.33  0.4821 -0.119E-02
         30.2349     -403.19  0.6325 -0.190E+00      -6457.82  0.3742 -0.181E-04      -2082.42  0.4559  0.112E-01      -1022.30  0.5137 -0.955E-02      -1496.37  0.4821 -0.119E-02
         30.3054     -401.20  0.6329 -0.190E+00      -6457.84  0.3742 -0.180E-04      -2082.15  0.4559  0.112E-01      -1022.29  0.5137 -0.955E-02      -1496.42  0.4821 -0.119E-02
         30.3972     -398.94  0.6333 -0.190E+00      -6457.85  0.3742 -0.179E-04      -2081.80  0.4559  0.112E-01      -1022.28  0.5137 -0.954E-02      -1496.48  0.4821 -0.119E-02
         30.5164     -396.42  0.6338 -0.190E+00      -6457.87  0.3742 -0.178E-04      -2081.35  0.4559  0.112E-01      -1022.27  0.5137 -0.954E-02      -1496.56  0.4821 -0.119E-02
         30.6715     -393.66  0.6343 -0.190E+00      -6457.90  0.3742 -0.176E-04      -2080.76  0.4559  0.112E-01      -1022.26  0.5137 -0.953E-02      -1496.67  0.4821 -0.119E-02
         30.8730     -390.66  0.6349 -0.190E+00      -6457.94  0.3742 -0.173E-04      -2079.99  0.4560  0.112E-01      -1022.24  0.5137 -0.952E-02      -1496.81  0.4820 -0.119E-02
         31.1350     -387.38  0.6355 -0.190E+00      -6458.00  0.3742 -0.170E-04      -2079.00  0.4560  0.112E-01      -1022.22  0.5137 -0.951E-02      -1496.99  0.4820 -0.119E-02
         31.4756     -383.78  0.6362 -0.190E+00      -6458.07  0.3742 -0.165E-04      -2077.70  0.4560  0.112E-01      -1022.20  0.5137 -0.949E-02      -1497.22  0.4820 -0.119E-02
         31.9184     -379.72  0.6370 -0.190E+00      -6458.16  0.3742 -0.160E-04      -2076.03  0.4561  0.113E-01      -1022.18  0.5137 -0.946E-02      -1497.51  0.4820 -0.119E-02
         32.4940     -375.85  0.6377 -0.190E+00      -6458.29  0.3742 -0.152E-04      -2073.86  0.4562  0.113E-01      -1022.16  0.5137 -0.943E-02      -1497.89  0.4820 -0.119E-02
         33.2446     -372.09  0.6386 -0.190E+00      -6458.46  0.3742 -0.143E-04      -2071.04  0.4563  0.113E-01      -1022.16  0.5137 -0.939E-02      -1498.38  0.4820 -0.119E-02
         34.2096     -367.82  0.6395 -0.190E+00      -6458.70  0.3742 -0.133E-04      -2067.44  0.4564  0.113E-01      -1022.18  0.5137 -0.933E-02      -1498.99  0.4819 -0.118E-02
         35.3677     -363.29  0.6405 -0.190E+00      -6458.99  0.3742 -0.124E-04      -2063.17  0.4566  0.114E-01      -1022.25  0.5137 -0.926E-02      -1499.71  0.4819 -0.118E-02
         36.9118     -357.40  0.6418 -0.190E+00      -6459.35  0.3742 -0.122E-04      -2057.58  0.4568  0.114E-01      -1022.42  0.5137 -0.915E-02      -1500.64  0.4818 -0.118E-02
         40.0000     -345.39  0.6444 -0.190E+00      -6459.52  0.3742 -0.202E-04      -2046.85  0.4572  0.114E-01      -1023.04  0.5137 -0.894E-02      -1502.41  0.4817 -0.118E-02
         40.0001     -345.82  0.6444 -0.139E+00      -6459.54  0.3742 -0.199E-04      -2046.84  0.4572  0.114E-01      -1023.04  0.5137 -0.894E-02      -1502.41  0.4817 -0.100E-02
         40.0002     -345.72  0.6444 -0.140E+00      -6459.54  0.3742 -0.200E-04      -2046.84  0.4572  0.114E-01      -1023.04  0.5137 -0.894E-02      -1502.41  0.4817 -0.100E-02
         40.0004     -345.81  0.6444 -0.140E+00      -6459.54  0.3742 -0.199E-04      -2046.84  0.4572  0.114E-01      -1023.04  0.5137 -0.894E-02      -1502.41  0.4817 -0.100E-02
         40.0006     -345.78  0.6444 -0.140E+00      -6459.54  0.3742 -0.199E-04      -2046.83  0.4572  0.114E-01      -1023.04  0.5137 -0.894E-02      -1502.41  0.4817 -0.100E-02
         40.0009     -345.81  0.6444 -0.140E+00      -6459.54  0.3742 -0.199E-04      -2046.83  0.4572  0.114E-01      -1023.04  0.5137 -0.894E-02      -1502.41  0.4817 -0.100E-02
         40.0013     -345.82  0.6444 -0.140E+00      -6459.54  0.3742 -0.199E-04      -2046.83  0.4572  0.114E-01      -1023.04  0.5137 -0.894E-02      -1502.41  0.4817 -0.100E-02
         40.0018     -345.85  0.6444 -0.140E+00      -6459.54  0.3742 -0.199E-04      -2046.83  0.4572  0.114E-01      -1023.04  0.5137 -0.894E-02      -1502.41  0.4817 -0.131E-02
         40.0024     -345.87  0.6444 -0.140E+00      -6459.54  0.3742 -0.199E-04      -2046.83  0.4572  0.114E-01      -1023.04  0.5137 -0.894E-02      -1502.41  0.4817 -0.124E-02
         40.0032     -345.90  0.6444 -0.140E+00      -6459.54  0.3742 -0.199E-04      -2046.83  0.4572  0.114E-01      -1023.04  0.5137 -0.894E-02      -1502.41  0.4817 -0.119E-02
         40.0043     -345.95  0.6444 -0.140E+00      -6459.54  0.3742 -0.199E-04      -2046.82  0.4572  0.114E-01      -1023.04  0.5137 -0.894E-02      -1502.41  0.4817 -0.114E-02
         40.0056     -346.00  0.6444 -0.140E+00      -6459.54  0.3742 -0.199E-04      -2046.82  0.4572  0.114E-01      -1023.04  0.5137 -0.894E-02      -1502.41  0.4817 -0.122E-02
         40.0074     -346.08  0.6444 -0.140E+00      -6459.54  0.3742 -0.200E-04      -2046.81  0.4572  0.114E-01      -1023.04  0.5137 -0.894E-02      -1502.41  0.4817 -0.117E-02
         40.0098     -346.17  0.6443 -0.140E+00      -6459.54  0.3742 -0.200E-04      -2046.80  0.4572  0.114E-01      -1023.04  0.5137 -0.894E-02      -1502.41  0.4817 -0.119E-02
         40.0128     -346.29  0.6443 -0.140E+00      -6459.54  0.3742 -0.200E-04      -2046.79  0.4572  0.114E-01      -1023.04  0.5137 -0.894E-02      -1502.41  0.4817 -0.115E-02
         40.0167     -346.45  0.6443 -0.140E+00      -6459.54  0.3742 -0.200E-04      -2046.78  0.4572  0.114E-01      -1023.04  0.5137 -0.894E-02      -1502.41  0.4817 -0.119E-02
         40.0218     -346.64  0.6442 -0.140E+00      -6459.54  0.3742 -0.200E-04      -2046.76  0.4572  0.114E-01      -1023.04  0.5137 -0.894E-02      -1502.42  0.4817 -0.118E-02
         40.0285     -346.90  0.6442 -0.140E+00      -6459.54  0.3742 -0.200E-04      -2046.74  0.4572  0.114E-01      -1023.04  0.5137 -0.893E-02      -1502.42  0.4817 -0.118E-02
         40.0372     -347.22  0.6441 -0.140E+00      -6459.54  0.3742 -0.200E-04      -2046.71  0.4572  0.114E-01      -1023.04  0.5137 -0.893E-02      -1502.43  0.4817 -0.118E-02
         40.0484     -347.63  0.6440 -0.140E+00      -6459.54  0.3742 -0.201E-04      -2046.67  0.4572  0.114E-01      -1023.05  0.5137 -0.893E-02      -1502.43  0.4817 -0.118E-02
         40.0630     -348.14  0.6439 -0.140E+00      -6459.54  0.3742 -0.201E-04      -2046.62  0.4572  0.114E-01      -1023.05  0.5137 -0.893E-02      -1502.44  0.4817 -0.118E-02
         40.0820     -348.77  0.6438 -0.140E+00      -6459.54  0.3742 -0.201E-04      -2046.55  0.4572  0.114E-01      -1023.05  0.5137 -0.893E-02      -1502.45  0.4817 -0.118E-02
         40.1067     -349.54  0.6436 -0.140E+00      -6459.54  0.3742 -0.202E-04      -2046.46  0.4572  0.114E-01      -1023.06  0.5136 -0.893E-02      -1502.47  0.4817 -0.118E-02
         40.1388     -350.48  0.6434 -0.140E+00      -6459.54  0.3742 -0.203E-04      -2046.35  0.4572  0.114E-01      -1023.07  0.5136 -0.893E-02      -1502.49  0.4817 -0.117E-02
         40.1806     -351.58  0.6431 -0.140E+00      -6459.55  0.3742 -0.204E-04      -2046.21  0.4572  0.114E-01      -1023.07  0.5136 -0.892E-02      -1502.51  0.4817 -0.117E-02
         40.2349     -352.86  0.6428 -0.140E+00      -6459.55  0.3742 -0.205E-04      -2046.02  0.4572  0.114E-01      -1023.08  0.5136 -0.892E-02      -1502.54  0.4817 -0.118E-02
         40.3054     -354.31  0.6425 -0.140E+00      -6459.55  0.3742 -0.207E-04      -2045.78  0.4572  0.114E-01      -1023.10  0.5136 -0.892E-02      -1502.58  0.4817 -0.117E-02
         40.3972     -355.91  0.6422 -0.140E+00      -6459.56  0.3742 -0.210E-04      -2045.46  0.4572  0.114E-01      -1023.12  0.5136 -0.891E-02      -1502.63  0.4817 -0.118E-02
         40.5164     -357.64  0.6418 -0.140E+00      -6459.56  0.3742 -0.214E-04      -2045.05  0.4572  0.114E-01      -1023.14  0.5136 -0.890E-02      -1502.70  0.4817 -0.117E-02
         40.6715     -359.47  0.6414 -0.140E+00      -6459.56  0.3742 -0.218E-04      -2044.51  0.4573  0.114E-01      -1023.18  0.5136 -0.889E-02      -1502.79  0.4817 -0.117E-02
         40.8730     -361.35  0.6409 -0.140E+00      -6459.57  0.3742 -0.225E-04      -2043.82  0.4573  0.114E-01      -1023.22  0.5136 -0.887E-02      -1502.90  0.4817 -0.117E-02
         41.1350     -363.25  0.6405 -0.140E+00      -6459.57  0.3742 -0.235E-04      -2042.92  0.4573  0.114E-01      -1023.28  0.5136 -0.886E-02      -1503.05  0.4817 -0.117E-02
         41.4756     -365.12  0.6401 -0.140E+00      -6459.55  0.3742 -0.249E-04      -2041.77  0.4574  0.114E-01      -1023.37  0.5136 -0.883E-02      -1503.24  0.4817 -0.117E-02
         41.9184     -366.90  0.6397 -0.140E+00      -6459.51  0.3742 -0.269E-04      -2040.27  0.4574  0.115E-01      -1023.48  0.5136 -0.880E-02      -1503.48  0.4816 -0.117E-02
         42.4940     -368.52  0.6393 -0.140E+00      -6459.43  0.3742 -0.301E-04      -2038.34  0.4575  0.115E-01      -1023.64  0.5136 -0.876E-02      -1503.80  0.4816 -0.117E-02
         43.2446     -369.84  0.6390 -0.140E+00      -6459.25  0.3742 -0.353E-04      -2035.86  0.4576  0.115E-01      -1023.86  0.5136 -0.870E-02      -1504.21  0.4816 -0.117E-02
         44.2096     -370.69  0.6388 -0.140E+00      -6458.85  0.3742 -0.440E-04      -2032.72  0.4577  0.115E-01      -1024.17  0.5136 -0.863E-02      -1504.72  0.4816 -0.117E-02
         45.3677     -370.93  0.6388 -0.140E+00      -6458.07  0.3742 -0.582E-04      -2029.03  0.4578  0.115E-01      -1024.57  0.5135 -0.854E-02      -1505.33  0.4815 -0.117E-02
         46.9118     -370.39  0.6389 -0.140E+00      -6456.29  0.3743 -0.847E-04      -2024.25  0.4580  0.115E-01      -1025.17  0.5135 -0.842E-02      -1506.13  0.4815 -0.117E-02
         50.0000     -367.41  0.6396 -0.140E+00      -6447.36  0.3743 -0.187E-03      -2015.22  0.4583  0.114E-01      -1026.58  0.5134 -0.817E-02      -1507.67  0.4814 -0.116E-02
         50.0001     -367.38  0.6396 -0.316E-01      -6447.53  0.3743 -0.186E-03      -2015.21  0.4583  0.114E-01      -1026.58  0.5134 -0.817E-02      -1507.67  0.4814 -0.101E-02
         50.0002     -367.40  0.6396 -0.311E-01      -6447.50  0.3743 -0.186E-03      -2015.21  0.4583  0.114E-01      -1026.58  0.5134 -0.817E-02      -1507.67  0.4814 -0.101E-02
         50.0004     -367.41  0.6396 -0.295E-01      -6447.52  0.3743 -0.186E-03      -2015.21  0.4583  0.114E-01      -1026.58  0.5134 -0.817E-02      -1507.67  0.4814 -0.101E-02
         50.0006     -367.43  0.6396 -0.303E-01      -6447.51  0.3743 -0.186E-03      -2015.21  0.4583  0.114E-01      -1026.58  0.5134 -0.817E-02      -1507.67  0.4814 -0.101E-02
         50.0009     -367.46  0.6396 -0.302E-01      -6447.52  0.3743 -0.186E-03      -2015.21  0.4583  0.114E-01      -1026.58  0.5134 -0.817E-02      -1507.67  0.4814 -0.101E-02
         50.0013     -367.50  0.6396 -0.303E-01      -6447.52  0.3743 -0.186E-03      -2015.21  0.4583  0.114E-01      -1026.58  0.5134 -0.817E-02      -1507.67  0.4814 -0.101E-02
         50.0018     -367.54  0.6396 -0.298E-01      -6447.52  0.3743 -0.186E-03      -2015.21  0.4583  0.114E-01      -1026.58  0.5134 -0.817E-02      -1507.67  0.4814 -0.101E-02
         50.0024     -367.60  0.6395 -0.300E-01      -6447.52  0.3743 -0.186E-03      -2015.20  0.4583  0.114E-01      -1026.58  0.5134 -0.817E-02      -1507.67  0.4814 -0.125E-02
         50.0032     -367.68  0.6395 -0.300E-01      -6447.52  0.3743 -0.186E-03      -2015.20  0.4583  0.114E-01      -1026.58  0.5134 -0.817E-02      -1507.67  0.4814 -0.119E-02
         50.0043     -367.78  0.6395 -0.300E-01      -6447.51  0.3743 -0.186E-03      -2015.20  0.4583  0.114E-01      -1026.58  0.5134 -0.817E-02      -1507.67  0.4814 -0.115E-02
         50.0056     -367.92  0.6395 -0.301E-01      -6447.51  0.3743 -0.186E-03      -2015.19  0.4583  0.114E-01      -1026.58  0.5134 -0.817E-02      -1507.67  0.4814 -0.112E-02
         50.0074     -368.09  0.6394 -0.300E-01      -6447.50  0.3743 -0.186E-03      -2015.19  0.4583  0.114E-01      -1026.58  0.5134 -0.817E-02      -1507.67  0.4814 -0.118E-02
         50.0098     -368.31  0.6394 -0.300E-01      -6447.50  0.3743 -0.186E-03      -2015.18  0.4583  0.114E-01      -1026.58  0.5134 -0.817E-02      -1507.67  0.4814 -0.114E-02
         50.0128     -368.60  0.6393 -0.300E-01      -6447.49  0.3743 -0.186E-03      -2015.17  0.4583  0.114E-01      -1026.59  0.5134 -0.817E-02      -1507.67  0.4814 -0.116E-02
         50.0167     -368.97  0.6392 -0.300E-01      -6447.47  0.3743 -0.186E-03      -2015.16  0.4583  0.114E-01      -1026.59  0.5134 -0.817E-02      -1507.68  0.4814 -0.116E-02
         50.0218     -369.44  0.6391 -0.300E-01      -6447.46  0.3743 -0.187E-03      -2015.15  0.4583  0.114E-01      -1026.59  0.5134 -0.817E-02      -1507.68  0.4814 -0.116E-02
         50.0285     -370.05  0.6390 -0.300E-01      -6447.44  0.3743 -0.187E-03      -2015.13  0.4583  0.114E-01      -1026.59  0.5134 -0.817E-02      -1507.68  0.4814 -0.117E-02
         50.0372     -370.82  0.6388 -0.300E-01      -6447.41  0.3743 -0.187E-03      -2015.10  0.4583  0.114E-01      -1026.60  0.5134 -0.817E-02      -1507.69  0.4814 -0.117E-02
         50.0484     -371.81  0.6386 -0.300E-01      -6447.38  0.3743 -0.187E-03      -2015.07  0.4583  0.114E-01      -1026.60  0.5134 -0.817E-02      -1507.69  0.4814 -0.116E-02
         50.0630     -373.05  0.6383 -0.300E-01      -6447.34  0.3743 -0.188E-03      -2015.03  0.4583  0.114E-01      -1026.61  0.5134 -0.817E-02      -1507.70  0.4814 -0.116E-02
         50.0820     -374.60  0.6380 -0.300E-01      -6447.28  0.3743 -0.189E-03      -2014.97  0.4583  0.114E-01      -1026.62  0.5134 -0.817E-02      -1507.71  0.4814 -0.116E-02
         50.1067     -376.53  0.6376 -0.300E-01      -6447.21  0.3743 -0.189E-03      -2014.90  0.4583  0.114E-01      -1026.63  0.5134 -0.817E-02      -1507.72  0.4814 -0.116E-02
         50.1388     -379.34  0.6370 -0.300E-01      -6447.12  0.3743 -0.191E-03      -2014.81  0.4583  0.114E-01      -1026.64  0.5134 -0.816E-02      -1507.74  0.4814 -0.116E-02
         50.1806     -382.64  0.6364 -0.300E-01      -6446.99  0.3743 -0.192E-03      -2014.68  0.4583  0.114E-01      -1026.66  0.5134 -0.816E-02      -1507.76  0.4814 -0.116E-02
         50.2349     -386.60  0.6357 -0.300E-01      -6446.83  0.3743 -0.194E-03      -2014.53  0.4583  0.114E-01      -1026.69  0.5134 -0.816E-02      -1507.78  0.4814 -0.116E-02
         50.3054     -391.18  0.6348 -0.300E-01      -6446.62  0.3743 -0.196E-03      -2014.32  0.4584  0.114E-01      -1026.72  0.5134 -0.815E-02      -1507.82  0.4814 -0.116E-02
         50.3972     -396.43  0.6338 -0.300E-01      -6446.34  0.3743 -0.200E-03      -2014.05  0.4584  0.114E-01      -1026.76  0.5134 -0.814E-02      -1507.86  0.4814 -0.116E-02
         50.5164     -402.34  0.6327 -0.300E-01      -6445.97  0.3743 -0.204E-03      -2013.71  0.4584  0.114E-01      -1026.82  0.5134 -0.813E-02      -1507.92  0.4814 -0.116E-02
         50.6715     -408.91  0.6314 -0.300E-01      -6445.47  0.3744 -0.210E-03      -2013.26  0.4584  0.114E-01      -1026.89  0.5134 -0.812E-02      -1508.00  0.4814 -0.116E-02
         50.8730     -416.16  0.6301 -0.300E-01      -6444.78  0.3744 -0.217E-03      -2012.68  0.4584  0.114E-01      -1026.99  0.5133 -0.811E-02      -1508.10  0.4814 -0.116E-02
         51.1350     -424.13  0.6286 -0.300E-01      -6443.86  0.3744 -0.228E-03      -2011.94  0.4584  0.114E-01      -1027.12  0.5133 -0.808E-02      -1508.23  0.4814 -0.116E-02
         51.4756     -432.89  0.6269 -0.300E-01      -6442.56  0.3744 -0.243E-03      -2010.97  0.4585  0.114E-01      -1027.28  0.5133 -0.806E-02      -1508.39  0.4813 -0.116E-02
         51.9184     -442.53  0.6251 -0.300E-01      -6440.73  0.3744 -0.264E-03      -2009.72  0.4585  0.114E-01      -1027.50  0.5133 -0.802E-02      -1508.61  0.4813 -0.116E-02
         52.4940     -453.27  0.6231 -0.300E-01      -6438.05  0.3744 -0.294E-03      -2008.13  0.4586  0.114E-01      -1027.80  0.5133 -0.798E-02      -1508.89  0.4813 -0.116E-02
         53.2446     -466.07  0.6206 -0.300E-01      -6433.99  0.3745 -0.339E-03      -2006.07  0.4587  0.114E-01      -1028.19  0.5133 -0.792E-02      -1509.25  0.4813 -0.116E-02
         54.2096     -480.82  0.6181 -0.300E-01      -6427.67  0.3745 -0.407E-03      -2003.48  0.4588  0.114E-01      -1028.71  0.5132 -0.785E-02      -1509.70  0.4813 -0.116E-02
         55.3677     -496.94  0.6155 -0.300E-01      -6418.19  0.3746 -0.506E-03      -2000.45  0.4589  0.114E-01      -1029.36  0.5132 -0.776E-02      -1510.25  0.4812 -0.116E-02
         56.9118     -514.16  0.6128 -0.300E-01      -6402.13  0.3747 -0.647E-03      -1996.54  0.4590  0.113E-01      -1030.26  0.5131 -0.764E-02      -1510.96  0.4812 -0.115E-02
         60.0000     -540.63  0.6086 -0.300E-01      -6348.30  0.3752 -0.110E-02      -1989.24  0.4593  0.113E-01      -1032.19  0.5130 -0.741E-02      -1512.36  0.4811 -0.115E-02
         60.0001     -541.57  0.6086 -0.187E-01      -6349.64  0.3752 -0.108E-02      -1989.20  0.4593  0.113E-01      -1032.18  0.5130 -0.741E-02      -1512.36  0.4811 -0.101E-02
         60.0002     -541.36  0.6086 -0.205E-01      -6349.42  0.3752 -0.109E-02      -1989.21  0.4593  0.113E-01      -1032.18  0.5130 -0.741E-02      -1512.36  0.4811 -0.101E-02
         60.0004     -541.53  0.6086 -0.207E-01      -6349.57  0.3752 -0.108E-02      -1989.20  0.4593  0.113E-01      -1032.18  0.5130 -0.741E-02      -1512.36  0.4811 -0.101E-02
         60.0006     -541.47  0.6086 -0.203E-01      -6349.52  0.3752 -0.109E-02      -1989.20  0.4593  0.113E-01      -1032.18  0.5130 -0.741E-02      -1512.36  0.4811 -0.101E-02
         60.0009     -541.52  0.6086 -0.199E-01      -6349.54  0.3752 -0.109E-02      -1989.20  0.4593  0.113E-01      -1032.18  0.5130 -0.741E-02      -1512.36  0.4811 -0.101E-02
         60.0013     -541.51  0.6086 -0.197E-01      -6349.53  0.3752 -0.109E-02      -1989.20  0.4593  0.113E-01      -1032.18  0.5130 -0.741E-02      -1512.36  0.4811 -0.101E-02
         60.0018     -541.52  0.6086 -0.199E-01      -6349.52  0.3752 -0.109E-02      -1989.20  0.4593  0.113E-01      -1032.18  0.5130 -0.741E-02      -1512.36  0.4811 -0.101E-02
         60.0024     -541.53  0.6086 -0.199E-01      -6349.51  0.3752 -0.109E-02      -1989.20  0.4593  0.113E-01      -1032.18  0.5130 -0.741E-02      -1512.36  0.4811 -0.125E-02
         60.0032     -541.55  0.6086 -0.201E-01      -6349.50  0.3752 -0.109E-02      -1989.20  0.4593  0.113E-01      -1032.18  0.5130 -0.741E-02      -1512.36  0.4811 -0.119E-02
         60.0043     -541.57  0.6086 -0.199E-01      -6349.49  0.3752 -0.109E-02      -1989.19  0.4593  0.113E-01      -1032.18  0.5130 -0.741E-02      -1512.37  0.4811 -0.115E-02
         60.0056     -541.60  0.6086 -0.201E-01      -6349.46  0.3752 -0.109E-02      -1989.19  0.4593  0.113E-01      -1032.18  0.5130 -0.741E-02      -1512.37  0.4811 -0.112E-02
         60.0074     -541.64  0.6086 -0.200E-01      -6349.43  0.3752 -0.109E-02      -1989.19  0.4593  0.113E-01      -1032.19  0.5130 -0.741E-02      -1512.37  0.4811 -0.118E-02
         60.0098     -541.69  0.6086 -0.201E-01      -6349.39  0.3752 -0.109E-02      -1989.18  0.4593  0.113E-01      -1032.19  0.5130 -0.741E-02      -1512.37  0.4811 -0.114E-02
         60.0128     -541.76  0.6086 -0.200E-01      -6349.34  0.3752 -0.109E-02      -1989.17  0.4593  0.113E-01      -1032.19  0.5129 -0.741E-02      -1512.37  0.4811 -0.116E-02
         60.0167     -541.84  0.6086 -0.200E-01      -6349.28  0.3752 -0.109E-02      -1989.16  0.4593  0.113E-01      -1032.19  0.5129 -0.741E-02      -1512.37  0.4811 -0.116E-02
         60.0218     -541.95  0.6086 -0.200E-01      -6349.19  0.3752 -0.109E-02      -1989.15  0.4593  0.113E-01      -1032.19  0.5129 -0.741E-02      -1512.37  0.4811 -0.116E-02
         60.0285     -542.08  0.6085 -0.200E-01      -6349.08  0.3752 -0.109E-02      -1989.14  0.4593  0.113E-01      -1032.20  0.5129 -0.741E-02      -1512.38  0.4811 -0.115E-02
         60.0372     -542.26  0.6085 -0.200E-01      -6348.93  0.3752 -0.109E-02      -1989.12  0.4593  0.113E-01      -1032.20  0.5129 -0.741E-02      -1512.38  0.4811 -0.115E-02
         60.0484     -542.49  0.6085 -0.200E-01      -6348.74  0.3752 -0.109E-02      -1989.09  0.4593  0.113E-01      -1032.21  0.5129 -0.741E-02      -1512.39  0.4811 -0.114E-02
         60.0630     -542.79  0.6084 -0.200E-01      -6348.48  0.3752 -0.109E-02      -1989.05  0.4593  0.113E-01      -1032.22  0.5129 -0.741E-02      -1512.39  0.4811 -0.115E-02
         60.0820     -543.17  0.6084 -0.200E-01      -6348.16  0.3752 -0.110E-02      -1989.01  0.4593  0.113E-01      -1032.23  0.5129 -0.741E-02      -1512.40  0.4811 -0.115E-02
         60.1067     -543.65  0.6083 -0.200E-01      -6347.74  0.3752 -0.110E-02      -1988.95  0.4593  0.113E-01      -1032.25  0.5129 -0.741E-02      -1512.41  0.4811 -0.115E-02
         60.1388     -544.26  0.6082 -0.200E-01      -6347.18  0.3753 -0.111E-02      -1988.88  0.4593  0.113E-01      -1032.27  0.5129 -0.740E-02      -1512.43  0.4811 -0.115E-02
         60.1806     -545.04  0.6081 -0.200E-01      -6346.46  0.3753 -0.111E-02      -1988.78  0.4593  0.113E-01      -1032.29  0.5129 -0.740E-02      -1512.45  0.4811 -0.115E-02
         60.2349     -546.01  0.6079 -0.200E-01      -6345.51  0.3753 -0.112E-02      -1988.65  0.4593  0.113E-01      -1032.33  0.5129 -0.740E-02      -1512.47  0.4811 -0.115E-02
         60.3054     -547.22  0.6077 -0.200E-01      -6344.27  0.3753 -0.113E-02      -1988.48  0.4593  0.113E-01      -1032.37  0.5129 -0.739E-02      -1512.50  0.4811 -0.115E-02
         60.3972     -548.73  0.6075 -0.200E-01      -6342.62  0.3753 -0.115E-02      -1988.27  0.4593  0.113E-01      -1032.43  0.5129 -0.739E-02      -1512.54  0.4811 -0.115E-02
         60.5164     -550.57  0.6072 -0.200E-01      -6340.46  0.3753 -0.117E-02      -1987.99  0.4593  0.113E-01      -1032.50  0.5129 -0.738E-02      -1512.60  0.4811 -0.115E-02
         60.6715     -552.83  0.6069 -0.200E-01      -6337.58  0.3753 -0.119E-02      -1987.62  0.4593  0.113E-01      -1032.60  0.5129 -0.737E-02      -1512.67  0.4811 -0.115E-02
         60.8730     -555.57  0.6064 -0.200E-01      -6333.73  0.3754 -0.123E-02      -1987.15  0.4593  0.113E-01      -1032.73  0.5129 -0.735E-02      -1512.76  0.4811 -0.115E-02
         61.1350     -558.90  0.6059 -0.200E-01      -6328.53  0.3754 -0.127E-02      -1986.55  0.4594  0.112E-01      -1032.90  0.5129 -0.733E-02      -1512.88  0.4811 -0.115E-02
         61.4756     -562.92  0.6053 -0.200E-01      -6321.45  0.3755 -0.133E-02      -1985.76  0.4594  0.112E-01      -1033.11  0.5129 -0.731E-02      -1513.03  0.4811 -0.115E-02
         61.9184     -567.78  0.6045 -0.200E-01      -6311.67  0.3756 -0.142E-02      -1984.76  0.4594  0.112E-01      -1033.40  0.5129 -0.728E-02      -1513.23  0.4811 -0.115E-02
         62.4940     -573.63  0.6036 -0.200E-01      -6297.88  0.3757 -0.154E-02      -1983.46  0.4595  0.112E-01      -1033.77  0.5128 -0.724E-02      -1513.48  0.4810 -0.115E-02
         63.2446     -581.02  0.6025 -0.200E-01      -6277.97  0.3759 -0.171E-02      -1981.81  0.4595  0.112E-01      -1034.27  0.5128 -0.718E-02      -1513.82  0.4810 -0.115E-02
         64.2096     -590.17  0.6011 -0.200E-01      -6248.80  0.3762 -0.195E-02      -1979.72  0.4596  0.112E-01      -1034.91  0.5127 -0.712E-02      -1514.24  0.4810 -0.114E-02
         65.3677     -600.47  0.5995 -0.200E-01      -6208.30  0.3765 -0.228E-02      -1977.29  0.4597  0.111E-01      -1035.70  0.5127 -0.704E-02      -1514.74  0.4810 -0.114E-02
         66.9118     -614.33  0.5977 -0.200E-01      -6143.78  0.3771 -0.276E-02      -1974.17  0.4598  0.111E-01      -1036.76  0.5126 -0.693E-02      -1515.41  0.4809 -0.114E-02
         70.0000     -636.52  0.5949 -0.200E-01      -6005.52  0.3788 -0.391E-02      -1968.49  0.4600  0.110E-01      -1038.96  0.5124 -0.674E-02      -1516.74  0.4808 -0.114E-02
         72.5000     -685.62  0.5891 -0.158E-07      -5867.13  0.3804 -0.498E-02      -1964.18  0.4602  0.110E-01      -1040.76  0.5123 -0.658E-02      -1517.81  0.4808 -0.113E-02
         76.2500     -727.23  0.5831 -0.186E-08      -5609.42  0.3835 -0.661E-02      -1958.47  0.4604  0.109E-01      -1043.54  0.5121 -0.636E-02      -1519.44  0.4807 -0.113E-02
         80.0000     -769.51  0.5785  0.326E-08      -5318.57  0.3871 -0.818E-02      -1953.30  0.4606  0.108E-01      -1046.35  0.5119 -0.616E-02      -1521.28  0.4806 -0.113E-02
         85.0000     -818.85  0.5735  0.270E-07      -4914.74  0.3920 -0.101E-01      -1947.32  0.4608  0.107E-01      -1050.16  0.5116 -0.590E-02      -1523.63  0.4805 -0.113E-02
         90.0000     -860.13  0.5693  0.931E-09      -4583.74  0.3973 -0.121E-01      -1942.19  0.4610  0.105E-01      -1054.01  0.5113 -0.566E-02      -1525.83  0.4804 -0.112E-02
         90.0001     -860.99  0.5693 -0.102E-01      -4576.53  0.3973 -0.120E-01      -1942.13  0.4610  0.105E-01      -1054.00  0.5113 -0.565E-02      -1525.84  0.4804 -0.102E-02
         90.0002     -860.79  0.5693 -0.111E-01      -4578.31  0.3973 -0.120E-01      -1942.14  0.4610  0.105E-01      -1054.01  0.5113 -0.565E-02      -1525.84  0.4804 -0.102E-02
         90.0004     -860.95  0.5693 -0.950E-02      -4576.85  0.3973 -0.120E-01      -1942.13  0.4610  0.105E-01      -1054.01  0.5113 -0.565E-02      -1525.84  0.4804 -0.102E-02
         90.0006     -860.88  0.5693 -0.964E-02      -4577.45  0.3973 -0.120E-01      -1942.13  0.4610  0.105E-01      -1054.01  0.5113 -0.565E-02      -1525.84  0.4804 -0.102E-02
         90.0009     -860.91  0.5693 -0.105E-01      -4577.07  0.3973 -0.120E-01      -1942.13  0.4610  0.105E-01      -1054.01  0.5113 -0.565E-02      -1525.84  0.4804 -0.102E-02
         90.0013     -860.89  0.5693 -0.983E-02      -4577.22  0.3973 -0.120E-01      -1942.13  0.4610  0.105E-01      -1054.01  0.5113 -0.565E-02      -1525.84  0.4804 -0.102E-02
         90.0018     -860.89  0.5693 -0.978E-02      -4577.10  0.3973 -0.120E-01      -1942.13  0.4610  0.105E-01      -1054.01  0.5113 -0.565E-02      -1525.84  0.4804 -0.102E-02
         90.0024     -860.88  0.5693 -0.992E-02      -4577.10  0.3973 -0.120E-01      -1942.13  0.4610  0.105E-01      -1054.01  0.5113 -0.565E-02      -1525.84  0.4804 -0.102E-02
         90.0032     -860.88  0.5693 -0.101E-01      -4577.03  0.3973 -0.120E-01      -1942.13  0.4610  0.105E-01      -1054.01  0.5113 -0.565E-02      -1525.84  0.4804 -0.120E-02
         90.0043     -860.86  0.5693 -0.101E-01      -4576.97  0.3973 -0.120E-01      -1942.13  0.4610  0.105E-01      -1054.01  0.5113 -0.565E-02      -1525.84  0.4804 -0.116E-02
         90.0056     -860.85  0.5693 -0.101E-01      -4576.88  0.3973 -0.120E-01      -1942.13  0.4610  0.105E-01      -1054.01  0.5113 -0.565E-02      -1525.84  0.4804 -0.113E-02
         90.0074     -860.83  0.5693 -0.101E-01      -4576.77  0.3973 -0.120E-01      -1942.12  0.4610  0.105E-01      -1054.01  0.5113 -0.565E-02      -1525.84  0.4804 -0.110E-02
         90.0098     -860.80  0.5693 -0.100E-01      -4576.62  0.3973 -0.120E-01      -1942.12  0.4610  0.105E-01      -1054.01  0.5113 -0.565E-02      -1525.84  0.4804 -0.115E-02
         90.0128     -860.77  0.5693 -0.100E-01      -4576.43  0.3973 -0.120E-01      -1942.12  0.4610  0.105E-01      -1054.02  0.5113 -0.565E-02      -1525.84  0.4804 -0.112E-02
         90.0167     -860.72  0.5693 -0.100E-01      -4576.18  0.3973 -0.120E-01      -1942.11  0.4610  0.105E-01      -1054.02  0.5113 -0.565E-02      -1525.84  0.4804 -0.113E-02
         90.0218     -860.66  0.5693 -0.100E-01      -4575.86  0.3973 -0.120E-01      -1942.11  0.4610  0.105E-01      -1054.02  0.5113 -0.565E-02      -1525.85  0.4804 -0.114E-02
         90.0285     -860.59  0.5693 -0.100E-01      -4575.44  0.3973 -0.120E-01      -1942.10  0.4610  0.105E-01      -1054.03  0.5113 -0.565E-02      -1525.85  0.4804 -0.113E-02
         90.0372     -860.49  0.5693 -0.100E-01      -4574.90  0.3973 -0.120E-01      -1942.09  0.4610  0.105E-01      -1054.03  0.5113 -0.565E-02      -1525.85  0.4804 -0.112E-02
         90.0484     -860.37  0.5694 -0.100E-01      -4574.18  0.3973 -0.120E-01      -1942.08  0.4610  0.105E-01      -1054.04  0.5113 -0.565E-02      -1525.86  0.4804 -0.113E-02
         90.0630     -860.22  0.5694 -0.999E-02      -4573.26  0.3973 -0.120E-01      -1942.07  0.4610  0.105E-01      -1054.05  0.5113 -0.565E-02      -1525.86  0.4804 -0.112E-02
         90.0820     -860.02  0.5694 -0.100E-01      -4572.06  0.3973 -0.120E-01      -1942.05  0.4610  0.105E-01      -1054.07  0.5113 -0.565E-02      -1525.87  0.4804 -0.112E-02
         90.1067     -859.77  0.5694 -0.100E-01      -4570.50  0.3974 -0.120E-01      -1942.02  0.4610  0.105E-01      -1054.09  0.5113 -0.565E-02      -1525.88  0.4804 -0.112E-02
         90.1388     -859.46  0.5694 -0.100E-01      -4568.46  0.3974 -0.120E-01      -1941.99  0.4610  0.105E-01      -1054.11  0.5113 -0.565E-02      -1525.90  0.4804 -0.112E-02
         90.1806     -859.08  0.5695 -0.100E-01      -4565.82  0.3974 -0.120E-01      -1941.94  0.4610  0.105E-01      -1054.14  0.5113 -0.565E-02      -1525.92  0.4804 -0.112E-02
         90.2349     -858.62  0.5695 -0.100E-01      -4562.39  0.3975 -0.121E-01      -1941.89  0.4610  0.105E-01      -1054.19  0.5113 -0.564E-02      -1525.94  0.4804 -0.112E-02
         90.3054     -858.07  0.5696 -0.100E-01      -4557.92  0.3976 -0.121E-01      -1941.82  0.4610  0.105E-01      -1054.24  0.5113 -0.564E-02      -1525.97  0.4804 -0.112E-02
         90.3972     -857.43  0.5696 -0.100E-01      -4552.11  0.3977 -0.121E-01      -1941.72  0.4610  0.105E-01      -1054.31  0.5113 -0.563E-02      -1526.01  0.4804 -0.112E-02
         90.5164     -856.72  0.5697 -0.100E-01      -4544.55  0.3978 -0.122E-01      -1941.60  0.4610  0.105E-01      -1054.40  0.5112 -0.563E-02      -1526.06  0.4804 -0.112E-02
         90.6715     -855.98  0.5698 -0.100E-01      -4534.73  0.3979 -0.122E-01      -1941.44  0.4610  0.105E-01      -1054.52  0.5112 -0.562E-02      -1526.13  0.4804 -0.112E-02
         90.8730     -855.25  0.5699 -0.100E-01      -4521.94  0.3981 -0.123E-01      -1941.24  0.4610  0.105E-01      -1054.68  0.5112 -0.561E-02      -1526.22  0.4804 -0.112E-02
         91.1350     -854.63  0.5699 -0.100E-01      -4505.33  0.3984 -0.124E-01      -1940.98  0.4610  0.105E-01      -1054.88  0.5112 -0.560E-02      -1526.33  0.4803 -0.112E-02
         91.4756     -854.23  0.5700 -0.100E-01      -4483.75  0.3988 -0.125E-01      -1940.64  0.4610  0.105E-01      -1055.14  0.5112 -0.558E-02      -1526.48  0.4803 -0.112E-02
         91.9184     -854.21  0.5700 -0.100E-01      -4455.75  0.3992 -0.127E-01      -1940.21  0.4611  0.105E-01      -1055.48  0.5112 -0.556E-02      -1526.67  0.4803 -0.112E-02
         92.4940     -854.75  0.5699 -0.100E-01      -4419.51  0.3998 -0.129E-01      -1939.66  0.4611  0.105E-01      -1055.93  0.5111 -0.554E-02      -1526.92  0.4803 -0.112E-02
         93.2446     -856.06  0.5698 -0.100E-01      -4372.62  0.4005 -0.131E-01      -1938.95  0.4611  0.104E-01      -1056.51  0.5111 -0.550E-02      -1527.24  0.4803 -0.112E-02
         94.2096     -858.35  0.5696 -0.100E-01      -4312.97  0.4015 -0.133E-01      -1938.07  0.4611  0.104E-01      -1057.25  0.5110 -0.546E-02      -1527.64  0.4803 -0.112E-02
         95.3677     -861.59  0.5692 -0.100E-01      -4242.16  0.4026 -0.137E-01      -1937.05  0.4612  0.104E-01      -1058.15  0.5110 -0.541E-02      -1528.12  0.4803 -0.112E-02
         96.9118     -866.40  0.5688 -0.100E-01      -4149.81  0.4041 -0.141E-01      -1935.75  0.4612  0.103E-01      -1059.34  0.5109 -0.534E-02      -1528.75  0.4802 -0.112E-02
        100.0000     -876.55  0.5677 -0.100E-01      -3975.98  0.4069 -0.146E-01      -1933.38  0.4613  0.102E-01      -1061.74  0.5107 -0.521E-02      -1529.99  0.4802 -0.112E-02
        102.5000     -909.78  0.5646 -0.177E-07      -3846.35  0.4091 -0.149E-01      -1931.58  0.4614  0.102E-01      -1063.67  0.5105 -0.511E-02      -1530.97  0.4801 -0.112E-02
        106.2500     -939.55  0.5612 -0.373E-07      -3702.97  0.4122 -0.156E-01      -1929.19  0.4615  0.101E-01      -1066.57  0.5103 -0.496E-02      -1532.40  0.4801 -0.111E-02
        110.0000     -971.73  0.5585  0.221E-07      -3566.90  0.4150 -0.161E-01      -1927.02  0.4615  0.996E-02      -1069.47  0.5101 -0.483E-02      -1533.79  0.4800 -0.111E-02
end
