 ******* Program HYDRUS
 ******* 
 Welcome to HYDRUS-1D                                                    
 Date:  30.10.    Time:   4:48:38
 Units: L = mm   , T = min  , M = mmol 

       Time          rTop        rRoot        vTop         vRoot        vBot       sum(rTop)   sum(rRoot)    sum(vTop)   sum(vRoot)    sum(vBot)      hTop         hRoot        hBot        RunOff    sum(RunOff)     Volume     sum(Infil)    sum(Evap) TLevel Cum(WTrans)  SnowLayer
        [T]         [L/T]        [L/T]        [L/T]        [L/T]        [L/T]         [L]          [L]          [L]         [L]           [L]         [L]           [L]         [L]          [L/T]         [L]          [L]          [L]          [L]

      10.0001 -0.62000E+00  0.00000E+00 -0.61989E+00  0.00000E+00 -0.12507E-02 -0.62000E-04  0.00000E+00 -0.61989E-04  0.00000E+00 -0.12507E-06 -0.12368E+05  0.00000E+00 -0.14696E+04  0.10568E-03  0.10568E-07  0.45908E+03  0.61989E-04  0.00000E+00      1  0.00000E+00      0.000
      10.0002 -0.62000E+00  0.00000E+00 -0.61990E+00  0.00000E+00 -0.12508E-02 -0.12400E-03  0.00000E+00 -0.12398E-03  0.00000E+00 -0.25015E-06 -0.12365E+05  0.00000E+00 -0.14696E+04  0.10437E-03  0.21005E-07  0.45908E+03  0.12398E-03  0.00000E+00      2  0.00000E+00      0.000
      10.0003 -0.62000E+00  0.00000E+00 -0.62027E+00  0.00000E+00 -0.87828E-03 -0.20667E-03  0.00000E+00 -0.20668E-03  0.00000E+00 -0.36725E-06 -0.12361E+05  0.00000E+00 -0.14696E+04  0.27007E-03  0.57014E-07  0.45908E+03  0.20668E-03  0.00000E+00      3  0.00000E+00      0.000
      10.0005 -0.62000E+00  0.00000E+00 -0.62050E+00  0.00000E+00 -0.15489E-02 -0.31000E-03  0.00000E+00 -0.31010E-03  0.00000E+00 -0.62541E-06 -0.12356E+05  0.00000E+00 -0.14696E+04  0.49597E-03  0.13968E-06  0.45908E+03  0.31010E-03  0.00000E+00      4  0.00000E+00      0.000
      10.0008 -0.62000E+00  0.00000E+00 -0.61990E+00  0.00000E+00 -0.15491E-02 -0.46500E-03  0.00000E+00 -0.46507E-03  0.00000E+00 -0.10127E-05 -0.12348E+05  0.00000E+00 -0.14696E+04  0.96560E-04  0.16382E-06  0.45908E+03  0.46507E-03  0.00000E+00      5  0.00000E+00      0.000
      10.0010 -0.62000E+00  0.00000E+00 -0.61991E+00  0.00000E+00 -0.15493E-02 -0.62000E-03  0.00000E+00 -0.62005E-03  0.00000E+00 -0.14000E-05 -0.12340E+05  0.00000E+00 -0.14696E+04  0.92924E-04  0.18705E-06  0.45909E+03  0.62005E-03  0.00000E+00      6  0.00000E+00      0.000
      10.0011 -0.86000E+00  0.00000E+00 -0.85982E+00  0.00000E+00 -0.12514E-02 -0.70600E-03  0.00000E+00 -0.70603E-03  0.00000E+00 -0.15251E-05 -0.12336E+05  0.00000E+00 -0.14696E+04  0.18227E-03  0.20527E-06  0.45909E+03  0.70603E-03  0.00000E+00      7  0.00000E+00      0.000
      10.0012 -0.86000E+00  0.00000E+00 -0.85971E+00  0.00000E+00 -0.90756E-03 -0.81780E-03  0.00000E+00 -0.81779E-03  0.00000E+00 -0.16431E-05 -0.12330E+05  0.00000E+00 -0.14696E+04  0.29433E-03  0.24354E-06  0.45909E+03  0.81779E-03  0.00000E+00      8  0.00000E+00      0.000
      10.0014 -0.86000E+00  0.00000E+00 -0.85971E+00  0.00000E+00 -0.15249E-02 -0.96314E-03  0.00000E+00 -0.96308E-03  0.00000E+00 -0.19008E-05 -0.12324E+05  0.00000E+00 -0.14696E+04  0.29159E-03  0.29281E-06  0.45909E+03  0.96308E-03  0.00000E+00      9  0.00000E+00      0.000
      10.0016 -0.86000E+00  0.00000E+00 -0.86005E+00  0.00000E+00 -0.11181E-02 -0.11521E-02  0.00000E+00 -0.11520E-02  0.00000E+00 -0.21465E-05 -0.12317E+05  0.00000E+00 -0.14696E+04  0.50902E-04  0.30400E-06  0.45909E+03  0.11520E-02  0.00000E+00     10  0.00000E+00      0.000
      10.0019 -0.86000E+00  0.00000E+00 -0.85985E+00  0.00000E+00 -0.13269E-02 -0.13977E-02  0.00000E+00 -0.13976E-02  0.00000E+00 -0.25254E-05 -0.12308E+05  0.00000E+00 -0.14696E+04  0.15348E-03  0.34783E-06  0.45909E+03  0.13976E-02  0.00000E+00     11  0.00000E+00      0.000
      10.0023 -0.86000E+00  0.00000E+00 -0.86009E+00  0.00000E+00 -0.13673E-02 -0.17170E-02  0.00000E+00 -0.17170E-02  0.00000E+00 -0.30331E-05 -0.12295E+05  0.00000E+00 -0.14696E+04  0.92983E-04  0.38236E-06  0.45909E+03  0.17170E-02  0.00000E+00     12  0.00000E+00      0.000
      10.0028 -0.86000E+00  0.00000E+00 -0.86013E+00  0.00000E+00 -0.13058E-02 -0.21321E-02  0.00000E+00 -0.21321E-02  0.00000E+00 -0.36634E-05 -0.12280E+05  0.00000E+00 -0.14696E+04  0.13125E-03  0.44571E-06  0.45909E+03  0.21321E-02  0.00000E+00     13  0.00000E+00      0.000
      10.0034 -0.86000E+00  0.00000E+00 -0.85995E+00  0.00000E+00 -0.11876E-02 -0.26718E-02  0.00000E+00 -0.26717E-02  0.00000E+00 -0.44086E-05 -0.12259E+05  0.00000E+00 -0.14696E+04  0.49174E-04  0.47656E-06  0.45909E+03  0.26717E-02  0.00000E+00     14  0.00000E+00      0.000
      10.0042 -0.86000E+00  0.00000E+00 -0.85991E+00  0.00000E+00 -0.12246E-02 -0.33733E-02  0.00000E+00 -0.33732E-02  0.00000E+00 -0.54075E-05 -0.12232E+05  0.00000E+00 -0.14696E+04  0.91374E-04  0.55110E-06  0.45909E+03  0.33732E-02  0.00000E+00     15  0.00000E+00      0.000
      10.0053 -0.86000E+00  0.00000E+00 -0.86005E+00  0.00000E+00 -0.13095E-02 -0.42853E-02  0.00000E+00 -0.42852E-02  0.00000E+00 -0.67962E-05 -0.12197E+05  0.00000E+00 -0.14696E+04  0.51558E-04  0.60578E-06  0.45909E+03  0.42852E-02  0.00000E+00     16  0.00000E+00      0.000
      10.0066 -0.86000E+00  0.00000E+00 -0.85997E+00  0.00000E+00 -0.12779E-02 -0.54709E-02  0.00000E+00 -0.54708E-02  0.00000E+00 -0.85580E-05 -0.12152E+05  0.00000E+00 -0.14696E+04  0.34869E-04  0.65385E-06  0.45909E+03  0.54708E-02  0.00000E+00     17  0.00000E+00      0.000
      10.0084 -0.86000E+00  0.00000E+00 -0.86004E+00  0.00000E+00 -0.12624E-02 -0.70121E-02  0.00000E+00 -0.70121E-02  0.00000E+00 -0.10820E-04 -0.12093E+05  0.00000E+00 -0.14696E+04  0.35286E-04  0.71708E-06  0.45909E+03  0.70121E-02  0.00000E+00     18  0.00000E+00      0.000
      10.0108 -0.86000E+00  0.00000E+00 -0.85997E+00  0.00000E+00 -0.12383E-02 -0.90157E-02  0.00000E+00 -0.90157E-02  0.00000E+00 -0.13706E-04 -0.12017E+05  0.00000E+00 -0.14697E+04  0.29147E-04  0.78499E-06  0.45909E+03  0.90157E-02  0.00000E+00     19  0.00000E+00      0.000
      10.0138 -0.86000E+00  0.00000E+00 -0.85998E+00  0.00000E+00 -0.12450E-02 -0.11620E-01  0.00000E+00 -0.11620E-01  0.00000E+00 -0.17476E-04 -0.11918E+05  0.00000E+00 -0.14697E+04  0.22888E-04  0.85431E-06  0.45910E+03  0.11620E-01  0.00000E+00     20  0.00000E+00      0.000
      10.0177 -0.86000E+00  0.00000E+00 -0.85999E+00  0.00000E+00 -0.12474E-02 -0.15007E-01  0.00000E+00 -0.15006E-01  0.00000E+00 -0.22388E-04 -0.11789E+05  0.00000E+00 -0.14697E+04  0.11802E-04  0.90078E-06  0.45910E+03  0.15006E-01  0.00000E+00     21  0.00000E+00      0.000
      10.0228 -0.86000E+00  0.00000E+00 -0.86000E+00  0.00000E+00 -0.12593E-02 -0.19409E-01  0.00000E+00 -0.19408E-01  0.00000E+00 -0.28834E-04 -0.11621E+05  0.00000E+00 -0.14697E+04  0.00000E+00  0.90078E-06  0.45910E+03  0.19408E-01  0.00000E+00     22  0.00000E+00      0.000
      10.0295 -0.86000E+00  0.00000E+00 -0.86000E+00  0.00000E+00 -0.12567E-02 -0.25131E-01  0.00000E+00 -0.25131E-01  0.00000E+00 -0.37196E-04 -0.11403E+05  0.00000E+00 -0.14697E+04  0.00000E+00  0.90078E-06  0.45911E+03  0.25131E-01  0.00000E+00     23  0.00000E+00      0.000
      10.0382 -0.86000E+00  0.00000E+00 -0.86000E+00  0.00000E+00 -0.12480E-02 -0.32571E-01  0.00000E+00 -0.32570E-01  0.00000E+00 -0.47991E-04 -0.11119E+05  0.00000E+00 -0.14698E+04  0.00000E+00  0.90078E-06  0.45912E+03  0.32570E-01  0.00000E+00     24  0.00000E+00      0.000
      10.0494 -0.86000E+00  0.00000E+00 -0.86000E+00  0.00000E+00 -0.12481E-02 -0.42242E-01  0.00000E+00 -0.42241E-01  0.00000E+00 -0.62027E-04 -0.10751E+05  0.00000E+00 -0.14698E+04  0.00000E+00  0.90078E-06  0.45913E+03  0.42241E-01  0.00000E+00     25  0.00000E+00      0.000
      10.0640 -0.86000E+00  0.00000E+00 -0.86000E+00  0.00000E+00 -0.12465E-02 -0.54814E-01  0.00000E+00 -0.54814E-01  0.00000E+00 -0.80250E-04 -0.10272E+05  0.00000E+00 -0.14699E+04  0.00000E+00  0.90078E-06  0.45914E+03  0.54814E-01  0.00000E+00     26  0.00000E+00      0.000
      10.0830 -0.86000E+00  0.00000E+00 -0.86000E+00  0.00000E+00 -0.12451E-02 -0.71158E-01  0.00000E+00 -0.71158E-01  0.00000E+00 -0.10391E-03 -0.96831E+04  0.00000E+00 -0.14700E+04  0.00000E+00  0.90078E-06  0.45916E+03  0.71158E-01  0.00000E+00     27  0.00000E+00      0.000
      10.1077 -0.86000E+00  0.00000E+00 -0.86000E+00  0.00000E+00 -0.12478E-02 -0.92406E-01  0.00000E+00 -0.92406E-01  0.00000E+00 -0.13474E-03 -0.90872E+04  0.00000E+00 -0.14701E+04  0.00000E+00  0.90078E-06  0.45918E+03  0.92406E-01  0.00000E+00     28  0.00000E+00      0.000
      10.1398 -0.86000E+00  0.00000E+00 -0.86000E+00  0.00000E+00 -0.12482E-02 -0.12003E+00  0.00000E+00 -0.12003E+00  0.00000E+00 -0.17483E-03 -0.82785E+04  0.00000E+00 -0.14703E+04  0.00000E+00  0.90078E-06  0.45920E+03  0.12003E+00  0.00000E+00     29  0.00000E+00      0.000
      10.1816 -0.86000E+00  0.00000E+00 -0.86000E+00  0.00000E+00 -0.12501E-02 -0.15594E+00  0.00000E+00 -0.15594E+00  0.00000E+00 -0.22703E-03 -0.73918E+04  0.00000E+00 -0.14705E+04  0.00000E+00  0.90078E-06  0.45924E+03  0.15594E+00  0.00000E+00     30  0.00000E+00      0.000
      10.2359 -0.86000E+00  0.00000E+00 -0.86000E+00  0.00000E+00 -0.12476E-02 -0.20262E+00  0.00000E+00 -0.20262E+00  0.00000E+00 -0.29475E-03 -0.63840E+04  0.00000E+00 -0.14707E+04  0.00000E+00  0.90078E-06  0.45929E+03  0.20262E+00  0.00000E+00     31  0.00000E+00      0.000
      10.3064 -0.86000E+00  0.00000E+00 -0.86000E+00  0.00000E+00 -0.12478E-02 -0.26330E+00  0.00000E+00 -0.26330E+00  0.00000E+00 -0.38279E-03 -0.53639E+04  0.00000E+00 -0.14710E+04  0.00000E+00  0.90078E-06  0.45935E+03  0.26330E+00  0.00000E+00     32  0.00000E+00      0.000
      10.3982 -0.86000E+00  0.00000E+00 -0.86000E+00  0.00000E+00 -0.12479E-02 -0.34219E+00  0.00000E+00 -0.34219E+00  0.00000E+00 -0.49727E-03 -0.42877E+04  0.00000E+00 -0.14714E+04  0.00000E+00  0.90078E-06  0.45943E+03  0.34219E+00  0.00000E+00     33  0.00000E+00      0.000
      10.5174 -0.86000E+00  0.00000E+00 -0.86000E+00  0.00000E+00 -0.12464E-02 -0.44475E+00  0.00000E+00 -0.44475E+00  0.00000E+00 -0.64590E-03 -0.32849E+04  0.00000E+00 -0.14719E+04  0.00000E+00  0.90078E-06  0.45953E+03  0.44475E+00  0.00000E+00     34  0.00000E+00      0.000
      10.6367 -0.86000E+00  0.00000E+00 -0.86000E+00  0.00000E+00 -0.12462E-02 -0.54731E+00  0.00000E+00 -0.54731E+00  0.00000E+00 -0.79451E-03 -0.25969E+04  0.00000E+00 -0.14723E+04  0.00000E+00  0.90078E-06  0.45963E+03  0.54731E+00  0.00000E+00     35  0.00000E+00      0.000
      10.7559 -0.86000E+00  0.00000E+00 -0.86000E+00  0.00000E+00 -0.12453E-02 -0.64987E+00  0.00000E+00 -0.64987E+00  0.00000E+00 -0.94303E-03 -0.21231E+04  0.00000E+00 -0.14728E+04  0.00000E+00  0.90078E-06  0.45973E+03  0.64987E+00  0.00000E+00     36  0.00000E+00      0.000
      10.8752 -0.86000E+00  0.00000E+00 -0.86000E+00  0.00000E+00 -0.12447E-02 -0.75242E+00  0.00000E+00 -0.75242E+00  0.00000E+00 -0.10915E-02 -0.18058E+04  0.00000E+00 -0.14732E+04  0.00000E+00  0.90078E-06  0.45984E+03  0.75242E+00  0.00000E+00     37  0.00000E+00      0.000
      11.0302 -0.86000E+00  0.00000E+00 -0.86000E+00  0.00000E+00 -0.12435E-02 -0.88575E+00  0.00000E+00 -0.88575E+00  0.00000E+00 -0.12842E-02 -0.14897E+04  0.00000E+00 -0.14737E+04  0.00000E+00  0.90078E-06  0.45997E+03  0.88575E+00  0.00000E+00     38  0.00000E+00      0.000
      11.2318 -0.86000E+00  0.00000E+00 -0.86000E+00  0.00000E+00 -0.12429E-02 -0.10591E+01  0.00000E+00 -0.10591E+01  0.00000E+00 -0.15347E-02 -0.12658E+04  0.00000E+00 -0.14744E+04  0.00000E+00  0.90078E-06  0.46014E+03  0.10591E+01  0.00000E+00     39  0.00000E+00      0.000
      11.4333 -0.86000E+00  0.00000E+00 -0.86000E+00  0.00000E+00 -0.12417E-02 -0.12324E+01  0.00000E+00 -0.12324E+01  0.00000E+00 -0.17850E-02 -0.11090E+04  0.00000E+00 -0.14750E+04  0.00000E+00  0.90078E-06  0.46032E+03  0.12324E+01  0.00000E+00     40  0.00000E+00      0.000
      11.6953 -0.86000E+00  0.00000E+00 -0.86000E+00  0.00000E+00 -0.12406E-02 -0.14577E+01  0.00000E+00 -0.14577E+01  0.00000E+00 -0.21100E-02 -0.95030E+03  0.00000E+00 -0.14757E+04  0.00000E+00  0.90078E-06  0.46054E+03  0.14577E+01  0.00000E+00     41  0.00000E+00      0.000
      12.0359 -0.86000E+00  0.00000E+00 -0.86000E+00  0.00000E+00 -0.12389E-02 -0.17506E+01  0.00000E+00 -0.17506E+01  0.00000E+00 -0.25320E-02 -0.81829E+03  0.00000E+00 -0.14766E+04  0.00000E+00  0.90078E-06  0.46083E+03  0.17506E+01  0.00000E+00     42  0.00000E+00      0.000
      12.3765 -0.86000E+00  0.00000E+00 -0.86000E+00  0.00000E+00 -0.12373E-02 -0.20435E+01  0.00000E+00 -0.20435E+01  0.00000E+00 -0.29534E-02 -0.70712E+03  0.00000E+00 -0.14774E+04  0.00000E+00  0.90078E-06  0.46112E+03  0.20435E+01  0.00000E+00     43  0.00000E+00      0.000
      12.7171 -0.86000E+00  0.00000E+00 -0.86000E+00  0.00000E+00 -0.12359E-02 -0.23365E+01  0.00000E+00 -0.23365E+01  0.00000E+00 -0.33744E-02 -0.61518E+03  0.00000E+00 -0.14781E+04  0.00000E+00  0.90078E-06  0.46142E+03  0.23365E+01  0.00000E+00     44  0.00000E+00      0.000
      13.0577 -0.86000E+00  0.00000E+00 -0.86000E+00  0.00000E+00 -0.12346E-02 -0.26294E+01  0.00000E+00 -0.26294E+01  0.00000E+00 -0.37949E-02 -0.54829E+03  0.00000E+00 -0.14788E+04  0.00000E+00  0.90078E-06  0.46171E+03  0.26294E+01  0.00000E+00     45  0.00000E+00      0.000
      13.3983 -0.86000E+00  0.00000E+00 -0.86000E+00  0.00000E+00 -0.12333E-02 -0.29223E+01  0.00000E+00 -0.29223E+01  0.00000E+00 -0.42149E-02 -0.49028E+03  0.00000E+00 -0.14795E+04  0.00000E+00  0.90078E-06  0.46200E+03  0.29223E+01  0.00000E+00     46  0.00000E+00      0.000
      13.7389 -0.86000E+00  0.00000E+00 -0.86000E+00  0.00000E+00 -0.12320E-02 -0.32152E+01  0.00000E+00 -0.32152E+01  0.00000E+00 -0.46345E-02 -0.44826E+03  0.00000E+00 -0.14801E+04  0.00000E+00  0.90078E-06  0.46230E+03  0.32152E+01  0.00000E+00     47  0.00000E+00      0.000
      14.0795 -0.86000E+00  0.00000E+00 -0.86000E+00  0.00000E+00 -0.12306E-02 -0.35081E+01  0.00000E+00 -0.35081E+01  0.00000E+00 -0.50537E-02 -0.41270E+03  0.00000E+00 -0.14807E+04  0.00000E+00  0.90078E-06  0.46259E+03  0.35081E+01  0.00000E+00     48  0.00000E+00      0.000
      14.4201 -0.86000E+00  0.00000E+00 -0.86000E+00  0.00000E+00 -0.12292E-02 -0.38010E+01  0.00000E+00 -0.38010E+01  0.00000E+00 -0.54723E-02 -0.37747E+03  0.00000E+00 -0.14813E+04  0.00000E+00  0.90078E-06  0.46288E+03  0.38010E+01  0.00000E+00     49  0.00000E+00      0.000
      14.8629 -0.86000E+00  0.00000E+00 -0.86000E+00  0.00000E+00 -0.12277E-02 -0.41818E+01  0.00000E+00 -0.41818E+01  0.00000E+00 -0.60159E-02 -0.34707E+03  0.00000E+00 -0.14819E+04  0.00000E+00  0.90078E-06  0.46326E+03  0.41818E+01  0.00000E+00     50  0.00000E+00      0.000
      15.3056 -0.86000E+00  0.00000E+00 -0.86000E+00  0.00000E+00 -0.12264E-02 -0.45626E+01  0.00000E+00 -0.45626E+01  0.00000E+00 -0.65590E-02 -0.31704E+03  0.00000E+00 -0.14826E+04  0.00000E+00  0.90078E-06  0.46364E+03  0.45626E+01  0.00000E+00     51  0.00000E+00      0.000
      15.7484 -0.86000E+00  0.00000E+00 -0.86000E+00  0.00000E+00 -0.12247E-02 -0.49434E+01  0.00000E+00 -0.49434E+01  0.00000E+00 -0.71012E-02 -0.29200E+03  0.00000E+00 -0.14832E+04  0.00000E+00  0.90078E-06  0.46402E+03  0.49434E+01  0.00000E+00     52  0.00000E+00      0.000
      16.1736 -0.86000E+00  0.00000E+00 -0.86000E+00  0.00000E+00 -0.12236E-02 -0.53090E+01  0.00000E+00 -0.53090E+01  0.00000E+00 -0.76214E-02 -0.27340E+03  0.00000E+00 -0.14838E+04  0.00000E+00  0.90078E-06  0.46439E+03  0.53090E+01  0.00000E+00     53  0.00000E+00      0.000
      16.5987 -0.86000E+00  0.00000E+00 -0.86000E+00  0.00000E+00 -0.12221E-02 -0.56747E+01  0.00000E+00 -0.56747E+01  0.00000E+00 -0.81410E-02 -0.25549E+03  0.00000E+00 -0.14843E+04  0.00000E+00  0.90078E-06  0.46475E+03  0.56747E+01  0.00000E+00     54  0.00000E+00      0.000
      17.0239 -0.86000E+00  0.00000E+00 -0.86000E+00  0.00000E+00 -0.12208E-02 -0.60403E+01  0.00000E+00 -0.60403E+01  0.00000E+00 -0.86600E-02 -0.23591E+03  0.00000E+00 -0.14849E+04  0.00000E+00  0.90078E-06  0.46512E+03  0.60403E+01  0.00000E+00     55  0.00000E+00      0.000
      17.6191 -0.86000E+00  0.00000E+00 -0.86000E+00  0.00000E+00 -0.12192E-02 -0.65522E+01  0.00000E+00 -0.65522E+01  0.00000E+00 -0.93857E-02 -0.21996E+03  0.00000E+00 -0.14856E+04  0.00000E+00  0.90078E-06  0.46563E+03  0.65522E+01  0.00000E+00     56  0.00000E+00      0.000
      18.2143 -0.86000E+00  0.00000E+00 -0.86000E+00  0.00000E+00 -0.12176E-02 -0.70641E+01  0.00000E+00 -0.70641E+01  0.00000E+00 -0.10110E-01 -0.20282E+03  0.00000E+00 -0.14862E+04  0.00000E+00  0.90078E-06  0.46614E+03  0.70641E+01  0.00000E+00     57  0.00000E+00      0.000
      18.8096 -0.86000E+00  0.00000E+00 -0.86000E+00  0.00000E+00 -0.12159E-02 -0.75760E+01  0.00000E+00 -0.75760E+01  0.00000E+00 -0.10834E-01 -0.18850E+03  0.00000E+00 -0.14869E+04  0.00000E+00  0.90078E-06  0.46665E+03  0.75760E+01  0.00000E+00     58  0.00000E+00      0.000
      19.4048 -0.86000E+00  0.00000E+00 -0.86000E+00  0.00000E+00 -0.12144E-02 -0.80879E+01  0.00000E+00 -0.80879E+01  0.00000E+00 -0.11557E-01 -0.17619E+03  0.00000E+00 -0.14875E+04  0.00000E+00  0.90078E-06  0.46716E+03  0.80879E+01  0.00000E+00     59  0.00000E+00      0.000
      20.0000 -0.86000E+00  0.00000E+00 -0.86000E+00  0.00000E+00 -0.12129E-02 -0.85998E+01  0.00000E+00 -0.85998E+01  0.00000E+00 -0.12279E-01 -0.16549E+03  0.00000E+00 -0.14881E+04  0.00000E+00  0.90078E-06  0.46767E+03  0.85998E+01  0.00000E+00     60  0.00000E+00      0.000
      20.0001 -0.14000E+00  0.00000E+00 -0.14121E+00  0.00000E+00 -0.90596E-03 -0.85998E+01  0.00000E+00 -0.85998E+01  0.00000E+00 -0.12279E-01 -0.16531E+03  0.00000E+00 -0.14881E+04  0.12078E-02  0.10216E-05  0.46767E+03  0.85998E+01  0.00000E+00     61  0.00000E+00      0.000
      20.0002 -0.14000E+00  0.00000E+00 -0.14000E+00  0.00000E+00 -0.90601E-03 -0.85998E+01  0.00000E+00 -0.85998E+01  0.00000E+00 -0.12279E-01 -0.16541E+03  0.00000E+00 -0.14881E+04  0.00000E+00  0.10216E-05  0.46767E+03  0.85998E+01  0.00000E+00     62  0.00000E+00      0.000
      20.0004 -0.14000E+00  0.00000E+00 -0.13983E+00  0.00000E+00 -0.90602E-03 -0.85998E+01  0.00000E+00 -0.85998E+01  0.00000E+00 -0.12279E-01 -0.16544E+03  0.00000E+00 -0.14881E+04  0.17132E-03  0.10505E-05  0.46767E+03  0.85998E+01  0.00000E+00     63  0.00000E+00      0.000
      20.0006 -0.14000E+00  0.00000E+00 -0.13960E+00  0.00000E+00 -0.90599E-03 -0.85998E+01  0.00000E+00 -0.85998E+01  0.00000E+00 -0.12280E-01 -0.16555E+03  0.00000E+00 -0.14881E+04  0.39668E-03  0.11377E-05  0.46767E+03  0.85998E+01  0.00000E+00     64  0.00000E+00      0.000
      20.0009 -0.14000E+00  0.00000E+00 -0.13978E+00  0.00000E+00 -0.14278E-02 -0.85999E+01  0.00000E+00 -0.85999E+01  0.00000E+00 -0.12280E-01 -0.16566E+03  0.00000E+00 -0.14881E+04  0.21775E-03  0.11999E-05  0.46767E+03  0.85999E+01  0.00000E+00     65  0.00000E+00      0.000
      20.0013 -0.14000E+00  0.00000E+00 -0.14026E+00  0.00000E+00 -0.13073E-02 -0.85999E+01  0.00000E+00 -0.85999E+01  0.00000E+00 -0.12280E-01 -0.16582E+03  0.00000E+00 -0.14881E+04  0.26159E-03  0.12970E-05  0.46767E+03  0.85999E+01  0.00000E+00     66  0.00000E+00      0.000
      20.0018 -0.14000E+00  0.00000E+00 -0.13986E+00  0.00000E+00 -0.12147E-02 -0.86000E+01  0.00000E+00 -0.86000E+01  0.00000E+00 -0.12281E-01 -0.16602E+03  0.00000E+00 -0.14881E+04  0.13657E-03  0.13629E-05  0.46767E+03  0.86000E+01  0.00000E+00     67  0.00000E+00      0.000
      20.0024 -0.14000E+00  0.00000E+00 -0.14011E+00  0.00000E+00 -0.11435E-02 -0.86001E+01  0.00000E+00 -0.86001E+01  0.00000E+00 -0.12282E-01 -0.16629E+03  0.00000E+00 -0.14881E+04  0.11234E-03  0.14334E-05  0.46767E+03  0.86001E+01  0.00000E+00     68  0.00000E+00      0.000
      20.0032 -0.14000E+00  0.00000E+00 -0.13987E+00  0.00000E+00 -0.12713E-02 -0.86002E+01  0.00000E+00 -0.86002E+01  0.00000E+00 -0.12283E-01 -0.16663E+03  0.00000E+00 -0.14881E+04  0.12876E-03  0.15384E-05  0.46767E+03  0.86002E+01  0.00000E+00     69  0.00000E+00      0.000
      20.0043 -0.14000E+00  0.00000E+00 -0.13997E+00  0.00000E+00 -0.11870E-02 -0.86004E+01  0.00000E+00 -0.86004E+01  0.00000E+00 -0.12284E-01 -0.16706E+03  0.00000E+00 -0.14881E+04  0.34586E-04  0.15751E-05  0.46767E+03  0.86004E+01  0.00000E+00     70  0.00000E+00      0.000
      20.0056 -0.14000E+00  0.00000E+00 -0.14004E+00  0.00000E+00 -0.12302E-02 -0.86006E+01  0.00000E+00 -0.86006E+01  0.00000E+00 -0.12286E-01 -0.16763E+03  0.00000E+00 -0.14881E+04  0.44152E-04  0.16360E-05  0.46767E+03  0.86006E+01  0.00000E+00     71  0.00000E+00      0.000
      20.0074 -0.14000E+00  0.00000E+00 -0.13998E+00  0.00000E+00 -0.12386E-02 -0.86008E+01  0.00000E+00 -0.86008E+01  0.00000E+00 -0.12288E-01 -0.16835E+03  0.00000E+00 -0.14881E+04  0.20638E-04  0.16730E-05  0.46767E+03  0.86008E+01  0.00000E+00     72  0.00000E+00      0.000
      20.0098 -0.14000E+00  0.00000E+00 -0.14000E+00  0.00000E+00 -0.12258E-02 -0.86011E+01  0.00000E+00 -0.86011E+01  0.00000E+00 -0.12291E-01 -0.16927E+03  0.00000E+00 -0.14881E+04  0.00000E+00  0.16730E-05  0.46767E+03  0.86011E+01  0.00000E+00     73  0.00000E+00      0.000
      20.0128 -0.14000E+00  0.00000E+00 -0.14005E+00  0.00000E+00 -0.12013E-02 -0.86016E+01  0.00000E+00 -0.86016E+01  0.00000E+00 -0.12294E-01 -0.17044E+03  0.00000E+00 -0.14881E+04  0.48205E-04  0.18190E-05  0.46767E+03  0.86016E+01  0.00000E+00     74  0.00000E+00      0.000
      20.0167 -0.14000E+00  0.00000E+00 -0.13999E+00  0.00000E+00 -0.12090E-02 -0.86021E+01  0.00000E+00 -0.86021E+01  0.00000E+00 -0.12299E-01 -0.17192E+03  0.00000E+00 -0.14881E+04  0.10267E-04  0.18594E-05  0.46767E+03  0.86021E+01  0.00000E+00     75  0.00000E+00      0.000
      20.0218 -0.14000E+00  0.00000E+00 -0.14003E+00  0.00000E+00 -0.11974E-02 -0.86028E+01  0.00000E+00 -0.86028E+01  0.00000E+00 -0.12305E-01 -0.17378E+03  0.00000E+00 -0.14881E+04  0.27582E-04  0.20006E-05  0.46768E+03  0.86028E+01  0.00000E+00     76  0.00000E+00      0.000
      20.0285 -0.14000E+00  0.00000E+00 -0.14001E+00  0.00000E+00 -0.12199E-02 -0.86038E+01  0.00000E+00 -0.86038E+01  0.00000E+00 -0.12313E-01 -0.17609E+03  0.00000E+00 -0.14882E+04  0.10356E-04  0.20695E-05  0.46768E+03  0.86038E+01  0.00000E+00     77  0.00000E+00      0.000
      20.0372 -0.14000E+00  0.00000E+00 -0.13999E+00  0.00000E+00 -0.12166E-02 -0.86050E+01  0.00000E+00 -0.86050E+01  0.00000E+00 -0.12324E-01 -0.17893E+03  0.00000E+00 -0.14882E+04  0.00000E+00  0.20695E-05  0.46768E+03  0.86050E+01  0.00000E+00     78  0.00000E+00      0.000
      20.0484 -0.14000E+00  0.00000E+00 -0.14000E+00  0.00000E+00 -0.12114E-02 -0.86065E+01  0.00000E+00 -0.86065E+01  0.00000E+00 -0.12338E-01 -0.18238E+03  0.00000E+00 -0.14882E+04  0.00000E+00  0.20695E-05  0.46768E+03  0.86065E+01  0.00000E+00     79  0.00000E+00      0.000
      20.0630 -0.14000E+00  0.00000E+00 -0.13999E+00  0.00000E+00 -0.12127E-02 -0.86086E+01  0.00000E+00 -0.86086E+01  0.00000E+00 -0.12355E-01 -0.18649E+03  0.00000E+00 -0.14882E+04  0.00000E+00  0.20695E-05  0.46768E+03  0.86086E+01  0.00000E+00     80  0.00000E+00      0.000
      20.0820 -0.14000E+00  0.00000E+00 -0.14000E+00  0.00000E+00 -0.12130E-02 -0.86112E+01  0.00000E+00 -0.86112E+01  0.00000E+00 -0.12378E-01 -0.19182E+03  0.00000E+00 -0.14882E+04  0.00000E+00  0.20695E-05  0.46768E+03  0.86112E+01  0.00000E+00     81  0.00000E+00      0.000
      20.1067 -0.14000E+00  0.00000E+00 -0.14001E+00  0.00000E+00 -0.12152E-02 -0.86147E+01  0.00000E+00 -0.86147E+01  0.00000E+00 -0.12408E-01 -0.19803E+03  0.00000E+00 -0.14882E+04  0.00000E+00  0.20695E-05  0.46769E+03  0.86147E+01  0.00000E+00     82  0.00000E+00      0.000
      20.1388 -0.14000E+00  0.00000E+00 -0.14000E+00  0.00000E+00 -0.12143E-02 -0.86192E+01  0.00000E+00 -0.86192E+01  0.00000E+00 -0.12447E-01 -0.20517E+03  0.00000E+00 -0.14883E+04  0.00000E+00  0.20695E-05  0.46769E+03  0.86192E+01  0.00000E+00     83  0.00000E+00      0.000
      20.1806 -0.14000E+00  0.00000E+00 -0.14000E+00  0.00000E+00 -0.12121E-02 -0.86250E+01  0.00000E+00 -0.86250E+01  0.00000E+00 -0.12498E-01 -0.21315E+03  0.00000E+00 -0.14883E+04  0.00000E+00  0.20695E-05  0.46770E+03  0.86250E+01  0.00000E+00     84  0.00000E+00      0.000
      20.2349 -0.14000E+00  0.00000E+00 -0.14000E+00  0.00000E+00 -0.12115E-02 -0.86326E+01  0.00000E+00 -0.86326E+01  0.00000E+00 -0.12564E-01 -0.22190E+03  0.00000E+00 -0.14884E+04  0.00000E+00  0.20695E-05  0.46770E+03  0.86326E+01  0.00000E+00     85  0.00000E+00      0.000
      20.3054 -0.14000E+00  0.00000E+00 -0.14000E+00  0.00000E+00 -0.12125E-02 -0.86425E+01  0.00000E+00 -0.86425E+01  0.00000E+00 -0.12649E-01 -0.23131E+03  0.00000E+00 -0.14884E+04  0.00000E+00  0.20695E-05  0.46771E+03  0.86425E+01  0.00000E+00     86  0.00000E+00      0.000
      20.3972 -0.14000E+00  0.00000E+00 -0.14000E+00  0.00000E+00 -0.12124E-02 -0.86554E+01  0.00000E+00 -0.86554E+01  0.00000E+00 -0.12761E-01 -0.24243E+03  0.00000E+00 -0.14885E+04  0.00000E+00  0.20695E-05  0.46773E+03  0.86554E+01  0.00000E+00     87  0.00000E+00      0.000
      20.5164 -0.14000E+00  0.00000E+00 -0.14000E+00  0.00000E+00 -0.12110E-02 -0.86721E+01  0.00000E+00 -0.86721E+01  0.00000E+00 -0.12905E-01 -0.25497E+03  0.00000E+00 -0.14886E+04  0.00000E+00  0.20695E-05  0.46774E+03  0.86721E+01  0.00000E+00     88  0.00000E+00      0.000
      20.6715 -0.14000E+00  0.00000E+00 -0.14000E+00  0.00000E+00 -0.12117E-02 -0.86938E+01  0.00000E+00 -0.86938E+01  0.00000E+00 -0.13093E-01 -0.26836E+03  0.00000E+00 -0.14888E+04  0.00000E+00  0.20695E-05  0.46777E+03  0.86938E+01  0.00000E+00     89  0.00000E+00      0.000
      20.8730 -0.14000E+00  0.00000E+00 -0.14000E+00  0.00000E+00 -0.12104E-02 -0.87220E+01  0.00000E+00 -0.87220E+01  0.00000E+00 -0.13337E-01 -0.28241E+03  0.00000E+00 -0.14890E+04  0.00000E+00  0.20695E-05  0.46779E+03  0.87220E+01  0.00000E+00     90  0.00000E+00      0.000
      21.1350 -0.14000E+00  0.00000E+00 -0.14000E+00  0.00000E+00 -0.12099E-02 -0.87587E+01  0.00000E+00 -0.87587E+01  0.00000E+00 -0.13654E-01 -0.29666E+03  0.00000E+00 -0.14892E+04  0.00000E+00  0.20695E-05  0.46783E+03  0.87587E+01  0.00000E+00     91  0.00000E+00      0.000
      21.4756 -0.14000E+00  0.00000E+00 -0.14000E+00  0.00000E+00 -0.12095E-02 -0.88063E+01  0.00000E+00 -0.88063E+01  0.00000E+00 -0.14066E-01 -0.31270E+03  0.00000E+00 -0.14896E+04  0.00000E+00  0.20695E-05  0.46788E+03  0.88063E+01  0.00000E+00     92  0.00000E+00      0.000
      21.9184 -0.14000E+00  0.00000E+00 -0.14000E+00  0.00000E+00 -0.12082E-02 -0.88683E+01  0.00000E+00 -0.88683E+01  0.00000E+00 -0.14601E-01 -0.33029E+03  0.00000E+00 -0.14900E+04  0.00000E+00  0.20695E-05  0.46794E+03  0.88683E+01  0.00000E+00     93  0.00000E+00      0.000
      22.4940 -0.14000E+00  0.00000E+00 -0.14000E+00  0.00000E+00 -0.12070E-02 -0.89489E+01  0.00000E+00 -0.89489E+01  0.00000E+00 -0.15295E-01 -0.34685E+03  0.00000E+00 -0.14905E+04  0.00000E+00  0.20695E-05  0.46802E+03  0.89489E+01  0.00000E+00     94  0.00000E+00      0.000
      23.2446 -0.14000E+00  0.00000E+00 -0.14000E+00  0.00000E+00 -0.12052E-02 -0.90540E+01  0.00000E+00 -0.90540E+01  0.00000E+00 -0.16200E-01 -0.36373E+03  0.00000E+00 -0.14911E+04  0.00000E+00  0.20695E-05  0.46812E+03  0.90540E+01  0.00000E+00     95  0.00000E+00      0.000
      24.2096 -0.14000E+00  0.00000E+00 -0.14000E+00  0.00000E+00 -0.12032E-02 -0.91891E+01  0.00000E+00 -0.91891E+01  0.00000E+00 -0.17361E-01 -0.37789E+03  0.00000E+00 -0.14919E+04  0.00000E+00  0.20695E-05  0.46826E+03  0.91891E+01  0.00000E+00     96  0.00000E+00      0.000
      25.3677 -0.14000E+00  0.00000E+00 -0.14000E+00  0.00000E+00 -0.12008E-02 -0.93512E+01  0.00000E+00 -0.93512E+01  0.00000E+00 -0.18752E-01 -0.39084E+03  0.00000E+00 -0.14929E+04  0.00000E+00  0.20695E-05  0.46842E+03  0.93512E+01  0.00000E+00     97  0.00000E+00      0.000
      26.9118 -0.14000E+00  0.00000E+00 -0.14000E+00  0.00000E+00 -0.11978E-02 -0.95674E+01  0.00000E+00 -0.95674E+01  0.00000E+00 -0.20601E-01 -0.40179E+03  0.00000E+00 -0.14940E+04  0.00000E+00  0.20695E-05  0.46863E+03  0.95674E+01  0.00000E+00     98  0.00000E+00      0.000
      30.0000 -0.14000E+00  0.00000E+00 -0.14000E+00  0.00000E+00 -0.11921E-02 -0.99998E+01  0.00000E+00 -0.99998E+01  0.00000E+00 -0.24283E-01 -0.41246E+03  0.00000E+00 -0.14962E+04  0.00000E+00  0.20695E-05  0.46906E+03  0.99998E+01  0.00000E+00     99  0.00000E+00      0.000
      30.0001 -0.19000E+00  0.00000E+00 -0.19090E+00  0.00000E+00 -0.97956E-03 -0.99998E+01  0.00000E+00 -0.99998E+01  0.00000E+00 -0.24283E-01 -0.41222E+03  0.00000E+00 -0.14962E+04  0.90452E-03  0.21599E-05  0.46906E+03  0.99998E+01  0.00000E+00    100  0.00000E+00      0.000
      30.0002 -0.19000E+00  0.00000E+00 -0.18913E+00  0.00000E+00 -0.97965E-03 -0.99998E+01  0.00000E+00 -0.99998E+01  0.00000E+00 -0.24283E-01 -0.41226E+03  0.00000E+00 -0.14962E+04  0.87026E-03  0.22731E-05  0.46906E+03  0.99998E+01  0.00000E+00    101  0.00000E+00      0.000
      30.0004 -0.19000E+00  0.00000E+00 -0.18911E+00  0.00000E+00 -0.97959E-03 -0.99998E+01  0.00000E+00 -0.99998E+01  0.00000E+00 -0.24283E-01 -0.41221E+03  0.00000E+00 -0.14962E+04  0.88742E-03  0.24230E-05  0.46906E+03  0.99998E+01  0.00000E+00    102  0.00000E+00      0.000
      30.0006 -0.19000E+00  0.00000E+00 -0.18942E+00  0.00000E+00 -0.97963E-03 -0.99999E+01  0.00000E+00 -0.99999E+01  0.00000E+00 -0.24283E-01 -0.41222E+03  0.00000E+00 -0.14962E+04  0.58439E-03  0.25514E-05  0.46906E+03  0.99999E+01  0.00000E+00    103  0.00000E+00      0.000
      30.0009 -0.19000E+00  0.00000E+00 -0.19027E+00  0.00000E+00 -0.97963E-03 -0.99999E+01  0.00000E+00 -0.99999E+01  0.00000E+00 -0.24284E-01 -0.41219E+03  0.00000E+00 -0.14962E+04  0.27369E-03  0.26296E-05  0.46906E+03  0.99999E+01  0.00000E+00    104  0.00000E+00      0.000
      30.0013 -0.19000E+00  0.00000E+00 -0.18991E+00  0.00000E+00 -0.13809E-02 -0.10000E+02  0.00000E+00 -0.10000E+02  0.00000E+00 -0.24284E-01 -0.41218E+03  0.00000E+00 -0.14962E+04  0.88379E-04  0.26624E-05  0.46906E+03  0.10000E+02  0.00000E+00    105  0.00000E+00      0.000
      30.0018 -0.19000E+00  0.00000E+00 -0.18971E+00  0.00000E+00 -0.12884E-02 -0.10000E+02  0.00000E+00 -0.10000E+02  0.00000E+00 -0.24285E-01 -0.41215E+03  0.00000E+00 -0.14962E+04  0.28743E-03  0.28011E-05  0.46906E+03  0.10000E+02  0.00000E+00    106  0.00000E+00      0.000
      30.0024 -0.19000E+00  0.00000E+00 -0.19001E+00  0.00000E+00 -0.12172E-02 -0.10000E+02  0.00000E+00 -0.10000E+02  0.00000E+00 -0.24286E-01 -0.41212E+03  0.00000E+00 -0.14962E+04  0.13232E-04  0.28094E-05  0.46906E+03  0.10000E+02  0.00000E+00    107  0.00000E+00      0.000
      30.0032 -0.19000E+00  0.00000E+00 -0.18995E+00  0.00000E+00 -0.11624E-02 -0.10000E+02  0.00000E+00 -0.10000E+02  0.00000E+00 -0.24287E-01 -0.41208E+03  0.00000E+00 -0.14962E+04  0.51633E-04  0.28516E-05  0.46906E+03  0.10000E+02  0.00000E+00    108  0.00000E+00      0.000
      30.0043 -0.19000E+00  0.00000E+00 -0.19003E+00  0.00000E+00 -0.11202E-02 -0.10001E+02  0.00000E+00 -0.10001E+02  0.00000E+00 -0.24288E-01 -0.41203E+03  0.00000E+00 -0.14962E+04  0.25243E-04  0.28783E-05  0.46906E+03  0.10001E+02  0.00000E+00    109  0.00000E+00      0.000
      30.0056 -0.19000E+00  0.00000E+00 -0.19005E+00  0.00000E+00 -0.11959E-02 -0.10001E+02  0.00000E+00 -0.10001E+02  0.00000E+00 -0.24289E-01 -0.41196E+03  0.00000E+00 -0.14962E+04  0.54777E-04  0.29538E-05  0.46906E+03  0.10001E+02  0.00000E+00    110  0.00000E+00      0.000
      30.0074 -0.19000E+00  0.00000E+00 -0.19003E+00  0.00000E+00 -0.11460E-02 -0.10001E+02  0.00000E+00 -0.10001E+02  0.00000E+00 -0.24291E-01 -0.41188E+03  0.00000E+00 -0.14962E+04  0.31605E-04  0.30105E-05  0.46906E+03  0.10001E+02  0.00000E+00    111  0.00000E+00      0.000
      30.0098 -0.19000E+00  0.00000E+00 -0.18999E+00  0.00000E+00 -0.11716E-02 -0.10002E+02  0.00000E+00 -0.10002E+02  0.00000E+00 -0.24294E-01 -0.41176E+03  0.00000E+00 -0.14962E+04  0.00000E+00  0.30105E-05  0.46906E+03  0.10002E+02  0.00000E+00    112  0.00000E+00      0.000
      30.0128 -0.19000E+00  0.00000E+00 -0.18995E+00  0.00000E+00 -0.11765E-02 -0.10002E+02  0.00000E+00 -0.10002E+02  0.00000E+00 -0.24298E-01 -0.41162E+03  0.00000E+00 -0.14962E+04  0.48310E-04  0.31568E-05  0.46906E+03  0.10002E+02  0.00000E+00    113  0.00000E+00      0.000
      30.0167 -0.19000E+00  0.00000E+00 -0.18998E+00  0.00000E+00 -0.12068E-02 -0.10003E+02  0.00000E+00 -0.10003E+02  0.00000E+00 -0.24302E-01 -0.41143E+03  0.00000E+00 -0.14962E+04  0.19044E-04  0.32318E-05  0.46906E+03  0.10003E+02  0.00000E+00    114  0.00000E+00      0.000
      30.0218 -0.19000E+00  0.00000E+00 -0.19001E+00  0.00000E+00 -0.11836E-02 -0.10004E+02  0.00000E+00 -0.10004E+02  0.00000E+00 -0.24309E-01 -0.41119E+03  0.00000E+00 -0.14962E+04  0.11891E-04  0.32927E-05  0.46906E+03  0.10004E+02  0.00000E+00    115  0.00000E+00      0.000
      30.0285 -0.19000E+00  0.00000E+00 -0.19000E+00  0.00000E+00 -0.11813E-02 -0.10005E+02  0.00000E+00 -0.10005E+02  0.00000E+00 -0.24316E-01 -0.41088E+03  0.00000E+00 -0.14962E+04  0.00000E+00  0.32927E-05  0.46907E+03  0.10005E+02  0.00000E+00    116  0.00000E+00      0.000
      30.0372 -0.19000E+00  0.00000E+00 -0.19000E+00  0.00000E+00 -0.11865E-02 -0.10007E+02  0.00000E+00 -0.10007E+02  0.00000E+00 -0.24327E-01 -0.41048E+03  0.00000E+00 -0.14962E+04  0.00000E+00  0.32927E-05  0.46907E+03  0.10007E+02  0.00000E+00    117  0.00000E+00      0.000
      30.0484 -0.19000E+00  0.00000E+00 -0.19000E+00  0.00000E+00 -0.11917E-02 -0.10009E+02  0.00000E+00 -0.10009E+02  0.00000E+00 -0.24340E-01 -0.40997E+03  0.00000E+00 -0.14962E+04  0.00000E+00  0.32927E-05  0.46907E+03  0.10009E+02  0.00000E+00    118  0.00000E+00      0.000
      30.0630 -0.19000E+00  0.00000E+00 -0.19001E+00  0.00000E+00 -0.11938E-02 -0.10012E+02  0.00000E+00 -0.10012E+02  0.00000E+00 -0.24358E-01 -0.40934E+03  0.00000E+00 -0.14962E+04  0.00000E+00  0.32927E-05  0.46907E+03  0.10012E+02  0.00000E+00    119  0.00000E+00      0.000
      30.0820 -0.19000E+00  0.00000E+00 -0.19001E+00  0.00000E+00 -0.11916E-02 -0.10015E+02  0.00000E+00 -0.10015E+02  0.00000E+00 -0.24380E-01 -0.40854E+03  0.00000E+00 -0.14963E+04  0.00000E+00  0.32927E-05  0.46908E+03  0.10015E+02  0.00000E+00    120  0.00000E+00      0.000
      30.1067 -0.19000E+00  0.00000E+00 -0.19000E+00  0.00000E+00 -0.11911E-02 -0.10020E+02  0.00000E+00 -0.10020E+02  0.00000E+00 -0.24410E-01 -0.40756E+03  0.00000E+00 -0.14963E+04  0.00000E+00  0.32927E-05  0.46908E+03  0.10020E+02  0.00000E+00    121  0.00000E+00      0.000
      30.1388 -0.19000E+00  0.00000E+00 -0.19000E+00  0.00000E+00 -0.11936E-02 -0.10026E+02  0.00000E+00 -0.10026E+02  0.00000E+00 -0.24448E-01 -0.40636E+03  0.00000E+00 -0.14963E+04  0.00000E+00  0.32927E-05  0.46909E+03  0.10026E+02  0.00000E+00    122  0.00000E+00      0.000
      30.1806 -0.19000E+00  0.00000E+00 -0.19000E+00  0.00000E+00 -0.11908E-02 -0.10034E+02  0.00000E+00 -0.10034E+02  0.00000E+00 -0.24498E-01 -0.40491E+03  0.00000E+00 -0.14963E+04  0.00000E+00  0.32927E-05  0.46909E+03  0.10034E+02  0.00000E+00    123  0.00000E+00      0.000
      30.2349 -0.19000E+00  0.00000E+00 -0.19000E+00  0.00000E+00 -0.11920E-02 -0.10044E+02  0.00000E+00 -0.10044E+02  0.00000E+00 -0.24562E-01 -0.40319E+03  0.00000E+00 -0.14964E+04  0.00000E+00  0.32927E-05  0.46910E+03  0.10044E+02  0.00000E+00    124  0.00000E+00      0.000
      30.3054 -0.19000E+00  0.00000E+00 -0.19000E+00  0.00000E+00 -0.11919E-02 -0.10058E+02  0.00000E+00 -0.10058E+02  0.00000E+00 -0.24646E-01 -0.40120E+03  0.00000E+00 -0.14964E+04  0.00000E+00  0.32927E-05  0.46912E+03  0.10058E+02  0.00000E+00    125  0.00000E+00      0.000
      30.3972 -0.19000E+00  0.00000E+00 -0.19000E+00  0.00000E+00 -0.11907E-02 -0.10075E+02  0.00000E+00 -0.10075E+02  0.00000E+00 -0.24756E-01 -0.39894E+03  0.00000E+00 -0.14965E+04  0.00000E+00  0.32927E-05  0.46914E+03  0.10075E+02  0.00000E+00    126  0.00000E+00      0.000
      30.5164 -0.19000E+00  0.00000E+00 -0.19000E+00  0.00000E+00 -0.11915E-02 -0.10098E+02  0.00000E+00 -0.10098E+02  0.00000E+00 -0.24898E-01 -0.39642E+03  0.00000E+00 -0.14966E+04  0.00000E+00  0.32927E-05  0.46916E+03  0.10098E+02  0.00000E+00    127  0.00000E+00      0.000
      30.6715 -0.19000E+00  0.00000E+00 -0.19000E+00  0.00000E+00 -0.11908E-02 -0.10127E+02  0.00000E+00 -0.10127E+02  0.00000E+00 -0.25082E-01 -0.39366E+03  0.00000E+00 -0.14967E+04  0.00000E+00  0.32927E-05  0.46919E+03  0.10127E+02  0.00000E+00    128  0.00000E+00      0.000
      30.8730 -0.19000E+00  0.00000E+00 -0.19000E+00  0.00000E+00 -0.11907E-02 -0.10166E+02  0.00000E+00 -0.10166E+02  0.00000E+00 -0.25322E-01 -0.39066E+03  0.00000E+00 -0.14968E+04  0.00000E+00  0.32927E-05  0.46922E+03  0.10166E+02  0.00000E+00    129  0.00000E+00      0.000
      31.1350 -0.19000E+00  0.00000E+00 -0.19000E+00  0.00000E+00 -0.11898E-02 -0.10215E+02  0.00000E+00 -0.10215E+02  0.00000E+00 -0.25634E-01 -0.38738E+03  0.00000E+00 -0.14970E+04  0.00000E+00  0.32927E-05  0.46927E+03  0.10215E+02  0.00000E+00    130  0.00000E+00      0.000
      31.4756 -0.19000E+00  0.00000E+00 -0.19000E+00  0.00000E+00 -0.11893E-02 -0.10280E+02  0.00000E+00 -0.10280E+02  0.00000E+00 -0.26039E-01 -0.38378E+03  0.00000E+00 -0.14972E+04  0.00000E+00  0.32927E-05  0.46934E+03  0.10280E+02  0.00000E+00    131  0.00000E+00      0.000
      31.9184 -0.19000E+00  0.00000E+00 -0.19000E+00  0.00000E+00 -0.11887E-02 -0.10364E+02  0.00000E+00 -0.10364E+02  0.00000E+00 -0.26566E-01 -0.37972E+03  0.00000E+00 -0.14975E+04  0.00000E+00  0.32927E-05  0.46942E+03  0.10364E+02  0.00000E+00    132  0.00000E+00      0.000
      32.4940 -0.19000E+00  0.00000E+00 -0.19000E+00  0.00000E+00 -0.11878E-02 -0.10474E+02  0.00000E+00 -0.10474E+02  0.00000E+00 -0.27249E-01 -0.37585E+03  0.00000E+00 -0.14979E+04  0.00000E+00  0.32927E-05  0.46953E+03  0.10474E+02  0.00000E+00    133  0.00000E+00      0.000
      33.2446 -0.19000E+00  0.00000E+00 -0.19000E+00  0.00000E+00 -0.11864E-02 -0.10616E+02  0.00000E+00 -0.10616E+02  0.00000E+00 -0.28140E-01 -0.37209E+03  0.00000E+00 -0.14984E+04  0.00000E+00  0.32927E-05  0.46967E+03  0.10616E+02  0.00000E+00    134  0.00000E+00      0.000
      34.2096 -0.19000E+00  0.00000E+00 -0.19000E+00  0.00000E+00 -0.11849E-02 -0.10800E+02  0.00000E+00 -0.10800E+02  0.00000E+00 -0.29283E-01 -0.36782E+03  0.00000E+00 -0.14990E+04  0.00000E+00  0.32927E-05  0.46985E+03  0.10800E+02  0.00000E+00    135  0.00000E+00      0.000
      35.3677 -0.19000E+00  0.00000E+00 -0.19000E+00  0.00000E+00 -0.11830E-02 -0.11020E+02  0.00000E+00 -0.11020E+02  0.00000E+00 -0.30653E-01 -0.36329E+03  0.00000E+00 -0.14997E+04  0.00000E+00  0.32927E-05  0.47007E+03  0.11020E+02  0.00000E+00    136  0.00000E+00      0.000
      36.9118 -0.19000E+00  0.00000E+00 -0.19000E+00  0.00000E+00 -0.11805E-02 -0.11313E+02  0.00000E+00 -0.11313E+02  0.00000E+00 -0.32476E-01 -0.35740E+03  0.00000E+00 -0.15006E+04  0.00000E+00  0.32927E-05  0.47036E+03  0.11313E+02  0.00000E+00    137  0.00000E+00      0.000
      40.0000 -0.19000E+00  0.00000E+00 -0.19000E+00  0.00000E+00 -0.11759E-02 -0.11900E+02  0.00000E+00 -0.11900E+02  0.00000E+00 -0.36108E-01 -0.34539E+03  0.00000E+00 -0.15024E+04  0.00000E+00  0.32927E-05  0.47095E+03  0.11900E+02  0.00000E+00    138  0.00000E+00      0.000
      40.0001 -0.14000E+00  0.00000E+00 -0.13854E+00  0.00000E+00 -0.10028E-02 -0.11900E+02  0.00000E+00 -0.11900E+02  0.00000E+00 -0.36108E-01 -0.34582E+03  0.00000E+00 -0.15024E+04  0.14605E-02  0.34387E-05  0.47095E+03  0.11900E+02  0.00000E+00    139  0.00000E+00      0.000
      40.0002 -0.14000E+00  0.00000E+00 -0.14036E+00  0.00000E+00 -0.10028E-02 -0.11900E+02  0.00000E+00 -0.11900E+02  0.00000E+00 -0.36108E-01 -0.34572E+03  0.00000E+00 -0.15024E+04  0.36417E-03  0.34860E-05  0.47095E+03  0.11900E+02  0.00000E+00    140  0.00000E+00      0.000
      40.0004 -0.14000E+00  0.00000E+00 -0.14033E+00  0.00000E+00 -0.10028E-02 -0.11900E+02  0.00000E+00 -0.11900E+02  0.00000E+00 -0.36108E-01 -0.34581E+03  0.00000E+00 -0.15024E+04  0.33413E-03  0.35425E-05  0.47095E+03  0.11900E+02  0.00000E+00    141  0.00000E+00      0.000
      40.0006 -0.14000E+00  0.00000E+00 -0.14004E+00  0.00000E+00 -0.10028E-02 -0.11900E+02  0.00000E+00 -0.11900E+02  0.00000E+00 -0.36108E-01 -0.34578E+03  0.00000E+00 -0.15024E+04  0.40367E-04  0.35514E-05  0.47095E+03  0.11900E+02  0.00000E+00    142  0.00000E+00      0.000
      40.0009 -0.14000E+00  0.00000E+00 -0.14021E+00  0.00000E+00 -0.10028E-02 -0.11900E+02  0.00000E+00 -0.11900E+02  0.00000E+00 -0.36108E-01 -0.34581E+03  0.00000E+00 -0.15024E+04  0.20820E-03  0.36108E-05  0.47095E+03  0.11900E+02  0.00000E+00    143  0.00000E+00      0.000
      40.0013 -0.14000E+00  0.00000E+00 -0.14032E+00  0.00000E+00 -0.10028E-02 -0.11900E+02  0.00000E+00 -0.11900E+02  0.00000E+00 -0.36109E-01 -0.34582E+03  0.00000E+00 -0.15024E+04  0.32404E-03  0.37312E-05  0.47095E+03  0.11900E+02  0.00000E+00    144  0.00000E+00      0.000
      40.0018 -0.14000E+00  0.00000E+00 -0.13971E+00  0.00000E+00 -0.13115E-02 -0.11900E+02  0.00000E+00 -0.11900E+02  0.00000E+00 -0.36109E-01 -0.34585E+03  0.00000E+00 -0.15024E+04  0.29431E-03  0.38732E-05  0.47095E+03  0.11900E+02  0.00000E+00    145  0.00000E+00      0.000
      40.0024 -0.14000E+00  0.00000E+00 -0.13986E+00  0.00000E+00 -0.12403E-02 -0.11900E+02  0.00000E+00 -0.11900E+02  0.00000E+00 -0.36110E-01 -0.34587E+03  0.00000E+00 -0.15024E+04  0.13670E-03  0.39590E-05  0.47095E+03  0.11900E+02  0.00000E+00    146  0.00000E+00      0.000
      40.0032 -0.14000E+00  0.00000E+00 -0.14016E+00  0.00000E+00 -0.11854E-02 -0.11900E+02  0.00000E+00 -0.11900E+02  0.00000E+00 -0.36111E-01 -0.34590E+03  0.00000E+00 -0.15024E+04  0.16010E-03  0.40896E-05  0.47095E+03  0.11900E+02  0.00000E+00    147  0.00000E+00      0.000
      40.0043 -0.14000E+00  0.00000E+00 -0.13989E+00  0.00000E+00 -0.11433E-02 -0.11900E+02  0.00000E+00 -0.11900E+02  0.00000E+00 -0.36112E-01 -0.34595E+03  0.00000E+00 -0.15024E+04  0.11386E-03  0.42103E-05  0.47095E+03  0.11900E+02  0.00000E+00    148  0.00000E+00      0.000
      40.0056 -0.14000E+00  0.00000E+00 -0.13991E+00  0.00000E+00 -0.12189E-02 -0.11901E+02  0.00000E+00 -0.11901E+02  0.00000E+00 -0.36114E-01 -0.34600E+03  0.00000E+00 -0.15024E+04  0.94756E-04  0.43410E-05  0.47095E+03  0.11901E+02  0.00000E+00    149  0.00000E+00      0.000
      40.0074 -0.14000E+00  0.00000E+00 -0.14006E+00  0.00000E+00 -0.11692E-02 -0.11901E+02  0.00000E+00 -0.11901E+02  0.00000E+00 -0.36116E-01 -0.34608E+03  0.00000E+00 -0.15024E+04  0.63688E-04  0.44551E-05  0.47095E+03  0.11901E+02  0.00000E+00    150  0.00000E+00      0.000
      40.0098 -0.14000E+00  0.00000E+00 -0.13998E+00  0.00000E+00 -0.11947E-02 -0.11901E+02  0.00000E+00 -0.11901E+02  0.00000E+00 -0.36119E-01 -0.34617E+03  0.00000E+00 -0.15024E+04  0.21711E-04  0.45057E-05  0.47095E+03  0.11901E+02  0.00000E+00    151  0.00000E+00      0.000
      40.0128 -0.14000E+00  0.00000E+00 -0.13996E+00  0.00000E+00 -0.11504E-02 -0.11902E+02  0.00000E+00 -0.11902E+02  0.00000E+00 -0.36122E-01 -0.34629E+03  0.00000E+00 -0.15024E+04  0.39950E-04  0.46267E-05  0.47095E+03  0.11902E+02  0.00000E+00    152  0.00000E+00      0.000
      40.0167 -0.14000E+00  0.00000E+00 -0.14003E+00  0.00000E+00 -0.11921E-02 -0.11902E+02  0.00000E+00 -0.11902E+02  0.00000E+00 -0.36127E-01 -0.34645E+03  0.00000E+00 -0.15024E+04  0.27865E-04  0.47364E-05  0.47095E+03  0.11902E+02  0.00000E+00    153  0.00000E+00      0.000
      40.0218 -0.14000E+00  0.00000E+00 -0.14000E+00  0.00000E+00 -0.11776E-02 -0.11903E+02  0.00000E+00 -0.11903E+02  0.00000E+00 -0.36133E-01 -0.34664E+03  0.00000E+00 -0.15024E+04  0.00000E+00  0.47364E-05  0.47095E+03  0.11903E+02  0.00000E+00    154  0.00000E+00      0.000
      40.0285 -0.14000E+00  0.00000E+00 -0.14000E+00  0.00000E+00 -0.11820E-02 -0.11904E+02  0.00000E+00 -0.11904E+02  0.00000E+00 -0.36141E-01 -0.34690E+03  0.00000E+00 -0.15024E+04  0.00000E+00  0.47364E-05  0.47095E+03  0.11904E+02  0.00000E+00    155  0.00000E+00      0.000
      40.0372 -0.14000E+00  0.00000E+00 -0.14001E+00  0.00000E+00 -0.11752E-02 -0.11905E+02  0.00000E+00 -0.11905E+02  0.00000E+00 -0.36151E-01 -0.34722E+03  0.00000E+00 -0.15024E+04  0.12875E-04  0.48478E-05  0.47095E+03  0.11905E+02  0.00000E+00    156  0.00000E+00      0.000
      40.0484 -0.14000E+00  0.00000E+00 -0.13999E+00  0.00000E+00 -0.11752E-02 -0.11907E+02  0.00000E+00 -0.11907E+02  0.00000E+00 -0.36164E-01 -0.34763E+03  0.00000E+00 -0.15024E+04  0.00000E+00  0.48478E-05  0.47095E+03  0.11907E+02  0.00000E+00    157  0.00000E+00      0.000
      40.0630 -0.14000E+00  0.00000E+00 -0.13999E+00  0.00000E+00 -0.11763E-02 -0.11909E+02  0.00000E+00 -0.11909E+02  0.00000E+00 -0.36182E-01 -0.34814E+03  0.00000E+00 -0.15024E+04  0.00000E+00  0.48478E-05  0.47096E+03  0.11909E+02  0.00000E+00    158  0.00000E+00      0.000
      40.0820 -0.14000E+00  0.00000E+00 -0.13999E+00  0.00000E+00 -0.11755E-02 -0.11911E+02  0.00000E+00 -0.11911E+02  0.00000E+00 -0.36204E-01 -0.34877E+03  0.00000E+00 -0.15025E+04  0.00000E+00  0.48478E-05  0.47096E+03  0.11911E+02  0.00000E+00    159  0.00000E+00      0.000
      40.1067 -0.14000E+00  0.00000E+00 -0.14000E+00  0.00000E+00 -0.11780E-02 -0.11915E+02  0.00000E+00 -0.11915E+02  0.00000E+00 -0.36233E-01 -0.34954E+03  0.00000E+00 -0.15025E+04  0.00000E+00  0.48478E-05  0.47096E+03  0.11915E+02  0.00000E+00    160  0.00000E+00      0.000
      40.1388 -0.14000E+00  0.00000E+00 -0.14000E+00  0.00000E+00 -0.11749E-02 -0.11919E+02  0.00000E+00 -0.11919E+02  0.00000E+00 -0.36271E-01 -0.35048E+03  0.00000E+00 -0.15025E+04  0.00000E+00  0.48478E-05  0.47097E+03  0.11919E+02  0.00000E+00    161  0.00000E+00      0.000
      40.1806 -0.14000E+00  0.00000E+00 -0.14000E+00  0.00000E+00 -0.11745E-02 -0.11925E+02  0.00000E+00 -0.11925E+02  0.00000E+00 -0.36320E-01 -0.35158E+03  0.00000E+00 -0.15025E+04  0.00000E+00  0.48478E-05  0.47097E+03  0.11925E+02  0.00000E+00    162  0.00000E+00      0.000
      40.2349 -0.14000E+00  0.00000E+00 -0.14000E+00  0.00000E+00 -0.11762E-02 -0.11933E+02  0.00000E+00 -0.11933E+02  0.00000E+00 -0.36384E-01 -0.35286E+03  0.00000E+00 -0.15025E+04  0.00000E+00  0.48478E-05  0.47098E+03  0.11933E+02  0.00000E+00    163  0.00000E+00      0.000
      40.3054 -0.14000E+00  0.00000E+00 -0.14000E+00  0.00000E+00 -0.11744E-02 -0.11943E+02  0.00000E+00 -0.11943E+02  0.00000E+00 -0.36467E-01 -0.35431E+03  0.00000E+00 -0.15026E+04  0.00000E+00  0.48478E-05  0.47099E+03  0.11943E+02  0.00000E+00    164  0.00000E+00      0.000
      40.3972 -0.14000E+00  0.00000E+00 -0.14000E+00  0.00000E+00 -0.11757E-02 -0.11955E+02  0.00000E+00 -0.11955E+02  0.00000E+00 -0.36574E-01 -0.35591E+03  0.00000E+00 -0.15026E+04  0.00000E+00  0.48478E-05  0.47100E+03  0.11955E+02  0.00000E+00    165  0.00000E+00      0.000
      40.5164 -0.14000E+00  0.00000E+00 -0.14000E+00  0.00000E+00 -0.11747E-02 -0.11972E+02  0.00000E+00 -0.11972E+02  0.00000E+00 -0.36714E-01 -0.35764E+03  0.00000E+00 -0.15027E+04  0.00000E+00  0.48478E-05  0.47102E+03  0.11972E+02  0.00000E+00    166  0.00000E+00      0.000
      40.6715 -0.14000E+00  0.00000E+00 -0.14000E+00  0.00000E+00 -0.11749E-02 -0.11994E+02  0.00000E+00 -0.11994E+02  0.00000E+00 -0.36897E-01 -0.35947E+03  0.00000E+00 -0.15028E+04  0.00000E+00  0.48478E-05  0.47104E+03  0.11994E+02  0.00000E+00    167  0.00000E+00      0.000
      40.8730 -0.14000E+00  0.00000E+00 -0.14000E+00  0.00000E+00 -0.11748E-02 -0.12022E+02  0.00000E+00 -0.12022E+02  0.00000E+00 -0.37133E-01 -0.36135E+03  0.00000E+00 -0.15029E+04  0.00000E+00  0.48478E-05  0.47107E+03  0.12022E+02  0.00000E+00    168  0.00000E+00      0.000
      41.1350 -0.14000E+00  0.00000E+00 -0.14000E+00  0.00000E+00 -0.11739E-02 -0.12059E+02  0.00000E+00 -0.12059E+02  0.00000E+00 -0.37441E-01 -0.36325E+03  0.00000E+00 -0.15030E+04  0.00000E+00  0.48478E-05  0.47111E+03  0.12059E+02  0.00000E+00    169  0.00000E+00      0.000
      41.4756 -0.14000E+00  0.00000E+00 -0.14000E+00  0.00000E+00 -0.11736E-02 -0.12106E+02  0.00000E+00 -0.12106E+02  0.00000E+00 -0.37841E-01 -0.36512E+03  0.00000E+00 -0.15032E+04  0.00000E+00  0.48478E-05  0.47115E+03  0.12106E+02  0.00000E+00    170  0.00000E+00      0.000
      41.9184 -0.14000E+00  0.00000E+00 -0.14000E+00  0.00000E+00 -0.11732E-02 -0.12168E+02  0.00000E+00 -0.12168E+02  0.00000E+00 -0.38360E-01 -0.36690E+03  0.00000E+00 -0.15035E+04  0.00000E+00  0.48478E-05  0.47121E+03  0.12168E+02  0.00000E+00    171  0.00000E+00      0.000
      42.4940 -0.14000E+00  0.00000E+00 -0.14000E+00  0.00000E+00 -0.11721E-02 -0.12249E+02  0.00000E+00 -0.12249E+02  0.00000E+00 -0.39035E-01 -0.36852E+03  0.00000E+00 -0.15038E+04  0.00000E+00  0.48478E-05  0.47129E+03  0.12249E+02  0.00000E+00    172  0.00000E+00      0.000
      43.2446 -0.14000E+00  0.00000E+00 -0.14000E+00  0.00000E+00 -0.11712E-02 -0.12354E+02  0.00000E+00 -0.12354E+02  0.00000E+00 -0.39914E-01 -0.36984E+03  0.00000E+00 -0.15042E+04  0.00000E+00  0.48478E-05  0.47140E+03  0.12354E+02  0.00000E+00    173  0.00000E+00      0.000
      44.2096 -0.14000E+00  0.00000E+00 -0.14000E+00  0.00000E+00 -0.11698E-02 -0.12489E+02  0.00000E+00 -0.12489E+02  0.00000E+00 -0.41043E-01 -0.37069E+03  0.00000E+00 -0.15047E+04  0.00000E+00  0.48478E-05  0.47153E+03  0.12489E+02  0.00000E+00    174  0.00000E+00      0.000
      45.3677 -0.14000E+00  0.00000E+00 -0.14000E+00  0.00000E+00 -0.11681E-02 -0.12651E+02  0.00000E+00 -0.12651E+02  0.00000E+00 -0.42396E-01 -0.37093E+03  0.00000E+00 -0.15053E+04  0.00000E+00  0.48478E-05  0.47169E+03  0.12651E+02  0.00000E+00    175  0.00000E+00      0.000
      46.9118 -0.14000E+00  0.00000E+00 -0.14000E+00  0.00000E+00 -0.11660E-02 -0.12867E+02  0.00000E+00 -0.12867E+02  0.00000E+00 -0.44196E-01 -0.37039E+03  0.00000E+00 -0.15061E+04  0.00000E+00  0.48478E-05  0.47191E+03  0.12867E+02  0.00000E+00    176  0.00000E+00      0.000
      50.0000 -0.14000E+00  0.00000E+00 -0.14000E+00  0.00000E+00 -0.11619E-02 -0.13300E+02  0.00000E+00 -0.13300E+02  0.00000E+00 -0.47784E-01 -0.36741E+03  0.00000E+00 -0.15077E+04  0.00000E+00  0.48478E-05  0.47234E+03  0.13300E+02  0.00000E+00    177  0.00000E+00      0.000
      50.0001 -0.30000E-01  0.00000E+00 -0.31639E-01  0.00000E+00 -0.10114E-02 -0.13300E+02  0.00000E+00 -0.13300E+02  0.00000E+00 -0.47784E-01 -0.36738E+03  0.00000E+00 -0.15077E+04  0.16393E-02  0.50117E-05  0.47234E+03  0.13300E+02  0.00000E+00    178  0.00000E+00      0.000
      50.0002 -0.30000E-01  0.00000E+00 -0.31102E-01  0.00000E+00 -0.10114E-02 -0.13300E+02  0.00000E+00 -0.13300E+02  0.00000E+00 -0.47785E-01 -0.36740E+03  0.00000E+00 -0.15077E+04  0.11017E-02  0.51549E-05  0.47234E+03  0.13300E+02  0.00000E+00    179  0.00000E+00      0.000
      50.0004 -0.30000E-01  0.00000E+00 -0.29510E-01  0.00000E+00 -0.10115E-02 -0.13300E+02  0.00000E+00 -0.13300E+02  0.00000E+00 -0.47785E-01 -0.36741E+03  0.00000E+00 -0.15077E+04  0.48961E-03  0.52377E-05  0.47234E+03  0.13300E+02  0.00000E+00    180  0.00000E+00      0.000
      50.0006 -0.30000E-01  0.00000E+00 -0.30253E-01  0.00000E+00 -0.10114E-02 -0.13300E+02  0.00000E+00 -0.13300E+02  0.00000E+00 -0.47785E-01 -0.36743E+03  0.00000E+00 -0.15077E+04  0.25328E-03  0.52933E-05  0.47234E+03  0.13300E+02  0.00000E+00    181  0.00000E+00      0.000
      50.0009 -0.30000E-01  0.00000E+00 -0.30191E-01  0.00000E+00 -0.10115E-02 -0.13300E+02  0.00000E+00 -0.13300E+02  0.00000E+00 -0.47785E-01 -0.36746E+03  0.00000E+00 -0.15077E+04  0.19113E-03  0.53479E-05  0.47234E+03  0.13300E+02  0.00000E+00    182  0.00000E+00      0.000
      50.0013 -0.30000E-01  0.00000E+00 -0.30254E-01  0.00000E+00 -0.10114E-02 -0.13300E+02  0.00000E+00 -0.13300E+02  0.00000E+00 -0.47786E-01 -0.36750E+03  0.00000E+00 -0.15077E+04  0.25441E-03  0.54424E-05  0.47234E+03  0.13300E+02  0.00000E+00    183  0.00000E+00      0.000
      50.0018 -0.30000E-01  0.00000E+00 -0.29828E-01  0.00000E+00 -0.10115E-02 -0.13300E+02  0.00000E+00 -0.13300E+02  0.00000E+00 -0.47786E-01 -0.36754E+03  0.00000E+00 -0.15077E+04  0.17182E-03  0.55253E-05  0.47234E+03  0.13300E+02  0.00000E+00    184  0.00000E+00      0.000
      50.0024 -0.30000E-01  0.00000E+00 -0.30050E-01  0.00000E+00 -0.12488E-02 -0.13300E+02  0.00000E+00 -0.13300E+02  0.00000E+00 -0.47787E-01 -0.36760E+03  0.00000E+00 -0.15077E+04  0.49593E-04  0.55564E-05  0.47234E+03  0.13300E+02  0.00000E+00    185  0.00000E+00      0.000
      50.0032 -0.30000E-01  0.00000E+00 -0.29994E-01  0.00000E+00 -0.11941E-02 -0.13300E+02  0.00000E+00 -0.13300E+02  0.00000E+00 -0.47788E-01 -0.36768E+03  0.00000E+00 -0.15077E+04  0.00000E+00  0.55564E-05  0.47234E+03  0.13300E+02  0.00000E+00    186  0.00000E+00      0.000
      50.0043 -0.30000E-01  0.00000E+00 -0.29956E-01  0.00000E+00 -0.11519E-02 -0.13300E+02  0.00000E+00 -0.13300E+02  0.00000E+00 -0.47789E-01 -0.36778E+03  0.00000E+00 -0.15077E+04  0.44009E-04  0.56031E-05  0.47234E+03  0.13300E+02  0.00000E+00    187  0.00000E+00      0.000
      50.0056 -0.30000E-01  0.00000E+00 -0.30093E-01  0.00000E+00 -0.11196E-02 -0.13300E+02  0.00000E+00 -0.13300E+02  0.00000E+00 -0.47791E-01 -0.36792E+03  0.00000E+00 -0.15077E+04  0.92687E-04  0.57309E-05  0.47234E+03  0.13300E+02  0.00000E+00    188  0.00000E+00      0.000
      50.0074 -0.30000E-01  0.00000E+00 -0.30003E-01  0.00000E+00 -0.11777E-02 -0.13300E+02  0.00000E+00 -0.13300E+02  0.00000E+00 -0.47793E-01 -0.36809E+03  0.00000E+00 -0.15077E+04  0.00000E+00  0.57309E-05  0.47234E+03  0.13300E+02  0.00000E+00    189  0.00000E+00      0.000
      50.0098 -0.30000E-01  0.00000E+00 -0.29975E-01  0.00000E+00 -0.11393E-02 -0.13300E+02  0.00000E+00 -0.13300E+02  0.00000E+00 -0.47795E-01 -0.36831E+03  0.00000E+00 -0.15077E+04  0.24704E-04  0.57884E-05  0.47234E+03  0.13300E+02  0.00000E+00    190  0.00000E+00      0.000
      50.0128 -0.30000E-01  0.00000E+00 -0.30026E-01  0.00000E+00 -0.11590E-02 -0.13300E+02  0.00000E+00 -0.13300E+02  0.00000E+00 -0.47799E-01 -0.36860E+03  0.00000E+00 -0.15077E+04  0.26191E-04  0.58677E-05  0.47234E+03  0.13300E+02  0.00000E+00    191  0.00000E+00      0.000
      50.0167 -0.30000E-01  0.00000E+00 -0.29966E-01  0.00000E+00 -0.11628E-02 -0.13300E+02  0.00000E+00 -0.13300E+02  0.00000E+00 -0.47803E-01 -0.36897E+03  0.00000E+00 -0.15077E+04  0.33846E-04  0.60010E-05  0.47234E+03  0.13300E+02  0.00000E+00    192  0.00000E+00      0.000
      50.0218 -0.30000E-01  0.00000E+00 -0.29989E-01  0.00000E+00 -0.11570E-02 -0.13300E+02  0.00000E+00 -0.13300E+02  0.00000E+00 -0.47809E-01 -0.36944E+03  0.00000E+00 -0.15077E+04  0.10772E-04  0.60561E-05  0.47234E+03  0.13300E+02  0.00000E+00    193  0.00000E+00      0.000
      50.0285 -0.30000E-01  0.00000E+00 -0.30019E-01  0.00000E+00 -0.11681E-02 -0.13301E+02  0.00000E+00 -0.13301E+02  0.00000E+00 -0.47817E-01 -0.37005E+03  0.00000E+00 -0.15077E+04  0.18733E-04  0.61808E-05  0.47234E+03  0.13301E+02  0.00000E+00    194  0.00000E+00      0.000
      50.0372 -0.30000E-01  0.00000E+00 -0.29990E-01  0.00000E+00 -0.11665E-02 -0.13301E+02  0.00000E+00 -0.13301E+02  0.00000E+00 -0.47827E-01 -0.37082E+03  0.00000E+00 -0.15077E+04  0.00000E+00  0.61808E-05  0.47234E+03  0.13301E+02  0.00000E+00    195  0.00000E+00      0.000
      50.0484 -0.30000E-01  0.00000E+00 -0.30012E-01  0.00000E+00 -0.11572E-02 -0.13301E+02  0.00000E+00 -0.13301E+02  0.00000E+00 -0.47840E-01 -0.37181E+03  0.00000E+00 -0.15077E+04  0.11915E-04  0.63148E-05  0.47234E+03  0.13301E+02  0.00000E+00    196  0.00000E+00      0.000
      50.0630 -0.30000E-01  0.00000E+00 -0.30002E-01  0.00000E+00 -0.11643E-02 -0.13302E+02  0.00000E+00 -0.13302E+02  0.00000E+00 -0.47857E-01 -0.37305E+03  0.00000E+00 -0.15077E+04  0.00000E+00  0.63148E-05  0.47234E+03  0.13302E+02  0.00000E+00    197  0.00000E+00      0.000
      50.0820 -0.30000E-01  0.00000E+00 -0.30003E-01  0.00000E+00 -0.11605E-02 -0.13302E+02  0.00000E+00 -0.13302E+02  0.00000E+00 -0.47879E-01 -0.37460E+03  0.00000E+00 -0.15077E+04  0.00000E+00  0.63148E-05  0.47234E+03  0.13302E+02  0.00000E+00    198  0.00000E+00      0.000
      50.1067 -0.30000E-01  0.00000E+00 -0.29995E-01  0.00000E+00 -0.11622E-02 -0.13303E+02  0.00000E+00 -0.13303E+02  0.00000E+00 -0.47908E-01 -0.37653E+03  0.00000E+00 -0.15077E+04  0.00000E+00  0.63148E-05  0.47234E+03  0.13303E+02  0.00000E+00    199  0.00000E+00      0.000
      50.1388 -0.30000E-01  0.00000E+00 -0.30003E-01  0.00000E+00 -0.11600E-02 -0.13304E+02  0.00000E+00 -0.13304E+02  0.00000E+00 -0.47945E-01 -0.37934E+03  0.00000E+00 -0.15077E+04  0.00000E+00  0.63148E-05  0.47234E+03  0.13304E+02  0.00000E+00    200  0.00000E+00      0.000
      50.1806 -0.30000E-01  0.00000E+00 -0.30000E-01  0.00000E+00 -0.11613E-02 -0.13305E+02  0.00000E+00 -0.13305E+02  0.00000E+00 -0.47994E-01 -0.38264E+03  0.00000E+00 -0.15078E+04  0.00000E+00  0.63148E-05  0.47234E+03  0.13305E+02  0.00000E+00    201  0.00000E+00      0.000
      50.2349 -0.30000E-01  0.00000E+00 -0.30003E-01  0.00000E+00 -0.11625E-02 -0.13307E+02  0.00000E+00 -0.13307E+02  0.00000E+00 -0.48057E-01 -0.38660E+03  0.00000E+00 -0.15078E+04  0.00000E+00  0.63148E-05  0.47234E+03  0.13307E+02  0.00000E+00    202  0.00000E+00      0.000
      50.3054 -0.30000E-01  0.00000E+00 -0.30001E-01  0.00000E+00 -0.11614E-02 -0.13309E+02  0.00000E+00 -0.13309E+02  0.00000E+00 -0.48139E-01 -0.39118E+03  0.00000E+00 -0.15078E+04  0.00000E+00  0.63148E-05  0.47235E+03  0.13309E+02  0.00000E+00    203  0.00000E+00      0.000
      50.3972 -0.30000E-01  0.00000E+00 -0.30002E-01  0.00000E+00 -0.11610E-02 -0.13312E+02  0.00000E+00 -0.13312E+02  0.00000E+00 -0.48245E-01 -0.39643E+03  0.00000E+00 -0.15079E+04  0.00000E+00  0.63148E-05  0.47235E+03  0.13312E+02  0.00000E+00    204  0.00000E+00      0.000
      50.5164 -0.30000E-01  0.00000E+00 -0.30000E-01  0.00000E+00 -0.11615E-02 -0.13315E+02  0.00000E+00 -0.13315E+02  0.00000E+00 -0.48384E-01 -0.40234E+03  0.00000E+00 -0.15079E+04  0.00000E+00  0.63148E-05  0.47235E+03  0.13315E+02  0.00000E+00    205  0.00000E+00      0.000
      50.6715 -0.30000E-01  0.00000E+00 -0.30001E-01  0.00000E+00 -0.11607E-02 -0.13320E+02  0.00000E+00 -0.13320E+02  0.00000E+00 -0.48564E-01 -0.40891E+03  0.00000E+00 -0.15080E+04  0.00000E+00  0.63148E-05  0.47236E+03  0.13320E+02  0.00000E+00    206  0.00000E+00      0.000
      50.8730 -0.30000E-01  0.00000E+00 -0.30001E-01  0.00000E+00 -0.11611E-02 -0.13326E+02  0.00000E+00 -0.13326E+02  0.00000E+00 -0.48798E-01 -0.41616E+03  0.00000E+00 -0.15081E+04  0.00000E+00  0.63148E-05  0.47236E+03  0.13326E+02  0.00000E+00    207  0.00000E+00      0.000
      51.1350 -0.30000E-01  0.00000E+00 -0.30001E-01  0.00000E+00 -0.11604E-02 -0.13334E+02  0.00000E+00 -0.13334E+02  0.00000E+00 -0.49102E-01 -0.42413E+03  0.00000E+00 -0.15082E+04  0.00000E+00  0.63148E-05  0.47237E+03  0.13334E+02  0.00000E+00    208  0.00000E+00      0.000
      51.4756 -0.30000E-01  0.00000E+00 -0.30000E-01  0.00000E+00 -0.11599E-02 -0.13344E+02  0.00000E+00 -0.13344E+02  0.00000E+00 -0.49497E-01 -0.43289E+03  0.00000E+00 -0.15084E+04  0.00000E+00  0.63148E-05  0.47238E+03  0.13344E+02  0.00000E+00    209  0.00000E+00      0.000
      51.9184 -0.30000E-01  0.00000E+00 -0.30000E-01  0.00000E+00 -0.11594E-02 -0.13357E+02  0.00000E+00 -0.13357E+02  0.00000E+00 -0.50010E-01 -0.44253E+03  0.00000E+00 -0.15086E+04  0.00000E+00  0.63148E-05  0.47239E+03  0.13357E+02  0.00000E+00    210  0.00000E+00      0.000
      52.4940 -0.30000E-01  0.00000E+00 -0.30000E-01  0.00000E+00 -0.11586E-02 -0.13375E+02  0.00000E+00 -0.13375E+02  0.00000E+00 -0.50677E-01 -0.45327E+03  0.00000E+00 -0.15089E+04  0.00000E+00  0.63148E-05  0.47241E+03  0.13375E+02  0.00000E+00    211  0.00000E+00      0.000
      53.2446 -0.30000E-01  0.00000E+00 -0.30000E-01  0.00000E+00 -0.11577E-02 -0.13397E+02  0.00000E+00 -0.13397E+02  0.00000E+00 -0.51546E-01 -0.46607E+03  0.00000E+00 -0.15092E+04  0.00000E+00  0.63148E-05  0.47243E+03  0.13397E+02  0.00000E+00    212  0.00000E+00      0.000
      54.2096 -0.30000E-01  0.00000E+00 -0.30000E-01  0.00000E+00 -0.11566E-02 -0.13426E+02  0.00000E+00 -0.13426E+02  0.00000E+00 -0.52662E-01 -0.48082E+03  0.00000E+00 -0.15097E+04  0.00000E+00  0.63148E-05  0.47246E+03  0.13426E+02  0.00000E+00    213  0.00000E+00      0.000
      55.3677 -0.30000E-01  0.00000E+00 -0.30000E-01  0.00000E+00 -0.11551E-02 -0.13461E+02  0.00000E+00 -0.13461E+02  0.00000E+00 -0.54000E-01 -0.49694E+03  0.00000E+00 -0.15102E+04  0.00000E+00  0.63148E-05  0.47249E+03  0.13461E+02  0.00000E+00    214  0.00000E+00      0.000
      56.9118 -0.30000E-01  0.00000E+00 -0.30000E-01  0.00000E+00 -0.11531E-02 -0.13507E+02  0.00000E+00 -0.13507E+02  0.00000E+00 -0.55780E-01 -0.51416E+03  0.00000E+00 -0.15110E+04  0.00000E+00  0.63148E-05  0.47254E+03  0.13507E+02  0.00000E+00    215  0.00000E+00      0.000
      60.0000 -0.30000E-01  0.00000E+00 -0.30000E-01  0.00000E+00 -0.11494E-02 -0.13600E+02  0.00000E+00 -0.13600E+02  0.00000E+00 -0.59330E-01 -0.54063E+03  0.00000E+00 -0.15124E+04  0.00000E+00  0.63148E-05  0.47262E+03  0.13600E+02  0.00000E+00    216  0.00000E+00      0.000
      60.0001 -0.20000E-01  0.00000E+00 -0.18692E-01  0.00000E+00 -0.10123E-02 -0.13600E+02  0.00000E+00 -0.13600E+02  0.00000E+00 -0.59330E-01 -0.54157E+03  0.00000E+00 -0.15124E+04  0.13075E-02  0.64455E-05  0.47262E+03  0.13600E+02  0.00000E+00    217  0.00000E+00      0.000
      60.0002 -0.20000E-01  0.00000E+00 -0.20530E-01  0.00000E+00 -0.10123E-02 -0.13600E+02  0.00000E+00 -0.13600E+02  0.00000E+00 -0.59330E-01 -0.54136E+03  0.00000E+00 -0.15124E+04  0.52974E-03  0.65144E-05  0.47262E+03  0.13600E+02  0.00000E+00    218  0.00000E+00      0.000
      60.0004 -0.20000E-01  0.00000E+00 -0.20702E-01  0.00000E+00 -0.10123E-02 -0.13600E+02  0.00000E+00 -0.13600E+02  0.00000E+00 -0.59331E-01 -0.54153E+03  0.00000E+00 -0.15124E+04  0.70207E-03  0.66331E-05  0.47262E+03  0.13600E+02  0.00000E+00    219  0.00000E+00      0.000
      60.0006 -0.20000E-01  0.00000E+00 -0.20289E-01  0.00000E+00 -0.10123E-02 -0.13600E+02  0.00000E+00 -0.13600E+02  0.00000E+00 -0.59331E-01 -0.54147E+03  0.00000E+00 -0.15124E+04  0.28922E-03  0.66966E-05  0.47262E+03  0.13600E+02  0.00000E+00    220  0.00000E+00      0.000
      60.0009 -0.20000E-01  0.00000E+00 -0.19870E-01  0.00000E+00 -0.10122E-02 -0.13600E+02  0.00000E+00 -0.13600E+02  0.00000E+00 -0.59331E-01 -0.54152E+03  0.00000E+00 -0.15124E+04  0.12954E-03  0.67336E-05  0.47262E+03  0.13600E+02  0.00000E+00    221  0.00000E+00      0.000
      60.0013 -0.20000E-01  0.00000E+00 -0.19702E-01  0.00000E+00 -0.10123E-02 -0.13600E+02  0.00000E+00 -0.13600E+02  0.00000E+00 -0.59331E-01 -0.54151E+03  0.00000E+00 -0.15124E+04  0.29776E-03  0.68441E-05  0.47262E+03  0.13600E+02  0.00000E+00    222  0.00000E+00      0.000
      60.0018 -0.20000E-01  0.00000E+00 -0.19882E-01  0.00000E+00 -0.10122E-02 -0.13600E+02  0.00000E+00 -0.13600E+02  0.00000E+00 -0.59332E-01 -0.54152E+03  0.00000E+00 -0.15124E+04  0.11775E-03  0.69010E-05  0.47262E+03  0.13600E+02  0.00000E+00    223  0.00000E+00      0.000
      60.0024 -0.20000E-01  0.00000E+00 -0.19920E-01  0.00000E+00 -0.12498E-02 -0.13600E+02  0.00000E+00 -0.13600E+02  0.00000E+00 -0.59333E-01 -0.54153E+03  0.00000E+00 -0.15124E+04  0.80051E-04  0.69512E-05  0.47262E+03  0.13600E+02  0.00000E+00    224  0.00000E+00      0.000
      60.0032 -0.20000E-01  0.00000E+00 -0.20091E-01  0.00000E+00 -0.11949E-02 -0.13600E+02  0.00000E+00 -0.13600E+02  0.00000E+00 -0.59334E-01 -0.54155E+03  0.00000E+00 -0.15124E+04  0.90953E-04  0.70254E-05  0.47262E+03  0.13600E+02  0.00000E+00    225  0.00000E+00      0.000
      60.0043 -0.20000E-01  0.00000E+00 -0.19936E-01  0.00000E+00 -0.11528E-02 -0.13600E+02  0.00000E+00 -0.13600E+02  0.00000E+00 -0.59335E-01 -0.54157E+03  0.00000E+00 -0.15124E+04  0.64153E-04  0.70934E-05  0.47262E+03  0.13600E+02  0.00000E+00    226  0.00000E+00      0.000
      60.0056 -0.20000E-01  0.00000E+00 -0.20068E-01  0.00000E+00 -0.11203E-02 -0.13600E+02  0.00000E+00 -0.13600E+02  0.00000E+00 -0.59336E-01 -0.54160E+03  0.00000E+00 -0.15124E+04  0.67703E-04  0.71868E-05  0.47262E+03  0.13600E+02  0.00000E+00    227  0.00000E+00      0.000
      60.0074 -0.20000E-01  0.00000E+00 -0.20009E-01  0.00000E+00 -0.11785E-02 -0.13600E+02  0.00000E+00 -0.13600E+02  0.00000E+00 -0.59339E-01 -0.54164E+03  0.00000E+00 -0.15124E+04  0.00000E+00  0.71868E-05  0.47263E+03  0.13600E+02  0.00000E+00    228  0.00000E+00      0.000
      60.0098 -0.20000E-01  0.00000E+00 -0.20067E-01  0.00000E+00 -0.11401E-02 -0.13600E+02  0.00000E+00 -0.13600E+02  0.00000E+00 -0.59341E-01 -0.54169E+03  0.00000E+00 -0.15124E+04  0.66642E-04  0.73420E-05  0.47263E+03  0.13600E+02  0.00000E+00    229  0.00000E+00      0.000
      60.0128 -0.20000E-01  0.00000E+00 -0.19966E-01  0.00000E+00 -0.11598E-02 -0.13600E+02  0.00000E+00 -0.13600E+02  0.00000E+00 -0.59345E-01 -0.54176E+03  0.00000E+00 -0.15124E+04  0.34213E-04  0.74457E-05  0.47263E+03  0.13600E+02  0.00000E+00    230  0.00000E+00      0.000
      60.0167 -0.20000E-01  0.00000E+00 -0.19995E-01  0.00000E+00 -0.11636E-02 -0.13600E+02  0.00000E+00 -0.13600E+02  0.00000E+00 -0.59349E-01 -0.54184E+03  0.00000E+00 -0.15124E+04  0.00000E+00  0.74457E-05  0.47263E+03  0.13600E+02  0.00000E+00    231  0.00000E+00      0.000
      60.0218 -0.20000E-01  0.00000E+00 -0.20030E-01  0.00000E+00 -0.11577E-02 -0.13600E+02  0.00000E+00 -0.13600E+02  0.00000E+00 -0.59355E-01 -0.54195E+03  0.00000E+00 -0.15124E+04  0.29735E-04  0.75979E-05  0.47263E+03  0.13600E+02  0.00000E+00    232  0.00000E+00      0.000
      60.0285 -0.20000E-01  0.00000E+00 -0.20017E-01  0.00000E+00 -0.11466E-02 -0.13600E+02  0.00000E+00 -0.13600E+02  0.00000E+00 -0.59363E-01 -0.54208E+03  0.00000E+00 -0.15124E+04  0.17354E-04  0.77133E-05  0.47263E+03  0.13600E+02  0.00000E+00    233  0.00000E+00      0.000
      60.0372 -0.20000E-01  0.00000E+00 -0.19982E-01  0.00000E+00 -0.11500E-02 -0.13601E+02  0.00000E+00 -0.13601E+02  0.00000E+00 -0.59373E-01 -0.54226E+03  0.00000E+00 -0.15124E+04  0.17697E-04  0.78664E-05  0.47263E+03  0.13601E+02  0.00000E+00    234  0.00000E+00      0.000
      60.0484 -0.20000E-01  0.00000E+00 -0.19998E-01  0.00000E+00 -0.11447E-02 -0.13601E+02  0.00000E+00 -0.13601E+02  0.00000E+00 -0.59386E-01 -0.54249E+03  0.00000E+00 -0.15124E+04  0.00000E+00  0.78664E-05  0.47263E+03  0.13601E+02  0.00000E+00    235  0.00000E+00      0.000
      60.0630 -0.20000E-01  0.00000E+00 -0.20005E-01  0.00000E+00 -0.11549E-02 -0.13601E+02  0.00000E+00 -0.13601E+02  0.00000E+00 -0.59403E-01 -0.54279E+03  0.00000E+00 -0.15124E+04  0.00000E+00  0.78664E-05  0.47263E+03  0.13601E+02  0.00000E+00    236  0.00000E+00      0.000
      60.0820 -0.20000E-01  0.00000E+00 -0.20004E-01  0.00000E+00 -0.11533E-02 -0.13601E+02  0.00000E+00 -0.13601E+02  0.00000E+00 -0.59424E-01 -0.54317E+03  0.00000E+00 -0.15124E+04  0.00000E+00  0.78664E-05  0.47263E+03  0.13601E+02  0.00000E+00    237  0.00000E+00      0.000
      60.1067 -0.20000E-01  0.00000E+00 -0.20005E-01  0.00000E+00 -0.11510E-02 -0.13602E+02  0.00000E+00 -0.13602E+02  0.00000E+00 -0.59453E-01 -0.54365E+03  0.00000E+00 -0.15124E+04  0.00000E+00  0.78664E-05  0.47263E+03  0.13602E+02  0.00000E+00    238  0.00000E+00      0.000
      60.1388 -0.20000E-01  0.00000E+00 -0.19996E-01  0.00000E+00 -0.11469E-02 -0.13603E+02  0.00000E+00 -0.13603E+02  0.00000E+00 -0.59490E-01 -0.54426E+03  0.00000E+00 -0.15124E+04  0.00000E+00  0.78664E-05  0.47263E+03  0.13603E+02  0.00000E+00    239  0.00000E+00      0.000
      60.1806 -0.20000E-01  0.00000E+00 -0.19999E-01  0.00000E+00 -0.11479E-02 -0.13603E+02  0.00000E+00 -0.13603E+02  0.00000E+00 -0.59538E-01 -0.54504E+03  0.00000E+00 -0.15124E+04  0.00000E+00  0.78664E-05  0.47263E+03  0.13603E+02  0.00000E+00    240  0.00000E+00      0.000
      60.2349 -0.20000E-01  0.00000E+00 -0.20002E-01  0.00000E+00 -0.11495E-02 -0.13604E+02  0.00000E+00 -0.13604E+02  0.00000E+00 -0.59600E-01 -0.54601E+03  0.00000E+00 -0.15125E+04  0.00000E+00  0.78664E-05  0.47263E+03  0.13604E+02  0.00000E+00    241  0.00000E+00      0.000
      60.3054 -0.20000E-01  0.00000E+00 -0.19998E-01  0.00000E+00 -0.11494E-02 -0.13606E+02  0.00000E+00 -0.13606E+02  0.00000E+00 -0.59681E-01 -0.54722E+03  0.00000E+00 -0.15125E+04  0.00000E+00  0.78664E-05  0.47263E+03  0.13606E+02  0.00000E+00    242  0.00000E+00      0.000
      60.3972 -0.20000E-01  0.00000E+00 -0.20001E-01  0.00000E+00 -0.11486E-02 -0.13608E+02  0.00000E+00 -0.13608E+02  0.00000E+00 -0.59787E-01 -0.54873E+03  0.00000E+00 -0.15125E+04  0.00000E+00  0.78664E-05  0.47263E+03  0.13608E+02  0.00000E+00    243  0.00000E+00      0.000
      60.5164 -0.20000E-01  0.00000E+00 -0.19999E-01  0.00000E+00 -0.11483E-02 -0.13610E+02  0.00000E+00 -0.13610E+02  0.00000E+00 -0.59923E-01 -0.55057E+03  0.00000E+00 -0.15126E+04  0.00000E+00  0.78664E-05  0.47263E+03  0.13610E+02  0.00000E+00    244  0.00000E+00      0.000
      60.6715 -0.20000E-01  0.00000E+00 -0.20001E-01  0.00000E+00 -0.11486E-02 -0.13613E+02  0.00000E+00 -0.13613E+02  0.00000E+00 -0.60102E-01 -0.55283E+03  0.00000E+00 -0.15127E+04  0.00000E+00  0.78664E-05  0.47264E+03  0.13613E+02  0.00000E+00    245  0.00000E+00      0.000
      60.8730 -0.20000E-01  0.00000E+00 -0.20000E-01  0.00000E+00 -0.11488E-02 -0.13617E+02  0.00000E+00 -0.13617E+02  0.00000E+00 -0.60333E-01 -0.55557E+03  0.00000E+00 -0.15128E+04  0.00000E+00  0.78664E-05  0.47264E+03  0.13617E+02  0.00000E+00    246  0.00000E+00      0.000
      61.1350 -0.20000E-01  0.00000E+00 -0.20000E-01  0.00000E+00 -0.11479E-02 -0.13622E+02  0.00000E+00 -0.13622E+02  0.00000E+00 -0.60634E-01 -0.55890E+03  0.00000E+00 -0.15129E+04  0.00000E+00  0.78664E-05  0.47265E+03  0.13622E+02  0.00000E+00    247  0.00000E+00      0.000
      61.4756 -0.20000E-01  0.00000E+00 -0.20000E-01  0.00000E+00 -0.11475E-02 -0.13629E+02  0.00000E+00 -0.13629E+02  0.00000E+00 -0.61025E-01 -0.56292E+03  0.00000E+00 -0.15130E+04  0.00000E+00  0.78664E-05  0.47265E+03  0.13629E+02  0.00000E+00    248  0.00000E+00      0.000
      61.9184 -0.20000E-01  0.00000E+00 -0.20000E-01  0.00000E+00 -0.11471E-02 -0.13638E+02  0.00000E+00 -0.13638E+02  0.00000E+00 -0.61533E-01 -0.56778E+03  0.00000E+00 -0.15132E+04  0.00000E+00  0.78664E-05  0.47266E+03  0.13638E+02  0.00000E+00    249  0.00000E+00      0.000
      62.4940 -0.20000E-01  0.00000E+00 -0.20000E-01  0.00000E+00 -0.11464E-02 -0.13650E+02  0.00000E+00 -0.13650E+02  0.00000E+00 -0.62192E-01 -0.57363E+03  0.00000E+00 -0.15135E+04  0.00000E+00  0.78664E-05  0.47267E+03  0.13650E+02  0.00000E+00    250  0.00000E+00      0.000
      63.2446 -0.20000E-01  0.00000E+00 -0.20000E-01  0.00000E+00 -0.11455E-02 -0.13665E+02  0.00000E+00 -0.13665E+02  0.00000E+00 -0.63052E-01 -0.58102E+03  0.00000E+00 -0.15138E+04  0.00000E+00  0.78664E-05  0.47269E+03  0.13665E+02  0.00000E+00    251  0.00000E+00      0.000
      64.2096 -0.20000E-01  0.00000E+00 -0.20000E-01  0.00000E+00 -0.11445E-02 -0.13684E+02  0.00000E+00 -0.13684E+02  0.00000E+00 -0.64157E-01 -0.59017E+03  0.00000E+00 -0.15142E+04  0.00000E+00  0.78664E-05  0.47270E+03  0.13684E+02  0.00000E+00    252  0.00000E+00      0.000
      65.3677 -0.20000E-01  0.00000E+00 -0.20000E-01  0.00000E+00 -0.11430E-02 -0.13707E+02  0.00000E+00 -0.13707E+02  0.00000E+00 -0.65481E-01 -0.60047E+03  0.00000E+00 -0.15147E+04  0.00000E+00  0.78664E-05  0.47273E+03  0.13707E+02  0.00000E+00    253  0.00000E+00      0.000
      66.9118 -0.20000E-01  0.00000E+00 -0.20000E-01  0.00000E+00 -0.11413E-02 -0.13738E+02  0.00000E+00 -0.13738E+02  0.00000E+00 -0.67243E-01 -0.61433E+03  0.00000E+00 -0.15154E+04  0.00000E+00  0.78664E-05  0.47276E+03  0.13738E+02  0.00000E+00    254  0.00000E+00      0.000
      70.0000 -0.20000E-01  0.00000E+00 -0.20000E-01  0.00000E+00 -0.11378E-02 -0.13800E+02  0.00000E+00 -0.13800E+02  0.00000E+00 -0.70756E-01 -0.63652E+03  0.00000E+00 -0.15167E+04  0.00000E+00  0.78664E-05  0.47281E+03  0.13800E+02  0.00000E+00    255  0.00000E+00      0.000
      72.5000  0.00000E+00  0.00000E+00 -0.15832E-07  0.00000E+00 -0.11348E-02 -0.13800E+02  0.00000E+00 -0.13800E+02  0.00000E+00 -0.73594E-01 -0.68562E+03  0.00000E+00 -0.15178E+04  0.00000E+00  0.78664E-05  0.47281E+03  0.13800E+02  0.00000E+00    256  0.00000E+00      0.000
      76.2500  0.00000E+00  0.00000E+00 -0.18626E-08  0.00000E+00 -0.11310E-02 -0.13800E+02  0.00000E+00 -0.13800E+02  0.00000E+00 -0.77835E-01 -0.72723E+03  0.00000E+00 -0.15194E+04  0.00000E+00  0.78664E-05  0.47281E+03  0.13800E+02  0.00000E+00    257  0.00000E+00      0.000
      80.0000  0.00000E+00  0.00000E+00  0.27940E-08  0.00000E+00 -0.11284E-02 -0.13800E+02  0.00000E+00 -0.13800E+02  0.00000E+00 -0.82066E-01 -0.76951E+03  0.00000E+00 -0.15213E+04  0.00000E+00  0.78664E-05  0.47280E+03  0.13800E+02  0.10477E-07    258  0.00000E+00      0.000
      85.0000  0.00000E+00  0.00000E+00  0.27008E-07  0.00000E+00 -0.11255E-02 -0.13800E+02  0.00000E+00 -0.13800E+02  0.00000E+00 -0.87694E-01 -0.81885E+03  0.00000E+00 -0.15236E+04  0.00000E+00  0.78664E-05  0.47280E+03  0.13800E+02  0.14552E-06    259  0.00000E+00      0.000
      90.0000  0.00000E+00  0.00000E+00  0.93132E-09  0.00000E+00 -0.11228E-02 -0.13800E+02  0.00000E+00 -0.13800E+02  0.00000E+00 -0.93308E-01 -0.86013E+03  0.00000E+00 -0.15258E+04  0.00000E+00  0.78664E-05  0.47279E+03  0.13800E+02  0.15018E-06    260  0.00000E+00      0.000
      90.0001 -0.10000E-01  0.00000E+00 -0.10167E-01  0.00000E+00 -0.10190E-02 -0.13800E+02  0.00000E+00 -0.13800E+02  0.00000E+00 -0.93308E-01 -0.86099E+03  0.00000E+00 -0.15258E+04  0.16665E-03  0.78831E-05  0.47279E+03  0.13800E+02  0.15018E-06    261  0.00000E+00      0.000
      90.0002 -0.10000E-01  0.00000E+00 -0.11087E-01  0.00000E+00 -0.10189E-02 -0.13800E+02  0.00000E+00 -0.13800E+02  0.00000E+00 -0.93308E-01 -0.86079E+03  0.00000E+00 -0.15258E+04  0.10875E-02  0.80245E-05  0.47279E+03  0.13800E+02  0.15018E-06    262  0.00000E+00      0.000
      90.0004 -0.10000E-01  0.00000E+00 -0.94994E-02  0.00000E+00 -0.10189E-02 -0.13800E+02  0.00000E+00 -0.13800E+02  0.00000E+00 -0.93308E-01 -0.86095E+03  0.00000E+00 -0.15258E+04  0.50063E-03  0.81091E-05  0.47279E+03  0.13800E+02  0.15018E-06    263  0.00000E+00      0.000
      90.0006 -0.10000E-01  0.00000E+00 -0.96373E-02  0.00000E+00 -0.10190E-02 -0.13800E+02  0.00000E+00 -0.13800E+02  0.00000E+00 -0.93308E-01 -0.86088E+03  0.00000E+00 -0.15258E+04  0.36269E-03  0.81888E-05  0.47279E+03  0.13800E+02  0.15018E-06    264  0.00000E+00      0.000
      90.0009 -0.10000E-01  0.00000E+00 -0.10474E-01  0.00000E+00 -0.10189E-02 -0.13800E+02  0.00000E+00 -0.13800E+02  0.00000E+00 -0.93309E-01 -0.86091E+03  0.00000E+00 -0.15258E+04  0.47357E-03  0.83240E-05  0.47279E+03  0.13800E+02  0.15018E-06    265  0.00000E+00      0.000
      90.0013 -0.10000E-01  0.00000E+00 -0.98346E-02  0.00000E+00 -0.10190E-02 -0.13800E+02  0.00000E+00 -0.13800E+02  0.00000E+00 -0.93309E-01 -0.86089E+03  0.00000E+00 -0.15258E+04  0.16543E-03  0.83854E-05  0.47279E+03  0.13800E+02  0.15018E-06    266  0.00000E+00      0.000
      90.0018 -0.10000E-01  0.00000E+00 -0.97762E-02  0.00000E+00 -0.10190E-02 -0.13800E+02  0.00000E+00 -0.13800E+02  0.00000E+00 -0.93310E-01 -0.86089E+03  0.00000E+00 -0.15258E+04  0.22383E-03  0.84935E-05  0.47279E+03  0.13800E+02  0.15018E-06    267  0.00000E+00      0.000
      90.0024 -0.10000E-01  0.00000E+00 -0.99230E-02  0.00000E+00 -0.10189E-02 -0.13800E+02  0.00000E+00 -0.13800E+02  0.00000E+00 -0.93310E-01 -0.86088E+03  0.00000E+00 -0.15258E+04  0.76999E-04  0.85418E-05  0.47279E+03  0.13800E+02  0.15018E-06    268  0.00000E+00      0.000
      90.0032 -0.10000E-01  0.00000E+00 -0.10075E-01  0.00000E+00 -0.12016E-02 -0.13800E+02  0.00000E+00 -0.13800E+02  0.00000E+00 -0.93311E-01 -0.86088E+03  0.00000E+00 -0.15258E+04  0.75314E-04  0.86032E-05  0.47279E+03  0.13800E+02  0.15018E-06    269  0.00000E+00      0.000
      90.0043 -0.10000E-01  0.00000E+00 -0.10139E-01  0.00000E+00 -0.11594E-02 -0.13800E+02  0.00000E+00 -0.13800E+02  0.00000E+00 -0.93312E-01 -0.86086E+03  0.00000E+00 -0.15258E+04  0.13911E-03  0.87507E-05  0.47279E+03  0.13800E+02  0.15018E-06    270  0.00000E+00      0.000
      90.0056 -0.10000E-01  0.00000E+00 -0.10084E-01  0.00000E+00 -0.11271E-02 -0.13800E+02  0.00000E+00 -0.13800E+02  0.00000E+00 -0.93314E-01 -0.86085E+03  0.00000E+00 -0.15258E+04  0.84403E-04  0.88671E-05  0.47279E+03  0.13800E+02  0.15018E-06    271  0.00000E+00      0.000
      90.0074 -0.10000E-01  0.00000E+00 -0.10081E-01  0.00000E+00 -0.11021E-02 -0.13800E+02  0.00000E+00 -0.13800E+02  0.00000E+00 -0.93316E-01 -0.86083E+03  0.00000E+00 -0.15258E+04  0.80843E-04  0.90120E-05  0.47279E+03  0.13800E+02  0.15018E-06    272  0.00000E+00      0.000
      90.0098 -0.10000E-01  0.00000E+00 -0.10034E-01  0.00000E+00 -0.11468E-02 -0.13800E+02  0.00000E+00 -0.13800E+02  0.00000E+00 -0.93319E-01 -0.86080E+03  0.00000E+00 -0.15258E+04  0.33772E-04  0.90907E-05  0.47279E+03  0.13800E+02  0.15018E-06    273  0.00000E+00      0.000
      90.0128 -0.10000E-01  0.00000E+00 -0.10006E-01  0.00000E+00 -0.11173E-02 -0.13800E+02  0.00000E+00 -0.13800E+02  0.00000E+00 -0.93322E-01 -0.86077E+03  0.00000E+00 -0.15258E+04  0.00000E+00  0.90907E-05  0.47279E+03  0.13800E+02  0.15018E-06    274  0.00000E+00      0.000
      90.0167 -0.10000E-01  0.00000E+00 -0.10004E-01  0.00000E+00 -0.11324E-02 -0.13800E+02  0.00000E+00 -0.13800E+02  0.00000E+00 -0.93326E-01 -0.86072E+03  0.00000E+00 -0.15258E+04  0.00000E+00  0.90907E-05  0.47279E+03  0.13800E+02  0.15018E-06    275  0.00000E+00      0.000
      90.0218 -0.10000E-01  0.00000E+00 -0.10011E-01  0.00000E+00 -0.11354E-02 -0.13800E+02  0.00000E+00 -0.13800E+02  0.00000E+00 -0.93332E-01 -0.86066E+03  0.00000E+00 -0.15258E+04  0.11457E-04  0.91493E-05  0.47279E+03  0.13800E+02  0.15018E-06    276  0.00000E+00      0.000
      90.0285 -0.10000E-01  0.00000E+00 -0.10009E-01  0.00000E+00 -0.11309E-02 -0.13800E+02  0.00000E+00 -0.13800E+02  0.00000E+00 -0.93340E-01 -0.86059E+03  0.00000E+00 -0.15258E+04  0.00000E+00  0.91493E-05  0.47279E+03  0.13800E+02  0.15018E-06    277  0.00000E+00      0.000
      90.0372 -0.10000E-01  0.00000E+00 -0.10018E-01  0.00000E+00 -0.11224E-02 -0.13800E+02  0.00000E+00 -0.13800E+02  0.00000E+00 -0.93350E-01 -0.86049E+03  0.00000E+00 -0.15259E+04  0.18140E-04  0.93062E-05  0.47279E+03  0.13800E+02  0.15018E-06    278  0.00000E+00      0.000
      90.0484 -0.10000E-01  0.00000E+00 -0.10009E-01  0.00000E+00 -0.11250E-02 -0.13800E+02  0.00000E+00 -0.13800E+02  0.00000E+00 -0.93362E-01 -0.86037E+03  0.00000E+00 -0.15259E+04  0.00000E+00  0.93062E-05  0.47279E+03  0.13800E+02  0.15018E-06    279  0.00000E+00      0.000
      90.0630 -0.10000E-01  0.00000E+00 -0.99894E-02  0.00000E+00 -0.11209E-02 -0.13800E+02  0.00000E+00 -0.13800E+02  0.00000E+00 -0.93379E-01 -0.86022E+03  0.00000E+00 -0.15259E+04  0.10647E-04  0.94619E-05  0.47279E+03  0.13800E+02  0.15018E-06    280  0.00000E+00      0.000
      90.0820 -0.10000E-01  0.00000E+00 -0.99963E-02  0.00000E+00 -0.11210E-02 -0.13801E+02  0.00000E+00 -0.13801E+02  0.00000E+00 -0.93400E-01 -0.86002E+03  0.00000E+00 -0.15259E+04  0.00000E+00  0.94619E-05  0.47279E+03  0.13801E+02  0.15018E-06    281  0.00000E+00      0.000
      90.1067 -0.10000E-01  0.00000E+00 -0.10001E-01  0.00000E+00 -0.11216E-02 -0.13801E+02  0.00000E+00 -0.13801E+02  0.00000E+00 -0.93428E-01 -0.85977E+03  0.00000E+00 -0.15259E+04  0.00000E+00  0.94619E-05  0.47279E+03  0.13801E+02  0.15018E-06    282  0.00000E+00      0.000
      90.1388 -0.10000E-01  0.00000E+00 -0.99971E-02  0.00000E+00 -0.11210E-02 -0.13801E+02  0.00000E+00 -0.13801E+02  0.00000E+00 -0.93464E-01 -0.85946E+03  0.00000E+00 -0.15259E+04  0.00000E+00  0.94619E-05  0.47279E+03  0.13801E+02  0.15018E-06    283  0.00000E+00      0.000
      90.1806 -0.10000E-01  0.00000E+00 -0.10002E-01  0.00000E+00 -0.11225E-02 -0.13802E+02  0.00000E+00 -0.13802E+02  0.00000E+00 -0.93510E-01 -0.85908E+03  0.00000E+00 -0.15259E+04  0.00000E+00  0.94619E-05  0.47279E+03  0.13802E+02  0.15018E-06    284  0.00000E+00      0.000
      90.2349 -0.10000E-01  0.00000E+00 -0.10000E-01  0.00000E+00 -0.11234E-02 -0.13802E+02  0.00000E+00 -0.13802E+02  0.00000E+00 -0.93571E-01 -0.85862E+03  0.00000E+00 -0.15259E+04  0.00000E+00  0.94619E-05  0.47279E+03  0.13802E+02  0.15018E-06    285  0.00000E+00      0.000
      90.3054 -0.10000E-01  0.00000E+00 -0.99998E-02  0.00000E+00 -0.11226E-02 -0.13803E+02  0.00000E+00 -0.13803E+02  0.00000E+00 -0.93651E-01 -0.85807E+03  0.00000E+00 -0.15260E+04  0.00000E+00  0.94619E-05  0.47279E+03  0.13803E+02  0.15018E-06    286  0.00000E+00      0.000
      90.3972 -0.10000E-01  0.00000E+00 -0.99984E-02  0.00000E+00 -0.11232E-02 -0.13804E+02  0.00000E+00 -0.13804E+02  0.00000E+00 -0.93754E-01 -0.85743E+03  0.00000E+00 -0.15260E+04  0.00000E+00  0.94619E-05  0.47279E+03  0.13804E+02  0.15018E-06    287  0.00000E+00      0.000
      90.5164 -0.10000E-01  0.00000E+00 -0.10001E-01  0.00000E+00 -0.11230E-02 -0.13805E+02  0.00000E+00 -0.13805E+02  0.00000E+00 -0.93888E-01 -0.85672E+03  0.00000E+00 -0.15261E+04  0.00000E+00  0.94619E-05  0.47280E+03  0.13805E+02  0.15018E-06    288  0.00000E+00      0.000
      90.6715 -0.10000E-01  0.00000E+00 -0.99997E-02  0.00000E+00 -0.11223E-02 -0.13806E+02  0.00000E+00 -0.13806E+02  0.00000E+00 -0.94062E-01 -0.85598E+03  0.00000E+00 -0.15261E+04  0.00000E+00  0.94619E-05  0.47280E+03  0.13806E+02  0.15018E-06    289  0.00000E+00      0.000
      90.8730 -0.10000E-01  0.00000E+00 -0.10000E-01  0.00000E+00 -0.11223E-02 -0.13808E+02  0.00000E+00 -0.13808E+02  0.00000E+00 -0.94288E-01 -0.85525E+03  0.00000E+00 -0.15262E+04  0.00000E+00  0.94619E-05  0.47280E+03  0.13808E+02  0.15018E-06    290  0.00000E+00      0.000
      91.1350 -0.10000E-01  0.00000E+00 -0.10000E-01  0.00000E+00 -0.11221E-02 -0.13811E+02  0.00000E+00 -0.13811E+02  0.00000E+00 -0.94582E-01 -0.85463E+03  0.00000E+00 -0.15263E+04  0.00000E+00  0.94619E-05  0.47280E+03  0.13811E+02  0.15018E-06    291  0.00000E+00      0.000
      91.4756 -0.10000E-01  0.00000E+00 -0.10000E-01  0.00000E+00 -0.11219E-02 -0.13815E+02  0.00000E+00 -0.13815E+02  0.00000E+00 -0.94964E-01 -0.85423E+03  0.00000E+00 -0.15265E+04  0.00000E+00  0.94619E-05  0.47280E+03  0.13815E+02  0.15018E-06    292  0.00000E+00      0.000
      91.9184 -0.10000E-01  0.00000E+00 -0.99998E-02  0.00000E+00 -0.11219E-02 -0.13819E+02  0.00000E+00 -0.13819E+02  0.00000E+00 -0.95461E-01 -0.85421E+03  0.00000E+00 -0.15267E+04  0.00000E+00  0.94619E-05  0.47281E+03  0.13819E+02  0.15018E-06    293  0.00000E+00      0.000
      92.4940 -0.10000E-01  0.00000E+00 -0.10000E-01  0.00000E+00 -0.11215E-02 -0.13825E+02  0.00000E+00 -0.13825E+02  0.00000E+00 -0.96106E-01 -0.85475E+03  0.00000E+00 -0.15269E+04  0.00000E+00  0.94619E-05  0.47281E+03  0.13825E+02  0.15018E-06    294  0.00000E+00      0.000
      93.2446 -0.10000E-01  0.00000E+00 -0.10000E-01  0.00000E+00 -0.11211E-02 -0.13832E+02  0.00000E+00 -0.13832E+02  0.00000E+00 -0.96948E-01 -0.85606E+03  0.00000E+00 -0.15272E+04  0.00000E+00  0.94619E-05  0.47282E+03  0.13832E+02  0.15018E-06    295  0.00000E+00      0.000
      94.2096 -0.10000E-01  0.00000E+00 -0.10000E-01  0.00000E+00 -0.11206E-02 -0.13842E+02  0.00000E+00 -0.13842E+02  0.00000E+00 -0.98029E-01 -0.85835E+03  0.00000E+00 -0.15276E+04  0.00000E+00  0.94619E-05  0.47283E+03  0.13842E+02  0.15018E-06    296  0.00000E+00      0.000
      95.3677 -0.10000E-01  0.00000E+00 -0.99999E-02  0.00000E+00 -0.11200E-02 -0.13853E+02  0.00000E+00 -0.13853E+02  0.00000E+00 -0.99326E-01 -0.86159E+03  0.00000E+00 -0.15281E+04  0.00000E+00  0.94619E-05  0.47284E+03  0.13853E+02  0.15018E-06    297  0.00000E+00      0.000
      96.9118 -0.10000E-01  0.00000E+00 -0.10000E-01  0.00000E+00 -0.11193E-02 -0.13869E+02  0.00000E+00 -0.13869E+02  0.00000E+00 -0.10105E+00 -0.86640E+03  0.00000E+00 -0.15288E+04  0.00000E+00  0.94619E-05  0.47285E+03  0.13869E+02  0.15018E-06    298  0.00000E+00      0.000
     100.0000 -0.10000E-01  0.00000E+00 -0.10000E-01  0.00000E+00 -0.11178E-02 -0.13900E+02  0.00000E+00 -0.13900E+02  0.00000E+00 -0.10451E+00 -0.87655E+03  0.00000E+00 -0.15300E+04  0.00000E+00  0.94619E-05  0.47288E+03  0.13900E+02  0.15018E-06    299  0.00000E+00      0.000
     102.5000  0.00000E+00  0.00000E+00 -0.17695E-07  0.00000E+00 -0.11165E-02 -0.13900E+02  0.00000E+00 -0.13900E+02  0.00000E+00 -0.10730E+00 -0.90978E+03  0.00000E+00 -0.15310E+04  0.00000E+00  0.94619E-05  0.47288E+03  0.13900E+02  0.15018E-06    300  0.00000E+00      0.000
     106.2500  0.00000E+00  0.00000E+00 -0.37253E-07  0.00000E+00 -0.11148E-02 -0.13900E+02  0.00000E+00 -0.13900E+02  0.00000E+00 -0.11148E+00 -0.93955E+03  0.00000E+00 -0.15324E+04  0.00000E+00  0.94619E-05  0.47287E+03  0.13900E+02  0.15018E-06    301  0.00000E+00      0.000
     110.0000  0.00000E+00  0.00000E+00  0.21886E-07  0.00000E+00 -0.11130E-02 -0.13900E+02  0.00000E+00 -0.13900E+02  0.00000E+00 -0.11565E+00 -0.97173E+03  0.00000E+00 -0.15338E+04  0.00000E+00  0.94619E-05  0.47287E+03  0.13900E+02  0.23225E-06    302  0.00000E+00      0.000
end
