

   Time         sum(rTop)     sum(rRoot)    sum(vTop)     sum(vRoot)     sum(vBot)    hTop       hRoot      hBot      A-level
    [T]           [L]           [L]           [L]           [L]            [L]        [L]         [L]       [L] 

    10.00100 -0.120000E-03  0.000000E+00 -0.119964E-03  0.000000E+00 -0.117817E-05  -8783.131      0.000  -1367.514       1
    20.00000 -0.120000E+01  0.000000E+00 -0.120000E+01  0.000000E+00 -0.979193E-02  -1549.209      0.000  -1356.393       2
    30.00000 -0.250000E+01  0.000000E+00 -0.250000E+01  0.000000E+00 -0.196900E-01   -954.119      0.000  -1351.252       3
    40.00000 -0.113000E+02  0.000000E+00 -0.113000E+02  0.000000E+00 -0.296521E-01    -51.807      0.000  -1347.230       4
    50.00000 -0.191000E+02  0.000000E+00 -0.191000E+02  0.000000E+00 -0.396752E-01    -14.637      0.000  -1343.866       5
    60.00000 -0.336000E+02  0.000000E+00 -0.300117E+02  0.000000E+00 -0.497499E-01      0.000      0.000  -1340.892       6
    70.00000 -0.368000E+02  0.000000E+00 -0.332114E+02  0.000000E+00 -0.598728E-01    -40.192      0.000  -1338.202       7
    80.00000 -0.368000E+02  0.000000E+00 -0.332114E+02  0.000000E+00 -0.700399E-01   -185.303      0.000  -1335.723       8
    90.00000 -0.368000E+02  0.000000E+00 -0.332114E+02  0.000000E+00 -0.802486E-01   -248.458      0.000  -1333.410       9
   100.00000 -0.368000E+02  0.000000E+00 -0.332114E+02  0.000000E+00 -0.904990E-01   -295.431      0.000  -1331.239      10
   110.00000 -0.368000E+02  0.000000E+00 -0.332114E+02  0.000000E+00 -0.100785E+00   -335.371      0.000  -1329.174      11
   120.00000 -0.368000E+02  0.000000E+00 -0.332114E+02  0.000000E+00 -0.111104E+00   -369.221      0.000  -1327.204      12
   130.00000 -0.368000E+02  0.000000E+00 -0.332114E+02  0.000000E+00 -0.121455E+00   -399.853      0.000  -1325.316      13
   140.00000 -0.368000E+02  0.000000E+00 -0.332114E+02  0.000000E+00 -0.131844E+00   -427.616      0.000  -1323.519      14
   150.00000 -0.368000E+02  0.000000E+00 -0.332114E+02  0.000000E+00 -0.142263E+00   -452.108      0.000  -1321.792      15
   160.00000 -0.368000E+02  0.000000E+00 -0.332114E+02  0.000000E+00 -0.152709E+00   -474.053      0.000  -1320.127      16
   170.00000 -0.369000E+02  0.000000E+00 -0.333114E+02  0.000000E+00 -0.163172E+00   -468.890      0.000  -1318.499      17
   180.00000 -0.371000E+02  0.000000E+00 -0.335114E+02  0.000000E+00 -0.173661E+00   -452.478      0.000  -1316.931      18
   190.00000 -0.374000E+02  0.000000E+00 -0.338114E+02  0.000000E+00 -0.184177E+00   -428.728      0.000  -1315.422      19
   200.00000 -0.385000E+02  0.000000E+00 -0.349114E+02  0.000000E+00 -0.194717E+00   -286.533      0.000  -1313.970      20
   210.00000 -0.387000E+02  0.000000E+00 -0.351114E+02  0.000000E+00 -0.205281E+00   -375.618      0.000  -1312.574      21
   220.00000 -0.387000E+02  0.000000E+00 -0.351114E+02  0.000000E+00 -0.215870E+00   -440.868      0.000  -1311.236      22
   230.00000 -0.388000E+02  0.000000E+00 -0.352114E+02  0.000000E+00 -0.226479E+00   -450.412      0.000  -1309.947      23
   240.00000 -0.388000E+02  0.000000E+00 -0.352114E+02  0.000000E+00 -0.237111E+00   -490.797      0.000  -1308.716      24
end
