 ******* Program HYDRUS
 ******* 
 Welcome to HYDRUS-1D                                                    
 Date:  25. 9.    Time:  15: 7: 0
 Units: L = mm   , T = min  , M = mmol 

----------------------------------------------------------
 Time       [T]       10.0000
----------------------------------------------------------
 Sub-region num.                     1            2
----------------------------------------------------------
 Length   [L]        0.10000E+04  0.10000E+04  0.00000E+00
 W-volume [L]        0.43719E+03  0.43719E+03  0.00000E+00
 In-flow  [L/T]      0.00000E+00  0.00000E+00  0.00000E+00
 h Mean   [L]       -0.30836E+04 -0.30836E+04  0.00000E+00
 Top Flux [L/T]     -0.79288E-05
 Bot Flux [L/T]     -0.17743E-02
----------------------------------------------------------

----------------------------------------------------------
 Time       [T]       10.0010
----------------------------------------------------------
 Sub-region num.                     1            2
----------------------------------------------------------
 Length   [L]        0.10000E+04  0.10000E+04  0.00000E+00
 W-volume [L]        0.43719E+03  0.43719E+03  0.00000E+00
 In-flow  [L/T]      0.11730E+00  0.11730E+00  0.00000E+00
 h Mean   [L]       -0.30836E+04 -0.30836E+04  0.00000E+00
 Top Flux [L/T]     -0.10633E-04
 Bot Flux [L/T]     -0.17741E-02
 WatBalT  [L]        0.32846E-05
 WatBalR  [%]              2.580
----------------------------------------------------------

----------------------------------------------------------
 Time       [T]       20.0000
----------------------------------------------------------
 Sub-region num.                     1            2
----------------------------------------------------------
 Length   [L]        0.10000E+04  0.10000E+04  0.00000E+00
 W-volume [L]        0.43838E+03  0.43838E+03  0.00000E+00
 In-flow  [L/T]      0.11902E+00  0.11902E+00  0.00000E+00
 h Mean   [L]       -0.29934E+04 -0.29934E+04  0.00000E+00
 Top Flux [L/T]     -0.92373E-01
 Bot Flux [L/T]     -0.11912E-02
 WatBalT  [L]       -0.22650E-04
 WatBalR  [%]              0.002
----------------------------------------------------------

----------------------------------------------------------
 Time       [T]       30.0000
----------------------------------------------------------
 Sub-region num.                     1            2
----------------------------------------------------------
 Length   [L]        0.10000E+04  0.10000E+04  0.00000E+00
 W-volume [L]        0.43967E+03  0.43967E+03  0.00000E+00
 In-flow  [L/T]      0.12901E+00  0.12901E+00  0.00000E+00
 h Mean   [L]       -0.29221E+04 -0.29221E+04  0.00000E+00
 Top Flux [L/T]     -0.11364E+00
 Bot Flux [L/T]     -0.11351E-02
 WatBalT  [L]       -0.54836E-04
 WatBalR  [%]              0.002
----------------------------------------------------------

----------------------------------------------------------
 Time       [T]       40.0000
----------------------------------------------------------
 Sub-region num.                     1            2
----------------------------------------------------------
 Length   [L]        0.10000E+04  0.10000E+04  0.00000E+00
 W-volume [L]        0.44846E+03  0.44846E+03  0.00000E+00
 In-flow  [L/T]      0.87900E+00  0.87900E+00  0.00000E+00
 h Mean   [L]       -0.26817E+04 -0.26817E+04  0.00000E+00
 Top Flux [L/T]     -0.86779E+00
 Bot Flux [L/T]     -0.11135E-02
 WatBalT  [L]       -0.83923E-04
 WatBalR  [%]              0.001
----------------------------------------------------------

----------------------------------------------------------
 Time       [T]       50.0000
----------------------------------------------------------
 Sub-region num.                     1            2
----------------------------------------------------------
 Length   [L]        0.10000E+04  0.10000E+04  0.00000E+00
 W-volume [L]        0.45625E+03  0.45625E+03  0.00000E+00
 In-flow  [L/T]      0.77900E+00  0.77900E+00  0.00000E+00
 h Mean   [L]       -0.24816E+04 -0.24816E+04  0.00000E+00
 Top Flux [L/T]     -0.77751E+00
 Bot Flux [L/T]     -0.11037E-02
 WatBalT  [L]       -0.11253E-03
 WatBalR  [%]              0.001
----------------------------------------------------------

----------------------------------------------------------
 Time       [T]       60.0000
----------------------------------------------------------
 Sub-region num.                     1            2
----------------------------------------------------------
 Length   [L]        0.10000E+04  0.10000E+04  0.00000E+00
 W-volume [L]        0.46715E+03  0.46715E+03  0.00000E+00
 In-flow  [L/T]      0.11124E+01  0.11124E+01  0.00000E+00
 h Mean   [L]       -0.22547E+04 -0.22547E+04  0.00000E+00
 Top Flux [L/T]     -0.11134E+01
 Bot Flux [L/T]     -0.10984E-02
 WatBalT  [L]       -0.23270E-03
 WatBalR  [%]              0.001
----------------------------------------------------------

----------------------------------------------------------
 Time       [T]       70.0000
----------------------------------------------------------
 Sub-region num.                     1            2
----------------------------------------------------------
 Length   [L]        0.10000E+04  0.10000E+04  0.00000E+00
 W-volume [L]        0.47034E+03  0.47034E+03  0.00000E+00
 In-flow  [L/T]      0.31898E+00  0.31898E+00  0.00000E+00
 h Mean   [L]       -0.21332E+04 -0.21332E+04  0.00000E+00
 Top Flux [L/T]     -0.32050E+00
 Bot Flux [L/T]     -0.10954E-02
 WatBalT  [L]       -0.27084E-03
 WatBalR  [%]              0.001
----------------------------------------------------------

----------------------------------------------------------
 Time       [T]       80.0000
----------------------------------------------------------
 Sub-region num.                     1            2
----------------------------------------------------------
 Length   [L]        0.10000E+04  0.10000E+04  0.00000E+00
 W-volume [L]        0.47033E+03  0.47033E+03  0.00000E+00
 In-flow  [L/T]     -0.10176E-02 -0.10176E-02  0.00000E+00
 h Mean   [L]       -0.20745E+04 -0.20745E+04  0.00000E+00
 Top Flux [L/T]     -0.10242E-01
 Bot Flux [L/T]     -0.10938E-02
 WatBalT  [L]       -0.20218E-03
 WatBalR  [%]              0.001
----------------------------------------------------------

----------------------------------------------------------
 Time       [T]       90.0000
----------------------------------------------------------
 Sub-region num.                     1            2
----------------------------------------------------------
 Length   [L]        0.10000E+04  0.10000E+04  0.00000E+00
 W-volume [L]        0.47032E+03  0.47032E+03  0.00000E+00
 In-flow  [L/T]     -0.10211E-02 -0.10211E-02  0.00000E+00
 h Mean   [L]       -0.20358E+04 -0.20358E+04  0.00000E+00
 Top Flux [L/T]     -0.61775E-02
 Bot Flux [L/T]     -0.10932E-02
 WatBalT  [L]       -0.21744E-03
 WatBalR  [%]              0.001
----------------------------------------------------------

----------------------------------------------------------
 Time       [T]      100.0000
----------------------------------------------------------
 Sub-region num.                     1            2
----------------------------------------------------------
 Length   [L]        0.10000E+04  0.10000E+04  0.00000E+00
 W-volume [L]        0.47031E+03  0.47031E+03  0.00000E+00
 In-flow  [L/T]     -0.10262E-02 -0.10262E-02  0.00000E+00
 h Mean   [L]       -0.20068E+04 -0.20068E+04  0.00000E+00
 Top Flux [L/T]     -0.48112E-02
 Bot Flux [L/T]     -0.10931E-02
 WatBalT  [L]       -0.25177E-03
 WatBalR  [%]              0.001
----------------------------------------------------------

----------------------------------------------------------
 Time       [T]      110.0000
----------------------------------------------------------
 Sub-region num.                     1            2
----------------------------------------------------------
 Length   [L]        0.10000E+04  0.10000E+04  0.00000E+00
 W-volume [L]        0.47030E+03  0.47030E+03  0.00000E+00
 In-flow  [L/T]     -0.10301E-02 -0.10301E-02  0.00000E+00
 h Mean   [L]       -0.19844E+04 -0.19844E+04  0.00000E+00
 Top Flux [L/T]     -0.38496E-02
 Bot Flux [L/T]     -0.10933E-02
 WatBalT  [L]       -0.22125E-03
 WatBalR  [%]              0.001
----------------------------------------------------------

----------------------------------------------------------
 Time       [T]      120.0000
----------------------------------------------------------
 Sub-region num.                     1            2
----------------------------------------------------------
 Length   [L]        0.10000E+04  0.10000E+04  0.00000E+00
 W-volume [L]        0.47029E+03  0.47029E+03  0.00000E+00
 In-flow  [L/T]     -0.10320E-02 -0.10320E-02  0.00000E+00
 h Mean   [L]       -0.19658E+04 -0.19658E+04  0.00000E+00
 Top Flux [L/T]     -0.31864E-02
 Bot Flux [L/T]     -0.10938E-02
 WatBalT  [L]       -0.27847E-03
 WatBalR  [%]              0.001
----------------------------------------------------------

----------------------------------------------------------
 Time       [T]      130.0000
----------------------------------------------------------
 Sub-region num.                     1            2
----------------------------------------------------------
 Length   [L]        0.10000E+04  0.10000E+04  0.00000E+00
 W-volume [L]        0.47028E+03  0.47028E+03  0.00000E+00
 In-flow  [L/T]     -0.10362E-02 -0.10362E-02  0.00000E+00
 h Mean   [L]       -0.19495E+04 -0.19495E+04  0.00000E+00
 Top Flux [L/T]     -0.26800E-02
 Bot Flux [L/T]     -0.10945E-02
 WatBalT  [L]       -0.27084E-03
 WatBalR  [%]              0.001
----------------------------------------------------------

----------------------------------------------------------
 Time       [T]      140.0000
----------------------------------------------------------
 Sub-region num.                     1            2
----------------------------------------------------------
 Length   [L]        0.10000E+04  0.10000E+04  0.00000E+00
 W-volume [L]        0.47027E+03  0.47027E+03  0.00000E+00
 In-flow  [L/T]     -0.10388E-02 -0.10388E-02  0.00000E+00
 h Mean   [L]       -0.19354E+04 -0.19354E+04  0.00000E+00
 Top Flux [L/T]     -0.23953E-02
 Bot Flux [L/T]     -0.10952E-02
 WatBalT  [L]       -0.28610E-03
 WatBalR  [%]              0.001
----------------------------------------------------------

----------------------------------------------------------
 Time       [T]      150.0000
----------------------------------------------------------
 Sub-region num.                     1            2
----------------------------------------------------------
 Length   [L]        0.10000E+04  0.10000E+04  0.00000E+00
 W-volume [L]        0.47026E+03  0.47026E+03  0.00000E+00
 In-flow  [L/T]     -0.10420E-02 -0.10420E-02  0.00000E+00
 h Mean   [L]       -0.19225E+04 -0.19225E+04  0.00000E+00
 Top Flux [L/T]     -0.21177E-02
 Bot Flux [L/T]     -0.10960E-02
 WatBalT  [L]       -0.21362E-03
 WatBalR  [%]              0.001
----------------------------------------------------------

----------------------------------------------------------
 Time       [T]      160.0000
----------------------------------------------------------
 Sub-region num.                     1            2
----------------------------------------------------------
 Length   [L]        0.10000E+04  0.10000E+04  0.00000E+00
 W-volume [L]        0.47024E+03  0.47024E+03  0.00000E+00
 In-flow  [L/T]     -0.10447E-02 -0.10447E-02  0.00000E+00
 h Mean   [L]       -0.19112E+04 -0.19112E+04  0.00000E+00
 Top Flux [L/T]     -0.18949E-02
 Bot Flux [L/T]     -0.10968E-02
 WatBalT  [L]       -0.32806E-03
 WatBalR  [%]              0.001
----------------------------------------------------------

----------------------------------------------------------
 Time       [T]      170.0000
----------------------------------------------------------
 Sub-region num.                     1            2
----------------------------------------------------------
 Length   [L]        0.10000E+04  0.10000E+04  0.00000E+00
 W-volume [L]        0.47033E+03  0.47033E+03  0.00000E+00
 In-flow  [L/T]      0.89534E-02  0.89534E-02  0.00000E+00
 h Mean   [L]       -0.19000E+04 -0.19000E+04  0.00000E+00
 Top Flux [L/T]     -0.10502E-01
 Bot Flux [L/T]     -0.10976E-02
 WatBalT  [L]       -0.22507E-03
 WatBalR  [%]              0.001
----------------------------------------------------------

----------------------------------------------------------
 Time       [T]      180.0000
----------------------------------------------------------
 Sub-region num.                     1            2
----------------------------------------------------------
 Length   [L]        0.10000E+04  0.10000E+04  0.00000E+00
 W-volume [L]        0.47052E+03  0.47052E+03  0.00000E+00
 In-flow  [L/T]      0.18950E-01  0.18950E-01  0.00000E+00
 h Mean   [L]       -0.18892E+04 -0.18892E+04  0.00000E+00
 Top Flux [L/T]     -0.19655E-01
 Bot Flux [L/T]     -0.10984E-02
 WatBalT  [L]       -0.28229E-03
 WatBalR  [%]              0.001
----------------------------------------------------------

----------------------------------------------------------
 Time       [T]      190.0000
----------------------------------------------------------
 Sub-region num.                     1            2
----------------------------------------------------------
 Length   [L]        0.10000E+04  0.10000E+04  0.00000E+00
 W-volume [L]        0.47081E+03  0.47081E+03  0.00000E+00
 In-flow  [L/T]      0.28947E-01  0.28947E-01  0.00000E+00
 h Mean   [L]       -0.18783E+04 -0.18783E+04  0.00000E+00
 Top Flux [L/T]     -0.29041E-01
 Bot Flux [L/T]     -0.10991E-02
 WatBalT  [L]       -0.27847E-03
 WatBalR  [%]              0.001
----------------------------------------------------------

----------------------------------------------------------
 Time       [T]      200.0000
----------------------------------------------------------
 Sub-region num.                     1            2
----------------------------------------------------------
 Length   [L]        0.10000E+04  0.10000E+04  0.00000E+00
 W-volume [L]        0.47190E+03  0.47190E+03  0.00000E+00
 In-flow  [L/T]      0.10894E+00  0.10894E+00  0.00000E+00
 h Mean   [L]       -0.18627E+04 -0.18627E+04  0.00000E+00
 Top Flux [L/T]     -0.10385E+00
 Bot Flux [L/T]     -0.10998E-02
 WatBalT  [L]       -0.28992E-03
 WatBalR  [%]              0.001
----------------------------------------------------------

----------------------------------------------------------
 Time       [T]      210.0000
----------------------------------------------------------
 Sub-region num.                     1            2
----------------------------------------------------------
 Length   [L]        0.10000E+04  0.10000E+04  0.00000E+00
 W-volume [L]        0.47209E+03  0.47209E+03  0.00000E+00
 In-flow  [L/T]      0.18943E-01  0.18943E-01  0.00000E+00
 h Mean   [L]       -0.18532E+04 -0.18532E+04  0.00000E+00
 Top Flux [L/T]     -0.23233E-01
 Bot Flux [L/T]     -0.11005E-02
 WatBalT  [L]       -0.34332E-03
 WatBalR  [%]              0.001
----------------------------------------------------------

----------------------------------------------------------
 Time       [T]      220.0000
----------------------------------------------------------
 Sub-region num.                     1            2
----------------------------------------------------------
 Length   [L]        0.10000E+04  0.10000E+04  0.00000E+00
 W-volume [L]        0.47208E+03  0.47208E+03  0.00000E+00
 In-flow  [L/T]     -0.10590E-02 -0.10590E-02  0.00000E+00
 h Mean   [L]       -0.18452E+04 -0.18452E+04  0.00000E+00
 Top Flux [L/T]     -0.37264E-02
 Bot Flux [L/T]     -0.11010E-02
 WatBalT  [L]       -0.34332E-03
 WatBalR  [%]              0.001
----------------------------------------------------------

----------------------------------------------------------
 Time       [T]      230.0000
----------------------------------------------------------
 Sub-region num.                     1            2
----------------------------------------------------------
 Length   [L]        0.10000E+04  0.10000E+04  0.00000E+00
 W-volume [L]        0.47217E+03  0.47217E+03  0.00000E+00
 In-flow  [L/T]      0.89385E-02  0.89385E-02  0.00000E+00
 h Mean   [L]       -0.18366E+04 -0.18366E+04  0.00000E+00
 Top Flux [L/T]     -0.11314E-01
 Bot Flux [L/T]     -0.11015E-02
 WatBalT  [L]       -0.24414E-03
 WatBalR  [%]              0.001
----------------------------------------------------------

----------------------------------------------------------
 Time       [T]      240.0000
----------------------------------------------------------
 Sub-region num.                     1            2
----------------------------------------------------------
 Length   [L]        0.10000E+04  0.10000E+04  0.00000E+00
 W-volume [L]        0.47216E+03  0.47216E+03  0.00000E+00
 In-flow  [L/T]     -0.10632E-02 -0.10632E-02  0.00000E+00
 h Mean   [L]       -0.18290E+04 -0.18290E+04  0.00000E+00
 Top Flux [L/T]     -0.23465E-02
 Bot Flux [L/T]     -0.11019E-02
 WatBalT  [L]       -0.23270E-03
 WatBalR  [%]              0.001
----------------------------------------------------------
 
 Calculation time [sec]  0.269999980926514     
