 ******* Program HYDRUS
 ******* 
 Welcome to HYDRUS-1D                                                    
 Date:  25. 9.    Time:  15: 7: 0
 Units: L = mm   , T = min  , M = mmol 



                               Node(  1)                      Node( 31)                      Node( 52)                      Node(101)

         time            h        theta    Flux           h        theta    Flux           h        theta    Flux           h        theta    Flux  
         10.0001    -8786.16  0.3519 -0.121E+00      -3620.99  0.4048  0.705E-03      -2110.19  0.4472  0.141E-02      -1367.52  0.4835 -0.177E-02
         10.0002    -8785.86  0.3519 -0.121E+00      -3620.99  0.4048  0.705E-03      -2110.19  0.4472  0.141E-02      -1367.52  0.4835 -0.177E-02
         10.0003    -8785.39  0.3519 -0.120E+00      -3620.99  0.4048  0.705E-03      -2110.19  0.4472  0.141E-02      -1367.52  0.4835 -0.657E-03
         10.0005    -8784.83  0.3519 -0.120E+00      -3620.99  0.4048  0.705E-03      -2110.19  0.4472  0.141E-02      -1367.51  0.4835 -0.880E-03
         10.0008    -8783.98  0.3519 -0.120E+00      -3620.99  0.4048  0.705E-03      -2110.19  0.4472  0.141E-02      -1367.51  0.4835 -0.118E-02
         10.0010    -8783.13  0.3519 -0.120E+00      -3620.99  0.4048  0.705E-03      -2110.19  0.4472  0.141E-02      -1367.51  0.4835 -0.118E-02
         10.0013    -8782.16  0.3519 -0.120E+00      -3620.99  0.4048  0.705E-03      -2110.19  0.4472  0.141E-02      -1367.51  0.4835 -0.125E-02
         10.0017    -8780.90  0.3520 -0.120E+00      -3620.99  0.4048  0.705E-03      -2110.19  0.4472  0.141E-02      -1367.51  0.4835 -0.971E-03
         10.0021    -8779.25  0.3520 -0.120E+00      -3620.99  0.4048  0.705E-03      -2110.19  0.4472  0.141E-02      -1367.51  0.4835 -0.848E-03
         10.0028    -8777.12  0.3520 -0.120E+00      -3620.99  0.4048  0.705E-03      -2110.19  0.4472  0.141E-02      -1367.51  0.4835 -0.106E-02
         10.0036    -8774.34  0.3520 -0.120E+00      -3620.99  0.4048  0.705E-03      -2110.19  0.4472  0.141E-02      -1367.51  0.4835 -0.860E-03
         10.0046    -8770.72  0.3520 -0.120E+00      -3620.99  0.4048  0.705E-03      -2110.19  0.4472  0.141E-02      -1367.50  0.4835 -0.930E-03
         10.0060    -8766.04  0.3521 -0.120E+00      -3620.99  0.4048  0.705E-03      -2110.19  0.4472  0.141E-02      -1367.50  0.4835 -0.908E-03
         10.0078    -8759.93  0.3521 -0.120E+00      -3620.99  0.4048  0.705E-03      -2110.19  0.4472  0.141E-02      -1367.50  0.4835 -0.941E-03
         10.0101    -8752.00  0.3522 -0.120E+00      -3620.99  0.4048  0.705E-03      -2110.19  0.4472  0.141E-02      -1367.49  0.4835 -0.100E-02
         10.0132    -8741.69  0.3522 -0.120E+00      -3620.99  0.4048  0.705E-03      -2110.19  0.4472  0.141E-02      -1367.48  0.4835 -0.984E-03
         10.0171    -8728.29  0.3523 -0.120E+00      -3620.99  0.4048  0.705E-03      -2110.19  0.4472  0.141E-02      -1367.47  0.4835 -0.975E-03
         10.0222    -8710.87  0.3524 -0.120E+00      -3620.99  0.4048  0.705E-03      -2110.19  0.4472  0.141E-02      -1367.46  0.4835 -0.954E-03
         10.0289    -8688.23  0.3526 -0.120E+00      -3620.99  0.4048  0.705E-03      -2110.19  0.4472  0.141E-02      -1367.44  0.4835 -0.984E-03
         10.0375    -8658.80  0.3528 -0.120E+00      -3620.99  0.4048  0.705E-03      -2110.19  0.4472  0.141E-02      -1367.42  0.4835 -0.973E-03
         10.0488    -8620.55  0.3531 -0.120E+00      -3620.98  0.4048  0.705E-03      -2110.19  0.4472  0.141E-02      -1367.39  0.4835 -0.968E-03
         10.0634    -8570.85  0.3534 -0.120E+00      -3620.98  0.4048  0.705E-03      -2110.18  0.4472  0.141E-02      -1367.36  0.4835 -0.974E-03
         10.0824    -8506.27  0.3539 -0.120E+00      -3620.98  0.4048  0.705E-03      -2110.18  0.4472  0.141E-02      -1367.31  0.4835 -0.971E-03
         10.1071    -8422.36  0.3545 -0.120E+00      -3620.98  0.4048  0.705E-03      -2110.18  0.4472  0.141E-02      -1367.25  0.4835 -0.971E-03
         10.1392    -8313.36  0.3552 -0.120E+00      -3620.97  0.4048  0.705E-03      -2110.18  0.4472  0.141E-02      -1367.17  0.4835 -0.972E-03
         10.1810    -8171.83  0.3562 -0.120E+00      -3620.97  0.4048  0.705E-03      -2110.17  0.4472  0.141E-02      -1367.07  0.4835 -0.973E-03
         10.2353    -7988.11  0.3575 -0.120E+00      -3620.96  0.4048  0.705E-03      -2110.17  0.4472  0.141E-02      -1366.94  0.4835 -0.971E-03
         10.3058    -7749.75  0.3592 -0.120E+00      -3620.95  0.4048  0.705E-03      -2110.16  0.4472  0.141E-02      -1366.77  0.4835 -0.971E-03
         10.3976    -7524.72  0.3614 -0.120E+00      -3620.93  0.4048  0.705E-03      -2110.16  0.4472  0.141E-02      -1366.56  0.4836 -0.971E-03
         10.5168    -7214.43  0.3642 -0.120E+00      -3620.92  0.4048  0.705E-03      -2110.15  0.4472  0.141E-02      -1366.30  0.4836 -0.972E-03
         10.6718    -6829.58  0.3679 -0.120E+00      -3620.89  0.4048  0.705E-03      -2110.13  0.4472  0.141E-02      -1365.97  0.4836 -0.973E-03
         10.8734    -6327.21  0.3726 -0.120E+00      -3620.86  0.4048  0.705E-03      -2110.12  0.4472  0.141E-02      -1365.57  0.4836 -0.972E-03
         11.1354    -5810.14  0.3786 -0.120E+00      -3620.83  0.4048  0.705E-03      -2110.10  0.4472  0.141E-02      -1365.07  0.4836 -0.973E-03
         11.4760    -5185.50  0.3863 -0.120E+00      -3620.78  0.4048  0.705E-03      -2110.07  0.4472  0.141E-02      -1364.48  0.4837 -0.974E-03
         11.9188    -4538.49  0.3960 -0.120E+00      -3620.71  0.4048  0.705E-03      -2110.03  0.4472  0.141E-02      -1363.78  0.4837 -0.974E-03
         12.4944    -3836.63  0.4078 -0.120E+00      -3620.63  0.4048  0.705E-03      -2109.99  0.4472  0.141E-02      -1362.96  0.4838 -0.975E-03
         13.2449    -3232.79  0.4214 -0.120E+00      -3620.52  0.4048  0.705E-03      -2109.92  0.4472  0.141E-02      -1362.02  0.4838 -0.977E-03
         14.2099    -2672.91  0.4356 -0.120E+00      -3620.39  0.4048  0.704E-03      -2109.85  0.4472  0.141E-02      -1360.95  0.4839 -0.978E-03
         15.1750    -2320.29  0.4468 -0.120E+00      -3620.25  0.4049  0.704E-03      -2109.77  0.4473  0.141E-02      -1360.01  0.4840 -0.979E-03
         16.1400    -2092.95  0.4559 -0.120E+00      -3620.11  0.4049  0.704E-03      -2109.69  0.4473  0.141E-02      -1359.17  0.4840 -0.980E-03
         17.4266    -1850.53  0.4652 -0.120E+00      -3619.93  0.4049  0.704E-03      -2109.59  0.4473  0.141E-02      -1358.15  0.4841 -0.982E-03
         18.7133    -1689.34  0.4732 -0.120E+00      -3619.75  0.4049  0.704E-03      -2109.48  0.4473  0.141E-02      -1357.24  0.4841 -0.983E-03
         20.0000    -1549.21  0.4803 -0.120E+00      -3619.57  0.4049  0.704E-03      -2109.38  0.4473  0.141E-02      -1356.39  0.4842 -0.985E-03
         22.0000    -1362.93  0.4914 -0.130E+00      -3619.28  0.4049  0.704E-03      -2109.21  0.4473  0.140E-02      -1355.20  0.4843 -0.986E-03
         24.6667    -1181.92  0.5035 -0.130E+00      -3618.91  0.4049  0.704E-03      -2108.99  0.4473  0.140E-02      -1353.77  0.4844 -0.989E-03
         27.3333    -1062.04  0.5130 -0.130E+00      -3618.54  0.4049  0.704E-03      -2108.77  0.4473  0.140E-02      -1352.46  0.4844 -0.991E-03
         30.0000     -954.12  0.5217 -0.130E+00      -3618.18  0.4049  0.704E-03      -2108.54  0.4473  0.140E-02      -1351.25  0.4845 -0.993E-03
         30.0001     -952.36  0.5218 -0.881E+00      -3618.18  0.4049  0.704E-03      -2108.54  0.4473  0.140E-02      -1351.25  0.4845 -0.114E-02
         30.0002     -952.58  0.5218 -0.880E+00      -3618.18  0.4049  0.704E-03      -2108.54  0.4473  0.140E-02      -1351.25  0.4845 -0.114E-02
         30.0004     -951.98  0.5218 -0.880E+00      -3618.18  0.4049  0.704E-03      -2108.54  0.4473  0.140E-02      -1351.25  0.4845 -0.114E-02
         30.0006     -951.80  0.5218 -0.880E+00      -3618.18  0.4049  0.704E-03      -2108.54  0.4473  0.140E-02      -1351.25  0.4845 -0.114E-02
         30.0009     -951.27  0.5219 -0.880E+00      -3618.18  0.4049  0.704E-03      -2108.54  0.4473  0.140E-02      -1351.25  0.4845 -0.114E-02
         30.0013     -950.75  0.5219 -0.880E+00      -3618.18  0.4049  0.704E-03      -2108.54  0.4473  0.140E-02      -1351.25  0.4845 -0.113E-02
         30.0018     -949.99  0.5220 -0.880E+00      -3618.18  0.4049  0.704E-03      -2108.54  0.4473  0.140E-02      -1351.25  0.4845 -0.826E-03
         30.0024     -949.04  0.5221 -0.880E+00      -3618.18  0.4049  0.704E-03      -2108.54  0.4473  0.140E-02      -1351.25  0.4845 -0.898E-03
         30.0032     -947.79  0.5222 -0.880E+00      -3618.18  0.4049  0.704E-03      -2108.54  0.4473  0.140E-02      -1351.25  0.4845 -0.952E-03
         30.0043     -946.18  0.5224 -0.880E+00      -3618.18  0.4049  0.704E-03      -2108.54  0.4473  0.140E-02      -1351.25  0.4845 -0.994E-03
         30.0056     -944.08  0.5226 -0.880E+00      -3618.18  0.4049  0.704E-03      -2108.54  0.4473  0.140E-02      -1351.25  0.4845 -0.103E-02
         30.0074     -941.36  0.5229 -0.880E+00      -3618.18  0.4049  0.704E-03      -2108.54  0.4473  0.140E-02      -1351.25  0.4845 -0.969E-03
         30.0098     -937.82  0.5232 -0.880E+00      -3618.18  0.4049  0.704E-03      -2108.54  0.4473  0.140E-02      -1351.25  0.4845 -0.101E-02
         30.0128     -933.25  0.5237 -0.880E+00      -3618.18  0.4049  0.704E-03      -2108.54  0.4473  0.140E-02      -1351.25  0.4845 -0.987E-03
         30.0167     -927.31  0.5243 -0.880E+00      -3618.18  0.4049  0.704E-03      -2108.54  0.4473  0.140E-02      -1351.24  0.4845 -0.984E-03
         30.0218     -919.64  0.5251 -0.880E+00      -3618.18  0.4049  0.704E-03      -2108.54  0.4473  0.140E-02      -1351.24  0.4845 -0.989E-03
         30.0285     -909.73  0.5260 -0.880E+00      -3618.18  0.4049  0.704E-03      -2108.54  0.4473  0.140E-02      -1351.24  0.4845 -0.100E-02
         30.0372     -896.95  0.5273 -0.880E+00      -3618.18  0.4049  0.704E-03      -2108.54  0.4473  0.140E-02      -1351.24  0.4845 -0.997E-03
         30.0484     -880.53  0.5290 -0.880E+00      -3618.17  0.4049  0.704E-03      -2108.54  0.4473  0.140E-02      -1351.23  0.4845 -0.989E-03
         30.0630     -859.48  0.5311 -0.880E+00      -3618.17  0.4049  0.704E-03      -2108.54  0.4473  0.140E-02      -1351.22  0.4845 -0.992E-03
         30.0820     -832.65  0.5338 -0.880E+00      -3618.17  0.4049  0.704E-03      -2108.53  0.4473  0.140E-02      -1351.21  0.4845 -0.994E-03
         30.1067     -798.66  0.5372 -0.880E+00      -3618.17  0.4049  0.704E-03      -2108.53  0.4473  0.140E-02      -1351.20  0.4845 -0.996E-03
         30.1388     -756.14  0.5414 -0.880E+00      -3618.16  0.4049  0.704E-03      -2108.53  0.4473  0.140E-02      -1351.19  0.4845 -0.991E-03
         30.1806     -714.82  0.5467 -0.880E+00      -3618.16  0.4049  0.704E-03      -2108.53  0.4473  0.140E-02      -1351.17  0.4845 -0.992E-03
         30.2349     -662.68  0.5529 -0.880E+00      -3618.15  0.4049  0.704E-03      -2108.52  0.4473  0.140E-02      -1351.15  0.4845 -0.994E-03
         30.3054     -603.80  0.5602 -0.880E+00      -3618.14  0.4049  0.704E-03      -2108.51  0.4473  0.140E-02      -1351.11  0.4845 -0.993E-03
         30.3972     -550.48  0.5682 -0.880E+00      -3618.13  0.4049  0.704E-03      -2108.51  0.4473  0.140E-02      -1351.07  0.4845 -0.992E-03
         30.5164     -491.29  0.5767 -0.880E+00      -3618.11  0.4049  0.704E-03      -2108.50  0.4473  0.140E-02      -1351.02  0.4845 -0.993E-03
         30.6715     -438.66  0.5851 -0.880E+00      -3618.09  0.4049  0.704E-03      -2108.48  0.4473  0.140E-02      -1350.95  0.4845 -0.994E-03
         30.8730     -390.11  0.5935 -0.880E+00      -3618.06  0.4049  0.704E-03      -2108.47  0.4473  0.140E-02      -1350.86  0.4845 -0.993E-03
         31.1350     -348.39  0.6016 -0.880E+00      -3618.03  0.4049  0.704E-03      -2108.44  0.4473  0.140E-02      -1350.75  0.4845 -0.993E-03
         31.3970     -312.73  0.6086 -0.880E+00      -3617.99  0.4049  0.704E-03      -2108.42  0.4473  0.140E-02      -1350.63  0.4846 -0.994E-03
         31.6590     -285.33  0.6143 -0.880E+00      -3617.96  0.4049  0.704E-03      -2108.40  0.4473  0.140E-02      -1350.52  0.4846 -0.994E-03
         31.9210     -261.64  0.6194 -0.880E+00      -3617.92  0.4049  0.704E-03      -2108.38  0.4473  0.140E-02      -1350.40  0.4846 -0.994E-03
         32.2616     -236.40  0.6251 -0.880E+00      -3617.87  0.4049  0.704E-03      -2108.35  0.4473  0.140E-02      -1350.26  0.4846 -0.994E-03
         32.6022     -216.99  0.6297 -0.880E+00      -3617.83  0.4049  0.704E-03      -2108.32  0.4473  0.140E-02      -1350.11  0.4846 -0.994E-03
         32.9428     -197.80  0.6342 -0.880E+00      -3617.78  0.4049  0.704E-03      -2108.29  0.4473  0.140E-02      -1349.97  0.4846 -0.995E-03
         33.3856     -178.56  0.6390 -0.880E+00      -3617.72  0.4049  0.704E-03      -2108.25  0.4473  0.140E-02      -1349.79  0.4846 -0.995E-03
         33.8283     -161.76  0.6433 -0.880E+00      -3617.66  0.4049  0.704E-03      -2108.21  0.4473  0.140E-02      -1349.60  0.4846 -0.995E-03
         34.2711     -147.73  0.6469 -0.880E+00      -3617.60  0.4049  0.704E-03      -2108.18  0.4473  0.140E-02      -1349.42  0.4846 -0.996E-03
         34.7139     -134.57  0.6503 -0.880E+00      -3617.54  0.4049  0.704E-03      -2108.14  0.4473  0.140E-02      -1349.25  0.4846 -0.996E-03
         35.1567     -123.95  0.6531 -0.880E+00      -3617.48  0.4049  0.704E-03      -2108.10  0.4473  0.140E-02      -1349.07  0.4847 -0.996E-03
         35.5995     -112.90  0.6559 -0.880E+00      -3617.42  0.4049  0.704E-03      -2108.06  0.4473  0.140E-02      -1348.89  0.4847 -0.997E-03
         36.1495     -103.22  0.6586 -0.880E+00      -3617.35  0.4049  0.704E-03      -2108.01  0.4473  0.140E-02      -1348.68  0.4847 -0.997E-03
         36.6996      -92.32  0.6615 -0.880E+00      -3617.28  0.4049  0.704E-03      -2107.96  0.4473  0.140E-02      -1348.46  0.4847 -0.997E-03
         37.2497      -84.35  0.6636 -0.880E+00      -3617.20  0.4049  0.704E-03      -2107.92  0.4473  0.140E-02      -1348.25  0.4847 -0.997E-03
         37.7997      -76.49  0.6657 -0.880E+00      -3617.13  0.4049  0.704E-03      -2107.87  0.4473  0.140E-02      -1348.04  0.4847 -0.998E-03
         38.3498      -69.30  0.6676 -0.880E+00      -3617.06  0.4049  0.704E-03      -2107.82  0.4473  0.140E-02      -1347.84  0.4847 -0.998E-03
         38.8999      -62.97  0.6692 -0.880E+00      -3616.98  0.4049  0.704E-03      -2107.77  0.4473  0.140E-02      -1347.63  0.4847 -0.999E-03
         39.4499      -57.08  0.6708 -0.880E+00      -3616.91  0.4049  0.704E-03      -2107.72  0.4473  0.140E-02      -1347.43  0.4848 -0.999E-03
         40.0000      -51.81  0.6721 -0.880E+00      -3616.84  0.4049  0.704E-03      -2107.67  0.4473  0.140E-02      -1347.23  0.4848 -0.999E-03
         40.5756      -53.97  0.6716 -0.780E+00      -3616.76  0.4049  0.704E-03      -2107.62  0.4473  0.140E-02      -1347.02  0.4848 -0.100E-02
         41.1512      -51.23  0.6723 -0.780E+00      -3616.68  0.4049  0.704E-03      -2107.57  0.4473  0.140E-02      -1346.82  0.4848 -0.100E-02
         41.7268      -48.26  0.6730 -0.780E+00      -3616.61  0.4049  0.704E-03      -2107.52  0.4473  0.140E-02      -1346.61  0.4848 -0.100E-02
         42.3024      -44.68  0.6739 -0.780E+00      -3616.53  0.4049  0.704E-03      -2107.47  0.4473  0.140E-02      -1346.41  0.4848 -0.100E-02
         43.0722      -41.16  0.6748 -0.780E+00      -3616.43  0.4049  0.704E-03      -2107.40  0.4473  0.140E-02      -1346.14  0.4848 -0.100E-02
         43.8420      -36.60  0.6759 -0.780E+00      -3616.33  0.4049  0.704E-03      -2107.33  0.4473  0.140E-02      -1345.88  0.4849 -0.100E-02
         44.6117      -33.62  0.6767 -0.780E+00      -3616.23  0.4049  0.704E-03      -2107.26  0.4473  0.140E-02      -1345.62  0.4849 -0.100E-02
         45.3815      -30.15  0.6775 -0.780E+00      -3616.13  0.4049  0.704E-03      -2107.19  0.4473  0.140E-02      -1345.36  0.4849 -0.100E-02
         46.1512      -27.00  0.6782 -0.780E+00      -3616.03  0.4049  0.704E-03      -2107.12  0.4474  0.140E-02      -1345.10  0.4849 -0.100E-02
         46.9210      -23.98  0.6789 -0.780E+00      -3615.93  0.4049  0.704E-03      -2107.05  0.4474  0.140E-02      -1344.85  0.4849 -0.100E-02
         47.6907      -21.38  0.6795 -0.780E+00      -3615.83  0.4049  0.704E-03      -2106.98  0.4474  0.140E-02      -1344.60  0.4849 -0.100E-02
         48.4605      -18.20  0.6801 -0.780E+00      -3615.72  0.4049  0.704E-03      -2106.91  0.4474  0.140E-02      -1344.35  0.4849 -0.100E-02
         49.2302      -16.50  0.6805 -0.780E+00      -3615.63  0.4050  0.704E-03      -2106.84  0.4474  0.140E-02      -1344.11  0.4850 -0.100E-02
         50.0000      -14.64  0.6809 -0.780E+00      -3615.53  0.4050  0.704E-03      -2106.77  0.4474  0.140E-02      -1343.87  0.4850 -0.100E-02
         50.0001      -14.43  0.6809 -0.145E+01      -3615.53  0.4050  0.704E-03      -2106.77  0.4474  0.140E-02      -1343.87  0.4850 -0.110E-02
         50.0002      -14.38  0.6809 -0.145E+01      -3615.53  0.4050  0.704E-03      -2106.77  0.4474  0.140E-02      -1343.87  0.4850 -0.110E-02
         50.0004      -14.24  0.6809 -0.145E+01      -3615.53  0.4050  0.704E-03      -2106.77  0.4474  0.140E-02      -1343.87  0.4850 -0.110E-02
         50.0006      -14.10  0.6810 -0.145E+01      -3615.53  0.4050  0.704E-03      -2106.77  0.4474  0.140E-02      -1343.87  0.4850 -0.110E-02
         50.0009      -13.90  0.6810 -0.145E+01      -3615.53  0.4050  0.704E-03      -2106.77  0.4474  0.140E-02      -1343.87  0.4850 -0.110E-02
         50.0013      -13.66  0.6811 -0.145E+01      -3615.53  0.4050  0.704E-03      -2106.77  0.4474  0.140E-02      -1343.87  0.4850 -0.110E-02
         50.0018      -13.34  0.6811 -0.145E+01      -3615.53  0.4050  0.704E-03      -2106.77  0.4474  0.140E-02      -1343.87  0.4850 -0.110E-02
         50.0024      -12.95  0.6812 -0.145E+01      -3615.53  0.4050  0.704E-03      -2106.77  0.4474  0.140E-02      -1343.87  0.4850 -0.866E-03
         50.0032      -12.45  0.6813 -0.145E+01      -3615.53  0.4050  0.704E-03      -2106.77  0.4474  0.140E-02      -1343.87  0.4850 -0.110E-02
         50.0043      -11.84  0.6814 -0.145E+01      -3615.53  0.4050  0.704E-03      -2106.77  0.4474  0.140E-02      -1343.86  0.4850 -0.963E-03
         50.0056      -11.07  0.6816 -0.145E+01      -3615.53  0.4050  0.704E-03      -2106.77  0.4474  0.140E-02      -1343.86  0.4850 -0.996E-03
         50.0074      -10.14  0.6817 -0.145E+01      -3615.53  0.4050  0.704E-03      -2106.77  0.4474  0.140E-02      -1343.86  0.4850 -0.102E-02
         50.0098       -9.06  0.6819 -0.145E+01      -3615.53  0.4050  0.704E-03      -2106.77  0.4474  0.140E-02      -1343.86  0.4850 -0.976E-03
         50.0128       -7.81  0.6821 -0.145E+01      -3615.53  0.4050  0.704E-03      -2106.77  0.4474  0.140E-02      -1343.86  0.4850 -0.101E-02
         50.0167       -6.47  0.6824 -0.145E+01      -3615.53  0.4050  0.704E-03      -2106.77  0.4474  0.140E-02      -1343.86  0.4850 -0.990E-03
         50.0218       -5.12  0.6826 -0.145E+01      -3615.52  0.4050  0.704E-03      -2106.77  0.4474  0.140E-02      -1343.86  0.4850 -0.102E-02
         50.0285       -3.83  0.6828 -0.145E+01      -3615.52  0.4050  0.704E-03      -2106.77  0.4474  0.140E-02      -1343.86  0.4850 -0.992E-03
         50.0372       -2.65  0.6829 -0.145E+01      -3615.52  0.4050  0.704E-03      -2106.77  0.4474  0.140E-02      -1343.85  0.4850 -0.100E-02
         50.0484       -1.46  0.6831 -0.145E+01      -3615.52  0.4050  0.704E-03      -2106.77  0.4474  0.140E-02      -1343.85  0.4850 -0.998E-03
         50.0630        0.00  0.6830 -0.145E+01      -3615.52  0.4050  0.704E-03      -2106.76  0.4474  0.140E-02      -1343.85  0.4850 -0.100E-02
         50.0679       -0.75  0.6832 -0.145E+01      -3615.52  0.4050  0.704E-03      -2106.76  0.4474  0.140E-02      -1343.84  0.4850 -0.101E-02
         50.0742        0.00  0.6831 -0.138E+01      -3615.52  0.4050  0.704E-03      -2106.76  0.4474  0.140E-02      -1343.84  0.4850 -0.101E-02
         50.0806        0.20  0.6832 -0.145E+01      -3615.52  0.4050  0.704E-03      -2106.76  0.4474  0.140E-02      -1343.84  0.4850 -0.101E-02
         50.0888        0.00  0.6831 -0.134E+01      -3615.52  0.4050  0.704E-03      -2106.76  0.4474  0.140E-02      -1343.84  0.4850 -0.101E-02
         50.0970        0.00  0.6831 -0.137E+01      -3615.51  0.4050  0.704E-03      -2106.76  0.4474  0.140E-02      -1343.84  0.4850 -0.101E-02
         50.1006        0.00  0.6832 -0.164E+01      -3615.51  0.4050  0.704E-03      -2106.76  0.4474  0.140E-02      -1343.83  0.4850 -0.102E-02
         50.1042        0.00  0.6832 -0.132E+01      -3615.51  0.4050  0.704E-03      -2106.76  0.4474  0.140E-02      -1343.83  0.4850 -0.102E-02
         50.1088        0.00  0.6831 -0.131E+01      -3615.51  0.4050  0.704E-03      -2106.76  0.4474  0.140E-02      -1343.83  0.4850 -0.101E-02
         50.1148        0.00  0.6831 -0.130E+01      -3615.51  0.4050  0.704E-03      -2106.76  0.4474  0.140E-02      -1343.83  0.4850 -0.100E-02
         50.1175        0.00  0.6832 -0.159E+01      -3615.51  0.4050  0.704E-03      -2106.76  0.4474  0.140E-02      -1343.83  0.4850 -0.990E-03
         50.1201        0.00  0.6832 -0.131E+01      -3615.51  0.4050  0.704E-03      -2106.76  0.4474  0.140E-02      -1343.83  0.4850 -0.990E-03
         50.1235        0.00  0.6831 -0.128E+01      -3615.51  0.4050  0.704E-03      -2106.76  0.4474  0.140E-02      -1343.83  0.4850 -0.102E-02
         50.1279        0.00  0.6831 -0.128E+01      -3615.51  0.4050  0.704E-03      -2106.76  0.4474  0.140E-02      -1343.83  0.4850 -0.100E-02
         50.1298        0.00  0.6832 -0.154E+01      -3615.51  0.4050  0.704E-03      -2106.76  0.4474  0.140E-02      -1343.83  0.4850 -0.103E-02
         50.1317       -0.09  0.6833 -0.145E+01      -3615.51  0.4050  0.704E-03      -2106.76  0.4474  0.140E-02      -1343.82  0.4850 -0.103E-02
         50.1342        0.00  0.6832 -0.139E+01      -3615.51  0.4050  0.704E-03      -2106.76  0.4474  0.140E-02      -1343.82  0.4850 -0.984E-03
         50.1374        0.00  0.6831 -0.120E+01      -3615.51  0.4050  0.704E-03      -2106.76  0.4474  0.140E-02      -1343.82  0.4850 -0.101E-02
         50.1416        0.00  0.6831 -0.128E+01      -3615.51  0.4050  0.704E-03      -2106.76  0.4474  0.140E-02      -1343.82  0.4850 -0.997E-03
         50.1435       -0.08  0.6832 -0.145E+01      -3615.51  0.4050  0.704E-03      -2106.76  0.4474  0.140E-02      -1343.82  0.4850 -0.102E-02
         50.1458        0.00  0.6832 -0.144E+01      -3615.51  0.4050  0.704E-03      -2106.76  0.4474  0.140E-02      -1343.82  0.4850 -0.104E-02
         50.1489        0.00  0.6831 -0.121E+01      -3615.51  0.4050  0.704E-03      -2106.76  0.4474  0.140E-02      -1343.82  0.4850 -0.101E-02
         50.1529        0.00  0.6831 -0.126E+01      -3615.51  0.4050  0.704E-03      -2106.76  0.4474  0.140E-02      -1343.82  0.4850 -0.992E-03
         50.1546       -0.07  0.6832 -0.145E+01      -3615.51  0.4050  0.704E-03      -2106.76  0.4474  0.140E-02      -1343.82  0.4850 -0.102E-02
         50.1569        0.00  0.6832 -0.142E+01      -3615.51  0.4050  0.704E-03      -2106.76  0.4474  0.140E-02      -1343.82  0.4850 -0.104E-02
         50.1598        0.00  0.6831 -0.120E+01      -3615.51  0.4050  0.704E-03      -2106.76  0.4474  0.140E-02      -1343.82  0.4850 -0.100E-02
         50.1636        0.00  0.6831 -0.125E+01      -3615.51  0.4050  0.704E-03      -2106.76  0.4474  0.140E-02      -1343.82  0.4850 -0.103E-02
         50.1653       -0.04  0.6832 -0.145E+01      -3615.51  0.4050  0.704E-03      -2106.76  0.4474  0.140E-02      -1343.82  0.4850 -0.101E-02
         50.1674        0.00  0.6832 -0.145E+01      -3615.51  0.4050  0.704E-03      -2106.76  0.4474  0.140E-02      -1343.81  0.4850 -0.965E-03
         50.1684       -0.09  0.6832 -0.145E+01      -3615.51  0.4050  0.704E-03      -2106.76  0.4474  0.140E-02      -1343.81  0.4850 -0.943E-03
         50.1696        0.00  0.6832 -0.133E+01      -3615.51  0.4050  0.704E-03      -2106.76  0.4474  0.140E-02      -1343.81  0.4850 -0.980E-03
         50.1712        0.00  0.6832 -0.122E+01      -3615.51  0.4050  0.704E-03      -2106.76  0.4474  0.140E-02      -1343.81  0.4850 -0.101E-02
         50.1732        0.00  0.6832 -0.123E+01      -3615.51  0.4050  0.704E-03      -2106.76  0.4474  0.140E-02      -1343.81  0.4850 -0.103E-02
         50.1759        0.00  0.6831 -0.122E+01      -3615.51  0.4050  0.704E-03      -2106.76  0.4474  0.140E-02      -1343.81  0.4850 -0.991E-03
         50.1793        0.00  0.6831 -0.123E+01      -3615.51  0.4050  0.704E-03      -2106.76  0.4474  0.140E-02      -1343.81  0.4850 -0.102E-02
         50.1808       -0.07  0.6832 -0.145E+01      -3615.51  0.4050  0.704E-03      -2106.76  0.4474  0.140E-02      -1343.81  0.4850 -0.100E-02
         50.1828        0.00  0.6832 -0.137E+01      -3615.51  0.4050  0.704E-03      -2106.76  0.4474  0.140E-02      -1343.81  0.4850 -0.103E-02
         50.1853        0.00  0.6831 -0.119E+01      -3615.51  0.4050  0.704E-03      -2106.76  0.4474  0.140E-02      -1343.81  0.4850 -0.986E-03
         50.1886        0.00  0.6831 -0.123E+01      -3615.51  0.4050  0.704E-03      -2106.76  0.4474  0.140E-02      -1343.81  0.4850 -0.101E-02
         50.1900       -0.03  0.6832 -0.145E+01      -3615.51  0.4050  0.704E-03      -2106.76  0.4474  0.140E-02      -1343.81  0.4850 -0.999E-03
         50.1918       -0.54  0.6832 -0.145E+01      -3615.51  0.4050  0.704E-03      -2106.76  0.4474  0.140E-02      -1343.81  0.4850 -0.102E-02
         50.1943       -0.42  0.6832 -0.145E+01      -3615.51  0.4050  0.704E-03      -2106.76  0.4474  0.140E-02      -1343.81  0.4850 -0.980E-03
         50.1974       -0.15  0.6832 -0.145E+01      -3615.51  0.4050  0.704E-03      -2106.76  0.4474  0.140E-02      -1343.80  0.4850 -0.101E-02
         50.2015        0.00  0.6832 -0.144E+01      -3615.51  0.4050  0.704E-03      -2106.76  0.4474  0.140E-02      -1343.80  0.4850 -0.994E-03
         50.2067        0.00  0.6832 -0.142E+01      -3615.51  0.4050  0.704E-03      -2106.76  0.4474  0.140E-02      -1343.80  0.4850 -0.991E-03
         50.2136        0.00  0.6832 -0.139E+01      -3615.51  0.4050  0.704E-03      -2106.76  0.4474  0.140E-02      -1343.80  0.4850 -0.995E-03
         50.2226        0.00  0.6832 -0.137E+01      -3615.51  0.4050  0.704E-03      -2106.76  0.4474  0.140E-02      -1343.80  0.4850 -0.100E-02
         50.2342        0.00  0.6832 -0.135E+01      -3615.51  0.4050  0.704E-03      -2106.75  0.4474  0.140E-02      -1343.79  0.4850 -0.100E-02
         50.2493        0.00  0.6832 -0.133E+01      -3615.50  0.4050  0.704E-03      -2106.75  0.4474  0.140E-02      -1343.79  0.4850 -0.100E-02
         50.2690        0.00  0.6832 -0.131E+01      -3615.50  0.4050  0.704E-03      -2106.75  0.4474  0.140E-02      -1343.78  0.4850 -0.100E-02
         50.2945        0.00  0.6832 -0.129E+01      -3615.50  0.4050  0.704E-03      -2106.75  0.4474  0.140E-02      -1343.77  0.4850 -0.100E-02
         50.3277        0.00  0.6832 -0.127E+01      -3615.49  0.4050  0.704E-03      -2106.75  0.4474  0.140E-02      -1343.76  0.4850 -0.100E-02
         50.3709        0.00  0.6832 -0.124E+01      -3615.49  0.4050  0.704E-03      -2106.74  0.4474  0.140E-02      -1343.75  0.4850 -0.101E-02
         50.4270        0.00  0.6832 -0.122E+01      -3615.48  0.4050  0.704E-03      -2106.74  0.4474  0.140E-02      -1343.73  0.4850 -0.100E-02
         50.4999        0.00  0.6832 -0.120E+01      -3615.47  0.4050  0.704E-03      -2106.73  0.4474  0.140E-02      -1343.71  0.4850 -0.101E-02
         50.5947        0.00  0.6832 -0.118E+01      -3615.46  0.4050  0.704E-03      -2106.72  0.4474  0.140E-02      -1343.68  0.4850 -0.101E-02
         50.7180        0.00  0.6832 -0.116E+01      -3615.45  0.4050  0.704E-03      -2106.71  0.4474  0.140E-02      -1343.64  0.4850 -0.101E-02
         50.8783        0.00  0.6832 -0.113E+01      -3615.42  0.4050  0.704E-03      -2106.70  0.4474  0.140E-02      -1343.59  0.4850 -0.101E-02
         51.0866        0.00  0.6832 -0.111E+01      -3615.40  0.4050  0.704E-03      -2106.68  0.4474  0.140E-02      -1343.53  0.4850 -0.101E-02
         51.3574        0.00  0.6832 -0.109E+01      -3615.36  0.4050  0.704E-03      -2106.65  0.4474  0.140E-02      -1343.44  0.4850 -0.101E-02
         51.7095        0.00  0.6832 -0.107E+01      -3615.32  0.4050  0.704E-03      -2106.62  0.4474  0.140E-02      -1343.33  0.4850 -0.101E-02
         52.1672        0.00  0.6832 -0.104E+01      -3615.26  0.4050  0.704E-03      -2106.58  0.4474  0.140E-02      -1343.19  0.4850 -0.101E-02
         52.7623        0.00  0.6832 -0.103E+01      -3615.18  0.4050  0.704E-03      -2106.52  0.4474  0.140E-02      -1343.01  0.4850 -0.101E-02
         53.3573        0.00  0.6832 -0.102E+01      -3615.11  0.4050  0.704E-03      -2106.47  0.4474  0.140E-02      -1342.83  0.4850 -0.101E-02
         53.9523        0.00  0.6832 -0.101E+01      -3615.03  0.4050  0.704E-03      -2106.41  0.4474  0.140E-02      -1342.65  0.4851 -0.101E-02
         54.5571        0.00  0.6832 -0.111E+01      -3614.95  0.4050  0.704E-03      -2106.35  0.4474  0.140E-02      -1342.47  0.4851 -0.101E-02
         55.1619        0.00  0.6832 -0.113E+01      -3614.88  0.4050  0.704E-03      -2106.30  0.4474  0.140E-02      -1342.29  0.4851 -0.101E-02
         55.5784        0.00  0.6832 -0.115E+01      -3614.82  0.4050  0.704E-03      -2106.26  0.4474  0.140E-02      -1342.17  0.4851 -0.101E-02
         55.9949        0.00  0.6832 -0.115E+01      -3614.77  0.4050  0.704E-03      -2106.22  0.4474  0.140E-02      -1342.05  0.4851 -0.101E-02
         56.2865        0.00  0.6832 -0.112E+01      -3614.73  0.4050  0.704E-03      -2106.19  0.4474  0.140E-02      -1341.96  0.4851 -0.101E-02
         56.6578        0.00  0.6832 -0.112E+01      -3614.69  0.4050  0.704E-03      -2106.16  0.4474  0.140E-02      -1341.85  0.4851 -0.101E-02
         57.1353        0.00  0.6832 -0.108E+01      -3614.62  0.4050  0.704E-03      -2106.11  0.4474  0.140E-02      -1341.71  0.4851 -0.101E-02
         57.3740        0.00  0.6832 -0.113E+01      -3614.59  0.4050  0.704E-03      -2106.09  0.4474  0.140E-02      -1341.64  0.4851 -0.101E-02
         57.5411        0.00  0.6832 -0.107E+01      -3614.57  0.4050  0.704E-03      -2106.08  0.4474  0.140E-02      -1341.59  0.4851 -0.101E-02
         57.6135        0.00  0.6832 -0.916E+00      -3614.56  0.4050  0.704E-03      -2106.07  0.4474  0.140E-02      -1341.57  0.4851 -0.101E-02
         57.7077        0.00  0.6832 -0.101E+01      -3614.55  0.4050  0.704E-03      -2106.06  0.4474  0.140E-02      -1341.55  0.4851 -0.101E-02
         57.8300        0.00  0.6832 -0.996E+00      -3614.53  0.4050  0.704E-03      -2106.05  0.4474  0.140E-02      -1341.51  0.4851 -0.101E-02
         57.8708        0.00  0.6832 -0.862E+00      -3614.53  0.4050  0.704E-03      -2106.04  0.4474  0.140E-02      -1341.50  0.4851 -0.101E-02
         57.9239        0.00  0.6832 -0.953E+00      -3614.52  0.4050  0.704E-03      -2106.04  0.4474  0.140E-02      -1341.48  0.4851 -0.101E-02
         57.9928        0.00  0.6832 -0.106E+01      -3614.51  0.4050  0.704E-03      -2106.03  0.4474  0.140E-02      -1341.46  0.4851 -0.101E-02
         58.0617        0.00  0.6832 -0.110E+01      -3614.51  0.4050  0.704E-03      -2106.03  0.4474  0.140E-02      -1341.44  0.4851 -0.101E-02
         58.1100        0.00  0.6832 -0.110E+01      -3614.50  0.4050  0.704E-03      -2106.02  0.4474  0.140E-02      -1341.43  0.4851 -0.101E-02
         58.1727        0.00  0.6832 -0.106E+01      -3614.49  0.4050  0.704E-03      -2106.02  0.4474  0.140E-02      -1341.41  0.4851 -0.101E-02
         58.2355        0.00  0.6832 -0.106E+01      -3614.48  0.4050  0.704E-03      -2106.01  0.4474  0.140E-02      -1341.39  0.4851 -0.101E-02
         58.2982        0.00  0.6832 -0.106E+01      -3614.48  0.4050  0.704E-03      -2106.01  0.4474  0.140E-02      -1341.38  0.4851 -0.101E-02
         58.3609        0.00  0.6832 -0.981E+00      -3614.47  0.4050  0.704E-03      -2106.00  0.4474  0.140E-02      -1341.36  0.4851 -0.101E-02
         58.4425        0.00  0.6832 -0.973E+00      -3614.46  0.4050  0.704E-03      -2105.99  0.4474  0.140E-02      -1341.33  0.4851 -0.101E-02
         58.4778        0.00  0.6832 -0.107E+01      -3614.45  0.4050  0.704E-03      -2105.99  0.4474  0.140E-02      -1341.33  0.4851 -0.101E-02
         58.5132        0.00  0.6832 -0.108E+01      -3614.45  0.4050  0.704E-03      -2105.99  0.4474  0.140E-02      -1341.31  0.4851 -0.101E-02
         58.5485        0.00  0.6832 -0.926E+00      -3614.44  0.4050  0.704E-03      -2105.98  0.4474  0.140E-02      -1341.31  0.4851 -0.101E-02
         58.5945        0.00  0.6832 -0.988E+00      -3614.44  0.4050  0.704E-03      -2105.98  0.4474  0.140E-02      -1341.29  0.4851 -0.101E-02
         58.6542        0.00  0.6832 -0.101E+01      -3614.43  0.4050  0.704E-03      -2105.97  0.4474  0.140E-02      -1341.27  0.4851 -0.101E-02
         58.7318        0.00  0.6832 -0.955E+00      -3614.42  0.4050  0.704E-03      -2105.97  0.4474  0.140E-02      -1341.25  0.4851 -0.101E-02
         58.8328        0.00  0.6832 -0.117E+01      -3614.41  0.4050  0.704E-03      -2105.96  0.4474  0.140E-02      -1341.22  0.4851 -0.101E-02
         58.9034        0.00  0.6832 -0.104E+01      -3614.40  0.4050  0.704E-03      -2105.95  0.4474  0.140E-02      -1341.20  0.4851 -0.101E-02
         58.9741        0.00  0.6832 -0.115E+01      -3614.39  0.4050  0.704E-03      -2105.94  0.4474  0.140E-02      -1341.18  0.4851 -0.101E-02
         59.0659        0.00  0.6832 -0.102E+01      -3614.38  0.4050  0.704E-03      -2105.94  0.4474  0.140E-02      -1341.16  0.4851 -0.101E-02
         59.1827        0.00  0.6832 -0.106E+01      -3614.36  0.4050  0.704E-03      -2105.92  0.4474  0.140E-02      -1341.12  0.4852 -0.101E-02
         59.3462        0.00  0.6832 -0.113E+01      -3614.34  0.4050  0.704E-03      -2105.91  0.4474  0.140E-02      -1341.08  0.4852 -0.101E-02
         59.4551        0.00  0.6832 -0.112E+01      -3614.33  0.4050  0.704E-03      -2105.90  0.4474  0.140E-02      -1341.05  0.4852 -0.101E-02
         59.5914        0.00  0.6832 -0.112E+01      -3614.31  0.4050  0.704E-03      -2105.89  0.4474  0.140E-02      -1341.01  0.4852 -0.101E-02
         59.7957        0.00  0.6832 -0.111E+01      -3614.29  0.4050  0.704E-03      -2105.87  0.4474  0.140E-02      -1340.95  0.4852 -0.101E-02
         60.0000        0.00  0.6832 -0.111E+01      -3614.26  0.4050  0.704E-03      -2105.85  0.4474  0.140E-02      -1340.89  0.4852 -0.101E-02
         60.0001        0.00  0.6831  0.266E+01      -3614.26  0.4050  0.704E-03      -2105.85  0.4474  0.140E-02      -1340.89  0.4852 -0.110E-02
         60.0001       -1.02  0.6831 -0.316E+00      -3614.26  0.4050  0.704E-03      -2105.85  0.4474  0.140E-02      -1340.89  0.4852 -0.110E-02
         60.0002       -0.83  0.6831 -0.318E+00      -3614.26  0.4050  0.704E-03      -2105.85  0.4474  0.140E-02      -1340.89  0.4852 -0.110E-02
         60.0002       -1.02  0.6831 -0.321E+00      -3614.26  0.4050  0.704E-03      -2105.85  0.4474  0.140E-02      -1340.89  0.4852 -0.110E-02
         60.0003       -1.00  0.6831 -0.322E+00      -3614.26  0.4050  0.704E-03      -2105.85  0.4474  0.140E-02      -1340.89  0.4852 -0.110E-02
         60.0004       -1.11  0.6831 -0.321E+00      -3614.26  0.4050  0.704E-03      -2105.85  0.4474  0.140E-02      -1340.89  0.4852 -0.110E-02
         60.0005       -1.16  0.6831 -0.319E+00      -3614.26  0.4050  0.704E-03      -2105.85  0.4474  0.140E-02      -1340.89  0.4852 -0.110E-02
         60.0007       -1.28  0.6831 -0.321E+00      -3614.26  0.4050  0.704E-03      -2105.85  0.4474  0.140E-02      -1340.89  0.4852 -0.110E-02
         60.0009       -1.36  0.6831 -0.320E+00      -3614.26  0.4050  0.704E-03      -2105.85  0.4474  0.140E-02      -1340.89  0.4852 -0.110E-02
         60.0012       -1.54  0.6831 -0.321E+00      -3614.26  0.4050  0.704E-03      -2105.85  0.4474  0.140E-02      -1340.89  0.4852 -0.110E-02
         60.0015       -1.66  0.6830 -0.320E+00      -3614.26  0.4050  0.704E-03      -2105.85  0.4474  0.140E-02      -1340.89  0.4852 -0.110E-02
         60.0020       -1.79  0.6830 -0.320E+00      -3614.26  0.4050  0.704E-03      -2105.85  0.4474  0.140E-02      -1340.89  0.4852 -0.110E-02
         60.0026       -2.13  0.6830 -0.320E+00      -3614.26  0.4050  0.704E-03      -2105.85  0.4474  0.140E-02      -1340.89  0.4852 -0.110E-02
         60.0034       -2.39  0.6830 -0.320E+00      -3614.26  0.4050  0.704E-03      -2105.85  0.4474  0.140E-02      -1340.89  0.4852 -0.110E-02
         60.0044       -2.75  0.6829 -0.320E+00      -3614.26  0.4050  0.704E-03      -2105.85  0.4474  0.140E-02      -1340.89  0.4852 -0.951E-03
         60.0057       -3.11  0.6829 -0.320E+00      -3614.26  0.4050  0.704E-03      -2105.85  0.4474  0.140E-02      -1340.89  0.4852 -0.985E-03
         60.0074       -3.53  0.6828 -0.320E+00      -3614.26  0.4050  0.704E-03      -2105.85  0.4474  0.140E-02      -1340.89  0.4852 -0.101E-02
         60.0096       -3.97  0.6827 -0.320E+00      -3614.26  0.4050  0.704E-03      -2105.85  0.4474  0.140E-02      -1340.89  0.4852 -0.103E-02
         60.0125       -4.47  0.6827 -0.320E+00      -3614.26  0.4050  0.704E-03      -2105.85  0.4474  0.140E-02      -1340.89  0.4852 -0.995E-03
         60.0162       -4.97  0.6826 -0.320E+00      -3614.26  0.4050  0.704E-03      -2105.85  0.4474  0.140E-02      -1340.89  0.4852 -0.102E-02
         60.0211       -5.53  0.6825 -0.320E+00      -3614.26  0.4050  0.704E-03      -2105.85  0.4474  0.140E-02      -1340.89  0.4852 -0.101E-02
         60.0274       -6.11  0.6824 -0.320E+00      -3614.26  0.4050  0.704E-03      -2105.85  0.4474  0.140E-02      -1340.89  0.4852 -0.100E-02
         60.0357       -6.73  0.6823 -0.320E+00      -3614.26  0.4050  0.704E-03      -2105.85  0.4474  0.140E-02      -1340.88  0.4852 -0.101E-02
         60.0464       -7.38  0.6822 -0.320E+00      -3614.26  0.4050  0.704E-03      -2105.84  0.4474  0.140E-02      -1340.88  0.4852 -0.101E-02
         60.0603       -8.08  0.6821 -0.320E+00      -3614.26  0.4050  0.704E-03      -2105.84  0.4474  0.140E-02      -1340.88  0.4852 -0.101E-02
         60.0784       -8.83  0.6820 -0.320E+00      -3614.25  0.4050  0.704E-03      -2105.84  0.4474  0.140E-02      -1340.87  0.4852 -0.101E-02
         60.1019       -9.64  0.6818 -0.320E+00      -3614.25  0.4050  0.704E-03      -2105.84  0.4474  0.140E-02      -1340.86  0.4852 -0.101E-02
         60.1325      -10.52  0.6816 -0.320E+00      -3614.25  0.4050  0.704E-03      -2105.84  0.4474  0.140E-02      -1340.86  0.4852 -0.101E-02
         60.1722      -11.51  0.6815 -0.320E+00      -3614.24  0.4050  0.704E-03      -2105.83  0.4474  0.140E-02      -1340.84  0.4852 -0.101E-02
         60.2239      -12.59  0.6813 -0.320E+00      -3614.24  0.4050  0.704E-03      -2105.83  0.4474  0.140E-02      -1340.83  0.4852 -0.101E-02
         60.2911      -13.81  0.6810 -0.320E+00      -3614.23  0.4050  0.704E-03      -2105.82  0.4474  0.140E-02      -1340.81  0.4852 -0.101E-02
         60.3784      -15.17  0.6807 -0.320E+00      -3614.22  0.4050  0.704E-03      -2105.81  0.4474  0.140E-02      -1340.79  0.4852 -0.101E-02
         60.4920      -16.70  0.6804 -0.320E+00      -3614.20  0.4050  0.704E-03      -2105.80  0.4474  0.140E-02      -1340.75  0.4852 -0.101E-02
         60.6396      -18.39  0.6801 -0.320E+00      -3614.18  0.4050  0.704E-03      -2105.79  0.4474  0.140E-02      -1340.71  0.4852 -0.101E-02
         60.8314      -20.28  0.6797 -0.320E+00      -3614.16  0.4050  0.704E-03      -2105.77  0.4474  0.140E-02      -1340.66  0.4852 -0.101E-02
         61.0809      -22.34  0.6792 -0.320E+00      -3614.13  0.4050  0.704E-03      -2105.75  0.4474  0.140E-02      -1340.59  0.4852 -0.101E-02
         61.4051      -24.58  0.6787 -0.320E+00      -3614.09  0.4050  0.704E-03      -2105.72  0.4474  0.140E-02      -1340.50  0.4852 -0.101E-02
         61.8267      -27.03  0.6782 -0.320E+00      -3614.03  0.4050  0.704E-03      -2105.68  0.4474  0.140E-02      -1340.38  0.4852 -0.101E-02
         62.3747      -29.55  0.6776 -0.320E+00      -3613.96  0.4050  0.704E-03      -2105.62  0.4474  0.140E-02      -1340.23  0.4852 -0.101E-02
         63.0871      -32.04  0.6770 -0.320E+00      -3613.88  0.4050  0.704E-03      -2105.56  0.4474  0.140E-02      -1340.03  0.4852 -0.101E-02
         64.0746      -34.40  0.6764 -0.320E+00      -3613.75  0.4050  0.704E-03      -2105.46  0.4474  0.140E-02      -1339.77  0.4852 -0.101E-02
         65.0622      -36.28  0.6760 -0.320E+00      -3613.63  0.4050  0.704E-03      -2105.37  0.4474  0.140E-02      -1339.50  0.4853 -0.101E-02
         66.0498      -37.68  0.6757 -0.320E+00      -3613.50  0.4050  0.704E-03      -2105.27  0.4474  0.140E-02      -1339.24  0.4853 -0.101E-02
         67.0373      -38.74  0.6754 -0.320E+00      -3613.38  0.4050  0.704E-03      -2105.18  0.4474  0.140E-02      -1338.97  0.4853 -0.101E-02
         68.5187      -39.57  0.6752 -0.320E+00      -3613.20  0.4050  0.704E-03      -2105.04  0.4474  0.140E-02      -1338.59  0.4853 -0.101E-02
         70.0000      -40.19  0.6750 -0.320E+00      -3613.02  0.4050  0.704E-03      -2104.89  0.4474  0.140E-02      -1338.20  0.4853 -0.101E-02
         71.2500      -84.86  0.6633 -0.149E-07      -3612.86  0.4050  0.704E-03      -2104.77  0.4474  0.140E-02      -1337.88  0.4854 -0.101E-02
         72.5000     -108.63  0.6571 -0.689E-07      -3612.71  0.4050  0.704E-03      -2104.65  0.4474  0.140E-02      -1337.56  0.4854 -0.102E-02
         74.0000     -129.04  0.6517 -0.121E-06      -3612.52  0.4050  0.704E-03      -2104.51  0.4474  0.140E-02      -1337.19  0.4854 -0.102E-02
         76.0000     -150.66  0.6461  0.838E-08      -3612.28  0.4050  0.704E-03      -2104.31  0.4475  0.140E-02      -1336.69  0.4854 -0.102E-02
         78.0000     -169.12  0.6414 -0.196E-07      -3612.03  0.4050  0.704E-03      -2104.12  0.4475  0.140E-02      -1336.20  0.4855 -0.102E-02
         80.0000     -185.30  0.6373  0.373E-08      -3611.79  0.4050  0.704E-03      -2103.93  0.4475  0.140E-02      -1335.72  0.4855 -0.102E-02
         82.0000     -199.92  0.6338 -0.317E-07      -3611.55  0.4050  0.704E-03      -2103.73  0.4475  0.140E-02      -1335.25  0.4855 -0.102E-02
         84.6667     -217.80  0.6295 -0.745E-07      -3611.23  0.4050  0.704E-03      -2103.47  0.4475  0.140E-02      -1334.63  0.4856 -0.102E-02
         87.3333     -233.75  0.6257 -0.284E-07      -3610.91  0.4051  0.705E-03      -2103.21  0.4475  0.140E-02      -1334.01  0.4856 -0.102E-02
         90.0000     -248.46  0.6224 -0.186E-07      -3610.59  0.4051  0.705E-03      -2102.94  0.4475  0.140E-02      -1333.41  0.4856 -0.102E-02
         95.0000     -273.56  0.6169  0.978E-08      -3609.99  0.4051  0.705E-03      -2102.45  0.4475  0.140E-02      -1332.31  0.4857 -0.102E-02
        100.0000     -295.43  0.6121 -0.792E-08      -3609.40  0.4051  0.705E-03      -2101.96  0.4475  0.140E-02      -1331.24  0.4858 -0.103E-02
        105.0000     -315.88  0.6080 -0.363E-07      -3608.80  0.4051  0.705E-03      -2101.46  0.4476  0.141E-02      -1330.19  0.4858 -0.103E-02
        110.0000     -335.37  0.6041 -0.589E-07      -3608.22  0.4051  0.705E-03      -2100.96  0.4476  0.141E-02      -1329.17  0.4859 -0.103E-02
        115.0000     -353.08  0.6006  0.233E-08      -3607.63  0.4051  0.706E-03      -2100.46  0.4476  0.141E-02      -1328.18  0.4860 -0.103E-02
        120.0000     -369.22  0.5974 -0.128E-07      -3607.05  0.4051  0.706E-03      -2099.96  0.4476  0.141E-02      -1327.20  0.4860 -0.103E-02
        125.0000     -384.32  0.5946  0.233E-07      -3606.46  0.4052  0.706E-03      -2099.46  0.4476  0.141E-02      -1326.25  0.4861 -0.103E-02
        130.0000     -399.85  0.5920 -0.310E-07      -3605.88  0.4052  0.706E-03      -2098.96  0.4477  0.141E-02      -1325.32  0.4861 -0.104E-02
        140.0000     -427.62  0.5872 -0.119E-07      -3604.72  0.4052  0.707E-03      -2097.95  0.4477  0.141E-02      -1323.52  0.4863 -0.104E-02
        150.0000     -452.11  0.5829 -0.303E-08      -3603.57  0.4052  0.707E-03      -2096.94  0.4477  0.141E-02      -1321.79  0.4864 -0.104E-02
        160.0000     -474.05  0.5792 -0.233E-08      -3602.41  0.4052  0.708E-03      -2095.94  0.4478  0.141E-02      -1320.13  0.4865 -0.104E-02
        160.0001     -474.03  0.5792 -0.108E-01      -3602.41  0.4052  0.708E-03      -2095.94  0.4478  0.141E-02      -1320.13  0.4865 -0.110E-02
        160.0002     -474.04  0.5792 -0.111E-01      -3602.41  0.4052  0.708E-03      -2095.94  0.4478  0.141E-02      -1320.13  0.4865 -0.110E-02
        160.0004     -474.03  0.5792 -0.107E-01      -3602.41  0.4052  0.708E-03      -2095.94  0.4478  0.141E-02      -1320.13  0.4865 -0.110E-02
        160.0006     -474.03  0.5792 -0.100E-01      -3602.41  0.4052  0.708E-03      -2095.94  0.4478  0.141E-02      -1320.13  0.4865 -0.110E-02
        160.0009     -474.02  0.5792 -0.103E-01      -3602.41  0.4052  0.708E-03      -2095.94  0.4478  0.141E-02      -1320.13  0.4865 -0.110E-02
        160.0013     -474.02  0.5792 -0.994E-02      -3602.41  0.4052  0.708E-03      -2095.94  0.4478  0.141E-02      -1320.13  0.4865 -0.110E-02
        160.0018     -474.02  0.5792 -0.994E-02      -3602.41  0.4052  0.708E-03      -2095.94  0.4478  0.141E-02      -1320.13  0.4865 -0.110E-02
        160.0024     -474.01  0.5792 -0.100E-01      -3602.41  0.4052  0.708E-03      -2095.94  0.4478  0.141E-02      -1320.13  0.4865 -0.110E-02
        160.0032     -474.00  0.5792 -0.997E-02      -3602.41  0.4052  0.708E-03      -2095.94  0.4478  0.141E-02      -1320.13  0.4865 -0.110E-02
        160.0043     -473.99  0.5792 -0.101E-01      -3602.41  0.4052  0.708E-03      -2095.94  0.4478  0.141E-02      -1320.13  0.4865 -0.110E-02
        160.0056     -473.98  0.5792 -0.996E-02      -3602.41  0.4052  0.708E-03      -2095.94  0.4478  0.141E-02      -1320.13  0.4865 -0.989E-03
        160.0074     -473.96  0.5792 -0.996E-02      -3602.41  0.4052  0.708E-03      -2095.94  0.4478  0.141E-02      -1320.13  0.4865 -0.101E-02
        160.0098     -473.94  0.5792 -0.994E-02      -3602.41  0.4052  0.708E-03      -2095.94  0.4478  0.141E-02      -1320.13  0.4865 -0.103E-02
        160.0128     -473.92  0.5792 -0.100E-01      -3602.41  0.4052  0.708E-03      -2095.94  0.4478  0.141E-02      -1320.12  0.4865 -0.105E-02
        160.0167     -473.88  0.5792 -0.100E-01      -3602.41  0.4052  0.708E-03      -2095.94  0.4478  0.141E-02      -1320.12  0.4865 -0.106E-02
        160.0218     -473.83  0.5792 -0.100E-01      -3602.41  0.4052  0.708E-03      -2095.94  0.4478  0.141E-02      -1320.12  0.4865 -0.104E-02
        160.0285     -473.77  0.5792 -0.100E-01      -3602.41  0.4052  0.708E-03      -2095.94  0.4478  0.141E-02      -1320.12  0.4865 -0.105E-02
        160.0372     -473.70  0.5792 -0.999E-02      -3602.41  0.4052  0.708E-03      -2095.93  0.4478  0.141E-02      -1320.12  0.4865 -0.105E-02
        160.0484     -473.60  0.5792 -0.100E-01      -3602.41  0.4052  0.708E-03      -2095.93  0.4478  0.141E-02      -1320.12  0.4865 -0.104E-02
        160.0630     -473.47  0.5793 -0.999E-02      -3602.41  0.4052  0.708E-03      -2095.93  0.4478  0.141E-02      -1320.12  0.4865 -0.105E-02
        160.0820     -473.31  0.5793 -0.100E-01      -3602.41  0.4052  0.708E-03      -2095.93  0.4478  0.141E-02      -1320.11  0.4865 -0.104E-02
        160.1067     -473.11  0.5793 -0.100E-01      -3602.40  0.4052  0.708E-03      -2095.93  0.4478  0.141E-02      -1320.11  0.4865 -0.104E-02
        160.1388     -472.86  0.5794 -0.100E-01      -3602.40  0.4052  0.708E-03      -2095.93  0.4478  0.141E-02      -1320.10  0.4865 -0.105E-02
        160.1806     -472.56  0.5794 -0.100E-01      -3602.39  0.4052  0.708E-03      -2095.92  0.4478  0.141E-02      -1320.10  0.4865 -0.104E-02
        160.2349     -472.18  0.5795 -0.100E-01      -3602.39  0.4052  0.708E-03      -2095.92  0.4478  0.141E-02      -1320.09  0.4865 -0.104E-02
        160.3054     -471.74  0.5796 -0.100E-01      -3602.38  0.4052  0.708E-03      -2095.91  0.4478  0.141E-02      -1320.08  0.4865 -0.104E-02
        160.3972     -471.22  0.5796 -0.100E-01      -3602.37  0.4052  0.708E-03      -2095.90  0.4478  0.141E-02      -1320.06  0.4865 -0.104E-02
        160.5164     -470.64  0.5797 -0.100E-01      -3602.35  0.4052  0.708E-03      -2095.89  0.4478  0.141E-02      -1320.04  0.4865 -0.104E-02
        160.6715     -470.00  0.5799 -0.100E-01      -3602.34  0.4052  0.708E-03      -2095.87  0.4478  0.141E-02      -1320.01  0.4865 -0.105E-02
        160.8730     -469.31  0.5800 -0.100E-01      -3602.31  0.4052  0.708E-03      -2095.85  0.4478  0.141E-02      -1319.98  0.4865 -0.105E-02
        161.1350     -468.62  0.5801 -0.100E-01      -3602.28  0.4052  0.708E-03      -2095.82  0.4478  0.141E-02      -1319.94  0.4865 -0.105E-02
        161.4756     -467.95  0.5802 -0.100E-01      -3602.24  0.4052  0.708E-03      -2095.79  0.4478  0.141E-02      -1319.88  0.4865 -0.104E-02
        161.9184     -467.34  0.5803 -0.100E-01      -3602.19  0.4052  0.708E-03      -2095.75  0.4478  0.141E-02      -1319.81  0.4865 -0.105E-02
        162.4940     -466.84  0.5804 -0.100E-01      -3602.13  0.4052  0.708E-03      -2095.69  0.4478  0.141E-02      -1319.71  0.4865 -0.105E-02
        163.2446     -466.49  0.5805 -0.100E-01      -3602.04  0.4052  0.708E-03      -2095.61  0.4478  0.141E-02      -1319.59  0.4865 -0.105E-02
        164.2096     -466.37  0.5805 -0.100E-01      -3601.93  0.4053  0.708E-03      -2095.52  0.4478  0.141E-02      -1319.43  0.4865 -0.105E-02
        165.3677     -466.51  0.5805 -0.100E-01      -3601.79  0.4053  0.708E-03      -2095.40  0.4478  0.141E-02      -1319.24  0.4865 -0.105E-02
        166.9118     -467.05  0.5804 -0.100E-01      -3601.62  0.4053  0.708E-03      -2095.24  0.4478  0.141E-02      -1318.99  0.4865 -0.105E-02
        170.0000     -468.89  0.5801 -0.100E-01      -3601.26  0.4053  0.708E-03      -2094.93  0.4478  0.141E-02      -1318.50  0.4866 -0.105E-02
        170.0001     -468.81  0.5801 -0.195E-01      -3601.26  0.4053  0.708E-03      -2094.93  0.4478  0.141E-02      -1318.50  0.4866 -0.110E-02
        170.0002     -468.83  0.5801 -0.197E-01      -3601.26  0.4053  0.708E-03      -2094.93  0.4478  0.141E-02      -1318.50  0.4866 -0.110E-02
        170.0004     -468.81  0.5801 -0.193E-01      -3601.26  0.4053  0.708E-03      -2094.93  0.4478  0.141E-02      -1318.50  0.4866 -0.110E-02
        170.0006     -468.81  0.5801 -0.200E-01      -3601.26  0.4053  0.708E-03      -2094.93  0.4478  0.141E-02      -1318.50  0.4866 -0.110E-02
        170.0009     -468.80  0.5801 -0.199E-01      -3601.26  0.4053  0.708E-03      -2094.93  0.4478  0.141E-02      -1318.50  0.4866 -0.110E-02
        170.0013     -468.80  0.5801 -0.202E-01      -3601.26  0.4053  0.708E-03      -2094.93  0.4478  0.141E-02      -1318.50  0.4866 -0.110E-02
        170.0018     -468.80  0.5801 -0.198E-01      -3601.26  0.4053  0.708E-03      -2094.93  0.4478  0.141E-02      -1318.50  0.4866 -0.110E-02
        170.0024     -468.79  0.5801 -0.200E-01      -3601.26  0.4053  0.708E-03      -2094.93  0.4478  0.141E-02      -1318.50  0.4866 -0.110E-02
        170.0032     -468.78  0.5801 -0.201E-01      -3601.26  0.4053  0.708E-03      -2094.93  0.4478  0.141E-02      -1318.50  0.4866 -0.110E-02
        170.0043     -468.77  0.5801 -0.201E-01      -3601.26  0.4053  0.708E-03      -2094.93  0.4478  0.141E-02      -1318.50  0.4866 -0.110E-02
        170.0056     -468.75  0.5801 -0.201E-01      -3601.26  0.4053  0.708E-03      -2094.93  0.4478  0.141E-02      -1318.50  0.4866 -0.990E-03
        170.0074     -468.73  0.5801 -0.201E-01      -3601.26  0.4053  0.708E-03      -2094.93  0.4478  0.141E-02      -1318.50  0.4866 -0.101E-02
        170.0098     -468.71  0.5801 -0.200E-01      -3601.26  0.4053  0.708E-03      -2094.93  0.4478  0.141E-02      -1318.50  0.4866 -0.103E-02
        170.0128     -468.68  0.5801 -0.200E-01      -3601.26  0.4053  0.708E-03      -2094.93  0.4478  0.141E-02      -1318.50  0.4866 -0.105E-02
        170.0167     -468.63  0.5801 -0.200E-01      -3601.26  0.4053  0.708E-03      -2094.93  0.4478  0.141E-02      -1318.50  0.4866 -0.106E-02
        170.0218     -468.58  0.5801 -0.200E-01      -3601.26  0.4053  0.708E-03      -2094.93  0.4478  0.141E-02      -1318.49  0.4866 -0.104E-02
        170.0285     -468.51  0.5801 -0.200E-01      -3601.26  0.4053  0.708E-03      -2094.93  0.4478  0.141E-02      -1318.49  0.4866 -0.105E-02
        170.0372     -468.42  0.5801 -0.200E-01      -3601.26  0.4053  0.708E-03      -2094.93  0.4478  0.141E-02      -1318.49  0.4866 -0.105E-02
        170.0484     -468.30  0.5801 -0.200E-01      -3601.26  0.4053  0.708E-03      -2094.93  0.4478  0.141E-02      -1318.49  0.4866 -0.104E-02
        170.0630     -468.15  0.5802 -0.200E-01      -3601.26  0.4053  0.708E-03      -2094.93  0.4478  0.141E-02      -1318.49  0.4866 -0.105E-02
        170.0820     -467.96  0.5802 -0.200E-01      -3601.26  0.4053  0.708E-03      -2094.93  0.4478  0.141E-02      -1318.48  0.4866 -0.105E-02
        170.1067     -467.72  0.5802 -0.200E-01      -3601.25  0.4053  0.708E-03      -2094.93  0.4478  0.141E-02      -1318.48  0.4866 -0.105E-02
        170.1388     -467.43  0.5803 -0.200E-01      -3601.25  0.4053  0.708E-03      -2094.92  0.4478  0.141E-02      -1318.48  0.4866 -0.105E-02
        170.1806     -467.06  0.5804 -0.200E-01      -3601.24  0.4053  0.708E-03      -2094.92  0.4478  0.141E-02      -1318.47  0.4866 -0.105E-02
        170.2349     -466.60  0.5804 -0.200E-01      -3601.24  0.4053  0.708E-03      -2094.91  0.4478  0.141E-02      -1318.46  0.4866 -0.105E-02
        170.3054     -466.05  0.5805 -0.200E-01      -3601.23  0.4053  0.708E-03      -2094.91  0.4478  0.141E-02      -1318.45  0.4866 -0.105E-02
        170.3972     -465.40  0.5806 -0.200E-01      -3601.22  0.4053  0.708E-03      -2094.90  0.4478  0.141E-02      -1318.43  0.4866 -0.105E-02
        170.5164     -464.65  0.5808 -0.200E-01      -3601.20  0.4053  0.708E-03      -2094.88  0.4478  0.141E-02      -1318.42  0.4866 -0.105E-02
        170.6715     -463.79  0.5809 -0.200E-01      -3601.19  0.4053  0.708E-03      -2094.87  0.4478  0.141E-02      -1318.39  0.4866 -0.105E-02
        170.8730     -462.83  0.5811 -0.200E-01      -3601.16  0.4053  0.708E-03      -2094.85  0.4478  0.141E-02      -1318.36  0.4866 -0.105E-02
        171.1350     -461.79  0.5813 -0.200E-01      -3601.13  0.4053  0.708E-03      -2094.82  0.4478  0.141E-02      -1318.32  0.4866 -0.105E-02
        171.4756     -460.67  0.5815 -0.200E-01      -3601.09  0.4053  0.708E-03      -2094.79  0.4478  0.141E-02      -1318.26  0.4866 -0.105E-02
        171.9184     -459.50  0.5817 -0.200E-01      -3601.04  0.4053  0.708E-03      -2094.74  0.4478  0.141E-02      -1318.19  0.4866 -0.105E-02
        172.4940     -458.29  0.5819 -0.200E-01      -3600.98  0.4053  0.708E-03      -2094.69  0.4478  0.141E-02      -1318.10  0.4866 -0.105E-02
        173.2446     -457.06  0.5821 -0.200E-01      -3600.89  0.4053  0.708E-03      -2094.61  0.4478  0.141E-02      -1317.98  0.4866 -0.105E-02
        174.2096     -455.84  0.5823 -0.200E-01      -3600.78  0.4053  0.708E-03      -2094.51  0.4478  0.141E-02      -1317.83  0.4866 -0.105E-02
        175.3677     -454.73  0.5825 -0.200E-01      -3600.64  0.4053  0.708E-03      -2094.40  0.4478  0.141E-02      -1317.65  0.4866 -0.105E-02
        176.9118     -453.66  0.5827 -0.200E-01      -3600.47  0.4053  0.709E-03      -2094.24  0.4478  0.141E-02      -1317.41  0.4866 -0.105E-02
        180.0000     -452.48  0.5829 -0.200E-01      -3600.11  0.4053  0.709E-03      -2093.93  0.4478  0.141E-02      -1316.93  0.4867 -0.105E-02
        180.0001     -452.37  0.5829 -0.316E-01      -3600.11  0.4053  0.709E-03      -2093.93  0.4478  0.141E-02      -1316.93  0.4867 -0.110E-02
        180.0002     -452.39  0.5829 -0.311E-01      -3600.11  0.4053  0.709E-03      -2093.93  0.4478  0.141E-02      -1316.93  0.4867 -0.110E-02
        180.0004     -452.37  0.5829 -0.303E-01      -3600.11  0.4053  0.709E-03      -2093.93  0.4478  0.141E-02      -1316.93  0.4867 -0.110E-02
        180.0006     -452.38  0.5829 -0.305E-01      -3600.11  0.4053  0.709E-03      -2093.93  0.4478  0.141E-02      -1316.93  0.4867 -0.110E-02
        180.0009     -452.37  0.5829 -0.301E-01      -3600.11  0.4053  0.709E-03      -2093.93  0.4478  0.141E-02      -1316.93  0.4867 -0.110E-02
        180.0013     -452.36  0.5829 -0.301E-01      -3600.11  0.4053  0.709E-03      -2093.93  0.4478  0.141E-02      -1316.93  0.4867 -0.110E-02
        180.0018     -452.36  0.5829 -0.302E-01      -3600.11  0.4053  0.709E-03      -2093.93  0.4478  0.141E-02      -1316.93  0.4867 -0.110E-02
        180.0024     -452.35  0.5829 -0.302E-01      -3600.11  0.4053  0.709E-03      -2093.93  0.4478  0.141E-02      -1316.93  0.4867 -0.110E-02
        180.0032     -452.34  0.5829 -0.299E-01      -3600.11  0.4053  0.709E-03      -2093.93  0.4478  0.141E-02      -1316.93  0.4867 -0.110E-02
        180.0043     -452.33  0.5829 -0.301E-01      -3600.11  0.4053  0.709E-03      -2093.93  0.4478  0.141E-02      -1316.93  0.4867 -0.110E-02
        180.0056     -452.31  0.5829 -0.299E-01      -3600.11  0.4053  0.709E-03      -2093.93  0.4478  0.141E-02      -1316.93  0.4867 -0.990E-03
        180.0074     -452.29  0.5829 -0.301E-01      -3600.11  0.4053  0.709E-03      -2093.93  0.4478  0.141E-02      -1316.93  0.4867 -0.102E-02
        180.0098     -452.26  0.5829 -0.300E-01      -3600.11  0.4053  0.709E-03      -2093.93  0.4478  0.141E-02      -1316.93  0.4867 -0.103E-02
        180.0128     -452.23  0.5829 -0.300E-01      -3600.11  0.4053  0.709E-03      -2093.93  0.4478  0.141E-02      -1316.93  0.4867 -0.105E-02
        180.0167     -452.18  0.5829 -0.300E-01      -3600.11  0.4053  0.709E-03      -2093.93  0.4478  0.141E-02      -1316.93  0.4867 -0.106E-02
        180.0218     -452.12  0.5829 -0.300E-01      -3600.11  0.4053  0.709E-03      -2093.93  0.4478  0.141E-02      -1316.93  0.4867 -0.104E-02
        180.0285     -452.04  0.5830 -0.300E-01      -3600.11  0.4053  0.709E-03      -2093.93  0.4478  0.141E-02      -1316.93  0.4867 -0.105E-02
        180.0372     -451.95  0.5830 -0.300E-01      -3600.11  0.4053  0.709E-03      -2093.93  0.4478  0.141E-02      -1316.92  0.4867 -0.105E-02
        180.0484     -451.82  0.5830 -0.300E-01      -3600.10  0.4053  0.709E-03      -2093.93  0.4478  0.141E-02      -1316.92  0.4867 -0.105E-02
        180.0630     -451.66  0.5830 -0.300E-01      -3600.10  0.4053  0.709E-03      -2093.93  0.4478  0.141E-02      -1316.92  0.4867 -0.105E-02
        180.0820     -451.45  0.5831 -0.300E-01      -3600.10  0.4053  0.709E-03      -2093.93  0.4478  0.141E-02      -1316.92  0.4867 -0.105E-02
        180.1067     -451.19  0.5831 -0.300E-01      -3600.10  0.4053  0.709E-03      -2093.92  0.4478  0.141E-02      -1316.91  0.4867 -0.105E-02
        180.1388     -450.87  0.5832 -0.300E-01      -3600.09  0.4053  0.709E-03      -2093.92  0.4478  0.141E-02      -1316.91  0.4867 -0.105E-02
        180.1806     -450.46  0.5832 -0.300E-01      -3600.09  0.4053  0.709E-03      -2093.92  0.4478  0.141E-02      -1316.90  0.4867 -0.105E-02
        180.2349     -449.97  0.5833 -0.300E-01      -3600.08  0.4053  0.709E-03      -2093.91  0.4478  0.141E-02      -1316.89  0.4867 -0.105E-02
        180.3054     -449.36  0.5834 -0.300E-01      -3600.07  0.4053  0.709E-03      -2093.90  0.4478  0.141E-02      -1316.88  0.4867 -0.105E-02
        180.3972     -448.65  0.5835 -0.300E-01      -3600.06  0.4053  0.709E-03      -2093.89  0.4478  0.141E-02      -1316.87  0.4867 -0.105E-02
        180.5164     -447.81  0.5837 -0.300E-01      -3600.05  0.4053  0.709E-03      -2093.88  0.4478  0.141E-02      -1316.85  0.4867 -0.105E-02
        180.6715     -446.84  0.5839 -0.300E-01      -3600.03  0.4053  0.709E-03      -2093.87  0.4479  0.141E-02      -1316.83  0.4867 -0.105E-02
        180.8730     -445.75  0.5840 -0.300E-01      -3600.01  0.4053  0.709E-03      -2093.85  0.4479  0.141E-02      -1316.80  0.4867 -0.105E-02
        181.1350     -444.52  0.5843 -0.300E-01      -3599.98  0.4053  0.709E-03      -2093.82  0.4479  0.141E-02      -1316.76  0.4867 -0.105E-02
        181.4756     -443.17  0.5845 -0.300E-01      -3599.94  0.4053  0.709E-03      -2093.79  0.4479  0.141E-02      -1316.70  0.4867 -0.105E-02
        181.9184     -441.68  0.5847 -0.300E-01      -3599.89  0.4053  0.709E-03      -2093.74  0.4479  0.141E-02      -1316.64  0.4867 -0.105E-02
        182.4940     -440.05  0.5850 -0.300E-01      -3599.82  0.4053  0.709E-03      -2093.68  0.4479  0.141E-02      -1316.55  0.4867 -0.105E-02
        183.2446     -438.25  0.5853 -0.300E-01      -3599.74  0.4053  0.709E-03      -2093.61  0.4479  0.141E-02      -1316.43  0.4867 -0.105E-02
        184.2096     -436.30  0.5857 -0.300E-01      -3599.62  0.4053  0.709E-03      -2093.51  0.4479  0.141E-02      -1316.29  0.4867 -0.105E-02
        185.3677     -434.31  0.5860 -0.300E-01      -3599.49  0.4053  0.709E-03      -2093.40  0.4479  0.141E-02      -1316.11  0.4867 -0.105E-02
        186.9118     -432.09  0.5864 -0.300E-01      -3599.31  0.4053  0.709E-03      -2093.24  0.4479  0.141E-02      -1315.88  0.4867 -0.105E-02
        190.0000     -428.73  0.5870 -0.300E-01      -3598.96  0.4053  0.709E-03      -2092.93  0.4479  0.141E-02      -1315.42  0.4868 -0.105E-02
        190.0001     -428.59  0.5870 -0.110E+00      -3598.96  0.4053  0.709E-03      -2092.93  0.4479  0.141E-02      -1315.42  0.4868 -0.110E-02
        190.0002     -428.61  0.5870 -0.109E+00      -3598.96  0.4053  0.709E-03      -2092.93  0.4479  0.141E-02      -1315.42  0.4868 -0.110E-02
        190.0004     -428.57  0.5870 -0.110E+00      -3598.96  0.4053  0.709E-03      -2092.93  0.4479  0.141E-02      -1315.42  0.4868 -0.110E-02
        190.0006     -428.56  0.5870 -0.111E+00      -3598.96  0.4053  0.709E-03      -2092.93  0.4479  0.141E-02      -1315.42  0.4868 -0.110E-02
        190.0009     -428.53  0.5870 -0.111E+00      -3598.96  0.4053  0.709E-03      -2092.93  0.4479  0.141E-02      -1315.42  0.4868 -0.110E-02
        190.0013     -428.50  0.5870 -0.110E+00      -3598.96  0.4053  0.709E-03      -2092.93  0.4479  0.141E-02      -1315.42  0.4868 -0.110E-02
        190.0018     -428.45  0.5870 -0.110E+00      -3598.96  0.4053  0.709E-03      -2092.93  0.4479  0.141E-02      -1315.42  0.4868 -0.110E-02
        190.0024     -428.39  0.5870 -0.110E+00      -3598.96  0.4053  0.709E-03      -2092.93  0.4479  0.141E-02      -1315.42  0.4868 -0.110E-02
        190.0032     -428.32  0.5871 -0.110E+00      -3598.96  0.4053  0.709E-03      -2092.93  0.4479  0.141E-02      -1315.42  0.4868 -0.110E-02
        190.0043     -428.22  0.5871 -0.110E+00      -3598.96  0.4053  0.709E-03      -2092.93  0.4479  0.141E-02      -1315.42  0.4868 -0.110E-02
        190.0056     -428.09  0.5871 -0.110E+00      -3598.96  0.4053  0.709E-03      -2092.93  0.4479  0.141E-02      -1315.42  0.4868 -0.991E-03
        190.0074     -427.92  0.5871 -0.110E+00      -3598.96  0.4053  0.709E-03      -2092.93  0.4479  0.141E-02      -1315.42  0.4868 -0.110E-02
        190.0098     -427.71  0.5872 -0.110E+00      -3598.96  0.4053  0.709E-03      -2092.93  0.4479  0.141E-02      -1315.42  0.4868 -0.104E-02
        190.0128     -427.43  0.5872 -0.110E+00      -3598.96  0.4053  0.709E-03      -2092.93  0.4479  0.141E-02      -1315.42  0.4868 -0.105E-02
        190.0167     -427.07  0.5873 -0.110E+00      -3598.96  0.4053  0.709E-03      -2092.93  0.4479  0.141E-02      -1315.42  0.4868 -0.106E-02
        190.0218     -426.60  0.5873 -0.110E+00      -3598.96  0.4053  0.709E-03      -2092.93  0.4479  0.141E-02      -1315.42  0.4868 -0.104E-02
        190.0285     -426.00  0.5875 -0.110E+00      -3598.96  0.4053  0.709E-03      -2092.93  0.4479  0.141E-02      -1315.42  0.4868 -0.105E-02
        190.0372     -425.24  0.5876 -0.110E+00      -3598.95  0.4053  0.709E-03      -2092.93  0.4479  0.141E-02      -1315.42  0.4868 -0.105E-02
        190.0484     -424.25  0.5878 -0.110E+00      -3598.95  0.4053  0.709E-03      -2092.93  0.4479  0.141E-02      -1315.41  0.4868 -0.105E-02
        190.0630     -423.00  0.5880 -0.110E+00      -3598.95  0.4053  0.709E-03      -2092.93  0.4479  0.141E-02      -1315.41  0.4868 -0.106E-02
        190.0820     -421.41  0.5882 -0.110E+00      -3598.95  0.4053  0.709E-03      -2092.93  0.4479  0.141E-02      -1315.41  0.4868 -0.105E-02
        190.1067     -419.41  0.5886 -0.110E+00      -3598.95  0.4053  0.709E-03      -2092.92  0.4479  0.141E-02      -1315.41  0.4868 -0.105E-02
        190.1388     -416.92  0.5890 -0.110E+00      -3598.94  0.4053  0.709E-03      -2092.92  0.4479  0.141E-02      -1315.40  0.4868 -0.105E-02
        190.1806     -413.86  0.5896 -0.110E+00      -3598.94  0.4053  0.709E-03      -2092.92  0.4479  0.141E-02      -1315.40  0.4868 -0.105E-02
        190.2349     -410.14  0.5902 -0.110E+00      -3598.93  0.4053  0.709E-03      -2092.91  0.4479  0.141E-02      -1315.39  0.4868 -0.105E-02
        190.3054     -405.69  0.5910 -0.110E+00      -3598.92  0.4053  0.709E-03      -2092.90  0.4479  0.141E-02      -1315.38  0.4868 -0.105E-02
        190.3972     -400.49  0.5919 -0.110E+00      -3598.91  0.4053  0.709E-03      -2092.89  0.4479  0.141E-02      -1315.36  0.4868 -0.105E-02
        190.5164     -394.53  0.5929 -0.110E+00      -3598.90  0.4053  0.709E-03      -2092.88  0.4479  0.141E-02      -1315.35  0.4868 -0.105E-02
        190.6715     -387.84  0.5941 -0.110E+00      -3598.88  0.4053  0.709E-03      -2092.87  0.4479  0.141E-02      -1315.32  0.4868 -0.105E-02
        190.8730     -380.48  0.5953 -0.110E+00      -3598.86  0.4053  0.709E-03      -2092.85  0.4479  0.141E-02      -1315.29  0.4868 -0.105E-02
        191.1350     -373.02  0.5967 -0.110E+00      -3598.83  0.4053  0.709E-03      -2092.82  0.4479  0.141E-02      -1315.25  0.4868 -0.105E-02
        191.4756     -365.27  0.5983 -0.110E+00      -3598.79  0.4053  0.709E-03      -2092.79  0.4479  0.141E-02      -1315.20  0.4868 -0.105E-02
        191.9184     -356.78  0.5999 -0.110E+00      -3598.74  0.4053  0.709E-03      -2092.74  0.4479  0.141E-02      -1315.14  0.4868 -0.105E-02
        192.4940     -347.49  0.6018 -0.110E+00      -3598.67  0.4053  0.709E-03      -2092.68  0.4479  0.141E-02      -1315.05  0.4868 -0.105E-02
        193.2446     -337.18  0.6038 -0.110E+00      -3598.58  0.4053  0.709E-03      -2092.61  0.4479  0.141E-02      -1314.94  0.4868 -0.105E-02
        194.2096     -326.27  0.6060 -0.110E+00      -3598.47  0.4053  0.710E-03      -2092.51  0.4479  0.141E-02      -1314.80  0.4868 -0.105E-02
        195.3677     -315.74  0.6081 -0.110E+00      -3598.34  0.4053  0.710E-03      -2092.40  0.4479  0.141E-02      -1314.63  0.4868 -0.105E-02
        196.9118     -303.82  0.6104 -0.110E+00      -3598.16  0.4053  0.710E-03      -2092.24  0.4479  0.141E-02      -1314.41  0.4868 -0.105E-02
        200.0000     -286.53  0.6142 -0.110E+00      -3597.80  0.4053  0.710E-03      -2091.94  0.4479  0.142E-02      -1313.97  0.4869 -0.106E-02
        200.0001     -285.70  0.6142 -0.209E-01      -3597.80  0.4053  0.710E-03      -2091.94  0.4479  0.142E-02      -1313.97  0.4869 -0.110E-02
        200.0002     -285.92  0.6142 -0.196E-01      -3597.80  0.4053  0.710E-03      -2091.94  0.4479  0.142E-02      -1313.97  0.4869 -0.110E-02
        200.0004     -285.77  0.6142 -0.197E-01      -3597.80  0.4053  0.710E-03      -2091.94  0.4479  0.142E-02      -1313.97  0.4869 -0.110E-02
        200.0006     -285.85  0.6142 -0.202E-01      -3597.80  0.4053  0.710E-03      -2091.94  0.4479  0.142E-02      -1313.97  0.4869 -0.110E-02
        200.0009     -285.83  0.6142 -0.197E-01      -3597.80  0.4053  0.710E-03      -2091.94  0.4479  0.142E-02      -1313.97  0.4869 -0.110E-02
        200.0013     -285.88  0.6142 -0.199E-01      -3597.80  0.4053  0.710E-03      -2091.94  0.4479  0.142E-02      -1313.97  0.4869 -0.110E-02
        200.0018     -285.91  0.6142 -0.201E-01      -3597.80  0.4053  0.710E-03      -2091.94  0.4479  0.142E-02      -1313.97  0.4869 -0.110E-02
        200.0024     -285.96  0.6142 -0.198E-01      -3597.80  0.4053  0.710E-03      -2091.94  0.4479  0.142E-02      -1313.97  0.4869 -0.110E-02
        200.0032     -286.02  0.6141 -0.201E-01      -3597.80  0.4053  0.710E-03      -2091.94  0.4479  0.142E-02      -1313.97  0.4869 -0.110E-02
        200.0043     -286.10  0.6141 -0.200E-01      -3597.80  0.4053  0.710E-03      -2091.94  0.4479  0.142E-02      -1313.97  0.4869 -0.110E-02
        200.0056     -286.20  0.6141 -0.200E-01      -3597.80  0.4053  0.710E-03      -2091.94  0.4479  0.142E-02      -1313.97  0.4869 -0.992E-03
        200.0074     -286.34  0.6141 -0.200E-01      -3597.80  0.4053  0.710E-03      -2091.94  0.4479  0.142E-02      -1313.97  0.4869 -0.110E-02
        200.0098     -286.51  0.6140 -0.200E-01      -3597.80  0.4053  0.710E-03      -2091.94  0.4479  0.142E-02      -1313.97  0.4869 -0.104E-02
        200.0128     -286.74  0.6140 -0.200E-01      -3597.80  0.4053  0.710E-03      -2091.94  0.4479  0.142E-02      -1313.97  0.4869 -0.105E-02
        200.0167     -287.03  0.6139 -0.200E-01      -3597.80  0.4053  0.710E-03      -2091.94  0.4479  0.142E-02      -1313.97  0.4869 -0.106E-02
        200.0218     -287.40  0.6138 -0.200E-01      -3597.80  0.4053  0.710E-03      -2091.94  0.4479  0.142E-02      -1313.97  0.4869 -0.107E-02
        200.0285     -287.88  0.6137 -0.200E-01      -3597.80  0.4053  0.710E-03      -2091.93  0.4479  0.142E-02      -1313.97  0.4869 -0.106E-02
        200.0372     -288.48  0.6136 -0.200E-01      -3597.80  0.4053  0.710E-03      -2091.93  0.4479  0.142E-02      -1313.97  0.4869 -0.105E-02
        200.0484     -289.24  0.6134 -0.200E-01      -3597.80  0.4053  0.710E-03      -2091.93  0.4479  0.142E-02      -1313.96  0.4869 -0.106E-02
        200.0630     -290.21  0.6132 -0.200E-01      -3597.80  0.4053  0.710E-03      -2091.93  0.4479  0.142E-02      -1313.96  0.4869 -0.106E-02
        200.0820     -291.40  0.6130 -0.200E-01      -3597.80  0.4053  0.710E-03      -2091.93  0.4479  0.142E-02      -1313.96  0.4869 -0.105E-02
        200.1067     -292.87  0.6126 -0.200E-01      -3597.79  0.4053  0.710E-03      -2091.93  0.4479  0.142E-02      -1313.95  0.4869 -0.105E-02
        200.1388     -294.66  0.6122 -0.200E-01      -3597.79  0.4053  0.710E-03      -2091.92  0.4479  0.142E-02      -1313.95  0.4869 -0.105E-02
        200.1806     -296.80  0.6118 -0.200E-01      -3597.79  0.4053  0.710E-03      -2091.92  0.4479  0.142E-02      -1313.94  0.4869 -0.106E-02
        200.2349     -299.44  0.6112 -0.200E-01      -3597.78  0.4053  0.710E-03      -2091.91  0.4479  0.142E-02      -1313.94  0.4869 -0.106E-02
        200.3054     -302.65  0.6106 -0.200E-01      -3597.77  0.4053  0.710E-03      -2091.91  0.4479  0.142E-02      -1313.93  0.4869 -0.106E-02
        200.3972     -306.25  0.6099 -0.200E-01      -3597.76  0.4053  0.710E-03      -2091.90  0.4479  0.142E-02      -1313.91  0.4869 -0.106E-02
        200.5164     -310.23  0.6091 -0.200E-01      -3597.75  0.4053  0.710E-03      -2091.89  0.4479  0.142E-02      -1313.90  0.4869 -0.105E-02
        200.6715     -314.55  0.6082 -0.200E-01      -3597.73  0.4053  0.710E-03      -2091.87  0.4479  0.142E-02      -1313.87  0.4869 -0.105E-02
        200.8730     -319.19  0.6073 -0.200E-01      -3597.71  0.4053  0.710E-03      -2091.85  0.4479  0.142E-02      -1313.85  0.4869 -0.106E-02
        201.1350     -324.11  0.6063 -0.200E-01      -3597.67  0.4053  0.710E-03      -2091.82  0.4479  0.142E-02      -1313.81  0.4869 -0.106E-02
        201.4756     -329.33  0.6053 -0.200E-01      -3597.64  0.4053  0.710E-03      -2091.79  0.4479  0.142E-02      -1313.76  0.4869 -0.106E-02
        201.9184     -334.83  0.6042 -0.200E-01      -3597.58  0.4053  0.710E-03      -2091.75  0.4479  0.142E-02      -1313.70  0.4869 -0.106E-02
        202.4940     -340.61  0.6031 -0.200E-01      -3597.52  0.4053  0.710E-03      -2091.69  0.4479  0.142E-02      -1313.62  0.4869 -0.106E-02
        203.2446     -346.67  0.6019 -0.200E-01      -3597.43  0.4054  0.710E-03      -2091.61  0.4479  0.142E-02      -1313.51  0.4869 -0.106E-02
        204.2096     -352.94  0.6006 -0.200E-01      -3597.32  0.4054  0.710E-03      -2091.52  0.4479  0.142E-02      -1313.37  0.4869 -0.106E-02
        205.3677     -359.05  0.5994 -0.200E-01      -3597.18  0.4054  0.710E-03      -2091.40  0.4479  0.142E-02      -1313.21  0.4869 -0.106E-02
        206.9118     -365.67  0.5981 -0.200E-01      -3597.01  0.4054  0.710E-03      -2091.25  0.4479  0.142E-02      -1313.00  0.4869 -0.106E-02
        210.0000     -375.62  0.5961 -0.200E-01      -3596.65  0.4054  0.710E-03      -2090.94  0.4480  0.142E-02      -1312.57  0.4869 -0.106E-02
        212.5000     -402.67  0.5918 -0.233E-07      -3596.35  0.4054  0.710E-03      -2090.70  0.4480  0.142E-02      -1312.23  0.4870 -0.106E-02
        216.2500     -422.94  0.5876  0.438E-07      -3595.92  0.4054  0.711E-03      -2090.33  0.4480  0.142E-02      -1311.73  0.4870 -0.106E-02
        220.0000     -440.87  0.5848 -0.312E-07      -3595.47  0.4054  0.711E-03      -2089.96  0.4480  0.142E-02      -1311.24  0.4870 -0.106E-02
        220.0001     -441.12  0.5848 -0.961E-02      -3595.48  0.4054  0.711E-03      -2089.96  0.4480  0.142E-02      -1311.24  0.4870 -0.110E-02
        220.0002     -441.06  0.5848 -0.105E-01      -3595.47  0.4054  0.711E-03      -2089.96  0.4480  0.142E-02      -1311.24  0.4870 -0.110E-02
        220.0004     -441.10  0.5848 -0.107E-01      -3595.48  0.4054  0.711E-03      -2089.96  0.4480  0.142E-02      -1311.24  0.4870 -0.110E-02
        220.0006     -441.08  0.5848 -0.104E-01      -3595.48  0.4054  0.711E-03      -2089.96  0.4480  0.142E-02      -1311.24  0.4870 -0.110E-02
        220.0009     -441.09  0.5848 -0.992E-02      -3595.48  0.4054  0.711E-03      -2089.96  0.4480  0.142E-02      -1311.24  0.4870 -0.110E-02
        220.0013     -441.08  0.5848 -0.101E-01      -3595.48  0.4054  0.711E-03      -2089.96  0.4480  0.142E-02      -1311.24  0.4870 -0.110E-02
        220.0018     -441.08  0.5848 -0.985E-02      -3595.47  0.4054  0.711E-03      -2089.96  0.4480  0.142E-02      -1311.24  0.4870 -0.110E-02
        220.0024     -441.08  0.5848 -0.986E-02      -3595.48  0.4054  0.711E-03      -2089.96  0.4480  0.142E-02      -1311.24  0.4870 -0.110E-02
        220.0032     -441.07  0.5848 -0.991E-02      -3595.48  0.4054  0.711E-03      -2089.96  0.4480  0.142E-02      -1311.24  0.4870 -0.110E-02
        220.0043     -441.06  0.5848 -0.989E-02      -3595.47  0.4054  0.711E-03      -2089.96  0.4480  0.142E-02      -1311.24  0.4870 -0.110E-02
        220.0056     -441.05  0.5849 -0.100E-01      -3595.47  0.4054  0.711E-03      -2089.96  0.4480  0.142E-02      -1311.24  0.4870 -0.110E-02
        220.0074     -441.04  0.5849 -0.101E-01      -3595.48  0.4054  0.711E-03      -2089.96  0.4480  0.142E-02      -1311.24  0.4870 -0.102E-02
        220.0098     -441.02  0.5849 -0.101E-01      -3595.47  0.4054  0.711E-03      -2089.96  0.4480  0.142E-02      -1311.23  0.4870 -0.104E-02
        220.0128     -441.00  0.5849 -0.100E-01      -3595.47  0.4054  0.711E-03      -2089.96  0.4480  0.142E-02      -1311.23  0.4870 -0.105E-02
        220.0167     -440.97  0.5849 -0.100E-01      -3595.48  0.4054  0.711E-03      -2089.96  0.4480  0.142E-02      -1311.23  0.4870 -0.106E-02
        220.0218     -440.94  0.5849 -0.100E-01      -3595.47  0.4054  0.711E-03      -2089.96  0.4480  0.142E-02      -1311.23  0.4870 -0.104E-02
        220.0285     -440.89  0.5849 -0.998E-02      -3595.47  0.4054  0.711E-03      -2089.96  0.4480  0.142E-02      -1311.23  0.4870 -0.106E-02
        220.0372     -440.83  0.5849 -0.999E-02      -3595.47  0.4054  0.711E-03      -2089.95  0.4480  0.142E-02      -1311.23  0.4870 -0.107E-02
        220.0484     -440.76  0.5849 -0.999E-02      -3595.47  0.4054  0.711E-03      -2089.95  0.4480  0.142E-02      -1311.23  0.4870 -0.106E-02
        220.0630     -440.67  0.5849 -0.100E-01      -3595.47  0.4054  0.711E-03      -2089.95  0.4480  0.142E-02      -1311.23  0.4870 -0.106E-02
        220.0820     -440.55  0.5849 -0.999E-02      -3595.47  0.4054  0.711E-03      -2089.95  0.4480  0.142E-02      -1311.23  0.4870 -0.106E-02
        220.1067     -440.40  0.5850 -0.100E-01      -3595.46  0.4054  0.711E-03      -2089.95  0.4480  0.142E-02      -1311.22  0.4870 -0.106E-02
        220.1388     -440.23  0.5850 -0.100E-01      -3595.46  0.4054  0.711E-03      -2089.95  0.4480  0.142E-02      -1311.22  0.4870 -0.106E-02
        220.1806     -440.02  0.5850 -0.100E-01      -3595.45  0.4054  0.711E-03      -2089.94  0.4480  0.142E-02      -1311.21  0.4870 -0.106E-02
        220.2349     -439.78  0.5851 -0.100E-01      -3595.45  0.4054  0.711E-03      -2089.94  0.4480  0.142E-02      -1311.20  0.4870 -0.106E-02
        220.3054     -439.50  0.5851 -0.100E-01      -3595.44  0.4054  0.711E-03      -2089.93  0.4480  0.142E-02      -1311.20  0.4870 -0.106E-02
        220.3972     -439.21  0.5852 -0.100E-01      -3595.43  0.4054  0.711E-03      -2089.92  0.4480  0.142E-02      -1311.18  0.4870 -0.106E-02
        220.5164     -438.92  0.5852 -0.100E-01      -3595.41  0.4054  0.711E-03      -2089.91  0.4480  0.142E-02      -1311.17  0.4870 -0.106E-02
        220.6715     -438.65  0.5853 -0.100E-01      -3595.40  0.4054  0.711E-03      -2089.89  0.4480  0.142E-02      -1311.15  0.4870 -0.106E-02
        220.8730     -438.45  0.5853 -0.100E-01      -3595.37  0.4054  0.711E-03      -2089.87  0.4480  0.142E-02      -1311.12  0.4870 -0.106E-02
        221.1350     -438.36  0.5853 -0.100E-01      -3595.34  0.4054  0.711E-03      -2089.85  0.4480  0.142E-02      -1311.09  0.4870 -0.106E-02
        221.4756     -438.42  0.5853 -0.100E-01      -3595.30  0.4054  0.711E-03      -2089.81  0.4480  0.142E-02      -1311.04  0.4870 -0.106E-02
        221.9184     -438.72  0.5853 -0.100E-01      -3595.25  0.4054  0.711E-03      -2089.77  0.4480  0.142E-02      -1310.98  0.4870 -0.106E-02
        222.4940     -439.29  0.5852 -0.100E-01      -3595.18  0.4054  0.711E-03      -2089.71  0.4480  0.142E-02      -1310.91  0.4870 -0.106E-02
        223.2446     -440.24  0.5850 -0.100E-01      -3595.09  0.4054  0.711E-03      -2089.64  0.4480  0.142E-02      -1310.81  0.4871 -0.106E-02
        224.2096     -441.60  0.5848 -0.100E-01      -3594.98  0.4054  0.711E-03      -2089.55  0.4480  0.142E-02      -1310.69  0.4871 -0.106E-02
        225.3677     -443.34  0.5845 -0.100E-01      -3594.84  0.4054  0.711E-03      -2089.43  0.4480  0.142E-02      -1310.54  0.4871 -0.106E-02
        226.9118     -445.73  0.5840 -0.100E-01      -3594.66  0.4054  0.711E-03      -2089.28  0.4480  0.142E-02      -1310.34  0.4871 -0.106E-02
        230.0000     -450.41  0.5832 -0.100E-01      -3594.29  0.4054  0.711E-03      -2088.98  0.4480  0.142E-02      -1309.95  0.4871 -0.106E-02
        232.5000     -465.40  0.5808 -0.326E-08      -3593.99  0.4054  0.711E-03      -2088.74  0.4480  0.142E-02      -1309.63  0.4871 -0.106E-02
        236.2500     -477.91  0.5784 -0.440E-07      -3593.53  0.4054  0.711E-03      -2088.37  0.4481  0.142E-02      -1309.17  0.4872 -0.106E-02
        240.0000     -490.80  0.5767  0.389E-07      -3593.07  0.4054  0.711E-03      -2088.01  0.4481  0.142E-02      -1308.72  0.4872 -0.106E-02
end
