 ******* Program HYDRUS
 ******* 
 Welcome to HYDRUS-1D                                                    
 Date:  25. 9.    Time:  15: 7: 0
 Units: L = mm   , T = min  , M = mmol 


    TLevel      Time          dt      Iter    ItCum  KodT  KodB  Convergency

        1  0.1000010E+02  0.10000E-03    2        2    -4    -5     T
        2  0.1000020E+02  0.10000E-03    2        4    -4    -5     T
        3  0.1000033E+02  0.13333E-03    2        6    -4    -5     T
        4  0.1000050E+02  0.16667E-03    2        8    -4    -5     T
        5  0.1000075E+02  0.25000E-03    2       10    -4    -5     T
        6  0.1000100E+02  0.25000E-03    2       12    -4    -5     T
        7  0.1000129E+02  0.28561E-03    2       14    -4    -5     T
        8  0.1000166E+02  0.37129E-03    2       16    -4    -5     T
        9  0.1000214E+02  0.48268E-03    2       18    -4    -5     T
       10  0.1000277E+02  0.62748E-03    2       20    -4    -5     T
       11  0.1000358E+02  0.81573E-03    2       22    -4    -5     T
       12  0.1000464E+02  0.10604E-02    2       24    -4    -5     T
       13  0.1000602E+02  0.13786E-02    2       26    -4    -5     T
       14  0.1000781E+02  0.17922E-02    2       28    -4    -5     T
       15  0.1001014E+02  0.23298E-02    2       30    -4    -5     T
       16  0.1001317E+02  0.30287E-02    2       32    -4    -5     T
       17  0.1001711E+02  0.39374E-02    2       34    -4    -5     T
       18  0.1002223E+02  0.51186E-02    2       36    -4    -5     T
       19  0.1002888E+02  0.66542E-02    2       38    -4    -5     T
       20  0.1003753E+02  0.86504E-02    2       40    -4    -5     T
       21  0.1004878E+02  0.11246E-01    2       42    -4    -5     T
       22  0.1006340E+02  0.14619E-01    2       44    -4    -5     T
       23  0.1008240E+02  0.19005E-01    2       46    -4    -5     T
       24  0.1010711E+02  0.24706E-01    2       48    -4    -5     T
       25  0.1013923E+02  0.32118E-01    2       50    -4    -5     T
       26  0.1018098E+02  0.41754E-01    2       52    -4    -5     T
       27  0.1023526E+02  0.54280E-01    2       54    -4    -5     T
       28  0.1030583E+02  0.70564E-01    2       56    -4    -5     T
       29  0.1039756E+02  0.91733E-01    2       58    -4    -5     T
       30  0.1051681E+02  0.11925E+00    2       60    -4    -5     T
       31  0.1067184E+02  0.15503E+00    2       62    -4    -5     T
       32  0.1087338E+02  0.20154E+00    2       64    -4    -5     T
       33  0.1113538E+02  0.26200E+00    2       66    -4    -5     T
       34  0.1147598E+02  0.34060E+00    2       68    -4    -5     T
       35  0.1191876E+02  0.44278E+00    2       70    -4    -5     T
       36  0.1249437E+02  0.57561E+00    2       72    -4    -5     T
       37  0.1324493E+02  0.75056E+00    2       74    -4    -5     T
       38  0.1420994E+02  0.96501E+00    4       78    -4    -5     T
       39  0.1517495E+02  0.96501E+00    4       82    -4    -5     T
       40  0.1613996E+02  0.96501E+00    2       84    -4    -5     T
       41  0.1742664E+02  0.12867E+01    3       87    -4    -5     T
       42  0.1871332E+02  0.12867E+01    3       90    -4    -5     T
       43  0.2000000E+02  0.12867E+01    2       92    -4    -5     T
       44  0.2200000E+02  0.20000E+01    3       95    -4    -5     T
       45  0.2466667E+02  0.26667E+01    4       99    -4    -5     T
       46  0.2733333E+02  0.26667E+01    5      104    -4    -5     T
       47  0.3000000E+02  0.26667E+01    5      109    -4    -5     T
       48  0.3000010E+02  0.10000E-03    2      111    -4    -5     T
       49  0.3000023E+02  0.13000E-03    2      113    -4    -5     T
       50  0.3000040E+02  0.16900E-03    2      115    -4    -5     T
       51  0.3000062E+02  0.21970E-03    2      117    -4    -5     T
       52  0.3000090E+02  0.28561E-03    2      119    -4    -5     T
       53  0.3000128E+02  0.37129E-03    2      121    -4    -5     T
       54  0.3000176E+02  0.48268E-03    2      123    -4    -5     T
       55  0.3000239E+02  0.62748E-03    2      125    -4    -5     T
       56  0.3000320E+02  0.81573E-03    2      127    -4    -5     T
       57  0.3000426E+02  0.10604E-02    2      129    -4    -5     T
       58  0.3000564E+02  0.13786E-02    2      131    -4    -5     T
       59  0.3000743E+02  0.17922E-02    2      133    -4    -5     T
       60  0.3000976E+02  0.23298E-02    2      135    -4    -5     T
       61  0.3001279E+02  0.30287E-02    2      137    -4    -5     T
       62  0.3001673E+02  0.39374E-02    2      139    -4    -5     T
       63  0.3002185E+02  0.51186E-02    2      141    -4    -5     T
       64  0.3002850E+02  0.66542E-02    2      143    -4    -5     T
       65  0.3003715E+02  0.86504E-02    2      145    -4    -5     T
       66  0.3004840E+02  0.11246E-01    2      147    -4    -5     T
       67  0.3006302E+02  0.14619E-01    2      149    -4    -5     T
       68  0.3008202E+02  0.19005E-01    2      151    -4    -5     T
       69  0.3010673E+02  0.24706E-01    2      153    -4    -5     T
       70  0.3013885E+02  0.32118E-01    2      155    -4    -5     T
       71  0.3018060E+02  0.41754E-01    2      157    -4    -5     T
       72  0.3023488E+02  0.54280E-01    2      159    -4    -5     T
       73  0.3030544E+02  0.70564E-01    2      161    -4    -5     T
       74  0.3039718E+02  0.91733E-01    2      163    -4    -5     T
       75  0.3051643E+02  0.11925E+00    2      165    -4    -5     T
       76  0.3067146E+02  0.15503E+00    3      168    -4    -5     T
       77  0.3087300E+02  0.20154E+00    3      171    -4    -5     T
       78  0.3113500E+02  0.26200E+00    4      175    -4    -5     T
       79  0.3139700E+02  0.26200E+00    4      179    -4    -5     T
       80  0.3165900E+02  0.26200E+00    4      183    -4    -5     T
       81  0.3192099E+02  0.26200E+00    3      186    -4    -5     T
       82  0.3226159E+02  0.34060E+00    4      190    -4    -5     T
       83  0.3260219E+02  0.34060E+00    4      194    -4    -5     T
       84  0.3294279E+02  0.34060E+00    3      197    -4    -5     T
       85  0.3338557E+02  0.44278E+00    5      202    -4    -5     T
       86  0.3382835E+02  0.44278E+00    4      206    -4    -5     T
       87  0.3427113E+02  0.44278E+00    4      210    -4    -5     T
       88  0.3471391E+02  0.44278E+00    4      214    -4    -5     T
       89  0.3515668E+02  0.44278E+00    4      218    -4    -5     T
       90  0.3559946E+02  0.44278E+00    3      221    -4    -5     T
       91  0.3614953E+02  0.55007E+00    4      225    -4    -5     T
       92  0.3669960E+02  0.55007E+00    5      230    -4    -5     T
       93  0.3724966E+02  0.55007E+00    4      234    -4    -5     T
       94  0.3779973E+02  0.55007E+00    4      238    -4    -5     T
       95  0.3834980E+02  0.55007E+00    4      242    -4    -5     T
       96  0.3889987E+02  0.55007E+00    4      246    -4    -5     T
       97  0.3944993E+02  0.55007E+00    4      250    -4    -5     T
       98  0.4000000E+02  0.55007E+00    4      254    -4    -5     T
       99  0.4057561E+02  0.57561E+00    4      258    -4    -5     T
      100  0.4115122E+02  0.57561E+00    4      262    -4    -5     T
      101  0.4172684E+02  0.57561E+00    4      266    -4    -5     T
      102  0.4230245E+02  0.57561E+00    3      269    -4    -5     T
      103  0.4307220E+02  0.76976E+00    4      273    -4    -5     T
      104  0.4384196E+02  0.76976E+00    5      278    -4    -5     T
      105  0.4461171E+02  0.76976E+00    4      282    -4    -5     T
      106  0.4538147E+02  0.76976E+00    4      286    -4    -5     T
      107  0.4615122E+02  0.76976E+00    4      290    -4    -5     T
      108  0.4692098E+02  0.76976E+00    4      294    -4    -5     T
      109  0.4769073E+02  0.76976E+00    4      298    -4    -5     T
      110  0.4846049E+02  0.76976E+00    5      303    -4    -5     T
      111  0.4923024E+02  0.76976E+00    4      307    -4    -5     T
      112  0.5000000E+02  0.76976E+00    4      311    -4    -5     T
      113  0.5000010E+02  0.10000E-03    2      313    -4    -5     T
      114  0.5000023E+02  0.13000E-03    2      315    -4    -5     T
      115  0.5000040E+02  0.16900E-03    2      317    -4    -5     T
      116  0.5000062E+02  0.21970E-03    2      319    -4    -5     T
      117  0.5000090E+02  0.28561E-03    2      321    -4    -5     T
      118  0.5000128E+02  0.37129E-03    2      323    -4    -5     T
      119  0.5000176E+02  0.48268E-03    2      325    -4    -5     T
      120  0.5000239E+02  0.62748E-03    2      327    -4    -5     T
      121  0.5000320E+02  0.81573E-03    2      329    -4    -5     T
      122  0.5000426E+02  0.10604E-02    2      331    -4    -5     T
      123  0.5000564E+02  0.13786E-02    2      333    -4    -5     T
      124  0.5000743E+02  0.17922E-02    2      335    -4    -5     T
      125  0.5000976E+02  0.23298E-02    2      337    -4    -5     T
      126  0.5001279E+02  0.30287E-02    2      339    -4    -5     T
      127  0.5001673E+02  0.39374E-02    2      341    -4    -5     T
      128  0.5002185E+02  0.51186E-02    2      343    -4    -5     T
      129  0.5002850E+02  0.66542E-02    2      345    -4    -5     T
      130  0.5003715E+02  0.86504E-02    2      347    -4    -5     T
      131  0.5004840E+02  0.11246E-01    2      349    -4    -5     T
      132  0.5006302E+02  0.14619E-01    4      353     4    -5     T
      133  0.5006789E+02  0.48731E-02    3      366    -4    -5     T
      134  0.5007422E+02  0.63350E-02    4      370     4    -5     T
      135  0.5008056E+02  0.63350E-02    3      373    -4    -5     T
      136  0.5008879E+02  0.82355E-02    4      377     4    -5     T
      137  0.5009703E+02  0.82355E-02    3      380     4    -5     T
      138  0.5010060E+02  0.35687E-02    4      394     4    -5     T
      139  0.5010417E+02  0.35687E-02    3      397     4    -5     T
      140  0.5010881E+02  0.46393E-02    3      400     4    -5     T
      141  0.5011484E+02  0.60311E-02    3      403     4    -5     T
      142  0.5011745E+02  0.26135E-02    4      417     4    -5     T
      143  0.5012007E+02  0.26135E-02    3      420     4    -5     T
      144  0.5012346E+02  0.33975E-02    3      423     4    -5     T
      145  0.5012788E+02  0.44168E-02    3      426     4    -5     T
      146  0.5012979E+02  0.19139E-02    4      440     4    -5     T
      147  0.5013171E+02  0.19139E-02    2      442    -4    -5     T
      148  0.5013420E+02  0.24881E-02    3      445     4    -5     T
      149  0.5013743E+02  0.32346E-02    3      448     4    -5     T
      150  0.5014164E+02  0.42049E-02    3      451     4    -5     T
      151  0.5014346E+02  0.18221E-02    2      463    -4    -5     T
      152  0.5014583E+02  0.23688E-02    2      465     4    -5     T
      153  0.5014891E+02  0.30794E-02    3      468     4    -5     T
      154  0.5015291E+02  0.40032E-02    3      471     4    -5     T
      155  0.5015464E+02  0.17347E-02    2      483    -4    -5     T
      156  0.5015690E+02  0.22552E-02    2      485     4    -5     T
      157  0.5015983E+02  0.29317E-02    3      488     4    -5     T
      158  0.5016364E+02  0.38112E-02    3      491     4    -5     T
      159  0.5016529E+02  0.16515E-02    2      503    -4    -5     T
      160  0.5016744E+02  0.21470E-02    2      505     4    -5     T
      161  0.5016837E+02  0.93036E-03    2      517    -4    -5     T
      162  0.5016958E+02  0.12095E-02    2      519     4    -5     T
      163  0.5017115E+02  0.15723E-02    3      522     4    -5     T
      164  0.5017320E+02  0.20440E-02    3      525     4    -5     T
      165  0.5017585E+02  0.26572E-02    3      528     4    -5     T
      166  0.5017931E+02  0.34544E-02    3      531     4    -5     T
      167  0.5018080E+02  0.14969E-02    2      543    -4    -5     T
      168  0.5018275E+02  0.19460E-02    2      545     4    -5     T
      169  0.5018528E+02  0.25297E-02    3      548     4    -5     T
      170  0.5018857E+02  0.32887E-02    3      551     4    -5     T
      171  0.5018999E+02  0.14251E-02    2      563    -4    -5     T
      172  0.5019185E+02  0.18526E-02    2      565    -4    -5     T
      173  0.5019425E+02  0.24084E-02    3      568    -4    -5     T
      174  0.5019739E+02  0.31309E-02    3      571    -4    -5     T
      175  0.5020146E+02  0.40702E-02    2      573     4    -5     T
      176  0.5020675E+02  0.52912E-02    2      575     4    -5     T
      177  0.5021363E+02  0.68786E-02    2      577     4    -5     T
      178  0.5022257E+02  0.89422E-02    2      579     4    -5     T
      179  0.5023419E+02  0.11625E-01    2      581     4    -5     T
      180  0.5024931E+02  0.15112E-01    2      583     4    -5     T
      181  0.5026895E+02  0.19646E-01    2      585     4    -5     T
      182  0.5029449E+02  0.25540E-01    2      587     4    -5     T
      183  0.5032769E+02  0.33202E-01    2      589     4    -5     T
      184  0.5037085E+02  0.43162E-01    2      591     4    -5     T
      185  0.5042697E+02  0.56111E-01    2      593     4    -5     T
      186  0.5049991E+02  0.72944E-01    2      595     4    -5     T
      187  0.5059474E+02  0.94827E-01    2      597     4    -5     T
      188  0.5071801E+02  0.12328E+00    2      599     4    -5     T
      189  0.5087827E+02  0.16026E+00    2      601     4    -5     T
      190  0.5108661E+02  0.20834E+00    2      603     4    -5     T
      191  0.5135744E+02  0.27084E+00    2      605     4    -5     T
      192  0.5170953E+02  0.35209E+00    2      607     4    -5     T
      193  0.5216725E+02  0.45771E+00    3      610     4    -5     T
      194  0.5276227E+02  0.59503E+00    4      614     4    -5     T
      195  0.5335730E+02  0.59503E+00    5      619     4    -5     T
      196  0.5395233E+02  0.59503E+00    4      623     4    -5     T
      197  0.5455710E+02  0.60477E+00    5      628     4    -5     T
      198  0.5516186E+02  0.60477E+00    9      637     4    -5     T
      199  0.5557838E+02  0.41652E+00    5      642     4    -5     T
      200  0.5599490E+02  0.41652E+00    8      650     4    -5     T
      201  0.5628647E+02  0.29156E+00    2      652     4    -5     T
      202  0.5665782E+02  0.37135E+00    3      655     4    -5     T
      203  0.5713527E+02  0.47745E+00    3      658     4    -5     T
      204  0.5737400E+02  0.23873E+00    8      676     4    -5     T
      205  0.5754111E+02  0.16711E+00    2      678     4    -5     T
      206  0.5761352E+02  0.72414E-01    2      690     4    -5     T
      207  0.5770766E+02  0.94138E-01    3      693     4    -5     T
      208  0.5783004E+02  0.12238E+00    5      698     4    -5     T
      209  0.5787084E+02  0.40793E-01    2      710     4    -5     T
      210  0.5792387E+02  0.53031E-01    2      712     4    -5     T
      211  0.5799281E+02  0.68940E-01    5      717     4    -5     T
      212  0.5806175E+02  0.68940E-01    7      724     4    -5     T
      213  0.5811001E+02  0.48258E-01    2      726     4    -5     T
      214  0.5817274E+02  0.62736E-01    5      731     4    -5     T
      215  0.5823548E+02  0.62736E-01    5      736     4    -5     T
      216  0.5829821E+02  0.62736E-01    5      741     4    -5     T
      217  0.5836095E+02  0.62736E-01    2      743     4    -5     T
      218  0.5844251E+02  0.81557E-01    2      745     4    -5     T
      219  0.5847785E+02  0.35341E-01    6      761     4    -5     T
      220  0.5851319E+02  0.35341E-01    5      766     4    -5     T
      221  0.5854853E+02  0.35341E-01    2      768     4    -5     T
      222  0.5859447E+02  0.45943E-01    2      770     4    -5     T
      223  0.5865420E+02  0.59727E-01    2      772     4    -5     T
      224  0.5873184E+02  0.77645E-01    2      774     4    -5     T
      225  0.5883278E+02  0.10094E+00    8      782     4    -5     T
      226  0.5890344E+02  0.70657E-01    4      786     4    -5     T
      227  0.5897409E+02  0.70657E-01    2      788     4    -5     T
      228  0.5906595E+02  0.91853E-01    2      790     4    -5     T
      229  0.5918270E+02  0.11676E+00    3      793     4    -5     T
      230  0.5934616E+02  0.16346E+00    8      801     4    -5     T
      231  0.5945514E+02  0.10897E+00    2      803     4    -5     T
      232  0.5959135E+02  0.13622E+00    2      805     4    -5     T
      233  0.5979568E+02  0.20432E+00    2      807     4    -5     T
      234  0.6000000E+02  0.20432E+00    2      809     4    -5     T
      235  0.6000010E+02  0.10000E-03    4      813     4    -5     T
      236  0.6000013E+02  0.33333E-04    2      825    -4    -5     T
      237  0.6000018E+02  0.43333E-04    2      827    -4    -5     T
      238  0.6000023E+02  0.56333E-04    2      829    -4    -5     T
      239  0.6000031E+02  0.73233E-04    2      831    -4    -5     T
      240  0.6000040E+02  0.95203E-04    2      833    -4    -5     T
      241  0.6000053E+02  0.12376E-03    2      835    -4    -5     T
      242  0.6000069E+02  0.16089E-03    2      837    -4    -5     T
      243  0.6000090E+02  0.20916E-03    2      839    -4    -5     T
      244  0.6000117E+02  0.27191E-03    2      841    -4    -5     T
      245  0.6000152E+02  0.35348E-03    2      843    -4    -5     T
      246  0.6000198E+02  0.45953E-03    3      846    -4    -5     T
      247  0.6000258E+02  0.59739E-03    2      848    -4    -5     T
      248  0.6000335E+02  0.77660E-03    2      850    -4    -5     T
      249  0.6000436E+02  0.10096E-02    2      852    -4    -5     T
      250  0.6000568E+02  0.13125E-02    2      854    -4    -5     T
      251  0.6000738E+02  0.17062E-02    2      856    -4    -5     T
      252  0.6000960E+02  0.22181E-02    2      858    -4    -5     T
      253  0.6001248E+02  0.28835E-02    2      860    -4    -5     T
      254  0.6001623E+02  0.37485E-02    2      862    -4    -5     T
      255  0.6002111E+02  0.48731E-02    2      864    -4    -5     T
      256  0.6002744E+02  0.63350E-02    2      866    -4    -5     T
      257  0.6003568E+02  0.82355E-02    2      868    -4    -5     T
      258  0.6004638E+02  0.10706E-01    2      870    -4    -5     T
      259  0.6006030E+02  0.13918E-01    2      872    -4    -5     T
      260  0.6007839E+02  0.18093E-01    2      874    -4    -5     T
      261  0.6010191E+02  0.23521E-01    2      876    -4    -5     T
      262  0.6013249E+02  0.30578E-01    2      878    -4    -5     T
      263  0.6017224E+02  0.39751E-01    2      880    -4    -5     T
      264  0.6022392E+02  0.51676E-01    2      882    -4    -5     T
      265  0.6029110E+02  0.67179E-01    2      884    -4    -5     T
      266  0.6037843E+02  0.87333E-01    2      886    -4    -5     T
      267  0.6049197E+02  0.11353E+00    2      888    -4    -5     T
      268  0.6063956E+02  0.14759E+00    2      890    -4    -5     T
      269  0.6083143E+02  0.19187E+00    2      892    -4    -5     T
      270  0.6108086E+02  0.24943E+00    2      894    -4    -5     T
      271  0.6140512E+02  0.32426E+00    2      896    -4    -5     T
      272  0.6182666E+02  0.42154E+00    3      899    -4    -5     T
      273  0.6237467E+02  0.54800E+00    3      902    -4    -5     T
      274  0.6308707E+02  0.71240E+00    3      905    -4    -5     T
      275  0.6407463E+02  0.98756E+00    5      910    -4    -5     T
      276  0.6506219E+02  0.98756E+00    4      914    -4    -5     T
      277  0.6604975E+02  0.98756E+00    4      918    -4    -5     T
      278  0.6703731E+02  0.98756E+00    3      921    -4    -5     T
      279  0.6851866E+02  0.14813E+01    5      926    -4    -5     T
      280  0.7000000E+02  0.14813E+01    4      930    -4    -5     T
      281  0.7125000E+02  0.12500E+01    4      934    -4    -5     T
      282  0.7250000E+02  0.12500E+01    3      937    -4    -5     T
      283  0.7400000E+02  0.15000E+01    3      940    -4    -5     T
      284  0.7600000E+02  0.20000E+01    4      944    -4    -5     T
      285  0.7800000E+02  0.20000E+01    4      948    -4    -5     T
      286  0.8000000E+02  0.20000E+01    4      952    -4    -5     T
      287  0.8200000E+02  0.20000E+01    3      955    -4    -5     T
      288  0.8466667E+02  0.26667E+01    3      958    -4    -5     T
      289  0.8733333E+02  0.26667E+01    4      962    -4    -5     T
      290  0.9000000E+02  0.26667E+01    3      965    -4    -5     T
      291  0.9500000E+02  0.50000E+01    5      970    -4    -5     T
      292  0.1000000E+03  0.50000E+01    5      975    -4    -5     T
      293  0.1050000E+03  0.50000E+01    4      979    -4    -5     T
      294  0.1100000E+03  0.50000E+01    4      983    -4    -5     T
      295  0.1150000E+03  0.50000E+01    3      986    -4    -5     T
      296  0.1200000E+03  0.50000E+01    3      989    -4    -5     T
      297  0.1250000E+03  0.50000E+01    3      992    -4    -5     T
      298  0.1300000E+03  0.50000E+01    3      995    -4    -5     T
      299  0.1400000E+03  0.10000E+02    4      999    -4    -5     T
      300  0.1500000E+03  0.10000E+02    3     1002    -4    -5     T
      301  0.1600000E+03  0.10000E+02    3     1005    -4    -5     T
      302  0.1600001E+03  0.10000E-03    2     1007    -4    -5     T
      303  0.1600002E+03  0.13000E-03    2     1009    -4    -5     T
      304  0.1600004E+03  0.16900E-03    2     1011    -4    -5     T
      305  0.1600006E+03  0.21970E-03    2     1013    -4    -5     T
      306  0.1600009E+03  0.28561E-03    2     1015    -4    -5     T
      307  0.1600013E+03  0.37129E-03    2     1017    -4    -5     T
      308  0.1600018E+03  0.48268E-03    2     1019    -4    -5     T
      309  0.1600024E+03  0.62748E-03    2     1021    -4    -5     T
      310  0.1600032E+03  0.81573E-03    2     1023    -4    -5     T
      311  0.1600043E+03  0.10604E-02    2     1025    -4    -5     T
      312  0.1600056E+03  0.13786E-02    2     1027    -4    -5     T
      313  0.1600074E+03  0.17922E-02    2     1029    -4    -5     T
      314  0.1600098E+03  0.23298E-02    2     1031    -4    -5     T
      315  0.1600128E+03  0.30287E-02    2     1033    -4    -5     T
      316  0.1600167E+03  0.39374E-02    2     1035    -4    -5     T
      317  0.1600218E+03  0.51186E-02    2     1037    -4    -5     T
      318  0.1600285E+03  0.66542E-02    2     1039    -4    -5     T
      319  0.1600372E+03  0.86504E-02    2     1041    -4    -5     T
      320  0.1600484E+03  0.11246E-01    2     1043    -4    -5     T
      321  0.1600630E+03  0.14619E-01    2     1045    -4    -5     T
      322  0.1600820E+03  0.19005E-01    2     1047    -4    -5     T
      323  0.1601067E+03  0.24706E-01    2     1049    -4    -5     T
      324  0.1601388E+03  0.32118E-01    2     1051    -4    -5     T
      325  0.1601806E+03  0.41754E-01    2     1053    -4    -5     T
      326  0.1602349E+03  0.54280E-01    2     1055    -4    -5     T
      327  0.1603054E+03  0.70564E-01    2     1057    -4    -5     T
      328  0.1603972E+03  0.91733E-01    2     1059    -4    -5     T
      329  0.1605164E+03  0.11925E+00    2     1061    -4    -5     T
      330  0.1606715E+03  0.15503E+00    2     1063    -4    -5     T
      331  0.1608730E+03  0.20154E+00    2     1065    -4    -5     T
      332  0.1611350E+03  0.26200E+00    2     1067    -4    -5     T
      333  0.1614756E+03  0.34060E+00    2     1069    -4    -5     T
      334  0.1619184E+03  0.44278E+00    2     1071    -4    -5     T
      335  0.1624940E+03  0.57561E+00    2     1073    -4    -5     T
      336  0.1632446E+03  0.75060E+00    2     1075    -4    -5     T
      337  0.1642096E+03  0.96506E+00    2     1077    -4    -5     T
      338  0.1653677E+03  0.11581E+01    2     1079    -4    -5     T
      339  0.1669118E+03  0.15441E+01    2     1081    -4    -5     T
      340  0.1700000E+03  0.30882E+01    2     1083    -4    -5     T
      341  0.1700001E+03  0.10000E-03    2     1085    -4    -5     T
      342  0.1700002E+03  0.13000E-03    2     1087    -4    -5     T
      343  0.1700004E+03  0.16900E-03    2     1089    -4    -5     T
      344  0.1700006E+03  0.21970E-03    2     1091    -4    -5     T
      345  0.1700009E+03  0.28561E-03    2     1093    -4    -5     T
      346  0.1700013E+03  0.37129E-03    2     1095    -4    -5     T
      347  0.1700018E+03  0.48268E-03    2     1097    -4    -5     T
      348  0.1700024E+03  0.62748E-03    2     1099    -4    -5     T
      349  0.1700032E+03  0.81573E-03    2     1101    -4    -5     T
      350  0.1700043E+03  0.10604E-02    2     1103    -4    -5     T
      351  0.1700056E+03  0.13786E-02    2     1105    -4    -5     T
      352  0.1700074E+03  0.17922E-02    2     1107    -4    -5     T
      353  0.1700098E+03  0.23298E-02    2     1109    -4    -5     T
      354  0.1700128E+03  0.30287E-02    2     1111    -4    -5     T
      355  0.1700167E+03  0.39374E-02    2     1113    -4    -5     T
      356  0.1700218E+03  0.51186E-02    2     1115    -4    -5     T
      357  0.1700285E+03  0.66542E-02    2     1117    -4    -5     T
      358  0.1700372E+03  0.86504E-02    2     1119    -4    -5     T
      359  0.1700484E+03  0.11246E-01    2     1121    -4    -5     T
      360  0.1700630E+03  0.14619E-01    2     1123    -4    -5     T
      361  0.1700820E+03  0.19005E-01    2     1125    -4    -5     T
      362  0.1701067E+03  0.24706E-01    2     1127    -4    -5     T
      363  0.1701388E+03  0.32118E-01    2     1129    -4    -5     T
      364  0.1701806E+03  0.41754E-01    2     1131    -4    -5     T
      365  0.1702349E+03  0.54280E-01    2     1133    -4    -5     T
      366  0.1703054E+03  0.70564E-01    2     1135    -4    -5     T
      367  0.1703972E+03  0.91733E-01    2     1137    -4    -5     T
      368  0.1705164E+03  0.11925E+00    2     1139    -4    -5     T
      369  0.1706715E+03  0.15503E+00    2     1141    -4    -5     T
      370  0.1708730E+03  0.20154E+00    2     1143    -4    -5     T
      371  0.1711350E+03  0.26200E+00    2     1145    -4    -5     T
      372  0.1714756E+03  0.34060E+00    2     1147    -4    -5     T
      373  0.1719184E+03  0.44278E+00    2     1149    -4    -5     T
      374  0.1724940E+03  0.57561E+00    2     1151    -4    -5     T
      375  0.1732446E+03  0.75060E+00    2     1153    -4    -5     T
      376  0.1742096E+03  0.96506E+00    2     1155    -4    -5     T
      377  0.1753677E+03  0.11581E+01    2     1157    -4    -5     T
      378  0.1769118E+03  0.15441E+01    2     1159    -4    -5     T
      379  0.1800000E+03  0.30882E+01    2     1161    -4    -5     T
      380  0.1800001E+03  0.10000E-03    2     1163    -4    -5     T
      381  0.1800002E+03  0.13000E-03    2     1165    -4    -5     T
      382  0.1800004E+03  0.16900E-03    2     1167    -4    -5     T
      383  0.1800006E+03  0.21970E-03    2     1169    -4    -5     T
      384  0.1800009E+03  0.28561E-03    2     1171    -4    -5     T
      385  0.1800013E+03  0.37129E-03    2     1173    -4    -5     T
      386  0.1800018E+03  0.48268E-03    2     1175    -4    -5     T
      387  0.1800024E+03  0.62748E-03    2     1177    -4    -5     T
      388  0.1800032E+03  0.81573E-03    2     1179    -4    -5     T
      389  0.1800043E+03  0.10604E-02    2     1181    -4    -5     T
      390  0.1800056E+03  0.13786E-02    2     1183    -4    -5     T
      391  0.1800074E+03  0.17922E-02    2     1185    -4    -5     T
      392  0.1800098E+03  0.23298E-02    2     1187    -4    -5     T
      393  0.1800128E+03  0.30287E-02    2     1189    -4    -5     T
      394  0.1800167E+03  0.39374E-02    2     1191    -4    -5     T
      395  0.1800218E+03  0.51186E-02    2     1193    -4    -5     T
      396  0.1800285E+03  0.66542E-02    2     1195    -4    -5     T
      397  0.1800372E+03  0.86504E-02    2     1197    -4    -5     T
      398  0.1800484E+03  0.11246E-01    2     1199    -4    -5     T
      399  0.1800630E+03  0.14619E-01    2     1201    -4    -5     T
      400  0.1800820E+03  0.19005E-01    2     1203    -4    -5     T
      401  0.1801067E+03  0.24706E-01    2     1205    -4    -5     T
      402  0.1801388E+03  0.32118E-01    2     1207    -4    -5     T
      403  0.1801806E+03  0.41754E-01    2     1209    -4    -5     T
      404  0.1802349E+03  0.54280E-01    2     1211    -4    -5     T
      405  0.1803054E+03  0.70564E-01    2     1213    -4    -5     T
      406  0.1803972E+03  0.91733E-01    2     1215    -4    -5     T
      407  0.1805164E+03  0.11925E+00    2     1217    -4    -5     T
      408  0.1806715E+03  0.15503E+00    2     1219    -4    -5     T
      409  0.1808730E+03  0.20154E+00    2     1221    -4    -5     T
      410  0.1811350E+03  0.26200E+00    2     1223    -4    -5     T
      411  0.1814756E+03  0.34060E+00    2     1225    -4    -5     T
      412  0.1819184E+03  0.44278E+00    2     1227    -4    -5     T
      413  0.1824940E+03  0.57561E+00    2     1229    -4    -5     T
      414  0.1832446E+03  0.75060E+00    2     1231    -4    -5     T
      415  0.1842096E+03  0.96506E+00    2     1233    -4    -5     T
      416  0.1853677E+03  0.11581E+01    2     1235    -4    -5     T
      417  0.1869118E+03  0.15441E+01    2     1237    -4    -5     T
      418  0.1900000E+03  0.30882E+01    2     1239    -4    -5     T
      419  0.1900001E+03  0.10000E-03    2     1241    -4    -5     T
      420  0.1900002E+03  0.13000E-03    2     1243    -4    -5     T
      421  0.1900004E+03  0.16900E-03    2     1245    -4    -5     T
      422  0.1900006E+03  0.21970E-03    2     1247    -4    -5     T
      423  0.1900009E+03  0.28561E-03    2     1249    -4    -5     T
      424  0.1900013E+03  0.37129E-03    2     1251    -4    -5     T
      425  0.1900018E+03  0.48268E-03    2     1253    -4    -5     T
      426  0.1900024E+03  0.62748E-03    2     1255    -4    -5     T
      427  0.1900032E+03  0.81573E-03    2     1257    -4    -5     T
      428  0.1900043E+03  0.10604E-02    2     1259    -4    -5     T
      429  0.1900056E+03  0.13786E-02    2     1261    -4    -5     T
      430  0.1900074E+03  0.17922E-02    2     1263    -4    -5     T
      431  0.1900098E+03  0.23298E-02    2     1265    -4    -5     T
      432  0.1900128E+03  0.30287E-02    2     1267    -4    -5     T
      433  0.1900167E+03  0.39374E-02    2     1269    -4    -5     T
      434  0.1900218E+03  0.51186E-02    2     1271    -4    -5     T
      435  0.1900285E+03  0.66542E-02    2     1273    -4    -5     T
      436  0.1900372E+03  0.86504E-02    2     1275    -4    -5     T
      437  0.1900484E+03  0.11246E-01    2     1277    -4    -5     T
      438  0.1900630E+03  0.14619E-01    2     1279    -4    -5     T
      439  0.1900820E+03  0.19005E-01    2     1281    -4    -5     T
      440  0.1901067E+03  0.24706E-01    2     1283    -4    -5     T
      441  0.1901388E+03  0.32118E-01    2     1285    -4    -5     T
      442  0.1901806E+03  0.41754E-01    2     1287    -4    -5     T
      443  0.1902349E+03  0.54280E-01    2     1289    -4    -5     T
      444  0.1903054E+03  0.70564E-01    2     1291    -4    -5     T
      445  0.1903972E+03  0.91733E-01    2     1293    -4    -5     T
      446  0.1905164E+03  0.11925E+00    2     1295    -4    -5     T
      447  0.1906715E+03  0.15503E+00    2     1297    -4    -5     T
      448  0.1908730E+03  0.20154E+00    2     1299    -4    -5     T
      449  0.1911350E+03  0.26200E+00    2     1301    -4    -5     T
      450  0.1914756E+03  0.34060E+00    2     1303    -4    -5     T
      451  0.1919184E+03  0.44278E+00    2     1305    -4    -5     T
      452  0.1924940E+03  0.57561E+00    2     1307    -4    -5     T
      453  0.1932446E+03  0.75060E+00    2     1309    -4    -5     T
      454  0.1942096E+03  0.96506E+00    2     1311    -4    -5     T
      455  0.1953677E+03  0.11581E+01    2     1313    -4    -5     T
      456  0.1969118E+03  0.15441E+01    2     1315    -4    -5     T
      457  0.2000000E+03  0.30882E+01    2     1317    -4    -5     T
      458  0.2000001E+03  0.10000E-03    2     1319    -4    -5     T
      459  0.2000002E+03  0.13000E-03    2     1321    -4    -5     T
      460  0.2000004E+03  0.16900E-03    2     1323    -4    -5     T
      461  0.2000006E+03  0.21970E-03    2     1325    -4    -5     T
      462  0.2000009E+03  0.28561E-03    2     1327    -4    -5     T
      463  0.2000013E+03  0.37129E-03    2     1329    -4    -5     T
      464  0.2000018E+03  0.48268E-03    2     1331    -4    -5     T
      465  0.2000024E+03  0.62748E-03    2     1333    -4    -5     T
      466  0.2000032E+03  0.81573E-03    2     1335    -4    -5     T
      467  0.2000043E+03  0.10604E-02    2     1337    -4    -5     T
      468  0.2000056E+03  0.13786E-02    2     1339    -4    -5     T
      469  0.2000074E+03  0.17922E-02    2     1341    -4    -5     T
      470  0.2000098E+03  0.23298E-02    2     1343    -4    -5     T
      471  0.2000128E+03  0.30287E-02    2     1345    -4    -5     T
      472  0.2000167E+03  0.39374E-02    2     1347    -4    -5     T
      473  0.2000218E+03  0.51186E-02    2     1349    -4    -5     T
      474  0.2000285E+03  0.66542E-02    2     1351    -4    -5     T
      475  0.2000372E+03  0.86504E-02    2     1353    -4    -5     T
      476  0.2000484E+03  0.11246E-01    2     1355    -4    -5     T
      477  0.2000630E+03  0.14619E-01    2     1357    -4    -5     T
      478  0.2000820E+03  0.19005E-01    2     1359    -4    -5     T
      479  0.2001067E+03  0.24706E-01    2     1361    -4    -5     T
      480  0.2001388E+03  0.32118E-01    2     1363    -4    -5     T
      481  0.2001806E+03  0.41754E-01    2     1365    -4    -5     T
      482  0.2002349E+03  0.54280E-01    2     1367    -4    -5     T
      483  0.2003054E+03  0.70564E-01    2     1369    -4    -5     T
      484  0.2003972E+03  0.91733E-01    2     1371    -4    -5     T
      485  0.2005164E+03  0.11925E+00    2     1373    -4    -5     T
      486  0.2006715E+03  0.15503E+00    2     1375    -4    -5     T
      487  0.2008730E+03  0.20154E+00    2     1377    -4    -5     T
      488  0.2011350E+03  0.26200E+00    2     1379    -4    -5     T
      489  0.2014756E+03  0.34060E+00    2     1381    -4    -5     T
      490  0.2019184E+03  0.44278E+00    2     1383    -4    -5     T
      491  0.2024940E+03  0.57561E+00    2     1385    -4    -5     T
      492  0.2032446E+03  0.75060E+00    2     1387    -4    -5     T
      493  0.2042096E+03  0.96506E+00    2     1389    -4    -5     T
      494  0.2053677E+03  0.11581E+01    2     1391    -4    -5     T
      495  0.2069118E+03  0.15441E+01    2     1393    -4    -5     T
      496  0.2100000E+03  0.30882E+01    2     1395    -4    -5     T
      497  0.2125000E+03  0.25000E+01    2     1397    -4    -5     T
      498  0.2162500E+03  0.37500E+01    2     1399    -4    -5     T
      499  0.2200000E+03  0.37500E+01    2     1401    -4    -5     T
      500  0.2200001E+03  0.10000E-03    2     1403    -4    -5     T
      501  0.2200002E+03  0.13000E-03    2     1405    -4    -5     T
      502  0.2200004E+03  0.16900E-03    2     1407    -4    -5     T
      503  0.2200006E+03  0.21970E-03    2     1409    -4    -5     T
      504  0.2200009E+03  0.28561E-03    2     1411    -4    -5     T
      505  0.2200013E+03  0.37129E-03    2     1413    -4    -5     T
      506  0.2200018E+03  0.48268E-03    2     1415    -4    -5     T
      507  0.2200024E+03  0.62748E-03    2     1417    -4    -5     T
      508  0.2200032E+03  0.81573E-03    2     1419    -4    -5     T
      509  0.2200043E+03  0.10604E-02    2     1421    -4    -5     T
      510  0.2200056E+03  0.13786E-02    2     1423    -4    -5     T
      511  0.2200074E+03  0.17922E-02    2     1425    -4    -5     T
      512  0.2200098E+03  0.23298E-02    2     1427    -4    -5     T
      513  0.2200128E+03  0.30287E-02    2     1429    -4    -5     T
      514  0.2200167E+03  0.39374E-02    2     1431    -4    -5     T
      515  0.2200218E+03  0.51186E-02    2     1433    -4    -5     T
      516  0.2200285E+03  0.66542E-02    2     1435    -4    -5     T
      517  0.2200372E+03  0.86504E-02    2     1437    -4    -5     T
      518  0.2200484E+03  0.11246E-01    2     1439    -4    -5     T
      519  0.2200630E+03  0.14619E-01    2     1441    -4    -5     T
      520  0.2200820E+03  0.19005E-01    2     1443    -4    -5     T
      521  0.2201067E+03  0.24706E-01    2     1445    -4    -5     T
      522  0.2201388E+03  0.32118E-01    2     1447    -4    -5     T
      523  0.2201806E+03  0.41754E-01    2     1449    -4    -5     T
      524  0.2202349E+03  0.54280E-01    2     1451    -4    -5     T
      525  0.2203054E+03  0.70564E-01    2     1453    -4    -5     T
      526  0.2203972E+03  0.91733E-01    2     1455    -4    -5     T
      527  0.2205164E+03  0.11925E+00    2     1457    -4    -5     T
      528  0.2206715E+03  0.15503E+00    2     1459    -4    -5     T
      529  0.2208730E+03  0.20154E+00    2     1461    -4    -5     T
      530  0.2211350E+03  0.26200E+00    2     1463    -4    -5     T
      531  0.2214756E+03  0.34060E+00    2     1465    -4    -5     T
      532  0.2219184E+03  0.44278E+00    2     1467    -4    -5     T
      533  0.2224940E+03  0.57561E+00    2     1469    -4    -5     T
      534  0.2232446E+03  0.75060E+00    2     1471    -4    -5     T
      535  0.2242096E+03  0.96506E+00    2     1473    -4    -5     T
      536  0.2253677E+03  0.11581E+01    2     1475    -4    -5     T
      537  0.2269118E+03  0.15441E+01    2     1477    -4    -5     T
      538  0.2300000E+03  0.30882E+01    2     1479    -4    -5     T
      539  0.2325000E+03  0.25000E+01    2     1481    -4    -5     T
      540  0.2362500E+03  0.37500E+01    2     1483    -4    -5     T
      541  0.2400000E+03  0.37500E+01    2     1485    -4    -5     T
end
