 ******* Program HYDRUS
 ******* 
 Welcome to HYDRUS-1D                                                    
 Date:  25. 9.    Time:  14:58:55
 Units: L = mm   , T = min  , M = mmol 

----------------------------------------------------------
 Time       [T]       10.0000
----------------------------------------------------------
 Sub-region num.                     1            2
----------------------------------------------------------
 Length   [L]        0.10000E+04  0.10000E+04  0.00000E+00
 W-volume [L]        0.43078E+03  0.43078E+03  0.00000E+00
 In-flow  [L/T]      0.00000E+00  0.00000E+00  0.00000E+00
 h Mean   [L]       -0.37534E+04 -0.37534E+04  0.00000E+00
 Top Flux [L/T]     -0.29032E-05
 Bot Flux [L/T]     -0.14745E-02
----------------------------------------------------------

----------------------------------------------------------
 Time       [T]       10.0010
----------------------------------------------------------
 Sub-region num.                     1            2
----------------------------------------------------------
 Length   [L]        0.10000E+04  0.10000E+04  0.00000E+00
 W-volume [L]        0.43078E+03  0.43078E+03  0.00000E+00
 In-flow  [L/T]      0.66757E-02  0.66757E-02  0.00000E+00
 h Mean   [L]       -0.37534E+04 -0.37534E+04  0.00000E+00
 Top Flux [L/T]     -0.30151E-05
 Bot Flux [L/T]     -0.14744E-02
 WatBalT  [L]       -0.91084E-05
 WatBalR  [%]             53.807
----------------------------------------------------------

----------------------------------------------------------
 Time       [T]       20.0000
----------------------------------------------------------
 Sub-region num.                     1            2
----------------------------------------------------------
 Length   [L]        0.10000E+04  0.10000E+04  0.00000E+00
 W-volume [L]        0.43428E+03  0.43428E+03  0.00000E+00
 In-flow  [L/T]      0.34911E+00  0.34911E+00  0.00000E+00
 h Mean   [L]       -0.35550E+04 -0.35550E+04  0.00000E+00
 Top Flux [L/T]     -0.31172E+00
 Bot Flux [L/T]     -0.10502E-02
 WatBalT  [L]       -0.78678E-05
 WatBalR  [%]              0.000
----------------------------------------------------------

----------------------------------------------------------
 Time       [T]       30.0000
----------------------------------------------------------
 Sub-region num.                     1            2
----------------------------------------------------------
 Length   [L]        0.10000E+04  0.10000E+04  0.00000E+00
 W-volume [L]        0.43747E+03  0.43747E+03  0.00000E+00
 In-flow  [L/T]      0.31910E+00  0.31910E+00  0.00000E+00
 h Mean   [L]       -0.34322E+04 -0.34322E+04  0.00000E+00
 Top Flux [L/T]     -0.30436E+00
 Bot Flux [L/T]     -0.10064E-02
 WatBalT  [L]        0.72479E-04
 WatBalR  [%]              0.001
----------------------------------------------------------

----------------------------------------------------------
 Time       [T]       40.0000
----------------------------------------------------------
 Sub-region num.                     1            2
----------------------------------------------------------
 Length   [L]        0.10000E+04  0.10000E+04  0.00000E+00
 W-volume [L]        0.44036E+03  0.44036E+03  0.00000E+00
 In-flow  [L/T]      0.28910E+00  0.28910E+00  0.00000E+00
 h Mean   [L]       -0.33274E+04 -0.33274E+04  0.00000E+00
 Top Flux [L/T]     -0.28315E+00
 Bot Flux [L/T]     -0.99124E-03
 WatBalT  [L]       -0.84877E-04
 WatBalR  [%]              0.001
----------------------------------------------------------

----------------------------------------------------------
 Time       [T]       50.0000
----------------------------------------------------------
 Sub-region num.                     1            2
----------------------------------------------------------
 Length   [L]        0.10000E+04  0.10000E+04  0.00000E+00
 W-volume [L]        0.44245E+03  0.44245E+03  0.00000E+00
 In-flow  [L/T]      0.20909E+00  0.20909E+00  0.00000E+00
 h Mean   [L]       -0.32432E+04 -0.32432E+04  0.00000E+00
 Top Flux [L/T]     -0.20717E+00
 Bot Flux [L/T]     -0.98374E-03
 WatBalT  [L]        0.61989E-04
 WatBalR  [%]              0.001
----------------------------------------------------------

----------------------------------------------------------
 Time       [T]       60.0000
----------------------------------------------------------
 Sub-region num.                     1            2
----------------------------------------------------------
 Length   [L]        0.10000E+04  0.10000E+04  0.00000E+00
 W-volume [L]        0.44364E+03  0.44364E+03  0.00000E+00
 In-flow  [L/T]      0.11909E+00  0.11909E+00  0.00000E+00
 h Mean   [L]       -0.31810E+04 -0.31810E+04  0.00000E+00
 Top Flux [L/T]     -0.12068E+00
 Bot Flux [L/T]     -0.97961E-03
 WatBalT  [L]       -0.22888E-04
 WatBalR  [%]              0.000
----------------------------------------------------------

----------------------------------------------------------
 Time       [T]       70.0000
----------------------------------------------------------
 Sub-region num.                     1            2
----------------------------------------------------------
 Length   [L]        0.10000E+04  0.10000E+04  0.00000E+00
 W-volume [L]        0.44383E+03  0.44383E+03  0.00000E+00
 In-flow  [L/T]      0.19088E-01  0.19088E-01  0.00000E+00
 h Mean   [L]       -0.31349E+04 -0.31349E+04  0.00000E+00
 Top Flux [L/T]     -0.27929E-01
 Bot Flux [L/T]     -0.97731E-03
 WatBalT  [L]       -0.42915E-04
 WatBalR  [%]              0.000
----------------------------------------------------------

----------------------------------------------------------
 Time       [T]       80.0000
----------------------------------------------------------
 Sub-region num.                     1            2
----------------------------------------------------------
 Length   [L]        0.10000E+04  0.10000E+04  0.00000E+00
 W-volume [L]        0.44382E+03  0.44382E+03  0.00000E+00
 In-flow  [L/T]     -0.91693E-03 -0.91693E-03  0.00000E+00
 h Mean   [L]       -0.31003E+04 -0.31003E+04  0.00000E+00
 Top Flux [L/T]     -0.80752E-02
 Bot Flux [L/T]     -0.97612E-03
 WatBalT  [L]        0.24796E-04
 WatBalR  [%]              0.000
----------------------------------------------------------

----------------------------------------------------------
 Time       [T]       90.0000
----------------------------------------------------------
 Sub-region num.                     1            2
----------------------------------------------------------
 Length   [L]        0.10000E+04  0.10000E+04  0.00000E+00
 W-volume [L]        0.44391E+03  0.44391E+03  0.00000E+00
 In-flow  [L/T]      0.90791E-02  0.90791E-02  0.00000E+00
 h Mean   [L]       -0.30717E+04 -0.30717E+04  0.00000E+00
 Top Flux [L/T]     -0.13531E-01
 Bot Flux [L/T]     -0.97553E-03
 WatBalT  [L]       -0.56267E-04
 WatBalR  [%]              0.000
----------------------------------------------------------

----------------------------------------------------------
 Time       [T]      100.0000
----------------------------------------------------------
 Sub-region num.                     1            2
----------------------------------------------------------
 Length   [L]        0.10000E+04  0.10000E+04  0.00000E+00
 W-volume [L]        0.44390E+03  0.44390E+03  0.00000E+00
 In-flow  [L/T]     -0.92265E-03 -0.92265E-03  0.00000E+00
 h Mean   [L]       -0.30476E+04 -0.30476E+04  0.00000E+00
 Top Flux [L/T]     -0.50428E-02
 Bot Flux [L/T]     -0.97546E-03
 WatBalT  [L]       -0.50545E-04
 WatBalR  [%]              0.000
----------------------------------------------------------

----------------------------------------------------------
 Time       [T]      110.0000
----------------------------------------------------------
 Sub-region num.                     1            2
----------------------------------------------------------
 Length   [L]        0.10000E+04  0.10000E+04  0.00000E+00
 W-volume [L]        0.44399E+03  0.44399E+03  0.00000E+00
 In-flow  [L/T]      0.90734E-02  0.90734E-02  0.00000E+00
 h Mean   [L]       -0.30268E+04 -0.30268E+04  0.00000E+00
 Top Flux [L/T]     -0.11660E-01
 Bot Flux [L/T]     -0.97565E-03
 WatBalT  [L]       -0.75340E-04
 WatBalR  [%]              0.001
----------------------------------------------------------

----------------------------------------------------------
 Time       [T]      120.0000
----------------------------------------------------------
 Sub-region num.                     1            2
----------------------------------------------------------
 Length   [L]        0.10000E+04  0.10000E+04  0.00000E+00
 W-volume [L]        0.44398E+03  0.44398E+03  0.00000E+00
 In-flow  [L/T]     -0.92685E-03 -0.92685E-03  0.00000E+00
 h Mean   [L]       -0.30077E+04 -0.30077E+04  0.00000E+00
 Top Flux [L/T]     -0.38217E-02
 Bot Flux [L/T]     -0.97608E-03
 WatBalT  [L]       -0.76294E-04
 WatBalR  [%]              0.001
----------------------------------------------------------

----------------------------------------------------------
 Time       [T]      130.0000
----------------------------------------------------------
 Sub-region num.                     1            2
----------------------------------------------------------
 Length   [L]        0.10000E+04  0.10000E+04  0.00000E+00
 W-volume [L]        0.44407E+03  0.44407E+03  0.00000E+00
 In-flow  [L/T]      0.90701E-02  0.90701E-02  0.00000E+00
 h Mean   [L]       -0.29903E+04 -0.29903E+04  0.00000E+00
 Top Flux [L/T]     -0.10751E-01
 Bot Flux [L/T]     -0.97663E-03
 WatBalT  [L]        0.43869E-04
 WatBalR  [%]              0.000
----------------------------------------------------------

----------------------------------------------------------
 Time       [T]      140.0000
----------------------------------------------------------
 Sub-region num.                     1            2
----------------------------------------------------------
 Length   [L]        0.10000E+04  0.10000E+04  0.00000E+00
 W-volume [L]        0.44407E+03  0.44407E+03  0.00000E+00
 In-flow  [L/T]     -0.93346E-03 -0.93346E-03  0.00000E+00
 h Mean   [L]       -0.29747E+04 -0.29747E+04  0.00000E+00
 Top Flux [L/T]     -0.35856E-02
 Bot Flux [L/T]     -0.97731E-03
 WatBalT  [L]        0.95367E-06
 WatBalR  [%]              0.000
----------------------------------------------------------

----------------------------------------------------------
 Time       [T]      150.0000
----------------------------------------------------------
 Sub-region num.                     1            2
----------------------------------------------------------
 Length   [L]        0.10000E+04  0.10000E+04  0.00000E+00
 W-volume [L]        0.44406E+03  0.44406E+03  0.00000E+00
 In-flow  [L/T]     -0.93536E-03 -0.93536E-03  0.00000E+00
 h Mean   [L]       -0.29609E+04 -0.29609E+04  0.00000E+00
 Top Flux [L/T]     -0.25398E-02
 Bot Flux [L/T]     -0.97804E-03
 WatBalT  [L]       -0.48637E-04
 WatBalR  [%]              0.000
----------------------------------------------------------

----------------------------------------------------------
 Time       [T]      160.0000
----------------------------------------------------------
 Sub-region num.                     1            2
----------------------------------------------------------
 Length   [L]        0.10000E+04  0.10000E+04  0.00000E+00
 W-volume [L]        0.44405E+03  0.44405E+03  0.00000E+00
 In-flow  [L/T]     -0.93822E-03 -0.93822E-03  0.00000E+00
 h Mean   [L]       -0.29469E+04 -0.29469E+04  0.00000E+00
 Top Flux [L/T]     -0.21373E-02
 Bot Flux [L/T]     -0.97879E-03
 WatBalT  [L]        0.16212E-04
 WatBalR  [%]              0.000
----------------------------------------------------------

----------------------------------------------------------
 Time       [T]      170.0000
----------------------------------------------------------
 Sub-region num.                     1            2
----------------------------------------------------------
 Length   [L]        0.10000E+04  0.10000E+04  0.00000E+00
 W-volume [L]        0.44404E+03  0.44404E+03  0.00000E+00
 In-flow  [L/T]     -0.93980E-03 -0.93980E-03  0.00000E+00
 h Mean   [L]       -0.29344E+04 -0.29344E+04  0.00000E+00
 Top Flux [L/T]     -0.19005E-02
 Bot Flux [L/T]     -0.97958E-03
 WatBalT  [L]        0.16212E-04
 WatBalR  [%]              0.000
----------------------------------------------------------

----------------------------------------------------------
 Time       [T]      180.0000
----------------------------------------------------------
 Sub-region num.                     1            2
----------------------------------------------------------
 Length   [L]        0.10000E+04  0.10000E+04  0.00000E+00
 W-volume [L]        0.44403E+03  0.44403E+03  0.00000E+00
 In-flow  [L/T]     -0.94211E-03 -0.94211E-03  0.00000E+00
 h Mean   [L]       -0.29232E+04 -0.29232E+04  0.00000E+00
 Top Flux [L/T]     -0.17701E-02
 Bot Flux [L/T]     -0.98034E-03
 WatBalT  [L]        0.66757E-05
 WatBalR  [%]              0.000
----------------------------------------------------------

----------------------------------------------------------
 Time       [T]      190.0000
----------------------------------------------------------
 Sub-region num.                     1            2
----------------------------------------------------------
 Length   [L]        0.10000E+04  0.10000E+04  0.00000E+00
 W-volume [L]        0.44402E+03  0.44402E+03  0.00000E+00
 In-flow  [L/T]     -0.94404E-03 -0.94404E-03  0.00000E+00
 h Mean   [L]       -0.29120E+04 -0.29120E+04  0.00000E+00
 Top Flux [L/T]     -0.16269E-02
 Bot Flux [L/T]     -0.98108E-03
 WatBalT  [L]        0.17166E-04
 WatBalR  [%]              0.000
----------------------------------------------------------

----------------------------------------------------------
 Time       [T]      200.0000
----------------------------------------------------------
 Sub-region num.                     1            2
----------------------------------------------------------
 Length   [L]        0.10000E+04  0.10000E+04  0.00000E+00
 W-volume [L]        0.44401E+03  0.44401E+03  0.00000E+00
 In-flow  [L/T]     -0.94569E-03 -0.94569E-03  0.00000E+00
 h Mean   [L]       -0.29016E+04 -0.29016E+04  0.00000E+00
 Top Flux [L/T]     -0.14630E-02
 Bot Flux [L/T]     -0.98182E-03
 WatBalT  [L]        0.46730E-04
 WatBalR  [%]              0.000
----------------------------------------------------------

----------------------------------------------------------
 Time       [T]      210.0000
----------------------------------------------------------
 Sub-region num.                     1            2
----------------------------------------------------------
 Length   [L]        0.10000E+04  0.10000E+04  0.00000E+00
 W-volume [L]        0.44400E+03  0.44400E+03  0.00000E+00
 In-flow  [L/T]     -0.94776E-03 -0.94776E-03  0.00000E+00
 h Mean   [L]       -0.28913E+04 -0.28913E+04  0.00000E+00
 Top Flux [L/T]     -0.13353E-02
 Bot Flux [L/T]     -0.98250E-03
 WatBalT  [L]       -0.87738E-04
 WatBalR  [%]              0.001
----------------------------------------------------------

----------------------------------------------------------
 Time       [T]      220.0000
----------------------------------------------------------
 Sub-region num.                     1            2
----------------------------------------------------------
 Length   [L]        0.10000E+04  0.10000E+04  0.00000E+00
 W-volume [L]        0.44399E+03  0.44399E+03  0.00000E+00
 In-flow  [L/T]     -0.94957E-03 -0.94957E-03  0.00000E+00
 h Mean   [L]       -0.28819E+04 -0.28819E+04  0.00000E+00
 Top Flux [L/T]     -0.12278E-02
 Bot Flux [L/T]     -0.98315E-03
 WatBalT  [L]       -0.11253E-03
 WatBalR  [%]              0.001
----------------------------------------------------------

----------------------------------------------------------
 Time       [T]      230.0000
----------------------------------------------------------
 Sub-region num.                     1            2
----------------------------------------------------------
 Length   [L]        0.10000E+04  0.10000E+04  0.00000E+00
 W-volume [L]        0.44398E+03  0.44398E+03  0.00000E+00
 In-flow  [L/T]     -0.95134E-03 -0.95134E-03  0.00000E+00
 h Mean   [L]       -0.28731E+04 -0.28731E+04  0.00000E+00
 Top Flux [L/T]     -0.11463E-02
 Bot Flux [L/T]     -0.98377E-03
 WatBalT  [L]        0.19073E-05
 WatBalR  [%]              0.000
----------------------------------------------------------

----------------------------------------------------------
 Time       [T]      240.0000
----------------------------------------------------------
 Sub-region num.                     1            2
----------------------------------------------------------
 Length   [L]        0.10000E+04  0.10000E+04  0.00000E+00
 W-volume [L]        0.44397E+03  0.44397E+03  0.00000E+00
 In-flow  [L/T]     -0.95263E-03 -0.95263E-03  0.00000E+00
 h Mean   [L]       -0.28645E+04 -0.28645E+04  0.00000E+00
 Top Flux [L/T]     -0.10839E-02
 Bot Flux [L/T]     -0.98434E-03
 WatBalT  [L]       -0.50545E-04
 WatBalR  [%]              0.000
----------------------------------------------------------

----------------------------------------------------------
 Time       [T]      250.0000
----------------------------------------------------------
 Sub-region num.                     1            2
----------------------------------------------------------
 Length   [L]        0.10000E+04  0.10000E+04  0.00000E+00
 W-volume [L]        0.44406E+03  0.44406E+03  0.00000E+00
 In-flow  [L/T]      0.90464E-02  0.90464E-02  0.00000E+00
 h Mean   [L]       -0.28548E+04 -0.28548E+04  0.00000E+00
 Top Flux [L/T]     -0.80319E-02
 Bot Flux [L/T]     -0.98488E-03
 WatBalT  [L]       -0.11539E-03
 WatBalR  [%]              0.001
----------------------------------------------------------

----------------------------------------------------------
 Time       [T]      260.0000
----------------------------------------------------------
 Sub-region num.                     1            2
----------------------------------------------------------
 Length   [L]        0.10000E+04  0.10000E+04  0.00000E+00
 W-volume [L]        0.44405E+03  0.44405E+03  0.00000E+00
 In-flow  [L/T]     -0.95755E-03 -0.95755E-03  0.00000E+00
 h Mean   [L]       -0.28466E+04 -0.28466E+04  0.00000E+00
 Top Flux [L/T]     -0.22716E-02
 Bot Flux [L/T]     -0.98535E-03
 WatBalT  [L]       -0.48637E-04
 WatBalR  [%]              0.000
----------------------------------------------------------
 
 Calculation time [sec]  0.180000007152557     
