 ******* Program HYDRUS
 ******* 
 Welcome to HYDRUS-1D                                                    
 Date:  15. 2.    Time:  15:12:10
 Units: L = mm   , T = min  , M = mmol 

----------------------------------------------------------
 Time       [T]       10.0000
----------------------------------------------------------
 Sub-region num.                     1            2
----------------------------------------------------------
 Length   [L]        0.10000E+04  0.10000E+04  0.00000E+00
 W-volume [L]        0.46000E+03  0.46000E+03  0.00000E+00
 In-flow  [L/T]      0.00000E+00  0.00000E+00  0.00000E+00
 h Mean   [L]       -0.23352E+04 -0.23352E+04  0.00000E+00
 Top Flux [L/T]     -0.31370E-05
 Bot Flux [L/T]      0.28358E-03
----------------------------------------------------------

----------------------------------------------------------
 Time       [T]       10.0010
----------------------------------------------------------
 Sub-region num.                     1            2
----------------------------------------------------------
 Length   [L]        0.10000E+04  0.10000E+04  0.00000E+00
 W-volume [L]        0.46000E+03  0.46000E+03  0.00000E+00
 In-flow  [L/T]      0.63515E+00  0.63515E+00  0.00000E+00
 h Mean   [L]       -0.23351E+04 -0.23351E+04  0.00000E+00
 Top Flux [L/T]     -0.75040E-05
 Bot Flux [L/T]      0.28247E-03
 WatBalT  [L]        0.25128E-05
 WatBalR  [%]              0.373
----------------------------------------------------------

----------------------------------------------------------
 Time       [T]       20.0000
----------------------------------------------------------
 Sub-region num.                     1            2
----------------------------------------------------------
 Length   [L]        0.10000E+04  0.10000E+04  0.00000E+00
 W-volume [L]        0.46469E+03  0.46469E+03  0.00000E+00
 In-flow  [L/T]      0.46830E+00  0.46830E+00  0.00000E+00
 h Mean   [L]       -0.21804E+04 -0.21804E+04  0.00000E+00
 Top Flux [L/T]     -0.43748E+00
 Bot Flux [L/T]     -0.13441E-02
 WatBalT  [L]        0.53406E-04
 WatBalR  [%]              0.001
----------------------------------------------------------

----------------------------------------------------------
 Time       [T]       30.0000
----------------------------------------------------------
 Sub-region num.                     1            2
----------------------------------------------------------
 Length   [L]        0.10000E+04  0.10000E+04  0.00000E+00
 W-volume [L]        0.46657E+03  0.46657E+03  0.00000E+00
 In-flow  [L/T]      0.18833E+00  0.18833E+00  0.00000E+00
 h Mean   [L]       -0.21185E+04 -0.21185E+04  0.00000E+00
 Top Flux [L/T]     -0.18382E+00
 Bot Flux [L/T]     -0.14267E-02
 WatBalT  [L]        0.28610E-04
 WatBalR  [%]              0.000
----------------------------------------------------------

----------------------------------------------------------
 Time       [T]       40.0000
----------------------------------------------------------
 Sub-region num.                     1            2
----------------------------------------------------------
 Length   [L]        0.10000E+04  0.10000E+04  0.00000E+00
 W-volume [L]        0.46725E+03  0.46725E+03  0.00000E+00
 In-flow  [L/T]      0.68347E-01  0.68347E-01  0.00000E+00
 h Mean   [L]       -0.20851E+04 -0.20851E+04  0.00000E+00
 Top Flux [L/T]     -0.72157E-01
 Bot Flux [L/T]     -0.14546E-02
 WatBalT  [L]       -0.36240E-04
 WatBalR  [%]              0.000
----------------------------------------------------------

----------------------------------------------------------
 Time       [T]       50.0000
----------------------------------------------------------
 Sub-region num.                     1            2
----------------------------------------------------------
 Length   [L]        0.10000E+04  0.10000E+04  0.00000E+00
 W-volume [L]        0.46744E+03  0.46744E+03  0.00000E+00
 In-flow  [L/T]      0.18362E-01  0.18362E-01  0.00000E+00
 h Mean   [L]       -0.20648E+04 -0.20648E+04  0.00000E+00
 Top Flux [L/T]     -0.26585E-01
 Bot Flux [L/T]     -0.14661E-02
 WatBalT  [L]       -0.27657E-04
 WatBalR  [%]              0.000
----------------------------------------------------------

----------------------------------------------------------
 Time       [T]       60.0000
----------------------------------------------------------
 Sub-region num.                     1            2
----------------------------------------------------------
 Length   [L]        0.10000E+04  0.10000E+04  0.00000E+00
 W-volume [L]        0.46752E+03  0.46752E+03  0.00000E+00
 In-flow  [L/T]      0.83764E-02  0.83764E-02  0.00000E+00
 h Mean   [L]       -0.20534E+04 -0.20534E+04  0.00000E+00
 Top Flux [L/T]     -0.15259E-01
 Bot Flux [L/T]     -0.14707E-02
 WatBalT  [L]        0.11444E-04
 WatBalR  [%]              0.000
----------------------------------------------------------

----------------------------------------------------------
 Time       [T]       70.0000
----------------------------------------------------------
 Sub-region num.                     1            2
----------------------------------------------------------
 Length   [L]        0.10000E+04  0.10000E+04  0.00000E+00
 W-volume [L]        0.46750E+03  0.46750E+03  0.00000E+00
 In-flow  [L/T]     -0.16109E-02 -0.16109E-02  0.00000E+00
 h Mean   [L]       -0.20445E+04 -0.20445E+04  0.00000E+00
 Top Flux [L/T]     -0.65421E-02
 Bot Flux [L/T]     -0.14715E-02
 WatBalT  [L]        0.14114E-03
 WatBalR  [%]              0.002
----------------------------------------------------------
 
 Calculation time [sec]  0.209999993443489     
