 ******* Program HYDRUS
 ******* 
 Welcome to HYDRUS-1D                                                    
 Date:  25. 9.    Time:  14:20:38
 Units: L = mm   , T = min  , M = mmol 



                               Node(  1)                      Node( 11)                      Node( 31)                      Node( 51)                      Node(101)

         time            h        theta    Flux           h        theta    Flux           h        theta    Flux           h        theta    Flux           h        theta    Flux  
         10.0001    -7346.67  0.4053 -0.639E+00      -4076.61  0.4053 -0.980E-04      -1733.13  0.4706  0.112E-01       -980.12  0.5169 -0.104E-01      -1375.83  0.4894 -0.117E-02
         10.0002    -7345.46  0.4053 -0.639E+00      -4076.61  0.4053 -0.980E-04      -1733.13  0.4706  0.112E-01       -980.12  0.5169 -0.104E-01      -1375.83  0.4894 -0.117E-02
         10.0003    -7343.56  0.4053 -0.640E+00      -4076.61  0.4053 -0.980E-04      -1733.13  0.4706  0.112E-01       -980.12  0.5169 -0.104E-01      -1375.83  0.4894 -0.192E-02
         10.0005    -7341.29  0.4053 -0.640E+00      -4076.61  0.4053 -0.980E-04      -1733.12  0.4706  0.112E-01       -980.12  0.5169 -0.104E-01      -1375.83  0.4894 -0.147E-02
         10.0008    -7337.80  0.4054 -0.640E+00      -4076.61  0.4053 -0.980E-04      -1733.12  0.4706  0.112E-01       -980.12  0.5169 -0.104E-01      -1375.83  0.4894 -0.147E-02
         10.0010    -7334.34  0.4054 -0.640E+00      -4076.61  0.4053 -0.980E-04      -1733.12  0.4706  0.112E-01       -980.12  0.5169 -0.104E-01      -1375.84  0.4894 -0.147E-02
         10.0011    -7333.36  0.4054 -0.469E+00      -4076.61  0.4053 -0.980E-04      -1733.12  0.4706  0.112E-01       -980.12  0.5169 -0.104E-01      -1375.84  0.4894 -0.117E-02
         10.0012    -7331.99  0.4054 -0.470E+00      -4076.61  0.4053 -0.980E-04      -1733.12  0.4706  0.112E-01       -980.12  0.5169 -0.104E-01      -1375.84  0.4894 -0.827E-03
         10.0014    -7330.29  0.4054 -0.470E+00      -4076.61  0.4053 -0.980E-04      -1733.12  0.4706  0.112E-01       -980.12  0.5169 -0.104E-01      -1375.84  0.4894 -0.144E-02
         10.0016    -7328.04  0.4055 -0.470E+00      -4076.61  0.4053 -0.980E-04      -1733.12  0.4706  0.112E-01       -980.12  0.5169 -0.104E-01      -1375.84  0.4894 -0.172E-02
         10.0019    -7325.14  0.4055 -0.470E+00      -4076.61  0.4053 -0.980E-04      -1733.12  0.4706  0.112E-01       -980.12  0.5169 -0.104E-01      -1375.84  0.4894 -0.125E-02
         10.0023    -7321.35  0.4055 -0.470E+00      -4076.61  0.4053 -0.980E-04      -1733.12  0.4706  0.112E-01       -980.12  0.5169 -0.104E-01      -1375.84  0.4894 -0.169E-02
         10.0028    -7316.44  0.4056 -0.470E+00      -4076.61  0.4053 -0.980E-04      -1733.12  0.4706  0.112E-01       -980.12  0.5169 -0.104E-01      -1375.85  0.4894 -0.153E-02
         10.0034    -7310.05  0.4056 -0.470E+00      -4076.61  0.4053 -0.980E-04      -1733.12  0.4706  0.112E-01       -980.12  0.5169 -0.104E-01      -1375.85  0.4894 -0.158E-02
         10.0042    -7301.75  0.4057 -0.470E+00      -4076.61  0.4053 -0.980E-04      -1733.12  0.4706  0.112E-01       -980.12  0.5169 -0.104E-01      -1375.86  0.4894 -0.151E-02
         10.0053    -7290.95  0.4058 -0.470E+00      -4076.61  0.4053 -0.980E-04      -1733.11  0.4706  0.112E-01       -980.12  0.5169 -0.104E-01      -1375.86  0.4894 -0.151E-02
         10.0066    -7276.92  0.4059 -0.470E+00      -4076.61  0.4053 -0.980E-04      -1733.11  0.4706  0.112E-01       -980.12  0.5169 -0.104E-01      -1375.87  0.4894 -0.152E-02
         10.0084    -7258.69  0.4061 -0.470E+00      -4076.61  0.4053 -0.980E-04      -1733.10  0.4706  0.112E-01       -980.12  0.5169 -0.104E-01      -1375.88  0.4894 -0.152E-02
         10.0108    -7234.98  0.4063 -0.470E+00      -4076.61  0.4053 -0.980E-04      -1733.10  0.4706  0.112E-01       -980.12  0.5169 -0.104E-01      -1375.90  0.4894 -0.148E-02
         10.0138    -7204.17  0.4066 -0.470E+00      -4076.61  0.4053 -0.980E-04      -1733.09  0.4706  0.112E-01       -980.11  0.5169 -0.104E-01      -1375.91  0.4894 -0.151E-02
         10.0177    -7164.12  0.4070 -0.470E+00      -4076.61  0.4053 -0.980E-04      -1733.08  0.4706  0.112E-01       -980.11  0.5169 -0.104E-01      -1375.94  0.4894 -0.151E-02
         10.0228    -7112.08  0.4074 -0.470E+00      -4076.61  0.4053 -0.980E-04      -1733.07  0.4706  0.112E-01       -980.11  0.5169 -0.104E-01      -1375.97  0.4894 -0.151E-02
         10.0295    -7044.46  0.4081 -0.470E+00      -4076.61  0.4053 -0.980E-04      -1733.05  0.4706  0.112E-01       -980.11  0.5169 -0.104E-01      -1376.01  0.4894 -0.150E-02
         10.0382    -6956.60  0.4089 -0.470E+00      -4076.61  0.4053 -0.980E-04      -1733.03  0.4706  0.112E-01       -980.11  0.5169 -0.104E-01      -1376.06  0.4894 -0.151E-02
         10.0494    -6842.48  0.4099 -0.470E+00      -4076.61  0.4053 -0.980E-04      -1733.00  0.4706  0.112E-01       -980.10  0.5169 -0.104E-01      -1376.12  0.4894 -0.150E-02
         10.0640    -6694.28  0.4113 -0.470E+00      -4076.61  0.4053 -0.980E-04      -1732.96  0.4706  0.112E-01       -980.10  0.5169 -0.104E-01      -1376.21  0.4893 -0.150E-02
         10.0830    -6501.90  0.4131 -0.470E+00      -4076.61  0.4053 -0.980E-04      -1732.92  0.4706  0.112E-01       -980.09  0.5169 -0.104E-01      -1376.32  0.4893 -0.150E-02
         10.1077    -6252.33  0.4154 -0.470E+00      -4076.61  0.4053 -0.980E-04      -1732.86  0.4706  0.112E-01       -980.08  0.5169 -0.104E-01      -1376.46  0.4893 -0.150E-02
         10.1398    -5985.17  0.4184 -0.470E+00      -4076.61  0.4053 -0.980E-04      -1732.77  0.4706  0.112E-01       -980.07  0.5169 -0.104E-01      -1376.64  0.4893 -0.150E-02
         10.1816    -5665.68  0.4222 -0.470E+00      -4076.61  0.4053 -0.980E-04      -1732.67  0.4706  0.112E-01       -980.06  0.5169 -0.104E-01      -1376.87  0.4893 -0.150E-02
         10.2359    -5254.53  0.4272 -0.470E+00      -4076.61  0.4053 -0.980E-04      -1732.53  0.4706  0.112E-01       -980.04  0.5169 -0.104E-01      -1377.16  0.4893 -0.150E-02
         10.3064    -4765.04  0.4337 -0.470E+00      -4076.61  0.4053 -0.980E-04      -1732.36  0.4706  0.112E-01       -980.02  0.5169 -0.104E-01      -1377.53  0.4893 -0.150E-02
         10.3982    -4261.84  0.4419 -0.470E+00      -4076.61  0.4053 -0.980E-04      -1732.13  0.4706  0.112E-01       -979.98  0.5170 -0.104E-01      -1377.99  0.4892 -0.150E-02
         10.5174    -3673.47  0.4523 -0.470E+00      -4076.61  0.4053 -0.980E-04      -1731.83  0.4707  0.112E-01       -979.94  0.5170 -0.104E-01      -1378.55  0.4892 -0.150E-02
         10.6725    -3081.25  0.4652 -0.470E+00      -4076.61  0.4053 -0.980E-04      -1731.44  0.4707  0.112E-01       -979.89  0.5170 -0.104E-01      -1379.24  0.4892 -0.150E-02
         10.8740    -2546.09  0.4802 -0.470E+00      -4076.61  0.4053 -0.980E-04      -1730.94  0.4707  0.112E-01       -979.81  0.5170 -0.104E-01      -1380.07  0.4891 -0.150E-02
         11.1360    -2055.31  0.4964 -0.470E+00      -4076.61  0.4053 -0.979E-04      -1730.30  0.4707  0.112E-01       -979.71  0.5170 -0.105E-01      -1381.07  0.4891 -0.149E-02
         11.3980    -1754.61  0.5092 -0.470E+00      -4076.61  0.4053 -0.979E-04      -1729.65  0.4708  0.112E-01       -979.60  0.5170 -0.105E-01      -1381.97  0.4890 -0.149E-02
         11.6600    -1535.61  0.5197 -0.470E+00      -4076.61  0.4053 -0.979E-04      -1729.00  0.4708  0.112E-01       -979.50  0.5170 -0.105E-01      -1382.80  0.4889 -0.149E-02
         12.0006    -1363.09  0.5301 -0.470E+00      -4076.61  0.4053 -0.978E-04      -1728.16  0.4708  0.112E-01       -979.36  0.5170 -0.105E-01      -1383.79  0.4889 -0.149E-02
         12.4434    -1193.74  0.5410 -0.470E+00      -4076.61  0.4053 -0.977E-04      -1727.07  0.4709  0.113E-01       -979.17  0.5170 -0.105E-01      -1384.95  0.4888 -0.149E-02
         12.8862    -1074.44  0.5501 -0.470E+00      -4076.62  0.4053 -0.975E-04      -1725.98  0.4709  0.113E-01       -978.98  0.5170 -0.105E-01      -1385.99  0.4888 -0.148E-02
         13.4618     -943.90  0.5610 -0.470E+00      -4076.62  0.4053 -0.971E-04      -1724.56  0.4710  0.113E-01       -978.73  0.5170 -0.105E-01      -1387.21  0.4887 -0.148E-02
         14.0374     -856.05  0.5698 -0.470E+00      -4076.63  0.4053 -0.966E-04      -1723.14  0.4711  0.113E-01       -978.48  0.5171 -0.105E-01      -1388.33  0.4886 -0.148E-02
         14.6336     -771.73  0.5782 -0.470E+00      -4076.65  0.4053 -0.958E-04      -1721.67  0.4711  0.114E-01       -978.21  0.5171 -0.105E-01      -1389.39  0.4886 -0.148E-02
         15.2299     -712.21  0.5855 -0.470E+00      -4076.66  0.4053 -0.948E-04      -1720.19  0.4712  0.114E-01       -977.95  0.5171 -0.106E-01      -1390.37  0.4885 -0.147E-02
         15.8262     -662.38  0.5916 -0.470E+00      -4076.69  0.4053 -0.936E-04      -1718.70  0.4713  0.114E-01       -977.68  0.5171 -0.106E-01      -1391.30  0.4884 -0.147E-02
         16.4224     -611.58  0.5980 -0.470E+00      -4076.73  0.4053 -0.921E-04      -1717.21  0.4713  0.114E-01       -977.41  0.5171 -0.106E-01      -1392.17  0.4884 -0.147E-02
         17.1379     -572.99  0.6038 -0.470E+00      -4076.79  0.4053 -0.898E-04      -1715.42  0.4714  0.115E-01       -977.09  0.5172 -0.106E-01      -1393.15  0.4883 -0.147E-02
         17.8535     -536.42  0.6094 -0.470E+00      -4076.86  0.4053 -0.872E-04      -1713.62  0.4715  0.115E-01       -976.77  0.5172 -0.106E-01      -1394.08  0.4883 -0.147E-02
         18.5690     -504.54  0.6143 -0.470E+00      -4076.96  0.4053 -0.841E-04      -1711.82  0.4716  0.115E-01       -976.46  0.5172 -0.106E-01      -1394.96  0.4882 -0.146E-02
         19.2845     -472.37  0.6194 -0.470E+00      -4077.08  0.4053 -0.806E-04      -1710.02  0.4717  0.116E-01       -976.17  0.5172 -0.106E-01      -1395.81  0.4882 -0.146E-02
         20.0000     -451.96  0.6234 -0.470E+00      -4077.22  0.4053 -0.766E-04      -1708.21  0.4718  0.116E-01       -975.88  0.5173 -0.106E-01      -1396.62  0.4881 -0.146E-02
         20.0001     -451.83  0.6234 -0.189E+00      -4077.22  0.4053 -0.766E-04      -1708.21  0.4718  0.116E-01       -975.88  0.5173 -0.106E-01      -1396.62  0.4881 -0.112E-02
         20.0002     -451.90  0.6233 -0.189E+00      -4077.22  0.4053 -0.766E-04      -1708.21  0.4718  0.116E-01       -975.88  0.5173 -0.106E-01      -1396.62  0.4881 -0.112E-02
         20.0004     -451.92  0.6233 -0.190E+00      -4077.22  0.4053 -0.766E-04      -1708.21  0.4718  0.116E-01       -975.88  0.5173 -0.106E-01      -1396.62  0.4881 -0.112E-02
         20.0006     -451.99  0.6233 -0.190E+00      -4077.22  0.4053 -0.766E-04      -1708.21  0.4718  0.116E-01       -975.88  0.5173 -0.106E-01      -1396.62  0.4881 -0.112E-02
         20.0009     -452.06  0.6233 -0.190E+00      -4077.22  0.4053 -0.766E-04      -1708.21  0.4718  0.116E-01       -975.88  0.5173 -0.106E-01      -1396.62  0.4881 -0.164E-02
         20.0013     -452.16  0.6233 -0.190E+00      -4077.22  0.4053 -0.766E-04      -1708.20  0.4718  0.116E-01       -975.88  0.5173 -0.106E-01      -1396.62  0.4881 -0.152E-02
         20.0018     -452.28  0.6233 -0.190E+00      -4077.22  0.4053 -0.766E-04      -1708.20  0.4718  0.116E-01       -975.88  0.5173 -0.106E-01      -1396.62  0.4881 -0.143E-02
         20.0024     -452.45  0.6232 -0.190E+00      -4077.22  0.4053 -0.766E-04      -1708.20  0.4718  0.116E-01       -975.88  0.5173 -0.106E-01      -1396.62  0.4881 -0.159E-02
         20.0032     -452.66  0.6232 -0.190E+00      -4077.22  0.4053 -0.766E-04      -1708.20  0.4718  0.116E-01       -975.88  0.5173 -0.106E-01      -1396.62  0.4881 -0.148E-02
         20.0043     -452.94  0.6231 -0.190E+00      -4077.22  0.4053 -0.766E-04      -1708.20  0.4718  0.116E-01       -975.88  0.5173 -0.106E-01      -1396.62  0.4881 -0.154E-02
         20.0056     -453.29  0.6231 -0.190E+00      -4077.22  0.4053 -0.766E-04      -1708.19  0.4718  0.116E-01       -975.88  0.5173 -0.106E-01      -1396.63  0.4881 -0.144E-02
         20.0074     -453.75  0.6230 -0.190E+00      -4077.22  0.4053 -0.766E-04      -1708.19  0.4718  0.116E-01       -975.87  0.5173 -0.106E-01      -1396.63  0.4881 -0.145E-02
         20.0098     -454.35  0.6229 -0.190E+00      -4077.22  0.4053 -0.766E-04      -1708.18  0.4718  0.116E-01       -975.87  0.5173 -0.106E-01      -1396.63  0.4881 -0.144E-02
         20.0128     -455.11  0.6227 -0.190E+00      -4077.22  0.4053 -0.765E-04      -1708.18  0.4718  0.116E-01       -975.87  0.5173 -0.106E-01      -1396.63  0.4881 -0.146E-02
         20.0167     -456.08  0.6226 -0.190E+00      -4077.22  0.4053 -0.765E-04      -1708.17  0.4718  0.116E-01       -975.87  0.5173 -0.106E-01      -1396.64  0.4881 -0.146E-02
         20.0218     -457.33  0.6223 -0.190E+00      -4077.22  0.4053 -0.765E-04      -1708.15  0.4718  0.116E-01       -975.87  0.5173 -0.106E-01      -1396.64  0.4881 -0.147E-02
         20.0285     -458.91  0.6220 -0.190E+00      -4077.22  0.4053 -0.765E-04      -1708.14  0.4718  0.116E-01       -975.87  0.5173 -0.106E-01      -1396.65  0.4881 -0.145E-02
         20.0372     -460.89  0.6216 -0.190E+00      -4077.23  0.4053 -0.764E-04      -1708.11  0.4718  0.116E-01       -975.86  0.5173 -0.106E-01      -1396.66  0.4881 -0.146E-02
         20.0484     -463.38  0.6212 -0.190E+00      -4077.23  0.4053 -0.764E-04      -1708.09  0.4718  0.116E-01       -975.86  0.5173 -0.106E-01      -1396.67  0.4881 -0.146E-02
         20.0630     -466.45  0.6206 -0.190E+00      -4077.23  0.4053 -0.763E-04      -1708.05  0.4718  0.116E-01       -975.85  0.5173 -0.106E-01      -1396.69  0.4881 -0.145E-02
         20.0820     -470.19  0.6199 -0.190E+00      -4077.24  0.4053 -0.762E-04      -1708.00  0.4718  0.116E-01       -975.84  0.5173 -0.106E-01      -1396.71  0.4881 -0.146E-02
         20.1067     -474.68  0.6190 -0.190E+00      -4077.24  0.4053 -0.760E-04      -1707.94  0.4718  0.116E-01       -975.83  0.5173 -0.106E-01      -1396.74  0.4881 -0.146E-02
         20.1388     -481.18  0.6180 -0.190E+00      -4077.25  0.4053 -0.758E-04      -1707.86  0.4718  0.116E-01       -975.82  0.5173 -0.106E-01      -1396.78  0.4881 -0.146E-02
         20.1806     -488.61  0.6169 -0.190E+00      -4077.26  0.4053 -0.756E-04      -1707.75  0.4718  0.116E-01       -975.80  0.5173 -0.106E-01      -1396.82  0.4881 -0.146E-02
         20.2349     -497.20  0.6155 -0.190E+00      -4077.27  0.4053 -0.753E-04      -1707.61  0.4718  0.116E-01       -975.78  0.5173 -0.106E-01      -1396.88  0.4881 -0.146E-02
         20.3054     -506.68  0.6140 -0.190E+00      -4077.28  0.4053 -0.749E-04      -1707.44  0.4718  0.116E-01       -975.75  0.5173 -0.106E-01      -1396.96  0.4881 -0.146E-02
         20.3972     -516.90  0.6124 -0.190E+00      -4077.30  0.4053 -0.743E-04      -1707.20  0.4718  0.116E-01       -975.72  0.5173 -0.106E-01      -1397.06  0.4881 -0.146E-02
         20.5164     -527.53  0.6108 -0.190E+00      -4077.33  0.4053 -0.736E-04      -1706.90  0.4718  0.116E-01       -975.67  0.5173 -0.106E-01      -1397.19  0.4881 -0.146E-02
         20.6715     -538.23  0.6091 -0.190E+00      -4077.37  0.4053 -0.727E-04      -1706.51  0.4718  0.116E-01       -975.61  0.5173 -0.106E-01      -1397.36  0.4881 -0.146E-02
         20.8730     -548.58  0.6075 -0.190E+00      -4077.42  0.4053 -0.714E-04      -1706.00  0.4719  0.116E-01       -975.53  0.5173 -0.106E-01      -1397.58  0.4881 -0.146E-02
         21.1350     -558.17  0.6060 -0.190E+00      -4077.49  0.4053 -0.697E-04      -1705.33  0.4719  0.116E-01       -975.43  0.5173 -0.106E-01      -1397.86  0.4880 -0.146E-02
         21.4756     -566.54  0.6047 -0.190E+00      -4077.58  0.4053 -0.674E-04      -1704.47  0.4719  0.116E-01       -975.30  0.5173 -0.106E-01      -1398.22  0.4880 -0.146E-02
         21.9184     -573.27  0.6036 -0.190E+00      -4077.72  0.4053 -0.642E-04      -1703.35  0.4720  0.117E-01       -975.14  0.5173 -0.106E-01      -1398.67  0.4880 -0.145E-02
         22.4940     -578.63  0.6028 -0.190E+00      -4077.91  0.4053 -0.598E-04      -1701.90  0.4721  0.117E-01       -974.93  0.5173 -0.106E-01      -1399.25  0.4880 -0.145E-02
         23.2446     -581.91  0.6023 -0.190E+00      -4078.20  0.4053 -0.536E-04      -1700.00  0.4722  0.117E-01       -974.68  0.5174 -0.106E-01      -1399.97  0.4879 -0.145E-02
         24.2096     -582.10  0.6023 -0.190E+00      -4078.64  0.4053 -0.449E-04      -1697.57  0.4723  0.117E-01       -974.38  0.5174 -0.105E-01      -1400.87  0.4879 -0.145E-02
         25.3677     -579.96  0.6027 -0.190E+00      -4079.25  0.4053 -0.337E-04      -1694.68  0.4724  0.118E-01       -974.05  0.5174 -0.105E-01      -1401.91  0.4878 -0.145E-02
         26.9118     -573.56  0.6036 -0.190E+00      -4080.25  0.4053 -0.173E-04      -1690.89  0.4726  0.118E-01       -973.70  0.5174 -0.104E-01      -1403.22  0.4877 -0.144E-02
         30.0000     -555.92  0.6064 -0.190E+00      -4082.84  0.4052  0.174E-04      -1683.60  0.4729  0.119E-01       -973.30  0.5175 -0.103E-01      -1405.65  0.4876 -0.144E-02
         30.0001     -555.56  0.6064 -0.695E-01      -4082.84  0.4052  0.174E-04      -1683.60  0.4729  0.119E-01       -973.30  0.5175 -0.103E-01      -1405.65  0.4876 -0.120E-02
         30.0002     -555.67  0.6064 -0.689E-01      -4082.84  0.4052  0.174E-04      -1683.60  0.4729  0.119E-01       -973.30  0.5175 -0.103E-01      -1405.65  0.4876 -0.120E-02
         30.0004     -555.62  0.6064 -0.693E-01      -4082.84  0.4052  0.174E-04      -1683.60  0.4729  0.119E-01       -973.30  0.5175 -0.103E-01      -1405.65  0.4876 -0.120E-02
         30.0006     -555.68  0.6064 -0.703E-01      -4082.84  0.4052  0.174E-04      -1683.60  0.4729  0.119E-01       -973.30  0.5175 -0.103E-01      -1405.65  0.4876 -0.120E-02
         30.0009     -555.70  0.6064 -0.697E-01      -4082.84  0.4052  0.174E-04      -1683.60  0.4729  0.119E-01       -973.30  0.5175 -0.103E-01      -1405.65  0.4876 -0.172E-02
         30.0013     -555.77  0.6064 -0.699E-01      -4082.84  0.4052  0.174E-04      -1683.59  0.4729  0.119E-01       -973.30  0.5175 -0.103E-01      -1405.65  0.4876 -0.120E-02
         30.0018     -555.84  0.6064 -0.699E-01      -4082.84  0.4052  0.174E-04      -1683.59  0.4729  0.119E-01       -973.30  0.5175 -0.103E-01      -1405.65  0.4876 -0.151E-02
         30.0024     -555.93  0.6064 -0.698E-01      -4082.84  0.4052  0.174E-04      -1683.59  0.4729  0.119E-01       -973.30  0.5175 -0.103E-01      -1405.65  0.4876 -0.144E-02
         30.0032     -556.05  0.6064 -0.699E-01      -4082.84  0.4052  0.174E-04      -1683.59  0.4729  0.119E-01       -973.30  0.5175 -0.103E-01      -1405.66  0.4876 -0.138E-02
         30.0043     -556.21  0.6063 -0.700E-01      -4082.84  0.4052  0.175E-04      -1683.59  0.4729  0.119E-01       -973.30  0.5175 -0.103E-01      -1405.66  0.4876 -0.148E-02
         30.0056     -556.41  0.6063 -0.700E-01      -4082.84  0.4052  0.175E-04      -1683.58  0.4729  0.119E-01       -973.30  0.5175 -0.103E-01      -1405.66  0.4876 -0.141E-02
         30.0074     -556.67  0.6063 -0.699E-01      -4082.84  0.4052  0.175E-04      -1683.58  0.4729  0.119E-01       -973.30  0.5175 -0.103E-01      -1405.66  0.4876 -0.145E-02
         30.0098     -557.01  0.6062 -0.701E-01      -4082.85  0.4052  0.175E-04      -1683.57  0.4729  0.119E-01       -973.30  0.5175 -0.103E-01      -1405.66  0.4876 -0.145E-02
         30.0128     -557.45  0.6062 -0.700E-01      -4082.85  0.4052  0.176E-04      -1683.57  0.4729  0.119E-01       -973.30  0.5175 -0.103E-01      -1405.66  0.4876 -0.144E-02
         30.0167     -558.01  0.6061 -0.700E-01      -4082.85  0.4052  0.176E-04      -1683.56  0.4729  0.119E-01       -973.30  0.5175 -0.103E-01      -1405.67  0.4876 -0.143E-02
         30.0218     -558.74  0.6060 -0.700E-01      -4082.86  0.4052  0.177E-04      -1683.55  0.4729  0.119E-01       -973.30  0.5175 -0.103E-01      -1405.67  0.4876 -0.143E-02
         30.0285     -559.67  0.6058 -0.700E-01      -4082.86  0.4052  0.177E-04      -1683.53  0.4729  0.119E-01       -973.30  0.5175 -0.103E-01      -1405.68  0.4876 -0.145E-02
         30.0372     -560.85  0.6056 -0.700E-01      -4082.87  0.4052  0.178E-04      -1683.51  0.4729  0.119E-01       -973.30  0.5175 -0.103E-01      -1405.68  0.4876 -0.144E-02
         30.0484     -562.35  0.6054 -0.700E-01      -4082.88  0.4052  0.180E-04      -1683.48  0.4729  0.119E-01       -973.30  0.5175 -0.103E-01      -1405.69  0.4876 -0.144E-02
         30.0630     -564.25  0.6051 -0.700E-01      -4082.89  0.4052  0.181E-04      -1683.45  0.4729  0.119E-01       -973.29  0.5175 -0.103E-01      -1405.70  0.4876 -0.143E-02
         30.0820     -566.62  0.6047 -0.700E-01      -4082.91  0.4052  0.183E-04      -1683.40  0.4729  0.119E-01       -973.29  0.5175 -0.103E-01      -1405.72  0.4876 -0.143E-02
         30.1067     -569.55  0.6043 -0.700E-01      -4082.93  0.4052  0.186E-04      -1683.35  0.4729  0.119E-01       -973.29  0.5175 -0.103E-01      -1405.74  0.4876 -0.143E-02
         30.1388     -573.13  0.6037 -0.700E-01      -4082.95  0.4052  0.190E-04      -1683.27  0.4729  0.119E-01       -973.28  0.5175 -0.103E-01      -1405.76  0.4876 -0.144E-02
         30.1806     -577.46  0.6030 -0.700E-01      -4082.99  0.4052  0.195E-04      -1683.17  0.4729  0.119E-01       -973.28  0.5175 -0.103E-01      -1405.79  0.4876 -0.144E-02
         30.2349     -582.58  0.6022 -0.700E-01      -4083.04  0.4052  0.201E-04      -1683.04  0.4730  0.119E-01       -973.27  0.5175 -0.103E-01      -1405.84  0.4876 -0.144E-02
         30.3054     -588.56  0.6013 -0.700E-01      -4083.10  0.4052  0.209E-04      -1682.88  0.4730  0.119E-01       -973.26  0.5175 -0.103E-01      -1405.89  0.4876 -0.144E-02
         30.3972     -595.39  0.6002 -0.700E-01      -4083.18  0.4052  0.219E-04      -1682.66  0.4730  0.119E-01       -973.25  0.5175 -0.103E-01      -1405.96  0.4875 -0.144E-02
         30.5164     -603.93  0.5990 -0.700E-01      -4083.28  0.4052  0.233E-04      -1682.38  0.4730  0.119E-01       -973.24  0.5175 -0.103E-01      -1406.06  0.4875 -0.143E-02
         30.6715     -614.11  0.5978 -0.700E-01      -4083.42  0.4052  0.250E-04      -1682.02  0.4730  0.119E-01       -973.22  0.5175 -0.103E-01      -1406.17  0.4875 -0.143E-02
         30.8730     -624.90  0.5964 -0.700E-01      -4083.60  0.4052  0.273E-04      -1681.55  0.4730  0.119E-01       -973.20  0.5175 -0.103E-01      -1406.33  0.4875 -0.143E-02
         31.1350     -636.37  0.5949 -0.700E-01      -4083.84  0.4052  0.303E-04      -1680.94  0.4731  0.119E-01       -973.18  0.5175 -0.102E-01      -1406.53  0.4875 -0.143E-02
         31.4756     -648.26  0.5934 -0.700E-01      -4084.16  0.4052  0.342E-04      -1680.16  0.4731  0.119E-01       -973.15  0.5175 -0.102E-01      -1406.78  0.4875 -0.143E-02
         31.9184     -660.49  0.5919 -0.700E-01      -4084.58  0.4052  0.393E-04      -1679.14  0.4731  0.119E-01       -973.12  0.5175 -0.102E-01      -1407.11  0.4875 -0.143E-02
         32.4940     -673.56  0.5902 -0.700E-01      -4085.16  0.4052  0.459E-04      -1677.84  0.4732  0.119E-01       -973.10  0.5175 -0.102E-01      -1407.54  0.4875 -0.143E-02
         33.2446     -687.74  0.5884 -0.700E-01      -4085.93  0.4052  0.544E-04      -1676.16  0.4733  0.119E-01       -973.08  0.5175 -0.101E-01      -1408.08  0.4874 -0.143E-02
         34.2096     -702.25  0.5866 -0.700E-01      -4086.98  0.4051  0.650E-04      -1674.05  0.4734  0.119E-01       -973.09  0.5175 -0.101E-01      -1408.76  0.4874 -0.143E-02
         35.3677     -715.82  0.5849 -0.700E-01      -4088.28  0.4051  0.769E-04      -1671.57  0.4735  0.119E-01       -973.14  0.5175 -0.998E-02      -1409.56  0.4873 -0.143E-02
         36.9118     -728.93  0.5832 -0.700E-01      -4090.06  0.4051  0.903E-04      -1668.38  0.4736  0.119E-01       -973.29  0.5175 -0.988E-02      -1410.59  0.4873 -0.142E-02
         40.0000     -744.44  0.5814 -0.700E-01      -4093.31  0.4050  0.100E-03      -1662.45  0.4739  0.118E-01       -973.84  0.5174 -0.966E-02      -1412.55  0.4871 -0.142E-02
         40.0001     -744.03  0.5814 -0.195E-01      -4093.33  0.4050  0.101E-03      -1662.44  0.4739  0.118E-01       -973.83  0.5174 -0.966E-02      -1412.55  0.4871 -0.123E-02
         40.0002     -744.14  0.5814 -0.203E-01      -4093.32  0.4050  0.101E-03      -1662.44  0.4739  0.118E-01       -973.83  0.5174 -0.966E-02      -1412.55  0.4871 -0.123E-02
         40.0004     -744.07  0.5814 -0.202E-01      -4093.33  0.4050  0.101E-03      -1662.44  0.4739  0.118E-01       -973.83  0.5174 -0.966E-02      -1412.55  0.4871 -0.123E-02
         40.0006     -744.13  0.5814 -0.201E-01      -4093.33  0.4050  0.101E-03      -1662.44  0.4739  0.118E-01       -973.83  0.5174 -0.966E-02      -1412.55  0.4871 -0.123E-02
         40.0009     -744.13  0.5814 -0.198E-01      -4093.33  0.4050  0.101E-03      -1662.44  0.4739  0.118E-01       -973.83  0.5174 -0.966E-02      -1412.55  0.4871 -0.123E-02
         40.0013     -744.17  0.5814 -0.200E-01      -4093.33  0.4050  0.101E-03      -1662.44  0.4739  0.118E-01       -973.83  0.5174 -0.966E-02      -1412.55  0.4871 -0.163E-02
         40.0018     -744.21  0.5814 -0.199E-01      -4093.33  0.4050  0.101E-03      -1662.44  0.4739  0.118E-01       -973.83  0.5174 -0.966E-02      -1412.55  0.4871 -0.154E-02
         40.0024     -744.26  0.5814 -0.202E-01      -4093.33  0.4050  0.101E-03      -1662.44  0.4739  0.118E-01       -973.83  0.5174 -0.966E-02      -1412.55  0.4871 -0.146E-02
         40.0032     -744.33  0.5813 -0.199E-01      -4093.33  0.4050  0.101E-03      -1662.44  0.4739  0.118E-01       -973.83  0.5174 -0.966E-02      -1412.55  0.4871 -0.141E-02
         40.0043     -744.42  0.5813 -0.199E-01      -4093.33  0.4050  0.101E-03      -1662.44  0.4739  0.118E-01       -973.83  0.5174 -0.966E-02      -1412.55  0.4871 -0.137E-02
         40.0056     -744.53  0.5813 -0.199E-01      -4093.33  0.4050  0.101E-03      -1662.43  0.4739  0.118E-01       -973.83  0.5174 -0.966E-02      -1412.55  0.4871 -0.144E-02
         40.0074     -744.68  0.5813 -0.200E-01      -4093.33  0.4050  0.101E-03      -1662.43  0.4739  0.118E-01       -973.83  0.5174 -0.966E-02      -1412.56  0.4871 -0.139E-02
         40.0098     -744.88  0.5813 -0.200E-01      -4093.33  0.4050  0.101E-03      -1662.43  0.4739  0.118E-01       -973.83  0.5174 -0.966E-02      -1412.56  0.4871 -0.142E-02
         40.0128     -745.13  0.5812 -0.200E-01      -4093.34  0.4050  0.101E-03      -1662.42  0.4739  0.118E-01       -973.83  0.5174 -0.966E-02      -1412.56  0.4871 -0.142E-02
         40.0167     -745.45  0.5812 -0.200E-01      -4093.34  0.4050  0.101E-03      -1662.41  0.4739  0.118E-01       -973.84  0.5174 -0.966E-02      -1412.56  0.4871 -0.142E-02
         40.0218     -745.87  0.5811 -0.200E-01      -4093.35  0.4050  0.101E-03      -1662.40  0.4739  0.118E-01       -973.84  0.5174 -0.966E-02      -1412.56  0.4871 -0.140E-02
         40.0285     -746.41  0.5811 -0.200E-01      -4093.35  0.4050  0.101E-03      -1662.39  0.4739  0.118E-01       -973.84  0.5174 -0.966E-02      -1412.57  0.4871 -0.143E-02
         40.0372     -747.11  0.5810 -0.200E-01      -4093.36  0.4050  0.101E-03      -1662.37  0.4739  0.118E-01       -973.84  0.5174 -0.965E-02      -1412.57  0.4871 -0.142E-02
         40.0484     -747.99  0.5809 -0.200E-01      -4093.37  0.4050  0.101E-03      -1662.35  0.4739  0.118E-01       -973.84  0.5174 -0.965E-02      -1412.58  0.4871 -0.143E-02
         40.0630     -749.13  0.5807 -0.200E-01      -4093.39  0.4050  0.101E-03      -1662.32  0.4739  0.118E-01       -973.84  0.5174 -0.965E-02      -1412.59  0.4871 -0.142E-02
         40.0820     -750.58  0.5806 -0.200E-01      -4093.41  0.4050  0.101E-03      -1662.29  0.4739  0.118E-01       -973.85  0.5174 -0.965E-02      -1412.60  0.4871 -0.141E-02
         40.1067     -752.40  0.5803 -0.200E-01      -4093.44  0.4050  0.101E-03      -1662.24  0.4739  0.118E-01       -973.85  0.5174 -0.965E-02      -1412.62  0.4871 -0.142E-02
         40.1388     -754.69  0.5800 -0.200E-01      -4093.47  0.4050  0.101E-03      -1662.18  0.4739  0.118E-01       -973.86  0.5174 -0.965E-02      -1412.64  0.4871 -0.142E-02
         40.1806     -757.83  0.5797 -0.200E-01      -4093.51  0.4050  0.101E-03      -1662.10  0.4739  0.118E-01       -973.87  0.5174 -0.964E-02      -1412.66  0.4871 -0.142E-02
         40.2349     -762.19  0.5792 -0.200E-01      -4093.57  0.4050  0.101E-03      -1662.00  0.4739  0.118E-01       -973.88  0.5174 -0.964E-02      -1412.70  0.4871 -0.142E-02
         40.3054     -767.38  0.5787 -0.200E-01      -4093.64  0.4050  0.101E-03      -1661.86  0.4740  0.118E-01       -973.89  0.5174 -0.963E-02      -1412.74  0.4871 -0.142E-02
         40.3972     -773.59  0.5781 -0.200E-01      -4093.74  0.4050  0.102E-03      -1661.69  0.4740  0.118E-01       -973.91  0.5174 -0.963E-02      -1412.80  0.4871 -0.142E-02
         40.5164     -780.82  0.5774 -0.200E-01      -4093.87  0.4050  0.102E-03      -1661.46  0.4740  0.118E-01       -973.93  0.5174 -0.962E-02      -1412.88  0.4871 -0.142E-02
         40.6715     -789.15  0.5765 -0.200E-01      -4094.02  0.4050  0.102E-03      -1661.17  0.4740  0.118E-01       -973.96  0.5174 -0.961E-02      -1412.97  0.4871 -0.142E-02
         40.8730     -798.61  0.5756 -0.200E-01      -4094.23  0.4050  0.103E-03      -1660.79  0.4740  0.118E-01       -974.01  0.5174 -0.959E-02      -1413.10  0.4871 -0.142E-02
         41.1350     -809.26  0.5745 -0.200E-01      -4094.50  0.4050  0.103E-03      -1660.30  0.4740  0.118E-01       -974.06  0.5174 -0.957E-02      -1413.26  0.4871 -0.142E-02
         41.4756     -821.18  0.5733 -0.200E-01      -4094.84  0.4050  0.103E-03      -1659.67  0.4741  0.118E-01       -974.14  0.5174 -0.955E-02      -1413.47  0.4871 -0.142E-02
         41.9184     -834.48  0.5719 -0.200E-01      -4095.26  0.4050  0.103E-03      -1658.86  0.4741  0.118E-01       -974.24  0.5174 -0.951E-02      -1413.74  0.4871 -0.141E-02
         42.4940     -849.32  0.5704 -0.200E-01      -4095.79  0.4050  0.101E-03      -1657.83  0.4741  0.118E-01       -974.39  0.5174 -0.947E-02      -1414.09  0.4871 -0.141E-02
         43.2446     -865.88  0.5688 -0.200E-01      -4096.42  0.4050  0.977E-04      -1656.51  0.4742  0.118E-01       -974.59  0.5174 -0.942E-02      -1414.54  0.4870 -0.141E-02
         44.2096     -884.03  0.5669 -0.200E-01      -4097.12  0.4050  0.901E-04      -1654.85  0.4743  0.118E-01       -974.87  0.5173 -0.934E-02      -1415.11  0.4870 -0.141E-02
         45.3677     -902.61  0.5651 -0.200E-01      -4097.74  0.4050  0.761E-04      -1652.93  0.4744  0.117E-01       -975.23  0.5173 -0.926E-02      -1415.78  0.4870 -0.141E-02
         46.9118     -926.02  0.5627 -0.200E-01      -4098.08  0.4050  0.476E-04      -1650.49  0.4745  0.117E-01       -975.76  0.5173 -0.915E-02      -1416.66  0.4869 -0.141E-02
         50.0000     -962.80  0.5591 -0.200E-01      -4095.78  0.4050 -0.562E-04      -1646.04  0.4747  0.116E-01       -976.98  0.5172 -0.893E-02      -1418.33  0.4868 -0.140E-02
         50.0001     -963.83  0.5591 -0.111E-01      -4095.99  0.4050 -0.526E-04      -1646.00  0.4747  0.116E-01       -976.96  0.5172 -0.892E-02      -1418.34  0.4868 -0.124E-02
         50.0002     -963.67  0.5591 -0.985E-02      -4095.95  0.4050 -0.533E-04      -1646.01  0.4747  0.116E-01       -976.97  0.5172 -0.892E-02      -1418.34  0.4868 -0.124E-02
         50.0004     -963.79  0.5591 -0.101E-01      -4095.98  0.4050 -0.528E-04      -1646.00  0.4747  0.116E-01       -976.96  0.5172 -0.892E-02      -1418.34  0.4868 -0.124E-02
         50.0006     -963.77  0.5591 -0.964E-02      -4095.97  0.4050 -0.530E-04      -1646.00  0.4747  0.116E-01       -976.97  0.5172 -0.892E-02      -1418.34  0.4868 -0.124E-02
         50.0009     -963.80  0.5591 -0.103E-01      -4095.98  0.4050 -0.529E-04      -1646.00  0.4747  0.116E-01       -976.97  0.5172 -0.892E-02      -1418.34  0.4868 -0.124E-02
         50.0013     -963.81  0.5591 -0.986E-02      -4095.97  0.4050 -0.529E-04      -1646.00  0.4747  0.116E-01       -976.97  0.5172 -0.892E-02      -1418.34  0.4868 -0.164E-02
         50.0018     -963.83  0.5591 -0.986E-02      -4095.97  0.4050 -0.529E-04      -1646.00  0.4747  0.116E-01       -976.97  0.5172 -0.892E-02      -1418.34  0.4868 -0.124E-02
         50.0024     -963.85  0.5591 -0.102E-01      -4095.97  0.4050 -0.530E-04      -1646.00  0.4747  0.116E-01       -976.97  0.5172 -0.892E-02      -1418.34  0.4868 -0.148E-02
         50.0032     -963.89  0.5591 -0.982E-02      -4095.97  0.4050 -0.530E-04      -1646.00  0.4747  0.116E-01       -976.97  0.5172 -0.892E-02      -1418.34  0.4868 -0.142E-02
         50.0043     -963.93  0.5591 -0.986E-02      -4095.97  0.4050 -0.530E-04      -1646.00  0.4747  0.116E-01       -976.97  0.5172 -0.892E-02      -1418.34  0.4868 -0.138E-02
         50.0056     -963.98  0.5591 -0.101E-01      -4095.97  0.4050 -0.531E-04      -1645.99  0.4747  0.116E-01       -976.97  0.5172 -0.892E-02      -1418.34  0.4868 -0.145E-02
         50.0074     -964.06  0.5591 -0.100E-01      -4095.97  0.4050 -0.531E-04      -1645.99  0.4747  0.116E-01       -976.97  0.5172 -0.892E-02      -1418.34  0.4868 -0.140E-02
         50.0098     -964.15  0.5591 -0.995E-02      -4095.97  0.4050 -0.532E-04      -1645.99  0.4747  0.116E-01       -976.97  0.5172 -0.892E-02      -1418.34  0.4868 -0.137E-02
         50.0128     -964.27  0.5591 -0.100E-01      -4095.97  0.4050 -0.533E-04      -1645.98  0.4747  0.116E-01       -976.97  0.5172 -0.892E-02      -1418.35  0.4868 -0.139E-02
         50.0167     -964.42  0.5591 -0.999E-02      -4095.96  0.4050 -0.534E-04      -1645.98  0.4747  0.116E-01       -976.97  0.5172 -0.892E-02      -1418.35  0.4868 -0.139E-02
         50.0218     -964.63  0.5591 -0.100E-01      -4095.96  0.4050 -0.536E-04      -1645.97  0.4747  0.116E-01       -976.97  0.5172 -0.892E-02      -1418.35  0.4868 -0.141E-02
         50.0285     -964.89  0.5591 -0.100E-01      -4095.96  0.4050 -0.538E-04      -1645.96  0.4747  0.116E-01       -976.98  0.5172 -0.892E-02      -1418.35  0.4868 -0.139E-02
         50.0372     -965.23  0.5590 -0.999E-02      -4095.95  0.4050 -0.541E-04      -1645.95  0.4747  0.116E-01       -976.98  0.5172 -0.892E-02      -1418.36  0.4868 -0.139E-02
         50.0484     -965.66  0.5590 -0.100E-01      -4095.94  0.4050 -0.545E-04      -1645.93  0.4747  0.116E-01       -976.98  0.5172 -0.892E-02      -1418.36  0.4868 -0.140E-02
         50.0630     -966.22  0.5589 -0.100E-01      -4095.93  0.4050 -0.550E-04      -1645.91  0.4747  0.116E-01       -976.99  0.5172 -0.892E-02      -1418.37  0.4868 -0.140E-02
         50.0820     -966.94  0.5589 -0.100E-01      -4095.92  0.4050 -0.556E-04      -1645.88  0.4747  0.116E-01       -977.00  0.5172 -0.892E-02      -1418.38  0.4868 -0.140E-02
         50.1067     -967.86  0.5588 -0.100E-01      -4095.90  0.4050 -0.564E-04      -1645.85  0.4747  0.116E-01       -977.01  0.5172 -0.892E-02      -1418.40  0.4868 -0.140E-02
         50.1388     -969.03  0.5587 -0.100E-01      -4095.88  0.4050 -0.575E-04      -1645.80  0.4747  0.116E-01       -977.02  0.5172 -0.891E-02      -1418.41  0.4868 -0.140E-02
         50.1806     -970.51  0.5586 -0.100E-01      -4095.85  0.4050 -0.589E-04      -1645.74  0.4747  0.116E-01       -977.04  0.5172 -0.891E-02      -1418.44  0.4868 -0.140E-02
         50.2349     -972.37  0.5585 -0.100E-01      -4095.81  0.4050 -0.608E-04      -1645.66  0.4747  0.116E-01       -977.06  0.5172 -0.891E-02      -1418.47  0.4868 -0.140E-02
         50.3054     -974.68  0.5583 -0.100E-01      -4095.76  0.4050 -0.632E-04      -1645.56  0.4747  0.116E-01       -977.09  0.5172 -0.890E-02      -1418.50  0.4868 -0.140E-02
         50.3972     -977.55  0.5580 -0.100E-01      -4095.69  0.4050 -0.664E-04      -1645.43  0.4747  0.116E-01       -977.12  0.5172 -0.890E-02      -1418.55  0.4868 -0.140E-02
         50.5164     -981.06  0.5578 -0.100E-01      -4095.59  0.4050 -0.706E-04      -1645.26  0.4747  0.116E-01       -977.17  0.5172 -0.889E-02      -1418.62  0.4868 -0.140E-02
         50.6715     -985.32  0.5574 -0.100E-01      -4095.45  0.4050 -0.762E-04      -1645.04  0.4747  0.116E-01       -977.23  0.5172 -0.888E-02      -1418.70  0.4868 -0.140E-02
         50.8730     -990.46  0.5570 -0.100E-01      -4095.26  0.4050 -0.838E-04      -1644.76  0.4748  0.116E-01       -977.31  0.5172 -0.886E-02      -1418.81  0.4868 -0.140E-02
         51.1350     -996.59  0.5565 -0.100E-01      -4094.99  0.4050 -0.939E-04      -1644.39  0.4748  0.116E-01       -977.42  0.5171 -0.884E-02      -1418.95  0.4868 -0.140E-02
         51.4756    -1003.88  0.5560 -0.100E-01      -4094.59  0.4050 -0.108E-03      -1643.92  0.4748  0.116E-01       -977.57  0.5171 -0.882E-02      -1419.13  0.4868 -0.140E-02
         51.9184    -1012.52  0.5553 -0.100E-01      -4094.01  0.4050 -0.127E-03      -1643.32  0.4748  0.116E-01       -977.75  0.5171 -0.879E-02      -1419.37  0.4867 -0.140E-02
         52.4940    -1022.72  0.5545 -0.100E-01      -4093.12  0.4050 -0.154E-03      -1642.54  0.4749  0.115E-01       -978.00  0.5171 -0.875E-02      -1419.67  0.4867 -0.140E-02
         53.2446    -1034.74  0.5535 -0.100E-01      -4091.74  0.4051 -0.192E-03      -1641.57  0.4749  0.115E-01       -978.33  0.5171 -0.869E-02      -1420.06  0.4867 -0.140E-02
         54.2096    -1048.67  0.5524 -0.100E-01      -4089.54  0.4051 -0.246E-03      -1640.36  0.4750  0.115E-01       -978.77  0.5170 -0.863E-02      -1420.56  0.4867 -0.140E-02
         55.3677    -1063.72  0.5512 -0.100E-01      -4086.30  0.4052 -0.317E-03      -1638.97  0.4750  0.114E-01       -979.32  0.5170 -0.855E-02      -1421.15  0.4866 -0.140E-02
         56.9118    -1081.50  0.5498 -0.100E-01      -4080.81  0.4052 -0.423E-03      -1637.20  0.4751  0.114E-01       -980.08  0.5169 -0.844E-02      -1421.92  0.4866 -0.139E-02
         60.0000    -1111.61  0.5474 -0.100E-01      -4064.49  0.4055 -0.683E-03      -1634.02  0.4753  0.113E-01       -981.71  0.5168 -0.823E-02      -1423.41  0.4865 -0.139E-02
         62.5000    -1164.89  0.5434 -0.196E-07      -4048.05  0.4058 -0.922E-03      -1631.66  0.4754  0.112E-01       -983.11  0.5167 -0.806E-02      -1424.60  0.4864 -0.139E-02
         66.2500    -1219.52  0.5390  0.554E-07      -4014.85  0.4063 -0.133E-02      -1628.65  0.4755  0.111E-01       -985.34  0.5165 -0.781E-02      -1426.30  0.4863 -0.138E-02
         70.0000    -1274.20  0.5357  0.219E-07      -3975.85  0.4069 -0.172E-02      -1626.03  0.4756  0.109E-01       -987.69  0.5164 -0.757E-02      -1427.96  0.4862 -0.138E-02
end
