 ******* Program HYDRUS
 ******* 
 Welcome to HYDRUS-1D                                                    
 Date:  25. 9.    Time:  14:20:38
 Units: L = mm   , T = min  , M = mmol 

       Time          rTop        rRoot        vTop         vRoot        vBot       sum(rTop)   sum(rRoot)    sum(vTop)   sum(vRoot)    sum(vBot)      hTop         hRoot        hBot        RunOff    sum(RunOff)     Volume     sum(Infil)    sum(Evap) TLevel Cum(WTrans)  SnowLayer
        [T]         [L/T]        [L/T]        [L/T]        [L/T]        [L/T]         [L]          [L]          [L]         [L]           [L]         [L]           [L]         [L]          [L/T]         [L]          [L]          [L]          [L]

      10.0001 -0.64000E+00  0.00000E+00 -0.63929E+00  0.00000E+00 -0.11704E-02 -0.64000E-04  0.00000E+00 -0.63929E-04  0.00000E+00 -0.11704E-06 -0.73467E+04  0.00000E+00 -0.13758E+04  0.70858E-03  0.70858E-07  0.47135E+03  0.63929E-04  0.00000E+00      1  0.00000E+00      0.000
      10.0002 -0.64000E+00  0.00000E+00 -0.63929E+00  0.00000E+00 -0.11705E-02 -0.12800E-03  0.00000E+00 -0.12786E-03  0.00000E+00 -0.23408E-06 -0.73455E+04  0.00000E+00 -0.13758E+04  0.70530E-03  0.14139E-06  0.47135E+03  0.12786E-03  0.00000E+00      2  0.00000E+00      0.000
      10.0003 -0.64000E+00  0.00000E+00 -0.64042E+00  0.00000E+00 -0.19156E-02 -0.21333E-03  0.00000E+00 -0.21325E-03  0.00000E+00 -0.48950E-06 -0.73436E+04  0.00000E+00 -0.13758E+04  0.41753E-03  0.19706E-06  0.47135E+03  0.21325E-03  0.00000E+00      3  0.00000E+00      0.000
      10.0005 -0.64000E+00  0.00000E+00 -0.64020E+00  0.00000E+00 -0.14688E-02 -0.32000E-03  0.00000E+00 -0.31995E-03  0.00000E+00 -0.73430E-06 -0.73413E+04  0.00000E+00 -0.13758E+04  0.20027E-03  0.23044E-06  0.47135E+03  0.31995E-03  0.00000E+00      4  0.00000E+00      0.000
      10.0008 -0.64000E+00  0.00000E+00 -0.64021E+00  0.00000E+00 -0.14690E-02 -0.48000E-03  0.00000E+00 -0.48000E-03  0.00000E+00 -0.11015E-05 -0.73378E+04  0.00000E+00 -0.13758E+04  0.20975E-03  0.28287E-06  0.47135E+03  0.48000E-03  0.00000E+00      5  0.00000E+00      0.000
      10.0010 -0.64000E+00  0.00000E+00 -0.64022E+00  0.00000E+00 -0.14692E-02 -0.64000E-03  0.00000E+00 -0.64005E-03  0.00000E+00 -0.14688E-05 -0.73343E+04  0.00000E+00 -0.13758E+04  0.21940E-03  0.33773E-06  0.47135E+03  0.64005E-03  0.00000E+00      6  0.00000E+00      0.000
      10.0011 -0.47000E+00  0.00000E+00 -0.46945E+00  0.00000E+00 -0.11713E-02 -0.68700E-03  0.00000E+00 -0.68700E-03  0.00000E+00 -0.15860E-05 -0.73334E+04  0.00000E+00 -0.13758E+04  0.54523E-03  0.39225E-06  0.47135E+03  0.68700E-03  0.00000E+00      7  0.00000E+00      0.000
      10.0012 -0.47000E+00  0.00000E+00 -0.47003E+00  0.00000E+00 -0.82749E-03 -0.74810E-03  0.00000E+00 -0.74810E-03  0.00000E+00 -0.16935E-05 -0.73320E+04  0.00000E+00 -0.13758E+04  0.31680E-04  0.39637E-06  0.47135E+03  0.74810E-03  0.00000E+00      8  0.00000E+00      0.000
      10.0014 -0.47000E+00  0.00000E+00 -0.47004E+00  0.00000E+00 -0.14448E-02 -0.82753E-03  0.00000E+00 -0.82754E-03  0.00000E+00 -0.19377E-05 -0.73303E+04  0.00000E+00 -0.13758E+04  0.36418E-04  0.40252E-06  0.47135E+03  0.82754E-03  0.00000E+00      9  0.00000E+00      0.000
      10.0016 -0.47000E+00  0.00000E+00 -0.47011E+00  0.00000E+00 -0.17163E-02 -0.93079E-03  0.00000E+00 -0.93082E-03  0.00000E+00 -0.23148E-05 -0.73280E+04  0.00000E+00 -0.13758E+04  0.11048E-03  0.42679E-06  0.47135E+03  0.93082E-03  0.00000E+00     10  0.00000E+00      0.000
      10.0019 -0.47000E+00  0.00000E+00 -0.47017E+00  0.00000E+00 -0.12470E-02 -0.10650E-02  0.00000E+00 -0.10651E-02  0.00000E+00 -0.26710E-05 -0.73251E+04  0.00000E+00 -0.13758E+04  0.17068E-03  0.47554E-06  0.47135E+03  0.10651E-02  0.00000E+00     11  0.00000E+00      0.000
      10.0023 -0.47000E+00  0.00000E+00 -0.47006E+00  0.00000E+00 -0.16888E-02 -0.12395E-02  0.00000E+00 -0.12396E-02  0.00000E+00 -0.32980E-05 -0.73214E+04  0.00000E+00 -0.13758E+04  0.60767E-04  0.49810E-06  0.47135E+03  0.12396E-02  0.00000E+00     12  0.00000E+00      0.000
      10.0028 -0.47000E+00  0.00000E+00 -0.46998E+00  0.00000E+00 -0.15350E-02 -0.14664E-02  0.00000E+00 -0.14665E-02  0.00000E+00 -0.40389E-05 -0.73164E+04  0.00000E+00 -0.13758E+04  0.18120E-04  0.50685E-06  0.47135E+03  0.14665E-02  0.00000E+00     13  0.00000E+00      0.000
      10.0034 -0.47000E+00  0.00000E+00 -0.47009E+00  0.00000E+00 -0.15830E-02 -0.17613E-02  0.00000E+00 -0.17615E-02  0.00000E+00 -0.50322E-05 -0.73101E+04  0.00000E+00 -0.13759E+04  0.94652E-04  0.56624E-06  0.47135E+03  0.17615E-02  0.00000E+00     14  0.00000E+00      0.000
      10.0042 -0.47000E+00  0.00000E+00 -0.46999E+00  0.00000E+00 -0.15107E-02 -0.21447E-02  0.00000E+00 -0.21449E-02  0.00000E+00 -0.62645E-05 -0.73017E+04  0.00000E+00 -0.13759E+04  0.10043E-04  0.57444E-06  0.47135E+03  0.21449E-02  0.00000E+00     15  0.00000E+00      0.000
      10.0053 -0.47000E+00  0.00000E+00 -0.46994E+00  0.00000E+00 -0.15116E-02 -0.26431E-02  0.00000E+00 -0.26432E-02  0.00000E+00 -0.78675E-05 -0.72910E+04  0.00000E+00 -0.13759E+04  0.64075E-04  0.64238E-06  0.47135E+03  0.26432E-02  0.00000E+00     16  0.00000E+00      0.000
      10.0066 -0.47000E+00  0.00000E+00 -0.46999E+00  0.00000E+00 -0.15237E-02 -0.32911E-02  0.00000E+00 -0.32911E-02  0.00000E+00 -0.99680E-05 -0.72769E+04  0.00000E+00 -0.13759E+04  0.13769E-04  0.66136E-06  0.47135E+03  0.32911E-02  0.00000E+00     17  0.00000E+00      0.000
      10.0084 -0.47000E+00  0.00000E+00 -0.46997E+00  0.00000E+00 -0.15170E-02 -0.41334E-02  0.00000E+00 -0.41334E-02  0.00000E+00 -0.12687E-04 -0.72587E+04  0.00000E+00 -0.13759E+04  0.28610E-04  0.71264E-06  0.47135E+03  0.41334E-02  0.00000E+00     18  0.00000E+00      0.000
      10.0108 -0.47000E+00  0.00000E+00 -0.46999E+00  0.00000E+00 -0.14807E-02 -0.52284E-02  0.00000E+00 -0.52284E-02  0.00000E+00 -0.16137E-04 -0.72350E+04  0.00000E+00 -0.13759E+04  0.00000E+00  0.71264E-06  0.47135E+03  0.52284E-02  0.00000E+00     19  0.00000E+00      0.000
      10.0138 -0.47000E+00  0.00000E+00 -0.46999E+00  0.00000E+00 -0.15130E-02 -0.66519E-02  0.00000E+00 -0.66519E-02  0.00000E+00 -0.20719E-04 -0.72042E+04  0.00000E+00 -0.13759E+04  0.10043E-04  0.74306E-06  0.47136E+03  0.66519E-02  0.00000E+00     20  0.00000E+00      0.000
      10.0177 -0.47000E+00  0.00000E+00 -0.46999E+00  0.00000E+00 -0.15128E-02 -0.85025E-02  0.00000E+00 -0.85024E-02  0.00000E+00 -0.26675E-04 -0.71641E+04  0.00000E+00 -0.13759E+04  0.13828E-04  0.79750E-06  0.47136E+03  0.85024E-02  0.00000E+00     21  0.00000E+00      0.000
      10.0228 -0.47000E+00  0.00000E+00 -0.46999E+00  0.00000E+00 -0.15057E-02 -0.10908E-01  0.00000E+00 -0.10908E-01  0.00000E+00 -0.34382E-04 -0.71121E+04  0.00000E+00 -0.13760E+04  0.10014E-04  0.84876E-06  0.47136E+03  0.10908E-01  0.00000E+00     22  0.00000E+00      0.000
      10.0295 -0.47000E+00  0.00000E+00 -0.46999E+00  0.00000E+00 -0.14980E-02 -0.14036E-01  0.00000E+00 -0.14035E-01  0.00000E+00 -0.44350E-04 -0.70445E+04  0.00000E+00 -0.13760E+04  0.00000E+00  0.84876E-06  0.47136E+03  0.14035E-01  0.00000E+00     23  0.00000E+00      0.000
      10.0382 -0.47000E+00  0.00000E+00 -0.46999E+00  0.00000E+00 -0.15057E-02 -0.18101E-01  0.00000E+00 -0.18101E-01  0.00000E+00 -0.57375E-04 -0.69566E+04  0.00000E+00 -0.13761E+04  0.00000E+00  0.84876E-06  0.47137E+03  0.18101E-01  0.00000E+00     24  0.00000E+00      0.000
      10.0494 -0.47000E+00  0.00000E+00 -0.47000E+00  0.00000E+00 -0.14995E-02 -0.23387E-01  0.00000E+00 -0.23387E-01  0.00000E+00 -0.74238E-04 -0.68425E+04  0.00000E+00 -0.13761E+04  0.00000E+00  0.84876E-06  0.47137E+03  0.23387E-01  0.00000E+00     25  0.00000E+00      0.000
      10.0640 -0.47000E+00  0.00000E+00 -0.47000E+00  0.00000E+00 -0.14999E-02 -0.30258E-01  0.00000E+00 -0.30258E-01  0.00000E+00 -0.96166E-04 -0.66943E+04  0.00000E+00 -0.13762E+04  0.00000E+00  0.84876E-06  0.47138E+03  0.30258E-01  0.00000E+00     26  0.00000E+00      0.000
      10.0830 -0.47000E+00  0.00000E+00 -0.47000E+00  0.00000E+00 -0.15011E-02 -0.39190E-01  0.00000E+00 -0.39190E-01  0.00000E+00 -0.12469E-03 -0.65019E+04  0.00000E+00 -0.13763E+04  0.00000E+00  0.84876E-06  0.47139E+03  0.39190E-01  0.00000E+00     27  0.00000E+00      0.000
      10.1077 -0.47000E+00  0.00000E+00 -0.47000E+00  0.00000E+00 -0.15042E-02 -0.50802E-01  0.00000E+00 -0.50802E-01  0.00000E+00 -0.16186E-03 -0.62523E+04  0.00000E+00 -0.13765E+04  0.00000E+00  0.84876E-06  0.47140E+03  0.50802E-01  0.00000E+00     28  0.00000E+00      0.000
      10.1398 -0.47000E+00  0.00000E+00 -0.47000E+00  0.00000E+00 -0.15022E-02 -0.65898E-01  0.00000E+00 -0.65897E-01  0.00000E+00 -0.21011E-03 -0.59852E+04  0.00000E+00 -0.13766E+04  0.00000E+00  0.84876E-06  0.47141E+03  0.65897E-01  0.00000E+00     29  0.00000E+00      0.000
      10.1816 -0.47000E+00  0.00000E+00 -0.47000E+00  0.00000E+00 -0.15026E-02 -0.85522E-01  0.00000E+00 -0.85522E-01  0.00000E+00 -0.27284E-03 -0.56657E+04  0.00000E+00 -0.13769E+04  0.00000E+00  0.84876E-06  0.47143E+03  0.85522E-01  0.00000E+00     30  0.00000E+00      0.000
      10.2359 -0.47000E+00  0.00000E+00 -0.47000E+00  0.00000E+00 -0.15014E-02 -0.11103E+00  0.00000E+00 -0.11103E+00  0.00000E+00 -0.35434E-03 -0.52545E+04  0.00000E+00 -0.13772E+04  0.00000E+00  0.84876E-06  0.47146E+03  0.11103E+00  0.00000E+00     31  0.00000E+00      0.000
      10.3064 -0.47000E+00  0.00000E+00 -0.47000E+00  0.00000E+00 -0.14997E-02 -0.14420E+00  0.00000E+00 -0.14420E+00  0.00000E+00 -0.46017E-03 -0.47650E+04  0.00000E+00 -0.13775E+04  0.00000E+00  0.84876E-06  0.47149E+03  0.14420E+00  0.00000E+00     32  0.00000E+00      0.000
      10.3982 -0.47000E+00  0.00000E+00 -0.47000E+00  0.00000E+00 -0.14985E-02 -0.18731E+00  0.00000E+00 -0.18731E+00  0.00000E+00 -0.59763E-03 -0.42618E+04  0.00000E+00 -0.13780E+04  0.00000E+00  0.84876E-06  0.47154E+03  0.18731E+00  0.00000E+00     33  0.00000E+00      0.000
      10.5174 -0.47000E+00  0.00000E+00 -0.47000E+00  0.00000E+00 -0.14983E-02 -0.24336E+00  0.00000E+00 -0.24336E+00  0.00000E+00 -0.77631E-03 -0.36735E+04  0.00000E+00 -0.13786E+04  0.00000E+00  0.84876E-06  0.47159E+03  0.24336E+00  0.00000E+00     34  0.00000E+00      0.000
      10.6725 -0.47000E+00  0.00000E+00 -0.47000E+00  0.00000E+00 -0.14972E-02 -0.31623E+00  0.00000E+00 -0.31623E+00  0.00000E+00 -0.10084E-02 -0.30812E+04  0.00000E+00 -0.13792E+04  0.00000E+00  0.84876E-06  0.47166E+03  0.31623E+00  0.00000E+00     35  0.00000E+00      0.000
      10.8740 -0.47000E+00  0.00000E+00 -0.47000E+00  0.00000E+00 -0.14956E-02 -0.41095E+00  0.00000E+00 -0.41095E+00  0.00000E+00 -0.13098E-02 -0.25461E+04  0.00000E+00 -0.13801E+04  0.00000E+00  0.84876E-06  0.47176E+03  0.41095E+00  0.00000E+00     36  0.00000E+00      0.000
      11.1360 -0.47000E+00  0.00000E+00 -0.47000E+00  0.00000E+00 -0.14941E-02 -0.53409E+00  0.00000E+00 -0.53409E+00  0.00000E+00 -0.17013E-02 -0.20553E+04  0.00000E+00 -0.13811E+04  0.00000E+00  0.84876E-06  0.47188E+03  0.53409E+00  0.00000E+00     37  0.00000E+00      0.000
      11.3980 -0.47000E+00  0.00000E+00 -0.47000E+00  0.00000E+00 -0.14924E-02 -0.65723E+00  0.00000E+00 -0.65723E+00  0.00000E+00 -0.20923E-02 -0.17546E+04  0.00000E+00 -0.13820E+04  0.00000E+00  0.84876E-06  0.47200E+03  0.65723E+00  0.00000E+00     38  0.00000E+00      0.000
      11.6600 -0.47000E+00  0.00000E+00 -0.47000E+00  0.00000E+00 -0.14911E-02 -0.78037E+00  0.00000E+00 -0.78037E+00  0.00000E+00 -0.24830E-02 -0.15356E+04  0.00000E+00 -0.13828E+04  0.00000E+00  0.84876E-06  0.47213E+03  0.78037E+00  0.00000E+00     39  0.00000E+00      0.000
      12.0006 -0.47000E+00  0.00000E+00 -0.47000E+00  0.00000E+00 -0.14891E-02 -0.94045E+00  0.00000E+00 -0.94045E+00  0.00000E+00 -0.29902E-02 -0.13631E+04  0.00000E+00 -0.13838E+04  0.00000E+00  0.84876E-06  0.47229E+03  0.94045E+00  0.00000E+00     40  0.00000E+00      0.000
      12.4434 -0.47000E+00  0.00000E+00 -0.47000E+00  0.00000E+00 -0.14868E-02 -0.11486E+01  0.00000E+00 -0.11486E+01  0.00000E+00 -0.36485E-02 -0.11937E+04  0.00000E+00 -0.13849E+04  0.00000E+00  0.84876E-06  0.47249E+03  0.11486E+01  0.00000E+00     41  0.00000E+00      0.000
      12.8862 -0.47000E+00  0.00000E+00 -0.47000E+00  0.00000E+00 -0.14848E-02 -0.13567E+01  0.00000E+00 -0.13567E+01  0.00000E+00 -0.43059E-02 -0.10744E+04  0.00000E+00 -0.13860E+04  0.00000E+00  0.84876E-06  0.47270E+03  0.13567E+01  0.00000E+00     42  0.00000E+00      0.000
      13.4618 -0.47000E+00  0.00000E+00 -0.47000E+00  0.00000E+00 -0.14820E-02 -0.16272E+01  0.00000E+00 -0.16272E+01  0.00000E+00 -0.51589E-02 -0.94390E+03  0.00000E+00 -0.13872E+04  0.00000E+00  0.84876E-06  0.47297E+03  0.16272E+01  0.00000E+00     43  0.00000E+00      0.000
      14.0374 -0.47000E+00  0.00000E+00 -0.47000E+00  0.00000E+00 -0.14794E-02 -0.18977E+01  0.00000E+00 -0.18977E+01  0.00000E+00 -0.60105E-02 -0.85605E+03  0.00000E+00 -0.13883E+04  0.00000E+00  0.84876E-06  0.47324E+03  0.18977E+01  0.00000E+00     44  0.00000E+00      0.000
      14.6336 -0.47000E+00  0.00000E+00 -0.47000E+00  0.00000E+00 -0.14771E-02 -0.21780E+01  0.00000E+00 -0.21780E+01  0.00000E+00 -0.68912E-02 -0.77173E+03  0.00000E+00 -0.13894E+04  0.00000E+00  0.84876E-06  0.47352E+03  0.21780E+01  0.00000E+00     45  0.00000E+00      0.000
      15.2299 -0.47000E+00  0.00000E+00 -0.47000E+00  0.00000E+00 -0.14748E-02 -0.24582E+01  0.00000E+00 -0.24582E+01  0.00000E+00 -0.77706E-02 -0.71221E+03  0.00000E+00 -0.13904E+04  0.00000E+00  0.84876E-06  0.47380E+03  0.24582E+01  0.00000E+00     46  0.00000E+00      0.000
      15.8262 -0.47000E+00  0.00000E+00 -0.47000E+00  0.00000E+00 -0.14725E-02 -0.27385E+01  0.00000E+00 -0.27385E+01  0.00000E+00 -0.86486E-02 -0.66238E+03  0.00000E+00 -0.13913E+04  0.00000E+00  0.84876E-06  0.47408E+03  0.27385E+01  0.00000E+00     47  0.00000E+00      0.000
      16.4224 -0.47000E+00  0.00000E+00 -0.47000E+00  0.00000E+00 -0.14705E-02 -0.30187E+01  0.00000E+00 -0.30187E+01  0.00000E+00 -0.95254E-02 -0.61158E+03  0.00000E+00 -0.13922E+04  0.00000E+00  0.84876E-06  0.47436E+03  0.30187E+01  0.00000E+00     48  0.00000E+00      0.000
      17.1379 -0.47000E+00  0.00000E+00 -0.47000E+00  0.00000E+00 -0.14680E-02 -0.33550E+01  0.00000E+00 -0.33550E+01  0.00000E+00 -0.10576E-01 -0.57299E+03  0.00000E+00 -0.13931E+04  0.00000E+00  0.84876E-06  0.47469E+03  0.33550E+01  0.00000E+00     49  0.00000E+00      0.000
      17.8535 -0.47000E+00  0.00000E+00 -0.47000E+00  0.00000E+00 -0.14657E-02 -0.36913E+01  0.00000E+00 -0.36913E+01  0.00000E+00 -0.11624E-01 -0.53642E+03  0.00000E+00 -0.13941E+04  0.00000E+00  0.84876E-06  0.47503E+03  0.36913E+01  0.00000E+00     50  0.00000E+00      0.000
      18.5690 -0.47000E+00  0.00000E+00 -0.47000E+00  0.00000E+00 -0.14636E-02 -0.40276E+01  0.00000E+00 -0.40276E+01  0.00000E+00 -0.12672E-01 -0.50454E+03  0.00000E+00 -0.13950E+04  0.00000E+00  0.84876E-06  0.47536E+03  0.40276E+01  0.00000E+00     51  0.00000E+00      0.000
      19.2845 -0.47000E+00  0.00000E+00 -0.47000E+00  0.00000E+00 -0.14614E-02 -0.43639E+01  0.00000E+00 -0.43639E+01  0.00000E+00 -0.13717E-01 -0.47237E+03  0.00000E+00 -0.13958E+04  0.00000E+00  0.84876E-06  0.47570E+03  0.43639E+01  0.00000E+00     52  0.00000E+00      0.000
      20.0000 -0.47000E+00  0.00000E+00 -0.47000E+00  0.00000E+00 -0.14594E-02 -0.47002E+01  0.00000E+00 -0.47002E+01  0.00000E+00 -0.14762E-01 -0.45196E+03  0.00000E+00 -0.13966E+04  0.00000E+00  0.84876E-06  0.47603E+03  0.47002E+01  0.00000E+00     53  0.00000E+00      0.000
      20.0001 -0.19000E+00  0.00000E+00 -0.18883E+00  0.00000E+00 -0.11162E-02 -0.47002E+01  0.00000E+00 -0.47002E+01  0.00000E+00 -0.14762E-01 -0.45183E+03  0.00000E+00 -0.13966E+04  0.11712E-02  0.96588E-06  0.47603E+03  0.47002E+01  0.00000E+00     54  0.00000E+00      0.000
      20.0002 -0.19000E+00  0.00000E+00 -0.18882E+00  0.00000E+00 -0.11164E-02 -0.47002E+01  0.00000E+00 -0.47002E+01  0.00000E+00 -0.14762E-01 -0.45190E+03  0.00000E+00 -0.13966E+04  0.11815E-02  0.11195E-05  0.47603E+03  0.47002E+01  0.00000E+00     55  0.00000E+00      0.000
      20.0004 -0.19000E+00  0.00000E+00 -0.19017E+00  0.00000E+00 -0.11164E-02 -0.47002E+01  0.00000E+00 -0.47002E+01  0.00000E+00 -0.14762E-01 -0.45192E+03  0.00000E+00 -0.13966E+04  0.16911E-03  0.11481E-05  0.47603E+03  0.47002E+01  0.00000E+00     56  0.00000E+00      0.000
      20.0006 -0.19000E+00  0.00000E+00 -0.19025E+00  0.00000E+00 -0.11163E-02 -0.47003E+01  0.00000E+00 -0.47003E+01  0.00000E+00 -0.14762E-01 -0.45199E+03  0.00000E+00 -0.13966E+04  0.24599E-03  0.12021E-05  0.47603E+03  0.47003E+01  0.00000E+00     57  0.00000E+00      0.000
      20.0009 -0.19000E+00  0.00000E+00 -0.18994E+00  0.00000E+00 -0.16380E-02 -0.47003E+01  0.00000E+00 -0.47003E+01  0.00000E+00 -0.14763E-01 -0.45206E+03  0.00000E+00 -0.13966E+04  0.63777E-04  0.12203E-05  0.47603E+03  0.47003E+01  0.00000E+00     58  0.00000E+00      0.000
      20.0013 -0.19000E+00  0.00000E+00 -0.18987E+00  0.00000E+00 -0.15178E-02 -0.47004E+01  0.00000E+00 -0.47004E+01  0.00000E+00 -0.14763E-01 -0.45216E+03  0.00000E+00 -0.13966E+04  0.13293E-03  0.12697E-05  0.47603E+03  0.47004E+01  0.00000E+00     59  0.00000E+00      0.000
      20.0018 -0.19000E+00  0.00000E+00 -0.18985E+00  0.00000E+00 -0.14250E-02 -0.47005E+01  0.00000E+00 -0.47005E+01  0.00000E+00 -0.14764E-01 -0.45228E+03  0.00000E+00 -0.13966E+04  0.14520E-03  0.13398E-05  0.47603E+03  0.47005E+01  0.00000E+00     60  0.00000E+00      0.000
      20.0024 -0.19000E+00  0.00000E+00 -0.18986E+00  0.00000E+00 -0.15914E-02 -0.47006E+01  0.00000E+00 -0.47006E+01  0.00000E+00 -0.14765E-01 -0.45245E+03  0.00000E+00 -0.13966E+04  0.13633E-03  0.14253E-05  0.47603E+03  0.47006E+01  0.00000E+00     61  0.00000E+00      0.000
      20.0032 -0.19000E+00  0.00000E+00 -0.18982E+00  0.00000E+00 -0.14818E-02 -0.47008E+01  0.00000E+00 -0.47008E+01  0.00000E+00 -0.14766E-01 -0.45266E+03  0.00000E+00 -0.13966E+04  0.17503E-03  0.15681E-05  0.47603E+03  0.47008E+01  0.00000E+00     62  0.00000E+00      0.000
      20.0043 -0.19000E+00  0.00000E+00 -0.19000E+00  0.00000E+00 -0.15380E-02 -0.47010E+01  0.00000E+00 -0.47010E+01  0.00000E+00 -0.14768E-01 -0.45294E+03  0.00000E+00 -0.13966E+04  0.00000E+00  0.15681E-05  0.47603E+03  0.47010E+01  0.00000E+00     63  0.00000E+00      0.000
      20.0056 -0.19000E+00  0.00000E+00 -0.18992E+00  0.00000E+00 -0.14409E-02 -0.47012E+01  0.00000E+00 -0.47012E+01  0.00000E+00 -0.14770E-01 -0.45329E+03  0.00000E+00 -0.13966E+04  0.80243E-04  0.16787E-05  0.47603E+03  0.47012E+01  0.00000E+00     64  0.00000E+00      0.000
      20.0074 -0.19000E+00  0.00000E+00 -0.18998E+00  0.00000E+00 -0.14491E-02 -0.47016E+01  0.00000E+00 -0.47016E+01  0.00000E+00 -0.14772E-01 -0.45375E+03  0.00000E+00 -0.13966E+04  0.16704E-04  0.17086E-05  0.47604E+03  0.47016E+01  0.00000E+00     65  0.00000E+00      0.000
      20.0098 -0.19000E+00  0.00000E+00 -0.19000E+00  0.00000E+00 -0.14363E-02 -0.47020E+01  0.00000E+00 -0.47020E+01  0.00000E+00 -0.14776E-01 -0.45435E+03  0.00000E+00 -0.13966E+04  0.00000E+00  0.17086E-05  0.47604E+03  0.47020E+01  0.00000E+00     66  0.00000E+00      0.000
      20.0128 -0.19000E+00  0.00000E+00 -0.19000E+00  0.00000E+00 -0.14609E-02 -0.47026E+01  0.00000E+00 -0.47026E+01  0.00000E+00 -0.14780E-01 -0.45511E+03  0.00000E+00 -0.13966E+04  0.00000E+00  0.17086E-05  0.47604E+03  0.47026E+01  0.00000E+00     67  0.00000E+00      0.000
      20.0167 -0.19000E+00  0.00000E+00 -0.19002E+00  0.00000E+00 -0.14573E-02 -0.47033E+01  0.00000E+00 -0.47033E+01  0.00000E+00 -0.14786E-01 -0.45608E+03  0.00000E+00 -0.13966E+04  0.23723E-04  0.18020E-05  0.47604E+03  0.47033E+01  0.00000E+00     68  0.00000E+00      0.000
      20.0218 -0.19000E+00  0.00000E+00 -0.19001E+00  0.00000E+00 -0.14660E-02 -0.47043E+01  0.00000E+00 -0.47043E+01  0.00000E+00 -0.14793E-01 -0.45733E+03  0.00000E+00 -0.13966E+04  0.00000E+00  0.18020E-05  0.47604E+03  0.47043E+01  0.00000E+00     69  0.00000E+00      0.000
      20.0285 -0.19000E+00  0.00000E+00 -0.19002E+00  0.00000E+00 -0.14528E-02 -0.47056E+01  0.00000E+00 -0.47056E+01  0.00000E+00 -0.14803E-01 -0.45891E+03  0.00000E+00 -0.13967E+04  0.17956E-04  0.19215E-05  0.47604E+03  0.47056E+01  0.00000E+00     70  0.00000E+00      0.000
      20.0372 -0.19000E+00  0.00000E+00 -0.19000E+00  0.00000E+00 -0.14615E-02 -0.47072E+01  0.00000E+00 -0.47072E+01  0.00000E+00 -0.14816E-01 -0.46089E+03  0.00000E+00 -0.13967E+04  0.00000E+00  0.19215E-05  0.47604E+03  0.47072E+01  0.00000E+00     71  0.00000E+00      0.000
      20.0484 -0.19000E+00  0.00000E+00 -0.18999E+00  0.00000E+00 -0.14617E-02 -0.47094E+01  0.00000E+00 -0.47094E+01  0.00000E+00 -0.14832E-01 -0.46338E+03  0.00000E+00 -0.13967E+04  0.00000E+00  0.19215E-05  0.47604E+03  0.47094E+01  0.00000E+00     72  0.00000E+00      0.000
      20.0630 -0.19000E+00  0.00000E+00 -0.19001E+00  0.00000E+00 -0.14538E-02 -0.47121E+01  0.00000E+00 -0.47121E+01  0.00000E+00 -0.14853E-01 -0.46645E+03  0.00000E+00 -0.13967E+04  0.00000E+00  0.19215E-05  0.47605E+03  0.47121E+01  0.00000E+00     73  0.00000E+00      0.000
      20.0820 -0.19000E+00  0.00000E+00 -0.19001E+00  0.00000E+00 -0.14628E-02 -0.47158E+01  0.00000E+00 -0.47158E+01  0.00000E+00 -0.14881E-01 -0.47019E+03  0.00000E+00 -0.13967E+04  0.00000E+00  0.19215E-05  0.47605E+03  0.47158E+01  0.00000E+00     74  0.00000E+00      0.000
      20.1067 -0.19000E+00  0.00000E+00 -0.19000E+00  0.00000E+00 -0.14560E-02 -0.47204E+01  0.00000E+00 -0.47204E+01  0.00000E+00 -0.14917E-01 -0.47468E+03  0.00000E+00 -0.13967E+04  0.00000E+00  0.19215E-05  0.47605E+03  0.47204E+01  0.00000E+00     75  0.00000E+00      0.000
      20.1388 -0.19000E+00  0.00000E+00 -0.19000E+00  0.00000E+00 -0.14575E-02 -0.47266E+01  0.00000E+00 -0.47266E+01  0.00000E+00 -0.14964E-01 -0.48118E+03  0.00000E+00 -0.13968E+04  0.00000E+00  0.19215E-05  0.47606E+03  0.47266E+01  0.00000E+00     76  0.00000E+00      0.000
      20.1806 -0.19000E+00  0.00000E+00 -0.19000E+00  0.00000E+00 -0.14584E-02 -0.47345E+01  0.00000E+00 -0.47345E+01  0.00000E+00 -0.15025E-01 -0.48861E+03  0.00000E+00 -0.13968E+04  0.00000E+00  0.19215E-05  0.47607E+03  0.47345E+01  0.00000E+00     77  0.00000E+00      0.000
      20.2349 -0.19000E+00  0.00000E+00 -0.19000E+00  0.00000E+00 -0.14580E-02 -0.47448E+01  0.00000E+00 -0.47448E+01  0.00000E+00 -0.15104E-01 -0.49720E+03  0.00000E+00 -0.13969E+04  0.00000E+00  0.19215E-05  0.47608E+03  0.47448E+01  0.00000E+00     78  0.00000E+00      0.000
      20.3054 -0.19000E+00  0.00000E+00 -0.19000E+00  0.00000E+00 -0.14593E-02 -0.47582E+01  0.00000E+00 -0.47582E+01  0.00000E+00 -0.15207E-01 -0.50668E+03  0.00000E+00 -0.13970E+04  0.00000E+00  0.19215E-05  0.47609E+03  0.47582E+01  0.00000E+00     79  0.00000E+00      0.000
      20.3972 -0.19000E+00  0.00000E+00 -0.19000E+00  0.00000E+00 -0.14577E-02 -0.47756E+01  0.00000E+00 -0.47756E+01  0.00000E+00 -0.15341E-01 -0.51690E+03  0.00000E+00 -0.13971E+04  0.00000E+00  0.19215E-05  0.47611E+03  0.47756E+01  0.00000E+00     80  0.00000E+00      0.000
      20.5164 -0.19000E+00  0.00000E+00 -0.19000E+00  0.00000E+00 -0.14585E-02 -0.47983E+01  0.00000E+00 -0.47983E+01  0.00000E+00 -0.15515E-01 -0.52753E+03  0.00000E+00 -0.13972E+04  0.00000E+00  0.19215E-05  0.47613E+03  0.47983E+01  0.00000E+00     81  0.00000E+00      0.000
      20.6715 -0.19000E+00  0.00000E+00 -0.19000E+00  0.00000E+00 -0.14569E-02 -0.48277E+01  0.00000E+00 -0.48277E+01  0.00000E+00 -0.15741E-01 -0.53823E+03  0.00000E+00 -0.13974E+04  0.00000E+00  0.19215E-05  0.47616E+03  0.48277E+01  0.00000E+00     82  0.00000E+00      0.000
      20.8730 -0.19000E+00  0.00000E+00 -0.19000E+00  0.00000E+00 -0.14569E-02 -0.48660E+01  0.00000E+00 -0.48660E+01  0.00000E+00 -0.16034E-01 -0.54858E+03  0.00000E+00 -0.13976E+04  0.00000E+00  0.19215E-05  0.47620E+03  0.48660E+01  0.00000E+00     83  0.00000E+00      0.000
      21.1350 -0.19000E+00  0.00000E+00 -0.19000E+00  0.00000E+00 -0.14563E-02 -0.49158E+01  0.00000E+00 -0.49158E+01  0.00000E+00 -0.16416E-01 -0.55817E+03  0.00000E+00 -0.13979E+04  0.00000E+00  0.19215E-05  0.47625E+03  0.49158E+01  0.00000E+00     84  0.00000E+00      0.000
      21.4756 -0.19000E+00  0.00000E+00 -0.19000E+00  0.00000E+00 -0.14555E-02 -0.49805E+01  0.00000E+00 -0.49805E+01  0.00000E+00 -0.16911E-01 -0.56654E+03  0.00000E+00 -0.13982E+04  0.00000E+00  0.19215E-05  0.47631E+03  0.49805E+01  0.00000E+00     85  0.00000E+00      0.000
      21.9184 -0.19000E+00  0.00000E+00 -0.19000E+00  0.00000E+00 -0.14542E-02 -0.50647E+01  0.00000E+00 -0.50647E+01  0.00000E+00 -0.17555E-01 -0.57327E+03  0.00000E+00 -0.13987E+04  0.00000E+00  0.19215E-05  0.47640E+03  0.50647E+01  0.00000E+00     86  0.00000E+00      0.000
      22.4940 -0.19000E+00  0.00000E+00 -0.19000E+00  0.00000E+00 -0.14527E-02 -0.51740E+01  0.00000E+00 -0.51740E+01  0.00000E+00 -0.18392E-01 -0.57863E+03  0.00000E+00 -0.13992E+04  0.00000E+00  0.19215E-05  0.47650E+03  0.51740E+01  0.00000E+00     87  0.00000E+00      0.000
      23.2446 -0.19000E+00  0.00000E+00 -0.19000E+00  0.00000E+00 -0.14507E-02 -0.53166E+01  0.00000E+00 -0.53166E+01  0.00000E+00 -0.19480E-01 -0.58191E+03  0.00000E+00 -0.14000E+04  0.00000E+00  0.19215E-05  0.47665E+03  0.53166E+01  0.00000E+00     88  0.00000E+00      0.000
      24.2096 -0.19000E+00  0.00000E+00 -0.19000E+00  0.00000E+00 -0.14485E-02 -0.55000E+01  0.00000E+00 -0.55000E+01  0.00000E+00 -0.20878E-01 -0.58210E+03  0.00000E+00 -0.14009E+04  0.00000E+00  0.19215E-05  0.47683E+03  0.55000E+01  0.00000E+00     89  0.00000E+00      0.000
      25.3677 -0.19000E+00  0.00000E+00 -0.19000E+00  0.00000E+00 -0.14458E-02 -0.57200E+01  0.00000E+00 -0.57200E+01  0.00000E+00 -0.22553E-01 -0.57996E+03  0.00000E+00 -0.14019E+04  0.00000E+00  0.19215E-05  0.47705E+03  0.57200E+01  0.00000E+00     90  0.00000E+00      0.000
      26.9118 -0.19000E+00  0.00000E+00 -0.19000E+00  0.00000E+00 -0.14424E-02 -0.60134E+01  0.00000E+00 -0.60134E+01  0.00000E+00 -0.24780E-01 -0.57356E+03  0.00000E+00 -0.14032E+04  0.00000E+00  0.19215E-05  0.47734E+03  0.60134E+01  0.00000E+00     91  0.00000E+00      0.000
      30.0000 -0.19000E+00  0.00000E+00 -0.19000E+00  0.00000E+00 -0.14360E-02 -0.66002E+01  0.00000E+00 -0.66002E+01  0.00000E+00 -0.29215E-01 -0.55592E+03  0.00000E+00 -0.14057E+04  0.00000E+00  0.19215E-05  0.47792E+03  0.66002E+01  0.00000E+00     92  0.00000E+00      0.000
      30.0001 -0.70000E-01  0.00000E+00 -0.69502E-01  0.00000E+00 -0.11987E-02 -0.66002E+01  0.00000E+00 -0.66002E+01  0.00000E+00 -0.29215E-01 -0.55556E+03  0.00000E+00 -0.14057E+04  0.49762E-03  0.19713E-05  0.47792E+03  0.66002E+01  0.00000E+00     93  0.00000E+00      0.000
      30.0002 -0.70000E-01  0.00000E+00 -0.68876E-01  0.00000E+00 -0.11987E-02 -0.66002E+01  0.00000E+00 -0.66002E+01  0.00000E+00 -0.29215E-01 -0.55567E+03  0.00000E+00 -0.14057E+04  0.11244E-02  0.21175E-05  0.47792E+03  0.66002E+01  0.00000E+00     94  0.00000E+00      0.000
      30.0004 -0.70000E-01  0.00000E+00 -0.69283E-01  0.00000E+00 -0.11987E-02 -0.66002E+01  0.00000E+00 -0.66002E+01  0.00000E+00 -0.29215E-01 -0.55562E+03  0.00000E+00 -0.14057E+04  0.71720E-03  0.22387E-05  0.47792E+03  0.66002E+01  0.00000E+00     95  0.00000E+00      0.000
      30.0006 -0.70000E-01  0.00000E+00 -0.70341E-01  0.00000E+00 -0.11987E-02 -0.66002E+01  0.00000E+00 -0.66002E+01  0.00000E+00 -0.29215E-01 -0.55568E+03  0.00000E+00 -0.14057E+04  0.34147E-03  0.23137E-05  0.47792E+03  0.66002E+01  0.00000E+00     96  0.00000E+00      0.000
      30.0009 -0.70000E-01  0.00000E+00 -0.69726E-01  0.00000E+00 -0.17204E-02 -0.66002E+01  0.00000E+00 -0.66002E+01  0.00000E+00 -0.29216E-01 -0.55570E+03  0.00000E+00 -0.14057E+04  0.27402E-03  0.23919E-05  0.47792E+03  0.66002E+01  0.00000E+00     97  0.00000E+00      0.000
      30.0013 -0.70000E-01  0.00000E+00 -0.69878E-01  0.00000E+00 -0.11987E-02 -0.66003E+01  0.00000E+00 -0.66003E+01  0.00000E+00 -0.29216E-01 -0.55577E+03  0.00000E+00 -0.14057E+04  0.12235E-03  0.24374E-05  0.47792E+03  0.66003E+01  0.00000E+00     98  0.00000E+00      0.000
      30.0018 -0.70000E-01  0.00000E+00 -0.69870E-01  0.00000E+00 -0.15074E-02 -0.66003E+01  0.00000E+00 -0.66003E+01  0.00000E+00 -0.29217E-01 -0.55584E+03  0.00000E+00 -0.14057E+04  0.13020E-03  0.25002E-05  0.47792E+03  0.66003E+01  0.00000E+00     99  0.00000E+00      0.000
      30.0024 -0.70000E-01  0.00000E+00 -0.69755E-01  0.00000E+00 -0.14362E-02 -0.66003E+01  0.00000E+00 -0.66003E+01  0.00000E+00 -0.29218E-01 -0.55593E+03  0.00000E+00 -0.14057E+04  0.24512E-03  0.26540E-05  0.47792E+03  0.66003E+01  0.00000E+00    100  0.00000E+00      0.000
      30.0032 -0.70000E-01  0.00000E+00 -0.69868E-01  0.00000E+00 -0.13814E-02 -0.66004E+01  0.00000E+00 -0.66004E+01  0.00000E+00 -0.29219E-01 -0.55605E+03  0.00000E+00 -0.14057E+04  0.13196E-03  0.27617E-05  0.47792E+03  0.66004E+01  0.00000E+00    101  0.00000E+00      0.000
      30.0043 -0.70000E-01  0.00000E+00 -0.70014E-01  0.00000E+00 -0.14797E-02 -0.66005E+01  0.00000E+00 -0.66005E+01  0.00000E+00 -0.29221E-01 -0.55621E+03  0.00000E+00 -0.14057E+04  0.13746E-04  0.27762E-05  0.47792E+03  0.66005E+01  0.00000E+00    102  0.00000E+00      0.000
      30.0056 -0.70000E-01  0.00000E+00 -0.69958E-01  0.00000E+00 -0.14150E-02 -0.66006E+01  0.00000E+00 -0.66006E+01  0.00000E+00 -0.29223E-01 -0.55641E+03  0.00000E+00 -0.14057E+04  0.41932E-04  0.28341E-05  0.47792E+03  0.66006E+01  0.00000E+00    103  0.00000E+00      0.000
      30.0074 -0.70000E-01  0.00000E+00 -0.69944E-01  0.00000E+00 -0.14482E-02 -0.66007E+01  0.00000E+00 -0.66007E+01  0.00000E+00 -0.29225E-01 -0.55667E+03  0.00000E+00 -0.14057E+04  0.55894E-04  0.29342E-05  0.47792E+03  0.66007E+01  0.00000E+00    104  0.00000E+00      0.000
      30.0098 -0.70000E-01  0.00000E+00 -0.70051E-01  0.00000E+00 -0.14546E-02 -0.66009E+01  0.00000E+00 -0.66009E+01  0.00000E+00 -0.29229E-01 -0.55701E+03  0.00000E+00 -0.14057E+04  0.51007E-04  0.30531E-05  0.47792E+03  0.66009E+01  0.00000E+00    105  0.00000E+00      0.000
      30.0128 -0.70000E-01  0.00000E+00 -0.70022E-01  0.00000E+00 -0.14448E-02 -0.66011E+01  0.00000E+00 -0.66011E+01  0.00000E+00 -0.29233E-01 -0.55745E+03  0.00000E+00 -0.14057E+04  0.22009E-04  0.31197E-05  0.47792E+03  0.66011E+01  0.00000E+00    106  0.00000E+00      0.000
      30.0167 -0.70000E-01  0.00000E+00 -0.70014E-01  0.00000E+00 -0.14259E-02 -0.66013E+01  0.00000E+00 -0.66013E+01  0.00000E+00 -0.29238E-01 -0.55801E+03  0.00000E+00 -0.14057E+04  0.13545E-04  0.31731E-05  0.47792E+03  0.66013E+01  0.00000E+00    107  0.00000E+00      0.000
      30.0218 -0.70000E-01  0.00000E+00 -0.69973E-01  0.00000E+00 -0.14317E-02 -0.66017E+01  0.00000E+00 -0.66017E+01  0.00000E+00 -0.29246E-01 -0.55874E+03  0.00000E+00 -0.14057E+04  0.26986E-04  0.33112E-05  0.47792E+03  0.66017E+01  0.00000E+00    108  0.00000E+00      0.000
      30.0285 -0.70000E-01  0.00000E+00 -0.69996E-01  0.00000E+00 -0.14452E-02 -0.66022E+01  0.00000E+00 -0.66022E+01  0.00000E+00 -0.29255E-01 -0.55967E+03  0.00000E+00 -0.14057E+04  0.00000E+00  0.33112E-05  0.47792E+03  0.66022E+01  0.00000E+00    109  0.00000E+00      0.000
      30.0372 -0.70000E-01  0.00000E+00 -0.70002E-01  0.00000E+00 -0.14401E-02 -0.66028E+01  0.00000E+00 -0.66028E+01  0.00000E+00 -0.29268E-01 -0.56085E+03  0.00000E+00 -0.14057E+04  0.00000E+00  0.33112E-05  0.47792E+03  0.66028E+01  0.00000E+00    110  0.00000E+00      0.000
      30.0484 -0.70000E-01  0.00000E+00 -0.70003E-01  0.00000E+00 -0.14375E-02 -0.66036E+01  0.00000E+00 -0.66036E+01  0.00000E+00 -0.29284E-01 -0.56235E+03  0.00000E+00 -0.14057E+04  0.00000E+00  0.33112E-05  0.47792E+03  0.66036E+01  0.00000E+00    111  0.00000E+00      0.000
      30.0630 -0.70000E-01  0.00000E+00 -0.69993E-01  0.00000E+00 -0.14335E-02 -0.66046E+01  0.00000E+00 -0.66046E+01  0.00000E+00 -0.29305E-01 -0.56425E+03  0.00000E+00 -0.14057E+04  0.00000E+00  0.33112E-05  0.47792E+03  0.66046E+01  0.00000E+00    112  0.00000E+00      0.000
      30.0820 -0.70000E-01  0.00000E+00 -0.69994E-01  0.00000E+00 -0.14343E-02 -0.66059E+01  0.00000E+00 -0.66059E+01  0.00000E+00 -0.29332E-01 -0.56662E+03  0.00000E+00 -0.14057E+04  0.00000E+00  0.33112E-05  0.47793E+03  0.66059E+01  0.00000E+00    113  0.00000E+00      0.000
      30.1067 -0.70000E-01  0.00000E+00 -0.69994E-01  0.00000E+00 -0.14344E-02 -0.66076E+01  0.00000E+00 -0.66076E+01  0.00000E+00 -0.29368E-01 -0.56955E+03  0.00000E+00 -0.14057E+04  0.00000E+00  0.33112E-05  0.47793E+03  0.66076E+01  0.00000E+00    114  0.00000E+00      0.000
      30.1388 -0.70000E-01  0.00000E+00 -0.70001E-01  0.00000E+00 -0.14360E-02 -0.66099E+01  0.00000E+00 -0.66099E+01  0.00000E+00 -0.29414E-01 -0.57313E+03  0.00000E+00 -0.14058E+04  0.00000E+00  0.33112E-05  0.47793E+03  0.66099E+01  0.00000E+00    115  0.00000E+00      0.000
      30.1806 -0.70000E-01  0.00000E+00 -0.69998E-01  0.00000E+00 -0.14351E-02 -0.66128E+01  0.00000E+00 -0.66128E+01  0.00000E+00 -0.29474E-01 -0.57746E+03  0.00000E+00 -0.14058E+04  0.00000E+00  0.33112E-05  0.47793E+03  0.66128E+01  0.00000E+00    116  0.00000E+00      0.000
      30.2349 -0.70000E-01  0.00000E+00 -0.70000E-01  0.00000E+00 -0.14359E-02 -0.66166E+01  0.00000E+00 -0.66166E+01  0.00000E+00 -0.29552E-01 -0.58258E+03  0.00000E+00 -0.14058E+04  0.00000E+00  0.33112E-05  0.47794E+03  0.66166E+01  0.00000E+00    117  0.00000E+00      0.000
      30.3054 -0.70000E-01  0.00000E+00 -0.69998E-01  0.00000E+00 -0.14367E-02 -0.66216E+01  0.00000E+00 -0.66216E+01  0.00000E+00 -0.29653E-01 -0.58856E+03  0.00000E+00 -0.14059E+04  0.00000E+00  0.33112E-05  0.47794E+03  0.66216E+01  0.00000E+00    118  0.00000E+00      0.000
      30.3972 -0.70000E-01  0.00000E+00 -0.69998E-01  0.00000E+00 -0.14362E-02 -0.66280E+01  0.00000E+00 -0.66280E+01  0.00000E+00 -0.29785E-01 -0.59539E+03  0.00000E+00 -0.14060E+04  0.00000E+00  0.33112E-05  0.47795E+03  0.66280E+01  0.00000E+00    119  0.00000E+00      0.000
      30.5164 -0.70000E-01  0.00000E+00 -0.70000E-01  0.00000E+00 -0.14348E-02 -0.66363E+01  0.00000E+00 -0.66363E+01  0.00000E+00 -0.29956E-01 -0.60393E+03  0.00000E+00 -0.14061E+04  0.00000E+00  0.33112E-05  0.47795E+03  0.66363E+01  0.00000E+00    120  0.00000E+00      0.000
      30.6715 -0.70000E-01  0.00000E+00 -0.70000E-01  0.00000E+00 -0.14343E-02 -0.66472E+01  0.00000E+00 -0.66472E+01  0.00000E+00 -0.30178E-01 -0.61411E+03  0.00000E+00 -0.14062E+04  0.00000E+00  0.33112E-05  0.47797E+03  0.66472E+01  0.00000E+00    121  0.00000E+00      0.000
      30.8730 -0.70000E-01  0.00000E+00 -0.70000E-01  0.00000E+00 -0.14341E-02 -0.66613E+01  0.00000E+00 -0.66613E+01  0.00000E+00 -0.30467E-01 -0.62490E+03  0.00000E+00 -0.14063E+04  0.00000E+00  0.33112E-05  0.47798E+03  0.66613E+01  0.00000E+00    122  0.00000E+00      0.000
      31.1350 -0.70000E-01  0.00000E+00 -0.70000E-01  0.00000E+00 -0.14340E-02 -0.66796E+01  0.00000E+00 -0.66796E+01  0.00000E+00 -0.30843E-01 -0.63637E+03  0.00000E+00 -0.14065E+04  0.00000E+00  0.33112E-05  0.47800E+03  0.66796E+01  0.00000E+00    123  0.00000E+00      0.000
      31.4756 -0.70000E-01  0.00000E+00 -0.70000E-01  0.00000E+00 -0.14333E-02 -0.67035E+01  0.00000E+00 -0.67035E+01  0.00000E+00 -0.31331E-01 -0.64826E+03  0.00000E+00 -0.14068E+04  0.00000E+00  0.33112E-05  0.47802E+03  0.67035E+01  0.00000E+00    124  0.00000E+00      0.000
      31.9184 -0.70000E-01  0.00000E+00 -0.70000E-01  0.00000E+00 -0.14321E-02 -0.67345E+01  0.00000E+00 -0.67345E+01  0.00000E+00 -0.31965E-01 -0.66049E+03  0.00000E+00 -0.14071E+04  0.00000E+00  0.33112E-05  0.47805E+03  0.67345E+01  0.00000E+00    125  0.00000E+00      0.000
      32.4940 -0.70000E-01  0.00000E+00 -0.70000E-01  0.00000E+00 -0.14312E-02 -0.67747E+01  0.00000E+00 -0.67747E+01  0.00000E+00 -0.32789E-01 -0.67356E+03  0.00000E+00 -0.14075E+04  0.00000E+00  0.33112E-05  0.47809E+03  0.67747E+01  0.00000E+00    126  0.00000E+00      0.000
      33.2446 -0.70000E-01  0.00000E+00 -0.70000E-01  0.00000E+00 -0.14296E-02 -0.68273E+01  0.00000E+00 -0.68273E+01  0.00000E+00 -0.33862E-01 -0.68774E+03  0.00000E+00 -0.14081E+04  0.00000E+00  0.33112E-05  0.47814E+03  0.68273E+01  0.00000E+00    127  0.00000E+00      0.000
      34.2096 -0.70000E-01  0.00000E+00 -0.70000E-01  0.00000E+00 -0.14279E-02 -0.68948E+01  0.00000E+00 -0.68948E+01  0.00000E+00 -0.35240E-01 -0.70225E+03  0.00000E+00 -0.14088E+04  0.00000E+00  0.33112E-05  0.47821E+03  0.68948E+01  0.00000E+00    128  0.00000E+00      0.000
      35.3677 -0.70000E-01  0.00000E+00 -0.70000E-01  0.00000E+00 -0.14258E-02 -0.69759E+01  0.00000E+00 -0.69759E+01  0.00000E+00 -0.36891E-01 -0.71582E+03  0.00000E+00 -0.14096E+04  0.00000E+00  0.33112E-05  0.47829E+03  0.69759E+01  0.00000E+00    129  0.00000E+00      0.000
      36.9118 -0.70000E-01  0.00000E+00 -0.70000E-01  0.00000E+00 -0.14230E-02 -0.70840E+01  0.00000E+00 -0.70840E+01  0.00000E+00 -0.39089E-01 -0.72893E+03  0.00000E+00 -0.14106E+04  0.00000E+00  0.33112E-05  0.47839E+03  0.70840E+01  0.00000E+00    130  0.00000E+00      0.000
      40.0000 -0.70000E-01  0.00000E+00 -0.70000E-01  0.00000E+00 -0.14179E-02 -0.73002E+01  0.00000E+00 -0.73002E+01  0.00000E+00 -0.43467E-01 -0.74444E+03  0.00000E+00 -0.14126E+04  0.00000E+00  0.33112E-05  0.47861E+03  0.73002E+01  0.00000E+00    131  0.00000E+00      0.000
      40.0001 -0.20000E-01  0.00000E+00 -0.19459E-01  0.00000E+00 -0.12263E-02 -0.73002E+01  0.00000E+00 -0.73002E+01  0.00000E+00 -0.43468E-01 -0.74403E+03  0.00000E+00 -0.14126E+04  0.54078E-03  0.33653E-05  0.47861E+03  0.73002E+01  0.00000E+00    132  0.00000E+00      0.000
      40.0002 -0.20000E-01  0.00000E+00 -0.20269E-01  0.00000E+00 -0.12263E-02 -0.73002E+01  0.00000E+00 -0.73002E+01  0.00000E+00 -0.43468E-01 -0.74414E+03  0.00000E+00 -0.14126E+04  0.26913E-03  0.34002E-05  0.47861E+03  0.73002E+01  0.00000E+00    133  0.00000E+00      0.000
      40.0004 -0.20000E-01  0.00000E+00 -0.20161E-01  0.00000E+00 -0.12263E-02 -0.73002E+01  0.00000E+00 -0.73002E+01  0.00000E+00 -0.43468E-01 -0.74407E+03  0.00000E+00 -0.14126E+04  0.16063E-03  0.34274E-05  0.47861E+03  0.73002E+01  0.00000E+00    134  0.00000E+00      0.000
      40.0006 -0.20000E-01  0.00000E+00 -0.20113E-01  0.00000E+00 -0.12263E-02 -0.73002E+01  0.00000E+00 -0.73002E+01  0.00000E+00 -0.43468E-01 -0.74413E+03  0.00000E+00 -0.14126E+04  0.11325E-03  0.34523E-05  0.47861E+03  0.73002E+01  0.00000E+00    135  0.00000E+00      0.000
      40.0009 -0.20000E-01  0.00000E+00 -0.19800E-01  0.00000E+00 -0.12263E-02 -0.73002E+01  0.00000E+00 -0.73002E+01  0.00000E+00 -0.43469E-01 -0.74413E+03  0.00000E+00 -0.14126E+04  0.20036E-03  0.35095E-05  0.47861E+03  0.73002E+01  0.00000E+00    136  0.00000E+00      0.000
      40.0013 -0.20000E-01  0.00000E+00 -0.20006E-01  0.00000E+00 -0.16276E-02 -0.73002E+01  0.00000E+00 -0.73002E+01  0.00000E+00 -0.43469E-01 -0.74417E+03  0.00000E+00 -0.14126E+04  0.00000E+00  0.35095E-05  0.47861E+03  0.73002E+01  0.00000E+00    137  0.00000E+00      0.000
      40.0018 -0.20000E-01  0.00000E+00 -0.19855E-01  0.00000E+00 -0.15350E-02 -0.73002E+01  0.00000E+00 -0.73002E+01  0.00000E+00 -0.43470E-01 -0.74421E+03  0.00000E+00 -0.14126E+04  0.14541E-03  0.35797E-05  0.47861E+03  0.73002E+01  0.00000E+00    138  0.00000E+00      0.000
      40.0024 -0.20000E-01  0.00000E+00 -0.20190E-01  0.00000E+00 -0.14638E-02 -0.73002E+01  0.00000E+00 -0.73002E+01  0.00000E+00 -0.43471E-01 -0.74426E+03  0.00000E+00 -0.14126E+04  0.18980E-03  0.36988E-05  0.47861E+03  0.73002E+01  0.00000E+00    139  0.00000E+00      0.000
      40.0032 -0.20000E-01  0.00000E+00 -0.19881E-01  0.00000E+00 -0.14090E-02 -0.73002E+01  0.00000E+00 -0.73002E+01  0.00000E+00 -0.43472E-01 -0.74433E+03  0.00000E+00 -0.14126E+04  0.11942E-03  0.37962E-05  0.47861E+03  0.73002E+01  0.00000E+00    140  0.00000E+00      0.000
      40.0043 -0.20000E-01  0.00000E+00 -0.19949E-01  0.00000E+00 -0.13668E-02 -0.73003E+01  0.00000E+00 -0.73003E+01  0.00000E+00 -0.43473E-01 -0.74442E+03  0.00000E+00 -0.14126E+04  0.51428E-04  0.38507E-05  0.47861E+03  0.73003E+01  0.00000E+00    141  0.00000E+00      0.000
      40.0056 -0.20000E-01  0.00000E+00 -0.19943E-01  0.00000E+00 -0.14424E-02 -0.73003E+01  0.00000E+00 -0.73003E+01  0.00000E+00 -0.43475E-01 -0.74453E+03  0.00000E+00 -0.14126E+04  0.57209E-04  0.39296E-05  0.47861E+03  0.73003E+01  0.00000E+00    142  0.00000E+00      0.000
      40.0074 -0.20000E-01  0.00000E+00 -0.20021E-01  0.00000E+00 -0.13925E-02 -0.73003E+01  0.00000E+00 -0.73003E+01  0.00000E+00 -0.43478E-01 -0.74468E+03  0.00000E+00 -0.14126E+04  0.21469E-04  0.39681E-05  0.47861E+03  0.73003E+01  0.00000E+00    143  0.00000E+00      0.000
      40.0098 -0.20000E-01  0.00000E+00 -0.19969E-01  0.00000E+00 -0.14181E-02 -0.73004E+01  0.00000E+00 -0.73004E+01  0.00000E+00 -0.43481E-01 -0.74488E+03  0.00000E+00 -0.14126E+04  0.31307E-04  0.40410E-05  0.47861E+03  0.73004E+01  0.00000E+00    144  0.00000E+00      0.000
      40.0128 -0.20000E-01  0.00000E+00 -0.19965E-01  0.00000E+00 -0.14231E-02 -0.73004E+01  0.00000E+00 -0.73004E+01  0.00000E+00 -0.43486E-01 -0.74513E+03  0.00000E+00 -0.14126E+04  0.35182E-04  0.41476E-05  0.47861E+03  0.73004E+01  0.00000E+00    145  0.00000E+00      0.000
      40.0167 -0.20000E-01  0.00000E+00 -0.20032E-01  0.00000E+00 -0.14155E-02 -0.73005E+01  0.00000E+00 -0.73005E+01  0.00000E+00 -0.43491E-01 -0.74545E+03  0.00000E+00 -0.14126E+04  0.31743E-04  0.42726E-05  0.47861E+03  0.73005E+01  0.00000E+00    146  0.00000E+00      0.000
      40.0218 -0.20000E-01  0.00000E+00 -0.19979E-01  0.00000E+00 -0.14010E-02 -0.73006E+01  0.00000E+00 -0.73006E+01  0.00000E+00 -0.43498E-01 -0.74587E+03  0.00000E+00 -0.14126E+04  0.21193E-04  0.43810E-05  0.47861E+03  0.73006E+01  0.00000E+00    147  0.00000E+00      0.000
      40.0285 -0.20000E-01  0.00000E+00 -0.20005E-01  0.00000E+00 -0.14278E-02 -0.73007E+01  0.00000E+00 -0.73007E+01  0.00000E+00 -0.43508E-01 -0.74641E+03  0.00000E+00 -0.14126E+04  0.00000E+00  0.43810E-05  0.47861E+03  0.73007E+01  0.00000E+00    148  0.00000E+00      0.000
      40.0372 -0.20000E-01  0.00000E+00 -0.20009E-01  0.00000E+00 -0.14158E-02 -0.73009E+01  0.00000E+00 -0.73009E+01  0.00000E+00 -0.43520E-01 -0.74711E+03  0.00000E+00 -0.14126E+04  0.00000E+00  0.43810E-05  0.47861E+03  0.73009E+01  0.00000E+00    149  0.00000E+00      0.000
      40.0484 -0.20000E-01  0.00000E+00 -0.20009E-01  0.00000E+00 -0.14251E-02 -0.73011E+01  0.00000E+00 -0.73011E+01  0.00000E+00 -0.43536E-01 -0.74799E+03  0.00000E+00 -0.14126E+04  0.00000E+00  0.43810E-05  0.47861E+03  0.73011E+01  0.00000E+00    150  0.00000E+00      0.000
      40.0630 -0.20000E-01  0.00000E+00 -0.20006E-01  0.00000E+00 -0.14200E-02 -0.73014E+01  0.00000E+00 -0.73014E+01  0.00000E+00 -0.43557E-01 -0.74913E+03  0.00000E+00 -0.14126E+04  0.00000E+00  0.43810E-05  0.47861E+03  0.73014E+01  0.00000E+00    151  0.00000E+00      0.000
      40.0820 -0.20000E-01  0.00000E+00 -0.19993E-01  0.00000E+00 -0.14146E-02 -0.73018E+01  0.00000E+00 -0.73018E+01  0.00000E+00 -0.43584E-01 -0.75058E+03  0.00000E+00 -0.14126E+04  0.00000E+00  0.43810E-05  0.47861E+03  0.73018E+01  0.00000E+00    152  0.00000E+00      0.000
      40.1067 -0.20000E-01  0.00000E+00 -0.19997E-01  0.00000E+00 -0.14194E-02 -0.73023E+01  0.00000E+00 -0.73023E+01  0.00000E+00 -0.43619E-01 -0.75240E+03  0.00000E+00 -0.14126E+04  0.00000E+00  0.43810E-05  0.47861E+03  0.73023E+01  0.00000E+00    153  0.00000E+00      0.000
      40.1388 -0.20000E-01  0.00000E+00 -0.20002E-01  0.00000E+00 -0.14168E-02 -0.73029E+01  0.00000E+00 -0.73029E+01  0.00000E+00 -0.43664E-01 -0.75469E+03  0.00000E+00 -0.14126E+04  0.00000E+00  0.43810E-05  0.47861E+03  0.73029E+01  0.00000E+00    154  0.00000E+00      0.000
      40.1806 -0.20000E-01  0.00000E+00 -0.20003E-01  0.00000E+00 -0.14193E-02 -0.73038E+01  0.00000E+00 -0.73038E+01  0.00000E+00 -0.43724E-01 -0.75783E+03  0.00000E+00 -0.14127E+04  0.00000E+00  0.43810E-05  0.47861E+03  0.73038E+01  0.00000E+00    155  0.00000E+00      0.000
      40.2349 -0.20000E-01  0.00000E+00 -0.19997E-01  0.00000E+00 -0.14188E-02 -0.73049E+01  0.00000E+00 -0.73049E+01  0.00000E+00 -0.43801E-01 -0.76219E+03  0.00000E+00 -0.14127E+04  0.00000E+00  0.43810E-05  0.47861E+03  0.73049E+01  0.00000E+00    156  0.00000E+00      0.000
      40.3054 -0.20000E-01  0.00000E+00 -0.20000E-01  0.00000E+00 -0.14169E-02 -0.73063E+01  0.00000E+00 -0.73063E+01  0.00000E+00 -0.43901E-01 -0.76738E+03  0.00000E+00 -0.14127E+04  0.00000E+00  0.43810E-05  0.47861E+03  0.73063E+01  0.00000E+00    157  0.00000E+00      0.000
      40.3972 -0.20000E-01  0.00000E+00 -0.19999E-01  0.00000E+00 -0.14171E-02 -0.73081E+01  0.00000E+00 -0.73081E+01  0.00000E+00 -0.44031E-01 -0.77359E+03  0.00000E+00 -0.14128E+04  0.00000E+00  0.43810E-05  0.47861E+03  0.73081E+01  0.00000E+00    158  0.00000E+00      0.000
      40.5164 -0.20000E-01  0.00000E+00 -0.20001E-01  0.00000E+00 -0.14171E-02 -0.73105E+01  0.00000E+00 -0.73105E+01  0.00000E+00 -0.44200E-01 -0.78082E+03  0.00000E+00 -0.14129E+04  0.00000E+00  0.43810E-05  0.47861E+03  0.73105E+01  0.00000E+00    159  0.00000E+00      0.000
      40.6715 -0.20000E-01  0.00000E+00 -0.20001E-01  0.00000E+00 -0.14169E-02 -0.73136E+01  0.00000E+00 -0.73136E+01  0.00000E+00 -0.44419E-01 -0.78915E+03  0.00000E+00 -0.14130E+04  0.00000E+00  0.43810E-05  0.47862E+03  0.73136E+01  0.00000E+00    160  0.00000E+00      0.000
      40.8730 -0.20000E-01  0.00000E+00 -0.20000E-01  0.00000E+00 -0.14164E-02 -0.73176E+01  0.00000E+00 -0.73176E+01  0.00000E+00 -0.44705E-01 -0.79861E+03  0.00000E+00 -0.14131E+04  0.00000E+00  0.43810E-05  0.47862E+03  0.73176E+01  0.00000E+00    161  0.00000E+00      0.000
      41.1350 -0.20000E-01  0.00000E+00 -0.20000E-01  0.00000E+00 -0.14159E-02 -0.73229E+01  0.00000E+00 -0.73229E+01  0.00000E+00 -0.45076E-01 -0.80926E+03  0.00000E+00 -0.14133E+04  0.00000E+00  0.43810E-05  0.47863E+03  0.73229E+01  0.00000E+00    162  0.00000E+00      0.000
      41.4756 -0.20000E-01  0.00000E+00 -0.20000E-01  0.00000E+00 -0.14156E-02 -0.73297E+01  0.00000E+00 -0.73297E+01  0.00000E+00 -0.45558E-01 -0.82118E+03  0.00000E+00 -0.14135E+04  0.00000E+00  0.43810E-05  0.47863E+03  0.73297E+01  0.00000E+00    163  0.00000E+00      0.000
      41.9184 -0.20000E-01  0.00000E+00 -0.20000E-01  0.00000E+00 -0.14149E-02 -0.73385E+01  0.00000E+00 -0.73385E+01  0.00000E+00 -0.46184E-01 -0.83448E+03  0.00000E+00 -0.14137E+04  0.00000E+00  0.43810E-05  0.47864E+03  0.73385E+01  0.00000E+00    164  0.00000E+00      0.000
      42.4940 -0.20000E-01  0.00000E+00 -0.20000E-01  0.00000E+00 -0.14139E-02 -0.73500E+01  0.00000E+00 -0.73500E+01  0.00000E+00 -0.46998E-01 -0.84932E+03  0.00000E+00 -0.14141E+04  0.00000E+00  0.43810E-05  0.47865E+03  0.73500E+01  0.00000E+00    165  0.00000E+00      0.000
      43.2446 -0.20000E-01  0.00000E+00 -0.20000E-01  0.00000E+00 -0.14126E-02 -0.73651E+01  0.00000E+00 -0.73651E+01  0.00000E+00 -0.48058E-01 -0.86588E+03  0.00000E+00 -0.14145E+04  0.00000E+00  0.43810E-05  0.47867E+03  0.73651E+01  0.00000E+00    166  0.00000E+00      0.000
      44.2096 -0.20000E-01  0.00000E+00 -0.20000E-01  0.00000E+00 -0.14110E-02 -0.73844E+01  0.00000E+00 -0.73844E+01  0.00000E+00 -0.49420E-01 -0.88403E+03  0.00000E+00 -0.14151E+04  0.00000E+00  0.43810E-05  0.47868E+03  0.73844E+01  0.00000E+00    167  0.00000E+00      0.000
      45.3677 -0.20000E-01  0.00000E+00 -0.20000E-01  0.00000E+00 -0.14094E-02 -0.74075E+01  0.00000E+00 -0.74075E+01  0.00000E+00 -0.51052E-01 -0.90261E+03  0.00000E+00 -0.14158E+04  0.00000E+00  0.43810E-05  0.47870E+03  0.74075E+01  0.00000E+00    168  0.00000E+00      0.000
      46.9118 -0.20000E-01  0.00000E+00 -0.20000E-01  0.00000E+00 -0.14070E-02 -0.74384E+01  0.00000E+00 -0.74384E+01  0.00000E+00 -0.53225E-01 -0.92602E+03  0.00000E+00 -0.14167E+04  0.00000E+00  0.43810E-05  0.47873E+03  0.74384E+01  0.00000E+00    169  0.00000E+00      0.000
      50.0000 -0.20000E-01  0.00000E+00 -0.20000E-01  0.00000E+00 -0.14025E-02 -0.75002E+01  0.00000E+00 -0.75002E+01  0.00000E+00 -0.57556E-01 -0.96280E+03  0.00000E+00 -0.14183E+04  0.00000E+00  0.43810E-05  0.47879E+03  0.75002E+01  0.00000E+00    170  0.00000E+00      0.000
      50.0001 -0.10000E-01  0.00000E+00 -0.11053E-01  0.00000E+00 -0.12379E-02 -0.75002E+01  0.00000E+00 -0.75002E+01  0.00000E+00 -0.57556E-01 -0.96383E+03  0.00000E+00 -0.14183E+04  0.10525E-02  0.44863E-05  0.47879E+03  0.75002E+01  0.00000E+00    171  0.00000E+00      0.000
      50.0002 -0.10000E-01  0.00000E+00 -0.98471E-02  0.00000E+00 -0.12378E-02 -0.75002E+01  0.00000E+00 -0.75002E+01  0.00000E+00 -0.57556E-01 -0.96367E+03  0.00000E+00 -0.14183E+04  0.15293E-03  0.45062E-05  0.47879E+03  0.75002E+01  0.00000E+00    172  0.00000E+00      0.000
      50.0004 -0.10000E-01  0.00000E+00 -0.10067E-01  0.00000E+00 -0.12378E-02 -0.75002E+01  0.00000E+00 -0.75002E+01  0.00000E+00 -0.57556E-01 -0.96379E+03  0.00000E+00 -0.14183E+04  0.66971E-04  0.45175E-05  0.47879E+03  0.75002E+01  0.00000E+00    173  0.00000E+00      0.000
      50.0006 -0.10000E-01  0.00000E+00 -0.96401E-02  0.00000E+00 -0.12378E-02 -0.75002E+01  0.00000E+00 -0.75002E+01  0.00000E+00 -0.57557E-01 -0.96377E+03  0.00000E+00 -0.14183E+04  0.35989E-03  0.45966E-05  0.47879E+03  0.75002E+01  0.00000E+00    174  0.00000E+00      0.000
      50.0009 -0.10000E-01  0.00000E+00 -0.10272E-01  0.00000E+00 -0.12378E-02 -0.75002E+01  0.00000E+00 -0.75002E+01  0.00000E+00 -0.57557E-01 -0.96380E+03  0.00000E+00 -0.14183E+04  0.27213E-03  0.46743E-05  0.47879E+03  0.75002E+01  0.00000E+00    175  0.00000E+00      0.000
      50.0013 -0.10000E-01  0.00000E+00 -0.98622E-02  0.00000E+00 -0.16391E-02 -0.75002E+01  0.00000E+00 -0.75002E+01  0.00000E+00 -0.57558E-01 -0.96381E+03  0.00000E+00 -0.14183E+04  0.13781E-03  0.47254E-05  0.47879E+03  0.75002E+01  0.00000E+00    176  0.00000E+00      0.000
      50.0018 -0.10000E-01  0.00000E+00 -0.98583E-02  0.00000E+00 -0.12380E-02 -0.75002E+01  0.00000E+00 -0.75002E+01  0.00000E+00 -0.57558E-01 -0.96383E+03  0.00000E+00 -0.14183E+04  0.14168E-03  0.47938E-05  0.47879E+03  0.75002E+01  0.00000E+00    177  0.00000E+00      0.000
      50.0024 -0.10000E-01  0.00000E+00 -0.10229E-01  0.00000E+00 -0.14752E-02 -0.75002E+01  0.00000E+00 -0.75002E+01  0.00000E+00 -0.57559E-01 -0.96385E+03  0.00000E+00 -0.14183E+04  0.22945E-03  0.49378E-05  0.47879E+03  0.75002E+01  0.00000E+00    178  0.00000E+00      0.000
      50.0032 -0.10000E-01  0.00000E+00 -0.98188E-02  0.00000E+00 -0.14205E-02 -0.75002E+01  0.00000E+00 -0.75002E+01  0.00000E+00 -0.57560E-01 -0.96389E+03  0.00000E+00 -0.14183E+04  0.18124E-03  0.50857E-05  0.47879E+03  0.75002E+01  0.00000E+00    179  0.00000E+00      0.000
      50.0043 -0.10000E-01  0.00000E+00 -0.98617E-02  0.00000E+00 -0.13783E-02 -0.75002E+01  0.00000E+00 -0.75002E+01  0.00000E+00 -0.57562E-01 -0.96393E+03  0.00000E+00 -0.14183E+04  0.13834E-03  0.52324E-05  0.47879E+03  0.75002E+01  0.00000E+00    180  0.00000E+00      0.000
      50.0056 -0.10000E-01  0.00000E+00 -0.10083E-01  0.00000E+00 -0.14540E-02 -0.75002E+01  0.00000E+00 -0.75002E+01  0.00000E+00 -0.57564E-01 -0.96398E+03  0.00000E+00 -0.14183E+04  0.83022E-04  0.53468E-05  0.47879E+03  0.75002E+01  0.00000E+00    181  0.00000E+00      0.000
      50.0074 -0.10000E-01  0.00000E+00 -0.10045E-01  0.00000E+00 -0.14042E-02 -0.75002E+01  0.00000E+00 -0.75002E+01  0.00000E+00 -0.57566E-01 -0.96406E+03  0.00000E+00 -0.14183E+04  0.44789E-04  0.54271E-05  0.47879E+03  0.75002E+01  0.00000E+00    182  0.00000E+00      0.000
      50.0098 -0.10000E-01  0.00000E+00 -0.99533E-02  0.00000E+00 -0.13658E-02 -0.75003E+01  0.00000E+00 -0.75003E+01  0.00000E+00 -0.57570E-01 -0.96415E+03  0.00000E+00 -0.14183E+04  0.46708E-04  0.55359E-05  0.47879E+03  0.75003E+01  0.00000E+00    183  0.00000E+00      0.000
      50.0128 -0.10000E-01  0.00000E+00 -0.10035E-01  0.00000E+00 -0.13854E-02 -0.75003E+01  0.00000E+00 -0.75003E+01  0.00000E+00 -0.57574E-01 -0.96427E+03  0.00000E+00 -0.14183E+04  0.35444E-04  0.56432E-05  0.47879E+03  0.75003E+01  0.00000E+00    184  0.00000E+00      0.000
      50.0167 -0.10000E-01  0.00000E+00 -0.99893E-02  0.00000E+00 -0.13892E-02 -0.75003E+01  0.00000E+00 -0.75003E+01  0.00000E+00 -0.57579E-01 -0.96442E+03  0.00000E+00 -0.14183E+04  0.10734E-04  0.56855E-05  0.47879E+03  0.75003E+01  0.00000E+00    185  0.00000E+00      0.000
      50.0218 -0.10000E-01  0.00000E+00 -0.10011E-01  0.00000E+00 -0.14125E-02 -0.75004E+01  0.00000E+00 -0.75004E+01  0.00000E+00 -0.57586E-01 -0.96463E+03  0.00000E+00 -0.14184E+04  0.10720E-04  0.57404E-05  0.47879E+03  0.75004E+01  0.00000E+00    186  0.00000E+00      0.000
      50.0285 -0.10000E-01  0.00000E+00 -0.10010E-01  0.00000E+00 -0.13946E-02 -0.75005E+01  0.00000E+00 -0.75005E+01  0.00000E+00 -0.57596E-01 -0.96489E+03  0.00000E+00 -0.14184E+04  0.00000E+00  0.57404E-05  0.47879E+03  0.75005E+01  0.00000E+00    187  0.00000E+00      0.000
      50.0372 -0.10000E-01  0.00000E+00 -0.99936E-02  0.00000E+00 -0.13929E-02 -0.75005E+01  0.00000E+00 -0.75005E+01  0.00000E+00 -0.57608E-01 -0.96523E+03  0.00000E+00 -0.14184E+04  0.00000E+00  0.57404E-05  0.47879E+03  0.75005E+01  0.00000E+00    188  0.00000E+00      0.000
      50.0484 -0.10000E-01  0.00000E+00 -0.99997E-02  0.00000E+00 -0.13969E-02 -0.75007E+01  0.00000E+00 -0.75007E+01  0.00000E+00 -0.57623E-01 -0.96566E+03  0.00000E+00 -0.14184E+04  0.00000E+00  0.57404E-05  0.47879E+03  0.75007E+01  0.00000E+00    189  0.00000E+00      0.000
      50.0630 -0.10000E-01  0.00000E+00 -0.10002E-01  0.00000E+00 -0.14009E-02 -0.75008E+01  0.00000E+00 -0.75008E+01  0.00000E+00 -0.57644E-01 -0.96622E+03  0.00000E+00 -0.14184E+04  0.00000E+00  0.57404E-05  0.47879E+03  0.75008E+01  0.00000E+00    190  0.00000E+00      0.000
      50.0820 -0.10000E-01  0.00000E+00 -0.99998E-02  0.00000E+00 -0.14024E-02 -0.75010E+01  0.00000E+00 -0.75010E+01  0.00000E+00 -0.57671E-01 -0.96694E+03  0.00000E+00 -0.14184E+04  0.00000E+00  0.57404E-05  0.47879E+03  0.75010E+01  0.00000E+00    191  0.00000E+00      0.000
      50.1067 -0.10000E-01  0.00000E+00 -0.10000E-01  0.00000E+00 -0.14007E-02 -0.75012E+01  0.00000E+00 -0.75012E+01  0.00000E+00 -0.57705E-01 -0.96786E+03  0.00000E+00 -0.14184E+04  0.00000E+00  0.57404E-05  0.47879E+03  0.75012E+01  0.00000E+00    192  0.00000E+00      0.000
      50.1388 -0.10000E-01  0.00000E+00 -0.99992E-02  0.00000E+00 -0.14003E-02 -0.75016E+01  0.00000E+00 -0.75016E+01  0.00000E+00 -0.57750E-01 -0.96903E+03  0.00000E+00 -0.14184E+04  0.00000E+00  0.57404E-05  0.47879E+03  0.75016E+01  0.00000E+00    193  0.00000E+00      0.000
      50.1806 -0.10000E-01  0.00000E+00 -0.99967E-02  0.00000E+00 -0.14021E-02 -0.75020E+01  0.00000E+00 -0.75020E+01  0.00000E+00 -0.57809E-01 -0.97051E+03  0.00000E+00 -0.14184E+04  0.00000E+00  0.57404E-05  0.47879E+03  0.75020E+01  0.00000E+00    194  0.00000E+00      0.000
      50.2349 -0.10000E-01  0.00000E+00 -0.10002E-01  0.00000E+00 -0.14027E-02 -0.75025E+01  0.00000E+00 -0.75025E+01  0.00000E+00 -0.57885E-01 -0.97237E+03  0.00000E+00 -0.14185E+04  0.00000E+00  0.57404E-05  0.47879E+03  0.75025E+01  0.00000E+00    195  0.00000E+00      0.000
      50.3054 -0.10000E-01  0.00000E+00 -0.10002E-01  0.00000E+00 -0.14028E-02 -0.75032E+01  0.00000E+00 -0.75032E+01  0.00000E+00 -0.57984E-01 -0.97468E+03  0.00000E+00 -0.14185E+04  0.00000E+00  0.57404E-05  0.47879E+03  0.75032E+01  0.00000E+00    196  0.00000E+00      0.000
      50.3972 -0.10000E-01  0.00000E+00 -0.10001E-01  0.00000E+00 -0.14021E-02 -0.75041E+01  0.00000E+00 -0.75041E+01  0.00000E+00 -0.58112E-01 -0.97755E+03  0.00000E+00 -0.14186E+04  0.00000E+00  0.57404E-05  0.47879E+03  0.75041E+01  0.00000E+00    197  0.00000E+00      0.000
      50.5164 -0.10000E-01  0.00000E+00 -0.10001E-01  0.00000E+00 -0.14019E-02 -0.75053E+01  0.00000E+00 -0.75053E+01  0.00000E+00 -0.58280E-01 -0.98106E+03  0.00000E+00 -0.14186E+04  0.00000E+00  0.57404E-05  0.47880E+03  0.75053E+01  0.00000E+00    198  0.00000E+00      0.000
      50.6715 -0.10000E-01  0.00000E+00 -0.99998E-02  0.00000E+00 -0.14017E-02 -0.75069E+01  0.00000E+00 -0.75069E+01  0.00000E+00 -0.58497E-01 -0.98532E+03  0.00000E+00 -0.14187E+04  0.00000E+00  0.57404E-05  0.47880E+03  0.75069E+01  0.00000E+00    199  0.00000E+00      0.000
      50.8730 -0.10000E-01  0.00000E+00 -0.99996E-02  0.00000E+00 -0.14011E-02 -0.75089E+01  0.00000E+00 -0.75089E+01  0.00000E+00 -0.58779E-01 -0.99046E+03  0.00000E+00 -0.14188E+04  0.00000E+00  0.57404E-05  0.47880E+03  0.75089E+01  0.00000E+00    200  0.00000E+00      0.000
      51.1350 -0.10000E-01  0.00000E+00 -0.99995E-02  0.00000E+00 -0.14007E-02 -0.75115E+01  0.00000E+00 -0.75115E+01  0.00000E+00 -0.59146E-01 -0.99659E+03  0.00000E+00 -0.14190E+04  0.00000E+00  0.57404E-05  0.47880E+03  0.75115E+01  0.00000E+00    201  0.00000E+00      0.000
      51.4756 -0.10000E-01  0.00000E+00 -0.10000E-01  0.00000E+00 -0.14002E-02 -0.75149E+01  0.00000E+00 -0.75149E+01  0.00000E+00 -0.59623E-01 -0.10039E+04  0.00000E+00 -0.14191E+04  0.00000E+00  0.57404E-05  0.47880E+03  0.75149E+01  0.00000E+00    202  0.00000E+00      0.000
      51.9184 -0.10000E-01  0.00000E+00 -0.99999E-02  0.00000E+00 -0.13996E-02 -0.75194E+01  0.00000E+00 -0.75194E+01  0.00000E+00 -0.60243E-01 -0.10125E+04  0.00000E+00 -0.14194E+04  0.00000E+00  0.57404E-05  0.47881E+03  0.75194E+01  0.00000E+00    203  0.00000E+00      0.000
      52.4940 -0.10000E-01  0.00000E+00 -0.10000E-01  0.00000E+00 -0.13989E-02 -0.75251E+01  0.00000E+00 -0.75251E+01  0.00000E+00 -0.61048E-01 -0.10227E+04  0.00000E+00 -0.14197E+04  0.00000E+00  0.57404E-05  0.47881E+03  0.75251E+01  0.00000E+00    204  0.00000E+00      0.000
      53.2446 -0.10000E-01  0.00000E+00 -0.10000E-01  0.00000E+00 -0.13979E-02 -0.75326E+01  0.00000E+00 -0.75326E+01  0.00000E+00 -0.62097E-01 -0.10347E+04  0.00000E+00 -0.14201E+04  0.00000E+00  0.57404E-05  0.47882E+03  0.75326E+01  0.00000E+00    205  0.00000E+00      0.000
      54.2096 -0.10000E-01  0.00000E+00 -0.10000E-01  0.00000E+00 -0.13966E-02 -0.75423E+01  0.00000E+00 -0.75423E+01  0.00000E+00 -0.63445E-01 -0.10487E+04  0.00000E+00 -0.14206E+04  0.00000E+00  0.57404E-05  0.47883E+03  0.75423E+01  0.00000E+00    206  0.00000E+00      0.000
      55.3677 -0.10000E-01  0.00000E+00 -0.99999E-02  0.00000E+00 -0.13951E-02 -0.75538E+01  0.00000E+00 -0.75538E+01  0.00000E+00 -0.65061E-01 -0.10637E+04  0.00000E+00 -0.14211E+04  0.00000E+00  0.57404E-05  0.47884E+03  0.75538E+01  0.00000E+00    207  0.00000E+00      0.000
      56.9118 -0.10000E-01  0.00000E+00 -0.10000E-01  0.00000E+00 -0.13930E-02 -0.75693E+01  0.00000E+00 -0.75693E+01  0.00000E+00 -0.67212E-01 -0.10815E+04  0.00000E+00 -0.14219E+04  0.00000E+00  0.57404E-05  0.47885E+03  0.75693E+01  0.00000E+00    208  0.00000E+00      0.000
      60.0000 -0.10000E-01  0.00000E+00 -0.99999E-02  0.00000E+00 -0.13890E-02 -0.76002E+01  0.00000E+00 -0.76002E+01  0.00000E+00 -0.71501E-01 -0.11116E+04  0.00000E+00 -0.14234E+04  0.00000E+00  0.57404E-05  0.47888E+03  0.76002E+01  0.00000E+00    209  0.00000E+00      0.000
      62.5000  0.00000E+00  0.00000E+00 -0.19558E-07  0.00000E+00 -0.13859E-02 -0.76002E+01  0.00000E+00 -0.76002E+01  0.00000E+00 -0.74966E-01 -0.11649E+04  0.00000E+00 -0.14246E+04  0.00000E+00  0.57404E-05  0.47887E+03  0.76002E+01  0.00000E+00    210  0.00000E+00      0.000
      66.2500  0.00000E+00  0.00000E+00  0.55414E-07  0.00000E+00 -0.13813E-02 -0.76002E+01  0.00000E+00 -0.76002E+01  0.00000E+00 -0.80146E-01 -0.12195E+04  0.00000E+00 -0.14263E+04  0.00000E+00  0.57404E-05  0.47887E+03  0.76002E+01  0.20780E-06    211  0.00000E+00      0.000
      70.0000  0.00000E+00  0.00000E+00  0.21886E-07  0.00000E+00 -0.13769E-02 -0.76002E+01  0.00000E+00 -0.76002E+01  0.00000E+00 -0.85309E-01 -0.12742E+04  0.00000E+00 -0.14280E+04  0.00000E+00  0.57404E-05  0.47886E+03  0.76002E+01  0.28987E-06    212  0.00000E+00      0.000
end
