 ******* Program HYDRUS
 ******* 
 Welcome to HYDRUS-1D                                                    
 Date:  25. 9.    Time:  15:11:48
 Units: L = mm   , T = min  , M = mmol 

----------------------------------------------------------
 Time       [T]       10.0000
----------------------------------------------------------
 Sub-region num.                     1            2
----------------------------------------------------------
 Length   [L]        0.10000E+04  0.10000E+04  0.00000E+00
 W-volume [L]        0.46688E+03  0.46688E+03  0.00000E+00
 In-flow  [L/T]      0.00000E+00  0.00000E+00  0.00000E+00
 h Mean   [L]       -0.19365E+04 -0.19365E+04  0.00000E+00
 Top Flux [L/T]     -0.30440E-04
 Bot Flux [L/T]     -0.20890E-02
----------------------------------------------------------

----------------------------------------------------------
 Time       [T]       10.0010
----------------------------------------------------------
 Sub-region num.                     1            2
----------------------------------------------------------
 Length   [L]        0.10000E+04  0.10000E+04  0.00000E+00
 W-volume [L]        0.46688E+03  0.46688E+03  0.00000E+00
 In-flow  [L/T]      0.41962E-01  0.41962E-01  0.00000E+00
 h Mean   [L]       -0.19365E+04 -0.19365E+04  0.00000E+00
 Top Flux [L/T]     -0.32279E-04
 Bot Flux [L/T]     -0.20886E-02
 WatBalT  [L]        0.11832E-04
 WatBalR  [%]             18.942
----------------------------------------------------------

----------------------------------------------------------
 Time       [T]       20.0000
----------------------------------------------------------
 Sub-region num.                     1            2
----------------------------------------------------------
 Length   [L]        0.10000E+04  0.10000E+04  0.00000E+00
 W-volume [L]        0.47547E+03  0.47547E+03  0.00000E+00
 In-flow  [L/T]      0.85897E+00  0.85897E+00  0.00000E+00
 h Mean   [L]       -0.17773E+04 -0.17773E+04  0.00000E+00
 Top Flux [L/T]     -0.85168E+00
 Bot Flux [L/T]     -0.12918E-02
 WatBalT  [L]        0.79155E-04
 WatBalR  [%]              0.001
----------------------------------------------------------

----------------------------------------------------------
 Time       [T]       30.0000
----------------------------------------------------------
 Sub-region num.                     1            2
----------------------------------------------------------
 Length   [L]        0.10000E+04  0.10000E+04  0.00000E+00
 W-volume [L]        0.48324E+03  0.48324E+03  0.00000E+00
 In-flow  [L/T]      0.60863E+00  0.60863E+00  0.00000E+00
 h Mean   [L]       -0.16579E+04 -0.16579E+04  0.00000E+00
 Top Flux [L/T]     -0.60967E+00
 Bot Flux [L/T]     -0.12202E-02
 WatBalT  [L]        0.12093E-02
 WatBalR  [%]              0.007
----------------------------------------------------------

----------------------------------------------------------
 Time       [T]       40.0000
----------------------------------------------------------
 Sub-region num.                     1            2
----------------------------------------------------------
 Length   [L]        0.10000E+04  0.10000E+04  0.00000E+00
 W-volume [L]        0.48603E+03  0.48603E+03  0.00000E+00
 In-flow  [L/T]      0.27896E+00  0.27896E+00  0.00000E+00
 h Mean   [L]       -0.15946E+04 -0.15946E+04  0.00000E+00
 Top Flux [L/T]     -0.28002E+00
 Bot Flux [L/T]     -0.11957E-02
 WatBalT  [L]        0.12150E-02
 WatBalR  [%]              0.006
----------------------------------------------------------

----------------------------------------------------------
 Time       [T]       50.0000
----------------------------------------------------------
 Sub-region num.                     1            2
----------------------------------------------------------
 Length   [L]        0.10000E+04  0.10000E+04  0.00000E+00
 W-volume [L]        0.48702E+03  0.48702E+03  0.00000E+00
 In-flow  [L/T]      0.98947E-01  0.98947E-01  0.00000E+00
 h Mean   [L]       -0.15562E+04 -0.15562E+04  0.00000E+00
 Top Flux [L/T]     -0.10379E+00
 Bot Flux [L/T]     -0.11835E-02
 WatBalT  [L]        0.11597E-02
 WatBalR  [%]              0.006
----------------------------------------------------------

----------------------------------------------------------
 Time       [T]       60.0000
----------------------------------------------------------
 Sub-region num.                     1            2
----------------------------------------------------------
 Length   [L]        0.10000E+04  0.10000E+04  0.00000E+00
 W-volume [L]        0.48721E+03  0.48721E+03  0.00000E+00
 In-flow  [L/T]      0.18940E-01  0.18940E-01  0.00000E+00
 h Mean   [L]       -0.15306E+04 -0.15306E+04  0.00000E+00
 Top Flux [L/T]     -0.26928E-01
 Bot Flux [L/T]     -0.11769E-02
 WatBalT  [L]        0.12131E-02
 WatBalR  [%]              0.006
----------------------------------------------------------

----------------------------------------------------------
 Time       [T]       70.0000
----------------------------------------------------------
 Sub-region num.                     1            2
----------------------------------------------------------
 Length   [L]        0.10000E+04  0.10000E+04  0.00000E+00
 W-volume [L]        0.48720E+03  0.48720E+03  0.00000E+00
 In-flow  [L/T]     -0.10646E-02 -0.10646E-02  0.00000E+00
 h Mean   [L]       -0.15115E+04 -0.15115E+04  0.00000E+00
 Top Flux [L/T]     -0.67850E-02
 Bot Flux [L/T]     -0.11733E-02
 WatBalT  [L]        0.12302E-02
 WatBalR  [%]              0.006
----------------------------------------------------------
 
 Calculation time [sec]  0.460000008344650     
