 ******* Program HYDRUS
 ******* 
 Welcome to HYDRUS-1D                                                    
 Date:  30.10.    Time:   4:20: 5
 Units: L = mm   , T = min  , M = mmol 



                               Node(  1)                      Node( 31)                      Node( 52)                      Node(101)

         time            h        theta    Flux           h        theta    Flux           h        theta    Flux           h        theta    Flux  
         10.0001    -4164.94  0.4019 -0.507E-01      -2111.07  0.4472  0.349E-02      -1189.91  0.4949 -0.809E-03      -1346.77  0.4848 -0.599E-03
         10.0002    -4164.89  0.4019 -0.492E-01      -2111.07  0.4472  0.349E-02      -1189.91  0.4949 -0.809E-03      -1346.77  0.4848 -0.599E-03
         10.0003    -4164.81  0.4019 -0.503E-01      -2111.07  0.4472  0.349E-02      -1189.91  0.4949 -0.809E-03      -1346.77  0.4848 -0.971E-03
         10.0005    -4164.71  0.4019 -0.501E-01      -2111.07  0.4472  0.349E-02      -1189.91  0.4949 -0.809E-03      -1346.77  0.4848 -0.119E-02
         10.0008    -4164.56  0.4019 -0.501E-01      -2111.07  0.4472  0.349E-02      -1189.91  0.4949 -0.809E-03      -1346.77  0.4848 -0.897E-03
         10.0010    -4164.41  0.4019 -0.501E-01      -2111.07  0.4472  0.349E-02      -1189.91  0.4949 -0.809E-03      -1346.77  0.4848 -0.897E-03
         10.0011    -4163.29  0.4019 -0.860E+00      -2111.07  0.4472  0.349E-02      -1189.91  0.4949 -0.809E-03      -1346.76  0.4848 -0.598E-03
         10.0012    -4162.04  0.4020 -0.860E+00      -2111.07  0.4472  0.349E-02      -1189.91  0.4949 -0.809E-03      -1346.76  0.4848 -0.942E-03
         10.0014    -4160.27  0.4020 -0.860E+00      -2111.07  0.4472  0.349E-02      -1189.91  0.4949 -0.809E-03      -1346.76  0.4848 -0.121E-02
         10.0016    -4158.01  0.4020 -0.860E+00      -2111.07  0.4472  0.349E-02      -1189.91  0.4949 -0.809E-03      -1346.76  0.4848 -0.732E-03
         10.0019    -4155.05  0.4021 -0.860E+00      -2111.07  0.4472  0.349E-02      -1189.91  0.4949 -0.809E-03      -1346.76  0.4848 -0.104E-02
         10.0023    -4151.21  0.4021 -0.860E+00      -2111.07  0.4472  0.349E-02      -1189.91  0.4949 -0.809E-03      -1346.76  0.4848 -0.884E-03
         10.0028    -4146.22  0.4022 -0.860E+00      -2111.07  0.4472  0.349E-02      -1189.91  0.4949 -0.809E-03      -1346.76  0.4848 -0.853E-03
         10.0034    -4139.72  0.4023 -0.860E+00      -2111.07  0.4472  0.349E-02      -1189.91  0.4949 -0.809E-03      -1346.76  0.4848 -0.114E-02
         10.0042    -4131.28  0.4025 -0.860E+00      -2111.07  0.4472  0.349E-02      -1189.91  0.4949 -0.809E-03      -1346.75  0.4848 -0.991E-03
         10.0053    -4120.31  0.4027 -0.860E+00      -2111.07  0.4472  0.349E-02      -1189.91  0.4949 -0.809E-03      -1346.75  0.4848 -0.963E-03
         10.0066    -4106.05  0.4029 -0.860E+00      -2111.06  0.4472  0.349E-02      -1189.91  0.4949 -0.809E-03      -1346.74  0.4848 -0.101E-02
         10.0084    -4087.52  0.4032 -0.860E+00      -2111.06  0.4472  0.349E-02      -1189.91  0.4949 -0.809E-03      -1346.74  0.4848 -0.101E-02
         10.0108    -4063.42  0.4036 -0.860E+00      -2111.06  0.4472  0.349E-02      -1189.91  0.4949 -0.809E-03      -1346.73  0.4848 -0.998E-03
         10.0138    -4032.09  0.4041 -0.860E+00      -2111.06  0.4472  0.349E-02      -1189.91  0.4949 -0.809E-03      -1346.72  0.4848 -0.100E-02
         10.0177    -3991.37  0.4048 -0.860E+00      -2111.06  0.4472  0.349E-02      -1189.91  0.4949 -0.809E-03      -1346.71  0.4848 -0.985E-03
         10.0228    -3938.45  0.4057 -0.860E+00      -2111.06  0.4472  0.349E-02      -1189.91  0.4949 -0.809E-03      -1346.69  0.4848 -0.100E-02
         10.0295    -3869.67  0.4068 -0.860E+00      -2111.05  0.4472  0.349E-02      -1189.91  0.4949 -0.809E-03      -1346.67  0.4848 -0.100E-02
         10.0382    -3800.14  0.4083 -0.860E+00      -2111.05  0.4472  0.349E-02      -1189.91  0.4949 -0.809E-03      -1346.64  0.4848 -0.101E-02
         10.0494    -3710.39  0.4102 -0.860E+00      -2111.04  0.4472  0.349E-02      -1189.91  0.4949 -0.809E-03      -1346.60  0.4848 -0.101E-02
         10.0640    -3596.48  0.4128 -0.860E+00      -2111.03  0.4472  0.349E-02      -1189.91  0.4949 -0.809E-03      -1346.55  0.4848 -0.101E-02
         10.0830    -3447.93  0.4160 -0.860E+00      -2111.02  0.4472  0.349E-02      -1189.91  0.4949 -0.809E-03      -1346.49  0.4848 -0.101E-02
         10.1077    -3255.49  0.4203 -0.860E+00      -2111.01  0.4472  0.349E-02      -1189.91  0.4949 -0.809E-03      -1346.40  0.4848 -0.101E-02
         10.1398    -3018.47  0.4257 -0.860E+00      -2110.99  0.4472  0.349E-02      -1189.91  0.4949 -0.809E-03      -1346.30  0.4848 -0.101E-02
         10.1816    -2776.94  0.4329 -0.860E+00      -2110.97  0.4472  0.349E-02      -1189.91  0.4949 -0.809E-03      -1346.16  0.4848 -0.101E-02
         10.2359    -2451.51  0.4421 -0.860E+00      -2110.94  0.4472  0.349E-02      -1189.91  0.4949 -0.809E-03      -1345.99  0.4848 -0.101E-02
         10.3064    -2132.05  0.4540 -0.860E+00      -2110.91  0.4472  0.349E-02      -1189.91  0.4949 -0.809E-03      -1345.77  0.4849 -0.101E-02
         10.3982    -1776.81  0.4693 -0.860E+00      -2110.86  0.4472  0.349E-02      -1189.91  0.4949 -0.809E-03      -1345.49  0.4849 -0.101E-02
         10.5174    -1410.15  0.4885 -0.860E+00      -2110.79  0.4472  0.349E-02      -1189.91  0.4949 -0.809E-03      -1345.13  0.4849 -0.101E-02
         10.6367    -1138.32  0.5067 -0.860E+00      -2110.73  0.4472  0.349E-02      -1189.92  0.4949 -0.809E-03      -1344.79  0.4849 -0.101E-02
         10.7559     -940.74  0.5237 -0.860E+00      -2110.67  0.4472  0.349E-02      -1189.92  0.4949 -0.809E-03      -1344.46  0.4849 -0.101E-02
         10.9110     -745.55  0.5426 -0.860E+00      -2110.58  0.4472  0.349E-02      -1189.92  0.4949 -0.809E-03      -1344.05  0.4850 -0.101E-02
         11.0660     -618.07  0.5582 -0.860E+00      -2110.50  0.4472  0.349E-02      -1189.92  0.4949 -0.809E-03      -1343.65  0.4850 -0.101E-02
         11.2210     -531.21  0.5706 -0.860E+00      -2110.42  0.4472  0.349E-02      -1189.92  0.4949 -0.809E-03      -1343.27  0.4850 -0.101E-02
         11.3761     -463.66  0.5808 -0.860E+00      -2110.33  0.4472  0.349E-02      -1189.92  0.4949 -0.809E-03      -1342.91  0.4850 -0.101E-02
         11.5776     -403.36  0.5912 -0.860E+00      -2110.22  0.4472  0.349E-02      -1189.93  0.4949 -0.809E-03      -1342.45  0.4851 -0.101E-02
         11.8396     -346.96  0.6019 -0.860E+00      -2110.08  0.4472  0.349E-02      -1189.93  0.4949 -0.809E-03      -1341.89  0.4851 -0.101E-02
         12.1016     -297.95  0.6114 -0.860E+00      -2109.94  0.4472  0.349E-02      -1189.93  0.4949 -0.809E-03      -1341.37  0.4851 -0.101E-02
         12.4422     -251.04  0.6220 -0.860E+00      -2109.75  0.4473  0.349E-02      -1189.94  0.4949 -0.809E-03      -1340.73  0.4852 -0.101E-02
         12.7828     -210.83  0.6313 -0.860E+00      -2109.56  0.4473  0.349E-02      -1189.94  0.4949 -0.809E-03      -1340.12  0.4852 -0.101E-02
         13.1234     -178.62  0.6389 -0.860E+00      -2109.37  0.4473  0.349E-02      -1189.95  0.4949 -0.809E-03      -1339.56  0.4852 -0.102E-02
         13.4640     -151.35  0.6459 -0.860E+00      -2109.18  0.4473  0.349E-02      -1189.95  0.4949 -0.809E-03      -1339.02  0.4853 -0.102E-02
         13.8046     -129.77  0.6516 -0.860E+00      -2108.98  0.4473  0.349E-02      -1189.95  0.4949 -0.809E-03      -1338.51  0.4853 -0.102E-02
         14.1452     -111.23  0.6564 -0.860E+00      -2108.79  0.4473  0.349E-02      -1189.96  0.4949 -0.809E-03      -1338.03  0.4853 -0.102E-02
         14.4858      -96.03  0.6605 -0.860E+00      -2108.59  0.4473  0.349E-02      -1189.96  0.4949 -0.809E-03      -1337.57  0.4854 -0.102E-02
         14.8264      -83.32  0.6639 -0.860E+00      -2108.40  0.4473  0.349E-02      -1189.97  0.4949 -0.809E-03      -1337.13  0.4854 -0.102E-02
         15.1670      -71.57  0.6670 -0.860E+00      -2108.20  0.4473  0.350E-02      -1189.97  0.4949 -0.809E-03      -1336.70  0.4854 -0.102E-02
         15.5076      -61.86  0.6696 -0.860E+00      -2108.01  0.4473  0.350E-02      -1189.97  0.4949 -0.809E-03      -1336.29  0.4855 -0.102E-02
         15.8482      -53.11  0.6718 -0.860E+00      -2107.81  0.4473  0.350E-02      -1189.98  0.4949 -0.809E-03      -1335.90  0.4855 -0.102E-02
         16.1888      -44.58  0.6740 -0.860E+00      -2107.61  0.4473  0.350E-02      -1189.98  0.4949 -0.809E-03      -1335.52  0.4855 -0.102E-02
         16.5294      -37.89  0.6757 -0.860E+00      -2107.41  0.4473  0.350E-02      -1189.99  0.4949 -0.809E-03      -1335.15  0.4855 -0.102E-02
         16.8764      -32.17  0.6769 -0.860E+00      -2107.21  0.4473  0.350E-02      -1189.99  0.4949 -0.809E-03      -1334.78  0.4855 -0.102E-02
         17.3227      -24.94  0.6786 -0.860E+00      -2106.94  0.4474  0.350E-02      -1190.00  0.4949 -0.809E-03      -1334.33  0.4856 -0.102E-02
         17.7689      -19.49  0.6798 -0.860E+00      -2106.68  0.4474  0.350E-02      -1190.00  0.4949 -0.809E-03      -1333.90  0.4856 -0.102E-02
         18.2151      -14.63  0.6808 -0.860E+00      -2106.41  0.4474  0.350E-02      -1190.01  0.4949 -0.809E-03      -1333.47  0.4856 -0.102E-02
         18.6613      -11.19  0.6815 -0.860E+00      -2106.15  0.4474  0.350E-02      -1190.01  0.4949 -0.809E-03      -1333.07  0.4857 -0.102E-02
         18.8101       -9.83  0.6817 -0.860E+00      -2106.06  0.4474  0.350E-02      -1190.02  0.4949 -0.809E-03      -1332.93  0.4857 -0.103E-02
         18.9588       -8.14  0.6821 -0.860E+00      -2105.97  0.4474  0.350E-02      -1190.02  0.4949 -0.809E-03      -1332.80  0.4857 -0.102E-02
         19.1671       -5.14  0.6826 -0.860E+00      -2105.84  0.4474  0.350E-02      -1190.02  0.4949 -0.809E-03      -1332.61  0.4857 -0.103E-02
         19.2596       -4.76  0.6827 -0.860E+00      -2105.79  0.4474  0.350E-02      -1190.02  0.4949 -0.809E-03      -1332.53  0.4857 -0.103E-02
         19.3830       -4.19  0.6827 -0.860E+00      -2105.71  0.4474  0.350E-02      -1190.02  0.4949 -0.809E-03      -1332.42  0.4857 -0.103E-02
         19.5373       -3.10  0.6829 -0.860E+00      -2105.62  0.4474  0.350E-02      -1190.02  0.4949 -0.809E-03      -1332.29  0.4857 -0.103E-02
         19.6144       -3.88  0.6828 -0.860E+00      -2105.57  0.4474  0.350E-02      -1190.03  0.4949 -0.809E-03      -1332.22  0.4857 -0.103E-02
         19.6465       -3.68  0.6828 -0.860E+00      -2105.55  0.4474  0.350E-02      -1190.03  0.4949 -0.809E-03      -1332.19  0.4857 -0.103E-02
         19.6907       -3.44  0.6828 -0.860E+00      -2105.53  0.4474  0.350E-02      -1190.03  0.4949 -0.809E-03      -1332.16  0.4857 -0.103E-02
         19.7422       -3.30  0.6828 -0.860E+00      -2105.50  0.4474  0.350E-02      -1190.03  0.4949 -0.809E-03      -1332.11  0.4857 -0.103E-02
         19.8067       -3.78  0.6828 -0.860E+00      -2105.46  0.4474  0.350E-02      -1190.03  0.4949 -0.809E-03      -1332.06  0.4857 -0.103E-02
         19.8389       -3.78  0.6828 -0.860E+00      -2105.44  0.4474  0.350E-02      -1190.03  0.4949 -0.809E-03      -1332.03  0.4857 -0.102E-02
         19.8792       -4.31  0.6827 -0.860E+00      -2105.41  0.4474  0.350E-02      -1190.03  0.4949 -0.809E-03      -1332.00  0.4857 -0.103E-02
         19.8993       -3.19  0.6828 -0.860E+00      -2105.40  0.4474  0.350E-02      -1190.03  0.4949 -0.809E-03      -1331.98  0.4857 -0.103E-02
         19.9245       -1.84  0.6830 -0.860E+00      -2105.39  0.4474  0.350E-02      -1190.03  0.4949 -0.809E-03      -1331.96  0.4857 -0.103E-02
         19.9371       -1.81  0.6830 -0.860E+00      -2105.38  0.4474  0.350E-02      -1190.03  0.4949 -0.809E-03      -1331.94  0.4857 -0.103E-02
         19.9528       -1.76  0.6830 -0.860E+00      -2105.37  0.4474  0.350E-02      -1190.03  0.4949 -0.809E-03      -1331.93  0.4857 -0.103E-02
         19.9764       -1.71  0.6830 -0.860E+00      -2105.35  0.4474  0.350E-02      -1190.03  0.4949 -0.809E-03      -1331.91  0.4857 -0.103E-02
         20.0000       -1.69  0.6830 -0.860E+00      -2105.34  0.4474  0.350E-02      -1190.03  0.4949 -0.809E-03      -1331.89  0.4857 -0.103E-02
         20.0001       -1.65  0.6831 -0.116E+01      -2105.34  0.4474  0.350E-02      -1190.03  0.4949 -0.809E-03      -1331.89  0.4857 -0.129E-02
         20.0002       -1.58  0.6831 -0.116E+01      -2105.34  0.4474  0.350E-02      -1190.03  0.4949 -0.809E-03      -1331.89  0.4857 -0.129E-02
         20.0004       -1.49  0.6831 -0.116E+01      -2105.34  0.4474  0.350E-02      -1190.03  0.4949 -0.809E-03      -1331.89  0.4857 -0.129E-02
         20.0006       -1.38  0.6831 -0.116E+01      -2105.34  0.4474  0.350E-02      -1190.03  0.4949 -0.809E-03      -1331.89  0.4857 -0.129E-02
         20.0009       -1.24  0.6831 -0.116E+01      -2105.34  0.4474  0.350E-02      -1190.03  0.4949 -0.809E-03      -1331.89  0.4857 -0.129E-02
         20.0013       -1.06  0.6831 -0.116E+01      -2105.34  0.4474  0.350E-02      -1190.03  0.4949 -0.809E-03      -1331.89  0.4857 -0.890E-03
         20.0018       -0.84  0.6831 -0.116E+01      -2105.34  0.4474  0.350E-02      -1190.03  0.4949 -0.809E-03      -1331.89  0.4857 -0.982E-03
         20.0024       -0.59  0.6832 -0.116E+01      -2105.34  0.4474  0.350E-02      -1190.03  0.4949 -0.809E-03      -1331.89  0.4857 -0.105E-02
         20.0032       -0.31  0.6832 -0.116E+01      -2105.34  0.4474  0.350E-02      -1190.03  0.4949 -0.809E-03      -1331.89  0.4857 -0.926E-03
         20.0043        0.00  0.6832 -0.925E+00      -2105.34  0.4474  0.350E-02      -1190.03  0.4949 -0.809E-03      -1331.89  0.4857 -0.101E-02
         20.0053        0.00  0.6832 -0.102E+01      -2105.34  0.4474  0.350E-02      -1190.03  0.4949 -0.809E-03      -1331.89  0.4857 -0.101E-02
         20.0064        0.00  0.6832 -0.102E+01      -2105.34  0.4474  0.350E-02      -1190.03  0.4949 -0.809E-03      -1331.89  0.4857 -0.101E-02
         20.0074        0.00  0.6832 -0.102E+01      -2105.34  0.4474  0.350E-02      -1190.03  0.4949 -0.809E-03      -1331.89  0.4857 -0.101E-02
         20.0085        0.00  0.6832 -0.102E+01      -2105.34  0.4474  0.350E-02      -1190.03  0.4949 -0.809E-03      -1331.89  0.4857 -0.101E-02
         20.0096        0.00  0.6832 -0.102E+01      -2105.33  0.4474  0.350E-02      -1190.03  0.4949 -0.809E-03      -1331.88  0.4857 -0.101E-02
         20.0106        0.00  0.6832 -0.102E+01      -2105.33  0.4474  0.350E-02      -1190.03  0.4949 -0.809E-03      -1331.88  0.4857 -0.101E-02
         20.0117        0.00  0.6832 -0.102E+01      -2105.33  0.4474  0.350E-02      -1190.03  0.4949 -0.809E-03      -1331.88  0.4857 -0.101E-02
         20.0127        0.00  0.6832 -0.102E+01      -2105.33  0.4474  0.350E-02      -1190.03  0.4949 -0.809E-03      -1331.88  0.4857 -0.101E-02
         20.0138        0.00  0.6832 -0.102E+01      -2105.33  0.4474  0.350E-02      -1190.03  0.4949 -0.809E-03      -1331.88  0.4857 -0.101E-02
         20.0149        0.00  0.6832 -0.101E+01      -2105.33  0.4474  0.350E-02      -1190.03  0.4949 -0.809E-03      -1331.88  0.4857 -0.101E-02
         20.0159        0.00  0.6832 -0.101E+01      -2105.33  0.4474  0.350E-02      -1190.03  0.4949 -0.809E-03      -1331.88  0.4857 -0.101E-02
         20.0170        0.00  0.6832 -0.101E+01      -2105.33  0.4474  0.350E-02      -1190.03  0.4949 -0.809E-03      -1331.88  0.4857 -0.101E-02
         20.0180        0.00  0.6832 -0.101E+01      -2105.33  0.4474  0.350E-02      -1190.03  0.4949 -0.809E-03      -1331.88  0.4857 -0.101E-02
         20.0191        0.00  0.6832 -0.101E+01      -2105.33  0.4474  0.350E-02      -1190.03  0.4949 -0.809E-03      -1331.88  0.4857 -0.101E-02
         20.0202        0.00  0.6832 -0.101E+01      -2105.33  0.4474  0.350E-02      -1190.03  0.4949 -0.809E-03      -1331.88  0.4857 -0.101E-02
         20.0212        0.00  0.6832 -0.101E+01      -2105.33  0.4474  0.350E-02      -1190.03  0.4949 -0.809E-03      -1331.87  0.4857 -0.101E-02
         20.0223        0.00  0.6832 -0.101E+01      -2105.33  0.4474  0.350E-02      -1190.03  0.4949 -0.809E-03      -1331.87  0.4857 -0.101E-02
         20.0234        0.00  0.6832 -0.101E+01      -2105.32  0.4474  0.350E-02      -1190.03  0.4949 -0.809E-03      -1331.87  0.4857 -0.101E-02
         20.0244        0.00  0.6832 -0.101E+01      -2105.32  0.4474  0.350E-02      -1190.03  0.4949 -0.809E-03      -1331.87  0.4857 -0.101E-02
         20.0255        0.00  0.6832 -0.101E+01      -2105.32  0.4474  0.350E-02      -1190.03  0.4949 -0.809E-03      -1331.87  0.4857 -0.101E-02
         20.0265        0.00  0.6832 -0.100E+01      -2105.32  0.4474  0.350E-02      -1190.03  0.4949 -0.809E-03      -1331.87  0.4857 -0.101E-02
         20.0276        0.00  0.6832 -0.100E+01      -2105.32  0.4474  0.350E-02      -1190.03  0.4949 -0.809E-03      -1331.87  0.4857 -0.101E-02
         20.0287        0.00  0.6832 -0.100E+01      -2105.32  0.4474  0.350E-02      -1190.03  0.4949 -0.809E-03      -1331.87  0.4857 -0.101E-02
         20.0297        0.00  0.6832 -0.100E+01      -2105.32  0.4474  0.350E-02      -1190.03  0.4949 -0.809E-03      -1331.87  0.4857 -0.101E-02
         20.0308        0.00  0.6832 -0.100E+01      -2105.32  0.4474  0.350E-02      -1190.03  0.4949 -0.809E-03      -1331.87  0.4857 -0.101E-02
         20.0318        0.00  0.6832 -0.100E+01      -2105.32  0.4474  0.350E-02      -1190.03  0.4949 -0.809E-03      -1331.86  0.4857 -0.101E-02
         20.0329        0.00  0.6832 -0.100E+01      -2105.32  0.4474  0.350E-02      -1190.03  0.4949 -0.809E-03      -1331.86  0.4857 -0.101E-02
         20.0340        0.00  0.6832 -0.100E+01      -2105.32  0.4474  0.350E-02      -1190.03  0.4949 -0.809E-03      -1331.86  0.4857 -0.101E-02
         20.0350        0.00  0.6832 -0.100E+01      -2105.32  0.4474  0.350E-02      -1190.03  0.4949 -0.809E-03      -1331.86  0.4857 -0.101E-02
         20.0361        0.00  0.6832 -0.999E+00      -2105.32  0.4474  0.350E-02      -1190.03  0.4949 -0.809E-03      -1331.86  0.4857 -0.101E-02
         20.0371        0.00  0.6832 -0.998E+00      -2105.31  0.4474  0.350E-02      -1190.03  0.4949 -0.809E-03      -1331.86  0.4857 -0.101E-02
         20.0382        0.00  0.6832 -0.998E+00      -2105.31  0.4474  0.350E-02      -1190.03  0.4949 -0.809E-03      -1331.86  0.4857 -0.101E-02
         20.0393        0.00  0.6832 -0.997E+00      -2105.31  0.4474  0.350E-02      -1190.03  0.4949 -0.809E-03      -1331.86  0.4857 -0.101E-02
         20.0403        0.00  0.6832 -0.997E+00      -2105.31  0.4474  0.350E-02      -1190.03  0.4949 -0.809E-03      -1331.86  0.4857 -0.101E-02
         20.0414        0.00  0.6832 -0.996E+00      -2105.31  0.4474  0.350E-02      -1190.03  0.4949 -0.809E-03      -1331.86  0.4857 -0.101E-02
         20.0424        0.00  0.6832 -0.995E+00      -2105.31  0.4474  0.350E-02      -1190.03  0.4949 -0.809E-03      -1331.85  0.4857 -0.101E-02
         20.0435        0.00  0.6832 -0.994E+00      -2105.31  0.4474  0.350E-02      -1190.03  0.4949 -0.809E-03      -1331.85  0.4857 -0.101E-02
         20.0446        0.00  0.6832 -0.993E+00      -2105.31  0.4474  0.350E-02      -1190.03  0.4949 -0.809E-03      -1331.85  0.4857 -0.101E-02
         20.0456        0.00  0.6832 -0.993E+00      -2105.31  0.4474  0.350E-02      -1190.03  0.4949 -0.809E-03      -1331.85  0.4857 -0.101E-02
         20.0467        0.00  0.6832 -0.992E+00      -2105.31  0.4474  0.350E-02      -1190.03  0.4949 -0.809E-03      -1331.85  0.4857 -0.101E-02
         20.0477        0.00  0.6832 -0.991E+00      -2105.31  0.4474  0.350E-02      -1190.03  0.4949 -0.809E-03      -1331.85  0.4857 -0.101E-02
         20.0488        0.00  0.6832 -0.991E+00      -2105.31  0.4474  0.350E-02      -1190.03  0.4949 -0.809E-03      -1331.85  0.4857 -0.101E-02
         20.0499        0.00  0.6832 -0.990E+00      -2105.31  0.4474  0.350E-02      -1190.03  0.4949 -0.809E-03      -1331.85  0.4857 -0.101E-02
         20.0509        0.00  0.6832 -0.989E+00      -2105.30  0.4474  0.350E-02      -1190.03  0.4949 -0.809E-03      -1331.85  0.4857 -0.101E-02
         20.0520        0.00  0.6832 -0.989E+00      -2105.30  0.4474  0.350E-02      -1190.03  0.4949 -0.809E-03      -1331.85  0.4857 -0.101E-02
         20.0530        0.00  0.6832 -0.988E+00      -2105.30  0.4474  0.350E-02      -1190.03  0.4949 -0.809E-03      -1331.85  0.4857 -0.101E-02
         20.0541        0.00  0.6832 -0.988E+00      -2105.30  0.4474  0.350E-02      -1190.03  0.4949 -0.809E-03      -1331.84  0.4857 -0.101E-02
         20.0552        0.00  0.6832 -0.987E+00      -2105.30  0.4474  0.350E-02      -1190.03  0.4949 -0.809E-03      -1331.84  0.4857 -0.101E-02
         20.0562        0.00  0.6832 -0.986E+00      -2105.30  0.4474  0.350E-02      -1190.03  0.4949 -0.809E-03      -1331.84  0.4857 -0.101E-02
         20.0573        0.00  0.6832 -0.986E+00      -2105.30  0.4474  0.350E-02      -1190.03  0.4949 -0.809E-03      -1331.84  0.4857 -0.101E-02
         20.0583        0.00  0.6832 -0.985E+00      -2105.30  0.4474  0.350E-02      -1190.03  0.4949 -0.809E-03      -1331.84  0.4857 -0.101E-02
         20.0594        0.00  0.6832 -0.984E+00      -2105.30  0.4474  0.350E-02      -1190.03  0.4949 -0.809E-03      -1331.84  0.4857 -0.101E-02
         20.0605        0.00  0.6832 -0.984E+00      -2105.30  0.4474  0.350E-02      -1190.03  0.4949 -0.809E-03      -1331.84  0.4857 -0.101E-02
         20.0615        0.00  0.6832 -0.984E+00      -2105.30  0.4474  0.350E-02      -1190.03  0.4949 -0.809E-03      -1331.84  0.4857 -0.101E-02
         20.0626        0.00  0.6832 -0.983E+00      -2105.30  0.4474  0.350E-02      -1190.03  0.4949 -0.809E-03      -1331.84  0.4857 -0.101E-02
         20.0636        0.00  0.6832 -0.983E+00      -2105.30  0.4474  0.350E-02      -1190.03  0.4949 -0.809E-03      -1331.84  0.4857 -0.101E-02
         20.0647        0.00  0.6832 -0.982E+00      -2105.29  0.4474  0.350E-02      -1190.03  0.4949 -0.809E-03      -1331.83  0.4857 -0.101E-02
         20.0658        0.00  0.6832 -0.982E+00      -2105.29  0.4474  0.350E-02      -1190.03  0.4949 -0.809E-03      -1331.83  0.4857 -0.101E-02
         20.0668        0.00  0.6832 -0.981E+00      -2105.29  0.4474  0.350E-02      -1190.03  0.4949 -0.809E-03      -1331.83  0.4857 -0.101E-02
         20.0679        0.00  0.6832 -0.981E+00      -2105.29  0.4474  0.350E-02      -1190.03  0.4949 -0.809E-03      -1331.83  0.4857 -0.101E-02
         20.0689        0.00  0.6832 -0.981E+00      -2105.29  0.4474  0.350E-02      -1190.03  0.4949 -0.809E-03      -1331.83  0.4857 -0.101E-02
         20.0700        0.00  0.6832 -0.980E+00      -2105.29  0.4474  0.350E-02      -1190.03  0.4949 -0.809E-03      -1331.83  0.4857 -0.101E-02
         20.0711        0.00  0.6832 -0.980E+00      -2105.29  0.4474  0.350E-02      -1190.03  0.4949 -0.809E-03      -1331.83  0.4857 -0.101E-02
         20.0721        0.00  0.6832 -0.980E+00      -2105.29  0.4474  0.350E-02      -1190.03  0.4949 -0.809E-03      -1331.83  0.4857 -0.101E-02
         20.0732        0.00  0.6832 -0.979E+00      -2105.29  0.4474  0.350E-02      -1190.03  0.4949 -0.809E-03      -1331.83  0.4857 -0.101E-02
         20.0743        0.00  0.6832 -0.978E+00      -2105.29  0.4474  0.350E-02      -1190.03  0.4949 -0.809E-03      -1331.83  0.4857 -0.101E-02
         20.0753        0.00  0.6832 -0.978E+00      -2105.29  0.4474  0.350E-02      -1190.03  0.4949 -0.809E-03      -1331.83  0.4857 -0.101E-02
         20.0764        0.00  0.6832 -0.978E+00      -2105.29  0.4474  0.350E-02      -1190.03  0.4949 -0.809E-03      -1331.82  0.4857 -0.101E-02
         20.0774        0.00  0.6832 -0.977E+00      -2105.28  0.4474  0.350E-02      -1190.03  0.4949 -0.809E-03      -1331.82  0.4857 -0.101E-02
         20.0785        0.00  0.6832 -0.977E+00      -2105.28  0.4474  0.350E-02      -1190.03  0.4949 -0.809E-03      -1331.82  0.4857 -0.101E-02
         20.0796        0.00  0.6832 -0.976E+00      -2105.28  0.4474  0.350E-02      -1190.03  0.4949 -0.809E-03      -1331.82  0.4857 -0.101E-02
         20.0806        0.00  0.6832 -0.976E+00      -2105.28  0.4474  0.350E-02      -1190.03  0.4949 -0.809E-03      -1331.82  0.4857 -0.101E-02
         20.0817        0.00  0.6832 -0.975E+00      -2105.28  0.4474  0.350E-02      -1190.03  0.4949 -0.809E-03      -1331.82  0.4857 -0.101E-02
         20.0827        0.00  0.6832 -0.975E+00      -2105.28  0.4474  0.350E-02      -1190.03  0.4949 -0.809E-03      -1331.82  0.4857 -0.101E-02
         20.0838        0.00  0.6832 -0.974E+00      -2105.28  0.4474  0.350E-02      -1190.03  0.4949 -0.809E-03      -1331.82  0.4857 -0.101E-02
         20.0849        0.00  0.6832 -0.974E+00      -2105.28  0.4474  0.350E-02      -1190.03  0.4949 -0.809E-03      -1331.82  0.4857 -0.101E-02
         20.0859        0.00  0.6832 -0.973E+00      -2105.28  0.4474  0.350E-02      -1190.03  0.4949 -0.809E-03      -1331.82  0.4857 -0.101E-02
         20.0870        0.00  0.6832 -0.973E+00      -2105.28  0.4474  0.350E-02      -1190.03  0.4949 -0.809E-03      -1331.82  0.4857 -0.101E-02
         20.0880        0.00  0.6832 -0.973E+00      -2105.28  0.4474  0.350E-02      -1190.03  0.4949 -0.809E-03      -1331.81  0.4857 -0.101E-02
         20.0891        0.00  0.6832 -0.972E+00      -2105.28  0.4474  0.350E-02      -1190.03  0.4949 -0.809E-03      -1331.81  0.4857 -0.101E-02
         20.0902        0.00  0.6832 -0.972E+00      -2105.28  0.4474  0.350E-02      -1190.03  0.4949 -0.809E-03      -1331.81  0.4857 -0.101E-02
         20.0912        0.00  0.6832 -0.971E+00      -2105.27  0.4474  0.350E-02      -1190.03  0.4949 -0.809E-03      -1331.81  0.4857 -0.101E-02
         20.0923        0.00  0.6832 -0.971E+00      -2105.27  0.4474  0.350E-02      -1190.03  0.4949 -0.809E-03      -1331.81  0.4857 -0.101E-02
         20.0933        0.00  0.6832 -0.971E+00      -2105.27  0.4474  0.350E-02      -1190.03  0.4949 -0.809E-03      -1331.81  0.4857 -0.101E-02
         20.0944        0.00  0.6832 -0.970E+00      -2105.27  0.4474  0.350E-02      -1190.03  0.4949 -0.809E-03      -1331.81  0.4857 -0.101E-02
         20.0955        0.00  0.6832 -0.970E+00      -2105.27  0.4474  0.350E-02      -1190.03  0.4949 -0.809E-03      -1331.81  0.4857 -0.101E-02
         20.0965        0.00  0.6832 -0.969E+00      -2105.27  0.4474  0.350E-02      -1190.03  0.4949 -0.809E-03      -1331.81  0.4857 -0.101E-02
         20.0976        0.00  0.6832 -0.969E+00      -2105.27  0.4474  0.350E-02      -1190.03  0.4949 -0.809E-03      -1331.81  0.4857 -0.101E-02
         20.0986        0.00  0.6832 -0.969E+00      -2105.27  0.4474  0.350E-02      -1190.03  0.4949 -0.809E-03      -1331.80  0.4857 -0.101E-02
         20.0997        0.00  0.6832 -0.968E+00      -2105.27  0.4474  0.350E-02      -1190.03  0.4949 -0.809E-03      -1331.80  0.4857 -0.101E-02
         20.1008        0.00  0.6832 -0.968E+00      -2105.27  0.4474  0.350E-02      -1190.03  0.4949 -0.809E-03      -1331.80  0.4857 -0.101E-02
         20.1018        0.00  0.6832 -0.968E+00      -2105.27  0.4474  0.350E-02      -1190.03  0.4949 -0.809E-03      -1331.80  0.4857 -0.101E-02
         20.1029        0.00  0.6832 -0.968E+00      -2105.27  0.4474  0.350E-02      -1190.03  0.4949 -0.809E-03      -1331.80  0.4857 -0.101E-02
         20.1039        0.00  0.6832 -0.968E+00      -2105.27  0.4474  0.350E-02      -1190.03  0.4949 -0.809E-03      -1331.80  0.4857 -0.101E-02
         20.1050        0.00  0.6832 -0.968E+00      -2105.26  0.4474  0.350E-02      -1190.03  0.4949 -0.809E-03      -1331.80  0.4857 -0.101E-02
         20.1061        0.00  0.6832 -0.968E+00      -2105.26  0.4474  0.350E-02      -1190.03  0.4949 -0.809E-03      -1331.80  0.4857 -0.101E-02
         20.1071        0.00  0.6832 -0.967E+00      -2105.26  0.4474  0.350E-02      -1190.03  0.4949 -0.809E-03      -1331.80  0.4857 -0.101E-02
         20.1082        0.00  0.6832 -0.967E+00      -2105.26  0.4474  0.350E-02      -1190.03  0.4949 -0.809E-03      -1331.80  0.4857 -0.101E-02
         20.1092        0.00  0.6832 -0.967E+00      -2105.26  0.4474  0.350E-02      -1190.03  0.4949 -0.809E-03      -1331.80  0.4857 -0.101E-02
         20.1103        0.00  0.6832 -0.966E+00      -2105.26  0.4474  0.350E-02      -1190.03  0.4949 -0.809E-03      -1331.79  0.4857 -0.101E-02
         20.1114        0.00  0.6832 -0.966E+00      -2105.26  0.4474  0.350E-02      -1190.03  0.4949 -0.809E-03      -1331.79  0.4857 -0.101E-02
         20.1124        0.00  0.6832 -0.965E+00      -2105.26  0.4474  0.350E-02      -1190.03  0.4949 -0.809E-03      -1331.79  0.4857 -0.101E-02
         20.1135        0.00  0.6832 -0.965E+00      -2105.26  0.4474  0.350E-02      -1190.03  0.4949 -0.809E-03      -1331.79  0.4857 -0.101E-02
         20.1145        0.00  0.6832 -0.965E+00      -2105.26  0.4474  0.350E-02      -1190.03  0.4949 -0.809E-03      -1331.79  0.4857 -0.101E-02
         20.1156        0.00  0.6832 -0.964E+00      -2105.26  0.4474  0.350E-02      -1190.03  0.4949 -0.809E-03      -1331.79  0.4857 -0.101E-02
         20.1167        0.00  0.6832 -0.964E+00      -2105.26  0.4474  0.350E-02      -1190.03  0.4949 -0.809E-03      -1331.79  0.4857 -0.101E-02
         20.1177        0.00  0.6832 -0.964E+00      -2105.25  0.4474  0.350E-02      -1190.03  0.4949 -0.809E-03      -1331.79  0.4857 -0.101E-02
         20.1188        0.00  0.6832 -0.964E+00      -2105.25  0.4474  0.350E-02      -1190.03  0.4949 -0.809E-03      -1331.79  0.4857 -0.101E-02
         20.1199        0.00  0.6832 -0.964E+00      -2105.25  0.4474  0.350E-02      -1190.03  0.4949 -0.809E-03      -1331.79  0.4857 -0.101E-02
         20.1209        0.00  0.6832 -0.963E+00      -2105.25  0.4474  0.350E-02      -1190.03  0.4949 -0.809E-03      -1331.78  0.4857 -0.101E-02
         20.1220        0.00  0.6832 -0.963E+00      -2105.25  0.4474  0.350E-02      -1190.03  0.4949 -0.809E-03      -1331.78  0.4857 -0.101E-02
         20.1230        0.00  0.6832 -0.963E+00      -2105.25  0.4474  0.350E-02      -1190.03  0.4949 -0.809E-03      -1331.78  0.4857 -0.101E-02
         20.1241        0.00  0.6832 -0.963E+00      -2105.25  0.4474  0.350E-02      -1190.03  0.4949 -0.809E-03      -1331.78  0.4857 -0.101E-02
         20.1252        0.00  0.6832 -0.963E+00      -2105.25  0.4474  0.350E-02      -1190.03  0.4949 -0.809E-03      -1331.78  0.4857 -0.101E-02
         20.1262        0.00  0.6832 -0.962E+00      -2105.25  0.4474  0.350E-02      -1190.03  0.4949 -0.809E-03      -1331.78  0.4857 -0.101E-02
         20.1273        0.00  0.6832 -0.962E+00      -2105.25  0.4474  0.350E-02      -1190.03  0.4949 -0.809E-03      -1331.78  0.4857 -0.101E-02
         20.1283        0.00  0.6832 -0.961E+00      -2105.25  0.4474  0.350E-02      -1190.03  0.4949 -0.809E-03      -1331.78  0.4857 -0.101E-02
         20.1294        0.00  0.6832 -0.961E+00      -2105.25  0.4474  0.350E-02      -1190.03  0.4949 -0.809E-03      -1331.78  0.4857 -0.101E-02
         20.1305        0.00  0.6832 -0.961E+00      -2105.25  0.4474  0.350E-02      -1190.03  0.4949 -0.809E-03      -1331.78  0.4857 -0.101E-02
         20.1315        0.00  0.6832 -0.961E+00      -2105.24  0.4474  0.350E-02      -1190.03  0.4949 -0.809E-03      -1331.78  0.4857 -0.101E-02
         20.1326        0.00  0.6832 -0.961E+00      -2105.24  0.4474  0.350E-02      -1190.03  0.4949 -0.809E-03      -1331.77  0.4857 -0.101E-02
         20.1336        0.00  0.6832 -0.961E+00      -2105.24  0.4474  0.350E-02      -1190.03  0.4949 -0.809E-03      -1331.77  0.4857 -0.101E-02
         20.1347        0.00  0.6832 -0.961E+00      -2105.24  0.4474  0.350E-02      -1190.03  0.4949 -0.809E-03      -1331.77  0.4857 -0.101E-02
         20.1358        0.00  0.6832 -0.960E+00      -2105.24  0.4474  0.350E-02      -1190.03  0.4949 -0.809E-03      -1331.77  0.4857 -0.101E-02
         20.1368        0.00  0.6832 -0.961E+00      -2105.24  0.4474  0.350E-02      -1190.03  0.4949 -0.809E-03      -1331.77  0.4857 -0.101E-02
         20.1379        0.00  0.6832 -0.961E+00      -2105.24  0.4474  0.350E-02      -1190.03  0.4949 -0.809E-03      -1331.77  0.4857 -0.101E-02
         20.1389        0.00  0.6832 -0.960E+00      -2105.24  0.4474  0.350E-02      -1190.03  0.4949 -0.809E-03      -1331.77  0.4857 -0.101E-02
         20.1400        0.00  0.6832 -0.960E+00      -2105.24  0.4474  0.350E-02      -1190.03  0.4949 -0.809E-03      -1331.77  0.4857 -0.101E-02
         20.1411        0.00  0.6832 -0.960E+00      -2105.24  0.4474  0.350E-02      -1190.03  0.4949 -0.809E-03      -1331.77  0.4857 -0.101E-02
         20.1421        0.00  0.6832 -0.960E+00      -2105.24  0.4474  0.350E-02      -1190.03  0.4949 -0.809E-03      -1331.77  0.4857 -0.101E-02
         20.1432        0.00  0.6832 -0.960E+00      -2105.24  0.4474  0.350E-02      -1190.03  0.4949 -0.809E-03      -1331.76  0.4857 -0.101E-02
         20.1442        0.00  0.6832 -0.960E+00      -2105.24  0.4474  0.350E-02      -1190.03  0.4949 -0.809E-03      -1331.76  0.4857 -0.101E-02
         20.1453        0.00  0.6832 -0.959E+00      -2105.23  0.4474  0.350E-02      -1190.03  0.4949 -0.809E-03      -1331.76  0.4857 -0.101E-02
         20.1464        0.00  0.6832 -0.959E+00      -2105.23  0.4474  0.350E-02      -1190.03  0.4949 -0.809E-03      -1331.76  0.4857 -0.101E-02
         20.1474        0.00  0.6832 -0.959E+00      -2105.23  0.4474  0.350E-02      -1190.03  0.4949 -0.809E-03      -1331.76  0.4857 -0.101E-02
         20.1485        0.00  0.6832 -0.959E+00      -2105.23  0.4474  0.350E-02      -1190.03  0.4949 -0.809E-03      -1331.76  0.4857 -0.101E-02
         20.1495        0.00  0.6832 -0.959E+00      -2105.23  0.4474  0.350E-02      -1190.03  0.4949 -0.809E-03      -1331.76  0.4857 -0.101E-02
         20.1506        0.00  0.6832 -0.959E+00      -2105.23  0.4474  0.350E-02      -1190.03  0.4949 -0.809E-03      -1331.76  0.4857 -0.101E-02
         20.1517        0.00  0.6832 -0.959E+00      -2105.23  0.4474  0.350E-02      -1190.03  0.4949 -0.809E-03      -1331.76  0.4857 -0.101E-02
         20.1527        0.00  0.6832 -0.959E+00      -2105.23  0.4474  0.350E-02      -1190.03  0.4949 -0.809E-03      -1331.76  0.4857 -0.101E-02
         20.1538        0.00  0.6832 -0.959E+00      -2105.23  0.4474  0.350E-02      -1190.03  0.4949 -0.809E-03      -1331.76  0.4857 -0.101E-02
         20.1548        0.00  0.6832 -0.958E+00      -2105.23  0.4474  0.350E-02      -1190.03  0.4949 -0.809E-03      -1331.75  0.4857 -0.101E-02
         20.1559        0.00  0.6832 -0.958E+00      -2105.23  0.4474  0.350E-02      -1190.03  0.4949 -0.809E-03      -1331.75  0.4857 -0.101E-02
         20.1570        0.00  0.6832 -0.959E+00      -2105.23  0.4474  0.350E-02      -1190.03  0.4949 -0.809E-03      -1331.75  0.4857 -0.101E-02
         20.1580        0.00  0.6832 -0.958E+00      -2105.22  0.4474  0.350E-02      -1190.03  0.4949 -0.809E-03      -1331.75  0.4857 -0.101E-02
         20.1591        0.00  0.6832 -0.959E+00      -2105.22  0.4474  0.350E-02      -1190.03  0.4949 -0.809E-03      -1331.75  0.4857 -0.101E-02
         20.1601        0.00  0.6832 -0.959E+00      -2105.22  0.4474  0.350E-02      -1190.03  0.4949 -0.809E-03      -1331.75  0.4857 -0.101E-02
         20.1612        0.00  0.6832 -0.959E+00      -2105.22  0.4474  0.350E-02      -1190.03  0.4949 -0.809E-03      -1331.75  0.4857 -0.101E-02
         20.1623        0.00  0.6832 -0.959E+00      -2105.22  0.4474  0.350E-02      -1190.03  0.4949 -0.809E-03      -1331.75  0.4857 -0.101E-02
         20.1633        0.00  0.6832 -0.959E+00      -2105.22  0.4474  0.350E-02      -1190.03  0.4949 -0.809E-03      -1331.75  0.4857 -0.101E-02
         20.1644        0.00  0.6832 -0.959E+00      -2105.22  0.4474  0.350E-02      -1190.03  0.4949 -0.809E-03      -1331.75  0.4857 -0.101E-02
         20.1655        0.00  0.6832 -0.959E+00      -2105.22  0.4474  0.350E-02      -1190.03  0.4949 -0.809E-03      -1331.74  0.4857 -0.101E-02
         20.1665        0.00  0.6832 -0.959E+00      -2105.22  0.4474  0.350E-02      -1190.03  0.4949 -0.809E-03      -1331.74  0.4857 -0.101E-02
         20.1676        0.00  0.6832 -0.959E+00      -2105.22  0.4474  0.350E-02      -1190.03  0.4949 -0.809E-03      -1331.74  0.4857 -0.101E-02
         20.1686        0.00  0.6832 -0.958E+00      -2105.22  0.4474  0.350E-02      -1190.03  0.4949 -0.809E-03      -1331.74  0.4857 -0.101E-02
         20.1697        0.00  0.6832 -0.958E+00      -2105.22  0.4474  0.350E-02      -1190.03  0.4949 -0.809E-03      -1331.74  0.4857 -0.101E-02
         20.1708        0.00  0.6832 -0.958E+00      -2105.22  0.4474  0.350E-02      -1190.03  0.4949 -0.809E-03      -1331.74  0.4857 -0.101E-02
         20.1718        0.00  0.6832 -0.958E+00      -2105.21  0.4474  0.350E-02      -1190.03  0.4949 -0.809E-03      -1331.74  0.4857 -0.101E-02
         20.1729        0.00  0.6832 -0.959E+00      -2105.21  0.4474  0.350E-02      -1190.03  0.4949 -0.809E-03      -1331.74  0.4857 -0.101E-02
         20.1739        0.00  0.6832 -0.958E+00      -2105.21  0.4474  0.350E-02      -1190.03  0.4949 -0.809E-03      -1331.74  0.4857 -0.101E-02
         20.1750        0.00  0.6832 -0.958E+00      -2105.21  0.4474  0.350E-02      -1190.03  0.4949 -0.809E-03      -1331.74  0.4857 -0.101E-02
         20.1761        0.00  0.6832 -0.959E+00      -2105.21  0.4474  0.350E-02      -1190.03  0.4949 -0.809E-03      -1331.74  0.4857 -0.101E-02
         20.1771        0.00  0.6832 -0.959E+00      -2105.21  0.4474  0.350E-02      -1190.03  0.4949 -0.809E-03      -1331.73  0.4857 -0.101E-02
         20.1782        0.00  0.6832 -0.959E+00      -2105.21  0.4474  0.350E-02      -1190.03  0.4949 -0.809E-03      -1331.73  0.4857 -0.101E-02
         20.1792        0.00  0.6832 -0.960E+00      -2105.21  0.4474  0.350E-02      -1190.03  0.4949 -0.809E-03      -1331.73  0.4857 -0.101E-02
         20.1803       -0.81  0.6833 -0.116E+01      -2105.21  0.4474  0.350E-02      -1190.03  0.4949 -0.809E-03      -1331.73  0.4857 -0.101E-02
         20.1817        0.00  0.6832 -0.875E+00      -2105.21  0.4474  0.350E-02      -1190.03  0.4949 -0.809E-03      -1331.73  0.4857 -0.963E-03
         20.1835        0.00  0.6832 -0.115E+01      -2105.21  0.4474  0.350E-02      -1190.03  0.4949 -0.809E-03      -1331.73  0.4857 -0.104E-02
         20.1858        0.00  0.6832 -0.114E+01      -2105.20  0.4474  0.350E-02      -1190.03  0.4949 -0.809E-03      -1331.73  0.4857 -0.103E-02
         20.1888        0.00  0.6832 -0.113E+01      -2105.20  0.4474  0.350E-02      -1190.03  0.4949 -0.809E-03      -1331.72  0.4857 -0.104E-02
         20.1928        0.00  0.6832 -0.112E+01      -2105.20  0.4474  0.350E-02      -1190.03  0.4949 -0.809E-03      -1331.72  0.4857 -0.102E-02
         20.1979        0.00  0.6832 -0.111E+01      -2105.20  0.4474  0.350E-02      -1190.03  0.4949 -0.809E-03      -1331.72  0.4857 -0.102E-02
         20.2045        0.00  0.6832 -0.110E+01      -2105.19  0.4474  0.350E-02      -1190.03  0.4949 -0.809E-03      -1331.71  0.4857 -0.102E-02
         20.2132        0.00  0.6832 -0.108E+01      -2105.19  0.4474  0.350E-02      -1190.03  0.4949 -0.809E-03      -1331.70  0.4857 -0.103E-02
         20.2244        0.00  0.6832 -0.107E+01      -2105.18  0.4474  0.350E-02      -1190.03  0.4949 -0.809E-03      -1331.69  0.4857 -0.103E-02
         20.2391        0.00  0.6832 -0.105E+01      -2105.17  0.4474  0.350E-02      -1190.03  0.4949 -0.809E-03      -1331.68  0.4857 -0.102E-02
         20.2581        0.00  0.6832 -0.103E+01      -2105.16  0.4474  0.350E-02      -1190.03  0.4949 -0.809E-03      -1331.67  0.4857 -0.103E-02
         20.2828        0.00  0.6832 -0.102E+01      -2105.15  0.4474  0.350E-02      -1190.03  0.4949 -0.809E-03      -1331.65  0.4857 -0.103E-02
         20.3149        0.00  0.6832 -0.999E+00      -2105.13  0.4474  0.350E-02      -1190.03  0.4949 -0.809E-03      -1331.62  0.4857 -0.103E-02
         20.3566        0.00  0.6832 -0.982E+00      -2105.10  0.4474  0.350E-02      -1190.03  0.4949 -0.809E-03      -1331.59  0.4857 -0.103E-02
         20.4109        0.00  0.6832 -0.965E+00      -2105.07  0.4474  0.350E-02      -1190.03  0.4949 -0.809E-03      -1331.54  0.4858 -0.103E-02
         20.4815        0.00  0.6832 -0.947E+00      -2105.02  0.4474  0.350E-02      -1190.03  0.4949 -0.809E-03      -1331.48  0.4858 -0.103E-02
         20.5732        0.00  0.6832 -0.927E+00      -2104.97  0.4474  0.350E-02      -1190.03  0.4949 -0.809E-03      -1331.41  0.4858 -0.103E-02
         20.6925        0.00  0.6832 -0.906E+00      -2104.90  0.4474  0.350E-02      -1190.04  0.4949 -0.809E-03      -1331.31  0.4858 -0.103E-02
         20.8475        0.00  0.6832 -0.883E+00      -2104.80  0.4474  0.350E-02      -1190.04  0.4949 -0.809E-03      -1331.19  0.4858 -0.103E-02
         21.0490        0.00  0.6832 -0.857E+00      -2104.68  0.4474  0.350E-02      -1190.04  0.4949 -0.809E-03      -1331.03  0.4858 -0.103E-02
         21.3110        0.00  0.6832 -0.830E+00      -2104.52  0.4474  0.350E-02      -1190.04  0.4949 -0.809E-03      -1330.82  0.4858 -0.103E-02
         21.6516        0.00  0.6832 -0.796E+00      -2104.31  0.4475  0.351E-02      -1190.05  0.4949 -0.809E-03      -1330.56  0.4858 -0.103E-02
         22.0944        0.00  0.6832 -0.764E+00      -2104.04  0.4475  0.351E-02      -1190.05  0.4949 -0.809E-03      -1330.22  0.4858 -0.103E-02
         22.5372        0.00  0.6832 -0.734E+00      -2103.77  0.4475  0.351E-02      -1190.06  0.4949 -0.809E-03      -1329.89  0.4859 -0.103E-02
         22.9800        0.00  0.6832 -0.705E+00      -2103.50  0.4475  0.351E-02      -1190.07  0.4949 -0.809E-03      -1329.57  0.4859 -0.103E-02
         23.5556        0.00  0.6832 -0.679E+00      -2103.15  0.4475  0.351E-02      -1190.07  0.4949 -0.808E-03      -1329.16  0.4859 -0.103E-02
         24.1312        0.00  0.6832 -0.654E+00      -2102.79  0.4475  0.351E-02      -1190.08  0.4949 -0.808E-03      -1328.76  0.4859 -0.103E-02
         24.7181        0.00  0.6832 -0.629E+00      -2102.43  0.4475  0.351E-02      -1190.09  0.4949 -0.808E-03      -1328.36  0.4860 -0.103E-02
         25.4726        0.00  0.6832 -0.608E+00      -2101.96  0.4475  0.351E-02      -1190.10  0.4949 -0.808E-03      -1327.85  0.4860 -0.103E-02
         26.2272        0.00  0.6832 -0.588E+00      -2101.49  0.4476  0.352E-02      -1190.11  0.4949 -0.808E-03      -1327.36  0.4860 -0.103E-02
         26.9818        0.00  0.6832 -0.569E+00      -2101.02  0.4476  0.352E-02      -1190.12  0.4949 -0.808E-03      -1326.88  0.4860 -0.103E-02
         27.7363        0.00  0.6832 -0.552E+00      -2100.55  0.4476  0.352E-02      -1190.13  0.4949 -0.808E-03      -1326.41  0.4861 -0.104E-02
         28.4909        0.00  0.6832 -0.534E+00      -2100.07  0.4476  0.352E-02      -1190.14  0.4949 -0.808E-03      -1325.95  0.4861 -0.104E-02
         29.2454        0.00  0.6832 -0.521E+00      -2099.60  0.4476  0.352E-02      -1190.15  0.4949 -0.808E-03      -1325.50  0.4861 -0.104E-02
         30.0000        0.00  0.6832 -0.511E+00      -2099.12  0.4477  0.352E-02      -1190.16  0.4949 -0.808E-03      -1325.06  0.4862 -0.104E-02
         30.0001       -0.03  0.6832 -0.281E+00      -2099.12  0.4477  0.352E-02      -1190.16  0.4949 -0.808E-03      -1325.06  0.4862 -0.122E-02
         30.0002       -0.05  0.6832 -0.280E+00      -2099.12  0.4477  0.352E-02      -1190.16  0.4949 -0.808E-03      -1325.06  0.4862 -0.122E-02
         30.0004       -0.16  0.6832 -0.279E+00      -2099.12  0.4477  0.352E-02      -1190.16  0.4949 -0.808E-03      -1325.06  0.4862 -0.122E-02
         30.0005       -0.21  0.6832 -0.281E+00      -2099.12  0.4477  0.352E-02      -1190.16  0.4949 -0.808E-03      -1325.06  0.4862 -0.122E-02
         30.0007       -0.30  0.6832 -0.280E+00      -2099.12  0.4477  0.352E-02      -1190.16  0.4949 -0.808E-03      -1325.06  0.4862 -0.122E-02
         30.0010       -0.38  0.6832 -0.280E+00      -2099.12  0.4477  0.352E-02      -1190.16  0.4949 -0.808E-03      -1325.06  0.4862 -0.122E-02
         30.0014       -0.49  0.6832 -0.280E+00      -2099.12  0.4477  0.352E-02      -1190.16  0.4949 -0.808E-03      -1325.06  0.4862 -0.819E-03
         30.0019       -0.60  0.6832 -0.280E+00      -2099.12  0.4477  0.352E-02      -1190.16  0.4949 -0.808E-03      -1325.06  0.4862 -0.912E-03
         30.0025       -0.73  0.6831 -0.280E+00      -2099.12  0.4477  0.352E-02      -1190.16  0.4949 -0.808E-03      -1325.06  0.4862 -0.983E-03
         30.0033       -0.88  0.6831 -0.280E+00      -2099.12  0.4477  0.352E-02      -1190.16  0.4949 -0.808E-03      -1325.06  0.4862 -0.104E-02
         30.0044       -1.04  0.6831 -0.280E+00      -2099.12  0.4477  0.352E-02      -1190.16  0.4949 -0.808E-03      -1325.06  0.4862 -0.108E-02
         30.0058       -1.23  0.6831 -0.280E+00      -2099.12  0.4477  0.352E-02      -1190.16  0.4949 -0.808E-03      -1325.06  0.4862 -0.100E-02
         30.0076       -1.43  0.6831 -0.280E+00      -2099.12  0.4477  0.352E-02      -1190.16  0.4949 -0.808E-03      -1325.06  0.4862 -0.105E-02
         30.0099       -1.66  0.6830 -0.280E+00      -2099.12  0.4477  0.352E-02      -1190.16  0.4949 -0.808E-03      -1325.05  0.4862 -0.103E-02
         30.0129       -1.92  0.6830 -0.280E+00      -2099.12  0.4477  0.352E-02      -1190.16  0.4949 -0.808E-03      -1325.05  0.4862 -0.102E-02
         30.0169       -2.21  0.6830 -0.280E+00      -2099.11  0.4477  0.352E-02      -1190.16  0.4949 -0.808E-03      -1325.05  0.4862 -0.103E-02
         30.0220       -2.52  0.6829 -0.280E+00      -2099.11  0.4477  0.352E-02      -1190.16  0.4949 -0.808E-03      -1325.05  0.4862 -0.105E-02
         30.0286       -2.87  0.6829 -0.280E+00      -2099.11  0.4477  0.352E-02      -1190.16  0.4949 -0.808E-03      -1325.04  0.4862 -0.104E-02
         30.0373       -3.26  0.6828 -0.280E+00      -2099.10  0.4477  0.352E-02      -1190.16  0.4949 -0.808E-03      -1325.04  0.4862 -0.103E-02
         30.0485       -3.70  0.6828 -0.280E+00      -2099.09  0.4477  0.352E-02      -1190.16  0.4949 -0.808E-03      -1325.03  0.4862 -0.104E-02
         30.0631       -4.19  0.6827 -0.280E+00      -2099.08  0.4477  0.352E-02      -1190.16  0.4949 -0.808E-03      -1325.02  0.4862 -0.104E-02
         30.0822       -4.74  0.6826 -0.280E+00      -2099.07  0.4477  0.352E-02      -1190.16  0.4949 -0.808E-03      -1325.01  0.4862 -0.104E-02
         30.1069       -5.36  0.6825 -0.280E+00      -2099.06  0.4477  0.352E-02      -1190.16  0.4949 -0.808E-03      -1325.00  0.4862 -0.104E-02
         30.1390       -6.05  0.6824 -0.280E+00      -2099.04  0.4477  0.352E-02      -1190.16  0.4949 -0.808E-03      -1324.98  0.4862 -0.104E-02
         30.1807       -6.81  0.6823 -0.280E+00      -2099.01  0.4477  0.353E-02      -1190.16  0.4949 -0.808E-03      -1324.95  0.4862 -0.104E-02
         30.2350       -7.66  0.6822 -0.280E+00      -2098.98  0.4477  0.353E-02      -1190.16  0.4949 -0.808E-03      -1324.92  0.4862 -0.104E-02
         30.3056       -8.58  0.6820 -0.280E+00      -2098.93  0.4477  0.353E-02      -1190.16  0.4949 -0.808E-03      -1324.88  0.4862 -0.104E-02
         30.3973       -9.60  0.6818 -0.280E+00      -2098.87  0.4477  0.353E-02      -1190.16  0.4949 -0.808E-03      -1324.83  0.4862 -0.104E-02
         30.5166      -10.70  0.6816 -0.280E+00      -2098.80  0.4477  0.353E-02      -1190.16  0.4949 -0.808E-03      -1324.76  0.4862 -0.104E-02
         30.6716      -11.86  0.6814 -0.280E+00      -2098.70  0.4477  0.353E-02      -1190.16  0.4949 -0.808E-03      -1324.67  0.4862 -0.104E-02
         30.8731      -13.10  0.6812 -0.280E+00      -2098.57  0.4477  0.353E-02      -1190.17  0.4949 -0.807E-03      -1324.56  0.4862 -0.104E-02
         31.1351      -14.36  0.6809 -0.280E+00      -2098.41  0.4477  0.353E-02      -1190.17  0.4949 -0.807E-03      -1324.41  0.4862 -0.104E-02
         31.4757      -15.65  0.6806 -0.280E+00      -2098.19  0.4477  0.353E-02      -1190.18  0.4948 -0.807E-03      -1324.21  0.4862 -0.104E-02
         31.9185      -16.90  0.6804 -0.280E+00      -2097.91  0.4477  0.353E-02      -1190.18  0.4948 -0.807E-03      -1323.97  0.4862 -0.104E-02
         32.4941      -18.08  0.6801 -0.280E+00      -2097.55  0.4477  0.353E-02      -1190.19  0.4948 -0.807E-03      -1323.65  0.4862 -0.104E-02
         33.2447      -19.20  0.6799 -0.280E+00      -2097.07  0.4477  0.353E-02      -1190.20  0.4948 -0.807E-03      -1323.24  0.4863 -0.104E-02
         34.2097      -20.02  0.6798 -0.280E+00      -2096.46  0.4478  0.353E-02      -1190.21  0.4948 -0.806E-03      -1322.73  0.4863 -0.104E-02
         35.3678      -20.45  0.6797 -0.280E+00      -2095.72  0.4478  0.354E-02      -1190.23  0.4948 -0.806E-03      -1322.13  0.4863 -0.104E-02
         36.9119      -20.63  0.6796 -0.280E+00      -2094.74  0.4478  0.354E-02      -1190.26  0.4948 -0.805E-03      -1321.35  0.4864 -0.104E-02
         38.4559      -20.50  0.6796 -0.280E+00      -2093.76  0.4479  0.354E-02      -1190.28  0.4948 -0.804E-03      -1320.59  0.4864 -0.104E-02
         40.0000      -20.14  0.6797 -0.280E+00      -2092.78  0.4479  0.355E-02      -1190.31  0.4948 -0.802E-03      -1319.85  0.4865 -0.105E-02
         40.0001      -20.14  0.6797 -0.100E+00      -2092.78  0.4479  0.355E-02      -1190.31  0.4948 -0.802E-03      -1319.85  0.4865 -0.120E-02
         40.0002      -20.16  0.6797 -0.997E-01      -2092.78  0.4479  0.355E-02      -1190.31  0.4948 -0.802E-03      -1319.85  0.4865 -0.120E-02
         40.0004      -20.19  0.6797 -0.100E+00      -2092.78  0.4479  0.355E-02      -1190.31  0.4948 -0.802E-03      -1319.85  0.4865 -0.120E-02
         40.0006      -20.22  0.6797 -0.998E-01      -2092.77  0.4479  0.355E-02      -1190.31  0.4948 -0.802E-03      -1319.85  0.4865 -0.120E-02
         40.0009      -20.27  0.6797 -0.100E+00      -2092.77  0.4479  0.355E-02      -1190.31  0.4948 -0.802E-03      -1319.85  0.4865 -0.120E-02
         40.0013      -20.33  0.6797 -0.100E+00      -2092.77  0.4479  0.355E-02      -1190.31  0.4948 -0.802E-03      -1319.85  0.4865 -0.120E-02
         40.0018      -20.41  0.6797 -0.999E-01      -2092.77  0.4479  0.355E-02      -1190.31  0.4948 -0.802E-03      -1319.85  0.4865 -0.120E-02
         40.0024      -20.51  0.6796 -0.100E+00      -2092.77  0.4479  0.355E-02      -1190.31  0.4948 -0.802E-03      -1319.85  0.4865 -0.959E-03
         40.0032      -20.64  0.6796 -0.100E+00      -2092.77  0.4479  0.355E-02      -1190.31  0.4948 -0.802E-03      -1319.85  0.4865 -0.101E-02
         40.0043      -20.80  0.6796 -0.999E-01      -2092.77  0.4479  0.355E-02      -1190.31  0.4948 -0.802E-03      -1319.85  0.4865 -0.106E-02
         40.0056      -21.01  0.6795 -0.999E-01      -2092.77  0.4479  0.355E-02      -1190.31  0.4948 -0.802E-03      -1319.85  0.4865 -0.109E-02
         40.0074      -21.28  0.6795 -0.100E+00      -2092.77  0.4479  0.355E-02      -1190.31  0.4948 -0.802E-03      -1319.85  0.4865 -0.103E-02
         40.0098      -21.62  0.6794 -0.100E+00      -2092.77  0.4479  0.355E-02      -1190.31  0.4948 -0.802E-03      -1319.85  0.4865 -0.107E-02
         40.0128      -22.04  0.6793 -0.100E+00      -2092.77  0.4479  0.355E-02      -1190.31  0.4948 -0.802E-03      -1319.85  0.4865 -0.105E-02
         40.0167      -22.55  0.6792 -0.100E+00      -2092.77  0.4479  0.355E-02      -1190.31  0.4948 -0.802E-03      -1319.84  0.4865 -0.104E-02
         40.0218      -23.18  0.6791 -0.100E+00      -2092.76  0.4479  0.355E-02      -1190.31  0.4948 -0.802E-03      -1319.84  0.4865 -0.105E-02
         40.0285      -23.91  0.6789 -0.100E+00      -2092.76  0.4479  0.355E-02      -1190.31  0.4948 -0.802E-03      -1319.84  0.4865 -0.104E-02
         40.0372      -24.79  0.6787 -0.100E+00      -2092.75  0.4479  0.355E-02      -1190.31  0.4948 -0.802E-03      -1319.83  0.4865 -0.104E-02
         40.0484      -25.82  0.6785 -0.100E+00      -2092.75  0.4479  0.355E-02      -1190.31  0.4948 -0.802E-03      -1319.83  0.4865 -0.105E-02
         40.0630      -27.00  0.6782 -0.100E+00      -2092.74  0.4479  0.355E-02      -1190.31  0.4948 -0.802E-03      -1319.82  0.4865 -0.104E-02
         40.0820      -28.34  0.6779 -0.100E+00      -2092.72  0.4479  0.355E-02      -1190.31  0.4948 -0.802E-03      -1319.81  0.4865 -0.105E-02
         40.1067      -29.81  0.6775 -0.100E+00      -2092.71  0.4479  0.355E-02      -1190.31  0.4948 -0.802E-03      -1319.80  0.4865 -0.105E-02
         40.1388      -31.42  0.6771 -0.100E+00      -2092.69  0.4479  0.355E-02      -1190.31  0.4948 -0.802E-03      -1319.79  0.4865 -0.105E-02
         40.1806      -33.21  0.6767 -0.100E+00      -2092.66  0.4479  0.355E-02      -1190.32  0.4948 -0.802E-03      -1319.77  0.4865 -0.105E-02
         40.2349      -35.17  0.6763 -0.100E+00      -2092.63  0.4479  0.355E-02      -1190.32  0.4948 -0.802E-03      -1319.74  0.4865 -0.105E-02
         40.3054      -37.32  0.6757 -0.100E+00      -2092.58  0.4479  0.355E-02      -1190.32  0.4948 -0.802E-03      -1319.71  0.4865 -0.105E-02
         40.3972      -39.65  0.6752 -0.100E+00      -2092.52  0.4479  0.355E-02      -1190.32  0.4948 -0.802E-03      -1319.66  0.4865 -0.105E-02
         40.5164      -42.25  0.6745 -0.100E+00      -2092.45  0.4479  0.355E-02      -1190.32  0.4948 -0.802E-03      -1319.61  0.4865 -0.105E-02
         40.6715      -45.11  0.6738 -0.100E+00      -2092.35  0.4479  0.355E-02      -1190.33  0.4948 -0.802E-03      -1319.53  0.4865 -0.105E-02
         40.8730      -48.26  0.6730 -0.100E+00      -2092.22  0.4479  0.355E-02      -1190.33  0.4948 -0.802E-03      -1319.44  0.4865 -0.105E-02
         41.1350      -51.72  0.6721 -0.100E+00      -2092.05  0.4479  0.355E-02      -1190.33  0.4948 -0.801E-03      -1319.31  0.4865 -0.105E-02
         41.4756      -55.53  0.6711 -0.100E+00      -2091.84  0.4479  0.355E-02      -1190.34  0.4948 -0.801E-03      -1319.15  0.4865 -0.105E-02
         41.9184      -59.74  0.6700 -0.100E+00      -2091.56  0.4479  0.355E-02      -1190.35  0.4948 -0.801E-03      -1318.95  0.4865 -0.105E-02
         42.4940      -64.29  0.6688 -0.100E+00      -2091.19  0.4480  0.355E-02      -1190.36  0.4948 -0.800E-03      -1318.68  0.4866 -0.105E-02
         43.2446      -69.22  0.6675 -0.100E+00      -2090.71  0.4480  0.355E-02      -1190.38  0.4948 -0.799E-03      -1318.34  0.4866 -0.105E-02
         44.2096      -74.50  0.6662 -0.100E+00      -2090.10  0.4480  0.356E-02      -1190.40  0.4948 -0.798E-03      -1317.91  0.4866 -0.105E-02
         45.3677      -79.71  0.6648 -0.100E+00      -2089.37  0.4480  0.356E-02      -1190.43  0.4948 -0.796E-03      -1317.40  0.4866 -0.105E-02
         46.9118      -85.43  0.6633 -0.100E+00      -2088.39  0.4481  0.356E-02      -1190.47  0.4948 -0.794E-03      -1316.73  0.4867 -0.105E-02
         50.0000      -93.41  0.6612 -0.100E+00      -2086.45  0.4481  0.357E-02      -1190.56  0.4948 -0.788E-03      -1315.44  0.4868 -0.105E-02
         50.0001      -93.33  0.6612 -0.198E-01      -2086.45  0.4481  0.357E-02      -1190.56  0.4948 -0.788E-03      -1315.44  0.4868 -0.118E-02
         50.0002      -93.36  0.6612 -0.207E-01      -2086.45  0.4481  0.357E-02      -1190.56  0.4948 -0.788E-03      -1315.44  0.4868 -0.118E-02
         50.0004      -93.36  0.6612 -0.203E-01      -2086.45  0.4481  0.357E-02      -1190.56  0.4948 -0.788E-03      -1315.44  0.4868 -0.118E-02
         50.0006      -93.38  0.6612 -0.204E-01      -2086.45  0.4481  0.357E-02      -1190.56  0.4948 -0.788E-03      -1315.44  0.4868 -0.118E-02
         50.0009      -93.39  0.6612 -0.196E-01      -2086.45  0.4481  0.357E-02      -1190.56  0.4948 -0.788E-03      -1315.44  0.4868 -0.118E-02
         50.0013      -93.41  0.6612 -0.203E-01      -2086.45  0.4481  0.357E-02      -1190.56  0.4948 -0.788E-03      -1315.44  0.4868 -0.118E-02
         50.0018      -93.44  0.6611 -0.201E-01      -2086.45  0.4481  0.357E-02      -1190.56  0.4948 -0.788E-03      -1315.44  0.4868 -0.875E-03
         50.0024      -93.48  0.6611 -0.200E-01      -2086.45  0.4481  0.357E-02      -1190.56  0.4948 -0.788E-03      -1315.44  0.4868 -0.118E-02
         50.0032      -93.53  0.6611 -0.198E-01      -2086.45  0.4481  0.357E-02      -1190.56  0.4948 -0.788E-03      -1315.44  0.4868 -0.100E-02
         50.0043      -93.60  0.6611 -0.200E-01      -2086.45  0.4481  0.357E-02      -1190.56  0.4948 -0.788E-03      -1315.44  0.4868 -0.104E-02
         50.0056      -93.68  0.6611 -0.200E-01      -2086.45  0.4481  0.357E-02      -1190.56  0.4948 -0.788E-03      -1315.44  0.4868 -0.108E-02
         50.0074      -93.79  0.6610 -0.200E-01      -2086.45  0.4481  0.357E-02      -1190.56  0.4948 -0.788E-03      -1315.44  0.4868 -0.110E-02
         50.0098      -93.93  0.6610 -0.199E-01      -2086.45  0.4481  0.357E-02      -1190.56  0.4948 -0.788E-03      -1315.44  0.4868 -0.106E-02
         50.0128      -94.11  0.6610 -0.200E-01      -2086.45  0.4481  0.357E-02      -1190.57  0.4948 -0.788E-03      -1315.44  0.4868 -0.104E-02
         50.0167      -94.35  0.6609 -0.200E-01      -2086.44  0.4481  0.357E-02      -1190.56  0.4948 -0.788E-03      -1315.44  0.4868 -0.103E-02
         50.0218      -94.64  0.6608 -0.200E-01      -2086.44  0.4481  0.357E-02      -1190.56  0.4948 -0.788E-03      -1315.43  0.4868 -0.104E-02
         50.0285      -95.02  0.6607 -0.200E-01      -2086.44  0.4481  0.357E-02      -1190.56  0.4948 -0.788E-03      -1315.43  0.4868 -0.105E-02
         50.0372      -95.50  0.6606 -0.200E-01      -2086.43  0.4481  0.357E-02      -1190.57  0.4948 -0.788E-03      -1315.43  0.4868 -0.106E-02
         50.0484      -96.10  0.6604 -0.200E-01      -2086.43  0.4481  0.357E-02      -1190.57  0.4948 -0.788E-03      -1315.42  0.4868 -0.105E-02
         50.0630      -96.84  0.6602 -0.200E-01      -2086.42  0.4481  0.357E-02      -1190.57  0.4948 -0.788E-03      -1315.42  0.4868 -0.105E-02
         50.0820      -97.76  0.6600 -0.200E-01      -2086.40  0.4481  0.357E-02      -1190.57  0.4948 -0.788E-03      -1315.41  0.4868 -0.105E-02
         50.1067      -98.87  0.6597 -0.200E-01      -2086.39  0.4481  0.357E-02      -1190.57  0.4948 -0.788E-03      -1315.40  0.4868 -0.105E-02
         50.1388     -100.20  0.6593 -0.200E-01      -2086.37  0.4481  0.357E-02      -1190.57  0.4948 -0.788E-03      -1315.39  0.4868 -0.105E-02
         50.1806     -101.78  0.6589 -0.200E-01      -2086.34  0.4481  0.357E-02      -1190.57  0.4948 -0.788E-03      -1315.37  0.4868 -0.105E-02
         50.2349     -103.61  0.6584 -0.200E-01      -2086.31  0.4481  0.357E-02      -1190.57  0.4948 -0.788E-03      -1315.35  0.4868 -0.105E-02
         50.3054     -105.72  0.6579 -0.200E-01      -2086.26  0.4481  0.357E-02      -1190.57  0.4948 -0.788E-03      -1315.32  0.4868 -0.105E-02
         50.3972     -108.12  0.6572 -0.200E-01      -2086.21  0.4481  0.357E-02      -1190.58  0.4948 -0.788E-03      -1315.28  0.4868 -0.105E-02
         50.5164     -110.83  0.6565 -0.200E-01      -2086.13  0.4481  0.357E-02      -1190.58  0.4948 -0.787E-03      -1315.23  0.4868 -0.105E-02
         50.6715     -113.89  0.6557 -0.200E-01      -2086.03  0.4481  0.357E-02      -1190.58  0.4948 -0.787E-03      -1315.16  0.4868 -0.105E-02
         50.8730     -117.37  0.6548 -0.200E-01      -2085.91  0.4482  0.357E-02      -1190.59  0.4948 -0.787E-03      -1315.08  0.4868 -0.105E-02
         51.1350     -121.43  0.6537 -0.200E-01      -2085.74  0.4482  0.357E-02      -1190.60  0.4948 -0.786E-03      -1314.97  0.4868 -0.105E-02
         51.4756     -126.08  0.6525 -0.200E-01      -2085.53  0.4482  0.357E-02      -1190.61  0.4948 -0.785E-03      -1314.83  0.4868 -0.105E-02
         51.9184     -131.41  0.6511 -0.200E-01      -2085.26  0.4482  0.357E-02      -1190.63  0.4948 -0.785E-03      -1314.65  0.4868 -0.105E-02
         52.4940     -137.51  0.6495 -0.200E-01      -2084.90  0.4482  0.357E-02      -1190.65  0.4948 -0.783E-03      -1314.42  0.4868 -0.106E-02
         53.2446     -144.53  0.6476 -0.200E-01      -2084.43  0.4482  0.357E-02      -1190.67  0.4948 -0.782E-03      -1314.12  0.4868 -0.106E-02
         54.2096     -152.72  0.6455 -0.200E-01      -2083.83  0.4482  0.357E-02      -1190.71  0.4948 -0.780E-03      -1313.74  0.4869 -0.106E-02
         55.3677     -161.61  0.6433 -0.200E-01      -2083.12  0.4483  0.357E-02      -1190.75  0.4948 -0.777E-03      -1313.29  0.4869 -0.106E-02
         56.9118     -171.91  0.6406 -0.200E-01      -2082.17  0.4483  0.358E-02      -1190.82  0.4948 -0.773E-03      -1312.69  0.4869 -0.106E-02
         60.0000     -188.97  0.6363 -0.200E-01      -2080.31  0.4484  0.358E-02      -1190.96  0.4948 -0.764E-03      -1311.54  0.4870 -0.106E-02
         62.5000     -215.81  0.6300 -0.270E-07      -2078.82  0.4484  0.358E-02      -1191.09  0.4948 -0.757E-03      -1310.62  0.4871 -0.106E-02
         66.2500     -243.18  0.6236 -0.186E-07      -2076.63  0.4485  0.358E-02      -1191.31  0.4948 -0.744E-03      -1309.29  0.4871 -0.106E-02
         70.0000     -267.25  0.6183  0.931E-08      -2074.49  0.4486  0.358E-02      -1191.55  0.4947 -0.730E-03      -1308.00  0.4872 -0.107E-02
end
