 ******* Program HYDRUS
 ******* 
 Welcome to HYDRUS-1D                                                    
 Date:  25. 9.    Time:  15:11:48
 Units: L = mm   , T = min  , M = mmol 


    TLevel      Time          dt      Iter    ItCum  KodT  KodB  Convergency

        1  0.1000010E+02  0.10000E-03    2        2    -4    -5     T
        2  0.1000020E+02  0.10000E-03    2        4    -4    -5     T
        3  0.1000033E+02  0.13333E-03    2        6    -4    -5     T
        4  0.1000050E+02  0.16667E-03    2        8    -4    -5     T
        5  0.1000075E+02  0.25000E-03    2       10    -4    -5     T
        6  0.1000100E+02  0.25000E-03    2       12    -4    -5     T
        7  0.1000110E+02  0.10000E-03    2       14    -4    -5     T
        8  0.1000123E+02  0.13000E-03    2       16    -4    -5     T
        9  0.1000140E+02  0.16900E-03    2       18    -4    -5     T
       10  0.1000162E+02  0.21970E-03    2       20    -4    -5     T
       11  0.1000190E+02  0.28561E-03    2       22    -4    -5     T
       12  0.1000228E+02  0.37129E-03    2       24    -4    -5     T
       13  0.1000276E+02  0.48268E-03    2       26    -4    -5     T
       14  0.1000339E+02  0.62748E-03    2       28    -4    -5     T
       15  0.1000420E+02  0.81573E-03    2       30    -4    -5     T
       16  0.1000526E+02  0.10604E-02    2       32    -4    -5     T
       17  0.1000664E+02  0.13786E-02    2       34    -4    -5     T
       18  0.1000843E+02  0.17922E-02    2       36    -4    -5     T
       19  0.1001076E+02  0.23298E-02    2       38    -4    -5     T
       20  0.1001379E+02  0.30287E-02    2       40    -4    -5     T
       21  0.1001773E+02  0.39374E-02    2       42    -4    -5     T
       22  0.1002285E+02  0.51186E-02    2       44    -4    -5     T
       23  0.1002950E+02  0.66542E-02    2       46    -4    -5     T
       24  0.1003815E+02  0.86504E-02    2       48    -4    -5     T
       25  0.1004940E+02  0.11246E-01    2       50    -4    -5     T
       26  0.1006402E+02  0.14619E-01    2       52    -4    -5     T
       27  0.1008302E+02  0.19005E-01    2       54    -4    -5     T
       28  0.1010773E+02  0.24706E-01    2       56    -4    -5     T
       29  0.1013985E+02  0.32118E-01    2       58    -4    -5     T
       30  0.1018160E+02  0.41754E-01    2       60    -4    -5     T
       31  0.1023588E+02  0.54280E-01    2       62    -4    -5     T
       32  0.1030644E+02  0.70564E-01    3       65    -4    -5     T
       33  0.1039818E+02  0.91733E-01    2       67    -4    -5     T
       34  0.1051743E+02  0.11925E+00    4       71    -4    -5     T
       35  0.1063668E+02  0.11925E+00    2       73    -4    -5     T
       36  0.1079171E+02  0.15503E+00    4       77    -4    -5     T
       37  0.1094674E+02  0.15503E+00    4       81    -4    -5     T
       38  0.1110177E+02  0.15503E+00    4       85    -4    -5     T
       39  0.1125680E+02  0.15503E+00    3       88    -4    -5     T
       40  0.1145834E+02  0.20154E+00    3       91    -4    -5     T
       41  0.1172034E+02  0.26200E+00    3       94    -4    -5     T
       42  0.1206094E+02  0.34060E+00    4       98    -4    -5     T
       43  0.1240154E+02  0.34060E+00    5      103    -4    -5     T
       44  0.1274213E+02  0.34060E+00    4      107    -4    -5     T
       45  0.1308273E+02  0.34060E+00    4      111    -4    -5     T
       46  0.1342333E+02  0.34060E+00    4      115    -4    -5     T
       47  0.1376393E+02  0.34060E+00    4      119    -4    -5     T
       48  0.1410453E+02  0.34060E+00    4      123    -4    -5     T
       49  0.1444513E+02  0.34060E+00    4      127    -4    -5     T
       50  0.1478573E+02  0.34060E+00    4      131    -4    -5     T
       51  0.1512633E+02  0.34060E+00    3      134    -4    -5     T
       52  0.1556911E+02  0.44278E+00    5      139    -4    -5     T
       53  0.1601220E+02  0.44309E+00    5      144    -4    -5     T
       54  0.1645528E+02  0.44309E+00    4      148    -4    -5     T
       55  0.1689837E+02  0.44309E+00    4      152    -4    -5     T
       56  0.1734146E+02  0.44309E+00    5      157    -4    -5     T
       57  0.1778455E+02  0.44309E+00    4      161    -4    -5     T
       58  0.1822764E+02  0.44309E+00    4      165    -4    -5     T
       59  0.1867073E+02  0.44309E+00    4      169    -4    -5     T
       60  0.1911382E+02  0.44309E+00    4      173    -4    -5     T
       61  0.1955691E+02  0.44309E+00    4      177    -4    -5     T
       62  0.2000000E+02  0.44309E+00    4      181    -4    -5     T
       63  0.2000010E+02  0.10000E-03    2      183    -4    -5     T
       64  0.2000023E+02  0.13000E-03    2      185    -4    -5     T
       65  0.2000040E+02  0.16900E-03    2      187    -4    -5     T
       66  0.2000062E+02  0.21970E-03    2      189    -4    -5     T
       67  0.2000090E+02  0.28561E-03    2      191    -4    -5     T
       68  0.2000128E+02  0.37129E-03    2      193    -4    -5     T
       69  0.2000176E+02  0.48268E-03    2      195    -4    -5     T
       70  0.2000239E+02  0.62748E-03    2      197    -4    -5     T
       71  0.2000320E+02  0.81573E-03    2      199    -4    -5     T
       72  0.2000426E+02  0.10604E-02    2      201    -4    -5     T
       73  0.2000564E+02  0.13786E-02    2      203    -4    -5     T
       74  0.2000743E+02  0.17922E-02    2      205    -4    -5     T
       75  0.2000976E+02  0.23298E-02    2      207    -4    -5     T
       76  0.2001279E+02  0.30287E-02    2      209    -4    -5     T
       77  0.2001673E+02  0.39374E-02    2      211    -4    -5     T
       78  0.2002185E+02  0.51186E-02    2      213    -4    -5     T
       79  0.2002850E+02  0.66542E-02    2      215    -4    -5     T
       80  0.2003715E+02  0.86504E-02    2      217    -4    -5     T
       81  0.2004840E+02  0.11246E-01    2      219    -4    -5     T
       82  0.2006302E+02  0.14619E-01    2      221    -4    -5     T
       83  0.2008202E+02  0.19005E-01    2      223    -4    -5     T
       84  0.2010673E+02  0.24706E-01    2      225    -4    -5     T
       85  0.2013885E+02  0.32118E-01    2      227    -4    -5     T
       86  0.2015276E+02  0.13918E-01    2      239    -4    -5     T
       87  0.2017086E+02  0.18093E-01    3      242     4    -5     T
       88  0.2017870E+02  0.78404E-02    2      254    -4    -5     T
       89  0.2018889E+02  0.10193E-01    2      256    -4    -5     T
       90  0.2020214E+02  0.13250E-01    2      258    -4    -5     T
       91  0.2020788E+02  0.57418E-02    2      270    -4    -5     T
       92  0.2021037E+02  0.24881E-02    2      282    -4    -5     T
       93  0.2021361E+02  0.32346E-02    2      284    -4    -5     T
       94  0.2021781E+02  0.42049E-02    2      286    -4    -5     T
       95  0.2022328E+02  0.54664E-02    2      288    -4    -5     T
       96  0.2023038E+02  0.71063E-02    2      290    -4    -5     T
       97  0.2023962E+02  0.92382E-02    2      292    -4    -5     T
       98  0.2025163E+02  0.12010E-01    2      294     4    -5     T
       99  0.2025684E+02  0.52042E-02    3      307    -4    -5     T
      100  0.2025909E+02  0.22552E-02    2      319    -4    -5     T
      101  0.2026007E+02  0.97723E-03    5      334     4    -5     T
      102  0.2026104E+02  0.97723E-03    4      338     4    -5     T
      103  0.2026202E+02  0.97723E-03    4      342     4    -5     T
      104  0.2026300E+02  0.97723E-03    4      346     4    -5     T
      105  0.2026398E+02  0.97723E-03    4      350     4    -5     T
      106  0.2026495E+02  0.97723E-03    4      354     4    -5     T
      107  0.2026593E+02  0.97723E-03    4      358     4    -5     T
      108  0.2026691E+02  0.97723E-03    4      362     4    -5     T
      109  0.2026789E+02  0.97723E-03    4      366     4    -5     T
      110  0.2026886E+02  0.97723E-03    4      370     4    -5     T
      111  0.2026984E+02  0.97723E-03    4      374     4    -5     T
      112  0.2027082E+02  0.97723E-03    4      378     4    -5     T
      113  0.2027179E+02  0.97723E-03    4      382     4    -5     T
      114  0.2027277E+02  0.97723E-03    4      386     4    -5     T
      115  0.2027375E+02  0.97723E-03    4      390     4    -5     T
      116  0.2027473E+02  0.97723E-03    4      394     4    -5     T
      117  0.2027570E+02  0.97723E-03    4      398     4    -5     T
      118  0.2027668E+02  0.97723E-03    4      402     4    -5     T
      119  0.2027766E+02  0.97723E-03    4      406     4    -5     T
      120  0.2027863E+02  0.97723E-03    4      410     4    -5     T
      121  0.2027961E+02  0.97723E-03    4      414     4    -5     T
      122  0.2028059E+02  0.97723E-03    4      418     4    -5     T
      123  0.2028157E+02  0.97723E-03    4      422     4    -5     T
      124  0.2028254E+02  0.97723E-03    4      426     4    -5     T
      125  0.2028352E+02  0.97723E-03    4      430     4    -5     T
      126  0.2028450E+02  0.97723E-03    4      434     4    -5     T
      127  0.2028548E+02  0.97723E-03    4      438     4    -5     T
      128  0.2028645E+02  0.97723E-03    4      442     4    -5     T
      129  0.2028743E+02  0.97723E-03    4      446     4    -5     T
      130  0.2028841E+02  0.97723E-03    4      450     4    -5     T
      131  0.2028938E+02  0.97723E-03    4      454     4    -5     T
      132  0.2029036E+02  0.97723E-03    4      458     4    -5     T
      133  0.2029134E+02  0.97723E-03    4      462     4    -5     T
      134  0.2029232E+02  0.97723E-03    4      466     4    -5     T
      135  0.2029329E+02  0.97723E-03    4      470     4    -5     T
      136  0.2029427E+02  0.97723E-03    4      474     4    -5     T
      137  0.2029525E+02  0.97723E-03    4      478     4    -5     T
      138  0.2029623E+02  0.97723E-03    4      482     4    -5     T
      139  0.2029720E+02  0.97723E-03    4      486     4    -5     T
      140  0.2029818E+02  0.97723E-03    4      490     4    -5     T
      141  0.2029916E+02  0.97723E-03    4      494     4    -5     T
      142  0.2030013E+02  0.97723E-03    4      498     4    -5     T
      143  0.2030111E+02  0.97723E-03    4      502     4    -5     T
      144  0.2030209E+02  0.97723E-03    4      506     4    -5     T
      145  0.2030307E+02  0.97723E-03    4      510     4    -5     T
      146  0.2030404E+02  0.97723E-03    4      514     4    -5     T
      147  0.2030502E+02  0.97723E-03    4      518     4    -5     T
      148  0.2030600E+02  0.97723E-03    4      522     4    -5     T
      149  0.2030697E+02  0.97723E-03    4      526     4    -5     T
      150  0.2030795E+02  0.97723E-03    4      530     4    -5     T
      151  0.2030893E+02  0.97723E-03    4      534     4    -5     T
      152  0.2030991E+02  0.97723E-03    4      538     4    -5     T
      153  0.2031088E+02  0.97723E-03    4      542     4    -5     T
      154  0.2031186E+02  0.97723E-03    4      546     4    -5     T
      155  0.2031284E+02  0.97723E-03    4      550     4    -5     T
      156  0.2031382E+02  0.97723E-03    4      554     4    -5     T
      157  0.2031479E+02  0.97723E-03    4      558     4    -5     T
      158  0.2031577E+02  0.97723E-03    4      562     4    -5     T
      159  0.2031675E+02  0.97723E-03    4      566     4    -5     T
      160  0.2031772E+02  0.97723E-03    4      570     4    -5     T
      161  0.2031870E+02  0.97723E-03    4      574     4    -5     T
      162  0.2031968E+02  0.97723E-03    4      578     4    -5     T
      163  0.2032066E+02  0.97723E-03    4      582     4    -5     T
      164  0.2032163E+02  0.97723E-03    4      586     4    -5     T
      165  0.2032261E+02  0.97723E-03    4      590     4    -5     T
      166  0.2032359E+02  0.97723E-03    4      594     4    -5     T
      167  0.2032456E+02  0.97723E-03    4      598     4    -5     T
      168  0.2032554E+02  0.97723E-03    4      602     4    -5     T
      169  0.2032652E+02  0.97723E-03    4      606     4    -5     T
      170  0.2032750E+02  0.97723E-03    4      610     4    -5     T
      171  0.2032847E+02  0.97723E-03    4      614     4    -5     T
      172  0.2032945E+02  0.97723E-03    4      618     4    -5     T
      173  0.2033043E+02  0.97723E-03    4      622     4    -5     T
      174  0.2033141E+02  0.97723E-03    4      626     4    -5     T
      175  0.2033238E+02  0.97723E-03    4      630     4    -5     T
      176  0.2033336E+02  0.97723E-03    4      634     4    -5     T
      177  0.2033434E+02  0.97723E-03    4      638     4    -5     T
      178  0.2033531E+02  0.97723E-03    4      642     4    -5     T
      179  0.2033629E+02  0.97723E-03    4      646     4    -5     T
      180  0.2033727E+02  0.97723E-03    4      650     4    -5     T
      181  0.2033825E+02  0.97723E-03    4      654     4    -5     T
      182  0.2033922E+02  0.97723E-03    4      658     4    -5     T
      183  0.2034020E+02  0.97723E-03    4      662     4    -5     T
      184  0.2034118E+02  0.97723E-03    4      666     4    -5     T
      185  0.2034216E+02  0.97723E-03    4      670     4    -5     T
      186  0.2034313E+02  0.97723E-03    4      674     4    -5     T
      187  0.2034411E+02  0.97723E-03    4      678     4    -5     T
      188  0.2034509E+02  0.97723E-03    4      682     4    -5     T
      189  0.2034606E+02  0.97723E-03    4      686     4    -5     T
      190  0.2034704E+02  0.97723E-03    4      690     4    -5     T
      191  0.2034802E+02  0.97723E-03    4      694     4    -5     T
      192  0.2034900E+02  0.97723E-03    4      698     4    -5     T
      193  0.2034997E+02  0.97723E-03    4      702     4    -5     T
      194  0.2035095E+02  0.97723E-03    4      706     4    -5     T
      195  0.2035193E+02  0.97723E-03    4      710     4    -5     T
      196  0.2035290E+02  0.97723E-03    4      714     4    -5     T
      197  0.2035388E+02  0.97723E-03    4      718     4    -5     T
      198  0.2035486E+02  0.97723E-03    4      722     4    -5     T
      199  0.2035584E+02  0.97723E-03    4      726     4    -5     T
      200  0.2035681E+02  0.97723E-03    4      730     4    -5     T
      201  0.2035779E+02  0.97723E-03    4      734     4    -5     T
      202  0.2035877E+02  0.97723E-03    4      738     4    -5     T
      203  0.2035975E+02  0.97723E-03    4      742     4    -5     T
      204  0.2036072E+02  0.97723E-03    4      746     4    -5     T
      205  0.2036170E+02  0.97723E-03    4      750     4    -5     T
      206  0.2036268E+02  0.97723E-03    4      754     4    -5     T
      207  0.2036365E+02  0.97723E-03    4      758     4    -5     T
      208  0.2036463E+02  0.97723E-03    4      762     4    -5     T
      209  0.2036561E+02  0.97723E-03    4      766     4    -5     T
      210  0.2036659E+02  0.97723E-03    4      770     4    -5     T
      211  0.2036756E+02  0.97723E-03    4      774     4    -5     T
      212  0.2036854E+02  0.97723E-03    4      778     4    -5     T
      213  0.2036952E+02  0.97723E-03    4      782     4    -5     T
      214  0.2037049E+02  0.97723E-03    4      786     4    -5     T
      215  0.2037147E+02  0.97723E-03    4      790     4    -5     T
      216  0.2037245E+02  0.97723E-03    4      794     4    -5     T
      217  0.2037343E+02  0.97723E-03    4      798     4    -5     T
      218  0.2037440E+02  0.97723E-03    4      802     4    -5     T
      219  0.2037538E+02  0.97723E-03    4      806     4    -5     T
      220  0.2037636E+02  0.97723E-03    4      810     4    -5     T
      221  0.2037734E+02  0.97723E-03    4      814     4    -5     T
      222  0.2037831E+02  0.97723E-03    4      818     4    -5     T
      223  0.2037929E+02  0.97723E-03    4      822     4    -5     T
      224  0.2038027E+02  0.97723E-03    4      826     4    -5     T
      225  0.2038124E+02  0.97723E-03    4      830     4    -5     T
      226  0.2038222E+02  0.97723E-03    4      834     4    -5     T
      227  0.2038320E+02  0.97723E-03    4      838     4    -5     T
      228  0.2038418E+02  0.97723E-03    4      842     4    -5     T
      229  0.2038515E+02  0.97723E-03    4      846     4    -5     T
      230  0.2038613E+02  0.97723E-03    4      850     4    -5     T
      231  0.2038711E+02  0.97723E-03    4      854     4    -5     T
      232  0.2038808E+02  0.97723E-03    4      858     4    -5     T
      233  0.2038906E+02  0.97723E-03    4      862     4    -5     T
      234  0.2039004E+02  0.97723E-03    4      866     4    -5     T
      235  0.2039102E+02  0.97723E-03    4      870     4    -5     T
      236  0.2039199E+02  0.97723E-03    4      874     4    -5     T
      237  0.2039297E+02  0.97723E-03    4      878     4    -5     T
      238  0.2039395E+02  0.97723E-03    4      882     4    -5     T
      239  0.2039493E+02  0.97723E-03    4      886     4    -5     T
      240  0.2039590E+02  0.97723E-03    4      890     4    -5     T
      241  0.2039688E+02  0.97723E-03    4      894     4    -5     T
      242  0.2039786E+02  0.97723E-03    4      898     4    -5     T
      243  0.2039883E+02  0.97723E-03    4      902     4    -5     T
      244  0.2039981E+02  0.97723E-03    4      906     4    -5     T
      245  0.2040079E+02  0.97723E-03    4      910     4    -5     T
      246  0.2040177E+02  0.97723E-03    4      914     4    -5     T
      247  0.2040274E+02  0.97723E-03    4      918     4    -5     T
      248  0.2040372E+02  0.97723E-03    4      922     4    -5     T
      249  0.2040470E+02  0.97723E-03    4      926     4    -5     T
      250  0.2040568E+02  0.97723E-03    4      930     4    -5     T
      251  0.2040665E+02  0.97723E-03    4      934     4    -5     T
      252  0.2040763E+02  0.97723E-03    4      938     4    -5     T
      253  0.2040861E+02  0.97723E-03    4      942     4    -5     T
      254  0.2040958E+02  0.97723E-03    4      946     4    -5     T
      255  0.2041056E+02  0.97723E-03    4      950     4    -5     T
      256  0.2041154E+02  0.97723E-03    4      954     4    -5     T
      257  0.2041252E+02  0.97723E-03    4      958     4    -5     T
      258  0.2041349E+02  0.97723E-03    4      962     4    -5     T
      259  0.2041447E+02  0.97723E-03    4      966     4    -5     T
      260  0.2041545E+02  0.97723E-03    4      970     4    -5     T
      261  0.2041642E+02  0.97723E-03    4      974     4    -5     T
      262  0.2041740E+02  0.97723E-03    4      978     4    -5     T
      263  0.2041838E+02  0.97723E-03    4      982     4    -5     T
      264  0.2041936E+02  0.97723E-03    4      986     4    -5     T
      265  0.2042033E+02  0.97723E-03    4      990     4    -5     T
      266  0.2042131E+02  0.97723E-03    4      994     4    -5     T
      267  0.2042229E+02  0.97723E-03    4      998     4    -5     T
      268  0.2042327E+02  0.97723E-03    4     1002     4    -5     T
      269  0.2042424E+02  0.97723E-03    4     1006     4    -5     T
      270  0.2042522E+02  0.97723E-03    4     1010     4    -5     T
      271  0.2042620E+02  0.97723E-03    4     1014     4    -5     T
      272  0.2042717E+02  0.97723E-03    4     1018     4    -5     T
      273  0.2042815E+02  0.97723E-03    4     1022     4    -5     T
      274  0.2042913E+02  0.97723E-03    4     1026     4    -5     T
      275  0.2043011E+02  0.97723E-03    4     1030     4    -5     T
      276  0.2043108E+02  0.97723E-03    4     1034     4    -5     T
      277  0.2043206E+02  0.97723E-03    4     1038     4    -5     T
      278  0.2043304E+02  0.97723E-03    4     1042     4    -5     T
      279  0.2043401E+02  0.97723E-03    4     1046     4    -5     T
      280  0.2043499E+02  0.97723E-03    4     1050     4    -5     T
      281  0.2043597E+02  0.97723E-03    4     1054     4    -5     T
      282  0.2043695E+02  0.97723E-03    4     1058     4    -5     T
      283  0.2043792E+02  0.97723E-03    4     1062     4    -5     T
      284  0.2043890E+02  0.97723E-03    4     1066     4    -5     T
      285  0.2043988E+02  0.97723E-03    4     1070     4    -5     T
      286  0.2044086E+02  0.97723E-03    4     1074     4    -5     T
      287  0.2044183E+02  0.97723E-03    4     1078     4    -5     T
      288  0.2044281E+02  0.97723E-03    4     1082     4    -5     T
      289  0.2044379E+02  0.97723E-03    4     1086     4    -5     T
      290  0.2044476E+02  0.97723E-03    4     1090     4    -5     T
      291  0.2044574E+02  0.97723E-03    4     1094     4    -5     T
      292  0.2044672E+02  0.97723E-03    4     1098     4    -5     T
      293  0.2044770E+02  0.97723E-03    4     1102     4    -5     T
      294  0.2044867E+02  0.97723E-03    4     1106     4    -5     T
      295  0.2044965E+02  0.97723E-03    4     1110     4    -5     T
      296  0.2045063E+02  0.97723E-03    4     1114     4    -5     T
      297  0.2045161E+02  0.97723E-03    4     1118     4    -5     T
      298  0.2045258E+02  0.97723E-03    4     1122     4    -5     T
      299  0.2045356E+02  0.97723E-03    4     1126     4    -5     T
      300  0.2045454E+02  0.97723E-03    4     1130     4    -5     T
      301  0.2045551E+02  0.97723E-03    4     1134     4    -5     T
      302  0.2045649E+02  0.97723E-03    4     1138     4    -5     T
      303  0.2045747E+02  0.97723E-03    4     1142     4    -5     T
      304  0.2045845E+02  0.97723E-03    4     1146     4    -5     T
      305  0.2045942E+02  0.97723E-03    4     1150     4    -5     T
      306  0.2046040E+02  0.97723E-03    4     1154     4    -5     T
      307  0.2046138E+02  0.97723E-03    4     1158     4    -5     T
      308  0.2046235E+02  0.97723E-03    4     1162     4    -5     T
      309  0.2046333E+02  0.97723E-03    4     1166     4    -5     T
      310  0.2046431E+02  0.97723E-03    4     1170     4    -5     T
      311  0.2046529E+02  0.97723E-03    4     1174     4    -5     T
      312  0.2046626E+02  0.97723E-03    4     1178     4    -5     T
      313  0.2046724E+02  0.97723E-03    4     1182     4    -5     T
      314  0.2046822E+02  0.97723E-03    4     1186     4    -5     T
      315  0.2046920E+02  0.97723E-03    4     1190     4    -5     T
      316  0.2047017E+02  0.97723E-03    4     1194     4    -5     T
      317  0.2047115E+02  0.97723E-03    4     1198     4    -5     T
      318  0.2047213E+02  0.97723E-03    4     1202     4    -5     T
      319  0.2047310E+02  0.97723E-03    4     1206     4    -5     T
      320  0.2047408E+02  0.97723E-03    4     1210     4    -5     T
      321  0.2047506E+02  0.97723E-03    4     1214     4    -5     T
      322  0.2047604E+02  0.97723E-03    4     1218     4    -5     T
      323  0.2047701E+02  0.97723E-03    4     1222     4    -5     T
      324  0.2047799E+02  0.97723E-03    4     1226     4    -5     T
      325  0.2047897E+02  0.97723E-03    4     1230     4    -5     T
      326  0.2047994E+02  0.97723E-03    4     1234     4    -5     T
      327  0.2048092E+02  0.97723E-03    4     1238     4    -5     T
      328  0.2048190E+02  0.97723E-03    4     1242     4    -5     T
      329  0.2048288E+02  0.97723E-03    4     1246     4    -5     T
      330  0.2048385E+02  0.97723E-03    4     1250     4    -5     T
      331  0.2048483E+02  0.97723E-03    4     1254     4    -5     T
      332  0.2048581E+02  0.97723E-03    4     1258     4    -5     T
      333  0.2048679E+02  0.97723E-03    4     1262     4    -5     T
      334  0.2048776E+02  0.97723E-03    4     1266     4    -5     T
      335  0.2048874E+02  0.97723E-03    4     1270     4    -5     T
      336  0.2048972E+02  0.97723E-03    4     1274     4    -5     T
      337  0.2049069E+02  0.97723E-03    4     1278     4    -5     T
      338  0.2049167E+02  0.97723E-03    4     1282     4    -5     T
      339  0.2049265E+02  0.97723E-03    4     1286     4    -5     T
      340  0.2049363E+02  0.97723E-03    4     1290     4    -5     T
      341  0.2049460E+02  0.97723E-03    4     1294     4    -5     T
      342  0.2049558E+02  0.97723E-03    4     1298     4    -5     T
      343  0.2049656E+02  0.97723E-03    4     1302     4    -5     T
      344  0.2049753E+02  0.97723E-03    4     1306     4    -5     T
      345  0.2049851E+02  0.97723E-03    4     1310     4    -5     T
      346  0.2049949E+02  0.97723E-03    4     1314     4    -5     T
      347  0.2050047E+02  0.97723E-03    4     1318     4    -5     T
      348  0.2050144E+02  0.97723E-03    4     1322     4    -5     T
      349  0.2050242E+02  0.97723E-03    4     1326     4    -5     T
      350  0.2050340E+02  0.97723E-03    4     1330     4    -5     T
      351  0.2050438E+02  0.97723E-03    4     1334     4    -5     T
      352  0.2050535E+02  0.97723E-03    4     1338     4    -5     T
      353  0.2050633E+02  0.97723E-03    4     1342     4    -5     T
      354  0.2050731E+02  0.97723E-03    4     1346     4    -5     T
      355  0.2050828E+02  0.97723E-03    4     1350     4    -5     T
      356  0.2050926E+02  0.97723E-03    4     1354     4    -5     T
      357  0.2051024E+02  0.97723E-03    4     1358     4    -5     T
      358  0.2051122E+02  0.97723E-03    4     1362     4    -5     T
      359  0.2051219E+02  0.97723E-03    4     1366     4    -5     T
      360  0.2051317E+02  0.97723E-03    4     1370     4    -5     T
      361  0.2051415E+02  0.97723E-03    4     1374     4    -5     T
      362  0.2051513E+02  0.97723E-03    4     1378     4    -5     T
      363  0.2051610E+02  0.97723E-03    4     1382     4    -5     T
      364  0.2051708E+02  0.97723E-03    4     1386     4    -5     T
      365  0.2051806E+02  0.97723E-03    4     1390     4    -5     T
      366  0.2051903E+02  0.97723E-03    4     1394     4    -5     T
      367  0.2052001E+02  0.97723E-03    4     1398     4    -5     T
      368  0.2052099E+02  0.97723E-03    4     1402     4    -5     T
      369  0.2052197E+02  0.97723E-03    4     1406     4    -5     T
      370  0.2052294E+02  0.97723E-03    4     1410     4    -5     T
      371  0.2052392E+02  0.97723E-03    4     1414     4    -5     T
      372  0.2052490E+02  0.97723E-03    4     1418     4    -5     T
      373  0.2052587E+02  0.97723E-03    4     1422     4    -5     T
      374  0.2052685E+02  0.97723E-03    4     1426     4    -5     T
      375  0.2052783E+02  0.97723E-03    4     1430     4    -5     T
      376  0.2052881E+02  0.97723E-03    4     1434     4    -5     T
      377  0.2052978E+02  0.97723E-03    4     1438     4    -5     T
      378  0.2053076E+02  0.97723E-03    4     1442     4    -5     T
      379  0.2053174E+02  0.97723E-03    4     1446     4    -5     T
      380  0.2053272E+02  0.97723E-03    4     1450     4    -5     T
      381  0.2053369E+02  0.97723E-03    4     1454     4    -5     T
      382  0.2053467E+02  0.97723E-03    4     1458     4    -5     T
      383  0.2053565E+02  0.97723E-03    4     1462     4    -5     T
      384  0.2053662E+02  0.97723E-03    4     1466     4    -5     T
      385  0.2053760E+02  0.97723E-03    4     1470     4    -5     T
      386  0.2053858E+02  0.97723E-03    4     1474     4    -5     T
      387  0.2053956E+02  0.97723E-03    4     1478     4    -5     T
      388  0.2054053E+02  0.97723E-03    4     1482     4    -5     T
      389  0.2054151E+02  0.97723E-03    4     1486     4    -5     T
      390  0.2054249E+02  0.97723E-03    4     1490     4    -5     T
      391  0.2054346E+02  0.97723E-03    4     1494     4    -5     T
      392  0.2054444E+02  0.97723E-03    4     1498     4    -5     T
      393  0.2054542E+02  0.97723E-03    4     1502     4    -5     T
      394  0.2054640E+02  0.97723E-03    4     1506     4    -5     T
      395  0.2054737E+02  0.97723E-03    4     1510     4    -5     T
      396  0.2054835E+02  0.97723E-03    4     1514     4    -5     T
      397  0.2054933E+02  0.97723E-03    4     1518     4    -5     T
      398  0.2055031E+02  0.97723E-03    4     1522     4    -5     T
      399  0.2055128E+02  0.97723E-03    4     1526     4    -5     T
      400  0.2055226E+02  0.97723E-03    4     1530     4    -5     T
      401  0.2055324E+02  0.97723E-03    4     1534     4    -5     T
      402  0.2055421E+02  0.97723E-03    4     1538     4    -5     T
      403  0.2055519E+02  0.97723E-03    4     1542     4    -5     T
      404  0.2055617E+02  0.97723E-03    4     1546     4    -5     T
      405  0.2055715E+02  0.97723E-03    4     1550     4    -5     T
      406  0.2055812E+02  0.97723E-03    4     1554     4    -5     T
      407  0.2055910E+02  0.97723E-03    4     1558     4    -5     T
      408  0.2056008E+02  0.97723E-03    4     1562     4    -5     T
      409  0.2056106E+02  0.97723E-03    4     1566     4    -5     T
      410  0.2056203E+02  0.97723E-03    4     1570     4    -5     T
      411  0.2056301E+02  0.97723E-03    4     1574     4    -5     T
      412  0.2056399E+02  0.97723E-03    4     1578     4    -5     T
      413  0.2056496E+02  0.97723E-03    4     1582     4    -5     T
      414  0.2056594E+02  0.97723E-03    4     1586     4    -5     T
      415  0.2056692E+02  0.97723E-03    4     1590     4    -5     T
      416  0.2056790E+02  0.97723E-03    4     1594     4    -5     T
      417  0.2056887E+02  0.97723E-03    4     1598     4    -5     T
      418  0.2056985E+02  0.97723E-03    4     1602     4    -5     T
      419  0.2057083E+02  0.97723E-03    4     1606     4    -5     T
      420  0.2057180E+02  0.97723E-03    4     1610     4    -5     T
      421  0.2057278E+02  0.97723E-03    4     1614     4    -5     T
      422  0.2057376E+02  0.97723E-03    4     1618     4    -5     T
      423  0.2057474E+02  0.97723E-03    4     1622     4    -5     T
      424  0.2057571E+02  0.97723E-03    4     1626     4    -5     T
      425  0.2057669E+02  0.97723E-03    4     1630     4    -5     T
      426  0.2057767E+02  0.97723E-03    4     1634     4    -5     T
      427  0.2057865E+02  0.97723E-03    4     1638     4    -5     T
      428  0.2057962E+02  0.97723E-03    4     1642     4    -5     T
      429  0.2058060E+02  0.97723E-03    4     1646     4    -5     T
      430  0.2058158E+02  0.97723E-03    4     1650     4    -5     T
      431  0.2058255E+02  0.97723E-03    4     1654     4    -5     T
      432  0.2058353E+02  0.97723E-03    4     1658     4    -5     T
      433  0.2058451E+02  0.97723E-03    4     1662     4    -5     T
      434  0.2058549E+02  0.97723E-03    4     1666     4    -5     T
      435  0.2058646E+02  0.97723E-03    4     1670     4    -5     T
      436  0.2058744E+02  0.97723E-03    4     1674     4    -5     T
      437  0.2058842E+02  0.97723E-03    4     1678     4    -5     T
      438  0.2058939E+02  0.97723E-03    4     1682     4    -5     T
      439  0.2059037E+02  0.97723E-03    4     1686     4    -5     T
      440  0.2059135E+02  0.97723E-03    4     1690     4    -5     T
      441  0.2059233E+02  0.97723E-03    4     1694     4    -5     T
      442  0.2059330E+02  0.97723E-03    4     1698     4    -5     T
      443  0.2059428E+02  0.97723E-03    4     1702     4    -5     T
      444  0.2059526E+02  0.97723E-03    4     1706     4    -5     T
      445  0.2059624E+02  0.97723E-03    4     1710     4    -5     T
      446  0.2059721E+02  0.97723E-03    4     1714     4    -5     T
      447  0.2059819E+02  0.97723E-03    4     1718     4    -5     T
      448  0.2059917E+02  0.97723E-03    4     1722     4    -5     T
      449  0.2060014E+02  0.97723E-03    4     1726     4    -5     T
      450  0.2060112E+02  0.97723E-03    4     1730     4    -5     T
      451  0.2060210E+02  0.97723E-03    4     1734     4    -5     T
      452  0.2060308E+02  0.97723E-03    4     1738     4    -5     T
      453  0.2060405E+02  0.97723E-03    4     1742     4    -5     T
      454  0.2060503E+02  0.97723E-03    4     1746     4    -5     T
      455  0.2060601E+02  0.97723E-03    4     1750     4    -5     T
      456  0.2060698E+02  0.97723E-03    4     1754     4    -5     T
      457  0.2060796E+02  0.97723E-03    4     1758     4    -5     T
      458  0.2060894E+02  0.97723E-03    4     1762     4    -5     T
      459  0.2060992E+02  0.97723E-03    4     1766     4    -5     T
      460  0.2061089E+02  0.97723E-03    4     1770     4    -5     T
      461  0.2061187E+02  0.97723E-03    4     1774     4    -5     T
      462  0.2061285E+02  0.97723E-03    4     1778     4    -5     T
      463  0.2061383E+02  0.97723E-03    4     1782     4    -5     T
      464  0.2061480E+02  0.97723E-03    4     1786     4    -5     T
      465  0.2061578E+02  0.97723E-03    4     1790     4    -5     T
      466  0.2061676E+02  0.97723E-03    4     1794     4    -5     T
      467  0.2061773E+02  0.97723E-03    4     1798     4    -5     T
      468  0.2061871E+02  0.97723E-03    4     1802     4    -5     T
      469  0.2061969E+02  0.97723E-03    4     1806     4    -5     T
      470  0.2062067E+02  0.97723E-03    4     1810     4    -5     T
      471  0.2062164E+02  0.97723E-03    4     1814     4    -5     T
      472  0.2062262E+02  0.97723E-03    4     1818     4    -5     T
      473  0.2062360E+02  0.97723E-03    4     1822     4    -5     T
      474  0.2062458E+02  0.97723E-03    4     1826     4    -5     T
      475  0.2062555E+02  0.97723E-03    4     1830     4    -5     T
      476  0.2062653E+02  0.97723E-03    4     1834     4    -5     T
      477  0.2062751E+02  0.97723E-03    4     1838     4    -5     T
      478  0.2062848E+02  0.97723E-03    4     1842     4    -5     T
      479  0.2062946E+02  0.97723E-03    4     1846     4    -5     T
      480  0.2063044E+02  0.97723E-03    4     1850     4    -5     T
      481  0.2063142E+02  0.97723E-03    4     1854     4    -5     T
      482  0.2063239E+02  0.97723E-03    4     1858     4    -5     T
      483  0.2063337E+02  0.97723E-03    4     1862     4    -5     T
      484  0.2063435E+02  0.97723E-03    4     1866     4    -5     T
      485  0.2063532E+02  0.97723E-03    4     1870     4    -5     T
      486  0.2063630E+02  0.97723E-03    4     1874     4    -5     T
      487  0.2063728E+02  0.97723E-03    4     1878     4    -5     T
      488  0.2063826E+02  0.97723E-03    4     1882     4    -5     T
      489  0.2063923E+02  0.97723E-03    4     1886     4    -5     T
      490  0.2064021E+02  0.97723E-03    4     1890     4    -5     T
      491  0.2064119E+02  0.97723E-03    4     1894     4    -5     T
      492  0.2064217E+02  0.97723E-03    4     1898     4    -5     T
      493  0.2064314E+02  0.97723E-03    4     1902     4    -5     T
      494  0.2064412E+02  0.97723E-03    4     1906     4    -5     T
      495  0.2064510E+02  0.97723E-03    4     1910     4    -5     T
      496  0.2064607E+02  0.97723E-03    4     1914     4    -5     T
      497  0.2064705E+02  0.97723E-03    4     1918     4    -5     T
      498  0.2064803E+02  0.97723E-03    4     1922     4    -5     T
      499  0.2064901E+02  0.97723E-03    4     1926     4    -5     T
      500  0.2064998E+02  0.97723E-03    4     1930     4    -5     T
      501  0.2065096E+02  0.97723E-03    4     1934     4    -5     T
      502  0.2065194E+02  0.97723E-03    4     1938     4    -5     T
      503  0.2065291E+02  0.97723E-03    4     1942     4    -5     T
      504  0.2065389E+02  0.97723E-03    4     1946     4    -5     T
      505  0.2065487E+02  0.97723E-03    4     1950     4    -5     T
      506  0.2065585E+02  0.97723E-03    4     1954     4    -5     T
      507  0.2065682E+02  0.97723E-03    4     1958     4    -5     T
      508  0.2065780E+02  0.97723E-03    4     1962     4    -5     T
      509  0.2065878E+02  0.97723E-03    4     1966     4    -5     T
      510  0.2065976E+02  0.97723E-03    4     1970     4    -5     T
      511  0.2066073E+02  0.97723E-03    4     1974     4    -5     T
      512  0.2066171E+02  0.97723E-03    4     1978     4    -5     T
      513  0.2066269E+02  0.97723E-03    4     1982     4    -5     T
      514  0.2066366E+02  0.97723E-03    4     1986     4    -5     T
      515  0.2066464E+02  0.97723E-03    4     1990     4    -5     T
      516  0.2066562E+02  0.97723E-03    4     1994     4    -5     T
      517  0.2066660E+02  0.97723E-03    4     1998     4    -5     T
      518  0.2066757E+02  0.97723E-03    4     2002     4    -5     T
      519  0.2066855E+02  0.97723E-03    4     2006     4    -5     T
      520  0.2066953E+02  0.97723E-03    4     2010     4    -5     T
      521  0.2067051E+02  0.97723E-03    4     2014     4    -5     T
      522  0.2067148E+02  0.97723E-03    4     2018     4    -5     T
      523  0.2067246E+02  0.97723E-03    4     2022     4    -5     T
      524  0.2067344E+02  0.97723E-03    4     2026     4    -5     T
      525  0.2067441E+02  0.97723E-03    4     2030     4    -5     T
      526  0.2067539E+02  0.97723E-03    4     2034     4    -5     T
      527  0.2067637E+02  0.97723E-03    4     2038     4    -5     T
      528  0.2067735E+02  0.97723E-03    4     2042     4    -5     T
      529  0.2067832E+02  0.97723E-03    4     2046     4    -5     T
      530  0.2067930E+02  0.97723E-03    4     2050     4    -5     T
      531  0.2068028E+02  0.97723E-03    4     2054     4    -5     T
      532  0.2068125E+02  0.97723E-03    4     2058     4    -5     T
      533  0.2068223E+02  0.97723E-03    4     2062     4    -5     T
      534  0.2068321E+02  0.97723E-03    4     2066     4    -5     T
      535  0.2068419E+02  0.97723E-03    4     2070     4    -5     T
      536  0.2068516E+02  0.97723E-03    4     2074     4    -5     T
      537  0.2068614E+02  0.97723E-03    4     2078     4    -5     T
      538  0.2068712E+02  0.97723E-03    4     2082     4    -5     T
      539  0.2068810E+02  0.97723E-03    4     2086     4    -5     T
      540  0.2068907E+02  0.97723E-03    4     2090     4    -5     T
      541  0.2069005E+02  0.97723E-03    4     2094     4    -5     T
      542  0.2069103E+02  0.97723E-03    4     2098     4    -5     T
      543  0.2069200E+02  0.97723E-03    4     2102     4    -5     T
      544  0.2069298E+02  0.97723E-03    4     2106     4    -5     T
      545  0.2069396E+02  0.97723E-03    4     2110     4    -5     T
      546  0.2069494E+02  0.97723E-03    4     2114     4    -5     T
      547  0.2069591E+02  0.97723E-03    4     2118     4    -5     T
      548  0.2069689E+02  0.97723E-03    4     2122     4    -5     T
      549  0.2069787E+02  0.97723E-03    4     2126     4    -5     T
      550  0.2069884E+02  0.97723E-03    4     2130     4    -5     T
      551  0.2069982E+02  0.97723E-03    4     2134     4    -5     T
      552  0.2070080E+02  0.97723E-03    4     2138     4    -5     T
      553  0.2070178E+02  0.97723E-03    4     2142     4    -5     T
      554  0.2070275E+02  0.97723E-03    4     2146     4    -5     T
      555  0.2070373E+02  0.97723E-03    4     2150     4    -5     T
      556  0.2070471E+02  0.97723E-03    4     2154     4    -5     T
      557  0.2070569E+02  0.97723E-03    4     2158     4    -5     T
      558  0.2070666E+02  0.97723E-03    4     2162     4    -5     T
      559  0.2070764E+02  0.97723E-03    4     2166     4    -5     T
      560  0.2070862E+02  0.97723E-03    4     2170     4    -5     T
      561  0.2070959E+02  0.97723E-03    4     2174     4    -5     T
      562  0.2071057E+02  0.97723E-03    4     2178     4    -5     T
      563  0.2071155E+02  0.97723E-03    4     2182     4    -5     T
      564  0.2071253E+02  0.97723E-03    4     2186     4    -5     T
      565  0.2071350E+02  0.97723E-03    4     2190     4    -5     T
      566  0.2071448E+02  0.97723E-03    4     2194     4    -5     T
      567  0.2071546E+02  0.97723E-03    4     2198     4    -5     T
      568  0.2071643E+02  0.97723E-03    4     2202     4    -5     T
      569  0.2071741E+02  0.97723E-03    4     2206     4    -5     T
      570  0.2071839E+02  0.97723E-03    4     2210     4    -5     T
      571  0.2071937E+02  0.97723E-03    4     2214     4    -5     T
      572  0.2072034E+02  0.97723E-03    4     2218     4    -5     T
      573  0.2072132E+02  0.97723E-03    4     2222     4    -5     T
      574  0.2072230E+02  0.97723E-03    4     2226     4    -5     T
      575  0.2072328E+02  0.97723E-03    4     2230     4    -5     T
      576  0.2072425E+02  0.97723E-03    4     2234     4    -5     T
      577  0.2072523E+02  0.97723E-03    4     2238     4    -5     T
      578  0.2072621E+02  0.97723E-03    4     2242     4    -5     T
      579  0.2072718E+02  0.97723E-03    4     2246     4    -5     T
      580  0.2072816E+02  0.97723E-03    4     2250     4    -5     T
      581  0.2072914E+02  0.97723E-03    4     2254     4    -5     T
      582  0.2073012E+02  0.97723E-03    4     2258     4    -5     T
      583  0.2073109E+02  0.97723E-03    4     2262     4    -5     T
      584  0.2073207E+02  0.97723E-03    4     2266     4    -5     T
      585  0.2073305E+02  0.97723E-03    4     2270     4    -5     T
      586  0.2073403E+02  0.97723E-03    4     2274     4    -5     T
      587  0.2073500E+02  0.97723E-03    4     2278     4    -5     T
      588  0.2073598E+02  0.97723E-03    4     2282     4    -5     T
      589  0.2073696E+02  0.97723E-03    4     2286     4    -5     T
      590  0.2073793E+02  0.97723E-03    4     2290     4    -5     T
      591  0.2073891E+02  0.97723E-03    4     2294     4    -5     T
      592  0.2073989E+02  0.97723E-03    4     2298     4    -5     T
      593  0.2074087E+02  0.97723E-03    4     2302     4    -5     T
      594  0.2074184E+02  0.97723E-03    4     2306     4    -5     T
      595  0.2074282E+02  0.97723E-03    4     2310     4    -5     T
      596  0.2074380E+02  0.97723E-03    4     2314     4    -5     T
      597  0.2074477E+02  0.97723E-03    4     2318     4    -5     T
      598  0.2074575E+02  0.97723E-03    4     2322     4    -5     T
      599  0.2074673E+02  0.97723E-03    4     2326     4    -5     T
      600  0.2074771E+02  0.97723E-03    4     2330     4    -5     T
      601  0.2074868E+02  0.97723E-03    4     2334     4    -5     T
      602  0.2074966E+02  0.97723E-03    4     2338     4    -5     T
      603  0.2075064E+02  0.97723E-03    4     2342     4    -5     T
      604  0.2075162E+02  0.97723E-03    4     2346     4    -5     T
      605  0.2075259E+02  0.97723E-03    4     2350     4    -5     T
      606  0.2075357E+02  0.97723E-03    4     2354     4    -5     T
      607  0.2075455E+02  0.97723E-03    4     2358     4    -5     T
      608  0.2075552E+02  0.97723E-03    4     2362     4    -5     T
      609  0.2075650E+02  0.97723E-03    4     2366     4    -5     T
      610  0.2075748E+02  0.97723E-03    4     2370     4    -5     T
      611  0.2075846E+02  0.97723E-03    4     2374     4    -5     T
      612  0.2075943E+02  0.97723E-03    4     2378     4    -5     T
      613  0.2076041E+02  0.97723E-03    4     2382     4    -5     T
      614  0.2076139E+02  0.97723E-03    4     2386     4    -5     T
      615  0.2076236E+02  0.97723E-03    4     2390     4    -5     T
      616  0.2076334E+02  0.97723E-03    4     2394     4    -5     T
      617  0.2076432E+02  0.97723E-03    4     2398     4    -5     T
      618  0.2076530E+02  0.97723E-03    4     2402     4    -5     T
      619  0.2076627E+02  0.97723E-03    4     2406     4    -5     T
      620  0.2076725E+02  0.97723E-03    4     2410     4    -5     T
      621  0.2076823E+02  0.97723E-03    4     2414     4    -5     T
      622  0.2076921E+02  0.97723E-03    4     2418     4    -5     T
      623  0.2077018E+02  0.97723E-03    4     2422     4    -5     T
      624  0.2077116E+02  0.97723E-03    4     2426     4    -5     T
      625  0.2077214E+02  0.97723E-03    4     2430     4    -5     T
      626  0.2077311E+02  0.97723E-03    4     2434     4    -5     T
      627  0.2077409E+02  0.97723E-03    4     2438     4    -5     T
      628  0.2077507E+02  0.97723E-03    4     2442     4    -5     T
      629  0.2077605E+02  0.97723E-03    4     2446     4    -5     T
      630  0.2077702E+02  0.97723E-03    4     2450     4    -5     T
      631  0.2077800E+02  0.97723E-03    4     2454     4    -5     T
      632  0.2077898E+02  0.97723E-03    4     2458     4    -5     T
      633  0.2077996E+02  0.97723E-03    4     2462     4    -5     T
      634  0.2078093E+02  0.97723E-03    4     2466     4    -5     T
      635  0.2078191E+02  0.97723E-03    4     2470     4    -5     T
      636  0.2078289E+02  0.97723E-03    4     2474     4    -5     T
      637  0.2078386E+02  0.97723E-03    4     2478     4    -5     T
      638  0.2078484E+02  0.97723E-03    4     2482     4    -5     T
      639  0.2078582E+02  0.97723E-03    4     2486     4    -5     T
      640  0.2078680E+02  0.97723E-03    4     2490     4    -5     T
      641  0.2078777E+02  0.97723E-03    4     2494     4    -5     T
      642  0.2078875E+02  0.97723E-03    4     2498     4    -5     T
      643  0.2078973E+02  0.97723E-03    4     2502     4    -5     T
      644  0.2079070E+02  0.97723E-03    4     2506     4    -5     T
      645  0.2079168E+02  0.97723E-03    4     2510     4    -5     T
      646  0.2079266E+02  0.97723E-03    4     2514     4    -5     T
      647  0.2079364E+02  0.97723E-03    4     2518     4    -5     T
      648  0.2079461E+02  0.97723E-03    4     2522     4    -5     T
      649  0.2079559E+02  0.97723E-03    4     2526     4    -5     T
      650  0.2079657E+02  0.97723E-03    4     2530     4    -5     T
      651  0.2079755E+02  0.97723E-03    4     2534     4    -5     T
      652  0.2079852E+02  0.97723E-03    4     2538     4    -5     T
      653  0.2079950E+02  0.97723E-03    4     2542     4    -5     T
      654  0.2080048E+02  0.97723E-03    4     2546     4    -5     T
      655  0.2080145E+02  0.97723E-03    4     2550     4    -5     T
      656  0.2080243E+02  0.97723E-03    4     2554     4    -5     T
      657  0.2080341E+02  0.97723E-03    4     2558     4    -5     T
      658  0.2080439E+02  0.97723E-03    4     2562     4    -5     T
      659  0.2080536E+02  0.97723E-03    4     2566     4    -5     T
      660  0.2080634E+02  0.97723E-03    4     2570     4    -5     T
      661  0.2080732E+02  0.97723E-03    4     2574     4    -5     T
      662  0.2080829E+02  0.97723E-03    4     2578     4    -5     T
      663  0.2080927E+02  0.97723E-03    4     2582     4    -5     T
      664  0.2081025E+02  0.97723E-03    4     2586     4    -5     T
      665  0.2081123E+02  0.97723E-03    4     2590     4    -5     T
      666  0.2081220E+02  0.97723E-03    4     2594     4    -5     T
      667  0.2081318E+02  0.97723E-03    4     2598     4    -5     T
      668  0.2081416E+02  0.97723E-03    4     2602     4    -5     T
      669  0.2081514E+02  0.97723E-03    4     2606     4    -5     T
      670  0.2081611E+02  0.97723E-03    4     2610     4    -5     T
      671  0.2081709E+02  0.97723E-03    4     2614     4    -5     T
      672  0.2081807E+02  0.97723E-03    4     2618     4    -5     T
      673  0.2081904E+02  0.97723E-03    4     2622     4    -5     T
      674  0.2082002E+02  0.97723E-03    4     2626     4    -5     T
      675  0.2082100E+02  0.97723E-03    4     2630     4    -5     T
      676  0.2082198E+02  0.97723E-03    4     2634     4    -5     T
      677  0.2082295E+02  0.97723E-03    4     2638     4    -5     T
      678  0.2082393E+02  0.97723E-03    4     2642     4    -5     T
      679  0.2082491E+02  0.97723E-03    4     2646     4    -5     T
      680  0.2082588E+02  0.97723E-03    4     2650     4    -5     T
      681  0.2082686E+02  0.97723E-03    4     2654     4    -5     T
      682  0.2082784E+02  0.97723E-03    4     2658     4    -5     T
      683  0.2082882E+02  0.97723E-03    4     2662     4    -5     T
      684  0.2082979E+02  0.97723E-03    4     2666     4    -5     T
      685  0.2083077E+02  0.97723E-03    4     2670     4    -5     T
      686  0.2083175E+02  0.97723E-03    4     2674     4    -5     T
      687  0.2083273E+02  0.97723E-03    4     2678     4    -5     T
      688  0.2083370E+02  0.97723E-03    4     2682     4    -5     T
      689  0.2083468E+02  0.97723E-03    4     2686     4    -5     T
      690  0.2083566E+02  0.97723E-03    4     2690     4    -5     T
      691  0.2083663E+02  0.97723E-03    4     2694     4    -5     T
      692  0.2083761E+02  0.97723E-03    4     2698     4    -5     T
      693  0.2083859E+02  0.97723E-03    4     2702     4    -5     T
      694  0.2083957E+02  0.97723E-03    4     2706     4    -5     T
      695  0.2084054E+02  0.97723E-03    4     2710     4    -5     T
      696  0.2084152E+02  0.97723E-03    4     2714     4    -5     T
      697  0.2084250E+02  0.97723E-03    4     2718     4    -5     T
      698  0.2084348E+02  0.97723E-03    4     2722     4    -5     T
      699  0.2084445E+02  0.97723E-03    4     2726     4    -5     T
      700  0.2084543E+02  0.97723E-03    4     2730     4    -5     T
      701  0.2084641E+02  0.97723E-03    4     2734     4    -5     T
      702  0.2084738E+02  0.97723E-03    4     2738     4    -5     T
      703  0.2084836E+02  0.97723E-03    4     2742     4    -5     T
      704  0.2084934E+02  0.97723E-03    4     2746     4    -5     T
      705  0.2085032E+02  0.97723E-03    4     2750     4    -5     T
      706  0.2085129E+02  0.97723E-03    4     2754     4    -5     T
      707  0.2085227E+02  0.97723E-03    4     2758     4    -5     T
      708  0.2085325E+02  0.97723E-03    4     2762     4    -5     T
      709  0.2085422E+02  0.97723E-03    4     2766     4    -5     T
      710  0.2085520E+02  0.97723E-03    4     2770     4    -5     T
      711  0.2085618E+02  0.97723E-03    4     2774     4    -5     T
      712  0.2085716E+02  0.97723E-03    4     2778     4    -5     T
      713  0.2085813E+02  0.97723E-03    4     2782     4    -5     T
      714  0.2085911E+02  0.97723E-03    4     2786     4    -5     T
      715  0.2086009E+02  0.97723E-03    4     2790     4    -5     T
      716  0.2086107E+02  0.97723E-03    4     2794     4    -5     T
      717  0.2086204E+02  0.97723E-03    4     2798     4    -5     T
      718  0.2086302E+02  0.97723E-03    4     2802     4    -5     T
      719  0.2086400E+02  0.97723E-03    4     2806     4    -5     T
      720  0.2086497E+02  0.97723E-03    4     2810     4    -5     T
      721  0.2086595E+02  0.97723E-03    4     2814     4    -5     T
      722  0.2086693E+02  0.97723E-03    4     2818     4    -5     T
      723  0.2086791E+02  0.97723E-03    4     2822     4    -5     T
      724  0.2086888E+02  0.97723E-03    4     2826     4    -5     T
      725  0.2086986E+02  0.97723E-03    4     2830     4    -5     T
      726  0.2087084E+02  0.97723E-03    4     2834     4    -5     T
      727  0.2087181E+02  0.97723E-03    4     2838     4    -5     T
      728  0.2087279E+02  0.97723E-03    4     2842     4    -5     T
      729  0.2087377E+02  0.97723E-03    4     2846     4    -5     T
      730  0.2087475E+02  0.97723E-03    4     2850     4    -5     T
      731  0.2087572E+02  0.97723E-03    4     2854     4    -5     T
      732  0.2087670E+02  0.97723E-03    4     2858     4    -5     T
      733  0.2087768E+02  0.97723E-03    4     2862     4    -5     T
      734  0.2087866E+02  0.97723E-03    4     2866     4    -5     T
      735  0.2087963E+02  0.97723E-03    4     2870     4    -5     T
      736  0.2088061E+02  0.97723E-03    4     2874     4    -5     T
      737  0.2088159E+02  0.97723E-03    4     2878     4    -5     T
      738  0.2088256E+02  0.97723E-03    4     2882     4    -5     T
      739  0.2088354E+02  0.97723E-03    4     2886     4    -5     T
      740  0.2088452E+02  0.97723E-03    4     2890     4    -5     T
      741  0.2088550E+02  0.97723E-03    4     2894     4    -5     T
      742  0.2088647E+02  0.97723E-03    4     2898     4    -5     T
      743  0.2088745E+02  0.97723E-03    4     2902     4    -5     T
      744  0.2088843E+02  0.97723E-03    4     2906     4    -5     T
      745  0.2088941E+02  0.97723E-03    4     2910     4    -5     T
      746  0.2089038E+02  0.97723E-03    4     2914     4    -5     T
      747  0.2089136E+02  0.97723E-03    4     2918     4    -5     T
      748  0.2089234E+02  0.97723E-03    4     2922     4    -5     T
      749  0.2089331E+02  0.97723E-03    4     2926     4    -5     T
      750  0.2089429E+02  0.97723E-03    4     2930     4    -5     T
      751  0.2089527E+02  0.97723E-03    4     2934     4    -5     T
      752  0.2089625E+02  0.97723E-03    4     2938     4    -5     T
      753  0.2089722E+02  0.97723E-03    4     2942     4    -5     T
      754  0.2089820E+02  0.97723E-03    4     2946     4    -5     T
      755  0.2089918E+02  0.97723E-03    4     2950     4    -5     T
      756  0.2090015E+02  0.97723E-03    4     2954     4    -5     T
      757  0.2090113E+02  0.97723E-03    4     2958     4    -5     T
      758  0.2090211E+02  0.97723E-03    4     2962     4    -5     T
      759  0.2090309E+02  0.97723E-03    4     2966     4    -5     T
      760  0.2090406E+02  0.97723E-03    4     2970     4    -5     T
      761  0.2090504E+02  0.97723E-03    4     2974     4    -5     T
      762  0.2090602E+02  0.97723E-03    4     2978     4    -5     T
      763  0.2090700E+02  0.97723E-03    4     2982     4    -5     T
      764  0.2090797E+02  0.97723E-03    4     2986     4    -5     T
      765  0.2090895E+02  0.97723E-03    4     2990     4    -5     T
      766  0.2090993E+02  0.97723E-03    4     2994     4    -5     T
      767  0.2091090E+02  0.97723E-03    4     2998     4    -5     T
      768  0.2091188E+02  0.97723E-03    4     3002     4    -5     T
      769  0.2091286E+02  0.97723E-03    4     3006     4    -5     T
      770  0.2091384E+02  0.97723E-03    4     3010     4    -5     T
      771  0.2091481E+02  0.97723E-03    4     3014     4    -5     T
      772  0.2091579E+02  0.97723E-03    4     3018     4    -5     T
      773  0.2091677E+02  0.97723E-03    4     3022     4    -5     T
      774  0.2091774E+02  0.97723E-03    4     3026     4    -5     T
      775  0.2091872E+02  0.97723E-03    4     3030     4    -5     T
      776  0.2091970E+02  0.97723E-03    4     3034     4    -5     T
      777  0.2092068E+02  0.97723E-03    4     3038     4    -5     T
      778  0.2092165E+02  0.97723E-03    4     3042     4    -5     T
      779  0.2092263E+02  0.97723E-03    4     3046     4    -5     T
      780  0.2092361E+02  0.97723E-03    4     3050     4    -5     T
      781  0.2092459E+02  0.97723E-03    4     3054     4    -5     T
      782  0.2092556E+02  0.97723E-03    4     3058     4    -5     T
      783  0.2092654E+02  0.97723E-03    4     3062     4    -5     T
      784  0.2092752E+02  0.97723E-03    4     3066     4    -5     T
      785  0.2092849E+02  0.97723E-03    4     3070     4    -5     T
      786  0.2092947E+02  0.97723E-03    4     3074     4    -5     T
      787  0.2093045E+02  0.97723E-03    4     3078     4    -5     T
      788  0.2093143E+02  0.97723E-03    4     3082     4    -5     T
      789  0.2093240E+02  0.97723E-03    4     3086     4    -5     T
      790  0.2093338E+02  0.97723E-03    4     3090     4    -5     T
      791  0.2093436E+02  0.97723E-03    4     3094     4    -5     T
      792  0.2093533E+02  0.97723E-03    4     3098     4    -5     T
      793  0.2093631E+02  0.97723E-03    4     3102     4    -5     T
      794  0.2093729E+02  0.97723E-03    4     3106     4    -5     T
      795  0.2093827E+02  0.97723E-03    4     3110     4    -5     T
      796  0.2093924E+02  0.97723E-03    4     3114     4    -5     T
      797  0.2094022E+02  0.97723E-03    4     3118     4    -5     T
      798  0.2094120E+02  0.97723E-03    4     3122     4    -5     T
      799  0.2094218E+02  0.97723E-03    4     3126     4    -5     T
      800  0.2094315E+02  0.97723E-03    4     3130     4    -5     T
      801  0.2094413E+02  0.97723E-03    4     3134     4    -5     T
      802  0.2094511E+02  0.97723E-03    4     3138     4    -5     T
      803  0.2094608E+02  0.97723E-03    4     3142     4    -5     T
      804  0.2094706E+02  0.97723E-03    4     3146     4    -5     T
      805  0.2094804E+02  0.97723E-03    4     3150     4    -5     T
      806  0.2094902E+02  0.97723E-03    4     3154     4    -5     T
      807  0.2094999E+02  0.97723E-03    4     3158     4    -5     T
      808  0.2095097E+02  0.97723E-03    4     3162     4    -5     T
      809  0.2095195E+02  0.97723E-03    4     3166     4    -5     T
      810  0.2095293E+02  0.97723E-03    4     3170     4    -5     T
      811  0.2095390E+02  0.97723E-03    4     3174     4    -5     T
      812  0.2095488E+02  0.97723E-03    4     3178     4    -5     T
      813  0.2095586E+02  0.97723E-03    4     3182     4    -5     T
      814  0.2095683E+02  0.97723E-03    4     3186     4    -5     T
      815  0.2095781E+02  0.97723E-03    4     3190     4    -5     T
      816  0.2095879E+02  0.97723E-03    4     3194     4    -5     T
      817  0.2095977E+02  0.97723E-03    4     3198     4    -5     T
      818  0.2096074E+02  0.97723E-03    4     3202     4    -5     T
      819  0.2096172E+02  0.97723E-03    4     3206     4    -5     T
      820  0.2096270E+02  0.97723E-03    4     3210     4    -5     T
      821  0.2096367E+02  0.97723E-03    4     3214     4    -5     T
      822  0.2096465E+02  0.97723E-03    4     3218     4    -5     T
      823  0.2096563E+02  0.97723E-03    4     3222     4    -5     T
      824  0.2096661E+02  0.97723E-03    4     3226     4    -5     T
      825  0.2096758E+02  0.97723E-03    4     3230     4    -5     T
      826  0.2096856E+02  0.97723E-03    4     3234     4    -5     T
      827  0.2096954E+02  0.97723E-03    4     3238     4    -5     T
      828  0.2097052E+02  0.97723E-03    4     3242     4    -5     T
      829  0.2097149E+02  0.97723E-03    4     3246     4    -5     T
      830  0.2097247E+02  0.97723E-03    4     3250     4    -5     T
      831  0.2097345E+02  0.97723E-03    4     3254     4    -5     T
      832  0.2097442E+02  0.97723E-03    4     3258     4    -5     T
      833  0.2097540E+02  0.97723E-03    4     3262     4    -5     T
      834  0.2097638E+02  0.97723E-03    4     3266     4    -5     T
      835  0.2097736E+02  0.97723E-03    4     3270     4    -5     T
      836  0.2097833E+02  0.97723E-03    4     3274     4    -5     T
      837  0.2097931E+02  0.97723E-03    4     3278     4    -5     T
      838  0.2098029E+02  0.97723E-03    4     3282     4    -5     T
      839  0.2098126E+02  0.97723E-03    4     3286     4    -5     T
      840  0.2098224E+02  0.97723E-03    4     3290     4    -5     T
      841  0.2098322E+02  0.97723E-03    4     3294     4    -5     T
      842  0.2098420E+02  0.97723E-03    4     3298     4    -5     T
      843  0.2098517E+02  0.97723E-03    4     3302     4    -5     T
      844  0.2098615E+02  0.97723E-03    4     3306     4    -5     T
      845  0.2098713E+02  0.97723E-03    4     3310     4    -5     T
      846  0.2098811E+02  0.97723E-03    4     3314     4    -5     T
      847  0.2098908E+02  0.97723E-03    4     3318     4    -5     T
      848  0.2099006E+02  0.97723E-03    4     3322     4    -5     T
      849  0.2099104E+02  0.97723E-03    4     3326     4    -5     T
      850  0.2099201E+02  0.97723E-03    4     3330     4    -5     T
      851  0.2099299E+02  0.97723E-03    4     3334     4    -5     T
      852  0.2099397E+02  0.97723E-03    4     3338     4    -5     T
      853  0.2099495E+02  0.97723E-03    4     3342     4    -5     T
      854  0.2099592E+02  0.97723E-03    4     3346     4    -5     T
      855  0.2099690E+02  0.97723E-03    4     3350     4    -5     T
      856  0.2099788E+02  0.97723E-03    4     3354     4    -5     T
      857  0.2099886E+02  0.97723E-03    4     3358     4    -5     T
      858  0.2099983E+02  0.97723E-03    4     3362     4    -5     T
      859  0.2100081E+02  0.97723E-03    4     3366     4    -5     T
      860  0.2100179E+02  0.97723E-03    4     3370     4    -5     T
      861  0.2100276E+02  0.97723E-03    4     3374     4    -5     T
      862  0.2100374E+02  0.97723E-03    4     3378     4    -5     T
      863  0.2100472E+02  0.97723E-03    4     3382     4    -5     T
      864  0.2100570E+02  0.97723E-03    4     3386     4    -5     T
      865  0.2100667E+02  0.97723E-03    4     3390     4    -5     T
      866  0.2100765E+02  0.97723E-03    4     3394     4    -5     T
      867  0.2100863E+02  0.97723E-03    4     3398     4    -5     T
      868  0.2100960E+02  0.97723E-03    4     3402     4    -5     T
      869  0.2101058E+02  0.97723E-03    4     3406     4    -5     T
      870  0.2101156E+02  0.97723E-03    4     3410     4    -5     T
      871  0.2101254E+02  0.97723E-03    4     3414     4    -5     T
      872  0.2101351E+02  0.97723E-03    4     3418     4    -5     T
      873  0.2101449E+02  0.97723E-03    2     3420    -4    -5     T
      874  0.2101576E+02  0.12704E-02    3     3423     4    -5     T
      875  0.2101741E+02  0.16515E-02    3     3426     4    -5     T
      876  0.2101956E+02  0.21470E-02    3     3429     4    -5     T
      877  0.2102235E+02  0.27911E-02    3     3432     4    -5     T
      878  0.2102598E+02  0.36284E-02    3     3435     4    -5     T
      879  0.2102755E+02  0.15723E-02    2     3447    -4    -5     T
      880  0.2102960E+02  0.20440E-02    4     3451     4    -5     T
      881  0.2103164E+02  0.20440E-02    2     3453    -4    -5     T
      882  0.2103430E+02  0.26572E-02    2     3455     4    -5     T
      883  0.2103545E+02  0.11515E-02    2     3467     4    -5     T
      884  0.2103695E+02  0.14969E-02    3     3470     4    -5     T
      885  0.2103889E+02  0.19460E-02    2     3472    -4    -5     T
      886  0.2104142E+02  0.25297E-02    3     3475     4    -5     T
      887  0.2104471E+02  0.32887E-02    4     3479    -4    -5     T
      888  0.2104800E+02  0.32887E-02    3     3482    -4    -5     T
      889  0.2105227E+02  0.42753E-02    3     3485    -4    -5     T
      890  0.2105783E+02  0.55578E-02    3     3488    -4    -5     T
      891  0.2106506E+02  0.72252E-02    2     3490     4    -5     T
      892  0.2107445E+02  0.93927E-02    2     3492     4    -5     T
      893  0.2108666E+02  0.12211E-01    2     3494     4    -5     T
      894  0.2110253E+02  0.15874E-01    2     3496     4    -5     T
      895  0.2112317E+02  0.20636E-01    2     3498     4    -5     T
      896  0.2115000E+02  0.26827E-01    2     3500     4    -5     T
      897  0.2118487E+02  0.34875E-01    2     3502     4    -5     T
      898  0.2123021E+02  0.45337E-01    2     3504     4    -5     T
      899  0.2128915E+02  0.58938E-01    2     3506     4    -5     T
      900  0.2136576E+02  0.76619E-01    2     3508     4    -5     T
      901  0.2146537E+02  0.99605E-01    2     3510     4    -5     T
      902  0.2159486E+02  0.12949E+00    2     3512     4    -5     T
      903  0.2176319E+02  0.16833E+00    2     3514     4    -5     T
      904  0.2198202E+02  0.21883E+00    2     3516     4    -5     T
      905  0.2226650E+02  0.28448E+00    2     3518     4    -5     T
      906  0.2263633E+02  0.36983E+00    3     3521     4    -5     T
      907  0.2311711E+02  0.48078E+00    4     3525     4    -5     T
      908  0.2359788E+02  0.48078E+00    3     3528     4    -5     T
      909  0.2423809E+02  0.64021E+00    4     3532     4    -5     T
      910  0.2487831E+02  0.64021E+00    5     3537     4    -5     T
      911  0.2551852E+02  0.64021E+00    4     3541     4    -5     T
      912  0.2615873E+02  0.64021E+00    4     3545     4    -5     T
      913  0.2679894E+02  0.64021E+00    3     3548     4    -5     T
      914  0.2759921E+02  0.80026E+00    4     3552     4    -5     T
      915  0.2839947E+02  0.80026E+00    5     3557     4    -5     T
      916  0.2919974E+02  0.80026E+00    4     3561     4    -5     T
      917  0.3000000E+02  0.80026E+00    4     3565     4    -5     T
      918  0.3000010E+02  0.10000E-03    3     3568    -4    -5     T
      919  0.3000023E+02  0.13000E-03    4     3572    -4    -5     T
      920  0.3000036E+02  0.13000E-03    2     3574    -4    -5     T
      921  0.3000053E+02  0.16900E-03    2     3576    -4    -5     T
      922  0.3000075E+02  0.21970E-03    2     3578    -4    -5     T
      923  0.3000103E+02  0.28561E-03    2     3580    -4    -5     T
      924  0.3000141E+02  0.37129E-03    2     3582    -4    -5     T
      925  0.3000189E+02  0.48268E-03    2     3584    -4    -5     T
      926  0.3000252E+02  0.62748E-03    2     3586    -4    -5     T
      927  0.3000333E+02  0.81573E-03    2     3588    -4    -5     T
      928  0.3000439E+02  0.10604E-02    2     3590    -4    -5     T
      929  0.3000577E+02  0.13786E-02    2     3592    -4    -5     T
      930  0.3000756E+02  0.17922E-02    2     3594    -4    -5     T
      931  0.3000989E+02  0.23298E-02    2     3596    -4    -5     T
      932  0.3001292E+02  0.30287E-02    2     3598    -4    -5     T
      933  0.3001686E+02  0.39374E-02    2     3600    -4    -5     T
      934  0.3002198E+02  0.51186E-02    2     3602    -4    -5     T
      935  0.3002863E+02  0.66542E-02    2     3604    -4    -5     T
      936  0.3003728E+02  0.86504E-02    2     3606    -4    -5     T
      937  0.3004853E+02  0.11246E-01    2     3608    -4    -5     T
      938  0.3006315E+02  0.14619E-01    2     3610    -4    -5     T
      939  0.3008215E+02  0.19005E-01    2     3612    -4    -5     T
      940  0.3010686E+02  0.24706E-01    2     3614    -4    -5     T
      941  0.3013898E+02  0.32118E-01    2     3616    -4    -5     T
      942  0.3018073E+02  0.41754E-01    2     3618    -4    -5     T
      943  0.3023501E+02  0.54280E-01    2     3620    -4    -5     T
      944  0.3030557E+02  0.70564E-01    2     3622    -4    -5     T
      945  0.3039731E+02  0.91733E-01    2     3624    -4    -5     T
      946  0.3051656E+02  0.11925E+00    2     3626    -4    -5     T
      947  0.3067159E+02  0.15503E+00    2     3628    -4    -5     T
      948  0.3087313E+02  0.20154E+00    2     3630    -4    -5     T
      949  0.3113513E+02  0.26200E+00    2     3632    -4    -5     T
      950  0.3147573E+02  0.34060E+00    2     3634    -4    -5     T
      951  0.3191850E+02  0.44278E+00    2     3636    -4    -5     T
      952  0.3249412E+02  0.57561E+00    2     3638    -4    -5     T
      953  0.3324470E+02  0.75059E+00    2     3640    -4    -5     T
      954  0.3420975E+02  0.96504E+00    3     3643    -4    -5     T
      955  0.3536780E+02  0.11581E+01    3     3646    -4    -5     T
      956  0.3691187E+02  0.15441E+01    4     3650    -4    -5     T
      957  0.3845593E+02  0.15441E+01    4     3654    -4    -5     T
      958  0.4000000E+02  0.15441E+01    3     3657    -4    -5     T
      959  0.4000010E+02  0.10000E-03    2     3659    -4    -5     T
      960  0.4000023E+02  0.13000E-03    2     3661    -4    -5     T
      961  0.4000040E+02  0.16900E-03    2     3663    -4    -5     T
      962  0.4000062E+02  0.21970E-03    2     3665    -4    -5     T
      963  0.4000090E+02  0.28561E-03    2     3667    -4    -5     T
      964  0.4000128E+02  0.37129E-03    2     3669    -4    -5     T
      965  0.4000176E+02  0.48268E-03    2     3671    -4    -5     T
      966  0.4000239E+02  0.62748E-03    2     3673    -4    -5     T
      967  0.4000320E+02  0.81573E-03    2     3675    -4    -5     T
      968  0.4000426E+02  0.10604E-02    2     3677    -4    -5     T
      969  0.4000564E+02  0.13786E-02    2     3679    -4    -5     T
      970  0.4000743E+02  0.17922E-02    2     3681    -4    -5     T
      971  0.4000976E+02  0.23298E-02    2     3683    -4    -5     T
      972  0.4001279E+02  0.30287E-02    2     3685    -4    -5     T
      973  0.4001673E+02  0.39374E-02    2     3687    -4    -5     T
      974  0.4002185E+02  0.51186E-02    2     3689    -4    -5     T
      975  0.4002850E+02  0.66542E-02    2     3691    -4    -5     T
      976  0.4003715E+02  0.86504E-02    2     3693    -4    -5     T
      977  0.4004840E+02  0.11246E-01    2     3695    -4    -5     T
      978  0.4006302E+02  0.14619E-01    2     3697    -4    -5     T
      979  0.4008202E+02  0.19005E-01    2     3699    -4    -5     T
      980  0.4010673E+02  0.24706E-01    2     3701    -4    -5     T
      981  0.4013885E+02  0.32118E-01    2     3703    -4    -5     T
      982  0.4018060E+02  0.41754E-01    2     3705    -4    -5     T
      983  0.4023488E+02  0.54280E-01    2     3707    -4    -5     T
      984  0.4030544E+02  0.70564E-01    2     3709    -4    -5     T
      985  0.4039718E+02  0.91733E-01    2     3711    -4    -5     T
      986  0.4051643E+02  0.11925E+00    2     3713    -4    -5     T
      987  0.4067146E+02  0.15503E+00    2     3715    -4    -5     T
      988  0.4087300E+02  0.20154E+00    2     3717    -4    -5     T
      989  0.4113500E+02  0.26200E+00    2     3719    -4    -5     T
      990  0.4147560E+02  0.34060E+00    2     3721    -4    -5     T
      991  0.4191837E+02  0.44278E+00    2     3723    -4    -5     T
      992  0.4249399E+02  0.57561E+00    2     3725    -4    -5     T
      993  0.4324459E+02  0.75060E+00    2     3727    -4    -5     T
      994  0.4420965E+02  0.96506E+00    2     3729    -4    -5     T
      995  0.4536772E+02  0.11581E+01    2     3731    -4    -5     T
      996  0.4691181E+02  0.15441E+01    3     3734    -4    -5     T
      997  0.5000000E+02  0.30882E+01    4     3738    -4    -5     T
      998  0.5000010E+02  0.10000E-03    2     3740    -4    -5     T
      999  0.5000023E+02  0.13000E-03    2     3742    -4    -5     T
     1000  0.5000040E+02  0.16900E-03    2     3744    -4    -5     T
     1001  0.5000062E+02  0.21970E-03    2     3746    -4    -5     T
     1002  0.5000090E+02  0.28561E-03    2     3748    -4    -5     T
     1003  0.5000128E+02  0.37129E-03    2     3750    -4    -5     T
     1004  0.5000176E+02  0.48268E-03    2     3752    -4    -5     T
     1005  0.5000239E+02  0.62748E-03    2     3754    -4    -5     T
     1006  0.5000320E+02  0.81573E-03    2     3756    -4    -5     T
     1007  0.5000426E+02  0.10604E-02    2     3758    -4    -5     T
     1008  0.5000564E+02  0.13786E-02    2     3760    -4    -5     T
     1009  0.5000743E+02  0.17922E-02    2     3762    -4    -5     T
     1010  0.5000976E+02  0.23298E-02    2     3764    -4    -5     T
     1011  0.5001279E+02  0.30287E-02    2     3766    -4    -5     T
     1012  0.5001673E+02  0.39374E-02    2     3768    -4    -5     T
     1013  0.5002185E+02  0.51186E-02    2     3770    -4    -5     T
     1014  0.5002850E+02  0.66542E-02    2     3772    -4    -5     T
     1015  0.5003715E+02  0.86504E-02    2     3774    -4    -5     T
     1016  0.5004840E+02  0.11246E-01    2     3776    -4    -5     T
     1017  0.5006302E+02  0.14619E-01    2     3778    -4    -5     T
     1018  0.5008202E+02  0.19005E-01    2     3780    -4    -5     T
     1019  0.5010673E+02  0.24706E-01    2     3782    -4    -5     T
     1020  0.5013885E+02  0.32118E-01    2     3784    -4    -5     T
     1021  0.5018060E+02  0.41754E-01    2     3786    -4    -5     T
     1022  0.5023488E+02  0.54280E-01    2     3788    -4    -5     T
     1023  0.5030544E+02  0.70564E-01    2     3790    -4    -5     T
     1024  0.5039718E+02  0.91733E-01    2     3792    -4    -5     T
     1025  0.5051643E+02  0.11925E+00    2     3794    -4    -5     T
     1026  0.5067146E+02  0.15503E+00    2     3796    -4    -5     T
     1027  0.5087300E+02  0.20154E+00    2     3798    -4    -5     T
     1028  0.5113500E+02  0.26200E+00    2     3800    -4    -5     T
     1029  0.5147560E+02  0.34060E+00    2     3802    -4    -5     T
     1030  0.5191837E+02  0.44278E+00    2     3804    -4    -5     T
     1031  0.5249399E+02  0.57561E+00    2     3806    -4    -5     T
     1032  0.5324459E+02  0.75060E+00    2     3808    -4    -5     T
     1033  0.5420965E+02  0.96506E+00    2     3810    -4    -5     T
     1034  0.5536772E+02  0.11581E+01    2     3812    -4    -5     T
     1035  0.5691181E+02  0.15441E+01    2     3814    -4    -5     T
     1036  0.6000000E+02  0.30882E+01    3     3817    -4    -5     T
     1037  0.6250000E+02  0.25000E+01    2     3819    -4    -5     T
     1038  0.6625000E+02  0.37500E+01    3     3822    -4    -5     T
     1039  0.7000000E+02  0.37500E+01    3     3825    -4    -5     T
end
