

   Time         sum(rTop)     sum(rRoot)    sum(vTop)     sum(vRoot)     sum(vBot)    hTop       hRoot      hBot      A-level
    [T]           [L]           [L]           [L]           [L]            [L]        [L]         [L]       [L] 

    10.00100 -0.210000E-03  0.000000E+00 -0.210007E-03  0.000000E+00 -0.871680E-06  -3591.419      0.000  -1415.006       1
    20.00000 -0.249996E+01  0.000000E+00 -0.249996E+01  0.000000E+00 -0.906726E-02   -392.154      0.000  -1398.097       2
    30.00000 -0.249996E+01  0.000000E+00 -0.249996E+01  0.000000E+00 -0.182946E-01   -942.635      0.000  -1390.157       3
    40.00000 -0.259996E+01  0.000000E+00 -0.259996E+01  0.000000E+00 -0.276294E-01  -1037.400      0.000  -1384.030       4
    50.00000 -0.259996E+01  0.000000E+00 -0.259996E+01  0.000000E+00 -0.370626E-01  -1214.093      0.000  -1378.895       5
    60.00000 -0.259996E+01  0.000000E+00 -0.259996E+01  0.000000E+00 -0.465800E-01  -1333.272      0.000  -1374.356       6
    70.00000 -0.739996E+01  0.000000E+00 -0.739996E+01  0.000000E+00 -0.561530E-01    -76.993      0.000  -1370.131       7
    80.00000 -0.217999E+02  0.000000E+00 -0.156612E+02  0.000000E+00 -0.658024E-01      0.000      0.000  -1366.264       8
    90.00000 -0.272999E+02  0.000000E+00 -0.209795E+02  0.000000E+00 -0.755065E-01      0.499      0.000  -1362.630       9
   100.00000 -0.282999E+02  0.000000E+00 -0.219795E+02  0.000000E+00 -0.852708E-01    -91.182      0.000  -1359.211      10
   110.00000 -0.299999E+02  0.000000E+00 -0.236795E+02  0.000000E+00 -0.950916E-01    -69.061      0.000  -1355.967      11
   120.00000 -0.305999E+02  0.000000E+00 -0.242795E+02  0.000000E+00 -0.104966E+00   -137.188      0.000  -1352.867      12
   130.00000 -0.322999E+02  0.000000E+00 -0.259795E+02  0.000000E+00 -0.114891E+00    -77.202      0.000  -1349.894      13
   140.00000 -0.331999E+02  0.000000E+00 -0.268795E+02  0.000000E+00 -0.124864E+00   -116.466      0.000  -1347.031      14
   150.00000 -0.332999E+02  0.000000E+00 -0.269795E+02  0.000000E+00 -0.134885E+00   -205.403      0.000  -1344.269      15
   160.00000 -0.336999E+02  0.000000E+00 -0.273795E+02  0.000000E+00 -0.144952E+00   -203.182      0.000  -1341.597      16
   170.00000 -0.338999E+02  0.000000E+00 -0.275795E+02  0.000000E+00 -0.155062E+00   -241.650      0.000  -1339.008      17
   180.00000 -0.338999E+02  0.000000E+00 -0.275795E+02  0.000000E+00 -0.165220E+00   -297.325      0.000  -1336.503      18
   190.00000 -0.338999E+02  0.000000E+00 -0.275795E+02  0.000000E+00 -0.175422E+00   -332.290      0.000  -1334.074      19
   200.00000 -0.339999E+02  0.000000E+00 -0.276795E+02  0.000000E+00 -0.185658E+00   -337.983      0.000  -1331.703      20
   210.00000 -0.339999E+02  0.000000E+00 -0.276795E+02  0.000000E+00 -0.195936E+00   -375.281      0.000  -1329.402      21
   220.00000 -0.339999E+02  0.000000E+00 -0.276795E+02  0.000000E+00 -0.206256E+00   -401.463      0.000  -1327.168      22
   230.00000 -0.340999E+02  0.000000E+00 -0.277795E+02  0.000000E+00 -0.216606E+00   -395.158      0.000  -1324.983      23
   240.00000 -0.340999E+02  0.000000E+00 -0.277795E+02  0.000000E+00 -0.226995E+00   -431.660      0.000  -1322.862      24
   250.00000 -0.340999E+02  0.000000E+00 -0.277795E+02  0.000000E+00 -0.237423E+00   -452.856      0.000  -1320.801      25
   260.00000 -0.342999E+02  0.000000E+00 -0.279795E+02  0.000000E+00 -0.247879E+00   -408.526      0.000  -1318.785      26
   270.00000 -0.343999E+02  0.000000E+00 -0.280795E+02  0.000000E+00 -0.258368E+00   -428.263      0.000  -1316.822      27
   280.00000 -0.344999E+02  0.000000E+00 -0.281795E+02  0.000000E+00 -0.268893E+00   -435.739      0.000  -1314.917      28
   290.00000 -0.345999E+02  0.000000E+00 -0.282795E+02  0.000000E+00 -0.279452E+00   -442.098      0.000  -1313.064      29
   300.00000 -0.347999E+02  0.000000E+00 -0.284795E+02  0.000000E+00 -0.290036E+00   -417.549      0.000  -1311.253      30
   310.00000 -0.348999E+02  0.000000E+00 -0.285795E+02  0.000000E+00 -0.300651E+00   -440.819      0.000  -1309.490      31
   320.00000 -0.348999E+02  0.000000E+00 -0.285795E+02  0.000000E+00 -0.311297E+00   -482.716      0.000  -1307.777      32
   330.00000 -0.348999E+02  0.000000E+00 -0.285795E+02  0.000000E+00 -0.321975E+00   -507.648      0.000  -1306.113      33
   340.00000 -0.349999E+02  0.000000E+00 -0.286795E+02  0.000000E+00 -0.332674E+00   -488.119      0.000  -1304.487      34
   350.00000 -0.350999E+02  0.000000E+00 -0.287795E+02  0.000000E+00 -0.343404E+00   -487.821      0.000  -1302.907      35
   360.00000 -0.350999E+02  0.000000E+00 -0.287795E+02  0.000000E+00 -0.354161E+00   -526.506      0.000  -1301.374      36
end
