 ******* Program HYDRUS
 ******* 
 Welcome to HYDRUS-1D                                                    
 Date:  25. 9.    Time:  14:51:41
 Units: L = mm   , T = min  , M = mmol 

----------------------------------------------------------
 Time       [T]       10.0000
----------------------------------------------------------
 Sub-region num.                     1            2
----------------------------------------------------------
 Length   [L]        0.10000E+04  0.10000E+04  0.00000E+00
 W-volume [L]        0.46491E+03  0.46491E+03  0.00000E+00
 In-flow  [L/T]      0.00000E+00  0.00000E+00  0.00000E+00
 h Mean   [L]       -0.18870E+04 -0.18870E+04  0.00000E+00
 Top Flux [L/T]     -0.44917E-04
 Bot Flux [L/T]     -0.20640E-02
----------------------------------------------------------

----------------------------------------------------------
 Time       [T]       10.0010
----------------------------------------------------------
 Sub-region num.                     1            2
----------------------------------------------------------
 Length   [L]        0.10000E+04  0.10000E+04  0.00000E+00
 W-volume [L]        0.46491E+03  0.46491E+03  0.00000E+00
 In-flow  [L/T]      0.20599E+00  0.20599E+00  0.00000E+00
 h Mean   [L]       -0.18870E+04 -0.18870E+04  0.00000E+00
 Top Flux [L/T]     -0.53534E-04
 Bot Flux [L/T]     -0.20636E-02
 WatBalT  [L]        0.44873E-05
 WatBalR  [%]              2.019
----------------------------------------------------------

----------------------------------------------------------
 Time       [T]       20.0000
----------------------------------------------------------
 Sub-region num.                     1            2
----------------------------------------------------------
 Length   [L]        0.10000E+04  0.10000E+04  0.00000E+00
 W-volume [L]        0.46741E+03  0.46741E+03  0.00000E+00
 In-flow  [L/T]      0.24908E+00  0.24908E+00  0.00000E+00
 h Mean   [L]       -0.18278E+04 -0.18278E+04  0.00000E+00
 Top Flux [L/T]     -0.22079E+00
 Bot Flux [L/T]     -0.12314E-02
 WatBalT  [L]       -0.78201E-04
 WatBalR  [%]              0.003
----------------------------------------------------------

----------------------------------------------------------
 Time       [T]       30.0000
----------------------------------------------------------
 Sub-region num.                     1            2
----------------------------------------------------------
 Length   [L]        0.10000E+04  0.10000E+04  0.00000E+00
 W-volume [L]        0.46740E+03  0.46740E+03  0.00000E+00
 In-flow  [L/T]     -0.92812E-03 -0.92812E-03  0.00000E+00
 h Mean   [L]       -0.18156E+04 -0.18156E+04  0.00000E+00
 Top Flux [L/T]     -0.14208E-01
 Bot Flux [L/T]     -0.11454E-02
 WatBalT  [L]       -0.97275E-04
 WatBalR  [%]              0.004
----------------------------------------------------------

----------------------------------------------------------
 Time       [T]       40.0000
----------------------------------------------------------
 Sub-region num.                     1            2
----------------------------------------------------------
 Length   [L]        0.10000E+04  0.10000E+04  0.00000E+00
 W-volume [L]        0.46749E+03  0.46749E+03  0.00000E+00
 In-flow  [L/T]      0.90615E-02  0.90615E-02  0.00000E+00
 h Mean   [L]       -0.18088E+04 -0.18088E+04  0.00000E+00
 Top Flux [L/T]     -0.12943E-01
 Bot Flux [L/T]     -0.11145E-02
 WatBalT  [L]       -0.93222E-04
 WatBalR  [%]              0.003
----------------------------------------------------------

----------------------------------------------------------
 Time       [T]       50.0000
----------------------------------------------------------
 Sub-region num.                     1            2
----------------------------------------------------------
 Length   [L]        0.10000E+04  0.10000E+04  0.00000E+00
 W-volume [L]        0.46748E+03  0.46748E+03  0.00000E+00
 In-flow  [L/T]     -0.94643E-03 -0.94643E-03  0.00000E+00
 h Mean   [L]       -0.18052E+04 -0.18052E+04  0.00000E+00
 Top Flux [L/T]     -0.54778E-02
 Bot Flux [L/T]     -0.11001E-02
 WatBalT  [L]        0.62704E-04
 WatBalR  [%]              0.002
----------------------------------------------------------

----------------------------------------------------------
 Time       [T]       60.0000
----------------------------------------------------------
 Sub-region num.                     1            2
----------------------------------------------------------
 Length   [L]        0.10000E+04  0.10000E+04  0.00000E+00
 W-volume [L]        0.46747E+03  0.46747E+03  0.00000E+00
 In-flow  [L/T]     -0.95377E-03 -0.95377E-03  0.00000E+00
 h Mean   [L]       -0.18023E+04 -0.18023E+04  0.00000E+00
 Top Flux [L/T]     -0.34033E-02
 Bot Flux [L/T]     -0.10924E-02
 WatBalT  [L]       -0.32902E-04
 WatBalR  [%]              0.001
----------------------------------------------------------

----------------------------------------------------------
 Time       [T]       70.0000
----------------------------------------------------------
 Sub-region num.                     1            2
----------------------------------------------------------
 Length   [L]        0.10000E+04  0.10000E+04  0.00000E+00
 W-volume [L]        0.47226E+03  0.47226E+03  0.00000E+00
 In-flow  [L/T]      0.47904E+00  0.47904E+00  0.00000E+00
 h Mean   [L]       -0.17484E+04 -0.17484E+04  0.00000E+00
 Top Flux [L/T]     -0.46475E+00
 Bot Flux [L/T]     -0.10873E-02
 WatBalT  [L]        0.36716E-04
 WatBalR  [%]              0.000
----------------------------------------------------------

----------------------------------------------------------
 Time       [T]       80.0000
----------------------------------------------------------
 Sub-region num.                     1            2
----------------------------------------------------------
 Length   [L]        0.10000E+04  0.10000E+04  0.00000E+00
 W-volume [L]        0.48051E+03  0.48051E+03  0.00000E+00
 In-flow  [L/T]      0.60806E+00  0.60806E+00  0.00000E+00
 h Mean   [L]       -0.16469E+04 -0.16469E+04  0.00000E+00
 Top Flux [L/T]     -0.60903E+00
 Bot Flux [L/T]     -0.10850E-02
 WatBalT  [L]        0.39101E-04
 WatBalR  [%]              0.000
----------------------------------------------------------

----------------------------------------------------------
 Time       [T]       90.0000
----------------------------------------------------------
 Sub-region num.                     1            2
----------------------------------------------------------
 Length   [L]        0.10000E+04  0.10000E+04  0.00000E+00
 W-volume [L]        0.48582E+03  0.48582E+03  0.00000E+00
 In-flow  [L/T]      0.54913E+00  0.54913E+00  0.00000E+00
 h Mean   [L]       -0.15714E+04 -0.15714E+04  0.00000E+00
 Top Flux [L/T]     -0.48468E+00
 Bot Flux [L/T]     -0.10840E-02
 WatBalT  [L]       -0.10681E-03
 WatBalR  [%]              0.000
----------------------------------------------------------

----------------------------------------------------------
 Time       [T]      100.0000
----------------------------------------------------------
 Sub-region num.                     1            2
----------------------------------------------------------
 Length   [L]        0.10000E+04  0.10000E+04  0.00000E+00
 W-volume [L]        0.48681E+03  0.48681E+03  0.00000E+00
 In-flow  [L/T]      0.99021E-01  0.99021E-01  0.00000E+00
 h Mean   [L]       -0.15285E+04 -0.15285E+04  0.00000E+00
 Top Flux [L/T]     -0.10433E+00
 Bot Flux [L/T]     -0.10835E-02
 WatBalT  [L]       -0.35477E-03
 WatBalR  [%]              0.002
----------------------------------------------------------

----------------------------------------------------------
 Time       [T]      110.0000
----------------------------------------------------------
 Sub-region num.                     1            2
----------------------------------------------------------
 Length   [L]        0.10000E+04  0.10000E+04  0.00000E+00
 W-volume [L]        0.48850E+03  0.48850E+03  0.00000E+00
 In-flow  [L/T]      0.16902E+00  0.16902E+00  0.00000E+00
 h Mean   [L]       -0.14965E+04 -0.14965E+04  0.00000E+00
 Top Flux [L/T]     -0.16952E+00
 Bot Flux [L/T]     -0.10840E-02
 WatBalT  [L]       -0.34523E-03
 WatBalR  [%]              0.001
----------------------------------------------------------

----------------------------------------------------------
 Time       [T]      120.0000
----------------------------------------------------------
 Sub-region num.                     1            2
----------------------------------------------------------
 Length   [L]        0.10000E+04  0.10000E+04  0.00000E+00
 W-volume [L]        0.48909E+03  0.48909E+03  0.00000E+00
 In-flow  [L/T]      0.59010E-01  0.59010E-01  0.00000E+00
 h Mean   [L]       -0.14734E+04 -0.14734E+04  0.00000E+00
 Top Flux [L/T]     -0.63929E-01
 Bot Flux [L/T]     -0.10850E-02
 WatBalT  [L]       -0.26131E-03
 WatBalR  [%]              0.001
----------------------------------------------------------

----------------------------------------------------------
 Time       [T]      130.0000
----------------------------------------------------------
 Sub-region num.                     1            2
----------------------------------------------------------
 Length   [L]        0.10000E+04  0.10000E+04  0.00000E+00
 W-volume [L]        0.49078E+03  0.49078E+03  0.00000E+00
 In-flow  [L/T]      0.16901E+00  0.16901E+00  0.00000E+00
 h Mean   [L]       -0.14488E+04 -0.14488E+04  0.00000E+00
 Top Flux [L/T]     -0.16781E+00
 Bot Flux [L/T]     -0.10863E-02
 WatBalT  [L]       -0.12016E-03
 WatBalR  [%]              0.000
----------------------------------------------------------

----------------------------------------------------------
 Time       [T]      140.0000
----------------------------------------------------------
 Sub-region num.                     1            2
----------------------------------------------------------
 Length   [L]        0.10000E+04  0.10000E+04  0.00000E+00
 W-volume [L]        0.49167E+03  0.49167E+03  0.00000E+00
 In-flow  [L/T]      0.89000E-01  0.89000E-01  0.00000E+00
 h Mean   [L]       -0.14287E+04 -0.14287E+04  0.00000E+00
 Top Flux [L/T]     -0.91712E-01
 Bot Flux [L/T]     -0.10877E-02
 WatBalT  [L]       -0.28610E-03
 WatBalR  [%]              0.001
----------------------------------------------------------

----------------------------------------------------------
 Time       [T]      150.0000
----------------------------------------------------------
 Sub-region num.                     1            2
----------------------------------------------------------
 Length   [L]        0.10000E+04  0.10000E+04  0.00000E+00
 W-volume [L]        0.49176E+03  0.49176E+03  0.00000E+00
 In-flow  [L/T]      0.89957E-02  0.89957E-02  0.00000E+00
 h Mean   [L]       -0.14136E+04 -0.14136E+04  0.00000E+00
 Top Flux [L/T]     -0.16198E-01
 Bot Flux [L/T]     -0.10894E-02
 WatBalT  [L]       -0.36049E-03
 WatBalR  [%]              0.001
----------------------------------------------------------

----------------------------------------------------------
 Time       [T]      160.0000
----------------------------------------------------------
 Sub-region num.                     1            2
----------------------------------------------------------
 Length   [L]        0.10000E+04  0.10000E+04  0.00000E+00
 W-volume [L]        0.49215E+03  0.49215E+03  0.00000E+00
 In-flow  [L/T]      0.38990E-01  0.38990E-01  0.00000E+00
 h Mean   [L]       -0.13991E+04 -0.13991E+04  0.00000E+00
 Top Flux [L/T]     -0.41227E-01
 Bot Flux [L/T]     -0.10912E-02
 WatBalT  [L]       -0.31853E-03
 WatBalR  [%]              0.001
----------------------------------------------------------

----------------------------------------------------------
 Time       [T]      170.0000
----------------------------------------------------------
 Sub-region num.                     1            2
----------------------------------------------------------
 Length   [L]        0.10000E+04  0.10000E+04  0.00000E+00
 W-volume [L]        0.49234E+03  0.49234E+03  0.00000E+00
 In-flow  [L/T]      0.18988E-01  0.18988E-01  0.00000E+00
 h Mean   [L]       -0.13867E+04 -0.13867E+04  0.00000E+00
 Top Flux [L/T]     -0.22937E-01
 Bot Flux [L/T]     -0.10930E-02
 WatBalT  [L]       -0.17548E-03
 WatBalR  [%]              0.001
----------------------------------------------------------

----------------------------------------------------------
 Time       [T]      180.0000
----------------------------------------------------------
 Sub-region num.                     1            2
----------------------------------------------------------
 Length   [L]        0.10000E+04  0.10000E+04  0.00000E+00
 W-volume [L]        0.49233E+03  0.49233E+03  0.00000E+00
 In-flow  [L/T]     -0.10173E-02 -0.10173E-02  0.00000E+00
 h Mean   [L]       -0.13767E+04 -0.13767E+04  0.00000E+00
 Top Flux [L/T]     -0.43469E-02
 Bot Flux [L/T]     -0.10949E-02
 WatBalT  [L]       -0.33188E-03
 WatBalR  [%]              0.001
----------------------------------------------------------

----------------------------------------------------------
 Time       [T]      190.0000
----------------------------------------------------------
 Sub-region num.                     1            2
----------------------------------------------------------
 Length   [L]        0.10000E+04  0.10000E+04  0.00000E+00
 W-volume [L]        0.49232E+03  0.49232E+03  0.00000E+00
 In-flow  [L/T]     -0.10208E-02 -0.10208E-02  0.00000E+00
 h Mean   [L]       -0.13677E+04 -0.13677E+04  0.00000E+00
 Top Flux [L/T]     -0.32662E-02
 Bot Flux [L/T]     -0.10968E-02
 WatBalT  [L]       -0.38338E-03
 WatBalR  [%]              0.001
----------------------------------------------------------

----------------------------------------------------------
 Time       [T]      200.0000
----------------------------------------------------------
 Sub-region num.                     1            2
----------------------------------------------------------
 Length   [L]        0.10000E+04  0.10000E+04  0.00000E+00
 W-volume [L]        0.49241E+03  0.49241E+03  0.00000E+00
 In-flow  [L/T]      0.89743E-02  0.89743E-02  0.00000E+00
 h Mean   [L]       -0.13591E+04 -0.13591E+04  0.00000E+00
 Top Flux [L/T]     -0.11323E-01
 Bot Flux [L/T]     -0.10987E-02
 WatBalT  [L]       -0.33379E-03
 WatBalR  [%]              0.001
----------------------------------------------------------

----------------------------------------------------------
 Time       [T]      210.0000
----------------------------------------------------------
 Sub-region num.                     1            2
----------------------------------------------------------
 Length   [L]        0.10000E+04  0.10000E+04  0.00000E+00
 W-volume [L]        0.49240E+03  0.49240E+03  0.00000E+00
 In-flow  [L/T]     -0.10274E-02 -0.10274E-02  0.00000E+00
 h Mean   [L]       -0.13517E+04 -0.13517E+04  0.00000E+00
 Top Flux [L/T]     -0.27471E-02
 Bot Flux [L/T]     -0.11006E-02
 WatBalT  [L]       -0.18692E-03
 WatBalR  [%]              0.001
----------------------------------------------------------

----------------------------------------------------------
 Time       [T]      220.0000
----------------------------------------------------------
 Sub-region num.                     1            2
----------------------------------------------------------
 Length   [L]        0.10000E+04  0.10000E+04  0.00000E+00
 W-volume [L]        0.49239E+03  0.49239E+03  0.00000E+00
 In-flow  [L/T]     -0.10334E-02 -0.10334E-02  0.00000E+00
 h Mean   [L]       -0.13452E+04 -0.13452E+04  0.00000E+00
 Top Flux [L/T]     -0.22043E-02
 Bot Flux [L/T]     -0.11024E-02
 WatBalT  [L]       -0.33379E-03
 WatBalR  [%]              0.001
----------------------------------------------------------

----------------------------------------------------------
 Time       [T]      230.0000
----------------------------------------------------------
 Sub-region num.                     1            2
----------------------------------------------------------
 Length   [L]        0.10000E+04  0.10000E+04  0.00000E+00
 W-volume [L]        0.49248E+03  0.49248E+03  0.00000E+00
 In-flow  [L/T]      0.89639E-02  0.89639E-02  0.00000E+00
 h Mean   [L]       -0.13386E+04 -0.13386E+04  0.00000E+00
 Top Flux [L/T]     -0.10459E-01
 Bot Flux [L/T]     -0.11043E-02
 WatBalT  [L]       -0.32043E-03
 WatBalR  [%]              0.001
----------------------------------------------------------

----------------------------------------------------------
 Time       [T]      240.0000
----------------------------------------------------------
 Sub-region num.                     1            2
----------------------------------------------------------
 Length   [L]        0.10000E+04  0.10000E+04  0.00000E+00
 W-volume [L]        0.49247E+03  0.49247E+03  0.00000E+00
 In-flow  [L/T]     -0.10405E-02 -0.10405E-02  0.00000E+00
 h Mean   [L]       -0.13332E+04 -0.13332E+04  0.00000E+00
 Top Flux [L/T]     -0.22091E-02
 Bot Flux [L/T]     -0.11060E-02
 WatBalT  [L]       -0.30708E-03
 WatBalR  [%]              0.001
----------------------------------------------------------

----------------------------------------------------------
 Time       [T]      250.0000
----------------------------------------------------------
 Sub-region num.                     1            2
----------------------------------------------------------
 Length   [L]        0.10000E+04  0.10000E+04  0.00000E+00
 W-volume [L]        0.49246E+03  0.49246E+03  0.00000E+00
 In-flow  [L/T]     -0.10443E-02 -0.10443E-02  0.00000E+00
 h Mean   [L]       -0.13281E+04 -0.13281E+04  0.00000E+00
 Top Flux [L/T]     -0.17258E-02
 Bot Flux [L/T]     -0.11078E-02
 WatBalT  [L]       -0.34714E-03
 WatBalR  [%]              0.001
----------------------------------------------------------

----------------------------------------------------------
 Time       [T]      260.0000
----------------------------------------------------------
 Sub-region num.                     1            2
----------------------------------------------------------
 Length   [L]        0.10000E+04  0.10000E+04  0.00000E+00
 W-volume [L]        0.49265E+03  0.49265E+03  0.00000E+00
 In-flow  [L/T]      0.18952E-01  0.18952E-01  0.00000E+00
 h Mean   [L]       -0.13224E+04 -0.13224E+04  0.00000E+00
 Top Flux [L/T]     -0.18601E-01
 Bot Flux [L/T]     -0.11095E-02
 WatBalT  [L]       -0.22507E-03
 WatBalR  [%]              0.001
----------------------------------------------------------

----------------------------------------------------------
 Time       [T]      270.0000
----------------------------------------------------------
 Sub-region num.                     1            2
----------------------------------------------------------
 Length   [L]        0.10000E+04  0.10000E+04  0.00000E+00
 W-volume [L]        0.49274E+03  0.49274E+03  0.00000E+00
 In-flow  [L/T]      0.89491E-02  0.89491E-02  0.00000E+00
 h Mean   [L]       -0.13177E+04 -0.13177E+04  0.00000E+00
 Top Flux [L/T]     -0.10793E-01
 Bot Flux [L/T]     -0.11111E-02
 WatBalT  [L]       -0.19836E-03
 WatBalR  [%]              0.001
----------------------------------------------------------

----------------------------------------------------------
 Time       [T]      280.0000
----------------------------------------------------------
 Sub-region num.                     1            2
----------------------------------------------------------
 Length   [L]        0.10000E+04  0.10000E+04  0.00000E+00
 W-volume [L]        0.49282E+03  0.49282E+03  0.00000E+00
 In-flow  [L/T]      0.89459E-02  0.89459E-02  0.00000E+00
 h Mean   [L]       -0.13133E+04 -0.13133E+04  0.00000E+00
 Top Flux [L/T]     -0.10599E-01
 Bot Flux [L/T]     -0.11128E-02
 WatBalT  [L]       -0.22888E-03
 WatBalR  [%]              0.001
----------------------------------------------------------

----------------------------------------------------------
 Time       [T]      290.0000
----------------------------------------------------------
 Sub-region num.                     1            2
----------------------------------------------------------
 Length   [L]        0.10000E+04  0.10000E+04  0.00000E+00
 W-volume [L]        0.49291E+03  0.49291E+03  0.00000E+00
 In-flow  [L/T]      0.89435E-02  0.89435E-02  0.00000E+00
 h Mean   [L]       -0.13092E+04 -0.13092E+04  0.00000E+00
 Top Flux [L/T]     -0.10535E-01
 Bot Flux [L/T]     -0.11143E-02
 WatBalT  [L]       -0.28419E-03
 WatBalR  [%]              0.001
----------------------------------------------------------

----------------------------------------------------------
 Time       [T]      300.0000
----------------------------------------------------------
 Sub-region num.                     1            2
----------------------------------------------------------
 Length   [L]        0.10000E+04  0.10000E+04  0.00000E+00
 W-volume [L]        0.49310E+03  0.49310E+03  0.00000E+00
 In-flow  [L/T]      0.18939E-01  0.18939E-01  0.00000E+00
 h Mean   [L]       -0.13045E+04 -0.13045E+04  0.00000E+00
 Top Flux [L/T]     -0.19114E-01
 Bot Flux [L/T]     -0.11159E-02
 WatBalT  [L]       -0.24986E-03
 WatBalR  [%]              0.001
----------------------------------------------------------

----------------------------------------------------------
 Time       [T]      310.0000
----------------------------------------------------------
 Sub-region num.                     1            2
----------------------------------------------------------
 Length   [L]        0.10000E+04  0.10000E+04  0.00000E+00
 W-volume [L]        0.49319E+03  0.49319E+03  0.00000E+00
 In-flow  [L/T]      0.89375E-02  0.89375E-02  0.00000E+00
 h Mean   [L]       -0.13007E+04 -0.13007E+04  0.00000E+00
 Top Flux [L/T]     -0.10962E-01
 Bot Flux [L/T]     -0.11173E-02
 WatBalT  [L]       -0.18501E-03
 WatBalR  [%]              0.001
----------------------------------------------------------

----------------------------------------------------------
 Time       [T]      320.0000
----------------------------------------------------------
 Sub-region num.                     1            2
----------------------------------------------------------
 Length   [L]        0.10000E+04  0.10000E+04  0.00000E+00
 W-volume [L]        0.49318E+03  0.49318E+03  0.00000E+00
 In-flow  [L/T]     -0.10652E-02 -0.10652E-02  0.00000E+00
 h Mean   [L]       -0.12977E+04 -0.12977E+04  0.00000E+00
 Top Flux [L/T]     -0.23421E-02
 Bot Flux [L/T]     -0.11188E-02
 WatBalT  [L]       -0.28038E-03
 WatBalR  [%]              0.001
----------------------------------------------------------

----------------------------------------------------------
 Time       [T]      330.0000
----------------------------------------------------------
 Sub-region num.                     1            2
----------------------------------------------------------
 Length   [L]        0.10000E+04  0.10000E+04  0.00000E+00
 W-volume [L]        0.49317E+03  0.49317E+03  0.00000E+00
 In-flow  [L/T]     -0.10684E-02 -0.10684E-02  0.00000E+00
 h Mean   [L]       -0.12948E+04 -0.12948E+04  0.00000E+00
 Top Flux [L/T]     -0.16991E-02
 Bot Flux [L/T]     -0.11202E-02
 WatBalT  [L]       -0.28419E-03
 WatBalR  [%]              0.001
----------------------------------------------------------

----------------------------------------------------------
 Time       [T]      340.0000
----------------------------------------------------------
 Sub-region num.                     1            2
----------------------------------------------------------
 Length   [L]        0.10000E+04  0.10000E+04  0.00000E+00
 W-volume [L]        0.49326E+03  0.49326E+03  0.00000E+00
 In-flow  [L/T]      0.89283E-02  0.89283E-02  0.00000E+00
 h Mean   [L]       -0.12914E+04 -0.12914E+04  0.00000E+00
 Top Flux [L/T]     -0.97269E-02
 Bot Flux [L/T]     -0.11215E-02
 WatBalT  [L]       -0.34904E-03
 WatBalR  [%]              0.001
----------------------------------------------------------

----------------------------------------------------------
 Time       [T]      350.0000
----------------------------------------------------------
 Sub-region num.                     1            2
----------------------------------------------------------
 Length   [L]        0.10000E+04  0.10000E+04  0.00000E+00
 W-volume [L]        0.49335E+03  0.49335E+03  0.00000E+00
 In-flow  [L/T]      0.89263E-02  0.89263E-02  0.00000E+00
 h Mean   [L]       -0.12882E+04 -0.12882E+04  0.00000E+00
 Top Flux [L/T]     -0.10058E-01
 Bot Flux [L/T]     -0.11229E-02
 WatBalT  [L]       -0.51498E-04
 WatBalR  [%]              0.000
----------------------------------------------------------

----------------------------------------------------------
 Time       [T]      360.0000
----------------------------------------------------------
 Sub-region num.                     1            2
----------------------------------------------------------
 Length   [L]        0.10000E+04  0.10000E+04  0.00000E+00
 W-volume [L]        0.49334E+03  0.49334E+03  0.00000E+00
 In-flow  [L/T]     -0.10757E-02 -0.10757E-02  0.00000E+00
 h Mean   [L]       -0.12857E+04 -0.12857E+04  0.00000E+00
 Top Flux [L/T]     -0.23678E-02
 Bot Flux [L/T]     -0.11241E-02
 WatBalT  [L]       -0.21935E-03
 WatBalR  [%]              0.001
----------------------------------------------------------
 
 Calculation time [sec]  0.750000014901161     
