

   Time         sum(rTop)     sum(rRoot)    sum(vTop)     sum(vRoot)     sum(vBot)    hTop       hRoot      hBot      A-level
    [T]           [L]           [L]           [L]           [L]            [L]        [L]         [L]       [L] 

    10.00100 -0.700000E-04  0.000000E+00 -0.698912E-04  0.000000E+00 -0.908709E-06  -7266.388      0.000  -1317.041       1
    20.00000 -0.700000E-04  0.000000E+00 -0.703630E-04  0.000000E+00 -0.101420E-01  -7267.396      0.000  -1341.983       2
    30.00000 -0.600070E+00  0.000000E+00 -0.600070E+00  0.000000E+00 -0.200664E-01  -1972.443      0.000  -1353.607       3
    40.00000 -0.130007E+01  0.000000E+00 -0.130007E+01  0.000000E+00 -0.298170E-01  -1166.652      0.000  -1362.019       4
    50.00000 -0.220007E+01  0.000000E+00 -0.220007E+01  0.000000E+00 -0.394576E-01   -738.484      0.000  -1369.210       5
    60.00000 -0.300007E+01  0.000000E+00 -0.300007E+01  0.000000E+00 -0.489766E-01   -610.716      0.000  -1375.405       6
    70.00000 -0.460007E+01  0.000000E+00 -0.460007E+01  0.000000E+00 -0.584097E-01   -311.034      0.000  -1381.042       7
    80.00000 -0.770007E+01  0.000000E+00 -0.770007E+01  0.000000E+00 -0.677558E-01    -94.597      0.000  -1386.199       8
    90.00000 -0.930007E+01  0.000000E+00 -0.930007E+01  0.000000E+00 -0.770175E-01   -138.423      0.000  -1390.964       9
   100.00000 -0.109001E+02  0.000000E+00 -0.109001E+02  0.000000E+00 -0.861988E-01   -117.714      0.000  -1395.405      10
   110.00000 -0.121001E+02  0.000000E+00 -0.121001E+02  0.000000E+00 -0.953109E-01   -134.562      0.000  -1399.601      11
   120.00000 -0.150001E+02  0.000000E+00 -0.150001E+02  0.000000E+00 -0.104355E+00    -26.288      0.000  -1403.577      12
   130.00000 -0.213001E+02  0.000000E+00 -0.193293E+02  0.000000E+00 -0.113337E+00      0.000      0.000  -1407.373      13
   140.00000 -0.268001E+02  0.000000E+00 -0.229542E+02  0.000000E+00 -0.122254E+00      0.000      0.000  -1410.991      14
   150.00000 -0.302001E+02  0.000000E+00 -0.261586E+02  0.000000E+00 -0.131117E+00      0.000      0.000  -1414.475      15
   160.00000 -0.307001E+02  0.000000E+00 -0.266586E+02  0.000000E+00 -0.139918E+00    -95.661      0.000  -1417.818      16
   170.00000 -0.307001E+02  0.000000E+00 -0.266586E+02  0.000000E+00 -0.148657E+00   -183.978      0.000  -1421.029      17
   180.00000 -0.307001E+02  0.000000E+00 -0.266586E+02  0.000000E+00 -0.157344E+00   -237.400      0.000  -1424.139      18
   190.00000 -0.307001E+02  0.000000E+00 -0.266586E+02  0.000000E+00 -0.165976E+00   -280.674      0.000  -1427.145      19
   200.00000 -0.307001E+02  0.000000E+00 -0.266586E+02  0.000000E+00 -0.174558E+00   -318.007      0.000  -1430.066      20
   210.00000 -0.307001E+02  0.000000E+00 -0.266586E+02  0.000000E+00 -0.183080E+00   -350.275      0.000  -1432.892      21
   220.00000 -0.307001E+02  0.000000E+00 -0.266586E+02  0.000000E+00 -0.191556E+00   -378.766      0.000  -1435.646      22
   230.00000 -0.307001E+02  0.000000E+00 -0.266586E+02  0.000000E+00 -0.199986E+00   -407.392      0.000  -1438.334      23
   240.00000 -0.307001E+02  0.000000E+00 -0.266586E+02  0.000000E+00 -0.208372E+00   -433.025      0.000  -1440.961      24
   250.00000 -0.307001E+02  0.000000E+00 -0.266586E+02  0.000000E+00 -0.216715E+00   -456.156      0.000  -1443.531      25
   260.00000 -0.307001E+02  0.000000E+00 -0.266586E+02  0.000000E+00 -0.225015E+00   -477.826      0.000  -1446.047      26
   270.00000 -0.307001E+02  0.000000E+00 -0.266586E+02  0.000000E+00 -0.233273E+00   -501.009      0.000  -1448.507      27
   280.00000 -0.308001E+02  0.000000E+00 -0.267586E+02  0.000000E+00 -0.241507E+00   -473.842      0.000  -1450.948      28
   290.00000 -0.309001E+02  0.000000E+00 -0.268586E+02  0.000000E+00 -0.249697E+00   -472.307      0.000  -1453.333      29
   300.00000 -0.309001E+02  0.000000E+00 -0.268586E+02  0.000000E+00 -0.257844E+00   -519.350      0.000  -1455.671      30
   310.00000 -0.310001E+02  0.000000E+00 -0.269586E+02  0.000000E+00 -0.265959E+00   -496.921      0.000  -1457.975      31
   320.00000 -0.310001E+02  0.000000E+00 -0.269586E+02  0.000000E+00 -0.274031E+00   -544.712      0.000  -1460.236      32
   330.00000 -0.311001E+02  0.000000E+00 -0.270586E+02  0.000000E+00 -0.282069E+00   -517.184      0.000  -1462.464      33
   340.00000 -0.311001E+02  0.000000E+00 -0.270586E+02  0.000000E+00 -0.290067E+00   -564.558      0.000  -1464.654      34
   350.00000 -0.311001E+02  0.000000E+00 -0.270586E+02  0.000000E+00 -0.298024E+00   -588.689      0.000  -1466.809      35
   360.00000 -0.311001E+02  0.000000E+00 -0.270586E+02  0.000000E+00 -0.305946E+00   -610.366      0.000  -1468.933      36
   370.00000 -0.312001E+02  0.000000E+00 -0.271586E+02  0.000000E+00 -0.313838E+00   -568.554      0.000  -1471.031      37
   380.00000 -0.312001E+02  0.000000E+00 -0.271586E+02  0.000000E+00 -0.321692E+00   -617.298      0.000  -1473.098      38
end
