 ******* Program HYDRUS
 ******* 
 Welcome to HYDRUS-1D                                                    
 Date:  30.10.    Time:   3:38:27
 Units: L = mm   , T = min  , M = mmol 

----------------------------------------------------------
 Time       [T]       10.0000
----------------------------------------------------------
 Sub-region num.                     1            2
----------------------------------------------------------
 Length   [L]        0.10000E+04  0.10000E+04  0.00000E+00
 W-volume [L]        0.46269E+03  0.46269E+03  0.00000E+00
 In-flow  [L/T]      0.00000E+00  0.00000E+00  0.00000E+00
 h Mean   [L]       -0.19156E+04 -0.19156E+04  0.00000E+00
 Top Flux [L/T]     -0.14865E-04
 Bot Flux [L/T]     -0.15748E-02
----------------------------------------------------------

----------------------------------------------------------
 Time       [T]       10.0010
----------------------------------------------------------
 Sub-region num.                     1            2
----------------------------------------------------------
 Length   [L]        0.10000E+04  0.10000E+04  0.00000E+00
 W-volume [L]        0.46269E+03  0.46269E+03  0.00000E+00
 In-flow  [L/T]      0.65804E-01  0.65804E-01  0.00000E+00
 h Mean   [L]       -0.19156E+04 -0.19156E+04  0.00000E+00
 Top Flux [L/T]     -0.16121E-04
 Bot Flux [L/T]     -0.15747E-02
 WatBalT  [L]       -0.78882E-05
 WatBalR  [%]             10.537
----------------------------------------------------------

----------------------------------------------------------
 Time       [T]       20.0000
----------------------------------------------------------
 Sub-region num.                     1            2
----------------------------------------------------------
 Length   [L]        0.10000E+04  0.10000E+04  0.00000E+00
 W-volume [L]        0.46268E+03  0.46268E+03  0.00000E+00
 In-flow  [L/T]     -0.91908E-03 -0.91908E-03  0.00000E+00
 h Mean   [L]       -0.19153E+04 -0.19153E+04  0.00000E+00
 Top Flux [L/T]     -0.13536E-04
 Bot Flux [L/T]     -0.11041E-02
 WatBalT  [L]       -0.89669E-04
 WatBalR  [%]              0.130
----------------------------------------------------------

----------------------------------------------------------
 Time       [T]       30.0000
----------------------------------------------------------
 Sub-region num.                     1            2
----------------------------------------------------------
 Length   [L]        0.10000E+04  0.10000E+04  0.00000E+00
 W-volume [L]        0.46327E+03  0.46327E+03  0.00000E+00
 In-flow  [L/T]      0.59074E-01  0.59074E-01  0.00000E+00
 h Mean   [L]       -0.18916E+04 -0.18916E+04  0.00000E+00
 Top Flux [L/T]     -0.30182E-01
 Bot Flux [L/T]     -0.10493E-02
 WatBalT  [L]       -0.80168E-04
 WatBalR  [%]              0.011
----------------------------------------------------------

----------------------------------------------------------
 Time       [T]       40.0000
----------------------------------------------------------
 Sub-region num.                     1            2
----------------------------------------------------------
 Length   [L]        0.10000E+04  0.10000E+04  0.00000E+00
 W-volume [L]        0.46396E+03  0.46396E+03  0.00000E+00
 In-flow  [L/T]      0.69064E-01  0.69064E-01  0.00000E+00
 h Mean   [L]       -0.18697E+04 -0.18697E+04  0.00000E+00
 Top Flux [L/T]     -0.55614E-01
 Bot Flux [L/T]     -0.10321E-02
 WatBalT  [L]       -0.31590E-04
 WatBalR  [%]              0.002
----------------------------------------------------------

----------------------------------------------------------
 Time       [T]       50.0000
----------------------------------------------------------
 Sub-region num.                     1            2
----------------------------------------------------------
 Length   [L]        0.10000E+04  0.10000E+04  0.00000E+00
 W-volume [L]        0.46485E+03  0.46485E+03  0.00000E+00
 In-flow  [L/T]      0.89062E-01  0.89062E-01  0.00000E+00
 h Mean   [L]       -0.18470E+04 -0.18470E+04  0.00000E+00
 Top Flux [L/T]     -0.77564E-01
 Bot Flux [L/T]     -0.10234E-02
 WatBalT  [L]       -0.10586E-03
 WatBalR  [%]              0.004
----------------------------------------------------------

----------------------------------------------------------
 Time       [T]       60.0000
----------------------------------------------------------
 Sub-region num.                     1            2
----------------------------------------------------------
 Length   [L]        0.10000E+04  0.10000E+04  0.00000E+00
 W-volume [L]        0.46564E+03  0.46564E+03  0.00000E+00
 In-flow  [L/T]      0.79058E-01  0.79058E-01  0.00000E+00
 h Mean   [L]       -0.18271E+04 -0.18271E+04  0.00000E+00
 Top Flux [L/T]     -0.73036E-01
 Bot Flux [L/T]     -0.10188E-02
 WatBalT  [L]       -0.14043E-03
 WatBalR  [%]              0.004
----------------------------------------------------------

----------------------------------------------------------
 Time       [T]       70.0000
----------------------------------------------------------
 Sub-region num.                     1            2
----------------------------------------------------------
 Length   [L]        0.10000E+04  0.10000E+04  0.00000E+00
 W-volume [L]        0.46724E+03  0.46724E+03  0.00000E+00
 In-flow  [L/T]      0.15905E+00  0.15905E+00  0.00000E+00
 h Mean   [L]       -0.17992E+04 -0.17992E+04  0.00000E+00
 Top Flux [L/T]     -0.14860E+00
 Bot Flux [L/T]     -0.10162E-02
 WatBalT  [L]       -0.57220E-04
 WatBalR  [%]              0.001
----------------------------------------------------------

----------------------------------------------------------
 Time       [T]       80.0000
----------------------------------------------------------
 Sub-region num.                     1            2
----------------------------------------------------------
 Length   [L]        0.10000E+04  0.10000E+04  0.00000E+00
 W-volume [L]        0.47033E+03  0.47033E+03  0.00000E+00
 In-flow  [L/T]      0.30905E+00  0.30905E+00  0.00000E+00
 h Mean   [L]       -0.17549E+04 -0.17549E+04  0.00000E+00
 Top Flux [L/T]     -0.30193E+00
 Bot Flux [L/T]     -0.10147E-02
 WatBalT  [L]       -0.15116E-03
 WatBalR  [%]              0.002
----------------------------------------------------------

----------------------------------------------------------
 Time       [T]       90.0000
----------------------------------------------------------
 Sub-region num.                     1            2
----------------------------------------------------------
 Length   [L]        0.10000E+04  0.10000E+04  0.00000E+00
 W-volume [L]        0.47192E+03  0.47192E+03  0.00000E+00
 In-flow  [L/T]      0.15905E+00  0.15905E+00  0.00000E+00
 h Mean   [L]       -0.17217E+04 -0.17217E+04  0.00000E+00
 Top Flux [L/T]     -0.15831E+00
 Bot Flux [L/T]     -0.10141E-02
 WatBalT  [L]       -0.55313E-04
 WatBalR  [%]              0.001
----------------------------------------------------------

----------------------------------------------------------
 Time       [T]      100.0000
----------------------------------------------------------
 Sub-region num.                     1            2
----------------------------------------------------------
 Length   [L]        0.10000E+04  0.10000E+04  0.00000E+00
 W-volume [L]        0.47351E+03  0.47351E+03  0.00000E+00
 In-flow  [L/T]      0.15904E+00  0.15904E+00  0.00000E+00
 h Mean   [L]       -0.16928E+04 -0.16928E+04  0.00000E+00
 Top Flux [L/T]     -0.15808E+00
 Bot Flux [L/T]     -0.10140E-02
 WatBalT  [L]       -0.78201E-04
 WatBalR  [%]              0.001
----------------------------------------------------------

----------------------------------------------------------
 Time       [T]      110.0000
----------------------------------------------------------
 Sub-region num.                     1            2
----------------------------------------------------------
 Length   [L]        0.10000E+04  0.10000E+04  0.00000E+00
 W-volume [L]        0.47470E+03  0.47470E+03  0.00000E+00
 In-flow  [L/T]      0.11904E+00  0.11904E+00  0.00000E+00
 h Mean   [L]       -0.16684E+04 -0.16684E+04  0.00000E+00
 Top Flux [L/T]     -0.11945E+00
 Bot Flux [L/T]     -0.10142E-02
 WatBalT  [L]       -0.35286E-04
 WatBalR  [%]              0.000
----------------------------------------------------------

----------------------------------------------------------
 Time       [T]      120.0000
----------------------------------------------------------
 Sub-region num.                     1            2
----------------------------------------------------------
 Length   [L]        0.10000E+04  0.10000E+04  0.00000E+00
 W-volume [L]        0.47759E+03  0.47759E+03  0.00000E+00
 In-flow  [L/T]      0.28904E+00  0.28904E+00  0.00000E+00
 h Mean   [L]       -0.16333E+04 -0.16333E+04  0.00000E+00
 Top Flux [L/T]     -0.28811E+00
 Bot Flux [L/T]     -0.10146E-02
 WatBalT  [L]       -0.19360E-03
 WatBalR  [%]              0.001
----------------------------------------------------------

----------------------------------------------------------
 Time       [T]      130.0000
----------------------------------------------------------
 Sub-region num.                     1            2
----------------------------------------------------------
 Length   [L]        0.10000E+04  0.10000E+04  0.00000E+00
 W-volume [L]        0.48115E+03  0.48115E+03  0.00000E+00
 In-flow  [L/T]      0.32509E+00  0.32509E+00  0.00000E+00
 h Mean   [L]       -0.15849E+04 -0.15849E+04  0.00000E+00
 Top Flux [L/T]     -0.32606E+00
 Bot Flux [L/T]     -0.10153E-02
 WatBalT  [L]        0.45776E-04
 WatBalR  [%]              0.000
----------------------------------------------------------

----------------------------------------------------------
 Time       [T]      140.0000
----------------------------------------------------------
 Sub-region num.                     1            2
----------------------------------------------------------
 Length   [L]        0.10000E+04  0.10000E+04  0.00000E+00
 W-volume [L]        0.48433E+03  0.48433E+03  0.00000E+00
 In-flow  [L/T]      0.31231E+00  0.31231E+00  0.00000E+00
 h Mean   [L]       -0.15363E+04 -0.15363E+04  0.00000E+00
 Top Flux [L/T]     -0.31328E+00
 Bot Flux [L/T]     -0.10161E-02
 WatBalT  [L]       -0.62943E-04
 WatBalR  [%]              0.000
----------------------------------------------------------

----------------------------------------------------------
 Time       [T]      150.0000
----------------------------------------------------------
 Sub-region num.                     1            2
----------------------------------------------------------
 Length   [L]        0.10000E+04  0.10000E+04  0.00000E+00
 W-volume [L]        0.48741E+03  0.48741E+03  0.00000E+00
 In-flow  [L/T]      0.30786E+00  0.30786E+00  0.00000E+00
 h Mean   [L]       -0.14927E+04 -0.14927E+04  0.00000E+00
 Top Flux [L/T]     -0.30883E+00
 Bot Flux [L/T]     -0.10169E-02
 WatBalT  [L]        0.53406E-04
 WatBalR  [%]              0.000
----------------------------------------------------------

----------------------------------------------------------
 Time       [T]      160.0000
----------------------------------------------------------
 Sub-region num.                     1            2
----------------------------------------------------------
 Length   [L]        0.10000E+04  0.10000E+04  0.00000E+00
 W-volume [L]        0.48790E+03  0.48790E+03  0.00000E+00
 In-flow  [L/T]      0.49028E-01  0.49028E-01  0.00000E+00
 h Mean   [L]       -0.14661E+04 -0.14661E+04  0.00000E+00
 Top Flux [L/T]     -0.54892E-01
 Bot Flux [L/T]     -0.10178E-02
 WatBalT  [L]        0.38147E-05
 WatBalR  [%]              0.000
----------------------------------------------------------

----------------------------------------------------------
 Time       [T]      170.0000
----------------------------------------------------------
 Sub-region num.                     1            2
----------------------------------------------------------
 Length   [L]        0.10000E+04  0.10000E+04  0.00000E+00
 W-volume [L]        0.48789E+03  0.48789E+03  0.00000E+00
 In-flow  [L/T]     -0.97499E-03 -0.97499E-03  0.00000E+00
 h Mean   [L]       -0.14483E+04 -0.14483E+04  0.00000E+00
 Top Flux [L/T]     -0.78584E-02
 Bot Flux [L/T]     -0.10187E-02
 WatBalT  [L]        0.70572E-04
 WatBalR  [%]              0.000
----------------------------------------------------------

----------------------------------------------------------
 Time       [T]      180.0000
----------------------------------------------------------
 Sub-region num.                     1            2
----------------------------------------------------------
 Length   [L]        0.10000E+04  0.10000E+04  0.00000E+00
 W-volume [L]        0.48788E+03  0.48788E+03  0.00000E+00
 In-flow  [L/T]     -0.97761E-03 -0.97761E-03  0.00000E+00
 h Mean   [L]       -0.14355E+04 -0.14355E+04  0.00000E+00
 Top Flux [L/T]     -0.53974E-02
 Bot Flux [L/T]     -0.10197E-02
 WatBalT  [L]        0.11444E-04
 WatBalR  [%]              0.000
----------------------------------------------------------

----------------------------------------------------------
 Time       [T]      190.0000
----------------------------------------------------------
 Sub-region num.                     1            2
----------------------------------------------------------
 Length   [L]        0.10000E+04  0.10000E+04  0.00000E+00
 W-volume [L]        0.48787E+03  0.48787E+03  0.00000E+00
 In-flow  [L/T]     -0.97991E-03 -0.97991E-03  0.00000E+00
 h Mean   [L]       -0.14254E+04 -0.14254E+04  0.00000E+00
 Top Flux [L/T]     -0.41796E-02
 Bot Flux [L/T]     -0.10206E-02
 WatBalT  [L]        0.36240E-04
 WatBalR  [%]              0.000
----------------------------------------------------------

----------------------------------------------------------
 Time       [T]      200.0000
----------------------------------------------------------
 Sub-region num.                     1            2
----------------------------------------------------------
 Length   [L]        0.10000E+04  0.10000E+04  0.00000E+00
 W-volume [L]        0.48786E+03  0.48786E+03  0.00000E+00
 In-flow  [L/T]     -0.98228E-03 -0.98228E-03  0.00000E+00
 h Mean   [L]       -0.14175E+04 -0.14175E+04  0.00000E+00
 Top Flux [L/T]     -0.34637E-02
 Bot Flux [L/T]     -0.10216E-02
 WatBalT  [L]        0.51498E-04
 WatBalR  [%]              0.000
----------------------------------------------------------

----------------------------------------------------------
 Time       [T]      210.0000
----------------------------------------------------------
 Sub-region num.                     1            2
----------------------------------------------------------
 Length   [L]        0.10000E+04  0.10000E+04  0.00000E+00
 W-volume [L]        0.48785E+03  0.48785E+03  0.00000E+00
 In-flow  [L/T]     -0.98352E-03 -0.98352E-03  0.00000E+00
 h Mean   [L]       -0.14106E+04 -0.14106E+04  0.00000E+00
 Top Flux [L/T]     -0.29572E-02
 Bot Flux [L/T]     -0.10225E-02
 WatBalT  [L]       -0.30518E-04
 WatBalR  [%]              0.000
----------------------------------------------------------

----------------------------------------------------------
 Time       [T]      220.0000
----------------------------------------------------------
 Sub-region num.                     1            2
----------------------------------------------------------
 Length   [L]        0.10000E+04  0.10000E+04  0.00000E+00
 W-volume [L]        0.48784E+03  0.48784E+03  0.00000E+00
 In-flow  [L/T]     -0.98567E-03 -0.98567E-03  0.00000E+00
 h Mean   [L]       -0.14048E+04 -0.14048E+04  0.00000E+00
 Top Flux [L/T]     -0.25945E-02
 Bot Flux [L/T]     -0.10234E-02
 WatBalT  [L]       -0.15259E-03
 WatBalR  [%]              0.001
----------------------------------------------------------

----------------------------------------------------------
 Time       [T]      230.0000
----------------------------------------------------------
 Sub-region num.                     1            2
----------------------------------------------------------
 Length   [L]        0.10000E+04  0.10000E+04  0.00000E+00
 W-volume [L]        0.48783E+03  0.48783E+03  0.00000E+00
 In-flow  [L/T]     -0.98715E-03 -0.98715E-03  0.00000E+00
 h Mean   [L]       -0.13995E+04 -0.13995E+04  0.00000E+00
 Top Flux [L/T]     -0.22859E-02
 Bot Flux [L/T]     -0.10243E-02
 WatBalT  [L]       -0.72479E-04
 WatBalR  [%]              0.000
----------------------------------------------------------

----------------------------------------------------------
 Time       [T]      240.0000
----------------------------------------------------------
 Sub-region num.                     1            2
----------------------------------------------------------
 Length   [L]        0.10000E+04  0.10000E+04  0.00000E+00
 W-volume [L]        0.48782E+03  0.48782E+03  0.00000E+00
 In-flow  [L/T]     -0.98968E-03 -0.98968E-03  0.00000E+00
 h Mean   [L]       -0.13949E+04 -0.13949E+04  0.00000E+00
 Top Flux [L/T]     -0.20321E-02
 Bot Flux [L/T]     -0.10251E-02
 WatBalT  [L]        0.26703E-04
 WatBalR  [%]              0.000
----------------------------------------------------------

----------------------------------------------------------
 Time       [T]      250.0000
----------------------------------------------------------
 Sub-region num.                     1            2
----------------------------------------------------------
 Length   [L]        0.10000E+04  0.10000E+04  0.00000E+00
 W-volume [L]        0.48781E+03  0.48781E+03  0.00000E+00
 In-flow  [L/T]     -0.99135E-03 -0.99135E-03  0.00000E+00
 h Mean   [L]       -0.13908E+04 -0.13908E+04  0.00000E+00
 Top Flux [L/T]     -0.18705E-02
 Bot Flux [L/T]     -0.10259E-02
 WatBalT  [L]       -0.76294E-05
 WatBalR  [%]              0.000
----------------------------------------------------------

----------------------------------------------------------
 Time       [T]      260.0000
----------------------------------------------------------
 Sub-region num.                     1            2
----------------------------------------------------------
 Length   [L]        0.10000E+04  0.10000E+04  0.00000E+00
 W-volume [L]        0.48780E+03  0.48780E+03  0.00000E+00
 In-flow  [L/T]     -0.99354E-03 -0.99354E-03  0.00000E+00
 h Mean   [L]       -0.13869E+04 -0.13869E+04  0.00000E+00
 Top Flux [L/T]     -0.17045E-02
 Bot Flux [L/T]     -0.10267E-02
 WatBalT  [L]       -0.55313E-04
 WatBalR  [%]              0.000
----------------------------------------------------------

----------------------------------------------------------
 Time       [T]      270.0000
----------------------------------------------------------
 Sub-region num.                     1            2
----------------------------------------------------------
 Length   [L]        0.10000E+04  0.10000E+04  0.00000E+00
 W-volume [L]        0.48779E+03  0.48779E+03  0.00000E+00
 In-flow  [L/T]     -0.99492E-03 -0.99492E-03  0.00000E+00
 h Mean   [L]       -0.13835E+04 -0.13835E+04  0.00000E+00
 Top Flux [L/T]     -0.15555E-02
 Bot Flux [L/T]     -0.10275E-02
 WatBalT  [L]        0.68665E-04
 WatBalR  [%]              0.000
----------------------------------------------------------

----------------------------------------------------------
 Time       [T]      280.0000
----------------------------------------------------------
 Sub-region num.                     1            2
----------------------------------------------------------
 Length   [L]        0.10000E+04  0.10000E+04  0.00000E+00
 W-volume [L]        0.48788E+03  0.48788E+03  0.00000E+00
 In-flow  [L/T]      0.90053E-02  0.90053E-02  0.00000E+00
 h Mean   [L]       -0.13796E+04 -0.13796E+04  0.00000E+00
 Top Flux [L/T]     -0.93551E-02
 Bot Flux [L/T]     -0.10282E-02
 WatBalT  [L]        0.57220E-04
 WatBalR  [%]              0.000
----------------------------------------------------------

----------------------------------------------------------
 Time       [T]      290.0000
----------------------------------------------------------
 Sub-region num.                     1            2
----------------------------------------------------------
 Length   [L]        0.10000E+04  0.10000E+04  0.00000E+00
 W-volume [L]        0.48797E+03  0.48797E+03  0.00000E+00
 In-flow  [L/T]      0.90023E-02  0.90023E-02  0.00000E+00
 h Mean   [L]       -0.13760E+04 -0.13760E+04  0.00000E+00
 Top Flux [L/T]     -0.99251E-02
 Bot Flux [L/T]     -0.10290E-02
 WatBalT  [L]        0.15450E-03
 WatBalR  [%]              0.001
----------------------------------------------------------

----------------------------------------------------------
 Time       [T]      300.0000
----------------------------------------------------------
 Sub-region num.                     1            2
----------------------------------------------------------
 Length   [L]        0.10000E+04  0.10000E+04  0.00000E+00
 W-volume [L]        0.48796E+03  0.48796E+03  0.00000E+00
 In-flow  [L/T]     -0.99973E-03 -0.99973E-03  0.00000E+00
 h Mean   [L]       -0.13732E+04 -0.13732E+04  0.00000E+00
 Top Flux [L/T]     -0.28544E-02
 Bot Flux [L/T]     -0.10297E-02
 WatBalT  [L]       -0.74387E-04
 WatBalR  [%]              0.000
----------------------------------------------------------

----------------------------------------------------------
 Time       [T]      310.0000
----------------------------------------------------------
 Sub-region num.                     1            2
----------------------------------------------------------
 Length   [L]        0.10000E+04  0.10000E+04  0.00000E+00
 W-volume [L]        0.48805E+03  0.48805E+03  0.00000E+00
 In-flow  [L/T]      0.90001E-02  0.90001E-02  0.00000E+00
 h Mean   [L]       -0.13701E+04 -0.13701E+04  0.00000E+00
 Top Flux [L/T]     -0.94929E-02
 Bot Flux [L/T]     -0.10303E-02
 WatBalT  [L]        0.20218E-03
 WatBalR  [%]              0.001
----------------------------------------------------------

----------------------------------------------------------
 Time       [T]      320.0000
----------------------------------------------------------
 Sub-region num.                     1            2
----------------------------------------------------------
 Length   [L]        0.10000E+04  0.10000E+04  0.00000E+00
 W-volume [L]        0.48804E+03  0.48804E+03  0.00000E+00
 In-flow  [L/T]     -0.10033E-02 -0.10033E-02  0.00000E+00
 h Mean   [L]       -0.13676E+04 -0.13676E+04  0.00000E+00
 Top Flux [L/T]     -0.23449E-02
 Bot Flux [L/T]     -0.10309E-02
 WatBalT  [L]        0.38147E-05
 WatBalR  [%]              0.000
----------------------------------------------------------

----------------------------------------------------------
 Time       [T]      330.0000
----------------------------------------------------------
 Sub-region num.                     1            2
----------------------------------------------------------
 Length   [L]        0.10000E+04  0.10000E+04  0.00000E+00
 W-volume [L]        0.48813E+03  0.48813E+03  0.00000E+00
 In-flow  [L/T]      0.89942E-02  0.89942E-02  0.00000E+00
 h Mean   [L]       -0.13647E+04 -0.13647E+04  0.00000E+00
 Top Flux [L/T]     -0.93384E-02
 Bot Flux [L/T]     -0.10315E-02
 WatBalT  [L]        0.36240E-04
 WatBalR  [%]              0.000
----------------------------------------------------------

----------------------------------------------------------
 Time       [T]      340.0000
----------------------------------------------------------
 Sub-region num.                     1            2
----------------------------------------------------------
 Length   [L]        0.10000E+04  0.10000E+04  0.00000E+00
 W-volume [L]        0.48812E+03  0.48812E+03  0.00000E+00
 In-flow  [L/T]     -0.10077E-02 -0.10077E-02  0.00000E+00
 h Mean   [L]       -0.13626E+04 -0.13626E+04  0.00000E+00
 Top Flux [L/T]     -0.22754E-02
 Bot Flux [L/T]     -0.10321E-02
 WatBalT  [L]        0.11253E-03
 WatBalR  [%]              0.000
----------------------------------------------------------

----------------------------------------------------------
 Time       [T]      350.0000
----------------------------------------------------------
 Sub-region num.                     1            2
----------------------------------------------------------
 Length   [L]        0.10000E+04  0.10000E+04  0.00000E+00
 W-volume [L]        0.48811E+03  0.48811E+03  0.00000E+00
 In-flow  [L/T]     -0.10075E-02 -0.10075E-02  0.00000E+00
 h Mean   [L]       -0.13606E+04 -0.13606E+04  0.00000E+00
 Top Flux [L/T]     -0.15116E-02
 Bot Flux [L/T]     -0.10327E-02
 WatBalT  [L]        0.51498E-04
 WatBalR  [%]              0.000
----------------------------------------------------------

----------------------------------------------------------
 Time       [T]      360.0000
----------------------------------------------------------
 Sub-region num.                     1            2
----------------------------------------------------------
 Length   [L]        0.10000E+04  0.10000E+04  0.00000E+00
 W-volume [L]        0.48810E+03  0.48810E+03  0.00000E+00
 In-flow  [L/T]     -0.10085E-02 -0.10085E-02  0.00000E+00
 h Mean   [L]       -0.13588E+04 -0.13588E+04  0.00000E+00
 Top Flux [L/T]     -0.12548E-02
 Bot Flux [L/T]     -0.10332E-02
 WatBalT  [L]        0.32425E-04
 WatBalR  [%]              0.000
----------------------------------------------------------

----------------------------------------------------------
 Time       [T]      370.0000
----------------------------------------------------------
 Sub-region num.                     1            2
----------------------------------------------------------
 Length   [L]        0.10000E+04  0.10000E+04  0.00000E+00
 W-volume [L]        0.48819E+03  0.48819E+03  0.00000E+00
 In-flow  [L/T]      0.89908E-02  0.89908E-02  0.00000E+00
 h Mean   [L]       -0.13563E+04 -0.13563E+04  0.00000E+00
 Top Flux [L/T]     -0.87859E-02
 Bot Flux [L/T]     -0.10337E-02
 WatBalT  [L]        0.38147E-05
 WatBalR  [%]              0.000
----------------------------------------------------------

----------------------------------------------------------
 Time       [T]      380.0000
----------------------------------------------------------
 Sub-region num.                     1            2
----------------------------------------------------------
 Length   [L]        0.10000E+04  0.10000E+04  0.00000E+00
 W-volume [L]        0.48818E+03  0.48818E+03  0.00000E+00
 In-flow  [L/T]     -0.10123E-02 -0.10123E-02  0.00000E+00
 h Mean   [L]       -0.13546E+04 -0.13546E+04  0.00000E+00
 Top Flux [L/T]     -0.19949E-02
 Bot Flux [L/T]     -0.10342E-02
 WatBalT  [L]        0.13161E-03
 WatBalR  [%]              0.000
----------------------------------------------------------
 
 Calculation time [sec]   2.98999999463558     
