 ******* Program HYDRUS
 ******* 
 Welcome to HYDRUS-1D                                                    
 Date:  25. 9.    Time:  15:42:12
 Units: L = mm   , T = min  , M = mmol 

----------------------------------------------------------
 Time       [T]       10.0000
----------------------------------------------------------
 Sub-region num.                     1            2
----------------------------------------------------------
 Length   [L]        0.10000E+04  0.10000E+04  0.00000E+00
 W-volume [L]        0.44402E+03  0.44402E+03  0.00000E+00
 In-flow  [L/T]      0.00000E+00  0.00000E+00  0.00000E+00
 h Mean   [L]       -0.27077E+04 -0.27077E+04  0.00000E+00
 Top Flux [L/T]     -0.89382E-05
 Bot Flux [L/T]     -0.22895E-02
----------------------------------------------------------

----------------------------------------------------------
 Time       [T]       10.0010
----------------------------------------------------------
 Sub-region num.                     1            2
----------------------------------------------------------
 Length   [L]        0.10000E+04  0.10000E+04  0.00000E+00
 W-volume [L]        0.44402E+03  0.44402E+03  0.00000E+00
 In-flow  [L/T]      0.73433E-01  0.73433E-01  0.00000E+00
 h Mean   [L]       -0.27077E+04 -0.27077E+04  0.00000E+00
 Top Flux [L/T]     -0.10468E-04
 Bot Flux [L/T]     -0.22891E-02
 WatBalT  [L]       -0.18046E-04
 WatBalR  [%]             20.347
----------------------------------------------------------

----------------------------------------------------------
 Time       [T]       20.0000
----------------------------------------------------------
 Sub-region num.                     1            2
----------------------------------------------------------
 Length   [L]        0.10000E+04  0.10000E+04  0.00000E+00
 W-volume [L]        0.45221E+03  0.45221E+03  0.00000E+00
 In-flow  [L/T]      0.81894E+00  0.81894E+00  0.00000E+00
 h Mean   [L]       -0.24768E+04 -0.24768E+04  0.00000E+00
 Top Flux [L/T]     -0.80601E+00
 Bot Flux [L/T]     -0.13591E-02
 WatBalT  [L]       -0.20027E-04
 WatBalR  [%]              0.000
----------------------------------------------------------

----------------------------------------------------------
 Time       [T]       30.0000
----------------------------------------------------------
 Sub-region num.                     1            2
----------------------------------------------------------
 Length   [L]        0.10000E+04  0.10000E+04  0.00000E+00
 W-volume [L]        0.45850E+03  0.45850E+03  0.00000E+00
 In-flow  [L/T]      0.62894E+00  0.62894E+00  0.00000E+00
 h Mean   [L]       -0.23368E+04 -0.23368E+04  0.00000E+00
 Top Flux [L/T]     -0.62748E+00
 Bot Flux [L/T]     -0.12781E-02
 WatBalT  [L]       -0.34332E-04
 WatBalR  [%]              0.000
----------------------------------------------------------

----------------------------------------------------------
 Time       [T]       40.0000
----------------------------------------------------------
 Sub-region num.                     1            2
----------------------------------------------------------
 Length   [L]        0.10000E+04  0.10000E+04  0.00000E+00
 W-volume [L]        0.46089E+03  0.46089E+03  0.00000E+00
 In-flow  [L/T]      0.23892E+00  0.23892E+00  0.00000E+00
 h Mean   [L]       -0.22541E+04 -0.22541E+04  0.00000E+00
 Top Flux [L/T]     -0.23994E+00
 Bot Flux [L/T]     -0.12495E-02
 WatBalT  [L]       -0.57220E-04
 WatBalR  [%]              0.000
----------------------------------------------------------

----------------------------------------------------------
 Time       [T]       50.0000
----------------------------------------------------------
 Sub-region num.                     1            2
----------------------------------------------------------
 Length   [L]        0.10000E+04  0.10000E+04  0.00000E+00
 W-volume [L]        0.46118E+03  0.46118E+03  0.00000E+00
 In-flow  [L/T]      0.28914E-01  0.28914E-01  0.00000E+00
 h Mean   [L]       -0.22078E+04 -0.22078E+04  0.00000E+00
 Top Flux [L/T]     -0.38784E-01
 Bot Flux [L/T]     -0.12355E-02
 WatBalT  [L]       -0.55313E-04
 WatBalR  [%]              0.000
----------------------------------------------------------

----------------------------------------------------------
 Time       [T]       60.0000
----------------------------------------------------------
 Sub-region num.                     1            2
----------------------------------------------------------
 Length   [L]        0.10000E+04  0.10000E+04  0.00000E+00
 W-volume [L]        0.46136E+03  0.46136E+03  0.00000E+00
 In-flow  [L/T]      0.18908E-01  0.18908E-01  0.00000E+00
 h Mean   [L]       -0.21772E+04 -0.21772E+04  0.00000E+00
 Top Flux [L/T]     -0.25846E-01
 Bot Flux [L/T]     -0.12278E-02
 WatBalT  [L]        0.17166E-04
 WatBalR  [%]              0.000
----------------------------------------------------------

----------------------------------------------------------
 Time       [T]       70.0000
----------------------------------------------------------
 Sub-region num.                     1            2
----------------------------------------------------------
 Length   [L]        0.10000E+04  0.10000E+04  0.00000E+00
 W-volume [L]        0.46135E+03  0.46135E+03  0.00000E+00
 In-flow  [L/T]     -0.10997E-02 -0.10997E-02  0.00000E+00
 h Mean   [L]       -0.21547E+04 -0.21547E+04  0.00000E+00
 Top Flux [L/T]     -0.68338E-02
 Bot Flux [L/T]     -0.12238E-02
 WatBalT  [L]       -0.55313E-04
 WatBalR  [%]              0.000
----------------------------------------------------------
 
 Calculation time [sec]  0.120000004768372     
