 ******* Program HYDRUS
 ******* 
 Welcome to HYDRUS-1D                                                    
 Date:  25. 9.    Time:  15:42:12
 Units: L = mm   , T = min  , M = mmol 


 Time:       10.0000


 Node      Depth      Head Moisture       K          C         Flux        Sink         Kappa   v/KsTop   Temp
           [L]        [L]    [-]        [L/T]      [1/L]      [L/T]        [1/T]         [-]      [-]      [C]

   1     0.0000   -6656.088 0.3695   0.8938E-05  0.9999E-05 -0.8938E-05  0.0000E+00      -1  -0.142E-04   20.00
   2   -10.0000   -6656.088 0.3695   0.8938E-05  0.9999E-05 -0.8938E-05  0.0000E+00      -1  -0.142E-04   20.00
   3   -20.0000   -6656.088 0.3695   0.8938E-05  0.9999E-05 -0.8938E-05  0.0000E+00      -1  -0.142E-04   20.00
   4   -30.0000   -6656.088 0.3695   0.8938E-05  0.9999E-05 -0.8938E-05  0.0000E+00      -1  -0.142E-04   20.00
   5   -40.0000   -6656.088 0.3695   0.8938E-05  0.9999E-05 -0.8938E-05  0.0000E+00      -1  -0.142E-04   20.00
   6   -50.0000   -6656.088 0.3695   0.8938E-05  0.9999E-05  0.5159E-03  0.0000E+00      -1   0.819E-03   20.00
   7   -60.0000   -5967.179 0.3692   0.2172E-04  0.1131E-04  0.6762E-03  0.0000E+00      -1   0.107E-02   20.00
   8   -70.0000   -5819.717 0.3711   0.2363E-04  0.1172E-04  0.3190E-03  0.0000E+00      -1   0.506E-03   20.00
   9   -80.0000   -5676.797 0.3729   0.2548E-04  0.1212E-04  0.3330E-03  0.0000E+00      -1   0.529E-03   20.00
  10   -90.0000   -5538.089 0.3746   0.2728E-04  0.1251E-04  0.3450E-03  0.0000E+00      -1   0.548E-03   20.00
  11  -100.0000   -5403.603 0.3763   0.2902E-04  0.1289E-04  0.3553E-03  0.0000E+00      -1   0.564E-03   20.00
  12  -110.0000   -5273.025 0.3779   0.3071E-04  0.1326E-04  0.3640E-03  0.0000E+00      -1   0.578E-03   20.00
  13  -120.0000   -5146.368 0.3795   0.3235E-04  0.1362E-04  0.3712E-03  0.0000E+00      -1   0.589E-03   20.00
  14  -130.0000   -5023.343 0.3810   0.3395E-04  0.1396E-04  0.3773E-03  0.0000E+00      -1   0.599E-03   20.00
  15  -140.0000   -4903.896 0.3825   0.3549E-04  0.1430E-04  0.3853E-03  0.0000E+00      -1   0.612E-03   20.00
  16  -150.0000   -4787.969 0.3843   0.3826E-04  0.1476E-04  0.4004E-03  0.0000E+00      -1   0.635E-03   20.00
  17  -160.0000   -4675.299 0.3861   0.4163E-04  0.1528E-04  0.4200E-03  0.0000E+00      -1   0.667E-03   20.00
  18  -170.0000   -4565.910 0.3879   0.4490E-04  0.1579E-04  0.4390E-03  0.0000E+00      -1   0.697E-03   20.00
  19  -180.0000   -4459.555 0.3897   0.4808E-04  0.1629E-04  0.4554E-03  0.0000E+00      -1   0.723E-03   20.00
  20  -190.0000   -4356.256 0.3914   0.5117E-04  0.1677E-04  0.4697E-03  0.0000E+00      -1   0.746E-03   20.00
  21  -200.0000   -4255.787 0.3931   0.5417E-04  0.1724E-04  0.4741E-03  0.0000E+00      -1   0.753E-03   20.00
  22  -210.0000   -4160.926 0.3946   0.5701E-04  0.1768E-04  0.4762E-03  0.0000E+00      -1   0.756E-03   20.00
  23  -220.0000   -4068.611 0.3962   0.5977E-04  0.1811E-04  0.4843E-03  0.0000E+00      -1   0.769E-03   20.00
  24  -230.0000   -3978.759 0.3977   0.6245E-04  0.1853E-04  0.4910E-03  0.0000E+00      -1   0.779E-03   20.00
  25  -240.0000   -3891.291 0.3991   0.6507E-04  0.1893E-04  0.4997E-03  0.0000E+00      -1   0.793E-03   20.00
  26  -250.0000   -3806.129 0.4008   0.6945E-04  0.1947E-04  0.5164E-03  0.0000E+00      -1   0.820E-03   20.00
  27  -260.0000   -3723.198 0.4026   0.7513E-04  0.2011E-04  0.5393E-03  0.0000E+00      -1   0.856E-03   20.00
  28  -270.0000   -3642.430 0.4044   0.8067E-04  0.2072E-04  0.5619E-03  0.0000E+00      -1   0.892E-03   20.00
  29  -280.0000   -3563.754 0.4061   0.8607E-04  0.2133E-04  0.5818E-03  0.0000E+00      -1   0.924E-03   20.00
  30  -290.0000   -3487.102 0.4078   0.9132E-04  0.2191E-04  0.5992E-03  0.0000E+00      -1   0.951E-03   20.00
  31  -300.0000   -3412.414 0.4094   0.9644E-04  0.2248E-04  0.6143E-03  0.0000E+00      -1   0.975E-03   20.00
  32  -310.0000   -3339.625 0.4110   0.1014E-03  0.2304E-04  0.6271E-03  0.0000E+00      -1   0.995E-03   20.00
  33  -320.0000   -3268.680 0.4126   0.1063E-03  0.2358E-04  0.6380E-03  0.0000E+00      -1   0.101E-02   20.00
  34  -330.0000   -3199.519 0.4141   0.1110E-03  0.2411E-04  0.6469E-03  0.0000E+00      -1   0.103E-02   20.00
  35  -340.0000   -3132.087 0.4155   0.1157E-03  0.2463E-04  0.6542E-03  0.0000E+00      -1   0.104E-02   20.00
  36  -350.0000   -3066.333 0.4170   0.1202E-03  0.2513E-04  0.6660E-03  0.0000E+00      -1   0.106E-02   20.00
  37  -360.0000   -3002.205 0.4188   0.1291E-03  0.2587E-04  0.6893E-03  0.0000E+00      -1   0.109E-02   20.00
  38  -370.0000   -2939.653 0.4206   0.1388E-03  0.2664E-04  0.7183E-03  0.0000E+00      -1   0.114E-02   20.00
  39  -380.0000   -2878.630 0.4223   0.1483E-03  0.2740E-04  0.7453E-03  0.0000E+00      -1   0.118E-02   20.00
  40  -390.0000   -2819.092 0.4240   0.1576E-03  0.2814E-04  0.7689E-03  0.0000E+00      -1   0.122E-02   20.00
  41  -400.0000   -2760.992 0.4257   0.1667E-03  0.2886E-04  0.9830E-03  0.0000E+00      -1   0.156E-02   20.00
  42  -410.0000   -2682.363 0.4280   0.1790E-03  0.2984E-04  0.1204E-02  0.0000E+00      -1   0.191E-02   20.00
  43  -420.0000   -2606.302 0.4302   0.1908E-03  0.3079E-04  0.1235E-02  0.0000E+00      -1   0.196E-02   20.00
  44  -430.0000   -2532.771 0.4323   0.2023E-03  0.3170E-04  0.1260E-02  0.0000E+00      -1   0.200E-02   20.00
  45  -440.0000   -2461.601 0.4343   0.2134E-03  0.3258E-04  0.1287E-02  0.0000E+00      -1   0.204E-02   20.00
  46  -450.0000   -2392.764 0.4366   0.2294E-03  0.3364E-04  0.1334E-02  0.0000E+00      -1   0.212E-02   20.00
  47  -460.0000   -2326.105 0.4391   0.2528E-03  0.3497E-04  0.1403E-02  0.0000E+00      -1   0.223E-02   20.00
  48  -470.0000   -2261.596 0.4415   0.2754E-03  0.3626E-04  0.1471E-02  0.0000E+00      -1   0.234E-02   20.00
  49  -480.0000   -2199.124 0.4439   0.2974E-03  0.3750E-04  0.1530E-02  0.0000E+00      -1   0.243E-02   20.00
  50  -490.0000   -2138.585 0.4462   0.3186E-03  0.3871E-04  0.1578E-02  0.0000E+00      -1   0.250E-02   20.00
  51  -500.0000   -2079.955 0.4484   0.3392E-03  0.3988E-04  0.1617E-02  0.0000E+00      -1   0.257E-02   20.00
  52  -510.0000   -2023.111 0.4505   0.3591E-03  0.4101E-04  0.1649E-02  0.0000E+00      -1   0.262E-02   20.00
  53  -520.0000   -1968.033 0.4526   0.3784E-03  0.4211E-04  0.1675E-02  0.0000E+00      -1   0.266E-02   20.00
  54  -530.0000   -1914.607 0.4546   0.3986E-03  0.4321E-04  0.1718E-02  0.0000E+00      -1   0.273E-02   20.00
  55  -540.0000   -1862.817 0.4572   0.4388E-03  0.4483E-04  0.1797E-02  0.0000E+00      -1   0.285E-02   20.00
  56  -550.0000   -1812.580 0.4596   0.4779E-03  0.4641E-04  0.1885E-02  0.0000E+00      -1   0.299E-02   20.00
  57  -560.0000   -1763.815 0.4620   0.5159E-03  0.4794E-04  0.1960E-02  0.0000E+00      -1   0.311E-02   20.00
  58  -570.0000   -1716.511 0.4643   0.5527E-03  0.4942E-04  0.2022E-02  0.0000E+00      -1   0.321E-02   20.00
  59  -580.0000   -1670.573 0.4666   0.5884E-03  0.5087E-04  0.2073E-02  0.0000E+00      -1   0.329E-02   20.00
  60  -590.0000   -1625.992 0.4688   0.6231E-03  0.5226E-04  0.2113E-02  0.0000E+00      -1   0.335E-02   20.00
  61  -600.0000   -1582.679 0.4709   0.6568E-03  0.5362E-04  0.2145E-02  0.0000E+00      -1   0.340E-02   20.00
  62  -610.0000   -1540.627 0.4729   0.6895E-03  0.5494E-04  0.2181E-02  0.0000E+00      -1   0.346E-02   20.00
  63  -620.0000   -1499.770 0.4752   0.7397E-03  0.5657E-04  0.2252E-02  0.0000E+00      -1   0.357E-02   20.00
  64  -630.0000   -1460.050 0.4777   0.8071E-03  0.5849E-04  0.2350E-02  0.0000E+00      -1   0.373E-02   20.00
  65  -640.0000   -1421.461 0.4801   0.8725E-03  0.6035E-04  0.2445E-02  0.0000E+00      -1   0.388E-02   20.00
  66  -650.0000   -1383.929 0.4825   0.9361E-03  0.6216E-04  0.2525E-02  0.0000E+00      -1   0.401E-02   20.00
  67  -660.0000   -1347.450 0.4848   0.9979E-03  0.6393E-04  0.2591E-02  0.0000E+00      -1   0.411E-02   20.00
  68  -670.0000   -1311.956 0.4870   0.1058E-02  0.6564E-04  0.2643E-02  0.0000E+00      -1   0.420E-02   20.00
  69  -680.0000   -1277.443 0.4891   0.1117E-02  0.6731E-04  0.2683E-02  0.0000E+00      -1   0.426E-02   20.00
  70  -690.0000   -1243.863 0.4912   0.1173E-02  0.6893E-04  0.2713E-02  0.0000E+00      -1   0.431E-02   20.00
  71  -700.0000   -1211.168 0.4933   0.1229E-02  0.7051E-04  0.2759E-02  0.0000E+00      -1   0.438E-02   20.00
  72  -710.0000   -1179.358 0.4957   0.1331E-02  0.7265E-04  0.2851E-02  0.0000E+00      -1   0.453E-02   20.00
  73  -720.0000   -1148.375 0.4982   0.1443E-02  0.7490E-04  0.2964E-02  0.0000E+00      -1   0.471E-02   20.00
  74  -730.0000   -1118.218 0.5006   0.1552E-02  0.7708E-04  0.3065E-02  0.0000E+00      -1   0.486E-02   20.00
  75  -740.0000   -1088.832 0.5029   0.1658E-02  0.7920E-04  0.3147E-02  0.0000E+00      -1   0.500E-02   20.00
  76  -750.0000   -1060.219 0.5052   0.1761E-02  0.8128E-04 -0.1303E-03  0.0000E+00      -1  -0.207E-03   20.00
  77  -760.0000   -1069.962 0.5044   0.1726E-02  0.8057E-04 -0.3415E-02  0.0000E+00      -1  -0.542E-02   20.00
  78  -770.0000   -1079.793 0.5036   0.1691E-02  0.7986E-04 -0.3360E-02  0.0000E+00      -1  -0.533E-02   20.00
  79  -780.0000   -1089.713 0.5028   0.1655E-02  0.7914E-04 -0.3304E-02  0.0000E+00      -1  -0.524E-02   20.00
  80  -790.0000   -1099.723 0.5020   0.1619E-02  0.7842E-04 -0.3246E-02  0.0000E+00      -1  -0.515E-02   20.00
  81  -800.0000   -1109.823 0.5012   0.1582E-02  0.7769E-04 -0.3187E-02  0.0000E+00      -1  -0.506E-02   20.00
  82  -810.0000   -1120.014 0.5004   0.1545E-02  0.7695E-04 -0.3127E-02  0.0000E+00      -1  -0.496E-02   20.00
  83  -820.0000   -1130.299 0.4996   0.1508E-02  0.7620E-04 -0.3066E-02  0.0000E+00      -1  -0.487E-02   20.00
  84  -830.0000   -1140.677 0.4988   0.1471E-02  0.7545E-04 -0.3004E-02  0.0000E+00      -1  -0.477E-02   20.00
  85  -840.0000   -1151.150 0.4979   0.1433E-02  0.7470E-04 -0.2940E-02  0.0000E+00      -1  -0.467E-02   20.00
  86  -850.0000   -1161.719 0.4971   0.1395E-02  0.7393E-04 -0.2875E-02  0.0000E+00      -1  -0.456E-02   20.00
  87  -860.0000   -1172.386 0.4963   0.1356E-02  0.7316E-04 -0.2809E-02  0.0000E+00      -1  -0.446E-02   20.00
  88  -870.0000   -1183.151 0.4954   0.1317E-02  0.7238E-04 -0.2742E-02  0.0000E+00      -1  -0.435E-02   20.00
  89  -880.0000   -1194.016 0.4945   0.1278E-02  0.7159E-04 -0.2673E-02  0.0000E+00      -1  -0.424E-02   20.00
  90  -890.0000   -1204.980 0.4937   0.1239E-02  0.7081E-04 -0.2615E-02  0.0000E+00      -1  -0.415E-02   20.00
  91  -900.0000   -1216.047 0.4930   0.1221E-02  0.7028E-04 -0.2578E-02  0.0000E+00      -1  -0.409E-02   20.00
  92  -910.0000   -1227.218 0.4923   0.1202E-02  0.6974E-04 -0.2550E-02  0.0000E+00      -1  -0.405E-02   20.00
  93  -920.0000   -1238.492 0.4916   0.1183E-02  0.6919E-04 -0.2522E-02  0.0000E+00      -1  -0.400E-02   20.00
  94  -930.0000   -1249.872 0.4909   0.1163E-02  0.6864E-04 -0.2493E-02  0.0000E+00      -1  -0.396E-02   20.00
  95  -940.0000   -1261.359 0.4901   0.1144E-02  0.6809E-04 -0.2464E-02  0.0000E+00      -1  -0.391E-02   20.00
  96  -950.0000   -1272.954 0.4894   0.1124E-02  0.6753E-04 -0.2434E-02  0.0000E+00      -1  -0.386E-02   20.00
  97  -960.0000   -1284.659 0.4887   0.1104E-02  0.6696E-04 -0.2403E-02  0.0000E+00      -1  -0.381E-02   20.00
  98  -970.0000   -1296.474 0.4879   0.1084E-02  0.6639E-04 -0.2371E-02  0.0000E+00      -1  -0.376E-02   20.00
  99  -980.0000   -1308.401 0.4872   0.1064E-02  0.6581E-04 -0.2339E-02  0.0000E+00      -1  -0.371E-02   20.00
 100  -990.0000   -1320.443 0.4864   0.1044E-02  0.6523E-04 -0.2306E-02  0.0000E+00      -1  -0.366E-02   20.00
 101 -1000.0000   -1332.599 0.4857   0.1023E-02  0.6464E-04 -0.2290E-02  0.0000E+00      -1  -0.363E-02   20.00
end


 Time:       10.0010


 Node      Depth      Head Moisture       K          C         Flux        Sink         Kappa   v/KsTop   Temp
           [L]        [L]    [-]        [L/T]      [1/L]      [L/T]        [1/T]         [-]      [-]      [C]

   1     0.0000   -6654.380 0.3695   0.8943E-05  0.1000E-04 -0.7988E-01  0.0000E+00      -1  -0.127E+00   20.00
   2   -10.0000   -6656.088 0.3695   0.8938E-05  0.9999E-05 -0.9703E-05  0.0000E+00      -1  -0.154E-04   20.00
   3   -20.0000   -6656.088 0.3695   0.8938E-05  0.9999E-05 -0.8938E-05  0.0000E+00      -1  -0.142E-04   20.00
   4   -30.0000   -6656.088 0.3695   0.8938E-05  0.9999E-05 -0.8938E-05  0.0000E+00      -1  -0.142E-04   20.00
   5   -40.0000   -6656.088 0.3695   0.8938E-05  0.9999E-05 -0.8932E-05  0.0000E+00      -1  -0.142E-04   20.00
   6   -50.0000   -6656.075 0.3695   0.8938E-05  0.9999E-05  0.5159E-03  0.0000E+00      -1   0.819E-03   20.00
   7   -60.0000   -5967.183 0.3692   0.2172E-04  0.1131E-04  0.6762E-03  0.0000E+00      -1   0.107E-02   20.00
   8   -70.0000   -5819.717 0.3711   0.2363E-04  0.1172E-04  0.3190E-03  0.0000E+00      -1   0.506E-03   20.00
   9   -80.0000   -5676.797 0.3729   0.2548E-04  0.1212E-04  0.3330E-03  0.0000E+00      -1   0.529E-03   20.00
  10   -90.0000   -5538.089 0.3746   0.2728E-04  0.1251E-04  0.3450E-03  0.0000E+00      -1   0.548E-03   20.00
  11  -100.0000   -5403.603 0.3763   0.2902E-04  0.1289E-04  0.3553E-03  0.0000E+00      -1   0.564E-03   20.00
  12  -110.0000   -5273.025 0.3779   0.3071E-04  0.1326E-04  0.3640E-03  0.0000E+00      -1   0.578E-03   20.00
  13  -120.0000   -5146.368 0.3795   0.3235E-04  0.1362E-04  0.3712E-03  0.0000E+00      -1   0.589E-03   20.00
  14  -130.0000   -5023.343 0.3810   0.3395E-04  0.1396E-04  0.3773E-03  0.0000E+00      -1   0.599E-03   20.00
  15  -140.0000   -4903.896 0.3825   0.3549E-04  0.1430E-04  0.3853E-03  0.0000E+00      -1   0.612E-03   20.00
  16  -150.0000   -4787.969 0.3843   0.3826E-04  0.1476E-04  0.4004E-03  0.0000E+00      -1   0.635E-03   20.00
  17  -160.0000   -4675.299 0.3861   0.4163E-04  0.1528E-04  0.4200E-03  0.0000E+00      -1   0.667E-03   20.00
  18  -170.0000   -4565.910 0.3879   0.4490E-04  0.1579E-04  0.4390E-03  0.0000E+00      -1   0.697E-03   20.00
  19  -180.0000   -4459.555 0.3897   0.4808E-04  0.1629E-04  0.4554E-03  0.0000E+00      -1   0.723E-03   20.00
  20  -190.0000   -4356.256 0.3914   0.5117E-04  0.1677E-04  0.4697E-03  0.0000E+00      -1   0.746E-03   20.00
  21  -200.0000   -4255.787 0.3931   0.5417E-04  0.1724E-04  0.4741E-03  0.0000E+00      -1   0.753E-03   20.00
  22  -210.0000   -4160.926 0.3946   0.5701E-04  0.1768E-04  0.4762E-03  0.0000E+00      -1   0.756E-03   20.00
  23  -220.0000   -4068.611 0.3962   0.5977E-04  0.1811E-04  0.4843E-03  0.0000E+00      -1   0.769E-03   20.00
  24  -230.0000   -3978.759 0.3977   0.6245E-04  0.1853E-04  0.4910E-03  0.0000E+00      -1   0.779E-03   20.00
  25  -240.0000   -3891.291 0.3991   0.6507E-04  0.1893E-04  0.4997E-03  0.0000E+00      -1   0.793E-03   20.00
  26  -250.0000   -3806.129 0.4008   0.6945E-04  0.1947E-04  0.5164E-03  0.0000E+00      -1   0.820E-03   20.00
  27  -260.0000   -3723.198 0.4026   0.7513E-04  0.2011E-04  0.5393E-03  0.0000E+00      -1   0.856E-03   20.00
  28  -270.0000   -3642.430 0.4044   0.8067E-04  0.2072E-04  0.5619E-03  0.0000E+00      -1   0.892E-03   20.00
  29  -280.0000   -3563.754 0.4061   0.8607E-04  0.2133E-04  0.5818E-03  0.0000E+00      -1   0.924E-03   20.00
  30  -290.0000   -3487.102 0.4078   0.9132E-04  0.2191E-04  0.5992E-03  0.0000E+00      -1   0.951E-03   20.00
  31  -300.0000   -3412.414 0.4094   0.9644E-04  0.2248E-04  0.6143E-03  0.0000E+00      -1   0.975E-03   20.00
  32  -310.0000   -3339.625 0.4110   0.1014E-03  0.2304E-04  0.6271E-03  0.0000E+00      -1   0.995E-03   20.00
  33  -320.0000   -3268.680 0.4126   0.1063E-03  0.2358E-04  0.6380E-03  0.0000E+00      -1   0.101E-02   20.00
  34  -330.0000   -3199.519 0.4141   0.1110E-03  0.2411E-04  0.6469E-03  0.0000E+00      -1   0.103E-02   20.00
  35  -340.0000   -3132.087 0.4155   0.1157E-03  0.2463E-04  0.6542E-03  0.0000E+00      -1   0.104E-02   20.00
  36  -350.0000   -3066.333 0.4170   0.1202E-03  0.2513E-04  0.6660E-03  0.0000E+00      -1   0.106E-02   20.00
  37  -360.0000   -3002.205 0.4188   0.1291E-03  0.2587E-04  0.6893E-03  0.0000E+00      -1   0.109E-02   20.00
  38  -370.0000   -2939.653 0.4206   0.1388E-03  0.2664E-04  0.7183E-03  0.0000E+00      -1   0.114E-02   20.00
  39  -380.0000   -2878.630 0.4223   0.1483E-03  0.2740E-04  0.7453E-03  0.0000E+00      -1   0.118E-02   20.00
  40  -390.0000   -2819.092 0.4240   0.1576E-03  0.2814E-04  0.7690E-03  0.0000E+00      -1   0.122E-02   20.00
  41  -400.0000   -2760.991 0.4257   0.1667E-03  0.2886E-04  0.9830E-03  0.0000E+00      -1   0.156E-02   20.00
  42  -410.0000   -2682.363 0.4280   0.1790E-03  0.2984E-04  0.1204E-02  0.0000E+00      -1   0.191E-02   20.00
  43  -420.0000   -2606.302 0.4302   0.1908E-03  0.3079E-04  0.1235E-02  0.0000E+00      -1   0.196E-02   20.00
  44  -430.0000   -2532.771 0.4323   0.2023E-03  0.3170E-04  0.1260E-02  0.0000E+00      -1   0.200E-02   20.00
  45  -440.0000   -2461.601 0.4343   0.2134E-03  0.3258E-04  0.1287E-02  0.0000E+00      -1   0.204E-02   20.00
  46  -450.0000   -2392.764 0.4366   0.2294E-03  0.3364E-04  0.1334E-02  0.0000E+00      -1   0.212E-02   20.00
  47  -460.0000   -2326.105 0.4391   0.2528E-03  0.3497E-04  0.1403E-02  0.0000E+00      -1   0.223E-02   20.00
  48  -470.0000   -2261.596 0.4415   0.2754E-03  0.3626E-04  0.1471E-02  0.0000E+00      -1   0.234E-02   20.00
  49  -480.0000   -2199.124 0.4439   0.2974E-03  0.3750E-04  0.1530E-02  0.0000E+00      -1   0.243E-02   20.00
  50  -490.0000   -2138.585 0.4462   0.3186E-03  0.3871E-04  0.1578E-02  0.0000E+00      -1   0.250E-02   20.00
  51  -500.0000   -2079.955 0.4484   0.3392E-03  0.3988E-04  0.1617E-02  0.0000E+00      -1   0.257E-02   20.00
  52  -510.0000   -2023.111 0.4505   0.3591E-03  0.4101E-04  0.1649E-02  0.0000E+00      -1   0.262E-02   20.00
  53  -520.0000   -1968.033 0.4526   0.3784E-03  0.4211E-04  0.1675E-02  0.0000E+00      -1   0.266E-02   20.00
  54  -530.0000   -1914.607 0.4546   0.3986E-03  0.4321E-04  0.1718E-02  0.0000E+00      -1   0.273E-02   20.00
  55  -540.0000   -1862.817 0.4572   0.4388E-03  0.4483E-04  0.1797E-02  0.0000E+00      -1   0.285E-02   20.00
  56  -550.0000   -1812.580 0.4596   0.4779E-03  0.4641E-04  0.1885E-02  0.0000E+00      -1   0.299E-02   20.00
  57  -560.0000   -1763.815 0.4620   0.5159E-03  0.4794E-04  0.1960E-02  0.0000E+00      -1   0.311E-02   20.00
  58  -570.0000   -1716.511 0.4643   0.5527E-03  0.4942E-04  0.2022E-02  0.0000E+00      -1   0.321E-02   20.00
  59  -580.0000   -1670.573 0.4666   0.5884E-03  0.5087E-04  0.2073E-02  0.0000E+00      -1   0.329E-02   20.00
  60  -590.0000   -1625.992 0.4688   0.6231E-03  0.5226E-04  0.2113E-02  0.0000E+00      -1   0.335E-02   20.00
  61  -600.0000   -1582.679 0.4709   0.6568E-03  0.5362E-04  0.2145E-02  0.0000E+00      -1   0.340E-02   20.00
  62  -610.0000   -1540.627 0.4729   0.6895E-03  0.5494E-04  0.2181E-02  0.0000E+00      -1   0.346E-02   20.00
  63  -620.0000   -1499.770 0.4752   0.7397E-03  0.5657E-04  0.2252E-02  0.0000E+00      -1   0.357E-02   20.00
  64  -630.0000   -1460.050 0.4777   0.8071E-03  0.5849E-04  0.2350E-02  0.0000E+00      -1   0.373E-02   20.00
  65  -640.0000   -1421.461 0.4801   0.8725E-03  0.6035E-04  0.2445E-02  0.0000E+00      -1   0.388E-02   20.00
  66  -650.0000   -1383.929 0.4825   0.9361E-03  0.6216E-04  0.2525E-02  0.0000E+00      -1   0.401E-02   20.00
  67  -660.0000   -1347.450 0.4848   0.9979E-03  0.6393E-04  0.2591E-02  0.0000E+00      -1   0.411E-02   20.00
  68  -670.0000   -1311.956 0.4870   0.1058E-02  0.6564E-04  0.2643E-02  0.0000E+00      -1   0.420E-02   20.00
  69  -680.0000   -1277.443 0.4891   0.1117E-02  0.6731E-04  0.2683E-02  0.0000E+00      -1   0.426E-02   20.00
  70  -690.0000   -1243.863 0.4912   0.1173E-02  0.6893E-04  0.2713E-02  0.0000E+00      -1   0.431E-02   20.00
  71  -700.0000   -1211.168 0.4933   0.1229E-02  0.7051E-04  0.2759E-02  0.0000E+00      -1   0.438E-02   20.00
  72  -710.0000   -1179.358 0.4957   0.1331E-02  0.7265E-04  0.2851E-02  0.0000E+00      -1   0.453E-02   20.00
  73  -720.0000   -1148.375 0.4982   0.1443E-02  0.7490E-04  0.2964E-02  0.0000E+00      -1   0.471E-02   20.00
  74  -730.0000   -1118.218 0.5006   0.1552E-02  0.7708E-04  0.3065E-02  0.0000E+00      -1   0.486E-02   20.00
  75  -740.0000   -1088.832 0.5029   0.1658E-02  0.7920E-04  0.3146E-02  0.0000E+00      -1   0.499E-02   20.00
  76  -750.0000   -1060.227 0.5052   0.1761E-02  0.8127E-04 -0.1302E-03  0.0000E+00      -1  -0.207E-03   20.00
  77  -760.0000   -1069.962 0.5044   0.1726E-02  0.8057E-04 -0.3415E-02  0.0000E+00      -1  -0.542E-02   20.00
  78  -770.0000   -1079.793 0.5036   0.1691E-02  0.7986E-04 -0.3360E-02  0.0000E+00      -1  -0.533E-02   20.00
  79  -780.0000   -1089.713 0.5028   0.1655E-02  0.7914E-04 -0.3304E-02  0.0000E+00      -1  -0.524E-02   20.00
  80  -790.0000   -1099.723 0.5020   0.1619E-02  0.7842E-04 -0.3246E-02  0.0000E+00      -1  -0.515E-02   20.00
  81  -800.0000   -1109.823 0.5012   0.1582E-02  0.7769E-04 -0.3187E-02  0.0000E+00      -1  -0.506E-02   20.00
  82  -810.0000   -1120.014 0.5004   0.1545E-02  0.7695E-04 -0.3127E-02  0.0000E+00      -1  -0.496E-02   20.00
  83  -820.0000   -1130.299 0.4996   0.1508E-02  0.7620E-04 -0.3066E-02  0.0000E+00      -1  -0.487E-02   20.00
  84  -830.0000   -1140.677 0.4988   0.1471E-02  0.7545E-04 -0.3004E-02  0.0000E+00      -1  -0.477E-02   20.00
  85  -840.0000   -1151.150 0.4979   0.1433E-02  0.7470E-04 -0.2940E-02  0.0000E+00      -1  -0.467E-02   20.00
  86  -850.0000   -1161.719 0.4971   0.1395E-02  0.7393E-04 -0.2875E-02  0.0000E+00      -1  -0.456E-02   20.00
  87  -860.0000   -1172.386 0.4963   0.1356E-02  0.7316E-04 -0.2809E-02  0.0000E+00      -1  -0.446E-02   20.00
  88  -870.0000   -1183.151 0.4954   0.1317E-02  0.7238E-04 -0.2742E-02  0.0000E+00      -1  -0.435E-02   20.00
  89  -880.0000   -1194.016 0.4945   0.1278E-02  0.7159E-04 -0.2673E-02  0.0000E+00      -1  -0.424E-02   20.00
  90  -890.0000   -1204.980 0.4937   0.1239E-02  0.7081E-04 -0.2615E-02  0.0000E+00      -1  -0.415E-02   20.00
  91  -900.0000   -1216.047 0.4930   0.1221E-02  0.7028E-04 -0.2578E-02  0.0000E+00      -1  -0.409E-02   20.00
  92  -910.0000   -1227.218 0.4923   0.1202E-02  0.6974E-04 -0.2550E-02  0.0000E+00      -1  -0.405E-02   20.00
  93  -920.0000   -1238.492 0.4916   0.1183E-02  0.6919E-04 -0.2522E-02  0.0000E+00      -1  -0.400E-02   20.00
  94  -930.0000   -1249.872 0.4909   0.1163E-02  0.6864E-04 -0.2493E-02  0.0000E+00      -1  -0.396E-02   20.00
  95  -940.0000   -1261.359 0.4901   0.1144E-02  0.6809E-04 -0.2464E-02  0.0000E+00      -1  -0.391E-02   20.00
  96  -950.0000   -1272.954 0.4894   0.1124E-02  0.6753E-04 -0.2434E-02  0.0000E+00      -1  -0.386E-02   20.00
  97  -960.0000   -1284.659 0.4887   0.1104E-02  0.6696E-04 -0.2403E-02  0.0000E+00      -1  -0.381E-02   20.00
  98  -970.0000   -1296.474 0.4879   0.1084E-02  0.6639E-04 -0.2371E-02  0.0000E+00      -1  -0.376E-02   20.00
  99  -980.0000   -1308.401 0.4872   0.1064E-02  0.6581E-04 -0.2339E-02  0.0000E+00      -1  -0.371E-02   20.00
 100  -990.0000   -1320.443 0.4864   0.1044E-02  0.6523E-04 -0.2306E-02  0.0000E+00      -1  -0.366E-02   20.00
 101 -1000.0000   -1332.595 0.4857   0.1023E-02  0.6465E-04 -0.2289E-02  0.0000E+00      -1  -0.363E-02   20.00
end


 Time:       20.0000


 Node      Depth      Head Moisture       K          C         Flux        Sink         Kappa   v/KsTop   Temp
           [L]        [L]    [-]        [L/T]      [1/L]      [L/T]        [1/T]         [-]      [-]      [C]

   1     0.0000     -33.179 0.6767   0.1350E+00  0.2374E-03 -0.8200E+00  0.0000E+00      -1  -0.130E+01   20.00
   2   -10.0000    -110.543 0.6566   0.4956E-01  0.2657E-03 -0.7602E+00  0.0000E+00      -1  -0.121E+01   20.00
   3   -20.0000    -339.918 0.6033   0.1012E-01  0.1969E-03 -0.6038E+00  0.0000E+00      -1  -0.958E+00   20.00
   4   -30.0000   -1247.277 0.4988   0.6273E-03  0.6958E-04 -0.3112E+00  0.0000E+00      -1  -0.494E+00   20.00
   5   -40.0000   -5249.396 0.3855   0.1659E-04  0.1336E-04 -0.6542E-01  0.0000E+00      -1  -0.104E+00   20.00
   6   -50.0000   -6542.034 0.3706   0.9279E-05  0.1019E-04 -0.4466E-03  0.0000E+00      -1  -0.709E-03   20.00
   7   -60.0000   -6011.416 0.3687   0.2115E-04  0.1118E-04  0.5962E-03  0.0000E+00      -1   0.946E-03   20.00
   8   -70.0000   -5822.448 0.3710   0.2359E-04  0.1171E-04  0.3676E-03  0.0000E+00      -1   0.583E-03   20.00
   9   -80.0000   -5676.013 0.3729   0.2549E-04  0.1213E-04  0.3373E-03  0.0000E+00      -1   0.535E-03   20.00
  10   -90.0000   -5537.237 0.3746   0.2729E-04  0.1252E-04  0.3451E-03  0.0000E+00      -1   0.548E-03   20.00
  11  -100.0000   -5402.832 0.3763   0.2903E-04  0.1289E-04  0.3550E-03  0.0000E+00      -1   0.564E-03   20.00
  12  -110.0000   -5272.405 0.3779   0.3072E-04  0.1326E-04  0.3637E-03  0.0000E+00      -1   0.577E-03   20.00
  13  -120.0000   -5145.810 0.3795   0.3236E-04  0.1362E-04  0.3711E-03  0.0000E+00      -1   0.589E-03   20.00
  14  -130.0000   -5022.854 0.3810   0.3395E-04  0.1396E-04  0.3779E-03  0.0000E+00      -1   0.600E-03   20.00
  15  -140.0000   -4903.056 0.3825   0.3550E-04  0.1430E-04  0.3866E-03  0.0000E+00      -1   0.614E-03   20.00
  16  -150.0000   -4786.818 0.3843   0.3829E-04  0.1477E-04  0.4013E-03  0.0000E+00      -1   0.637E-03   20.00
  17  -160.0000   -4674.119 0.3861   0.4166E-04  0.1529E-04  0.4202E-03  0.0000E+00      -1   0.667E-03   20.00
  18  -170.0000   -4564.845 0.3880   0.4493E-04  0.1580E-04  0.4386E-03  0.0000E+00      -1   0.696E-03   20.00
  19  -180.0000   -4458.661 0.3897   0.4810E-04  0.1629E-04  0.4548E-03  0.0000E+00      -1   0.722E-03   20.00
  20  -190.0000   -4355.554 0.3914   0.5119E-04  0.1677E-04  0.4674E-03  0.0000E+00      -1   0.742E-03   20.00
  21  -200.0000   -4255.836 0.3931   0.5417E-04  0.1724E-04  0.4735E-03  0.0000E+00      -1   0.752E-03   20.00
  22  -210.0000   -4160.494 0.3947   0.5702E-04  0.1768E-04  0.4776E-03  0.0000E+00      -1   0.758E-03   20.00
  23  -220.0000   -4068.177 0.3962   0.5978E-04  0.1811E-04  0.4844E-03  0.0000E+00      -1   0.769E-03   20.00
  24  -230.0000   -3978.334 0.3977   0.6246E-04  0.1853E-04  0.4919E-03  0.0000E+00      -1   0.781E-03   20.00
  25  -240.0000   -3890.590 0.3991   0.6509E-04  0.1894E-04  0.5017E-03  0.0000E+00      -1   0.796E-03   20.00
  26  -250.0000   -3805.164 0.4008   0.6951E-04  0.1948E-04  0.5180E-03  0.0000E+00      -1   0.822E-03   20.00
  27  -260.0000   -3722.138 0.4026   0.7521E-04  0.2011E-04  0.5397E-03  0.0000E+00      -1   0.857E-03   20.00
  28  -270.0000   -3641.473 0.4044   0.8074E-04  0.2073E-04  0.5615E-03  0.0000E+00      -1   0.891E-03   20.00
  29  -280.0000   -3562.910 0.4061   0.8612E-04  0.2133E-04  0.5813E-03  0.0000E+00      -1   0.923E-03   20.00
  30  -290.0000   -3486.371 0.4078   0.9137E-04  0.2192E-04  0.5986E-03  0.0000E+00      -1   0.950E-03   20.00
  31  -300.0000   -3411.782 0.4094   0.9649E-04  0.2249E-04  0.6136E-03  0.0000E+00      -1   0.974E-03   20.00
  32  -310.0000   -3339.089 0.4110   0.1015E-03  0.2304E-04  0.6264E-03  0.0000E+00      -1   0.994E-03   20.00
  33  -320.0000   -3268.232 0.4126   0.1063E-03  0.2359E-04  0.6373E-03  0.0000E+00      -1   0.101E-02   20.00
  34  -330.0000   -3199.132 0.4141   0.1111E-03  0.2411E-04  0.6469E-03  0.0000E+00      -1   0.103E-02   20.00
  35  -340.0000   -3131.684 0.4156   0.1157E-03  0.2463E-04  0.6565E-03  0.0000E+00      -1   0.104E-02   20.00
  36  -350.0000   -3065.586 0.4170   0.1202E-03  0.2513E-04  0.6698E-03  0.0000E+00      -1   0.106E-02   20.00
  37  -360.0000   -3001.232 0.4188   0.1292E-03  0.2588E-04  0.6916E-03  0.0000E+00      -1   0.110E-02   20.00
  38  -370.0000   -2938.639 0.4206   0.1390E-03  0.2666E-04  0.7209E-03  0.0000E+00      -1   0.114E-02   20.00
  39  -380.0000   -2877.408 0.4224   0.1485E-03  0.2742E-04  0.7602E-03  0.0000E+00      -1   0.121E-02   20.00
  40  -390.0000   -2816.272 0.4241   0.1581E-03  0.2818E-04  0.8374E-03  0.0000E+00      -1   0.133E-02   20.00
  41  -400.0000   -2751.653 0.4260   0.1681E-03  0.2898E-04  0.9871E-03  0.0000E+00      -1   0.157E-02   20.00
  42  -410.0000   -2679.315 0.4281   0.1794E-03  0.2988E-04  0.1138E-02  0.0000E+00      -1   0.181E-02   20.00
  43  -420.0000   -2604.971 0.4302   0.1910E-03  0.3080E-04  0.1217E-02  0.0000E+00      -1   0.193E-02   20.00
  44  -430.0000   -2531.795 0.4323   0.2024E-03  0.3171E-04  0.1260E-02  0.0000E+00      -1   0.200E-02   20.00
  45  -440.0000   -2460.400 0.4344   0.2136E-03  0.3260E-04  0.1296E-02  0.0000E+00      -1   0.206E-02   20.00
  46  -450.0000   -2391.139 0.4366   0.2300E-03  0.3368E-04  0.1344E-02  0.0000E+00      -1   0.213E-02   20.00
  47  -460.0000   -2324.296 0.4392   0.2535E-03  0.3501E-04  0.1406E-02  0.0000E+00      -1   0.223E-02   20.00
  48  -470.0000   -2259.958 0.4416   0.2760E-03  0.3629E-04  0.1469E-02  0.0000E+00      -1   0.233E-02   20.00
  49  -480.0000   -2197.724 0.4439   0.2978E-03  0.3753E-04  0.1525E-02  0.0000E+00      -1   0.242E-02   20.00
  50  -490.0000   -2137.434 0.4462   0.3190E-03  0.3873E-04  0.1573E-02  0.0000E+00      -1   0.250E-02   20.00
  51  -500.0000   -2078.996 0.4484   0.3395E-03  0.3989E-04  0.1613E-02  0.0000E+00      -1   0.256E-02   20.00
  52  -510.0000   -2022.292 0.4505   0.3594E-03  0.4102E-04  0.1649E-02  0.0000E+00      -1   0.262E-02   20.00
  53  -520.0000   -1967.134 0.4526   0.3787E-03  0.4212E-04  0.1686E-02  0.0000E+00      -1   0.268E-02   20.00
  54  -530.0000   -1913.298 0.4547   0.3996E-03  0.4325E-04  0.1738E-02  0.0000E+00      -1   0.276E-02   20.00
  55  -540.0000   -1861.134 0.4573   0.4402E-03  0.4489E-04  0.1808E-02  0.0000E+00      -1   0.287E-02   20.00
  56  -550.0000   -1810.987 0.4597   0.4792E-03  0.4646E-04  0.1882E-02  0.0000E+00      -1   0.299E-02   20.00
  57  -560.0000   -1762.450 0.4621   0.5169E-03  0.4798E-04  0.1952E-02  0.0000E+00      -1   0.310E-02   20.00
  58  -570.0000   -1715.361 0.4644   0.5536E-03  0.4946E-04  0.2013E-02  0.0000E+00      -1   0.320E-02   20.00
  59  -580.0000   -1669.633 0.4666   0.5891E-03  0.5089E-04  0.2065E-02  0.0000E+00      -1   0.328E-02   20.00
  60  -590.0000   -1625.184 0.4688   0.6237E-03  0.5229E-04  0.2111E-02  0.0000E+00      -1   0.335E-02   20.00
  61  -600.0000   -1581.893 0.4709   0.6574E-03  0.5365E-04  0.2155E-02  0.0000E+00      -1   0.342E-02   20.00
  62  -610.0000   -1539.571 0.4730   0.6903E-03  0.5498E-04  0.2205E-02  0.0000E+00      -1   0.350E-02   20.00
  63  -620.0000   -1498.405 0.4753   0.7420E-03  0.5663E-04  0.2273E-02  0.0000E+00      -1   0.361E-02   20.00
  64  -630.0000   -1458.591 0.4778   0.8095E-03  0.5856E-04  0.2355E-02  0.0000E+00      -1   0.374E-02   20.00
  65  -640.0000   -1420.124 0.4802   0.8747E-03  0.6042E-04  0.2437E-02  0.0000E+00      -1   0.387E-02   20.00
  66  -650.0000   -1382.797 0.4825   0.9380E-03  0.6222E-04  0.2512E-02  0.0000E+00      -1   0.399E-02   20.00
  67  -660.0000   -1346.508 0.4848   0.9995E-03  0.6397E-04  0.2577E-02  0.0000E+00      -1   0.409E-02   20.00
  68  -670.0000   -1311.190 0.4870   0.1059E-02  0.6568E-04  0.2632E-02  0.0000E+00      -1   0.418E-02   20.00
  69  -680.0000   -1276.778 0.4892   0.1118E-02  0.6734E-04  0.2680E-02  0.0000E+00      -1   0.425E-02   20.00
  70  -690.0000   -1243.199 0.4913   0.1175E-02  0.6897E-04  0.2721E-02  0.0000E+00      -1   0.432E-02   20.00
  71  -700.0000   -1210.413 0.4933   0.1230E-02  0.7055E-04  0.2745E-02  0.0000E+00      -1   0.436E-02   20.00
  72  -710.0000   -1178.955 0.4957   0.1332E-02  0.7268E-04  0.2705E-02  0.0000E+00      -1   0.429E-02   20.00
  73  -720.0000   -1149.747 0.4981   0.1438E-02  0.7480E-04  0.2497E-02  0.0000E+00      -1   0.396E-02   20.00
  74  -730.0000   -1124.024 0.5001   0.1531E-02  0.7666E-04  0.1981E-02  0.0000E+00      -1   0.314E-02   20.00
  75  -740.0000   -1103.639 0.5017   0.1605E-02  0.7813E-04  0.1077E-02  0.0000E+00      -1   0.171E-02   20.00
  76  -750.0000   -1090.410 0.5028   0.1652E-02  0.7909E-04 -0.1147E-03  0.0000E+00      -1  -0.182E-03   20.00
  77  -760.0000   -1084.953 0.5032   0.1672E-02  0.7949E-04 -0.1309E-02  0.0000E+00      -1  -0.208E-02   20.00
  78  -770.0000   -1086.110 0.5031   0.1668E-02  0.7940E-04 -0.2229E-02  0.0000E+00      -1  -0.354E-02   20.00
  79  -780.0000   -1091.769 0.5027   0.1647E-02  0.7899E-04 -0.2783E-02  0.0000E+00      -1  -0.442E-02   20.00
  80  -790.0000   -1099.963 0.5020   0.1618E-02  0.7840E-04 -0.3039E-02  0.0000E+00      -1  -0.482E-02   20.00
  81  -800.0000   -1109.381 0.5013   0.1584E-02  0.7772E-04 -0.3117E-02  0.0000E+00      -1  -0.495E-02   20.00
  82  -810.0000   -1119.338 0.5005   0.1548E-02  0.7700E-04 -0.3108E-02  0.0000E+00      -1  -0.493E-02   20.00
  83  -820.0000   -1129.544 0.4997   0.1511E-02  0.7626E-04 -0.3063E-02  0.0000E+00      -1  -0.486E-02   20.00
  84  -830.0000   -1139.890 0.4988   0.1474E-02  0.7551E-04 -0.3006E-02  0.0000E+00      -1  -0.477E-02   20.00
  85  -840.0000   -1150.344 0.4980   0.1436E-02  0.7475E-04 -0.2944E-02  0.0000E+00      -1  -0.467E-02   20.00
  86  -850.0000   -1160.897 0.4972   0.1398E-02  0.7399E-04 -0.2880E-02  0.0000E+00      -1  -0.457E-02   20.00
  87  -860.0000   -1171.552 0.4963   0.1359E-02  0.7322E-04 -0.2815E-02  0.0000E+00      -1  -0.447E-02   20.00
  88  -870.0000   -1182.316 0.4955   0.1320E-02  0.7244E-04 -0.2750E-02  0.0000E+00      -1  -0.437E-02   20.00
  89  -880.0000   -1193.215 0.4946   0.1281E-02  0.7165E-04 -0.2689E-02  0.0000E+00      -1  -0.427E-02   20.00
  90  -890.0000   -1204.304 0.4937   0.1241E-02  0.7085E-04 -0.2634E-02  0.0000E+00      -1  -0.418E-02   20.00
  91  -900.0000   -1215.497 0.4930   0.1222E-02  0.7030E-04 -0.2591E-02  0.0000E+00      -1  -0.411E-02   20.00
  92  -910.0000   -1226.727 0.4923   0.1203E-02  0.6976E-04 -0.2557E-02  0.0000E+00      -1  -0.406E-02   20.00
  93  -920.0000   -1238.022 0.4916   0.1183E-02  0.6922E-04 -0.2525E-02  0.0000E+00      -1  -0.401E-02   20.00
  94  -930.0000   -1249.400 0.4909   0.1164E-02  0.6867E-04 -0.2494E-02  0.0000E+00      -1  -0.396E-02   20.00
  95  -940.0000   -1260.866 0.4902   0.1145E-02  0.6811E-04 -0.2461E-02  0.0000E+00      -1  -0.391E-02   20.00
  96  -950.0000   -1272.398 0.4895   0.1125E-02  0.6755E-04 -0.2421E-02  0.0000E+00      -1  -0.384E-02   20.00
  97  -960.0000   -1283.896 0.4887   0.1106E-02  0.6700E-04 -0.2359E-02  0.0000E+00      -1  -0.374E-02   20.00
  98  -970.0000   -1295.060 0.4880   0.1087E-02  0.6646E-04 -0.2242E-02  0.0000E+00      -1  -0.356E-02   20.00
  99  -980.0000   -1305.135 0.4874   0.1070E-02  0.6597E-04 -0.2012E-02  0.0000E+00      -1  -0.319E-02   20.00
 100  -990.0000   -1312.625 0.4869   0.1057E-02  0.6561E-04 -0.1609E-02  0.0000E+00      -1  -0.255E-02   20.00
 101 -1000.0000   -1315.513 0.4868   0.1052E-02  0.6547E-04 -0.1359E-02  0.0000E+00      -1  -0.216E-02   20.00
end


 Time:       30.0000


 Node      Depth      Head Moisture       K          C         Flux        Sink         Kappa   v/KsTop   Temp
           [L]        [L]    [-]        [L/T]      [1/L]      [L/T]        [1/T]         [-]      [-]      [C]

   1     0.0000      -3.958 0.6827   0.2890E+00  0.1500E-03 -0.6300E+00  0.0000E+00      -1  -0.100E+01   20.00
   2   -10.0000     -21.453 0.6795   0.1674E+00  0.2189E-03 -0.6208E+00  0.0000E+00      -1  -0.985E+00   20.00
   3   -20.0000     -59.242 0.6702   0.8958E-01  0.2599E-03 -0.6000E+00  0.0000E+00      -1  -0.952E+00   20.00
   4   -30.0000    -141.264 0.6485   0.3775E-01  0.2602E-03 -0.5532E+00  0.0000E+00      -1  -0.878E+00   20.00
   5   -40.0000    -351.265 0.6010   0.9562E-02  0.1937E-03 -0.4494E+00  0.0000E+00      -1  -0.713E+00   20.00
   6   -50.0000   -1061.397 0.5130   0.9436E-03  0.8224E-04 -0.2633E+00  0.0000E+00      -1  -0.418E+00   20.00
   7   -60.0000   -4002.586 0.3972   0.6154E-04  0.1839E-04 -0.7791E-01  0.0000E+00      -1  -0.124E+00   20.00
   8   -70.0000   -5730.463 0.3722   0.2477E-04  0.1197E-04 -0.3691E-02  0.0000E+00      -1  -0.586E-02   20.00
   9   -80.0000   -5673.274 0.3729   0.2553E-04  0.1213E-04  0.2269E-03  0.0000E+00      -1   0.360E-03   20.00
  10   -90.0000   -5536.402 0.3746   0.2730E-04  0.1252E-04  0.3426E-03  0.0000E+00      -1   0.544E-03   20.00
  11  -100.0000   -5402.092 0.3763   0.2904E-04  0.1290E-04  0.3549E-03  0.0000E+00      -1   0.563E-03   20.00
  12  -110.0000   -5271.772 0.3779   0.3073E-04  0.1326E-04  0.3636E-03  0.0000E+00      -1   0.577E-03   20.00
  13  -120.0000   -5145.249 0.3795   0.3237E-04  0.1362E-04  0.3711E-03  0.0000E+00      -1   0.589E-03   20.00
  14  -130.0000   -5022.265 0.3810   0.3396E-04  0.1396E-04  0.3785E-03  0.0000E+00      -1   0.601E-03   20.00
  15  -140.0000   -4902.201 0.3825   0.3551E-04  0.1430E-04  0.3877E-03  0.0000E+00      -1   0.615E-03   20.00
  16  -150.0000   -4785.721 0.3843   0.3833E-04  0.1477E-04  0.4021E-03  0.0000E+00      -1   0.638E-03   20.00
  17  -160.0000   -4672.975 0.3862   0.4170E-04  0.1530E-04  0.4204E-03  0.0000E+00      -1   0.667E-03   20.00
  18  -170.0000   -4563.794 0.3880   0.4496E-04  0.1580E-04  0.4383E-03  0.0000E+00      -1   0.696E-03   20.00
  19  -180.0000   -4457.787 0.3897   0.4813E-04  0.1630E-04  0.4540E-03  0.0000E+00      -1   0.721E-03   20.00
  20  -190.0000   -4354.958 0.3914   0.5120E-04  0.1678E-04  0.4659E-03  0.0000E+00      -1   0.739E-03   20.00
  21  -200.0000   -4255.629 0.3931   0.5417E-04  0.1724E-04  0.4730E-03  0.0000E+00      -1   0.751E-03   20.00
  22  -210.0000   -4160.134 0.3947   0.5703E-04  0.1768E-04  0.4783E-03  0.0000E+00      -1   0.759E-03   20.00
  23  -220.0000   -4067.745 0.3962   0.5979E-04  0.1811E-04  0.4849E-03  0.0000E+00      -1   0.770E-03   20.00
  24  -230.0000   -3977.831 0.3977   0.6248E-04  0.1853E-04  0.4929E-03  0.0000E+00      -1   0.782E-03   20.00
  25  -240.0000   -3889.873 0.3991   0.6511E-04  0.1894E-04  0.5033E-03  0.0000E+00      -1   0.799E-03   20.00
  26  -250.0000   -3804.236 0.4008   0.6958E-04  0.1949E-04  0.5194E-03  0.0000E+00      -1   0.824E-03   20.00
  27  -260.0000   -3721.136 0.4026   0.7527E-04  0.2012E-04  0.5402E-03  0.0000E+00      -1   0.857E-03   20.00
  28  -270.0000   -3640.530 0.4044   0.8080E-04  0.2074E-04  0.5613E-03  0.0000E+00      -1   0.891E-03   20.00
  29  -280.0000   -3562.071 0.4061   0.8618E-04  0.2134E-04  0.5808E-03  0.0000E+00      -1   0.922E-03   20.00
  30  -290.0000   -3485.637 0.4078   0.9142E-04  0.2192E-04  0.5980E-03  0.0000E+00      -1   0.949E-03   20.00
  31  -300.0000   -3411.153 0.4094   0.9653E-04  0.2249E-04  0.6129E-03  0.0000E+00      -1   0.973E-03   20.00
  32  -310.0000   -3338.550 0.4110   0.1015E-03  0.2305E-04  0.6258E-03  0.0000E+00      -1   0.993E-03   20.00
  33  -320.0000   -3267.762 0.4126   0.1064E-03  0.2359E-04  0.6370E-03  0.0000E+00      -1   0.101E-02   20.00
  34  -330.0000   -3198.696 0.4141   0.1111E-03  0.2412E-04  0.6473E-03  0.0000E+00      -1   0.103E-02   20.00
  35  -340.0000   -3131.167 0.4156   0.1157E-03  0.2463E-04  0.6585E-03  0.0000E+00      -1   0.105E-02   20.00
  36  -350.0000   -3064.843 0.4170   0.1203E-03  0.2514E-04  0.6729E-03  0.0000E+00      -1   0.107E-02   20.00
  37  -360.0000   -3000.272 0.4188   0.1294E-03  0.2589E-04  0.6955E-03  0.0000E+00      -1   0.110E-02   20.00
  38  -370.0000   -2937.414 0.4206   0.1392E-03  0.2667E-04  0.7294E-03  0.0000E+00      -1   0.116E-02   20.00
  39  -380.0000   -2875.407 0.4224   0.1489E-03  0.2744E-04  0.7814E-03  0.0000E+00      -1   0.124E-02   20.00
  40  -390.0000   -2812.478 0.4242   0.1587E-03  0.2822E-04  0.8680E-03  0.0000E+00      -1   0.138E-02   20.00
  41  -400.0000   -2746.195 0.4261   0.1690E-03  0.2905E-04  0.9901E-03  0.0000E+00      -1   0.157E-02   20.00
  42  -410.0000   -2675.557 0.4282   0.1800E-03  0.2992E-04  0.1111E-02  0.0000E+00      -1   0.176E-02   20.00
  43  -420.0000   -2602.868 0.4303   0.1913E-03  0.3083E-04  0.1198E-02  0.0000E+00      -1   0.190E-02   20.00
  44  -430.0000   -2530.374 0.4324   0.2027E-03  0.3173E-04  0.1254E-02  0.0000E+00      -1   0.199E-02   20.00
  45  -440.0000   -2459.010 0.4344   0.2138E-03  0.3262E-04  0.1299E-02  0.0000E+00      -1   0.206E-02   20.00
  46  -450.0000   -2389.577 0.4367   0.2306E-03  0.3371E-04  0.1350E-02  0.0000E+00      -1   0.214E-02   20.00
  47  -460.0000   -2322.657 0.4392   0.2540E-03  0.3504E-04  0.1409E-02  0.0000E+00      -1   0.224E-02   20.00
  48  -470.0000   -2258.408 0.4416   0.2766E-03  0.3632E-04  0.1468E-02  0.0000E+00      -1   0.233E-02   20.00
  49  -480.0000   -2196.357 0.4440   0.2983E-03  0.3756E-04  0.1522E-02  0.0000E+00      -1   0.242E-02   20.00
  50  -490.0000   -2136.262 0.4463   0.3194E-03  0.3875E-04  0.1570E-02  0.0000E+00      -1   0.249E-02   20.00
  51  -500.0000   -2077.964 0.4485   0.3398E-03  0.3992E-04  0.1612E-02  0.0000E+00      -1   0.256E-02   20.00
  52  -510.0000   -2021.293 0.4506   0.3597E-03  0.4104E-04  0.1653E-02  0.0000E+00      -1   0.262E-02   20.00
  53  -520.0000   -1966.018 0.4527   0.3791E-03  0.4215E-04  0.1695E-02  0.0000E+00      -1   0.269E-02   20.00
  54  -530.0000   -1911.983 0.4548   0.4006E-03  0.4329E-04  0.1749E-02  0.0000E+00      -1   0.278E-02   20.00
  55  -540.0000   -1859.680 0.4573   0.4413E-03  0.4493E-04  0.1815E-02  0.0000E+00      -1   0.288E-02   20.00
  56  -550.0000   -1809.547 0.4598   0.4803E-03  0.4650E-04  0.1883E-02  0.0000E+00      -1   0.299E-02   20.00
  57  -560.0000   -1761.138 0.4622   0.5179E-03  0.4802E-04  0.1949E-02  0.0000E+00      -1   0.309E-02   20.00
  58  -570.0000   -1714.210 0.4644   0.5544E-03  0.4950E-04  0.2008E-02  0.0000E+00      -1   0.319E-02   20.00
  59  -580.0000   -1668.615 0.4667   0.5899E-03  0.5093E-04  0.2062E-02  0.0000E+00      -1   0.327E-02   20.00
  60  -590.0000   -1624.224 0.4688   0.6244E-03  0.5232E-04  0.2113E-02  0.0000E+00      -1   0.335E-02   20.00
  61  -600.0000   -1580.890 0.4710   0.6582E-03  0.5368E-04  0.2163E-02  0.0000E+00      -1   0.343E-02   20.00
  62  -610.0000   -1538.441 0.4730   0.6912E-03  0.5501E-04  0.2217E-02  0.0000E+00      -1   0.352E-02   20.00
  63  -620.0000   -1497.159 0.4754   0.7442E-03  0.5669E-04  0.2283E-02  0.0000E+00      -1   0.362E-02   20.00
  64  -630.0000   -1457.319 0.4779   0.8117E-03  0.5862E-04  0.2360E-02  0.0000E+00      -1   0.375E-02   20.00
  65  -640.0000   -1418.915 0.4803   0.8768E-03  0.6047E-04  0.2434E-02  0.0000E+00      -1   0.386E-02   20.00
  66  -650.0000   -1381.712 0.4826   0.9398E-03  0.6227E-04  0.2504E-02  0.0000E+00      -1   0.397E-02   20.00
  67  -660.0000   -1345.573 0.4849   0.1001E-02  0.6402E-04  0.2565E-02  0.0000E+00      -1   0.407E-02   20.00
  68  -670.0000   -1310.422 0.4871   0.1061E-02  0.6572E-04  0.2614E-02  0.0000E+00      -1   0.415E-02   20.00
  69  -680.0000   -1276.242 0.4892   0.1119E-02  0.6737E-04  0.2644E-02  0.0000E+00      -1   0.420E-02   20.00
  70  -690.0000   -1243.107 0.4913   0.1175E-02  0.6897E-04  0.2640E-02  0.0000E+00      -1   0.419E-02   20.00
  71  -700.0000   -1211.249 0.4933   0.1229E-02  0.7051E-04  0.2576E-02  0.0000E+00      -1   0.409E-02   20.00
  72  -710.0000   -1181.464 0.4955   0.1323E-02  0.7250E-04  0.2389E-02  0.0000E+00      -1   0.379E-02   20.00
  73  -720.0000   -1155.028 0.4976   0.1419E-02  0.7442E-04  0.2023E-02  0.0000E+00      -1   0.321E-02   20.00
  74  -730.0000   -1132.742 0.4994   0.1499E-02  0.7603E-04  0.1463E-02  0.0000E+00      -1   0.232E-02   20.00
  75  -740.0000   -1115.343 0.5008   0.1562E-02  0.7729E-04  0.7270E-03  0.0000E+00      -1   0.115E-02   20.00
  76  -750.0000   -1103.314 0.5017   0.1606E-02  0.7816E-04 -0.1128E-03  0.0000E+00      -1  -0.179E-03   20.00
  77  -760.0000   -1096.695 0.5023   0.1630E-02  0.7864E-04 -0.9531E-03  0.0000E+00      -1  -0.151E-02   20.00
  78  -770.0000   -1095.021 0.5024   0.1636E-02  0.7876E-04 -0.1693E-02  0.0000E+00      -1  -0.269E-02   20.00
  79  -780.0000   -1097.448 0.5022   0.1627E-02  0.7858E-04 -0.2267E-02  0.0000E+00      -1  -0.360E-02   20.00
  80  -790.0000   -1102.952 0.5018   0.1607E-02  0.7818E-04 -0.2656E-02  0.0000E+00      -1  -0.422E-02   20.00
  81  -800.0000   -1110.558 0.5012   0.1580E-02  0.7763E-04 -0.2881E-02  0.0000E+00      -1  -0.457E-02   20.00
  82  -810.0000   -1119.473 0.5005   0.1547E-02  0.7699E-04 -0.2984E-02  0.0000E+00      -1  -0.474E-02   20.00
  83  -820.0000   -1129.147 0.4997   0.1512E-02  0.7629E-04 -0.3007E-02  0.0000E+00      -1  -0.477E-02   20.00
  84  -830.0000   -1139.248 0.4989   0.1476E-02  0.7556E-04 -0.2984E-02  0.0000E+00      -1  -0.474E-02   20.00
  85  -840.0000   -1149.596 0.4981   0.1439E-02  0.7481E-04 -0.2938E-02  0.0000E+00      -1  -0.466E-02   20.00
  86  -850.0000   -1160.107 0.4972   0.1401E-02  0.7405E-04 -0.2882E-02  0.0000E+00      -1  -0.457E-02   20.00
  87  -860.0000   -1170.754 0.4964   0.1362E-02  0.7328E-04 -0.2821E-02  0.0000E+00      -1  -0.448E-02   20.00
  88  -870.0000   -1181.539 0.4955   0.1323E-02  0.7250E-04 -0.2761E-02  0.0000E+00      -1  -0.438E-02   20.00
  89  -880.0000   -1192.488 0.4947   0.1284E-02  0.7170E-04 -0.2702E-02  0.0000E+00      -1  -0.429E-02   20.00
  90  -890.0000   -1203.647 0.4938   0.1243E-02  0.7090E-04 -0.2647E-02  0.0000E+00      -1  -0.420E-02   20.00
  91  -900.0000   -1214.897 0.4931   0.1223E-02  0.7033E-04 -0.2600E-02  0.0000E+00      -1  -0.413E-02   20.00
  92  -910.0000   -1226.173 0.4924   0.1203E-02  0.6979E-04 -0.2562E-02  0.0000E+00      -1  -0.407E-02   20.00
  93  -920.0000   -1237.481 0.4916   0.1184E-02  0.6924E-04 -0.2525E-02  0.0000E+00      -1  -0.401E-02   20.00
  94  -930.0000   -1248.819 0.4909   0.1165E-02  0.6869E-04 -0.2485E-02  0.0000E+00      -1  -0.394E-02   20.00
  95  -940.0000   -1260.144 0.4902   0.1146E-02  0.6815E-04 -0.2436E-02  0.0000E+00      -1  -0.387E-02   20.00
  96  -950.0000   -1271.330 0.4895   0.1127E-02  0.6761E-04 -0.2365E-02  0.0000E+00      -1  -0.375E-02   20.00
  97  -960.0000   -1282.106 0.4888   0.1109E-02  0.6709E-04 -0.2254E-02  0.0000E+00      -1  -0.358E-02   20.00
  98  -970.0000   -1291.974 0.4882   0.1092E-02  0.6661E-04 -0.2080E-02  0.0000E+00      -1  -0.330E-02   20.00
  99  -980.0000   -1300.158 0.4877   0.1078E-02  0.6621E-04 -0.1820E-02  0.0000E+00      -1  -0.289E-02   20.00
 100  -990.0000   -1305.684 0.4874   0.1069E-02  0.6595E-04 -0.1472E-02  0.0000E+00      -1  -0.234E-02   20.00
 101 -1000.0000   -1307.662 0.4872   0.1065E-02  0.6585E-04 -0.1278E-02  0.0000E+00      -1  -0.203E-02   20.00
end


 Time:       40.0000


 Node      Depth      Head Moisture       K          C         Flux        Sink         Kappa   v/KsTop   Temp
           [L]        [L]    [-]        [L/T]      [1/L]      [L/T]        [1/T]         [-]      [-]      [C]

   1     0.0000     -63.350 0.6691   0.8514E-01  0.2614E-03 -0.2400E+00  0.0000E+00      -1  -0.381E+00   20.00
   2   -10.0000     -85.188 0.6633   0.6559E-01  0.2662E-03 -0.2398E+00  0.0000E+00      -1  -0.381E+00   20.00
   3   -20.0000    -118.055 0.6546   0.4623E-01  0.2652E-03 -0.2392E+00  0.0000E+00      -1  -0.380E+00   20.00
   4   -30.0000    -170.949 0.6409   0.2968E-01  0.2520E-03 -0.2370E+00  0.0000E+00      -1  -0.376E+00   20.00
   5   -40.0000    -265.070 0.6187   0.1551E-01  0.2210E-03 -0.2298E+00  0.0000E+00      -1  -0.365E+00   20.00
   6   -50.0000    -470.024 0.5798   0.5360E-02  0.1618E-03 -0.2104E+00  0.0000E+00      -1  -0.334E+00   20.00
   7   -60.0000    -995.360 0.5103   0.1981E-02  0.8567E-04 -0.1655E+00  0.0000E+00      -1  -0.263E+00   20.00
   8   -70.0000   -2159.965 0.4454   0.3085E-03  0.3813E-04 -0.8871E-01  0.0000E+00      -1  -0.141E+00   20.00
   9   -80.0000   -4586.309 0.3877   0.4437E-04  0.1571E-04 -0.2309E-01  0.0000E+00      -1  -0.366E-01   20.00
  10   -90.0000   -5454.169 0.3756   0.2839E-04  0.1275E-04 -0.1529E-02  0.0000E+00      -1  -0.243E-02   20.00
  11  -100.0000   -5396.847 0.3764   0.2911E-04  0.1291E-04  0.2415E-03  0.0000E+00      -1   0.383E-03   20.00
  12  -110.0000   -5270.886 0.3779   0.3074E-04  0.1327E-04  0.3569E-03  0.0000E+00      -1   0.566E-03   20.00
  13  -120.0000   -5144.654 0.3795   0.3237E-04  0.1362E-04  0.3708E-03  0.0000E+00      -1   0.589E-03   20.00
  14  -130.0000   -5021.629 0.3810   0.3397E-04  0.1397E-04  0.3791E-03  0.0000E+00      -1   0.602E-03   20.00
  15  -140.0000   -4901.339 0.3825   0.3553E-04  0.1430E-04  0.3887E-03  0.0000E+00      -1   0.617E-03   20.00
  16  -150.0000   -4784.657 0.3843   0.3836E-04  0.1478E-04  0.4029E-03  0.0000E+00      -1   0.639E-03   20.00
  17  -160.0000   -4671.867 0.3862   0.4173E-04  0.1530E-04  0.4206E-03  0.0000E+00      -1   0.668E-03   20.00
  18  -170.0000   -4562.779 0.3880   0.4499E-04  0.1581E-04  0.4380E-03  0.0000E+00      -1   0.695E-03   20.00
  19  -180.0000   -4456.956 0.3897   0.4816E-04  0.1630E-04  0.4531E-03  0.0000E+00      -1   0.719E-03   20.00
  20  -190.0000   -4354.385 0.3914   0.5122E-04  0.1678E-04  0.4648E-03  0.0000E+00      -1   0.738E-03   20.00
  21  -200.0000   -4255.295 0.3931   0.5418E-04  0.1724E-04  0.4726E-03  0.0000E+00      -1   0.750E-03   20.00
  22  -210.0000   -4159.772 0.3947   0.5704E-04  0.1768E-04  0.4787E-03  0.0000E+00      -1   0.760E-03   20.00
  23  -220.0000   -4067.301 0.3962   0.5981E-04  0.1812E-04  0.4856E-03  0.0000E+00      -1   0.771E-03   20.00
  24  -230.0000   -3977.282 0.3977   0.6250E-04  0.1853E-04  0.4940E-03  0.0000E+00      -1   0.784E-03   20.00
  25  -240.0000   -3889.145 0.3991   0.6513E-04  0.1894E-04  0.5047E-03  0.0000E+00      -1   0.801E-03   20.00
  26  -250.0000   -3803.337 0.4008   0.6964E-04  0.1949E-04  0.5206E-03  0.0000E+00      -1   0.826E-03   20.00
  27  -260.0000   -3720.173 0.4027   0.7534E-04  0.2013E-04  0.5408E-03  0.0000E+00      -1   0.858E-03   20.00
  28  -270.0000   -3639.606 0.4044   0.8086E-04  0.2075E-04  0.5612E-03  0.0000E+00      -1   0.891E-03   20.00
  29  -280.0000   -3561.240 0.4061   0.8624E-04  0.2134E-04  0.5803E-03  0.0000E+00      -1   0.921E-03   20.00
  30  -290.0000   -3484.909 0.4078   0.9147E-04  0.2193E-04  0.5974E-03  0.0000E+00      -1   0.948E-03   20.00
  31  -300.0000   -3410.521 0.4094   0.9657E-04  0.2250E-04  0.6123E-03  0.0000E+00      -1   0.972E-03   20.00
  32  -310.0000   -3338.003 0.4110   0.1015E-03  0.2305E-04  0.6253E-03  0.0000E+00      -1   0.993E-03   20.00
  33  -320.0000   -3267.273 0.4126   0.1064E-03  0.2359E-04  0.6369E-03  0.0000E+00      -1   0.101E-02   20.00
  34  -330.0000   -3198.204 0.4141   0.1111E-03  0.2412E-04  0.6481E-03  0.0000E+00      -1   0.103E-02   20.00
  35  -340.0000   -3130.581 0.4156   0.1158E-03  0.2464E-04  0.6605E-03  0.0000E+00      -1   0.105E-02   20.00
  36  -350.0000   -3064.058 0.4170   0.1203E-03  0.2515E-04  0.6762E-03  0.0000E+00      -1   0.107E-02   20.00
  37  -360.0000   -2999.223 0.4188   0.1295E-03  0.2590E-04  0.7010E-03  0.0000E+00      -1   0.111E-02   20.00
  38  -370.0000   -2935.910 0.4207   0.1394E-03  0.2669E-04  0.7402E-03  0.0000E+00      -1   0.117E-02   20.00
  39  -380.0000   -2873.011 0.4225   0.1492E-03  0.2747E-04  0.7992E-03  0.0000E+00      -1   0.127E-02   20.00
  40  -390.0000   -2808.867 0.4243   0.1592E-03  0.2827E-04  0.8854E-03  0.0000E+00      -1   0.141E-02   20.00
  41  -400.0000   -2741.959 0.4263   0.1697E-03  0.2910E-04  0.9925E-03  0.0000E+00      -1   0.158E-02   20.00
  42  -410.0000   -2672.043 0.4283   0.1806E-03  0.2997E-04  0.1098E-02  0.0000E+00      -1   0.174E-02   20.00
  43  -420.0000   -2600.414 0.4303   0.1917E-03  0.3086E-04  0.1184E-02  0.0000E+00      -1   0.188E-02   20.00
  44  -430.0000   -2528.587 0.4324   0.2029E-03  0.3175E-04  0.1247E-02  0.0000E+00      -1   0.198E-02   20.00
  45  -440.0000   -2457.433 0.4345   0.2140E-03  0.3264E-04  0.1299E-02  0.0000E+00      -1   0.206E-02   20.00
  46  -450.0000   -2388.012 0.4368   0.2311E-03  0.3374E-04  0.1352E-02  0.0000E+00      -1   0.215E-02   20.00
  47  -460.0000   -2321.101 0.4393   0.2546E-03  0.3507E-04  0.1411E-02  0.0000E+00      -1   0.224E-02   20.00
  48  -470.0000   -2256.931 0.4417   0.2771E-03  0.3635E-04  0.1467E-02  0.0000E+00      -1   0.233E-02   20.00
  49  -480.0000   -2195.015 0.4440   0.2988E-03  0.3758E-04  0.1520E-02  0.0000E+00      -1   0.241E-02   20.00
  50  -490.0000   -2135.059 0.4463   0.3198E-03  0.3878E-04  0.1568E-02  0.0000E+00      -1   0.249E-02   20.00
  51  -500.0000   -2076.850 0.4485   0.3402E-03  0.3994E-04  0.1613E-02  0.0000E+00      -1   0.256E-02   20.00
  52  -510.0000   -2020.180 0.4506   0.3601E-03  0.4107E-04  0.1656E-02  0.0000E+00      -1   0.263E-02   20.00
  53  -520.0000   -1964.816 0.4527   0.3795E-03  0.4217E-04  0.1701E-02  0.0000E+00      -1   0.270E-02   20.00
  54  -530.0000   -1910.679 0.4548   0.4016E-03  0.4333E-04  0.1756E-02  0.0000E+00      -1   0.279E-02   20.00
  55  -540.0000   -1858.320 0.4574   0.4423E-03  0.4497E-04  0.1820E-02  0.0000E+00      -1   0.289E-02   20.00
  56  -550.0000   -1808.204 0.4598   0.4813E-03  0.4655E-04  0.1885E-02  0.0000E+00      -1   0.299E-02   20.00
  57  -560.0000   -1759.873 0.4622   0.5189E-03  0.4806E-04  0.1948E-02  0.0000E+00      -1   0.309E-02   20.00
  58  -570.0000   -1713.047 0.4645   0.5554E-03  0.4953E-04  0.2007E-02  0.0000E+00      -1   0.319E-02   20.00
  59  -580.0000   -1667.531 0.4667   0.5908E-03  0.5096E-04  0.2062E-02  0.0000E+00      -1   0.327E-02   20.00
  60  -590.0000   -1623.168 0.4689   0.6253E-03  0.5235E-04  0.2116E-02  0.0000E+00      -1   0.336E-02   20.00
  61  -600.0000   -1579.806 0.4710   0.6590E-03  0.5371E-04  0.2169E-02  0.0000E+00      -1   0.344E-02   20.00
  62  -610.0000   -1537.293 0.4731   0.6921E-03  0.5505E-04  0.2225E-02  0.0000E+00      -1   0.353E-02   20.00
  63  -620.0000   -1495.968 0.4754   0.7462E-03  0.5675E-04  0.2289E-02  0.0000E+00      -1   0.363E-02   20.00
  64  -630.0000   -1456.144 0.4779   0.8137E-03  0.5867E-04  0.2362E-02  0.0000E+00      -1   0.375E-02   20.00
  65  -640.0000   -1417.809 0.4803   0.8787E-03  0.6053E-04  0.2431E-02  0.0000E+00      -1   0.386E-02   20.00
  66  -650.0000   -1380.735 0.4827   0.9415E-03  0.6232E-04  0.2492E-02  0.0000E+00      -1   0.396E-02   20.00
  67  -660.0000   -1344.802 0.4849   0.1002E-02  0.6406E-04  0.2541E-02  0.0000E+00      -1   0.403E-02   20.00
  68  -670.0000   -1309.979 0.4871   0.1061E-02  0.6574E-04  0.2569E-02  0.0000E+00      -1   0.408E-02   20.00
  69  -680.0000   -1276.341 0.4892   0.1118E-02  0.6736E-04  0.2564E-02  0.0000E+00      -1   0.407E-02   20.00
  70  -690.0000   -1244.080 0.4912   0.1173E-02  0.6892E-04  0.2507E-02  0.0000E+00      -1   0.398E-02   20.00
  71  -700.0000   -1213.527 0.4931   0.1225E-02  0.7040E-04  0.2380E-02  0.0000E+00      -1   0.378E-02   20.00
  72  -710.0000   -1185.410 0.4952   0.1309E-02  0.7222E-04  0.2127E-02  0.0000E+00      -1   0.338E-02   20.00
  73  -720.0000   -1160.933 0.4972   0.1398E-02  0.7399E-04  0.1726E-02  0.0000E+00      -1   0.274E-02   20.00
  74  -730.0000   -1140.531 0.4988   0.1471E-02  0.7546E-04  0.1199E-02  0.0000E+00      -1   0.190E-02   20.00
  75  -740.0000   -1124.489 0.5001   0.1529E-02  0.7662E-04  0.5727E-03  0.0000E+00      -1   0.909E-03   20.00
  76  -750.0000   -1112.948 0.5010   0.1571E-02  0.7746E-04 -0.1090E-03  0.0000E+00      -1  -0.173E-03   20.00
  77  -760.0000   -1105.833 0.5015   0.1597E-02  0.7797E-04 -0.7898E-03  0.0000E+00      -1  -0.125E-02   20.00
  78  -770.0000   -1102.841 0.5018   0.1607E-02  0.7819E-04 -0.1415E-02  0.0000E+00      -1  -0.225E-02   20.00
  79  -780.0000   -1103.470 0.5017   0.1605E-02  0.7815E-04 -0.1943E-02  0.0000E+00      -1  -0.308E-02   20.00
  80  -790.0000   -1107.092 0.5014   0.1592E-02  0.7788E-04 -0.2350E-02  0.0000E+00      -1  -0.373E-02   20.00
  81  -800.0000   -1113.037 0.5010   0.1571E-02  0.7745E-04 -0.2634E-02  0.0000E+00      -1  -0.418E-02   20.00
  82  -810.0000   -1120.675 0.5004   0.1543E-02  0.7690E-04 -0.2808E-02  0.0000E+00      -1  -0.446E-02   20.00
  83  -820.0000   -1129.475 0.4997   0.1511E-02  0.7626E-04 -0.2897E-02  0.0000E+00      -1  -0.460E-02   20.00
  84  -830.0000   -1139.037 0.4989   0.1477E-02  0.7557E-04 -0.2923E-02  0.0000E+00      -1  -0.464E-02   20.00
  85  -840.0000   -1149.082 0.4981   0.1440E-02  0.7485E-04 -0.2909E-02  0.0000E+00      -1  -0.462E-02   20.00
  86  -850.0000   -1159.442 0.4973   0.1403E-02  0.7410E-04 -0.2872E-02  0.0000E+00      -1  -0.456E-02   20.00
  87  -860.0000   -1170.028 0.4964   0.1365E-02  0.7333E-04 -0.2822E-02  0.0000E+00      -1  -0.448E-02   20.00
  88  -870.0000   -1180.805 0.4956   0.1326E-02  0.7255E-04 -0.2767E-02  0.0000E+00      -1  -0.439E-02   20.00
  89  -880.0000   -1191.774 0.4947   0.1286E-02  0.7176E-04 -0.2711E-02  0.0000E+00      -1  -0.430E-02   20.00
  90  -890.0000   -1202.963 0.4938   0.1246E-02  0.7095E-04 -0.2655E-02  0.0000E+00      -1  -0.421E-02   20.00
  91  -900.0000   -1214.242 0.4931   0.1224E-02  0.7036E-04 -0.2606E-02  0.0000E+00      -1  -0.414E-02   20.00
  92  -910.0000   -1225.530 0.4924   0.1205E-02  0.6982E-04 -0.2563E-02  0.0000E+00      -1  -0.407E-02   20.00
  93  -920.0000   -1236.795 0.4917   0.1185E-02  0.6927E-04 -0.2517E-02  0.0000E+00      -1  -0.400E-02   20.00
  94  -930.0000   -1247.995 0.4910   0.1166E-02  0.6873E-04 -0.2463E-02  0.0000E+00      -1  -0.391E-02   20.00
  95  -940.0000   -1259.028 0.4903   0.1148E-02  0.6820E-04 -0.2394E-02  0.0000E+00      -1  -0.380E-02   20.00
  96  -950.0000   -1269.699 0.4896   0.1130E-02  0.6768E-04 -0.2297E-02  0.0000E+00      -1  -0.365E-02   20.00
  97  -960.0000   -1279.677 0.4890   0.1113E-02  0.6720E-04 -0.2159E-02  0.0000E+00      -1  -0.343E-02   20.00
  98  -970.0000   -1288.481 0.4884   0.1098E-02  0.6678E-04 -0.1968E-02  0.0000E+00      -1  -0.312E-02   20.00
  99  -980.0000   -1295.495 0.4880   0.1086E-02  0.6644E-04 -0.1717E-02  0.0000E+00      -1  -0.273E-02   20.00
 100  -990.0000   -1300.068 0.4877   0.1078E-02  0.6622E-04 -0.1413E-02  0.0000E+00      -1  -0.224E-02   20.00
 101 -1000.0000   -1301.671 0.4876   0.1076E-02  0.6614E-04 -0.1250E-02  0.0000E+00      -1  -0.198E-02   20.00
end


 Time:       50.0000


 Node      Depth      Head Moisture       K          C         Flux        Sink         Kappa   v/KsTop   Temp
           [L]        [L]    [-]        [L/T]      [1/L]      [L/T]        [1/T]         [-]      [-]      [C]

   1     0.0000    -209.768 0.6314   0.2219E-01  0.2394E-03 -0.3000E-01  0.0000E+00      -1  -0.476E-01   20.00
   2   -10.0000    -217.735 0.6295   0.2098E-01  0.2367E-03 -0.4816E-01  0.0000E+00      -1  -0.764E-01   20.00
   3   -20.0000    -237.208 0.6249   0.1806E-01  0.2302E-03 -0.6740E-01  0.0000E+00      -1  -0.107E+00   20.00
   4   -30.0000    -274.520 0.6167   0.1461E-01  0.2177E-03 -0.8680E-01  0.0000E+00      -1  -0.138E+00   20.00
   5   -40.0000    -342.757 0.6027   0.1001E-01  0.1963E-03 -0.1044E+00  0.0000E+00      -1  -0.166E+00   20.00
   6   -50.0000    -481.177 0.5781   0.5137E-02  0.1595E-03 -0.1170E+00  0.0000E+00      -1  -0.186E+00   20.00
   7   -60.0000    -740.394 0.5350   0.3898E-02  0.1122E-03 -0.1179E+00  0.0000E+00      -1  -0.187E+00   20.00
   8   -70.0000   -1161.798 0.4971   0.1398E-02  0.7400E-04 -0.1004E+00  0.0000E+00      -1  -0.159E+00   20.00
   9   -80.0000   -2167.847 0.4450   0.3057E-03  0.3798E-04 -0.6161E-01  0.0000E+00      -1  -0.978E-01   20.00
  10   -90.0000   -4185.239 0.3943   0.5600E-04  0.1752E-04 -0.2063E-01  0.0000E+00      -1  -0.328E-01   20.00
  11  -100.0000   -5229.306 0.3785   0.3128E-04  0.1338E-04 -0.2357E-02  0.0000E+00      -1  -0.374E-02   20.00
  12  -110.0000   -5255.763 0.3781   0.3094E-04  0.1331E-04  0.1062E-03  0.0000E+00      -1   0.169E-03   20.00
  13  -120.0000   -5142.850 0.3795   0.3240E-04  0.1363E-04  0.3488E-03  0.0000E+00      -1   0.554E-03   20.00
  14  -130.0000   -5020.853 0.3810   0.3398E-04  0.1397E-04  0.3777E-03  0.0000E+00      -1   0.600E-03   20.00
  15  -140.0000   -4900.460 0.3825   0.3554E-04  0.1431E-04  0.3893E-03  0.0000E+00      -1   0.618E-03   20.00
  16  -150.0000   -4783.618 0.3843   0.3839E-04  0.1478E-04  0.4035E-03  0.0000E+00      -1   0.640E-03   20.00
  17  -160.0000   -4670.798 0.3862   0.4176E-04  0.1531E-04  0.4208E-03  0.0000E+00      -1   0.668E-03   20.00
  18  -170.0000   -4561.795 0.3880   0.4502E-04  0.1581E-04  0.4376E-03  0.0000E+00      -1   0.695E-03   20.00
  19  -180.0000   -4456.148 0.3898   0.4818E-04  0.1631E-04  0.4524E-03  0.0000E+00      -1   0.718E-03   20.00
  20  -190.0000   -4353.807 0.3914   0.5124E-04  0.1678E-04  0.4639E-03  0.0000E+00      -1   0.736E-03   20.00
  21  -200.0000   -4254.895 0.3931   0.5420E-04  0.1724E-04  0.4722E-03  0.0000E+00      -1   0.749E-03   20.00
  22  -210.0000   -4159.385 0.3947   0.5705E-04  0.1769E-04  0.4790E-03  0.0000E+00      -1   0.760E-03   20.00
  23  -220.0000   -4066.839 0.3962   0.5982E-04  0.1812E-04  0.4862E-03  0.0000E+00      -1   0.772E-03   20.00
  24  -230.0000   -3976.709 0.3977   0.6251E-04  0.1854E-04  0.4950E-03  0.0000E+00      -1   0.786E-03   20.00
  25  -240.0000   -3888.407 0.3992   0.6515E-04  0.1895E-04  0.5060E-03  0.0000E+00      -1   0.803E-03   20.00
  26  -250.0000   -3802.456 0.4009   0.6970E-04  0.1950E-04  0.5216E-03  0.0000E+00      -1   0.828E-03   20.00
  27  -260.0000   -3719.241 0.4027   0.7540E-04  0.2014E-04  0.5413E-03  0.0000E+00      -1   0.859E-03   20.00
  28  -270.0000   -3638.705 0.4044   0.8093E-04  0.2075E-04  0.5611E-03  0.0000E+00      -1   0.891E-03   20.00
  29  -280.0000   -3560.421 0.4062   0.8629E-04  0.2135E-04  0.5799E-03  0.0000E+00      -1   0.920E-03   20.00
  30  -290.0000   -3484.184 0.4078   0.9152E-04  0.2193E-04  0.5969E-03  0.0000E+00      -1   0.947E-03   20.00
  31  -300.0000   -3409.888 0.4095   0.9662E-04  0.2250E-04  0.6118E-03  0.0000E+00      -1   0.971E-03   20.00
  32  -310.0000   -3337.442 0.4110   0.1016E-03  0.2306E-04  0.6250E-03  0.0000E+00      -1   0.992E-03   20.00
  33  -320.0000   -3266.754 0.4126   0.1064E-03  0.2360E-04  0.6370E-03  0.0000E+00      -1   0.101E-02   20.00
  34  -330.0000   -3197.664 0.4141   0.1112E-03  0.2412E-04  0.6490E-03  0.0000E+00      -1   0.103E-02   20.00
  35  -340.0000   -3129.933 0.4156   0.1158E-03  0.2464E-04  0.6626E-03  0.0000E+00      -1   0.105E-02   20.00
  36  -350.0000   -3063.199 0.4171   0.1204E-03  0.2515E-04  0.6799E-03  0.0000E+00      -1   0.108E-02   20.00
  37  -360.0000   -2998.043 0.4189   0.1297E-03  0.2592E-04  0.7076E-03  0.0000E+00      -1   0.112E-02   20.00
  38  -370.0000   -2934.195 0.4207   0.1397E-03  0.2671E-04  0.7511E-03  0.0000E+00      -1   0.119E-02   20.00
  39  -380.0000   -2870.486 0.4226   0.1496E-03  0.2750E-04  0.8136E-03  0.0000E+00      -1   0.129E-02   20.00
  40  -390.0000   -2805.516 0.4244   0.1597E-03  0.2831E-04  0.8972E-03  0.0000E+00      -1   0.142E-02   20.00
  41  -400.0000   -2738.289 0.4264   0.1702E-03  0.2915E-04  0.9947E-03  0.0000E+00      -1   0.158E-02   20.00
  42  -410.0000   -2668.780 0.4284   0.1811E-03  0.3001E-04  0.1091E-02  0.0000E+00      -1   0.173E-02   20.00
  43  -420.0000   -2597.854 0.4304   0.1921E-03  0.3089E-04  0.1174E-02  0.0000E+00      -1   0.186E-02   20.00
  44  -430.0000   -2526.581 0.4325   0.2032E-03  0.3178E-04  0.1241E-02  0.0000E+00      -1   0.197E-02   20.00
  45  -440.0000   -2455.707 0.4345   0.2143E-03  0.3266E-04  0.1297E-02  0.0000E+00      -1   0.206E-02   20.00
  46  -450.0000   -2386.411 0.4368   0.2317E-03  0.3377E-04  0.1353E-02  0.0000E+00      -1   0.215E-02   20.00
  47  -460.0000   -2319.577 0.4393   0.2551E-03  0.3510E-04  0.1412E-02  0.0000E+00      -1   0.224E-02   20.00
  48  -470.0000   -2255.495 0.4418   0.2776E-03  0.3638E-04  0.1467E-02  0.0000E+00      -1   0.233E-02   20.00
  49  -480.0000   -2193.686 0.4441   0.2993E-03  0.3761E-04  0.1519E-02  0.0000E+00      -1   0.241E-02   20.00
  50  -490.0000   -2133.828 0.4463   0.3203E-03  0.3880E-04  0.1568E-02  0.0000E+00      -1   0.249E-02   20.00
  51  -500.0000   -2075.674 0.4485   0.3407E-03  0.3996E-04  0.1614E-02  0.0000E+00      -1   0.256E-02   20.00
  52  -510.0000   -2018.997 0.4507   0.3605E-03  0.4109E-04  0.1659E-02  0.0000E+00      -1   0.263E-02   20.00
  53  -520.0000   -1963.574 0.4528   0.3800E-03  0.4219E-04  0.1705E-02  0.0000E+00      -1   0.271E-02   20.00
  54  -530.0000   -1909.384 0.4549   0.4026E-03  0.4337E-04  0.1761E-02  0.0000E+00      -1   0.279E-02   20.00
  55  -540.0000   -1857.010 0.4575   0.4434E-03  0.4501E-04  0.1824E-02  0.0000E+00      -1   0.290E-02   20.00
  56  -550.0000   -1806.915 0.4599   0.4823E-03  0.4659E-04  0.1887E-02  0.0000E+00      -1   0.300E-02   20.00
  57  -560.0000   -1758.637 0.4623   0.5199E-03  0.4810E-04  0.1948E-02  0.0000E+00      -1   0.309E-02   20.00
  58  -570.0000   -1711.873 0.4646   0.5563E-03  0.4957E-04  0.2007E-02  0.0000E+00      -1   0.319E-02   20.00
  59  -580.0000   -1666.406 0.4668   0.5916E-03  0.5100E-04  0.2063E-02  0.0000E+00      -1   0.328E-02   20.00
  60  -590.0000   -1622.061 0.4689   0.6261E-03  0.5239E-04  0.2119E-02  0.0000E+00      -1   0.336E-02   20.00
  61  -600.0000   -1578.686 0.4711   0.6599E-03  0.5375E-04  0.2174E-02  0.0000E+00      -1   0.345E-02   20.00
  62  -610.0000   -1536.146 0.4731   0.6930E-03  0.5508E-04  0.2229E-02  0.0000E+00      -1   0.354E-02   20.00
  63  -620.0000   -1494.824 0.4755   0.7481E-03  0.5681E-04  0.2292E-02  0.0000E+00      -1   0.364E-02   20.00
  64  -630.0000   -1455.056 0.4780   0.8155E-03  0.5873E-04  0.2360E-02  0.0000E+00      -1   0.375E-02   20.00
  65  -640.0000   -1416.835 0.4804   0.8803E-03  0.6057E-04  0.2421E-02  0.0000E+00      -1   0.384E-02   20.00
  66  -650.0000   -1379.960 0.4827   0.9428E-03  0.6236E-04  0.2471E-02  0.0000E+00      -1   0.392E-02   20.00
  67  -660.0000   -1344.349 0.4849   0.1003E-02  0.6408E-04  0.2501E-02  0.0000E+00      -1   0.397E-02   20.00
  68  -670.0000   -1310.023 0.4871   0.1061E-02  0.6574E-04  0.2503E-02  0.0000E+00      -1   0.397E-02   20.00
  69  -680.0000   -1277.113 0.4892   0.1117E-02  0.6733E-04  0.2464E-02  0.0000E+00      -1   0.391E-02   20.00
  70  -690.0000   -1245.847 0.4911   0.1170E-02  0.6884E-04  0.2369E-02  0.0000E+00      -1   0.376E-02   20.00
  71  -700.0000   -1216.552 0.4930   0.1220E-02  0.7025E-04  0.2205E-02  0.0000E+00      -1   0.350E-02   20.00
  72  -710.0000   -1189.806 0.4949   0.1293E-02  0.7190E-04  0.1927E-02  0.0000E+00      -1   0.306E-02   20.00
  73  -720.0000   -1166.698 0.4967   0.1377E-02  0.7357E-04  0.1526E-02  0.0000E+00      -1   0.242E-02   20.00
  74  -730.0000   -1147.479 0.4982   0.1446E-02  0.7496E-04  0.1037E-02  0.0000E+00      -1   0.165E-02   20.00
  75  -740.0000   -1132.229 0.4994   0.1501E-02  0.7606E-04  0.4840E-03  0.0000E+00      -1   0.768E-03   20.00
  76  -750.0000   -1120.952 0.5003   0.1542E-02  0.7688E-04 -0.1038E-03  0.0000E+00      -1  -0.165E-03   20.00
  77  -760.0000   -1113.535 0.5009   0.1569E-02  0.7742E-04 -0.6896E-03  0.0000E+00      -1  -0.109E-02   20.00
  78  -770.0000   -1109.739 0.5012   0.1583E-02  0.7769E-04 -0.1238E-02  0.0000E+00      -1  -0.197E-02   20.00
  79  -780.0000   -1109.207 0.5013   0.1584E-02  0.7773E-04 -0.1721E-02  0.0000E+00      -1  -0.273E-02   20.00
  80  -790.0000   -1111.498 0.5011   0.1576E-02  0.7756E-04 -0.2118E-02  0.0000E+00      -1  -0.336E-02   20.00
  81  -800.0000   -1116.125 0.5007   0.1559E-02  0.7723E-04 -0.2421E-02  0.0000E+00      -1  -0.384E-02   20.00
  82  -810.0000   -1122.598 0.5002   0.1536E-02  0.7676E-04 -0.2634E-02  0.0000E+00      -1  -0.418E-02   20.00
  83  -820.0000   -1130.466 0.4996   0.1508E-02  0.7619E-04 -0.2768E-02  0.0000E+00      -1  -0.439E-02   20.00
  84  -830.0000   -1139.343 0.4989   0.1476E-02  0.7555E-04 -0.2836E-02  0.0000E+00      -1  -0.450E-02   20.00
  85  -840.0000   -1148.930 0.4981   0.1441E-02  0.7486E-04 -0.2856E-02  0.0000E+00      -1  -0.453E-02   20.00
  86  -850.0000   -1159.008 0.4973   0.1405E-02  0.7413E-04 -0.2844E-02  0.0000E+00      -1  -0.451E-02   20.00
  87  -860.0000   -1169.438 0.4965   0.1367E-02  0.7337E-04 -0.2810E-02  0.0000E+00      -1  -0.446E-02   20.00
  88  -870.0000   -1180.140 0.4956   0.1328E-02  0.7260E-04 -0.2765E-02  0.0000E+00      -1  -0.439E-02   20.00
  89  -880.0000   -1191.081 0.4948   0.1289E-02  0.7181E-04 -0.2713E-02  0.0000E+00      -1  -0.431E-02   20.00
  90  -890.0000   -1202.257 0.4939   0.1248E-02  0.7100E-04 -0.2658E-02  0.0000E+00      -1  -0.422E-02   20.00
  91  -900.0000   -1213.519 0.4931   0.1225E-02  0.7040E-04 -0.2606E-02  0.0000E+00      -1  -0.414E-02   20.00
  92  -910.0000   -1224.765 0.4924   0.1206E-02  0.6986E-04 -0.2557E-02  0.0000E+00      -1  -0.406E-02   20.00
  93  -920.0000   -1235.921 0.4917   0.1187E-02  0.6932E-04 -0.2501E-02  0.0000E+00      -1  -0.397E-02   20.00
  94  -930.0000   -1246.906 0.4911   0.1168E-02  0.6879E-04 -0.2434E-02  0.0000E+00      -1  -0.386E-02   20.00
  95  -940.0000   -1257.582 0.4904   0.1150E-02  0.6827E-04 -0.2348E-02  0.0000E+00      -1  -0.373E-02   20.00
  96  -950.0000   -1267.723 0.4898   0.1133E-02  0.6778E-04 -0.2234E-02  0.0000E+00      -1  -0.355E-02   20.00
  97  -960.0000   -1277.003 0.4892   0.1117E-02  0.6733E-04 -0.2084E-02  0.0000E+00      -1  -0.331E-02   20.00
  98  -970.0000   -1285.000 0.4887   0.1104E-02  0.6695E-04 -0.1891E-02  0.0000E+00      -1  -0.300E-02   20.00
  99  -980.0000   -1291.229 0.4883   0.1093E-02  0.6664E-04 -0.1654E-02  0.0000E+00      -1  -0.262E-02   20.00
 100  -990.0000   -1295.217 0.4880   0.1086E-02  0.6645E-04 -0.1380E-02  0.0000E+00      -1  -0.219E-02   20.00
 101 -1000.0000   -1296.601 0.4879   0.1084E-02  0.6638E-04 -0.1235E-02  0.0000E+00      -1  -0.196E-02   20.00
end


 Time:       60.0000


 Node      Depth      Head Moisture       K          C         Flux        Sink         Kappa   v/KsTop   Temp
           [L]        [L]    [-]        [L/T]      [1/L]      [L/T]        [1/T]         [-]      [-]      [C]

   1     0.0000    -280.444 0.6154   0.1408E-01  0.2158E-03 -0.2000E-01  0.0000E+00      -1  -0.317E-01   20.00
   2   -10.0000    -289.364 0.6134   0.1325E-01  0.2128E-03 -0.3217E-01  0.0000E+00      -1  -0.511E-01   20.00
   3   -20.0000    -310.159 0.6091   0.1176E-01  0.2061E-03 -0.4490E-01  0.0000E+00      -1  -0.713E-01   20.00
   4   -30.0000    -347.915 0.6016   0.9721E-02  0.1946E-03 -0.5760E-01  0.0000E+00      -1  -0.914E-01   20.00
   5   -40.0000    -414.177 0.5895   0.7040E-02  0.1762E-03 -0.6931E-01  0.0000E+00      -1  -0.110E+00   20.00
   6   -50.0000    -536.853 0.5699   0.4222E-02  0.1479E-03 -0.7825E-01  0.0000E+00      -1  -0.124E+00   20.00
   7   -60.0000    -723.277 0.5370   0.4106E-02  0.1143E-03 -0.8168E-01  0.0000E+00      -1  -0.130E+00   20.00
   8   -70.0000    -978.512 0.5116   0.2045E-02  0.8696E-04 -0.7734E-01  0.0000E+00      -1  -0.123E+00   20.00
   9   -80.0000   -1493.053 0.4756   0.7422E-03  0.5664E-04 -0.6312E-01  0.0000E+00      -1  -0.100E+00   20.00
  10   -90.0000   -2624.182 0.4298   0.1888E-03  0.3062E-04 -0.3725E-01  0.0000E+00      -1  -0.591E-01   20.00
  11  -100.0000   -4401.962 0.3907   0.5033E-04  0.1664E-04 -0.1220E-01  0.0000E+00      -1  -0.194E-01   20.00
  12  -110.0000   -5120.239 0.3798   0.3272E-04  0.1369E-04 -0.1539E-02  0.0000E+00      -1  -0.244E-02   20.00
  13  -120.0000   -5126.796 0.3797   0.3261E-04  0.1367E-04  0.1367E-03  0.0000E+00      -1   0.217E-03   20.00
  14  -130.0000   -5018.482 0.3811   0.3401E-04  0.1397E-04  0.3534E-03  0.0000E+00      -1   0.561E-03   20.00
  15  -140.0000   -4899.411 0.3826   0.3555E-04  0.1431E-04  0.3872E-03  0.0000E+00      -1   0.615E-03   20.00
  16  -150.0000   -4782.590 0.3843   0.3842E-04  0.1479E-04  0.4038E-03  0.0000E+00      -1   0.641E-03   20.00
  17  -160.0000   -4669.756 0.3862   0.4179E-04  0.1531E-04  0.4210E-03  0.0000E+00      -1   0.668E-03   20.00
  18  -170.0000   -4560.838 0.3880   0.4505E-04  0.1582E-04  0.4374E-03  0.0000E+00      -1   0.694E-03   20.00
  19  -180.0000   -4455.357 0.3898   0.4820E-04  0.1631E-04  0.4517E-03  0.0000E+00      -1   0.717E-03   20.00
  20  -190.0000   -4353.218 0.3915   0.5126E-04  0.1678E-04  0.4631E-03  0.0000E+00      -1   0.735E-03   20.00
  21  -200.0000   -4254.454 0.3931   0.5421E-04  0.1724E-04  0.4719E-03  0.0000E+00      -1   0.749E-03   20.00
  22  -210.0000   -4158.964 0.3947   0.5706E-04  0.1769E-04  0.4792E-03  0.0000E+00      -1   0.761E-03   20.00
  23  -220.0000   -4066.359 0.3962   0.5983E-04  0.1812E-04  0.4869E-03  0.0000E+00      -1   0.773E-03   20.00
  24  -230.0000   -3976.115 0.3977   0.6253E-04  0.1854E-04  0.4959E-03  0.0000E+00      -1   0.787E-03   20.00
  25  -240.0000   -3887.667 0.3992   0.6518E-04  0.1895E-04  0.5071E-03  0.0000E+00      -1   0.805E-03   20.00
  26  -250.0000   -3801.592 0.4009   0.6976E-04  0.1951E-04  0.5226E-03  0.0000E+00      -1   0.830E-03   20.00
  27  -260.0000   -3718.333 0.4027   0.7547E-04  0.2014E-04  0.5418E-03  0.0000E+00      -1   0.860E-03   20.00
  28  -270.0000   -3637.825 0.4045   0.8099E-04  0.2076E-04  0.5611E-03  0.0000E+00      -1   0.891E-03   20.00
  29  -280.0000   -3559.611 0.4062   0.8635E-04  0.2136E-04  0.5796E-03  0.0000E+00      -1   0.920E-03   20.00
  30  -290.0000   -3483.460 0.4078   0.9157E-04  0.2194E-04  0.5964E-03  0.0000E+00      -1   0.947E-03   20.00
  31  -300.0000   -3409.250 0.4095   0.9666E-04  0.2251E-04  0.6114E-03  0.0000E+00      -1   0.970E-03   20.00
  32  -310.0000   -3336.870 0.4111   0.1016E-03  0.2306E-04  0.6248E-03  0.0000E+00      -1   0.992E-03   20.00
  33  -320.0000   -3266.205 0.4126   0.1065E-03  0.2360E-04  0.6374E-03  0.0000E+00      -1   0.101E-02   20.00
  34  -330.0000   -3197.077 0.4141   0.1112E-03  0.2413E-04  0.6502E-03  0.0000E+00      -1   0.103E-02   20.00
  35  -340.0000   -3129.218 0.4156   0.1159E-03  0.2465E-04  0.6650E-03  0.0000E+00      -1   0.106E-02   20.00
  36  -350.0000   -3062.245 0.4171   0.1205E-03  0.2516E-04  0.6840E-03  0.0000E+00      -1   0.109E-02   20.00
  37  -360.0000   -2996.739 0.4189   0.1299E-03  0.2593E-04  0.7145E-03  0.0000E+00      -1   0.113E-02   20.00
  38  -370.0000   -2932.344 0.4208   0.1400E-03  0.2673E-04  0.7614E-03  0.0000E+00      -1   0.121E-02   20.00
  39  -380.0000   -2867.943 0.4226   0.1500E-03  0.2753E-04  0.8254E-03  0.0000E+00      -1   0.131E-02   20.00
  40  -390.0000   -2802.375 0.4245   0.1602E-03  0.2835E-04  0.9062E-03  0.0000E+00      -1   0.144E-02   20.00
  41  -400.0000   -2734.951 0.4265   0.1708E-03  0.2919E-04  0.9970E-03  0.0000E+00      -1   0.158E-02   20.00
  42  -410.0000   -2665.706 0.4285   0.1815E-03  0.3005E-04  0.1087E-02  0.0000E+00      -1   0.173E-02   20.00
  43  -420.0000   -2595.277 0.4305   0.1925E-03  0.3092E-04  0.1167E-02  0.0000E+00      -1   0.185E-02   20.00
  44  -430.0000   -2524.460 0.4325   0.2036E-03  0.3180E-04  0.1236E-02  0.0000E+00      -1   0.196E-02   20.00
  45  -440.0000   -2453.876 0.4346   0.2146E-03  0.3268E-04  0.1294E-02  0.0000E+00      -1   0.205E-02   20.00
  46  -450.0000   -2384.768 0.4369   0.2322E-03  0.3380E-04  0.1352E-02  0.0000E+00      -1   0.215E-02   20.00
  47  -460.0000   -2318.061 0.4394   0.2556E-03  0.3513E-04  0.1412E-02  0.0000E+00      -1   0.224E-02   20.00
  48  -470.0000   -2254.076 0.4418   0.2781E-03  0.3641E-04  0.1467E-02  0.0000E+00      -1   0.233E-02   20.00
  49  -480.0000   -2192.358 0.4441   0.2997E-03  0.3764E-04  0.1519E-02  0.0000E+00      -1   0.241E-02   20.00
  50  -490.0000   -2132.573 0.4464   0.3207E-03  0.3883E-04  0.1568E-02  0.0000E+00      -1   0.249E-02   20.00
  51  -500.0000   -2074.456 0.4486   0.3411E-03  0.3999E-04  0.1615E-02  0.0000E+00      -1   0.256E-02   20.00
  52  -510.0000   -2017.773 0.4507   0.3610E-03  0.4111E-04  0.1662E-02  0.0000E+00      -1   0.264E-02   20.00
  53  -520.0000   -1962.309 0.4528   0.3804E-03  0.4222E-04  0.1709E-02  0.0000E+00      -1   0.271E-02   20.00
  54  -530.0000   -1908.094 0.4550   0.4036E-03  0.4341E-04  0.1765E-02  0.0000E+00      -1   0.280E-02   20.00
  55  -540.0000   -1855.727 0.4575   0.4444E-03  0.4506E-04  0.1827E-02  0.0000E+00      -1   0.290E-02   20.00
  56  -550.0000   -1805.655 0.4600   0.4833E-03  0.4663E-04  0.1889E-02  0.0000E+00      -1   0.300E-02   20.00
  57  -560.0000   -1757.417 0.4623   0.5208E-03  0.4814E-04  0.1950E-02  0.0000E+00      -1   0.309E-02   20.00
  58  -570.0000   -1710.694 0.4646   0.5572E-03  0.4961E-04  0.2008E-02  0.0000E+00      -1   0.319E-02   20.00
  59  -580.0000   -1665.259 0.4668   0.5925E-03  0.5103E-04  0.2065E-02  0.0000E+00      -1   0.328E-02   20.00
  60  -590.0000   -1620.930 0.4690   0.6270E-03  0.5242E-04  0.2121E-02  0.0000E+00      -1   0.337E-02   20.00
  61  -600.0000   -1577.558 0.4711   0.6608E-03  0.5378E-04  0.2176E-02  0.0000E+00      -1   0.345E-02   20.00
  62  -610.0000   -1535.020 0.4732   0.6938E-03  0.5512E-04  0.2231E-02  0.0000E+00      -1   0.354E-02   20.00
  63  -620.0000   -1493.740 0.4756   0.7500E-03  0.5686E-04  0.2291E-02  0.0000E+00      -1   0.364E-02   20.00
  64  -630.0000   -1454.078 0.4781   0.8172E-03  0.5877E-04  0.2353E-02  0.0000E+00      -1   0.374E-02   20.00
  65  -640.0000   -1416.035 0.4805   0.8817E-03  0.6061E-04  0.2405E-02  0.0000E+00      -1   0.382E-02   20.00
  66  -650.0000   -1379.443 0.4827   0.9437E-03  0.6238E-04  0.2440E-02  0.0000E+00      -1   0.387E-02   20.00
  67  -660.0000   -1344.254 0.4850   0.1003E-02  0.6408E-04  0.2450E-02  0.0000E+00      -1   0.389E-02   20.00
  68  -670.0000   -1310.523 0.4871   0.1061E-02  0.6571E-04  0.2428E-02  0.0000E+00      -1   0.385E-02   20.00
  69  -680.0000   -1278.398 0.4891   0.1115E-02  0.6726E-04  0.2361E-02  0.0000E+00      -1   0.375E-02   20.00
  70  -690.0000   -1248.104 0.4910   0.1166E-02  0.6873E-04  0.2239E-02  0.0000E+00      -1   0.355E-02   20.00
  71  -700.0000   -1219.921 0.4927   0.1214E-02  0.7009E-04  0.2056E-02  0.0000E+00      -1   0.326E-02   20.00
  72  -710.0000   -1194.286 0.4945   0.1277E-02  0.7157E-04  0.1770E-02  0.0000E+00      -1   0.281E-02   20.00
  73  -720.0000   -1172.190 0.4963   0.1357E-02  0.7317E-04  0.1380E-02  0.0000E+00      -1   0.219E-02   20.00
  74  -730.0000   -1153.793 0.4977   0.1423E-02  0.7450E-04  0.9261E-03  0.0000E+00      -1   0.147E-02   20.00
  75  -740.0000   -1139.070 0.4989   0.1477E-02  0.7557E-04  0.4258E-03  0.0000E+00      -1   0.676E-03   20.00
  76  -750.0000   -1127.956 0.4998   0.1517E-02  0.7637E-04 -0.9752E-04  0.0000E+00      -1  -0.155E-03   20.00
  77  -760.0000   -1120.320 0.5004   0.1544E-02  0.7693E-04 -0.6185E-03  0.0000E+00      -1  -0.982E-03   20.00
  78  -770.0000   -1115.958 0.5007   0.1560E-02  0.7724E-04 -0.1112E-02  0.0000E+00      -1  -0.177E-02   20.00
  79  -780.0000   -1114.592 0.5008   0.1565E-02  0.7734E-04 -0.1557E-02  0.0000E+00      -1  -0.247E-02   20.00
  80  -790.0000   -1115.885 0.5007   0.1560E-02  0.7725E-04 -0.1937E-02  0.0000E+00      -1  -0.307E-02   20.00
  81  -800.0000   -1119.462 0.5005   0.1547E-02  0.7699E-04 -0.2244E-02  0.0000E+00      -1  -0.356E-02   20.00
  82  -810.0000   -1124.935 0.5000   0.1528E-02  0.7659E-04 -0.2477E-02  0.0000E+00      -1  -0.393E-02   20.00
  83  -820.0000   -1131.926 0.4995   0.1502E-02  0.7609E-04 -0.2638E-02  0.0000E+00      -1  -0.419E-02   20.00
  84  -830.0000   -1140.092 0.4988   0.1473E-02  0.7550E-04 -0.2739E-02  0.0000E+00      -1  -0.435E-02   20.00
  85  -840.0000   -1149.141 0.4981   0.1440E-02  0.7484E-04 -0.2789E-02  0.0000E+00      -1  -0.443E-02   20.00
  86  -850.0000   -1158.843 0.4973   0.1405E-02  0.7414E-04 -0.2801E-02  0.0000E+00      -1  -0.445E-02   20.00
  87  -860.0000   -1169.027 0.4965   0.1368E-02  0.7340E-04 -0.2786E-02  0.0000E+00      -1  -0.442E-02   20.00
  88  -870.0000   -1179.579 0.4957   0.1330E-02  0.7264E-04 -0.2753E-02  0.0000E+00      -1  -0.437E-02   20.00
  89  -880.0000   -1190.428 0.4948   0.1291E-02  0.7185E-04 -0.2708E-02  0.0000E+00      -1  -0.430E-02   20.00
  90  -890.0000   -1201.534 0.4939   0.1251E-02  0.7105E-04 -0.2654E-02  0.0000E+00      -1  -0.421E-02   20.00
  91  -900.0000   -1212.728 0.4932   0.1226E-02  0.7044E-04 -0.2599E-02  0.0000E+00      -1  -0.413E-02   20.00
  92  -910.0000   -1223.880 0.4925   0.1207E-02  0.6990E-04 -0.2544E-02  0.0000E+00      -1  -0.404E-02   20.00
  93  -920.0000   -1234.874 0.4918   0.1189E-02  0.6937E-04 -0.2480E-02  0.0000E+00      -1  -0.394E-02   20.00
  94  -930.0000   -1245.604 0.4911   0.1171E-02  0.6885E-04 -0.2402E-02  0.0000E+00      -1  -0.381E-02   20.00
  95  -940.0000   -1255.911 0.4905   0.1153E-02  0.6835E-04 -0.2304E-02  0.0000E+00      -1  -0.366E-02   20.00
  96  -950.0000   -1265.561 0.4899   0.1137E-02  0.6788E-04 -0.2180E-02  0.0000E+00      -1  -0.346E-02   20.00
  97  -960.0000   -1274.254 0.4893   0.1122E-02  0.6746E-04 -0.2025E-02  0.0000E+00      -1  -0.321E-02   20.00
  98  -970.0000   -1281.625 0.4889   0.1109E-02  0.6711E-04 -0.1834E-02  0.0000E+00      -1  -0.291E-02   20.00
  99  -980.0000   -1287.283 0.4885   0.1100E-02  0.6683E-04 -0.1610E-02  0.0000E+00      -1  -0.256E-02   20.00
 100  -990.0000   -1290.866 0.4883   0.1094E-02  0.6666E-04 -0.1359E-02  0.0000E+00      -1  -0.216E-02   20.00
 101 -1000.0000   -1292.102 0.4882   0.1092E-02  0.6660E-04 -0.1228E-02  0.0000E+00      -1  -0.195E-02   20.00
end


 Time:       70.0000


 Node      Depth      Head Moisture       K          C         Flux        Sink         Kappa   v/KsTop   Temp
           [L]        [L]    [-]        [L/T]      [1/L]      [L/T]        [1/T]         [-]      [-]      [C]

   1     0.0000    -367.399 0.5977   0.8632E-02  0.1885E-03 -0.3818E-07  0.0000E+00      -1  -0.606E-07   20.00
   2   -10.0000    -365.262 0.5982   0.8750E-02  0.1891E-03 -0.1348E-01  0.0000E+00      -1  -0.214E-01   20.00
   3   -20.0000    -379.174 0.5955   0.8076E-02  0.1850E-03 -0.2644E-01  0.0000E+00      -1  -0.420E-01   20.00
   4   -30.0000    -412.410 0.5898   0.7080E-02  0.1765E-03 -0.3815E-01  0.0000E+00      -1  -0.606E-01   20.00
   5   -40.0000    -472.993 0.5793   0.5257E-02  0.1609E-03 -0.4839E-01  0.0000E+00      -1  -0.768E-01   20.00
   6   -50.0000    -585.456 0.5627   0.3438E-02  0.1379E-03 -0.5683E-01  0.0000E+00      -1  -0.902E-01   20.00
   7   -60.0000    -741.210 0.5350   0.3853E-02  0.1118E-03 -0.6192E-01  0.0000E+00      -1  -0.983E-01   20.00
   8   -70.0000    -938.181 0.5152   0.2275E-02  0.9076E-04 -0.6227E-01  0.0000E+00      -1  -0.988E-01   20.00
   9   -80.0000   -1290.013 0.4884   0.1104E-02  0.6695E-04 -0.5612E-01  0.0000E+00      -1  -0.891E-01   20.00
  10   -90.0000   -1967.485 0.4527   0.3832E-03  0.4238E-04 -0.4171E-01  0.0000E+00      -1  -0.662E-01   20.00
  11  -100.0000   -3274.292 0.4125   0.1073E-03  0.2370E-04 -0.2133E-01  0.0000E+00      -1  -0.339E-01   20.00
  12  -110.0000   -4649.092 0.3865   0.4247E-04  0.1542E-04 -0.5940E-02  0.0000E+00      -1  -0.943E-02   20.00
  13  -120.0000   -5034.980 0.3809   0.3375E-04  0.1392E-04 -0.7185E-03  0.0000E+00      -1  -0.114E-02   20.00
  14  -130.0000   -5003.910 0.3813   0.3418E-04  0.1401E-04  0.2056E-03  0.0000E+00      -1   0.326E-03   20.00
  15  -140.0000   -4896.569 0.3826   0.3558E-04  0.1432E-04  0.3645E-03  0.0000E+00      -1   0.579E-03   20.00
  16  -150.0000   -4781.365 0.3844   0.3846E-04  0.1479E-04  0.4007E-03  0.0000E+00      -1   0.636E-03   20.00
  17  -160.0000   -4668.719 0.3862   0.4182E-04  0.1532E-04  0.4207E-03  0.0000E+00      -1   0.668E-03   20.00
  18  -170.0000   -4559.906 0.3880   0.4508E-04  0.1582E-04  0.4370E-03  0.0000E+00      -1   0.694E-03   20.00
  19  -180.0000   -4454.580 0.3898   0.4823E-04  0.1631E-04  0.4511E-03  0.0000E+00      -1   0.716E-03   20.00
  20  -190.0000   -4352.615 0.3915   0.5127E-04  0.1679E-04  0.4625E-03  0.0000E+00      -1   0.734E-03   20.00
  21  -200.0000   -4253.978 0.3931   0.5422E-04  0.1725E-04  0.4716E-03  0.0000E+00      -1   0.749E-03   20.00
  22  -210.0000   -4158.514 0.3947   0.5708E-04  0.1769E-04  0.4794E-03  0.0000E+00      -1   0.761E-03   20.00
  23  -220.0000   -4065.854 0.3962   0.5985E-04  0.1812E-04  0.4875E-03  0.0000E+00      -1   0.774E-03   20.00
  24  -230.0000   -3975.505 0.3977   0.6255E-04  0.1854E-04  0.4968E-03  0.0000E+00      -1   0.789E-03   20.00
  25  -240.0000   -3886.924 0.3992   0.6520E-04  0.1895E-04  0.5081E-03  0.0000E+00      -1   0.806E-03   20.00
  26  -250.0000   -3800.749 0.4009   0.6982E-04  0.1951E-04  0.5234E-03  0.0000E+00      -1   0.831E-03   20.00
  27  -260.0000   -3717.453 0.4027   0.7553E-04  0.2015E-04  0.5422E-03  0.0000E+00      -1   0.861E-03   20.00
  28  -270.0000   -3636.963 0.4045   0.8105E-04  0.2077E-04  0.5612E-03  0.0000E+00      -1   0.891E-03   20.00
  29  -280.0000   -3558.809 0.4062   0.8640E-04  0.2136E-04  0.5794E-03  0.0000E+00      -1   0.920E-03   20.00
  30  -290.0000   -3482.738 0.4079   0.9162E-04  0.2195E-04  0.5960E-03  0.0000E+00      -1   0.946E-03   20.00
  31  -300.0000   -3408.601 0.4095   0.9670E-04  0.2251E-04  0.6110E-03  0.0000E+00      -1   0.970E-03   20.00
  32  -310.0000   -3336.276 0.4111   0.1017E-03  0.2306E-04  0.6247E-03  0.0000E+00      -1   0.992E-03   20.00
  33  -320.0000   -3265.619 0.4126   0.1065E-03  0.2361E-04  0.6379E-03  0.0000E+00      -1   0.101E-02   20.00
  34  -330.0000   -3196.433 0.4141   0.1113E-03  0.2413E-04  0.6516E-03  0.0000E+00      -1   0.103E-02   20.00
  35  -340.0000   -3128.428 0.4156   0.1159E-03  0.2465E-04  0.6677E-03  0.0000E+00      -1   0.106E-02   20.00
  36  -350.0000   -3061.190 0.4171   0.1205E-03  0.2517E-04  0.6885E-03  0.0000E+00      -1   0.109E-02   20.00
  37  -360.0000   -2995.310 0.4190   0.1302E-03  0.2595E-04  0.7214E-03  0.0000E+00      -1   0.115E-02   20.00
  38  -370.0000   -2930.401 0.4208   0.1403E-03  0.2676E-04  0.7707E-03  0.0000E+00      -1   0.122E-02   20.00
  39  -380.0000   -2865.427 0.4227   0.1504E-03  0.2757E-04  0.8351E-03  0.0000E+00      -1   0.133E-02   20.00
  40  -390.0000   -2799.416 0.4246   0.1607E-03  0.2839E-04  0.9133E-03  0.0000E+00      -1   0.145E-02   20.00
  41  -400.0000   -2731.852 0.4266   0.1712E-03  0.2923E-04  0.9993E-03  0.0000E+00      -1   0.159E-02   20.00
  42  -410.0000   -2662.792 0.4285   0.1820E-03  0.3008E-04  0.1085E-02  0.0000E+00      -1   0.172E-02   20.00
  43  -420.0000   -2592.723 0.4306   0.1929E-03  0.3095E-04  0.1163E-02  0.0000E+00      -1   0.185E-02   20.00
  44  -430.0000   -2522.274 0.4326   0.2039E-03  0.3183E-04  0.1231E-02  0.0000E+00      -1   0.195E-02   20.00
  45  -440.0000   -2451.968 0.4346   0.2149E-03  0.3270E-04  0.1291E-02  0.0000E+00      -1   0.205E-02   20.00
  46  -450.0000   -2383.076 0.4369   0.2328E-03  0.3384E-04  0.1350E-02  0.0000E+00      -1   0.214E-02   20.00
  47  -460.0000   -2316.530 0.4395   0.2562E-03  0.3516E-04  0.1412E-02  0.0000E+00      -1   0.224E-02   20.00
  48  -470.0000   -2252.654 0.4419   0.2786E-03  0.3644E-04  0.1467E-02  0.0000E+00      -1   0.233E-02   20.00
  49  -480.0000   -2191.019 0.4442   0.3002E-03  0.3766E-04  0.1520E-02  0.0000E+00      -1   0.241E-02   20.00
  50  -490.0000   -2131.294 0.4464   0.3211E-03  0.3885E-04  0.1569E-02  0.0000E+00      -1   0.249E-02   20.00
  51  -500.0000   -2073.205 0.4486   0.3415E-03  0.4001E-04  0.1617E-02  0.0000E+00      -1   0.257E-02   20.00
  52  -510.0000   -2016.520 0.4508   0.3614E-03  0.4114E-04  0.1665E-02  0.0000E+00      -1   0.264E-02   20.00
  53  -520.0000   -1961.029 0.4529   0.3809E-03  0.4224E-04  0.1713E-02  0.0000E+00      -1   0.272E-02   20.00
  54  -530.0000   -1906.807 0.4550   0.4046E-03  0.4345E-04  0.1768E-02  0.0000E+00      -1   0.281E-02   20.00
  55  -540.0000   -1854.460 0.4576   0.4453E-03  0.4509E-04  0.1831E-02  0.0000E+00      -1   0.291E-02   20.00
  56  -550.0000   -1804.413 0.4600   0.4843E-03  0.4667E-04  0.1892E-02  0.0000E+00      -1   0.300E-02   20.00
  57  -560.0000   -1756.206 0.4624   0.5218E-03  0.4818E-04  0.1952E-02  0.0000E+00      -1   0.310E-02   20.00
  58  -570.0000   -1709.515 0.4647   0.5581E-03  0.4964E-04  0.2010E-02  0.0000E+00      -1   0.319E-02   20.00
  59  -580.0000   -1664.106 0.4669   0.5934E-03  0.5107E-04  0.2067E-02  0.0000E+00      -1   0.328E-02   20.00
  60  -590.0000   -1619.797 0.4691   0.6279E-03  0.5246E-04  0.2123E-02  0.0000E+00      -1   0.337E-02   20.00
  61  -600.0000   -1576.447 0.4712   0.6616E-03  0.5382E-04  0.2177E-02  0.0000E+00      -1   0.346E-02   20.00
  62  -610.0000   -1533.945 0.4733   0.6947E-03  0.5515E-04  0.2230E-02  0.0000E+00      -1   0.354E-02   20.00
  63  -620.0000   -1492.752 0.4756   0.7516E-03  0.5691E-04  0.2286E-02  0.0000E+00      -1   0.363E-02   20.00
  64  -630.0000   -1453.256 0.4781   0.8186E-03  0.5881E-04  0.2340E-02  0.0000E+00      -1   0.371E-02   20.00
  65  -640.0000   -1415.462 0.4805   0.8826E-03  0.6064E-04  0.2380E-02  0.0000E+00      -1   0.378E-02   20.00
  66  -650.0000   -1379.228 0.4828   0.9441E-03  0.6239E-04  0.2400E-02  0.0000E+00      -1   0.381E-02   20.00
  67  -660.0000   -1344.529 0.4849   0.1003E-02  0.6407E-04  0.2393E-02  0.0000E+00      -1   0.380E-02   20.00
  68  -670.0000   -1311.432 0.4870   0.1059E-02  0.6567E-04  0.2350E-02  0.0000E+00      -1   0.373E-02   20.00
  69  -680.0000   -1280.079 0.4890   0.1112E-02  0.6718E-04  0.2262E-02  0.0000E+00      -1   0.359E-02   20.00
  70  -690.0000   -1250.671 0.4908   0.1162E-02  0.6860E-04  0.2124E-02  0.0000E+00      -1   0.337E-02   20.00
  71  -700.0000   -1223.440 0.4925   0.1208E-02  0.6992E-04  0.1931E-02  0.0000E+00      -1   0.307E-02   20.00
  72  -710.0000   -1198.697 0.4942   0.1261E-02  0.7126E-04  0.1646E-02  0.0000E+00      -1   0.261E-02   20.00
  73  -720.0000   -1177.365 0.4959   0.1338E-02  0.7280E-04  0.1271E-02  0.0000E+00      -1   0.202E-02   20.00
  74  -730.0000   -1159.562 0.4973   0.1403E-02  0.7409E-04  0.8458E-03  0.0000E+00      -1   0.134E-02   20.00
  75  -740.0000   -1145.205 0.4984   0.1454E-02  0.7513E-04  0.3858E-03  0.0000E+00      -1   0.612E-03   20.00
  76  -750.0000   -1134.193 0.4993   0.1494E-02  0.7592E-04 -0.9105E-04  0.0000E+00      -1  -0.145E-03   20.00
  77  -760.0000   -1126.390 0.4999   0.1522E-02  0.7649E-04 -0.5652E-03  0.0000E+00      -1  -0.897E-03   20.00
  78  -770.0000   -1121.609 0.5003   0.1540E-02  0.7683E-04 -0.1018E-02  0.0000E+00      -1  -0.162E-02   20.00
  79  -780.0000   -1119.620 0.5004   0.1547E-02  0.7698E-04 -0.1432E-02  0.0000E+00      -1  -0.227E-02   20.00
  80  -790.0000   -1120.148 0.5004   0.1545E-02  0.7694E-04 -0.1795E-02  0.0000E+00      -1  -0.285E-02   20.00
  81  -800.0000   -1122.888 0.5002   0.1535E-02  0.7674E-04 -0.2098E-02  0.0000E+00      -1  -0.333E-02   20.00
  82  -810.0000   -1127.521 0.4998   0.1518E-02  0.7641E-04 -0.2338E-02  0.0000E+00      -1  -0.371E-02   20.00
  83  -820.0000   -1133.730 0.4993   0.1496E-02  0.7596E-04 -0.2517E-02  0.0000E+00      -1  -0.400E-02   20.00
  84  -830.0000   -1141.213 0.4987   0.1469E-02  0.7542E-04 -0.2640E-02  0.0000E+00      -1  -0.419E-02   20.00
  85  -840.0000   -1149.703 0.4981   0.1438E-02  0.7480E-04 -0.2713E-02  0.0000E+00      -1  -0.431E-02   20.00
  86  -850.0000   -1158.971 0.4973   0.1405E-02  0.7413E-04 -0.2747E-02  0.0000E+00      -1  -0.436E-02   20.00
  87  -860.0000   -1168.835 0.4965   0.1369E-02  0.7342E-04 -0.2750E-02  0.0000E+00      -1  -0.436E-02   20.00
  88  -870.0000   -1179.160 0.4957   0.1332E-02  0.7267E-04 -0.2730E-02  0.0000E+00      -1  -0.433E-02   20.00
  89  -880.0000   -1189.844 0.4949   0.1293E-02  0.7190E-04 -0.2692E-02  0.0000E+00      -1  -0.427E-02   20.00
  90  -890.0000   -1200.813 0.4940   0.1254E-02  0.7110E-04 -0.2642E-02  0.0000E+00      -1  -0.419E-02   20.00
  91  -900.0000   -1211.878 0.4933   0.1228E-02  0.7048E-04 -0.2586E-02  0.0000E+00      -1  -0.411E-02   20.00
  92  -910.0000   -1222.883 0.4926   0.1209E-02  0.6995E-04 -0.2527E-02  0.0000E+00      -1  -0.401E-02   20.00
  93  -920.0000   -1233.677 0.4919   0.1191E-02  0.6943E-04 -0.2456E-02  0.0000E+00      -1  -0.390E-02   20.00
  94  -930.0000   -1244.135 0.4912   0.1173E-02  0.6892E-04 -0.2371E-02  0.0000E+00      -1  -0.376E-02   20.00
  95  -940.0000   -1254.084 0.4906   0.1156E-02  0.6844E-04 -0.2265E-02  0.0000E+00      -1  -0.360E-02   20.00
  96  -950.0000   -1263.300 0.4900   0.1141E-02  0.6799E-04 -0.2135E-02  0.0000E+00      -1  -0.339E-02   20.00
  97  -960.0000   -1271.505 0.4895   0.1127E-02  0.6760E-04 -0.1978E-02  0.0000E+00      -1  -0.314E-02   20.00
  98  -970.0000   -1278.386 0.4891   0.1115E-02  0.6727E-04 -0.1792E-02  0.0000E+00      -1  -0.284E-02   20.00
  99  -980.0000   -1283.618 0.4888   0.1106E-02  0.6701E-04 -0.1579E-02  0.0000E+00      -1  -0.251E-02   20.00
 100  -990.0000   -1286.906 0.4885   0.1101E-02  0.6685E-04 -0.1345E-02  0.0000E+00      -1  -0.213E-02   20.00
 101 -1000.0000   -1288.035 0.4885   0.1099E-02  0.6680E-04 -0.1224E-02  0.0000E+00      -1  -0.194E-02   20.00
end
