 ******* Program HYDRUS
 ******* 
 Welcome to HYDRUS-1D                                                    
 Date:  28. 8.    Time:  23:14:12
 Units: L = mm   , T = min  , M = mmol 



                               Node(  1)                      Node( 31)                      Node( 52)                      Node(101)

         time            h        theta    Flux           h        theta    Flux           h        theta    Flux           h        theta    Flux  
         10.0001    -6656.09  0.3695 -0.241E-04      -3412.41  0.4094  0.614E-03      -2023.12  0.4505  0.165E-02      -1332.60  0.4857 -0.799E-03
         10.0002    -6656.09  0.3695 -0.241E-04      -3412.41  0.4094  0.614E-03      -2023.12  0.4505  0.165E-02      -1332.60  0.4857 -0.113E-02
         10.0004    -6656.09  0.3695 -0.241E-04      -3412.41  0.4094  0.614E-03      -2023.12  0.4505  0.165E-02      -1332.60  0.4857 -0.132E-02
         10.0006    -6656.09  0.3695 -0.241E-04      -3412.41  0.4094  0.614E-03      -2023.12  0.4505  0.165E-02      -1332.60  0.4857 -0.841E-03
         10.0010    -6656.09  0.3695 -0.241E-04      -3412.41  0.4094  0.614E-03      -2023.12  0.4505  0.165E-02      -1332.59  0.4857 -0.840E-03
         10.0014    -6656.09  0.3695 -0.241E-04      -3412.41  0.4094  0.614E-03      -2023.12  0.4505  0.165E-02      -1332.59  0.4857 -0.108E-02
         10.0019    -6656.09  0.3695 -0.241E-04      -3412.41  0.4094  0.614E-03      -2023.12  0.4505  0.165E-02      -1332.59  0.4857 -0.105E-02
         10.0025    -6656.09  0.3695 -0.241E-04      -3412.41  0.4094  0.614E-03      -2023.12  0.4505  0.165E-02      -1332.59  0.4857 -0.110E-02
         10.0033    -6656.09  0.3695 -0.241E-04      -3412.41  0.4094  0.614E-03      -2023.12  0.4505  0.165E-02      -1332.59  0.4857 -0.101E-02
         10.0044    -6656.09  0.3695 -0.241E-04      -3412.41  0.4094  0.614E-03      -2023.12  0.4505  0.165E-02      -1332.58  0.4857 -0.102E-02
         10.0057    -6656.09  0.3695 -0.241E-04      -3412.41  0.4094  0.614E-03      -2023.12  0.4505  0.165E-02      -1332.58  0.4857 -0.990E-03
         10.0075    -6656.09  0.3695 -0.241E-04      -3412.41  0.4094  0.614E-03      -2023.12  0.4505  0.165E-02      -1332.57  0.4857 -0.104E-02
         10.0099    -6656.09  0.3695 -0.241E-04      -3412.41  0.4094  0.614E-03      -2023.12  0.4505  0.165E-02      -1332.56  0.4857 -0.107E-02
         10.0129    -6656.09  0.3695  0.251E-04      -3412.41  0.4094  0.614E-03      -2023.12  0.4505  0.165E-02      -1332.55  0.4857 -0.105E-02
         10.0168    -6656.09  0.3695  0.137E-04      -3412.41  0.4094  0.614E-03      -2023.12  0.4505  0.165E-02      -1332.53  0.4857 -0.103E-02
         10.0219    -6656.10  0.3695  0.501E-05      -3412.41  0.4094  0.614E-03      -2023.12  0.4505  0.165E-02      -1332.51  0.4857 -0.103E-02
         10.0286    -6656.10  0.3695 -0.170E-05      -3412.41  0.4094  0.614E-03      -2023.12  0.4505  0.165E-02      -1332.48  0.4857 -0.102E-02
         10.0372    -6656.10  0.3695 -0.685E-05      -3412.41  0.4094  0.614E-03      -2023.12  0.4505  0.165E-02      -1332.45  0.4857 -0.103E-02
         10.0485    -6656.11  0.3695  0.243E-05      -3412.41  0.4094  0.614E-03      -2023.11  0.4505  0.165E-02      -1332.41  0.4857 -0.104E-02
         10.0631    -6656.12  0.3695 -0.367E-05      -3412.41  0.4094  0.614E-03      -2023.11  0.4505  0.165E-02      -1332.35  0.4857 -0.103E-02
         10.0821    -6656.12  0.3695 -0.512E-06      -3412.41  0.4094  0.614E-03      -2023.11  0.4505  0.165E-02      -1332.27  0.4857 -0.103E-02
         10.1068    -6656.14  0.3695  0.123E-06      -3412.41  0.4094  0.614E-03      -2023.11  0.4505  0.165E-02      -1332.18  0.4857 -0.104E-02
         10.1389    -6656.15  0.3695 -0.761E-06      -3412.41  0.4094  0.614E-03      -2023.11  0.4505  0.165E-02      -1332.06  0.4857 -0.103E-02
         10.1807    -6656.17  0.3695  0.107E-05      -3412.40  0.4094  0.614E-03      -2023.11  0.4505  0.165E-02      -1331.90  0.4857 -0.104E-02
         10.2350    -6656.20  0.3695  0.868E-06      -3412.40  0.4094  0.614E-03      -2023.10  0.4505  0.165E-02      -1331.70  0.4857 -0.103E-02
         10.3055    -6656.24  0.3695 -0.519E-06      -3412.40  0.4094  0.614E-03      -2023.10  0.4505  0.165E-02      -1331.44  0.4858 -0.103E-02
         10.3973    -6656.29  0.3695 -0.896E-06      -3412.39  0.4094  0.614E-03      -2023.09  0.4505  0.165E-02      -1331.11  0.4858 -0.104E-02
         10.5165    -6656.34  0.3695  0.240E-06      -3412.38  0.4094  0.614E-03      -2023.08  0.4505  0.165E-02      -1330.71  0.4858 -0.104E-02
         10.6716    -6656.42  0.3695 -0.251E-06      -3412.37  0.4094  0.614E-03      -2023.07  0.4505  0.165E-02      -1330.20  0.4858 -0.104E-02
         10.8731    -6656.52  0.3695 -0.162E-06      -3412.36  0.4094  0.614E-03      -2023.06  0.4505  0.165E-02      -1329.57  0.4859 -0.104E-02
         11.1351    -6656.65  0.3695 -0.409E-07      -3412.34  0.4094  0.614E-03      -2023.04  0.4505  0.165E-02      -1328.81  0.4859 -0.104E-02
         11.4757    -6656.81  0.3695 -0.962E-07      -3412.32  0.4094  0.614E-03      -2023.01  0.4505  0.165E-02      -1327.90  0.4860 -0.104E-02
         11.9185    -6657.01  0.3695 -0.654E-07      -3412.30  0.4094  0.614E-03      -2022.98  0.4505  0.165E-02      -1326.83  0.4860 -0.104E-02
         12.4941    -6657.27  0.3695  0.138E-06      -3412.26  0.4094  0.614E-03      -2022.93  0.4505  0.165E-02      -1325.59  0.4861 -0.104E-02
         13.2447    -6657.60  0.3695  0.379E-07      -3412.21  0.4094  0.614E-03      -2022.87  0.4505  0.165E-02      -1324.16  0.4862 -0.104E-02
         14.2097    -6658.01  0.3695  0.271E-07      -3412.15  0.4094  0.614E-03      -2022.80  0.4505  0.165E-02      -1322.56  0.4863 -0.104E-02
         15.3678    -6658.47  0.3695  0.244E-07      -3412.08  0.4094  0.614E-03      -2022.70  0.4505  0.165E-02      -1320.89  0.4864 -0.105E-02
         16.9119    -6659.05  0.3695 -0.353E-07      -3411.98  0.4094  0.614E-03      -2022.57  0.4505  0.165E-02      -1318.96  0.4865 -0.105E-02
         20.0000    -6660.07  0.3695 -0.818E-08      -3411.78  0.4094  0.614E-03      -2022.28  0.4505  0.165E-02      -1315.82  0.4867 -0.105E-02
         22.5000    -6660.84  0.3694 -0.272E-07      -3411.62  0.4094  0.613E-03      -2022.05  0.4506  0.165E-02      -1313.54  0.4869 -0.106E-02
         26.2500    -6661.84  0.3694  0.160E-07      -3411.39  0.4094  0.613E-03      -2021.67  0.4506  0.165E-02      -1310.62  0.4871 -0.106E-02
         30.0000    -6662.74  0.3694 -0.624E-08      -3411.15  0.4094  0.613E-03      -2021.27  0.4506  0.165E-02      -1307.98  0.4872 -0.107E-02
         30.0001    -6662.56  0.3694 -0.805E-01      -3411.15  0.4094  0.613E-03      -2021.27  0.4506  0.165E-02      -1307.95  0.4872 -0.128E-02
         30.0002    -6662.35  0.3694 -0.802E-01      -3411.15  0.4094  0.613E-03      -2021.27  0.4506  0.165E-02      -1307.96  0.4872 -0.128E-02
         30.0004    -6662.06  0.3694 -0.802E-01      -3411.15  0.4094  0.613E-03      -2021.27  0.4506  0.165E-02      -1307.95  0.4872 -0.128E-02
         30.0006    -6661.69  0.3694 -0.800E-01      -3411.15  0.4094  0.613E-03      -2021.27  0.4506  0.165E-02      -1307.95  0.4872 -0.128E-02
         30.0009    -6661.20  0.3694 -0.798E-01      -3411.15  0.4094  0.613E-03      -2021.27  0.4506  0.165E-02      -1307.95  0.4872 -0.128E-02
         30.0013    -6660.57  0.3694 -0.799E-01      -3411.15  0.4094  0.613E-03      -2021.27  0.4506  0.165E-02      -1307.95  0.4872 -0.128E-02
         30.0018    -6659.75  0.3695 -0.800E-01      -3411.15  0.4094  0.613E-03      -2021.27  0.4506  0.165E-02      -1307.95  0.4872 -0.976E-03
         30.0024    -6658.69  0.3695 -0.800E-01      -3411.15  0.4094  0.613E-03      -2021.27  0.4506  0.165E-02      -1307.95  0.4872 -0.105E-02
         30.0032    -6657.30  0.3695 -0.800E-01      -3411.15  0.4094  0.613E-03      -2021.27  0.4506  0.165E-02      -1307.95  0.4872 -0.110E-02
         30.0043    -6655.49  0.3695 -0.800E-01      -3411.15  0.4094  0.613E-03      -2021.27  0.4506  0.165E-02      -1307.95  0.4872 -0.114E-02
         30.0056    -6653.15  0.3695 -0.800E-01      -3411.15  0.4094  0.613E-03      -2021.27  0.4506  0.165E-02      -1307.95  0.4872 -0.107E-02
         30.0074    -6650.10  0.3695 -0.800E-01      -3411.15  0.4094  0.613E-03      -2021.27  0.4506  0.165E-02      -1307.95  0.4872 -0.104E-02
         30.0098    -6646.14  0.3696 -0.800E-01      -3411.15  0.4094  0.613E-03      -2021.27  0.4506  0.165E-02      -1307.95  0.4872 -0.109E-02
         30.0128    -6640.99  0.3696 -0.800E-01      -3411.15  0.4094  0.613E-03      -2021.27  0.4506  0.165E-02      -1307.95  0.4872 -0.104E-02
         30.0167    -6634.30  0.3697 -0.800E-01      -3411.15  0.4094  0.613E-03      -2021.27  0.4506  0.165E-02      -1307.94  0.4872 -0.106E-02
         30.0218    -6625.60  0.3698 -0.800E-01      -3411.15  0.4094  0.613E-03      -2021.27  0.4506  0.165E-02      -1307.94  0.4872 -0.105E-02
         30.0285    -6614.30  0.3699 -0.800E-01      -3411.15  0.4094  0.613E-03      -2021.27  0.4506  0.165E-02      -1307.93  0.4872 -0.106E-02
         30.0372    -6599.61  0.3700 -0.800E-01      -3411.15  0.4094  0.613E-03      -2021.27  0.4506  0.165E-02      -1307.93  0.4872 -0.106E-02
         30.0484    -6580.53  0.3702 -0.800E-01      -3411.15  0.4094  0.613E-03      -2021.27  0.4506  0.165E-02      -1307.92  0.4872 -0.107E-02
         30.0630    -6555.74  0.3704 -0.800E-01      -3411.15  0.4094  0.613E-03      -2021.27  0.4506  0.165E-02      -1307.91  0.4872 -0.107E-02
         30.0820    -6523.55  0.3707 -0.800E-01      -3411.15  0.4094  0.613E-03      -2021.27  0.4506  0.165E-02      -1307.90  0.4872 -0.106E-02
         30.1067    -6481.76  0.3711 -0.800E-01      -3411.14  0.4094  0.613E-03      -2021.27  0.4506  0.165E-02      -1307.88  0.4872 -0.107E-02
         30.1388    -6427.52  0.3716 -0.800E-01      -3411.14  0.4094  0.613E-03      -2021.26  0.4506  0.165E-02      -1307.86  0.4872 -0.107E-02
         30.1806    -6357.18  0.3723 -0.800E-01      -3411.14  0.4094  0.613E-03      -2021.26  0.4506  0.165E-02      -1307.83  0.4872 -0.107E-02
         30.2349    -6266.02  0.3732 -0.800E-01      -3411.14  0.4094  0.613E-03      -2021.25  0.4506  0.165E-02      -1307.79  0.4872 -0.107E-02
         30.3054    -6148.00  0.3743 -0.800E-01      -3411.13  0.4094  0.613E-03      -2021.24  0.4506  0.165E-02      -1307.74  0.4872 -0.107E-02
         30.3972    -6034.22  0.3757 -0.800E-01      -3411.13  0.4094  0.613E-03      -2021.24  0.4506  0.165E-02      -1307.68  0.4872 -0.107E-02
         30.5164    -5881.64  0.3776 -0.800E-01      -3411.12  0.4094  0.613E-03      -2021.22  0.4506  0.165E-02      -1307.60  0.4873 -0.107E-02
         30.6715    -5692.09  0.3799 -0.800E-01      -3411.11  0.4094  0.613E-03      -2021.21  0.4506  0.165E-02      -1307.49  0.4873 -0.107E-02
         30.8730    -5446.43  0.3830 -0.800E-01      -3411.10  0.4094  0.613E-03      -2021.18  0.4506  0.165E-02      -1307.36  0.4873 -0.107E-02
         31.1350    -5134.48  0.3869 -0.800E-01      -3411.08  0.4094  0.613E-03      -2021.16  0.4506  0.165E-02      -1307.18  0.4873 -0.107E-02
         31.4756    -4773.95  0.3919 -0.800E-01      -3411.06  0.4094  0.613E-03      -2021.12  0.4506  0.165E-02      -1306.95  0.4873 -0.107E-02
         31.9184    -4408.40  0.3980 -0.800E-01      -3411.03  0.4094  0.613E-03      -2021.07  0.4506  0.165E-02      -1306.66  0.4873 -0.107E-02
         32.4940    -3948.46  0.4055 -0.800E-01      -3410.99  0.4094  0.613E-03      -2021.01  0.4506  0.165E-02      -1306.28  0.4873 -0.107E-02
         33.2446    -3543.73  0.4143 -0.800E-01      -3410.95  0.4094  0.613E-03      -2020.93  0.4506  0.165E-02      -1305.80  0.4874 -0.107E-02
         34.2096    -3091.64  0.4240 -0.800E-01      -3410.88  0.4094  0.613E-03      -2020.82  0.4506  0.165E-02      -1305.20  0.4874 -0.107E-02
         35.3677    -2759.96  0.4331 -0.800E-01      -3410.81  0.4094  0.613E-03      -2020.69  0.4506  0.165E-02      -1304.49  0.4874 -0.107E-02
         36.5258    -2511.39  0.4406 -0.800E-01      -3410.74  0.4094  0.613E-03      -2020.56  0.4506  0.165E-02      -1303.81  0.4875 -0.107E-02
         38.2629    -2253.87  0.4492 -0.800E-01      -3410.63  0.4094  0.612E-03      -2020.37  0.4506  0.166E-02      -1302.80  0.4876 -0.108E-02
         40.0000    -2073.72  0.4561 -0.800E-01      -3410.52  0.4094  0.612E-03      -2020.17  0.4506  0.166E-02      -1301.83  0.4876 -0.108E-02
         40.0001    -2073.85  0.4561 -0.820E+00      -3410.52  0.4094  0.612E-03      -2020.17  0.4506  0.166E-02      -1301.83  0.4876 -0.125E-02
         40.0002    -2073.26  0.4562 -0.820E+00      -3410.52  0.4094  0.612E-03      -2020.17  0.4506  0.166E-02      -1301.83  0.4876 -0.125E-02
         40.0004    -2072.65  0.4562 -0.820E+00      -3410.52  0.4094  0.612E-03      -2020.17  0.4506  0.166E-02      -1301.83  0.4876 -0.125E-02
         40.0006    -2071.75  0.4562 -0.820E+00      -3410.52  0.4094  0.612E-03      -2020.17  0.4506  0.166E-02      -1301.83  0.4876 -0.125E-02
         40.0009    -2070.62  0.4563 -0.820E+00      -3410.52  0.4094  0.612E-03      -2020.17  0.4506  0.166E-02      -1301.83  0.4876 -0.125E-02
         40.0013    -2069.12  0.4563 -0.820E+00      -3410.52  0.4094  0.612E-03      -2020.17  0.4506  0.166E-02      -1301.83  0.4876 -0.125E-02
         40.0018    -2067.19  0.4564 -0.820E+00      -3410.52  0.4094  0.612E-03      -2020.17  0.4506  0.166E-02      -1301.83  0.4876 -0.943E-03
         40.0024    -2064.68  0.4565 -0.820E+00      -3410.52  0.4094  0.612E-03      -2020.17  0.4506  0.166E-02      -1301.83  0.4876 -0.101E-02
         40.0032    -2061.41  0.4566 -0.820E+00      -3410.52  0.4094  0.612E-03      -2020.17  0.4506  0.166E-02      -1301.83  0.4876 -0.107E-02
         40.0043    -2057.16  0.4568 -0.820E+00      -3410.52  0.4094  0.612E-03      -2020.17  0.4506  0.166E-02      -1301.83  0.4876 -0.111E-02
         40.0056    -2051.65  0.4570 -0.820E+00      -3410.52  0.4094  0.612E-03      -2020.17  0.4506  0.166E-02      -1301.83  0.4876 -0.104E-02
         40.0074    -2044.48  0.4573 -0.820E+00      -3410.52  0.4094  0.612E-03      -2020.17  0.4506  0.166E-02      -1301.83  0.4876 -0.109E-02
         40.0098    -2035.18  0.4576 -0.820E+00      -3410.52  0.4094  0.612E-03      -2020.17  0.4506  0.166E-02      -1301.83  0.4876 -0.106E-02
         40.0128    -2023.09  0.4581 -0.820E+00      -3410.52  0.4094  0.612E-03      -2020.17  0.4506  0.166E-02      -1301.82  0.4876 -0.110E-02
         40.0167    -2007.41  0.4587 -0.820E+00      -3410.52  0.4094  0.612E-03      -2020.17  0.4506  0.166E-02      -1301.82  0.4876 -0.106E-02
         40.0218    -1987.08  0.4594 -0.820E+00      -3410.52  0.4094  0.612E-03      -2020.17  0.4506  0.166E-02      -1301.82  0.4876 -0.108E-02
         40.0285    -1960.72  0.4604 -0.820E+00      -3410.52  0.4094  0.612E-03      -2020.17  0.4506  0.166E-02      -1301.82  0.4876 -0.107E-02
         40.0372    -1926.59  0.4617 -0.820E+00      -3410.52  0.4094  0.612E-03      -2020.16  0.4506  0.166E-02      -1301.81  0.4876 -0.108E-02
         40.0484    -1891.56  0.4634 -0.820E+00      -3410.52  0.4094  0.612E-03      -2020.16  0.4506  0.166E-02      -1301.80  0.4876 -0.108E-02
         40.0630    -1846.98  0.4655 -0.820E+00      -3410.51  0.4094  0.612E-03      -2020.16  0.4506  0.166E-02      -1301.80  0.4876 -0.108E-02
         40.0820    -1790.92  0.4683 -0.820E+00      -3410.51  0.4094  0.612E-03      -2020.16  0.4506  0.166E-02      -1301.79  0.4876 -0.108E-02
         40.1067    -1719.05  0.4718 -0.820E+00      -3410.51  0.4094  0.612E-03      -2020.16  0.4506  0.166E-02      -1301.77  0.4876 -0.108E-02
         40.1388    -1627.91  0.4763 -0.820E+00      -3410.51  0.4094  0.612E-03      -2020.15  0.4506  0.166E-02      -1301.75  0.4876 -0.108E-02
         40.1806    -1514.86  0.4820 -0.820E+00      -3410.51  0.4094  0.612E-03      -2020.15  0.4506  0.166E-02      -1301.73  0.4876 -0.108E-02
         40.2349    -1408.55  0.4889 -0.820E+00      -3410.50  0.4094  0.612E-03      -2020.14  0.4506  0.166E-02      -1301.70  0.4876 -0.108E-02
         40.3054    -1272.57  0.4972 -0.820E+00      -3410.50  0.4094  0.612E-03      -2020.13  0.4506  0.166E-02      -1301.66  0.4876 -0.108E-02
         40.3972    -1142.77  0.5069 -0.820E+00      -3410.49  0.4094  0.612E-03      -2020.12  0.4506  0.166E-02      -1301.61  0.4876 -0.108E-02
         40.5164    -1010.93  0.5173 -0.820E+00      -3410.49  0.4094  0.612E-03      -2020.11  0.4506  0.166E-02      -1301.54  0.4876 -0.108E-02
         40.6715     -887.29  0.5281 -0.820E+00      -3410.48  0.4094  0.612E-03      -2020.09  0.4506  0.166E-02      -1301.46  0.4876 -0.108E-02
         40.8730     -779.35  0.5390 -0.820E+00      -3410.46  0.4094  0.612E-03      -2020.07  0.4506  0.166E-02      -1301.35  0.4876 -0.108E-02
         41.0745     -703.01  0.5477 -0.820E+00      -3410.45  0.4094  0.612E-03      -2020.04  0.4506  0.166E-02      -1301.24  0.4877 -0.108E-02
         41.3365     -625.28  0.5574 -0.820E+00      -3410.44  0.4094  0.612E-03      -2020.01  0.4506  0.166E-02      -1301.09  0.4877 -0.108E-02
         41.6771     -552.61  0.5676 -0.820E+00      -3410.41  0.4094  0.612E-03      -2019.98  0.4506  0.166E-02      -1300.91  0.4877 -0.108E-02
         42.0177     -490.32  0.5767 -0.820E+00      -3410.39  0.4094  0.612E-03      -2019.94  0.4506  0.166E-02      -1300.72  0.4877 -0.108E-02
         42.3583     -443.96  0.5845 -0.820E+00      -3410.37  0.4095  0.612E-03      -2019.90  0.4506  0.166E-02      -1300.54  0.4877 -0.108E-02
         42.6989     -404.85  0.5911 -0.820E+00      -3410.35  0.4095  0.612E-03      -2019.86  0.4506  0.166E-02      -1300.36  0.4877 -0.108E-02
         43.0395     -370.70  0.5972 -0.820E+00      -3410.33  0.4095  0.612E-03      -2019.82  0.4506  0.166E-02      -1300.18  0.4877 -0.108E-02
         43.3801     -344.46  0.6023 -0.820E+00      -3410.30  0.4095  0.612E-03      -2019.78  0.4506  0.166E-02      -1300.00  0.4877 -0.108E-02
         43.7207     -319.03  0.6073 -0.820E+00      -3410.28  0.4095  0.612E-03      -2019.74  0.4506  0.166E-02      -1299.82  0.4877 -0.108E-02
         44.1635     -291.90  0.6129 -0.820E+00      -3410.25  0.4095  0.612E-03      -2019.69  0.4506  0.166E-02      -1299.59  0.4878 -0.108E-02
         44.6063     -270.60  0.6176 -0.820E+00      -3410.23  0.4095  0.612E-03      -2019.63  0.4506  0.166E-02      -1299.36  0.4878 -0.108E-02
         45.0491     -248.12  0.6224 -0.820E+00      -3410.20  0.4095  0.612E-03      -2019.58  0.4507  0.166E-02      -1299.13  0.4878 -0.108E-02
         45.5992     -227.35  0.6273 -0.820E+00      -3410.16  0.4095  0.612E-03      -2019.52  0.4507  0.166E-02      -1298.85  0.4878 -0.108E-02
         46.1493     -209.54  0.6315 -0.820E+00      -3410.13  0.4095  0.612E-03      -2019.45  0.4507  0.166E-02      -1298.57  0.4878 -0.108E-02
         46.6994     -193.06  0.6354 -0.820E+00      -3410.09  0.4095  0.612E-03      -2019.39  0.4507  0.166E-02      -1298.29  0.4878 -0.108E-02
         47.2495     -178.92  0.6389 -0.820E+00      -3410.06  0.4095  0.612E-03      -2019.32  0.4507  0.166E-02      -1298.02  0.4879 -0.108E-02
         47.7996     -166.41  0.6421 -0.820E+00      -3410.02  0.4095  0.612E-03      -2019.26  0.4507  0.166E-02      -1297.75  0.4879 -0.108E-02
         48.3497     -153.50  0.6452 -0.820E+00      -3409.99  0.4095  0.612E-03      -2019.19  0.4507  0.166E-02      -1297.47  0.4879 -0.108E-02
         49.1748     -139.06  0.6492 -0.820E+00      -3409.93  0.4095  0.612E-03      -2019.09  0.4507  0.166E-02      -1297.07  0.4879 -0.108E-02
         50.0000     -126.46  0.6525 -0.820E+00      -3409.88  0.4095  0.612E-03      -2018.99  0.4507  0.166E-02      -1296.67  0.4879 -0.109E-02
         50.0001     -126.15  0.6525 -0.631E+00      -3409.88  0.4095  0.612E-03      -2018.99  0.4507  0.166E-02      -1296.67  0.4879 -0.124E-02
         50.0002     -126.24  0.6525 -0.630E+00      -3409.88  0.4095  0.612E-03      -2018.99  0.4507  0.166E-02      -1296.67  0.4879 -0.124E-02
         50.0004     -126.20  0.6524 -0.631E+00      -3409.88  0.4095  0.612E-03      -2018.99  0.4507  0.166E-02      -1296.67  0.4879 -0.124E-02
         50.0006     -126.25  0.6524 -0.630E+00      -3409.88  0.4095  0.612E-03      -2018.99  0.4507  0.166E-02      -1296.67  0.4879 -0.124E-02
         50.0009     -126.28  0.6524 -0.630E+00      -3409.88  0.4095  0.612E-03      -2018.99  0.4507  0.166E-02      -1296.67  0.4879 -0.124E-02
         50.0013     -126.33  0.6524 -0.630E+00      -3409.88  0.4095  0.612E-03      -2018.99  0.4507  0.166E-02      -1296.67  0.4879 -0.124E-02
         50.0018     -126.39  0.6524 -0.630E+00      -3409.88  0.4095  0.612E-03      -2018.99  0.4507  0.166E-02      -1296.67  0.4879 -0.928E-03
         50.0024     -126.47  0.6524 -0.630E+00      -3409.88  0.4095  0.612E-03      -2018.99  0.4507  0.166E-02      -1296.67  0.4879 -0.999E-03
         50.0032     -126.58  0.6524 -0.630E+00      -3409.88  0.4095  0.612E-03      -2018.99  0.4507  0.166E-02      -1296.67  0.4879 -0.105E-02
         50.0043     -126.71  0.6523 -0.630E+00      -3409.88  0.4095  0.612E-03      -2018.99  0.4507  0.166E-02      -1296.67  0.4879 -0.110E-02
         50.0056     -126.88  0.6523 -0.630E+00      -3409.88  0.4095  0.612E-03      -2018.99  0.4507  0.166E-02      -1296.67  0.4879 -0.113E-02
         50.0074     -127.10  0.6522 -0.630E+00      -3409.88  0.4095  0.612E-03      -2018.99  0.4507  0.166E-02      -1296.67  0.4879 -0.107E-02
         50.0098     -127.38  0.6521 -0.630E+00      -3409.88  0.4095  0.612E-03      -2018.99  0.4507  0.166E-02      -1296.67  0.4879 -0.111E-02
         50.0128     -127.73  0.6520 -0.630E+00      -3409.88  0.4095  0.612E-03      -2018.99  0.4507  0.166E-02      -1296.67  0.4879 -0.109E-02
         50.0167     -128.16  0.6519 -0.630E+00      -3409.88  0.4095  0.612E-03      -2018.99  0.4507  0.166E-02      -1296.67  0.4879 -0.108E-02
         50.0218     -128.70  0.6518 -0.630E+00      -3409.88  0.4095  0.612E-03      -2018.99  0.4507  0.166E-02      -1296.66  0.4879 -0.109E-02
         50.0285     -129.35  0.6516 -0.630E+00      -3409.88  0.4095  0.612E-03      -2018.99  0.4507  0.166E-02      -1296.66  0.4879 -0.108E-02
         50.0372     -130.12  0.6514 -0.630E+00      -3409.88  0.4095  0.612E-03      -2018.99  0.4507  0.166E-02      -1296.66  0.4879 -0.108E-02
         50.0484     -131.02  0.6512 -0.630E+00      -3409.88  0.4095  0.612E-03      -2018.99  0.4507  0.166E-02      -1296.65  0.4879 -0.109E-02
         50.0630     -132.04  0.6509 -0.630E+00      -3409.88  0.4095  0.612E-03      -2018.99  0.4507  0.166E-02      -1296.64  0.4879 -0.108E-02
         50.0820     -133.16  0.6506 -0.630E+00      -3409.88  0.4095  0.612E-03      -2018.98  0.4507  0.166E-02      -1296.64  0.4879 -0.109E-02
         50.1067     -134.35  0.6503 -0.630E+00      -3409.87  0.4095  0.612E-03      -2018.98  0.4507  0.166E-02      -1296.62  0.4879 -0.109E-02
         50.1388     -135.57  0.6500 -0.630E+00      -3409.87  0.4095  0.612E-03      -2018.98  0.4507  0.166E-02      -1296.61  0.4879 -0.108E-02
         50.1806     -136.77  0.6497 -0.630E+00      -3409.87  0.4095  0.612E-03      -2018.97  0.4507  0.166E-02      -1296.59  0.4879 -0.109E-02
         50.2349     -137.90  0.6494 -0.630E+00      -3409.87  0.4095  0.612E-03      -2018.97  0.4507  0.166E-02      -1296.56  0.4879 -0.109E-02
         50.3054     -138.90  0.6491 -0.630E+00      -3409.86  0.4095  0.612E-03      -2018.96  0.4507  0.166E-02      -1296.53  0.4879 -0.109E-02
         50.3972     -139.72  0.6489 -0.630E+00      -3409.85  0.4095  0.612E-03      -2018.95  0.4507  0.166E-02      -1296.48  0.4879 -0.108E-02
         50.5164     -140.29  0.6487 -0.630E+00      -3409.85  0.4095  0.612E-03      -2018.93  0.4507  0.166E-02      -1296.43  0.4880 -0.109E-02
         50.6715     -140.52  0.6487 -0.630E+00      -3409.84  0.4095  0.612E-03      -2018.91  0.4507  0.166E-02      -1296.35  0.4880 -0.109E-02
         50.8730     -140.27  0.6487 -0.630E+00      -3409.83  0.4095  0.612E-03      -2018.89  0.4507  0.166E-02      -1296.26  0.4880 -0.109E-02
         51.1350     -139.33  0.6490 -0.630E+00      -3409.81  0.4095  0.612E-03      -2018.86  0.4507  0.166E-02      -1296.13  0.4880 -0.109E-02
         51.4756     -137.45  0.6495 -0.630E+00      -3409.79  0.4095  0.612E-03      -2018.82  0.4507  0.166E-02      -1295.97  0.4880 -0.109E-02
         51.9184     -134.41  0.6503 -0.630E+00      -3409.76  0.4095  0.612E-03      -2018.76  0.4507  0.166E-02      -1295.76  0.4880 -0.109E-02
         52.4940     -129.96  0.6515 -0.630E+00      -3409.72  0.4095  0.612E-03      -2018.69  0.4507  0.166E-02      -1295.49  0.4880 -0.109E-02
         53.2446     -124.57  0.6528 -0.630E+00      -3409.67  0.4095  0.612E-03      -2018.60  0.4507  0.166E-02      -1295.15  0.4880 -0.109E-02
         54.2096     -118.53  0.6545 -0.630E+00      -3409.61  0.4095  0.612E-03      -2018.48  0.4507  0.166E-02      -1294.70  0.4881 -0.109E-02
         55.1747     -112.26  0.6562 -0.630E+00      -3409.55  0.4095  0.612E-03      -2018.36  0.4507  0.166E-02      -1294.26  0.4881 -0.109E-02
         56.1398     -106.00  0.6578 -0.630E+00      -3409.49  0.4095  0.612E-03      -2018.25  0.4507  0.166E-02      -1293.83  0.4881 -0.109E-02
         57.1048      -99.95  0.6594 -0.630E+00      -3409.43  0.4095  0.611E-03      -2018.13  0.4507  0.166E-02      -1293.40  0.4881 -0.109E-02
         58.0699      -93.52  0.6610 -0.630E+00      -3409.37  0.4095  0.611E-03      -2018.01  0.4507  0.166E-02      -1292.98  0.4882 -0.109E-02
         59.0349      -89.01  0.6623 -0.630E+00      -3409.31  0.4095  0.611E-03      -2017.89  0.4507  0.166E-02      -1292.56  0.4882 -0.109E-02
         60.0000      -84.23  0.6636 -0.630E+00      -3409.24  0.4095  0.611E-03      -2017.77  0.4507  0.166E-02      -1292.14  0.4882 -0.109E-02
         60.0001      -84.21  0.6636 -0.241E+00      -3409.24  0.4095  0.611E-03      -2017.77  0.4507  0.166E-02      -1292.14  0.4882 -0.123E-02
         60.0002      -84.26  0.6636 -0.240E+00      -3409.24  0.4095  0.611E-03      -2017.77  0.4507  0.166E-02      -1292.14  0.4882 -0.123E-02
         60.0004      -84.30  0.6636 -0.240E+00      -3409.24  0.4095  0.611E-03      -2017.77  0.4507  0.166E-02      -1292.14  0.4882 -0.123E-02
         60.0006      -84.36  0.6636 -0.241E+00      -3409.24  0.4095  0.611E-03      -2017.77  0.4507  0.166E-02      -1292.14  0.4882 -0.123E-02
         60.0009      -84.44  0.6635 -0.240E+00      -3409.24  0.4095  0.611E-03      -2017.77  0.4507  0.166E-02      -1292.14  0.4882 -0.123E-02
         60.0013      -84.55  0.6635 -0.240E+00      -3409.24  0.4095  0.611E-03      -2017.77  0.4507  0.166E-02      -1292.14  0.4882 -0.123E-02
         60.0018      -84.68  0.6635 -0.240E+00      -3409.24  0.4095  0.611E-03      -2017.77  0.4507  0.166E-02      -1292.14  0.4882 -0.919E-03
         60.0024      -84.85  0.6634 -0.240E+00      -3409.24  0.4095  0.611E-03      -2017.77  0.4507  0.166E-02      -1292.14  0.4882 -0.991E-03
         60.0032      -85.07  0.6634 -0.240E+00      -3409.24  0.4095  0.611E-03      -2017.77  0.4507  0.166E-02      -1292.14  0.4882 -0.105E-02
         60.0043      -85.36  0.6633 -0.240E+00      -3409.24  0.4095  0.611E-03      -2017.77  0.4507  0.166E-02      -1292.14  0.4882 -0.109E-02
         60.0056      -85.72  0.6632 -0.240E+00      -3409.24  0.4095  0.611E-03      -2017.77  0.4507  0.166E-02      -1292.14  0.4882 -0.112E-02
         60.0074      -86.18  0.6631 -0.240E+00      -3409.24  0.4095  0.611E-03      -2017.77  0.4507  0.166E-02      -1292.14  0.4882 -0.106E-02
         60.0098      -86.76  0.6629 -0.240E+00      -3409.24  0.4095  0.611E-03      -2017.77  0.4507  0.166E-02      -1292.14  0.4882 -0.110E-02
         60.0128      -87.48  0.6627 -0.240E+00      -3409.24  0.4095  0.611E-03      -2017.77  0.4507  0.166E-02      -1292.13  0.4882 -0.108E-02
         60.0167      -88.37  0.6625 -0.240E+00      -3409.24  0.4095  0.611E-03      -2017.77  0.4507  0.166E-02      -1292.13  0.4882 -0.111E-02
         60.0218      -89.46  0.6622 -0.240E+00      -3409.24  0.4095  0.611E-03      -2017.77  0.4507  0.166E-02      -1292.13  0.4882 -0.108E-02
         60.0285      -90.76  0.6619 -0.240E+00      -3409.24  0.4095  0.611E-03      -2017.77  0.4507  0.166E-02      -1292.13  0.4882 -0.109E-02
         60.0372      -92.31  0.6614 -0.240E+00      -3409.24  0.4095  0.611E-03      -2017.77  0.4507  0.166E-02      -1292.12  0.4882 -0.109E-02
         60.0484      -94.11  0.6610 -0.240E+00      -3409.24  0.4095  0.611E-03      -2017.77  0.4507  0.166E-02      -1292.12  0.4882 -0.110E-02
         60.0630      -96.17  0.6604 -0.240E+00      -3409.24  0.4095  0.611E-03      -2017.76  0.4507  0.166E-02      -1292.11  0.4882 -0.110E-02
         60.0820      -98.50  0.6598 -0.240E+00      -3409.24  0.4095  0.611E-03      -2017.76  0.4507  0.166E-02      -1292.10  0.4882 -0.109E-02
         60.1067     -101.10  0.6591 -0.240E+00      -3409.24  0.4095  0.611E-03      -2017.76  0.4507  0.166E-02      -1292.09  0.4882 -0.110E-02
         60.1388     -103.96  0.6583 -0.240E+00      -3409.23  0.4095  0.611E-03      -2017.76  0.4507  0.166E-02      -1292.08  0.4882 -0.109E-02
         60.1806     -107.10  0.6575 -0.240E+00      -3409.23  0.4095  0.611E-03      -2017.75  0.4507  0.166E-02      -1292.06  0.4882 -0.109E-02
         60.2349     -110.51  0.6566 -0.240E+00      -3409.23  0.4095  0.611E-03      -2017.74  0.4507  0.166E-02      -1292.04  0.4882 -0.109E-02
         60.3054     -114.21  0.6556 -0.240E+00      -3409.22  0.4095  0.611E-03      -2017.73  0.4507  0.166E-02      -1292.01  0.4882 -0.109E-02
         60.3972     -118.23  0.6545 -0.240E+00      -3409.22  0.4095  0.611E-03      -2017.72  0.4507  0.166E-02      -1291.97  0.4882 -0.109E-02
         60.5164     -122.64  0.6534 -0.240E+00      -3409.21  0.4095  0.611E-03      -2017.71  0.4507  0.166E-02      -1291.92  0.4882 -0.109E-02
         60.6715     -127.34  0.6521 -0.240E+00      -3409.20  0.4095  0.611E-03      -2017.69  0.4507  0.166E-02      -1291.85  0.4882 -0.109E-02
         60.8730     -132.29  0.6508 -0.240E+00      -3409.19  0.4095  0.611E-03      -2017.66  0.4507  0.166E-02      -1291.76  0.4882 -0.109E-02
         61.1350     -137.67  0.6494 -0.240E+00      -3409.17  0.4095  0.611E-03      -2017.63  0.4507  0.166E-02      -1291.65  0.4883 -0.109E-02
         61.4756     -143.33  0.6479 -0.240E+00      -3409.15  0.4095  0.611E-03      -2017.59  0.4507  0.166E-02      -1291.51  0.4883 -0.109E-02
         61.9184     -149.16  0.6464 -0.240E+00      -3409.12  0.4095  0.611E-03      -2017.54  0.4507  0.166E-02      -1291.32  0.4883 -0.109E-02
         62.4940     -155.37  0.6449 -0.240E+00      -3409.08  0.4095  0.611E-03      -2017.46  0.4507  0.166E-02      -1291.08  0.4883 -0.109E-02
         63.2446     -160.66  0.6434 -0.240E+00      -3409.04  0.4095  0.611E-03      -2017.37  0.4507  0.166E-02      -1290.76  0.4883 -0.109E-02
         64.2096     -165.87  0.6422 -0.240E+00      -3408.97  0.4095  0.611E-03      -2017.25  0.4507  0.166E-02      -1290.36  0.4883 -0.110E-02
         65.3677     -169.87  0.6412 -0.240E+00      -3408.90  0.4095  0.611E-03      -2017.10  0.4507  0.166E-02      -1289.88  0.4884 -0.110E-02
         66.5258     -172.37  0.6406 -0.240E+00      -3408.82  0.4095  0.611E-03      -2016.96  0.4508  0.166E-02      -1289.41  0.4884 -0.110E-02
         68.2629     -174.06  0.6402 -0.240E+00      -3408.71  0.4095  0.611E-03      -2016.74  0.4508  0.166E-02      -1288.71  0.4884 -0.110E-02
         70.0000     -174.25  0.6401 -0.240E+00      -3408.60  0.4095  0.611E-03      -2016.52  0.4508  0.166E-02      -1288.03  0.4885 -0.110E-02
         70.0001     -174.25  0.6401 -0.313E-01      -3408.60  0.4095  0.611E-03      -2016.52  0.4508  0.166E-02      -1288.03  0.4885 -0.122E-02
         70.0002     -174.27  0.6401 -0.311E-01      -3408.60  0.4095  0.611E-03      -2016.52  0.4508  0.166E-02      -1288.03  0.4885 -0.122E-02
         70.0004     -174.30  0.6401 -0.297E-01      -3408.60  0.4095  0.611E-03      -2016.52  0.4508  0.166E-02      -1288.03  0.4885 -0.122E-02
         70.0006     -174.33  0.6401 -0.303E-01      -3408.60  0.4095  0.611E-03      -2016.52  0.4508  0.166E-02      -1288.03  0.4885 -0.122E-02
         70.0009     -174.38  0.6401 -0.301E-01      -3408.60  0.4095  0.611E-03      -2016.52  0.4508  0.166E-02      -1288.03  0.4885 -0.122E-02
         70.0013     -174.44  0.6400 -0.296E-01      -3408.60  0.4095  0.611E-03      -2016.52  0.4508  0.166E-02      -1288.03  0.4885 -0.122E-02
         70.0018     -174.52  0.6400 -0.302E-01      -3408.60  0.4095  0.611E-03      -2016.52  0.4508  0.166E-02      -1288.03  0.4885 -0.122E-02
         70.0024     -174.62  0.6400 -0.298E-01      -3408.60  0.4095  0.611E-03      -2016.52  0.4508  0.166E-02      -1288.03  0.4885 -0.122E-02
         70.0032     -174.76  0.6400 -0.301E-01      -3408.60  0.4095  0.611E-03      -2016.52  0.4508  0.166E-02      -1288.03  0.4885 -0.104E-02
         70.0043     -174.93  0.6399 -0.301E-01      -3408.60  0.4095  0.611E-03      -2016.52  0.4508  0.166E-02      -1288.03  0.4885 -0.108E-02
         70.0056     -175.15  0.6399 -0.301E-01      -3408.60  0.4095  0.611E-03      -2016.52  0.4508  0.166E-02      -1288.02  0.4885 -0.112E-02
         70.0074     -175.43  0.6398 -0.300E-01      -3408.60  0.4095  0.611E-03      -2016.52  0.4508  0.166E-02      -1288.02  0.4885 -0.114E-02
         70.0098     -175.79  0.6397 -0.300E-01      -3408.60  0.4095  0.611E-03      -2016.52  0.4508  0.166E-02      -1288.02  0.4885 -0.110E-02
         70.0128     -176.26  0.6396 -0.300E-01      -3408.60  0.4095  0.611E-03      -2016.52  0.4508  0.166E-02      -1288.02  0.4885 -0.113E-02
         70.0167     -176.85  0.6394 -0.300E-01      -3408.60  0.4095  0.611E-03      -2016.52  0.4508  0.166E-02      -1288.02  0.4885 -0.111E-02
         70.0218     -177.59  0.6392 -0.300E-01      -3408.60  0.4095  0.611E-03      -2016.52  0.4508  0.166E-02      -1288.02  0.4885 -0.111E-02
         70.0285     -178.52  0.6390 -0.300E-01      -3408.60  0.4095  0.611E-03      -2016.52  0.4508  0.166E-02      -1288.02  0.4885 -0.109E-02
         70.0372     -179.67  0.6387 -0.300E-01      -3408.60  0.4095  0.611E-03      -2016.52  0.4508  0.166E-02      -1288.01  0.4885 -0.110E-02
         70.0484     -181.08  0.6384 -0.300E-01      -3408.60  0.4095  0.611E-03      -2016.52  0.4508  0.166E-02      -1288.01  0.4885 -0.110E-02
         70.0630     -182.79  0.6379 -0.300E-01      -3408.60  0.4095  0.611E-03      -2016.51  0.4508  0.166E-02      -1288.00  0.4885 -0.110E-02
         70.0820     -184.82  0.6374 -0.300E-01      -3408.59  0.4095  0.611E-03      -2016.51  0.4508  0.166E-02      -1288.00  0.4885 -0.110E-02
         70.1067     -187.21  0.6368 -0.300E-01      -3408.59  0.4095  0.611E-03      -2016.51  0.4508  0.166E-02      -1287.99  0.4885 -0.110E-02
         70.1388     -190.14  0.6361 -0.300E-01      -3408.59  0.4095  0.611E-03      -2016.50  0.4508  0.166E-02      -1287.97  0.4885 -0.110E-02
         70.1806     -193.44  0.6353 -0.300E-01      -3408.59  0.4095  0.611E-03      -2016.50  0.4508  0.166E-02      -1287.96  0.4885 -0.110E-02
         70.2349     -197.17  0.6344 -0.300E-01      -3408.58  0.4095  0.611E-03      -2016.49  0.4508  0.166E-02      -1287.93  0.4885 -0.110E-02
         70.3054     -201.32  0.6334 -0.300E-01      -3408.58  0.4095  0.611E-03      -2016.48  0.4508  0.166E-02      -1287.91  0.4885 -0.110E-02
         70.3972     -205.94  0.6323 -0.300E-01      -3408.57  0.4095  0.611E-03      -2016.47  0.4508  0.166E-02      -1287.87  0.4885 -0.110E-02
         70.5164     -211.06  0.6311 -0.300E-01      -3408.57  0.4095  0.611E-03      -2016.46  0.4508  0.166E-02      -1287.82  0.4885 -0.110E-02
         70.6715     -216.78  0.6297 -0.300E-01      -3408.56  0.4095  0.611E-03      -2016.44  0.4508  0.166E-02      -1287.76  0.4885 -0.110E-02
         70.8730     -223.20  0.6282 -0.300E-01      -3408.54  0.4095  0.611E-03      -2016.41  0.4508  0.166E-02      -1287.68  0.4885 -0.110E-02
         71.1350     -230.40  0.6265 -0.300E-01      -3408.53  0.4095  0.611E-03      -2016.38  0.4508  0.166E-02      -1287.58  0.4885 -0.110E-02
         71.4756     -238.81  0.6245 -0.300E-01      -3408.50  0.4095  0.611E-03      -2016.34  0.4508  0.166E-02      -1287.45  0.4885 -0.110E-02
         71.9184     -248.71  0.6223 -0.300E-01      -3408.48  0.4095  0.611E-03      -2016.28  0.4508  0.167E-02      -1287.27  0.4885 -0.110E-02
         72.4940     -259.61  0.6199 -0.300E-01      -3408.44  0.4095  0.611E-03      -2016.21  0.4508  0.167E-02      -1287.05  0.4885 -0.110E-02
         73.2446     -271.78  0.6172 -0.300E-01      -3408.39  0.4095  0.611E-03      -2016.11  0.4508  0.167E-02      -1286.76  0.4886 -0.110E-02
         74.2096     -284.95  0.6143 -0.300E-01      -3408.33  0.4095  0.611E-03      -2015.99  0.4508  0.167E-02      -1286.39  0.4886 -0.110E-02
         75.3677     -298.97  0.6113 -0.300E-01      -3408.25  0.4095  0.611E-03      -2015.84  0.4508  0.167E-02      -1285.95  0.4886 -0.110E-02
         76.9118     -316.03  0.6079 -0.300E-01      -3408.15  0.4095  0.611E-03      -2015.65  0.4508  0.167E-02      -1285.37  0.4886 -0.110E-02
         80.0000     -342.02  0.6028 -0.300E-01      -3407.95  0.4095  0.611E-03      -2015.25  0.4508  0.167E-02      -1284.23  0.4887 -0.111E-02
         80.0001     -341.93  0.6028 -0.203E-01      -3407.95  0.4095  0.611E-03      -2015.25  0.4508  0.167E-02      -1284.23  0.4887 -0.122E-02
         80.0002     -341.95  0.6028 -0.199E-01      -3407.95  0.4095  0.611E-03      -2015.25  0.4508  0.167E-02      -1284.23  0.4887 -0.122E-02
         80.0004     -341.94  0.6028 -0.206E-01      -3407.95  0.4095  0.611E-03      -2015.25  0.4508  0.167E-02      -1284.23  0.4887 -0.122E-02
         80.0006     -341.95  0.6028 -0.206E-01      -3407.95  0.4095  0.611E-03      -2015.25  0.4508  0.167E-02      -1284.23  0.4887 -0.122E-02
         80.0009     -341.95  0.6028 -0.204E-01      -3407.95  0.4095  0.611E-03      -2015.25  0.4508  0.167E-02      -1284.23  0.4887 -0.122E-02
         80.0013     -341.96  0.6028 -0.197E-01      -3407.95  0.4095  0.611E-03      -2015.25  0.4508  0.167E-02      -1284.23  0.4887 -0.122E-02
         80.0018     -341.96  0.6028 -0.202E-01      -3407.95  0.4095  0.611E-03      -2015.25  0.4508  0.167E-02      -1284.23  0.4887 -0.122E-02
         80.0024     -341.98  0.6028 -0.201E-01      -3407.95  0.4095  0.611E-03      -2015.25  0.4508  0.167E-02      -1284.23  0.4887 -0.984E-03
         80.0032     -341.99  0.6028 -0.198E-01      -3407.95  0.4095  0.611E-03      -2015.25  0.4508  0.167E-02      -1284.23  0.4887 -0.104E-02
         80.0043     -342.01  0.6028 -0.201E-01      -3407.95  0.4095  0.611E-03      -2015.25  0.4508  0.167E-02      -1284.23  0.4887 -0.108E-02
         80.0056     -342.04  0.6028 -0.201E-01      -3407.95  0.4095  0.611E-03      -2015.25  0.4508  0.167E-02      -1284.23  0.4887 -0.111E-02
         80.0074     -342.07  0.6028 -0.200E-01      -3407.95  0.4095  0.611E-03      -2015.25  0.4508  0.167E-02      -1284.23  0.4887 -0.114E-02
         80.0098     -342.11  0.6028 -0.200E-01      -3407.95  0.4095  0.611E-03      -2015.25  0.4508  0.167E-02      -1284.23  0.4887 -0.109E-02
         80.0128     -342.16  0.6028 -0.200E-01      -3407.95  0.4095  0.611E-03      -2015.25  0.4508  0.167E-02      -1284.23  0.4887 -0.112E-02
         80.0167     -342.24  0.6028 -0.200E-01      -3407.95  0.4095  0.611E-03      -2015.25  0.4508  0.167E-02      -1284.22  0.4887 -0.111E-02
         80.0218     -342.33  0.6028 -0.200E-01      -3407.95  0.4095  0.611E-03      -2015.25  0.4508  0.167E-02      -1284.22  0.4887 -0.111E-02
         80.0285     -342.44  0.6027 -0.200E-01      -3407.95  0.4095  0.611E-03      -2015.25  0.4508  0.167E-02      -1284.22  0.4887 -0.111E-02
         80.0372     -342.59  0.6027 -0.200E-01      -3407.95  0.4095  0.611E-03      -2015.25  0.4508  0.167E-02      -1284.22  0.4887 -0.110E-02
         80.0484     -342.79  0.6027 -0.200E-01      -3407.95  0.4095  0.611E-03      -2015.25  0.4508  0.167E-02      -1284.21  0.4887 -0.110E-02
         80.0630     -343.03  0.6026 -0.200E-01      -3407.94  0.4095  0.611E-03      -2015.24  0.4508  0.167E-02      -1284.21  0.4887 -0.111E-02
         80.0820     -343.34  0.6025 -0.200E-01      -3407.94  0.4095  0.611E-03      -2015.24  0.4508  0.167E-02      -1284.20  0.4887 -0.110E-02
         80.1067     -343.74  0.6025 -0.200E-01      -3407.94  0.4095  0.611E-03      -2015.24  0.4508  0.167E-02      -1284.19  0.4887 -0.111E-02
         80.1388     -344.23  0.6024 -0.200E-01      -3407.94  0.4095  0.611E-03      -2015.24  0.4508  0.167E-02      -1284.18  0.4887 -0.111E-02
         80.1806     -344.85  0.6023 -0.200E-01      -3407.94  0.4095  0.611E-03      -2015.23  0.4508  0.167E-02      -1284.16  0.4887 -0.111E-02
         80.2349     -345.61  0.6021 -0.200E-01      -3407.93  0.4095  0.611E-03      -2015.22  0.4508  0.167E-02      -1284.14  0.4887 -0.111E-02
         80.3054     -346.55  0.6019 -0.200E-01      -3407.93  0.4095  0.611E-03      -2015.21  0.4508  0.167E-02      -1284.12  0.4887 -0.111E-02
         80.3972     -347.70  0.6017 -0.200E-01      -3407.92  0.4095  0.611E-03      -2015.20  0.4508  0.167E-02      -1284.08  0.4887 -0.111E-02
         80.5164     -349.12  0.6014 -0.200E-01      -3407.91  0.4095  0.611E-03      -2015.19  0.4508  0.167E-02      -1284.04  0.4887 -0.111E-02
         80.6715     -350.86  0.6011 -0.200E-01      -3407.90  0.4095  0.611E-03      -2015.17  0.4508  0.167E-02      -1283.98  0.4887 -0.111E-02
         80.8730     -353.00  0.6006 -0.200E-01      -3407.89  0.4095  0.611E-03      -2015.14  0.4508  0.167E-02      -1283.91  0.4887 -0.111E-02
         81.1350     -355.63  0.6001 -0.200E-01      -3407.87  0.4095  0.611E-03      -2015.11  0.4508  0.167E-02      -1283.81  0.4887 -0.111E-02
         81.4756     -358.85  0.5995 -0.200E-01      -3407.85  0.4095  0.611E-03      -2015.06  0.4508  0.167E-02      -1283.69  0.4888 -0.111E-02
         81.9184     -362.81  0.5987 -0.200E-01      -3407.82  0.4095  0.611E-03      -2015.01  0.4508  0.167E-02      -1283.53  0.4888 -0.111E-02
         82.4940     -367.71  0.5977 -0.200E-01      -3407.78  0.4095  0.611E-03      -2014.93  0.4508  0.167E-02      -1283.32  0.4888 -0.111E-02
         83.2446     -373.75  0.5965 -0.200E-01      -3407.73  0.4095  0.611E-03      -2014.84  0.4508  0.167E-02      -1283.05  0.4888 -0.111E-02
         84.2096     -381.88  0.5951 -0.200E-01      -3407.67  0.4095  0.611E-03      -2014.71  0.4508  0.167E-02      -1282.70  0.4888 -0.111E-02
         85.3677     -390.92  0.5935 -0.200E-01      -3407.59  0.4095  0.611E-03      -2014.57  0.4508  0.167E-02      -1282.29  0.4888 -0.111E-02
         86.9118     -401.79  0.5916 -0.200E-01      -3407.49  0.4095  0.611E-03      -2014.37  0.4508  0.167E-02      -1281.74  0.4889 -0.111E-02
         90.0000     -420.17  0.5885 -0.200E-01      -3407.28  0.4095  0.611E-03      -2013.97  0.4509  0.167E-02      -1280.67  0.4889 -0.111E-02
         92.5000     -451.06  0.5834 -0.391E-07      -3407.12  0.4095  0.611E-03      -2013.64  0.4509  0.167E-02      -1279.82  0.4890 -0.111E-02
         96.2500     -480.52  0.5782  0.158E-07      -3406.86  0.4095  0.611E-03      -2013.16  0.4509  0.167E-02      -1278.56  0.4891 -0.112E-02
        100.0000     -509.41  0.5739 -0.158E-07      -3406.61  0.4095  0.611E-03      -2012.67  0.4509  0.167E-02      -1277.33  0.4891 -0.112E-02
        105.0000     -541.04  0.5693 -0.345E-07      -3406.27  0.4095  0.611E-03      -2012.02  0.4509  0.167E-02      -1275.72  0.4892 -0.112E-02
        110.0000     -568.37  0.5652 -0.265E-07      -3405.92  0.4095  0.611E-03      -2011.36  0.4510  0.167E-02      -1274.15  0.4893 -0.112E-02
        115.0000     -592.44  0.5616  0.128E-07      -3405.57  0.4096  0.611E-03      -2010.70  0.4510  0.167E-02      -1272.61  0.4894 -0.113E-02
        120.0000     -617.49  0.5584  0.629E-08      -3405.22  0.4096  0.611E-03      -2010.04  0.4510  0.168E-02      -1271.10  0.4895 -0.113E-02
end
