 ******* Program HYDRUS
 ******* 
 Welcome to HYDRUS-1D                                                    
 Date:  30. 8.    Time:  14: 3: 1
 Units: L = mm   , T = min  , M = mmol 

----------------------------------------------------------
 Time       [T]       10.0000
----------------------------------------------------------
 Sub-region num.                     1            2
----------------------------------------------------------
 Length   [L]        0.10000E+04  0.10000E+04  0.00000E+00
 W-volume [L]        0.46351E+03  0.46351E+03  0.00000E+00
 In-flow  [L/T]      0.00000E+00  0.00000E+00  0.00000E+00
 h Mean   [L]       -0.24372E+04 -0.24372E+04  0.00000E+00
 Top Flux [L/T]     -0.18117E-05
 Bot Flux [L/T]      0.66396E-03
----------------------------------------------------------

----------------------------------------------------------
 Time       [T]       10.0010
----------------------------------------------------------
 Sub-region num.                     1            2
----------------------------------------------------------
 Length   [L]        0.10000E+04  0.10000E+04  0.00000E+00
 W-volume [L]        0.46351E+03  0.46351E+03  0.00000E+00
 In-flow  [L/T]     -0.92718E-02 -0.92718E-02  0.00000E+00
 h Mean   [L]       -0.24372E+04 -0.24372E+04  0.00000E+00
 Top Flux [L/T]     -0.18117E-05
 Bot Flux [L/T]      0.66307E-03
 WatBalT  [L]        0.12719E-05
 WatBalR  [%]              1.647
----------------------------------------------------------

----------------------------------------------------------
 Time       [T]       20.0000
----------------------------------------------------------
 Sub-region num.                     1            2
----------------------------------------------------------
 Length   [L]        0.10000E+04  0.10000E+04  0.00000E+00
 W-volume [L]        0.46350E+03  0.46350E+03  0.00000E+00
 In-flow  [L/T]     -0.12458E-02 -0.12458E-02  0.00000E+00
 h Mean   [L]       -0.24278E+04 -0.24278E+04  0.00000E+00
 Top Flux [L/T]     -0.17226E-05
 Bot Flux [L/T]     -0.83200E-03
 WatBalT  [L]        0.59611E-04
 WatBalR  [%]              0.009
----------------------------------------------------------

----------------------------------------------------------
 Time       [T]       30.0000
----------------------------------------------------------
 Sub-region num.                     1            2
----------------------------------------------------------
 Length   [L]        0.10000E+04  0.10000E+04  0.00000E+00
 W-volume [L]        0.46348E+03  0.46348E+03  0.00000E+00
 In-flow  [L/T]     -0.12207E-02 -0.12207E-02  0.00000E+00
 h Mean   [L]       -0.24222E+04 -0.24222E+04  0.00000E+00
 Top Flux [L/T]     -0.16383E-05
 Bot Flux [L/T]     -0.94053E-03
 WatBalT  [L]       -0.80163E-04
 WatBalR  [%]              0.007
----------------------------------------------------------

----------------------------------------------------------
 Time       [T]       40.0000
----------------------------------------------------------
 Sub-region num.                     1            2
----------------------------------------------------------
 Length   [L]        0.10000E+04  0.10000E+04  0.00000E+00
 W-volume [L]        0.46597E+03  0.46597E+03  0.00000E+00
 In-flow  [L/T]      0.24880E+00  0.24880E+00  0.00000E+00
 h Mean   [L]       -0.22987E+04 -0.22987E+04  0.00000E+00
 Top Flux [L/T]     -0.20126E+00
 Bot Flux [L/T]     -0.97773E-03
 WatBalT  [L]        0.13137E-03
 WatBalR  [%]              0.003
----------------------------------------------------------

----------------------------------------------------------
 Time       [T]       50.0000
----------------------------------------------------------
 Sub-region num.                     1            2
----------------------------------------------------------
 Length   [L]        0.10000E+04  0.10000E+04  0.00000E+00
 W-volume [L]        0.46766E+03  0.46766E+03  0.00000E+00
 In-flow  [L/T]      0.16882E+00  0.16882E+00  0.00000E+00
 h Mean   [L]       -0.22294E+04 -0.22294E+04  0.00000E+00
 Top Flux [L/T]     -0.15513E+00
 Bot Flux [L/T]     -0.98951E-03
 WatBalT  [L]        0.42915E-05
 WatBalR  [%]              0.000
----------------------------------------------------------

----------------------------------------------------------
 Time       [T]       60.0000
----------------------------------------------------------
 Sub-region num.                     1            2
----------------------------------------------------------
 Length   [L]        0.10000E+04  0.10000E+04  0.00000E+00
 W-volume [L]        0.46925E+03  0.46925E+03  0.00000E+00
 In-flow  [L/T]      0.15883E+00  0.15883E+00  0.00000E+00
 h Mean   [L]       -0.21738E+04 -0.21738E+04  0.00000E+00
 Top Flux [L/T]     -0.15064E+00
 Bot Flux [L/T]     -0.99289E-03
 WatBalT  [L]       -0.89169E-04
 WatBalR  [%]              0.001
----------------------------------------------------------

----------------------------------------------------------
 Time       [T]       70.0000
----------------------------------------------------------
 Sub-region num.                     1            2
----------------------------------------------------------
 Length   [L]        0.10000E+04  0.10000E+04  0.00000E+00
 W-volume [L]        0.47124E+03  0.47124E+03  0.00000E+00
 In-flow  [L/T]      0.19885E+00  0.19885E+00  0.00000E+00
 h Mean   [L]       -0.21215E+04 -0.21215E+04  0.00000E+00
 Top Flux [L/T]     -0.19267E+00
 Bot Flux [L/T]     -0.98984E-03
 WatBalT  [L]        0.35763E-04
 WatBalR  [%]              0.000
----------------------------------------------------------

----------------------------------------------------------
 Time       [T]       80.0000
----------------------------------------------------------
 Sub-region num.                     1            2
----------------------------------------------------------
 Length   [L]        0.10000E+04  0.10000E+04  0.00000E+00
 W-volume [L]        0.47362E+03  0.47362E+03  0.00000E+00
 In-flow  [L/T]      0.23886E+00  0.23886E+00  0.00000E+00
 h Mean   [L]       -0.20637E+04 -0.20637E+04  0.00000E+00
 Top Flux [L/T]     -0.23415E+00
 Bot Flux [L/T]     -0.98094E-03
 WatBalT  [L]       -0.52452E-04
 WatBalR  [%]              0.000
----------------------------------------------------------

----------------------------------------------------------
 Time       [T]       90.0000
----------------------------------------------------------
 Sub-region num.                     1            2
----------------------------------------------------------
 Length   [L]        0.10000E+04  0.10000E+04  0.00000E+00
 W-volume [L]        0.47571E+03  0.47571E+03  0.00000E+00
 In-flow  [L/T]      0.20887E+00  0.20887E+00  0.00000E+00
 h Mean   [L]       -0.20164E+04 -0.20164E+04  0.00000E+00
 Top Flux [L/T]     -0.20728E+00
 Bot Flux [L/T]     -0.98409E-03
 WatBalT  [L]       -0.10109E-03
 WatBalR  [%]              0.001
----------------------------------------------------------

----------------------------------------------------------
 Time       [T]      100.0000
----------------------------------------------------------
 Sub-region num.                     1            2
----------------------------------------------------------
 Length   [L]        0.10000E+04  0.10000E+04  0.00000E+00
 W-volume [L]        0.47740E+03  0.47740E+03  0.00000E+00
 In-flow  [L/T]      0.16888E+00  0.16888E+00  0.00000E+00
 h Mean   [L]       -0.19762E+04 -0.19762E+04  0.00000E+00
 Top Flux [L/T]     -0.16853E+00
 Bot Flux [L/T]     -0.99705E-03
 WatBalT  [L]       -0.61989E-04
 WatBalR  [%]              0.000
----------------------------------------------------------

----------------------------------------------------------
 Time       [T]      110.0000
----------------------------------------------------------
 Sub-region num.                     1            2
----------------------------------------------------------
 Length   [L]        0.10000E+04  0.10000E+04  0.00000E+00
 W-volume [L]        0.47799E+03  0.47799E+03  0.00000E+00
 In-flow  [L/T]      0.58886E-01  0.58886E-01  0.00000E+00
 h Mean   [L]       -0.19433E+04 -0.19433E+04  0.00000E+00
 Top Flux [L/T]     -0.64068E-01
 Bot Flux [L/T]     -0.10007E-02
 WatBalT  [L]        0.28610E-04
 WatBalR  [%]              0.000
----------------------------------------------------------

----------------------------------------------------------
 Time       [T]      120.0000
----------------------------------------------------------
 Sub-region num.                     1            2
----------------------------------------------------------
 Length   [L]        0.10000E+04  0.10000E+04  0.00000E+00
 W-volume [L]        0.47858E+03  0.47858E+03  0.00000E+00
 In-flow  [L/T]      0.58891E-01  0.58891E-01  0.00000E+00
 h Mean   [L]       -0.19123E+04 -0.19123E+04  0.00000E+00
 Top Flux [L/T]     -0.61444E-01
 Bot Flux [L/T]     -0.10022E-02
 WatBalT  [L]       -0.34332E-04
 WatBalR  [%]              0.000
----------------------------------------------------------

----------------------------------------------------------
 Time       [T]      130.0000
----------------------------------------------------------
 Sub-region num.                     1            2
----------------------------------------------------------
 Length   [L]        0.10000E+04  0.10000E+04  0.00000E+00
 W-volume [L]        0.47957E+03  0.47957E+03  0.00000E+00
 In-flow  [L/T]      0.98899E-01  0.98899E-01  0.00000E+00
 h Mean   [L]       -0.18830E+04 -0.18830E+04  0.00000E+00
 Top Flux [L/T]     -0.97900E-01
 Bot Flux [L/T]     -0.10027E-02
 WatBalT  [L]       -0.19073E-05
 WatBalR  [%]              0.000
----------------------------------------------------------

----------------------------------------------------------
 Time       [T]      140.0000
----------------------------------------------------------
 Sub-region num.                     1            2
----------------------------------------------------------
 Length   [L]        0.10000E+04  0.10000E+04  0.00000E+00
 W-volume [L]        0.48256E+03  0.48256E+03  0.00000E+00
 In-flow  [L/T]      0.29890E+00  0.29890E+00  0.00000E+00
 h Mean   [L]       -0.18444E+04 -0.18444E+04  0.00000E+00
 Top Flux [L/T]     -0.29753E+00
 Bot Flux [L/T]     -0.10027E-02
 WatBalT  [L]        0.43869E-04
 WatBalR  [%]              0.000
----------------------------------------------------------

----------------------------------------------------------
 Time       [T]      150.0000
----------------------------------------------------------
 Sub-region num.                     1            2
----------------------------------------------------------
 Length   [L]        0.10000E+04  0.10000E+04  0.00000E+00
 W-volume [L]        0.48650E+03  0.48650E+03  0.00000E+00
 In-flow  [L/T]      0.37285E+00  0.37285E+00  0.00000E+00
 h Mean   [L]       -0.17875E+04 -0.17875E+04  0.00000E+00
 Top Flux [L/T]     -0.38571E+00
 Bot Flux [L/T]     -0.10022E-02
 WatBalT  [L]       -0.87738E-04
 WatBalR  [%]              0.000
----------------------------------------------------------

----------------------------------------------------------
 Time       [T]      160.0000
----------------------------------------------------------
 Sub-region num.                     1            2
----------------------------------------------------------
 Length   [L]        0.10000E+04  0.10000E+04  0.00000E+00
 W-volume [L]        0.49072E+03  0.49072E+03  0.00000E+00
 In-flow  [L/T]      0.40244E+00  0.40244E+00  0.00000E+00
 h Mean   [L]       -0.17125E+04 -0.17125E+04  0.00000E+00
 Top Flux [L/T]     -0.40457E+00
 Bot Flux [L/T]     -0.10009E-02
 WatBalT  [L]        0.95367E-04
 WatBalR  [%]              0.000
----------------------------------------------------------

----------------------------------------------------------
 Time       [T]      170.0000
----------------------------------------------------------
 Sub-region num.                     1            2
----------------------------------------------------------
 Length   [L]        0.10000E+04  0.10000E+04  0.00000E+00
 W-volume [L]        0.49101E+03  0.49101E+03  0.00000E+00
 In-flow  [L/T]      0.28918E-01  0.28918E-01  0.00000E+00
 h Mean   [L]       -0.16533E+04 -0.16533E+04  0.00000E+00
 Top Flux [L/T]     -0.38044E-01
 Bot Flux [L/T]     -0.10010E-02
 WatBalT  [L]        0.47684E-04
 WatBalR  [%]              0.000
----------------------------------------------------------

----------------------------------------------------------
 Time       [T]      180.0000
----------------------------------------------------------
 Sub-region num.                     1            2
----------------------------------------------------------
 Length   [L]        0.10000E+04  0.10000E+04  0.00000E+00
 W-volume [L]        0.49099E+03  0.49099E+03  0.00000E+00
 In-flow  [L/T]     -0.10790E-02 -0.10790E-02  0.00000E+00
 h Mean   [L]       -0.16137E+04 -0.16137E+04  0.00000E+00
 Top Flux [L/T]     -0.88035E-02
 Bot Flux [L/T]     -0.10001E-02
 WatBalT  [L]       -0.38147E-04
 WatBalR  [%]              0.000
----------------------------------------------------------

----------------------------------------------------------
 Time       [T]      190.0000
----------------------------------------------------------
 Sub-region num.                     1            2
----------------------------------------------------------
 Length   [L]        0.10000E+04  0.10000E+04  0.00000E+00
 W-volume [L]        0.49098E+03  0.49098E+03  0.00000E+00
 In-flow  [L/T]     -0.10762E-02 -0.10762E-02  0.00000E+00
 h Mean   [L]       -0.15846E+04 -0.15846E+04  0.00000E+00
 Top Flux [L/T]     -0.62551E-02
 Bot Flux [L/T]     -0.99919E-03
 WatBalT  [L]       -0.95367E-05
 WatBalR  [%]              0.000
----------------------------------------------------------

----------------------------------------------------------
 Time       [T]      200.0000
----------------------------------------------------------
 Sub-region num.                     1            2
----------------------------------------------------------
 Length   [L]        0.10000E+04  0.10000E+04  0.00000E+00
 W-volume [L]        0.49097E+03  0.49097E+03  0.00000E+00
 In-flow  [L/T]     -0.10716E-02 -0.10716E-02  0.00000E+00
 h Mean   [L]       -0.15614E+04 -0.15614E+04  0.00000E+00
 Top Flux [L/T]     -0.49846E-02
 Bot Flux [L/T]     -0.99830E-03
 WatBalT  [L]       -0.83923E-04
 WatBalR  [%]              0.000
----------------------------------------------------------
 
 Calculation time [sec]  0.490000024437904     
