 ******* Program HYDRUS
 ******* 
 Welcome to HYDRUS-1D                                                    
 Date:  30. 8.    Time:  14: 3: 1
 Units: L = mm   , T = min  , M = mmol 


    TLevel      Time          dt      Iter    ItCum  KodT  KodB  Convergency

        1  0.1000010E+02  0.10000E-03    2        2    -4    -5     T
        2  0.1000023E+02  0.12857E-03    2        4    -4    -5     T
        3  0.1000038E+02  0.15429E-03    2        6    -4    -5     T
        4  0.1000059E+02  0.20571E-03    2        8    -4    -5     T
        5  0.1000100E+02  0.41143E-03    2       10    -4    -5     T
        6  0.1000137E+02  0.37129E-03    2       12    -4    -5     T
        7  0.1000185E+02  0.48268E-03    2       14    -4    -5     T
        8  0.1000248E+02  0.62748E-03    2       16    -4    -5     T
        9  0.1000330E+02  0.81573E-03    2       18    -4    -5     T
       10  0.1000436E+02  0.10604E-02    2       20    -4    -5     T
       11  0.1000574E+02  0.13786E-02    2       22    -4    -5     T
       12  0.1000753E+02  0.17922E-02    2       24    -4    -5     T
       13  0.1000986E+02  0.23298E-02    2       26    -4    -5     T
       14  0.1001289E+02  0.30287E-02    2       28    -4    -5     T
       15  0.1001682E+02  0.39374E-02    2       30    -4    -5     T
       16  0.1002194E+02  0.51186E-02    2       32    -4    -5     T
       17  0.1002860E+02  0.66542E-02    2       34    -4    -5     T
       18  0.1003725E+02  0.86504E-02    2       36    -4    -5     T
       19  0.1004849E+02  0.11246E-01    2       38    -4    -5     T
       20  0.1006311E+02  0.14619E-01    2       40    -4    -5     T
       21  0.1008212E+02  0.19005E-01    2       42    -4    -5     T
       22  0.1010682E+02  0.24706E-01    2       44    -4    -5     T
       23  0.1013894E+02  0.32118E-01    2       46    -4    -5     T
       24  0.1018070E+02  0.41754E-01    2       48    -4    -5     T
       25  0.1023498E+02  0.54280E-01    2       50    -4    -5     T
       26  0.1030554E+02  0.70564E-01    2       52    -4    -5     T
       27  0.1039727E+02  0.91733E-01    2       54    -4    -5     T
       28  0.1051653E+02  0.11925E+00    2       56    -4    -5     T
       29  0.1067156E+02  0.15503E+00    2       58    -4    -5     T
       30  0.1087309E+02  0.20154E+00    2       60    -4    -5     T
       31  0.1113509E+02  0.26200E+00    2       62    -4    -5     T
       32  0.1147569E+02  0.34060E+00    2       64    -4    -5     T
       33  0.1191847E+02  0.44278E+00    2       66    -4    -5     T
       34  0.1249408E+02  0.57561E+00    2       68    -4    -5     T
       35  0.1324467E+02  0.75059E+00    2       70    -4    -5     T
       36  0.1420972E+02  0.96505E+00    2       72    -4    -5     T
       37  0.1536778E+02  0.11581E+01    2       74    -4    -5     T
       38  0.1691185E+02  0.15441E+01    2       76    -4    -5     T
       39  0.2000000E+02  0.30881E+01    2       78    -4    -5     T
       40  0.2250000E+02  0.25000E+01    2       80    -4    -5     T
       41  0.2625000E+02  0.37500E+01    2       82    -4    -5     T
       42  0.3000000E+02  0.37500E+01    2       84    -4    -5     T
       43  0.3000010E+02  0.10000E-03    2       86    -4    -5     T
       44  0.3000023E+02  0.13000E-03    2       88    -4    -5     T
       45  0.3000040E+02  0.16900E-03    2       90    -4    -5     T
       46  0.3000062E+02  0.21970E-03    2       92    -4    -5     T
       47  0.3000090E+02  0.28561E-03    2       94    -4    -5     T
       48  0.3000128E+02  0.37129E-03    2       96    -4    -5     T
       49  0.3000176E+02  0.48268E-03    2       98    -4    -5     T
       50  0.3000239E+02  0.62748E-03    2      100    -4    -5     T
       51  0.3000320E+02  0.81573E-03    2      102    -4    -5     T
       52  0.3000426E+02  0.10604E-02    2      104    -4    -5     T
       53  0.3000564E+02  0.13786E-02    2      106    -4    -5     T
       54  0.3000743E+02  0.17922E-02    2      108    -4    -5     T
       55  0.3000976E+02  0.23298E-02    2      110    -4    -5     T
       56  0.3001279E+02  0.30287E-02    2      112    -4    -5     T
       57  0.3001673E+02  0.39374E-02    2      114    -4    -5     T
       58  0.3002185E+02  0.51186E-02    2      116    -4    -5     T
       59  0.3002850E+02  0.66542E-02    2      118    -4    -5     T
       60  0.3003715E+02  0.86504E-02    2      120    -4    -5     T
       61  0.3004840E+02  0.11246E-01    2      122    -4    -5     T
       62  0.3006302E+02  0.14619E-01    2      124    -4    -5     T
       63  0.3008202E+02  0.19005E-01    2      126    -4    -5     T
       64  0.3010673E+02  0.24706E-01    2      128    -4    -5     T
       65  0.3013885E+02  0.32118E-01    2      130    -4    -5     T
       66  0.3018060E+02  0.41754E-01    2      132    -4    -5     T
       67  0.3023488E+02  0.54280E-01    2      134    -4    -5     T
       68  0.3030544E+02  0.70564E-01    2      136    -4    -5     T
       69  0.3039718E+02  0.91733E-01    2      138    -4    -5     T
       70  0.3051643E+02  0.11925E+00    2      140    -4    -5     T
       71  0.3067146E+02  0.15503E+00    2      142    -4    -5     T
       72  0.3087300E+02  0.20154E+00    2      144    -4    -5     T
       73  0.3113500E+02  0.26200E+00    2      146    -4    -5     T
       74  0.3147560E+02  0.34060E+00    3      149    -4    -5     T
       75  0.3191837E+02  0.44278E+00    4      153    -4    -5     T
       76  0.3236115E+02  0.44278E+00    4      157    -4    -5     T
       77  0.3280393E+02  0.44278E+00    4      161    -4    -5     T
       78  0.3324671E+02  0.44278E+00    4      165    -4    -5     T
       79  0.3368949E+02  0.44278E+00    2      167    -4    -5     T
       80  0.3426510E+02  0.57561E+00    3      170    -4    -5     T
       81  0.3498196E+02  0.71686E+00    4      174    -4    -5     T
       82  0.3569883E+02  0.71686E+00    3      177    -4    -5     T
       83  0.3677412E+02  0.10753E+01    5      182    -4    -5     T
       84  0.3784941E+02  0.10753E+01    4      186    -4    -5     T
       85  0.3892471E+02  0.10753E+01    4      190    -4    -5     T
       86  0.4000000E+02  0.10753E+01    4      194    -4    -5     T
       87  0.4000010E+02  0.10000E-03    2      196    -4    -5     T
       88  0.4000023E+02  0.13000E-03    2      198    -4    -5     T
       89  0.4000040E+02  0.16900E-03    2      200    -4    -5     T
       90  0.4000062E+02  0.21970E-03    2      202    -4    -5     T
       91  0.4000090E+02  0.28561E-03    2      204    -4    -5     T
       92  0.4000128E+02  0.37129E-03    2      206    -4    -5     T
       93  0.4000176E+02  0.48268E-03    2      208    -4    -5     T
       94  0.4000239E+02  0.62748E-03    2      210    -4    -5     T
       95  0.4000320E+02  0.81573E-03    2      212    -4    -5     T
       96  0.4000426E+02  0.10604E-02    2      214    -4    -5     T
       97  0.4000564E+02  0.13786E-02    2      216    -4    -5     T
       98  0.4000743E+02  0.17922E-02    2      218    -4    -5     T
       99  0.4000976E+02  0.23298E-02    2      220    -4    -5     T
      100  0.4001279E+02  0.30287E-02    2      222    -4    -5     T
      101  0.4001673E+02  0.39374E-02    2      224    -4    -5     T
      102  0.4002185E+02  0.51186E-02    2      226    -4    -5     T
      103  0.4002850E+02  0.66542E-02    2      228    -4    -5     T
      104  0.4003715E+02  0.86504E-02    2      230    -4    -5     T
      105  0.4004840E+02  0.11246E-01    2      232    -4    -5     T
      106  0.4006302E+02  0.14619E-01    2      234    -4    -5     T
      107  0.4008202E+02  0.19005E-01    2      236    -4    -5     T
      108  0.4010673E+02  0.24706E-01    2      238    -4    -5     T
      109  0.4013885E+02  0.32118E-01    2      240    -4    -5     T
      110  0.4018060E+02  0.41754E-01    2      242    -4    -5     T
      111  0.4023488E+02  0.54280E-01    2      244    -4    -5     T
      112  0.4030544E+02  0.70564E-01    2      246    -4    -5     T
      113  0.4039718E+02  0.91733E-01    2      248    -4    -5     T
      114  0.4051643E+02  0.11925E+00    2      250    -4    -5     T
      115  0.4067146E+02  0.15503E+00    2      252    -4    -5     T
      116  0.4087300E+02  0.20154E+00    2      254    -4    -5     T
      117  0.4113500E+02  0.26200E+00    2      256    -4    -5     T
      118  0.4147560E+02  0.34060E+00    2      258    -4    -5     T
      119  0.4191837E+02  0.44278E+00    2      260    -4    -5     T
      120  0.4249399E+02  0.57561E+00    2      262    -4    -5     T
      121  0.4324459E+02  0.75060E+00    2      264    -4    -5     T
      122  0.4420965E+02  0.96506E+00    2      266    -4    -5     T
      123  0.4536772E+02  0.11581E+01    3      269    -4    -5     T
      124  0.4691181E+02  0.15441E+01    3      272    -4    -5     T
      125  0.5000000E+02  0.30882E+01    5      277    -4    -5     T
      126  0.5200000E+02  0.20000E+01    5      282    -4    -5     T
      127  0.5400000E+02  0.20000E+01    3      285    -4    -5     T
      128  0.5700000E+02  0.30000E+01    5      290    -4    -5     T
      129  0.6000000E+02  0.30000E+01    4      294    -4    -5     T
      130  0.6000010E+02  0.10000E-03    2      296    -4    -5     T
      131  0.6000023E+02  0.13000E-03    2      298    -4    -5     T
      132  0.6000040E+02  0.16900E-03    2      300    -4    -5     T
      133  0.6000062E+02  0.21970E-03    2      302    -4    -5     T
      134  0.6000090E+02  0.28561E-03    2      304    -4    -5     T
      135  0.6000128E+02  0.37129E-03    2      306    -4    -5     T
      136  0.6000176E+02  0.48268E-03    2      308    -4    -5     T
      137  0.6000239E+02  0.62748E-03    2      310    -4    -5     T
      138  0.6000320E+02  0.81573E-03    2      312    -4    -5     T
      139  0.6000426E+02  0.10604E-02    2      314    -4    -5     T
      140  0.6000564E+02  0.13786E-02    2      316    -4    -5     T
      141  0.6000743E+02  0.17922E-02    2      318    -4    -5     T
      142  0.6000976E+02  0.23298E-02    2      320    -4    -5     T
      143  0.6001279E+02  0.30287E-02    2      322    -4    -5     T
      144  0.6001673E+02  0.39374E-02    2      324    -4    -5     T
      145  0.6002185E+02  0.51186E-02    2      326    -4    -5     T
      146  0.6002850E+02  0.66542E-02    2      328    -4    -5     T
      147  0.6003715E+02  0.86504E-02    2      330    -4    -5     T
      148  0.6004840E+02  0.11246E-01    2      332    -4    -5     T
      149  0.6006302E+02  0.14619E-01    2      334    -4    -5     T
      150  0.6008202E+02  0.19005E-01    2      336    -4    -5     T
      151  0.6010673E+02  0.24706E-01    2      338    -4    -5     T
      152  0.6013885E+02  0.32118E-01    2      340    -4    -5     T
      153  0.6018060E+02  0.41754E-01    2      342    -4    -5     T
      154  0.6023488E+02  0.54280E-01    2      344    -4    -5     T
      155  0.6030544E+02  0.70564E-01    2      346    -4    -5     T
      156  0.6039718E+02  0.91733E-01    2      348    -4    -5     T
      157  0.6051643E+02  0.11925E+00    2      350    -4    -5     T
      158  0.6067146E+02  0.15503E+00    2      352    -4    -5     T
      159  0.6087300E+02  0.20154E+00    2      354    -4    -5     T
      160  0.6113500E+02  0.26200E+00    2      356    -4    -5     T
      161  0.6147560E+02  0.34060E+00    2      358    -4    -5     T
      162  0.6191837E+02  0.44278E+00    2      360    -4    -5     T
      163  0.6249399E+02  0.57561E+00    2      362    -4    -5     T
      164  0.6324459E+02  0.75060E+00    2      364    -4    -5     T
      165  0.6420965E+02  0.96506E+00    2      366    -4    -5     T
      166  0.6536772E+02  0.11581E+01    2      368    -4    -5     T
      167  0.6691181E+02  0.15441E+01    2      370    -4    -5     T
      168  0.7000000E+02  0.30882E+01    5      375    -4    -5     T
      169  0.7200000E+02  0.20000E+01    5      380    -4    -5     T
      170  0.7400000E+02  0.20000E+01    4      384    -4    -5     T
      171  0.7600000E+02  0.20000E+01    4      388    -4    -5     T
      172  0.7800000E+02  0.20000E+01    4      392    -4    -5     T
      173  0.8000000E+02  0.20000E+01    4      396    -4    -5     T
      174  0.8200000E+02  0.20000E+01    5      401    -4    -5     T
      175  0.8400000E+02  0.20000E+01    3      404    -4    -5     T
      176  0.8700000E+02  0.30000E+01    5      409    -4    -5     T
      177  0.9000000E+02  0.30000E+01    5      414    -4    -5     T
      178  0.9000010E+02  0.10000E-03    2      416    -4    -5     T
      179  0.9000023E+02  0.13000E-03    2      418    -4    -5     T
      180  0.9000040E+02  0.16900E-03    2      420    -4    -5     T
      181  0.9000062E+02  0.21970E-03    2      422    -4    -5     T
      182  0.9000090E+02  0.28561E-03    2      424    -4    -5     T
      183  0.9000128E+02  0.37129E-03    2      426    -4    -5     T
      184  0.9000176E+02  0.48268E-03    2      428    -4    -5     T
      185  0.9000239E+02  0.62748E-03    2      430    -4    -5     T
      186  0.9000320E+02  0.81573E-03    2      432    -4    -5     T
      187  0.9000426E+02  0.10604E-02    2      434    -4    -5     T
      188  0.9000564E+02  0.13786E-02    2      436    -4    -5     T
      189  0.9000743E+02  0.17922E-02    2      438    -4    -5     T
      190  0.9000976E+02  0.23298E-02    2      440    -4    -5     T
      191  0.9001279E+02  0.30287E-02    2      442    -4    -5     T
      192  0.9001673E+02  0.39374E-02    2      444    -4    -5     T
      193  0.9002185E+02  0.51186E-02    2      446    -4    -5     T
      194  0.9002850E+02  0.66542E-02    2      448    -4    -5     T
      195  0.9003715E+02  0.86504E-02    2      450    -4    -5     T
      196  0.9004840E+02  0.11246E-01    2      452    -4    -5     T
      197  0.9006302E+02  0.14619E-01    2      454    -4    -5     T
      198  0.9008202E+02  0.19005E-01    2      456    -4    -5     T
      199  0.9010673E+02  0.24706E-01    2      458    -4    -5     T
      200  0.9013885E+02  0.32118E-01    2      460    -4    -5     T
      201  0.9018060E+02  0.41754E-01    2      462    -4    -5     T
      202  0.9023488E+02  0.54280E-01    2      464    -4    -5     T
      203  0.9030544E+02  0.70564E-01    2      466    -4    -5     T
      204  0.9039718E+02  0.91733E-01    2      468    -4    -5     T
      205  0.9051643E+02  0.11925E+00    2      470    -4    -5     T
      206  0.9067146E+02  0.15503E+00    2      472    -4    -5     T
      207  0.9087300E+02  0.20154E+00    2      474    -4    -5     T
      208  0.9113500E+02  0.26200E+00    2      476    -4    -5     T
      209  0.9147560E+02  0.34060E+00    2      478    -4    -5     T
      210  0.9191837E+02  0.44278E+00    2      480    -4    -5     T
      211  0.9249399E+02  0.57561E+00    2      482    -4    -5     T
      212  0.9324459E+02  0.75060E+00    2      484    -4    -5     T
      213  0.9420965E+02  0.96506E+00    2      486    -4    -5     T
      214  0.9536772E+02  0.11581E+01    2      488    -4    -5     T
      215  0.9691181E+02  0.15441E+01    2      490    -4    -5     T
      216  0.1000000E+03  0.30882E+01    3      493    -4    -5     T
      217  0.1000001E+03  0.10000E-03    2      495    -4    -5     T
      218  0.1000002E+03  0.13000E-03    2      497    -4    -5     T
      219  0.1000004E+03  0.16900E-03    2      499    -4    -5     T
      220  0.1000006E+03  0.21970E-03    2      501    -4    -5     T
      221  0.1000009E+03  0.28561E-03    2      503    -4    -5     T
      222  0.1000013E+03  0.37129E-03    2      505    -4    -5     T
      223  0.1000018E+03  0.48268E-03    2      507    -4    -5     T
      224  0.1000024E+03  0.62748E-03    2      509    -4    -5     T
      225  0.1000032E+03  0.81573E-03    2      511    -4    -5     T
      226  0.1000043E+03  0.10604E-02    2      513    -4    -5     T
      227  0.1000056E+03  0.13786E-02    2      515    -4    -5     T
      228  0.1000074E+03  0.17922E-02    2      517    -4    -5     T
      229  0.1000098E+03  0.23298E-02    2      519    -4    -5     T
      230  0.1000128E+03  0.30287E-02    2      521    -4    -5     T
      231  0.1000167E+03  0.39374E-02    2      523    -4    -5     T
      232  0.1000218E+03  0.51186E-02    2      525    -4    -5     T
      233  0.1000285E+03  0.66542E-02    2      527    -4    -5     T
      234  0.1000372E+03  0.86504E-02    2      529    -4    -5     T
      235  0.1000484E+03  0.11246E-01    2      531    -4    -5     T
      236  0.1000630E+03  0.14619E-01    2      533    -4    -5     T
      237  0.1000820E+03  0.19005E-01    2      535    -4    -5     T
      238  0.1001067E+03  0.24706E-01    2      537    -4    -5     T
      239  0.1001388E+03  0.32118E-01    2      539    -4    -5     T
      240  0.1001806E+03  0.41754E-01    2      541    -4    -5     T
      241  0.1002349E+03  0.54280E-01    2      543    -4    -5     T
      242  0.1003054E+03  0.70564E-01    2      545    -4    -5     T
      243  0.1003972E+03  0.91733E-01    2      547    -4    -5     T
      244  0.1005164E+03  0.11925E+00    2      549    -4    -5     T
      245  0.1006715E+03  0.15503E+00    2      551    -4    -5     T
      246  0.1008730E+03  0.20154E+00    2      553    -4    -5     T
      247  0.1011350E+03  0.26200E+00    2      555    -4    -5     T
      248  0.1014756E+03  0.34060E+00    2      557    -4    -5     T
      249  0.1019184E+03  0.44278E+00    2      559    -4    -5     T
      250  0.1024940E+03  0.57561E+00    2      561    -4    -5     T
      251  0.1032446E+03  0.75060E+00    2      563    -4    -5     T
      252  0.1042096E+03  0.96506E+00    2      565    -4    -5     T
      253  0.1053677E+03  0.11581E+01    2      567    -4    -5     T
      254  0.1069118E+03  0.15441E+01    2      569    -4    -5     T
      255  0.1100000E+03  0.30882E+01    3      572    -4    -5     T
      256  0.1125000E+03  0.25000E+01    2      574    -4    -5     T
      257  0.1162500E+03  0.37500E+01    4      578    -4    -5     T
      258  0.1200000E+03  0.37500E+01    3      581    -4    -5     T
      259  0.1200001E+03  0.10000E-03    2      583    -4    -5     T
      260  0.1200002E+03  0.13000E-03    2      585    -4    -5     T
      261  0.1200004E+03  0.16900E-03    2      587    -4    -5     T
      262  0.1200006E+03  0.21970E-03    2      589    -4    -5     T
      263  0.1200009E+03  0.28561E-03    2      591    -4    -5     T
      264  0.1200013E+03  0.37129E-03    2      593    -4    -5     T
      265  0.1200018E+03  0.48268E-03    2      595    -4    -5     T
      266  0.1200024E+03  0.62748E-03    2      597    -4    -5     T
      267  0.1200032E+03  0.81573E-03    2      599    -4    -5     T
      268  0.1200043E+03  0.10604E-02    2      601    -4    -5     T
      269  0.1200056E+03  0.13786E-02    2      603    -4    -5     T
      270  0.1200074E+03  0.17922E-02    2      605    -4    -5     T
      271  0.1200098E+03  0.23298E-02    2      607    -4    -5     T
      272  0.1200128E+03  0.30287E-02    2      609    -4    -5     T
      273  0.1200167E+03  0.39374E-02    2      611    -4    -5     T
      274  0.1200218E+03  0.51186E-02    2      613    -4    -5     T
      275  0.1200285E+03  0.66542E-02    2      615    -4    -5     T
      276  0.1200372E+03  0.86504E-02    2      617    -4    -5     T
      277  0.1200484E+03  0.11246E-01    2      619    -4    -5     T
      278  0.1200630E+03  0.14619E-01    2      621    -4    -5     T
      279  0.1200820E+03  0.19005E-01    2      623    -4    -5     T
      280  0.1201067E+03  0.24706E-01    2      625    -4    -5     T
      281  0.1201388E+03  0.32118E-01    2      627    -4    -5     T
      282  0.1201806E+03  0.41754E-01    2      629    -4    -5     T
      283  0.1202349E+03  0.54280E-01    2      631    -4    -5     T
      284  0.1203054E+03  0.70564E-01    2      633    -4    -5     T
      285  0.1203972E+03  0.91733E-01    2      635    -4    -5     T
      286  0.1205164E+03  0.11925E+00    2      637    -4    -5     T
      287  0.1206715E+03  0.15503E+00    2      639    -4    -5     T
      288  0.1208730E+03  0.20154E+00    2      641    -4    -5     T
      289  0.1211350E+03  0.26200E+00    2      643    -4    -5     T
      290  0.1214756E+03  0.34060E+00    2      645    -4    -5     T
      291  0.1219184E+03  0.44278E+00    2      647    -4    -5     T
      292  0.1224940E+03  0.57561E+00    2      649    -4    -5     T
      293  0.1232446E+03  0.75060E+00    2      651    -4    -5     T
      294  0.1242096E+03  0.96506E+00    2      653    -4    -5     T
      295  0.1253677E+03  0.11581E+01    2      655    -4    -5     T
      296  0.1269118E+03  0.15441E+01    2      657    -4    -5     T
      297  0.1300000E+03  0.30882E+01    2      659    -4    -5     T
      298  0.1300001E+03  0.10000E-03    2      661    -4    -5     T
      299  0.1300002E+03  0.13000E-03    2      663    -4    -5     T
      300  0.1300004E+03  0.16900E-03    2      665    -4    -5     T
      301  0.1300006E+03  0.21970E-03    2      667    -4    -5     T
      302  0.1300009E+03  0.28561E-03    2      669    -4    -5     T
      303  0.1300013E+03  0.37129E-03    2      671    -4    -5     T
      304  0.1300018E+03  0.48268E-03    2      673    -4    -5     T
      305  0.1300024E+03  0.62748E-03    2      675    -4    -5     T
      306  0.1300032E+03  0.81573E-03    2      677    -4    -5     T
      307  0.1300043E+03  0.10604E-02    2      679    -4    -5     T
      308  0.1300056E+03  0.13786E-02    2      681    -4    -5     T
      309  0.1300074E+03  0.17922E-02    2      683    -4    -5     T
      310  0.1300098E+03  0.23298E-02    2      685    -4    -5     T
      311  0.1300128E+03  0.30287E-02    2      687    -4    -5     T
      312  0.1300167E+03  0.39374E-02    2      689    -4    -5     T
      313  0.1300218E+03  0.51186E-02    2      691    -4    -5     T
      314  0.1300285E+03  0.66542E-02    2      693    -4    -5     T
      315  0.1300372E+03  0.86504E-02    2      695    -4    -5     T
      316  0.1300484E+03  0.11246E-01    2      697    -4    -5     T
      317  0.1300630E+03  0.14619E-01    2      699    -4    -5     T
      318  0.1300820E+03  0.19005E-01    2      701    -4    -5     T
      319  0.1301067E+03  0.24706E-01    2      703    -4    -5     T
      320  0.1301388E+03  0.32118E-01    2      705    -4    -5     T
      321  0.1301806E+03  0.41754E-01    2      707    -4    -5     T
      322  0.1302349E+03  0.54280E-01    2      709    -4    -5     T
      323  0.1303054E+03  0.70564E-01    2      711    -4    -5     T
      324  0.1303972E+03  0.91733E-01    2      713    -4    -5     T
      325  0.1305164E+03  0.11925E+00    2      715    -4    -5     T
      326  0.1306715E+03  0.15503E+00    2      717    -4    -5     T
      327  0.1308730E+03  0.20154E+00    2      719    -4    -5     T
      328  0.1311350E+03  0.26200E+00    2      721    -4    -5     T
      329  0.1314756E+03  0.34060E+00    2      723    -4    -5     T
      330  0.1319184E+03  0.44278E+00    2      725    -4    -5     T
      331  0.1324940E+03  0.57561E+00    2      727    -4    -5     T
      332  0.1332446E+03  0.75060E+00    2      729    -4    -5     T
      333  0.1342096E+03  0.96506E+00    3      732    -4    -5     T
      334  0.1353677E+03  0.11581E+01    3      735    -4    -5     T
      335  0.1369118E+03  0.15441E+01    3      738    -4    -5     T
      336  0.1400000E+03  0.30882E+01    7      745    -4    -5     T
      337  0.1400001E+03  0.70000E-04    2      747    -4    -5     T
      338  0.1400002E+03  0.91000E-04    2      749    -4    -5     T
      339  0.1400003E+03  0.11830E-03    2      751    -4    -5     T
      340  0.1400004E+03  0.15379E-03    2      753    -4    -5     T
      341  0.1400006E+03  0.19993E-03    2      755    -4    -5     T
      342  0.1400009E+03  0.25991E-03    2      757    -4    -5     T
      343  0.1400012E+03  0.33788E-03    2      759    -4    -5     T
      344  0.1400017E+03  0.43924E-03    2      761    -4    -5     T
      345  0.1400022E+03  0.57101E-03    2      763    -4    -5     T
      346  0.1400030E+03  0.74231E-03    2      765    -4    -5     T
      347  0.1400039E+03  0.96501E-03    2      767    -4    -5     T
      348  0.1400052E+03  0.12545E-02    2      769    -4    -5     T
      349  0.1400068E+03  0.16309E-02    2      771    -4    -5     T
      350  0.1400090E+03  0.21201E-02    2      773    -4    -5     T
      351  0.1400117E+03  0.27562E-02    2      775    -4    -5     T
      352  0.1400153E+03  0.35830E-02    2      777    -4    -5     T
      353  0.1400200E+03  0.46579E-02    2      779    -4    -5     T
      354  0.1400260E+03  0.60553E-02    2      781    -4    -5     T
      355  0.1400339E+03  0.78719E-02    2      783    -4    -5     T
      356  0.1400441E+03  0.10233E-01    2      785    -4    -5     T
      357  0.1400574E+03  0.13303E-01    2      787    -4    -5     T
      358  0.1400747E+03  0.17295E-01    2      789    -4    -5     T
      359  0.1400972E+03  0.22483E-01    2      791    -4    -5     T
      360  0.1401264E+03  0.29228E-01    2      793    -4    -5     T
      361  0.1401644E+03  0.37996E-01    2      795    -4    -5     T
      362  0.1402138E+03  0.49395E-01    2      797    -4    -5     T
      363  0.1402780E+03  0.64213E-01    2      799    -4    -5     T
      364  0.1403615E+03  0.83477E-01    2      801    -4    -5     T
      365  0.1404700E+03  0.10852E+00    2      803    -4    -5     T
      366  0.1406111E+03  0.14108E+00    2      805    -4    -5     T
      367  0.1407945E+03  0.18340E+00    3      808    -4    -5     T
      368  0.1408740E+03  0.79473E-01    2      820    -4    -5     T
      369  0.1409773E+03  0.10332E+00    2      822    -4    -5     T
      370  0.1411116E+03  0.13431E+00    3      825     4    -5     T
      371  0.1411698E+03  0.58201E-01    4      839     4    -5     T
      372  0.1411892E+03  0.19400E-01    2      851    -4    -5     T
      373  0.1412144E+03  0.25220E-01    2      853    -4    -5     T
      374  0.1412472E+03  0.32786E-01    4      857     4    -5     T
      375  0.1412800E+03  0.32786E-01    3      860    -4    -5     T
      376  0.1413226E+03  0.42622E-01    4      864     4    -5     T
      377  0.1413652E+03  0.42622E-01    3      867     4    -5     T
      378  0.1414206E+03  0.55409E-01    3      870     4    -5     T
      379  0.1414447E+03  0.24011E-01    2      882    -4    -5     T
      380  0.1414759E+03  0.31214E-01    2      884     4    -5     T
      381  0.1415164E+03  0.40578E-01    3      887     4    -5     T
      382  0.1415692E+03  0.52751E-01    3      890     4    -5     T
      383  0.1415921E+03  0.22859E-01    2      902    -4    -5     T
      384  0.1416218E+03  0.29717E-01    2      904     4    -5     T
      385  0.1416604E+03  0.38632E-01    3      907     4    -5     T
      386  0.1417106E+03  0.50221E-01    3      910     4    -5     T
      387  0.1417324E+03  0.21762E-01    2      922    -4    -5     T
      388  0.1417607E+03  0.28291E-01    2      924     4    -5     T
      389  0.1417975E+03  0.36778E-01    3      927     4    -5     T
      390  0.1418453E+03  0.47812E-01    3      930     4    -5     T
      391  0.1418660E+03  0.20719E-01    2      942    -4    -5     T
      392  0.1418929E+03  0.26934E-01    2      944     4    -5     T
      393  0.1419279E+03  0.35014E-01    3      947     4    -5     T
      394  0.1419735E+03  0.45519E-01    3      950     4    -5     T
      395  0.1419932E+03  0.19725E-01    3      963    -4    -5     T
      396  0.1420188E+03  0.25642E-01    4      967     4    -5     T
      397  0.1420445E+03  0.25642E-01    3      970     4    -5     T
      398  0.1420778E+03  0.33335E-01    3      973     4    -5     T
      399  0.1421211E+03  0.43335E-01    3      976     4    -5     T
      400  0.1421399E+03  0.18779E-01    2      988    -4    -5     T
      401  0.1421643E+03  0.24412E-01    2      990     4    -5     T
      402  0.1421961E+03  0.31736E-01    3      993     4    -5     T
      403  0.1422373E+03  0.41257E-01    3      996     4    -5     T
      404  0.1422552E+03  0.17878E-01    2     1008    -4    -5     T
      405  0.1422784E+03  0.23241E-01    2     1010     4    -5     T
      406  0.1423087E+03  0.30214E-01    3     1013     4    -5     T
      407  0.1423479E+03  0.39278E-01    3     1016     4    -5     T
      408  0.1423649E+03  0.17020E-01    2     1028    -4    -5     T
      409  0.1423871E+03  0.22126E-01    2     1030     4    -5     T
      410  0.1424158E+03  0.28764E-01    3     1033     4    -5     T
      411  0.1424532E+03  0.37394E-01    3     1036     4    -5     T
      412  0.1424694E+03  0.16204E-01    2     1048    -4    -5     T
      413  0.1424905E+03  0.21065E-01    2     1050     4    -5     T
      414  0.1425179E+03  0.27385E-01    3     1053     4    -5     T
      415  0.1425535E+03  0.35600E-01    3     1056     4    -5     T
      416  0.1425689E+03  0.15427E-01    2     1068    -4    -5     T
      417  0.1425890E+03  0.20055E-01    2     1070     4    -5     T
      418  0.1426150E+03  0.26071E-01    3     1073     4    -5     T
      419  0.1426489E+03  0.33892E-01    3     1076     4    -5     T
      420  0.1426636E+03  0.14687E-01    3     1089    -4    -5     T
      421  0.1426827E+03  0.19093E-01    4     1093     4    -5     T
      422  0.1427018E+03  0.19093E-01    3     1096    -4    -5     T
      423  0.1427266E+03  0.24821E-01    4     1100     4    -5     T
      424  0.1427514E+03  0.24821E-01    3     1103     4    -5     T
      425  0.1427837E+03  0.32267E-01    3     1106     4    -5     T
      426  0.1428257E+03  0.41947E-01    3     1109     4    -5     T
      427  0.1428438E+03  0.18177E-01    3     1122    -4    -5     T
      428  0.1428675E+03  0.23630E-01    4     1126     4    -5     T
      429  0.1428911E+03  0.23630E-01    3     1129     4    -5     T
      430  0.1429218E+03  0.30719E-01    3     1132     4    -5     T
      431  0.1429617E+03  0.39935E-01    3     1135     4    -5     T
      432  0.1429791E+03  0.17305E-01    3     1148    -4    -5     T
      433  0.1430015E+03  0.22496E-01    4     1152     4    -5     T
      434  0.1430240E+03  0.22496E-01    3     1155     4    -5     T
      435  0.1430533E+03  0.29245E-01    3     1158     4    -5     T
      436  0.1430913E+03  0.38019E-01    3     1161     4    -5     T
      437  0.1431078E+03  0.16475E-01    3     1174    -4    -5     T
      438  0.1431292E+03  0.21417E-01    4     1178     4    -5     T
      439  0.1431506E+03  0.21417E-01    3     1181     4    -5     T
      440  0.1431785E+03  0.27843E-01    3     1184     4    -5     T
      441  0.1432147E+03  0.36195E-01    3     1187     4    -5     T
      442  0.1432303E+03  0.15685E-01    3     1200    -4    -5     T
      443  0.1432507E+03  0.20390E-01    4     1204     4    -5     T
      444  0.1432711E+03  0.20390E-01    3     1207     4    -5     T
      445  0.1432976E+03  0.26507E-01    3     1210     4    -5     T
      446  0.1433321E+03  0.34459E-01    3     1213     4    -5     T
      447  0.1433470E+03  0.14932E-01    3     1226    -4    -5     T
      448  0.1433664E+03  0.19412E-01    4     1230     4    -5     T
      449  0.1433858E+03  0.19412E-01    3     1233     4    -5     T
      450  0.1434111E+03  0.25236E-01    3     1236     4    -5     T
      451  0.1434439E+03  0.32806E-01    3     1239     4    -5     T
      452  0.1434581E+03  0.14216E-01    3     1252    -4    -5     T
      453  0.1434766E+03  0.18481E-01    4     1256     4    -5     T
      454  0.1434951E+03  0.18481E-01    3     1259     4    -5     T
      455  0.1435191E+03  0.24025E-01    3     1262     4    -5     T
      456  0.1435503E+03  0.31233E-01    3     1265     4    -5     T
      457  0.1435909E+03  0.40603E-01    6     1271     4    -5     T
      458  0.1436315E+03  0.40603E-01    3     1274     4    -5     T
      459  0.1436491E+03  0.17594E-01    3     1287    -4    -5     T
      460  0.1436720E+03  0.22873E-01    4     1291     4    -5     T
      461  0.1436949E+03  0.22873E-01    3     1294     4    -5     T
      462  0.1437246E+03  0.29735E-01    3     1297     4    -5     T
      463  0.1437633E+03  0.38655E-01    3     1300     4    -5     T
      464  0.1437800E+03  0.16750E-01    3     1313    -4    -5     T
      465  0.1438018E+03  0.21776E-01    4     1317     4    -5     T
      466  0.1438236E+03  0.21776E-01    3     1320     4    -5     T
      467  0.1438519E+03  0.28308E-01    3     1323     4    -5     T
      468  0.1438887E+03  0.36801E-01    3     1326     4    -5     T
      469  0.1439046E+03  0.15947E-01    3     1339    -4    -5     T
      470  0.1439253E+03  0.20731E-01    4     1343     4    -5     T
      471  0.1439461E+03  0.20731E-01    3     1346     4    -5     T
      472  0.1439730E+03  0.26950E-01    3     1349     4    -5     T
      473  0.1440081E+03  0.35036E-01    3     1352     4    -5     T
      474  0.1440232E+03  0.15182E-01    3     1365    -4    -5     T
      475  0.1440430E+03  0.19737E-01    4     1369     4    -5     T
      476  0.1440627E+03  0.19737E-01    3     1372     4    -5     T
      477  0.1440884E+03  0.25658E-01    3     1375     4    -5     T
      478  0.1441217E+03  0.33355E-01    3     1378     4    -5     T
      479  0.1441362E+03  0.14454E-01    3     1391    -4    -5     T
      480  0.1441550E+03  0.18790E-01    4     1395     4    -5     T
      481  0.1441738E+03  0.18790E-01    3     1398     4    -5     T
      482  0.1441982E+03  0.24427E-01    3     1401     4    -5     T
      483  0.1442299E+03  0.31755E-01    3     1404     4    -5     T
      484  0.1442437E+03  0.13761E-01    3     1417    -4    -5     T
      485  0.1442616E+03  0.17889E-01    4     1421     4    -5     T
      486  0.1442795E+03  0.17889E-01    3     1424     4    -5     T
      487  0.1443027E+03  0.23255E-01    3     1427     4    -5     T
      488  0.1443330E+03  0.30232E-01    3     1430     4    -5     T
      489  0.1443461E+03  0.13100E-01    3     1443    -4    -5     T
      490  0.1443631E+03  0.17031E-01    4     1447     4    -5     T
      491  0.1443801E+03  0.17031E-01    3     1450     4    -5     T
      492  0.1444023E+03  0.22140E-01    3     1453     4    -5     T
      493  0.1444311E+03  0.28782E-01    3     1456     4    -5     T
      494  0.1444685E+03  0.37416E-01    6     1462     4    -5     T
      495  0.1445059E+03  0.37416E-01    3     1465     4    -5     T
      496  0.1445221E+03  0.16214E-01    3     1478    -4    -5     T
      497  0.1445432E+03  0.21078E-01    4     1482     4    -5     T
      498  0.1445643E+03  0.21078E-01    3     1485     4    -5     T
      499  0.1445917E+03  0.27401E-01    3     1488     4    -5     T
      500  0.1446273E+03  0.35622E-01    3     1491     4    -5     T
      501  0.1446427E+03  0.15436E-01    3     1504    -4    -5     T
      502  0.1446628E+03  0.20067E-01    4     1508     4    -5     T
      503  0.1446829E+03  0.20067E-01    3     1511     4    -5     T
      504  0.1447089E+03  0.26087E-01    3     1514     4    -5     T
      505  0.1447429E+03  0.33913E-01    3     1517     4    -5     T
      506  0.1447575E+03  0.14696E-01    3     1530    -4    -5     T
      507  0.1447767E+03  0.19104E-01    4     1534     4    -5     T
      508  0.1447958E+03  0.19104E-01    3     1537     4    -5     T
      509  0.1448206E+03  0.24836E-01    3     1540     4    -5     T
      510  0.1448529E+03  0.32286E-01    3     1543     4    -5     T
      511  0.1448669E+03  0.13991E-01    3     1556    -4    -5     T
      512  0.1448851E+03  0.18188E-01    4     1560     4    -5     T
      513  0.1449032E+03  0.18188E-01    3     1563     4    -5     T
      514  0.1449269E+03  0.23644E-01    3     1566     4    -5     T
      515  0.1449576E+03  0.30738E-01    3     1569     4    -5     T
      516  0.1449709E+03  0.13320E-01    3     1582    -4    -5     T
      517  0.1449883E+03  0.17315E-01    4     1586     4    -5     T
      518  0.1450056E+03  0.17315E-01    3     1589     4    -5     T
      519  0.1450281E+03  0.22510E-01    3     1592     4    -5     T
      520  0.1450573E+03  0.29263E-01    3     1595     4    -5     T
      521  0.1450700E+03  0.12681E-01    3     1608    -4    -5     T
      522  0.1450865E+03  0.16485E-01    4     1612     4    -5     T
      523  0.1451030E+03  0.16485E-01    3     1615     4    -5     T
      524  0.1451244E+03  0.21430E-01    3     1618     4    -5     T
      525  0.1451523E+03  0.27860E-01    3     1621     4    -5     T
      526  0.1451885E+03  0.36217E-01    6     1627     4    -5     T
      527  0.1452247E+03  0.36217E-01    3     1630     4    -5     T
      528  0.1452404E+03  0.15694E-01    3     1643    -4    -5     T
      529  0.1452608E+03  0.20402E-01    4     1647     4    -5     T
      530  0.1452812E+03  0.20402E-01    3     1650     4    -5     T
      531  0.1453077E+03  0.26523E-01    3     1653     4    -5     T
      532  0.1453422E+03  0.34480E-01    3     1656     4    -5     T
      533  0.1453572E+03  0.14941E-01    3     1669    -4    -5     T
      534  0.1453766E+03  0.19424E-01    4     1673     4    -5     T
      535  0.1453960E+03  0.19424E-01    3     1676     4    -5     T
      536  0.1454213E+03  0.25251E-01    3     1679     4    -5     T
      537  0.1454541E+03  0.32826E-01    3     1682     4    -5     T
      538  0.1454683E+03  0.14225E-01    3     1695    -4    -5     T
      539  0.1454868E+03  0.18492E-01    4     1699     4    -5     T
      540  0.1455053E+03  0.18492E-01    3     1702     4    -5     T
      541  0.1455293E+03  0.24040E-01    3     1705     4    -5     T
      542  0.1455606E+03  0.31252E-01    3     1708     4    -5     T
      543  0.1455741E+03  0.13542E-01    3     1721    -4    -5     T
      544  0.1455917E+03  0.17605E-01    4     1725     4    -5     T
      545  0.1456093E+03  0.17605E-01    3     1728     4    -5     T
      546  0.1456322E+03  0.22887E-01    3     1731     4    -5     T
      547  0.1456620E+03  0.29753E-01    3     1734     4    -5     T
      548  0.1456749E+03  0.12893E-01    3     1747    -4    -5     T
      549  0.1456916E+03  0.16761E-01    4     1751     4    -5     T
      550  0.1457084E+03  0.16761E-01    3     1754     4    -5     T
      551  0.1457302E+03  0.21789E-01    3     1757     4    -5     T
      552  0.1457585E+03  0.28325E-01    3     1760     4    -5     T
      553  0.1457708E+03  0.12274E-01    3     1773    -4    -5     T
      554  0.1457867E+03  0.15957E-01    4     1777     4    -5     T
      555  0.1458027E+03  0.15957E-01    3     1780     4    -5     T
      556  0.1458234E+03  0.20744E-01    3     1783     4    -5     T
      557  0.1458504E+03  0.26967E-01    3     1786     4    -5     T
      558  0.1458855E+03  0.35057E-01    6     1792     4    -5     T
      559  0.1459205E+03  0.35057E-01    3     1795     4    -5     T
      560  0.1459357E+03  0.15191E-01    3     1808    -4    -5     T
      561  0.1459555E+03  0.19749E-01    4     1812     4    -5     T
      562  0.1459752E+03  0.19749E-01    3     1815     4    -5     T
      563  0.1460009E+03  0.25673E-01    3     1818     4    -5     T
      564  0.1460343E+03  0.33375E-01    3     1821     4    -5     T
      565  0.1460487E+03  0.14463E-01    3     1834    -4    -5     T
      566  0.1460675E+03  0.18801E-01    4     1838     4    -5     T
      567  0.1460863E+03  0.18801E-01    3     1841     4    -5     T
      568  0.1461108E+03  0.24442E-01    3     1844     4    -5     T
      569  0.1461425E+03  0.31774E-01    3     1847     4    -5     T
      570  0.1461563E+03  0.13769E-01    3     1860    -4    -5     T
      571  0.1461742E+03  0.17900E-01    4     1864     4    -5     T
      572  0.1461921E+03  0.17900E-01    3     1867     4    -5     T
      573  0.1462154E+03  0.23269E-01    3     1870     4    -5     T
      574  0.1462456E+03  0.30250E-01    3     1873     4    -5     T
      575  0.1462587E+03  0.13108E-01    3     1886    -4    -5     T
      576  0.1462758E+03  0.17041E-01    4     1890     4    -5     T
      577  0.1462928E+03  0.17041E-01    3     1893     4    -5     T
      578  0.1463150E+03  0.22153E-01    3     1896     4    -5     T
      579  0.1463438E+03  0.28799E-01    3     1899     4    -5     T
      580  0.1463563E+03  0.12480E-01    3     1912    -4    -5     T
      581  0.1463725E+03  0.16224E-01    4     1916     4    -5     T
      582  0.1463887E+03  0.16224E-01    3     1919     4    -5     T
      583  0.1464098E+03  0.21091E-01    3     1922     4    -5     T
      584  0.1464372E+03  0.27418E-01    3     1925     4    -5     T
      585  0.1464491E+03  0.11881E-01    3     1938    -4    -5     T
      586  0.1464645E+03  0.15445E-01    4     1942     4    -5     T
      587  0.1464800E+03  0.15445E-01    3     1945     4    -5     T
      588  0.1465001E+03  0.20079E-01    3     1948     4    -5     T
      589  0.1465262E+03  0.26103E-01    3     1951     4    -5     T
      590  0.1465601E+03  0.33934E-01    3     1954     4    -5     T
      591  0.1465748E+03  0.14705E-01    3     1967    -4    -5     T
      592  0.1465939E+03  0.19116E-01    4     1971     4    -5     T
      593  0.1466130E+03  0.19116E-01    3     1974     4    -5     T
      594  0.1466379E+03  0.24851E-01    3     1977     4    -5     T
      595  0.1466702E+03  0.32306E-01    3     1980     4    -5     T
      596  0.1466842E+03  0.13999E-01    3     1993    -4    -5     T
      597  0.1467024E+03  0.18199E-01    4     1997     4    -5     T
      598  0.1467206E+03  0.18199E-01    3     2000     4    -5     T
      599  0.1467442E+03  0.23659E-01    3     2003     4    -5     T
      600  0.1467750E+03  0.30756E-01    3     2006     4    -5     T
      601  0.1467883E+03  0.13328E-01    3     2019    -4    -5     T
      602  0.1468057E+03  0.17326E-01    4     2023     4    -5     T
      603  0.1468230E+03  0.17326E-01    3     2026     4    -5     T
      604  0.1468455E+03  0.22524E-01    3     2029     4    -5     T
      605  0.1468748E+03  0.29281E-01    3     2032     4    -5     T
      606  0.1468875E+03  0.12688E-01    3     2045    -4    -5     T
      607  0.1469040E+03  0.16495E-01    4     2049     4    -5     T
      608  0.1469205E+03  0.16495E-01    3     2052     4    -5     T
      609  0.1469419E+03  0.21443E-01    3     2055     4    -5     T
      610  0.1469698E+03  0.27876E-01    3     2058     4    -5     T
      611  0.1469819E+03  0.12080E-01    3     2071    -4    -5     T
      612  0.1469976E+03  0.15704E-01    4     2075     4    -5     T
      613  0.1470133E+03  0.15704E-01    3     2078     4    -5     T
      614  0.1470337E+03  0.20415E-01    3     2081     4    -5     T
      615  0.1470602E+03  0.26539E-01    3     2084     4    -5     T
      616  0.1470947E+03  0.34501E-01    6     2090     4    -5     T
      617  0.1471292E+03  0.34501E-01    3     2093     4    -5     T
      618  0.1471442E+03  0.14950E-01    3     2106    -4    -5     T
      619  0.1471636E+03  0.19436E-01    4     2110     4    -5     T
      620  0.1471831E+03  0.19436E-01    3     2113     4    -5     T
      621  0.1472083E+03  0.25266E-01    3     2116     4    -5     T
      622  0.1472412E+03  0.32846E-01    3     2119     4    -5     T
      623  0.1472554E+03  0.14233E-01    3     2132    -4    -5     T
      624  0.1472739E+03  0.18503E-01    4     2136     4    -5     T
      625  0.1472924E+03  0.18503E-01    3     2139     4    -5     T
      626  0.1473165E+03  0.24054E-01    3     2142     4    -5     T
      627  0.1473477E+03  0.31271E-01    3     2145     4    -5     T
      628  0.1473613E+03  0.13551E-01    3     2158    -4    -5     T
      629  0.1473789E+03  0.17616E-01    4     2162     4    -5     T
      630  0.1473965E+03  0.17616E-01    3     2165     4    -5     T
      631  0.1474194E+03  0.22901E-01    3     2168     4    -5     T
      632  0.1474492E+03  0.29771E-01    3     2171     4    -5     T
      633  0.1474621E+03  0.12901E-01    3     2184    -4    -5     T
      634  0.1474789E+03  0.16771E-01    4     2188     4    -5     T
      635  0.1474956E+03  0.16771E-01    3     2191     4    -5     T
      636  0.1475174E+03  0.21802E-01    3     2194     4    -5     T
      637  0.1475458E+03  0.28343E-01    3     2197     4    -5     T
      638  0.1475581E+03  0.12282E-01    3     2210    -4    -5     T
      639  0.1475740E+03  0.15966E-01    4     2214     4    -5     T
      640  0.1475900E+03  0.15966E-01    3     2217     4    -5     T
      641  0.1476107E+03  0.20756E-01    3     2220     4    -5     T
      642  0.1476377E+03  0.26983E-01    3     2223     4    -5     T
      643  0.1476494E+03  0.11693E-01    3     2236    -4    -5     T
      644  0.1476646E+03  0.15201E-01    4     2240     4    -5     T
      645  0.1476798E+03  0.15201E-01    3     2243     4    -5     T
      646  0.1476996E+03  0.19761E-01    3     2246     4    -5     T
      647  0.1477253E+03  0.25689E-01    3     2249     4    -5     T
      648  0.1477587E+03  0.33396E-01    3     2252     4    -5     T
      649  0.1477731E+03  0.14471E-01    3     2265    -4    -5     T
      650  0.1477919E+03  0.18813E-01    4     2269     4    -5     T
      651  0.1478108E+03  0.18813E-01    3     2272     4    -5     T
      652  0.1478352E+03  0.24457E-01    3     2275     4    -5     T
      653  0.1478670E+03  0.31794E-01    3     2278     4    -5     T
      654  0.1478808E+03  0.13777E-01    3     2291    -4    -5     T
      655  0.1478987E+03  0.17910E-01    4     2295     4    -5     T
      656  0.1479166E+03  0.17910E-01    3     2298     4    -5     T
      657  0.1479399E+03  0.23284E-01    3     2301     4    -5     T
      658  0.1479702E+03  0.30269E-01    3     2304     4    -5     T
      659  0.1479833E+03  0.13116E-01    3     2317    -4    -5     T
      660  0.1480003E+03  0.17051E-01    4     2321     4    -5     T
      661  0.1480174E+03  0.17051E-01    3     2324     4    -5     T
      662  0.1480395E+03  0.22167E-01    3     2327     4    -5     T
      663  0.1480684E+03  0.28817E-01    3     2330     4    -5     T
      664  0.1480808E+03  0.12487E-01    3     2343    -4    -5     T
      665  0.1480971E+03  0.16233E-01    4     2347     4    -5     T
      666  0.1481133E+03  0.16233E-01    3     2350     4    -5     T
      667  0.1481344E+03  0.21103E-01    3     2353     4    -5     T
      668  0.1481619E+03  0.27434E-01    3     2356     4    -5     T
      669  0.1481737E+03  0.11888E-01    3     2369    -4    -5     T
      670  0.1481892E+03  0.15455E-01    4     2373     4    -5     T
      671  0.1482047E+03  0.15455E-01    3     2376     4    -5     T
      672  0.1482247E+03  0.20091E-01    3     2379     4    -5     T
      673  0.1482509E+03  0.26119E-01    3     2382     4    -5     T
      674  0.1482848E+03  0.33954E-01    3     2385     4    -5     T
      675  0.1482995E+03  0.14713E-01    3     2398     4    -5     T
      676  0.1483187E+03  0.19127E-01    3     2401     4    -5     T
      677  0.1483435E+03  0.24866E-01    3     2404     4    -5     T
      678  0.1483758E+03  0.32325E-01    3     2407     4    -5     T
      679  0.1483899E+03  0.14008E-01    3     2420    -4    -5     T
      680  0.1484081E+03  0.18210E-01    4     2424     4    -5     T
      681  0.1484263E+03  0.18210E-01    3     2427     4    -5     T
      682  0.1484499E+03  0.23673E-01    3     2430     4    -5     T
      683  0.1484807E+03  0.30775E-01    3     2433     4    -5     T
      684  0.1484941E+03  0.13336E-01    3     2446    -4    -5     T
      685  0.1485114E+03  0.17337E-01    4     2450     4    -5     T
      686  0.1485287E+03  0.17337E-01    3     2453     4    -5     T
      687  0.1485513E+03  0.22537E-01    3     2456     4    -5     T
      688  0.1485806E+03  0.29299E-01    3     2459     4    -5     T
      689  0.1485933E+03  0.12696E-01    3     2472    -4    -5     T
      690  0.1486098E+03  0.16505E-01    4     2476     4    -5     T
      691  0.1486263E+03  0.16505E-01    3     2479     4    -5     T
      692  0.1486477E+03  0.21456E-01    3     2482     4    -5     T
      693  0.1486756E+03  0.27893E-01    3     2485     4    -5     T
      694  0.1486877E+03  0.12087E-01    3     2498    -4    -5     T
      695  0.1487034E+03  0.15713E-01    4     2502     4    -5     T
      696  0.1487191E+03  0.15713E-01    3     2505     4    -5     T
      697  0.1487396E+03  0.20427E-01    3     2508     4    -5     T
      698  0.1487661E+03  0.26555E-01    3     2511     4    -5     T
      699  0.1488006E+03  0.34522E-01    3     2514     4    -5     T
      700  0.1488156E+03  0.14960E-01    3     2527     4    -5     T
      701  0.1488350E+03  0.19447E-01    3     2530     4    -5     T
      702  0.1488603E+03  0.25282E-01    3     2533     4    -5     T
      703  0.1488932E+03  0.32866E-01    3     2536     4    -5     T
      704  0.1489074E+03  0.14242E-01    3     2549     4    -5     T
      705  0.1489260E+03  0.18515E-01    3     2552     4    -5     T
      706  0.1489500E+03  0.24069E-01    3     2555     4    -5     T
      707  0.1489813E+03  0.31290E-01    3     2558     4    -5     T
      708  0.1489949E+03  0.13559E-01    3     2571    -4    -5     T
      709  0.1490125E+03  0.17626E-01    4     2575     4    -5     T
      710  0.1490301E+03  0.17626E-01    3     2578     4    -5     T
      711  0.1490530E+03  0.22914E-01    3     2581     4    -5     T
      712  0.1490828E+03  0.29789E-01    3     2584     4    -5     T
      713  0.1490957E+03  0.12908E-01    3     2597    -4    -5     T
      714  0.1491125E+03  0.16781E-01    4     2601     4    -5     T
      715  0.1491293E+03  0.16781E-01    3     2604     4    -5     T
      716  0.1491511E+03  0.21815E-01    3     2607     4    -5     T
      717  0.1491795E+03  0.28360E-01    3     2610     4    -5     T
      718  0.1491918E+03  0.12289E-01    3     2623    -4    -5     T
      719  0.1492077E+03  0.15976E-01    4     2627     4    -5     T
      720  0.1492237E+03  0.15976E-01    3     2630     4    -5     T
      721  0.1492445E+03  0.20769E-01    3     2633     4    -5     T
      722  0.1492715E+03  0.27000E-01    3     2636     4    -5     T
      723  0.1493066E+03  0.35099E-01    6     2642     4    -5     T
      724  0.1493417E+03  0.35099E-01    3     2645     4    -5     T
      725  0.1493569E+03  0.15210E-01    3     2658     4    -5     T
      726  0.1493767E+03  0.19773E-01    3     2661     4    -5     T
      727  0.1494024E+03  0.25704E-01    3     2664     4    -5     T
      728  0.1494358E+03  0.33416E-01    3     2667     4    -5     T
      729  0.1494503E+03  0.14480E-01    3     2680     4    -5     T
      730  0.1494691E+03  0.18824E-01    3     2683     4    -5     T
      731  0.1494936E+03  0.24472E-01    3     2686     4    -5     T
      732  0.1495254E+03  0.31813E-01    3     2689     4    -5     T
      733  0.1495392E+03  0.13786E-01    3     2702     4    -5     T
      734  0.1495571E+03  0.17921E-01    3     2705     4    -5     T
      735  0.1495804E+03  0.23298E-01    3     2708     4    -5     T
      736  0.1496107E+03  0.30287E-01    3     2711     4    -5     T
      737  0.1496236E+03  0.12978E-01    3     2724    -4    -5     T
      738  0.1496405E+03  0.16871E-01    4     2728     4    -5     T
      739  0.1496574E+03  0.16871E-01    3     2731     4    -5     T
      740  0.1496793E+03  0.21933E-01    3     2734     4    -5     T
      741  0.1497078E+03  0.28512E-01    3     2737     4    -5     T
      742  0.1497444E+03  0.36521E-01    6     2743     4    -5     T
      743  0.1497809E+03  0.36521E-01    3     2746     4    -5     T
      744  0.1497955E+03  0.14609E-01    3     2759     4    -5     T
      745  0.1498145E+03  0.18991E-01    3     2762     4    -5     T
      746  0.1498377E+03  0.23191E-01    3     2765     4    -5     T
      747  0.1498701E+03  0.32467E-01    3     2768     4    -5     T
      748  0.1498846E+03  0.14430E-01    3     2781     4    -5     T
      749  0.1499038E+03  0.19240E-01    3     2784     4    -5     T
      750  0.1499279E+03  0.24050E-01    3     2787     4    -5     T
      751  0.1499399E+03  0.12025E-01    3     2800    -4    -5     T
      752  0.1499549E+03  0.15031E-01    4     2804     4    -5     T
      753  0.1499699E+03  0.15031E-01    3     2807     4    -5     T
      754  0.1500000E+03  0.30062E-01    3     2810     4    -5     T
      755  0.1500264E+03  0.26419E-01    3     2813     4    -5     T
      756  0.1500608E+03  0.34345E-01    3     2816     4    -5     T
      757  0.1500756E+03  0.14883E-01    3     2829     4    -5     T
      758  0.1500950E+03  0.19347E-01    3     2832     4    -5     T
      759  0.1501201E+03  0.25152E-01    3     2835     4    -5     T
      760  0.1501528E+03  0.32697E-01    3     2838     4    -5     T
      761  0.1501670E+03  0.14169E-01    3     2851     4    -5     T
      762  0.1501854E+03  0.18419E-01    3     2854     4    -5     T
      763  0.1502094E+03  0.23945E-01    3     2857     4    -5     T
      764  0.1502405E+03  0.31129E-01    3     2860     4    -5     T
      765  0.1502540E+03  0.13489E-01    3     2873     4    -5     T
      766  0.1502715E+03  0.17536E-01    3     2876     4    -5     T
      767  0.1502943E+03  0.22797E-01    3     2879     4    -5     T
      768  0.1503240E+03  0.29636E-01    3     2882     4    -5     T
      769  0.1503368E+03  0.12842E-01    3     2895    -4    -5     T
      770  0.1503535E+03  0.16695E-01    4     2899     4    -5     T
      771  0.1503702E+03  0.16695E-01    3     2902     4    -5     T
      772  0.1503919E+03  0.21703E-01    3     2905     4    -5     T
      773  0.1504201E+03  0.28214E-01    3     2908     4    -5     T
      774  0.1504568E+03  0.36678E-01    3     2911     4    -5     T
      775  0.1504727E+03  0.15894E-01    3     2924     4    -5     T
      776  0.1504933E+03  0.20662E-01    3     2927     4    -5     T
      777  0.1505202E+03  0.26861E-01    3     2930     4    -5     T
      778  0.1505551E+03  0.34919E-01    3     2933     4    -5     T
      779  0.1505703E+03  0.15132E-01    3     2946     4    -5     T
      780  0.1505899E+03  0.19671E-01    3     2949     4    -5     T
      781  0.1506155E+03  0.25572E-01    3     2952     4    -5     T
      782  0.1506487E+03  0.33244E-01    3     2955     4    -5     T
      783  0.1506631E+03  0.14406E-01    3     2968     4    -5     T
      784  0.1506819E+03  0.18727E-01    3     2971     4    -5     T
      785  0.1507062E+03  0.24346E-01    3     2974     4    -5     T
      786  0.1507379E+03  0.31649E-01    3     2977     4    -5     T
      787  0.1507516E+03  0.13715E-01    3     2990     4    -5     T
      788  0.1507694E+03  0.17829E-01    3     2993     4    -5     T
      789  0.1507926E+03  0.23178E-01    3     2996     4    -5     T
      790  0.1508227E+03  0.30131E-01    3     2999     4    -5     T
      791  0.1508358E+03  0.13057E-01    3     3012     4    -5     T
      792  0.1508528E+03  0.16974E-01    3     3015     4    -5     T
      793  0.1508748E+03  0.22066E-01    3     3018     4    -5     T
      794  0.1509035E+03  0.28686E-01    3     3021     4    -5     T
      795  0.1509408E+03  0.37292E-01    6     3027     4    -5     T
      796  0.1509781E+03  0.37292E-01    3     3030     4    -5     T
      797  0.1509943E+03  0.16160E-01    3     3043     4    -5     T
      798  0.1510153E+03  0.21008E-01    3     3046     4    -5     T
      799  0.1510426E+03  0.27310E-01    3     3049     4    -5     T
      800  0.1510781E+03  0.35503E-01    3     3052     4    -5     T
      801  0.1510935E+03  0.15385E-01    3     3065     4    -5     T
      802  0.1511135E+03  0.20000E-01    3     3068     4    -5     T
      803  0.1511395E+03  0.26000E-01    3     3071     4    -5     T
      804  0.1511733E+03  0.33800E-01    3     3074     4    -5     T
      805  0.1511879E+03  0.14647E-01    3     3087     4    -5     T
      806  0.1512069E+03  0.19041E-01    3     3090     4    -5     T
      807  0.1512317E+03  0.24753E-01    3     3093     4    -5     T
      808  0.1512639E+03  0.32179E-01    3     3096     4    -5     T
      809  0.1512778E+03  0.13944E-01    3     3109     4    -5     T
      810  0.1512959E+03  0.18127E-01    3     3112     4    -5     T
      811  0.1513195E+03  0.23566E-01    3     3115     4    -5     T
      812  0.1513501E+03  0.30635E-01    3     3118     4    -5     T
      813  0.1513900E+03  0.39826E-01    6     3124     4    -5     T
      814  0.1514298E+03  0.39826E-01    6     3130     4    -5     T
      815  0.1514696E+03  0.39826E-01    3     3133     4    -5     T
      816  0.1514869E+03  0.17258E-01    3     3146     4    -5     T
      817  0.1515093E+03  0.22435E-01    3     3149     4    -5     T
      818  0.1515385E+03  0.29166E-01    3     3152     4    -5     T
      819  0.1515764E+03  0.37916E-01    3     3155     4    -5     T
      820  0.1515928E+03  0.16430E-01    3     3168     4    -5     T
      821  0.1516142E+03  0.21359E-01    3     3171     4    -5     T
      822  0.1516420E+03  0.27767E-01    3     3174     4    -5     T
      823  0.1516781E+03  0.36097E-01    3     3177     4    -5     T
      824  0.1516937E+03  0.15642E-01    3     3190     4    -5     T
      825  0.1517140E+03  0.20335E-01    3     3193     4    -5     T
      826  0.1517405E+03  0.26435E-01    3     3196     4    -5     T
      827  0.1517748E+03  0.34365E-01    3     3199     4    -5     T
      828  0.1518195E+03  0.44675E-01    6     3205     4    -5     T
      829  0.1518642E+03  0.44675E-01    6     3211     4    -5     T
      830  0.1519089E+03  0.44675E-01    6     3217     4    -5     T
      831  0.1519535E+03  0.44675E-01    3     3220     4    -5     T
      832  0.1520116E+03  0.58077E-01    3     3223     4    -5     T
      833  0.1520871E+03  0.75501E-01    3     3226     4    -5     T
      834  0.1521198E+03  0.32717E-01    3     3239     4    -5     T
      835  0.1521624E+03  0.42532E-01    3     3242     4    -5     T
      836  0.1522176E+03  0.55292E-01    3     3245     4    -5     T
      837  0.1522895E+03  0.71879E-01    3     3248     4    -5     T
      838  0.1523207E+03  0.31148E-01    3     3261     4    -5     T
      839  0.1523612E+03  0.40492E-01    3     3264     4    -5     T
      840  0.1524138E+03  0.52639E-01    3     3267     4    -5     T
      841  0.1524822E+03  0.68431E-01    3     3270     4    -5     T
      842  0.1525119E+03  0.29654E-01    3     3283     4    -5     T
      843  0.1525504E+03  0.38550E-01    3     3286     4    -5     T
      844  0.1526006E+03  0.50115E-01    3     3289     4    -5     T
      845  0.1526657E+03  0.65149E-01    3     3292     4    -5     T
      846  0.1526939E+03  0.28231E-01    3     3305     4    -5     T
      847  0.1527306E+03  0.36701E-01    3     3308     4    -5     T
      848  0.1527783E+03  0.47711E-01    3     3311     4    -5     T
      849  0.1528404E+03  0.62024E-01    3     3314     4    -5     T
      850  0.1528672E+03  0.26877E-01    3     3327     4    -5     T
      851  0.1529022E+03  0.34940E-01    3     3330     4    -5     T
      852  0.1529476E+03  0.45422E-01    3     3333     4    -5     T
      853  0.1530067E+03  0.59049E-01    3     3336     4    -5     T
      854  0.1530834E+03  0.76764E-01    2     3338    -4    -5     T
      855  0.1531167E+03  0.33264E-01    6     3354    -4    -5     T
      856  0.1531500E+03  0.33264E-01    4     3358    -4    -5     T
      857  0.1531832E+03  0.33264E-01    4     3362    -4    -5     T
      858  0.1532165E+03  0.33264E-01    4     3366    -4    -5     T
      859  0.1532497E+03  0.33264E-01    4     3370    -4    -5     T
      860  0.1532830E+03  0.33264E-01    4     3374    -4    -5     T
      861  0.1533163E+03  0.33264E-01    4     3378    -4    -5     T
      862  0.1533495E+03  0.33264E-01    4     3382    -4    -5     T
      863  0.1533828E+03  0.33264E-01    4     3386    -4    -5     T
      864  0.1534161E+03  0.33264E-01    4     3390    -4    -5     T
      865  0.1534493E+03  0.33264E-01    4     3394    -4    -5     T
      866  0.1534826E+03  0.33264E-01    4     3398    -4    -5     T
      867  0.1534937E+03  0.11088E-01    3     3411     4    -5     T
      868  0.1535081E+03  0.14414E-01    7     3418     4    -5     T
      869  0.1535182E+03  0.10090E-01    2     3420    -4    -5     T
      870  0.1535313E+03  0.13117E-01    2     3422    -4    -5     T
      871  0.1535484E+03  0.17052E-01    5     3427    -4    -5     T
      872  0.1535654E+03  0.17052E-01    4     3431     4    -5     T
      873  0.1535825E+03  0.17052E-01    3     3434     4    -5     T
      874  0.1536046E+03  0.22168E-01    3     3437     4    -5     T
      875  0.1536334E+03  0.28818E-01    3     3440     4    -5     T
      876  0.1536709E+03  0.37464E-01    3     3443     4    -5     T
      877  0.1537196E+03  0.48703E-01   10     3453     4    -5     T
      878  0.1537537E+03  0.34092E-01    3     3456     4    -5     T
      879  0.1537980E+03  0.44320E-01    8     3464    -4    -5     T
      880  0.1538290E+03  0.31024E-01    4     3468    -4    -5     T
      881  0.1538601E+03  0.31024E-01    4     3472    -4    -5     T
      882  0.1538911E+03  0.31024E-01    4     3476    -4    -5     T
      883  0.1539221E+03  0.31024E-01    4     3480    -4    -5     T
      884  0.1539325E+03  0.10341E-01    3     3493     4    -5     T
      885  0.1539459E+03  0.13444E-01    7     3500     4    -5     T
      886  0.1539553E+03  0.94106E-02    2     3502    -4    -5     T
      887  0.1539675E+03  0.12234E-01    2     3504    -4    -5     T
      888  0.1539835E+03  0.15904E-01    5     3509    -4    -5     T
      889  0.1539994E+03  0.15904E-01    2     3511    -4    -5     T
      890  0.1540200E+03  0.20675E-01   10     3521     4    -5     T
      891  0.1540345E+03  0.14473E-01    2     3523    -4    -5     T
      892  0.1540533E+03  0.18814E-01    2     3525    -4    -5     T
      893  0.1540778E+03  0.24459E-01    4     3529    -4    -5     T
      894  0.1540859E+03  0.81529E-02    3     3542     4    -5     T
      895  0.1540965E+03  0.10599E-01    3     3545    -4    -5     T
      896  0.1541103E+03  0.13778E-01    4     3549     4    -5     T
      897  0.1541241E+03  0.13778E-01    3     3552     4    -5     T
      898  0.1541420E+03  0.17912E-01    3     3555     4    -5     T
      899  0.1541653E+03  0.23285E-01    3     3558     4    -5     T
      900  0.1541956E+03  0.30271E-01    3     3561     4    -5     T
      901  0.1542349E+03  0.39352E-01    2     3563    -4    -5     T
      902  0.1542861E+03  0.51158E-01    7     3570     4    -5     T
      903  0.1543219E+03  0.35811E-01    5     3575    -4    -5     T
      904  0.1543577E+03  0.35811E-01    6     3581    -4    -5     T
      905  0.1543935E+03  0.35811E-01    5     3586    -4    -5     T
      906  0.1544293E+03  0.35811E-01    6     3592     4    -5     T
      907  0.1544651E+03  0.35811E-01    8     3600    -4    -5     T
      908  0.1544902E+03  0.25067E-01    6     3606     4    -5     T
      909  0.1545153E+03  0.25067E-01    3     3609     4    -5     T
      910  0.1545478E+03  0.32588E-01    2     3611    -4    -5     T
      911  0.1545902E+03  0.42364E-01    4     3615     4    -5     T
      912  0.1546326E+03  0.42364E-01    2     3617    -4    -5     T
      913  0.1546876E+03  0.55073E-01    7     3624     4    -5     T
      914  0.1547262E+03  0.38551E-01    5     3629    -4    -5     T
      915  0.1547647E+03  0.38551E-01    4     3633    -4    -5     T
      916  0.1548033E+03  0.38551E-01    6     3639     4    -5     T
      917  0.1548418E+03  0.38551E-01    3     3642     4    -5     T
      918  0.1548920E+03  0.50117E-01    2     3644    -4    -5     T
      919  0.1549571E+03  0.65151E-01    6     3650     4    -5     T
      920  0.1550223E+03  0.65151E-01    5     3655     4    -5     T
      921  0.1550874E+03  0.65151E-01    5     3660     4    -5     T
      922  0.1551526E+03  0.65151E-01    5     3665     4    -5     T
      923  0.1552177E+03  0.65151E-01    5     3670     4    -5     T
      924  0.1552829E+03  0.65151E-01    5     3675     4    -5     T
      925  0.1553480E+03  0.65151E-01    5     3680     4    -5     T
      926  0.1554132E+03  0.65151E-01    5     3685     4    -5     T
      927  0.1554783E+03  0.65151E-01    5     3690     4    -5     T
      928  0.1555435E+03  0.65151E-01    5     3695     4    -5     T
      929  0.1556086E+03  0.65151E-01    5     3700     4    -5     T
      930  0.1556738E+03  0.65151E-01    5     3705     4    -5     T
      931  0.1557389E+03  0.65151E-01    5     3710     4    -5     T
      932  0.1558041E+03  0.65151E-01    5     3715     4    -5     T
      933  0.1558692E+03  0.65151E-01    5     3720     4    -5     T
      934  0.1559344E+03  0.65151E-01    5     3725     4    -5     T
      935  0.1559995E+03  0.65151E-01    5     3730     4    -5     T
      936  0.1560647E+03  0.65151E-01    5     3735     4    -5     T
      937  0.1561298E+03  0.65151E-01    5     3740     4    -5     T
      938  0.1561950E+03  0.65151E-01    5     3745     4    -5     T
      939  0.1562601E+03  0.65151E-01    5     3750     4    -5     T
      940  0.1563253E+03  0.65151E-01    5     3755     4    -5     T
      941  0.1563904E+03  0.65151E-01    5     3760     4    -5     T
      942  0.1564556E+03  0.65151E-01    5     3765     4    -5     T
      943  0.1565207E+03  0.65151E-01    5     3770     4    -5     T
      944  0.1565859E+03  0.65151E-01    5     3775     4    -5     T
      945  0.1566511E+03  0.65151E-01    5     3780     4    -5     T
      946  0.1567162E+03  0.65151E-01    5     3785     4    -5     T
      947  0.1567814E+03  0.65151E-01    5     3790     4    -5     T
      948  0.1568465E+03  0.65151E-01    5     3795     4    -5     T
      949  0.1569117E+03  0.65151E-01    5     3800     4    -5     T
      950  0.1569768E+03  0.65151E-01    5     3805     4    -5     T
      951  0.1570420E+03  0.65151E-01    5     3810     4    -5     T
      952  0.1571071E+03  0.65151E-01    5     3815     4    -5     T
      953  0.1571723E+03  0.65151E-01    5     3820     4    -5     T
      954  0.1572374E+03  0.65151E-01    5     3825     4    -5     T
      955  0.1573026E+03  0.65151E-01    5     3830     4    -5     T
      956  0.1573677E+03  0.65151E-01    5     3835     4    -5     T
      957  0.1574329E+03  0.65151E-01    5     3840     4    -5     T
      958  0.1574980E+03  0.65151E-01    5     3845     4    -5     T
      959  0.1575632E+03  0.65151E-01    5     3850     4    -5     T
      960  0.1576283E+03  0.65151E-01    5     3855     4    -5     T
      961  0.1576935E+03  0.65151E-01    5     3860     4    -5     T
      962  0.1577586E+03  0.65151E-01    5     3865     4    -5     T
      963  0.1578238E+03  0.65151E-01    5     3870     4    -5     T
      964  0.1578889E+03  0.65151E-01    5     3875     4    -5     T
      965  0.1579541E+03  0.65151E-01    5     3880     4    -5     T
      966  0.1580192E+03  0.65151E-01    5     3885     4    -5     T
      967  0.1580844E+03  0.65151E-01    5     3890     4    -5     T
      968  0.1581495E+03  0.65151E-01    5     3895     4    -5     T
      969  0.1582147E+03  0.65151E-01    5     3900     4    -5     T
      970  0.1582798E+03  0.65151E-01    5     3905     4    -5     T
      971  0.1583450E+03  0.65151E-01    5     3910     4    -5     T
      972  0.1584101E+03  0.65151E-01    5     3915     4    -5     T
      973  0.1584753E+03  0.65151E-01    5     3920     4    -5     T
      974  0.1585404E+03  0.65151E-01    5     3925     4    -5     T
      975  0.1586056E+03  0.65151E-01    5     3930     4    -5     T
      976  0.1586707E+03  0.65151E-01    5     3935     4    -5     T
      977  0.1587359E+03  0.65151E-01    5     3940     4    -5     T
      978  0.1588011E+03  0.65151E-01    5     3945     4    -5     T
      979  0.1588662E+03  0.65151E-01    5     3950     4    -5     T
      980  0.1589314E+03  0.65151E-01    5     3955     4    -5     T
      981  0.1589965E+03  0.65151E-01    5     3960     4    -5     T
      982  0.1590617E+03  0.65151E-01    5     3965     4    -5     T
      983  0.1591268E+03  0.65151E-01    5     3970     4    -5     T
      984  0.1591920E+03  0.65151E-01    5     3975     4    -5     T
      985  0.1592571E+03  0.65151E-01    5     3980     4    -5     T
      986  0.1593223E+03  0.65151E-01   10     3990     4    -5     T
      987  0.1593679E+03  0.45606E-01    5     3995     4    -5     T
      988  0.1593831E+03  0.15202E-01    4     4009    -4    -5     T
      989  0.1593983E+03  0.15202E-01    2     4011    -4    -5     T
      990  0.1594180E+03  0.19763E-01    3     4014     4    -5     T
      991  0.1594437E+03  0.25691E-01    5     4019    -4    -5     T
      992  0.1594523E+03  0.85638E-02    2     4031     4    -5     T
      993  0.1594634E+03  0.11133E-01    3     4034     4    -5     T
      994  0.1594779E+03  0.14473E-01    2     4036    -4    -5     T
      995  0.1594842E+03  0.62716E-02    2     4048     4    -5     T
      996  0.1594923E+03  0.81530E-02    4     4052     4    -5     T
      997  0.1595005E+03  0.81530E-02    4     4056     4    -5     T
      998  0.1595086E+03  0.81530E-02    4     4060     4    -5     T
      999  0.1595168E+03  0.81530E-02    4     4064     4    -5     T
     1000  0.1595249E+03  0.81530E-02    4     4068     4    -5     T
     1001  0.1595331E+03  0.81530E-02    4     4072     4    -5     T
     1002  0.1595412E+03  0.81530E-02    4     4076     4    -5     T
     1003  0.1595494E+03  0.81530E-02    4     4080     4    -5     T
     1004  0.1595575E+03  0.81530E-02    4     4084     4    -5     T
     1005  0.1595657E+03  0.81530E-02    4     4088     4    -5     T
     1006  0.1595739E+03  0.81530E-02    4     4092     4    -5     T
     1007  0.1595820E+03  0.81530E-02    4     4096     4    -5     T
     1008  0.1595902E+03  0.81530E-02    4     4100     4    -5     T
     1009  0.1595983E+03  0.81530E-02    4     4104     4    -5     T
     1010  0.1596065E+03  0.81530E-02    4     4108     4    -5     T
     1011  0.1596146E+03  0.81530E-02    4     4112     4    -5     T
     1012  0.1596228E+03  0.81530E-02    4     4116     4    -5     T
     1013  0.1596309E+03  0.81530E-02    4     4120     4    -5     T
     1014  0.1596391E+03  0.81530E-02    4     4124     4    -5     T
     1015  0.1596472E+03  0.81530E-02    4     4128     4    -5     T
     1016  0.1596554E+03  0.81530E-02    4     4132     4    -5     T
     1017  0.1596635E+03  0.81530E-02    4     4136     4    -5     T
     1018  0.1596717E+03  0.81530E-02    4     4140     4    -5     T
     1019  0.1596798E+03  0.81530E-02    4     4144     4    -5     T
     1020  0.1596880E+03  0.81530E-02    4     4148     4    -5     T
     1021  0.1596961E+03  0.81530E-02    4     4152     4    -5     T
     1022  0.1597043E+03  0.81530E-02    4     4156     4    -5     T
     1023  0.1597125E+03  0.81530E-02    4     4160     4    -5     T
     1024  0.1597206E+03  0.81530E-02    4     4164     4    -5     T
     1025  0.1597288E+03  0.81530E-02    4     4168     4    -5     T
     1026  0.1597369E+03  0.81530E-02    4     4172     4    -5     T
     1027  0.1597451E+03  0.81530E-02    4     4176     4    -5     T
     1028  0.1597532E+03  0.81530E-02    4     4180     4    -5     T
     1029  0.1597614E+03  0.81530E-02    4     4184     4    -5     T
     1030  0.1597695E+03  0.81530E-02    4     4188     4    -5     T
     1031  0.1597777E+03  0.81530E-02    4     4192     4    -5     T
     1032  0.1597858E+03  0.81530E-02    4     4196     4    -5     T
     1033  0.1597940E+03  0.81530E-02    4     4200     4    -5     T
     1034  0.1598021E+03  0.81530E-02    4     4204     4    -5     T
     1035  0.1598103E+03  0.81530E-02    4     4208     4    -5     T
     1036  0.1598184E+03  0.81530E-02    4     4212     4    -5     T
     1037  0.1598266E+03  0.81530E-02    4     4216     4    -5     T
     1038  0.1598347E+03  0.81530E-02    4     4220     4    -5     T
     1039  0.1598429E+03  0.81530E-02    4     4224     4    -5     T
     1040  0.1598511E+03  0.81530E-02    4     4228     4    -5     T
     1041  0.1598592E+03  0.81530E-02    4     4232     4    -5     T
     1042  0.1598674E+03  0.81530E-02    4     4236     4    -5     T
     1043  0.1598755E+03  0.81530E-02    4     4240     4    -5     T
     1044  0.1598837E+03  0.81530E-02    4     4244     4    -5     T
     1045  0.1598918E+03  0.81530E-02    4     4248     4    -5     T
     1046  0.1599000E+03  0.81530E-02    4     4252     4    -5     T
     1047  0.1599081E+03  0.81530E-02    4     4256     4    -5     T
     1048  0.1599163E+03  0.81530E-02    4     4260     4    -5     T
     1049  0.1599246E+03  0.83723E-02    4     4264     4    -5     T
     1050  0.1599330E+03  0.83723E-02    4     4268     4    -5     T
     1051  0.1599414E+03  0.83723E-02    4     4272     4    -5     T
     1052  0.1599498E+03  0.83723E-02    4     4276     4    -5     T
     1053  0.1599581E+03  0.83723E-02    4     4280     4    -5     T
     1054  0.1599665E+03  0.83723E-02    4     4284     4    -5     T
     1055  0.1599749E+03  0.83723E-02    4     4288     4    -5     T
     1056  0.1599833E+03  0.83723E-02    4     4292     4    -5     T
     1057  0.1599916E+03  0.83723E-02    4     4296     4    -5     T
     1058  0.1600000E+03  0.83723E-02    4     4300     4    -5     T
     1059  0.1600000E+03  0.33333E-04    2     4312    -4    -5     T
     1060  0.1600001E+03  0.43333E-04    2     4314    -4    -5     T
     1061  0.1600001E+03  0.56333E-04    2     4316    -4    -5     T
     1062  0.1600002E+03  0.73233E-04    2     4318    -4    -5     T
     1063  0.1600003E+03  0.95203E-04    2     4320    -4    -5     T
     1064  0.1600004E+03  0.12376E-03    2     4322    -4    -5     T
     1065  0.1600006E+03  0.16089E-03    2     4324    -4    -5     T
     1066  0.1600008E+03  0.20916E-03    2     4326    -4    -5     T
     1067  0.1600011E+03  0.27191E-03    2     4328    -4    -5     T
     1068  0.1600014E+03  0.35348E-03    2     4330    -4    -5     T
     1069  0.1600019E+03  0.45953E-03    2     4332    -4    -5     T
     1070  0.1600025E+03  0.59739E-03    2     4334    -4    -5     T
     1071  0.1600033E+03  0.77660E-03    2     4336    -4    -5     T
     1072  0.1600043E+03  0.10096E-02    3     4339    -4    -5     T
     1073  0.1600056E+03  0.13125E-02    2     4341    -4    -5     T
     1074  0.1600073E+03  0.17062E-02    2     4343    -4    -5     T
     1075  0.1600095E+03  0.22181E-02    2     4345    -4    -5     T
     1076  0.1600124E+03  0.28835E-02    2     4347    -4    -5     T
     1077  0.1600161E+03  0.37485E-02    2     4349    -4    -5     T
     1078  0.1600210E+03  0.48731E-02    2     4351    -4    -5     T
     1079  0.1600273E+03  0.63350E-02    2     4353    -4    -5     T
     1080  0.1600356E+03  0.82355E-02    2     4355    -4    -5     T
     1081  0.1600463E+03  0.10706E-01    2     4357    -4    -5     T
     1082  0.1600602E+03  0.13918E-01    2     4359    -4    -5     T
     1083  0.1600783E+03  0.18093E-01    2     4361    -4    -5     T
     1084  0.1601018E+03  0.23521E-01    2     4363    -4    -5     T
     1085  0.1601324E+03  0.30578E-01    2     4365    -4    -5     T
     1086  0.1601721E+03  0.39751E-01    2     4367    -4    -5     T
     1087  0.1602238E+03  0.51676E-01    2     4369    -4    -5     T
     1088  0.1602910E+03  0.67179E-01    2     4371    -4    -5     T
     1089  0.1603783E+03  0.87333E-01    2     4373    -4    -5     T
     1090  0.1604919E+03  0.11353E+00    2     4375    -4    -5     T
     1091  0.1606395E+03  0.14759E+00    2     4377    -4    -5     T
     1092  0.1608313E+03  0.19187E+00    2     4379    -4    -5     T
     1093  0.1610808E+03  0.24943E+00    2     4381    -4    -5     T
     1094  0.1614050E+03  0.32426E+00    2     4383    -4    -5     T
     1095  0.1618266E+03  0.42154E+00    2     4385    -4    -5     T
     1096  0.1623746E+03  0.54800E+00    2     4387    -4    -5     T
     1097  0.1630870E+03  0.71240E+00    2     4389    -4    -5     T
     1098  0.1640745E+03  0.98758E+00    3     4392    -4    -5     T
     1099  0.1652596E+03  0.11851E+01    3     4395    -4    -5     T
     1100  0.1668398E+03  0.15801E+01    3     4398    -4    -5     T
     1101  0.1684199E+03  0.15801E+01    3     4401    -4    -5     T
     1102  0.1700000E+03  0.15801E+01    3     4404    -4    -5     T
     1103  0.1725000E+03  0.25000E+01    4     4408    -4    -5     T
     1104  0.1750000E+03  0.25000E+01    3     4411    -4    -5     T
     1105  0.1800000E+03  0.50000E+01    5     4416    -4    -5     T
     1106  0.1833333E+03  0.33333E+01    4     4420    -4    -5     T
     1107  0.1866667E+03  0.33333E+01    3     4423    -4    -5     T
     1108  0.1900000E+03  0.33333E+01    3     4426    -4    -5     T
     1109  0.1950000E+03  0.50000E+01    3     4429    -4    -5     T
     1110  0.2000000E+03  0.50000E+01    3     4432    -4    -5     T
end
