 ******* Program HYDRUS
 ******* 
 Welcome to HYDRUS-1D                                                    
 Date:  17. 2.    Time:  21:13:38
 Units: L = mm   , T = min  , M = mmol 

----------------------------------------------------------
 Time       [T]       10.0000
----------------------------------------------------------
 Sub-region num.                     1            2
----------------------------------------------------------
 Length   [L]        0.10000E+04  0.10000E+04  0.00000E+00
 W-volume [L]        0.43497E+03  0.43497E+03  0.00000E+00
 In-flow  [L/T]      0.00000E+00  0.00000E+00  0.00000E+00
 h Mean   [L]       -0.26858E+04 -0.26858E+04  0.00000E+00
 Top Flux [L/T]     -0.18844E-04
 Bot Flux [L/T]      0.35294E-03
----------------------------------------------------------

----------------------------------------------------------
 Time       [T]       10.0010
----------------------------------------------------------
 Sub-region num.                     1            2
----------------------------------------------------------
 Length   [L]        0.10000E+04  0.10000E+04  0.00000E+00
 W-volume [L]        0.43497E+03  0.43497E+03  0.00000E+00
 In-flow  [L/T]      0.57220E-02  0.57220E-02  0.00000E+00
 h Mean   [L]       -0.26858E+04 -0.26858E+04  0.00000E+00
 Top Flux [L/T]     -0.19073E-04
 Bot Flux [L/T]      0.35257E-03
 WatBalT  [L]       -0.91634E-05
 WatBalR  [%]             63.007
----------------------------------------------------------

----------------------------------------------------------
 Time       [T]       20.0000
----------------------------------------------------------
 Sub-region num.                     1            2
----------------------------------------------------------
 Length   [L]        0.10000E+04  0.10000E+04  0.00000E+00
 W-volume [L]        0.43536E+03  0.43536E+03  0.00000E+00
 In-flow  [L/T]      0.39112E-01  0.39112E-01  0.00000E+00
 h Mean   [L]       -0.26672E+04 -0.26672E+04  0.00000E+00
 Top Flux [L/T]     -0.17779E-01
 Bot Flux [L/T]     -0.55430E-03
 WatBalT  [L]       -0.30965E-04
 WatBalR  [%]              0.007
----------------------------------------------------------

----------------------------------------------------------
 Time       [T]       30.0000
----------------------------------------------------------
 Sub-region num.                     1            2
----------------------------------------------------------
 Length   [L]        0.10000E+04  0.10000E+04  0.00000E+00
 W-volume [L]        0.43565E+03  0.43565E+03  0.00000E+00
 In-flow  [L/T]      0.29126E-01  0.29126E-01  0.00000E+00
 h Mean   [L]       -0.26542E+04 -0.26542E+04  0.00000E+00
 Top Flux [L/T]     -0.23063E-01
 Bot Flux [L/T]     -0.65496E-03
 WatBalT  [L]        0.52333E-04
 WatBalR  [%]              0.007
----------------------------------------------------------

----------------------------------------------------------
 Time       [T]       40.0000
----------------------------------------------------------
 Sub-region num.                     1            2
----------------------------------------------------------
 Length   [L]        0.10000E+04  0.10000E+04  0.00000E+00
 W-volume [L]        0.43614E+03  0.43614E+03  0.00000E+00
 In-flow  [L/T]      0.49136E-01  0.49136E-01  0.00000E+00
 h Mean   [L]       -0.26371E+04 -0.26371E+04  0.00000E+00
 Top Flux [L/T]     -0.39418E-01
 Bot Flux [L/T]     -0.68971E-03
 WatBalT  [L]       -0.53406E-04
 WatBalR  [%]              0.004
----------------------------------------------------------

----------------------------------------------------------
 Time       [T]       50.0000
----------------------------------------------------------
 Sub-region num.                     1            2
----------------------------------------------------------
 Length   [L]        0.10000E+04  0.10000E+04  0.00000E+00
 W-volume [L]        0.43633E+03  0.43633E+03  0.00000E+00
 In-flow  [L/T]      0.19144E-01  0.19144E-01  0.00000E+00
 h Mean   [L]       -0.26276E+04 -0.26276E+04  0.00000E+00
 Top Flux [L/T]     -0.20802E-01
 Bot Flux [L/T]     -0.70642E-03
 WatBalT  [L]       -0.23127E-04
 WatBalR  [%]              0.001
----------------------------------------------------------

----------------------------------------------------------
 Time       [T]       60.0000
----------------------------------------------------------
 Sub-region num.                     1            2
----------------------------------------------------------
 Length   [L]        0.10000E+04  0.10000E+04  0.00000E+00
 W-volume [L]        0.43722E+03  0.43722E+03  0.00000E+00
 In-flow  [L/T]      0.89153E-01  0.89153E-01  0.00000E+00
 h Mean   [L]       -0.26057E+04 -0.26057E+04  0.00000E+00
 Top Flux [L/T]     -0.77083E-01
 Bot Flux [L/T]     -0.71593E-03
 WatBalT  [L]       -0.88453E-04
 WatBalR  [%]              0.004
----------------------------------------------------------

----------------------------------------------------------
 Time       [T]       70.0000
----------------------------------------------------------
 Sub-region num.                     1            2
----------------------------------------------------------
 Length   [L]        0.10000E+04  0.10000E+04  0.00000E+00
 W-volume [L]        0.43881E+03  0.43881E+03  0.00000E+00
 In-flow  [L/T]      0.15916E+00  0.15916E+00  0.00000E+00
 h Mean   [L]       -0.25728E+04 -0.25728E+04  0.00000E+00
 Top Flux [L/T]     -0.14694E+00
 Bot Flux [L/T]     -0.72152E-03
 WatBalT  [L]       -0.59605E-04
 WatBalR  [%]              0.001
----------------------------------------------------------

----------------------------------------------------------
 Time       [T]       80.0000
----------------------------------------------------------
 Sub-region num.                     1            2
----------------------------------------------------------
 Length   [L]        0.10000E+04  0.10000E+04  0.00000E+00
 W-volume [L]        0.43931E+03  0.43931E+03  0.00000E+00
 In-flow  [L/T]      0.49165E-01  0.49165E-01  0.00000E+00
 h Mean   [L]       -0.25528E+04 -0.25528E+04  0.00000E+00
 Top Flux [L/T]     -0.52155E-01
 Bot Flux [L/T]     -0.72481E-03
 WatBalT  [L]       -0.85831E-05
 WatBalR  [%]              0.000
----------------------------------------------------------

----------------------------------------------------------
 Time       [T]       90.0000
----------------------------------------------------------
 Sub-region num.                     1            2
----------------------------------------------------------
 Length   [L]        0.10000E+04  0.10000E+04  0.00000E+00
 W-volume [L]        0.43940E+03  0.43940E+03  0.00000E+00
 In-flow  [L/T]      0.91704E-02  0.91704E-02  0.00000E+00
 h Mean   [L]       -0.25416E+04 -0.25416E+04  0.00000E+00
 Top Flux [L/T]     -0.17046E-01
 Bot Flux [L/T]     -0.72667E-03
 WatBalT  [L]       -0.10157E-03
 WatBalR  [%]              0.002
----------------------------------------------------------

----------------------------------------------------------
 Time       [T]      100.0000
----------------------------------------------------------
 Sub-region num.                     1            2
----------------------------------------------------------
 Length   [L]        0.10000E+04  0.10000E+04  0.00000E+00
 W-volume [L]        0.43939E+03  0.43939E+03  0.00000E+00
 In-flow  [L/T]     -0.82410E-03 -0.82410E-03  0.00000E+00
 h Mean   [L]       -0.25343E+04 -0.25343E+04  0.00000E+00
 Top Flux [L/T]     -0.63398E-02
 Bot Flux [L/T]     -0.72747E-03
 WatBalT  [L]       -0.10681E-03
 WatBalR  [%]              0.002
----------------------------------------------------------

----------------------------------------------------------
 Time       [T]      110.0000
----------------------------------------------------------
 Sub-region num.                     1            2
----------------------------------------------------------
 Length   [L]        0.10000E+04  0.10000E+04  0.00000E+00
 W-volume [L]        0.43938E+03  0.43938E+03  0.00000E+00
 In-flow  [L/T]     -0.81987E-03 -0.81987E-03  0.00000E+00
 h Mean   [L]       -0.25292E+04 -0.25292E+04  0.00000E+00
 Top Flux [L/T]     -0.42272E-02
 Bot Flux [L/T]     -0.72758E-03
 WatBalT  [L]       -0.10586E-03
 WatBalR  [%]              0.002
----------------------------------------------------------

----------------------------------------------------------
 Time       [T]      120.0000
----------------------------------------------------------
 Sub-region num.                     1            2
----------------------------------------------------------
 Length   [L]        0.10000E+04  0.10000E+04  0.00000E+00
 W-volume [L]        0.43957E+03  0.43957E+03  0.00000E+00
 In-flow  [L/T]      0.19184E-01  0.19184E-01  0.00000E+00
 h Mean   [L]       -0.25222E+04 -0.25222E+04  0.00000E+00
 Top Flux [L/T]     -0.17313E-01
 Bot Flux [L/T]     -0.72729E-03
 WatBalT  [L]       -0.41962E-04
 WatBalR  [%]              0.001
----------------------------------------------------------

----------------------------------------------------------
 Time       [T]      130.0000
----------------------------------------------------------
 Sub-region num.                     1            2
----------------------------------------------------------
 Length   [L]        0.10000E+04  0.10000E+04  0.00000E+00
 W-volume [L]        0.44006E+03  0.44006E+03  0.00000E+00
 In-flow  [L/T]      0.49191E-01  0.49191E-01  0.00000E+00
 h Mean   [L]       -0.25119E+04 -0.25119E+04  0.00000E+00
 Top Flux [L/T]     -0.43478E-01
 Bot Flux [L/T]     -0.72665E-03
 WatBalT  [L]        0.26226E-04
 WatBalR  [%]              0.000
----------------------------------------------------------

----------------------------------------------------------
 Time       [T]      140.0000
----------------------------------------------------------
 Sub-region num.                     1            2
----------------------------------------------------------
 Length   [L]        0.10000E+04  0.10000E+04  0.00000E+00
 W-volume [L]        0.44036E+03  0.44036E+03  0.00000E+00
 In-flow  [L/T]      0.29193E-01  0.29193E-01  0.00000E+00
 h Mean   [L]       -0.25039E+04 -0.25039E+04  0.00000E+00
 Top Flux [L/T]     -0.29531E-01
 Bot Flux [L/T]     -0.72566E-03
 WatBalT  [L]       -0.55313E-04
 WatBalR  [%]              0.001
----------------------------------------------------------

----------------------------------------------------------
 Time       [T]      150.0000
----------------------------------------------------------
 Sub-region num.                     1            2
----------------------------------------------------------
 Length   [L]        0.10000E+04  0.10000E+04  0.00000E+00
 W-volume [L]        0.44055E+03  0.44055E+03  0.00000E+00
 In-flow  [L/T]      0.19199E-01  0.19199E-01  0.00000E+00
 h Mean   [L]       -0.24967E+04 -0.24967E+04  0.00000E+00
 Top Flux [L/T]     -0.21077E-01
 Bot Flux [L/T]     -0.72446E-03
 WatBalT  [L]       -0.12636E-03
 WatBalR  [%]              0.002
----------------------------------------------------------

----------------------------------------------------------
 Time       [T]      160.0000
----------------------------------------------------------
 Sub-region num.                     1            2
----------------------------------------------------------
 Length   [L]        0.10000E+04  0.10000E+04  0.00000E+00
 W-volume [L]        0.44064E+03  0.44064E+03  0.00000E+00
 In-flow  [L/T]      0.92028E-02  0.92028E-02  0.00000E+00
 h Mean   [L]       -0.24906E+04 -0.24906E+04  0.00000E+00
 Top Flux [L/T]     -0.12472E-01
 Bot Flux [L/T]     -0.72312E-03
 WatBalT  [L]       -0.89169E-04
 WatBalR  [%]              0.001
----------------------------------------------------------

----------------------------------------------------------
 Time       [T]      170.0000
----------------------------------------------------------
 Sub-region num.                     1            2
----------------------------------------------------------
 Length   [L]        0.10000E+04  0.10000E+04  0.00000E+00
 W-volume [L]        0.44073E+03  0.44073E+03  0.00000E+00
 In-flow  [L/T]      0.92047E-02  0.92047E-02  0.00000E+00
 h Mean   [L]       -0.24849E+04 -0.24849E+04  0.00000E+00
 Top Flux [L/T]     -0.11393E-01
 Bot Flux [L/T]     -0.72163E-03
 WatBalT  [L]       -0.66757E-04
 WatBalR  [%]              0.001
----------------------------------------------------------

----------------------------------------------------------
 Time       [T]      180.0000
----------------------------------------------------------
 Sub-region num.                     1            2
----------------------------------------------------------
 Length   [L]        0.10000E+04  0.10000E+04  0.00000E+00
 W-volume [L]        0.44082E+03  0.44082E+03  0.00000E+00
 In-flow  [L/T]      0.92109E-02  0.92109E-02  0.00000E+00
 h Mean   [L]       -0.24795E+04 -0.24795E+04  0.00000E+00
 Top Flux [L/T]     -0.10938E-01
 Bot Flux [L/T]     -0.72000E-03
 WatBalT  [L]        0.57220E-05
 WatBalR  [%]              0.000
----------------------------------------------------------

----------------------------------------------------------
 Time       [T]      190.0000
----------------------------------------------------------
 Sub-region num.                     1            2
----------------------------------------------------------
 Length   [L]        0.10000E+04  0.10000E+04  0.00000E+00
 W-volume [L]        0.44082E+03  0.44082E+03  0.00000E+00
 In-flow  [L/T]     -0.78659E-03 -0.78659E-03  0.00000E+00
 h Mean   [L]       -0.24756E+04 -0.24756E+04  0.00000E+00
 Top Flux [L/T]     -0.44973E-02
 Bot Flux [L/T]     -0.71831E-03
 WatBalT  [L]        0.34809E-04
 WatBalR  [%]              0.001
----------------------------------------------------------

----------------------------------------------------------
 Time       [T]      200.0000
----------------------------------------------------------
 Sub-region num.                     1            2
----------------------------------------------------------
 Length   [L]        0.10000E+04  0.10000E+04  0.00000E+00
 W-volume [L]        0.44081E+03  0.44081E+03  0.00000E+00
 In-flow  [L/T]     -0.78278E-03 -0.78278E-03  0.00000E+00
 h Mean   [L]       -0.24721E+04 -0.24721E+04  0.00000E+00
 Top Flux [L/T]     -0.27914E-02
 Bot Flux [L/T]     -0.71650E-03
 WatBalT  [L]       -0.13351E-03
 WatBalR  [%]              0.002
----------------------------------------------------------

----------------------------------------------------------
 Time       [T]      210.0000
----------------------------------------------------------
 Sub-region num.                     1            2
----------------------------------------------------------
 Length   [L]        0.10000E+04  0.10000E+04  0.00000E+00
 W-volume [L]        0.44080E+03  0.44080E+03  0.00000E+00
 In-flow  [L/T]     -0.77953E-03 -0.77953E-03  0.00000E+00
 h Mean   [L]       -0.24687E+04 -0.24687E+04  0.00000E+00
 Top Flux [L/T]     -0.21387E-02
 Bot Flux [L/T]     -0.71465E-03
 WatBalT  [L]       -0.92506E-04
 WatBalR  [%]              0.001
----------------------------------------------------------

----------------------------------------------------------
 Time       [T]      220.0000
----------------------------------------------------------
 Sub-region num.                     1            2
----------------------------------------------------------
 Length   [L]        0.10000E+04  0.10000E+04  0.00000E+00
 W-volume [L]        0.44079E+03  0.44079E+03  0.00000E+00
 In-flow  [L/T]     -0.77577E-03 -0.77577E-03  0.00000E+00
 h Mean   [L]       -0.24654E+04 -0.24654E+04  0.00000E+00
 Top Flux [L/T]     -0.17849E-02
 Bot Flux [L/T]     -0.71275E-03
 WatBalT  [L]        0.36716E-04
 WatBalR  [%]              0.001
----------------------------------------------------------

----------------------------------------------------------
 Time       [T]      230.0000
----------------------------------------------------------
 Sub-region num.                     1            2
----------------------------------------------------------
 Length   [L]        0.10000E+04  0.10000E+04  0.00000E+00
 W-volume [L]        0.44079E+03  0.44079E+03  0.00000E+00
 In-flow  [L/T]     -0.77221E-03 -0.77221E-03  0.00000E+00
 h Mean   [L]       -0.24626E+04 -0.24626E+04  0.00000E+00
 Top Flux [L/T]     -0.15811E-02
 Bot Flux [L/T]     -0.71083E-03
 WatBalT  [L]       -0.50545E-04
 WatBalR  [%]              0.001
----------------------------------------------------------

----------------------------------------------------------
 Time       [T]      240.0000
----------------------------------------------------------
 Sub-region num.                     1            2
----------------------------------------------------------
 Length   [L]        0.10000E+04  0.10000E+04  0.00000E+00
 W-volume [L]        0.44078E+03  0.44078E+03  0.00000E+00
 In-flow  [L/T]     -0.76950E-03 -0.76950E-03  0.00000E+00
 h Mean   [L]       -0.24600E+04 -0.24600E+04  0.00000E+00
 Top Flux [L/T]     -0.14700E-02
 Bot Flux [L/T]     -0.70887E-03
 WatBalT  [L]       -0.78678E-04
 WatBalR  [%]              0.001
----------------------------------------------------------

----------------------------------------------------------
 Time       [T]      250.0000
----------------------------------------------------------
 Sub-region num.                     1            2
----------------------------------------------------------
 Length   [L]        0.10000E+04  0.10000E+04  0.00000E+00
 W-volume [L]        0.44087E+03  0.44087E+03  0.00000E+00
 In-flow  [L/T]      0.92341E-02  0.92341E-02  0.00000E+00
 h Mean   [L]       -0.24560E+04 -0.24560E+04  0.00000E+00
 Top Flux [L/T]     -0.76169E-02
 Bot Flux [L/T]     -0.70695E-03
 WatBalT  [L]       -0.55790E-04
 WatBalR  [%]              0.001
----------------------------------------------------------

----------------------------------------------------------
 Time       [T]      260.0000
----------------------------------------------------------
 Sub-region num.                     1            2
----------------------------------------------------------
 Length   [L]        0.10000E+04  0.10000E+04  0.00000E+00
 W-volume [L]        0.44086E+03  0.44086E+03  0.00000E+00
 In-flow  [L/T]     -0.76313E-03 -0.76313E-03  0.00000E+00
 h Mean   [L]       -0.24535E+04 -0.24535E+04  0.00000E+00
 Top Flux [L/T]     -0.27952E-02
 Bot Flux [L/T]     -0.70494E-03
 WatBalT  [L]       -0.10681E-03
 WatBalR  [%]              0.002
----------------------------------------------------------
 
 Calculation time [sec]  0.510000020265579     
