 ******* Program HYDRUS
 ******* 
 Welcome to HYDRUS-1D                                                    
 Date:  17. 2.    Time:  21:13:38
 Units: L = mm   , T = min  , M = mmol 


    TLevel      Time          dt      Iter    ItCum  KodT  KodB  Convergency

        1  0.1000010E+02  0.10000E-03    2        2    -4    -5     T
        2  0.1000020E+02  0.10000E-03    2        4    -4    -5     T
        3  0.1000033E+02  0.13333E-03    2        6    -4    -5     T
        4  0.1000050E+02  0.16667E-03    2        8    -4    -5     T
        5  0.1000075E+02  0.25000E-03    2       10    -4    -5     T
        6  0.1000100E+02  0.25000E-03    2       12    -4    -5     T
        7  0.1000110E+02  0.10000E-03    2       14    -4    -5     T
        8  0.1000123E+02  0.13000E-03    2       16    -4    -5     T
        9  0.1000140E+02  0.16900E-03    2       18    -4    -5     T
       10  0.1000162E+02  0.21970E-03    2       20    -4    -5     T
       11  0.1000190E+02  0.28561E-03    2       22    -4    -5     T
       12  0.1000228E+02  0.37129E-03    2       24    -4    -5     T
       13  0.1000276E+02  0.48268E-03    2       26    -4    -5     T
       14  0.1000339E+02  0.62748E-03    2       28    -4    -5     T
       15  0.1000420E+02  0.81573E-03    2       30    -4    -5     T
       16  0.1000526E+02  0.10604E-02    2       32    -4    -5     T
       17  0.1000664E+02  0.13786E-02    2       34    -4    -5     T
       18  0.1000843E+02  0.17922E-02    2       36    -4    -5     T
       19  0.1001076E+02  0.23298E-02    2       38    -4    -5     T
       20  0.1001379E+02  0.30287E-02    2       40    -4    -5     T
       21  0.1001773E+02  0.39374E-02    2       42    -4    -5     T
       22  0.1002285E+02  0.51186E-02    2       44    -4    -5     T
       23  0.1002950E+02  0.66542E-02    2       46    -4    -5     T
       24  0.1003815E+02  0.86504E-02    2       48    -4    -5     T
       25  0.1004940E+02  0.11246E-01    2       50    -4    -5     T
       26  0.1006402E+02  0.14619E-01    2       52    -4    -5     T
       27  0.1008302E+02  0.19005E-01    2       54    -4    -5     T
       28  0.1010773E+02  0.24706E-01    2       56    -4    -5     T
       29  0.1013985E+02  0.32118E-01    2       58    -4    -5     T
       30  0.1018160E+02  0.41754E-01    2       60    -4    -5     T
       31  0.1023588E+02  0.54280E-01    2       62    -4    -5     T
       32  0.1030644E+02  0.70564E-01    2       64    -4    -5     T
       33  0.1039818E+02  0.91733E-01    2       66    -4    -5     T
       34  0.1051743E+02  0.11925E+00    2       68    -4    -5     T
       35  0.1067246E+02  0.15503E+00    2       70    -4    -5     T
       36  0.1087400E+02  0.20154E+00    2       72    -4    -5     T
       37  0.1113600E+02  0.26200E+00    2       74    -4    -5     T
       38  0.1147660E+02  0.34060E+00    2       76    -4    -5     T
       39  0.1191937E+02  0.44278E+00    2       78    -4    -5     T
       40  0.1249499E+02  0.57561E+00    2       80    -4    -5     T
       41  0.1324549E+02  0.75050E+00    2       82    -4    -5     T
       42  0.1421042E+02  0.96493E+00    2       84    -4    -5     T
       43  0.1536833E+02  0.11579E+01    2       86    -4    -5     T
       44  0.1691222E+02  0.15439E+01    2       88    -4    -5     T
       45  0.2000000E+02  0.30878E+01    4       92    -4    -5     T
       46  0.2000010E+02  0.10000E-03    2       94    -4    -5     T
       47  0.2000023E+02  0.13000E-03    2       96    -4    -5     T
       48  0.2000040E+02  0.16900E-03    2       98    -4    -5     T
       49  0.2000062E+02  0.21970E-03    2      100    -4    -5     T
       50  0.2000090E+02  0.28561E-03    2      102    -4    -5     T
       51  0.2000128E+02  0.37129E-03    2      104    -4    -5     T
       52  0.2000176E+02  0.48268E-03    2      106    -4    -5     T
       53  0.2000239E+02  0.62748E-03    2      108    -4    -5     T
       54  0.2000320E+02  0.81573E-03    2      110    -4    -5     T
       55  0.2000426E+02  0.10604E-02    2      112    -4    -5     T
       56  0.2000564E+02  0.13786E-02    2      114    -4    -5     T
       57  0.2000743E+02  0.17922E-02    2      116    -4    -5     T
       58  0.2000976E+02  0.23298E-02    2      118    -4    -5     T
       59  0.2001279E+02  0.30287E-02    2      120    -4    -5     T
       60  0.2001673E+02  0.39374E-02    2      122    -4    -5     T
       61  0.2002185E+02  0.51186E-02    2      124    -4    -5     T
       62  0.2002850E+02  0.66542E-02    2      126    -4    -5     T
       63  0.2003715E+02  0.86504E-02    2      128    -4    -5     T
       64  0.2004840E+02  0.11246E-01    2      130    -4    -5     T
       65  0.2006302E+02  0.14619E-01    2      132    -4    -5     T
       66  0.2008202E+02  0.19005E-01    2      134    -4    -5     T
       67  0.2010673E+02  0.24706E-01    2      136    -4    -5     T
       68  0.2013885E+02  0.32118E-01    2      138    -4    -5     T
       69  0.2018060E+02  0.41754E-01    2      140    -4    -5     T
       70  0.2023488E+02  0.54280E-01    2      142    -4    -5     T
       71  0.2030544E+02  0.70564E-01    2      144    -4    -5     T
       72  0.2039718E+02  0.91733E-01    2      146    -4    -5     T
       73  0.2051643E+02  0.11925E+00    2      148    -4    -5     T
       74  0.2067146E+02  0.15503E+00    2      150    -4    -5     T
       75  0.2087300E+02  0.20154E+00    2      152    -4    -5     T
       76  0.2113500E+02  0.26200E+00    2      154    -4    -5     T
       77  0.2147560E+02  0.34060E+00    2      156    -4    -5     T
       78  0.2191837E+02  0.44278E+00    2      158    -4    -5     T
       79  0.2249399E+02  0.57561E+00    2      160    -4    -5     T
       80  0.2324459E+02  0.75060E+00    2      162    -4    -5     T
       81  0.2420965E+02  0.96506E+00    2      164    -4    -5     T
       82  0.2536772E+02  0.11581E+01    2      166    -4    -5     T
       83  0.2691181E+02  0.15441E+01    2      168    -4    -5     T
       84  0.3000000E+02  0.30882E+01    2      170    -4    -5     T
       85  0.3000010E+02  0.10000E-03    2      172    -4    -5     T
       86  0.3000023E+02  0.13000E-03    2      174    -4    -5     T
       87  0.3000040E+02  0.16900E-03    2      176    -4    -5     T
       88  0.3000062E+02  0.21970E-03    2      178    -4    -5     T
       89  0.3000090E+02  0.28561E-03    2      180    -4    -5     T
       90  0.3000128E+02  0.37129E-03    2      182    -4    -5     T
       91  0.3000176E+02  0.48268E-03    2      184    -4    -5     T
       92  0.3000239E+02  0.62748E-03    2      186    -4    -5     T
       93  0.3000320E+02  0.81573E-03    2      188    -4    -5     T
       94  0.3000426E+02  0.10604E-02    2      190    -4    -5     T
       95  0.3000564E+02  0.13786E-02    2      192    -4    -5     T
       96  0.3000743E+02  0.17922E-02    2      194    -4    -5     T
       97  0.3000976E+02  0.23298E-02    2      196    -4    -5     T
       98  0.3001279E+02  0.30287E-02    2      198    -4    -5     T
       99  0.3001673E+02  0.39374E-02    2      200    -4    -5     T
      100  0.3002185E+02  0.51186E-02    2      202    -4    -5     T
      101  0.3002850E+02  0.66542E-02    2      204    -4    -5     T
      102  0.3003715E+02  0.86504E-02    2      206    -4    -5     T
      103  0.3004840E+02  0.11246E-01    2      208    -4    -5     T
      104  0.3006302E+02  0.14619E-01    2      210    -4    -5     T
      105  0.3008202E+02  0.19005E-01    2      212    -4    -5     T
      106  0.3010673E+02  0.24706E-01    2      214    -4    -5     T
      107  0.3013885E+02  0.32118E-01    2      216    -4    -5     T
      108  0.3018060E+02  0.41754E-01    2      218    -4    -5     T
      109  0.3023488E+02  0.54280E-01    2      220    -4    -5     T
      110  0.3030544E+02  0.70564E-01    2      222    -4    -5     T
      111  0.3039718E+02  0.91733E-01    2      224    -4    -5     T
      112  0.3051643E+02  0.11925E+00    2      226    -4    -5     T
      113  0.3067146E+02  0.15503E+00    2      228    -4    -5     T
      114  0.3087300E+02  0.20154E+00    2      230    -4    -5     T
      115  0.3113500E+02  0.26200E+00    2      232    -4    -5     T
      116  0.3147560E+02  0.34060E+00    2      234    -4    -5     T
      117  0.3191837E+02  0.44278E+00    2      236    -4    -5     T
      118  0.3249399E+02  0.57561E+00    2      238    -4    -5     T
      119  0.3324459E+02  0.75060E+00    2      240    -4    -5     T
      120  0.3420965E+02  0.96506E+00    2      242    -4    -5     T
      121  0.3536772E+02  0.11581E+01    2      244    -4    -5     T
      122  0.3691181E+02  0.15441E+01    2      246    -4    -5     T
      123  0.4000000E+02  0.30882E+01    3      249    -4    -5     T
      124  0.4000010E+02  0.10000E-03    2      251    -4    -5     T
      125  0.4000023E+02  0.13000E-03    2      253    -4    -5     T
      126  0.4000040E+02  0.16900E-03    2      255    -4    -5     T
      127  0.4000062E+02  0.21970E-03    2      257    -4    -5     T
      128  0.4000090E+02  0.28561E-03    2      259    -4    -5     T
      129  0.4000128E+02  0.37129E-03    2      261    -4    -5     T
      130  0.4000176E+02  0.48268E-03    2      263    -4    -5     T
      131  0.4000239E+02  0.62748E-03    2      265    -4    -5     T
      132  0.4000320E+02  0.81573E-03    2      267    -4    -5     T
      133  0.4000426E+02  0.10604E-02    2      269    -4    -5     T
      134  0.4000564E+02  0.13786E-02    2      271    -4    -5     T
      135  0.4000743E+02  0.17922E-02    2      273    -4    -5     T
      136  0.4000976E+02  0.23298E-02    2      275    -4    -5     T
      137  0.4001279E+02  0.30287E-02    2      277    -4    -5     T
      138  0.4001673E+02  0.39374E-02    2      279    -4    -5     T
      139  0.4002185E+02  0.51186E-02    2      281    -4    -5     T
      140  0.4002850E+02  0.66542E-02    2      283    -4    -5     T
      141  0.4003715E+02  0.86504E-02    2      285    -4    -5     T
      142  0.4004840E+02  0.11246E-01    2      287    -4    -5     T
      143  0.4006302E+02  0.14619E-01    2      289    -4    -5     T
      144  0.4008202E+02  0.19005E-01    2      291    -4    -5     T
      145  0.4010673E+02  0.24706E-01    2      293    -4    -5     T
      146  0.4013885E+02  0.32118E-01    2      295    -4    -5     T
      147  0.4018060E+02  0.41754E-01    2      297    -4    -5     T
      148  0.4023488E+02  0.54280E-01    2      299    -4    -5     T
      149  0.4030544E+02  0.70564E-01    2      301    -4    -5     T
      150  0.4039718E+02  0.91733E-01    2      303    -4    -5     T
      151  0.4051643E+02  0.11925E+00    2      305    -4    -5     T
      152  0.4067146E+02  0.15503E+00    2      307    -4    -5     T
      153  0.4087300E+02  0.20154E+00    2      309    -4    -5     T
      154  0.4113500E+02  0.26200E+00    2      311    -4    -5     T
      155  0.4147560E+02  0.34060E+00    2      313    -4    -5     T
      156  0.4191837E+02  0.44278E+00    2      315    -4    -5     T
      157  0.4249399E+02  0.57561E+00    2      317    -4    -5     T
      158  0.4324459E+02  0.75060E+00    2      319    -4    -5     T
      159  0.4420965E+02  0.96506E+00    2      321    -4    -5     T
      160  0.4536772E+02  0.11581E+01    2      323    -4    -5     T
      161  0.4691181E+02  0.15441E+01    2      325    -4    -5     T
      162  0.5000000E+02  0.30882E+01    2      327    -4    -5     T
      163  0.5000010E+02  0.10000E-03    2      329    -4    -5     T
      164  0.5000023E+02  0.13000E-03    2      331    -4    -5     T
      165  0.5000040E+02  0.16900E-03    2      333    -4    -5     T
      166  0.5000062E+02  0.21970E-03    2      335    -4    -5     T
      167  0.5000090E+02  0.28561E-03    2      337    -4    -5     T
      168  0.5000128E+02  0.37129E-03    2      339    -4    -5     T
      169  0.5000176E+02  0.48268E-03    2      341    -4    -5     T
      170  0.5000239E+02  0.62748E-03    2      343    -4    -5     T
      171  0.5000320E+02  0.81573E-03    2      345    -4    -5     T
      172  0.5000426E+02  0.10604E-02    2      347    -4    -5     T
      173  0.5000564E+02  0.13786E-02    2      349    -4    -5     T
      174  0.5000743E+02  0.17922E-02    2      351    -4    -5     T
      175  0.5000976E+02  0.23298E-02    2      353    -4    -5     T
      176  0.5001279E+02  0.30287E-02    2      355    -4    -5     T
      177  0.5001673E+02  0.39374E-02    2      357    -4    -5     T
      178  0.5002185E+02  0.51186E-02    2      359    -4    -5     T
      179  0.5002850E+02  0.66542E-02    2      361    -4    -5     T
      180  0.5003715E+02  0.86504E-02    2      363    -4    -5     T
      181  0.5004840E+02  0.11246E-01    2      365    -4    -5     T
      182  0.5006302E+02  0.14619E-01    2      367    -4    -5     T
      183  0.5008202E+02  0.19005E-01    2      369    -4    -5     T
      184  0.5010673E+02  0.24706E-01    2      371    -4    -5     T
      185  0.5013885E+02  0.32118E-01    2      373    -4    -5     T
      186  0.5018060E+02  0.41754E-01    2      375    -4    -5     T
      187  0.5023488E+02  0.54280E-01    2      377    -4    -5     T
      188  0.5030544E+02  0.70564E-01    2      379    -4    -5     T
      189  0.5039718E+02  0.91733E-01    2      381    -4    -5     T
      190  0.5051643E+02  0.11925E+00    2      383    -4    -5     T
      191  0.5067146E+02  0.15503E+00    2      385    -4    -5     T
      192  0.5087300E+02  0.20154E+00    2      387    -4    -5     T
      193  0.5113500E+02  0.26200E+00    2      389    -4    -5     T
      194  0.5147560E+02  0.34060E+00    2      391    -4    -5     T
      195  0.5191837E+02  0.44278E+00    2      393    -4    -5     T
      196  0.5249399E+02  0.57561E+00    2      395    -4    -5     T
      197  0.5324459E+02  0.75060E+00    2      397    -4    -5     T
      198  0.5420965E+02  0.96506E+00    2      399    -4    -5     T
      199  0.5536772E+02  0.11581E+01    2      401    -4    -5     T
      200  0.5691181E+02  0.15441E+01    2      403    -4    -5     T
      201  0.6000000E+02  0.30882E+01    4      407    -4    -5     T
      202  0.6000010E+02  0.10000E-03    2      409    -4    -5     T
      203  0.6000023E+02  0.13000E-03    2      411    -4    -5     T
      204  0.6000040E+02  0.16900E-03    2      413    -4    -5     T
      205  0.6000062E+02  0.21970E-03    2      415    -4    -5     T
      206  0.6000090E+02  0.28561E-03    2      417    -4    -5     T
      207  0.6000128E+02  0.37129E-03    2      419    -4    -5     T
      208  0.6000176E+02  0.48268E-03    2      421    -4    -5     T
      209  0.6000239E+02  0.62748E-03    2      423    -4    -5     T
      210  0.6000320E+02  0.81573E-03    2      425    -4    -5     T
      211  0.6000426E+02  0.10604E-02    2      427    -4    -5     T
      212  0.6000564E+02  0.13786E-02    2      429    -4    -5     T
      213  0.6000743E+02  0.17922E-02    2      431    -4    -5     T
      214  0.6000976E+02  0.23298E-02    2      433    -4    -5     T
      215  0.6001279E+02  0.30287E-02    2      435    -4    -5     T
      216  0.6001673E+02  0.39374E-02    2      437    -4    -5     T
      217  0.6002185E+02  0.51186E-02    2      439    -4    -5     T
      218  0.6002850E+02  0.66542E-02    2      441    -4    -5     T
      219  0.6003715E+02  0.86504E-02    2      443    -4    -5     T
      220  0.6004840E+02  0.11246E-01    2      445    -4    -5     T
      221  0.6006302E+02  0.14619E-01    2      447    -4    -5     T
      222  0.6008202E+02  0.19005E-01    2      449    -4    -5     T
      223  0.6010673E+02  0.24706E-01    2      451    -4    -5     T
      224  0.6013885E+02  0.32118E-01    2      453    -4    -5     T
      225  0.6018060E+02  0.41754E-01    2      455    -4    -5     T
      226  0.6023488E+02  0.54280E-01    2      457    -4    -5     T
      227  0.6030544E+02  0.70564E-01    2      459    -4    -5     T
      228  0.6039718E+02  0.91733E-01    2      461    -4    -5     T
      229  0.6051643E+02  0.11925E+00    2      463    -4    -5     T
      230  0.6067146E+02  0.15503E+00    2      465    -4    -5     T
      231  0.6087300E+02  0.20154E+00    2      467    -4    -5     T
      232  0.6113500E+02  0.26200E+00    2      469    -4    -5     T
      233  0.6147560E+02  0.34060E+00    2      471    -4    -5     T
      234  0.6191837E+02  0.44278E+00    2      473    -4    -5     T
      235  0.6249399E+02  0.57561E+00    2      475    -4    -5     T
      236  0.6324459E+02  0.75060E+00    2      477    -4    -5     T
      237  0.6420965E+02  0.96506E+00    2      479    -4    -5     T
      238  0.6536772E+02  0.11581E+01    3      482    -4    -5     T
      239  0.6691181E+02  0.15441E+01    2      484    -4    -5     T
      240  0.7000000E+02  0.30882E+01    5      489    -4    -5     T
      241  0.7000010E+02  0.10000E-03    2      491    -4    -5     T
      242  0.7000023E+02  0.13000E-03    2      493    -4    -5     T
      243  0.7000040E+02  0.16900E-03    2      495    -4    -5     T
      244  0.7000062E+02  0.21970E-03    2      497    -4    -5     T
      245  0.7000090E+02  0.28561E-03    2      499    -4    -5     T
      246  0.7000128E+02  0.37129E-03    2      501    -4    -5     T
      247  0.7000176E+02  0.48268E-03    2      503    -4    -5     T
      248  0.7000239E+02  0.62748E-03    2      505    -4    -5     T
      249  0.7000320E+02  0.81573E-03    2      507    -4    -5     T
      250  0.7000426E+02  0.10604E-02    2      509    -4    -5     T
      251  0.7000564E+02  0.13786E-02    2      511    -4    -5     T
      252  0.7000743E+02  0.17922E-02    2      513    -4    -5     T
      253  0.7000976E+02  0.23298E-02    2      515    -4    -5     T
      254  0.7001279E+02  0.30287E-02    2      517    -4    -5     T
      255  0.7001673E+02  0.39374E-02    2      519    -4    -5     T
      256  0.7002185E+02  0.51186E-02    2      521    -4    -5     T
      257  0.7002850E+02  0.66542E-02    2      523    -4    -5     T
      258  0.7003715E+02  0.86504E-02    2      525    -4    -5     T
      259  0.7004840E+02  0.11246E-01    2      527    -4    -5     T
      260  0.7006302E+02  0.14619E-01    2      529    -4    -5     T
      261  0.7008202E+02  0.19005E-01    2      531    -4    -5     T
      262  0.7010673E+02  0.24706E-01    2      533    -4    -5     T
      263  0.7013885E+02  0.32118E-01    2      535    -4    -5     T
      264  0.7018060E+02  0.41754E-01    2      537    -4    -5     T
      265  0.7023488E+02  0.54280E-01    2      539    -4    -5     T
      266  0.7030544E+02  0.70564E-01    2      541    -4    -5     T
      267  0.7039718E+02  0.91733E-01    2      543    -4    -5     T
      268  0.7051643E+02  0.11925E+00    2      545    -4    -5     T
      269  0.7067146E+02  0.15503E+00    2      547    -4    -5     T
      270  0.7087300E+02  0.20154E+00    2      549    -4    -5     T
      271  0.7113500E+02  0.26200E+00    2      551    -4    -5     T
      272  0.7147560E+02  0.34060E+00    2      553    -4    -5     T
      273  0.7191837E+02  0.44278E+00    2      555    -4    -5     T
      274  0.7249399E+02  0.57561E+00    2      557    -4    -5     T
      275  0.7324459E+02  0.75060E+00    2      559    -4    -5     T
      276  0.7420965E+02  0.96506E+00    2      561    -4    -5     T
      277  0.7536772E+02  0.11581E+01    2      563    -4    -5     T
      278  0.7691181E+02  0.15441E+01    2      565    -4    -5     T
      279  0.8000000E+02  0.30882E+01    2      567    -4    -5     T
      280  0.8000010E+02  0.10000E-03    2      569    -4    -5     T
      281  0.8000023E+02  0.13000E-03    2      571    -4    -5     T
      282  0.8000040E+02  0.16900E-03    2      573    -4    -5     T
      283  0.8000062E+02  0.21970E-03    2      575    -4    -5     T
      284  0.8000090E+02  0.28561E-03    2      577    -4    -5     T
      285  0.8000128E+02  0.37129E-03    2      579    -4    -5     T
      286  0.8000176E+02  0.48268E-03    2      581    -4    -5     T
      287  0.8000239E+02  0.62748E-03    2      583    -4    -5     T
      288  0.8000320E+02  0.81573E-03    2      585    -4    -5     T
      289  0.8000426E+02  0.10604E-02    2      587    -4    -5     T
      290  0.8000564E+02  0.13786E-02    2      589    -4    -5     T
      291  0.8000743E+02  0.17922E-02    2      591    -4    -5     T
      292  0.8000976E+02  0.23298E-02    2      593    -4    -5     T
      293  0.8001279E+02  0.30287E-02    2      595    -4    -5     T
      294  0.8001673E+02  0.39374E-02    2      597    -4    -5     T
      295  0.8002185E+02  0.51186E-02    2      599    -4    -5     T
      296  0.8002850E+02  0.66542E-02    2      601    -4    -5     T
      297  0.8003715E+02  0.86504E-02    2      603    -4    -5     T
      298  0.8004840E+02  0.11246E-01    2      605    -4    -5     T
      299  0.8006302E+02  0.14619E-01    2      607    -4    -5     T
      300  0.8008202E+02  0.19005E-01    2      609    -4    -5     T
      301  0.8010673E+02  0.24706E-01    2      611    -4    -5     T
      302  0.8013885E+02  0.32118E-01    2      613    -4    -5     T
      303  0.8018060E+02  0.41754E-01    2      615    -4    -5     T
      304  0.8023488E+02  0.54280E-01    2      617    -4    -5     T
      305  0.8030544E+02  0.70564E-01    2      619    -4    -5     T
      306  0.8039718E+02  0.91733E-01    2      621    -4    -5     T
      307  0.8051643E+02  0.11925E+00    2      623    -4    -5     T
      308  0.8067146E+02  0.15503E+00    2      625    -4    -5     T
      309  0.8087300E+02  0.20154E+00    2      627    -4    -5     T
      310  0.8113500E+02  0.26200E+00    2      629    -4    -5     T
      311  0.8147560E+02  0.34060E+00    2      631    -4    -5     T
      312  0.8191837E+02  0.44278E+00    2      633    -4    -5     T
      313  0.8249399E+02  0.57561E+00    2      635    -4    -5     T
      314  0.8324459E+02  0.75060E+00    2      637    -4    -5     T
      315  0.8420965E+02  0.96506E+00    2      639    -4    -5     T
      316  0.8536772E+02  0.11581E+01    2      641    -4    -5     T
      317  0.8691181E+02  0.15441E+01    2      643    -4    -5     T
      318  0.9000000E+02  0.30882E+01    2      645    -4    -5     T
      319  0.9250000E+02  0.25000E+01    2      647    -4    -5     T
      320  0.9625000E+02  0.37500E+01    2      649    -4    -5     T
      321  0.1000000E+03  0.37500E+01    2      651    -4    -5     T
      322  0.1050000E+03  0.50000E+01    2      653    -4    -5     T
      323  0.1100000E+03  0.50000E+01    2      655    -4    -5     T
      324  0.1100001E+03  0.10000E-03    2      657    -4    -5     T
      325  0.1100002E+03  0.13000E-03    2      659    -4    -5     T
      326  0.1100004E+03  0.16900E-03    2      661    -4    -5     T
      327  0.1100006E+03  0.21970E-03    2      663    -4    -5     T
      328  0.1100009E+03  0.28561E-03    2      665    -4    -5     T
      329  0.1100013E+03  0.37129E-03    2      667    -4    -5     T
      330  0.1100018E+03  0.48268E-03    2      669    -4    -5     T
      331  0.1100024E+03  0.62748E-03    2      671    -4    -5     T
      332  0.1100032E+03  0.81573E-03    2      673    -4    -5     T
      333  0.1100043E+03  0.10604E-02    2      675    -4    -5     T
      334  0.1100056E+03  0.13786E-02    2      677    -4    -5     T
      335  0.1100074E+03  0.17922E-02    2      679    -4    -5     T
      336  0.1100098E+03  0.23298E-02    2      681    -4    -5     T
      337  0.1100128E+03  0.30287E-02    2      683    -4    -5     T
      338  0.1100167E+03  0.39374E-02    2      685    -4    -5     T
      339  0.1100218E+03  0.51186E-02    2      687    -4    -5     T
      340  0.1100285E+03  0.66542E-02    2      689    -4    -5     T
      341  0.1100372E+03  0.86504E-02    2      691    -4    -5     T
      342  0.1100484E+03  0.11246E-01    2      693    -4    -5     T
      343  0.1100630E+03  0.14619E-01    2      695    -4    -5     T
      344  0.1100820E+03  0.19005E-01    2      697    -4    -5     T
      345  0.1101067E+03  0.24706E-01    2      699    -4    -5     T
      346  0.1101388E+03  0.32118E-01    2      701    -4    -5     T
      347  0.1101806E+03  0.41754E-01    2      703    -4    -5     T
      348  0.1102349E+03  0.54280E-01    2      705    -4    -5     T
      349  0.1103054E+03  0.70564E-01    2      707    -4    -5     T
      350  0.1103972E+03  0.91733E-01    2      709    -4    -5     T
      351  0.1105164E+03  0.11925E+00    2      711    -4    -5     T
      352  0.1106715E+03  0.15503E+00    2      713    -4    -5     T
      353  0.1108730E+03  0.20154E+00    2      715    -4    -5     T
      354  0.1111350E+03  0.26200E+00    2      717    -4    -5     T
      355  0.1114756E+03  0.34060E+00    2      719    -4    -5     T
      356  0.1119184E+03  0.44278E+00    2      721    -4    -5     T
      357  0.1124940E+03  0.57561E+00    2      723    -4    -5     T
      358  0.1132446E+03  0.75060E+00    2      725    -4    -5     T
      359  0.1142096E+03  0.96506E+00    2      727    -4    -5     T
      360  0.1153677E+03  0.11581E+01    2      729    -4    -5     T
      361  0.1169118E+03  0.15441E+01    2      731    -4    -5     T
      362  0.1200000E+03  0.30882E+01    2      733    -4    -5     T
      363  0.1200001E+03  0.10000E-03    2      735    -4    -5     T
      364  0.1200002E+03  0.13000E-03    2      737    -4    -5     T
      365  0.1200004E+03  0.16900E-03    2      739    -4    -5     T
      366  0.1200006E+03  0.21970E-03    2      741    -4    -5     T
      367  0.1200009E+03  0.28561E-03    2      743    -4    -5     T
      368  0.1200013E+03  0.37129E-03    2      745    -4    -5     T
      369  0.1200018E+03  0.48268E-03    2      747    -4    -5     T
      370  0.1200024E+03  0.62748E-03    2      749    -4    -5     T
      371  0.1200032E+03  0.81573E-03    2      751    -4    -5     T
      372  0.1200043E+03  0.10604E-02    2      753    -4    -5     T
      373  0.1200056E+03  0.13786E-02    2      755    -4    -5     T
      374  0.1200074E+03  0.17922E-02    2      757    -4    -5     T
      375  0.1200098E+03  0.23298E-02    2      759    -4    -5     T
      376  0.1200128E+03  0.30287E-02    2      761    -4    -5     T
      377  0.1200167E+03  0.39374E-02    2      763    -4    -5     T
      378  0.1200218E+03  0.51186E-02    2      765    -4    -5     T
      379  0.1200285E+03  0.66542E-02    2      767    -4    -5     T
      380  0.1200372E+03  0.86504E-02    2      769    -4    -5     T
      381  0.1200484E+03  0.11246E-01    2      771    -4    -5     T
      382  0.1200630E+03  0.14619E-01    2      773    -4    -5     T
      383  0.1200820E+03  0.19005E-01    2      775    -4    -5     T
      384  0.1201067E+03  0.24706E-01    2      777    -4    -5     T
      385  0.1201388E+03  0.32118E-01    2      779    -4    -5     T
      386  0.1201806E+03  0.41754E-01    2      781    -4    -5     T
      387  0.1202349E+03  0.54280E-01    2      783    -4    -5     T
      388  0.1203054E+03  0.70564E-01    2      785    -4    -5     T
      389  0.1203972E+03  0.91733E-01    2      787    -4    -5     T
      390  0.1205164E+03  0.11925E+00    2      789    -4    -5     T
      391  0.1206715E+03  0.15503E+00    2      791    -4    -5     T
      392  0.1208730E+03  0.20154E+00    2      793    -4    -5     T
      393  0.1211350E+03  0.26200E+00    2      795    -4    -5     T
      394  0.1214756E+03  0.34060E+00    2      797    -4    -5     T
      395  0.1219184E+03  0.44278E+00    2      799    -4    -5     T
      396  0.1224940E+03  0.57561E+00    2      801    -4    -5     T
      397  0.1232446E+03  0.75060E+00    2      803    -4    -5     T
      398  0.1242096E+03  0.96506E+00    2      805    -4    -5     T
      399  0.1253677E+03  0.11581E+01    2      807    -4    -5     T
      400  0.1269118E+03  0.15441E+01    2      809    -4    -5     T
      401  0.1300000E+03  0.30882E+01    2      811    -4    -5     T
      402  0.1300001E+03  0.10000E-03    2      813    -4    -5     T
      403  0.1300002E+03  0.13000E-03    2      815    -4    -5     T
      404  0.1300004E+03  0.16900E-03    2      817    -4    -5     T
      405  0.1300006E+03  0.21970E-03    2      819    -4    -5     T
      406  0.1300009E+03  0.28561E-03    2      821    -4    -5     T
      407  0.1300013E+03  0.37129E-03    2      823    -4    -5     T
      408  0.1300018E+03  0.48268E-03    2      825    -4    -5     T
      409  0.1300024E+03  0.62748E-03    2      827    -4    -5     T
      410  0.1300032E+03  0.81573E-03    2      829    -4    -5     T
      411  0.1300043E+03  0.10604E-02    2      831    -4    -5     T
      412  0.1300056E+03  0.13786E-02    2      833    -4    -5     T
      413  0.1300074E+03  0.17922E-02    2      835    -4    -5     T
      414  0.1300098E+03  0.23298E-02    2      837    -4    -5     T
      415  0.1300128E+03  0.30287E-02    2      839    -4    -5     T
      416  0.1300167E+03  0.39374E-02    2      841    -4    -5     T
      417  0.1300218E+03  0.51186E-02    2      843    -4    -5     T
      418  0.1300285E+03  0.66542E-02    2      845    -4    -5     T
      419  0.1300372E+03  0.86504E-02    2      847    -4    -5     T
      420  0.1300484E+03  0.11246E-01    2      849    -4    -5     T
      421  0.1300630E+03  0.14619E-01    2      851    -4    -5     T
      422  0.1300820E+03  0.19005E-01    2      853    -4    -5     T
      423  0.1301067E+03  0.24706E-01    2      855    -4    -5     T
      424  0.1301388E+03  0.32118E-01    2      857    -4    -5     T
      425  0.1301806E+03  0.41754E-01    2      859    -4    -5     T
      426  0.1302349E+03  0.54280E-01    2      861    -4    -5     T
      427  0.1303054E+03  0.70564E-01    2      863    -4    -5     T
      428  0.1303972E+03  0.91733E-01    2      865    -4    -5     T
      429  0.1305164E+03  0.11925E+00    2      867    -4    -5     T
      430  0.1306715E+03  0.15503E+00    2      869    -4    -5     T
      431  0.1308730E+03  0.20154E+00    2      871    -4    -5     T
      432  0.1311350E+03  0.26200E+00    2      873    -4    -5     T
      433  0.1314756E+03  0.34060E+00    2      875    -4    -5     T
      434  0.1319184E+03  0.44278E+00    2      877    -4    -5     T
      435  0.1324940E+03  0.57561E+00    2      879    -4    -5     T
      436  0.1332446E+03  0.75060E+00    2      881    -4    -5     T
      437  0.1342096E+03  0.96506E+00    2      883    -4    -5     T
      438  0.1353677E+03  0.11581E+01    2      885    -4    -5     T
      439  0.1369118E+03  0.15441E+01    2      887    -4    -5     T
      440  0.1400000E+03  0.30882E+01    2      889    -4    -5     T
      441  0.1400001E+03  0.10000E-03    2      891    -4    -5     T
      442  0.1400002E+03  0.13000E-03    2      893    -4    -5     T
      443  0.1400004E+03  0.16900E-03    2      895    -4    -5     T
      444  0.1400006E+03  0.21970E-03    2      897    -4    -5     T
      445  0.1400009E+03  0.28561E-03    2      899    -4    -5     T
      446  0.1400013E+03  0.37129E-03    2      901    -4    -5     T
      447  0.1400018E+03  0.48268E-03    2      903    -4    -5     T
      448  0.1400024E+03  0.62748E-03    2      905    -4    -5     T
      449  0.1400032E+03  0.81573E-03    2      907    -4    -5     T
      450  0.1400043E+03  0.10604E-02    2      909    -4    -5     T
      451  0.1400056E+03  0.13786E-02    2      911    -4    -5     T
      452  0.1400074E+03  0.17922E-02    2      913    -4    -5     T
      453  0.1400098E+03  0.23298E-02    2      915    -4    -5     T
      454  0.1400128E+03  0.30287E-02    2      917    -4    -5     T
      455  0.1400167E+03  0.39374E-02    2      919    -4    -5     T
      456  0.1400218E+03  0.51186E-02    2      921    -4    -5     T
      457  0.1400285E+03  0.66542E-02    2      923    -4    -5     T
      458  0.1400372E+03  0.86504E-02    2      925    -4    -5     T
      459  0.1400484E+03  0.11246E-01    2      927    -4    -5     T
      460  0.1400630E+03  0.14619E-01    2      929    -4    -5     T
      461  0.1400820E+03  0.19005E-01    2      931    -4    -5     T
      462  0.1401067E+03  0.24706E-01    2      933    -4    -5     T
      463  0.1401388E+03  0.32118E-01    2      935    -4    -5     T
      464  0.1401806E+03  0.41754E-01    2      937    -4    -5     T
      465  0.1402349E+03  0.54280E-01    2      939    -4    -5     T
      466  0.1403054E+03  0.70564E-01    2      941    -4    -5     T
      467  0.1403972E+03  0.91733E-01    2      943    -4    -5     T
      468  0.1405164E+03  0.11925E+00    2      945    -4    -5     T
      469  0.1406715E+03  0.15503E+00    2      947    -4    -5     T
      470  0.1408730E+03  0.20154E+00    2      949    -4    -5     T
      471  0.1411350E+03  0.26200E+00    2      951    -4    -5     T
      472  0.1414756E+03  0.34060E+00    2      953    -4    -5     T
      473  0.1419184E+03  0.44278E+00    2      955    -4    -5     T
      474  0.1424940E+03  0.57561E+00    2      957    -4    -5     T
      475  0.1432446E+03  0.75060E+00    2      959    -4    -5     T
      476  0.1442096E+03  0.96506E+00    2      961    -4    -5     T
      477  0.1453677E+03  0.11581E+01    2      963    -4    -5     T
      478  0.1469118E+03  0.15441E+01    2      965    -4    -5     T
      479  0.1500000E+03  0.30882E+01    2      967    -4    -5     T
      480  0.1500001E+03  0.10000E-03    2      969    -4    -5     T
      481  0.1500002E+03  0.13000E-03    2      971    -4    -5     T
      482  0.1500004E+03  0.16900E-03    2      973    -4    -5     T
      483  0.1500006E+03  0.21970E-03    2      975    -4    -5     T
      484  0.1500009E+03  0.28561E-03    2      977    -4    -5     T
      485  0.1500013E+03  0.37129E-03    2      979    -4    -5     T
      486  0.1500018E+03  0.48268E-03    2      981    -4    -5     T
      487  0.1500024E+03  0.62748E-03    2      983    -4    -5     T
      488  0.1500032E+03  0.81573E-03    2      985    -4    -5     T
      489  0.1500043E+03  0.10604E-02    2      987    -4    -5     T
      490  0.1500056E+03  0.13786E-02    2      989    -4    -5     T
      491  0.1500074E+03  0.17922E-02    2      991    -4    -5     T
      492  0.1500098E+03  0.23298E-02    2      993    -4    -5     T
      493  0.1500128E+03  0.30287E-02    2      995    -4    -5     T
      494  0.1500167E+03  0.39374E-02    2      997    -4    -5     T
      495  0.1500218E+03  0.51186E-02    2      999    -4    -5     T
      496  0.1500285E+03  0.66542E-02    2     1001    -4    -5     T
      497  0.1500372E+03  0.86504E-02    2     1003    -4    -5     T
      498  0.1500484E+03  0.11246E-01    2     1005    -4    -5     T
      499  0.1500630E+03  0.14619E-01    2     1007    -4    -5     T
      500  0.1500820E+03  0.19005E-01    2     1009    -4    -5     T
      501  0.1501067E+03  0.24706E-01    2     1011    -4    -5     T
      502  0.1501388E+03  0.32118E-01    2     1013    -4    -5     T
      503  0.1501806E+03  0.41754E-01    2     1015    -4    -5     T
      504  0.1502349E+03  0.54280E-01    2     1017    -4    -5     T
      505  0.1503054E+03  0.70564E-01    2     1019    -4    -5     T
      506  0.1503972E+03  0.91733E-01    2     1021    -4    -5     T
      507  0.1505164E+03  0.11925E+00    2     1023    -4    -5     T
      508  0.1506715E+03  0.15503E+00    2     1025    -4    -5     T
      509  0.1508730E+03  0.20154E+00    2     1027    -4    -5     T
      510  0.1511350E+03  0.26200E+00    2     1029    -4    -5     T
      511  0.1514756E+03  0.34060E+00    2     1031    -4    -5     T
      512  0.1519184E+03  0.44278E+00    2     1033    -4    -5     T
      513  0.1524940E+03  0.57561E+00    2     1035    -4    -5     T
      514  0.1532446E+03  0.75060E+00    2     1037    -4    -5     T
      515  0.1542096E+03  0.96506E+00    2     1039    -4    -5     T
      516  0.1553677E+03  0.11581E+01    2     1041    -4    -5     T
      517  0.1569118E+03  0.15441E+01    2     1043    -4    -5     T
      518  0.1600000E+03  0.30882E+01    2     1045    -4    -5     T
      519  0.1625000E+03  0.25000E+01    2     1047    -4    -5     T
      520  0.1662500E+03  0.37500E+01    2     1049    -4    -5     T
      521  0.1700000E+03  0.37500E+01    2     1051    -4    -5     T
      522  0.1750000E+03  0.50000E+01    2     1053    -4    -5     T
      523  0.1800000E+03  0.50000E+01    2     1055    -4    -5     T
      524  0.1850000E+03  0.50000E+01    2     1057    -4    -5     T
      525  0.1900000E+03  0.50000E+01    2     1059    -4    -5     T
      526  0.2000000E+03  0.10000E+02    2     1061    -4    -5     T
      527  0.2100000E+03  0.10000E+02    2     1063    -4    -5     T
      528  0.2200000E+03  0.10000E+02    2     1065    -4    -5     T
      529  0.2300000E+03  0.10000E+02    2     1067    -4    -5     T
      530  0.2400000E+03  0.10000E+02    2     1069    -4    -5     T
      531  0.2400001E+03  0.10000E-03    2     1071    -4    -5     T
      532  0.2400002E+03  0.13000E-03    2     1073    -4    -5     T
      533  0.2400004E+03  0.16900E-03    2     1075    -4    -5     T
      534  0.2400006E+03  0.21970E-03    2     1077    -4    -5     T
      535  0.2400009E+03  0.28561E-03    2     1079    -4    -5     T
      536  0.2400013E+03  0.37129E-03    2     1081    -4    -5     T
      537  0.2400018E+03  0.48268E-03    2     1083    -4    -5     T
      538  0.2400024E+03  0.62748E-03    2     1085    -4    -5     T
      539  0.2400032E+03  0.81573E-03    2     1087    -4    -5     T
      540  0.2400043E+03  0.10604E-02    2     1089    -4    -5     T
      541  0.2400056E+03  0.13786E-02    2     1091    -4    -5     T
      542  0.2400074E+03  0.17922E-02    2     1093    -4    -5     T
      543  0.2400098E+03  0.23298E-02    2     1095    -4    -5     T
      544  0.2400128E+03  0.30287E-02    2     1097    -4    -5     T
      545  0.2400167E+03  0.39374E-02    2     1099    -4    -5     T
      546  0.2400218E+03  0.51186E-02    2     1101    -4    -5     T
      547  0.2400285E+03  0.66542E-02    2     1103    -4    -5     T
      548  0.2400372E+03  0.86504E-02    2     1105    -4    -5     T
      549  0.2400484E+03  0.11246E-01    2     1107    -4    -5     T
      550  0.2400630E+03  0.14619E-01    2     1109    -4    -5     T
      551  0.2400820E+03  0.19005E-01    2     1111    -4    -5     T
      552  0.2401067E+03  0.24706E-01    2     1113    -4    -5     T
      553  0.2401388E+03  0.32118E-01    2     1115    -4    -5     T
      554  0.2401806E+03  0.41754E-01    2     1117    -4    -5     T
      555  0.2402349E+03  0.54280E-01    2     1119    -4    -5     T
      556  0.2403054E+03  0.70564E-01    2     1121    -4    -5     T
      557  0.2403972E+03  0.91733E-01    2     1123    -4    -5     T
      558  0.2405164E+03  0.11925E+00    2     1125    -4    -5     T
      559  0.2406715E+03  0.15503E+00    2     1127    -4    -5     T
      560  0.2408730E+03  0.20154E+00    2     1129    -4    -5     T
      561  0.2411350E+03  0.26200E+00    2     1131    -4    -5     T
      562  0.2414756E+03  0.34060E+00    2     1133    -4    -5     T
      563  0.2419184E+03  0.44278E+00    2     1135    -4    -5     T
      564  0.2424940E+03  0.57561E+00    2     1137    -4    -5     T
      565  0.2432446E+03  0.75060E+00    2     1139    -4    -5     T
      566  0.2442096E+03  0.96506E+00    2     1141    -4    -5     T
      567  0.2453677E+03  0.11581E+01    2     1143    -4    -5     T
      568  0.2469118E+03  0.15441E+01    2     1145    -4    -5     T
      569  0.2500000E+03  0.30882E+01    2     1147    -4    -5     T
      570  0.2525000E+03  0.25000E+01    2     1149    -4    -5     T
      571  0.2562500E+03  0.37500E+01    2     1151    -4    -5     T
      572  0.2600000E+03  0.37500E+01    2     1153    -4    -5     T
end
