 ******* Program HYDRUS
 ******* 
 Welcome to HYDRUS-1D                                                    
 Date:  25. 9.    Time:  14: 9:46
 Units: L = mm   , T = min  , M = mmol 

----------------------------------------------------------
 Time       [T]       10.0000
----------------------------------------------------------
 Sub-region num.                     1            2
----------------------------------------------------------
 Length   [L]        0.10000E+04  0.10000E+04  0.00000E+00
 W-volume [L]        0.46351E+03  0.46351E+03  0.00000E+00
 In-flow  [L/T]      0.00000E+00  0.00000E+00  0.00000E+00
 h Mean   [L]       -0.24372E+04 -0.24372E+04  0.00000E+00
 Top Flux [L/T]     -0.14796E-04
 Bot Flux [L/T]      0.66396E-03
----------------------------------------------------------

----------------------------------------------------------
 Time       [T]       10.0010
----------------------------------------------------------
 Sub-region num.                     1            2
----------------------------------------------------------
 Length   [L]        0.10000E+04  0.10000E+04  0.00000E+00
 W-volume [L]        0.46351E+03  0.46351E+03  0.00000E+00
 In-flow  [L/T]      0.23365E+00  0.23365E+00  0.00000E+00
 h Mean   [L]       -0.24372E+04 -0.24372E+04  0.00000E+00
 Top Flux [L/T]     -0.25439E-04
 Bot Flux [L/T]      0.66321E-03
 WatBalT  [L]       -0.35315E-04
 WatBalR  [%]             10.765
----------------------------------------------------------

----------------------------------------------------------
 Time       [T]       20.0000
----------------------------------------------------------
 Sub-region num.                     1            2
----------------------------------------------------------
 Length   [L]        0.10000E+04  0.10000E+04  0.00000E+00
 W-volume [L]        0.46520E+03  0.46520E+03  0.00000E+00
 In-flow  [L/T]      0.16875E+00  0.16875E+00  0.00000E+00
 h Mean   [L]       -0.23105E+04 -0.23105E+04  0.00000E+00
 Top Flux [L/T]     -0.14146E+00
 Bot Flux [L/T]     -0.84354E-03
 WatBalT  [L]        0.15354E-03
 WatBalR  [%]              0.006
----------------------------------------------------------

----------------------------------------------------------
 Time       [T]       30.0000
----------------------------------------------------------
 Sub-region num.                     1            2
----------------------------------------------------------
 Length   [L]        0.10000E+04  0.10000E+04  0.00000E+00
 W-volume [L]        0.46678E+03  0.46678E+03  0.00000E+00
 In-flow  [L/T]      0.15878E+00  0.15878E+00  0.00000E+00
 h Mean   [L]       -0.22231E+04 -0.22231E+04  0.00000E+00
 Top Flux [L/T]     -0.14813E+00
 Bot Flux [L/T]     -0.94506E-03
 WatBalT  [L]       -0.27418E-04
 WatBalR  [%]              0.001
----------------------------------------------------------

----------------------------------------------------------
 Time       [T]       40.0000
----------------------------------------------------------
 Sub-region num.                     1            2
----------------------------------------------------------
 Length   [L]        0.10000E+04  0.10000E+04  0.00000E+00
 W-volume [L]        0.46877E+03  0.46877E+03  0.00000E+00
 In-flow  [L/T]      0.19880E+00  0.19880E+00  0.00000E+00
 h Mean   [L]       -0.21414E+04 -0.21414E+04  0.00000E+00
 Top Flux [L/T]     -0.18969E+00
 Bot Flux [L/T]     -0.97830E-03
 WatBalT  [L]       -0.41485E-04
 WatBalR  [%]              0.001
----------------------------------------------------------

----------------------------------------------------------
 Time       [T]       50.0000
----------------------------------------------------------
 Sub-region num.                     1            2
----------------------------------------------------------
 Length   [L]        0.10000E+04  0.10000E+04  0.00000E+00
 W-volume [L]        0.47116E+03  0.47116E+03  0.00000E+00
 In-flow  [L/T]      0.23882E+00  0.23882E+00  0.00000E+00
 h Mean   [L]       -0.20656E+04 -0.20656E+04  0.00000E+00
 Top Flux [L/T]     -0.23070E+00
 Bot Flux [L/T]     -0.98945E-03
 WatBalT  [L]       -0.76294E-04
 WatBalR  [%]              0.001
----------------------------------------------------------

----------------------------------------------------------
 Time       [T]       60.0000
----------------------------------------------------------
 Sub-region num.                     1            2
----------------------------------------------------------
 Length   [L]        0.10000E+04  0.10000E+04  0.00000E+00
 W-volume [L]        0.47325E+03  0.47325E+03  0.00000E+00
 In-flow  [L/T]      0.20883E+00  0.20883E+00  0.00000E+00
 h Mean   [L]       -0.20038E+04 -0.20038E+04  0.00000E+00
 Top Flux [L/T]     -0.20465E+00
 Bot Flux [L/T]     -0.99275E-03
 WatBalT  [L]       -0.55313E-04
 WatBalR  [%]              0.000
----------------------------------------------------------

----------------------------------------------------------
 Time       [T]       70.0000
----------------------------------------------------------
 Sub-region num.                     1            2
----------------------------------------------------------
 Length   [L]        0.10000E+04  0.10000E+04  0.00000E+00
 W-volume [L]        0.47494E+03  0.47494E+03  0.00000E+00
 In-flow  [L/T]      0.16885E+00  0.16885E+00  0.00000E+00
 h Mean   [L]       -0.19552E+04 -0.19552E+04  0.00000E+00
 Top Flux [L/T]     -0.16739E+00
 Bot Flux [L/T]     -0.98978E-03
 WatBalT  [L]       -0.39101E-04
 WatBalR  [%]              0.000
----------------------------------------------------------

----------------------------------------------------------
 Time       [T]       80.0000
----------------------------------------------------------
 Sub-region num.                     1            2
----------------------------------------------------------
 Length   [L]        0.10000E+04  0.10000E+04  0.00000E+00
 W-volume [L]        0.47552E+03  0.47552E+03  0.00000E+00
 In-flow  [L/T]      0.58864E-01  0.58864E-01  0.00000E+00
 h Mean   [L]       -0.19204E+04 -0.19204E+04  0.00000E+00
 Top Flux [L/T]     -0.64052E-01
 Bot Flux [L/T]     -0.98111E-03
 WatBalT  [L]       -0.14400E-03
 WatBalR  [%]              0.001
----------------------------------------------------------

----------------------------------------------------------
 Time       [T]       90.0000
----------------------------------------------------------
 Sub-region num.                     1            2
----------------------------------------------------------
 Length   [L]        0.10000E+04  0.10000E+04  0.00000E+00
 W-volume [L]        0.47611E+03  0.47611E+03  0.00000E+00
 In-flow  [L/T]      0.58875E-01  0.58875E-01  0.00000E+00
 h Mean   [L]       -0.18917E+04 -0.18917E+04  0.00000E+00
 Top Flux [L/T]     -0.61570E-01
 Bot Flux [L/T]     -0.98455E-03
 WatBalT  [L]       -0.74387E-04
 WatBalR  [%]              0.000
----------------------------------------------------------

----------------------------------------------------------
 Time       [T]      100.0000
----------------------------------------------------------
 Sub-region num.                     1            2
----------------------------------------------------------
 Length   [L]        0.10000E+04  0.10000E+04  0.00000E+00
 W-volume [L]        0.47710E+03  0.47710E+03  0.00000E+00
 In-flow  [L/T]      0.98879E-01  0.98879E-01  0.00000E+00
 h Mean   [L]       -0.18631E+04 -0.18631E+04  0.00000E+00
 Top Flux [L/T]     -0.97300E-01
 Bot Flux [L/T]     -0.99686E-03
 WatBalT  [L]       -0.18120E-04
 WatBalR  [%]              0.000
----------------------------------------------------------

----------------------------------------------------------
 Time       [T]      110.0000
----------------------------------------------------------
 Sub-region num.                     1            2
----------------------------------------------------------
 Length   [L]        0.10000E+04  0.10000E+04  0.00000E+00
 W-volume [L]        0.48009E+03  0.48009E+03  0.00000E+00
 In-flow  [L/T]      0.29889E+00  0.29889E+00  0.00000E+00
 h Mean   [L]       -0.18210E+04 -0.18210E+04  0.00000E+00
 Top Flux [L/T]     -0.29064E+00
 Bot Flux [L/T]     -0.10006E-02
 WatBalT  [L]       -0.55313E-04
 WatBalR  [%]              0.000
----------------------------------------------------------

----------------------------------------------------------
 Time       [T]      120.0000
----------------------------------------------------------
 Sub-region num.                     1            2
----------------------------------------------------------
 Length   [L]        0.10000E+04  0.10000E+04  0.00000E+00
 W-volume [L]        0.48438E+03  0.48438E+03  0.00000E+00
 In-flow  [L/T]      0.42889E+00  0.42889E+00  0.00000E+00
 h Mean   [L]       -0.17662E+04 -0.17662E+04  0.00000E+00
 Top Flux [L/T]     -0.42297E+00
 Bot Flux [L/T]     -0.10022E-02
 WatBalT  [L]       -0.30518E-04
 WatBalR  [%]              0.000
----------------------------------------------------------

----------------------------------------------------------
 Time       [T]      130.0000
----------------------------------------------------------
 Sub-region num.                     1            2
----------------------------------------------------------
 Length   [L]        0.10000E+04  0.10000E+04  0.00000E+00
 W-volume [L]        0.48867E+03  0.48867E+03  0.00000E+00
 In-flow  [L/T]      0.42890E+00  0.42890E+00  0.00000E+00
 h Mean   [L]       -0.17011E+04 -0.17011E+04  0.00000E+00
 Top Flux [L/T]     -0.42583E+00
 Bot Flux [L/T]     -0.10027E-02
 WatBalT  [L]       -0.74387E-04
 WatBalR  [%]              0.000
----------------------------------------------------------

----------------------------------------------------------
 Time       [T]      140.0000
----------------------------------------------------------
 Sub-region num.                     1            2
----------------------------------------------------------
 Length   [L]        0.10000E+04  0.10000E+04  0.00000E+00
 W-volume [L]        0.48896E+03  0.48896E+03  0.00000E+00
 In-flow  [L/T]      0.28902E-01  0.28902E-01  0.00000E+00
 h Mean   [L]       -0.16541E+04 -0.16541E+04  0.00000E+00
 Top Flux [L/T]     -0.40163E-01
 Bot Flux [L/T]     -0.10027E-02
 WatBalT  [L]       -0.45776E-04
 WatBalR  [%]              0.000
----------------------------------------------------------

----------------------------------------------------------
 Time       [T]      150.0000
----------------------------------------------------------
 Sub-region num.                     1            2
----------------------------------------------------------
 Length   [L]        0.10000E+04  0.10000E+04  0.00000E+00
 W-volume [L]        0.48895E+03  0.48895E+03  0.00000E+00
 In-flow  [L/T]     -0.10930E-02 -0.10930E-02  0.00000E+00
 h Mean   [L]       -0.16196E+04 -0.16196E+04  0.00000E+00
 Top Flux [L/T]     -0.82458E-02
 Bot Flux [L/T]     -0.10023E-02
 WatBalT  [L]       -0.26703E-04
 WatBalR  [%]              0.000
----------------------------------------------------------
 
 Calculation time [sec]  0.159999966621399     
