 ******* Program HYDRUS
 ******* 
 Welcome to HYDRUS-1D                                                    
 Date:  25. 9.    Time:  13:47: 4
 Units: L = mm   , T = min  , M = mmol 

----------------------------------------------------------
 Time       [T]       10.0000
----------------------------------------------------------
 Sub-region num.                     1            2
----------------------------------------------------------
 Length   [L]        0.10000E+04  0.10000E+04  0.00000E+00
 W-volume [L]        0.46151E+03  0.46151E+03  0.00000E+00
 In-flow  [L/T]      0.00000E+00  0.00000E+00  0.00000E+00
 h Mean   [L]       -0.27709E+04 -0.27709E+04  0.00000E+00
 Top Flux [L/T]     -0.75606E-05
 Bot Flux [L/T]     -0.44175E-04
----------------------------------------------------------

----------------------------------------------------------
 Time       [T]       10.0010
----------------------------------------------------------
 Sub-region num.                     1            2
----------------------------------------------------------
 Length   [L]        0.10000E+04  0.10000E+04  0.00000E+00
 W-volume [L]        0.46151E+03  0.46151E+03  0.00000E+00
 In-flow  [L/T]      0.91553E-01  0.91553E-01  0.00000E+00
 h Mean   [L]       -0.27709E+04 -0.27709E+04  0.00000E+00
 Top Flux [L/T]     -0.10442E-04
 Bot Flux [L/T]     -0.44734E-04
 WatBalT  [L]       -0.37724E-04
 WatBalR  [%]             19.828
----------------------------------------------------------

----------------------------------------------------------
 Time       [T]       20.0000
----------------------------------------------------------
 Sub-region num.                     1            2
----------------------------------------------------------
 Length   [L]        0.10000E+04  0.10000E+04  0.00000E+00
 W-volume [L]        0.46180E+03  0.46180E+03  0.00000E+00
 In-flow  [L/T]      0.28896E-01  0.28896E-01  0.00000E+00
 h Mean   [L]       -0.27159E+04 -0.27159E+04  0.00000E+00
 Top Flux [L/T]     -0.12996E-01
 Bot Flux [L/T]     -0.88648E-03
 WatBalT  [L]       -0.12797E-03
 WatBalR  [%]              0.012
----------------------------------------------------------

----------------------------------------------------------
 Time       [T]       30.0000
----------------------------------------------------------
 Sub-region num.                     1            2
----------------------------------------------------------
 Length   [L]        0.10000E+04  0.10000E+04  0.00000E+00
 W-volume [L]        0.46489E+03  0.46489E+03  0.00000E+00
 In-flow  [L/T]      0.30890E+00  0.30890E+00  0.00000E+00
 h Mean   [L]       -0.25087E+04 -0.25087E+04  0.00000E+00
 Top Flux [L/T]     -0.28100E+00
 Bot Flux [L/T]     -0.94942E-03
 WatBalT  [L]       -0.17858E-03
 WatBalR  [%]              0.004
----------------------------------------------------------

----------------------------------------------------------
 Time       [T]       40.0000
----------------------------------------------------------
 Sub-region num.                     1            2
----------------------------------------------------------
 Length   [L]        0.10000E+04  0.10000E+04  0.00000E+00
 W-volume [L]        0.47018E+03  0.47018E+03  0.00000E+00
 In-flow  [L/T]      0.52891E+00  0.52891E+00  0.00000E+00
 h Mean   [L]       -0.22997E+04 -0.22997E+04  0.00000E+00
 Top Flux [L/T]     -0.51256E+00
 Bot Flux [L/T]     -0.97104E-03
 WatBalT  [L]       -0.10681E-03
 WatBalR  [%]              0.001
----------------------------------------------------------

----------------------------------------------------------
 Time       [T]       50.0000
----------------------------------------------------------
 Sub-region num.                     1            2
----------------------------------------------------------
 Length   [L]        0.10000E+04  0.10000E+04  0.00000E+00
 W-volume [L]        0.47056E+03  0.47056E+03  0.00000E+00
 In-flow  [L/T]      0.38917E-01  0.38917E-01  0.00000E+00
 h Mean   [L]       -0.22191E+04 -0.22191E+04  0.00000E+00
 Top Flux [L/T]     -0.51046E-01
 Bot Flux [L/T]     -0.98156E-03
 WatBalT  [L]       -0.61035E-04
 WatBalR  [%]              0.001
----------------------------------------------------------

----------------------------------------------------------
 Time       [T]       60.0000
----------------------------------------------------------
 Sub-region num.                     1            2
----------------------------------------------------------
 Length   [L]        0.10000E+04  0.10000E+04  0.00000E+00
 W-volume [L]        0.47065E+03  0.47065E+03  0.00000E+00
 In-flow  [L/T]      0.89211E-02  0.89211E-02  0.00000E+00
 h Mean   [L]       -0.21840E+04 -0.21840E+04  0.00000E+00
 Top Flux [L/T]     -0.17501E-01
 Bot Flux [L/T]     -0.98752E-03
 WatBalT  [L]       -0.23937E-03
 WatBalR  [%]              0.002
----------------------------------------------------------

----------------------------------------------------------
 Time       [T]       70.0000
----------------------------------------------------------
 Sub-region num.                     1            2
----------------------------------------------------------
 Length   [L]        0.10000E+04  0.10000E+04  0.00000E+00
 W-volume [L]        0.47064E+03  0.47064E+03  0.00000E+00
 In-flow  [L/T]     -0.10740E-02 -0.10740E-02  0.00000E+00
 h Mean   [L]       -0.21607E+04 -0.21607E+04  0.00000E+00
 Top Flux [L/T]     -0.63563E-02
 Bot Flux [L/T]     -0.99086E-03
 WatBalT  [L]       -0.32139E-03
 WatBalR  [%]              0.003
----------------------------------------------------------

----------------------------------------------------------
 Time       [T]       80.0000
----------------------------------------------------------
 Sub-region num.                     1            2
----------------------------------------------------------
 Length   [L]        0.10000E+04  0.10000E+04  0.00000E+00
 W-volume [L]        0.47073E+03  0.47073E+03  0.00000E+00
 In-flow  [L/T]      0.89313E-02  0.89313E-02  0.00000E+00
 h Mean   [L]       -0.21409E+04 -0.21409E+04  0.00000E+00
 Top Flux [L/T]     -0.12363E-01
 Bot Flux [L/T]     -0.99304E-03
 WatBalT  [L]       -0.13161E-03
 WatBalR  [%]              0.001
----------------------------------------------------------

----------------------------------------------------------
 Time       [T]       90.0000
----------------------------------------------------------
 Sub-region num.                     1            2
----------------------------------------------------------
 Length   [L]        0.10000E+04  0.10000E+04  0.00000E+00
 W-volume [L]        0.47582E+03  0.47582E+03  0.00000E+00
 In-flow  [L/T]      0.50893E+00  0.50893E+00  0.00000E+00
 h Mean   [L]       -0.20722E+04 -0.20722E+04  0.00000E+00
 Top Flux [L/T]     -0.49261E+00
 Bot Flux [L/T]     -0.99421E-03
 WatBalT  [L]       -0.39101E-04
 WatBalR  [%]              0.000
----------------------------------------------------------

----------------------------------------------------------
 Time       [T]      100.0000
----------------------------------------------------------
 Sub-region num.                     1            2
----------------------------------------------------------
 Length   [L]        0.10000E+04  0.10000E+04  0.00000E+00
 W-volume [L]        0.48361E+03  0.48361E+03  0.00000E+00
 In-flow  [L/T]      0.77894E+00  0.77894E+00  0.00000E+00
 h Mean   [L]       -0.19617E+04 -0.19617E+04  0.00000E+00
 Top Flux [L/T]     -0.77323E+00
 Bot Flux [L/T]     -0.99484E-03
 WatBalT  [L]       -0.12207E-03
 WatBalR  [%]              0.000
----------------------------------------------------------

----------------------------------------------------------
 Time       [T]      110.0000
----------------------------------------------------------
 Sub-region num.                     1            2
----------------------------------------------------------
 Length   [L]        0.10000E+04  0.10000E+04  0.00000E+00
 W-volume [L]        0.49580E+03  0.49580E+03  0.00000E+00
 In-flow  [L/T]      0.12189E+01  0.12189E+01  0.00000E+00
 h Mean   [L]       -0.17631E+04 -0.17631E+04  0.00000E+00
 Top Flux [L/T]     -0.12180E+01
 Bot Flux [L/T]     -0.99496E-03
 WatBalT  [L]       -0.19073E-03
 WatBalR  [%]              0.000
----------------------------------------------------------

----------------------------------------------------------
 Time       [T]      120.0000
----------------------------------------------------------
 Sub-region num.                     1            2
----------------------------------------------------------
 Length   [L]        0.10000E+04  0.10000E+04  0.00000E+00
 W-volume [L]        0.50309E+03  0.50309E+03  0.00000E+00
 In-flow  [L/T]      0.72895E+00  0.72895E+00  0.00000E+00
 h Mean   [L]       -0.15881E+04 -0.15881E+04  0.00000E+00
 Top Flux [L/T]     -0.72901E+00
 Bot Flux [L/T]     -0.99489E-03
 WatBalT  [L]       -0.91553E-04
 WatBalR  [%]              0.000
----------------------------------------------------------

----------------------------------------------------------
 Time       [T]      130.0000
----------------------------------------------------------
 Sub-region num.                     1            2
----------------------------------------------------------
 Length   [L]        0.10000E+04  0.10000E+04  0.00000E+00
 W-volume [L]        0.50568E+03  0.50568E+03  0.00000E+00
 In-flow  [L/T]      0.25895E+00  0.25895E+00  0.00000E+00
 h Mean   [L]       -0.14750E+04 -0.14750E+04  0.00000E+00
 Top Flux [L/T]     -0.26288E+00
 Bot Flux [L/T]     -0.99455E-03
 WatBalT  [L]       -0.72479E-04
 WatBalR  [%]              0.000
----------------------------------------------------------

----------------------------------------------------------
 Time       [T]      140.0000
----------------------------------------------------------
 Sub-region num.                     1            2
----------------------------------------------------------
 Length   [L]        0.10000E+04  0.10000E+04  0.00000E+00
 W-volume [L]        0.50647E+03  0.50647E+03  0.00000E+00
 In-flow  [L/T]      0.78950E-01  0.78950E-01  0.00000E+00
 h Mean   [L]       -0.14048E+04 -0.14048E+04  0.00000E+00
 Top Flux [L/T]     -0.85897E-01
 Bot Flux [L/T]     -0.99419E-03
 WatBalT  [L]       -0.76294E-04
 WatBalR  [%]              0.000
----------------------------------------------------------

----------------------------------------------------------
 Time       [T]      150.0000
----------------------------------------------------------
 Sub-region num.                     1            2
----------------------------------------------------------
 Length   [L]        0.10000E+04  0.10000E+04  0.00000E+00
 W-volume [L]        0.50656E+03  0.50656E+03  0.00000E+00
 In-flow  [L/T]      0.89548E-02  0.89548E-02  0.00000E+00
 h Mean   [L]       -0.13591E+04 -0.13591E+04  0.00000E+00
 Top Flux [L/T]     -0.17075E-01
 Bot Flux [L/T]     -0.99375E-03
 WatBalT  [L]       -0.22888E-04
 WatBalR  [%]              0.000
----------------------------------------------------------

----------------------------------------------------------
 Time       [T]      160.0000
----------------------------------------------------------
 Sub-region num.                     1            2
----------------------------------------------------------
 Length   [L]        0.10000E+04  0.10000E+04  0.00000E+00
 W-volume [L]        0.50665E+03  0.50665E+03  0.00000E+00
 In-flow  [L/T]      0.89558E-02  0.89558E-02  0.00000E+00
 h Mean   [L]       -0.13265E+04 -0.13265E+04  0.00000E+00
 Top Flux [L/T]     -0.14893E-01
 Bot Flux [L/T]     -0.99331E-03
 WatBalT  [L]       -0.15640E-03
 WatBalR  [%]              0.000
----------------------------------------------------------

----------------------------------------------------------
 Time       [T]      170.0000
----------------------------------------------------------
 Sub-region num.                     1            2
----------------------------------------------------------
 Length   [L]        0.10000E+04  0.10000E+04  0.00000E+00
 W-volume [L]        0.50694E+03  0.50694E+03  0.00000E+00
 In-flow  [L/T]      0.28959E-01  0.28959E-01  0.00000E+00
 h Mean   [L]       -0.13021E+04 -0.13021E+04  0.00000E+00
 Top Flux [L/T]     -0.32413E-01
 Bot Flux [L/T]     -0.99291E-03
 WatBalT  [L]       -0.91553E-04
 WatBalR  [%]              0.000
----------------------------------------------------------

----------------------------------------------------------
 Time       [T]      180.0000
----------------------------------------------------------
 Sub-region num.                     1            2
----------------------------------------------------------
 Length   [L]        0.10000E+04  0.10000E+04  0.00000E+00
 W-volume [L]        0.50723E+03  0.50723E+03  0.00000E+00
 In-flow  [L/T]      0.28960E-01  0.28960E-01  0.00000E+00
 h Mean   [L]       -0.12824E+04 -0.12824E+04  0.00000E+00
 Top Flux [L/T]     -0.31980E-01
 Bot Flux [L/T]     -0.99254E-03
 WatBalT  [L]        0.68665E-04
 WatBalR  [%]              0.000
----------------------------------------------------------

----------------------------------------------------------
 Time       [T]      190.0000
----------------------------------------------------------
 Sub-region num.                     1            2
----------------------------------------------------------
 Length   [L]        0.10000E+04  0.10000E+04  0.00000E+00
 W-volume [L]        0.50732E+03  0.50732E+03  0.00000E+00
 In-flow  [L/T]      0.89635E-02  0.89635E-02  0.00000E+00
 h Mean   [L]       -0.12678E+04 -0.12678E+04  0.00000E+00
 Top Flux [L/T]     -0.13157E-01
 Bot Flux [L/T]     -0.99221E-03
 WatBalT  [L]       -0.26703E-04
 WatBalR  [%]              0.000
----------------------------------------------------------

----------------------------------------------------------
 Time       [T]      200.0000
----------------------------------------------------------
 Sub-region num.                     1            2
----------------------------------------------------------
 Length   [L]        0.10000E+04  0.10000E+04  0.00000E+00
 W-volume [L]        0.50731E+03  0.50731E+03  0.00000E+00
 In-flow  [L/T]     -0.10329E-02 -0.10329E-02  0.00000E+00
 h Mean   [L]       -0.12562E+04 -0.12562E+04  0.00000E+00
 Top Flux [L/T]     -0.32723E-02
 Bot Flux [L/T]     -0.99197E-03
 WatBalT  [L]       -0.80109E-04
 WatBalR  [%]              0.000
----------------------------------------------------------

----------------------------------------------------------
 Time       [T]      210.0000
----------------------------------------------------------
 Sub-region num.                     1            2
----------------------------------------------------------
 Length   [L]        0.10000E+04  0.10000E+04  0.00000E+00
 W-volume [L]        0.50730E+03  0.50730E+03  0.00000E+00
 In-flow  [L/T]     -0.10323E-02 -0.10323E-02  0.00000E+00
 h Mean   [L]       -0.12465E+04 -0.12465E+04  0.00000E+00
 Top Flux [L/T]     -0.24336E-02
 Bot Flux [L/T]     -0.99181E-03
 WatBalT  [L]        0.22888E-04
 WatBalR  [%]              0.000
----------------------------------------------------------

----------------------------------------------------------
 Time       [T]      220.0000
----------------------------------------------------------
 Sub-region num.                     1            2
----------------------------------------------------------
 Length   [L]        0.10000E+04  0.10000E+04  0.00000E+00
 W-volume [L]        0.50729E+03  0.50729E+03  0.00000E+00
 In-flow  [L/T]     -0.10286E-02 -0.10286E-02  0.00000E+00
 h Mean   [L]       -0.12391E+04 -0.12391E+04  0.00000E+00
 Top Flux [L/T]     -0.22610E-02
 Bot Flux [L/T]     -0.99172E-03
 WatBalT  [L]       -0.45776E-04
 WatBalR  [%]              0.000
----------------------------------------------------------

----------------------------------------------------------
 Time       [T]      230.0000
----------------------------------------------------------
 Sub-region num.                     1            2
----------------------------------------------------------
 Length   [L]        0.10000E+04  0.10000E+04  0.00000E+00
 W-volume [L]        0.50728E+03  0.50728E+03  0.00000E+00
 In-flow  [L/T]     -0.10284E-02 -0.10284E-02  0.00000E+00
 h Mean   [L]       -0.12328E+04 -0.12328E+04  0.00000E+00
 Top Flux [L/T]     -0.20182E-02
 Bot Flux [L/T]     -0.99175E-03
 WatBalT  [L]        0.15259E-04
 WatBalR  [%]              0.000
----------------------------------------------------------

----------------------------------------------------------
 Time       [T]      240.0000
----------------------------------------------------------
 Sub-region num.                     1            2
----------------------------------------------------------
 Length   [L]        0.10000E+04  0.10000E+04  0.00000E+00
 W-volume [L]        0.50727E+03  0.50727E+03  0.00000E+00
 In-flow  [L/T]     -0.10268E-02 -0.10268E-02  0.00000E+00
 h Mean   [L]       -0.12273E+04 -0.12273E+04  0.00000E+00
 Top Flux [L/T]     -0.18025E-02
 Bot Flux [L/T]     -0.99187E-03
 WatBalT  [L]        0.87738E-04
 WatBalR  [%]              0.000
----------------------------------------------------------

----------------------------------------------------------
 Time       [T]      250.0000
----------------------------------------------------------
 Sub-region num.                     1            2
----------------------------------------------------------
 Length   [L]        0.10000E+04  0.10000E+04  0.00000E+00
 W-volume [L]        0.50725E+03  0.50725E+03  0.00000E+00
 In-flow  [L/T]     -0.10242E-02 -0.10242E-02  0.00000E+00
 h Mean   [L]       -0.12224E+04 -0.12224E+04  0.00000E+00
 Top Flux [L/T]     -0.15525E-02
 Bot Flux [L/T]     -0.99206E-03
 WatBalT  [L]       -0.10300E-03
 WatBalR  [%]              0.000
----------------------------------------------------------

----------------------------------------------------------
 Time       [T]      260.0000
----------------------------------------------------------
 Sub-region num.                     1            2
----------------------------------------------------------
 Length   [L]        0.10000E+04  0.10000E+04  0.00000E+00
 W-volume [L]        0.50724E+03  0.50724E+03  0.00000E+00
 In-flow  [L/T]     -0.10231E-02 -0.10231E-02  0.00000E+00
 h Mean   [L]       -0.12182E+04 -0.12182E+04  0.00000E+00
 Top Flux [L/T]     -0.13138E-02
 Bot Flux [L/T]     -0.99235E-03
 WatBalT  [L]        0.26703E-04
 WatBalR  [%]              0.000
----------------------------------------------------------

----------------------------------------------------------
 Time       [T]      270.0000
----------------------------------------------------------
 Sub-region num.                     1            2
----------------------------------------------------------
 Length   [L]        0.10000E+04  0.10000E+04  0.00000E+00
 W-volume [L]        0.50723E+03  0.50723E+03  0.00000E+00
 In-flow  [L/T]     -0.10217E-02 -0.10217E-02  0.00000E+00
 h Mean   [L]       -0.12148E+04 -0.12148E+04  0.00000E+00
 Top Flux [L/T]     -0.13243E-02
 Bot Flux [L/T]     -0.99271E-03
 WatBalT  [L]       -0.41962E-04
 WatBalR  [%]              0.000
----------------------------------------------------------

----------------------------------------------------------
 Time       [T]      280.0000
----------------------------------------------------------
 Sub-region num.                     1            2
----------------------------------------------------------
 Length   [L]        0.10000E+04  0.10000E+04  0.00000E+00
 W-volume [L]        0.50722E+03  0.50722E+03  0.00000E+00
 In-flow  [L/T]     -0.10199E-02 -0.10199E-02  0.00000E+00
 h Mean   [L]       -0.12120E+04 -0.12120E+04  0.00000E+00
 Top Flux [L/T]     -0.12473E-02
 Bot Flux [L/T]     -0.99317E-03
 WatBalT  [L]       -0.15640E-03
 WatBalR  [%]              0.000
----------------------------------------------------------

----------------------------------------------------------
 Time       [T]      290.0000
----------------------------------------------------------
 Sub-region num.                     1            2
----------------------------------------------------------
 Length   [L]        0.10000E+04  0.10000E+04  0.00000E+00
 W-volume [L]        0.50731E+03  0.50731E+03  0.00000E+00
 In-flow  [L/T]      0.89818E-02  0.89818E-02  0.00000E+00
 h Mean   [L]       -0.12086E+04 -0.12086E+04  0.00000E+00
 Top Flux [L/T]     -0.10152E-01
 Bot Flux [L/T]     -0.99368E-03
 WatBalT  [L]        0.15259E-04
 WatBalR  [%]              0.000
----------------------------------------------------------

----------------------------------------------------------
 Time       [T]      300.0000
----------------------------------------------------------
 Sub-region num.                     1            2
----------------------------------------------------------
 Length   [L]        0.10000E+04  0.10000E+04  0.00000E+00
 W-volume [L]        0.50730E+03  0.50730E+03  0.00000E+00
 In-flow  [L/T]     -0.10180E-02 -0.10180E-02  0.00000E+00
 h Mean   [L]       -0.12062E+04 -0.12062E+04  0.00000E+00
 Top Flux [L/T]     -0.14359E-02
 Bot Flux [L/T]     -0.99426E-03
 WatBalT  [L]        0.61035E-04
 WatBalR  [%]              0.000
----------------------------------------------------------

----------------------------------------------------------
 Time       [T]      310.0000
----------------------------------------------------------
 Sub-region num.                     1            2
----------------------------------------------------------
 Length   [L]        0.10000E+04  0.10000E+04  0.00000E+00
 W-volume [L]        0.50739E+03  0.50739E+03  0.00000E+00
 In-flow  [L/T]      0.89832E-02  0.89832E-02  0.00000E+00
 h Mean   [L]       -0.12032E+04 -0.12032E+04  0.00000E+00
 Top Flux [L/T]     -0.10101E-01
 Bot Flux [L/T]     -0.99492E-03
 WatBalT  [L]        0.87738E-04
 WatBalR  [%]              0.000
----------------------------------------------------------

----------------------------------------------------------
 Time       [T]      320.0000
----------------------------------------------------------
 Sub-region num.                     1            2
----------------------------------------------------------
 Length   [L]        0.10000E+04  0.10000E+04  0.00000E+00
 W-volume [L]        0.50738E+03  0.50738E+03  0.00000E+00
 In-flow  [L/T]     -0.10155E-02 -0.10155E-02  0.00000E+00
 h Mean   [L]       -0.12011E+04 -0.12011E+04  0.00000E+00
 Top Flux [L/T]     -0.13948E-02
 Bot Flux [L/T]     -0.99566E-03
 WatBalT  [L]        0.22888E-04
 WatBalR  [%]              0.000
----------------------------------------------------------
 
 Calculation time [sec]  0.339999973773956     
