 ******* Program HYDRUS
 ******* 
 Welcome to HYDRUS-1D                                                    
 Date:  25. 9.    Time:  13:47: 4
 Units: L = mm   , T = min  , M = mmol 


    TLevel      Time          dt      Iter    ItCum  KodT  KodB  Convergency

        1  0.1000010E+02  0.10000E-03    2        2    -4    -5     T
        2  0.1000020E+02  0.10000E-03    2        4    -4    -5     T
        3  0.1000033E+02  0.13333E-03    2        6    -4    -5     T
        4  0.1000050E+02  0.16667E-03    2        8    -4    -5     T
        5  0.1000075E+02  0.25000E-03    2       10    -4    -5     T
        6  0.1000100E+02  0.25000E-03    2       12    -4    -5     T
        7  0.1000110E+02  0.10000E-03    2       14    -4    -5     T
        8  0.1000123E+02  0.13000E-03    2       16    -4    -5     T
        9  0.1000140E+02  0.16900E-03    2       18    -4    -5     T
       10  0.1000162E+02  0.21970E-03    2       20    -4    -5     T
       11  0.1000190E+02  0.28561E-03    2       22    -4    -5     T
       12  0.1000228E+02  0.37129E-03    2       24    -4    -5     T
       13  0.1000276E+02  0.48268E-03    2       26    -4    -5     T
       14  0.1000339E+02  0.62748E-03    2       28    -4    -5     T
       15  0.1000420E+02  0.81573E-03    2       30    -4    -5     T
       16  0.1000526E+02  0.10604E-02    2       32    -4    -5     T
       17  0.1000664E+02  0.13786E-02    2       34    -4    -5     T
       18  0.1000843E+02  0.17922E-02    2       36    -4    -5     T
       19  0.1001076E+02  0.23298E-02    2       38    -4    -5     T
       20  0.1001379E+02  0.30287E-02    2       40    -4    -5     T
       21  0.1001773E+02  0.39374E-02    2       42    -4    -5     T
       22  0.1002285E+02  0.51186E-02    2       44    -4    -5     T
       23  0.1002950E+02  0.66542E-02    2       46    -4    -5     T
       24  0.1003815E+02  0.86504E-02    2       48    -4    -5     T
       25  0.1004940E+02  0.11246E-01    2       50    -4    -5     T
       26  0.1006402E+02  0.14619E-01    2       52    -4    -5     T
       27  0.1008302E+02  0.19005E-01    2       54    -4    -5     T
       28  0.1010773E+02  0.24706E-01    2       56    -4    -5     T
       29  0.1013985E+02  0.32118E-01    2       58    -4    -5     T
       30  0.1018160E+02  0.41754E-01    2       60    -4    -5     T
       31  0.1023588E+02  0.54280E-01    2       62    -4    -5     T
       32  0.1030644E+02  0.70564E-01    2       64    -4    -5     T
       33  0.1039818E+02  0.91733E-01    2       66    -4    -5     T
       34  0.1051743E+02  0.11925E+00    2       68    -4    -5     T
       35  0.1067246E+02  0.15503E+00    2       70    -4    -5     T
       36  0.1087400E+02  0.20154E+00    2       72    -4    -5     T
       37  0.1113600E+02  0.26200E+00    2       74    -4    -5     T
       38  0.1147660E+02  0.34060E+00    2       76    -4    -5     T
       39  0.1191937E+02  0.44278E+00    2       78    -4    -5     T
       40  0.1249499E+02  0.57561E+00    2       80    -4    -5     T
       41  0.1324549E+02  0.75050E+00    2       82    -4    -5     T
       42  0.1421042E+02  0.96493E+00    2       84    -4    -5     T
       43  0.1536833E+02  0.11579E+01    2       86    -4    -5     T
       44  0.1691222E+02  0.15439E+01    2       88    -4    -5     T
       45  0.2000000E+02  0.30878E+01    4       92    -4    -5     T
       46  0.2000010E+02  0.10000E-03    2       94    -4    -5     T
       47  0.2000023E+02  0.13000E-03    2       96    -4    -5     T
       48  0.2000040E+02  0.16900E-03    2       98    -4    -5     T
       49  0.2000062E+02  0.21970E-03    2      100    -4    -5     T
       50  0.2000090E+02  0.28561E-03    2      102    -4    -5     T
       51  0.2000128E+02  0.37129E-03    2      104    -4    -5     T
       52  0.2000176E+02  0.48268E-03    2      106    -4    -5     T
       53  0.2000239E+02  0.62748E-03    2      108    -4    -5     T
       54  0.2000320E+02  0.81573E-03    2      110    -4    -5     T
       55  0.2000426E+02  0.10604E-02    2      112    -4    -5     T
       56  0.2000564E+02  0.13786E-02    2      114    -4    -5     T
       57  0.2000743E+02  0.17922E-02    2      116    -4    -5     T
       58  0.2000976E+02  0.23298E-02    2      118    -4    -5     T
       59  0.2001279E+02  0.30287E-02    2      120    -4    -5     T
       60  0.2001673E+02  0.39374E-02    2      122    -4    -5     T
       61  0.2002185E+02  0.51186E-02    2      124    -4    -5     T
       62  0.2002850E+02  0.66542E-02    2      126    -4    -5     T
       63  0.2003715E+02  0.86504E-02    2      128    -4    -5     T
       64  0.2004840E+02  0.11246E-01    2      130    -4    -5     T
       65  0.2006302E+02  0.14619E-01    2      132    -4    -5     T
       66  0.2008202E+02  0.19005E-01    2      134    -4    -5     T
       67  0.2010673E+02  0.24706E-01    2      136    -4    -5     T
       68  0.2013885E+02  0.32118E-01    2      138    -4    -5     T
       69  0.2018060E+02  0.41754E-01    2      140    -4    -5     T
       70  0.2023488E+02  0.54280E-01    2      142    -4    -5     T
       71  0.2030544E+02  0.70564E-01    2      144    -4    -5     T
       72  0.2039718E+02  0.91733E-01    2      146    -4    -5     T
       73  0.2051643E+02  0.11925E+00    2      148    -4    -5     T
       74  0.2067146E+02  0.15503E+00    2      150    -4    -5     T
       75  0.2087300E+02  0.20154E+00    2      152    -4    -5     T
       76  0.2113500E+02  0.26200E+00    2      154    -4    -5     T
       77  0.2147560E+02  0.34060E+00    2      156    -4    -5     T
       78  0.2191837E+02  0.44278E+00    3      159    -4    -5     T
       79  0.2249399E+02  0.57561E+00    3      162    -4    -5     T
       80  0.2324459E+02  0.75060E+00    4      166    -4    -5     T
       81  0.2399519E+02  0.75060E+00    4      170    -4    -5     T
       82  0.2474579E+02  0.75060E+00    4      174    -4    -5     T
       83  0.2549639E+02  0.75060E+00    3      177    -4    -5     T
       84  0.2639711E+02  0.90072E+00    4      181    -4    -5     T
       85  0.2729784E+02  0.90072E+00    5      186    -4    -5     T
       86  0.2819856E+02  0.90072E+00    3      189    -4    -5     T
       87  0.3000000E+02  0.18014E+01    5      194    -4    -5     T
       88  0.3000010E+02  0.10000E-03    2      196    -4    -5     T
       89  0.3000023E+02  0.13000E-03    2      198    -4    -5     T
       90  0.3000040E+02  0.16900E-03    2      200    -4    -5     T
       91  0.3000062E+02  0.21970E-03    2      202    -4    -5     T
       92  0.3000090E+02  0.28561E-03    2      204    -4    -5     T
       93  0.3000128E+02  0.37129E-03    2      206    -4    -5     T
       94  0.3000176E+02  0.48268E-03    2      208    -4    -5     T
       95  0.3000239E+02  0.62748E-03    2      210    -4    -5     T
       96  0.3000320E+02  0.81573E-03    2      212    -4    -5     T
       97  0.3000426E+02  0.10604E-02    2      214    -4    -5     T
       98  0.3000564E+02  0.13786E-02    2      216    -4    -5     T
       99  0.3000743E+02  0.17922E-02    2      218    -4    -5     T
      100  0.3000976E+02  0.23298E-02    2      220    -4    -5     T
      101  0.3001279E+02  0.30287E-02    2      222    -4    -5     T
      102  0.3001673E+02  0.39374E-02    2      224    -4    -5     T
      103  0.3002185E+02  0.51186E-02    2      226    -4    -5     T
      104  0.3002850E+02  0.66542E-02    2      228    -4    -5     T
      105  0.3003715E+02  0.86504E-02    2      230    -4    -5     T
      106  0.3004840E+02  0.11246E-01    2      232    -4    -5     T
      107  0.3006302E+02  0.14619E-01    2      234    -4    -5     T
      108  0.3008202E+02  0.19005E-01    2      236    -4    -5     T
      109  0.3010673E+02  0.24706E-01    2      238    -4    -5     T
      110  0.3013885E+02  0.32118E-01    2      240    -4    -5     T
      111  0.3018060E+02  0.41754E-01    2      242    -4    -5     T
      112  0.3023488E+02  0.54280E-01    2      244    -4    -5     T
      113  0.3030544E+02  0.70564E-01    2      246    -4    -5     T
      114  0.3039718E+02  0.91733E-01    2      248    -4    -5     T
      115  0.3051643E+02  0.11925E+00    2      250    -4    -5     T
      116  0.3067146E+02  0.15503E+00    2      252    -4    -5     T
      117  0.3087300E+02  0.20154E+00    2      254    -4    -5     T
      118  0.3113500E+02  0.26200E+00    2      256    -4    -5     T
      119  0.3147560E+02  0.34060E+00    2      258    -4    -5     T
      120  0.3191837E+02  0.44278E+00    4      262    -4    -5     T
      121  0.3236115E+02  0.44278E+00    2      264    -4    -5     T
      122  0.3293677E+02  0.57561E+00    3      267    -4    -5     T
      123  0.3372157E+02  0.78480E+00    4      271    -4    -5     T
      124  0.3450637E+02  0.78480E+00    4      275    -4    -5     T
      125  0.3529118E+02  0.78480E+00    4      279    -4    -5     T
      126  0.3607598E+02  0.78480E+00    3      282    -4    -5     T
      127  0.3705699E+02  0.98100E+00    5      287    -4    -5     T
      128  0.3803799E+02  0.98100E+00    4      291    -4    -5     T
      129  0.3901900E+02  0.98100E+00    4      295    -4    -5     T
      130  0.4000000E+02  0.98100E+00    4      299    -4    -5     T
      131  0.4000010E+02  0.10000E-03    2      301    -4    -5     T
      132  0.4000023E+02  0.13000E-03    2      303    -4    -5     T
      133  0.4000040E+02  0.16900E-03    2      305    -4    -5     T
      134  0.4000062E+02  0.21970E-03    2      307    -4    -5     T
      135  0.4000090E+02  0.28561E-03    2      309    -4    -5     T
      136  0.4000128E+02  0.37129E-03    2      311    -4    -5     T
      137  0.4000176E+02  0.48268E-03    2      313    -4    -5     T
      138  0.4000239E+02  0.62748E-03    2      315    -4    -5     T
      139  0.4000320E+02  0.81573E-03    2      317    -4    -5     T
      140  0.4000426E+02  0.10604E-02    2      319    -4    -5     T
      141  0.4000564E+02  0.13786E-02    2      321    -4    -5     T
      142  0.4000743E+02  0.17922E-02    2      323    -4    -5     T
      143  0.4000976E+02  0.23298E-02    2      325    -4    -5     T
      144  0.4001279E+02  0.30287E-02    2      327    -4    -5     T
      145  0.4001673E+02  0.39374E-02    2      329    -4    -5     T
      146  0.4002185E+02  0.51186E-02    2      331    -4    -5     T
      147  0.4002850E+02  0.66542E-02    2      333    -4    -5     T
      148  0.4003715E+02  0.86504E-02    2      335    -4    -5     T
      149  0.4004840E+02  0.11246E-01    2      337    -4    -5     T
      150  0.4006302E+02  0.14619E-01    2      339    -4    -5     T
      151  0.4008202E+02  0.19005E-01    2      341    -4    -5     T
      152  0.4010673E+02  0.24706E-01    2      343    -4    -5     T
      153  0.4013885E+02  0.32118E-01    2      345    -4    -5     T
      154  0.4018060E+02  0.41754E-01    2      347    -4    -5     T
      155  0.4023488E+02  0.54280E-01    2      349    -4    -5     T
      156  0.4030544E+02  0.70564E-01    2      351    -4    -5     T
      157  0.4039718E+02  0.91733E-01    2      353    -4    -5     T
      158  0.4051643E+02  0.11925E+00    2      355    -4    -5     T
      159  0.4067146E+02  0.15503E+00    2      357    -4    -5     T
      160  0.4087300E+02  0.20154E+00    2      359    -4    -5     T
      161  0.4113500E+02  0.26200E+00    2      361    -4    -5     T
      162  0.4147560E+02  0.34060E+00    2      363    -4    -5     T
      163  0.4191837E+02  0.44278E+00    2      365    -4    -5     T
      164  0.4249399E+02  0.57561E+00    2      367    -4    -5     T
      165  0.4324459E+02  0.75060E+00    2      369    -4    -5     T
      166  0.4420965E+02  0.96506E+00    3      372    -4    -5     T
      167  0.4536772E+02  0.11581E+01    2      374    -4    -5     T
      168  0.4691181E+02  0.15441E+01    3      377    -4    -5     T
      169  0.5000000E+02  0.30882E+01    4      381    -4    -5     T
      170  0.5000010E+02  0.10000E-03    2      383    -4    -5     T
      171  0.5000023E+02  0.13000E-03    2      385    -4    -5     T
      172  0.5000040E+02  0.16900E-03    2      387    -4    -5     T
      173  0.5000062E+02  0.21970E-03    2      389    -4    -5     T
      174  0.5000090E+02  0.28561E-03    2      391    -4    -5     T
      175  0.5000128E+02  0.37129E-03    2      393    -4    -5     T
      176  0.5000176E+02  0.48268E-03    2      395    -4    -5     T
      177  0.5000239E+02  0.62748E-03    2      397    -4    -5     T
      178  0.5000320E+02  0.81573E-03    2      399    -4    -5     T
      179  0.5000426E+02  0.10604E-02    2      401    -4    -5     T
      180  0.5000564E+02  0.13786E-02    2      403    -4    -5     T
      181  0.5000743E+02  0.17922E-02    2      405    -4    -5     T
      182  0.5000976E+02  0.23298E-02    2      407    -4    -5     T
      183  0.5001279E+02  0.30287E-02    2      409    -4    -5     T
      184  0.5001673E+02  0.39374E-02    2      411    -4    -5     T
      185  0.5002185E+02  0.51186E-02    2      413    -4    -5     T
      186  0.5002850E+02  0.66542E-02    2      415    -4    -5     T
      187  0.5003715E+02  0.86504E-02    2      417    -4    -5     T
      188  0.5004840E+02  0.11246E-01    2      419    -4    -5     T
      189  0.5006302E+02  0.14619E-01    2      421    -4    -5     T
      190  0.5008202E+02  0.19005E-01    2      423    -4    -5     T
      191  0.5010673E+02  0.24706E-01    2      425    -4    -5     T
      192  0.5013885E+02  0.32118E-01    2      427    -4    -5     T
      193  0.5018060E+02  0.41754E-01    2      429    -4    -5     T
      194  0.5023488E+02  0.54280E-01    2      431    -4    -5     T
      195  0.5030544E+02  0.70564E-01    2      433    -4    -5     T
      196  0.5039718E+02  0.91733E-01    2      435    -4    -5     T
      197  0.5051643E+02  0.11925E+00    2      437    -4    -5     T
      198  0.5067146E+02  0.15503E+00    2      439    -4    -5     T
      199  0.5087300E+02  0.20154E+00    2      441    -4    -5     T
      200  0.5113500E+02  0.26200E+00    2      443    -4    -5     T
      201  0.5147560E+02  0.34060E+00    2      445    -4    -5     T
      202  0.5191837E+02  0.44278E+00    2      447    -4    -5     T
      203  0.5249399E+02  0.57561E+00    2      449    -4    -5     T
      204  0.5324459E+02  0.75060E+00    2      451    -4    -5     T
      205  0.5420965E+02  0.96506E+00    2      453    -4    -5     T
      206  0.5536772E+02  0.11581E+01    2      455    -4    -5     T
      207  0.5691181E+02  0.15441E+01    2      457    -4    -5     T
      208  0.6000000E+02  0.30882E+01    3      460    -4    -5     T
      209  0.6250000E+02  0.25000E+01    2      462    -4    -5     T
      210  0.6625000E+02  0.37500E+01    3      465    -4    -5     T
      211  0.7000000E+02  0.37500E+01    2      467    -4    -5     T
      212  0.7000010E+02  0.10000E-03    2      469    -4    -5     T
      213  0.7000023E+02  0.13000E-03    2      471    -4    -5     T
      214  0.7000040E+02  0.16900E-03    2      473    -4    -5     T
      215  0.7000062E+02  0.21970E-03    2      475    -4    -5     T
      216  0.7000090E+02  0.28561E-03    2      477    -4    -5     T
      217  0.7000128E+02  0.37129E-03    2      479    -4    -5     T
      218  0.7000176E+02  0.48268E-03    2      481    -4    -5     T
      219  0.7000239E+02  0.62748E-03    2      483    -4    -5     T
      220  0.7000320E+02  0.81573E-03    2      485    -4    -5     T
      221  0.7000426E+02  0.10604E-02    2      487    -4    -5     T
      222  0.7000564E+02  0.13786E-02    2      489    -4    -5     T
      223  0.7000743E+02  0.17922E-02    2      491    -4    -5     T
      224  0.7000976E+02  0.23298E-02    2      493    -4    -5     T
      225  0.7001279E+02  0.30287E-02    2      495    -4    -5     T
      226  0.7001673E+02  0.39374E-02    2      497    -4    -5     T
      227  0.7002185E+02  0.51186E-02    2      499    -4    -5     T
      228  0.7002850E+02  0.66542E-02    2      501    -4    -5     T
      229  0.7003715E+02  0.86504E-02    2      503    -4    -5     T
      230  0.7004840E+02  0.11246E-01    2      505    -4    -5     T
      231  0.7006302E+02  0.14619E-01    2      507    -4    -5     T
      232  0.7008202E+02  0.19005E-01    2      509    -4    -5     T
      233  0.7010673E+02  0.24706E-01    2      511    -4    -5     T
      234  0.7013885E+02  0.32118E-01    2      513    -4    -5     T
      235  0.7018060E+02  0.41754E-01    2      515    -4    -5     T
      236  0.7023488E+02  0.54280E-01    2      517    -4    -5     T
      237  0.7030544E+02  0.70564E-01    2      519    -4    -5     T
      238  0.7039718E+02  0.91733E-01    2      521    -4    -5     T
      239  0.7051643E+02  0.11925E+00    2      523    -4    -5     T
      240  0.7067146E+02  0.15503E+00    2      525    -4    -5     T
      241  0.7087300E+02  0.20154E+00    2      527    -4    -5     T
      242  0.7113500E+02  0.26200E+00    2      529    -4    -5     T
      243  0.7147560E+02  0.34060E+00    2      531    -4    -5     T
      244  0.7191837E+02  0.44278E+00    2      533    -4    -5     T
      245  0.7249399E+02  0.57561E+00    2      535    -4    -5     T
      246  0.7324459E+02  0.75060E+00    2      537    -4    -5     T
      247  0.7420965E+02  0.96506E+00    2      539    -4    -5     T
      248  0.7536772E+02  0.11581E+01    2      541    -4    -5     T
      249  0.7691181E+02  0.15441E+01    2      543    -4    -5     T
      250  0.8000000E+02  0.30882E+01    2      545    -4    -5     T
      251  0.8000010E+02  0.10000E-03    2      547    -4    -5     T
      252  0.8000023E+02  0.13000E-03    2      549    -4    -5     T
      253  0.8000040E+02  0.16900E-03    2      551    -4    -5     T
      254  0.8000062E+02  0.21970E-03    2      553    -4    -5     T
      255  0.8000090E+02  0.28561E-03    2      555    -4    -5     T
      256  0.8000128E+02  0.37129E-03    2      557    -4    -5     T
      257  0.8000176E+02  0.48268E-03    2      559    -4    -5     T
      258  0.8000239E+02  0.62748E-03    2      561    -4    -5     T
      259  0.8000320E+02  0.81573E-03    2      563    -4    -5     T
      260  0.8000426E+02  0.10604E-02    2      565    -4    -5     T
      261  0.8000564E+02  0.13786E-02    2      567    -4    -5     T
      262  0.8000743E+02  0.17922E-02    2      569    -4    -5     T
      263  0.8000976E+02  0.23298E-02    2      571    -4    -5     T
      264  0.8001279E+02  0.30287E-02    2      573    -4    -5     T
      265  0.8001673E+02  0.39374E-02    2      575    -4    -5     T
      266  0.8002185E+02  0.51186E-02    2      577    -4    -5     T
      267  0.8002850E+02  0.66542E-02    2      579    -4    -5     T
      268  0.8003715E+02  0.86504E-02    2      581    -4    -5     T
      269  0.8004840E+02  0.11246E-01    2      583    -4    -5     T
      270  0.8006302E+02  0.14619E-01    2      585    -4    -5     T
      271  0.8008202E+02  0.19005E-01    2      587    -4    -5     T
      272  0.8010673E+02  0.24706E-01    2      589    -4    -5     T
      273  0.8013885E+02  0.32118E-01    2      591    -4    -5     T
      274  0.8018060E+02  0.41754E-01    2      593    -4    -5     T
      275  0.8023488E+02  0.54280E-01    2      595    -4    -5     T
      276  0.8030544E+02  0.70564E-01    2      597    -4    -5     T
      277  0.8039718E+02  0.91733E-01    2      599    -4    -5     T
      278  0.8051643E+02  0.11925E+00    2      601    -4    -5     T
      279  0.8067146E+02  0.15503E+00    2      603    -4    -5     T
      280  0.8087300E+02  0.20154E+00    2      605    -4    -5     T
      281  0.8113500E+02  0.26200E+00    2      607    -4    -5     T
      282  0.8147560E+02  0.34060E+00    3      610    -4    -5     T
      283  0.8191837E+02  0.44278E+00    3      613    -4    -5     T
      284  0.8249399E+02  0.57561E+00    3      616    -4    -5     T
      285  0.8324459E+02  0.75060E+00    4      620    -4    -5     T
      286  0.8399519E+02  0.75060E+00    4      624    -4    -5     T
      287  0.8474579E+02  0.75060E+00    3      627    -4    -5     T
      288  0.8579663E+02  0.10508E+01    4      631    -4    -5     T
      289  0.8684747E+02  0.10508E+01    4      635    -4    -5     T
      290  0.8789832E+02  0.10508E+01    4      639    -4    -5     T
      291  0.8894916E+02  0.10508E+01    3      642    -4    -5     T
      292  0.9000000E+02  0.10508E+01    3      645    -4    -5     T
      293  0.9000010E+02  0.10000E-03    2      647    -4    -5     T
      294  0.9000023E+02  0.13000E-03    2      649    -4    -5     T
      295  0.9000040E+02  0.16900E-03    2      651    -4    -5     T
      296  0.9000062E+02  0.21970E-03    2      653    -4    -5     T
      297  0.9000090E+02  0.28561E-03    2      655    -4    -5     T
      298  0.9000128E+02  0.37129E-03    2      657    -4    -5     T
      299  0.9000176E+02  0.48268E-03    2      659    -4    -5     T
      300  0.9000239E+02  0.62748E-03    2      661    -4    -5     T
      301  0.9000320E+02  0.81573E-03    2      663    -4    -5     T
      302  0.9000426E+02  0.10604E-02    2      665    -4    -5     T
      303  0.9000564E+02  0.13786E-02    2      667    -4    -5     T
      304  0.9000743E+02  0.17922E-02    2      669    -4    -5     T
      305  0.9000976E+02  0.23298E-02    2      671    -4    -5     T
      306  0.9001279E+02  0.30287E-02    2      673    -4    -5     T
      307  0.9001673E+02  0.39374E-02    2      675    -4    -5     T
      308  0.9002185E+02  0.51186E-02    2      677    -4    -5     T
      309  0.9002850E+02  0.66542E-02    2      679    -4    -5     T
      310  0.9003715E+02  0.86504E-02    2      681    -4    -5     T
      311  0.9004840E+02  0.11246E-01    2      683    -4    -5     T
      312  0.9006302E+02  0.14619E-01    2      685    -4    -5     T
      313  0.9008202E+02  0.19005E-01    2      687    -4    -5     T
      314  0.9010673E+02  0.24706E-01    2      689    -4    -5     T
      315  0.9013885E+02  0.32118E-01    2      691    -4    -5     T
      316  0.9018060E+02  0.41754E-01    2      693    -4    -5     T
      317  0.9023488E+02  0.54280E-01    2      695    -4    -5     T
      318  0.9030544E+02  0.70564E-01    2      697    -4    -5     T
      319  0.9039718E+02  0.91733E-01    2      699    -4    -5     T
      320  0.9051643E+02  0.11925E+00    2      701    -4    -5     T
      321  0.9067146E+02  0.15503E+00    2      703    -4    -5     T
      322  0.9087300E+02  0.20154E+00    2      705    -4    -5     T
      323  0.9113500E+02  0.26200E+00    2      707    -4    -5     T
      324  0.9147560E+02  0.34060E+00    2      709    -4    -5     T
      325  0.9191837E+02  0.44278E+00    2      711    -4    -5     T
      326  0.9249399E+02  0.57561E+00    3      714    -4    -5     T
      327  0.9324459E+02  0.75060E+00    3      717    -4    -5     T
      328  0.9420965E+02  0.96506E+00    4      721    -4    -5     T
      329  0.9517471E+02  0.96506E+00    4      725    -4    -5     T
      330  0.9613976E+02  0.96506E+00    4      729    -4    -5     T
      331  0.9710482E+02  0.96506E+00    4      733    -4    -5     T
      332  0.9806988E+02  0.96506E+00    4      737    -4    -5     T
      333  0.9903494E+02  0.96506E+00    4      741    -4    -5     T
      334  0.1000000E+03  0.96506E+00    4      745    -4    -5     T
      335  0.1000001E+03  0.10000E-03    2      747    -4    -5     T
      336  0.1000002E+03  0.13000E-03    2      749    -4    -5     T
      337  0.1000004E+03  0.16900E-03    2      751    -4    -5     T
      338  0.1000006E+03  0.21970E-03    2      753    -4    -5     T
      339  0.1000009E+03  0.28561E-03    2      755    -4    -5     T
      340  0.1000013E+03  0.37129E-03    2      757    -4    -5     T
      341  0.1000018E+03  0.48268E-03    2      759    -4    -5     T
      342  0.1000024E+03  0.62748E-03    2      761    -4    -5     T
      343  0.1000032E+03  0.81573E-03    2      763    -4    -5     T
      344  0.1000043E+03  0.10604E-02    2      765    -4    -5     T
      345  0.1000056E+03  0.13786E-02    2      767    -4    -5     T
      346  0.1000074E+03  0.17922E-02    2      769    -4    -5     T
      347  0.1000098E+03  0.23298E-02    2      771    -4    -5     T
      348  0.1000128E+03  0.30287E-02    2      773    -4    -5     T
      349  0.1000167E+03  0.39374E-02    2      775    -4    -5     T
      350  0.1000218E+03  0.51186E-02    2      777    -4    -5     T
      351  0.1000285E+03  0.66542E-02    2      779    -4    -5     T
      352  0.1000372E+03  0.86504E-02    2      781    -4    -5     T
      353  0.1000484E+03  0.11246E-01    2      783    -4    -5     T
      354  0.1000630E+03  0.14619E-01    2      785    -4    -5     T
      355  0.1000820E+03  0.19005E-01    2      787    -4    -5     T
      356  0.1001067E+03  0.24706E-01    2      789    -4    -5     T
      357  0.1001388E+03  0.32118E-01    2      791    -4    -5     T
      358  0.1001806E+03  0.41754E-01    2      793    -4    -5     T
      359  0.1002349E+03  0.54280E-01    2      795    -4    -5     T
      360  0.1003054E+03  0.70564E-01    2      797    -4    -5     T
      361  0.1003972E+03  0.91733E-01    2      799    -4    -5     T
      362  0.1005164E+03  0.11925E+00    2      801    -4    -5     T
      363  0.1006715E+03  0.15503E+00    2      803    -4    -5     T
      364  0.1008730E+03  0.20154E+00    2      805    -4    -5     T
      365  0.1011350E+03  0.26200E+00    2      807    -4    -5     T
      366  0.1014756E+03  0.34060E+00    2      809    -4    -5     T
      367  0.1019184E+03  0.44278E+00    2      811    -4    -5     T
      368  0.1024940E+03  0.57561E+00    3      814    -4    -5     T
      369  0.1032446E+03  0.75060E+00    4      818    -4    -5     T
      370  0.1039952E+03  0.75060E+00    4      822    -4    -5     T
      371  0.1047458E+03  0.75060E+00    4      826    -4    -5     T
      372  0.1054964E+03  0.75060E+00    4      830    -4    -5     T
      373  0.1062470E+03  0.75060E+00    4      834    -4    -5     T
      374  0.1069976E+03  0.75060E+00    4      838    -4    -5     T
      375  0.1077482E+03  0.75060E+00    5      843    -4    -5     T
      376  0.1084988E+03  0.75060E+00    6      849    -4    -5     T
      377  0.1092494E+03  0.75060E+00    6      855    -4    -5     T
      378  0.1100000E+03  0.75060E+00    6      861    -4    -5     T
      379  0.1100001E+03  0.10000E-03    2      863    -4    -5     T
      380  0.1100002E+03  0.13000E-03    2      865    -4    -5     T
      381  0.1100004E+03  0.16900E-03    2      867    -4    -5     T
      382  0.1100006E+03  0.21970E-03    2      869    -4    -5     T
      383  0.1100009E+03  0.28561E-03    2      871    -4    -5     T
      384  0.1100013E+03  0.37129E-03    2      873    -4    -5     T
      385  0.1100018E+03  0.48268E-03    2      875    -4    -5     T
      386  0.1100024E+03  0.62748E-03    2      877    -4    -5     T
      387  0.1100032E+03  0.81573E-03    2      879    -4    -5     T
      388  0.1100043E+03  0.10604E-02    2      881    -4    -5     T
      389  0.1100056E+03  0.13786E-02    2      883    -4    -5     T
      390  0.1100074E+03  0.17922E-02    2      885    -4    -5     T
      391  0.1100098E+03  0.23298E-02    2      887    -4    -5     T
      392  0.1100128E+03  0.30287E-02    2      889    -4    -5     T
      393  0.1100167E+03  0.39374E-02    2      891    -4    -5     T
      394  0.1100218E+03  0.51186E-02    2      893    -4    -5     T
      395  0.1100285E+03  0.66542E-02    2      895    -4    -5     T
      396  0.1100372E+03  0.86504E-02    2      897    -4    -5     T
      397  0.1100484E+03  0.11246E-01    2      899    -4    -5     T
      398  0.1100630E+03  0.14619E-01    2      901    -4    -5     T
      399  0.1100820E+03  0.19005E-01    2      903    -4    -5     T
      400  0.1101067E+03  0.24706E-01    2      905    -4    -5     T
      401  0.1101388E+03  0.32118E-01    2      907    -4    -5     T
      402  0.1101806E+03  0.41754E-01    2      909    -4    -5     T
      403  0.1102349E+03  0.54280E-01    2      911    -4    -5     T
      404  0.1103054E+03  0.70564E-01    2      913    -4    -5     T
      405  0.1103972E+03  0.91733E-01    2      915    -4    -5     T
      406  0.1105164E+03  0.11925E+00    2      917    -4    -5     T
      407  0.1106715E+03  0.15503E+00    2      919    -4    -5     T
      408  0.1108730E+03  0.20154E+00    2      921    -4    -5     T
      409  0.1111350E+03  0.26200E+00    2      923    -4    -5     T
      410  0.1114756E+03  0.34060E+00    2      925    -4    -5     T
      411  0.1119184E+03  0.44278E+00    3      928    -4    -5     T
      412  0.1124940E+03  0.57561E+00    4      932    -4    -5     T
      413  0.1130696E+03  0.57561E+00    3      935    -4    -5     T
      414  0.1138396E+03  0.77004E+00    4      939    -4    -5     T
      415  0.1146097E+03  0.77004E+00    4      943    -4    -5     T
      416  0.1153797E+03  0.77004E+00    4      947    -4    -5     T
      417  0.1161498E+03  0.77004E+00    4      951    -4    -5     T
      418  0.1169198E+03  0.77004E+00    4      955    -4    -5     T
      419  0.1176899E+03  0.77004E+00    4      959    -4    -5     T
      420  0.1184599E+03  0.77004E+00    4      963    -4    -5     T
      421  0.1192300E+03  0.77004E+00    3      966    -4    -5     T
      422  0.1200000E+03  0.77004E+00    3      969    -4    -5     T
      423  0.1200001E+03  0.10000E-03    2      971    -4    -5     T
      424  0.1200002E+03  0.13000E-03    2      973    -4    -5     T
      425  0.1200004E+03  0.16900E-03    2      975    -4    -5     T
      426  0.1200006E+03  0.21970E-03    2      977    -4    -5     T
      427  0.1200009E+03  0.28561E-03    2      979    -4    -5     T
      428  0.1200013E+03  0.37129E-03    2      981    -4    -5     T
      429  0.1200018E+03  0.48268E-03    2      983    -4    -5     T
      430  0.1200024E+03  0.62748E-03    2      985    -4    -5     T
      431  0.1200032E+03  0.81573E-03    2      987    -4    -5     T
      432  0.1200043E+03  0.10604E-02    2      989    -4    -5     T
      433  0.1200056E+03  0.13786E-02    2      991    -4    -5     T
      434  0.1200074E+03  0.17922E-02    2      993    -4    -5     T
      435  0.1200098E+03  0.23298E-02    2      995    -4    -5     T
      436  0.1200128E+03  0.30287E-02    2      997    -4    -5     T
      437  0.1200167E+03  0.39374E-02    2      999    -4    -5     T
      438  0.1200218E+03  0.51186E-02    2     1001    -4    -5     T
      439  0.1200285E+03  0.66542E-02    2     1003    -4    -5     T
      440  0.1200372E+03  0.86504E-02    2     1005    -4    -5     T
      441  0.1200484E+03  0.11246E-01    2     1007    -4    -5     T
      442  0.1200630E+03  0.14619E-01    2     1009    -4    -5     T
      443  0.1200820E+03  0.19005E-01    2     1011    -4    -5     T
      444  0.1201067E+03  0.24706E-01    2     1013    -4    -5     T
      445  0.1201388E+03  0.32118E-01    2     1015    -4    -5     T
      446  0.1201806E+03  0.41754E-01    2     1017    -4    -5     T
      447  0.1202349E+03  0.54280E-01    2     1019    -4    -5     T
      448  0.1203054E+03  0.70564E-01    2     1021    -4    -5     T
      449  0.1203972E+03  0.91733E-01    2     1023    -4    -5     T
      450  0.1205164E+03  0.11925E+00    2     1025    -4    -5     T
      451  0.1206715E+03  0.15503E+00    2     1027    -4    -5     T
      452  0.1208730E+03  0.20154E+00    2     1029    -4    -5     T
      453  0.1211350E+03  0.26200E+00    2     1031    -4    -5     T
      454  0.1214756E+03  0.34060E+00    2     1033    -4    -5     T
      455  0.1219184E+03  0.44278E+00    2     1035    -4    -5     T
      456  0.1224940E+03  0.57561E+00    3     1038    -4    -5     T
      457  0.1232446E+03  0.75060E+00    3     1041    -4    -5     T
      458  0.1242096E+03  0.96506E+00    3     1044    -4    -5     T
      459  0.1253677E+03  0.11581E+01    4     1048    -4    -5     T
      460  0.1265258E+03  0.11581E+01    4     1052    -4    -5     T
      461  0.1276839E+03  0.11581E+01    4     1056    -4    -5     T
      462  0.1288419E+03  0.11581E+01    3     1059    -4    -5     T
      463  0.1300000E+03  0.11581E+01    3     1062    -4    -5     T
      464  0.1300001E+03  0.10000E-03    2     1064    -4    -5     T
      465  0.1300002E+03  0.13000E-03    2     1066    -4    -5     T
      466  0.1300004E+03  0.16900E-03    2     1068    -4    -5     T
      467  0.1300006E+03  0.21970E-03    2     1070    -4    -5     T
      468  0.1300009E+03  0.28561E-03    2     1072    -4    -5     T
      469  0.1300013E+03  0.37129E-03    2     1074    -4    -5     T
      470  0.1300018E+03  0.48268E-03    2     1076    -4    -5     T
      471  0.1300024E+03  0.62748E-03    2     1078    -4    -5     T
      472  0.1300032E+03  0.81573E-03    2     1080    -4    -5     T
      473  0.1300043E+03  0.10604E-02    2     1082    -4    -5     T
      474  0.1300056E+03  0.13786E-02    2     1084    -4    -5     T
      475  0.1300074E+03  0.17922E-02    2     1086    -4    -5     T
      476  0.1300098E+03  0.23298E-02    2     1088    -4    -5     T
      477  0.1300128E+03  0.30287E-02    2     1090    -4    -5     T
      478  0.1300167E+03  0.39374E-02    2     1092    -4    -5     T
      479  0.1300218E+03  0.51186E-02    2     1094    -4    -5     T
      480  0.1300285E+03  0.66542E-02    2     1096    -4    -5     T
      481  0.1300372E+03  0.86504E-02    2     1098    -4    -5     T
      482  0.1300484E+03  0.11246E-01    2     1100    -4    -5     T
      483  0.1300630E+03  0.14619E-01    2     1102    -4    -5     T
      484  0.1300820E+03  0.19005E-01    2     1104    -4    -5     T
      485  0.1301067E+03  0.24706E-01    2     1106    -4    -5     T
      486  0.1301388E+03  0.32118E-01    2     1108    -4    -5     T
      487  0.1301806E+03  0.41754E-01    2     1110    -4    -5     T
      488  0.1302349E+03  0.54280E-01    2     1112    -4    -5     T
      489  0.1303054E+03  0.70564E-01    2     1114    -4    -5     T
      490  0.1303972E+03  0.91733E-01    2     1116    -4    -5     T
      491  0.1305164E+03  0.11925E+00    2     1118    -4    -5     T
      492  0.1306715E+03  0.15503E+00    2     1120    -4    -5     T
      493  0.1308730E+03  0.20154E+00    2     1122    -4    -5     T
      494  0.1311350E+03  0.26200E+00    2     1124    -4    -5     T
      495  0.1314756E+03  0.34060E+00    2     1126    -4    -5     T
      496  0.1319184E+03  0.44278E+00    2     1128    -4    -5     T
      497  0.1324940E+03  0.57561E+00    2     1130    -4    -5     T
      498  0.1332446E+03  0.75060E+00    2     1132    -4    -5     T
      499  0.1342096E+03  0.96506E+00    3     1135    -4    -5     T
      500  0.1353677E+03  0.11581E+01    2     1137    -4    -5     T
      501  0.1369118E+03  0.15441E+01    3     1140    -4    -5     T
      502  0.1400000E+03  0.30882E+01    5     1145    -4    -5     T
      503  0.1400001E+03  0.10000E-03    2     1147    -4    -5     T
      504  0.1400002E+03  0.13000E-03    2     1149    -4    -5     T
      505  0.1400004E+03  0.16900E-03    2     1151    -4    -5     T
      506  0.1400006E+03  0.21970E-03    2     1153    -4    -5     T
      507  0.1400009E+03  0.28561E-03    2     1155    -4    -5     T
      508  0.1400013E+03  0.37129E-03    2     1157    -4    -5     T
      509  0.1400018E+03  0.48268E-03    2     1159    -4    -5     T
      510  0.1400024E+03  0.62748E-03    2     1161    -4    -5     T
      511  0.1400032E+03  0.81573E-03    2     1163    -4    -5     T
      512  0.1400043E+03  0.10604E-02    2     1165    -4    -5     T
      513  0.1400056E+03  0.13786E-02    2     1167    -4    -5     T
      514  0.1400074E+03  0.17922E-02    2     1169    -4    -5     T
      515  0.1400098E+03  0.23298E-02    2     1171    -4    -5     T
      516  0.1400128E+03  0.30287E-02    2     1173    -4    -5     T
      517  0.1400167E+03  0.39374E-02    2     1175    -4    -5     T
      518  0.1400218E+03  0.51186E-02    2     1177    -4    -5     T
      519  0.1400285E+03  0.66542E-02    2     1179    -4    -5     T
      520  0.1400372E+03  0.86504E-02    2     1181    -4    -5     T
      521  0.1400484E+03  0.11246E-01    2     1183    -4    -5     T
      522  0.1400630E+03  0.14619E-01    2     1185    -4    -5     T
      523  0.1400820E+03  0.19005E-01    2     1187    -4    -5     T
      524  0.1401067E+03  0.24706E-01    2     1189    -4    -5     T
      525  0.1401388E+03  0.32118E-01    2     1191    -4    -5     T
      526  0.1401806E+03  0.41754E-01    2     1193    -4    -5     T
      527  0.1402349E+03  0.54280E-01    2     1195    -4    -5     T
      528  0.1403054E+03  0.70564E-01    2     1197    -4    -5     T
      529  0.1403972E+03  0.91733E-01    2     1199    -4    -5     T
      530  0.1405164E+03  0.11925E+00    2     1201    -4    -5     T
      531  0.1406715E+03  0.15503E+00    2     1203    -4    -5     T
      532  0.1408730E+03  0.20154E+00    2     1205    -4    -5     T
      533  0.1411350E+03  0.26200E+00    2     1207    -4    -5     T
      534  0.1414756E+03  0.34060E+00    2     1209    -4    -5     T
      535  0.1419184E+03  0.44278E+00    2     1211    -4    -5     T
      536  0.1424940E+03  0.57561E+00    2     1213    -4    -5     T
      537  0.1432446E+03  0.75060E+00    2     1215    -4    -5     T
      538  0.1442096E+03  0.96506E+00    2     1217    -4    -5     T
      539  0.1453677E+03  0.11581E+01    2     1219    -4    -5     T
      540  0.1469118E+03  0.15441E+01    2     1221    -4    -5     T
      541  0.1500000E+03  0.30882E+01    3     1224    -4    -5     T
      542  0.1525000E+03  0.25000E+01    3     1227    -4    -5     T
      543  0.1562500E+03  0.37500E+01    4     1231    -4    -5     T
      544  0.1600000E+03  0.37500E+01    3     1234    -4    -5     T
      545  0.1600001E+03  0.10000E-03    2     1236    -4    -5     T
      546  0.1600002E+03  0.13000E-03    2     1238    -4    -5     T
      547  0.1600004E+03  0.16900E-03    2     1240    -4    -5     T
      548  0.1600006E+03  0.21970E-03    2     1242    -4    -5     T
      549  0.1600009E+03  0.28561E-03    2     1244    -4    -5     T
      550  0.1600013E+03  0.37129E-03    2     1246    -4    -5     T
      551  0.1600018E+03  0.48268E-03    2     1248    -4    -5     T
      552  0.1600024E+03  0.62748E-03    2     1250    -4    -5     T
      553  0.1600032E+03  0.81573E-03    2     1252    -4    -5     T
      554  0.1600043E+03  0.10604E-02    2     1254    -4    -5     T
      555  0.1600056E+03  0.13786E-02    2     1256    -4    -5     T
      556  0.1600074E+03  0.17922E-02    2     1258    -4    -5     T
      557  0.1600098E+03  0.23298E-02    2     1260    -4    -5     T
      558  0.1600128E+03  0.30287E-02    2     1262    -4    -5     T
      559  0.1600167E+03  0.39374E-02    2     1264    -4    -5     T
      560  0.1600218E+03  0.51186E-02    2     1266    -4    -5     T
      561  0.1600285E+03  0.66542E-02    2     1268    -4    -5     T
      562  0.1600372E+03  0.86504E-02    2     1270    -4    -5     T
      563  0.1600484E+03  0.11246E-01    2     1272    -4    -5     T
      564  0.1600630E+03  0.14619E-01    2     1274    -4    -5     T
      565  0.1600820E+03  0.19005E-01    2     1276    -4    -5     T
      566  0.1601067E+03  0.24706E-01    2     1278    -4    -5     T
      567  0.1601388E+03  0.32118E-01    2     1280    -4    -5     T
      568  0.1601806E+03  0.41754E-01    2     1282    -4    -5     T
      569  0.1602349E+03  0.54280E-01    2     1284    -4    -5     T
      570  0.1603054E+03  0.70564E-01    2     1286    -4    -5     T
      571  0.1603972E+03  0.91733E-01    2     1288    -4    -5     T
      572  0.1605164E+03  0.11925E+00    2     1290    -4    -5     T
      573  0.1606715E+03  0.15503E+00    2     1292    -4    -5     T
      574  0.1608730E+03  0.20154E+00    2     1294    -4    -5     T
      575  0.1611350E+03  0.26200E+00    2     1296    -4    -5     T
      576  0.1614756E+03  0.34060E+00    2     1298    -4    -5     T
      577  0.1619184E+03  0.44278E+00    2     1300    -4    -5     T
      578  0.1624940E+03  0.57561E+00    2     1302    -4    -5     T
      579  0.1632446E+03  0.75060E+00    2     1304    -4    -5     T
      580  0.1642096E+03  0.96506E+00    2     1306    -4    -5     T
      581  0.1653677E+03  0.11581E+01    2     1308    -4    -5     T
      582  0.1669118E+03  0.15441E+01    2     1310    -4    -5     T
      583  0.1700000E+03  0.30882E+01    2     1312    -4    -5     T
      584  0.1725000E+03  0.25000E+01    2     1314    -4    -5     T
      585  0.1762500E+03  0.37500E+01    3     1317    -4    -5     T
      586  0.1800000E+03  0.37500E+01    2     1319    -4    -5     T
      587  0.1800001E+03  0.10000E-03    2     1321    -4    -5     T
      588  0.1800002E+03  0.13000E-03    2     1323    -4    -5     T
      589  0.1800004E+03  0.16900E-03    2     1325    -4    -5     T
      590  0.1800006E+03  0.21970E-03    2     1327    -4    -5     T
      591  0.1800009E+03  0.28561E-03    2     1329    -4    -5     T
      592  0.1800013E+03  0.37129E-03    2     1331    -4    -5     T
      593  0.1800018E+03  0.48268E-03    2     1333    -4    -5     T
      594  0.1800024E+03  0.62748E-03    2     1335    -4    -5     T
      595  0.1800032E+03  0.81573E-03    2     1337    -4    -5     T
      596  0.1800043E+03  0.10604E-02    2     1339    -4    -5     T
      597  0.1800056E+03  0.13786E-02    2     1341    -4    -5     T
      598  0.1800074E+03  0.17922E-02    2     1343    -4    -5     T
      599  0.1800098E+03  0.23298E-02    2     1345    -4    -5     T
      600  0.1800128E+03  0.30287E-02    2     1347    -4    -5     T
      601  0.1800167E+03  0.39374E-02    2     1349    -4    -5     T
      602  0.1800218E+03  0.51186E-02    2     1351    -4    -5     T
      603  0.1800285E+03  0.66542E-02    2     1353    -4    -5     T
      604  0.1800372E+03  0.86504E-02    2     1355    -4    -5     T
      605  0.1800484E+03  0.11246E-01    2     1357    -4    -5     T
      606  0.1800630E+03  0.14619E-01    2     1359    -4    -5     T
      607  0.1800820E+03  0.19005E-01    2     1361    -4    -5     T
      608  0.1801067E+03  0.24706E-01    2     1363    -4    -5     T
      609  0.1801388E+03  0.32118E-01    2     1365    -4    -5     T
      610  0.1801806E+03  0.41754E-01    2     1367    -4    -5     T
      611  0.1802349E+03  0.54280E-01    2     1369    -4    -5     T
      612  0.1803054E+03  0.70564E-01    2     1371    -4    -5     T
      613  0.1803972E+03  0.91733E-01    2     1373    -4    -5     T
      614  0.1805164E+03  0.11925E+00    2     1375    -4    -5     T
      615  0.1806715E+03  0.15503E+00    2     1377    -4    -5     T
      616  0.1808730E+03  0.20154E+00    2     1379    -4    -5     T
      617  0.1811350E+03  0.26200E+00    2     1381    -4    -5     T
      618  0.1814756E+03  0.34060E+00    2     1383    -4    -5     T
      619  0.1819184E+03  0.44278E+00    2     1385    -4    -5     T
      620  0.1824940E+03  0.57561E+00    2     1387    -4    -5     T
      621  0.1832446E+03  0.75060E+00    2     1389    -4    -5     T
      622  0.1842096E+03  0.96506E+00    2     1391    -4    -5     T
      623  0.1853677E+03  0.11581E+01    2     1393    -4    -5     T
      624  0.1869118E+03  0.15441E+01    2     1395    -4    -5     T
      625  0.1900000E+03  0.30882E+01    2     1397    -4    -5     T
      626  0.1925000E+03  0.25000E+01    2     1399    -4    -5     T
      627  0.1962500E+03  0.37500E+01    2     1401    -4    -5     T
      628  0.2000000E+03  0.37500E+01    2     1403    -4    -5     T
      629  0.2050000E+03  0.50000E+01    2     1405    -4    -5     T
      630  0.2100000E+03  0.50000E+01    2     1407    -4    -5     T
      631  0.2150000E+03  0.50000E+01    2     1409    -4    -5     T
      632  0.2200000E+03  0.50000E+01    2     1411    -4    -5     T
      633  0.2300000E+03  0.10000E+02    2     1413    -4    -5     T
      634  0.2400000E+03  0.10000E+02    2     1415    -4    -5     T
      635  0.2500000E+03  0.10000E+02    2     1417    -4    -5     T
      636  0.2600000E+03  0.10000E+02    2     1419    -4    -5     T
      637  0.2700000E+03  0.10000E+02    2     1421    -4    -5     T
      638  0.2800000E+03  0.10000E+02    2     1423    -4    -5     T
      639  0.2800001E+03  0.10000E-03    2     1425    -4    -5     T
      640  0.2800002E+03  0.13000E-03    2     1427    -4    -5     T
      641  0.2800004E+03  0.16900E-03    2     1429    -4    -5     T
      642  0.2800006E+03  0.21970E-03    2     1431    -4    -5     T
      643  0.2800009E+03  0.28561E-03    2     1433    -4    -5     T
      644  0.2800013E+03  0.37129E-03    2     1435    -4    -5     T
      645  0.2800018E+03  0.48268E-03    2     1437    -4    -5     T
      646  0.2800024E+03  0.62748E-03    2     1439    -4    -5     T
      647  0.2800032E+03  0.81573E-03    2     1441    -4    -5     T
      648  0.2800043E+03  0.10604E-02    2     1443    -4    -5     T
      649  0.2800056E+03  0.13786E-02    2     1445    -4    -5     T
      650  0.2800074E+03  0.17922E-02    2     1447    -4    -5     T
      651  0.2800098E+03  0.23298E-02    2     1449    -4    -5     T
      652  0.2800128E+03  0.30287E-02    2     1451    -4    -5     T
      653  0.2800167E+03  0.39374E-02    2     1453    -4    -5     T
      654  0.2800218E+03  0.51186E-02    2     1455    -4    -5     T
      655  0.2800285E+03  0.66542E-02    2     1457    -4    -5     T
      656  0.2800372E+03  0.86504E-02    2     1459    -4    -5     T
      657  0.2800484E+03  0.11246E-01    2     1461    -4    -5     T
      658  0.2800630E+03  0.14619E-01    2     1463    -4    -5     T
      659  0.2800820E+03  0.19005E-01    2     1465    -4    -5     T
      660  0.2801067E+03  0.24706E-01    2     1467    -4    -5     T
      661  0.2801388E+03  0.32118E-01    2     1469    -4    -5     T
      662  0.2801806E+03  0.41754E-01    2     1471    -4    -5     T
      663  0.2802349E+03  0.54280E-01    2     1473    -4    -5     T
      664  0.2803054E+03  0.70564E-01    2     1475    -4    -5     T
      665  0.2803972E+03  0.91733E-01    2     1477    -4    -5     T
      666  0.2805164E+03  0.11925E+00    2     1479    -4    -5     T
      667  0.2806715E+03  0.15503E+00    2     1481    -4    -5     T
      668  0.2808730E+03  0.20154E+00    2     1483    -4    -5     T
      669  0.2811350E+03  0.26200E+00    2     1485    -4    -5     T
      670  0.2814756E+03  0.34060E+00    2     1487    -4    -5     T
      671  0.2819184E+03  0.44278E+00    2     1489    -4    -5     T
      672  0.2824940E+03  0.57561E+00    2     1491    -4    -5     T
      673  0.2832446E+03  0.75060E+00    2     1493    -4    -5     T
      674  0.2842096E+03  0.96506E+00    2     1495    -4    -5     T
      675  0.2853677E+03  0.11581E+01    2     1497    -4    -5     T
      676  0.2869118E+03  0.15441E+01    2     1499    -4    -5     T
      677  0.2900000E+03  0.30882E+01    2     1501    -4    -5     T
      678  0.2925000E+03  0.25000E+01    2     1503    -4    -5     T
      679  0.2962500E+03  0.37500E+01    2     1505    -4    -5     T
      680  0.3000000E+03  0.37500E+01    2     1507    -4    -5     T
      681  0.3000001E+03  0.10000E-03    2     1509    -4    -5     T
      682  0.3000002E+03  0.13000E-03    2     1511    -4    -5     T
      683  0.3000004E+03  0.16900E-03    2     1513    -4    -5     T
      684  0.3000006E+03  0.21970E-03    2     1515    -4    -5     T
      685  0.3000009E+03  0.28561E-03    2     1517    -4    -5     T
      686  0.3000013E+03  0.37129E-03    2     1519    -4    -5     T
      687  0.3000018E+03  0.48268E-03    2     1521    -4    -5     T
      688  0.3000024E+03  0.62748E-03    2     1523    -4    -5     T
      689  0.3000032E+03  0.81573E-03    2     1525    -4    -5     T
      690  0.3000043E+03  0.10604E-02    2     1527    -4    -5     T
      691  0.3000056E+03  0.13786E-02    2     1529    -4    -5     T
      692  0.3000074E+03  0.17922E-02    2     1531    -4    -5     T
      693  0.3000098E+03  0.23298E-02    2     1533    -4    -5     T
      694  0.3000128E+03  0.30287E-02    2     1535    -4    -5     T
      695  0.3000167E+03  0.39374E-02    2     1537    -4    -5     T
      696  0.3000218E+03  0.51186E-02    2     1539    -4    -5     T
      697  0.3000285E+03  0.66542E-02    2     1541    -4    -5     T
      698  0.3000372E+03  0.86504E-02    2     1543    -4    -5     T
      699  0.3000484E+03  0.11246E-01    2     1545    -4    -5     T
      700  0.3000630E+03  0.14619E-01    2     1547    -4    -5     T
      701  0.3000820E+03  0.19005E-01    2     1549    -4    -5     T
      702  0.3001067E+03  0.24706E-01    2     1551    -4    -5     T
      703  0.3001388E+03  0.32118E-01    2     1553    -4    -5     T
      704  0.3001806E+03  0.41754E-01    2     1555    -4    -5     T
      705  0.3002349E+03  0.54280E-01    2     1557    -4    -5     T
      706  0.3003054E+03  0.70564E-01    2     1559    -4    -5     T
      707  0.3003972E+03  0.91733E-01    2     1561    -4    -5     T
      708  0.3005164E+03  0.11925E+00    2     1563    -4    -5     T
      709  0.3006715E+03  0.15503E+00    2     1565    -4    -5     T
      710  0.3008730E+03  0.20154E+00    2     1567    -4    -5     T
      711  0.3011350E+03  0.26200E+00    2     1569    -4    -5     T
      712  0.3014756E+03  0.34060E+00    2     1571    -4    -5     T
      713  0.3019184E+03  0.44278E+00    2     1573    -4    -5     T
      714  0.3024940E+03  0.57561E+00    2     1575    -4    -5     T
      715  0.3032446E+03  0.75060E+00    2     1577    -4    -5     T
      716  0.3042096E+03  0.96506E+00    2     1579    -4    -5     T
      717  0.3053677E+03  0.11581E+01    2     1581    -4    -5     T
      718  0.3069118E+03  0.15441E+01    2     1583    -4    -5     T
      719  0.3100000E+03  0.30882E+01    2     1585    -4    -5     T
      720  0.3125000E+03  0.25000E+01    2     1587    -4    -5     T
      721  0.3162500E+03  0.37500E+01    2     1589    -4    -5     T
      722  0.3200000E+03  0.37500E+01    2     1591    -4    -5     T
end
