 ******* Program HYDRUS
 ******* 
 Welcome to HYDRUS-1D                                                    
 Date:  25. 9.    Time:  14:35:17
 Units: L = mm   , T = min  , M = mmol 

----------------------------------------------------------
 Time       [T]       10.0000
----------------------------------------------------------
 Sub-region num.                     1            2
----------------------------------------------------------
 Length   [L]        0.10000E+04  0.10000E+04  0.00000E+00
 W-volume [L]        0.47449E+03  0.47449E+03  0.00000E+00
 In-flow  [L/T]      0.00000E+00  0.00000E+00  0.00000E+00
 h Mean   [L]       -0.20097E+04 -0.20097E+04  0.00000E+00
 Top Flux [L/T]     -0.40391E-04
 Bot Flux [L/T]      0.30550E-03
----------------------------------------------------------

----------------------------------------------------------
 Time       [T]       10.0010
----------------------------------------------------------
 Sub-region num.                     1            2
----------------------------------------------------------
 Length   [L]        0.10000E+04  0.10000E+04  0.00000E+00
 W-volume [L]        0.47449E+03  0.47449E+03  0.00000E+00
 In-flow  [L/T]      0.57220E-02  0.57220E-02  0.00000E+00
 h Mean   [L]       -0.20097E+04 -0.20097E+04  0.00000E+00
 Top Flux [L/T]     -0.42147E-04
 Bot Flux [L/T]      0.30463E-03
 WatBalT  [L]        0.12141E-04
 WatBalR  [%]             11.266
----------------------------------------------------------

----------------------------------------------------------
 Time       [T]       20.0000
----------------------------------------------------------
 Sub-region num.                     1            2
----------------------------------------------------------
 Length   [L]        0.10000E+04  0.10000E+04  0.00000E+00
 W-volume [L]        0.47628E+03  0.47628E+03  0.00000E+00
 In-flow  [L/T]      0.17849E+00  0.17849E+00  0.00000E+00
 h Mean   [L]       -0.19084E+04 -0.19084E+04  0.00000E+00
 Top Flux [L/T]     -0.15696E+00
 Bot Flux [L/T]     -0.11550E-02
 WatBalT  [L]       -0.59247E-04
 WatBalR  [%]              0.002
----------------------------------------------------------

----------------------------------------------------------
 Time       [T]       30.0000
----------------------------------------------------------
 Sub-region num.                     1            2
----------------------------------------------------------
 Length   [L]        0.10000E+04  0.10000E+04  0.00000E+00
 W-volume [L]        0.47766E+03  0.47766E+03  0.00000E+00
 In-flow  [L/T]      0.13852E+00  0.13852E+00  0.00000E+00
 h Mean   [L]       -0.18442E+04 -0.18442E+04  0.00000E+00
 Top Flux [L/T]     -0.13099E+00
 Bot Flux [L/T]     -0.12418E-02
 WatBalT  [L]       -0.56505E-04
 WatBalR  [%]              0.001
----------------------------------------------------------

----------------------------------------------------------
 Time       [T]       40.0000
----------------------------------------------------------
 Sub-region num.                     1            2
----------------------------------------------------------
 Length   [L]        0.10000E+04  0.10000E+04  0.00000E+00
 W-volume [L]        0.47775E+03  0.47775E+03  0.00000E+00
 In-flow  [L/T]      0.85387E-02  0.85387E-02  0.00000E+00
 h Mean   [L]       -0.18213E+04 -0.18213E+04  0.00000E+00
 Top Flux [L/T]     -0.18251E-01
 Bot Flux [L/T]     -0.12697E-02
 WatBalT  [L]       -0.91076E-04
 WatBalR  [%]              0.002
----------------------------------------------------------

----------------------------------------------------------
 Time       [T]       50.0000
----------------------------------------------------------
 Sub-region num.                     1            2
----------------------------------------------------------
 Length   [L]        0.10000E+04  0.10000E+04  0.00000E+00
 W-volume [L]        0.47774E+03  0.47774E+03  0.00000E+00
 In-flow  [L/T]     -0.14477E-02 -0.14477E-02  0.00000E+00
 h Mean   [L]       -0.18107E+04 -0.18107E+04  0.00000E+00
 Top Flux [L/T]     -0.57185E-02
 Bot Flux [L/T]     -0.12809E-02
 WatBalT  [L]        0.11659E-03
 WatBalR  [%]              0.002
----------------------------------------------------------
 
 Calculation time [sec]  8.000000007450581E-002
