 ******* Program HYDRUS
 ******* 
 Welcome to HYDRUS-1D                                                    
 Date:  25. 9.    Time:  14:35:17
 Units: L = mm   , T = min  , M = mmol 


 Time:       10.0000


 Node      Depth      Head Moisture       K          C         Flux        Sink         Kappa   v/KsTop   Temp
           [L]        [L]    [-]        [L/T]      [1/L]      [L/T]        [1/T]         [-]      [-]      [C]

   1     0.0000   -6217.434 0.4157   0.4039E-04  0.1052E-04 -0.4039E-04  0.0000E+00      -1  -0.621E-05   20.00
   2   -10.0000   -6217.434 0.4157   0.4039E-04  0.1052E-04 -0.4039E-04  0.0000E+00      -1  -0.621E-05   20.00
   3   -20.0000   -6217.434 0.4157   0.4039E-04  0.1052E-04 -0.4039E-04  0.0000E+00      -1  -0.621E-05   20.00
   4   -30.0000   -6217.434 0.4157   0.4039E-04  0.1052E-04 -0.4039E-04  0.0000E+00      -1  -0.621E-05   20.00
   5   -40.0000   -6217.434 0.4157   0.4039E-04  0.1052E-04 -0.4039E-04  0.0000E+00      -1  -0.621E-05   20.00
   6   -50.0000   -6217.434 0.4157   0.4039E-04  0.1052E-04  0.1259E-01  0.0000E+00      -1   0.194E-02   20.00
   7   -60.0000   -3511.552 0.4162   0.1467E-03  0.2106E-04  0.1254E-01  0.0000E+00      -1   0.193E-02   20.00
   8   -70.0000   -3511.552 0.4162   0.1467E-03  0.2106E-04 -0.1467E-03  0.0000E+00      -1  -0.226E-04   20.00
   9   -80.0000   -3511.552 0.4162   0.1467E-03  0.2106E-04 -0.1467E-03  0.0000E+00      -1  -0.226E-04   20.00
  10   -90.0000   -3511.552 0.4162   0.1467E-03  0.2106E-04 -0.1467E-03  0.0000E+00      -1  -0.226E-04   20.00
  11  -100.0000   -3511.552 0.4162   0.1467E-03  0.2106E-04 -0.1467E-03  0.0000E+00      -1  -0.226E-04   20.00
  12  -110.0000   -3511.552 0.4162   0.1467E-03  0.2106E-04 -0.1467E-03  0.0000E+00      -1  -0.226E-04   20.00
  13  -120.0000   -3511.552 0.4162   0.1467E-03  0.2106E-04 -0.1467E-03  0.0000E+00      -1  -0.226E-04   20.00
  14  -130.0000   -3511.552 0.4162   0.1467E-03  0.2106E-04 -0.1467E-03  0.0000E+00      -1  -0.226E-04   20.00
  15  -140.0000   -3511.552 0.4162   0.1467E-03  0.2106E-04 -0.1467E-03  0.0000E+00      -1  -0.226E-04   20.00
  16  -150.0000   -3511.552 0.4162   0.1467E-03  0.2106E-04 -0.1467E-03  0.0000E+00      -1  -0.226E-04   20.00
  17  -160.0000   -3511.552 0.4162   0.1467E-03  0.2106E-04 -0.1467E-03  0.0000E+00      -1  -0.226E-04   20.00
  18  -170.0000   -3511.552 0.4162   0.1467E-03  0.2106E-04 -0.1467E-03  0.0000E+00      -1  -0.226E-04   20.00
  19  -180.0000   -3511.552 0.4162   0.1467E-03  0.2106E-04 -0.1467E-03  0.0000E+00      -1  -0.226E-04   20.00
  20  -190.0000   -3511.552 0.4162   0.1467E-03  0.2106E-04 -0.1467E-03  0.0000E+00      -1  -0.226E-04   20.00
  21  -200.0000   -3511.552 0.4162   0.1467E-03  0.2106E-04  0.2038E-02  0.0000E+00      -1   0.313E-03   20.00
  22  -210.0000   -3240.548 0.4219   0.1768E-03  0.2305E-04  0.4415E-02  0.0000E+00      -1   0.679E-03   20.00
  23  -220.0000   -2993.865 0.4276   0.2125E-03  0.2514E-04  0.4891E-02  0.0000E+00      -1   0.752E-03   20.00
  24  -230.0000   -2768.894 0.4338   0.2689E-03  0.2783E-04  0.5468E-02  0.0000E+00      -1   0.841E-03   20.00
  25  -240.0000   -2563.345 0.4396   0.3204E-03  0.3028E-04  0.6007E-02  0.0000E+00      -1   0.924E-03   20.00
  26  -250.0000   -2375.206 0.4452   0.3815E-03  0.3285E-04  0.6618E-02  0.0000E+00      -1   0.102E-02   20.00
  27  -260.0000   -2202.706 0.4515   0.4782E-03  0.3616E-04  0.7371E-02  0.0000E+00      -1   0.113E-02   20.00
  28  -270.0000   -2044.279 0.4573   0.5670E-03  0.3920E-04  0.8048E-02  0.0000E+00      -1   0.124E-02   20.00
  29  -280.0000   -1898.539 0.4628   0.6618E-03  0.4220E-04  0.8799E-02  0.0000E+00      -1   0.135E-02   20.00
  30  -290.0000   -1764.258 0.4691   0.8281E-03  0.4627E-04  0.9783E-02  0.0000E+00      -1   0.151E-02   20.00
  31  -300.0000   -1640.341 0.4750   0.9816E-03  0.5002E-04  0.1065E-01  0.0000E+00      -1   0.164E-02   20.00
  32  -310.0000   -1525.817 0.4804   0.1123E-02  0.5348E-04  0.1156E-01  0.0000E+00      -1   0.178E-02   20.00
  33  -320.0000   -1419.816 0.4867   0.1400E-02  0.5835E-04  0.1282E-01  0.0000E+00      -1   0.197E-02   20.00
  34  -330.0000   -1321.562 0.4927   0.1665E-02  0.6295E-04  0.1402E-01  0.0000E+00      -1   0.216E-02   20.00
  35  -340.0000   -1230.359 0.4982   0.1910E-02  0.6721E-04  0.1516E-01  0.0000E+00      -1   0.233E-02   20.00
  36  -350.0000   -1145.582 0.5043   0.2317E-02  0.7258E-04  0.1667E-01  0.0000E+00      -1   0.256E-02   20.00
  37  -360.0000   -1066.671 0.5103   0.2770E-02  0.7815E-04  0.1823E-01  0.0000E+00      -1   0.281E-02   20.00
  38  -370.0000    -993.118 0.5159   0.3191E-02  0.8334E-04  0.1968E-01  0.0000E+00      -1   0.303E-02   20.00
  39  -380.0000    -924.469 0.5218   0.3771E-02  0.8916E-04  0.2145E-01  0.0000E+00      -1   0.330E-02   20.00
  40  -390.0000    -860.310 0.5279   0.4535E-02  0.9577E-04  0.2349E-01  0.0000E+00      -1   0.361E-02   20.00
  41  -400.0000    -800.267 0.5337   0.5250E-02  0.1020E-03  0.5162E-02  0.0000E+00      -1   0.794E-03   20.00
  42  -410.0000    -817.782 0.5320   0.5041E-02  0.1001E-03 -0.1395E-01  0.0000E+00      -1  -0.215E-02   20.00
  43  -420.0000    -835.643 0.5303   0.4828E-02  0.9831E-04 -0.1354E-01  0.0000E+00      -1  -0.208E-02   20.00
  44  -430.0000    -853.869 0.5285   0.4611E-02  0.9643E-04 -0.1309E-01  0.0000E+00      -1  -0.201E-02   20.00
  45  -440.0000    -872.448 0.5268   0.4390E-02  0.9452E-04 -0.1262E-01  0.0000E+00      -1  -0.194E-02   20.00
  46  -450.0000    -891.399 0.5249   0.4164E-02  0.9256E-04 -0.1213E-01  0.0000E+00      -1  -0.187E-02   20.00
  47  -460.0000    -910.734 0.5231   0.3934E-02  0.9057E-04 -0.1161E-01  0.0000E+00      -1  -0.179E-02   20.00
  48  -470.0000    -930.461 0.5212   0.3699E-02  0.8854E-04 -0.1107E-01  0.0000E+00      -1  -0.170E-02   20.00
  49  -480.0000    -950.592 0.5193   0.3459E-02  0.8647E-04 -0.1057E-01  0.0000E+00      -1  -0.163E-02   20.00
  50  -490.0000    -971.137 0.5176   0.3317E-02  0.8489E-04 -0.1022E-01  0.0000E+00      -1  -0.157E-02   20.00
  51  -500.0000    -992.117 0.5160   0.3197E-02  0.8341E-04 -0.9969E-02  0.0000E+00      -1  -0.153E-02   20.00
  52  -510.0000   -1013.523 0.5144   0.3074E-02  0.8190E-04 -0.9720E-02  0.0000E+00      -1  -0.150E-02   20.00
  53  -520.0000   -1035.376 0.5127   0.2949E-02  0.8036E-04 -0.9458E-02  0.0000E+00      -1  -0.146E-02   20.00
  54  -530.0000   -1057.689 0.5110   0.2821E-02  0.7878E-04 -0.9179E-02  0.0000E+00      -1  -0.141E-02   20.00
  55  -540.0000   -1080.475 0.5092   0.2691E-02  0.7718E-04 -0.8882E-02  0.0000E+00      -1  -0.137E-02   20.00
  56  -550.0000   -1103.746 0.5075   0.2557E-02  0.7553E-04 -0.8567E-02  0.0000E+00      -1  -0.132E-02   20.00
  57  -560.0000   -1127.514 0.5056   0.2421E-02  0.7386E-04 -0.8233E-02  0.0000E+00      -1  -0.127E-02   20.00
  58  -570.0000   -1151.795 0.5038   0.2282E-02  0.7214E-04 -0.7879E-02  0.0000E+00      -1  -0.121E-02   20.00
  59  -580.0000   -1176.616 0.5019   0.2139E-02  0.7039E-04 -0.7502E-02  0.0000E+00      -1  -0.115E-02   20.00
  60  -590.0000   -1201.964 0.4999   0.1994E-02  0.6860E-04 -0.7163E-02  0.0000E+00      -1  -0.110E-02   20.00
  61  -600.0000   -1227.868 0.4983   0.1917E-02  0.6733E-04 -0.6941E-02  0.0000E+00      -1  -0.107E-02   20.00
  62  -610.0000   -1254.342 0.4967   0.1845E-02  0.6609E-04 -0.6783E-02  0.0000E+00      -1  -0.104E-02   20.00
  63  -620.0000   -1281.403 0.4951   0.1773E-02  0.6482E-04 -0.6621E-02  0.0000E+00      -1  -0.102E-02   20.00
  64  -630.0000   -1309.067 0.4934   0.1698E-02  0.6353E-04 -0.6446E-02  0.0000E+00      -1  -0.992E-03   20.00
  65  -640.0000   -1337.352 0.4917   0.1622E-02  0.6221E-04 -0.6260E-02  0.0000E+00      -1  -0.963E-03   20.00
  66  -650.0000   -1366.291 0.4899   0.1544E-02  0.6085E-04 -0.6059E-02  0.0000E+00      -1  -0.932E-03   20.00
  67  -660.0000   -1395.870 0.4882   0.1465E-02  0.5947E-04 -0.5843E-02  0.0000E+00      -1  -0.899E-03   20.00
  68  -670.0000   -1426.122 0.4863   0.1383E-02  0.5805E-04 -0.5612E-02  0.0000E+00      -1  -0.863E-03   20.00
  69  -680.0000   -1457.070 0.4845   0.1300E-02  0.5660E-04 -0.5366E-02  0.0000E+00      -1  -0.825E-03   20.00
  70  -690.0000   -1488.732 0.4825   0.1215E-02  0.5512E-04 -0.5103E-02  0.0000E+00      -1  -0.785E-03   20.00
  71  -700.0000   -1521.128 0.4806   0.1129E-02  0.5362E-04 -0.4876E-02  0.0000E+00      -1  -0.750E-03   20.00
  72  -710.0000   -1554.280 0.4790   0.1088E-02  0.5262E-04 -0.4737E-02  0.0000E+00      -1  -0.729E-03   20.00
  73  -720.0000   -1588.230 0.4774   0.1046E-02  0.5159E-04 -0.4637E-02  0.0000E+00      -1  -0.713E-03   20.00
  74  -730.0000   -1622.961 0.4758   0.1003E-02  0.5054E-04 -0.4526E-02  0.0000E+00      -1  -0.696E-03   20.00
  75  -740.0000   -1658.518 0.4741   0.9591E-03  0.4947E-04 -0.4408E-02  0.0000E+00      -1  -0.678E-03   20.00
  76  -750.0000   -1694.922 0.4724   0.9140E-03  0.4837E-04 -0.1941E-02  0.0000E+00      -1  -0.299E-03   20.00
  77  -760.0000   -1679.900 0.4731   0.9326E-03  0.4882E-04  0.4615E-03  0.0000E+00      -1   0.710E-04   20.00
  78  -770.0000   -1665.023 0.4738   0.9510E-03  0.4927E-04  0.4570E-03  0.0000E+00      -1   0.703E-04   20.00
  79  -780.0000   -1650.287 0.4745   0.9693E-03  0.4972E-04  0.4520E-03  0.0000E+00      -1   0.695E-04   20.00
  80  -790.0000   -1635.695 0.4752   0.9873E-03  0.5016E-04  0.4465E-03  0.0000E+00      -1   0.687E-04   20.00
  81  -800.0000   -1621.242 0.4759   0.1005E-02  0.5060E-04  0.4406E-03  0.0000E+00      -1   0.678E-04   20.00
  82  -810.0000   -1606.928 0.4765   0.1023E-02  0.5103E-04  0.4343E-03  0.0000E+00      -1   0.668E-04   20.00
  83  -820.0000   -1592.750 0.4772   0.1041E-02  0.5146E-04  0.4277E-03  0.0000E+00      -1   0.658E-04   20.00
  84  -830.0000   -1578.706 0.4779   0.1058E-02  0.5188E-04  0.4206E-03  0.0000E+00      -1   0.647E-04   20.00
  85  -840.0000   -1564.797 0.4785   0.1075E-02  0.5230E-04  0.4132E-03  0.0000E+00      -1   0.636E-04   20.00
  86  -850.0000   -1551.019 0.4792   0.1092E-02  0.5272E-04  0.4054E-03  0.0000E+00      -1   0.624E-04   20.00
  87  -860.0000   -1537.372 0.4798   0.1109E-02  0.5313E-04  0.3973E-03  0.0000E+00      -1   0.611E-04   20.00
  88  -870.0000   -1523.853 0.4805   0.1126E-02  0.5354E-04  0.3901E-03  0.0000E+00      -1   0.600E-04   20.00
  89  -880.0000   -1510.462 0.4812   0.1156E-02  0.5410E-04  0.3852E-03  0.0000E+00      -1   0.593E-04   20.00
  90  -890.0000   -1497.197 0.4820   0.1192E-02  0.5472E-04  0.3817E-03  0.0000E+00      -1   0.587E-04   20.00
  91  -900.0000   -1484.055 0.4828   0.1227E-02  0.5534E-04  0.3778E-03  0.0000E+00      -1   0.581E-04   20.00
  92  -910.0000   -1471.037 0.4836   0.1262E-02  0.5595E-04  0.3732E-03  0.0000E+00      -1   0.574E-04   20.00
  93  -920.0000   -1458.140 0.4844   0.1297E-02  0.5655E-04  0.3678E-03  0.0000E+00      -1   0.566E-04   20.00
  94  -930.0000   -1445.363 0.4852   0.1331E-02  0.5715E-04  0.3617E-03  0.0000E+00      -1   0.557E-04   20.00
  95  -940.0000   -1432.704 0.4859   0.1365E-02  0.5774E-04  0.3549E-03  0.0000E+00      -1   0.546E-04   20.00
  96  -950.0000   -1420.163 0.4867   0.1399E-02  0.5833E-04  0.3473E-03  0.0000E+00      -1   0.534E-04   20.00
  97  -960.0000   -1407.737 0.4874   0.1433E-02  0.5891E-04  0.3391E-03  0.0000E+00      -1   0.522E-04   20.00
  98  -970.0000   -1395.427 0.4882   0.1466E-02  0.5949E-04  0.3302E-03  0.0000E+00      -1   0.508E-04   20.00
  99  -980.0000   -1383.230 0.4889   0.1499E-02  0.6006E-04  0.3209E-03  0.0000E+00      -1   0.494E-04   20.00
 100  -990.0000   -1371.143 0.4897   0.1531E-02  0.6062E-04  0.3108E-03  0.0000E+00      -1   0.478E-04   20.00
 101 -1000.0000   -1359.169 0.4904   0.1563E-02  0.6118E-04  0.3055E-03  0.0000E+00      -1   0.470E-04   20.00
end


 Time:       10.0010


 Node      Depth      Head Moisture       K          C         Flux        Sink         Kappa   v/KsTop   Temp
           [L]        [L]    [-]        [L/T]      [1/L]      [L/T]        [1/T]         [-]      [-]      [C]

   1     0.0000   -6217.000 0.4157   0.4040E-04  0.1052E-04 -0.2031E-01  0.0000E+00      -1  -0.312E-02   20.00
   2   -10.0000   -6217.434 0.4157   0.4039E-04  0.1052E-04 -0.4127E-04  0.0000E+00      -1  -0.635E-05   20.00
   3   -20.0000   -6217.434 0.4157   0.4039E-04  0.1052E-04 -0.4039E-04  0.0000E+00      -1  -0.621E-05   20.00
   4   -30.0000   -6217.434 0.4157   0.4039E-04  0.1052E-04 -0.4039E-04  0.0000E+00      -1  -0.621E-05   20.00
   5   -40.0000   -6217.434 0.4157   0.4039E-04  0.1052E-04 -0.3983E-04  0.0000E+00      -1  -0.613E-05   20.00
   6   -50.0000   -6217.158 0.4157   0.4039E-04  0.1052E-04  0.1259E-01  0.0000E+00      -1   0.194E-02   20.00
   7   -60.0000   -3511.669 0.4162   0.1467E-03  0.2106E-04  0.1254E-01  0.0000E+00      -1   0.193E-02   20.00
   8   -70.0000   -3511.552 0.4162   0.1467E-03  0.2106E-04 -0.1459E-03  0.0000E+00      -1  -0.224E-04   20.00
   9   -80.0000   -3511.552 0.4162   0.1467E-03  0.2106E-04 -0.1467E-03  0.0000E+00      -1  -0.226E-04   20.00
  10   -90.0000   -3511.552 0.4162   0.1467E-03  0.2106E-04 -0.1467E-03  0.0000E+00      -1  -0.226E-04   20.00
  11  -100.0000   -3511.552 0.4162   0.1467E-03  0.2106E-04 -0.1467E-03  0.0000E+00      -1  -0.226E-04   20.00
  12  -110.0000   -3511.552 0.4162   0.1467E-03  0.2106E-04 -0.1467E-03  0.0000E+00      -1  -0.226E-04   20.00
  13  -120.0000   -3511.552 0.4162   0.1467E-03  0.2106E-04 -0.1467E-03  0.0000E+00      -1  -0.226E-04   20.00
  14  -130.0000   -3511.552 0.4162   0.1467E-03  0.2106E-04 -0.1467E-03  0.0000E+00      -1  -0.226E-04   20.00
  15  -140.0000   -3511.552 0.4162   0.1467E-03  0.2106E-04 -0.1467E-03  0.0000E+00      -1  -0.226E-04   20.00
  16  -150.0000   -3511.552 0.4162   0.1467E-03  0.2106E-04 -0.1467E-03  0.0000E+00      -1  -0.226E-04   20.00
  17  -160.0000   -3511.552 0.4162   0.1467E-03  0.2106E-04 -0.1467E-03  0.0000E+00      -1  -0.226E-04   20.00
  18  -170.0000   -3511.552 0.4162   0.1467E-03  0.2106E-04 -0.1467E-03  0.0000E+00      -1  -0.226E-04   20.00
  19  -180.0000   -3511.552 0.4162   0.1467E-03  0.2106E-04 -0.1467E-03  0.0000E+00      -1  -0.226E-04   20.00
  20  -190.0000   -3511.552 0.4162   0.1467E-03  0.2106E-04 -0.1466E-03  0.0000E+00      -1  -0.225E-04   20.00
  21  -200.0000   -3511.528 0.4162   0.1467E-03  0.2106E-04  0.2038E-02  0.0000E+00      -1   0.313E-03   20.00
  22  -210.0000   -3240.547 0.4219   0.1768E-03  0.2305E-04  0.4414E-02  0.0000E+00      -1   0.679E-03   20.00
  23  -220.0000   -2993.865 0.4276   0.2125E-03  0.2514E-04  0.4891E-02  0.0000E+00      -1   0.752E-03   20.00
  24  -230.0000   -2768.893 0.4338   0.2689E-03  0.2783E-04  0.5468E-02  0.0000E+00      -1   0.841E-03   20.00
  25  -240.0000   -2563.344 0.4396   0.3204E-03  0.3028E-04  0.6007E-02  0.0000E+00      -1   0.924E-03   20.00
  26  -250.0000   -2375.204 0.4452   0.3815E-03  0.3285E-04  0.6618E-02  0.0000E+00      -1   0.102E-02   20.00
  27  -260.0000   -2202.704 0.4515   0.4782E-03  0.3616E-04  0.7371E-02  0.0000E+00      -1   0.113E-02   20.00
  28  -270.0000   -2044.279 0.4573   0.5670E-03  0.3920E-04  0.8048E-02  0.0000E+00      -1   0.124E-02   20.00
  29  -280.0000   -1898.538 0.4628   0.6618E-03  0.4220E-04  0.8800E-02  0.0000E+00      -1   0.135E-02   20.00
  30  -290.0000   -1764.256 0.4691   0.8281E-03  0.4627E-04  0.9783E-02  0.0000E+00      -1   0.151E-02   20.00
  31  -300.0000   -1640.340 0.4750   0.9816E-03  0.5002E-04  0.1065E-01  0.0000E+00      -1   0.164E-02   20.00
  32  -310.0000   -1525.815 0.4804   0.1123E-02  0.5348E-04  0.1156E-01  0.0000E+00      -1   0.178E-02   20.00
  33  -320.0000   -1419.813 0.4867   0.1400E-02  0.5835E-04  0.1282E-01  0.0000E+00      -1   0.197E-02   20.00
  34  -330.0000   -1321.560 0.4927   0.1665E-02  0.6295E-04  0.1402E-01  0.0000E+00      -1   0.216E-02   20.00
  35  -340.0000   -1230.356 0.4982   0.1910E-02  0.6721E-04  0.1516E-01  0.0000E+00      -1   0.233E-02   20.00
  36  -350.0000   -1145.581 0.5043   0.2317E-02  0.7258E-04  0.1667E-01  0.0000E+00      -1   0.256E-02   20.00
  37  -360.0000   -1066.669 0.5103   0.2770E-02  0.7815E-04  0.1823E-01  0.0000E+00      -1   0.281E-02   20.00
  38  -370.0000    -993.117 0.5159   0.3191E-02  0.8334E-04  0.1968E-01  0.0000E+00      -1   0.303E-02   20.00
  39  -380.0000    -924.467 0.5218   0.3771E-02  0.8916E-04  0.2145E-01  0.0000E+00      -1   0.330E-02   20.00
  40  -390.0000    -860.308 0.5279   0.4535E-02  0.9577E-04  0.2347E-01  0.0000E+00      -1   0.361E-02   20.00
  41  -400.0000    -800.307 0.5337   0.5249E-02  0.1019E-03  0.5162E-02  0.0000E+00      -1   0.794E-03   20.00
  42  -410.0000    -817.782 0.5320   0.5041E-02  0.1001E-03 -0.1394E-01  0.0000E+00      -1  -0.214E-02   20.00
  43  -420.0000    -835.643 0.5303   0.4828E-02  0.9831E-04 -0.1354E-01  0.0000E+00      -1  -0.208E-02   20.00
  44  -430.0000    -853.869 0.5285   0.4611E-02  0.9643E-04 -0.1309E-01  0.0000E+00      -1  -0.201E-02   20.00
  45  -440.0000    -872.448 0.5268   0.4390E-02  0.9452E-04 -0.1262E-01  0.0000E+00      -1  -0.194E-02   20.00
  46  -450.0000    -891.399 0.5249   0.4164E-02  0.9257E-04 -0.1213E-01  0.0000E+00      -1  -0.187E-02   20.00
  47  -460.0000    -910.734 0.5231   0.3934E-02  0.9057E-04 -0.1161E-01  0.0000E+00      -1  -0.179E-02   20.00
  48  -470.0000    -930.461 0.5212   0.3699E-02  0.8854E-04 -0.1107E-01  0.0000E+00      -1  -0.170E-02   20.00
  49  -480.0000    -950.592 0.5193   0.3459E-02  0.8647E-04 -0.1057E-01  0.0000E+00      -1  -0.163E-02   20.00
  50  -490.0000    -971.136 0.5176   0.3317E-02  0.8489E-04 -0.1022E-01  0.0000E+00      -1  -0.157E-02   20.00
  51  -500.0000    -992.118 0.5160   0.3197E-02  0.8341E-04 -0.9969E-02  0.0000E+00      -1  -0.153E-02   20.00
  52  -510.0000   -1013.523 0.5144   0.3074E-02  0.8190E-04 -0.9720E-02  0.0000E+00      -1  -0.150E-02   20.00
  53  -520.0000   -1035.375 0.5127   0.2949E-02  0.8036E-04 -0.9458E-02  0.0000E+00      -1  -0.146E-02   20.00
  54  -530.0000   -1057.689 0.5110   0.2821E-02  0.7878E-04 -0.9179E-02  0.0000E+00      -1  -0.141E-02   20.00
  55  -540.0000   -1080.474 0.5092   0.2691E-02  0.7718E-04 -0.8882E-02  0.0000E+00      -1  -0.137E-02   20.00
  56  -550.0000   -1103.746 0.5075   0.2557E-02  0.7553E-04 -0.8568E-02  0.0000E+00      -1  -0.132E-02   20.00
  57  -560.0000   -1127.514 0.5056   0.2421E-02  0.7386E-04 -0.8233E-02  0.0000E+00      -1  -0.127E-02   20.00
  58  -570.0000   -1151.795 0.5038   0.2282E-02  0.7214E-04 -0.7879E-02  0.0000E+00      -1  -0.121E-02   20.00
  59  -580.0000   -1176.616 0.5019   0.2139E-02  0.7039E-04 -0.7502E-02  0.0000E+00      -1  -0.115E-02   20.00
  60  -590.0000   -1201.964 0.4999   0.1994E-02  0.6860E-04 -0.7163E-02  0.0000E+00      -1  -0.110E-02   20.00
  61  -600.0000   -1227.868 0.4983   0.1917E-02  0.6733E-04 -0.6941E-02  0.0000E+00      -1  -0.107E-02   20.00
  62  -610.0000   -1254.342 0.4967   0.1845E-02  0.6609E-04 -0.6783E-02  0.0000E+00      -1  -0.104E-02   20.00
  63  -620.0000   -1281.402 0.4951   0.1773E-02  0.6482E-04 -0.6621E-02  0.0000E+00      -1  -0.102E-02   20.00
  64  -630.0000   -1309.067 0.4934   0.1698E-02  0.6353E-04 -0.6446E-02  0.0000E+00      -1  -0.992E-03   20.00
  65  -640.0000   -1337.351 0.4917   0.1622E-02  0.6221E-04 -0.6260E-02  0.0000E+00      -1  -0.963E-03   20.00
  66  -650.0000   -1366.290 0.4899   0.1544E-02  0.6085E-04 -0.6059E-02  0.0000E+00      -1  -0.932E-03   20.00
  67  -660.0000   -1395.869 0.4882   0.1465E-02  0.5947E-04 -0.5843E-02  0.0000E+00      -1  -0.899E-03   20.00
  68  -670.0000   -1426.122 0.4863   0.1383E-02  0.5805E-04 -0.5612E-02  0.0000E+00      -1  -0.863E-03   20.00
  69  -680.0000   -1457.070 0.4845   0.1300E-02  0.5660E-04 -0.5366E-02  0.0000E+00      -1  -0.825E-03   20.00
  70  -690.0000   -1488.732 0.4825   0.1215E-02  0.5512E-04 -0.5103E-02  0.0000E+00      -1  -0.785E-03   20.00
  71  -700.0000   -1521.128 0.4806   0.1129E-02  0.5362E-04 -0.4876E-02  0.0000E+00      -1  -0.750E-03   20.00
  72  -710.0000   -1554.280 0.4790   0.1088E-02  0.5262E-04 -0.4737E-02  0.0000E+00      -1  -0.729E-03   20.00
  73  -720.0000   -1588.230 0.4774   0.1046E-02  0.5159E-04 -0.4637E-02  0.0000E+00      -1  -0.713E-03   20.00
  74  -730.0000   -1622.961 0.4758   0.1003E-02  0.5054E-04 -0.4526E-02  0.0000E+00      -1  -0.696E-03   20.00
  75  -740.0000   -1658.517 0.4741   0.9591E-03  0.4947E-04 -0.4407E-02  0.0000E+00      -1  -0.678E-03   20.00
  76  -750.0000   -1694.911 0.4724   0.9140E-03  0.4837E-04 -0.1941E-02  0.0000E+00      -1  -0.299E-03   20.00
  77  -760.0000   -1679.900 0.4731   0.9326E-03  0.4882E-04  0.4610E-03  0.0000E+00      -1   0.709E-04   20.00
  78  -770.0000   -1665.023 0.4738   0.9510E-03  0.4927E-04  0.4570E-03  0.0000E+00      -1   0.703E-04   20.00
  79  -780.0000   -1650.287 0.4745   0.9693E-03  0.4972E-04  0.4520E-03  0.0000E+00      -1   0.695E-04   20.00
  80  -790.0000   -1635.695 0.4752   0.9873E-03  0.5016E-04  0.4465E-03  0.0000E+00      -1   0.687E-04   20.00
  81  -800.0000   -1621.242 0.4759   0.1005E-02  0.5060E-04  0.4406E-03  0.0000E+00      -1   0.678E-04   20.00
  82  -810.0000   -1606.928 0.4765   0.1023E-02  0.5103E-04  0.4343E-03  0.0000E+00      -1   0.668E-04   20.00
  83  -820.0000   -1592.750 0.4772   0.1041E-02  0.5146E-04  0.4277E-03  0.0000E+00      -1   0.658E-04   20.00
  84  -830.0000   -1578.706 0.4779   0.1058E-02  0.5188E-04  0.4206E-03  0.0000E+00      -1   0.647E-04   20.00
  85  -840.0000   -1564.797 0.4785   0.1075E-02  0.5230E-04  0.4132E-03  0.0000E+00      -1   0.636E-04   20.00
  86  -850.0000   -1551.019 0.4792   0.1092E-02  0.5272E-04  0.4054E-03  0.0000E+00      -1   0.624E-04   20.00
  87  -860.0000   -1537.372 0.4798   0.1109E-02  0.5313E-04  0.3973E-03  0.0000E+00      -1   0.611E-04   20.00
  88  -870.0000   -1523.853 0.4805   0.1126E-02  0.5354E-04  0.3901E-03  0.0000E+00      -1   0.600E-04   20.00
  89  -880.0000   -1510.462 0.4812   0.1156E-02  0.5410E-04  0.3852E-03  0.0000E+00      -1   0.593E-04   20.00
  90  -890.0000   -1497.197 0.4820   0.1192E-02  0.5472E-04  0.3817E-03  0.0000E+00      -1   0.587E-04   20.00
  91  -900.0000   -1484.055 0.4828   0.1227E-02  0.5534E-04  0.3778E-03  0.0000E+00      -1   0.581E-04   20.00
  92  -910.0000   -1471.037 0.4836   0.1262E-02  0.5595E-04  0.3732E-03  0.0000E+00      -1   0.574E-04   20.00
  93  -920.0000   -1458.140 0.4844   0.1297E-02  0.5655E-04  0.3678E-03  0.0000E+00      -1   0.566E-04   20.00
  94  -930.0000   -1445.363 0.4852   0.1331E-02  0.5715E-04  0.3617E-03  0.0000E+00      -1   0.557E-04   20.00
  95  -940.0000   -1432.704 0.4859   0.1365E-02  0.5774E-04  0.3549E-03  0.0000E+00      -1   0.546E-04   20.00
  96  -950.0000   -1420.163 0.4867   0.1399E-02  0.5833E-04  0.3473E-03  0.0000E+00      -1   0.534E-04   20.00
  97  -960.0000   -1407.737 0.4874   0.1433E-02  0.5891E-04  0.3391E-03  0.0000E+00      -1   0.522E-04   20.00
  98  -970.0000   -1395.427 0.4882   0.1466E-02  0.5949E-04  0.3302E-03  0.0000E+00      -1   0.508E-04   20.00
  99  -980.0000   -1383.230 0.4889   0.1499E-02  0.6006E-04  0.3209E-03  0.0000E+00      -1   0.494E-04   20.00
 100  -990.0000   -1371.143 0.4897   0.1531E-02  0.6062E-04  0.3103E-03  0.0000E+00      -1   0.477E-04   20.00
 101 -1000.0000   -1359.175 0.4904   0.1563E-02  0.6118E-04  0.3046E-03  0.0000E+00      -1   0.469E-04   20.00
end


 Time:       20.0000


 Node      Depth      Head Moisture       K          C         Flux        Sink         Kappa   v/KsTop   Temp
           [L]        [L]    [-]        [L/T]      [1/L]      [L/T]        [1/T]         [-]      [-]      [C]

   1     0.0000   -1149.995 0.5442   0.2797E-02  0.7440E-04 -0.1800E+00  0.0000E+00      -1  -0.277E-01   20.00
   2   -10.0000   -2041.001 0.4972   0.6867E-03  0.3940E-04 -0.1192E+00  0.0000E+00      -1  -0.183E-01   20.00
   3   -20.0000   -4036.031 0.4454   0.1251E-03  0.1787E-04 -0.4855E-01  0.0000E+00      -1  -0.747E-02   20.00
   4   -30.0000   -5825.001 0.4203   0.4967E-04  0.1151E-04 -0.8236E-02  0.0000E+00      -1  -0.127E-02   20.00
   5   -40.0000   -5972.628 0.4185   0.4564E-04  0.1109E-04  0.1587E-02  0.0000E+00      -1   0.244E-03   20.00
   6   -50.0000   -5250.502 0.4273   0.6457E-04  0.1304E-04  0.6721E-02  0.0000E+00      -1   0.103E-02   20.00
   7   -60.0000   -4071.252 0.4054   0.9823E-04  0.1757E-04  0.7139E-02  0.0000E+00      -1   0.110E-02   20.00
   8   -70.0000   -3647.191 0.4133   0.1317E-03  0.2006E-04  0.3043E-02  0.0000E+00      -1   0.468E-03   20.00
   9   -80.0000   -3540.844 0.4155   0.1435E-03  0.2084E-04  0.7627E-03  0.0000E+00      -1   0.117E-03   20.00
  10   -90.0000   -3517.046 0.4160   0.1461E-03  0.2102E-04  0.6029E-04  0.0000E+00      -1   0.928E-05   20.00
  11  -100.0000   -3512.458 0.4161   0.1466E-03  0.2105E-04 -0.1073E-03  0.0000E+00      -1  -0.165E-04   20.00
  12  -110.0000   -3511.686 0.4162   0.1467E-03  0.2106E-04 -0.1402E-03  0.0000E+00      -1  -0.216E-04   20.00
  13  -120.0000   -3511.570 0.4162   0.1467E-03  0.2106E-04 -0.1458E-03  0.0000E+00      -1  -0.224E-04   20.00
  14  -130.0000   -3511.552 0.4162   0.1467E-03  0.2106E-04 -0.1466E-03  0.0000E+00      -1  -0.225E-04   20.00
  15  -140.0000   -3511.547 0.4162   0.1467E-03  0.2106E-04 -0.1465E-03  0.0000E+00      -1  -0.225E-04   20.00
  16  -150.0000   -3511.521 0.4162   0.1467E-03  0.2106E-04 -0.1452E-03  0.0000E+00      -1  -0.223E-04   20.00
  17  -160.0000   -3511.336 0.4162   0.1468E-03  0.2106E-04 -0.1370E-03  0.0000E+00      -1  -0.211E-04   20.00
  18  -170.0000   -3510.194 0.4162   0.1469E-03  0.2107E-04 -0.9342E-04  0.0000E+00      -1  -0.144E-04   20.00
  19  -180.0000   -3504.050 0.4163   0.1476E-03  0.2111E-04  0.1010E-03  0.0000E+00      -1   0.155E-04   20.00
  20  -190.0000   -3476.688 0.4169   0.1506E-03  0.2131E-04  0.7603E-03  0.0000E+00      -1   0.117E-03   20.00
  21  -200.0000   -3385.619 0.4188   0.1607E-03  0.2198E-04  0.2195E-02  0.0000E+00      -1   0.338E-03   20.00
  22  -210.0000   -3193.064 0.4229   0.1821E-03  0.2340E-04  0.3722E-02  0.0000E+00      -1   0.573E-03   20.00
  23  -220.0000   -2967.876 0.4283   0.2190E-03  0.2545E-04  0.4751E-02  0.0000E+00      -1   0.731E-03   20.00
  24  -230.0000   -2747.614 0.4344   0.2742E-03  0.2808E-04  0.5503E-02  0.0000E+00      -1   0.847E-03   20.00
  25  -240.0000   -2543.487 0.4401   0.3254E-03  0.3052E-04  0.6115E-02  0.0000E+00      -1   0.941E-03   20.00
  26  -250.0000   -2355.000 0.4459   0.3928E-03  0.3324E-04  0.6782E-02  0.0000E+00      -1   0.104E-02   20.00
  27  -260.0000   -2182.791 0.4522   0.4893E-03  0.3654E-04  0.7517E-02  0.0000E+00      -1   0.116E-02   20.00
  28  -270.0000   -2025.095 0.4580   0.5778E-03  0.3956E-04  0.8250E-02  0.0000E+00      -1   0.127E-02   20.00
  29  -280.0000   -1878.709 0.4637   0.6864E-03  0.4280E-04  0.9096E-02  0.0000E+00      -1   0.140E-02   20.00
  30  -290.0000   -1744.341 0.4701   0.8528E-03  0.4687E-04  0.1004E-01  0.0000E+00      -1   0.154E-02   20.00
  31  -300.0000   -1621.291 0.4759   0.1005E-02  0.5059E-04  0.1097E-01  0.0000E+00      -1   0.169E-02   20.00
  32  -310.0000   -1505.967 0.4815   0.1168E-02  0.5431E-04  0.1203E-01  0.0000E+00      -1   0.185E-02   20.00
  33  -320.0000   -1399.723 0.4879   0.1454E-02  0.5929E-04  0.1317E-01  0.0000E+00      -1   0.203E-02   20.00
  34  -330.0000   -1303.146 0.4938   0.1714E-02  0.6381E-04  0.1419E-01  0.0000E+00      -1   0.218E-02   20.00
  35  -340.0000   -1213.209 0.4992   0.1956E-02  0.6802E-04  0.1500E-01  0.0000E+00      -1   0.231E-02   20.00
  36  -350.0000   -1132.642 0.5052   0.2391E-02  0.7349E-04  0.1546E-01  0.0000E+00      -1   0.238E-02   20.00
  37  -360.0000   -1062.528 0.5106   0.2793E-02  0.7844E-04  0.1527E-01  0.0000E+00      -1   0.235E-02   20.00
  38  -370.0000   -1002.140 0.5153   0.3140E-02  0.8270E-04  0.1412E-01  0.0000E+00      -1   0.217E-02   20.00
  39  -380.0000    -951.789 0.5192   0.3445E-02  0.8635E-04  0.1168E-01  0.0000E+00      -1   0.180E-02   20.00
  40  -390.0000    -914.311 0.5228   0.3892E-02  0.9021E-04  0.8094E-02  0.0000E+00      -1   0.125E-02   20.00
  41  -400.0000    -889.198 0.5252   0.4191E-02  0.9280E-04  0.3981E-02  0.0000E+00      -1   0.612E-03   20.00
  42  -410.0000    -874.862 0.5265   0.4362E-02  0.9427E-04 -0.1486E-03  0.0000E+00      -1  -0.229E-04   20.00
  43  -420.0000    -869.761 0.5270   0.4422E-02  0.9480E-04 -0.3825E-02  0.0000E+00      -1  -0.589E-03   20.00
  44  -430.0000    -872.238 0.5268   0.4393E-02  0.9454E-04 -0.6738E-02  0.0000E+00      -1  -0.104E-02   20.00
  45  -440.0000    -880.607 0.5260   0.4293E-02  0.9368E-04 -0.8778E-02  0.0000E+00      -1  -0.135E-02   20.00
  46  -450.0000    -893.321 0.5248   0.4141E-02  0.9237E-04 -0.1001E-01  0.0000E+00      -1  -0.154E-02   20.00
  47  -460.0000    -909.110 0.5232   0.3953E-02  0.9074E-04 -0.1059E-01  0.0000E+00      -1  -0.163E-02   20.00
  48  -470.0000    -927.064 0.5215   0.3739E-02  0.8889E-04 -0.1073E-01  0.0000E+00      -1  -0.165E-02   20.00
  49  -480.0000    -946.638 0.5197   0.3506E-02  0.8687E-04 -0.1060E-01  0.0000E+00      -1  -0.163E-02   20.00
  50  -490.0000    -967.248 0.5179   0.3340E-02  0.8516E-04 -0.1035E-01  0.0000E+00      -1  -0.159E-02   20.00
  51  -500.0000    -988.412 0.5163   0.3218E-02  0.8367E-04 -0.1008E-01  0.0000E+00      -1  -0.155E-02   20.00
  52  -510.0000   -1009.889 0.5147   0.3095E-02  0.8216E-04 -0.9792E-02  0.0000E+00      -1  -0.151E-02   20.00
  53  -520.0000   -1031.702 0.5130   0.2970E-02  0.8062E-04 -0.9502E-02  0.0000E+00      -1  -0.146E-02   20.00
  54  -530.0000   -1053.895 0.5113   0.2843E-02  0.7905E-04 -0.9209E-02  0.0000E+00      -1  -0.142E-02   20.00
  55  -540.0000   -1076.510 0.5096   0.2713E-02  0.7745E-04 -0.8909E-02  0.0000E+00      -1  -0.137E-02   20.00
  56  -550.0000   -1099.591 0.5078   0.2581E-02  0.7583E-04 -0.8600E-02  0.0000E+00      -1  -0.132E-02   20.00
  57  -560.0000   -1123.187 0.5060   0.2446E-02  0.7416E-04 -0.8283E-02  0.0000E+00      -1  -0.127E-02   20.00
  58  -570.0000   -1147.368 0.5041   0.2307E-02  0.7246E-04 -0.7961E-02  0.0000E+00      -1  -0.122E-02   20.00
  59  -580.0000   -1172.255 0.5022   0.2164E-02  0.7070E-04 -0.7641E-02  0.0000E+00      -1  -0.118E-02   20.00
  60  -590.0000   -1198.048 0.5002   0.2017E-02  0.6888E-04 -0.7330E-02  0.0000E+00      -1  -0.113E-02   20.00
  61  -600.0000   -1224.462 0.4985   0.1926E-02  0.6749E-04 -0.7067E-02  0.0000E+00      -1  -0.109E-02   20.00
  62  -610.0000   -1251.263 0.4969   0.1854E-02  0.6624E-04 -0.6852E-02  0.0000E+00      -1  -0.105E-02   20.00
  63  -620.0000   -1278.407 0.4953   0.1781E-02  0.6497E-04 -0.6653E-02  0.0000E+00      -1  -0.102E-02   20.00
  64  -630.0000   -1306.007 0.4936   0.1706E-02  0.6367E-04 -0.6459E-02  0.0000E+00      -1  -0.994E-03   20.00
  65  -640.0000   -1334.141 0.4919   0.1631E-02  0.6236E-04 -0.6264E-02  0.0000E+00      -1  -0.964E-03   20.00
  66  -650.0000   -1362.870 0.4902   0.1553E-02  0.6101E-04 -0.6063E-02  0.0000E+00      -1  -0.933E-03   20.00
  67  -660.0000   -1392.235 0.4884   0.1474E-02  0.5964E-04 -0.5851E-02  0.0000E+00      -1  -0.900E-03   20.00
  68  -670.0000   -1422.280 0.4866   0.1393E-02  0.5823E-04 -0.5629E-02  0.0000E+00      -1  -0.866E-03   20.00
  69  -680.0000   -1453.075 0.4847   0.1311E-02  0.5679E-04 -0.5399E-02  0.0000E+00      -1  -0.831E-03   20.00
  70  -690.0000   -1484.739 0.4828   0.1225E-02  0.5531E-04 -0.5165E-02  0.0000E+00      -1  -0.795E-03   20.00
  71  -700.0000   -1517.466 0.4808   0.1137E-02  0.5378E-04 -0.4922E-02  0.0000E+00      -1  -0.757E-03   20.00
  72  -710.0000   -1550.471 0.4792   0.1093E-02  0.5274E-04 -0.4668E-02  0.0000E+00      -1  -0.718E-03   20.00
  73  -720.0000   -1582.800 0.4777   0.1053E-02  0.5176E-04 -0.4348E-02  0.0000E+00      -1  -0.669E-03   20.00
  74  -730.0000   -1612.983 0.4763   0.1015E-02  0.5084E-04 -0.3842E-02  0.0000E+00      -1  -0.591E-03   20.00
  75  -740.0000   -1638.281 0.4751   0.9841E-03  0.5008E-04 -0.3064E-02  0.0000E+00      -1  -0.471E-03   20.00
  76  -750.0000   -1654.966 0.4743   0.9635E-03  0.4957E-04 -0.2052E-02  0.0000E+00      -1  -0.316E-03   20.00
  77  -760.0000   -1660.645 0.4740   0.9564E-03  0.4940E-04 -0.1051E-02  0.0000E+00      -1  -0.162E-03   20.00
  78  -770.0000   -1656.878 0.4742   0.9611E-03  0.4952E-04 -0.3157E-03  0.0000E+00      -1  -0.486E-04   20.00
  79  -780.0000   -1647.227 0.4746   0.9731E-03  0.4981E-04  0.1075E-03  0.0000E+00      -1   0.165E-04   20.00
  80  -790.0000   -1634.691 0.4752   0.9886E-03  0.5019E-04  0.3085E-03  0.0000E+00      -1   0.475E-04   20.00
  81  -800.0000   -1620.997 0.4759   0.1006E-02  0.5060E-04  0.3896E-03  0.0000E+00      -1   0.599E-04   20.00
  82  -810.0000   -1606.946 0.4765   0.1023E-02  0.5103E-04  0.4163E-03  0.0000E+00      -1   0.640E-04   20.00
  83  -820.0000   -1592.858 0.4772   0.1040E-02  0.5145E-04  0.4213E-03  0.0000E+00      -1   0.648E-04   20.00
  84  -830.0000   -1578.847 0.4779   0.1058E-02  0.5188E-04  0.4182E-03  0.0000E+00      -1   0.643E-04   20.00
  85  -840.0000   -1564.950 0.4785   0.1075E-02  0.5230E-04  0.4124E-03  0.0000E+00      -1   0.634E-04   20.00
  86  -850.0000   -1551.174 0.4792   0.1092E-02  0.5272E-04  0.4058E-03  0.0000E+00      -1   0.624E-04   20.00
  87  -860.0000   -1537.517 0.4798   0.1109E-02  0.5313E-04  0.3993E-03  0.0000E+00      -1   0.614E-04   20.00
  88  -870.0000   -1523.972 0.4805   0.1126E-02  0.5354E-04  0.3934E-03  0.0000E+00      -1   0.605E-04   20.00
  89  -880.0000   -1510.548 0.4812   0.1156E-02  0.5410E-04  0.3877E-03  0.0000E+00      -1   0.596E-04   20.00
  90  -890.0000   -1497.270 0.4820   0.1192E-02  0.5472E-04  0.3821E-03  0.0000E+00      -1   0.588E-04   20.00
  91  -900.0000   -1484.132 0.4828   0.1227E-02  0.5534E-04  0.3769E-03  0.0000E+00      -1   0.580E-04   20.00
  92  -910.0000   -1471.124 0.4836   0.1262E-02  0.5594E-04  0.3713E-03  0.0000E+00      -1   0.571E-04   20.00
  93  -920.0000   -1458.245 0.4844   0.1297E-02  0.5655E-04  0.3642E-03  0.0000E+00      -1   0.560E-04   20.00
  94  -930.0000   -1445.504 0.4852   0.1331E-02  0.5714E-04  0.3535E-03  0.0000E+00      -1   0.544E-04   20.00
  95  -940.0000   -1432.931 0.4859   0.1365E-02  0.5773E-04  0.3333E-03  0.0000E+00      -1   0.513E-04   20.00
  96  -950.0000   -1420.615 0.4867   0.1398E-02  0.5831E-04  0.2906E-03  0.0000E+00      -1   0.447E-04   20.00
  97  -960.0000   -1408.768 0.4874   0.1430E-02  0.5886E-04  0.1980E-03  0.0000E+00      -1   0.305E-04   20.00
  98  -970.0000   -1397.835 0.4880   0.1459E-02  0.5938E-04  0.1025E-04  0.0000E+00      -1   0.158E-05   20.00
  99  -980.0000   -1388.612 0.4886   0.1484E-02  0.5981E-04 -0.3283E-03  0.0000E+00      -1  -0.505E-04   20.00
 100  -990.0000   -1382.244 0.4890   0.1501E-02  0.6011E-04 -0.8486E-03  0.0000E+00      -1  -0.131E-03   20.00
 101 -1000.0000   -1379.921 0.4891   0.1508E-02  0.6021E-04 -0.1155E-02  0.0000E+00      -1  -0.178E-03   20.00
end


 Time:       30.0000


 Node      Depth      Head Moisture       K          C         Flux        Sink         Kappa   v/KsTop   Temp
           [L]        [L]    [-]        [L/T]      [1/L]      [L/T]        [1/T]         [-]      [-]      [C]

   1     0.0000    -933.071 0.5621   0.4583E-02  0.9265E-04 -0.1400E+00  0.0000E+00      -1  -0.215E-01   20.00
   2   -10.0000   -1318.823 0.5329   0.2037E-02  0.6451E-04 -0.1168E+00  0.0000E+00      -1  -0.180E-01   20.00
   3   -20.0000   -2066.784 0.4961   0.6702E-03  0.3893E-04 -0.8235E-01  0.0000E+00      -1  -0.127E-01   20.00
   4   -30.0000   -3518.895 0.4555   0.1795E-03  0.2104E-04 -0.4033E-01  0.0000E+00      -1  -0.621E-02   20.00
   5   -40.0000   -4985.649 0.4305   0.7173E-04  0.1378E-04 -0.8977E-02  0.0000E+00      -1  -0.138E-02   20.00
   6   -50.0000   -4893.883 0.4316   0.7399E-04  0.1401E-04  0.3047E-02  0.0000E+00      -1   0.469E-03   20.00
   7   -60.0000   -4217.923 0.4030   0.9111E-04  0.1691E-04  0.4972E-02  0.0000E+00      -1   0.765E-03   20.00
   8   -70.0000   -3780.415 0.4105   0.1169E-03  0.1908E-04  0.3283E-02  0.0000E+00      -1   0.505E-03   20.00
   9   -80.0000   -3603.302 0.4142   0.1366E-03  0.2038E-04  0.1435E-02  0.0000E+00      -1   0.221E-03   20.00
  10   -90.0000   -3539.694 0.4156   0.1436E-03  0.2085E-04  0.4511E-03  0.0000E+00      -1   0.694E-04   20.00
  11  -100.0000   -3519.252 0.4160   0.1459E-03  0.2100E-04  0.4488E-04  0.0000E+00      -1   0.690E-05   20.00
  12  -110.0000   -3513.450 0.4161   0.1465E-03  0.2104E-04 -0.9318E-04  0.0000E+00      -1  -0.143E-04   20.00
  13  -120.0000   -3511.975 0.4162   0.1467E-03  0.2106E-04 -0.1332E-03  0.0000E+00      -1  -0.205E-04   20.00
  14  -130.0000   -3511.619 0.4162   0.1467E-03  0.2106E-04 -0.1429E-03  0.0000E+00      -1  -0.220E-04   20.00
  15  -140.0000   -3511.456 0.4162   0.1467E-03  0.2106E-04 -0.1425E-03  0.0000E+00      -1  -0.219E-04   20.00
  16  -150.0000   -3511.034 0.4162   0.1468E-03  0.2106E-04 -0.1313E-03  0.0000E+00      -1  -0.202E-04   20.00
  17  -160.0000   -3509.344 0.4162   0.1470E-03  0.2107E-04 -0.8863E-04  0.0000E+00      -1  -0.136E-04   20.00
  18  -170.0000   -3503.090 0.4163   0.1477E-03  0.2112E-04  0.4819E-04  0.0000E+00      -1   0.741E-05   20.00
  19  -180.0000   -3482.904 0.4168   0.1499E-03  0.2127E-04  0.4130E-03  0.0000E+00      -1   0.635E-04   20.00
  20  -190.0000   -3428.795 0.4179   0.1559E-03  0.2167E-04  0.1174E-02  0.0000E+00      -1   0.181E-03   20.00
  21  -200.0000   -3315.594 0.4203   0.1685E-03  0.2250E-04  0.2322E-02  0.0000E+00      -1   0.357E-03   20.00
  22  -210.0000   -3138.989 0.4241   0.1880E-03  0.2380E-04  0.3522E-02  0.0000E+00      -1   0.542E-03   20.00
  23  -220.0000   -2932.985 0.4293   0.2278E-03  0.2587E-04  0.4588E-02  0.0000E+00      -1   0.706E-03   20.00
  24  -230.0000   -2722.330 0.4351   0.2806E-03  0.2838E-04  0.5477E-02  0.0000E+00      -1   0.843E-03   20.00
  25  -240.0000   -2520.895 0.4408   0.3310E-03  0.3079E-04  0.6185E-02  0.0000E+00      -1   0.951E-03   20.00
  26  -250.0000   -2333.785 0.4467   0.4047E-03  0.3365E-04  0.6913E-02  0.0000E+00      -1   0.106E-02   20.00
  27  -260.0000   -2162.302 0.4530   0.5008E-03  0.3693E-04  0.7693E-02  0.0000E+00      -1   0.118E-02   20.00
  28  -270.0000   -2004.195 0.4587   0.5895E-03  0.3996E-04  0.8461E-02  0.0000E+00      -1   0.130E-02   20.00
  29  -280.0000   -1858.200 0.4647   0.7118E-03  0.4342E-04  0.9336E-02  0.0000E+00      -1   0.144E-02   20.00
  30  -290.0000   -1724.563 0.4710   0.8773E-03  0.4747E-04  0.1029E-01  0.0000E+00      -1   0.158E-02   20.00
  31  -300.0000   -1601.828 0.4768   0.1029E-02  0.5118E-04  0.1119E-01  0.0000E+00      -1   0.172E-02   20.00
  32  -310.0000   -1488.277 0.4826   0.1216E-02  0.5514E-04  0.1210E-01  0.0000E+00      -1   0.186E-02   20.00
  33  -320.0000   -1385.352 0.4888   0.1493E-02  0.5996E-04  0.1293E-01  0.0000E+00      -1   0.199E-02   20.00
  34  -330.0000   -1293.246 0.4944   0.1741E-02  0.6427E-04  0.1345E-01  0.0000E+00      -1   0.207E-02   20.00
  35  -340.0000   -1209.686 0.4994   0.1966E-02  0.6818E-04  0.1361E-01  0.0000E+00      -1   0.209E-02   20.00
  36  -350.0000   -1136.998 0.5049   0.2367E-02  0.7319E-04  0.1327E-01  0.0000E+00      -1   0.204E-02   20.00
  37  -360.0000   -1076.009 0.5096   0.2716E-02  0.7749E-04  0.1237E-01  0.0000E+00      -1   0.190E-02   20.00
  38  -370.0000   -1024.837 0.5135   0.3009E-02  0.8110E-04  0.1095E-01  0.0000E+00      -1   0.168E-02   20.00
  39  -380.0000    -982.524 0.5168   0.3252E-02  0.8409E-04  0.9083E-02  0.0000E+00      -1   0.140E-02   20.00
  40  -390.0000    -948.620 0.5195   0.3483E-02  0.8667E-04  0.6632E-02  0.0000E+00      -1   0.102E-02   20.00
  41  -400.0000    -924.251 0.5218   0.3773E-02  0.8918E-04  0.3777E-02  0.0000E+00      -1   0.581E-03   20.00
  42  -410.0000    -908.203 0.5233   0.3964E-02  0.9084E-04  0.9622E-03  0.0000E+00      -1   0.148E-03   20.00
  43  -420.0000    -899.237 0.5242   0.4071E-02  0.9176E-04 -0.1670E-02  0.0000E+00      -1  -0.257E-03   20.00
  44  -430.0000    -896.390 0.5245   0.4105E-02  0.9205E-04 -0.4004E-02  0.0000E+00      -1  -0.616E-03   20.00
  45  -440.0000    -898.820 0.5242   0.4076E-02  0.9180E-04 -0.5960E-02  0.0000E+00      -1  -0.917E-03   20.00
  46  -450.0000    -905.761 0.5236   0.3993E-02  0.9109E-04 -0.7495E-02  0.0000E+00      -1  -0.115E-02   20.00
  47  -460.0000    -916.516 0.5225   0.3865E-02  0.8998E-04 -0.8609E-02  0.0000E+00      -1  -0.132E-02   20.00
  48  -470.0000    -930.477 0.5212   0.3699E-02  0.8854E-04 -0.9334E-02  0.0000E+00      -1  -0.144E-02   20.00
  49  -480.0000    -947.162 0.5196   0.3500E-02  0.8682E-04 -0.9729E-02  0.0000E+00      -1  -0.150E-02   20.00
  50  -490.0000    -965.942 0.5180   0.3347E-02  0.8526E-04 -0.9865E-02  0.0000E+00      -1  -0.152E-02   20.00
  51  -500.0000    -985.969 0.5165   0.3232E-02  0.8384E-04 -0.9827E-02  0.0000E+00      -1  -0.151E-02   20.00
  52  -510.0000   -1006.783 0.5149   0.3113E-02  0.8237E-04 -0.9684E-02  0.0000E+00      -1  -0.149E-02   20.00
  53  -520.0000   -1028.216 0.5133   0.2990E-02  0.8086E-04 -0.9474E-02  0.0000E+00      -1  -0.146E-02   20.00
  54  -530.0000   -1050.178 0.5116   0.2864E-02  0.7931E-04 -0.9222E-02  0.0000E+00      -1  -0.142E-02   20.00
  55  -540.0000   -1072.636 0.5098   0.2735E-02  0.7773E-04 -0.8944E-02  0.0000E+00      -1  -0.138E-02   20.00
  56  -550.0000   -1095.601 0.5081   0.2604E-02  0.7611E-04 -0.8651E-02  0.0000E+00      -1  -0.133E-02   20.00
  57  -560.0000   -1119.121 0.5063   0.2469E-02  0.7445E-04 -0.8349E-02  0.0000E+00      -1  -0.128E-02   20.00
  58  -570.0000   -1143.276 0.5044   0.2331E-02  0.7274E-04 -0.8043E-02  0.0000E+00      -1  -0.124E-02   20.00
  59  -580.0000   -1168.194 0.5025   0.2188E-02  0.7099E-04 -0.7734E-02  0.0000E+00      -1  -0.119E-02   20.00
  60  -590.0000   -1194.057 0.5005   0.2040E-02  0.6916E-04 -0.7427E-02  0.0000E+00      -1  -0.114E-02   20.00
  61  -600.0000   -1220.645 0.4988   0.1936E-02  0.6767E-04 -0.7156E-02  0.0000E+00      -1  -0.110E-02   20.00
  62  -610.0000   -1247.691 0.4971   0.1863E-02  0.6640E-04 -0.6927E-02  0.0000E+00      -1  -0.107E-02   20.00
  63  -620.0000   -1275.002 0.4955   0.1790E-02  0.6512E-04 -0.6709E-02  0.0000E+00      -1  -0.103E-02   20.00
  64  -630.0000   -1302.672 0.4938   0.1715E-02  0.6383E-04 -0.6498E-02  0.0000E+00      -1  -0.100E-02   20.00
  65  -640.0000   -1330.788 0.4921   0.1640E-02  0.6251E-04 -0.6291E-02  0.0000E+00      -1  -0.968E-03   20.00
  66  -650.0000   -1359.428 0.4904   0.1563E-02  0.6117E-04 -0.6082E-02  0.0000E+00      -1  -0.936E-03   20.00
  67  -660.0000   -1388.660 0.4886   0.1484E-02  0.5980E-04 -0.5867E-02  0.0000E+00      -1  -0.903E-03   20.00
  68  -670.0000   -1418.546 0.4868   0.1404E-02  0.5841E-04 -0.5644E-02  0.0000E+00      -1  -0.868E-03   20.00
  69  -680.0000   -1449.136 0.4849   0.1321E-02  0.5697E-04 -0.5407E-02  0.0000E+00      -1  -0.832E-03   20.00
  70  -690.0000   -1480.440 0.4830   0.1237E-02  0.5551E-04 -0.5143E-02  0.0000E+00      -1  -0.791E-03   20.00
  71  -700.0000   -1512.332 0.4811   0.1151E-02  0.5402E-04 -0.4828E-02  0.0000E+00      -1  -0.743E-03   20.00
  72  -710.0000   -1543.649 0.4795   0.1101E-02  0.5294E-04 -0.4474E-02  0.0000E+00      -1  -0.688E-03   20.00
  73  -720.0000   -1573.312 0.4781   0.1065E-02  0.5205E-04 -0.4059E-02  0.0000E+00      -1  -0.625E-03   20.00
  74  -730.0000   -1599.790 0.4769   0.1032E-02  0.5124E-04 -0.3521E-02  0.0000E+00      -1  -0.542E-03   20.00
  75  -740.0000   -1621.389 0.4759   0.1005E-02  0.5059E-04 -0.2858E-02  0.0000E+00      -1  -0.440E-03   20.00
  76  -750.0000   -1636.480 0.4752   0.9864E-03  0.5013E-04 -0.2117E-02  0.0000E+00      -1  -0.326E-03   20.00
  77  -760.0000   -1644.171 0.4748   0.9768E-03  0.4990E-04 -0.1386E-02  0.0000E+00      -1  -0.213E-03   20.00
  78  -770.0000   -1644.772 0.4748   0.9761E-03  0.4988E-04 -0.7556E-03  0.0000E+00      -1  -0.116E-03   20.00
  79  -780.0000   -1639.632 0.4750   0.9825E-03  0.5004E-04 -0.2806E-03  0.0000E+00      -1  -0.432E-04   20.00
  80  -790.0000   -1630.495 0.4754   0.9938E-03  0.5032E-04  0.3617E-04  0.0000E+00      -1   0.556E-05   20.00
  81  -800.0000   -1618.921 0.4760   0.1008E-02  0.5067E-04  0.2255E-03  0.0000E+00      -1   0.347E-04   20.00
  82  -810.0000   -1606.033 0.4766   0.1024E-02  0.5106E-04  0.3277E-03  0.0000E+00      -1   0.504E-04   20.00
  83  -820.0000   -1592.528 0.4772   0.1041E-02  0.5146E-04  0.3772E-03  0.0000E+00      -1   0.580E-04   20.00
  84  -830.0000   -1578.788 0.4779   0.1058E-02  0.5188E-04  0.3977E-03  0.0000E+00      -1   0.612E-04   20.00
  85  -840.0000   -1565.008 0.4785   0.1075E-02  0.5230E-04  0.4036E-03  0.0000E+00      -1   0.621E-04   20.00
  86  -850.0000   -1551.278 0.4792   0.1092E-02  0.5271E-04  0.4027E-03  0.0000E+00      -1   0.619E-04   20.00
  87  -860.0000   -1537.632 0.4798   0.1109E-02  0.5313E-04  0.3988E-03  0.0000E+00      -1   0.614E-04   20.00
  88  -870.0000   -1524.083 0.4805   0.1126E-02  0.5354E-04  0.3939E-03  0.0000E+00      -1   0.606E-04   20.00
  89  -880.0000   -1510.652 0.4812   0.1156E-02  0.5409E-04  0.3881E-03  0.0000E+00      -1   0.597E-04   20.00
  90  -890.0000   -1497.372 0.4820   0.1191E-02  0.5472E-04  0.3813E-03  0.0000E+00      -1   0.587E-04   20.00
  91  -900.0000   -1484.248 0.4828   0.1227E-02  0.5533E-04  0.3732E-03  0.0000E+00      -1   0.574E-04   20.00
  92  -910.0000   -1471.285 0.4836   0.1262E-02  0.5594E-04  0.3618E-03  0.0000E+00      -1   0.557E-04   20.00
  93  -920.0000   -1458.510 0.4844   0.1296E-02  0.5654E-04  0.3431E-03  0.0000E+00      -1   0.528E-04   20.00
  94  -930.0000   -1445.987 0.4851   0.1330E-02  0.5712E-04  0.3100E-03  0.0000E+00      -1   0.477E-04   20.00
  95  -940.0000   -1433.841 0.4859   0.1362E-02  0.5769E-04  0.2510E-03  0.0000E+00      -1   0.386E-04   20.00
  96  -950.0000   -1422.294 0.4866   0.1393E-02  0.5823E-04  0.1493E-03  0.0000E+00      -1   0.230E-04   20.00
  97  -960.0000   -1411.688 0.4872   0.1422E-02  0.5873E-04 -0.1554E-04  0.0000E+00      -1  -0.239E-05   20.00
  98  -970.0000   -1402.499 0.4878   0.1447E-02  0.5916E-04 -0.2621E-03  0.0000E+00      -1  -0.403E-04   20.00
  99  -980.0000   -1395.299 0.4882   0.1466E-02  0.5949E-04 -0.5989E-03  0.0000E+00      -1  -0.921E-04   20.00
 100  -990.0000   -1390.665 0.4885   0.1479E-02  0.5971E-04 -0.1016E-02  0.0000E+00      -1  -0.156E-03   20.00
 101 -1000.0000   -1389.051 0.4886   0.1483E-02  0.5979E-04 -0.1242E-02  0.0000E+00      -1  -0.191E-03   20.00
end


 Time:       40.0000


 Node      Depth      Head Moisture       K          C         Flux        Sink         Kappa   v/KsTop   Temp
           [L]        [L]    [-]        [L/T]      [1/L]      [L/T]        [1/T]         [-]      [-]      [C]

   1     0.0000   -1531.933 0.5199   0.1352E-02  0.5403E-04 -0.1000E-01  0.0000E+00      -1  -0.154E-02   20.00
   2   -10.0000   -1668.150 0.5133   0.1144E-02  0.4968E-04 -0.2493E-01  0.0000E+00      -1  -0.383E-02   20.00
   3   -20.0000   -1997.214 0.4987   0.7199E-03  0.4036E-04 -0.3392E-01  0.0000E+00      -1  -0.522E-02   20.00
   4   -30.0000   -2654.131 0.4768   0.3671E-03  0.2943E-04 -0.3188E-01  0.0000E+00      -1  -0.490E-02   20.00
   5   -40.0000   -3684.362 0.4522   0.1620E-03  0.2008E-04 -0.1832E-01  0.0000E+00      -1  -0.282E-02   20.00
   6   -50.0000   -4357.309 0.4401   0.1052E-03  0.1637E-04 -0.3778E-02  0.0000E+00      -1  -0.581E-03   20.00
   7   -60.0000   -4188.842 0.4035   0.9235E-04  0.1703E-04  0.2402E-02  0.0000E+00      -1   0.370E-03   20.00
   8   -70.0000   -3856.390 0.4088   0.1086E-03  0.1853E-04  0.2722E-02  0.0000E+00      -1   0.419E-03   20.00
   9   -80.0000   -3661.632 0.4130   0.1301E-03  0.1995E-04  0.1647E-02  0.0000E+00      -1   0.253E-03   20.00
  10   -90.0000   -3571.079 0.4149   0.1401E-03  0.2062E-04  0.7444E-03  0.0000E+00      -1   0.115E-03   20.00
  11  -100.0000   -3532.928 0.4157   0.1444E-03  0.2090E-04  0.2323E-03  0.0000E+00      -1   0.357E-04   20.00
  12  -110.0000   -3518.513 0.4160   0.1460E-03  0.2101E-04 -0.5090E-05  0.0000E+00      -1  -0.783E-06   20.00
  13  -120.0000   -3513.592 0.4161   0.1465E-03  0.2104E-04 -0.9847E-04  0.0000E+00      -1  -0.151E-04   20.00
  14  -130.0000   -3511.960 0.4162   0.1467E-03  0.2106E-04 -0.1282E-03  0.0000E+00      -1  -0.197E-04   20.00
  15  -140.0000   -3511.072 0.4162   0.1468E-03  0.2106E-04 -0.1278E-03  0.0000E+00      -1  -0.197E-04   20.00
  16  -150.0000   -3509.371 0.4162   0.1470E-03  0.2107E-04 -0.9773E-04  0.0000E+00      -1  -0.150E-04   20.00
  17  -160.0000   -3504.367 0.4163   0.1475E-03  0.2111E-04 -0.6984E-05  0.0000E+00      -1  -0.107E-05   20.00
  18  -170.0000   -3490.348 0.4166   0.1491E-03  0.2121E-04  0.2148E-03  0.0000E+00      -1   0.331E-04   20.00
  19  -180.0000   -3455.839 0.4173   0.1529E-03  0.2147E-04  0.6705E-03  0.0000E+00      -1   0.103E-03   20.00
  20  -190.0000   -3383.954 0.4189   0.1609E-03  0.2200E-04  0.1431E-02  0.0000E+00      -1   0.220E-03   20.00
  21  -200.0000   -3261.192 0.4215   0.1745E-03  0.2290E-04  0.2430E-02  0.0000E+00      -1   0.374E-03   20.00
  22  -210.0000   -3089.841 0.4251   0.1935E-03  0.2416E-04  0.3471E-02  0.0000E+00      -1   0.534E-03   20.00
  23  -220.0000   -2895.323 0.4303   0.2372E-03  0.2632E-04  0.4504E-02  0.0000E+00      -1   0.693E-03   20.00
  24  -230.0000   -2693.516 0.4359   0.2878E-03  0.2873E-04  0.5451E-02  0.0000E+00      -1   0.839E-03   20.00
  25  -240.0000   -2495.757 0.4415   0.3373E-03  0.3109E-04  0.6232E-02  0.0000E+00      -1   0.959E-03   20.00
  26  -250.0000   -2310.970 0.4475   0.4175E-03  0.3408E-04  0.7024E-02  0.0000E+00      -1   0.108E-02   20.00
  27  -260.0000   -2140.790 0.4537   0.5129E-03  0.3735E-04  0.7849E-02  0.0000E+00      -1   0.121E-02   20.00
  28  -270.0000   -1982.768 0.4595   0.6015E-03  0.4037E-04  0.8638E-02  0.0000E+00      -1   0.133E-02   20.00
  29  -280.0000   -1837.868 0.4656   0.7370E-03  0.4404E-04  0.9498E-02  0.0000E+00      -1   0.146E-02   20.00
  30  -290.0000   -1706.096 0.4719   0.9002E-03  0.4803E-04  0.1038E-01  0.0000E+00      -1   0.160E-02   20.00
  31  -300.0000   -1585.387 0.4776   0.1050E-02  0.5168E-04  0.1114E-01  0.0000E+00      -1   0.171E-02   20.00
  32  -310.0000   -1475.472 0.4833   0.1251E-02  0.5575E-04  0.1182E-01  0.0000E+00      -1   0.182E-02   20.00
  33  -320.0000   -1377.652 0.4893   0.1514E-02  0.6032E-04  0.1230E-01  0.0000E+00      -1   0.189E-02   20.00
  34  -330.0000   -1291.197 0.4945   0.1747E-02  0.6437E-04  0.1246E-01  0.0000E+00      -1   0.192E-02   20.00
  35  -340.0000   -1213.908 0.4992   0.1954E-02  0.6799E-04  0.1227E-01  0.0000E+00      -1   0.189E-02   20.00
  36  -350.0000   -1147.192 0.5041   0.2308E-02  0.7247E-04  0.1166E-01  0.0000E+00      -1   0.179E-02   20.00
  37  -360.0000   -1091.676 0.5084   0.2626E-02  0.7638E-04  0.1063E-01  0.0000E+00      -1   0.164E-02   20.00
  38  -370.0000   -1045.334 0.5119   0.2892E-02  0.7965E-04  0.9278E-02  0.0000E+00      -1   0.143E-02   20.00
  39  -380.0000   -1006.919 0.5149   0.3112E-02  0.8236E-04  0.7668E-02  0.0000E+00      -1   0.118E-02   20.00
  40  -390.0000    -975.653 0.5173   0.3291E-02  0.8456E-04  0.5879E-02  0.0000E+00      -1   0.904E-03   20.00
  41  -400.0000    -950.974 0.5192   0.3454E-02  0.8642E-04  0.3781E-02  0.0000E+00      -1   0.582E-03   20.00
  42  -410.0000    -933.630 0.5209   0.3661E-02  0.8821E-04  0.1492E-02  0.0000E+00      -1   0.230E-03   20.00
  43  -420.0000    -922.630 0.5220   0.3792E-02  0.8934E-04 -0.6671E-03  0.0000E+00      -1  -0.103E-03   20.00
  44  -430.0000    -917.092 0.5225   0.3858E-02  0.8991E-04 -0.2641E-02  0.0000E+00      -1  -0.406E-03   20.00
  45  -440.0000    -916.350 0.5226   0.3867E-02  0.8999E-04 -0.4386E-02  0.0000E+00      -1  -0.675E-03   20.00
  46  -450.0000    -919.862 0.5222   0.3825E-02  0.8963E-04 -0.5872E-02  0.0000E+00      -1  -0.903E-03   20.00
  47  -460.0000    -927.171 0.5215   0.3738E-02  0.8888E-04 -0.7081E-02  0.0000E+00      -1  -0.109E-02   20.00
  48  -470.0000    -937.898 0.5205   0.3611E-02  0.8778E-04 -0.8015E-02  0.0000E+00      -1  -0.123E-02   20.00
  49  -480.0000    -951.743 0.5192   0.3446E-02  0.8635E-04 -0.8687E-02  0.0000E+00      -1  -0.134E-02   20.00
  50  -490.0000    -968.173 0.5179   0.3335E-02  0.8510E-04 -0.9091E-02  0.0000E+00      -1  -0.140E-02   20.00
  51  -500.0000    -986.267 0.5165   0.3231E-02  0.8383E-04 -0.9275E-02  0.0000E+00      -1  -0.143E-02   20.00
  52  -510.0000   -1005.642 0.5150   0.3120E-02  0.8246E-04 -0.9318E-02  0.0000E+00      -1  -0.143E-02   20.00
  53  -520.0000   -1026.050 0.5134   0.3003E-02  0.8102E-04 -0.9252E-02  0.0000E+00      -1  -0.142E-02   20.00
  54  -530.0000   -1047.311 0.5118   0.2881E-02  0.7952E-04 -0.9106E-02  0.0000E+00      -1  -0.140E-02   20.00
  55  -540.0000   -1069.306 0.5101   0.2755E-02  0.7796E-04 -0.8901E-02  0.0000E+00      -1  -0.137E-02   20.00
  56  -550.0000   -1091.975 0.5084   0.2625E-02  0.7636E-04 -0.8657E-02  0.0000E+00      -1  -0.133E-02   20.00
  57  -560.0000   -1115.314 0.5066   0.2491E-02  0.7472E-04 -0.8387E-02  0.0000E+00      -1  -0.129E-02   20.00
  58  -570.0000   -1139.365 0.5047   0.2353E-02  0.7302E-04 -0.8101E-02  0.0000E+00      -1  -0.125E-02   20.00
  59  -580.0000   -1164.227 0.5028   0.2211E-02  0.7127E-04 -0.7804E-02  0.0000E+00      -1  -0.120E-02   20.00
  60  -590.0000   -1190.054 0.5008   0.2062E-02  0.6944E-04 -0.7501E-02  0.0000E+00      -1  -0.115E-02   20.00
  61  -600.0000   -1216.710 0.4990   0.1947E-02  0.6785E-04 -0.7228E-02  0.0000E+00      -1  -0.111E-02   20.00
  62  -610.0000   -1243.924 0.4974   0.1874E-02  0.6658E-04 -0.6993E-02  0.0000E+00      -1  -0.108E-02   20.00
  63  -620.0000   -1271.370 0.4957   0.1800E-02  0.6529E-04 -0.6765E-02  0.0000E+00      -1  -0.104E-02   20.00
  64  -630.0000   -1299.123 0.4940   0.1725E-02  0.6400E-04 -0.6544E-02  0.0000E+00      -1  -0.101E-02   20.00
  65  -640.0000   -1327.260 0.4923   0.1649E-02  0.6268E-04 -0.6325E-02  0.0000E+00      -1  -0.973E-03   20.00
  66  -650.0000   -1355.852 0.4906   0.1572E-02  0.6134E-04 -0.6105E-02  0.0000E+00      -1  -0.939E-03   20.00
  67  -660.0000   -1384.954 0.4888   0.1494E-02  0.5998E-04 -0.5880E-02  0.0000E+00      -1  -0.905E-03   20.00
  68  -670.0000   -1414.601 0.4870   0.1414E-02  0.5859E-04 -0.5641E-02  0.0000E+00      -1  -0.868E-03   20.00
  69  -680.0000   -1444.773 0.4852   0.1333E-02  0.5718E-04 -0.5380E-02  0.0000E+00      -1  -0.828E-03   20.00
  70  -690.0000   -1475.347 0.4833   0.1251E-02  0.5575E-04 -0.5079E-02  0.0000E+00      -1  -0.781E-03   20.00
  71  -700.0000   -1505.994 0.4815   0.1168E-02  0.5431E-04 -0.4714E-02  0.0000E+00      -1  -0.725E-03   20.00
  72  -710.0000   -1535.589 0.4799   0.1111E-02  0.5319E-04 -0.4317E-02  0.0000E+00      -1  -0.664E-03   20.00
  73  -720.0000   -1563.262 0.4786   0.1077E-02  0.5235E-04 -0.3886E-02  0.0000E+00      -1  -0.598E-03   20.00
  74  -730.0000   -1587.635 0.4775   0.1047E-02  0.5161E-04 -0.3374E-02  0.0000E+00      -1  -0.519E-03   20.00
  75  -740.0000   -1607.585 0.4765   0.1022E-02  0.5101E-04 -0.2793E-02  0.0000E+00      -1  -0.430E-03   20.00
  76  -750.0000   -1622.137 0.4758   0.1004E-02  0.5057E-04 -0.2173E-02  0.0000E+00      -1  -0.334E-03   20.00
  77  -760.0000   -1630.752 0.4754   0.9935E-03  0.5031E-04 -0.1563E-02  0.0000E+00      -1  -0.240E-03   20.00
  78  -770.0000   -1633.519 0.4753   0.9901E-03  0.5022E-04 -0.1010E-02  0.0000E+00      -1  -0.155E-03   20.00
  79  -780.0000   -1631.131 0.4754   0.9930E-03  0.5030E-04 -0.5530E-03  0.0000E+00      -1  -0.851E-04   20.00
  80  -790.0000   -1624.655 0.4757   0.1001E-02  0.5049E-04 -0.2050E-03  0.0000E+00      -1  -0.315E-04   20.00
  81  -800.0000   -1615.239 0.4762   0.1013E-02  0.5078E-04  0.3932E-04  0.0000E+00      -1   0.605E-05   20.00
  82  -810.0000   -1603.891 0.4767   0.1027E-02  0.5112E-04  0.1985E-03  0.0000E+00      -1   0.305E-04   20.00
  83  -820.0000   -1591.382 0.4773   0.1042E-02  0.5150E-04  0.2949E-03  0.0000E+00      -1   0.454E-04   20.00
  84  -830.0000   -1578.238 0.4779   0.1058E-02  0.5190E-04  0.3490E-03  0.0000E+00      -1   0.537E-04   20.00
  85  -840.0000   -1564.791 0.4785   0.1075E-02  0.5230E-04  0.3765E-03  0.0000E+00      -1   0.579E-04   20.00
  86  -850.0000   -1551.236 0.4792   0.1092E-02  0.5271E-04  0.3884E-03  0.0000E+00      -1   0.597E-04   20.00
  87  -860.0000   -1537.678 0.4798   0.1109E-02  0.5312E-04  0.3915E-03  0.0000E+00      -1   0.602E-04   20.00
  88  -870.0000   -1524.173 0.4805   0.1125E-02  0.5353E-04  0.3898E-03  0.0000E+00      -1   0.600E-04   20.00
  89  -880.0000   -1510.770 0.4812   0.1155E-02  0.5409E-04  0.3842E-03  0.0000E+00      -1   0.591E-04   20.00
  90  -890.0000   -1497.528 0.4820   0.1191E-02  0.5471E-04  0.3747E-03  0.0000E+00      -1   0.576E-04   20.00
  91  -900.0000   -1484.474 0.4828   0.1226E-02  0.5532E-04  0.3604E-03  0.0000E+00      -1   0.554E-04   20.00
  92  -910.0000   -1471.646 0.4836   0.1261E-02  0.5592E-04  0.3377E-03  0.0000E+00      -1   0.520E-04   20.00
  93  -920.0000   -1459.112 0.4843   0.1294E-02  0.5651E-04  0.3011E-03  0.0000E+00      -1   0.463E-04   20.00
  94  -930.0000   -1446.988 0.4851   0.1327E-02  0.5707E-04  0.2422E-03  0.0000E+00      -1   0.373E-04   20.00
  95  -940.0000   -1435.453 0.4858   0.1358E-02  0.5761E-04  0.1506E-03  0.0000E+00      -1   0.232E-04   20.00
  96  -950.0000   -1424.759 0.4864   0.1387E-02  0.5812E-04  0.1507E-04  0.0000E+00      -1   0.232E-05   20.00
  97  -960.0000   -1415.225 0.4870   0.1412E-02  0.5856E-04 -0.1746E-03  0.0000E+00      -1  -0.269E-04   20.00
  98  -970.0000   -1407.220 0.4875   0.1434E-02  0.5894E-04 -0.4239E-03  0.0000E+00      -1  -0.652E-04   20.00
  99  -980.0000   -1401.130 0.4878   0.1450E-02  0.5922E-04 -0.7308E-03  0.0000E+00      -1  -0.112E-03   20.00
 100  -990.0000   -1397.298 0.4881   0.1461E-02  0.5940E-04 -0.1084E-02  0.0000E+00      -1  -0.167E-03   20.00
 101 -1000.0000   -1395.979 0.4882   0.1464E-02  0.5946E-04 -0.1270E-02  0.0000E+00      -1  -0.195E-03   20.00
end


 Time:       50.0000


 Node      Depth      Head Moisture       K          C         Flux        Sink         Kappa   v/KsTop   Temp
           [L]        [L]    [-]        [L/T]      [1/L]      [L/T]        [1/T]         [-]      [-]      [C]

   1     0.0000   -1863.204 0.5041   0.8569E-03  0.4367E-04  0.1583E-07  0.0000E+00      -1   0.244E-08   20.00
   2   -10.0000   -1923.437 0.5013   0.7716E-03  0.4185E-04 -0.1081E-01  0.0000E+00      -1  -0.166E-02   20.00
   3   -20.0000   -2141.385 0.4933   0.6239E-03  0.3759E-04 -0.1849E-01  0.0000E+00      -1  -0.284E-02   20.00
   4   -30.0000   -2543.478 0.4797   0.3985E-03  0.3068E-04 -0.2039E-01  0.0000E+00      -1  -0.314E-02   20.00
   5   -40.0000   -3160.733 0.4632   0.2299E-03  0.2379E-04 -0.1576E-01  0.0000E+00      -1  -0.242E-02   20.00
   6   -50.0000   -3778.135 0.4500   0.1465E-03  0.1923E-04 -0.7233E-02  0.0000E+00      -1  -0.111E-02   20.00
   7   -60.0000   -3981.669 0.4068   0.1025E-03  0.1797E-04 -0.7133E-03  0.0000E+00      -1  -0.110E-03   20.00
   8   -70.0000   -3854.983 0.4089   0.1086E-03  0.1853E-04  0.1478E-02  0.0000E+00      -1   0.227E-03   20.00
   9   -80.0000   -3698.076 0.4122   0.1260E-03  0.1968E-04  0.1436E-02  0.0000E+00      -1   0.221E-03   20.00
  10   -90.0000   -3600.661 0.4143   0.1368E-03  0.2040E-04  0.8569E-03  0.0000E+00      -1   0.132E-03   20.00
  11  -100.0000   -3550.197 0.4153   0.1425E-03  0.2077E-04  0.3783E-03  0.0000E+00      -1   0.582E-04   20.00
  12  -110.0000   -3526.870 0.4158   0.1450E-03  0.2095E-04  0.9483E-04  0.0000E+00      -1   0.146E-04   20.00
  13  -120.0000   -3517.002 0.4160   0.1461E-03  0.2102E-04 -0.4367E-04  0.0000E+00      -1  -0.672E-05   20.00
  14  -130.0000   -3512.839 0.4161   0.1466E-03  0.2105E-04 -0.9663E-04  0.0000E+00      -1  -0.149E-04   20.00
  15  -140.0000   -3510.187 0.4162   0.1469E-03  0.2107E-04 -0.9670E-04  0.0000E+00      -1  -0.149E-04   20.00
  16  -150.0000   -3506.004 0.4163   0.1473E-03  0.2110E-04 -0.4421E-04  0.0000E+00      -1  -0.680E-05   20.00
  17  -160.0000   -3496.197 0.4165   0.1484E-03  0.2117E-04  0.9315E-04  0.0000E+00      -1   0.143E-04   20.00
  18  -170.0000   -3473.560 0.4170   0.1509E-03  0.2134E-04  0.3773E-03  0.0000E+00      -1   0.580E-04   20.00
  19  -180.0000   -3426.735 0.4180   0.1561E-03  0.2168E-04  0.8774E-03  0.0000E+00      -1   0.135E-03   20.00
  20  -190.0000   -3342.773 0.4198   0.1655E-03  0.2230E-04  0.1616E-02  0.0000E+00      -1   0.249E-03   20.00
  21  -200.0000   -3214.413 0.4225   0.1797E-03  0.2324E-04  0.2519E-02  0.0000E+00      -1   0.388E-03   20.00
  22  -210.0000   -3046.408 0.4261   0.1994E-03  0.2451E-04  0.3490E-02  0.0000E+00      -1   0.537E-03   20.00
  23  -220.0000   -2857.719 0.4314   0.2466E-03  0.2677E-04  0.4501E-02  0.0000E+00      -1   0.692E-03   20.00
  24  -230.0000   -2662.635 0.4368   0.2955E-03  0.2910E-04  0.5453E-02  0.0000E+00      -1   0.839E-03   20.00
  25  -240.0000   -2468.539 0.4422   0.3441E-03  0.3141E-04  0.6274E-02  0.0000E+00      -1   0.965E-03   20.00
  26  -250.0000   -2286.716 0.4484   0.4311E-03  0.3455E-04  0.7108E-02  0.0000E+00      -1   0.109E-02   20.00
  27  -260.0000   -2118.719 0.4546   0.5253E-03  0.3777E-04  0.7958E-02  0.0000E+00      -1   0.122E-02   20.00
  28  -270.0000   -1961.854 0.4603   0.6132E-03  0.4078E-04  0.8735E-02  0.0000E+00      -1   0.134E-02   20.00
  29  -280.0000   -1819.188 0.4665   0.7602E-03  0.4461E-04  0.9535E-02  0.0000E+00      -1   0.147E-02   20.00
  30  -290.0000   -1690.585 0.4726   0.9195E-03  0.4850E-04  0.1030E-01  0.0000E+00      -1   0.159E-02   20.00
  31  -300.0000   -1573.273 0.4781   0.1065E-02  0.5205E-04  0.1090E-01  0.0000E+00      -1   0.168E-02   20.00
  32  -310.0000   -1467.731 0.4838   0.1271E-02  0.5611E-04  0.1135E-01  0.0000E+00      -1   0.175E-02   20.00
  33  -320.0000   -1375.009 0.4894   0.1521E-02  0.6045E-04  0.1159E-01  0.0000E+00      -1   0.178E-02   20.00
  34  -330.0000   -1293.622 0.4943   0.1740E-02  0.6426E-04  0.1154E-01  0.0000E+00      -1   0.178E-02   20.00
  35  -340.0000   -1221.364 0.4987   0.1934E-02  0.6764E-04  0.1120E-01  0.0000E+00      -1   0.172E-02   20.00
  36  -350.0000   -1158.897 0.5032   0.2241E-02  0.7164E-04  0.1050E-01  0.0000E+00      -1   0.162E-02   20.00
  37  -360.0000   -1106.869 0.5072   0.2539E-02  0.7531E-04  0.9473E-02  0.0000E+00      -1   0.146E-02   20.00
  38  -370.0000   -1063.450 0.5106   0.2788E-02  0.7837E-04  0.8231E-02  0.0000E+00      -1   0.127E-02   20.00
  39  -380.0000   -1027.300 0.5133   0.2995E-02  0.8092E-04  0.6816E-02  0.0000E+00      -1   0.105E-02   20.00
  40  -390.0000    -997.590 0.5156   0.3165E-02  0.8302E-04  0.5275E-02  0.0000E+00      -1   0.812E-03   20.00
  41  -400.0000    -973.736 0.5174   0.3302E-02  0.8470E-04  0.3661E-02  0.0000E+00      -1   0.563E-03   20.00
  42  -410.0000    -955.264 0.5188   0.3408E-02  0.8600E-04  0.1872E-02  0.0000E+00      -1   0.288E-03   20.00
  43  -420.0000    -942.671 0.5200   0.3553E-02  0.8728E-04 -0.1898E-04  0.0000E+00      -1  -0.292E-05   20.00
  44  -430.0000    -935.285 0.5207   0.3641E-02  0.8804E-04 -0.1782E-02  0.0000E+00      -1  -0.274E-03   20.00
  45  -440.0000    -932.456 0.5210   0.3675E-02  0.8833E-04 -0.3375E-02  0.0000E+00      -1  -0.519E-03   20.00
  46  -450.0000    -933.709 0.5209   0.3660E-02  0.8821E-04 -0.4784E-02  0.0000E+00      -1  -0.736E-03   20.00
  47  -460.0000    -938.691 0.5204   0.3601E-02  0.8769E-04 -0.5997E-02  0.0000E+00      -1  -0.923E-03   20.00
  48  -470.0000    -947.150 0.5196   0.3501E-02  0.8682E-04 -0.7017E-02  0.0000E+00      -1  -0.108E-02   20.00
  49  -480.0000    -958.867 0.5186   0.3388E-02  0.8576E-04 -0.7778E-02  0.0000E+00      -1  -0.120E-02   20.00
  50  -490.0000    -972.991 0.5175   0.3307E-02  0.8476E-04 -0.8284E-02  0.0000E+00      -1  -0.127E-02   20.00
  51  -500.0000    -989.032 0.5163   0.3215E-02  0.8363E-04 -0.8622E-02  0.0000E+00      -1  -0.133E-02   20.00
  52  -510.0000   -1006.690 0.5149   0.3114E-02  0.8238E-04 -0.8815E-02  0.0000E+00      -1  -0.136E-02   20.00
  53  -520.0000   -1025.710 0.5134   0.3005E-02  0.8104E-04 -0.8885E-02  0.0000E+00      -1  -0.137E-02   20.00
  54  -530.0000   -1045.885 0.5119   0.2889E-02  0.7962E-04 -0.8855E-02  0.0000E+00      -1  -0.136E-02   20.00
  55  -540.0000   -1067.061 0.5103   0.2768E-02  0.7812E-04 -0.8745E-02  0.0000E+00      -1  -0.135E-02   20.00
  56  -550.0000   -1089.133 0.5086   0.2641E-02  0.7657E-04 -0.8575E-02  0.0000E+00      -1  -0.132E-02   20.00
  57  -560.0000   -1112.049 0.5068   0.2510E-02  0.7495E-04 -0.8360E-02  0.0000E+00      -1  -0.129E-02   20.00
  58  -570.0000   -1135.808 0.5050   0.2373E-02  0.7327E-04 -0.8112E-02  0.0000E+00      -1  -0.125E-02   20.00
  59  -580.0000   -1160.466 0.5031   0.2232E-02  0.7153E-04 -0.7840E-02  0.0000E+00      -1  -0.121E-02   20.00
  60  -590.0000   -1186.136 0.5011   0.2085E-02  0.6972E-04 -0.7551E-02  0.0000E+00      -1  -0.116E-02   20.00
  61  -600.0000   -1212.762 0.4992   0.1957E-02  0.6804E-04 -0.7284E-02  0.0000E+00      -1  -0.112E-02   20.00
  62  -610.0000   -1240.066 0.4976   0.1884E-02  0.6676E-04 -0.7048E-02  0.0000E+00      -1  -0.108E-02   20.00
  63  -620.0000   -1267.593 0.4959   0.1810E-02  0.6547E-04 -0.6816E-02  0.0000E+00      -1  -0.105E-02   20.00
  64  -630.0000   -1295.397 0.4942   0.1735E-02  0.6417E-04 -0.6586E-02  0.0000E+00      -1  -0.101E-02   20.00
  65  -640.0000   -1323.531 0.4925   0.1659E-02  0.6285E-04 -0.6357E-02  0.0000E+00      -1  -0.978E-03   20.00
  66  -650.0000   -1352.044 0.4908   0.1583E-02  0.6152E-04 -0.6125E-02  0.0000E+00      -1  -0.942E-03   20.00
  67  -660.0000   -1380.964 0.4891   0.1505E-02  0.6016E-04 -0.5884E-02  0.0000E+00      -1  -0.905E-03   20.00
  68  -670.0000   -1410.277 0.4873   0.1426E-02  0.5879E-04 -0.5626E-02  0.0000E+00      -1  -0.866E-03   20.00
  69  -680.0000   -1439.902 0.4855   0.1346E-02  0.5741E-04 -0.5340E-02  0.0000E+00      -1  -0.822E-03   20.00
  70  -690.0000   -1469.630 0.4837   0.1266E-02  0.5601E-04 -0.5011E-02  0.0000E+00      -1  -0.771E-03   20.00
  71  -700.0000   -1499.043 0.4819   0.1187E-02  0.5464E-04 -0.4620E-02  0.0000E+00      -1  -0.711E-03   20.00
  72  -710.0000   -1527.216 0.4803   0.1122E-02  0.5344E-04 -0.4208E-02  0.0000E+00      -1  -0.647E-03   20.00
  73  -720.0000   -1553.494 0.4791   0.1089E-02  0.5265E-04 -0.3783E-02  0.0000E+00      -1  -0.582E-03   20.00
  74  -730.0000   -1576.568 0.4780   0.1061E-02  0.5195E-04 -0.3301E-02  0.0000E+00      -1  -0.508E-03   20.00
  75  -740.0000   -1595.611 0.4771   0.1037E-02  0.5137E-04 -0.2773E-02  0.0000E+00      -1  -0.427E-03   20.00
  76  -750.0000   -1609.934 0.4764   0.1019E-02  0.5094E-04 -0.2224E-02  0.0000E+00      -1  -0.342E-03   20.00
  77  -760.0000   -1619.145 0.4760   0.1008E-02  0.5066E-04 -0.1683E-02  0.0000E+00      -1  -0.259E-03   20.00
  78  -770.0000   -1623.260 0.4758   0.1003E-02  0.5053E-04 -0.1183E-02  0.0000E+00      -1  -0.182E-03   20.00
  79  -780.0000   -1622.703 0.4758   0.1003E-02  0.5055E-04 -0.7501E-03  0.0000E+00      -1  -0.115E-03   20.00
  80  -790.0000   -1618.198 0.4760   0.1009E-02  0.5069E-04 -0.3985E-03  0.0000E+00      -1  -0.613E-04   20.00
  81  -800.0000   -1610.605 0.4764   0.1018E-02  0.5092E-04 -0.1301E-03  0.0000E+00      -1  -0.200E-04   20.00
  82  -810.0000   -1600.764 0.4768   0.1031E-02  0.5121E-04  0.6300E-04  0.0000E+00      -1   0.969E-05   20.00
  83  -820.0000   -1589.393 0.4774   0.1045E-02  0.5156E-04  0.1944E-03  0.0000E+00      -1   0.299E-04   20.00
  84  -830.0000   -1577.049 0.4780   0.1060E-02  0.5193E-04  0.2789E-03  0.0000E+00      -1   0.429E-04   20.00
  85  -840.0000   -1564.134 0.4786   0.1076E-02  0.5232E-04  0.3301E-03  0.0000E+00      -1   0.508E-04   20.00
  86  -850.0000   -1550.916 0.4792   0.1092E-02  0.5272E-04  0.3586E-03  0.0000E+00      -1   0.552E-04   20.00
  87  -860.0000   -1537.570 0.4798   0.1109E-02  0.5313E-04  0.3722E-03  0.0000E+00      -1   0.573E-04   20.00
  88  -870.0000   -1524.203 0.4804   0.1125E-02  0.5353E-04  0.3759E-03  0.0000E+00      -1   0.578E-04   20.00
  89  -880.0000   -1510.907 0.4812   0.1155E-02  0.5408E-04  0.3715E-03  0.0000E+00      -1   0.572E-04   20.00
  90  -890.0000   -1497.776 0.4820   0.1190E-02  0.5470E-04  0.3588E-03  0.0000E+00      -1   0.552E-04   20.00
  91  -900.0000   -1484.874 0.4828   0.1225E-02  0.5530E-04  0.3367E-03  0.0000E+00      -1   0.518E-04   20.00
  92  -910.0000   -1472.274 0.4835   0.1259E-02  0.5589E-04  0.3016E-03  0.0000E+00      -1   0.464E-04   20.00
  93  -920.0000   -1460.076 0.4843   0.1292E-02  0.5646E-04  0.2482E-03  0.0000E+00      -1   0.382E-04   20.00
  94  -930.0000   -1448.423 0.4850   0.1323E-02  0.5701E-04  0.1695E-03  0.0000E+00      -1   0.261E-04   20.00
  95  -940.0000   -1437.504 0.4856   0.1353E-02  0.5752E-04  0.5821E-04  0.0000E+00      -1   0.896E-05   20.00
  96  -950.0000   -1427.552 0.4862   0.1379E-02  0.5798E-04 -0.9263E-04  0.0000E+00      -1  -0.143E-04   20.00
  97  -960.0000   -1418.837 0.4868   0.1403E-02  0.5839E-04 -0.2875E-03  0.0000E+00      -1  -0.442E-04   20.00
  98  -970.0000   -1411.643 0.4872   0.1422E-02  0.5873E-04 -0.5272E-03  0.0000E+00      -1  -0.811E-04   20.00
  99  -980.0000   -1406.247 0.4875   0.1437E-02  0.5898E-04 -0.8076E-03  0.0000E+00      -1  -0.124E-03   20.00
 100  -990.0000   -1402.888 0.4877   0.1446E-02  0.5914E-04 -0.1119E-02  0.0000E+00      -1  -0.172E-03   20.00
 101 -1000.0000   -1401.739 0.4878   0.1449E-02  0.5919E-04 -0.1281E-02  0.0000E+00      -1  -0.197E-03   20.00
end
