 ******* Program HYDRUS
 ******* 
 Welcome to HYDRUS-1D                                                    
 Date:  30.10.    Time:   4:35:32
 Units: L = mm   , T = min  , M = mmol 

----------------------------------------------------------
 Time       [T]       10.0000
----------------------------------------------------------
 Sub-region num.                     1            2
----------------------------------------------------------
 Length   [L]        0.10000E+04  0.10000E+04  0.00000E+00
 W-volume [L]        0.46546E+03  0.46546E+03  0.00000E+00
 In-flow  [L/T]      0.00000E+00  0.00000E+00  0.00000E+00
 h Mean   [L]       -0.24409E+04 -0.24409E+04  0.00000E+00
 Top Flux [L/T]     -0.78144E-05
 Bot Flux [L/T]      0.10210E-02
----------------------------------------------------------

----------------------------------------------------------
 Time       [T]       10.0010
----------------------------------------------------------
 Sub-region num.                     1            2
----------------------------------------------------------
 Length   [L]        0.10000E+04  0.10000E+04  0.00000E+00
 W-volume [L]        0.46546E+03  0.46546E+03  0.00000E+00
 In-flow  [L/T]      0.20981E-01  0.20981E-01  0.00000E+00
 h Mean   [L]       -0.24409E+04 -0.24409E+04  0.00000E+00
 Top Flux [L/T]     -0.87082E-05
 Bot Flux [L/T]      0.10199E-02
 WatBalT  [L]       -0.28596E-04
 WatBalR  [%]             29.041
----------------------------------------------------------

----------------------------------------------------------
 Time       [T]       20.0000
----------------------------------------------------------
 Sub-region num.                     1            2
----------------------------------------------------------
 Length   [L]        0.10000E+04  0.10000E+04  0.00000E+00
 W-volume [L]        0.46754E+03  0.46754E+03  0.00000E+00
 In-flow  [L/T]      0.20872E+00  0.20872E+00  0.00000E+00
 h Mean   [L]       -0.22732E+04 -0.22732E+04  0.00000E+00
 Top Flux [L/T]     -0.17780E+00
 Bot Flux [L/T]     -0.81183E-03
 WatBalT  [L]       -0.17905E-03
 WatBalR  [%]              0.007
----------------------------------------------------------

----------------------------------------------------------
 Time       [T]       30.0000
----------------------------------------------------------
 Sub-region num.                     1            2
----------------------------------------------------------
 Length   [L]        0.10000E+04  0.10000E+04  0.00000E+00
 W-volume [L]        0.46803E+03  0.46803E+03  0.00000E+00
 In-flow  [L/T]      0.48750E-01  0.48750E-01  0.00000E+00
 h Mean   [L]       -0.22122E+04 -0.22122E+04  0.00000E+00
 Top Flux [L/T]     -0.49722E-01
 Bot Flux [L/T]     -0.93010E-03
 WatBalT  [L]       -0.13089E-03
 WatBalR  [%]              0.003
----------------------------------------------------------

----------------------------------------------------------
 Time       [T]       40.0000
----------------------------------------------------------
 Sub-region num.                     1            2
----------------------------------------------------------
 Length   [L]        0.10000E+04  0.10000E+04  0.00000E+00
 W-volume [L]        0.46812E+03  0.46812E+03  0.00000E+00
 In-flow  [L/T]      0.87737E-02  0.87737E-02  0.00000E+00
 h Mean   [L]       -0.21827E+04 -0.21827E+04  0.00000E+00
 Top Flux [L/T]     -0.15679E-01
 Bot Flux [L/T]     -0.96775E-03
 WatBalT  [L]       -0.39577E-04
 WatBalR  [%]              0.001
----------------------------------------------------------

----------------------------------------------------------
 Time       [T]       50.0000
----------------------------------------------------------
 Sub-region num.                     1            2
----------------------------------------------------------
 Length   [L]        0.10000E+04  0.10000E+04  0.00000E+00
 W-volume [L]        0.46821E+03  0.46821E+03  0.00000E+00
 In-flow  [L/T]      0.87945E-02  0.87945E-02  0.00000E+00
 h Mean   [L]       -0.21620E+04 -0.21620E+04  0.00000E+00
 Top Flux [L/T]     -0.12604E-01
 Bot Flux [L/T]     -0.98222E-03
 WatBalT  [L]        0.26941E-04
 WatBalR  [%]              0.001
----------------------------------------------------------

----------------------------------------------------------
 Time       [T]       60.0000
----------------------------------------------------------
 Sub-region num.                     1            2
----------------------------------------------------------
 Length   [L]        0.10000E+04  0.10000E+04  0.00000E+00
 W-volume [L]        0.46819E+03  0.46819E+03  0.00000E+00
 In-flow  [L/T]     -0.11865E-02 -0.11865E-02  0.00000E+00
 h Mean   [L]       -0.21500E+04 -0.21500E+04  0.00000E+00
 Top Flux [L/T]     -0.54363E-02
 Bot Flux [L/T]     -0.98621E-03
 WatBalT  [L]       -0.22650E-04
 WatBalR  [%]              0.000
----------------------------------------------------------

----------------------------------------------------------
 Time       [T]       70.0000
----------------------------------------------------------
 Sub-region num.                     1            2
----------------------------------------------------------
 Length   [L]        0.10000E+04  0.10000E+04  0.00000E+00
 W-volume [L]        0.46828E+03  0.46828E+03  0.00000E+00
 In-flow  [L/T]      0.88299E-02  0.88299E-02  0.00000E+00
 h Mean   [L]       -0.21364E+04 -0.21364E+04  0.00000E+00
 Top Flux [L/T]     -0.96399E-02
 Bot Flux [L/T]     -0.98581E-03
 WatBalT  [L]       -0.25272E-04
 WatBalR  [%]              0.000
----------------------------------------------------------

----------------------------------------------------------
 Time       [T]       80.0000
----------------------------------------------------------
 Sub-region num.                     1            2
----------------------------------------------------------
 Length   [L]        0.10000E+04  0.10000E+04  0.00000E+00
 W-volume [L]        0.46827E+03  0.46827E+03  0.00000E+00
 In-flow  [L/T]     -0.11530E-02 -0.11530E-02  0.00000E+00
 h Mean   [L]       -0.21285E+04 -0.21285E+04  0.00000E+00
 Top Flux [L/T]     -0.36054E-02
 Bot Flux [L/T]     -0.98045E-03
 WatBalT  [L]       -0.17929E-03
 WatBalR  [%]              0.003
----------------------------------------------------------
 
 Calculation time [sec]   3.57999999821186     
