 ******* Program HYDRUS
 ******* 
 Welcome to HYDRUS-1D                                                    
 Date:  25. 9.    Time:  14:47:48
 Units: L = mm   , T = min  , M = mmol 



                               Node(  1)                      Node( 11)                      Node( 31)                      Node( 51)                      Node(101)

         time            h        theta    Flux           h        theta    Flux           h        theta    Flux           h        theta    Flux           h        theta    Flux  
         10.0001   -10063.83  0.3860 -0.298E-01      -4741.92  0.3946  0.912E-03      -1682.39  0.4730  0.994E-02      -1072.26  0.5099 -0.970E-02      -1434.11  0.4858 -0.469E-03
         10.0002   -10063.72  0.3860 -0.298E-01      -4741.92  0.3946  0.912E-03      -1682.39  0.4730  0.994E-02      -1072.26  0.5099 -0.970E-02      -1434.11  0.4858 -0.196E-02
         10.0003   -10063.57  0.3860 -0.302E-01      -4741.92  0.3946  0.912E-03      -1682.39  0.4730  0.994E-02      -1072.26  0.5099 -0.970E-02      -1434.11  0.4858 -0.121E-02
         10.0005   -10063.38  0.3860 -0.304E-01      -4741.92  0.3946  0.912E-03      -1682.39  0.4730  0.994E-02      -1072.26  0.5099 -0.970E-02      -1434.11  0.4858 -0.166E-02
         10.0008   -10063.10  0.3860 -0.298E-01      -4741.92  0.3946  0.912E-03      -1682.39  0.4730  0.994E-02      -1072.26  0.5099 -0.970E-02      -1434.11  0.4858 -0.136E-02
         10.0010   -10062.81  0.3860 -0.298E-01      -4741.92  0.3946  0.912E-03      -1682.39  0.4730  0.994E-02      -1072.26  0.5099 -0.970E-02      -1434.11  0.4858 -0.136E-02
         10.0011   -10061.96  0.3860 -0.210E+00      -4741.92  0.3946  0.912E-03      -1682.39  0.4730  0.994E-02      -1072.26  0.5099 -0.970E-02      -1434.11  0.4858 -0.470E-03
         10.0012   -10060.97  0.3860 -0.210E+00      -4741.92  0.3946  0.912E-03      -1682.39  0.4730  0.994E-02      -1072.26  0.5099 -0.970E-02      -1434.11  0.4858 -0.127E-02
         10.0014   -10059.61  0.3860 -0.210E+00      -4741.92  0.3946  0.912E-03      -1682.39  0.4730  0.994E-02      -1072.26  0.5099 -0.970E-02      -1434.12  0.4858 -0.163E-02
         10.0016   -10057.86  0.3860 -0.210E+00      -4741.92  0.3946  0.912E-03      -1682.39  0.4730  0.994E-02      -1072.26  0.5099 -0.970E-02      -1434.12  0.4858 -0.169E-02
         10.0019   -10055.57  0.3860 -0.210E+00      -4741.92  0.3946  0.912E-03      -1682.39  0.4730  0.994E-02      -1072.26  0.5099 -0.970E-02      -1434.12  0.4858 -0.107E-02
         10.0023   -10052.60  0.3860 -0.210E+00      -4741.92  0.3946  0.912E-03      -1682.39  0.4730  0.994E-02      -1072.26  0.5099 -0.970E-02      -1434.12  0.4858 -0.139E-02
         10.0028   -10048.74  0.3861 -0.210E+00      -4741.92  0.3946  0.912E-03      -1682.39  0.4730  0.994E-02      -1072.26  0.5099 -0.970E-02      -1434.13  0.4858 -0.145E-02
         10.0034   -10043.71  0.3861 -0.210E+00      -4741.92  0.3946  0.912E-03      -1682.39  0.4730  0.994E-02      -1072.26  0.5099 -0.970E-02      -1434.13  0.4858 -0.136E-02
         10.0042   -10037.18  0.3861 -0.210E+00      -4741.92  0.3946  0.912E-03      -1682.39  0.4730  0.994E-02      -1072.26  0.5099 -0.970E-02      -1434.14  0.4858 -0.136E-02
         10.0053   -10028.70  0.3862 -0.210E+00      -4741.92  0.3946  0.912E-03      -1682.38  0.4730  0.994E-02      -1072.26  0.5099 -0.970E-02      -1434.15  0.4858 -0.137E-02
         10.0066   -10017.66  0.3862 -0.210E+00      -4741.92  0.3946  0.912E-03      -1682.38  0.4730  0.994E-02      -1072.26  0.5099 -0.970E-02      -1434.16  0.4858 -0.136E-02
         10.0084   -10003.32  0.3863 -0.210E+00      -4741.92  0.3946  0.912E-03      -1682.38  0.4730  0.994E-02      -1072.26  0.5099 -0.970E-02      -1434.17  0.4858 -0.132E-02
         10.0108    -9984.66  0.3864 -0.210E+00      -4741.92  0.3946  0.912E-03      -1682.38  0.4730  0.994E-02      -1072.26  0.5099 -0.970E-02      -1434.19  0.4858 -0.136E-02
         10.0138    -9960.42  0.3865 -0.210E+00      -4741.92  0.3946  0.912E-03      -1682.37  0.4730  0.994E-02      -1072.26  0.5099 -0.970E-02      -1434.21  0.4858 -0.136E-02
         10.0177    -9928.91  0.3867 -0.210E+00      -4741.92  0.3946  0.912E-03      -1682.37  0.4730  0.994E-02      -1072.26  0.5099 -0.970E-02      -1434.24  0.4858 -0.134E-02
         10.0228    -9887.96  0.3869 -0.210E+00      -4741.91  0.3946  0.912E-03      -1682.36  0.4730  0.994E-02      -1072.25  0.5099 -0.970E-02      -1434.28  0.4858 -0.133E-02
         10.0295    -9834.73  0.3872 -0.210E+00      -4741.91  0.3946  0.912E-03      -1682.35  0.4730  0.994E-02      -1072.25  0.5099 -0.970E-02      -1434.33  0.4858 -0.134E-02
         10.0382    -9766.80  0.3875 -0.210E+00      -4741.91  0.3946  0.912E-03      -1682.33  0.4730  0.994E-02      -1072.25  0.5099 -0.970E-02      -1434.40  0.4858 -0.134E-02
         10.0494    -9701.20  0.3880 -0.210E+00      -4741.90  0.3946  0.912E-03      -1682.32  0.4730  0.994E-02      -1072.24  0.5099 -0.970E-02      -1434.49  0.4858 -0.134E-02
         10.0640    -9610.38  0.3886 -0.210E+00      -4741.90  0.3946  0.912E-03      -1682.29  0.4730  0.994E-02      -1072.23  0.5099 -0.970E-02      -1434.60  0.4858 -0.134E-02
         10.0830    -9497.05  0.3894 -0.210E+00      -4741.89  0.3946  0.912E-03      -1682.26  0.4730  0.994E-02      -1072.22  0.5099 -0.970E-02      -1434.74  0.4858 -0.134E-02
         10.1077    -9347.86  0.3905 -0.210E+00      -4741.88  0.3946  0.912E-03      -1682.22  0.4730  0.994E-02      -1072.21  0.5099 -0.970E-02      -1434.92  0.4858 -0.134E-02
         10.1398    -9155.30  0.3918 -0.210E+00      -4741.87  0.3946  0.912E-03      -1682.17  0.4730  0.995E-02      -1072.20  0.5099 -0.970E-02      -1435.16  0.4858 -0.134E-02
         10.1816    -8904.77  0.3935 -0.210E+00      -4741.86  0.3946  0.912E-03      -1682.11  0.4730  0.995E-02      -1072.18  0.5099 -0.970E-02      -1435.46  0.4858 -0.134E-02
         10.2359    -8580.08  0.3958 -0.210E+00      -4741.84  0.3946  0.912E-03      -1682.02  0.4730  0.995E-02      -1072.15  0.5099 -0.970E-02      -1435.84  0.4857 -0.134E-02
         10.3064    -8159.14  0.3987 -0.210E+00      -4741.81  0.3946  0.912E-03      -1681.91  0.4730  0.995E-02      -1072.12  0.5099 -0.970E-02      -1436.32  0.4857 -0.133E-02
         10.3982    -7649.56  0.4025 -0.210E+00      -4741.78  0.3946  0.912E-03      -1681.76  0.4730  0.995E-02      -1072.08  0.5099 -0.970E-02      -1436.93  0.4857 -0.133E-02
         10.5174    -7128.27  0.4074 -0.210E+00      -4741.74  0.3946  0.912E-03      -1681.56  0.4730  0.995E-02      -1072.03  0.5099 -0.970E-02      -1437.67  0.4856 -0.133E-02
         10.6725    -6431.29  0.4137 -0.210E+00      -4741.68  0.3946  0.912E-03      -1681.31  0.4730  0.995E-02      -1071.95  0.5099 -0.970E-02      -1438.59  0.4856 -0.133E-02
         10.8740    -5720.51  0.4218 -0.210E+00      -4741.61  0.3946  0.912E-03      -1680.97  0.4731  0.996E-02      -1071.86  0.5099 -0.970E-02      -1439.70  0.4855 -0.133E-02
         11.1360    -4881.15  0.4319 -0.210E+00      -4741.52  0.3946  0.912E-03      -1680.53  0.4731  0.996E-02      -1071.74  0.5099 -0.970E-02      -1441.03  0.4854 -0.133E-02
         11.4766    -4108.37  0.4443 -0.210E+00      -4741.40  0.3946  0.913E-03      -1679.95  0.4731  0.997E-02      -1071.58  0.5099 -0.970E-02      -1442.60  0.4853 -0.132E-02
         11.9194    -3374.12  0.4586 -0.210E+00      -4741.24  0.3946  0.913E-03      -1679.18  0.4731  0.997E-02      -1071.38  0.5099 -0.970E-02      -1444.39  0.4852 -0.132E-02
         12.4950    -2755.56  0.4736 -0.210E+00      -4741.04  0.3946  0.913E-03      -1678.16  0.4732  0.999E-02      -1071.12  0.5100 -0.970E-02      -1446.44  0.4851 -0.132E-02
         13.0706    -2342.51  0.4857 -0.210E+00      -4740.84  0.3946  0.913E-03      -1677.12  0.4732  0.100E-01      -1070.85  0.5100 -0.971E-02      -1448.25  0.4850 -0.131E-02
         13.8405    -2028.49  0.4974 -0.210E+00      -4740.58  0.3946  0.914E-03      -1675.72  0.4733  0.100E-01      -1070.50  0.5100 -0.971E-02      -1450.39  0.4849 -0.131E-02
         14.6105    -1804.74  0.5067 -0.210E+00      -4740.32  0.3946  0.914E-03      -1674.30  0.4734  0.100E-01      -1070.14  0.5100 -0.971E-02      -1452.29  0.4847 -0.131E-02
         15.5087    -1606.89  0.5163 -0.210E+00      -4740.02  0.3946  0.915E-03      -1672.63  0.4734  0.101E-01      -1069.73  0.5101 -0.971E-02      -1454.29  0.4846 -0.130E-02
         16.6315    -1427.99  0.5264 -0.210E+00      -4739.66  0.3946  0.916E-03      -1670.53  0.4735  0.101E-01      -1069.22  0.5101 -0.971E-02      -1456.52  0.4845 -0.130E-02
         17.7544    -1285.65  0.5350 -0.210E+00      -4739.31  0.3946  0.917E-03      -1668.42  0.4736  0.101E-01      -1068.71  0.5102 -0.971E-02      -1458.55  0.4844 -0.129E-02
         18.8772    -1171.65  0.5427 -0.210E+00      -4738.98  0.3946  0.919E-03      -1666.29  0.4737  0.101E-01      -1068.21  0.5102 -0.971E-02      -1460.42  0.4843 -0.129E-02
         20.0000    -1087.30  0.5493 -0.210E+00      -4738.67  0.3947  0.921E-03      -1664.17  0.4738  0.102E-01      -1067.72  0.5102 -0.971E-02      -1462.17  0.4841 -0.128E-02
         20.0001    -1087.43  0.5493 -0.509E-01      -4738.67  0.3947  0.921E-03      -1664.17  0.4738  0.102E-01      -1067.72  0.5102 -0.971E-02      -1462.16  0.4841 -0.810E-03
         20.0002    -1087.44  0.5493 -0.505E-01      -4738.67  0.3947  0.921E-03      -1664.17  0.4738  0.102E-01      -1067.72  0.5102 -0.971E-02      -1462.16  0.4841 -0.810E-03
         20.0004    -1087.52  0.5493 -0.502E-01      -4738.67  0.3947  0.921E-03      -1664.17  0.4738  0.102E-01      -1067.72  0.5102 -0.971E-02      -1462.16  0.4841 -0.169E-02
         20.0006    -1087.58  0.5493 -0.500E-01      -4738.67  0.3947  0.921E-03      -1664.17  0.4738  0.102E-01      -1067.72  0.5102 -0.971E-02      -1462.17  0.4841 -0.149E-02
         20.0009    -1087.68  0.5493 -0.505E-01      -4738.67  0.3947  0.921E-03      -1664.17  0.4738  0.102E-01      -1067.72  0.5102 -0.971E-02      -1462.17  0.4841 -0.133E-02
         20.0013    -1087.80  0.5493 -0.503E-01      -4738.67  0.3947  0.921E-03      -1664.17  0.4738  0.102E-01      -1067.72  0.5102 -0.971E-02      -1462.17  0.4841 -0.121E-02
         20.0018    -1087.95  0.5493 -0.502E-01      -4738.67  0.3947  0.921E-03      -1664.17  0.4738  0.102E-01      -1067.72  0.5102 -0.971E-02      -1462.17  0.4841 -0.112E-02
         20.0024    -1088.16  0.5493 -0.498E-01      -4738.67  0.3947  0.921E-03      -1664.17  0.4738  0.102E-01      -1067.72  0.5102 -0.971E-02      -1462.17  0.4841 -0.129E-02
         20.0032    -1088.42  0.5493 -0.502E-01      -4738.67  0.3947  0.921E-03      -1664.17  0.4738  0.102E-01      -1067.72  0.5102 -0.971E-02      -1462.17  0.4841 -0.136E-02
         20.0043    -1088.76  0.5492 -0.500E-01      -4738.67  0.3947  0.921E-03      -1664.16  0.4738  0.102E-01      -1067.72  0.5102 -0.971E-02      -1462.17  0.4841 -0.123E-02
         20.0056    -1089.21  0.5492 -0.500E-01      -4738.67  0.3947  0.921E-03      -1664.16  0.4738  0.102E-01      -1067.72  0.5102 -0.971E-02      -1462.17  0.4841 -0.124E-02
         20.0074    -1089.78  0.5491 -0.501E-01      -4738.67  0.3947  0.921E-03      -1664.16  0.4738  0.102E-01      -1067.72  0.5102 -0.971E-02      -1462.18  0.4841 -0.131E-02
         20.0098    -1090.53  0.5491 -0.500E-01      -4738.67  0.3947  0.921E-03      -1664.15  0.4738  0.102E-01      -1067.71  0.5102 -0.971E-02      -1462.18  0.4841 -0.126E-02
         20.0128    -1091.50  0.5490 -0.500E-01      -4738.67  0.3947  0.921E-03      -1664.15  0.4738  0.102E-01      -1067.71  0.5102 -0.971E-02      -1462.18  0.4841 -0.125E-02
         20.0167    -1092.75  0.5489 -0.500E-01      -4738.67  0.3947  0.921E-03      -1664.14  0.4738  0.102E-01      -1067.71  0.5102 -0.971E-02      -1462.19  0.4841 -0.126E-02
         20.0218    -1094.36  0.5488 -0.500E-01      -4738.67  0.3947  0.921E-03      -1664.13  0.4738  0.102E-01      -1067.71  0.5102 -0.971E-02      -1462.20  0.4841 -0.128E-02
         20.0285    -1096.44  0.5486 -0.500E-01      -4738.66  0.3947  0.921E-03      -1664.12  0.4738  0.102E-01      -1067.71  0.5102 -0.971E-02      -1462.21  0.4841 -0.128E-02
         20.0372    -1099.11  0.5484 -0.500E-01      -4738.66  0.3947  0.921E-03      -1664.10  0.4738  0.102E-01      -1067.70  0.5102 -0.971E-02      -1462.22  0.4841 -0.128E-02
         20.0484    -1102.52  0.5481 -0.500E-01      -4738.66  0.3947  0.921E-03      -1664.08  0.4738  0.102E-01      -1067.70  0.5102 -0.971E-02      -1462.24  0.4841 -0.129E-02
         20.0630    -1106.87  0.5478 -0.500E-01      -4738.66  0.3947  0.921E-03      -1664.05  0.4738  0.102E-01      -1067.69  0.5102 -0.971E-02      -1462.26  0.4841 -0.128E-02
         20.0820    -1112.38  0.5474 -0.500E-01      -4738.65  0.3947  0.921E-03      -1664.02  0.4739  0.102E-01      -1067.68  0.5102 -0.971E-02      -1462.29  0.4841 -0.128E-02
         20.1067    -1119.31  0.5468 -0.500E-01      -4738.64  0.3947  0.921E-03      -1663.97  0.4739  0.102E-01      -1067.67  0.5102 -0.971E-02      -1462.33  0.4841 -0.128E-02
         20.1388    -1127.94  0.5461 -0.500E-01      -4738.63  0.3947  0.921E-03      -1663.91  0.4739  0.102E-01      -1067.66  0.5102 -0.971E-02      -1462.38  0.4841 -0.128E-02
         20.1806    -1138.57  0.5453 -0.500E-01      -4738.62  0.3947  0.921E-03      -1663.83  0.4739  0.102E-01      -1067.64  0.5102 -0.971E-02      -1462.44  0.4841 -0.128E-02
         20.2349    -1151.49  0.5442 -0.500E-01      -4738.61  0.3947  0.921E-03      -1663.73  0.4739  0.102E-01      -1067.62  0.5102 -0.971E-02      -1462.53  0.4841 -0.128E-02
         20.3054    -1166.93  0.5430 -0.500E-01      -4738.59  0.3947  0.921E-03      -1663.59  0.4739  0.102E-01      -1067.59  0.5102 -0.971E-02      -1462.63  0.4841 -0.128E-02
         20.3972    -1185.01  0.5416 -0.500E-01      -4738.56  0.3947  0.921E-03      -1663.42  0.4739  0.102E-01      -1067.55  0.5102 -0.971E-02      -1462.77  0.4841 -0.128E-02
         20.5164    -1206.25  0.5399 -0.500E-01      -4738.53  0.3947  0.922E-03      -1663.20  0.4739  0.102E-01      -1067.50  0.5102 -0.971E-02      -1462.95  0.4841 -0.128E-02
         20.6715    -1237.18  0.5380 -0.500E-01      -4738.49  0.3947  0.922E-03      -1662.90  0.4739  0.102E-01      -1067.43  0.5102 -0.971E-02      -1463.18  0.4841 -0.128E-02
         20.8730    -1270.32  0.5359 -0.500E-01      -4738.44  0.3947  0.922E-03      -1662.52  0.4739  0.102E-01      -1067.34  0.5103 -0.971E-02      -1463.48  0.4841 -0.128E-02
         21.1350    -1307.06  0.5337 -0.500E-01      -4738.37  0.3947  0.923E-03      -1662.03  0.4739  0.102E-01      -1067.23  0.5103 -0.970E-02      -1463.86  0.4840 -0.128E-02
         21.4756    -1345.03  0.5313 -0.500E-01      -4738.29  0.3947  0.924E-03      -1661.39  0.4740  0.102E-01      -1067.09  0.5103 -0.970E-02      -1464.35  0.4840 -0.128E-02
         21.9184    -1383.32  0.5289 -0.500E-01      -4738.18  0.3947  0.925E-03      -1660.56  0.4740  0.102E-01      -1066.91  0.5103 -0.970E-02      -1464.97  0.4840 -0.127E-02
         22.4940    -1419.85  0.5267 -0.500E-01      -4738.05  0.3947  0.926E-03      -1659.49  0.4741  0.102E-01      -1066.68  0.5103 -0.969E-02      -1465.75  0.4839 -0.127E-02
         23.2446    -1452.92  0.5246 -0.500E-01      -4737.89  0.3947  0.928E-03      -1658.10  0.4741  0.102E-01      -1066.38  0.5103 -0.968E-02      -1466.74  0.4839 -0.127E-02
         24.2096    -1480.59  0.5229 -0.500E-01      -4737.71  0.3947  0.931E-03      -1656.33  0.4742  0.103E-01      -1066.03  0.5104 -0.967E-02      -1467.96  0.4838 -0.127E-02
         25.3677    -1500.61  0.5217 -0.500E-01      -4737.53  0.3947  0.935E-03      -1654.23  0.4743  0.103E-01      -1065.63  0.5104 -0.964E-02      -1469.36  0.4837 -0.126E-02
         26.9118    -1512.67  0.5209 -0.500E-01      -4737.36  0.3947  0.940E-03      -1651.49  0.4744  0.103E-01      -1065.16  0.5104 -0.961E-02      -1471.14  0.4836 -0.126E-02
         30.0000    -1513.64  0.5210 -0.500E-01      -4737.32  0.3947  0.953E-03      -1646.29  0.4747  0.103E-01      -1064.47  0.5105 -0.950E-02      -1474.42  0.4834 -0.125E-02
         30.0001    -1513.27  0.5210 -0.111E-01      -4737.32  0.3947  0.953E-03      -1646.28  0.4747  0.103E-01      -1064.47  0.5105 -0.950E-02      -1474.42  0.4834 -0.930E-03
         30.0002    -1513.38  0.5210 -0.109E-01      -4737.32  0.3947  0.953E-03      -1646.28  0.4747  0.103E-01      -1064.47  0.5105 -0.950E-02      -1474.42  0.4834 -0.930E-03
         30.0004    -1513.32  0.5210 -0.930E-02      -4737.32  0.3947  0.953E-03      -1646.28  0.4747  0.103E-01      -1064.47  0.5105 -0.950E-02      -1474.42  0.4834 -0.930E-03
         30.0006    -1513.38  0.5210 -0.105E-01      -4737.32  0.3947  0.953E-03      -1646.28  0.4747  0.103E-01      -1064.47  0.5105 -0.950E-02      -1474.42  0.4834 -0.161E-02
         30.0009    -1513.40  0.5210 -0.102E-01      -4737.32  0.3947  0.953E-03      -1646.28  0.4747  0.103E-01      -1064.47  0.5105 -0.950E-02      -1474.42  0.4834 -0.145E-02
         30.0013    -1513.46  0.5210 -0.970E-02      -4737.32  0.3947  0.953E-03      -1646.28  0.4747  0.103E-01      -1064.47  0.5105 -0.950E-02      -1474.42  0.4834 -0.133E-02
         30.0018    -1513.52  0.5210 -0.103E-01      -4737.32  0.3947  0.953E-03      -1646.28  0.4747  0.103E-01      -1064.47  0.5105 -0.950E-02      -1474.42  0.4834 -0.124E-02
         30.0024    -1513.60  0.5209 -0.992E-02      -4737.32  0.3947  0.953E-03      -1646.28  0.4747  0.103E-01      -1064.47  0.5105 -0.950E-02      -1474.42  0.4834 -0.117E-02
         30.0032    -1513.70  0.5209 -0.997E-02      -4737.32  0.3947  0.953E-03      -1646.28  0.4747  0.103E-01      -1064.47  0.5105 -0.950E-02      -1474.42  0.4834 -0.130E-02
         30.0043    -1513.84  0.5209 -0.987E-02      -4737.32  0.3947  0.953E-03      -1646.28  0.4747  0.103E-01      -1064.46  0.5105 -0.950E-02      -1474.42  0.4834 -0.121E-02
         30.0056    -1514.02  0.5209 -0.997E-02      -4737.32  0.3947  0.953E-03      -1646.27  0.4747  0.103E-01      -1064.47  0.5105 -0.950E-02      -1474.42  0.4834 -0.125E-02
         30.0074    -1514.25  0.5209 -0.996E-02      -4737.32  0.3947  0.953E-03      -1646.27  0.4747  0.103E-01      -1064.47  0.5105 -0.950E-02      -1474.42  0.4834 -0.126E-02
         30.0098    -1514.55  0.5209 -0.100E-01      -4737.32  0.3947  0.953E-03      -1646.27  0.4747  0.103E-01      -1064.46  0.5105 -0.950E-02      -1474.43  0.4834 -0.125E-02
         30.0128    -1514.93  0.5209 -0.100E-01      -4737.32  0.3947  0.953E-03      -1646.26  0.4747  0.103E-01      -1064.46  0.5105 -0.950E-02      -1474.43  0.4834 -0.122E-02
         30.0167    -1515.44  0.5208 -0.100E-01      -4737.32  0.3947  0.953E-03      -1646.26  0.4747  0.103E-01      -1064.46  0.5105 -0.950E-02      -1474.43  0.4834 -0.123E-02
         30.0218    -1516.09  0.5208 -0.999E-02      -4737.32  0.3947  0.953E-03      -1646.25  0.4747  0.103E-01      -1064.46  0.5105 -0.950E-02      -1474.44  0.4834 -0.125E-02
         30.0285    -1516.94  0.5207 -0.999E-02      -4737.32  0.3947  0.954E-03      -1646.23  0.4747  0.103E-01      -1064.46  0.5105 -0.950E-02      -1474.44  0.4834 -0.124E-02
         30.0372    -1518.03  0.5207 -0.999E-02      -4737.32  0.3947  0.954E-03      -1646.22  0.4747  0.103E-01      -1064.46  0.5105 -0.950E-02      -1474.45  0.4834 -0.126E-02
         30.0484    -1519.44  0.5206 -0.999E-02      -4737.32  0.3947  0.954E-03      -1646.20  0.4747  0.103E-01      -1064.46  0.5105 -0.950E-02      -1474.47  0.4834 -0.125E-02
         30.0630    -1521.69  0.5205 -0.100E-01      -4737.32  0.3947  0.954E-03      -1646.18  0.4747  0.103E-01      -1064.45  0.5105 -0.950E-02      -1474.48  0.4834 -0.125E-02
         30.0820    -1524.72  0.5203 -0.100E-01      -4737.32  0.3947  0.954E-03      -1646.14  0.4747  0.103E-01      -1064.45  0.5105 -0.950E-02      -1474.50  0.4834 -0.125E-02
         30.1067    -1528.62  0.5201 -0.100E-01      -4737.32  0.3947  0.954E-03      -1646.10  0.4747  0.103E-01      -1064.44  0.5105 -0.950E-02      -1474.53  0.4834 -0.125E-02
         30.1388    -1533.62  0.5199 -0.100E-01      -4737.32  0.3947  0.954E-03      -1646.05  0.4747  0.103E-01      -1064.44  0.5105 -0.950E-02      -1474.56  0.4834 -0.125E-02
         30.1806    -1540.00  0.5196 -0.100E-01      -4737.32  0.3947  0.954E-03      -1645.98  0.4747  0.103E-01      -1064.43  0.5105 -0.949E-02      -1474.61  0.4834 -0.125E-02
         30.2349    -1548.09  0.5192 -0.100E-01      -4737.32  0.3947  0.954E-03      -1645.89  0.4747  0.103E-01      -1064.42  0.5105 -0.949E-02      -1474.66  0.4834 -0.125E-02
         30.3054    -1558.28  0.5187 -0.100E-01      -4737.32  0.3947  0.955E-03      -1645.77  0.4747  0.103E-01      -1064.40  0.5105 -0.949E-02      -1474.74  0.4834 -0.125E-02
         30.3972    -1571.01  0.5181 -0.100E-01      -4737.32  0.3947  0.955E-03      -1645.62  0.4747  0.103E-01      -1064.38  0.5105 -0.949E-02      -1474.83  0.4834 -0.125E-02
         30.5164    -1586.75  0.5174 -0.100E-01      -4737.32  0.3947  0.956E-03      -1645.42  0.4747  0.103E-01      -1064.36  0.5105 -0.948E-02      -1474.96  0.4834 -0.125E-02
         30.6715    -1605.98  0.5164 -0.100E-01      -4737.32  0.3947  0.956E-03      -1645.16  0.4747  0.103E-01      -1064.32  0.5105 -0.948E-02      -1475.12  0.4834 -0.125E-02
         30.8730    -1629.14  0.5153 -0.100E-01      -4737.32  0.3947  0.957E-03      -1644.82  0.4748  0.103E-01      -1064.28  0.5105 -0.947E-02      -1475.32  0.4833 -0.125E-02
         31.1350    -1656.58  0.5140 -0.100E-01      -4737.33  0.3947  0.958E-03      -1644.39  0.4748  0.103E-01      -1064.23  0.5105 -0.946E-02      -1475.59  0.4833 -0.125E-02
         31.4756    -1688.55  0.5125 -0.100E-01      -4737.34  0.3947  0.960E-03      -1643.83  0.4748  0.103E-01      -1064.17  0.5105 -0.945E-02      -1475.94  0.4833 -0.125E-02
         31.9184    -1725.06  0.5107 -0.100E-01      -4737.37  0.3947  0.962E-03      -1643.11  0.4748  0.103E-01      -1064.10  0.5105 -0.943E-02      -1476.38  0.4833 -0.124E-02
         32.4940    -1765.97  0.5088 -0.100E-01      -4737.41  0.3947  0.965E-03      -1642.18  0.4749  0.103E-01      -1064.01  0.5105 -0.941E-02      -1476.95  0.4833 -0.124E-02
         33.2446    -1811.01  0.5066 -0.100E-01      -4737.48  0.3947  0.969E-03      -1641.00  0.4749  0.103E-01      -1063.91  0.5105 -0.937E-02      -1477.68  0.4832 -0.124E-02
         34.2096    -1859.03  0.5043 -0.100E-01      -4737.61  0.3947  0.974E-03      -1639.50  0.4750  0.103E-01      -1063.80  0.5105 -0.933E-02      -1478.60  0.4832 -0.124E-02
         35.3677    -1906.52  0.5020 -0.100E-01      -4737.81  0.3947  0.980E-03      -1637.75  0.4751  0.103E-01      -1063.72  0.5105 -0.928E-02      -1479.67  0.4831 -0.124E-02
         36.9118    -1968.71  0.4997 -0.100E-01      -4738.17  0.3947  0.989E-03      -1635.51  0.4752  0.103E-01      -1063.67  0.5105 -0.920E-02      -1481.06  0.4830 -0.123E-02
         40.0000    -2054.81  0.4964 -0.100E-01      -4739.23  0.3946  0.101E-02      -1631.40  0.4754  0.103E-01      -1063.84  0.5105 -0.903E-02      -1483.68  0.4828 -0.123E-02
         42.5000    -2117.50  0.4942 -0.100E-01      -4740.26  0.3946  0.102E-02      -1628.30  0.4755  0.103E-01      -1064.11  0.5105 -0.888E-02      -1485.73  0.4827 -0.122E-02
         46.2500    -2185.76  0.4916 -0.100E-01      -4742.30  0.3946  0.105E-02      -1624.23  0.4757  0.102E-01      -1064.85  0.5104 -0.866E-02      -1488.62  0.4825 -0.121E-02
         50.0000    -2241.94  0.4896 -0.100E-01      -4744.68  0.3946  0.107E-02      -1620.57  0.4759  0.101E-01      -1065.85  0.5104 -0.843E-02      -1491.39  0.4824 -0.120E-02
         55.0000    -2467.49  0.4822 -0.172E-07      -4748.48  0.3945  0.110E-02      -1616.48  0.4761  0.996E-02      -1067.59  0.5102 -0.812E-02      -1494.86  0.4822 -0.120E-02
         60.0000    -2628.39  0.4771 -0.135E-07      -4752.69  0.3944  0.113E-02      -1613.03  0.4763  0.981E-02      -1069.62  0.5101 -0.783E-02      -1498.18  0.4820 -0.119E-02
         60.0001    -2634.97  0.4771 -0.946E-02      -4752.65  0.3944  0.113E-02      -1612.98  0.4763  0.981E-02      -1069.59  0.5101 -0.783E-02      -1498.20  0.4820 -0.986E-03
         60.0002    -2633.65  0.4771 -0.960E-02      -4752.66  0.3944  0.113E-02      -1612.99  0.4763  0.981E-02      -1069.59  0.5101 -0.783E-02      -1498.20  0.4820 -0.986E-03
         60.0004    -2634.66  0.4771 -0.103E-01      -4752.65  0.3944  0.113E-02      -1612.98  0.4763  0.981E-02      -1069.59  0.5101 -0.783E-02      -1498.20  0.4820 -0.986E-03
         60.0006    -2634.30  0.4771 -0.975E-02      -4752.65  0.3944  0.113E-02      -1612.98  0.4763  0.981E-02      -1069.59  0.5101 -0.783E-02      -1498.20  0.4820 -0.986E-03
         60.0009    -2634.47  0.4771 -0.102E-01      -4752.65  0.3944  0.113E-02      -1612.98  0.4763  0.981E-02      -1069.59  0.5101 -0.783E-02      -1498.20  0.4820 -0.986E-03
         60.0013    -2634.38  0.4771 -0.982E-02      -4752.65  0.3944  0.113E-02      -1612.98  0.4763  0.981E-02      -1069.59  0.5101 -0.783E-02      -1498.20  0.4820 -0.986E-03
         60.0018    -2634.40  0.4771 -0.994E-02      -4752.65  0.3944  0.113E-02      -1612.98  0.4763  0.981E-02      -1069.59  0.5101 -0.783E-02      -1498.20  0.4820 -0.130E-02
         60.0024    -2634.36  0.4771 -0.999E-02      -4752.65  0.3944  0.113E-02      -1612.98  0.4763  0.981E-02      -1069.59  0.5101 -0.783E-02      -1498.20  0.4820 -0.122E-02
         60.0032    -2634.34  0.4771 -0.993E-02      -4752.65  0.3944  0.113E-02      -1612.98  0.4763  0.981E-02      -1069.59  0.5101 -0.783E-02      -1498.20  0.4820 -0.117E-02
         60.0043    -2634.30  0.4771 -0.101E-01      -4752.65  0.3944  0.113E-02      -1612.98  0.4763  0.981E-02      -1069.59  0.5101 -0.783E-02      -1498.20  0.4820 -0.113E-02
         60.0056    -2634.25  0.4771 -0.998E-02      -4752.65  0.3944  0.113E-02      -1612.98  0.4763  0.981E-02      -1069.59  0.5101 -0.783E-02      -1498.20  0.4820 -0.120E-02
         60.0074    -2634.19  0.4771 -0.100E-01      -4752.65  0.3944  0.113E-02      -1612.98  0.4763  0.981E-02      -1069.59  0.5101 -0.783E-02      -1498.20  0.4820 -0.115E-02
         60.0098    -2634.10  0.4771 -0.100E-01      -4752.66  0.3944  0.113E-02      -1612.97  0.4763  0.981E-02      -1069.59  0.5101 -0.783E-02      -1498.20  0.4820 -0.118E-02
         60.0128    -2634.00  0.4771 -0.999E-02      -4752.66  0.3944  0.113E-02      -1612.97  0.4763  0.981E-02      -1069.59  0.5101 -0.783E-02      -1498.21  0.4820 -0.118E-02
         60.0167    -2633.86  0.4771 -0.100E-01      -4752.66  0.3944  0.113E-02      -1612.97  0.4763  0.981E-02      -1069.59  0.5101 -0.783E-02      -1498.21  0.4820 -0.118E-02
         60.0218    -2633.67  0.4771 -0.100E-01      -4752.67  0.3944  0.113E-02      -1612.97  0.4763  0.981E-02      -1069.60  0.5101 -0.783E-02      -1498.21  0.4820 -0.119E-02
         60.0285    -2633.44  0.4771 -0.999E-02      -4752.67  0.3944  0.113E-02      -1612.96  0.4763  0.981E-02      -1069.60  0.5101 -0.783E-02      -1498.22  0.4820 -0.119E-02
         60.0372    -2633.13  0.4772 -0.100E-01      -4752.68  0.3944  0.113E-02      -1612.95  0.4763  0.981E-02      -1069.60  0.5101 -0.783E-02      -1498.22  0.4820 -0.119E-02
         60.0484    -2632.74  0.4772 -0.100E-01      -4752.69  0.3944  0.113E-02      -1612.95  0.4763  0.981E-02      -1069.61  0.5101 -0.783E-02      -1498.23  0.4820 -0.119E-02
         60.0630    -2632.23  0.4772 -0.100E-01      -4752.70  0.3944  0.113E-02      -1612.94  0.4763  0.981E-02      -1069.61  0.5101 -0.783E-02      -1498.24  0.4820 -0.119E-02
         60.0820    -2631.56  0.4772 -0.100E-01      -4752.72  0.3944  0.113E-02      -1612.92  0.4763  0.981E-02      -1069.62  0.5101 -0.782E-02      -1498.25  0.4820 -0.119E-02
         60.1067    -2630.71  0.4772 -0.100E-01      -4752.74  0.3944  0.113E-02      -1612.91  0.4763  0.981E-02      -1069.63  0.5101 -0.782E-02      -1498.27  0.4820 -0.119E-02
         60.1388    -2629.61  0.4773 -0.100E-01      -4752.77  0.3944  0.113E-02      -1612.89  0.4763  0.980E-02      -1069.64  0.5101 -0.782E-02      -1498.29  0.4820 -0.119E-02
         60.1806    -2628.20  0.4773 -0.100E-01      -4752.80  0.3944  0.113E-02      -1612.86  0.4763  0.980E-02      -1069.66  0.5101 -0.782E-02      -1498.32  0.4820 -0.119E-02
         60.2349    -2626.40  0.4773 -0.100E-01      -4752.85  0.3944  0.113E-02      -1612.82  0.4763  0.980E-02      -1069.68  0.5101 -0.782E-02      -1498.35  0.4820 -0.119E-02
         60.3054    -2624.10  0.4774 -0.100E-01      -4752.91  0.3944  0.113E-02      -1612.77  0.4763  0.980E-02      -1069.71  0.5101 -0.781E-02      -1498.40  0.4820 -0.119E-02
         60.3972    -2621.20  0.4775 -0.100E-01      -4752.99  0.3944  0.113E-02      -1612.71  0.4763  0.980E-02      -1069.75  0.5101 -0.781E-02      -1498.46  0.4819 -0.119E-02
         60.5164    -2617.57  0.4776 -0.100E-01      -4753.09  0.3944  0.113E-02      -1612.63  0.4763  0.979E-02      -1069.80  0.5101 -0.780E-02      -1498.54  0.4819 -0.119E-02
         60.6715    -2613.06  0.4777 -0.100E-01      -4753.22  0.3944  0.113E-02      -1612.53  0.4763  0.979E-02      -1069.87  0.5101 -0.779E-02      -1498.64  0.4819 -0.119E-02
         60.8730    -2607.54  0.4779 -0.100E-01      -4753.40  0.3944  0.113E-02      -1612.39  0.4763  0.978E-02      -1069.95  0.5101 -0.778E-02      -1498.77  0.4819 -0.119E-02
         61.1350    -2600.91  0.4781 -0.100E-01      -4753.62  0.3944  0.114E-02      -1612.22  0.4763  0.977E-02      -1070.06  0.5100 -0.776E-02      -1498.95  0.4819 -0.119E-02
         61.4756    -2593.11  0.4783 -0.100E-01      -4753.92  0.3944  0.114E-02      -1612.00  0.4763  0.976E-02      -1070.21  0.5100 -0.774E-02      -1499.17  0.4819 -0.118E-02
         61.9184    -2584.21  0.4785 -0.100E-01      -4754.31  0.3944  0.114E-02      -1611.72  0.4763  0.975E-02      -1070.40  0.5100 -0.772E-02      -1499.46  0.4819 -0.118E-02
         62.4940    -2574.41  0.4788 -0.100E-01      -4754.82  0.3944  0.114E-02      -1611.36  0.4763  0.973E-02      -1070.65  0.5100 -0.768E-02      -1499.83  0.4819 -0.118E-02
         63.2446    -2564.08  0.4791 -0.100E-01      -4755.50  0.3944  0.115E-02      -1610.91  0.4764  0.971E-02      -1070.98  0.5100 -0.764E-02      -1500.31  0.4818 -0.118E-02
         64.2096    -2553.92  0.4794 -0.100E-01      -4756.38  0.3944  0.115E-02      -1610.35  0.4764  0.968E-02      -1071.42  0.5099 -0.759E-02      -1500.93  0.4818 -0.118E-02
         65.3677    -2545.03  0.4796 -0.100E-01      -4757.46  0.3944  0.116E-02      -1609.72  0.4764  0.964E-02      -1071.96  0.5099 -0.752E-02      -1501.66  0.4818 -0.118E-02
         66.9118    -2537.26  0.4799 -0.100E-01      -4758.92  0.3943  0.117E-02      -1608.93  0.4765  0.959E-02      -1072.70  0.5098 -0.744E-02      -1502.62  0.4817 -0.118E-02
         70.0000    -2530.04  0.4801 -0.100E-01      -4761.92  0.3943  0.118E-02      -1607.57  0.4765  0.949E-02      -1074.26  0.5097 -0.727E-02      -1504.50  0.4816 -0.117E-02
         72.5000    -2659.65  0.4767 -0.168E-07      -4764.38  0.3942  0.119E-02      -1606.57  0.4766  0.941E-02      -1075.56  0.5096 -0.714E-02      -1505.99  0.4815 -0.117E-02
         76.2500    -2767.14  0.4732  0.885E-08      -4768.10  0.3942  0.121E-02      -1605.37  0.4766  0.928E-02      -1077.58  0.5095 -0.695E-02      -1508.19  0.4814 -0.116E-02
         80.0000    -2868.44  0.4705 -0.130E-07      -4771.81  0.3941  0.122E-02      -1604.37  0.4767  0.915E-02      -1079.67  0.5093 -0.678E-02      -1510.35  0.4812 -0.115E-02
end
