 ******* Program HYDRUS
 ******* 
 Welcome to HYDRUS-1D                                                    
 Date:  30.10.    Time:   4:35:32
 Units: L = mm   , T = min  , M = mmol 

       Time          rTop        rRoot        vTop         vRoot        vBot       sum(rTop)   sum(rRoot)    sum(vTop)   sum(vRoot)    sum(vBot)      hTop         hRoot        hBot        RunOff    sum(RunOff)     Volume     sum(Infil)    sum(Evap) TLevel Cum(WTrans)  SnowLayer
        [T]         [L/T]        [L/T]        [L/T]        [L/T]        [L/T]         [L]          [L]          [L]         [L]           [L]         [L]           [L]         [L]          [L/T]         [L]          [L]          [L]          [L]

      10.0001 -0.30000E-01  0.00000E+00 -0.29810E-01  0.00000E+00 -0.46925E-03 -0.30000E-05  0.00000E+00 -0.29810E-05  0.00000E+00 -0.46925E-07 -0.10064E+05  0.00000E+00 -0.14341E+04  0.18977E-03  0.18977E-07  0.46546E+03  0.29810E-05  0.00000E+00      1  0.00000E+00      0.000
      10.0002 -0.30000E-01  0.00000E+00 -0.29810E-01  0.00000E+00 -0.19594E-02 -0.60000E-05  0.00000E+00 -0.59621E-05  0.00000E+00 -0.24286E-06 -0.10064E+05  0.00000E+00 -0.14341E+04  0.18968E-03  0.37945E-07  0.46546E+03  0.59621E-05  0.00000E+00      2  0.00000E+00      0.000
      10.0003 -0.30000E-01  0.00000E+00 -0.30183E-01  0.00000E+00 -0.12146E-02 -0.10000E-04  0.00000E+00 -0.99865E-05  0.00000E+00 -0.40480E-06 -0.10064E+05  0.00000E+00 -0.14341E+04  0.18297E-03  0.62340E-07  0.46546E+03  0.99865E-05  0.00000E+00      3  0.00000E+00      0.000
      10.0005 -0.30000E-01  0.00000E+00 -0.30407E-01  0.00000E+00 -0.16617E-02 -0.15000E-04  0.00000E+00 -0.15054E-04  0.00000E+00 -0.68175E-06 -0.10063E+05  0.00000E+00 -0.14341E+04  0.40664E-03  0.13011E-06  0.46546E+03  0.15054E-04  0.00000E+00      4  0.00000E+00      0.000
      10.0008 -0.30000E-01  0.00000E+00 -0.29811E-01  0.00000E+00 -0.13640E-02 -0.22500E-04  0.00000E+00 -0.22507E-04  0.00000E+00 -0.10228E-05 -0.10063E+05  0.00000E+00 -0.14341E+04  0.18919E-03  0.17741E-06  0.46546E+03  0.22507E-04  0.00000E+00      5  0.00000E+00      0.000
      10.0010 -0.30000E-01  0.00000E+00 -0.29811E-01  0.00000E+00 -0.13642E-02 -0.30000E-04  0.00000E+00 -0.29960E-04  0.00000E+00 -0.13638E-05 -0.10063E+05  0.00000E+00 -0.14341E+04  0.18897E-03  0.22465E-06  0.46546E+03  0.29960E-04  0.00000E+00      6  0.00000E+00      0.000
      10.0011 -0.21000E+00  0.00000E+00 -0.21012E+00  0.00000E+00 -0.47031E-03 -0.51000E-04  0.00000E+00 -0.50971E-04  0.00000E+00 -0.14108E-05 -0.10062E+05  0.00000E+00 -0.14341E+04  0.11575E-03  0.23623E-06  0.46546E+03  0.50971E-04  0.00000E+00      7  0.00000E+00      0.000
      10.0012 -0.21000E+00  0.00000E+00 -0.20977E+00  0.00000E+00 -0.12728E-02 -0.78300E-04  0.00000E+00 -0.78242E-04  0.00000E+00 -0.15763E-05 -0.10061E+05  0.00000E+00 -0.14341E+04  0.22732E-03  0.26578E-06  0.46546E+03  0.78242E-04  0.00000E+00      8  0.00000E+00      0.000
      10.0014 -0.21000E+00  0.00000E+00 -0.20986E+00  0.00000E+00 -0.16256E-02 -0.11379E-03  0.00000E+00 -0.11371E-03  0.00000E+00 -0.18510E-05 -0.10060E+05  0.00000E+00 -0.14341E+04  0.13807E-03  0.28911E-06  0.46546E+03  0.11371E-03  0.00000E+00      9  0.00000E+00      0.000
      10.0016 -0.21000E+00  0.00000E+00 -0.21027E+00  0.00000E+00 -0.16937E-02 -0.15993E-03  0.00000E+00 -0.15990E-03  0.00000E+00 -0.22231E-05 -0.10058E+05  0.00000E+00 -0.14341E+04  0.27026E-03  0.34849E-06  0.46546E+03  0.15990E-03  0.00000E+00     10  0.00000E+00      0.000
      10.0019 -0.21000E+00  0.00000E+00 -0.20975E+00  0.00000E+00 -0.10680E-02 -0.21991E-03  0.00000E+00 -0.21981E-03  0.00000E+00 -0.25282E-05 -0.10056E+05  0.00000E+00 -0.14341E+04  0.24968E-03  0.41980E-06  0.46546E+03  0.21981E-03  0.00000E+00     11  0.00000E+00      0.000
      10.0023 -0.21000E+00  0.00000E+00 -0.20991E+00  0.00000E+00 -0.13893E-02 -0.29788E-03  0.00000E+00 -0.29775E-03  0.00000E+00 -0.30440E-05 -0.10053E+05  0.00000E+00 -0.14341E+04  0.86814E-04  0.45204E-06  0.46546E+03  0.29775E-03  0.00000E+00     12  0.00000E+00      0.000
      10.0028 -0.21000E+00  0.00000E+00 -0.20995E+00  0.00000E+00 -0.14516E-02 -0.39924E-03  0.00000E+00 -0.39909E-03  0.00000E+00 -0.37447E-05 -0.10049E+05  0.00000E+00 -0.14341E+04  0.52899E-04  0.47757E-06  0.46546E+03  0.39909E-03  0.00000E+00     13  0.00000E+00      0.000
      10.0034 -0.21000E+00  0.00000E+00 -0.20995E+00  0.00000E+00 -0.13574E-02 -0.53101E-03  0.00000E+00 -0.53083E-03  0.00000E+00 -0.45964E-05 -0.10044E+05  0.00000E+00 -0.14341E+04  0.48935E-04  0.50828E-06  0.46546E+03  0.53083E-03  0.00000E+00     14  0.00000E+00      0.000
      10.0042 -0.21000E+00  0.00000E+00 -0.20992E+00  0.00000E+00 -0.13582E-02 -0.70231E-03  0.00000E+00 -0.70207E-03  0.00000E+00 -0.57043E-05 -0.10037E+05  0.00000E+00 -0.14341E+04  0.80332E-04  0.57381E-06  0.46546E+03  0.70207E-03  0.00000E+00     15  0.00000E+00      0.000
      10.0053 -0.21000E+00  0.00000E+00 -0.20997E+00  0.00000E+00 -0.13734E-02 -0.92501E-03  0.00000E+00 -0.92473E-03  0.00000E+00 -0.71607E-05 -0.10029E+05  0.00000E+00 -0.14341E+04  0.31486E-04  0.60719E-06  0.46546E+03  0.92473E-03  0.00000E+00     16  0.00000E+00      0.000
      10.0066 -0.21000E+00  0.00000E+00 -0.20996E+00  0.00000E+00 -0.13640E-02 -0.12145E-02  0.00000E+00 -0.12142E-02  0.00000E+00 -0.90412E-05 -0.10018E+05  0.00000E+00 -0.14342E+04  0.44420E-04  0.66843E-06  0.46546E+03  0.12142E-02  0.00000E+00     17  0.00000E+00      0.000
      10.0084 -0.21000E+00  0.00000E+00 -0.21000E+00  0.00000E+00 -0.13160E-02 -0.15909E-02  0.00000E+00 -0.15905E-02  0.00000E+00 -0.11400E-04 -0.10003E+05  0.00000E+00 -0.14342E+04  0.00000E+00  0.66843E-06  0.46546E+03  0.15905E-02  0.00000E+00     18  0.00000E+00      0.000
      10.0108 -0.21000E+00  0.00000E+00 -0.20998E+00  0.00000E+00 -0.13568E-02 -0.20801E-02  0.00000E+00 -0.20797E-02  0.00000E+00 -0.14561E-04 -0.99847E+04  0.00000E+00 -0.14342E+04  0.16987E-04  0.70801E-06  0.46546E+03  0.20797E-02  0.00000E+00     19  0.00000E+00      0.000
      10.0138 -0.21000E+00  0.00000E+00 -0.21002E+00  0.00000E+00 -0.13551E-02 -0.27162E-02  0.00000E+00 -0.27158E-02  0.00000E+00 -0.18665E-04 -0.99604E+04  0.00000E+00 -0.14342E+04  0.21979E-04  0.77458E-06  0.46546E+03  0.27158E-02  0.00000E+00     20  0.00000E+00      0.000
      10.0177 -0.21000E+00  0.00000E+00 -0.21001E+00  0.00000E+00 -0.13441E-02 -0.35430E-02  0.00000E+00 -0.35427E-02  0.00000E+00 -0.23957E-04 -0.99289E+04  0.00000E+00 -0.14342E+04  0.00000E+00  0.77458E-06  0.46546E+03  0.35427E-02  0.00000E+00     21  0.00000E+00      0.000
      10.0228 -0.21000E+00  0.00000E+00 -0.20999E+00  0.00000E+00 -0.13320E-02 -0.46179E-02  0.00000E+00 -0.46175E-02  0.00000E+00 -0.30775E-04 -0.98879E+04  0.00000E+00 -0.14343E+04  0.13903E-04  0.84574E-06  0.46546E+03  0.46175E-02  0.00000E+00     22  0.00000E+00      0.000
      10.0295 -0.21000E+00  0.00000E+00 -0.21000E+00  0.00000E+00 -0.13388E-02 -0.60153E-02  0.00000E+00 -0.60149E-02  0.00000E+00 -0.39684E-04 -0.98347E+04  0.00000E+00 -0.14343E+04  0.00000E+00  0.84574E-06  0.46546E+03  0.60149E-02  0.00000E+00     23  0.00000E+00      0.000
      10.0382 -0.21000E+00  0.00000E+00 -0.21001E+00  0.00000E+00 -0.13442E-02 -0.78319E-02  0.00000E+00 -0.78316E-02  0.00000E+00 -0.51311E-04 -0.97668E+04  0.00000E+00 -0.14344E+04  0.00000E+00  0.84574E-06  0.46546E+03  0.78316E-02  0.00000E+00     24  0.00000E+00      0.000
      10.0494 -0.21000E+00  0.00000E+00 -0.21000E+00  0.00000E+00 -0.13357E-02 -0.10193E-01  0.00000E+00 -0.10193E-01  0.00000E+00 -0.66332E-04 -0.97012E+04  0.00000E+00 -0.14345E+04  0.00000E+00  0.84574E-06  0.46547E+03  0.10193E-01  0.00000E+00     25  0.00000E+00      0.000
      10.0640 -0.21000E+00  0.00000E+00 -0.21000E+00  0.00000E+00 -0.13383E-02 -0.13263E-01  0.00000E+00 -0.13263E-01  0.00000E+00 -0.85897E-04 -0.96103E+04  0.00000E+00 -0.14346E+04  0.00000E+00  0.84574E-06  0.46547E+03  0.13263E-01  0.00000E+00     26  0.00000E+00      0.000
      10.0830 -0.21000E+00  0.00000E+00 -0.21000E+00  0.00000E+00 -0.13375E-02 -0.17255E-01  0.00000E+00 -0.17254E-01  0.00000E+00 -0.11132E-03 -0.94970E+04  0.00000E+00 -0.14347E+04  0.00000E+00  0.84574E-06  0.46547E+03  0.17254E-01  0.00000E+00     27  0.00000E+00      0.000
      10.1077 -0.21000E+00  0.00000E+00 -0.21000E+00  0.00000E+00 -0.13375E-02 -0.22443E-01  0.00000E+00 -0.22442E-01  0.00000E+00 -0.14436E-03 -0.93477E+04  0.00000E+00 -0.14349E+04  0.00000E+00  0.84574E-06  0.46548E+03  0.22442E-01  0.00000E+00     28  0.00000E+00      0.000
      10.1398 -0.21000E+00  0.00000E+00 -0.21000E+00  0.00000E+00 -0.13364E-02 -0.29188E-01  0.00000E+00 -0.29187E-01  0.00000E+00 -0.18728E-03 -0.91550E+04  0.00000E+00 -0.14352E+04  0.00000E+00  0.84574E-06  0.46548E+03  0.29187E-01  0.00000E+00     29  0.00000E+00      0.000
      10.1816 -0.21000E+00  0.00000E+00 -0.21000E+00  0.00000E+00 -0.13381E-02 -0.37956E-01  0.00000E+00 -0.37956E-01  0.00000E+00 -0.24315E-03 -0.89043E+04  0.00000E+00 -0.14355E+04  0.00000E+00  0.84574E-06  0.46549E+03  0.37956E-01  0.00000E+00     30  0.00000E+00      0.000
      10.2359 -0.21000E+00  0.00000E+00 -0.21000E+00  0.00000E+00 -0.13366E-02 -0.49355E-01  0.00000E+00 -0.49354E-01  0.00000E+00 -0.31571E-03 -0.85792E+04  0.00000E+00 -0.14358E+04  0.00000E+00  0.84574E-06  0.46550E+03  0.49354E-01  0.00000E+00     31  0.00000E+00      0.000
      10.3064 -0.21000E+00  0.00000E+00 -0.21000E+00  0.00000E+00 -0.13341E-02 -0.64173E-01  0.00000E+00 -0.64173E-01  0.00000E+00 -0.40985E-03 -0.81577E+04  0.00000E+00 -0.14363E+04  0.00000E+00  0.84574E-06  0.46552E+03  0.64173E-01  0.00000E+00     32  0.00000E+00      0.000
      10.3982 -0.21000E+00  0.00000E+00 -0.21000E+00  0.00000E+00 -0.13341E-02 -0.83437E-01  0.00000E+00 -0.83437E-01  0.00000E+00 -0.53223E-03 -0.76477E+04  0.00000E+00 -0.14369E+04  0.00000E+00  0.84574E-06  0.46554E+03  0.83437E-01  0.00000E+00     33  0.00000E+00      0.000
      10.5174 -0.21000E+00  0.00000E+00 -0.21000E+00  0.00000E+00 -0.13332E-02 -0.10848E+00  0.00000E+00 -0.10848E+00  0.00000E+00 -0.69121E-03 -0.71247E+04  0.00000E+00 -0.14377E+04  0.00000E+00  0.84574E-06  0.46556E+03  0.10848E+00  0.00000E+00     34  0.00000E+00      0.000
      10.6725 -0.21000E+00  0.00000E+00 -0.21000E+00  0.00000E+00 -0.13311E-02 -0.14104E+00  0.00000E+00 -0.14104E+00  0.00000E+00 -0.89758E-03 -0.64249E+04  0.00000E+00 -0.14386E+04  0.00000E+00  0.84574E-06  0.46560E+03  0.14104E+00  0.00000E+00     35  0.00000E+00      0.000
      10.8740 -0.21000E+00  0.00000E+00 -0.21000E+00  0.00000E+00 -0.13296E-02 -0.18336E+00  0.00000E+00 -0.18336E+00  0.00000E+00 -0.11655E-02 -0.57115E+04  0.00000E+00 -0.14397E+04  0.00000E+00  0.84574E-06  0.46564E+03  0.18336E+00  0.00000E+00     36  0.00000E+00      0.000
      11.1360 -0.21000E+00  0.00000E+00 -0.21000E+00  0.00000E+00 -0.13274E-02 -0.23838E+00  0.00000E+00 -0.23838E+00  0.00000E+00 -0.15133E-02 -0.48648E+04  0.00000E+00 -0.14410E+04  0.00000E+00  0.84574E-06  0.46569E+03  0.23838E+00  0.00000E+00     37  0.00000E+00      0.000
      11.4766 -0.21000E+00  0.00000E+00 -0.21000E+00  0.00000E+00 -0.13247E-02 -0.30991E+00  0.00000E+00 -0.30990E+00  0.00000E+00 -0.19645E-02 -0.40817E+04  0.00000E+00 -0.14426E+04  0.00000E+00  0.84574E-06  0.46576E+03  0.30990E+00  0.00000E+00     38  0.00000E+00      0.000
      11.9194 -0.21000E+00  0.00000E+00 -0.21000E+00  0.00000E+00 -0.13215E-02 -0.40289E+00  0.00000E+00 -0.40289E+00  0.00000E+00 -0.25497E-02 -0.33357E+04  0.00000E+00 -0.14444E+04  0.00000E+00  0.84574E-06  0.46586E+03  0.40289E+00  0.00000E+00     39  0.00000E+00      0.000
      12.4950 -0.21000E+00  0.00000E+00 -0.21000E+00  0.00000E+00 -0.13176E-02 -0.52377E+00  0.00000E+00 -0.52377E+00  0.00000E+00 -0.33081E-02 -0.27029E+04  0.00000E+00 -0.14464E+04  0.00000E+00  0.84574E-06  0.46598E+03  0.52377E+00  0.00000E+00     40  0.00000E+00      0.000
      13.0706 -0.21000E+00  0.00000E+00 -0.21000E+00  0.00000E+00 -0.13138E-02 -0.64465E+00  0.00000E+00 -0.64465E+00  0.00000E+00 -0.40644E-02 -0.23013E+04  0.00000E+00 -0.14483E+04  0.00000E+00  0.84574E-06  0.46610E+03  0.64465E+00  0.00000E+00     41  0.00000E+00      0.000
      13.6462 -0.21000E+00  0.00000E+00 -0.21000E+00  0.00000E+00 -0.13104E-02 -0.76552E+00  0.00000E+00 -0.76552E+00  0.00000E+00 -0.48186E-02 -0.20316E+04  0.00000E+00 -0.14499E+04  0.00000E+00  0.84574E-06  0.46622E+03  0.76552E+00  0.00000E+00     42  0.00000E+00      0.000
      14.2218 -0.21000E+00  0.00000E+00 -0.21000E+00  0.00000E+00 -0.13070E-02 -0.88640E+00  0.00000E+00 -0.88640E+00  0.00000E+00 -0.55709E-02 -0.18345E+04  0.00000E+00 -0.14514E+04  0.00000E+00  0.84574E-06  0.46634E+03  0.88640E+00  0.00000E+00     43  0.00000E+00      0.000
      14.9441 -0.21000E+00  0.00000E+00 -0.21000E+00  0.00000E+00 -0.13033E-02 -0.10381E+01  0.00000E+00 -0.10381E+01  0.00000E+00 -0.65123E-02 -0.16610E+04  0.00000E+00 -0.14531E+04  0.00000E+00  0.84574E-06  0.46649E+03  0.10381E+01  0.00000E+00     44  0.00000E+00      0.000
      15.9553 -0.21000E+00  0.00000E+00 -0.21000E+00  0.00000E+00 -0.12982E-02 -0.12504E+01  0.00000E+00 -0.12504E+01  0.00000E+00 -0.78250E-02 -0.14686E+04  0.00000E+00 -0.14552E+04  0.00000E+00  0.84574E-06  0.46670E+03  0.12504E+01  0.00000E+00     45  0.00000E+00      0.000
      16.9665 -0.21000E+00  0.00000E+00 -0.21000E+00  0.00000E+00 -0.12936E-02 -0.14628E+01  0.00000E+00 -0.14628E+01  0.00000E+00 -0.91331E-02 -0.13274E+04  0.00000E+00 -0.14572E+04  0.00000E+00  0.84574E-06  0.46691E+03  0.14628E+01  0.00000E+00     46  0.00000E+00      0.000
      17.9776 -0.21000E+00  0.00000E+00 -0.21000E+00  0.00000E+00 -0.12892E-02 -0.16751E+01  0.00000E+00 -0.16751E+01  0.00000E+00 -0.10437E-01 -0.11960E+04  0.00000E+00 -0.14590E+04  0.00000E+00  0.84574E-06  0.46712E+03  0.16751E+01  0.00000E+00     47  0.00000E+00      0.000
      18.9888 -0.21000E+00  0.00000E+00 -0.21000E+00  0.00000E+00 -0.12851E-02 -0.18875E+01  0.00000E+00 -0.18875E+01  0.00000E+00 -0.11736E-01 -0.11111E+04  0.00000E+00 -0.14606E+04  0.00000E+00  0.84574E-06  0.46733E+03  0.18875E+01  0.00000E+00     48  0.00000E+00      0.000
      20.0000 -0.21000E+00  0.00000E+00 -0.21000E+00  0.00000E+00 -0.12812E-02 -0.20998E+01  0.00000E+00 -0.20998E+01  0.00000E+00 -0.13032E-01 -0.10280E+04  0.00000E+00 -0.14622E+04  0.00000E+00  0.84574E-06  0.46754E+03  0.20998E+01  0.00000E+00     49  0.00000E+00      0.000
      20.0001 -0.50000E-01  0.00000E+00 -0.50595E-01  0.00000E+00 -0.81182E-03 -0.20998E+01  0.00000E+00 -0.20998E+01  0.00000E+00 -0.13032E-01 -0.10290E+04  0.00000E+00 -0.14622E+04  0.59466E-03  0.90521E-06  0.46754E+03  0.20998E+01  0.00000E+00     50  0.00000E+00      0.000
      20.0002 -0.50000E-01  0.00000E+00 -0.50224E-01  0.00000E+00 -0.81182E-03 -0.20998E+01  0.00000E+00 -0.20998E+01  0.00000E+00 -0.13032E-01 -0.10288E+04  0.00000E+00 -0.14622E+04  0.22369E-03  0.93429E-06  0.46754E+03  0.20998E+01  0.00000E+00     51  0.00000E+00      0.000
      20.0004 -0.50000E-01  0.00000E+00 -0.49934E-01  0.00000E+00 -0.16936E-02 -0.20998E+01  0.00000E+00 -0.20998E+01  0.00000E+00 -0.13032E-01 -0.10290E+04  0.00000E+00 -0.14622E+04  0.65941E-04  0.94543E-06  0.46754E+03  0.20998E+01  0.00000E+00     52  0.00000E+00      0.000
      20.0006 -0.50000E-01  0.00000E+00 -0.49725E-01  0.00000E+00 -0.14901E-02 -0.20999E+01  0.00000E+00 -0.20999E+01  0.00000E+00 -0.13032E-01 -0.10291E+04  0.00000E+00 -0.14622E+04  0.27462E-03  0.10058E-05  0.46754E+03  0.20999E+01  0.00000E+00     53  0.00000E+00      0.000
      20.0009 -0.50000E-01  0.00000E+00 -0.50217E-01  0.00000E+00 -0.13336E-02 -0.20999E+01  0.00000E+00 -0.20999E+01  0.00000E+00 -0.13033E-01 -0.10292E+04  0.00000E+00 -0.14622E+04  0.21688E-03  0.10677E-05  0.46754E+03  0.20999E+01  0.00000E+00     54  0.00000E+00      0.000
      20.0013 -0.50000E-01  0.00000E+00 -0.50064E-01  0.00000E+00 -0.12132E-02 -0.20999E+01  0.00000E+00 -0.20999E+01  0.00000E+00 -0.13033E-01 -0.10293E+04  0.00000E+00 -0.14622E+04  0.63729E-04  0.10914E-05  0.46754E+03  0.20999E+01  0.00000E+00     55  0.00000E+00      0.000
      20.0018 -0.50000E-01  0.00000E+00 -0.49985E-01  0.00000E+00 -0.11206E-02 -0.20999E+01  0.00000E+00 -0.20999E+01  0.00000E+00 -0.13034E-01 -0.10294E+04  0.00000E+00 -0.14622E+04  0.15114E-04  0.10987E-05  0.46754E+03  0.20999E+01  0.00000E+00     56  0.00000E+00      0.000
      20.0024 -0.50000E-01  0.00000E+00 -0.50064E-01  0.00000E+00 -0.12868E-02 -0.20999E+01  0.00000E+00 -0.20999E+01  0.00000E+00 -0.13035E-01 -0.10296E+04  0.00000E+00 -0.14622E+04  0.64489E-04  0.11391E-05  0.46754E+03  0.20999E+01  0.00000E+00     57  0.00000E+00      0.000
      20.0032 -0.50000E-01  0.00000E+00 -0.49925E-01  0.00000E+00 -0.13598E-02 -0.21000E+01  0.00000E+00 -0.21000E+01  0.00000E+00 -0.13036E-01 -0.10299E+04  0.00000E+00 -0.14622E+04  0.74927E-04  0.12003E-05  0.46754E+03  0.21000E+01  0.00000E+00     58  0.00000E+00      0.000
      20.0043 -0.50000E-01  0.00000E+00 -0.50108E-01  0.00000E+00 -0.12335E-02 -0.21000E+01  0.00000E+00 -0.21000E+01  0.00000E+00 -0.13037E-01 -0.10303E+04  0.00000E+00 -0.14622E+04  0.10760E-03  0.13144E-05  0.46754E+03  0.21000E+01  0.00000E+00     59  0.00000E+00      0.000
      20.0056 -0.50000E-01  0.00000E+00 -0.49980E-01  0.00000E+00 -0.12443E-02 -0.21001E+01  0.00000E+00 -0.21001E+01  0.00000E+00 -0.13039E-01 -0.10307E+04  0.00000E+00 -0.14622E+04  0.20150E-04  0.13421E-05  0.46754E+03  0.21001E+01  0.00000E+00     60  0.00000E+00      0.000
      20.0074 -0.50000E-01  0.00000E+00 -0.50056E-01  0.00000E+00 -0.13108E-02 -0.21002E+01  0.00000E+00 -0.21002E+01  0.00000E+00 -0.13041E-01 -0.10313E+04  0.00000E+00 -0.14622E+04  0.55667E-04  0.14419E-05  0.46754E+03  0.21002E+01  0.00000E+00     61  0.00000E+00      0.000
      20.0098 -0.50000E-01  0.00000E+00 -0.50018E-01  0.00000E+00 -0.12597E-02 -0.21003E+01  0.00000E+00 -0.21003E+01  0.00000E+00 -0.13044E-01 -0.10320E+04  0.00000E+00 -0.14622E+04  0.18042E-04  0.14839E-05  0.46754E+03  0.21003E+01  0.00000E+00     62  0.00000E+00      0.000
      20.0128 -0.50000E-01  0.00000E+00 -0.49988E-01  0.00000E+00 -0.12549E-02 -0.21005E+01  0.00000E+00 -0.21005E+01  0.00000E+00 -0.13048E-01 -0.10330E+04  0.00000E+00 -0.14622E+04  0.12372E-04  0.15214E-05  0.46754E+03  0.21005E+01  0.00000E+00     63  0.00000E+00      0.000
      20.0167 -0.50000E-01  0.00000E+00 -0.49993E-01  0.00000E+00 -0.12663E-02 -0.21007E+01  0.00000E+00 -0.21007E+01  0.00000E+00 -0.13053E-01 -0.10342E+04  0.00000E+00 -0.14622E+04  0.00000E+00  0.15214E-05  0.46754E+03  0.21007E+01  0.00000E+00     64  0.00000E+00      0.000
      20.0218 -0.50000E-01  0.00000E+00 -0.50009E-01  0.00000E+00 -0.12780E-02 -0.21009E+01  0.00000E+00 -0.21009E+01  0.00000E+00 -0.13059E-01 -0.10358E+04  0.00000E+00 -0.14622E+04  0.00000E+00  0.15214E-05  0.46754E+03  0.21009E+01  0.00000E+00     65  0.00000E+00      0.000
      20.0285 -0.50000E-01  0.00000E+00 -0.49994E-01  0.00000E+00 -0.12826E-02 -0.21012E+01  0.00000E+00 -0.21012E+01  0.00000E+00 -0.13068E-01 -0.10379E+04  0.00000E+00 -0.14622E+04  0.00000E+00  0.15214E-05  0.46754E+03  0.21012E+01  0.00000E+00     66  0.00000E+00      0.000
      20.0372 -0.50000E-01  0.00000E+00 -0.50011E-01  0.00000E+00 -0.12777E-02 -0.21017E+01  0.00000E+00 -0.21017E+01  0.00000E+00 -0.13079E-01 -0.10406E+04  0.00000E+00 -0.14623E+04  0.10941E-04  0.16160E-05  0.46754E+03  0.21017E+01  0.00000E+00     67  0.00000E+00      0.000
      20.0484 -0.50000E-01  0.00000E+00 -0.49999E-01  0.00000E+00 -0.12767E-02 -0.21022E+01  0.00000E+00 -0.21022E+01  0.00000E+00 -0.13093E-01 -0.10440E+04  0.00000E+00 -0.14623E+04  0.00000E+00  0.16160E-05  0.46754E+03  0.21022E+01  0.00000E+00     68  0.00000E+00      0.000
      20.0630 -0.50000E-01  0.00000E+00 -0.50000E-01  0.00000E+00 -0.12822E-02 -0.21030E+01  0.00000E+00 -0.21030E+01  0.00000E+00 -0.13112E-01 -0.10484E+04  0.00000E+00 -0.14623E+04  0.00000E+00  0.16160E-05  0.46755E+03  0.21030E+01  0.00000E+00     69  0.00000E+00      0.000
      20.0820 -0.50000E-01  0.00000E+00 -0.49995E-01  0.00000E+00 -0.12764E-02 -0.21039E+01  0.00000E+00 -0.21039E+01  0.00000E+00 -0.13136E-01 -0.10539E+04  0.00000E+00 -0.14623E+04  0.00000E+00  0.16160E-05  0.46755E+03  0.21039E+01  0.00000E+00     70  0.00000E+00      0.000
      20.1067 -0.50000E-01  0.00000E+00 -0.50002E-01  0.00000E+00 -0.12788E-02 -0.21052E+01  0.00000E+00 -0.21052E+01  0.00000E+00 -0.13168E-01 -0.10609E+04  0.00000E+00 -0.14624E+04  0.00000E+00  0.16160E-05  0.46755E+03  0.21052E+01  0.00000E+00     71  0.00000E+00      0.000
      20.1388 -0.50000E-01  0.00000E+00 -0.49999E-01  0.00000E+00 -0.12791E-02 -0.21068E+01  0.00000E+00 -0.21068E+01  0.00000E+00 -0.13209E-01 -0.10696E+04  0.00000E+00 -0.14624E+04  0.00000E+00  0.16160E-05  0.46755E+03  0.21068E+01  0.00000E+00     72  0.00000E+00      0.000
      20.1806 -0.50000E-01  0.00000E+00 -0.50003E-01  0.00000E+00 -0.12802E-02 -0.21088E+01  0.00000E+00 -0.21089E+01  0.00000E+00 -0.13262E-01 -0.10804E+04  0.00000E+00 -0.14625E+04  0.00000E+00  0.16160E-05  0.46755E+03  0.21089E+01  0.00000E+00     73  0.00000E+00      0.000
      20.2349 -0.50000E-01  0.00000E+00 -0.49998E-01  0.00000E+00 -0.12814E-02 -0.21116E+01  0.00000E+00 -0.21116E+01  0.00000E+00 -0.13332E-01 -0.10935E+04  0.00000E+00 -0.14626E+04  0.00000E+00  0.16160E-05  0.46755E+03  0.21116E+01  0.00000E+00     74  0.00000E+00      0.000
      20.3054 -0.50000E-01  0.00000E+00 -0.49998E-01  0.00000E+00 -0.12797E-02 -0.21151E+01  0.00000E+00 -0.21151E+01  0.00000E+00 -0.13422E-01 -0.11093E+04  0.00000E+00 -0.14627E+04  0.00000E+00  0.16160E-05  0.46756E+03  0.21151E+01  0.00000E+00     75  0.00000E+00      0.000
      20.3972 -0.50000E-01  0.00000E+00 -0.50000E-01  0.00000E+00 -0.12795E-02 -0.21197E+01  0.00000E+00 -0.21197E+01  0.00000E+00 -0.13540E-01 -0.11279E+04  0.00000E+00 -0.14628E+04  0.00000E+00  0.16160E-05  0.46756E+03  0.21197E+01  0.00000E+00     76  0.00000E+00      0.000
      20.5164 -0.50000E-01  0.00000E+00 -0.50001E-01  0.00000E+00 -0.12791E-02 -0.21256E+01  0.00000E+00 -0.21256E+01  0.00000E+00 -0.13692E-01 -0.11493E+04  0.00000E+00 -0.14630E+04  0.00000E+00  0.16160E-05  0.46757E+03  0.21256E+01  0.00000E+00     77  0.00000E+00      0.000
      20.6715 -0.50000E-01  0.00000E+00 -0.50000E-01  0.00000E+00 -0.12784E-02 -0.21334E+01  0.00000E+00 -0.21334E+01  0.00000E+00 -0.13890E-01 -0.11733E+04  0.00000E+00 -0.14632E+04  0.00000E+00  0.16160E-05  0.46757E+03  0.21334E+01  0.00000E+00     78  0.00000E+00      0.000
      20.8730 -0.50000E-01  0.00000E+00 -0.50001E-01  0.00000E+00 -0.12778E-02 -0.21435E+01  0.00000E+00 -0.21435E+01  0.00000E+00 -0.14148E-01 -0.11995E+04  0.00000E+00 -0.14635E+04  0.00000E+00  0.16160E-05  0.46758E+03  0.21435E+01  0.00000E+00     79  0.00000E+00      0.000
      21.1350 -0.50000E-01  0.00000E+00 -0.50000E-01  0.00000E+00 -0.12770E-02 -0.21566E+01  0.00000E+00 -0.21566E+01  0.00000E+00 -0.14482E-01 -0.12352E+04  0.00000E+00 -0.14639E+04  0.00000E+00  0.16160E-05  0.46760E+03  0.21566E+01  0.00000E+00     80  0.00000E+00      0.000
      21.4756 -0.50000E-01  0.00000E+00 -0.50000E-01  0.00000E+00 -0.12757E-02 -0.21736E+01  0.00000E+00 -0.21736E+01  0.00000E+00 -0.14917E-01 -0.12726E+04  0.00000E+00 -0.14644E+04  0.00000E+00  0.16160E-05  0.46761E+03  0.21736E+01  0.00000E+00     81  0.00000E+00      0.000
      21.9184 -0.50000E-01  0.00000E+00 -0.50000E-01  0.00000E+00 -0.12741E-02 -0.21957E+01  0.00000E+00 -0.21957E+01  0.00000E+00 -0.15481E-01 -0.13113E+04  0.00000E+00 -0.14650E+04  0.00000E+00  0.16160E-05  0.46764E+03  0.21957E+01  0.00000E+00     82  0.00000E+00      0.000
      22.4940 -0.50000E-01  0.00000E+00 -0.50000E-01  0.00000E+00 -0.12721E-02 -0.22245E+01  0.00000E+00 -0.22245E+01  0.00000E+00 -0.16213E-01 -0.13484E+04  0.00000E+00 -0.14658E+04  0.00000E+00  0.16160E-05  0.46766E+03  0.22245E+01  0.00000E+00     83  0.00000E+00      0.000
      23.2446 -0.50000E-01  0.00000E+00 -0.50000E-01  0.00000E+00 -0.12695E-02 -0.22620E+01  0.00000E+00 -0.22620E+01  0.00000E+00 -0.17166E-01 -0.13824E+04  0.00000E+00 -0.14668E+04  0.00000E+00  0.16160E-05  0.46770E+03  0.22620E+01  0.00000E+00     84  0.00000E+00      0.000
      24.2096 -0.50000E-01  0.00000E+00 -0.50000E-01  0.00000E+00 -0.12663E-02 -0.23103E+01  0.00000E+00 -0.23103E+01  0.00000E+00 -0.18388E-01 -0.14109E+04  0.00000E+00 -0.14680E+04  0.00000E+00  0.16160E-05  0.46775E+03  0.23103E+01  0.00000E+00     85  0.00000E+00      0.000
      25.3677 -0.50000E-01  0.00000E+00 -0.50000E-01  0.00000E+00 -0.12628E-02 -0.23682E+01  0.00000E+00 -0.23682E+01  0.00000E+00 -0.19851E-01 -0.14316E+04  0.00000E+00 -0.14694E+04  0.00000E+00  0.16160E-05  0.46780E+03  0.23682E+01  0.00000E+00     86  0.00000E+00      0.000
      26.9118 -0.50000E-01  0.00000E+00 -0.50000E-01  0.00000E+00 -0.12582E-02 -0.24454E+01  0.00000E+00 -0.24454E+01  0.00000E+00 -0.21794E-01 -0.14446E+04  0.00000E+00 -0.14712E+04  0.00000E+00  0.16160E-05  0.46788E+03  0.24454E+01  0.00000E+00     87  0.00000E+00      0.000
      30.0000 -0.50000E-01  0.00000E+00 -0.50000E-01  0.00000E+00 -0.12498E-02 -0.25998E+01  0.00000E+00 -0.25998E+01  0.00000E+00 -0.25653E-01 -0.14443E+04  0.00000E+00 -0.14744E+04  0.00000E+00  0.16160E-05  0.46803E+03  0.25998E+01  0.00000E+00     88  0.00000E+00      0.000
      30.0001 -0.10000E-01  0.00000E+00 -0.11050E-01  0.00000E+00 -0.93005E-03 -0.25998E+01  0.00000E+00 -0.25998E+01  0.00000E+00 -0.25653E-01 -0.14434E+04  0.00000E+00 -0.14744E+04  0.10496E-02  0.17210E-05  0.46803E+03  0.25998E+01  0.00000E+00     89  0.00000E+00      0.000
      30.0002 -0.10000E-01  0.00000E+00 -0.10777E-01  0.00000E+00 -0.93005E-03 -0.25998E+01  0.00000E+00 -0.25998E+01  0.00000E+00 -0.25653E-01 -0.14436E+04  0.00000E+00 -0.14744E+04  0.77685E-03  0.18220E-05  0.46803E+03  0.25998E+01  0.00000E+00     90  0.00000E+00      0.000
      30.0004 -0.10000E-01  0.00000E+00 -0.92184E-02  0.00000E+00 -0.93005E-03 -0.25998E+01  0.00000E+00 -0.25998E+01  0.00000E+00 -0.25653E-01 -0.14434E+04  0.00000E+00 -0.14744E+04  0.78163E-03  0.19541E-05  0.46803E+03  0.25998E+01  0.00000E+00     91  0.00000E+00      0.000
      30.0006 -0.10000E-01  0.00000E+00 -0.10423E-01  0.00000E+00 -0.93004E-03 -0.25998E+01  0.00000E+00 -0.25998E+01  0.00000E+00 -0.25654E-01 -0.14436E+04  0.00000E+00 -0.14744E+04  0.42281E-03  0.20470E-05  0.46803E+03  0.25998E+01  0.00000E+00     92  0.00000E+00      0.000
      30.0009 -0.10000E-01  0.00000E+00 -0.10111E-01  0.00000E+00 -0.14517E-02 -0.25998E+01  0.00000E+00 -0.25998E+01  0.00000E+00 -0.25654E-01 -0.14435E+04  0.00000E+00 -0.14744E+04  0.11073E-03  0.20786E-05  0.46803E+03  0.25998E+01  0.00000E+00     93  0.00000E+00      0.000
      30.0013 -0.10000E-01  0.00000E+00 -0.96189E-02  0.00000E+00 -0.13313E-02 -0.25998E+01  0.00000E+00 -0.25998E+01  0.00000E+00 -0.25655E-01 -0.14436E+04  0.00000E+00 -0.14744E+04  0.38110E-03  0.22201E-05  0.46803E+03  0.25998E+01  0.00000E+00     94  0.00000E+00      0.000
      30.0018 -0.10000E-01  0.00000E+00 -0.10228E-01  0.00000E+00 -0.12387E-02 -0.25998E+01  0.00000E+00 -0.25998E+01  0.00000E+00 -0.25655E-01 -0.14437E+04  0.00000E+00 -0.14744E+04  0.22803E-03  0.23302E-05  0.46803E+03  0.25998E+01  0.00000E+00     95  0.00000E+00      0.000
      30.0024 -0.10000E-01  0.00000E+00 -0.98352E-02  0.00000E+00 -0.11674E-02 -0.25998E+01  0.00000E+00 -0.25998E+01  0.00000E+00 -0.25656E-01 -0.14438E+04  0.00000E+00 -0.14744E+04  0.16485E-03  0.24336E-05  0.46803E+03  0.25998E+01  0.00000E+00     96  0.00000E+00      0.000
      30.0032 -0.10000E-01  0.00000E+00 -0.98924E-02  0.00000E+00 -0.12953E-02 -0.25999E+01  0.00000E+00 -0.25999E+01  0.00000E+00 -0.25657E-01 -0.14439E+04  0.00000E+00 -0.14744E+04  0.10762E-03  0.25214E-05  0.46803E+03  0.25999E+01  0.00000E+00     97  0.00000E+00      0.000
      30.0043 -0.10000E-01  0.00000E+00 -0.10068E-01  0.00000E+00 -0.12110E-02 -0.25999E+01  0.00000E+00 -0.25999E+01  0.00000E+00 -0.25658E-01 -0.14440E+04  0.00000E+00 -0.14744E+04  0.67933E-04  0.25934E-05  0.46803E+03  0.25999E+01  0.00000E+00     98  0.00000E+00      0.000
      30.0056 -0.10000E-01  0.00000E+00 -0.10106E-01  0.00000E+00 -0.12542E-02 -0.25999E+01  0.00000E+00 -0.25999E+01  0.00000E+00 -0.25660E-01 -0.14442E+04  0.00000E+00 -0.14744E+04  0.10564E-03  0.27391E-05  0.46803E+03  0.25999E+01  0.00000E+00     99  0.00000E+00      0.000
      30.0074 -0.10000E-01  0.00000E+00 -0.10054E-01  0.00000E+00 -0.12625E-02 -0.25999E+01  0.00000E+00 -0.25999E+01  0.00000E+00 -0.25662E-01 -0.14444E+04  0.00000E+00 -0.14744E+04  0.53642E-04  0.28352E-05  0.46803E+03  0.25999E+01  0.00000E+00    100  0.00000E+00      0.000
      30.0098 -0.10000E-01  0.00000E+00 -0.10059E-01  0.00000E+00 -0.12497E-02 -0.25999E+01  0.00000E+00 -0.25999E+01  0.00000E+00 -0.25665E-01 -0.14447E+04  0.00000E+00 -0.14744E+04  0.58981E-04  0.29726E-05  0.46803E+03  0.25999E+01  0.00000E+00    101  0.00000E+00      0.000
      30.0128 -0.10000E-01  0.00000E+00 -0.99700E-02  0.00000E+00 -0.12252E-02 -0.25999E+01  0.00000E+00 -0.25999E+01  0.00000E+00 -0.25669E-01 -0.14451E+04  0.00000E+00 -0.14744E+04  0.30031E-04  0.30636E-05  0.46803E+03  0.25999E+01  0.00000E+00    102  0.00000E+00      0.000
      30.0167 -0.10000E-01  0.00000E+00 -0.10014E-01  0.00000E+00 -0.12705E-02 -0.26000E+01  0.00000E+00 -0.26000E+01  0.00000E+00 -0.25674E-01 -0.14456E+04  0.00000E+00 -0.14744E+04  0.14024E-04  0.31188E-05  0.46803E+03  0.26000E+01  0.00000E+00    103  0.00000E+00      0.000
      30.0218 -0.10000E-01  0.00000E+00 -0.99898E-02  0.00000E+00 -0.12503E-02 -0.26000E+01  0.00000E+00 -0.26000E+01  0.00000E+00 -0.25680E-01 -0.14462E+04  0.00000E+00 -0.14744E+04  0.10183E-04  0.31709E-05  0.46803E+03  0.26000E+01  0.00000E+00    104  0.00000E+00      0.000
      30.0285 -0.10000E-01  0.00000E+00 -0.99862E-02  0.00000E+00 -0.12435E-02 -0.26001E+01  0.00000E+00 -0.26001E+01  0.00000E+00 -0.25689E-01 -0.14471E+04  0.00000E+00 -0.14745E+04  0.13823E-04  0.32629E-05  0.46803E+03  0.26001E+01  0.00000E+00    105  0.00000E+00      0.000
      30.0372 -0.10000E-01  0.00000E+00 -0.99848E-02  0.00000E+00 -0.12574E-02 -0.26002E+01  0.00000E+00 -0.26002E+01  0.00000E+00 -0.25699E-01 -0.14482E+04  0.00000E+00 -0.14745E+04  0.15171E-04  0.33941E-05  0.46803E+03  0.26002E+01  0.00000E+00    106  0.00000E+00      0.000
      30.0484 -0.10000E-01  0.00000E+00 -0.10014E-01  0.00000E+00 -0.12483E-02 -0.26003E+01  0.00000E+00 -0.26003E+01  0.00000E+00 -0.25713E-01 -0.14496E+04  0.00000E+00 -0.14745E+04  0.13834E-04  0.35497E-05  0.46803E+03  0.26003E+01  0.00000E+00    107  0.00000E+00      0.000
      30.0630 -0.10000E-01  0.00000E+00 -0.99928E-02  0.00000E+00 -0.12463E-02 -0.26004E+01  0.00000E+00 -0.26005E+01  0.00000E+00 -0.25732E-01 -0.14514E+04  0.00000E+00 -0.14745E+04  0.00000E+00  0.35497E-05  0.46803E+03  0.26005E+01  0.00000E+00    108  0.00000E+00      0.000
      30.0820 -0.10000E-01  0.00000E+00 -0.99937E-02  0.00000E+00 -0.12519E-02 -0.26006E+01  0.00000E+00 -0.26006E+01  0.00000E+00 -0.25755E-01 -0.14538E+04  0.00000E+00 -0.14745E+04  0.00000E+00  0.35497E-05  0.46803E+03  0.26006E+01  0.00000E+00    109  0.00000E+00      0.000
      30.1067 -0.10000E-01  0.00000E+00 -0.10003E-01  0.00000E+00 -0.12503E-02 -0.26009E+01  0.00000E+00 -0.26009E+01  0.00000E+00 -0.25786E-01 -0.14568E+04  0.00000E+00 -0.14745E+04  0.00000E+00  0.35497E-05  0.46803E+03  0.26009E+01  0.00000E+00    110  0.00000E+00      0.000
      30.1388 -0.10000E-01  0.00000E+00 -0.99973E-02  0.00000E+00 -0.12509E-02 -0.26012E+01  0.00000E+00 -0.26012E+01  0.00000E+00 -0.25827E-01 -0.14606E+04  0.00000E+00 -0.14746E+04  0.00000E+00  0.35497E-05  0.46803E+03  0.26012E+01  0.00000E+00    111  0.00000E+00      0.000
      30.1806 -0.10000E-01  0.00000E+00 -0.10002E-01  0.00000E+00 -0.12487E-02 -0.26016E+01  0.00000E+00 -0.26016E+01  0.00000E+00 -0.25879E-01 -0.14656E+04  0.00000E+00 -0.14746E+04  0.00000E+00  0.35497E-05  0.46803E+03  0.26016E+01  0.00000E+00    112  0.00000E+00      0.000
      30.2349 -0.10000E-01  0.00000E+00 -0.10003E-01  0.00000E+00 -0.12499E-02 -0.26022E+01  0.00000E+00 -0.26022E+01  0.00000E+00 -0.25947E-01 -0.14718E+04  0.00000E+00 -0.14747E+04  0.00000E+00  0.35497E-05  0.46803E+03  0.26022E+01  0.00000E+00    113  0.00000E+00      0.000
      30.3054 -0.10000E-01  0.00000E+00 -0.99991E-02  0.00000E+00 -0.12487E-02 -0.26029E+01  0.00000E+00 -0.26029E+01  0.00000E+00 -0.26035E-01 -0.14797E+04  0.00000E+00 -0.14747E+04  0.00000E+00  0.35497E-05  0.46803E+03  0.26029E+01  0.00000E+00    114  0.00000E+00      0.000
      30.3972 -0.10000E-01  0.00000E+00 -0.99989E-02  0.00000E+00 -0.12492E-02 -0.26038E+01  0.00000E+00 -0.26038E+01  0.00000E+00 -0.26149E-01 -0.14895E+04  0.00000E+00 -0.14748E+04  0.00000E+00  0.35497E-05  0.46803E+03  0.26038E+01  0.00000E+00    115  0.00000E+00      0.000
      30.5164 -0.10000E-01  0.00000E+00 -0.99999E-02  0.00000E+00 -0.12482E-02 -0.26050E+01  0.00000E+00 -0.26050E+01  0.00000E+00 -0.26298E-01 -0.15016E+04  0.00000E+00 -0.14750E+04  0.00000E+00  0.35497E-05  0.46803E+03  0.26050E+01  0.00000E+00    116  0.00000E+00      0.000
      30.6715 -0.10000E-01  0.00000E+00 -0.99991E-02  0.00000E+00 -0.12484E-02 -0.26065E+01  0.00000E+00 -0.26065E+01  0.00000E+00 -0.26492E-01 -0.15164E+04  0.00000E+00 -0.14751E+04  0.00000E+00  0.35497E-05  0.46804E+03  0.26065E+01  0.00000E+00    117  0.00000E+00      0.000
      30.8730 -0.10000E-01  0.00000E+00 -0.99996E-02  0.00000E+00 -0.12474E-02 -0.26085E+01  0.00000E+00 -0.26086E+01  0.00000E+00 -0.26743E-01 -0.15390E+04  0.00000E+00 -0.14753E+04  0.00000E+00  0.35497E-05  0.46804E+03  0.26086E+01  0.00000E+00    118  0.00000E+00      0.000
      31.1350 -0.10000E-01  0.00000E+00 -0.99997E-02  0.00000E+00 -0.12468E-02 -0.26112E+01  0.00000E+00 -0.26112E+01  0.00000E+00 -0.27070E-01 -0.15662E+04  0.00000E+00 -0.14756E+04  0.00000E+00  0.35497E-05  0.46804E+03  0.26112E+01  0.00000E+00    119  0.00000E+00      0.000
      31.4756 -0.10000E-01  0.00000E+00 -0.99999E-02  0.00000E+00 -0.12459E-02 -0.26146E+01  0.00000E+00 -0.26146E+01  0.00000E+00 -0.27494E-01 -0.15985E+04  0.00000E+00 -0.14760E+04  0.00000E+00  0.35497E-05  0.46804E+03  0.26146E+01  0.00000E+00    120  0.00000E+00      0.000
      31.9184 -0.10000E-01  0.00000E+00 -0.10000E-01  0.00000E+00 -0.12445E-02 -0.26190E+01  0.00000E+00 -0.26190E+01  0.00000E+00 -0.28045E-01 -0.16354E+04  0.00000E+00 -0.14764E+04  0.00000E+00  0.35497E-05  0.46805E+03  0.26190E+01  0.00000E+00    121  0.00000E+00      0.000
      32.4940 -0.10000E-01  0.00000E+00 -0.99999E-02  0.00000E+00 -0.12430E-02 -0.26248E+01  0.00000E+00 -0.26248E+01  0.00000E+00 -0.28761E-01 -0.16771E+04  0.00000E+00 -0.14770E+04  0.00000E+00  0.35497E-05  0.46805E+03  0.26248E+01  0.00000E+00    122  0.00000E+00      0.000
      33.2446 -0.10000E-01  0.00000E+00 -0.10000E-01  0.00000E+00 -0.12411E-02 -0.26323E+01  0.00000E+00 -0.26323E+01  0.00000E+00 -0.29692E-01 -0.17231E+04  0.00000E+00 -0.14777E+04  0.00000E+00  0.35497E-05  0.46806E+03  0.26323E+01  0.00000E+00    123  0.00000E+00      0.000
      34.2096 -0.10000E-01  0.00000E+00 -0.99999E-02  0.00000E+00 -0.12387E-02 -0.26419E+01  0.00000E+00 -0.26419E+01  0.00000E+00 -0.30888E-01 -0.17724E+04  0.00000E+00 -0.14786E+04  0.00000E+00  0.35497E-05  0.46807E+03  0.26419E+01  0.00000E+00    124  0.00000E+00      0.000
      35.3677 -0.10000E-01  0.00000E+00 -0.10000E-01  0.00000E+00 -0.12360E-02 -0.26535E+01  0.00000E+00 -0.26535E+01  0.00000E+00 -0.32319E-01 -0.18214E+04  0.00000E+00 -0.14797E+04  0.00000E+00  0.35497E-05  0.46808E+03  0.26535E+01  0.00000E+00    125  0.00000E+00      0.000
      36.9118 -0.10000E-01  0.00000E+00 -0.99999E-02  0.00000E+00 -0.12323E-02 -0.26689E+01  0.00000E+00 -0.26689E+01  0.00000E+00 -0.34222E-01 -0.18737E+04  0.00000E+00 -0.14811E+04  0.00000E+00  0.35497E-05  0.46809E+03  0.26689E+01  0.00000E+00    126  0.00000E+00      0.000
      40.0000 -0.10000E-01  0.00000E+00 -0.10000E-01  0.00000E+00 -0.12254E-02 -0.26998E+01  0.00000E+00 -0.26998E+01  0.00000E+00 -0.38006E-01 -0.19556E+04  0.00000E+00 -0.14837E+04  0.00000E+00  0.35497E-05  0.46812E+03  0.26998E+01  0.00000E+00    127  0.00000E+00      0.000
      42.5000 -0.10000E-01  0.00000E+00 -0.10000E-01  0.00000E+00 -0.12200E-02 -0.27248E+01  0.00000E+00 -0.27248E+01  0.00000E+00 -0.41056E-01 -0.20159E+04  0.00000E+00 -0.14857E+04  0.00000E+00  0.35497E-05  0.46814E+03  0.27248E+01  0.00000E+00    128  0.00000E+00      0.000
      46.2500 -0.10000E-01  0.00000E+00 -0.10000E-01  0.00000E+00 -0.12123E-02 -0.27623E+01  0.00000E+00 -0.27623E+01  0.00000E+00 -0.45602E-01 -0.20794E+04  0.00000E+00 -0.14886E+04  0.00000E+00  0.35497E-05  0.46817E+03  0.27623E+01  0.00000E+00    129  0.00000E+00      0.000
      50.0000 -0.10000E-01  0.00000E+00 -0.10000E-01  0.00000E+00 -0.12050E-02 -0.27998E+01  0.00000E+00 -0.27998E+01  0.00000E+00 -0.50121E-01 -0.21344E+04  0.00000E+00 -0.14914E+04  0.00000E+00  0.35497E-05  0.46821E+03  0.27998E+01  0.00000E+00    130  0.00000E+00      0.000
      55.0000  0.00000E+00  0.00000E+00  0.23283E-08  0.00000E+00 -0.11957E-02 -0.27998E+01  0.00000E+00 -0.27998E+01  0.00000E+00 -0.56099E-01 -0.23554E+04  0.00000E+00 -0.14949E+04  0.00000E+00  0.35497E-05  0.46820E+03  0.27998E+01  0.11642E-07    131  0.00000E+00      0.000
      60.0000  0.00000E+00  0.00000E+00  0.17229E-07  0.00000E+00 -0.11869E-02 -0.27998E+01  0.00000E+00 -0.27998E+01  0.00000E+00 -0.62034E-01 -0.25038E+04  0.00000E+00 -0.14982E+04  0.00000E+00  0.35497E-05  0.46819E+03  0.27998E+01  0.97789E-07    132  0.00000E+00      0.000
      60.0001 -0.10000E-01  0.00000E+00 -0.97838E-02  0.00000E+00 -0.98653E-03 -0.27998E+01  0.00000E+00 -0.27998E+01  0.00000E+00 -0.62034E-01 -0.25104E+04  0.00000E+00 -0.14982E+04  0.21621E-03  0.35713E-05  0.46819E+03  0.27998E+01  0.97789E-07    133  0.00000E+00      0.000
      60.0002 -0.10000E-01  0.00000E+00 -0.99153E-02  0.00000E+00 -0.98643E-03 -0.27998E+01  0.00000E+00 -0.27998E+01  0.00000E+00 -0.62034E-01 -0.25093E+04  0.00000E+00 -0.14982E+04  0.84663E-04  0.35823E-05  0.46819E+03  0.27998E+01  0.97789E-07    134  0.00000E+00      0.000
      60.0004 -0.10000E-01  0.00000E+00 -0.97272E-02  0.00000E+00 -0.98650E-03 -0.27998E+01  0.00000E+00 -0.27998E+01  0.00000E+00 -0.62034E-01 -0.25101E+04  0.00000E+00 -0.14982E+04  0.27284E-03  0.36284E-05  0.46819E+03  0.27998E+01  0.97789E-07    135  0.00000E+00      0.000
      60.0006 -0.10000E-01  0.00000E+00 -0.10070E-01  0.00000E+00 -0.98646E-03 -0.27998E+01  0.00000E+00 -0.27998E+01  0.00000E+00 -0.62034E-01 -0.25099E+04  0.00000E+00 -0.14982E+04  0.69750E-04  0.36438E-05  0.46819E+03  0.27998E+01  0.97789E-07    136  0.00000E+00      0.000
      60.0009 -0.10000E-01  0.00000E+00 -0.10017E-01  0.00000E+00 -0.98647E-03 -0.27998E+01  0.00000E+00 -0.27998E+01  0.00000E+00 -0.62035E-01 -0.25100E+04  0.00000E+00 -0.14982E+04  0.16538E-04  0.36485E-05  0.46819E+03  0.27998E+01  0.97789E-07    137  0.00000E+00      0.000
      60.0013 -0.10000E-01  0.00000E+00 -0.10138E-01  0.00000E+00 -0.13878E-02 -0.27998E+01  0.00000E+00 -0.27998E+01  0.00000E+00 -0.62035E-01 -0.25099E+04  0.00000E+00 -0.14982E+04  0.13789E-03  0.36997E-05  0.46819E+03  0.27998E+01  0.97789E-07    138  0.00000E+00      0.000
      60.0018 -0.10000E-01  0.00000E+00 -0.99532E-02  0.00000E+00 -0.12952E-02 -0.27998E+01  0.00000E+00 -0.27998E+01  0.00000E+00 -0.62036E-01 -0.25099E+04  0.00000E+00 -0.14982E+04  0.46782E-04  0.37223E-05  0.46819E+03  0.27998E+01  0.97789E-07    139  0.00000E+00      0.000
      60.0024 -0.10000E-01  0.00000E+00 -0.10073E-01  0.00000E+00 -0.12240E-02 -0.27998E+01  0.00000E+00 -0.27998E+01  0.00000E+00 -0.62036E-01 -0.25099E+04  0.00000E+00 -0.14982E+04  0.72826E-04  0.37680E-05  0.46819E+03  0.27998E+01  0.97789E-07    140  0.00000E+00      0.000
      60.0032 -0.10000E-01  0.00000E+00 -0.98913E-02  0.00000E+00 -0.11692E-02 -0.27999E+01  0.00000E+00 -0.27999E+01  0.00000E+00 -0.62037E-01 -0.25099E+04  0.00000E+00 -0.14982E+04  0.10870E-03  0.38566E-05  0.46819E+03  0.27999E+01  0.97789E-07    141  0.00000E+00      0.000
      60.0043 -0.10000E-01  0.00000E+00 -0.99630E-02  0.00000E+00 -0.11270E-02 -0.27999E+01  0.00000E+00 -0.27999E+01  0.00000E+00 -0.62039E-01 -0.25099E+04  0.00000E+00 -0.14982E+04  0.36977E-04  0.38958E-05  0.46819E+03  0.27999E+01  0.97789E-07    142  0.00000E+00      0.000
      60.0056 -0.10000E-01  0.00000E+00 -0.99757E-02  0.00000E+00 -0.12027E-02 -0.27999E+01  0.00000E+00 -0.27999E+01  0.00000E+00 -0.62040E-01 -0.25098E+04  0.00000E+00 -0.14982E+04  0.24261E-04  0.39293E-05  0.46819E+03  0.27999E+01  0.97789E-07    143  0.00000E+00      0.000
      60.0074 -0.10000E-01  0.00000E+00 -0.99865E-02  0.00000E+00 -0.11528E-02 -0.27999E+01  0.00000E+00 -0.27999E+01  0.00000E+00 -0.62042E-01 -0.25098E+04  0.00000E+00 -0.14982E+04  0.13456E-04  0.39534E-05  0.46819E+03  0.27999E+01  0.97789E-07    144  0.00000E+00      0.000
      60.0098 -0.10000E-01  0.00000E+00 -0.10003E-01  0.00000E+00 -0.11785E-02 -0.27999E+01  0.00000E+00 -0.27999E+01  0.00000E+00 -0.62045E-01 -0.25097E+04  0.00000E+00 -0.14982E+04  0.00000E+00  0.39534E-05  0.46819E+03  0.27999E+01  0.97789E-07    145  0.00000E+00      0.000
      60.0128 -0.10000E-01  0.00000E+00 -0.10012E-01  0.00000E+00 -0.11833E-02 -0.27999E+01  0.00000E+00 -0.27999E+01  0.00000E+00 -0.62049E-01 -0.25096E+04  0.00000E+00 -0.14982E+04  0.11640E-04  0.39887E-05  0.46819E+03  0.27999E+01  0.97789E-07    146  0.00000E+00      0.000
      60.0167 -0.10000E-01  0.00000E+00 -0.99983E-02  0.00000E+00 -0.11758E-02 -0.28000E+01  0.00000E+00 -0.28000E+01  0.00000E+00 -0.62053E-01 -0.25094E+04  0.00000E+00 -0.14982E+04  0.00000E+00  0.39887E-05  0.46819E+03  0.28000E+01  0.97789E-07    147  0.00000E+00      0.000
      60.0218 -0.10000E-01  0.00000E+00 -0.10008E-01  0.00000E+00 -0.11902E-02 -0.28000E+01  0.00000E+00 -0.28000E+01  0.00000E+00 -0.62059E-01 -0.25093E+04  0.00000E+00 -0.14982E+04  0.00000E+00  0.39887E-05  0.46819E+03  0.28000E+01  0.97789E-07    148  0.00000E+00      0.000
      60.0285 -0.10000E-01  0.00000E+00 -0.99951E-02  0.00000E+00 -0.11881E-02 -0.28001E+01  0.00000E+00 -0.28001E+01  0.00000E+00 -0.62067E-01 -0.25091E+04  0.00000E+00 -0.14982E+04  0.00000E+00  0.39887E-05  0.46819E+03  0.28001E+01  0.97789E-07    149  0.00000E+00      0.000
      60.0372 -0.10000E-01  0.00000E+00 -0.10005E-01  0.00000E+00 -0.11932E-02 -0.28002E+01  0.00000E+00 -0.28002E+01  0.00000E+00 -0.62078E-01 -0.25088E+04  0.00000E+00 -0.14982E+04  0.00000E+00  0.39887E-05  0.46819E+03  0.28002E+01  0.97789E-07    150  0.00000E+00      0.000
      60.0484 -0.10000E-01  0.00000E+00 -0.99982E-02  0.00000E+00 -0.11853E-02 -0.28003E+01  0.00000E+00 -0.28003E+01  0.00000E+00 -0.62091E-01 -0.25084E+04  0.00000E+00 -0.14982E+04  0.00000E+00  0.39887E-05  0.46819E+03  0.28003E+01  0.97789E-07    151  0.00000E+00      0.000
      60.0630 -0.10000E-01  0.00000E+00 -0.99937E-02  0.00000E+00 -0.11904E-02 -0.28004E+01  0.00000E+00 -0.28005E+01  0.00000E+00 -0.62108E-01 -0.25079E+04  0.00000E+00 -0.14982E+04  0.00000E+00  0.39887E-05  0.46819E+03  0.28005E+01  0.97789E-07    152  0.00000E+00      0.000
      60.0820 -0.10000E-01  0.00000E+00 -0.99961E-02  0.00000E+00 -0.11904E-02 -0.28006E+01  0.00000E+00 -0.28006E+01  0.00000E+00 -0.62131E-01 -0.25073E+04  0.00000E+00 -0.14983E+04  0.00000E+00  0.39887E-05  0.46819E+03  0.28006E+01  0.97789E-07    153  0.00000E+00      0.000
      60.1067 -0.10000E-01  0.00000E+00 -0.10002E-01  0.00000E+00 -0.11856E-02 -0.28009E+01  0.00000E+00 -0.28009E+01  0.00000E+00 -0.62160E-01 -0.25065E+04  0.00000E+00 -0.14983E+04  0.00000E+00  0.39887E-05  0.46819E+03  0.28009E+01  0.97789E-07    154  0.00000E+00      0.000
      60.1388 -0.10000E-01  0.00000E+00 -0.10000E-01  0.00000E+00 -0.11860E-02 -0.28012E+01  0.00000E+00 -0.28012E+01  0.00000E+00 -0.62198E-01 -0.25055E+04  0.00000E+00 -0.14983E+04  0.00000E+00  0.39887E-05  0.46819E+03  0.28012E+01  0.97789E-07    155  0.00000E+00      0.000
      60.1806 -0.10000E-01  0.00000E+00 -0.10000E-01  0.00000E+00 -0.11864E-02 -0.28016E+01  0.00000E+00 -0.28016E+01  0.00000E+00 -0.62248E-01 -0.25041E+04  0.00000E+00 -0.14983E+04  0.00000E+00  0.39887E-05  0.46819E+03  0.28016E+01  0.97789E-07    156  0.00000E+00      0.000
      60.2349 -0.10000E-01  0.00000E+00 -0.10000E-01  0.00000E+00 -0.11869E-02 -0.28022E+01  0.00000E+00 -0.28022E+01  0.00000E+00 -0.62312E-01 -0.25025E+04  0.00000E+00 -0.14984E+04  0.00000E+00  0.39887E-05  0.46820E+03  0.28022E+01  0.97789E-07    157  0.00000E+00      0.000
      60.3054 -0.10000E-01  0.00000E+00 -0.99993E-02  0.00000E+00 -0.11872E-02 -0.28029E+01  0.00000E+00 -0.28029E+01  0.00000E+00 -0.62396E-01 -0.25003E+04  0.00000E+00 -0.14984E+04  0.00000E+00  0.39887E-05  0.46820E+03  0.28029E+01  0.97789E-07    158  0.00000E+00      0.000
      60.3972 -0.10000E-01  0.00000E+00 -0.99993E-02  0.00000E+00 -0.11864E-02 -0.28038E+01  0.00000E+00 -0.28038E+01  0.00000E+00 -0.62505E-01 -0.24976E+04  0.00000E+00 -0.14985E+04  0.00000E+00  0.39887E-05  0.46820E+03  0.28038E+01  0.97789E-07    159  0.00000E+00      0.000
      60.5164 -0.10000E-01  0.00000E+00 -0.99996E-02  0.00000E+00 -0.11854E-02 -0.28050E+01  0.00000E+00 -0.28050E+01  0.00000E+00 -0.62646E-01 -0.24942E+04  0.00000E+00 -0.14985E+04  0.00000E+00  0.39887E-05  0.46820E+03  0.28050E+01  0.97789E-07    160  0.00000E+00      0.000
      60.6715 -0.10000E-01  0.00000E+00 -0.10000E-01  0.00000E+00 -0.11857E-02 -0.28065E+01  0.00000E+00 -0.28065E+01  0.00000E+00 -0.62830E-01 -0.24899E+04  0.00000E+00 -0.14986E+04  0.00000E+00  0.39887E-05  0.46820E+03  0.28065E+01  0.97789E-07    161  0.00000E+00      0.000
      60.8730 -0.10000E-01  0.00000E+00 -0.99998E-02  0.00000E+00 -0.11855E-02 -0.28085E+01  0.00000E+00 -0.28086E+01  0.00000E+00 -0.63069E-01 -0.24847E+04  0.00000E+00 -0.14988E+04  0.00000E+00  0.39887E-05  0.46820E+03  0.28086E+01  0.97789E-07    162  0.00000E+00      0.000
      61.1350 -0.10000E-01  0.00000E+00 -0.99998E-02  0.00000E+00 -0.11847E-02 -0.28112E+01  0.00000E+00 -0.28112E+01  0.00000E+00 -0.63379E-01 -0.24785E+04  0.00000E+00 -0.14989E+04  0.00000E+00  0.39887E-05  0.46820E+03  0.28112E+01  0.97789E-07    163  0.00000E+00      0.000
      61.4756 -0.10000E-01  0.00000E+00 -0.99998E-02  0.00000E+00 -0.11844E-02 -0.28146E+01  0.00000E+00 -0.28146E+01  0.00000E+00 -0.63783E-01 -0.24711E+04  0.00000E+00 -0.14992E+04  0.00000E+00  0.39887E-05  0.46821E+03  0.28146E+01  0.97789E-07    164  0.00000E+00      0.000
      61.9184 -0.10000E-01  0.00000E+00 -0.10000E-01  0.00000E+00 -0.11837E-02 -0.28190E+01  0.00000E+00 -0.28190E+01  0.00000E+00 -0.64307E-01 -0.24626E+04  0.00000E+00 -0.14995E+04  0.00000E+00  0.39887E-05  0.46821E+03  0.28190E+01  0.97789E-07    165  0.00000E+00      0.000
      62.4940 -0.10000E-01  0.00000E+00 -0.10000E-01  0.00000E+00 -0.11826E-02 -0.28248E+01  0.00000E+00 -0.28248E+01  0.00000E+00 -0.64988E-01 -0.24532E+04  0.00000E+00 -0.14998E+04  0.00000E+00  0.39887E-05  0.46822E+03  0.28248E+01  0.97789E-07    166  0.00000E+00      0.000
      63.2446 -0.10000E-01  0.00000E+00 -0.10000E-01  0.00000E+00 -0.11813E-02 -0.28323E+01  0.00000E+00 -0.28323E+01  0.00000E+00 -0.65874E-01 -0.24433E+04  0.00000E+00 -0.15003E+04  0.00000E+00  0.39887E-05  0.46822E+03  0.28323E+01  0.97789E-07    167  0.00000E+00      0.000
      64.2096 -0.10000E-01  0.00000E+00 -0.10000E-01  0.00000E+00 -0.11797E-02 -0.28419E+01  0.00000E+00 -0.28419E+01  0.00000E+00 -0.67013E-01 -0.24335E+04  0.00000E+00 -0.15009E+04  0.00000E+00  0.39887E-05  0.46823E+03  0.28419E+01  0.97789E-07    168  0.00000E+00      0.000
      65.3677 -0.10000E-01  0.00000E+00 -0.10000E-01  0.00000E+00 -0.11777E-02 -0.28535E+01  0.00000E+00 -0.28535E+01  0.00000E+00 -0.68377E-01 -0.24249E+04  0.00000E+00 -0.15017E+04  0.00000E+00  0.39887E-05  0.46824E+03  0.28535E+01  0.97789E-07    169  0.00000E+00      0.000
      66.9118 -0.10000E-01  0.00000E+00 -0.10000E-01  0.00000E+00 -0.11751E-02 -0.28689E+01  0.00000E+00 -0.28689E+01  0.00000E+00 -0.70191E-01 -0.24181E+04  0.00000E+00 -0.15026E+04  0.00000E+00  0.39887E-05  0.46825E+03  0.28689E+01  0.97789E-07    170  0.00000E+00      0.000
      70.0000 -0.10000E-01  0.00000E+00 -0.10000E-01  0.00000E+00 -0.11701E-02 -0.28998E+01  0.00000E+00 -0.28998E+01  0.00000E+00 -0.73805E-01 -0.24124E+04  0.00000E+00 -0.15045E+04  0.00000E+00  0.39887E-05  0.46828E+03  0.28998E+01  0.97789E-07    171  0.00000E+00      0.000
      72.5000  0.00000E+00  0.00000E+00  0.12573E-07  0.00000E+00 -0.11661E-02 -0.28998E+01  0.00000E+00 -0.28998E+01  0.00000E+00 -0.76720E-01 -0.25404E+04  0.00000E+00 -0.15060E+04  0.00000E+00  0.39887E-05  0.46828E+03  0.28998E+01  0.12922E-06    172  0.00000E+00      0.000
      76.2500  0.00000E+00  0.00000E+00 -0.12573E-07  0.00000E+00 -0.11602E-02 -0.28998E+01  0.00000E+00 -0.28998E+01  0.00000E+00 -0.81071E-01 -0.26531E+04  0.00000E+00 -0.15082E+04  0.00000E+00  0.39887E-05  0.46827E+03  0.28998E+01  0.12922E-06    173  0.00000E+00      0.000
      80.0000  0.00000E+00  0.00000E+00 -0.62864E-08  0.00000E+00 -0.11545E-02 -0.28998E+01  0.00000E+00 -0.28998E+01  0.00000E+00 -0.85400E-01 -0.27561E+04  0.00000E+00 -0.15103E+04  0.00000E+00  0.39887E-05  0.46827E+03  0.28998E+01  0.12922E-06    174  0.00000E+00      0.000
end
