 ******* Program HYDRUS
 ******* 
 Welcome to HYDRUS-1D                                                    
 Date:  25. 9.    Time:  14:17: 1
 Units: L = mm   , T = min  , M = mmol 

----------------------------------------------------------
 Time       [T]       10.0000
----------------------------------------------------------
 Sub-region num.                     1            2
----------------------------------------------------------
 Length   [L]        0.10000E+04  0.10000E+04  0.00000E+00
 W-volume [L]        0.46568E+03  0.46568E+03  0.00000E+00
 In-flow  [L/T]      0.00000E+00  0.00000E+00  0.00000E+00
 h Mean   [L]       -0.24280E+04 -0.24280E+04  0.00000E+00
 Top Flux [L/T]     -0.13841E-04
 Bot Flux [L/T]      0.40659E-03
----------------------------------------------------------

----------------------------------------------------------
 Time       [T]       10.0010
----------------------------------------------------------
 Sub-region num.                     1            2
----------------------------------------------------------
 Length   [L]        0.10000E+04  0.10000E+04  0.00000E+00
 W-volume [L]        0.46568E+03  0.46568E+03  0.00000E+00
 In-flow  [L/T]      0.28419E+00  0.28419E+00  0.00000E+00
 h Mean   [L]       -0.24280E+04 -0.24280E+04  0.00000E+00
 Top Flux [L/T]     -0.25404E-04
 Bot Flux [L/T]      0.40572E-03
 WatBalT  [L]       -0.44475E-04
 WatBalR  [%]             11.814
----------------------------------------------------------

----------------------------------------------------------
 Time       [T]       20.0000
----------------------------------------------------------
 Sub-region num.                     1            2
----------------------------------------------------------
 Length   [L]        0.10000E+04  0.10000E+04  0.00000E+00
 W-volume [L]        0.47017E+03  0.47017E+03  0.00000E+00
 In-flow  [L/T]      0.44870E+00  0.44870E+00  0.00000E+00
 h Mean   [L]       -0.21912E+04 -0.21912E+04  0.00000E+00
 Top Flux [L/T]     -0.41576E+00
 Bot Flux [L/T]     -0.95269E-03
 WatBalT  [L]       -0.53406E-04
 WatBalR  [%]              0.001
----------------------------------------------------------

----------------------------------------------------------
 Time       [T]       30.0000
----------------------------------------------------------
 Sub-region num.                     1            2
----------------------------------------------------------
 Length   [L]        0.10000E+04  0.10000E+04  0.00000E+00
 W-volume [L]        0.47205E+03  0.47205E+03  0.00000E+00
 In-flow  [L/T]      0.18872E+00  0.18872E+00  0.00000E+00
 h Mean   [L]       -0.20901E+04 -0.20901E+04  0.00000E+00
 Top Flux [L/T]     -0.18476E+00
 Bot Flux [L/T]     -0.10382E-02
 WatBalT  [L]       -0.63896E-04
 WatBalR  [%]              0.001
----------------------------------------------------------

----------------------------------------------------------
 Time       [T]       40.0000
----------------------------------------------------------
 Sub-region num.                     1            2
----------------------------------------------------------
 Length   [L]        0.10000E+04  0.10000E+04  0.00000E+00
 W-volume [L]        0.47864E+03  0.47864E+03  0.00000E+00
 In-flow  [L/T]      0.65873E+00  0.65873E+00  0.00000E+00
 h Mean   [L]       -0.19593E+04 -0.19593E+04  0.00000E+00
 Top Flux [L/T]     -0.64639E+00
 Bot Flux [L/T]     -0.10670E-02
 WatBalT  [L]       -0.13351E-04
 WatBalR  [%]              0.000
----------------------------------------------------------

----------------------------------------------------------
 Time       [T]       50.0000
----------------------------------------------------------
 Sub-region num.                     1            2
----------------------------------------------------------
 Length   [L]        0.10000E+04  0.10000E+04  0.00000E+00
 W-volume [L]        0.48453E+03  0.48453E+03  0.00000E+00
 In-flow  [L/T]      0.58875E+00  0.58875E+00  0.00000E+00
 h Mean   [L]       -0.18427E+04 -0.18427E+04  0.00000E+00
 Top Flux [L/T]     -0.58399E+00
 Bot Flux [L/T]     -0.10786E-02
 WatBalT  [L]       -0.82016E-04
 WatBalR  [%]              0.000
----------------------------------------------------------

----------------------------------------------------------
 Time       [T]       60.0000
----------------------------------------------------------
 Sub-region num.                     1            2
----------------------------------------------------------
 Length   [L]        0.10000E+04  0.10000E+04  0.00000E+00
 W-volume [L]        0.48572E+03  0.48572E+03  0.00000E+00
 In-flow  [L/T]      0.11877E+00  0.11877E+00  0.00000E+00
 h Mean   [L]       -0.17718E+04 -0.17718E+04  0.00000E+00
 Top Flux [L/T]     -0.12674E+00
 Bot Flux [L/T]     -0.10830E-02
 WatBalT  [L]       -0.10300E-03
 WatBalR  [%]              0.000
----------------------------------------------------------

----------------------------------------------------------
 Time       [T]       70.0000
----------------------------------------------------------
 Sub-region num.                     1            2
----------------------------------------------------------
 Length   [L]        0.10000E+04  0.10000E+04  0.00000E+00
 W-volume [L]        0.48630E+03  0.48630E+03  0.00000E+00
 In-flow  [L/T]      0.58781E-01  0.58781E-01  0.00000E+00
 h Mean   [L]       -0.17266E+04 -0.17266E+04  0.00000E+00
 Top Flux [L/T]     -0.65336E-01
 Bot Flux [L/T]     -0.10837E-02
 WatBalT  [L]       -0.66757E-04
 WatBalR  [%]              0.000
----------------------------------------------------------

----------------------------------------------------------
 Time       [T]       80.0000
----------------------------------------------------------
 Sub-region num.                     1            2
----------------------------------------------------------
 Length   [L]        0.10000E+04  0.10000E+04  0.00000E+00
 W-volume [L]        0.48649E+03  0.48649E+03  0.00000E+00
 In-flow  [L/T]      0.18795E-01  0.18795E-01  0.00000E+00
 h Mean   [L]       -0.16937E+04 -0.16937E+04  0.00000E+00
 Top Flux [L/T]     -0.25831E-01
 Bot Flux [L/T]     -0.10821E-02
 WatBalT  [L]        0.11444E-04
 WatBalR  [%]              0.000
----------------------------------------------------------

----------------------------------------------------------
 Time       [T]       90.0000
----------------------------------------------------------
 Sub-region num.                     1            2
----------------------------------------------------------
 Length   [L]        0.10000E+04  0.10000E+04  0.00000E+00
 W-volume [L]        0.48648E+03  0.48648E+03  0.00000E+00
 In-flow  [L/T]     -0.11944E-02 -0.11944E-02  0.00000E+00
 h Mean   [L]       -0.16679E+04 -0.16679E+04  0.00000E+00
 Top Flux [L/T]     -0.59612E-02
 Bot Flux [L/T]     -0.10792E-02
 WatBalT  [L]       -0.10681E-03
 WatBalR  [%]              0.000
----------------------------------------------------------

----------------------------------------------------------
 Time       [T]      100.0000
----------------------------------------------------------
 Sub-region num.                     1            2
----------------------------------------------------------
 Length   [L]        0.10000E+04  0.10000E+04  0.00000E+00
 W-volume [L]        0.48647E+03  0.48647E+03  0.00000E+00
 In-flow  [L/T]     -0.11879E-02 -0.11879E-02  0.00000E+00
 h Mean   [L]       -0.16466E+04 -0.16466E+04  0.00000E+00
 Top Flux [L/T]     -0.43409E-02
 Bot Flux [L/T]     -0.10756E-02
 WatBalT  [L]        0.32425E-04
 WatBalR  [%]              0.000
----------------------------------------------------------

----------------------------------------------------------
 Time       [T]      110.0000
----------------------------------------------------------
 Sub-region num.                     1            2
----------------------------------------------------------
 Length   [L]        0.10000E+04  0.10000E+04  0.00000E+00
 W-volume [L]        0.48646E+03  0.48646E+03  0.00000E+00
 In-flow  [L/T]     -0.11770E-02 -0.11770E-02  0.00000E+00
 h Mean   [L]       -0.16283E+04 -0.16283E+04  0.00000E+00
 Top Flux [L/T]     -0.34137E-02
 Bot Flux [L/T]     -0.10712E-02
 WatBalT  [L]       -0.13733E-03
 WatBalR  [%]              0.001
----------------------------------------------------------

----------------------------------------------------------
 Time       [T]      120.0000
----------------------------------------------------------
 Sub-region num.                     1            2
----------------------------------------------------------
 Length   [L]        0.10000E+04  0.10000E+04  0.00000E+00
 W-volume [L]        0.48644E+03  0.48644E+03  0.00000E+00
 In-flow  [L/T]     -0.11679E-02 -0.11679E-02  0.00000E+00
 h Mean   [L]       -0.16119E+04 -0.16119E+04  0.00000E+00
 Top Flux [L/T]     -0.29181E-02
 Bot Flux [L/T]     -0.10666E-02
 WatBalT  [L]       -0.11444E-03
 WatBalR  [%]              0.000
----------------------------------------------------------

----------------------------------------------------------
 Time       [T]      130.0000
----------------------------------------------------------
 Sub-region num.                     1            2
----------------------------------------------------------
 Length   [L]        0.10000E+04  0.10000E+04  0.00000E+00
 W-volume [L]        0.48643E+03  0.48643E+03  0.00000E+00
 In-flow  [L/T]     -0.11594E-02 -0.11594E-02  0.00000E+00
 h Mean   [L]       -0.15980E+04 -0.15980E+04  0.00000E+00
 Top Flux [L/T]     -0.24724E-02
 Bot Flux [L/T]     -0.10614E-02
 WatBalT  [L]       -0.85831E-04
 WatBalR  [%]              0.000
----------------------------------------------------------

----------------------------------------------------------
 Time       [T]      140.0000
----------------------------------------------------------
 Sub-region num.                     1            2
----------------------------------------------------------
 Length   [L]        0.10000E+04  0.10000E+04  0.00000E+00
 W-volume [L]        0.48642E+03  0.48642E+03  0.00000E+00
 In-flow  [L/T]     -0.11508E-02 -0.11508E-02  0.00000E+00
 h Mean   [L]       -0.15852E+04 -0.15852E+04  0.00000E+00
 Top Flux [L/T]     -0.21601E-02
 Bot Flux [L/T]     -0.10562E-02
 WatBalT  [L]       -0.11253E-03
 WatBalR  [%]              0.000
----------------------------------------------------------

----------------------------------------------------------
 Time       [T]      150.0000
----------------------------------------------------------
 Sub-region num.                     1            2
----------------------------------------------------------
 Length   [L]        0.10000E+04  0.10000E+04  0.00000E+00
 W-volume [L]        0.48651E+03  0.48651E+03  0.00000E+00
 In-flow  [L/T]      0.88546E-02  0.88546E-02  0.00000E+00
 h Mean   [L]       -0.15732E+04 -0.15732E+04  0.00000E+00
 Top Flux [L/T]     -0.10577E-01
 Bot Flux [L/T]     -0.10493E-02
 WatBalT  [L]       -0.59128E-04
 WatBalR  [%]              0.000
----------------------------------------------------------

----------------------------------------------------------
 Time       [T]      160.0000
----------------------------------------------------------
 Sub-region num.                     1            2
----------------------------------------------------------
 Length   [L]        0.10000E+04  0.10000E+04  0.00000E+00
 W-volume [L]        0.48650E+03  0.48650E+03  0.00000E+00
 In-flow  [L/T]     -0.11341E-02 -0.11341E-02  0.00000E+00
 h Mean   [L]       -0.15635E+04 -0.15635E+04  0.00000E+00
 Top Flux [L/T]     -0.22387E-02
 Bot Flux [L/T]     -0.10407E-02
 WatBalT  [L]       -0.13351E-03
 WatBalR  [%]              0.001
----------------------------------------------------------

----------------------------------------------------------
 Time       [T]      170.0000
----------------------------------------------------------
 Sub-region num.                     1            2
----------------------------------------------------------
 Length   [L]        0.10000E+04  0.10000E+04  0.00000E+00
 W-volume [L]        0.48649E+03  0.48649E+03  0.00000E+00
 In-flow  [L/T]     -0.11278E-02 -0.11278E-02  0.00000E+00
 h Mean   [L]       -0.15546E+04 -0.15546E+04  0.00000E+00
 Top Flux [L/T]     -0.17498E-02
 Bot Flux [L/T]     -0.10402E-02
 WatBalT  [L]       -0.76294E-05
 WatBalR  [%]              0.000
----------------------------------------------------------

----------------------------------------------------------
 Time       [T]      180.0000
----------------------------------------------------------
 Sub-region num.                     1            2
----------------------------------------------------------
 Length   [L]        0.10000E+04  0.10000E+04  0.00000E+00
 W-volume [L]        0.48648E+03  0.48648E+03  0.00000E+00
 In-flow  [L/T]     -0.11228E-02 -0.11228E-02  0.00000E+00
 h Mean   [L]       -0.15463E+04 -0.15463E+04  0.00000E+00
 Top Flux [L/T]     -0.15028E-02
 Bot Flux [L/T]     -0.10459E-02
 WatBalT  [L]       -0.78201E-04
 WatBalR  [%]              0.000
----------------------------------------------------------

----------------------------------------------------------
 Time       [T]      190.0000
----------------------------------------------------------
 Sub-region num.                     1            2
----------------------------------------------------------
 Length   [L]        0.10000E+04  0.10000E+04  0.00000E+00
 W-volume [L]        0.48646E+03  0.48646E+03  0.00000E+00
 In-flow  [L/T]     -0.11208E-02 -0.11208E-02  0.00000E+00
 h Mean   [L]       -0.15388E+04 -0.15388E+04  0.00000E+00
 Top Flux [L/T]     -0.13456E-02
 Bot Flux [L/T]     -0.10474E-02
 WatBalT  [L]       -0.13733E-03
 WatBalR  [%]              0.001
----------------------------------------------------------

----------------------------------------------------------
 Time       [T]      200.0000
----------------------------------------------------------
 Sub-region num.                     1            2
----------------------------------------------------------
 Length   [L]        0.10000E+04  0.10000E+04  0.00000E+00
 W-volume [L]        0.48645E+03  0.48645E+03  0.00000E+00
 In-flow  [L/T]     -0.11161E-02 -0.11161E-02  0.00000E+00
 h Mean   [L]       -0.15320E+04 -0.15320E+04  0.00000E+00
 Top Flux [L/T]     -0.12206E-02
 Bot Flux [L/T]     -0.10482E-02
 WatBalT  [L]       -0.80109E-04
 WatBalR  [%]              0.000
----------------------------------------------------------

----------------------------------------------------------
 Time       [T]      210.0000
----------------------------------------------------------
 Sub-region num.                     1            2
----------------------------------------------------------
 Length   [L]        0.10000E+04  0.10000E+04  0.00000E+00
 W-volume [L]        0.48644E+03  0.48644E+03  0.00000E+00
 In-flow  [L/T]     -0.11134E-02 -0.11134E-02  0.00000E+00
 h Mean   [L]       -0.15261E+04 -0.15261E+04  0.00000E+00
 Top Flux [L/T]     -0.11263E-02
 Bot Flux [L/T]     -0.10485E-02
 WatBalT  [L]        0.57220E-05
 WatBalR  [%]              0.000
----------------------------------------------------------

----------------------------------------------------------
 Time       [T]      220.0000
----------------------------------------------------------
 Sub-region num.                     1            2
----------------------------------------------------------
 Length   [L]        0.10000E+04  0.10000E+04  0.00000E+00
 W-volume [L]        0.48653E+03  0.48653E+03  0.00000E+00
 In-flow  [L/T]      0.88917E-02  0.88917E-02  0.00000E+00
 h Mean   [L]       -0.15200E+04 -0.15200E+04  0.00000E+00
 Top Flux [L/T]     -0.95297E-02
 Bot Flux [L/T]     -0.10487E-02
 WatBalT  [L]       -0.11444E-04
 WatBalR  [%]              0.000
----------------------------------------------------------

----------------------------------------------------------
 Time       [T]      230.0000
----------------------------------------------------------
 Sub-region num.                     1            2
----------------------------------------------------------
 Length   [L]        0.10000E+04  0.10000E+04  0.00000E+00
 W-volume [L]        0.48652E+03  0.48652E+03  0.00000E+00
 In-flow  [L/T]     -0.11061E-02 -0.11061E-02  0.00000E+00
 h Mean   [L]       -0.15151E+04 -0.15151E+04  0.00000E+00
 Top Flux [L/T]     -0.15778E-02
 Bot Flux [L/T]     -0.10487E-02
 WatBalT  [L]        0.19073E-04
 WatBalR  [%]              0.000
----------------------------------------------------------
 
 Calculation time [sec]  0.209999978542328     
