 ******* Program HYDRUS
 ******* 
 Welcome to HYDRUS-1D                                                    
 Date:  30.10.    Time:   4:40:41
 Units: L = mm   , T = min  , M = mmol 

----------------------------------------------------------
 Time       [T]       10.0000
----------------------------------------------------------
 Sub-region num.                     1            2
----------------------------------------------------------
 Length   [L]        0.10000E+04  0.10000E+04  0.00000E+00
 W-volume [L]        0.45000E+03  0.45000E+03  0.00000E+00
 In-flow  [L/T]      0.00000E+00  0.00000E+00  0.00000E+00
 h Mean   [L]       -0.34862E+04 -0.34862E+04  0.00000E+00
 Top Flux [L/T]     -0.22770E-05
 Bot Flux [L/T]      0.80970E-03
----------------------------------------------------------

----------------------------------------------------------
 Time       [T]       10.0010
----------------------------------------------------------
 Sub-region num.                     1            2
----------------------------------------------------------
 Length   [L]        0.10000E+04  0.10000E+04  0.00000E+00
 W-volume [L]        0.45000E+03  0.45000E+03  0.00000E+00
 In-flow  [L/T]      0.38242E+00  0.38242E+00  0.00000E+00
 h Mean   [L]       -0.34861E+04 -0.34861E+04  0.00000E+00
 Top Flux [L/T]     -0.81150E-05
 Bot Flux [L/T]      0.80882E-03
 WatBalT  [L]       -0.12944E-04
 WatBalR  [%]              2.873
----------------------------------------------------------

----------------------------------------------------------
 Time       [T]       20.0000
----------------------------------------------------------
 Sub-region num.                     1            2
----------------------------------------------------------
 Length   [L]        0.10000E+04  0.10000E+04  0.00000E+00
 W-volume [L]        0.45109E+03  0.45109E+03  0.00000E+00
 In-flow  [L/T]      0.10893E+00  0.10893E+00  0.00000E+00
 h Mean   [L]       -0.33059E+04 -0.33059E+04  0.00000E+00
 Top Flux [L/T]     -0.82165E-01
 Bot Flux [L/T]     -0.69669E-03
 WatBalT  [L]       -0.86665E-04
 WatBalR  [%]              0.005
----------------------------------------------------------

----------------------------------------------------------
 Time       [T]       30.0000
----------------------------------------------------------
 Sub-region num.                     1            2
----------------------------------------------------------
 Length   [L]        0.10000E+04  0.10000E+04  0.00000E+00
 W-volume [L]        0.45108E+03  0.45108E+03  0.00000E+00
 In-flow  [L/T]     -0.10598E-02 -0.10598E-02  0.00000E+00
 h Mean   [L]       -0.32664E+04 -0.32664E+04  0.00000E+00
 Top Flux [L/T]     -0.10663E-01
 Bot Flux [L/T]     -0.79884E-03
 WatBalT  [L]       -0.47445E-04
 WatBalR  [%]              0.002
----------------------------------------------------------

----------------------------------------------------------
 Time       [T]       40.0000
----------------------------------------------------------
 Sub-region num.                     1            2
----------------------------------------------------------
 Length   [L]        0.10000E+04  0.10000E+04  0.00000E+00
 W-volume [L]        0.45107E+03  0.45107E+03  0.00000E+00
 In-flow  [L/T]     -0.10492E-02 -0.10492E-02  0.00000E+00
 h Mean   [L]       -0.32443E+04 -0.32443E+04  0.00000E+00
 Top Flux [L/T]     -0.53441E-02
 Bot Flux [L/T]     -0.83593E-03
 WatBalT  [L]       -0.28610E-04
 WatBalR  [%]              0.001
----------------------------------------------------------

----------------------------------------------------------
 Time       [T]       50.0000
----------------------------------------------------------
 Sub-region num.                     1            2
----------------------------------------------------------
 Length   [L]        0.10000E+04  0.10000E+04  0.00000E+00
 W-volume [L]        0.45116E+03  0.45116E+03  0.00000E+00
 In-flow  [L/T]      0.89595E-02  0.89595E-02  0.00000E+00
 h Mean   [L]       -0.32186E+04 -0.32186E+04  0.00000E+00
 Top Flux [L/T]     -0.78532E-02
 Bot Flux [L/T]     -0.85810E-03
 WatBalT  [L]        0.35524E-04
 WatBalR  [%]              0.001
----------------------------------------------------------

----------------------------------------------------------
 Time       [T]       60.0000
----------------------------------------------------------
 Sub-region num.                     1            2
----------------------------------------------------------
 Length   [L]        0.10000E+04  0.10000E+04  0.00000E+00
 W-volume [L]        0.45115E+03  0.45115E+03  0.00000E+00
 In-flow  [L/T]     -0.10309E-02 -0.10309E-02  0.00000E+00
 h Mean   [L]       -0.32035E+04 -0.32035E+04  0.00000E+00
 Top Flux [L/T]     -0.40403E-02
 Bot Flux [L/T]     -0.86954E-03
 WatBalT  [L]        0.24796E-04
 WatBalR  [%]              0.001
----------------------------------------------------------
 
 Calculation time [sec]  0.380000025033951     
