 ******* Program HYDRUS
 ******* 
 Welcome to HYDRUS-1D                                                    
 Date:  30.10.    Time:   4:40:41
 Units: L = mm   , T = min  , M = mmol 



                               Node(  1)                      Node( 11)                      Node( 31)                      Node( 51)                      Node(101)

         time            h        theta    Flux           h        theta    Flux           h        theta    Flux           h        theta    Flux           h        theta    Flux  
         10.0001   -16350.06  0.3590 -0.380E+00      -7751.92  0.3624  0.191E-03      -2365.29  0.4456  0.848E-02      -1182.12  0.5015 -0.747E-02      -1533.98  0.4800 -0.681E-03
         10.0002   -16347.73  0.3590 -0.380E+00      -7751.92  0.3624  0.191E-03      -2365.29  0.4456  0.848E-02      -1182.12  0.5015 -0.747E-02      -1533.98  0.4800 -0.681E-03
         10.0003   -16344.26  0.3590 -0.380E+00      -7751.92  0.3624  0.191E-03      -2365.29  0.4456  0.848E-02      -1182.12  0.5015 -0.747E-02      -1533.98  0.4800 -0.143E-02
         10.0005   -16340.02  0.3590 -0.380E+00      -7751.92  0.3624  0.191E-03      -2365.29  0.4456  0.848E-02      -1182.12  0.5015 -0.747E-02      -1533.98  0.4800 -0.979E-03
         10.0008   -16333.62  0.3590 -0.380E+00      -7751.92  0.3624  0.191E-03      -2365.29  0.4456  0.848E-02      -1182.12  0.5015 -0.747E-02      -1533.99  0.4800 -0.979E-03
         10.0010   -16327.23  0.3591 -0.380E+00      -7751.92  0.3624  0.191E-03      -2365.29  0.4456  0.848E-02      -1182.12  0.5015 -0.747E-02      -1533.99  0.4800 -0.979E-03
         10.0011   -16326.61  0.3591 -0.110E+00      -7751.92  0.3624  0.191E-03      -2365.28  0.4456  0.848E-02      -1182.12  0.5015 -0.747E-02      -1533.99  0.4800 -0.681E-03
         10.0012   -16325.50  0.3591 -0.110E+00      -7751.92  0.3624  0.191E-03      -2365.28  0.4456  0.848E-02      -1182.12  0.5015 -0.747E-02      -1533.99  0.4800 -0.148E-02
         10.0014   -16324.28  0.3591 -0.110E+00      -7751.92  0.3624  0.191E-03      -2365.28  0.4456  0.848E-02      -1182.12  0.5015 -0.747E-02      -1533.99  0.4800 -0.955E-03
         10.0016   -16322.62  0.3591 -0.110E+00      -7751.92  0.3624  0.191E-03      -2365.28  0.4456  0.848E-02      -1182.12  0.5015 -0.747E-02      -1533.99  0.4800 -0.123E-02
         10.0019   -16320.52  0.3591 -0.110E+00      -7751.92  0.3624  0.191E-03      -2365.28  0.4456  0.848E-02      -1182.12  0.5015 -0.747E-02      -1534.00  0.4800 -0.128E-02
         10.0023   -16317.77  0.3591 -0.110E+00      -7751.92  0.3624  0.191E-03      -2365.28  0.4456  0.848E-02      -1182.12  0.5015 -0.747E-02      -1534.00  0.4800 -0.120E-02
         10.0028   -16314.19  0.3591 -0.110E+00      -7751.92  0.3624  0.191E-03      -2365.28  0.4456  0.848E-02      -1182.12  0.5015 -0.747E-02      -1534.00  0.4800 -0.105E-02
         10.0034   -16309.54  0.3591 -0.110E+00      -7751.92  0.3624  0.191E-03      -2365.28  0.4456  0.848E-02      -1182.12  0.5015 -0.747E-02      -1534.01  0.4800 -0.109E-02
         10.0042   -16303.50  0.3591 -0.110E+00      -7751.92  0.3624  0.191E-03      -2365.28  0.4456  0.848E-02      -1182.12  0.5015 -0.747E-02      -1534.01  0.4800 -0.102E-02
         10.0053   -16295.66  0.3592 -0.110E+00      -7751.92  0.3624  0.191E-03      -2365.27  0.4456  0.848E-02      -1182.12  0.5015 -0.747E-02      -1534.02  0.4800 -0.116E-02
         10.0066   -16285.44  0.3592 -0.110E+00      -7751.92  0.3624  0.191E-03      -2365.27  0.4456  0.848E-02      -1182.12  0.5015 -0.747E-02      -1534.03  0.4800 -0.114E-02
         10.0084   -16272.17  0.3592 -0.110E+00      -7751.92  0.3624  0.191E-03      -2365.26  0.4456  0.848E-02      -1182.12  0.5015 -0.747E-02      -1534.05  0.4800 -0.111E-02
         10.0108   -16254.92  0.3593 -0.110E+00      -7751.92  0.3624  0.191E-03      -2365.26  0.4456  0.848E-02      -1182.12  0.5015 -0.747E-02      -1534.07  0.4800 -0.112E-02
         10.0138   -16232.50  0.3593 -0.110E+00      -7751.92  0.3624  0.191E-03      -2365.25  0.4456  0.848E-02      -1182.12  0.5015 -0.747E-02      -1534.09  0.4800 -0.112E-02
         10.0177   -16203.35  0.3594 -0.110E+00      -7751.92  0.3624  0.191E-03      -2365.23  0.4456  0.848E-02      -1182.12  0.5015 -0.747E-02      -1534.12  0.4800 -0.110E-02
         10.0228   -16165.44  0.3595 -0.110E+00      -7751.92  0.3624  0.191E-03      -2365.22  0.4456  0.848E-02      -1182.11  0.5015 -0.747E-02      -1534.16  0.4800 -0.110E-02
         10.0295   -16116.18  0.3597 -0.110E+00      -7751.92  0.3624  0.191E-03      -2365.20  0.4456  0.848E-02      -1182.11  0.5015 -0.747E-02      -1534.22  0.4800 -0.110E-02
         10.0382   -16052.16  0.3599 -0.110E+00      -7751.93  0.3624  0.191E-03      -2365.17  0.4456  0.848E-02      -1182.11  0.5015 -0.747E-02      -1534.29  0.4800 -0.110E-02
         10.0494   -15968.92  0.3601 -0.110E+00      -7751.93  0.3624  0.191E-03      -2365.14  0.4456  0.848E-02      -1182.10  0.5015 -0.747E-02      -1534.38  0.4800 -0.110E-02
         10.0640   -15860.76  0.3604 -0.110E+00      -7751.92  0.3624  0.191E-03      -2365.09  0.4456  0.849E-02      -1182.10  0.5015 -0.747E-02      -1534.49  0.4800 -0.110E-02
         10.0830   -15720.20  0.3609 -0.110E+00      -7751.92  0.3624  0.191E-03      -2365.03  0.4456  0.849E-02      -1182.09  0.5015 -0.747E-02      -1534.64  0.4800 -0.110E-02
         10.1077   -15542.83  0.3614 -0.110E+00      -7751.92  0.3624  0.191E-03      -2364.95  0.4456  0.849E-02      -1182.07  0.5015 -0.747E-02      -1534.83  0.4799 -0.110E-02
         10.1398   -15369.44  0.3621 -0.110E+00      -7751.92  0.3624  0.191E-03      -2364.85  0.4456  0.849E-02      -1182.06  0.5015 -0.747E-02      -1535.07  0.4799 -0.110E-02
         10.1816   -15130.36  0.3630 -0.110E+00      -7751.92  0.3624  0.191E-03      -2364.72  0.4456  0.849E-02      -1182.04  0.5015 -0.747E-02      -1535.38  0.4799 -0.110E-02
         10.2359   -14831.54  0.3642 -0.110E+00      -7751.91  0.3624  0.191E-03      -2364.56  0.4456  0.849E-02      -1182.01  0.5015 -0.747E-02      -1535.78  0.4799 -0.110E-02
         10.3064   -14438.62  0.3658 -0.110E+00      -7751.91  0.3624  0.191E-03      -2364.34  0.4456  0.849E-02      -1181.98  0.5015 -0.747E-02      -1536.28  0.4799 -0.110E-02
         10.3982   -13931.49  0.3678 -0.110E+00      -7751.90  0.3624  0.191E-03      -2364.05  0.4456  0.850E-02      -1181.93  0.5015 -0.747E-02      -1536.90  0.4798 -0.110E-02
         10.5174   -13272.47  0.3704 -0.110E+00      -7751.90  0.3624  0.191E-03      -2363.68  0.4456  0.850E-02      -1181.87  0.5015 -0.747E-02      -1537.67  0.4798 -0.110E-02
         10.6725   -12419.23  0.3737 -0.110E+00      -7751.88  0.3624  0.191E-03      -2363.20  0.4456  0.850E-02      -1181.80  0.5015 -0.748E-02      -1538.62  0.4798 -0.110E-02
         10.8740   -11592.79  0.3781 -0.110E+00      -7751.88  0.3624  0.191E-03      -2362.57  0.4457  0.851E-02      -1181.70  0.5015 -0.748E-02      -1539.76  0.4797 -0.110E-02
         11.1360   -10492.31  0.3837 -0.110E+00      -7751.86  0.3624  0.191E-03      -2361.76  0.4457  0.852E-02      -1181.58  0.5015 -0.748E-02      -1541.11  0.4797 -0.110E-02
         11.4766    -9304.64  0.3909 -0.110E+00      -7751.83  0.3624  0.191E-03      -2360.69  0.4457  0.853E-02      -1181.41  0.5015 -0.749E-02      -1542.70  0.4796 -0.110E-02
         11.9194    -7981.85  0.4001 -0.110E+00      -7751.81  0.3624  0.191E-03      -2359.31  0.4458  0.854E-02      -1181.21  0.5015 -0.750E-02      -1544.53  0.4795 -0.109E-02
         12.4950    -6694.23  0.4114 -0.110E+00      -7751.77  0.3624  0.192E-03      -2357.50  0.4459  0.856E-02      -1180.94  0.5015 -0.750E-02      -1546.62  0.4794 -0.109E-02
         13.2455    -5456.69  0.4248 -0.110E+00      -7751.73  0.3624  0.192E-03      -2355.13  0.4459  0.859E-02      -1180.59  0.5016 -0.751E-02      -1548.96  0.4793 -0.109E-02
         14.2104    -4410.84  0.4392 -0.110E+00      -7751.67  0.3624  0.192E-03      -2352.05  0.4461  0.862E-02      -1180.16  0.5016 -0.753E-02      -1551.55  0.4792 -0.109E-02
         15.1753    -3738.95  0.4507 -0.110E+00      -7751.62  0.3624  0.192E-03      -2348.95  0.4462  0.865E-02      -1179.73  0.5016 -0.754E-02      -1553.83  0.4791 -0.109E-02
         16.1403    -3302.62  0.4600 -0.110E+00      -7751.56  0.3624  0.192E-03      -2345.83  0.4463  0.868E-02      -1179.30  0.5017 -0.755E-02      -1555.89  0.4790 -0.108E-02
         17.1052    -2970.91  0.4675 -0.110E+00      -7751.51  0.3624  0.192E-03      -2342.68  0.4464  0.871E-02      -1178.88  0.5017 -0.756E-02      -1557.77  0.4789 -0.108E-02
         18.5526    -2646.83  0.4767 -0.110E+00      -7751.44  0.3624  0.192E-03      -2337.91  0.4466  0.876E-02      -1178.28  0.5018 -0.757E-02      -1560.30  0.4787 -0.108E-02
         20.0000    -2378.60  0.4847 -0.110E+00      -7751.37  0.3624  0.192E-03      -2333.09  0.4467  0.881E-02      -1177.71  0.5018 -0.759E-02      -1562.63  0.4786 -0.108E-02
         21.2500    -2799.21  0.4726  0.224E-07      -7751.32  0.3624  0.193E-03      -2328.90  0.4469  0.885E-02      -1177.24  0.5018 -0.759E-02      -1564.51  0.4785 -0.107E-02
         22.5000    -3083.52  0.4645 -0.559E-07      -7751.27  0.3624  0.193E-03      -2324.67  0.4470  0.889E-02      -1176.80  0.5019 -0.759E-02      -1566.27  0.4785 -0.107E-02
         24.0000    -3423.75  0.4575 -0.261E-07      -7751.24  0.3624  0.193E-03      -2319.59  0.4472  0.893E-02      -1176.31  0.5019 -0.759E-02      -1568.27  0.4784 -0.107E-02
         26.0000    -3723.92  0.4508  0.931E-08      -7751.22  0.3624  0.194E-03      -2312.80  0.4475  0.899E-02      -1175.73  0.5019 -0.756E-02      -1570.75  0.4783 -0.107E-02
         30.0000    -4220.88  0.4422 -0.373E-08      -7751.35  0.3624  0.196E-03      -2299.27  0.4480  0.908E-02      -1174.96  0.5020 -0.748E-02      -1575.16  0.4780 -0.106E-02
         33.3333    -4550.74  0.4369  0.140E-07      -7751.61  0.3624  0.198E-03      -2288.12  0.4484  0.915E-02      -1174.55  0.5020 -0.738E-02      -1578.58  0.4779 -0.106E-02
         40.0000    -5029.18  0.4298 -0.466E-09      -7752.89  0.3624  0.205E-03      -2266.87  0.4492  0.924E-02      -1174.83  0.5020 -0.713E-02      -1584.56  0.4776 -0.105E-02
         40.0001    -5046.01  0.4298 -0.973E-02      -7752.85  0.3624  0.205E-03      -2266.77  0.4492  0.924E-02      -1174.71  0.5020 -0.713E-02      -1584.64  0.4776 -0.837E-03
         40.0002    -5043.25  0.4298 -0.986E-02      -7752.85  0.3624  0.205E-03      -2266.79  0.4492  0.924E-02      -1174.74  0.5020 -0.713E-02      -1584.62  0.4776 -0.837E-03
         40.0004    -5045.25  0.4298 -0.967E-02      -7752.85  0.3624  0.205E-03      -2266.77  0.4492  0.924E-02      -1174.71  0.5020 -0.713E-02      -1584.63  0.4776 -0.837E-03
         40.0006    -5044.66  0.4298 -0.100E-01      -7752.85  0.3624  0.205E-03      -2266.78  0.4492  0.924E-02      -1174.72  0.5020 -0.713E-02      -1584.63  0.4776 -0.837E-03
         40.0009    -5044.91  0.4298 -0.996E-02      -7752.85  0.3624  0.205E-03      -2266.77  0.4492  0.924E-02      -1174.72  0.5020 -0.713E-02      -1584.63  0.4776 -0.837E-03
         40.0013    -5044.79  0.4298 -0.101E-01      -7752.85  0.3624  0.205E-03      -2266.78  0.4492  0.924E-02      -1174.72  0.5020 -0.713E-02      -1584.63  0.4776 -0.124E-02
         40.0018    -5044.79  0.4298 -0.990E-02      -7752.85  0.3624  0.205E-03      -2266.77  0.4492  0.924E-02      -1174.72  0.5020 -0.713E-02      -1584.63  0.4776 -0.115E-02
         40.0024    -5044.73  0.4298 -0.100E-01      -7752.85  0.3624  0.205E-03      -2266.77  0.4492  0.924E-02      -1174.72  0.5020 -0.713E-02      -1584.63  0.4776 -0.107E-02
         40.0032    -5044.67  0.4298 -0.100E-01      -7752.85  0.3624  0.205E-03      -2266.77  0.4492  0.924E-02      -1174.72  0.5020 -0.713E-02      -1584.63  0.4776 -0.102E-02
         40.0043    -5044.58  0.4298 -0.100E-01      -7752.85  0.3624  0.205E-03      -2266.77  0.4492  0.924E-02      -1174.72  0.5020 -0.713E-02      -1584.63  0.4776 -0.978E-03
         40.0056    -5044.48  0.4298 -0.100E-01      -7752.85  0.3624  0.205E-03      -2266.76  0.4492  0.924E-02      -1174.72  0.5020 -0.713E-02      -1584.63  0.4776 -0.105E-02
         40.0074    -5044.34  0.4298 -0.100E-01      -7752.85  0.3624  0.205E-03      -2266.76  0.4492  0.924E-02      -1174.72  0.5020 -0.713E-02      -1584.64  0.4776 -0.109E-02
         40.0098    -5044.16  0.4298 -0.100E-01      -7752.85  0.3624  0.205E-03      -2266.75  0.4492  0.924E-02      -1174.72  0.5020 -0.713E-02      -1584.64  0.4776 -0.103E-02
         40.0128    -5043.92  0.4298 -0.999E-02      -7752.85  0.3624  0.205E-03      -2266.74  0.4492  0.924E-02      -1174.72  0.5020 -0.713E-02      -1584.64  0.4776 -0.103E-02
         40.0167    -5043.62  0.4298 -0.100E-01      -7752.85  0.3624  0.205E-03      -2266.73  0.4492  0.924E-02      -1174.72  0.5020 -0.713E-02      -1584.64  0.4776 -0.106E-02
         40.0218    -5043.22  0.4298 -0.999E-02      -7752.85  0.3624  0.205E-03      -2266.71  0.4492  0.924E-02      -1174.72  0.5020 -0.713E-02      -1584.65  0.4776 -0.104E-02
         40.0285    -5042.71  0.4298 -0.100E-01      -7752.85  0.3624  0.205E-03      -2266.69  0.4492  0.924E-02      -1174.72  0.5020 -0.713E-02      -1584.66  0.4776 -0.104E-02
         40.0372    -5042.04  0.4298 -0.100E-01      -7752.85  0.3624  0.205E-03      -2266.66  0.4492  0.924E-02      -1174.72  0.5020 -0.713E-02      -1584.66  0.4776 -0.104E-02
         40.0484    -5041.17  0.4298 -0.100E-01      -7752.85  0.3624  0.205E-03      -2266.63  0.4492  0.924E-02      -1174.72  0.5020 -0.713E-02      -1584.67  0.4776 -0.105E-02
         40.0630    -5040.05  0.4299 -0.100E-01      -7752.85  0.3624  0.205E-03      -2266.58  0.4492  0.924E-02      -1174.72  0.5020 -0.713E-02      -1584.69  0.4776 -0.105E-02
         40.0820    -5038.59  0.4299 -0.100E-01      -7752.86  0.3624  0.205E-03      -2266.52  0.4492  0.924E-02      -1174.72  0.5020 -0.713E-02      -1584.70  0.4776 -0.105E-02
         40.1067    -5036.69  0.4299 -0.100E-01      -7752.87  0.3624  0.205E-03      -2266.44  0.4492  0.924E-02      -1174.72  0.5020 -0.713E-02      -1584.72  0.4776 -0.105E-02
         40.1388    -5034.24  0.4299 -0.100E-01      -7752.87  0.3624  0.205E-03      -2266.34  0.4492  0.924E-02      -1174.72  0.5020 -0.712E-02      -1584.75  0.4776 -0.105E-02
         40.1806    -5031.06  0.4300 -0.100E-01      -7752.88  0.3624  0.205E-03      -2266.20  0.4492  0.924E-02      -1174.72  0.5020 -0.712E-02      -1584.79  0.4776 -0.105E-02
         40.2349    -5026.94  0.4300 -0.100E-01      -7752.89  0.3624  0.205E-03      -2266.03  0.4492  0.924E-02      -1174.72  0.5020 -0.712E-02      -1584.84  0.4776 -0.105E-02
         40.3054    -5021.63  0.4301 -0.100E-01      -7752.90  0.3624  0.205E-03      -2265.81  0.4492  0.924E-02      -1174.73  0.5020 -0.712E-02      -1584.90  0.4776 -0.105E-02
         40.3972    -5014.78  0.4302 -0.100E-01      -7752.92  0.3624  0.205E-03      -2265.51  0.4492  0.924E-02      -1174.73  0.5020 -0.711E-02      -1584.98  0.4776 -0.105E-02
         40.5164    -5005.97  0.4303 -0.100E-01      -7752.94  0.3624  0.205E-03      -2265.14  0.4492  0.924E-02      -1174.74  0.5020 -0.711E-02      -1585.09  0.4776 -0.105E-02
         40.6715    -4994.69  0.4304 -0.100E-01      -7752.97  0.3624  0.205E-03      -2264.64  0.4492  0.924E-02      -1174.74  0.5020 -0.710E-02      -1585.23  0.4776 -0.105E-02
         40.8730    -4980.30  0.4306 -0.100E-01      -7753.01  0.3624  0.206E-03      -2264.00  0.4493  0.925E-02      -1174.75  0.5020 -0.710E-02      -1585.41  0.4776 -0.105E-02
         41.1350    -4962.03  0.4308 -0.100E-01      -7753.06  0.3624  0.206E-03      -2263.17  0.4493  0.925E-02      -1174.77  0.5020 -0.709E-02      -1585.64  0.4775 -0.105E-02
         41.4756    -4939.01  0.4311 -0.100E-01      -7753.13  0.3624  0.206E-03      -2262.10  0.4493  0.925E-02      -1174.79  0.5020 -0.707E-02      -1585.94  0.4775 -0.105E-02
         41.9184    -4910.25  0.4314 -0.100E-01      -7753.23  0.3624  0.207E-03      -2260.70  0.4494  0.926E-02      -1174.82  0.5020 -0.705E-02      -1586.32  0.4775 -0.105E-02
         42.4940    -4874.72  0.4319 -0.100E-01      -7753.36  0.3624  0.207E-03      -2258.90  0.4494  0.926E-02      -1174.87  0.5020 -0.703E-02      -1586.81  0.4775 -0.105E-02
         43.2446    -4839.94  0.4324 -0.100E-01      -7753.54  0.3624  0.208E-03      -2256.57  0.4495  0.927E-02      -1174.95  0.5020 -0.700E-02      -1587.45  0.4775 -0.105E-02
         44.2096    -4800.46  0.4330 -0.100E-01      -7753.80  0.3624  0.209E-03      -2253.61  0.4496  0.928E-02      -1175.07  0.5020 -0.696E-02      -1588.26  0.4774 -0.104E-02
         45.3677    -4758.12  0.4337 -0.100E-01      -7754.12  0.3624  0.211E-03      -2250.09  0.4498  0.929E-02      -1175.24  0.5020 -0.691E-02      -1589.21  0.4774 -0.104E-02
         46.9118    -4708.28  0.4345 -0.100E-01      -7754.61  0.3624  0.213E-03      -2245.51  0.4499  0.929E-02      -1175.52  0.5020 -0.684E-02      -1590.44  0.4773 -0.104E-02
         50.0000    -4627.49  0.4359 -0.100E-01      -7755.78  0.3624  0.217E-03      -2236.74  0.4503  0.930E-02      -1176.25  0.5019 -0.670E-02      -1592.81  0.4772 -0.104E-02
         52.5000    -4849.06  0.4327  0.745E-08      -7756.83  0.3624  0.220E-03      -2229.89  0.4505  0.930E-02      -1176.92  0.5019 -0.658E-02      -1594.67  0.4771 -0.104E-02
         56.2500    -5108.48  0.4289  0.605E-08      -7758.74  0.3624  0.226E-03      -2220.29  0.4509  0.928E-02      -1178.17  0.5018 -0.641E-02      -1597.34  0.4770 -0.103E-02
         60.0000    -5361.88  0.4259 -0.838E-08      -7760.92  0.3624  0.232E-03      -2211.27  0.4512  0.926E-02      -1179.58  0.5017 -0.624E-02      -1599.90  0.4769 -0.103E-02
end
