 ******* Program HYDRUS
 ******* 
 Welcome to HYDRUS-1D                                                    
 Date:  25. 9.    Time:  14:27:54
 Units: L = mm   , T = min  , M = mmol 

       Time          rTop        rRoot        vTop         vRoot        vBot       sum(rTop)   sum(rRoot)    sum(vTop)   sum(vRoot)    sum(vBot)      hTop         hRoot        hBot        RunOff    sum(RunOff)     Volume     sum(Infil)    sum(Evap) TLevel Cum(WTrans)  SnowLayer
        [T]         [L/T]        [L/T]        [L/T]        [L/T]        [L/T]         [L]          [L]          [L]         [L]           [L]         [L]           [L]         [L]          [L/T]         [L]          [L]          [L]          [L]

      10.0001 -0.38000E+00  0.00000E+00 -0.37998E+00  0.00000E+00 -0.68051E-03 -0.38000E-04  0.00000E+00 -0.37998E-04  0.00000E+00 -0.68051E-07 -0.16350E+05  0.00000E+00 -0.15340E+04  0.17047E-04  0.17047E-08  0.45000E+03  0.37998E-04  0.00000E+00      1  0.00000E+00      0.000
      10.0002 -0.38000E+00  0.00000E+00 -0.37998E+00  0.00000E+00 -0.68058E-03 -0.76000E-04  0.00000E+00 -0.75997E-04  0.00000E+00 -0.13611E-06 -0.16348E+05  0.00000E+00 -0.15340E+04  0.16421E-04  0.33468E-08  0.45000E+03  0.75997E-04  0.00000E+00      2  0.00000E+00      0.000
      10.0003 -0.38000E+00  0.00000E+00 -0.37998E+00  0.00000E+00 -0.14258E-02 -0.12667E-03  0.00000E+00 -0.12666E-03  0.00000E+00 -0.32621E-06 -0.16344E+05  0.00000E+00 -0.15340E+04  0.15527E-04  0.54171E-08  0.45000E+03  0.12666E-03  0.00000E+00      3  0.00000E+00      0.000
      10.0005 -0.38000E+00  0.00000E+00 -0.37999E+00  0.00000E+00 -0.97890E-03 -0.19000E-03  0.00000E+00 -0.18999E-03  0.00000E+00 -0.48936E-06 -0.16340E+05  0.00000E+00 -0.15340E+04  0.14424E-04  0.78211E-08  0.45000E+03  0.18999E-03  0.00000E+00      4  0.00000E+00      0.000
      10.0008 -0.38000E+00  0.00000E+00 -0.38029E+00  0.00000E+00 -0.97906E-03 -0.28500E-03  0.00000E+00 -0.28506E-03  0.00000E+00 -0.73412E-06 -0.16334E+05  0.00000E+00 -0.15340E+04  0.28527E-03  0.79138E-07  0.45000E+03  0.28506E-03  0.00000E+00      5  0.00000E+00      0.000
      10.0010 -0.38000E+00  0.00000E+00 -0.38029E+00  0.00000E+00 -0.97932E-03 -0.38000E-03  0.00000E+00 -0.38014E-03  0.00000E+00 -0.97895E-06 -0.16327E+05  0.00000E+00 -0.15340E+04  0.28700E-03  0.15089E-06  0.45000E+03  0.38014E-03  0.00000E+00      6  0.00000E+00      0.000
      10.0011 -0.11000E+00  0.00000E+00 -0.11028E+00  0.00000E+00 -0.68137E-03 -0.39100E-03  0.00000E+00 -0.39116E-03  0.00000E+00 -0.10471E-05 -0.16327E+05  0.00000E+00 -0.15340E+04  0.27809E-03  0.17870E-06  0.45000E+03  0.39116E-03  0.00000E+00      7  0.00000E+00      0.000
      10.0012 -0.11000E+00  0.00000E+00 -0.11005E+00  0.00000E+00 -0.14838E-02 -0.40530E-03  0.00000E+00 -0.40547E-03  0.00000E+00 -0.12400E-05 -0.16325E+05  0.00000E+00 -0.15340E+04  0.49144E-04  0.18509E-06  0.45000E+03  0.40547E-03  0.00000E+00      8  0.00000E+00      0.000
      10.0014 -0.11000E+00  0.00000E+00 -0.11023E+00  0.00000E+00 -0.95498E-03 -0.42389E-03  0.00000E+00 -0.42410E-03  0.00000E+00 -0.14014E-05 -0.16324E+05  0.00000E+00 -0.15340E+04  0.22581E-03  0.22325E-06  0.45000E+03  0.42410E-03  0.00000E+00      9  0.00000E+00      0.000
      10.0016 -0.11000E+00  0.00000E+00 -0.10989E+00  0.00000E+00 -0.12264E-02 -0.44806E-03  0.00000E+00 -0.44824E-03  0.00000E+00 -0.16708E-05 -0.16323E+05  0.00000E+00 -0.15340E+04  0.11287E-03  0.24804E-06  0.45000E+03  0.44824E-03  0.00000E+00     10  0.00000E+00      0.000
      10.0019 -0.11000E+00  0.00000E+00 -0.11010E+00  0.00000E+00 -0.12789E-02 -0.47947E-03  0.00000E+00 -0.47968E-03  0.00000E+00 -0.20361E-05 -0.16321E+05  0.00000E+00 -0.15340E+04  0.96381E-04  0.27557E-06  0.45000E+03  0.47968E-03  0.00000E+00     11  0.00000E+00      0.000
      10.0023 -0.11000E+00  0.00000E+00 -0.10998E+00  0.00000E+00 -0.11990E-02 -0.52032E-03  0.00000E+00 -0.52052E-03  0.00000E+00 -0.24813E-05 -0.16318E+05  0.00000E+00 -0.15340E+04  0.23291E-04  0.28422E-06  0.45000E+03  0.52052E-03  0.00000E+00     12  0.00000E+00      0.000
      10.0028 -0.11000E+00  0.00000E+00 -0.10992E+00  0.00000E+00 -0.10451E-02 -0.57341E-03  0.00000E+00 -0.57357E-03  0.00000E+00 -0.29857E-05 -0.16314E+05  0.00000E+00 -0.15340E+04  0.84087E-04  0.32481E-06  0.45000E+03  0.57357E-03  0.00000E+00     13  0.00000E+00      0.000
      10.0034 -0.11000E+00  0.00000E+00 -0.10996E+00  0.00000E+00 -0.10931E-02 -0.64243E-03  0.00000E+00 -0.64257E-03  0.00000E+00 -0.36716E-05 -0.16310E+05  0.00000E+00 -0.15340E+04  0.35360E-04  0.34700E-06  0.45000E+03  0.64257E-03  0.00000E+00     14  0.00000E+00      0.000
      10.0042 -0.11000E+00  0.00000E+00 -0.10998E+00  0.00000E+00 -0.10207E-02 -0.73216E-03  0.00000E+00 -0.73229E-03  0.00000E+00 -0.45043E-05 -0.16304E+05  0.00000E+00 -0.15340E+04  0.15497E-04  0.35964E-06  0.45000E+03  0.73229E-03  0.00000E+00     15  0.00000E+00      0.000
      10.0053 -0.11000E+00  0.00000E+00 -0.11004E+00  0.00000E+00 -0.11622E-02 -0.84881E-03  0.00000E+00 -0.84899E-03  0.00000E+00 -0.57367E-05 -0.16296E+05  0.00000E+00 -0.15340E+04  0.42789E-04  0.40501E-06  0.45000E+03  0.84899E-03  0.00000E+00     16  0.00000E+00      0.000
      10.0066 -0.11000E+00  0.00000E+00 -0.10995E+00  0.00000E+00 -0.11419E-02 -0.10005E-02  0.00000E+00 -0.10006E-02  0.00000E+00 -0.73109E-05 -0.16285E+05  0.00000E+00 -0.15340E+04  0.51789E-04  0.47641E-06  0.45000E+03  0.10006E-02  0.00000E+00     17  0.00000E+00      0.000
      10.0084 -0.11000E+00  0.00000E+00 -0.11003E+00  0.00000E+00 -0.11102E-02 -0.11976E-02  0.00000E+00 -0.11977E-02  0.00000E+00 -0.93006E-05 -0.16272E+05  0.00000E+00 -0.15340E+04  0.26554E-04  0.52400E-06  0.45000E+03  0.11977E-02  0.00000E+00     18  0.00000E+00      0.000
      10.0108 -0.11000E+00  0.00000E+00 -0.10997E+00  0.00000E+00 -0.11187E-02 -0.14539E-02  0.00000E+00 -0.14540E-02  0.00000E+00 -0.11907E-04 -0.16255E+05  0.00000E+00 -0.15341E+04  0.26435E-04  0.58558E-06  0.45000E+03  0.14540E-02  0.00000E+00     19  0.00000E+00      0.000
      10.0138 -0.11000E+00  0.00000E+00 -0.10999E+00  0.00000E+00 -0.11214E-02 -0.17870E-02  0.00000E+00 -0.17871E-02  0.00000E+00 -0.15303E-04 -0.16233E+05  0.00000E+00 -0.15341E+04  0.00000E+00  0.58558E-06  0.45000E+03  0.17871E-02  0.00000E+00     20  0.00000E+00      0.000
      10.0177 -0.11000E+00  0.00000E+00 -0.10998E+00  0.00000E+00 -0.10985E-02 -0.22201E-02  0.00000E+00 -0.22202E-02  0.00000E+00 -0.19628E-04 -0.16203E+05  0.00000E+00 -0.15341E+04  0.16868E-04  0.65200E-06  0.45000E+03  0.22202E-02  0.00000E+00     21  0.00000E+00      0.000
      10.0228 -0.11000E+00  0.00000E+00 -0.11001E+00  0.00000E+00 -0.11029E-02 -0.27832E-02  0.00000E+00 -0.27832E-02  0.00000E+00 -0.25274E-04 -0.16165E+05  0.00000E+00 -0.15342E+04  0.00000E+00  0.65200E-06  0.45000E+03  0.27832E-02  0.00000E+00     22  0.00000E+00      0.000
      10.0295 -0.11000E+00  0.00000E+00 -0.11000E+00  0.00000E+00 -0.10976E-02 -0.35152E-02  0.00000E+00 -0.35152E-02  0.00000E+00 -0.32578E-04 -0.16116E+05  0.00000E+00 -0.15342E+04  0.00000E+00  0.65200E-06  0.45000E+03  0.35152E-02  0.00000E+00     23  0.00000E+00      0.000
      10.0382 -0.11000E+00  0.00000E+00 -0.11000E+00  0.00000E+00 -0.11017E-02 -0.44667E-02  0.00000E+00 -0.44667E-02  0.00000E+00 -0.42107E-04 -0.16052E+05  0.00000E+00 -0.15343E+04  0.00000E+00  0.65200E-06  0.45000E+03  0.44667E-02  0.00000E+00     24  0.00000E+00      0.000
      10.0494 -0.11000E+00  0.00000E+00 -0.10999E+00  0.00000E+00 -0.11021E-02 -0.57037E-02  0.00000E+00 -0.57037E-02  0.00000E+00 -0.54501E-04 -0.15969E+05  0.00000E+00 -0.15344E+04  0.00000E+00  0.65200E-06  0.45000E+03  0.57037E-02  0.00000E+00     25  0.00000E+00      0.000
      10.0640 -0.11000E+00  0.00000E+00 -0.11000E+00  0.00000E+00 -0.11013E-02 -0.73118E-02  0.00000E+00 -0.73118E-02  0.00000E+00 -0.70602E-04 -0.15861E+05  0.00000E+00 -0.15345E+04  0.00000E+00  0.65200E-06  0.45001E+03  0.73118E-02  0.00000E+00     26  0.00000E+00      0.000
      10.0830 -0.11000E+00  0.00000E+00 -0.11000E+00  0.00000E+00 -0.11048E-02 -0.94024E-02  0.00000E+00 -0.94024E-02  0.00000E+00 -0.91599E-04 -0.15720E+05  0.00000E+00 -0.15346E+04  0.00000E+00  0.65200E-06  0.45001E+03  0.94024E-02  0.00000E+00     27  0.00000E+00      0.000
      10.1077 -0.11000E+00  0.00000E+00 -0.11000E+00  0.00000E+00 -0.11042E-02 -0.12120E-01  0.00000E+00 -0.12120E-01  0.00000E+00 -0.11888E-03 -0.15543E+05  0.00000E+00 -0.15348E+04  0.00000E+00  0.65200E-06  0.45001E+03  0.12120E-01  0.00000E+00     28  0.00000E+00      0.000
      10.1398 -0.11000E+00  0.00000E+00 -0.11000E+00  0.00000E+00 -0.11044E-02 -0.15653E-01  0.00000E+00 -0.15653E-01  0.00000E+00 -0.15435E-03 -0.15370E+05  0.00000E+00 -0.15351E+04  0.00000E+00  0.65200E-06  0.45001E+03  0.15653E-01  0.00000E+00     29  0.00000E+00      0.000
      10.1816 -0.11000E+00  0.00000E+00 -0.11000E+00  0.00000E+00 -0.11012E-02 -0.20246E-01  0.00000E+00 -0.20246E-01  0.00000E+00 -0.20033E-03 -0.15131E+05  0.00000E+00 -0.15354E+04  0.00000E+00  0.65200E-06  0.45002E+03  0.20246E-01  0.00000E+00     30  0.00000E+00      0.000
      10.2359 -0.11000E+00  0.00000E+00 -0.11000E+00  0.00000E+00 -0.11015E-02 -0.26217E-01  0.00000E+00 -0.26217E-01  0.00000E+00 -0.26012E-03 -0.14832E+05  0.00000E+00 -0.15358E+04  0.00000E+00  0.65200E-06  0.45002E+03  0.26217E-01  0.00000E+00     31  0.00000E+00      0.000
      10.3064 -0.11000E+00  0.00000E+00 -0.11000E+00  0.00000E+00 -0.11003E-02 -0.33979E-01  0.00000E+00 -0.33979E-01  0.00000E+00 -0.33776E-03 -0.14439E+05  0.00000E+00 -0.15363E+04  0.00000E+00  0.65200E-06  0.45003E+03  0.33979E-01  0.00000E+00     32  0.00000E+00      0.000
      10.3982 -0.11000E+00  0.00000E+00 -0.11000E+00  0.00000E+00 -0.11013E-02 -0.44070E-01  0.00000E+00 -0.44070E-01  0.00000E+00 -0.43879E-03 -0.13933E+05  0.00000E+00 -0.15369E+04  0.00000E+00  0.65200E-06  0.45004E+03  0.44070E-01  0.00000E+00     33  0.00000E+00      0.000
      10.5174 -0.11000E+00  0.00000E+00 -0.11000E+00  0.00000E+00 -0.10996E-02 -0.57187E-01  0.00000E+00 -0.57187E-01  0.00000E+00 -0.56992E-03 -0.13275E+05  0.00000E+00 -0.15377E+04  0.00000E+00  0.65200E-06  0.45006E+03  0.57187E-01  0.00000E+00     34  0.00000E+00      0.000
      10.6725 -0.11000E+00  0.00000E+00 -0.11000E+00  0.00000E+00 -0.10995E-02 -0.74241E-01  0.00000E+00 -0.74241E-01  0.00000E+00 -0.74038E-03 -0.12423E+05  0.00000E+00 -0.15386E+04  0.00000E+00  0.65200E-06  0.45007E+03  0.74241E-01  0.00000E+00     35  0.00000E+00      0.000
      10.8740 -0.11000E+00  0.00000E+00 -0.11000E+00  0.00000E+00 -0.10984E-02 -0.96410E-01  0.00000E+00 -0.96410E-01  0.00000E+00 -0.96174E-03 -0.11598E+05  0.00000E+00 -0.15398E+04  0.00000E+00  0.65200E-06  0.45009E+03  0.96410E-01  0.00000E+00     36  0.00000E+00      0.000
      11.1360 -0.11000E+00  0.00000E+00 -0.11000E+00  0.00000E+00 -0.10978E-02 -0.12523E+00  0.00000E+00 -0.12523E+00  0.00000E+00 -0.12494E-02 -0.10501E+05  0.00000E+00 -0.15411E+04  0.00000E+00  0.65200E-06  0.45012E+03  0.12523E+00  0.00000E+00     37  0.00000E+00      0.000
      11.4766 -0.11000E+00  0.00000E+00 -0.11000E+00  0.00000E+00 -0.10964E-02 -0.16270E+00  0.00000E+00 -0.16270E+00  0.00000E+00 -0.16228E-02 -0.93171E+04  0.00000E+00 -0.15427E+04  0.00000E+00  0.65200E-06  0.45016E+03  0.16270E+00  0.00000E+00     38  0.00000E+00      0.000
      11.9194 -0.11000E+00  0.00000E+00 -0.11000E+00  0.00000E+00 -0.10945E-02 -0.21140E+00  0.00000E+00 -0.21140E+00  0.00000E+00 -0.21074E-02 -0.80072E+04  0.00000E+00 -0.15445E+04  0.00000E+00  0.65200E-06  0.45021E+03  0.21140E+00  0.00000E+00     39  0.00000E+00      0.000
      12.4950 -0.11000E+00  0.00000E+00 -0.11000E+00  0.00000E+00 -0.10928E-02 -0.27472E+00  0.00000E+00 -0.27472E+00  0.00000E+00 -0.27365E-02 -0.67304E+04  0.00000E+00 -0.15466E+04  0.00000E+00  0.65200E-06  0.45027E+03  0.27472E+00  0.00000E+00     40  0.00000E+00      0.000
      13.2455 -0.11000E+00  0.00000E+00 -0.11000E+00  0.00000E+00 -0.10906E-02 -0.35727E+00  0.00000E+00 -0.35727E+00  0.00000E+00 -0.35550E-02 -0.55573E+04  0.00000E+00 -0.15489E+04  0.00000E+00  0.65200E-06  0.45035E+03  0.35727E+00  0.00000E+00     41  0.00000E+00      0.000
      14.2104 -0.11000E+00  0.00000E+00 -0.11000E+00  0.00000E+00 -0.10879E-02 -0.46342E+00  0.00000E+00 -0.46342E+00  0.00000E+00 -0.46047E-02 -0.44925E+04  0.00000E+00 -0.15516E+04  0.00000E+00  0.65200E-06  0.45046E+03  0.46342E+00  0.00000E+00     42  0.00000E+00      0.000
      15.1753 -0.11000E+00  0.00000E+00 -0.11000E+00  0.00000E+00 -0.10856E-02 -0.56956E+00  0.00000E+00 -0.56956E+00  0.00000E+00 -0.56522E-02 -0.38159E+04  0.00000E+00 -0.15538E+04  0.00000E+00  0.65200E-06  0.45056E+03  0.56956E+00  0.00000E+00     43  0.00000E+00      0.000
      16.1403 -0.11000E+00  0.00000E+00 -0.11000E+00  0.00000E+00 -0.10833E-02 -0.67570E+00  0.00000E+00 -0.67570E+00  0.00000E+00 -0.66976E-02 -0.34019E+04  0.00000E+00 -0.15559E+04  0.00000E+00  0.65200E-06  0.45067E+03  0.67570E+00  0.00000E+00     44  0.00000E+00      0.000
      17.1052 -0.11000E+00  0.00000E+00 -0.11000E+00  0.00000E+00 -0.10812E-02 -0.78184E+00  0.00000E+00 -0.78184E+00  0.00000E+00 -0.77409E-02 -0.30544E+04  0.00000E+00 -0.15578E+04  0.00000E+00  0.65200E-06  0.45077E+03  0.78184E+00  0.00000E+00     45  0.00000E+00      0.000
      18.5526 -0.11000E+00  0.00000E+00 -0.11000E+00  0.00000E+00 -0.10783E-02 -0.94106E+00  0.00000E+00 -0.94106E+00  0.00000E+00 -0.93017E-02 -0.27424E+04  0.00000E+00 -0.15603E+04  0.00000E+00  0.65200E-06  0.45093E+03  0.94106E+00  0.00000E+00     46  0.00000E+00      0.000
      20.0000 -0.11000E+00  0.00000E+00 -0.11000E+00  0.00000E+00 -0.10756E-02 -0.11003E+01  0.00000E+00 -0.11003E+01  0.00000E+00 -0.10859E-01 -0.24781E+04  0.00000E+00 -0.15626E+04  0.00000E+00  0.65200E-06  0.45109E+03  0.11003E+01  0.00000E+00     47  0.00000E+00      0.000
      21.6667  0.00000E+00  0.00000E+00 -0.18626E-07  0.00000E+00 -0.10728E-02 -0.11003E+01  0.00000E+00 -0.11003E+01  0.00000E+00 -0.12646E-01 -0.29875E+04  0.00000E+00 -0.15651E+04  0.00000E+00  0.65200E-06  0.45109E+03  0.11003E+01  0.00000E+00     48  0.00000E+00      0.000
      23.3333  0.00000E+00  0.00000E+00 -0.74506E-08  0.00000E+00 -0.10701E-02 -0.11003E+01  0.00000E+00 -0.11003E+01  0.00000E+00 -0.14430E-01 -0.33902E+04  0.00000E+00 -0.15674E+04  0.00000E+00  0.65200E-06  0.45108E+03  0.11003E+01  0.00000E+00     49  0.00000E+00      0.000
      25.5556  0.00000E+00  0.00000E+00  0.93132E-08  0.00000E+00 -0.10667E-02 -0.11003E+01  0.00000E+00 -0.11003E+01  0.00000E+00 -0.16800E-01 -0.37713E+04  0.00000E+00 -0.15702E+04  0.00000E+00  0.65200E-06  0.45108E+03  0.11003E+01  0.20696E-07     50  0.00000E+00      0.000
      27.7778  0.00000E+00  0.00000E+00 -0.22352E-07  0.00000E+00 -0.10636E-02 -0.11003E+01  0.00000E+00 -0.11003E+01  0.00000E+00 -0.19164E-01 -0.41298E+04  0.00000E+00 -0.15728E+04  0.00000E+00  0.65200E-06  0.45108E+03  0.11003E+01  0.20696E-07     51  0.00000E+00      0.000
      30.0000  0.00000E+00  0.00000E+00  0.26077E-07  0.00000E+00 -0.10607E-02 -0.11003E+01  0.00000E+00 -0.11003E+01  0.00000E+00 -0.21521E-01 -0.44104E+04  0.00000E+00 -0.15752E+04  0.00000E+00  0.65200E-06  0.45108E+03  0.11003E+01  0.78645E-07     52  0.00000E+00      0.000
      33.3333  0.00000E+00  0.00000E+00  0.46566E-08  0.00000E+00 -0.10565E-02 -0.11003E+01  0.00000E+00 -0.11003E+01  0.00000E+00 -0.25043E-01 -0.47311E+04  0.00000E+00 -0.15786E+04  0.00000E+00  0.65200E-06  0.45107E+03  0.11003E+01  0.94167E-07     53  0.00000E+00      0.000
      40.0000  0.00000E+00  0.00000E+00 -0.18626E-08  0.00000E+00 -0.10492E-02 -0.11003E+01  0.00000E+00 -0.11003E+01  0.00000E+00 -0.32037E-01 -0.52608E+04  0.00000E+00 -0.15846E+04  0.00000E+00  0.65200E-06  0.45107E+03  0.11003E+01  0.94167E-07     54  0.00000E+00      0.000
      40.0001 -0.10000E-01  0.00000E+00 -0.96275E-02  0.00000E+00 -0.83746E-03 -0.11003E+01  0.00000E+00 -0.11003E+01  0.00000E+00 -0.32037E-01 -0.52721E+04  0.00000E+00 -0.15847E+04  0.37253E-03  0.68925E-06  0.45107E+03  0.11003E+01  0.94167E-07     55  0.00000E+00      0.000
      40.0002 -0.10000E-01  0.00000E+00 -0.97524E-02  0.00000E+00 -0.83725E-03 -0.11003E+01  0.00000E+00 -0.11003E+01  0.00000E+00 -0.32037E-01 -0.52698E+04  0.00000E+00 -0.15847E+04  0.24757E-03  0.72144E-06  0.45107E+03  0.11003E+01  0.94167E-07     56  0.00000E+00      0.000
      40.0004 -0.10000E-01  0.00000E+00 -0.10450E-01  0.00000E+00 -0.83742E-03 -0.11003E+01  0.00000E+00 -0.11003E+01  0.00000E+00 -0.32038E-01 -0.52715E+04  0.00000E+00 -0.15847E+04  0.45003E-03  0.79749E-06  0.45107E+03  0.11003E+01  0.94167E-07     57  0.00000E+00      0.000
      40.0006 -0.10000E-01  0.00000E+00 -0.99102E-02  0.00000E+00 -0.83732E-03 -0.11003E+01  0.00000E+00 -0.11003E+01  0.00000E+00 -0.32038E-01 -0.52709E+04  0.00000E+00 -0.15847E+04  0.89791E-04  0.81722E-06  0.45107E+03  0.11003E+01  0.94167E-07     58  0.00000E+00      0.000
      40.0009 -0.10000E-01  0.00000E+00 -0.98568E-02  0.00000E+00 -0.83740E-03 -0.11003E+01  0.00000E+00 -0.11003E+01  0.00000E+00 -0.32038E-01 -0.52712E+04  0.00000E+00 -0.15847E+04  0.14322E-03  0.85812E-06  0.45107E+03  0.11003E+01  0.94167E-07     59  0.00000E+00      0.000
      40.0013 -0.10000E-01  0.00000E+00 -0.99779E-02  0.00000E+00 -0.12387E-02 -0.11003E+01  0.00000E+00 -0.11003E+01  0.00000E+00 -0.32038E-01 -0.52711E+04  0.00000E+00 -0.15847E+04  0.22070E-04  0.86632E-06  0.45107E+03  0.11003E+01  0.94167E-07     60  0.00000E+00      0.000
      40.0018 -0.10000E-01  0.00000E+00 -0.10101E-01  0.00000E+00 -0.11461E-02 -0.11003E+01  0.00000E+00 -0.11003E+01  0.00000E+00 -0.32039E-01 -0.52711E+04  0.00000E+00 -0.15847E+04  0.10140E-03  0.91526E-06  0.45107E+03  0.11003E+01  0.94167E-07     61  0.00000E+00      0.000
      40.0024 -0.10000E-01  0.00000E+00 -0.99119E-02  0.00000E+00 -0.10749E-02 -0.11003E+01  0.00000E+00 -0.11003E+01  0.00000E+00 -0.32040E-01 -0.52710E+04  0.00000E+00 -0.15847E+04  0.88146E-04  0.97057E-06  0.45107E+03  0.11003E+01  0.94167E-07     62  0.00000E+00      0.000
      40.0032 -0.10000E-01  0.00000E+00 -0.99122E-02  0.00000E+00 -0.10201E-02 -0.11003E+01  0.00000E+00 -0.11003E+01  0.00000E+00 -0.32040E-01 -0.52709E+04  0.00000E+00 -0.15847E+04  0.87797E-04  0.10422E-05  0.45107E+03  0.11003E+01  0.94167E-07     63  0.00000E+00      0.000
      40.0043 -0.10000E-01  0.00000E+00 -0.99409E-02  0.00000E+00 -0.97792E-03 -0.11003E+01  0.00000E+00 -0.11003E+01  0.00000E+00 -0.32041E-01 -0.52709E+04  0.00000E+00 -0.15847E+04  0.59137E-04  0.11049E-05  0.45107E+03  0.11003E+01  0.94167E-07     64  0.00000E+00      0.000
      40.0056 -0.10000E-01  0.00000E+00 -0.10028E-01  0.00000E+00 -0.10536E-02 -0.11003E+01  0.00000E+00 -0.11003E+01  0.00000E+00 -0.32043E-01 -0.52707E+04  0.00000E+00 -0.15847E+04  0.28008E-04  0.11435E-05  0.45107E+03  0.11003E+01  0.94167E-07     65  0.00000E+00      0.000
      40.0074 -0.10000E-01  0.00000E+00 -0.99873E-02  0.00000E+00 -0.10868E-02 -0.11003E+01  0.00000E+00 -0.11003E+01  0.00000E+00 -0.32045E-01 -0.52706E+04  0.00000E+00 -0.15847E+04  0.12659E-04  0.11662E-05  0.45107E+03  0.11003E+01  0.94167E-07     66  0.00000E+00      0.000
      40.0098 -0.10000E-01  0.00000E+00 -0.10027E-01  0.00000E+00 -0.10294E-02 -0.11004E+01  0.00000E+00 -0.11004E+01  0.00000E+00 -0.32047E-01 -0.52704E+04  0.00000E+00 -0.15847E+04  0.26880E-04  0.12288E-05  0.45107E+03  0.11004E+01  0.94167E-07     67  0.00000E+00      0.000
      40.0128 -0.10000E-01  0.00000E+00 -0.99891E-02  0.00000E+00 -0.10342E-02 -0.11004E+01  0.00000E+00 -0.11004E+01  0.00000E+00 -0.32050E-01 -0.52702E+04  0.00000E+00 -0.15847E+04  0.10949E-04  0.12620E-05  0.45107E+03  0.11004E+01  0.94167E-07     68  0.00000E+00      0.000
      40.0167 -0.10000E-01  0.00000E+00 -0.10014E-01  0.00000E+00 -0.10645E-02 -0.11004E+01  0.00000E+00 -0.11004E+01  0.00000E+00 -0.32055E-01 -0.52699E+04  0.00000E+00 -0.15847E+04  0.13700E-04  0.13159E-05  0.45107E+03  0.11004E+01  0.94167E-07     69  0.00000E+00      0.000
      40.0218 -0.10000E-01  0.00000E+00 -0.10005E-01  0.00000E+00 -0.10413E-02 -0.11005E+01  0.00000E+00 -0.11005E+01  0.00000E+00 -0.32060E-01 -0.52695E+04  0.00000E+00 -0.15847E+04  0.00000E+00  0.13159E-05  0.45107E+03  0.11005E+01  0.94167E-07     70  0.00000E+00      0.000
      40.0285 -0.10000E-01  0.00000E+00 -0.10012E-01  0.00000E+00 -0.10391E-02 -0.11006E+01  0.00000E+00 -0.11006E+01  0.00000E+00 -0.32067E-01 -0.52689E+04  0.00000E+00 -0.15847E+04  0.12401E-04  0.13984E-05  0.45107E+03  0.11006E+01  0.94167E-07     71  0.00000E+00      0.000
      40.0372 -0.10000E-01  0.00000E+00 -0.10003E-01  0.00000E+00 -0.10443E-02 -0.11006E+01  0.00000E+00 -0.11006E+01  0.00000E+00 -0.32076E-01 -0.52683E+04  0.00000E+00 -0.15847E+04  0.00000E+00  0.13984E-05  0.45107E+03  0.11006E+01  0.94167E-07     72  0.00000E+00      0.000
      40.0484 -0.10000E-01  0.00000E+00 -0.99953E-02  0.00000E+00 -0.10495E-02 -0.11008E+01  0.00000E+00 -0.11008E+01  0.00000E+00 -0.32088E-01 -0.52674E+04  0.00000E+00 -0.15847E+04  0.00000E+00  0.13984E-05  0.45107E+03  0.11008E+01  0.94167E-07     73  0.00000E+00      0.000
      40.0630 -0.10000E-01  0.00000E+00 -0.10004E-01  0.00000E+00 -0.10516E-02 -0.11009E+01  0.00000E+00 -0.11009E+01  0.00000E+00 -0.32103E-01 -0.52662E+04  0.00000E+00 -0.15847E+04  0.00000E+00  0.13984E-05  0.45107E+03  0.11009E+01  0.94167E-07     74  0.00000E+00      0.000
      40.0820 -0.10000E-01  0.00000E+00 -0.10000E-01  0.00000E+00 -0.10494E-02 -0.11011E+01  0.00000E+00 -0.11011E+01  0.00000E+00 -0.32123E-01 -0.52647E+04  0.00000E+00 -0.15847E+04  0.00000E+00  0.13984E-05  0.45107E+03  0.11011E+01  0.94167E-07     75  0.00000E+00      0.000
      40.1067 -0.10000E-01  0.00000E+00 -0.10003E-01  0.00000E+00 -0.10488E-02 -0.11013E+01  0.00000E+00 -0.11013E+01  0.00000E+00 -0.32149E-01 -0.52628E+04  0.00000E+00 -0.15848E+04  0.00000E+00  0.13984E-05  0.45107E+03  0.11013E+01  0.94167E-07     76  0.00000E+00      0.000
      40.1388 -0.10000E-01  0.00000E+00 -0.99993E-02  0.00000E+00 -0.10512E-02 -0.11017E+01  0.00000E+00 -0.11017E+01  0.00000E+00 -0.32183E-01 -0.52603E+04  0.00000E+00 -0.15848E+04  0.00000E+00  0.13984E-05  0.45107E+03  0.11017E+01  0.94167E-07     77  0.00000E+00      0.000
      40.1806 -0.10000E-01  0.00000E+00 -0.10000E-01  0.00000E+00 -0.10484E-02 -0.11021E+01  0.00000E+00 -0.11021E+01  0.00000E+00 -0.32226E-01 -0.52570E+04  0.00000E+00 -0.15848E+04  0.00000E+00  0.13984E-05  0.45107E+03  0.11021E+01  0.94167E-07     78  0.00000E+00      0.000
      40.2349 -0.10000E-01  0.00000E+00 -0.99986E-02  0.00000E+00 -0.10494E-02 -0.11026E+01  0.00000E+00 -0.11026E+01  0.00000E+00 -0.32283E-01 -0.52528E+04  0.00000E+00 -0.15849E+04  0.00000E+00  0.13984E-05  0.45107E+03  0.11026E+01  0.94167E-07     79  0.00000E+00      0.000
      40.3054 -0.10000E-01  0.00000E+00 -0.99989E-02  0.00000E+00 -0.10494E-02 -0.11033E+01  0.00000E+00 -0.11033E+01  0.00000E+00 -0.32357E-01 -0.52474E+04  0.00000E+00 -0.15849E+04  0.00000E+00  0.13984E-05  0.45107E+03  0.11033E+01  0.94167E-07     80  0.00000E+00      0.000
      40.3972 -0.10000E-01  0.00000E+00 -0.10000E-01  0.00000E+00 -0.10481E-02 -0.11042E+01  0.00000E+00 -0.11042E+01  0.00000E+00 -0.32454E-01 -0.52405E+04  0.00000E+00 -0.15850E+04  0.00000E+00  0.13984E-05  0.45107E+03  0.11042E+01  0.94167E-07     81  0.00000E+00      0.000
      40.5164 -0.10000E-01  0.00000E+00 -0.10000E-01  0.00000E+00 -0.10488E-02 -0.11054E+01  0.00000E+00 -0.11054E+01  0.00000E+00 -0.32579E-01 -0.52315E+04  0.00000E+00 -0.15851E+04  0.00000E+00  0.13984E-05  0.45107E+03  0.11054E+01  0.94167E-07     82  0.00000E+00      0.000
      40.6715 -0.10000E-01  0.00000E+00 -0.10000E-01  0.00000E+00 -0.10488E-02 -0.11070E+01  0.00000E+00 -0.11070E+01  0.00000E+00 -0.32741E-01 -0.52201E+04  0.00000E+00 -0.15853E+04  0.00000E+00  0.13984E-05  0.45107E+03  0.11070E+01  0.94167E-07     83  0.00000E+00      0.000
      40.8730 -0.10000E-01  0.00000E+00 -0.99999E-02  0.00000E+00 -0.10484E-02 -0.11090E+01  0.00000E+00 -0.11090E+01  0.00000E+00 -0.32953E-01 -0.52055E+04  0.00000E+00 -0.15854E+04  0.00000E+00  0.13984E-05  0.45107E+03  0.11090E+01  0.94167E-07     84  0.00000E+00      0.000
      41.1350 -0.10000E-01  0.00000E+00 -0.99998E-02  0.00000E+00 -0.10482E-02 -0.11116E+01  0.00000E+00 -0.11116E+01  0.00000E+00 -0.33227E-01 -0.51870E+04  0.00000E+00 -0.15857E+04  0.00000E+00  0.13984E-05  0.45108E+03  0.11116E+01  0.94167E-07     85  0.00000E+00      0.000
      41.4756 -0.10000E-01  0.00000E+00 -0.10000E-01  0.00000E+00 -0.10475E-02 -0.11150E+01  0.00000E+00 -0.11150E+01  0.00000E+00 -0.33584E-01 -0.51638E+04  0.00000E+00 -0.15860E+04  0.00000E+00  0.13984E-05  0.45108E+03  0.11150E+01  0.94167E-07     86  0.00000E+00      0.000
      41.9184 -0.10000E-01  0.00000E+00 -0.10000E-01  0.00000E+00 -0.10473E-02 -0.11195E+01  0.00000E+00 -0.11195E+01  0.00000E+00 -0.34048E-01 -0.51350E+04  0.00000E+00 -0.15863E+04  0.00000E+00  0.13984E-05  0.45108E+03  0.11195E+01  0.94167E-07     87  0.00000E+00      0.000
      42.4940 -0.10000E-01  0.00000E+00 -0.99999E-02  0.00000E+00 -0.10468E-02 -0.11252E+01  0.00000E+00 -0.11252E+01  0.00000E+00 -0.34650E-01 -0.50995E+04  0.00000E+00 -0.15868E+04  0.00000E+00  0.13984E-05  0.45109E+03  0.11252E+01  0.94167E-07     88  0.00000E+00      0.000
      43.2446 -0.10000E-01  0.00000E+00 -0.10000E-01  0.00000E+00 -0.10458E-02 -0.11327E+01  0.00000E+00 -0.11327E+01  0.00000E+00 -0.35435E-01 -0.50564E+04  0.00000E+00 -0.15875E+04  0.00000E+00  0.13984E-05  0.45110E+03  0.11327E+01  0.94167E-07     89  0.00000E+00      0.000
      44.2096 -0.10000E-01  0.00000E+00 -0.10000E-01  0.00000E+00 -0.10449E-02 -0.11424E+01  0.00000E+00 -0.11424E+01  0.00000E+00 -0.36444E-01 -0.50058E+04  0.00000E+00 -0.15883E+04  0.00000E+00  0.13984E-05  0.45110E+03  0.11424E+01  0.94167E-07     90  0.00000E+00      0.000
      45.3677 -0.10000E-01  0.00000E+00 -0.10000E-01  0.00000E+00 -0.10437E-02 -0.11539E+01  0.00000E+00 -0.11539E+01  0.00000E+00 -0.37652E-01 -0.49508E+04  0.00000E+00 -0.15892E+04  0.00000E+00  0.13984E-05  0.45111E+03  0.11539E+01  0.94167E-07     91  0.00000E+00      0.000
      46.9118 -0.10000E-01  0.00000E+00 -0.10000E-01  0.00000E+00 -0.10422E-02 -0.11694E+01  0.00000E+00 -0.11694E+01  0.00000E+00 -0.39262E-01 -0.48863E+04  0.00000E+00 -0.15905E+04  0.00000E+00  0.13984E-05  0.45113E+03  0.11694E+01  0.94167E-07     92  0.00000E+00      0.000
      50.0000 -0.10000E-01  0.00000E+00 -0.10000E-01  0.00000E+00 -0.10393E-02 -0.12003E+01  0.00000E+00 -0.12003E+01  0.00000E+00 -0.42471E-01 -0.48050E+04  0.00000E+00 -0.15928E+04  0.00000E+00  0.13984E-05  0.45116E+03  0.12003E+01  0.94167E-07     93  0.00000E+00      0.000
      52.5000  0.00000E+00  0.00000E+00  0.69849E-08  0.00000E+00 -0.10371E-02 -0.12003E+01  0.00000E+00 -0.12003E+01  0.00000E+00 -0.45064E-01 -0.50691E+04  0.00000E+00 -0.15947E+04  0.00000E+00  0.13984E-05  0.45115E+03  0.12003E+01  0.11163E-06     94  0.00000E+00      0.000
      56.2500  0.00000E+00  0.00000E+00 -0.15832E-07  0.00000E+00 -0.10338E-02 -0.12003E+01  0.00000E+00 -0.12003E+01  0.00000E+00 -0.48941E-01 -0.53343E+04  0.00000E+00 -0.15974E+04  0.00000E+00  0.13984E-05  0.45115E+03  0.12003E+01  0.11163E-06     95  0.00000E+00      0.000
      60.0000  0.00000E+00  0.00000E+00  0.10710E-07  0.00000E+00 -0.10307E-02 -0.12003E+01  0.00000E+00 -0.12003E+01  0.00000E+00 -0.52806E-01 -0.55889E+04  0.00000E+00 -0.15999E+04  0.00000E+00  0.13984E-05  0.45115E+03  0.12003E+01  0.15179E-06     96  0.00000E+00      0.000
end
