 ******* Program HYDRUS
 ******* 
 Welcome to HYDRUS-1D                                                    
 Date:  17. 2.    Time:  21:17:49
 Units: L = mm   , T = min  , M = mmol 

----------------------------------------------------------
 Time       [T]       10.0000
----------------------------------------------------------
 Sub-region num.                     1            2
----------------------------------------------------------
 Length   [L]        0.10000E+04  0.10000E+04  0.00000E+00
 W-volume [L]        0.41550E+03  0.41550E+03  0.00000E+00
 In-flow  [L/T]      0.00000E+00  0.00000E+00  0.00000E+00
 h Mean   [L]       -0.42108E+04 -0.42108E+04  0.00000E+00
 Top Flux [L/T]     -0.58341E-05
 Bot Flux [L/T]      0.90531E-03
----------------------------------------------------------

----------------------------------------------------------
 Time       [T]       10.0010
----------------------------------------------------------
 Sub-region num.                     1            2
----------------------------------------------------------
 Length   [L]        0.10000E+04  0.10000E+04  0.00000E+00
 W-volume [L]        0.41550E+03  0.41550E+03  0.00000E+00
 In-flow  [L/T]      0.58174E-01  0.58174E-01  0.00000E+00
 h Mean   [L]       -0.42108E+04 -0.42108E+04  0.00000E+00
 Top Flux [L/T]     -0.71614E-05
 Bot Flux [L/T]      0.90470E-03
 WatBalT  [L]        0.18600E-05
 WatBalR  [%]              2.933
----------------------------------------------------------

----------------------------------------------------------
 Time       [T]       20.0000
----------------------------------------------------------
 Sub-region num.                     1            2
----------------------------------------------------------
 Length   [L]        0.10000E+04  0.10000E+04  0.00000E+00
 W-volume [L]        0.41639E+03  0.41639E+03  0.00000E+00
 In-flow  [L/T]      0.88960E-01  0.88960E-01  0.00000E+00
 h Mean   [L]       -0.41234E+04 -0.41234E+04  0.00000E+00
 Top Flux [L/T]     -0.64872E-01
 Bot Flux [L/T]     -0.57419E-03
 WatBalT  [L]       -0.33915E-04
 WatBalR  [%]              0.004
----------------------------------------------------------

----------------------------------------------------------
 Time       [T]       30.0000
----------------------------------------------------------
 Sub-region num.                     1            2
----------------------------------------------------------
 Length   [L]        0.10000E+04  0.10000E+04  0.00000E+00
 W-volume [L]        0.41698E+03  0.41698E+03  0.00000E+00
 In-flow  [L/T]      0.58977E-01  0.58977E-01  0.00000E+00
 h Mean   [L]       -0.40736E+04 -0.40736E+04  0.00000E+00
 Top Flux [L/T]     -0.51432E-01
 Bot Flux [L/T]     -0.71090E-03
 WatBalT  [L]       -0.13244E-03
 WatBalR  [%]              0.008
----------------------------------------------------------

----------------------------------------------------------
 Time       [T]       40.0000
----------------------------------------------------------
 Sub-region num.                     1            2
----------------------------------------------------------
 Length   [L]        0.10000E+04  0.10000E+04  0.00000E+00
 W-volume [L]        0.41787E+03  0.41787E+03  0.00000E+00
 In-flow  [L/T]      0.88992E-01  0.88992E-01  0.00000E+00
 h Mean   [L]       -0.40184E+04 -0.40184E+04  0.00000E+00
 Top Flux [L/T]     -0.79147E-01
 Bot Flux [L/T]     -0.75892E-03
 WatBalT  [L]        0.25749E-04
 WatBalR  [%]              0.001
----------------------------------------------------------

----------------------------------------------------------
 Time       [T]       50.0000
----------------------------------------------------------
 Sub-region num.                     1            2
----------------------------------------------------------
 Length   [L]        0.10000E+04  0.10000E+04  0.00000E+00
 W-volume [L]        0.42046E+03  0.42046E+03  0.00000E+00
 In-flow  [L/T]      0.25901E+00  0.25901E+00  0.00000E+00
 h Mean   [L]       -0.39135E+04 -0.39135E+04  0.00000E+00
 Top Flux [L/T]     -0.24297E+00
 Bot Flux [L/T]     -0.78306E-03
 WatBalT  [L]       -0.82493E-04
 WatBalR  [%]              0.002
----------------------------------------------------------

----------------------------------------------------------
 Time       [T]       60.0000
----------------------------------------------------------
 Sub-region num.                     1            2
----------------------------------------------------------
 Length   [L]        0.10000E+04  0.10000E+04  0.00000E+00
 W-volume [L]        0.43025E+03  0.43025E+03  0.00000E+00
 In-flow  [L/T]      0.97902E+00  0.97902E+00  0.00000E+00
 h Mean   [L]       -0.36440E+04 -0.36440E+04  0.00000E+00
 Top Flux [L/T]     -0.97285E+00
 Bot Flux [L/T]     -0.79686E-03
 WatBalT  [L]       -0.16499E-03
 WatBalR  [%]              0.001
----------------------------------------------------------

----------------------------------------------------------
 Time       [T]       70.0000
----------------------------------------------------------
 Sub-region num.                     1            2
----------------------------------------------------------
 Length   [L]        0.10000E+04  0.10000E+04  0.00000E+00
 W-volume [L]        0.44275E+03  0.44275E+03  0.00000E+00
 In-flow  [L/T]      0.12436E+01  0.12436E+01  0.00000E+00
 h Mean   [L]       -0.33146E+04 -0.33146E+04  0.00000E+00
 Top Flux [L/T]     -0.12446E+01
 Bot Flux [L/T]     -0.80506E-03
 WatBalT  [L]       -0.86594E-03
 WatBalR  [%]              0.003
----------------------------------------------------------

----------------------------------------------------------
 Time       [T]       80.0000
----------------------------------------------------------
 Sub-region num.                     1            2
----------------------------------------------------------
 Length   [L]        0.10000E+04  0.10000E+04  0.00000E+00
 W-volume [L]        0.45505E+03  0.45505E+03  0.00000E+00
 In-flow  [L/T]      0.11889E+01  0.11889E+01  0.00000E+00
 h Mean   [L]       -0.29695E+04 -0.29695E+04  0.00000E+00
 Top Flux [L/T]     -0.11898E+01
 Bot Flux [L/T]     -0.80999E-03
 WatBalT  [L]       -0.97275E-03
 WatBalR  [%]              0.002
----------------------------------------------------------

----------------------------------------------------------
 Time       [T]       90.0000
----------------------------------------------------------
 Sub-region num.                     1            2
----------------------------------------------------------
 Length   [L]        0.10000E+04  0.10000E+04  0.00000E+00
 W-volume [L]        0.46663E+03  0.46663E+03  0.00000E+00
 In-flow  [L/T]      0.11369E+01  0.11369E+01  0.00000E+00
 h Mean   [L]       -0.26456E+04 -0.26456E+04  0.00000E+00
 Top Flux [L/T]     -0.11378E+01
 Bot Flux [L/T]     -0.81275E-03
 WatBalT  [L]       -0.10529E-02
 WatBalR  [%]              0.002
----------------------------------------------------------

----------------------------------------------------------
 Time       [T]      100.0000
----------------------------------------------------------
 Sub-region num.                     1            2
----------------------------------------------------------
 Length   [L]        0.10000E+04  0.10000E+04  0.00000E+00
 W-volume [L]        0.47411E+03  0.47411E+03  0.00000E+00
 In-flow  [L/T]      0.74844E+00  0.74844E+00  0.00000E+00
 h Mean   [L]       -0.24162E+04 -0.24162E+04  0.00000E+00
 Top Flux [L/T]     -0.74944E+00
 Bot Flux [L/T]     -0.81380E-03
 WatBalT  [L]       -0.35057E-02
 WatBalR  [%]              0.006
----------------------------------------------------------

----------------------------------------------------------
 Time       [T]      110.0000
----------------------------------------------------------
 Sub-region num.                     1            2
----------------------------------------------------------
 Length   [L]        0.10000E+04  0.10000E+04  0.00000E+00
 W-volume [L]        0.47711E+03  0.47711E+03  0.00000E+00
 In-flow  [L/T]      0.29905E+00  0.29905E+00  0.00000E+00
 h Mean   [L]       -0.22709E+04 -0.22709E+04  0.00000E+00
 Top Flux [L/T]     -0.30027E+00
 Bot Flux [L/T]     -0.81462E-03
 WatBalT  [L]       -0.36087E-02
 WatBalR  [%]              0.006
----------------------------------------------------------

----------------------------------------------------------
 Time       [T]      120.0000
----------------------------------------------------------
 Sub-region num.                     1            2
----------------------------------------------------------
 Length   [L]        0.10000E+04  0.10000E+04  0.00000E+00
 W-volume [L]        0.47870E+03  0.47870E+03  0.00000E+00
 In-flow  [L/T]      0.15906E+00  0.15906E+00  0.00000E+00
 h Mean   [L]       -0.21816E+04 -0.21816E+04  0.00000E+00
 Top Flux [L/T]     -0.16153E+00
 Bot Flux [L/T]     -0.81428E-03
 WatBalT  [L]       -0.37041E-02
 WatBalR  [%]              0.006
----------------------------------------------------------

----------------------------------------------------------
 Time       [T]      130.0000
----------------------------------------------------------
 Sub-region num.                     1            2
----------------------------------------------------------
 Length   [L]        0.10000E+04  0.10000E+04  0.00000E+00
 W-volume [L]        0.47959E+03  0.47959E+03  0.00000E+00
 In-flow  [L/T]      0.89068E-01  0.89068E-01  0.00000E+00
 h Mean   [L]       -0.21161E+04 -0.21161E+04  0.00000E+00
 Top Flux [L/T]     -0.92321E-01
 Bot Flux [L/T]     -0.81341E-03
 WatBalT  [L]       -0.35934E-02
 WatBalR  [%]              0.006
----------------------------------------------------------

----------------------------------------------------------
 Time       [T]      140.0000
----------------------------------------------------------
 Sub-region num.                     1            2
----------------------------------------------------------
 Length   [L]        0.10000E+04  0.10000E+04  0.00000E+00
 W-volume [L]        0.47988E+03  0.47988E+03  0.00000E+00
 In-flow  [L/T]      0.29076E-01  0.29076E-01  0.00000E+00
 h Mean   [L]       -0.20665E+04 -0.20665E+04  0.00000E+00
 Top Flux [L/T]     -0.33756E-01
 Bot Flux [L/T]     -0.81218E-03
 WatBalT  [L]       -0.36087E-02
 WatBalR  [%]              0.006
----------------------------------------------------------

----------------------------------------------------------
 Time       [T]      150.0000
----------------------------------------------------------
 Sub-region num.                     1            2
----------------------------------------------------------
 Length   [L]        0.10000E+04  0.10000E+04  0.00000E+00
 W-volume [L]        0.47997E+03  0.47997E+03  0.00000E+00
 In-flow  [L/T]      0.90793E-02  0.90793E-02  0.00000E+00
 h Mean   [L]       -0.20262E+04 -0.20262E+04  0.00000E+00
 Top Flux [L/T]     -0.13643E-01
 Bot Flux [L/T]     -0.81065E-03
 WatBalT  [L]       -0.36316E-02
 WatBalR  [%]              0.006
----------------------------------------------------------

----------------------------------------------------------
 Time       [T]      160.0000
----------------------------------------------------------
 Sub-region num.                     1            2
----------------------------------------------------------
 Length   [L]        0.10000E+04  0.10000E+04  0.00000E+00
 W-volume [L]        0.47996E+03  0.47996E+03  0.00000E+00
 In-flow  [L/T]     -0.91229E-03 -0.91229E-03  0.00000E+00
 h Mean   [L]       -0.19929E+04 -0.19929E+04  0.00000E+00
 Top Flux [L/T]     -0.34274E-02
 Bot Flux [L/T]     -0.80884E-03
 WatBalT  [L]       -0.35095E-02
 WatBalR  [%]              0.005
----------------------------------------------------------

----------------------------------------------------------
 Time       [T]      170.0000
----------------------------------------------------------
 Sub-region num.                     1            2
----------------------------------------------------------
 Length   [L]        0.10000E+04  0.10000E+04  0.00000E+00
 W-volume [L]        0.48005E+03  0.48005E+03  0.00000E+00
 In-flow  [L/T]      0.90917E-02  0.90917E-02  0.00000E+00
 h Mean   [L]       -0.19637E+04 -0.19637E+04  0.00000E+00
 Top Flux [L/T]     -0.12074E-01
 Bot Flux [L/T]     -0.80693E-03
 WatBalT  [L]       -0.35248E-02
 WatBalR  [%]              0.005
----------------------------------------------------------

----------------------------------------------------------
 Time       [T]      180.0000
----------------------------------------------------------
 Sub-region num.                     1            2
----------------------------------------------------------
 Length   [L]        0.10000E+04  0.10000E+04  0.00000E+00
 W-volume [L]        0.48004E+03  0.48004E+03  0.00000E+00
 In-flow  [L/T]     -0.90352E-03 -0.90352E-03  0.00000E+00
 h Mean   [L]       -0.19384E+04 -0.19384E+04  0.00000E+00
 Top Flux [L/T]     -0.24907E-02
 Bot Flux [L/T]     -0.80480E-03
 WatBalT  [L]       -0.35706E-02
 WatBalR  [%]              0.005
----------------------------------------------------------

----------------------------------------------------------
 Time       [T]      190.0000
----------------------------------------------------------
 Sub-region num.                     1            2
----------------------------------------------------------
 Length   [L]        0.10000E+04  0.10000E+04  0.00000E+00
 W-volume [L]        0.48013E+03  0.48013E+03  0.00000E+00
 In-flow  [L/T]      0.91048E-02  0.91048E-02  0.00000E+00
 h Mean   [L]       -0.19164E+04 -0.19164E+04  0.00000E+00
 Top Flux [L/T]     -0.11376E-01
 Bot Flux [L/T]     -0.80260E-03
 WatBalT  [L]       -0.36011E-02
 WatBalR  [%]              0.005
----------------------------------------------------------

----------------------------------------------------------
 Time       [T]      200.0000
----------------------------------------------------------
 Sub-region num.                     1            2
----------------------------------------------------------
 Length   [L]        0.10000E+04  0.10000E+04  0.00000E+00
 W-volume [L]        0.48022E+03  0.48022E+03  0.00000E+00
 In-flow  [L/T]      0.91065E-02  0.91065E-02  0.00000E+00
 h Mean   [L]       -0.18960E+04 -0.18960E+04  0.00000E+00
 Top Flux [L/T]     -0.11353E-01
 Bot Flux [L/T]     -0.80029E-03
 WatBalT  [L]       -0.36316E-02
 WatBalR  [%]              0.006
----------------------------------------------------------

----------------------------------------------------------
 Time       [T]      210.0000
----------------------------------------------------------
 Sub-region num.                     1            2
----------------------------------------------------------
 Length   [L]        0.10000E+04  0.10000E+04  0.00000E+00
 W-volume [L]        0.48021E+03  0.48021E+03  0.00000E+00
 In-flow  [L/T]     -0.88687E-03 -0.88687E-03  0.00000E+00
 h Mean   [L]       -0.18785E+04 -0.18785E+04  0.00000E+00
 Top Flux [L/T]     -0.21277E-02
 Bot Flux [L/T]     -0.79790E-03
 WatBalT  [L]       -0.35324E-02
 WatBalR  [%]              0.005
----------------------------------------------------------
 
 Calculation time [sec]   2.51000002026558     
