 ******* Program HYDRUS
 ******* 
 Welcome to HYDRUS-1D                                                    
 Date:  16. 2.    Time:   0:12:25
 Units: L = mm   , T = min  , M = mmol 

----------------------------------------------------------
 Time       [T]       10.0000
----------------------------------------------------------
 Sub-region num.                     1            2
----------------------------------------------------------
 Length   [L]        0.10000E+04  0.10000E+04  0.00000E+00
 W-volume [L]        0.45581E+03  0.45581E+03  0.00000E+00
 In-flow  [L/T]      0.00000E+00  0.00000E+00  0.00000E+00
 h Mean   [L]       -0.25963E+04 -0.25963E+04  0.00000E+00
 Top Flux [L/T]     -0.15018E-05
 Bot Flux [L/T]      0.13875E-03
----------------------------------------------------------

----------------------------------------------------------
 Time       [T]       10.0010
----------------------------------------------------------
 Sub-region num.                     1            2
----------------------------------------------------------
 Length   [L]        0.10000E+04  0.10000E+04  0.00000E+00
 W-volume [L]        0.45581E+03  0.45581E+03  0.00000E+00
 In-flow  [L/T]      0.29182E+00  0.29182E+00  0.00000E+00
 h Mean   [L]       -0.25962E+04 -0.25962E+04  0.00000E+00
 Top Flux [L/T]     -0.27979E-05
 Bot Flux [L/T]      0.13776E-03
 WatBalT  [L]        0.70121E-05
 WatBalR  [%]              2.125
----------------------------------------------------------

----------------------------------------------------------
 Time       [T]       20.0000
----------------------------------------------------------
 Sub-region num.                     1            2
----------------------------------------------------------
 Length   [L]        0.10000E+04  0.10000E+04  0.00000E+00
 W-volume [L]        0.45799E+03  0.45799E+03  0.00000E+00
 In-flow  [L/T]      0.21834E+00  0.21834E+00  0.00000E+00
 h Mean   [L]       -0.24802E+04 -0.24802E+04  0.00000E+00
 Top Flux [L/T]     -0.17561E+00
 Bot Flux [L/T]     -0.13320E-02
 WatBalT  [L]       -0.64373E-04
 WatBalR  [%]              0.003
----------------------------------------------------------

----------------------------------------------------------
 Time       [T]       30.0000
----------------------------------------------------------
 Sub-region num.                     1            2
----------------------------------------------------------
 Length   [L]        0.10000E+04  0.10000E+04  0.00000E+00
 W-volume [L]        0.46117E+03  0.46117E+03  0.00000E+00
 In-flow  [L/T]      0.31836E+00  0.31836E+00  0.00000E+00
 h Mean   [L]       -0.23832E+04 -0.23832E+04  0.00000E+00
 Top Flux [L/T]     -0.29974E+00
 Bot Flux [L/T]     -0.14115E-02
 WatBalT  [L]       -0.61989E-04
 WatBalR  [%]              0.001
----------------------------------------------------------

----------------------------------------------------------
 Time       [T]       40.0000
----------------------------------------------------------
 Sub-region num.                     1            2
----------------------------------------------------------
 Length   [L]        0.10000E+04  0.10000E+04  0.00000E+00
 W-volume [L]        0.46456E+03  0.46456E+03  0.00000E+00
 In-flow  [L/T]      0.33838E+00  0.33838E+00  0.00000E+00
 h Mean   [L]       -0.22936E+04 -0.22936E+04  0.00000E+00
 Top Flux [L/T]     -0.33268E+00
 Bot Flux [L/T]     -0.14367E-02
 WatBalT  [L]       -0.12302E-03
 WatBalR  [%]              0.001
----------------------------------------------------------

----------------------------------------------------------
 Time       [T]       50.0000
----------------------------------------------------------
 Sub-region num.                     1            2
----------------------------------------------------------
 Length   [L]        0.10000E+04  0.10000E+04  0.00000E+00
 W-volume [L]        0.46744E+03  0.46744E+03  0.00000E+00
 In-flow  [L/T]      0.28839E+00  0.28839E+00  0.00000E+00
 h Mean   [L]       -0.22201E+04 -0.22201E+04  0.00000E+00
 Top Flux [L/T]     -0.28680E+00
 Bot Flux [L/T]     -0.14471E-02
 WatBalT  [L]       -0.37193E-04
 WatBalR  [%]              0.000
----------------------------------------------------------

----------------------------------------------------------
 Time       [T]       60.0000
----------------------------------------------------------
 Sub-region num.                     1            2
----------------------------------------------------------
 Length   [L]        0.10000E+04  0.10000E+04  0.00000E+00
 W-volume [L]        0.47033E+03  0.47033E+03  0.00000E+00
 In-flow  [L/T]      0.28841E+00  0.28841E+00  0.00000E+00
 h Mean   [L]       -0.21608E+04 -0.21608E+04  0.00000E+00
 Top Flux [L/T]     -0.28890E+00
 Bot Flux [L/T]     -0.14512E-02
 WatBalT  [L]        0.31471E-04
 WatBalR  [%]              0.000
----------------------------------------------------------

----------------------------------------------------------
 Time       [T]       70.0000
----------------------------------------------------------
 Sub-region num.                     1            2
----------------------------------------------------------
 Length   [L]        0.10000E+04  0.10000E+04  0.00000E+00
 W-volume [L]        0.47476E+03  0.47476E+03  0.00000E+00
 In-flow  [L/T]      0.46979E+00  0.46979E+00  0.00000E+00
 h Mean   [L]       -0.20880E+04 -0.20880E+04  0.00000E+00
 Top Flux [L/T]     -0.47137E+00
 Bot Flux [L/T]     -0.14522E-02
 WatBalT  [L]       -0.53406E-04
 WatBalR  [%]              0.000
----------------------------------------------------------

----------------------------------------------------------
 Time       [T]       80.0000
----------------------------------------------------------
 Sub-region num.                     1            2
----------------------------------------------------------
 Length   [L]        0.10000E+04  0.10000E+04  0.00000E+00
 W-volume [L]        0.47858E+03  0.47858E+03  0.00000E+00
 In-flow  [L/T]      0.38135E+00  0.38135E+00  0.00000E+00
 h Mean   [L]       -0.19968E+04 -0.19968E+04  0.00000E+00
 Top Flux [L/T]     -0.38032E+00
 Bot Flux [L/T]     -0.14511E-02
 WatBalT  [L]        0.33684E-02
 WatBalR  [%]              0.014
----------------------------------------------------------

----------------------------------------------------------
 Time       [T]       90.0000
----------------------------------------------------------
 Sub-region num.                     1            2
----------------------------------------------------------
 Length   [L]        0.10000E+04  0.10000E+04  0.00000E+00
 W-volume [L]        0.48274E+03  0.48274E+03  0.00000E+00
 In-flow  [L/T]      0.44443E+00  0.44443E+00  0.00000E+00
 h Mean   [L]       -0.19130E+04 -0.19130E+04  0.00000E+00
 Top Flux [L/T]     -0.44606E+00
 Bot Flux [L/T]     -0.14491E-02
 WatBalT  [L]        0.31891E-02
 WatBalR  [%]              0.011
----------------------------------------------------------

----------------------------------------------------------
 Time       [T]      100.0000
----------------------------------------------------------
 Sub-region num.                     1            2
----------------------------------------------------------
 Length   [L]        0.10000E+04  0.10000E+04  0.00000E+00
 W-volume [L]        0.48672E+03  0.48672E+03  0.00000E+00
 In-flow  [L/T]      0.37836E+00  0.37836E+00  0.00000E+00
 h Mean   [L]       -0.18322E+04 -0.18322E+04  0.00000E+00
 Top Flux [L/T]     -0.33790E+00
 Bot Flux [L/T]     -0.14459E-02
 WatBalT  [L]        0.31834E-02
 WatBalR  [%]              0.010
----------------------------------------------------------

----------------------------------------------------------
 Time       [T]      110.0000
----------------------------------------------------------
 Sub-region num.                     1            2
----------------------------------------------------------
 Length   [L]        0.10000E+04  0.10000E+04  0.00000E+00
 W-volume [L]        0.48790E+03  0.48790E+03  0.00000E+00
 In-flow  [L/T]      0.11846E+00  0.11846E+00  0.00000E+00
 h Mean   [L]       -0.17707E+04 -0.17707E+04  0.00000E+00
 Top Flux [L/T]     -0.12160E+00
 Bot Flux [L/T]     -0.14425E-02
 WatBalT  [L]        0.31509E-02
 WatBalR  [%]              0.009
----------------------------------------------------------

----------------------------------------------------------
 Time       [T]      120.0000
----------------------------------------------------------
 Sub-region num.                     1            2
----------------------------------------------------------
 Length   [L]        0.10000E+04  0.10000E+04  0.00000E+00
 W-volume [L]        0.48849E+03  0.48849E+03  0.00000E+00
 In-flow  [L/T]      0.58466E-01  0.58466E-01  0.00000E+00
 h Mean   [L]       -0.17272E+04 -0.17272E+04  0.00000E+00
 Top Flux [L/T]     -0.63392E-01
 Bot Flux [L/T]     -0.14388E-02
 WatBalT  [L]        0.33226E-02
 WatBalR  [%]              0.010
----------------------------------------------------------

----------------------------------------------------------
 Time       [T]      130.0000
----------------------------------------------------------
 Sub-region num.                     1            2
----------------------------------------------------------
 Length   [L]        0.10000E+04  0.10000E+04  0.00000E+00
 W-volume [L]        0.48857E+03  0.48857E+03  0.00000E+00
 In-flow  [L/T]      0.84735E-02  0.84735E-02  0.00000E+00
 h Mean   [L]       -0.16937E+04 -0.16937E+04  0.00000E+00
 Top Flux [L/T]     -0.16680E-01
 Bot Flux [L/T]     -0.14349E-02
 WatBalT  [L]        0.31662E-02
 WatBalR  [%]              0.009
----------------------------------------------------------

----------------------------------------------------------
 Time       [T]      140.0000
----------------------------------------------------------
 Sub-region num.                     1            2
----------------------------------------------------------
 Length   [L]        0.10000E+04  0.10000E+04  0.00000E+00
 W-volume [L]        0.48855E+03  0.48855E+03  0.00000E+00
 In-flow  [L/T]     -0.15176E-02 -0.15176E-02  0.00000E+00
 h Mean   [L]       -0.16668E+04 -0.16668E+04  0.00000E+00
 Top Flux [L/T]     -0.63411E-02
 Bot Flux [L/T]     -0.14309E-02
 WatBalT  [L]        0.32845E-02
 WatBalR  [%]              0.009
----------------------------------------------------------

----------------------------------------------------------
 Time       [T]      150.0000
----------------------------------------------------------
 Sub-region num.                     1            2
----------------------------------------------------------
 Length   [L]        0.10000E+04  0.10000E+04  0.00000E+00
 W-volume [L]        0.48854E+03  0.48854E+03  0.00000E+00
 In-flow  [L/T]     -0.15079E-02 -0.15079E-02  0.00000E+00
 h Mean   [L]       -0.16448E+04 -0.16448E+04  0.00000E+00
 Top Flux [L/T]     -0.48130E-02
 Bot Flux [L/T]     -0.14269E-02
 WatBalT  [L]        0.32272E-02
 WatBalR  [%]              0.009
----------------------------------------------------------

----------------------------------------------------------
 Time       [T]      160.0000
----------------------------------------------------------
 Sub-region num.                     1            2
----------------------------------------------------------
 Length   [L]        0.10000E+04  0.10000E+04  0.00000E+00
 W-volume [L]        0.48852E+03  0.48852E+03  0.00000E+00
 In-flow  [L/T]     -0.15019E-02 -0.15019E-02  0.00000E+00
 h Mean   [L]       -0.16266E+04 -0.16266E+04  0.00000E+00
 Top Flux [L/T]     -0.39867E-02
 Bot Flux [L/T]     -0.14229E-02
 WatBalT  [L]        0.31929E-02
 WatBalR  [%]              0.009
----------------------------------------------------------

----------------------------------------------------------
 Time       [T]      170.0000
----------------------------------------------------------
 Sub-region num.                     1            2
----------------------------------------------------------
 Length   [L]        0.10000E+04  0.10000E+04  0.00000E+00
 W-volume [L]        0.48851E+03  0.48851E+03  0.00000E+00
 In-flow  [L/T]     -0.14956E-02 -0.14956E-02  0.00000E+00
 h Mean   [L]       -0.16106E+04 -0.16106E+04  0.00000E+00
 Top Flux [L/T]     -0.34221E-02
 Bot Flux [L/T]     -0.14189E-02
 WatBalT  [L]        0.31929E-02
 WatBalR  [%]              0.009
----------------------------------------------------------

----------------------------------------------------------
 Time       [T]      180.0000
----------------------------------------------------------
 Sub-region num.                     1            2
----------------------------------------------------------
 Length   [L]        0.10000E+04  0.10000E+04  0.00000E+00
 W-volume [L]        0.48859E+03  0.48859E+03  0.00000E+00
 In-flow  [L/T]      0.85087E-02  0.85087E-02  0.00000E+00
 h Mean   [L]       -0.15969E+04 -0.15969E+04  0.00000E+00
 Top Flux [L/T]     -0.10896E-01
 Bot Flux [L/T]     -0.14149E-02
 WatBalT  [L]        0.32272E-02
 WatBalR  [%]              0.009
----------------------------------------------------------

----------------------------------------------------------
 Time       [T]      190.0000
----------------------------------------------------------
 Sub-region num.                     1            2
----------------------------------------------------------
 Length   [L]        0.10000E+04  0.10000E+04  0.00000E+00
 W-volume [L]        0.48858E+03  0.48858E+03  0.00000E+00
 In-flow  [L/T]     -0.14827E-02 -0.14827E-02  0.00000E+00
 h Mean   [L]       -0.15845E+04 -0.15845E+04  0.00000E+00
 Top Flux [L/T]     -0.34942E-02
 Bot Flux [L/T]     -0.14110E-02
 WatBalT  [L]        0.32425E-02
 WatBalR  [%]              0.009
----------------------------------------------------------

----------------------------------------------------------
 Time       [T]      200.0000
----------------------------------------------------------
 Sub-region num.                     1            2
----------------------------------------------------------
 Length   [L]        0.10000E+04  0.10000E+04  0.00000E+00
 W-volume [L]        0.48867E+03  0.48867E+03  0.00000E+00
 In-flow  [L/T]      0.85246E-02  0.85246E-02  0.00000E+00
 h Mean   [L]       -0.15734E+04 -0.15734E+04  0.00000E+00
 Top Flux [L/T]     -0.10421E-01
 Bot Flux [L/T]     -0.14071E-02
 WatBalT  [L]        0.33035E-02
 WatBalR  [%]              0.009
----------------------------------------------------------

----------------------------------------------------------
 Time       [T]      210.0000
----------------------------------------------------------
 Sub-region num.                     1            2
----------------------------------------------------------
 Length   [L]        0.10000E+04  0.10000E+04  0.00000E+00
 W-volume [L]        0.48865E+03  0.48865E+03  0.00000E+00
 In-flow  [L/T]     -0.14698E-02 -0.14698E-02  0.00000E+00
 h Mean   [L]       -0.15636E+04 -0.15636E+04  0.00000E+00
 Top Flux [L/T]     -0.33585E-02
 Bot Flux [L/T]     -0.14033E-02
 WatBalT  [L]        0.32196E-02
 WatBalR  [%]              0.009
----------------------------------------------------------

----------------------------------------------------------
 Time       [T]      220.0000
----------------------------------------------------------
 Sub-region num.                     1            2
----------------------------------------------------------
 Length   [L]        0.10000E+04  0.10000E+04  0.00000E+00
 W-volume [L]        0.48864E+03  0.48864E+03  0.00000E+00
 In-flow  [L/T]     -0.14645E-02 -0.14645E-02  0.00000E+00
 h Mean   [L]       -0.15554E+04 -0.15554E+04  0.00000E+00
 Top Flux [L/T]     -0.24648E-02
 Bot Flux [L/T]     -0.13995E-02
 WatBalT  [L]        0.32883E-02
 WatBalR  [%]              0.009
----------------------------------------------------------

----------------------------------------------------------
 Time       [T]      230.0000
----------------------------------------------------------
 Sub-region num.                     1            2
----------------------------------------------------------
 Length   [L]        0.10000E+04  0.10000E+04  0.00000E+00
 W-volume [L]        0.48872E+03  0.48872E+03  0.00000E+00
 In-flow  [L/T]      0.85413E-02  0.85413E-02  0.00000E+00
 h Mean   [L]       -0.15474E+04 -0.15474E+04  0.00000E+00
 Top Flux [L/T]     -0.96036E-02
 Bot Flux [L/T]     -0.13959E-02
 WatBalT  [L]        0.32310E-02
 WatBalR  [%]              0.009
----------------------------------------------------------

----------------------------------------------------------
 Time       [T]      240.0000
----------------------------------------------------------
 Sub-region num.                     1            2
----------------------------------------------------------
 Length   [L]        0.10000E+04  0.10000E+04  0.00000E+00
 W-volume [L]        0.48871E+03  0.48871E+03  0.00000E+00
 In-flow  [L/T]     -0.14535E-02 -0.14535E-02  0.00000E+00
 h Mean   [L]       -0.15405E+04 -0.15405E+04  0.00000E+00
 Top Flux [L/T]     -0.29528E-02
 Bot Flux [L/T]     -0.13922E-02
 WatBalT  [L]        0.31967E-02
 WatBalR  [%]              0.009
----------------------------------------------------------
 
 Calculation time [sec]  0.870000002905726     
