 ******* Program HYDRUS
 ******* 
 Welcome to HYDRUS-1D                                                    
 Date:  15. 2.    Time:  15:12:39
 Units: L = mm   , T = min  , M = mmol 

----------------------------------------------------------
 Time       [T]       10.0000
----------------------------------------------------------
 Sub-region num.                     1            2
----------------------------------------------------------
 Length   [L]        0.10000E+04  0.10000E+04  0.00000E+00
 W-volume [L]        0.46512E+03  0.46512E+03  0.00000E+00
 In-flow  [L/T]      0.00000E+00  0.00000E+00  0.00000E+00
 h Mean   [L]       -0.21387E+04 -0.21387E+04  0.00000E+00
 Top Flux [L/T]     -0.44339E-05
 Bot Flux [L/T]     -0.24955E-04
----------------------------------------------------------

----------------------------------------------------------
 Time       [T]       10.0010
----------------------------------------------------------
 Sub-region num.                     1            2
----------------------------------------------------------
 Length   [L]        0.10000E+04  0.10000E+04  0.00000E+00
 W-volume [L]        0.46512E+03  0.46512E+03  0.00000E+00
 In-flow  [L/T]      0.13351E-01  0.13351E-01  0.00000E+00
 h Mean   [L]       -0.21387E+04 -0.21387E+04  0.00000E+00
 Top Flux [L/T]     -0.45793E-05
 Bot Flux [L/T]     -0.25948E-04
 WatBalT  [L]       -0.18158E-04
 WatBalR  [%]             32.548
----------------------------------------------------------

----------------------------------------------------------
 Time       [T]       20.0000
----------------------------------------------------------
 Sub-region num.                     1            2
----------------------------------------------------------
 Length   [L]        0.10000E+04  0.10000E+04  0.00000E+00
 W-volume [L]        0.46530E+03  0.46530E+03  0.00000E+00
 In-flow  [L/T]      0.18231E-01  0.18231E-01  0.00000E+00
 h Mean   [L]       -0.21205E+04 -0.21205E+04  0.00000E+00
 Top Flux [L/T]     -0.26379E-02
 Bot Flux [L/T]     -0.14482E-02
 WatBalT  [L]       -0.50217E-04
 WatBalR  [%]              0.010
----------------------------------------------------------

----------------------------------------------------------
 Time       [T]       30.0000
----------------------------------------------------------
 Sub-region num.                     1            2
----------------------------------------------------------
 Length   [L]        0.10000E+04  0.10000E+04  0.00000E+00
 W-volume [L]        0.46558E+03  0.46558E+03  0.00000E+00
 In-flow  [L/T]      0.28254E-01  0.28254E-01  0.00000E+00
 h Mean   [L]       -0.21041E+04 -0.21041E+04  0.00000E+00
 Top Flux [L/T]     -0.12579E-01
 Bot Flux [L/T]     -0.15308E-02
 WatBalT  [L]        0.98497E-04
 WatBalR  [%]              0.009
----------------------------------------------------------

----------------------------------------------------------
 Time       [T]       40.0000
----------------------------------------------------------
 Sub-region num.                     1            2
----------------------------------------------------------
 Length   [L]        0.10000E+04  0.10000E+04  0.00000E+00
 W-volume [L]        0.46617E+03  0.46617E+03  0.00000E+00
 In-flow  [L/T]      0.58268E-01  0.58268E-01  0.00000E+00
 h Mean   [L]       -0.20784E+04 -0.20784E+04  0.00000E+00
 Top Flux [L/T]     -0.42964E-01
 Bot Flux [L/T]     -0.15562E-02
 WatBalT  [L]       -0.40412E-04
 WatBalR  [%]              0.002
----------------------------------------------------------

----------------------------------------------------------
 Time       [T]       50.0000
----------------------------------------------------------
 Sub-region num.                     1            2
----------------------------------------------------------
 Length   [L]        0.10000E+04  0.10000E+04  0.00000E+00
 W-volume [L]        0.46665E+03  0.46665E+03  0.00000E+00
 In-flow  [L/T]      0.48283E-01  0.48283E-01  0.00000E+00
 h Mean   [L]       -0.20581E+04 -0.20581E+04  0.00000E+00
 Top Flux [L/T]     -0.41460E-01
 Bot Flux [L/T]     -0.15658E-02
 WatBalT  [L]       -0.43392E-04
 WatBalR  [%]              0.002
----------------------------------------------------------

----------------------------------------------------------
 Time       [T]       60.0000
----------------------------------------------------------
 Sub-region num.                     1            2
----------------------------------------------------------
 Length   [L]        0.10000E+04  0.10000E+04  0.00000E+00
 W-volume [L]        0.46893E+03  0.46893E+03  0.00000E+00
 In-flow  [L/T]      0.22830E+00  0.22830E+00  0.00000E+00
 h Mean   [L]       -0.20060E+04 -0.20060E+04  0.00000E+00
 Top Flux [L/T]     -0.20876E+00
 Bot Flux [L/T]     -0.15701E-02
 WatBalT  [L]       -0.47684E-04
 WatBalR  [%]              0.001
----------------------------------------------------------

----------------------------------------------------------
 Time       [T]       70.0000
----------------------------------------------------------
 Sub-region num.                     1            2
----------------------------------------------------------
 Length   [L]        0.10000E+04  0.10000E+04  0.00000E+00
 W-volume [L]        0.47161E+03  0.47161E+03  0.00000E+00
 In-flow  [L/T]      0.26831E+00  0.26831E+00  0.00000E+00
 h Mean   [L]       -0.19492E+04 -0.19492E+04  0.00000E+00
 Top Flux [L/T]     -0.25836E+00
 Bot Flux [L/T]     -0.15709E-02
 WatBalT  [L]        0.95844E-04
 WatBalR  [%]              0.001
----------------------------------------------------------

----------------------------------------------------------
 Time       [T]       80.0000
----------------------------------------------------------
 Sub-region num.                     1            2
----------------------------------------------------------
 Length   [L]        0.10000E+04  0.10000E+04  0.00000E+00
 W-volume [L]        0.47180E+03  0.47180E+03  0.00000E+00
 In-flow  [L/T]      0.18317E-01  0.18317E-01  0.00000E+00
 h Mean   [L]       -0.19224E+04 -0.19224E+04  0.00000E+00
 Top Flux [L/T]     -0.30853E-01
 Bot Flux [L/T]     -0.15699E-02
 WatBalT  [L]       -0.20504E-04
 WatBalR  [%]              0.000
----------------------------------------------------------

----------------------------------------------------------
 Time       [T]       90.0000
----------------------------------------------------------
 Sub-region num.                     1            2
----------------------------------------------------------
 Length   [L]        0.10000E+04  0.10000E+04  0.00000E+00
 W-volume [L]        0.47198E+03  0.47198E+03  0.00000E+00
 In-flow  [L/T]      0.18327E-01  0.18327E-01  0.00000E+00
 h Mean   [L]       -0.19082E+04 -0.19082E+04  0.00000E+00
 Top Flux [L/T]     -0.24838E-01
 Bot Flux [L/T]     -0.15677E-02
 WatBalT  [L]       -0.14305E-05
 WatBalR  [%]              0.000
----------------------------------------------------------

----------------------------------------------------------
 Time       [T]      100.0000
----------------------------------------------------------
 Sub-region num.                     1            2
----------------------------------------------------------
 Length   [L]        0.10000E+04  0.10000E+04  0.00000E+00
 W-volume [L]        0.47206E+03  0.47206E+03  0.00000E+00
 In-flow  [L/T]      0.83361E-02  0.83361E-02  0.00000E+00
 h Mean   [L]       -0.18993E+04 -0.18993E+04  0.00000E+00
 Top Flux [L/T]     -0.14451E-01
 Bot Flux [L/T]     -0.15649E-02
 WatBalT  [L]       -0.95367E-05
 WatBalR  [%]              0.000
----------------------------------------------------------

----------------------------------------------------------
 Time       [T]      110.0000
----------------------------------------------------------
 Sub-region num.                     1            2
----------------------------------------------------------
 Length   [L]        0.10000E+04  0.10000E+04  0.00000E+00
 W-volume [L]        0.47205E+03  0.47205E+03  0.00000E+00
 In-flow  [L/T]     -0.16551E-02 -0.16551E-02  0.00000E+00
 h Mean   [L]       -0.18931E+04 -0.18931E+04  0.00000E+00
 Top Flux [L/T]     -0.61776E-02
 Bot Flux [L/T]     -0.15616E-02
 WatBalT  [L]       -0.17881E-03
 WatBalR  [%]              0.002
----------------------------------------------------------
 
 Calculation time [sec]  0.250000000000000     
