 ******* Program HYDRUS
 ******* 
 Welcome to HYDRUS-1D                                                    
 Date:  25. 9.    Time:  14:19: 2
 Units: L = mm   , T = min  , M = mmol 

       Time          rTop        rRoot        vTop         vRoot        vBot       sum(rTop)   sum(rRoot)    sum(vTop)   sum(vRoot)    sum(vBot)      hTop         hRoot        hBot        RunOff    sum(RunOff)     Volume     sum(Infil)    sum(Evap) TLevel Cum(WTrans)  SnowLayer
        [T]         [L/T]        [L/T]        [L/T]        [L/T]        [L/T]         [L]          [L]          [L]         [L]           [L]         [L]           [L]         [L]          [L/T]         [L]          [L]          [L]          [L]

      10.0001 -0.20000E-01  0.00000E+00 -0.19411E-01  0.00000E+00 -0.14525E-02 -0.20000E-05  0.00000E+00 -0.19411E-05  0.00000E+00 -0.14525E-06 -0.63429E+04  0.00000E+00 -0.13509E+04  0.58936E-03  0.58936E-07  0.47635E+03  0.19411E-05  0.00000E+00      1  0.00000E+00      0.000
      10.0002 -0.20000E-01  0.00000E+00 -0.19411E-01  0.00000E+00 -0.14526E-02 -0.40000E-05  0.00000E+00 -0.38821E-05  0.00000E+00 -0.29051E-06 -0.63429E+04  0.00000E+00 -0.13509E+04  0.58920E-03  0.11786E-06  0.47635E+03  0.38821E-05  0.00000E+00      2  0.00000E+00      0.000
      10.0003 -0.20000E-01  0.00000E+00 -0.20156E-01  0.00000E+00 -0.21977E-02 -0.66667E-05  0.00000E+00 -0.65696E-05  0.00000E+00 -0.58354E-06 -0.63428E+04  0.00000E+00 -0.13509E+04  0.15607E-03  0.13867E-06  0.47635E+03  0.65696E-05  0.00000E+00      3  0.00000E+00      0.000
      10.0005 -0.20000E-01  0.00000E+00 -0.19709E-01  0.00000E+00 -0.17508E-02 -0.10000E-04  0.00000E+00 -0.98545E-05  0.00000E+00 -0.87534E-06 -0.63428E+04  0.00000E+00 -0.13509E+04  0.29067E-03  0.18711E-06  0.47635E+03  0.98545E-05  0.00000E+00      4  0.00000E+00      0.000
      10.0008 -0.20000E-01  0.00000E+00 -0.19710E-01  0.00000E+00 -0.17511E-02 -0.15000E-04  0.00000E+00 -0.14782E-04  0.00000E+00 -0.13131E-05 -0.63427E+04  0.00000E+00 -0.13509E+04  0.29026E-03  0.25968E-06  0.47635E+03  0.14782E-04  0.00000E+00      5  0.00000E+00      0.000
      10.0010 -0.20000E-01  0.00000E+00 -0.20306E-01  0.00000E+00 -0.17513E-02 -0.20000E-04  0.00000E+00 -0.19858E-04  0.00000E+00 -0.17510E-05 -0.63426E+04  0.00000E+00 -0.13509E+04  0.30620E-03  0.33623E-06  0.47635E+03  0.19858E-04  0.00000E+00      6  0.00000E+00      0.000
      10.0013 -0.20000E-01  0.00000E+00 -0.19867E-01  0.00000E+00 -0.15287E-02 -0.25712E-04  0.00000E+00 -0.25533E-04  0.00000E+00 -0.21876E-05 -0.63424E+04  0.00000E+00 -0.13509E+04  0.13311E-03  0.37424E-06  0.47635E+03  0.25533E-04  0.00000E+00      7  0.00000E+00      0.000
      10.0017 -0.20000E-01  0.00000E+00 -0.20108E-01  0.00000E+00 -0.15691E-02 -0.33138E-04  0.00000E+00 -0.32999E-04  0.00000E+00 -0.27701E-05 -0.63423E+04  0.00000E+00 -0.13509E+04  0.10832E-03  0.41446E-06  0.47635E+03  0.32999E-04  0.00000E+00      8  0.00000E+00      0.000
      10.0021 -0.20000E-01  0.00000E+00 -0.20109E-01  0.00000E+00 -0.15077E-02 -0.42792E-04  0.00000E+00 -0.42705E-04  0.00000E+00 -0.34979E-05 -0.63421E+04  0.00000E+00 -0.13509E+04  0.10913E-03  0.46714E-06  0.47635E+03  0.42705E-04  0.00000E+00      9  0.00000E+00      0.000
      10.0028 -0.20000E-01  0.00000E+00 -0.19991E-01  0.00000E+00 -0.16270E-02 -0.55341E-04  0.00000E+00 -0.55249E-04  0.00000E+00 -0.45188E-05 -0.63418E+04  0.00000E+00 -0.13509E+04  0.00000E+00  0.46714E-06  0.47635E+03  0.55249E-04  0.00000E+00     10  0.00000E+00      0.000
      10.0036 -0.20000E-01  0.00000E+00 -0.19956E-01  0.00000E+00 -0.16094E-02 -0.71656E-04  0.00000E+00 -0.71528E-04  0.00000E+00 -0.58317E-05 -0.63414E+04  0.00000E+00 -0.13509E+04  0.43709E-04  0.50279E-06  0.47635E+03  0.71528E-04  0.00000E+00     11  0.00000E+00      0.000
      10.0046 -0.20000E-01  0.00000E+00 -0.20000E-01  0.00000E+00 -0.15119E-02 -0.92865E-04  0.00000E+00 -0.92738E-04  0.00000E+00 -0.74350E-05 -0.63410E+04  0.00000E+00 -0.13509E+04  0.00000E+00  0.50279E-06  0.47635E+03  0.92738E-04  0.00000E+00     12  0.00000E+00      0.000
      10.0060 -0.20000E-01  0.00000E+00 -0.19938E-01  0.00000E+00 -0.15887E-02 -0.12044E-03  0.00000E+00 -0.12022E-03  0.00000E+00 -0.96251E-05 -0.63404E+04  0.00000E+00 -0.13509E+04  0.62276E-04  0.58864E-06  0.47635E+03  0.12022E-03  0.00000E+00     13  0.00000E+00      0.000
      10.0078 -0.20000E-01  0.00000E+00 -0.20007E-01  0.00000E+00 -0.15487E-02 -0.15628E-03  0.00000E+00 -0.15608E-03  0.00000E+00 -0.12401E-04 -0.63396E+04  0.00000E+00 -0.13510E+04  0.00000E+00  0.58864E-06  0.47635E+03  0.15608E-03  0.00000E+00     14  0.00000E+00      0.000
      10.0101 -0.20000E-01  0.00000E+00 -0.20011E-01  0.00000E+00 -0.15697E-02 -0.20288E-03  0.00000E+00 -0.20270E-03  0.00000E+00 -0.16058E-04 -0.63386E+04  0.00000E+00 -0.13510E+04  0.11176E-04  0.61468E-06  0.47635E+03  0.20270E-03  0.00000E+00     15  0.00000E+00      0.000
      10.0132 -0.20000E-01  0.00000E+00 -0.19987E-01  0.00000E+00 -0.15968E-02 -0.26345E-03  0.00000E+00 -0.26324E-03  0.00000E+00 -0.20894E-04 -0.63373E+04  0.00000E+00 -0.13510E+04  0.13230E-04  0.65475E-06  0.47635E+03  0.26324E-03  0.00000E+00     16  0.00000E+00      0.000
      10.0171 -0.20000E-01  0.00000E+00 -0.20012E-01  0.00000E+00 -0.15661E-02 -0.34220E-03  0.00000E+00 -0.34203E-03  0.00000E+00 -0.27060E-04 -0.63356E+04  0.00000E+00 -0.13510E+04  0.12331E-04  0.70330E-06  0.47635E+03  0.34203E-03  0.00000E+00     17  0.00000E+00      0.000
      10.0222 -0.20000E-01  0.00000E+00 -0.19989E-01  0.00000E+00 -0.15819E-02 -0.44457E-03  0.00000E+00 -0.44435E-03  0.00000E+00 -0.35158E-04 -0.63334E+04  0.00000E+00 -0.13510E+04  0.11044E-04  0.75983E-06  0.47635E+03  0.44435E-03  0.00000E+00     18  0.00000E+00      0.000
      10.0289 -0.20000E-01  0.00000E+00 -0.19996E-01  0.00000E+00 -0.15763E-02 -0.57765E-03  0.00000E+00 -0.57740E-03  0.00000E+00 -0.45646E-04 -0.63305E+04  0.00000E+00 -0.13511E+04  0.00000E+00  0.75983E-06  0.47635E+03  0.57740E-03  0.00000E+00     19  0.00000E+00      0.000
      10.0375 -0.20000E-01  0.00000E+00 -0.19998E-01  0.00000E+00 -0.15781E-02 -0.75066E-03  0.00000E+00 -0.75040E-03  0.00000E+00 -0.59297E-04 -0.63268E+04  0.00000E+00 -0.13511E+04  0.00000E+00  0.75983E-06  0.47635E+03  0.75040E-03  0.00000E+00     20  0.00000E+00      0.000
      10.0488 -0.20000E-01  0.00000E+00 -0.19997E-01  0.00000E+00 -0.15659E-02 -0.97557E-03  0.00000E+00 -0.97527E-03  0.00000E+00 -0.76906E-04 -0.63219E+04  0.00000E+00 -0.13512E+04  0.00000E+00  0.75983E-06  0.47635E+03  0.97527E-03  0.00000E+00     21  0.00000E+00      0.000
      10.0634 -0.20000E-01  0.00000E+00 -0.20002E-01  0.00000E+00 -0.15734E-02 -0.12680E-02  0.00000E+00 -0.12677E-02  0.00000E+00 -0.99908E-04 -0.63157E+04  0.00000E+00 -0.13512E+04  0.00000E+00  0.75983E-06  0.47635E+03  0.12677E-02  0.00000E+00     22  0.00000E+00      0.000
      10.0824 -0.20000E-01  0.00000E+00 -0.19999E-01  0.00000E+00 -0.15733E-02 -0.16481E-02  0.00000E+00 -0.16478E-02  0.00000E+00 -0.12981E-03 -0.63075E+04  0.00000E+00 -0.13513E+04  0.00000E+00  0.75983E-06  0.47635E+03  0.16478E-02  0.00000E+00     23  0.00000E+00      0.000
      10.1071 -0.20000E-01  0.00000E+00 -0.20002E-01  0.00000E+00 -0.15675E-02 -0.21422E-02  0.00000E+00 -0.21419E-02  0.00000E+00 -0.16854E-03 -0.62969E+04  0.00000E+00 -0.13515E+04  0.00000E+00  0.75983E-06  0.47635E+03  0.21419E-02  0.00000E+00     24  0.00000E+00      0.000
      10.1392 -0.20000E-01  0.00000E+00 -0.20000E-01  0.00000E+00 -0.15701E-02 -0.27846E-02  0.00000E+00 -0.27843E-02  0.00000E+00 -0.21897E-03 -0.62832E+04  0.00000E+00 -0.13516E+04  0.00000E+00  0.75983E-06  0.47635E+03  0.27843E-02  0.00000E+00     25  0.00000E+00      0.000
      10.1810 -0.20000E-01  0.00000E+00 -0.20001E-01  0.00000E+00 -0.15685E-02 -0.36196E-02  0.00000E+00 -0.36194E-02  0.00000E+00 -0.28446E-03 -0.62654E+04  0.00000E+00 -0.13518E+04  0.00000E+00  0.75983E-06  0.47635E+03  0.36194E-02  0.00000E+00     26  0.00000E+00      0.000
      10.2353 -0.20000E-01  0.00000E+00 -0.20000E-01  0.00000E+00 -0.15696E-02 -0.47052E-02  0.00000E+00 -0.47050E-02  0.00000E+00 -0.36965E-03 -0.62424E+04  0.00000E+00 -0.13521E+04  0.00000E+00  0.75983E-06  0.47635E+03  0.47050E-02  0.00000E+00     27  0.00000E+00      0.000
      10.3058 -0.20000E-01  0.00000E+00 -0.20000E-01  0.00000E+00 -0.15689E-02 -0.61165E-02  0.00000E+00 -0.61163E-02  0.00000E+00 -0.48036E-03 -0.62127E+04  0.00000E+00 -0.13524E+04  0.00000E+00  0.75983E-06  0.47635E+03  0.61163E-02  0.00000E+00     28  0.00000E+00      0.000
      10.3976 -0.20000E-01  0.00000E+00 -0.20000E-01  0.00000E+00 -0.15691E-02 -0.79512E-02  0.00000E+00 -0.79510E-02  0.00000E+00 -0.62430E-03 -0.61743E+04  0.00000E+00 -0.13528E+04  0.00000E+00  0.75983E-06  0.47635E+03  0.79510E-02  0.00000E+00     29  0.00000E+00      0.000
      10.5168 -0.20000E-01  0.00000E+00 -0.20000E-01  0.00000E+00 -0.15687E-02 -0.10336E-01  0.00000E+00 -0.10336E-01  0.00000E+00 -0.81138E-03 -0.61280E+04  0.00000E+00 -0.13533E+04  0.00000E+00  0.75983E-06  0.47635E+03  0.10336E-01  0.00000E+00     30  0.00000E+00      0.000
      10.6718 -0.20000E-01  0.00000E+00 -0.20000E-01  0.00000E+00 -0.15669E-02 -0.13437E-01  0.00000E+00 -0.13437E-01  0.00000E+00 -0.10543E-02 -0.60810E+04  0.00000E+00 -0.13539E+04  0.00000E+00  0.75983E-06  0.47636E+03  0.13437E-01  0.00000E+00     31  0.00000E+00      0.000
      10.8734 -0.20000E-01  0.00000E+00 -0.20000E-01  0.00000E+00 -0.15660E-02 -0.17468E-01  0.00000E+00 -0.17467E-01  0.00000E+00 -0.13699E-02 -0.60181E+04  0.00000E+00 -0.13546E+04  0.00000E+00  0.75983E-06  0.47636E+03  0.17467E-01  0.00000E+00     32  0.00000E+00      0.000
      11.1354 -0.20000E-01  0.00000E+00 -0.20000E-01  0.00000E+00 -0.15647E-02 -0.22708E-01  0.00000E+00 -0.22707E-01  0.00000E+00 -0.17798E-02 -0.59403E+04  0.00000E+00 -0.13555E+04  0.00000E+00  0.75983E-06  0.47637E+03  0.22707E-01  0.00000E+00     33  0.00000E+00      0.000
      11.4760 -0.20000E-01  0.00000E+00 -0.20000E-01  0.00000E+00 -0.15631E-02 -0.29520E-01  0.00000E+00 -0.29519E-01  0.00000E+00 -0.23122E-02 -0.58407E+04  0.00000E+00 -0.13565E+04  0.00000E+00  0.75983E-06  0.47637E+03  0.29519E-01  0.00000E+00     34  0.00000E+00      0.000
      11.9188 -0.20000E-01  0.00000E+00 -0.20000E-01  0.00000E+00 -0.15607E-02 -0.38375E-01  0.00000E+00 -0.38375E-01  0.00000E+00 -0.30033E-02 -0.57162E+04  0.00000E+00 -0.13576E+04  0.00000E+00  0.75983E-06  0.47638E+03  0.38375E-01  0.00000E+00     35  0.00000E+00      0.000
      12.4944 -0.20000E-01  0.00000E+00 -0.20000E-01  0.00000E+00 -0.15582E-02 -0.49887E-01  0.00000E+00 -0.49887E-01  0.00000E+00 -0.39002E-02 -0.55614E+04  0.00000E+00 -0.13589E+04  0.00000E+00  0.75983E-06  0.47639E+03  0.49887E-01  0.00000E+00     36  0.00000E+00      0.000
      13.2449 -0.20000E-01  0.00000E+00 -0.20000E-01  0.00000E+00 -0.15550E-02 -0.64899E-01  0.00000E+00 -0.64898E-01  0.00000E+00 -0.50673E-02 -0.53719E+04  0.00000E+00 -0.13604E+04  0.00000E+00  0.75983E-06  0.47640E+03  0.64898E-01  0.00000E+00     37  0.00000E+00      0.000
      14.2099 -0.20000E-01  0.00000E+00 -0.20000E-01  0.00000E+00 -0.15515E-02 -0.84199E-01  0.00000E+00 -0.84199E-01  0.00000E+00 -0.65645E-02 -0.51472E+04  0.00000E+00 -0.13620E+04  0.00000E+00  0.75983E-06  0.47642E+03  0.84199E-01  0.00000E+00     38  0.00000E+00      0.000
      15.3680 -0.20000E-01  0.00000E+00 -0.20000E-01  0.00000E+00 -0.15475E-02 -0.10736E+00  0.00000E+00 -0.10736E+00  0.00000E+00 -0.83565E-02 -0.49032E+04  0.00000E+00 -0.13636E+04  0.00000E+00  0.75983E-06  0.47644E+03  0.10736E+00  0.00000E+00     39  0.00000E+00      0.000
      16.9120 -0.20000E-01  0.00000E+00 -0.20000E-01  0.00000E+00 -0.15429E-02 -0.13824E+00  0.00000E+00 -0.13824E+00  0.00000E+00 -0.10739E-01 -0.46889E+04  0.00000E+00 -0.13655E+04  0.00000E+00  0.75983E-06  0.47647E+03  0.13824E+00  0.00000E+00     40  0.00000E+00      0.000
      20.0000 -0.20000E-01  0.00000E+00 -0.20000E-01  0.00000E+00 -0.15348E-02 -0.20000E+00  0.00000E+00 -0.20000E+00  0.00000E+00 -0.15478E-01 -0.43544E+04  0.00000E+00 -0.13687E+04  0.00000E+00  0.75983E-06  0.47653E+03  0.20000E+00  0.00000E+00     41  0.00000E+00      0.000
      20.0001 -0.30000E-01  0.00000E+00 -0.29281E-01  0.00000E+00 -0.12295E-02 -0.20000E+00  0.00000E+00 -0.20000E+00  0.00000E+00 -0.15478E-01 -0.43444E+04  0.00000E+00 -0.13687E+04  0.71864E-03  0.83170E-06  0.47653E+03  0.20000E+00  0.00000E+00     42  0.00000E+00      0.000
      20.0002 -0.30000E-01  0.00000E+00 -0.29722E-01  0.00000E+00 -0.12283E-02 -0.20001E+00  0.00000E+00 -0.20001E+00  0.00000E+00 -0.15479E-01 -0.43466E+04  0.00000E+00 -0.13687E+04  0.27820E-03  0.86786E-06  0.47653E+03  0.20001E+00  0.00000E+00     43  0.00000E+00      0.000
      20.0004 -0.30000E-01  0.00000E+00 -0.29913E-01  0.00000E+00 -0.12292E-02 -0.20001E+00  0.00000E+00 -0.20001E+00  0.00000E+00 -0.15479E-01 -0.43448E+04  0.00000E+00 -0.13687E+04  0.86790E-04  0.88253E-06  0.47653E+03  0.20001E+00  0.00000E+00     44  0.00000E+00      0.000
      20.0006 -0.30000E-01  0.00000E+00 -0.29704E-01  0.00000E+00 -0.19071E-02 -0.20002E+00  0.00000E+00 -0.20002E+00  0.00000E+00 -0.15479E-01 -0.43455E+04  0.00000E+00 -0.13687E+04  0.29587E-03  0.94753E-06  0.47653E+03  0.20002E+00  0.00000E+00     45  0.00000E+00      0.000
      20.0009 -0.30000E-01  0.00000E+00 -0.30178E-01  0.00000E+00 -0.12291E-02 -0.20003E+00  0.00000E+00 -0.20003E+00  0.00000E+00 -0.15480E-01 -0.43450E+04  0.00000E+00 -0.13687E+04  0.17787E-03  0.99833E-06  0.47653E+03  0.20003E+00  0.00000E+00     46  0.00000E+00      0.000
      20.0013 -0.30000E-01  0.00000E+00 -0.29856E-01  0.00000E+00 -0.16303E-02 -0.20004E+00  0.00000E+00 -0.20004E+00  0.00000E+00 -0.15480E-01 -0.43451E+04  0.00000E+00 -0.13687E+04  0.14398E-03  0.10518E-05  0.47653E+03  0.20004E+00  0.00000E+00     47  0.00000E+00      0.000
      20.0018 -0.30000E-01  0.00000E+00 -0.29920E-01  0.00000E+00 -0.15378E-02 -0.20005E+00  0.00000E+00 -0.20005E+00  0.00000E+00 -0.15481E-01 -0.43449E+04  0.00000E+00 -0.13687E+04  0.80263E-04  0.10905E-05  0.47653E+03  0.20005E+00  0.00000E+00     48  0.00000E+00      0.000
      20.0024 -0.30000E-01  0.00000E+00 -0.29921E-01  0.00000E+00 -0.14664E-02 -0.20007E+00  0.00000E+00 -0.20007E+00  0.00000E+00 -0.15482E-01 -0.43448E+04  0.00000E+00 -0.13687E+04  0.79237E-04  0.11403E-05  0.47653E+03  0.20007E+00  0.00000E+00     49  0.00000E+00      0.000
      20.0032 -0.30000E-01  0.00000E+00 -0.30032E-01  0.00000E+00 -0.15943E-02 -0.20010E+00  0.00000E+00 -0.20010E+00  0.00000E+00 -0.15483E-01 -0.43446E+04  0.00000E+00 -0.13687E+04  0.32490E-04  0.11668E-05  0.47653E+03  0.20010E+00  0.00000E+00     50  0.00000E+00      0.000
      20.0043 -0.30000E-01  0.00000E+00 -0.29951E-01  0.00000E+00 -0.15100E-02 -0.20013E+00  0.00000E+00 -0.20013E+00  0.00000E+00 -0.15485E-01 -0.43444E+04  0.00000E+00 -0.13687E+04  0.49410E-04  0.12192E-05  0.47653E+03  0.20013E+00  0.00000E+00     51  0.00000E+00      0.000
      20.0056 -0.30000E-01  0.00000E+00 -0.29997E-01  0.00000E+00 -0.15533E-02 -0.20017E+00  0.00000E+00 -0.20017E+00  0.00000E+00 -0.15487E-01 -0.43440E+04  0.00000E+00 -0.13687E+04  0.00000E+00  0.12192E-05  0.47653E+03  0.20017E+00  0.00000E+00     52  0.00000E+00      0.000
      20.0074 -0.30000E-01  0.00000E+00 -0.29951E-01  0.00000E+00 -0.15616E-02 -0.20022E+00  0.00000E+00 -0.20022E+00  0.00000E+00 -0.15490E-01 -0.43436E+04  0.00000E+00 -0.13687E+04  0.48591E-04  0.13062E-05  0.47653E+03  0.20022E+00  0.00000E+00     53  0.00000E+00      0.000
      20.0098 -0.30000E-01  0.00000E+00 -0.30027E-01  0.00000E+00 -0.15489E-02 -0.20029E+00  0.00000E+00 -0.20029E+00  0.00000E+00 -0.15493E-01 -0.43431E+04  0.00000E+00 -0.13687E+04  0.27226E-04  0.13697E-05  0.47653E+03  0.20029E+00  0.00000E+00     54  0.00000E+00      0.000
      20.0128 -0.30000E-01  0.00000E+00 -0.30020E-01  0.00000E+00 -0.15244E-02 -0.20038E+00  0.00000E+00 -0.20038E+00  0.00000E+00 -0.15498E-01 -0.43424E+04  0.00000E+00 -0.13688E+04  0.19599E-04  0.14290E-05  0.47653E+03  0.20038E+00  0.00000E+00     55  0.00000E+00      0.000
      20.0167 -0.30000E-01  0.00000E+00 -0.30014E-01  0.00000E+00 -0.15320E-02 -0.20050E+00  0.00000E+00 -0.20050E+00  0.00000E+00 -0.15504E-01 -0.43415E+04  0.00000E+00 -0.13688E+04  0.13692E-04  0.14829E-05  0.47653E+03  0.20050E+00  0.00000E+00     56  0.00000E+00      0.000
      20.0218 -0.30000E-01  0.00000E+00 -0.30017E-01  0.00000E+00 -0.15205E-02 -0.20066E+00  0.00000E+00 -0.20065E+00  0.00000E+00 -0.15512E-01 -0.43403E+04  0.00000E+00 -0.13688E+04  0.17004E-04  0.15700E-05  0.47653E+03  0.20065E+00  0.00000E+00     57  0.00000E+00      0.000
      20.0285 -0.30000E-01  0.00000E+00 -0.30001E-01  0.00000E+00 -0.15430E-02 -0.20086E+00  0.00000E+00 -0.20085E+00  0.00000E+00 -0.15522E-01 -0.43388E+04  0.00000E+00 -0.13688E+04  0.00000E+00  0.15700E-05  0.47653E+03  0.20085E+00  0.00000E+00     58  0.00000E+00      0.000
      20.0372 -0.30000E-01  0.00000E+00 -0.29997E-01  0.00000E+00 -0.15398E-02 -0.20111E+00  0.00000E+00 -0.20111E+00  0.00000E+00 -0.15535E-01 -0.43368E+04  0.00000E+00 -0.13688E+04  0.00000E+00  0.15700E-05  0.47653E+03  0.20111E+00  0.00000E+00     59  0.00000E+00      0.000
      20.0484 -0.30000E-01  0.00000E+00 -0.30004E-01  0.00000E+00 -0.15346E-02 -0.20145E+00  0.00000E+00 -0.20145E+00  0.00000E+00 -0.15553E-01 -0.43342E+04  0.00000E+00 -0.13688E+04  0.00000E+00  0.15700E-05  0.47653E+03  0.20145E+00  0.00000E+00     60  0.00000E+00      0.000
      20.0630 -0.30000E-01  0.00000E+00 -0.29999E-01  0.00000E+00 -0.15359E-02 -0.20189E+00  0.00000E+00 -0.20189E+00  0.00000E+00 -0.15575E-01 -0.43309E+04  0.00000E+00 -0.13688E+04  0.00000E+00  0.15700E-05  0.47653E+03  0.20189E+00  0.00000E+00     61  0.00000E+00      0.000
      20.0820 -0.30000E-01  0.00000E+00 -0.30002E-01  0.00000E+00 -0.15362E-02 -0.20246E+00  0.00000E+00 -0.20246E+00  0.00000E+00 -0.15604E-01 -0.43266E+04  0.00000E+00 -0.13688E+04  0.00000E+00  0.15700E-05  0.47653E+03  0.20246E+00  0.00000E+00     62  0.00000E+00      0.000
      20.1067 -0.30000E-01  0.00000E+00 -0.30001E-01  0.00000E+00 -0.15324E-02 -0.20320E+00  0.00000E+00 -0.20320E+00  0.00000E+00 -0.15642E-01 -0.43209E+04  0.00000E+00 -0.13688E+04  0.00000E+00  0.15700E-05  0.47653E+03  0.20320E+00  0.00000E+00     63  0.00000E+00      0.000
      20.1388 -0.30000E-01  0.00000E+00 -0.30000E-01  0.00000E+00 -0.15329E-02 -0.20417E+00  0.00000E+00 -0.20417E+00  0.00000E+00 -0.15691E-01 -0.43137E+04  0.00000E+00 -0.13689E+04  0.00000E+00  0.15700E-05  0.47653E+03  0.20417E+00  0.00000E+00     64  0.00000E+00      0.000
      20.1806 -0.30000E-01  0.00000E+00 -0.29999E-01  0.00000E+00 -0.15354E-02 -0.20542E+00  0.00000E+00 -0.20542E+00  0.00000E+00 -0.15755E-01 -0.43043E+04  0.00000E+00 -0.13689E+04  0.00000E+00  0.15700E-05  0.47653E+03  0.20542E+00  0.00000E+00     65  0.00000E+00      0.000
      20.2349 -0.30000E-01  0.00000E+00 -0.30000E-01  0.00000E+00 -0.15350E-02 -0.20705E+00  0.00000E+00 -0.20705E+00  0.00000E+00 -0.15839E-01 -0.42921E+04  0.00000E+00 -0.13690E+04  0.00000E+00  0.15700E-05  0.47654E+03  0.20705E+00  0.00000E+00     66  0.00000E+00      0.000
      20.3054 -0.30000E-01  0.00000E+00 -0.30000E-01  0.00000E+00 -0.15339E-02 -0.20916E+00  0.00000E+00 -0.20916E+00  0.00000E+00 -0.15947E-01 -0.42765E+04  0.00000E+00 -0.13690E+04  0.00000E+00  0.15700E-05  0.47654E+03  0.20916E+00  0.00000E+00     67  0.00000E+00      0.000
      20.3972 -0.30000E-01  0.00000E+00 -0.30000E-01  0.00000E+00 -0.15344E-02 -0.21192E+00  0.00000E+00 -0.21192E+00  0.00000E+00 -0.16088E-01 -0.42564E+04  0.00000E+00 -0.13691E+04  0.00000E+00  0.15700E-05  0.47654E+03  0.21192E+00  0.00000E+00     68  0.00000E+00      0.000
      20.5164 -0.30000E-01  0.00000E+00 -0.30000E-01  0.00000E+00 -0.15334E-02 -0.21549E+00  0.00000E+00 -0.21549E+00  0.00000E+00 -0.16271E-01 -0.42307E+04  0.00000E+00 -0.13693E+04  0.00000E+00  0.15700E-05  0.47654E+03  0.21549E+00  0.00000E+00     69  0.00000E+00      0.000
      20.6715 -0.30000E-01  0.00000E+00 -0.30000E-01  0.00000E+00 -0.15337E-02 -0.22014E+00  0.00000E+00 -0.22014E+00  0.00000E+00 -0.16508E-01 -0.41979E+04  0.00000E+00 -0.13694E+04  0.00000E+00  0.15700E-05  0.47655E+03  0.22014E+00  0.00000E+00     70  0.00000E+00      0.000
      20.8730 -0.30000E-01  0.00000E+00 -0.30000E-01  0.00000E+00 -0.15329E-02 -0.22619E+00  0.00000E+00 -0.22619E+00  0.00000E+00 -0.16817E-01 -0.41564E+04  0.00000E+00 -0.13696E+04  0.00000E+00  0.15700E-05  0.47655E+03  0.22619E+00  0.00000E+00     71  0.00000E+00      0.000
      21.1350 -0.30000E-01  0.00000E+00 -0.30000E-01  0.00000E+00 -0.15319E-02 -0.23405E+00  0.00000E+00 -0.23405E+00  0.00000E+00 -0.17219E-01 -0.41041E+04  0.00000E+00 -0.13698E+04  0.00000E+00  0.15700E-05  0.47656E+03  0.23405E+00  0.00000E+00     72  0.00000E+00      0.000
      21.4756 -0.30000E-01  0.00000E+00 -0.30000E-01  0.00000E+00 -0.15315E-02 -0.24427E+00  0.00000E+00 -0.24427E+00  0.00000E+00 -0.17740E-01 -0.40390E+04  0.00000E+00 -0.13702E+04  0.00000E+00  0.15700E-05  0.47657E+03  0.24427E+00  0.00000E+00     73  0.00000E+00      0.000
      21.9184 -0.30000E-01  0.00000E+00 -0.30000E-01  0.00000E+00 -0.15302E-02 -0.25755E+00  0.00000E+00 -0.25755E+00  0.00000E+00 -0.18418E-01 -0.39588E+04  0.00000E+00 -0.13706E+04  0.00000E+00  0.15700E-05  0.47658E+03  0.25755E+00  0.00000E+00     74  0.00000E+00      0.000
      22.4940 -0.30000E-01  0.00000E+00 -0.30000E-01  0.00000E+00 -0.15290E-02 -0.27482E+00  0.00000E+00 -0.27482E+00  0.00000E+00 -0.19298E-01 -0.38614E+04  0.00000E+00 -0.13711E+04  0.00000E+00  0.15700E-05  0.47660E+03  0.27482E+00  0.00000E+00     75  0.00000E+00      0.000
      23.2446 -0.30000E-01  0.00000E+00 -0.30000E-01  0.00000E+00 -0.15273E-02 -0.29734E+00  0.00000E+00 -0.29734E+00  0.00000E+00 -0.20444E-01 -0.37749E+04  0.00000E+00 -0.13717E+04  0.00000E+00  0.15700E-05  0.47662E+03  0.29734E+00  0.00000E+00     76  0.00000E+00      0.000
      24.2096 -0.30000E-01  0.00000E+00 -0.30000E-01  0.00000E+00 -0.15253E-02 -0.32629E+00  0.00000E+00 -0.32629E+00  0.00000E+00 -0.21916E-01 -0.36699E+04  0.00000E+00 -0.13725E+04  0.00000E+00  0.15700E-05  0.47665E+03  0.32629E+00  0.00000E+00     77  0.00000E+00      0.000
      25.3677 -0.30000E-01  0.00000E+00 -0.30000E-01  0.00000E+00 -0.15229E-02 -0.36103E+00  0.00000E+00 -0.36103E+00  0.00000E+00 -0.23680E-01 -0.35617E+04  0.00000E+00 -0.13734E+04  0.00000E+00  0.15700E-05  0.47668E+03  0.36103E+00  0.00000E+00     78  0.00000E+00      0.000
      26.9118 -0.30000E-01  0.00000E+00 -0.30000E-01  0.00000E+00 -0.15199E-02 -0.40735E+00  0.00000E+00 -0.40735E+00  0.00000E+00 -0.26027E-01 -0.34310E+04  0.00000E+00 -0.13746E+04  0.00000E+00  0.15700E-05  0.47673E+03  0.40735E+00  0.00000E+00     79  0.00000E+00      0.000
      30.0000 -0.30000E-01  0.00000E+00 -0.30000E-01  0.00000E+00 -0.15143E-02 -0.50000E+00  0.00000E+00 -0.50000E+00  0.00000E+00 -0.30703E-01 -0.32247E+04  0.00000E+00 -0.13767E+04  0.00000E+00  0.15700E-05  0.47681E+03  0.50000E+00  0.00000E+00     80  0.00000E+00      0.000
      30.0001 -0.60000E-01  0.00000E+00 -0.59948E-01  0.00000E+00 -0.13062E-02 -0.50001E+00  0.00000E+00 -0.50001E+00  0.00000E+00 -0.30703E-01 -0.32181E+04  0.00000E+00 -0.13767E+04  0.52303E-04  0.15752E-05  0.47681E+03  0.50001E+00  0.00000E+00     81  0.00000E+00      0.000
      30.0002 -0.60000E-01  0.00000E+00 -0.59414E-01  0.00000E+00 -0.13061E-02 -0.50001E+00  0.00000E+00 -0.50001E+00  0.00000E+00 -0.30703E-01 -0.32192E+04  0.00000E+00 -0.13767E+04  0.58588E-03  0.16514E-05  0.47681E+03  0.50001E+00  0.00000E+00     82  0.00000E+00      0.000
      30.0004 -0.60000E-01  0.00000E+00 -0.59737E-01  0.00000E+00 -0.13062E-02 -0.50002E+00  0.00000E+00 -0.50002E+00  0.00000E+00 -0.30704E-01 -0.32183E+04  0.00000E+00 -0.13767E+04  0.26288E-03  0.16958E-05  0.47681E+03  0.50002E+00  0.00000E+00     83  0.00000E+00      0.000
      30.0006 -0.60000E-01  0.00000E+00 -0.60022E-01  0.00000E+00 -0.13061E-02 -0.50004E+00  0.00000E+00 -0.50004E+00  0.00000E+00 -0.30704E-01 -0.32184E+04  0.00000E+00 -0.13767E+04  0.22452E-04  0.17007E-05  0.47681E+03  0.50004E+00  0.00000E+00     84  0.00000E+00      0.000
      30.0009 -0.60000E-01  0.00000E+00 -0.59757E-01  0.00000E+00 -0.13062E-02 -0.50005E+00  0.00000E+00 -0.50005E+00  0.00000E+00 -0.30704E-01 -0.32182E+04  0.00000E+00 -0.13767E+04  0.24324E-03  0.17702E-05  0.47681E+03  0.50005E+00  0.00000E+00     85  0.00000E+00      0.000
      30.0013 -0.60000E-01  0.00000E+00 -0.60044E-01  0.00000E+00 -0.17075E-02 -0.50008E+00  0.00000E+00 -0.50008E+00  0.00000E+00 -0.30705E-01 -0.32181E+04  0.00000E+00 -0.13767E+04  0.43992E-04  0.17865E-05  0.47681E+03  0.50008E+00  0.00000E+00     86  0.00000E+00      0.000
      30.0018 -0.60000E-01  0.00000E+00 -0.60077E-01  0.00000E+00 -0.16149E-02 -0.50011E+00  0.00000E+00 -0.50010E+00  0.00000E+00 -0.30706E-01 -0.32179E+04  0.00000E+00 -0.13767E+04  0.76871E-04  0.18236E-05  0.47681E+03  0.50010E+00  0.00000E+00     87  0.00000E+00      0.000
      30.0024 -0.60000E-01  0.00000E+00 -0.60011E-01  0.00000E+00 -0.15436E-02 -0.50014E+00  0.00000E+00 -0.50014E+00  0.00000E+00 -0.30707E-01 -0.32177E+04  0.00000E+00 -0.13767E+04  0.11425E-04  0.18308E-05  0.47681E+03  0.50014E+00  0.00000E+00     88  0.00000E+00      0.000
      30.0032 -0.60000E-01  0.00000E+00 -0.59999E-01  0.00000E+00 -0.14889E-02 -0.50019E+00  0.00000E+00 -0.50019E+00  0.00000E+00 -0.30708E-01 -0.32174E+04  0.00000E+00 -0.13767E+04  0.00000E+00  0.18308E-05  0.47681E+03  0.50019E+00  0.00000E+00     89  0.00000E+00      0.000
      30.0043 -0.60000E-01  0.00000E+00 -0.59980E-01  0.00000E+00 -0.14467E-02 -0.50026E+00  0.00000E+00 -0.50026E+00  0.00000E+00 -0.30709E-01 -0.32171E+04  0.00000E+00 -0.13767E+04  0.20433E-04  0.18525E-05  0.47681E+03  0.50026E+00  0.00000E+00     90  0.00000E+00      0.000
      30.0056 -0.60000E-01  0.00000E+00 -0.60044E-01  0.00000E+00 -0.15223E-02 -0.50034E+00  0.00000E+00 -0.50034E+00  0.00000E+00 -0.30712E-01 -0.32166E+04  0.00000E+00 -0.13767E+04  0.44297E-04  0.19135E-05  0.47681E+03  0.50034E+00  0.00000E+00     91  0.00000E+00      0.000
      30.0074 -0.60000E-01  0.00000E+00 -0.60017E-01  0.00000E+00 -0.15555E-02 -0.50045E+00  0.00000E+00 -0.50045E+00  0.00000E+00 -0.30714E-01 -0.32160E+04  0.00000E+00 -0.13767E+04  0.16879E-04  0.19438E-05  0.47681E+03  0.50045E+00  0.00000E+00     92  0.00000E+00      0.000
      30.0098 -0.60000E-01  0.00000E+00 -0.60010E-01  0.00000E+00 -0.14980E-02 -0.50059E+00  0.00000E+00 -0.50059E+00  0.00000E+00 -0.30718E-01 -0.32151E+04  0.00000E+00 -0.13767E+04  0.00000E+00  0.19438E-05  0.47682E+03  0.50059E+00  0.00000E+00     93  0.00000E+00      0.000
      30.0128 -0.60000E-01  0.00000E+00 -0.60004E-01  0.00000E+00 -0.15030E-02 -0.50077E+00  0.00000E+00 -0.50077E+00  0.00000E+00 -0.30722E-01 -0.32141E+04  0.00000E+00 -0.13767E+04  0.00000E+00  0.19438E-05  0.47682E+03  0.50077E+00  0.00000E+00     94  0.00000E+00      0.000
      30.0167 -0.60000E-01  0.00000E+00 -0.60004E-01  0.00000E+00 -0.14954E-02 -0.50100E+00  0.00000E+00 -0.50100E+00  0.00000E+00 -0.30728E-01 -0.32127E+04  0.00000E+00 -0.13767E+04  0.00000E+00  0.19438E-05  0.47682E+03  0.50100E+00  0.00000E+00     95  0.00000E+00      0.000
      30.0218 -0.60000E-01  0.00000E+00 -0.59998E-01  0.00000E+00 -0.15100E-02 -0.50131E+00  0.00000E+00 -0.50131E+00  0.00000E+00 -0.30736E-01 -0.32109E+04  0.00000E+00 -0.13767E+04  0.00000E+00  0.19438E-05  0.47682E+03  0.50131E+00  0.00000E+00     96  0.00000E+00      0.000
      30.0285 -0.60000E-01  0.00000E+00 -0.59994E-01  0.00000E+00 -0.15077E-02 -0.50171E+00  0.00000E+00 -0.50171E+00  0.00000E+00 -0.30746E-01 -0.32086E+04  0.00000E+00 -0.13767E+04  0.00000E+00  0.19438E-05  0.47682E+03  0.50171E+00  0.00000E+00     97  0.00000E+00      0.000
      30.0372 -0.60000E-01  0.00000E+00 -0.60001E-01  0.00000E+00 -0.15129E-02 -0.50223E+00  0.00000E+00 -0.50223E+00  0.00000E+00 -0.30759E-01 -0.32056E+04  0.00000E+00 -0.13767E+04  0.00000E+00  0.19438E-05  0.47682E+03  0.50223E+00  0.00000E+00     98  0.00000E+00      0.000
      30.0484 -0.60000E-01  0.00000E+00 -0.60004E-01  0.00000E+00 -0.15183E-02 -0.50290E+00  0.00000E+00 -0.50290E+00  0.00000E+00 -0.30776E-01 -0.32017E+04  0.00000E+00 -0.13767E+04  0.00000E+00  0.19438E-05  0.47682E+03  0.50290E+00  0.00000E+00     99  0.00000E+00      0.000
      30.0630 -0.60000E-01  0.00000E+00 -0.59998E-01  0.00000E+00 -0.15102E-02 -0.50378E+00  0.00000E+00 -0.50378E+00  0.00000E+00 -0.30798E-01 -0.31967E+04  0.00000E+00 -0.13768E+04  0.00000E+00  0.19438E-05  0.47682E+03  0.50378E+00  0.00000E+00    100  0.00000E+00      0.000
      30.0820 -0.60000E-01  0.00000E+00 -0.59996E-01  0.00000E+00 -0.15181E-02 -0.50492E+00  0.00000E+00 -0.50492E+00  0.00000E+00 -0.30827E-01 -0.31901E+04  0.00000E+00 -0.13768E+04  0.00000E+00  0.19438E-05  0.47682E+03  0.50492E+00  0.00000E+00    101  0.00000E+00      0.000
      30.1067 -0.60000E-01  0.00000E+00 -0.59999E-01  0.00000E+00 -0.15116E-02 -0.50640E+00  0.00000E+00 -0.50640E+00  0.00000E+00 -0.30864E-01 -0.31817E+04  0.00000E+00 -0.13768E+04  0.00000E+00  0.19438E-05  0.47682E+03  0.50640E+00  0.00000E+00    102  0.00000E+00      0.000
      30.1388 -0.60000E-01  0.00000E+00 -0.60002E-01  0.00000E+00 -0.15155E-02 -0.50833E+00  0.00000E+00 -0.50833E+00  0.00000E+00 -0.30913E-01 -0.31708E+04  0.00000E+00 -0.13768E+04  0.00000E+00  0.19438E-05  0.47682E+03  0.50833E+00  0.00000E+00    103  0.00000E+00      0.000
      30.1806 -0.60000E-01  0.00000E+00 -0.60001E-01  0.00000E+00 -0.15138E-02 -0.51084E+00  0.00000E+00 -0.51084E+00  0.00000E+00 -0.30976E-01 -0.31567E+04  0.00000E+00 -0.13768E+04  0.00000E+00  0.19438E-05  0.47683E+03  0.51084E+00  0.00000E+00    104  0.00000E+00      0.000
      30.2349 -0.60000E-01  0.00000E+00 -0.59999E-01  0.00000E+00 -0.15129E-02 -0.51409E+00  0.00000E+00 -0.51409E+00  0.00000E+00 -0.31058E-01 -0.31386E+04  0.00000E+00 -0.13769E+04  0.00000E+00  0.19438E-05  0.47683E+03  0.51409E+00  0.00000E+00    105  0.00000E+00      0.000
      30.3054 -0.60000E-01  0.00000E+00 -0.60000E-01  0.00000E+00 -0.15143E-02 -0.51833E+00  0.00000E+00 -0.51833E+00  0.00000E+00 -0.31165E-01 -0.31155E+04  0.00000E+00 -0.13769E+04  0.00000E+00  0.19438E-05  0.47683E+03  0.51833E+00  0.00000E+00    106  0.00000E+00      0.000
      30.3972 -0.60000E-01  0.00000E+00 -0.59999E-01  0.00000E+00 -0.15141E-02 -0.52383E+00  0.00000E+00 -0.52383E+00  0.00000E+00 -0.31304E-01 -0.30860E+04  0.00000E+00 -0.13770E+04  0.00000E+00  0.19438E-05  0.47684E+03  0.52383E+00  0.00000E+00    107  0.00000E+00      0.000
      30.5164 -0.60000E-01  0.00000E+00 -0.60000E-01  0.00000E+00 -0.15132E-02 -0.53099E+00  0.00000E+00 -0.53099E+00  0.00000E+00 -0.31485E-01 -0.30501E+04  0.00000E+00 -0.13771E+04  0.00000E+00  0.19438E-05  0.47684E+03  0.53099E+00  0.00000E+00    108  0.00000E+00      0.000
      30.6715 -0.60000E-01  0.00000E+00 -0.60000E-01  0.00000E+00 -0.15135E-02 -0.54029E+00  0.00000E+00 -0.54029E+00  0.00000E+00 -0.31719E-01 -0.30154E+04  0.00000E+00 -0.13772E+04  0.00000E+00  0.19438E-05  0.47685E+03  0.54029E+00  0.00000E+00    109  0.00000E+00      0.000
      30.8730 -0.60000E-01  0.00000E+00 -0.60000E-01  0.00000E+00 -0.15130E-02 -0.55238E+00  0.00000E+00 -0.55238E+00  0.00000E+00 -0.32024E-01 -0.29701E+04  0.00000E+00 -0.13773E+04  0.00000E+00  0.19438E-05  0.47687E+03  0.55238E+00  0.00000E+00    110  0.00000E+00      0.000
      31.1350 -0.60000E-01  0.00000E+00 -0.60000E-01  0.00000E+00 -0.15125E-02 -0.56810E+00  0.00000E+00 -0.56810E+00  0.00000E+00 -0.32421E-01 -0.29168E+04  0.00000E+00 -0.13775E+04  0.00000E+00  0.19438E-05  0.47688E+03  0.56810E+00  0.00000E+00    111  0.00000E+00      0.000
      31.4756 -0.60000E-01  0.00000E+00 -0.60000E-01  0.00000E+00 -0.15118E-02 -0.58854E+00  0.00000E+00 -0.58854E+00  0.00000E+00 -0.32935E-01 -0.28520E+04  0.00000E+00 -0.13777E+04  0.00000E+00  0.19438E-05  0.47690E+03  0.58854E+00  0.00000E+00    112  0.00000E+00      0.000
      31.9184 -0.60000E-01  0.00000E+00 -0.60000E-01  0.00000E+00 -0.15108E-02 -0.61510E+00  0.00000E+00 -0.61510E+00  0.00000E+00 -0.33604E-01 -0.27757E+04  0.00000E+00 -0.13780E+04  0.00000E+00  0.19438E-05  0.47693E+03  0.61510E+00  0.00000E+00    113  0.00000E+00      0.000
      32.4940 -0.60000E-01  0.00000E+00 -0.60000E-01  0.00000E+00 -0.15100E-02 -0.64964E+00  0.00000E+00 -0.64964E+00  0.00000E+00 -0.34474E-01 -0.26868E+04  0.00000E+00 -0.13784E+04  0.00000E+00  0.19438E-05  0.47696E+03  0.64964E+00  0.00000E+00    114  0.00000E+00      0.000
      33.2446 -0.60000E-01  0.00000E+00 -0.60000E-01  0.00000E+00 -0.15088E-02 -0.69468E+00  0.00000E+00 -0.69467E+00  0.00000E+00 -0.35606E-01 -0.25843E+04  0.00000E+00 -0.13788E+04  0.00000E+00  0.19438E-05  0.47700E+03  0.69467E+00  0.00000E+00    115  0.00000E+00      0.000
      34.2096 -0.60000E-01  0.00000E+00 -0.60000E-01  0.00000E+00 -0.15072E-02 -0.75258E+00  0.00000E+00 -0.75258E+00  0.00000E+00 -0.37061E-01 -0.24673E+04  0.00000E+00 -0.13794E+04  0.00000E+00  0.19438E-05  0.47706E+03  0.75258E+00  0.00000E+00    116  0.00000E+00      0.000
      35.3677 -0.60000E-01  0.00000E+00 -0.60000E-01  0.00000E+00 -0.15054E-02 -0.82206E+00  0.00000E+00 -0.82206E+00  0.00000E+00 -0.38804E-01 -0.23644E+04  0.00000E+00 -0.13801E+04  0.00000E+00  0.19438E-05  0.47713E+03  0.82206E+00  0.00000E+00    117  0.00000E+00      0.000
      36.9118 -0.60000E-01  0.00000E+00 -0.60000E-01  0.00000E+00 -0.15030E-02 -0.91471E+00  0.00000E+00 -0.91471E+00  0.00000E+00 -0.41125E-01 -0.22658E+04  0.00000E+00 -0.13810E+04  0.00000E+00  0.19438E-05  0.47722E+03  0.91471E+00  0.00000E+00    118  0.00000E+00      0.000
      40.0000 -0.60000E-01  0.00000E+00 -0.60000E-01  0.00000E+00 -0.14984E-02 -0.11000E+01  0.00000E+00 -0.11000E+01  0.00000E+00 -0.45752E-01 -0.20981E+04  0.00000E+00 -0.13827E+04  0.00000E+00  0.19438E-05  0.47740E+03  0.11000E+01  0.00000E+00    119  0.00000E+00      0.000
      42.5000 -0.50000E-01  0.00000E+00 -0.50000E-01  0.00000E+00 -0.14949E-02 -0.12250E+01  0.00000E+00 -0.12250E+01  0.00000E+00 -0.49489E-01 -0.20542E+04  0.00000E+00 -0.13841E+04  0.00000E+00  0.19438E-05  0.47752E+03  0.12250E+01  0.00000E+00    120  0.00000E+00      0.000
      46.2500 -0.50000E-01  0.00000E+00 -0.50000E-01  0.00000E+00 -0.14898E-02 -0.14125E+01  0.00000E+00 -0.14125E+01  0.00000E+00 -0.55076E-01 -0.19535E+04  0.00000E+00 -0.13860E+04  0.00000E+00  0.19438E-05  0.47770E+03  0.14125E+01  0.00000E+00    121  0.00000E+00      0.000
      50.0000 -0.50000E-01  0.00000E+00 -0.50000E-01  0.00000E+00 -0.14851E-02 -0.16000E+01  0.00000E+00 -0.16000E+01  0.00000E+00 -0.60645E-01 -0.18711E+04  0.00000E+00 -0.13878E+04  0.00000E+00  0.19438E-05  0.47788E+03  0.16000E+01  0.00000E+00    122  0.00000E+00      0.000
      50.0001 -0.23000E+00  0.00000E+00 -0.23038E+00  0.00000E+00 -0.13404E-02 -0.16000E+01  0.00000E+00 -0.16000E+01  0.00000E+00 -0.60645E-01 -0.18689E+04  0.00000E+00 -0.13878E+04  0.37542E-03  0.19813E-05  0.47788E+03  0.16000E+01  0.00000E+00    123  0.00000E+00      0.000
      50.0002 -0.23000E+00  0.00000E+00 -0.22902E+00  0.00000E+00 -0.13403E-02 -0.16001E+01  0.00000E+00 -0.16001E+01  0.00000E+00 -0.60645E-01 -0.18693E+04  0.00000E+00 -0.13878E+04  0.98023E-03  0.21088E-05  0.47788E+03  0.16001E+01  0.00000E+00    124  0.00000E+00      0.000
      50.0004 -0.23000E+00  0.00000E+00 -0.23079E+00  0.00000E+00 -0.13403E-02 -0.16001E+01  0.00000E+00 -0.16001E+01  0.00000E+00 -0.60645E-01 -0.18688E+04  0.00000E+00 -0.13878E+04  0.79325E-03  0.22428E-05  0.47788E+03  0.16001E+01  0.00000E+00    125  0.00000E+00      0.000
      50.0006 -0.23000E+00  0.00000E+00 -0.23013E+00  0.00000E+00 -0.13403E-02 -0.16001E+01  0.00000E+00 -0.16001E+01  0.00000E+00 -0.60646E-01 -0.18688E+04  0.00000E+00 -0.13878E+04  0.13331E-03  0.22721E-05  0.47788E+03  0.16001E+01  0.00000E+00    126  0.00000E+00      0.000
      50.0009 -0.23000E+00  0.00000E+00 -0.23037E+00  0.00000E+00 -0.13403E-02 -0.16002E+01  0.00000E+00 -0.16002E+01  0.00000E+00 -0.60646E-01 -0.18685E+04  0.00000E+00 -0.13878E+04  0.36852E-03  0.23774E-05  0.47788E+03  0.16002E+01  0.00000E+00    127  0.00000E+00      0.000
      50.0013 -0.23000E+00  0.00000E+00 -0.23032E+00  0.00000E+00 -0.13403E-02 -0.16003E+01  0.00000E+00 -0.16003E+01  0.00000E+00 -0.60647E-01 -0.18682E+04  0.00000E+00 -0.13878E+04  0.31979E-03  0.24961E-05  0.47788E+03  0.16003E+01  0.00000E+00    128  0.00000E+00      0.000
      50.0018 -0.23000E+00  0.00000E+00 -0.22975E+00  0.00000E+00 -0.13404E-02 -0.16004E+01  0.00000E+00 -0.16004E+01  0.00000E+00 -0.60647E-01 -0.18678E+04  0.00000E+00 -0.13878E+04  0.25444E-03  0.26189E-05  0.47788E+03  0.16004E+01  0.00000E+00    129  0.00000E+00      0.000
      50.0024 -0.23000E+00  0.00000E+00 -0.23009E+00  0.00000E+00 -0.15776E-02 -0.16005E+01  0.00000E+00 -0.16005E+01  0.00000E+00 -0.60648E-01 -0.18674E+04  0.00000E+00 -0.13878E+04  0.85279E-04  0.26724E-05  0.47789E+03  0.16005E+01  0.00000E+00    130  0.00000E+00      0.000
      50.0032 -0.23000E+00  0.00000E+00 -0.23001E+00  0.00000E+00 -0.15229E-02 -0.16007E+01  0.00000E+00 -0.16007E+01  0.00000E+00 -0.60649E-01 -0.18667E+04  0.00000E+00 -0.13878E+04  0.11146E-04  0.26815E-05  0.47789E+03  0.16007E+01  0.00000E+00    131  0.00000E+00      0.000
      50.0043 -0.23000E+00  0.00000E+00 -0.23005E+00  0.00000E+00 -0.14808E-02 -0.16010E+01  0.00000E+00 -0.16010E+01  0.00000E+00 -0.60651E-01 -0.18659E+04  0.00000E+00 -0.13878E+04  0.48071E-04  0.27325E-05  0.47789E+03  0.16010E+01  0.00000E+00    132  0.00000E+00      0.000
      50.0056 -0.23000E+00  0.00000E+00 -0.23006E+00  0.00000E+00 -0.14484E-02 -0.16013E+01  0.00000E+00 -0.16013E+01  0.00000E+00 -0.60653E-01 -0.18648E+04  0.00000E+00 -0.13878E+04  0.61437E-04  0.28172E-05  0.47789E+03  0.16013E+01  0.00000E+00    133  0.00000E+00      0.000
      50.0074 -0.23000E+00  0.00000E+00 -0.23000E+00  0.00000E+00 -0.15066E-02 -0.16017E+01  0.00000E+00 -0.16017E+01  0.00000E+00 -0.60656E-01 -0.18635E+04  0.00000E+00 -0.13878E+04  0.00000E+00  0.28172E-05  0.47789E+03  0.16017E+01  0.00000E+00    134  0.00000E+00      0.000
      50.0098 -0.23000E+00  0.00000E+00 -0.23002E+00  0.00000E+00 -0.14682E-02 -0.16022E+01  0.00000E+00 -0.16022E+01  0.00000E+00 -0.60659E-01 -0.18617E+04  0.00000E+00 -0.13878E+04  0.16138E-04  0.28548E-05  0.47789E+03  0.16022E+01  0.00000E+00    135  0.00000E+00      0.000
      50.0128 -0.23000E+00  0.00000E+00 -0.23004E+00  0.00000E+00 -0.14879E-02 -0.16029E+01  0.00000E+00 -0.16029E+01  0.00000E+00 -0.60664E-01 -0.18594E+04  0.00000E+00 -0.13878E+04  0.37000E-04  0.29669E-05  0.47789E+03  0.16029E+01  0.00000E+00    136  0.00000E+00      0.000
      50.0167 -0.23000E+00  0.00000E+00 -0.23001E+00  0.00000E+00 -0.14917E-02 -0.16038E+01  0.00000E+00 -0.16038E+01  0.00000E+00 -0.60669E-01 -0.18563E+04  0.00000E+00 -0.13878E+04  0.12994E-04  0.30180E-05  0.47789E+03  0.16038E+01  0.00000E+00    137  0.00000E+00      0.000
      50.0218 -0.23000E+00  0.00000E+00 -0.22999E+00  0.00000E+00 -0.14858E-02 -0.16050E+01  0.00000E+00 -0.16050E+01  0.00000E+00 -0.60677E-01 -0.18524E+04  0.00000E+00 -0.13878E+04  0.00000E+00  0.30180E-05  0.47789E+03  0.16050E+01  0.00000E+00    138  0.00000E+00      0.000
      50.0285 -0.23000E+00  0.00000E+00 -0.22999E+00  0.00000E+00 -0.14747E-02 -0.16066E+01  0.00000E+00 -0.16066E+01  0.00000E+00 -0.60687E-01 -0.18474E+04  0.00000E+00 -0.13878E+04  0.11086E-04  0.30918E-05  0.47789E+03  0.16066E+01  0.00000E+00    139  0.00000E+00      0.000
      50.0372 -0.23000E+00  0.00000E+00 -0.22999E+00  0.00000E+00 -0.14952E-02 -0.16085E+01  0.00000E+00 -0.16085E+01  0.00000E+00 -0.60700E-01 -0.18408E+04  0.00000E+00 -0.13878E+04  0.14931E-04  0.32209E-05  0.47789E+03  0.16085E+01  0.00000E+00    140  0.00000E+00      0.000
      50.0484 -0.23000E+00  0.00000E+00 -0.23000E+00  0.00000E+00 -0.14861E-02 -0.16111E+01  0.00000E+00 -0.16111E+01  0.00000E+00 -0.60717E-01 -0.18323E+04  0.00000E+00 -0.13878E+04  0.00000E+00  0.32209E-05  0.47790E+03  0.16111E+01  0.00000E+00    141  0.00000E+00      0.000
      50.0630 -0.23000E+00  0.00000E+00 -0.23000E+00  0.00000E+00 -0.14830E-02 -0.16145E+01  0.00000E+00 -0.16145E+01  0.00000E+00 -0.60738E-01 -0.18214E+04  0.00000E+00 -0.13878E+04  0.00000E+00  0.32209E-05  0.47790E+03  0.16145E+01  0.00000E+00    142  0.00000E+00      0.000
      50.0820 -0.23000E+00  0.00000E+00 -0.23000E+00  0.00000E+00 -0.14815E-02 -0.16189E+01  0.00000E+00 -0.16189E+01  0.00000E+00 -0.60766E-01 -0.18073E+04  0.00000E+00 -0.13878E+04  0.00000E+00  0.32209E-05  0.47790E+03  0.16189E+01  0.00000E+00    143  0.00000E+00      0.000
      50.1067 -0.23000E+00  0.00000E+00 -0.23000E+00  0.00000E+00 -0.14850E-02 -0.16245E+01  0.00000E+00 -0.16245E+01  0.00000E+00 -0.60803E-01 -0.17892E+04  0.00000E+00 -0.13878E+04  0.00000E+00  0.32209E-05  0.47791E+03  0.16245E+01  0.00000E+00    144  0.00000E+00      0.000
      50.1388 -0.23000E+00  0.00000E+00 -0.23000E+00  0.00000E+00 -0.14842E-02 -0.16319E+01  0.00000E+00 -0.16319E+01  0.00000E+00 -0.60851E-01 -0.17661E+04  0.00000E+00 -0.13878E+04  0.00000E+00  0.32209E-05  0.47792E+03  0.16319E+01  0.00000E+00    145  0.00000E+00      0.000
      50.1806 -0.23000E+00  0.00000E+00 -0.23000E+00  0.00000E+00 -0.14866E-02 -0.16415E+01  0.00000E+00 -0.16415E+01  0.00000E+00 -0.60913E-01 -0.17367E+04  0.00000E+00 -0.13879E+04  0.00000E+00  0.32209E-05  0.47793E+03  0.16415E+01  0.00000E+00    146  0.00000E+00      0.000
      50.2349 -0.23000E+00  0.00000E+00 -0.23000E+00  0.00000E+00 -0.14860E-02 -0.16540E+01  0.00000E+00 -0.16540E+01  0.00000E+00 -0.60993E-01 -0.16995E+04  0.00000E+00 -0.13879E+04  0.00000E+00  0.32209E-05  0.47794E+03  0.16540E+01  0.00000E+00    147  0.00000E+00      0.000
      50.3054 -0.23000E+00  0.00000E+00 -0.23000E+00  0.00000E+00 -0.14842E-02 -0.16703E+01  0.00000E+00 -0.16703E+01  0.00000E+00 -0.61098E-01 -0.16530E+04  0.00000E+00 -0.13879E+04  0.00000E+00  0.32209E-05  0.47795E+03  0.16703E+01  0.00000E+00    148  0.00000E+00      0.000
      50.3972 -0.23000E+00  0.00000E+00 -0.23000E+00  0.00000E+00 -0.14852E-02 -0.16914E+01  0.00000E+00 -0.16914E+01  0.00000E+00 -0.61234E-01 -0.15955E+04  0.00000E+00 -0.13880E+04  0.00000E+00  0.32209E-05  0.47798E+03  0.16914E+01  0.00000E+00    149  0.00000E+00      0.000
      50.5164 -0.23000E+00  0.00000E+00 -0.23000E+00  0.00000E+00 -0.14844E-02 -0.17188E+01  0.00000E+00 -0.17188E+01  0.00000E+00 -0.61411E-01 -0.15255E+04  0.00000E+00 -0.13880E+04  0.00000E+00  0.32209E-05  0.47800E+03  0.17188E+01  0.00000E+00    150  0.00000E+00      0.000
      50.6715 -0.23000E+00  0.00000E+00 -0.23000E+00  0.00000E+00 -0.14840E-02 -0.17544E+01  0.00000E+00 -0.17544E+01  0.00000E+00 -0.61642E-01 -0.14631E+04  0.00000E+00 -0.13881E+04  0.00000E+00  0.32209E-05  0.47804E+03  0.17544E+01  0.00000E+00    151  0.00000E+00      0.000
      50.8730 -0.23000E+00  0.00000E+00 -0.23000E+00  0.00000E+00 -0.14837E-02 -0.18008E+01  0.00000E+00 -0.18008E+01  0.00000E+00 -0.61941E-01 -0.13879E+04  0.00000E+00 -0.13882E+04  0.00000E+00  0.32209E-05  0.47808E+03  0.18008E+01  0.00000E+00    152  0.00000E+00      0.000
      51.1350 -0.23000E+00  0.00000E+00 -0.23000E+00  0.00000E+00 -0.14838E-02 -0.18610E+01  0.00000E+00 -0.18610E+01  0.00000E+00 -0.62329E-01 -0.13093E+04  0.00000E+00 -0.13883E+04  0.00000E+00  0.32209E-05  0.47814E+03  0.18610E+01  0.00000E+00    153  0.00000E+00      0.000
      51.4756 -0.23000E+00  0.00000E+00 -0.23000E+00  0.00000E+00 -0.14835E-02 -0.19394E+01  0.00000E+00 -0.19394E+01  0.00000E+00 -0.62835E-01 -0.12234E+04  0.00000E+00 -0.13885E+04  0.00000E+00  0.32209E-05  0.47822E+03  0.19394E+01  0.00000E+00    154  0.00000E+00      0.000
      51.9184 -0.23000E+00  0.00000E+00 -0.23000E+00  0.00000E+00 -0.14829E-02 -0.20412E+01  0.00000E+00 -0.20412E+01  0.00000E+00 -0.63491E-01 -0.11489E+04  0.00000E+00 -0.13887E+04  0.00000E+00  0.32209E-05  0.47832E+03  0.20412E+01  0.00000E+00    155  0.00000E+00      0.000
      52.4940 -0.23000E+00  0.00000E+00 -0.23000E+00  0.00000E+00 -0.14819E-02 -0.21736E+01  0.00000E+00 -0.21736E+01  0.00000E+00 -0.64344E-01 -0.10793E+04  0.00000E+00 -0.13889E+04  0.00000E+00  0.32209E-05  0.47845E+03  0.21736E+01  0.00000E+00    156  0.00000E+00      0.000
      53.2446 -0.23000E+00  0.00000E+00 -0.23000E+00  0.00000E+00 -0.14811E-02 -0.23463E+01  0.00000E+00 -0.23463E+01  0.00000E+00 -0.65456E-01 -0.10039E+04  0.00000E+00 -0.13893E+04  0.00000E+00  0.32209E-05  0.47863E+03  0.23463E+01  0.00000E+00    157  0.00000E+00      0.000
      54.2096 -0.23000E+00  0.00000E+00 -0.23000E+00  0.00000E+00 -0.14799E-02 -0.25682E+01  0.00000E+00 -0.25682E+01  0.00000E+00 -0.66884E-01 -0.92732E+03  0.00000E+00 -0.13897E+04  0.00000E+00  0.32209E-05  0.47885E+03  0.25682E+01  0.00000E+00    158  0.00000E+00      0.000
      55.3677 -0.23000E+00  0.00000E+00 -0.23000E+00  0.00000E+00 -0.14785E-02 -0.28346E+01  0.00000E+00 -0.28346E+01  0.00000E+00 -0.68596E-01 -0.86742E+03  0.00000E+00 -0.13902E+04  0.00000E+00  0.32209E-05  0.47911E+03  0.28346E+01  0.00000E+00    159  0.00000E+00      0.000
      56.5258 -0.23000E+00  0.00000E+00 -0.23000E+00  0.00000E+00 -0.14771E-02 -0.31009E+01  0.00000E+00 -0.31009E+01  0.00000E+00 -0.70307E-01 -0.81290E+03  0.00000E+00 -0.13907E+04  0.00000E+00  0.32209E-05  0.47938E+03  0.31009E+01  0.00000E+00    160  0.00000E+00      0.000
      58.2629 -0.23000E+00  0.00000E+00 -0.23000E+00  0.00000E+00 -0.14751E-02 -0.35005E+01  0.00000E+00 -0.35005E+01  0.00000E+00 -0.72869E-01 -0.74588E+03  0.00000E+00 -0.13915E+04  0.00000E+00  0.32209E-05  0.47977E+03  0.35005E+01  0.00000E+00    161  0.00000E+00      0.000
      60.0000 -0.23000E+00  0.00000E+00 -0.23000E+00  0.00000E+00 -0.14731E-02 -0.39000E+01  0.00000E+00 -0.39000E+01  0.00000E+00 -0.75428E-01 -0.69743E+03  0.00000E+00 -0.13922E+04  0.00000E+00  0.32209E-05  0.48017E+03  0.39000E+01  0.00000E+00    162  0.00000E+00      0.000
      61.6667 -0.27000E+00  0.00000E+00 -0.27000E+00  0.00000E+00 -0.14713E-02 -0.43500E+01  0.00000E+00 -0.43500E+01  0.00000E+00 -0.77881E-01 -0.62248E+03  0.00000E+00 -0.13929E+04  0.00000E+00  0.32209E-05  0.48062E+03  0.43500E+01  0.00000E+00    163  0.00000E+00      0.000
      63.7500 -0.27000E+00  0.00000E+00 -0.27000E+00  0.00000E+00 -0.14690E-02 -0.49125E+01  0.00000E+00 -0.49125E+01  0.00000E+00 -0.80941E-01 -0.56633E+03  0.00000E+00 -0.13938E+04  0.00000E+00  0.32209E-05  0.48118E+03  0.49125E+01  0.00000E+00    164  0.00000E+00      0.000
      65.8333 -0.27000E+00  0.00000E+00 -0.27000E+00  0.00000E+00 -0.14668E-02 -0.54750E+01  0.00000E+00 -0.54750E+01  0.00000E+00 -0.83997E-01 -0.52679E+03  0.00000E+00 -0.13946E+04  0.00000E+00  0.32209E-05  0.48174E+03  0.54750E+01  0.00000E+00    165  0.00000E+00      0.000
      67.9167 -0.27000E+00  0.00000E+00 -0.27000E+00  0.00000E+00 -0.14646E-02 -0.60375E+01  0.00000E+00 -0.60375E+01  0.00000E+00 -0.87048E-01 -0.49069E+03  0.00000E+00 -0.13954E+04  0.00000E+00  0.32209E-05  0.48230E+03  0.60375E+01  0.00000E+00    166  0.00000E+00      0.000
      70.0000 -0.27000E+00  0.00000E+00 -0.27000E+00  0.00000E+00 -0.14625E-02 -0.66000E+01  0.00000E+00 -0.66000E+01  0.00000E+00 -0.90095E-01 -0.46025E+03  0.00000E+00 -0.13963E+04  0.00000E+00  0.32209E-05  0.48286E+03  0.66000E+01  0.00000E+00    167  0.00000E+00      0.000
      70.0001 -0.20000E-01  0.00000E+00 -0.21302E-01  0.00000E+00 -0.13454E-02 -0.66000E+01  0.00000E+00 -0.66000E+01  0.00000E+00 -0.90095E-01 -0.46020E+03  0.00000E+00 -0.13963E+04  0.13015E-02  0.33511E-05  0.48286E+03  0.66000E+01  0.00000E+00    168  0.00000E+00      0.000
      70.0002 -0.20000E-01  0.00000E+00 -0.20244E-01  0.00000E+00 -0.13454E-02 -0.66000E+01  0.00000E+00 -0.66000E+01  0.00000E+00 -0.90095E-01 -0.46025E+03  0.00000E+00 -0.13963E+04  0.24394E-03  0.33828E-05  0.48286E+03  0.66000E+01  0.00000E+00    169  0.00000E+00      0.000
      70.0004 -0.20000E-01  0.00000E+00 -0.20155E-01  0.00000E+00 -0.13454E-02 -0.66000E+01  0.00000E+00 -0.66000E+01  0.00000E+00 -0.90095E-01 -0.46028E+03  0.00000E+00 -0.13963E+04  0.15516E-03  0.34090E-05  0.48286E+03  0.66000E+01  0.00000E+00    170  0.00000E+00      0.000
      70.0006 -0.20000E-01  0.00000E+00 -0.20210E-01  0.00000E+00 -0.13454E-02 -0.66000E+01  0.00000E+00 -0.66000E+01  0.00000E+00 -0.90096E-01 -0.46034E+03  0.00000E+00 -0.13963E+04  0.21022E-03  0.34552E-05  0.48286E+03  0.66000E+01  0.00000E+00    171  0.00000E+00      0.000
      70.0009 -0.20000E-01  0.00000E+00 -0.20249E-01  0.00000E+00 -0.13454E-02 -0.66000E+01  0.00000E+00 -0.66000E+01  0.00000E+00 -0.90096E-01 -0.46041E+03  0.00000E+00 -0.13963E+04  0.24905E-03  0.35264E-05  0.48286E+03  0.66000E+01  0.00000E+00    172  0.00000E+00      0.000
      70.0013 -0.20000E-01  0.00000E+00 -0.19817E-01  0.00000E+00 -0.13454E-02 -0.66000E+01  0.00000E+00 -0.66000E+01  0.00000E+00 -0.90097E-01 -0.46050E+03  0.00000E+00 -0.13963E+04  0.18312E-03  0.35943E-05  0.48286E+03  0.66000E+01  0.00000E+00    173  0.00000E+00      0.000
      70.0018 -0.20000E-01  0.00000E+00 -0.20226E-01  0.00000E+00 -0.13454E-02 -0.66000E+01  0.00000E+00 -0.66000E+01  0.00000E+00 -0.90097E-01 -0.46062E+03  0.00000E+00 -0.13963E+04  0.22588E-03  0.37034E-05  0.48286E+03  0.66000E+01  0.00000E+00    174  0.00000E+00      0.000
      70.0024 -0.20000E-01  0.00000E+00 -0.19929E-01  0.00000E+00 -0.15829E-02 -0.66000E+01  0.00000E+00 -0.66000E+01  0.00000E+00 -0.90098E-01 -0.46078E+03  0.00000E+00 -0.13963E+04  0.70933E-04  0.37479E-05  0.48286E+03  0.66000E+01  0.00000E+00    175  0.00000E+00      0.000
      70.0032 -0.20000E-01  0.00000E+00 -0.19912E-01  0.00000E+00 -0.15280E-02 -0.66001E+01  0.00000E+00 -0.66001E+01  0.00000E+00 -0.90099E-01 -0.46098E+03  0.00000E+00 -0.13963E+04  0.87980E-04  0.38197E-05  0.48286E+03  0.66001E+01  0.00000E+00    176  0.00000E+00      0.000
      70.0043 -0.20000E-01  0.00000E+00 -0.19911E-01  0.00000E+00 -0.14859E-02 -0.66001E+01  0.00000E+00 -0.66001E+01  0.00000E+00 -0.90101E-01 -0.46124E+03  0.00000E+00 -0.13963E+04  0.89440E-04  0.39145E-05  0.48286E+03  0.66001E+01  0.00000E+00    177  0.00000E+00      0.000
      70.0056 -0.20000E-01  0.00000E+00 -0.19960E-01  0.00000E+00 -0.14535E-02 -0.66001E+01  0.00000E+00 -0.66001E+01  0.00000E+00 -0.90103E-01 -0.46158E+03  0.00000E+00 -0.13963E+04  0.39596E-04  0.39691E-05  0.48286E+03  0.66001E+01  0.00000E+00    178  0.00000E+00      0.000
      70.0074 -0.20000E-01  0.00000E+00 -0.19924E-01  0.00000E+00 -0.15117E-02 -0.66001E+01  0.00000E+00 -0.66001E+01  0.00000E+00 -0.90106E-01 -0.46202E+03  0.00000E+00 -0.13963E+04  0.76372E-04  0.41060E-05  0.48286E+03  0.66001E+01  0.00000E+00    179  0.00000E+00      0.000
      70.0098 -0.20000E-01  0.00000E+00 -0.20009E-01  0.00000E+00 -0.14734E-02 -0.66002E+01  0.00000E+00 -0.66002E+01  0.00000E+00 -0.90109E-01 -0.46259E+03  0.00000E+00 -0.13963E+04  0.00000E+00  0.41060E-05  0.48286E+03  0.66002E+01  0.00000E+00    180  0.00000E+00      0.000
      70.0128 -0.20000E-01  0.00000E+00 -0.20014E-01  0.00000E+00 -0.14438E-02 -0.66003E+01  0.00000E+00 -0.66003E+01  0.00000E+00 -0.90114E-01 -0.46332E+03  0.00000E+00 -0.13963E+04  0.13884E-04  0.41480E-05  0.48286E+03  0.66003E+01  0.00000E+00    181  0.00000E+00      0.000
      70.0167 -0.20000E-01  0.00000E+00 -0.19966E-01  0.00000E+00 -0.14589E-02 -0.66003E+01  0.00000E+00 -0.66003E+01  0.00000E+00 -0.90119E-01 -0.46427E+03  0.00000E+00 -0.13963E+04  0.33755E-04  0.42809E-05  0.48286E+03  0.66003E+01  0.00000E+00    182  0.00000E+00      0.000
      70.0218 -0.20000E-01  0.00000E+00 -0.20030E-01  0.00000E+00 -0.14618E-02 -0.66004E+01  0.00000E+00 -0.66004E+01  0.00000E+00 -0.90127E-01 -0.46547E+03  0.00000E+00 -0.13963E+04  0.29724E-04  0.44331E-05  0.48286E+03  0.66004E+01  0.00000E+00    183  0.00000E+00      0.000
      70.0285 -0.20000E-01  0.00000E+00 -0.20023E-01  0.00000E+00 -0.14574E-02 -0.66006E+01  0.00000E+00 -0.66006E+01  0.00000E+00 -0.90137E-01 -0.46701E+03  0.00000E+00 -0.13963E+04  0.22855E-04  0.45851E-05  0.48286E+03  0.66006E+01  0.00000E+00    184  0.00000E+00      0.000
      70.0372 -0.20000E-01  0.00000E+00 -0.20005E-01  0.00000E+00 -0.14660E-02 -0.66007E+01  0.00000E+00 -0.66007E+01  0.00000E+00 -0.90149E-01 -0.46896E+03  0.00000E+00 -0.13963E+04  0.00000E+00  0.45851E-05  0.48286E+03  0.66007E+01  0.00000E+00    185  0.00000E+00      0.000
      70.0484 -0.20000E-01  0.00000E+00 -0.19996E-01  0.00000E+00 -0.14646E-02 -0.66010E+01  0.00000E+00 -0.66010E+01  0.00000E+00 -0.90166E-01 -0.47143E+03  0.00000E+00 -0.13963E+04  0.00000E+00  0.45851E-05  0.48286E+03  0.66010E+01  0.00000E+00    186  0.00000E+00      0.000
      70.0630 -0.20000E-01  0.00000E+00 -0.19995E-01  0.00000E+00 -0.14677E-02 -0.66013E+01  0.00000E+00 -0.66013E+01  0.00000E+00 -0.90187E-01 -0.47451E+03  0.00000E+00 -0.13963E+04  0.00000E+00  0.45851E-05  0.48286E+03  0.66013E+01  0.00000E+00    187  0.00000E+00      0.000
      70.0820 -0.20000E-01  0.00000E+00 -0.19994E-01  0.00000E+00 -0.14631E-02 -0.66016E+01  0.00000E+00 -0.66016E+01  0.00000E+00 -0.90215E-01 -0.47909E+03  0.00000E+00 -0.13963E+04  0.00000E+00  0.45851E-05  0.48286E+03  0.66016E+01  0.00000E+00    188  0.00000E+00      0.000
      70.1067 -0.20000E-01  0.00000E+00 -0.20000E-01  0.00000E+00 -0.14600E-02 -0.66021E+01  0.00000E+00 -0.66021E+01  0.00000E+00 -0.90251E-01 -0.48471E+03  0.00000E+00 -0.13963E+04  0.00000E+00  0.45851E-05  0.48286E+03  0.66021E+01  0.00000E+00    189  0.00000E+00      0.000
      70.1388 -0.20000E-01  0.00000E+00 -0.20000E-01  0.00000E+00 -0.14614E-02 -0.66028E+01  0.00000E+00 -0.66028E+01  0.00000E+00 -0.90298E-01 -0.49159E+03  0.00000E+00 -0.13963E+04  0.00000E+00  0.45851E-05  0.48286E+03  0.66028E+01  0.00000E+00    190  0.00000E+00      0.000
      70.1806 -0.20000E-01  0.00000E+00 -0.20001E-01  0.00000E+00 -0.14632E-02 -0.66036E+01  0.00000E+00 -0.66036E+01  0.00000E+00 -0.90359E-01 -0.49977E+03  0.00000E+00 -0.13963E+04  0.00000E+00  0.45851E-05  0.48286E+03  0.66036E+01  0.00000E+00    191  0.00000E+00      0.000
      70.2349 -0.20000E-01  0.00000E+00 -0.20001E-01  0.00000E+00 -0.14635E-02 -0.66047E+01  0.00000E+00 -0.66047E+01  0.00000E+00 -0.90438E-01 -0.50939E+03  0.00000E+00 -0.13963E+04  0.00000E+00  0.45851E-05  0.48286E+03  0.66047E+01  0.00000E+00    192  0.00000E+00      0.000
      70.3054 -0.20000E-01  0.00000E+00 -0.19999E-01  0.00000E+00 -0.14615E-02 -0.66061E+01  0.00000E+00 -0.66061E+01  0.00000E+00 -0.90542E-01 -0.52050E+03  0.00000E+00 -0.13964E+04  0.00000E+00  0.45851E-05  0.48286E+03  0.66061E+01  0.00000E+00    193  0.00000E+00      0.000
      70.3972 -0.20000E-01  0.00000E+00 -0.19999E-01  0.00000E+00 -0.14624E-02 -0.66079E+01  0.00000E+00 -0.66079E+01  0.00000E+00 -0.90676E-01 -0.53313E+03  0.00000E+00 -0.13964E+04  0.00000E+00  0.45851E-05  0.48286E+03  0.66079E+01  0.00000E+00    194  0.00000E+00      0.000
      70.5164 -0.20000E-01  0.00000E+00 -0.20000E-01  0.00000E+00 -0.14617E-02 -0.66103E+01  0.00000E+00 -0.66103E+01  0.00000E+00 -0.90850E-01 -0.54733E+03  0.00000E+00 -0.13965E+04  0.00000E+00  0.45851E-05  0.48286E+03  0.66103E+01  0.00000E+00    195  0.00000E+00      0.000
      70.6715 -0.20000E-01  0.00000E+00 -0.20000E-01  0.00000E+00 -0.14618E-02 -0.66134E+01  0.00000E+00 -0.66134E+01  0.00000E+00 -0.91077E-01 -0.56309E+03  0.00000E+00 -0.13965E+04  0.00000E+00  0.45851E-05  0.48287E+03  0.66134E+01  0.00000E+00    196  0.00000E+00      0.000
      70.8730 -0.20000E-01  0.00000E+00 -0.20000E-01  0.00000E+00 -0.14615E-02 -0.66175E+01  0.00000E+00 -0.66175E+01  0.00000E+00 -0.91371E-01 -0.58044E+03  0.00000E+00 -0.13966E+04  0.00000E+00  0.45851E-05  0.48287E+03  0.66175E+01  0.00000E+00    197  0.00000E+00      0.000
      71.1350 -0.20000E-01  0.00000E+00 -0.20001E-01  0.00000E+00 -0.14614E-02 -0.66227E+01  0.00000E+00 -0.66227E+01  0.00000E+00 -0.91754E-01 -0.59952E+03  0.00000E+00 -0.13967E+04  0.00000E+00  0.45851E-05  0.48288E+03  0.66227E+01  0.00000E+00    198  0.00000E+00      0.000
      71.4756 -0.20000E-01  0.00000E+00 -0.20000E-01  0.00000E+00 -0.14609E-02 -0.66295E+01  0.00000E+00 -0.66295E+01  0.00000E+00 -0.92252E-01 -0.62414E+03  0.00000E+00 -0.13968E+04  0.00000E+00  0.45851E-05  0.48288E+03  0.66295E+01  0.00000E+00    199  0.00000E+00      0.000
      71.9184 -0.20000E-01  0.00000E+00 -0.20000E-01  0.00000E+00 -0.14605E-02 -0.66384E+01  0.00000E+00 -0.66384E+01  0.00000E+00 -0.92898E-01 -0.64929E+03  0.00000E+00 -0.13970E+04  0.00000E+00  0.45851E-05  0.48289E+03  0.66384E+01  0.00000E+00    200  0.00000E+00      0.000
      72.4940 -0.20000E-01  0.00000E+00 -0.20000E-01  0.00000E+00 -0.14600E-02 -0.66499E+01  0.00000E+00 -0.66499E+01  0.00000E+00 -0.93739E-01 -0.67638E+03  0.00000E+00 -0.13972E+04  0.00000E+00  0.45851E-05  0.48290E+03  0.66499E+01  0.00000E+00    201  0.00000E+00      0.000
      73.2446 -0.20000E-01  0.00000E+00 -0.20000E-01  0.00000E+00 -0.14593E-02 -0.66649E+01  0.00000E+00 -0.66649E+01  0.00000E+00 -0.94834E-01 -0.70460E+03  0.00000E+00 -0.13975E+04  0.00000E+00  0.45851E-05  0.48292E+03  0.66649E+01  0.00000E+00    202  0.00000E+00      0.000
      74.2096 -0.20000E-01  0.00000E+00 -0.20000E-01  0.00000E+00 -0.14582E-02 -0.66842E+01  0.00000E+00 -0.66842E+01  0.00000E+00 -0.96241E-01 -0.73637E+03  0.00000E+00 -0.13978E+04  0.00000E+00  0.45851E-05  0.48293E+03  0.66842E+01  0.00000E+00    203  0.00000E+00      0.000
      75.3677 -0.20000E-01  0.00000E+00 -0.20000E-01  0.00000E+00 -0.14570E-02 -0.67074E+01  0.00000E+00 -0.67074E+01  0.00000E+00 -0.97929E-01 -0.77004E+03  0.00000E+00 -0.13983E+04  0.00000E+00  0.45851E-05  0.48295E+03  0.67074E+01  0.00000E+00    204  0.00000E+00      0.000
      76.9118 -0.20000E-01  0.00000E+00 -0.20000E-01  0.00000E+00 -0.14556E-02 -0.67382E+01  0.00000E+00 -0.67382E+01  0.00000E+00 -0.10018E+00 -0.80851E+03  0.00000E+00 -0.13988E+04  0.00000E+00  0.45851E-05  0.48298E+03  0.67382E+01  0.00000E+00    205  0.00000E+00      0.000
      80.0000 -0.20000E-01  0.00000E+00 -0.20000E-01  0.00000E+00 -0.14526E-02 -0.68000E+01  0.00000E+00 -0.68000E+01  0.00000E+00 -0.10466E+00 -0.86422E+03  0.00000E+00 -0.13999E+04  0.00000E+00  0.45851E-05  0.48304E+03  0.68000E+01  0.00000E+00    206  0.00000E+00      0.000
      82.5000 -0.20000E-01  0.00000E+00 -0.20000E-01  0.00000E+00 -0.14502E-02 -0.68500E+01  0.00000E+00 -0.68500E+01  0.00000E+00 -0.10829E+00 -0.89787E+03  0.00000E+00 -0.14008E+04  0.00000E+00  0.45851E-05  0.48309E+03  0.68500E+01  0.00000E+00    207  0.00000E+00      0.000
      86.2500 -0.20000E-01  0.00000E+00 -0.20000E-01  0.00000E+00 -0.14469E-02 -0.69250E+01  0.00000E+00 -0.69250E+01  0.00000E+00 -0.11371E+00 -0.94195E+03  0.00000E+00 -0.14021E+04  0.00000E+00  0.45851E-05  0.48316E+03  0.69250E+01  0.00000E+00    208  0.00000E+00      0.000
      90.0000 -0.20000E-01  0.00000E+00 -0.20000E-01  0.00000E+00 -0.14435E-02 -0.70000E+01  0.00000E+00 -0.70000E+01  0.00000E+00 -0.11913E+00 -0.97808E+03  0.00000E+00 -0.14033E+04  0.00000E+00  0.45851E-05  0.48323E+03  0.70000E+01  0.00000E+00    209  0.00000E+00      0.000
      90.0001 -0.10000E-01  0.00000E+00 -0.94891E-02  0.00000E+00 -0.13426E-02 -0.70000E+01  0.00000E+00 -0.70000E+01  0.00000E+00 -0.11913E+00 -0.97884E+03  0.00000E+00 -0.14034E+04  0.51091E-03  0.46362E-05  0.48323E+03  0.70000E+01  0.00000E+00    210  0.00000E+00      0.000
      90.0002 -0.10000E-01  0.00000E+00 -0.10592E-01  0.00000E+00 -0.13426E-02 -0.70000E+01  0.00000E+00 -0.70000E+01  0.00000E+00 -0.11913E+00 -0.97872E+03  0.00000E+00 -0.14034E+04  0.59176E-03  0.47132E-05  0.48323E+03  0.70000E+01  0.00000E+00    211  0.00000E+00      0.000
      90.0004 -0.10000E-01  0.00000E+00 -0.10271E-01  0.00000E+00 -0.13426E-02 -0.70000E+01  0.00000E+00 -0.70000E+01  0.00000E+00 -0.11913E+00 -0.97882E+03  0.00000E+00 -0.14034E+04  0.27106E-03  0.47590E-05  0.48323E+03  0.70000E+01  0.00000E+00    212  0.00000E+00      0.000
      90.0006 -0.10000E-01  0.00000E+00 -0.94413E-02  0.00000E+00 -0.13425E-02 -0.70000E+01  0.00000E+00 -0.70000E+01  0.00000E+00 -0.11913E+00 -0.97880E+03  0.00000E+00 -0.14034E+04  0.55866E-03  0.48817E-05  0.48323E+03  0.70000E+01  0.00000E+00    213  0.00000E+00      0.000
      90.0009 -0.10000E-01  0.00000E+00 -0.97582E-02  0.00000E+00 -0.13426E-02 -0.70000E+01  0.00000E+00 -0.70000E+01  0.00000E+00 -0.11913E+00 -0.97883E+03  0.00000E+00 -0.14034E+04  0.24176E-03  0.49508E-05  0.48323E+03  0.70000E+01  0.00000E+00    214  0.00000E+00      0.000
      90.0013 -0.10000E-01  0.00000E+00 -0.99116E-02  0.00000E+00 -0.13426E-02 -0.70000E+01  0.00000E+00 -0.70000E+01  0.00000E+00 -0.11913E+00 -0.97883E+03  0.00000E+00 -0.14034E+04  0.88437E-04  0.49836E-05  0.48323E+03  0.70000E+01  0.00000E+00    215  0.00000E+00      0.000
      90.0018 -0.10000E-01  0.00000E+00 -0.10155E-01  0.00000E+00 -0.13426E-02 -0.70000E+01  0.00000E+00 -0.70000E+01  0.00000E+00 -0.11913E+00 -0.97885E+03  0.00000E+00 -0.14034E+04  0.15456E-03  0.50582E-05  0.48323E+03  0.70000E+01  0.00000E+00    216  0.00000E+00      0.000
      90.0024 -0.10000E-01  0.00000E+00 -0.10100E-01  0.00000E+00 -0.13426E-02 -0.70000E+01  0.00000E+00 -0.70000E+01  0.00000E+00 -0.11913E+00 -0.97888E+03  0.00000E+00 -0.14034E+04  0.99974E-04  0.51209E-05  0.48323E+03  0.70000E+01  0.00000E+00    217  0.00000E+00      0.000
      90.0032 -0.10000E-01  0.00000E+00 -0.10091E-01  0.00000E+00 -0.15252E-02 -0.70000E+01  0.00000E+00 -0.70000E+01  0.00000E+00 -0.11913E+00 -0.97891E+03  0.00000E+00 -0.14034E+04  0.90946E-04  0.51951E-05  0.48323E+03  0.70000E+01  0.00000E+00    218  0.00000E+00      0.000
      90.0043 -0.10000E-01  0.00000E+00 -0.99952E-02  0.00000E+00 -0.14832E-02 -0.70000E+01  0.00000E+00 -0.70000E+01  0.00000E+00 -0.11913E+00 -0.97894E+03  0.00000E+00 -0.14034E+04  0.00000E+00  0.51951E-05  0.48323E+03  0.70000E+01  0.00000E+00    219  0.00000E+00      0.000
      90.0056 -0.10000E-01  0.00000E+00 -0.10045E-01  0.00000E+00 -0.14507E-02 -0.70001E+01  0.00000E+00 -0.70001E+01  0.00000E+00 -0.11913E+00 -0.97899E+03  0.00000E+00 -0.14034E+04  0.44533E-04  0.52565E-05  0.48323E+03  0.70001E+01  0.00000E+00    220  0.00000E+00      0.000
      90.0074 -0.10000E-01  0.00000E+00 -0.99918E-02  0.00000E+00 -0.14258E-02 -0.70001E+01  0.00000E+00 -0.70001E+01  0.00000E+00 -0.11914E+00 -0.97906E+03  0.00000E+00 -0.14034E+04  0.00000E+00  0.52565E-05  0.48323E+03  0.70001E+01  0.00000E+00    221  0.00000E+00      0.000
      90.0098 -0.10000E-01  0.00000E+00 -0.99405E-02  0.00000E+00 -0.14705E-02 -0.70001E+01  0.00000E+00 -0.70001E+01  0.00000E+00 -0.11914E+00 -0.97914E+03  0.00000E+00 -0.14034E+04  0.59480E-04  0.53951E-05  0.48323E+03  0.70001E+01  0.00000E+00    222  0.00000E+00      0.000
      90.0128 -0.10000E-01  0.00000E+00 -0.99666E-02  0.00000E+00 -0.14412E-02 -0.70001E+01  0.00000E+00 -0.70001E+01  0.00000E+00 -0.11914E+00 -0.97925E+03  0.00000E+00 -0.14034E+04  0.33371E-04  0.54962E-05  0.48323E+03  0.70001E+01  0.00000E+00    223  0.00000E+00      0.000
      90.0167 -0.10000E-01  0.00000E+00 -0.10038E-01  0.00000E+00 -0.14562E-02 -0.70002E+01  0.00000E+00 -0.70002E+01  0.00000E+00 -0.11915E+00 -0.97939E+03  0.00000E+00 -0.14034E+04  0.37513E-04  0.56439E-05  0.48323E+03  0.70002E+01  0.00000E+00    224  0.00000E+00      0.000
      90.0218 -0.10000E-01  0.00000E+00 -0.99885E-02  0.00000E+00 -0.14300E-02 -0.70002E+01  0.00000E+00 -0.70002E+01  0.00000E+00 -0.11916E+00 -0.97957E+03  0.00000E+00 -0.14034E+04  0.11547E-04  0.57030E-05  0.48323E+03  0.70002E+01  0.00000E+00    225  0.00000E+00      0.000
      90.0285 -0.10000E-01  0.00000E+00 -0.10003E-01  0.00000E+00 -0.14545E-02 -0.70003E+01  0.00000E+00 -0.70003E+01  0.00000E+00 -0.11917E+00 -0.97981E+03  0.00000E+00 -0.14034E+04  0.00000E+00  0.57030E-05  0.48323E+03  0.70003E+01  0.00000E+00    226  0.00000E+00      0.000
      90.0372 -0.10000E-01  0.00000E+00 -0.99881E-02  0.00000E+00 -0.14461E-02 -0.70004E+01  0.00000E+00 -0.70004E+01  0.00000E+00 -0.11918E+00 -0.98011E+03  0.00000E+00 -0.14034E+04  0.11907E-04  0.58060E-05  0.48323E+03  0.70004E+01  0.00000E+00    227  0.00000E+00      0.000
      90.0484 -0.10000E-01  0.00000E+00 -0.99992E-02  0.00000E+00 -0.14486E-02 -0.70005E+01  0.00000E+00 -0.70005E+01  0.00000E+00 -0.11920E+00 -0.98051E+03  0.00000E+00 -0.14034E+04  0.00000E+00  0.58060E-05  0.48323E+03  0.70005E+01  0.00000E+00    228  0.00000E+00      0.000
      90.0630 -0.10000E-01  0.00000E+00 -0.99924E-02  0.00000E+00 -0.14446E-02 -0.70006E+01  0.00000E+00 -0.70006E+01  0.00000E+00 -0.11922E+00 -0.98101E+03  0.00000E+00 -0.14034E+04  0.00000E+00  0.58060E-05  0.48323E+03  0.70006E+01  0.00000E+00    229  0.00000E+00      0.000
      90.0820 -0.10000E-01  0.00000E+00 -0.10008E-01  0.00000E+00 -0.14446E-02 -0.70008E+01  0.00000E+00 -0.70008E+01  0.00000E+00 -0.11925E+00 -0.98166E+03  0.00000E+00 -0.14034E+04  0.00000E+00  0.58060E-05  0.48323E+03  0.70008E+01  0.00000E+00    230  0.00000E+00      0.000
      90.1067 -0.10000E-01  0.00000E+00 -0.99988E-02  0.00000E+00 -0.14452E-02 -0.70011E+01  0.00000E+00 -0.70011E+01  0.00000E+00 -0.11928E+00 -0.98249E+03  0.00000E+00 -0.14034E+04  0.00000E+00  0.58060E-05  0.48323E+03  0.70011E+01  0.00000E+00    231  0.00000E+00      0.000
      90.1388 -0.10000E-01  0.00000E+00 -0.10002E-01  0.00000E+00 -0.14446E-02 -0.70014E+01  0.00000E+00 -0.70014E+01  0.00000E+00 -0.11933E+00 -0.98354E+03  0.00000E+00 -0.14034E+04  0.00000E+00  0.58060E-05  0.48323E+03  0.70014E+01  0.00000E+00    232  0.00000E+00      0.000
      90.1806 -0.10000E-01  0.00000E+00 -0.99979E-02  0.00000E+00 -0.14426E-02 -0.70018E+01  0.00000E+00 -0.70018E+01  0.00000E+00 -0.11939E+00 -0.98487E+03  0.00000E+00 -0.14034E+04  0.00000E+00  0.58060E-05  0.48323E+03  0.70018E+01  0.00000E+00    233  0.00000E+00      0.000
      90.2349 -0.10000E-01  0.00000E+00 -0.10000E-01  0.00000E+00 -0.14441E-02 -0.70023E+01  0.00000E+00 -0.70023E+01  0.00000E+00 -0.11947E+00 -0.98654E+03  0.00000E+00 -0.14034E+04  0.00000E+00  0.58060E-05  0.48323E+03  0.70023E+01  0.00000E+00    234  0.00000E+00      0.000
      90.3054 -0.10000E-01  0.00000E+00 -0.10002E-01  0.00000E+00 -0.14440E-02 -0.70031E+01  0.00000E+00 -0.70031E+01  0.00000E+00 -0.11957E+00 -0.98863E+03  0.00000E+00 -0.14035E+04  0.00000E+00  0.58060E-05  0.48323E+03  0.70031E+01  0.00000E+00    235  0.00000E+00      0.000
      90.3972 -0.10000E-01  0.00000E+00 -0.10000E-01  0.00000E+00 -0.14433E-02 -0.70040E+01  0.00000E+00 -0.70040E+01  0.00000E+00 -0.11970E+00 -0.99120E+03  0.00000E+00 -0.14035E+04  0.00000E+00  0.58060E-05  0.48323E+03  0.70040E+01  0.00000E+00    236  0.00000E+00      0.000
      90.5164 -0.10000E-01  0.00000E+00 -0.99988E-02  0.00000E+00 -0.14426E-02 -0.70052E+01  0.00000E+00 -0.70052E+01  0.00000E+00 -0.11987E+00 -0.99434E+03  0.00000E+00 -0.14035E+04  0.00000E+00  0.58060E-05  0.48323E+03  0.70052E+01  0.00000E+00    237  0.00000E+00      0.000
      90.6715 -0.10000E-01  0.00000E+00 -0.10001E-01  0.00000E+00 -0.14426E-02 -0.70067E+01  0.00000E+00 -0.70067E+01  0.00000E+00 -0.12010E+00 -0.99815E+03  0.00000E+00 -0.14036E+04  0.00000E+00  0.58060E-05  0.48323E+03  0.70067E+01  0.00000E+00    238  0.00000E+00      0.000
      90.8730 -0.10000E-01  0.00000E+00 -0.10000E-01  0.00000E+00 -0.14423E-02 -0.70087E+01  0.00000E+00 -0.70087E+01  0.00000E+00 -0.12039E+00 -0.10027E+04  0.00000E+00 -0.14036E+04  0.00000E+00  0.58060E-05  0.48323E+03  0.70087E+01  0.00000E+00    239  0.00000E+00      0.000
      91.1350 -0.10000E-01  0.00000E+00 -0.10000E-01  0.00000E+00 -0.14425E-02 -0.70114E+01  0.00000E+00 -0.70113E+01  0.00000E+00 -0.12076E+00 -0.10082E+04  0.00000E+00 -0.14037E+04  0.00000E+00  0.58060E-05  0.48324E+03  0.70113E+01  0.00000E+00    240  0.00000E+00      0.000
      91.4756 -0.10000E-01  0.00000E+00 -0.99997E-02  0.00000E+00 -0.14421E-02 -0.70148E+01  0.00000E+00 -0.70148E+01  0.00000E+00 -0.12126E+00 -0.10146E+04  0.00000E+00 -0.14038E+04  0.00000E+00  0.58060E-05  0.48324E+03  0.70148E+01  0.00000E+00    241  0.00000E+00      0.000
      91.9184 -0.10000E-01  0.00000E+00 -0.99999E-02  0.00000E+00 -0.14418E-02 -0.70192E+01  0.00000E+00 -0.70192E+01  0.00000E+00 -0.12189E+00 -0.10223E+04  0.00000E+00 -0.14040E+04  0.00000E+00  0.58060E-05  0.48324E+03  0.70192E+01  0.00000E+00    242  0.00000E+00      0.000
      92.4940 -0.10000E-01  0.00000E+00 -0.10000E-01  0.00000E+00 -0.14412E-02 -0.70249E+01  0.00000E+00 -0.70249E+01  0.00000E+00 -0.12272E+00 -0.10313E+04  0.00000E+00 -0.14042E+04  0.00000E+00  0.58060E-05  0.48325E+03  0.70249E+01  0.00000E+00    243  0.00000E+00      0.000
      93.2446 -0.10000E-01  0.00000E+00 -0.99998E-02  0.00000E+00 -0.14407E-02 -0.70324E+01  0.00000E+00 -0.70324E+01  0.00000E+00 -0.12380E+00 -0.10419E+04  0.00000E+00 -0.14044E+04  0.00000E+00  0.58060E-05  0.48325E+03  0.70324E+01  0.00000E+00    244  0.00000E+00      0.000
      94.2096 -0.10000E-01  0.00000E+00 -0.99999E-02  0.00000E+00 -0.14399E-02 -0.70421E+01  0.00000E+00 -0.70421E+01  0.00000E+00 -0.12519E+00 -0.10542E+04  0.00000E+00 -0.14047E+04  0.00000E+00  0.58060E-05  0.48326E+03  0.70421E+01  0.00000E+00    245  0.00000E+00      0.000
      95.3677 -0.10000E-01  0.00000E+00 -0.99999E-02  0.00000E+00 -0.14388E-02 -0.70537E+01  0.00000E+00 -0.70537E+01  0.00000E+00 -0.12686E+00 -0.10676E+04  0.00000E+00 -0.14051E+04  0.00000E+00  0.58060E-05  0.48327E+03  0.70537E+01  0.00000E+00    246  0.00000E+00      0.000
      96.9118 -0.10000E-01  0.00000E+00 -0.10000E-01  0.00000E+00 -0.14374E-02 -0.70691E+01  0.00000E+00 -0.70691E+01  0.00000E+00 -0.12908E+00 -0.10835E+04  0.00000E+00 -0.14056E+04  0.00000E+00  0.58060E-05  0.48329E+03  0.70691E+01  0.00000E+00    247  0.00000E+00      0.000
     100.0000 -0.10000E-01  0.00000E+00 -0.10000E-01  0.00000E+00 -0.14349E-02 -0.71000E+01  0.00000E+00 -0.71000E+01  0.00000E+00 -0.13351E+00 -0.11103E+04  0.00000E+00 -0.14066E+04  0.00000E+00  0.58060E-05  0.48331E+03  0.71000E+01  0.00000E+00    248  0.00000E+00      0.000
     102.5000  0.00000E+00  0.00000E+00 -0.55414E-07  0.00000E+00 -0.14328E-02 -0.71000E+01  0.00000E+00 -0.71000E+01  0.00000E+00 -0.13709E+00 -0.11612E+04  0.00000E+00 -0.14073E+04  0.00000E+00  0.58060E-05  0.48331E+03  0.71000E+01  0.00000E+00    249  0.00000E+00      0.000
     106.2500  0.00000E+00  0.00000E+00  0.37719E-07  0.00000E+00 -0.14298E-02 -0.71000E+01  0.00000E+00 -0.71000E+01  0.00000E+00 -0.14246E+00 -0.12109E+04  0.00000E+00 -0.14085E+04  0.00000E+00  0.58060E-05  0.48330E+03  0.71000E+01  0.14144E-06    250  0.00000E+00      0.000
     110.0000  0.00000E+00  0.00000E+00  0.14901E-07  0.00000E+00 -0.14268E-02 -0.71000E+01  0.00000E+00 -0.71000E+01  0.00000E+00 -0.14781E+00 -0.12626E+04  0.00000E+00 -0.14096E+04  0.00000E+00  0.58060E-05  0.48330E+03  0.71000E+01  0.19732E-06    251  0.00000E+00      0.000
end
