 ******* Program HYDRUS
 ******* 
 Welcome to HYDRUS-1D                                                    
 Date:  29. 8.    Time:   0:18:57
 Units: L = mm   , T = min  , M = mmol 

----------------------------------------------------------
 Time       [T]       10.0000
----------------------------------------------------------
 Sub-region num.                     1            2
----------------------------------------------------------
 Length   [L]        0.10000E+04  0.10000E+04  0.00000E+00
 W-volume [L]        0.44806E+03  0.44806E+03  0.00000E+00
 In-flow  [L/T]      0.00000E+00  0.00000E+00  0.00000E+00
 h Mean   [L]       -0.23363E+04 -0.23363E+04  0.00000E+00
 Top Flux [L/T]     -0.90525E-04
 Bot Flux [L/T]     -0.19453E-02
----------------------------------------------------------

----------------------------------------------------------
 Time       [T]       10.0010
----------------------------------------------------------
 Sub-region num.                     1            2
----------------------------------------------------------
 Length   [L]        0.10000E+04  0.10000E+04  0.00000E+00
 W-volume [L]        0.44806E+03  0.44806E+03  0.00000E+00
 In-flow  [L/T]     -0.34769E-02 -0.34769E-02  0.00000E+00
 h Mean   [L]       -0.23363E+04 -0.23363E+04  0.00000E+00
 Top Flux [L/T]     -0.90518E-04
 Bot Flux [L/T]     -0.19450E-02
 WatBalT  [L]        0.81147E-06
 WatBalR  [%]              7.735
----------------------------------------------------------

----------------------------------------------------------
 Time       [T]       20.0000
----------------------------------------------------------
 Sub-region num.                     1            2
----------------------------------------------------------
 Length   [L]        0.10000E+04  0.10000E+04  0.00000E+00
 W-volume [L]        0.44805E+03  0.44805E+03  0.00000E+00
 In-flow  [L/T]     -0.96305E-03 -0.96305E-03  0.00000E+00
 h Mean   [L]       -0.23356E+04 -0.23356E+04  0.00000E+00
 Top Flux [L/T]     -0.41444E-04
 Bot Flux [L/T]     -0.12327E-02
 WatBalT  [L]        0.40477E-04
 WatBalR  [%]              0.035
----------------------------------------------------------

----------------------------------------------------------
 Time       [T]       30.0000
----------------------------------------------------------
 Sub-region num.                     1            2
----------------------------------------------------------
 Length   [L]        0.10000E+04  0.10000E+04  0.00000E+00
 W-volume [L]        0.44804E+03  0.44804E+03  0.00000E+00
 In-flow  [L/T]     -0.97351E-03 -0.97351E-03  0.00000E+00
 h Mean   [L]       -0.23352E+04 -0.23352E+04  0.00000E+00
 Top Flux [L/T]     -0.21971E-04
 Bot Flux [L/T]     -0.11560E-02
 WatBalT  [L]       -0.28905E-04
 WatBalR  [%]              0.013
----------------------------------------------------------

----------------------------------------------------------
 Time       [T]       40.0000
----------------------------------------------------------
 Sub-region num.                     1            2
----------------------------------------------------------
 Length   [L]        0.10000E+04  0.10000E+04  0.00000E+00
 W-volume [L]        0.45003E+03  0.45003E+03  0.00000E+00
 In-flow  [L/T]      0.19902E+00  0.19902E+00  0.00000E+00
 h Mean   [L]       -0.22732E+04 -0.22732E+04  0.00000E+00
 Top Flux [L/T]     -0.17608E+00
 Bot Flux [L/T]     -0.11276E-02
 WatBalT  [L]        0.12398E-04
 WatBalR  [%]              0.001
----------------------------------------------------------

----------------------------------------------------------
 Time       [T]       50.0000
----------------------------------------------------------
 Sub-region num.                     1            2
----------------------------------------------------------
 Length   [L]        0.10000E+04  0.10000E+04  0.00000E+00
 W-volume [L]        0.45552E+03  0.45552E+03  0.00000E+00
 In-flow  [L/T]      0.54901E+00  0.54901E+00  0.00000E+00
 h Mean   [L]       -0.21771E+04 -0.21771E+04  0.00000E+00
 Top Flux [L/T]     -0.53414E+00
 Bot Flux [L/T]     -0.11145E-02
 WatBalT  [L]       -0.26226E-04
 WatBalR  [%]              0.000
----------------------------------------------------------

----------------------------------------------------------
 Time       [T]       60.0000
----------------------------------------------------------
 Sub-region num.                     1            2
----------------------------------------------------------
 Length   [L]        0.10000E+04  0.10000E+04  0.00000E+00
 W-volume [L]        0.45791E+03  0.45791E+03  0.00000E+00
 In-flow  [L/T]      0.23900E+00  0.23900E+00  0.00000E+00
 h Mean   [L]       -0.21226E+04 -0.21226E+04  0.00000E+00
 Top Flux [L/T]     -0.23710E+00
 Bot Flux [L/T]     -0.11078E-02
 WatBalT  [L]        0.59128E-04
 WatBalR  [%]              0.001
----------------------------------------------------------

----------------------------------------------------------
 Time       [T]       70.0000
----------------------------------------------------------
 Sub-region num.                     1            2
----------------------------------------------------------
 Length   [L]        0.10000E+04  0.10000E+04  0.00000E+00
 W-volume [L]        0.46070E+03  0.46070E+03  0.00000E+00
 In-flow  [L/T]      0.27900E+00  0.27900E+00  0.00000E+00
 h Mean   [L]       -0.20779E+04 -0.20779E+04  0.00000E+00
 Top Flux [L/T]     -0.27500E+00
 Bot Flux [L/T]     -0.11040E-02
 WatBalT  [L]       -0.72479E-04
 WatBalR  [%]              0.001
----------------------------------------------------------

----------------------------------------------------------
 Time       [T]       80.0000
----------------------------------------------------------
 Sub-region num.                     1            2
----------------------------------------------------------
 Length   [L]        0.10000E+04  0.10000E+04  0.00000E+00
 W-volume [L]        0.46419E+03  0.46419E+03  0.00000E+00
 In-flow  [L/T]      0.34899E+00  0.34899E+00  0.00000E+00
 h Mean   [L]       -0.20294E+04 -0.20294E+04  0.00000E+00
 Top Flux [L/T]     -0.34476E+00
 Bot Flux [L/T]     -0.11021E-02
 WatBalT  [L]       -0.13351E-04
 WatBalR  [%]              0.000
----------------------------------------------------------

----------------------------------------------------------
 Time       [T]       90.0000
----------------------------------------------------------
 Sub-region num.                     1            2
----------------------------------------------------------
 Length   [L]        0.10000E+04  0.10000E+04  0.00000E+00
 W-volume [L]        0.46628E+03  0.46628E+03  0.00000E+00
 In-flow  [L/T]      0.20899E+00  0.20899E+00  0.00000E+00
 h Mean   [L]       -0.19916E+04 -0.19916E+04  0.00000E+00
 Top Flux [L/T]     -0.20937E+00
 Bot Flux [L/T]     -0.11011E-02
 WatBalT  [L]        0.70572E-04
 WatBalR  [%]              0.000
----------------------------------------------------------

----------------------------------------------------------
 Time       [T]      100.0000
----------------------------------------------------------
 Sub-region num.                     1            2
----------------------------------------------------------
 Length   [L]        0.10000E+04  0.10000E+04  0.00000E+00
 W-volume [L]        0.46957E+03  0.46957E+03  0.00000E+00
 In-flow  [L/T]      0.32898E+00  0.32898E+00  0.00000E+00
 h Mean   [L]       -0.19502E+04 -0.19502E+04  0.00000E+00
 Top Flux [L/T]     -0.32627E+00
 Bot Flux [L/T]     -0.11009E-02
 WatBalT  [L]       -0.59128E-04
 WatBalR  [%]              0.000
----------------------------------------------------------

----------------------------------------------------------
 Time       [T]      110.0000
----------------------------------------------------------
 Sub-region num.                     1            2
----------------------------------------------------------
 Length   [L]        0.10000E+04  0.10000E+04  0.00000E+00
 W-volume [L]        0.46996E+03  0.46996E+03  0.00000E+00
 In-flow  [L/T]      0.38981E-01  0.38981E-01  0.00000E+00
 h Mean   [L]       -0.19228E+04 -0.19228E+04  0.00000E+00
 Top Flux [L/T]     -0.46805E-01
 Bot Flux [L/T]     -0.11012E-02
 WatBalT  [L]       -0.11444E-03
 WatBalR  [%]              0.001
----------------------------------------------------------

----------------------------------------------------------
 Time       [T]      120.0000
----------------------------------------------------------
 Sub-region num.                     1            2
----------------------------------------------------------
 Length   [L]        0.10000E+04  0.10000E+04  0.00000E+00
 W-volume [L]        0.47045E+03  0.47045E+03  0.00000E+00
 In-flow  [L/T]      0.48977E-01  0.48977E-01  0.00000E+00
 h Mean   [L]       -0.19004E+04 -0.19004E+04  0.00000E+00
 Top Flux [L/T]     -0.52975E-01
 Bot Flux [L/T]     -0.11019E-02
 WatBalT  [L]       -0.20981E-04
 WatBalR  [%]              0.000
----------------------------------------------------------

----------------------------------------------------------
 Time       [T]      130.0000
----------------------------------------------------------
 Sub-region num.                     1            2
----------------------------------------------------------
 Length   [L]        0.10000E+04  0.10000E+04  0.00000E+00
 W-volume [L]        0.47054E+03  0.47054E+03  0.00000E+00
 In-flow  [L/T]      0.89715E-02  0.89715E-02  0.00000E+00
 h Mean   [L]       -0.18835E+04 -0.18835E+04  0.00000E+00
 Top Flux [L/T]     -0.14751E-01
 Bot Flux [L/T]     -0.11028E-02
 WatBalT  [L]       -0.36240E-04
 WatBalR  [%]              0.000
----------------------------------------------------------

----------------------------------------------------------
 Time       [T]      140.0000
----------------------------------------------------------
 Sub-region num.                     1            2
----------------------------------------------------------
 Length   [L]        0.10000E+04  0.10000E+04  0.00000E+00
 W-volume [L]        0.47053E+03  0.47053E+03  0.00000E+00
 In-flow  [L/T]     -0.10316E-02 -0.10316E-02  0.00000E+00
 h Mean   [L]       -0.18699E+04 -0.18699E+04  0.00000E+00
 Top Flux [L/T]     -0.39797E-02
 Bot Flux [L/T]     -0.11038E-02
 WatBalT  [L]       -0.16594E-03
 WatBalR  [%]              0.001
----------------------------------------------------------

----------------------------------------------------------
 Time       [T]      150.0000
----------------------------------------------------------
 Sub-region num.                     1            2
----------------------------------------------------------
 Length   [L]        0.10000E+04  0.10000E+04  0.00000E+00
 W-volume [L]        0.47052E+03  0.47052E+03  0.00000E+00
 In-flow  [L/T]     -0.10359E-02 -0.10359E-02  0.00000E+00
 h Mean   [L]       -0.18584E+04 -0.18584E+04  0.00000E+00
 Top Flux [L/T]     -0.33098E-02
 Bot Flux [L/T]     -0.11050E-02
 WatBalT  [L]        0.19073E-04
 WatBalR  [%]              0.000
----------------------------------------------------------

----------------------------------------------------------
 Time       [T]      160.0000
----------------------------------------------------------
 Sub-region num.                     1            2
----------------------------------------------------------
 Length   [L]        0.10000E+04  0.10000E+04  0.00000E+00
 W-volume [L]        0.47051E+03  0.47051E+03  0.00000E+00
 In-flow  [L/T]     -0.10390E-02 -0.10390E-02  0.00000E+00
 h Mean   [L]       -0.18480E+04 -0.18480E+04  0.00000E+00
 Top Flux [L/T]     -0.27252E-02
 Bot Flux [L/T]     -0.11062E-02
 WatBalT  [L]       -0.15640E-03
 WatBalR  [%]              0.001
----------------------------------------------------------

----------------------------------------------------------
 Time       [T]      170.0000
----------------------------------------------------------
 Sub-region num.                     1            2
----------------------------------------------------------
 Length   [L]        0.10000E+04  0.10000E+04  0.00000E+00
 W-volume [L]        0.47060E+03  0.47060E+03  0.00000E+00
 In-flow  [L/T]      0.89567E-02  0.89567E-02  0.00000E+00
 h Mean   [L]       -0.18387E+04 -0.18387E+04  0.00000E+00
 Top Flux [L/T]     -0.11305E-01
 Bot Flux [L/T]     -0.11073E-02
 WatBalT  [L]       -0.80109E-04
 WatBalR  [%]              0.000
----------------------------------------------------------

----------------------------------------------------------
 Time       [T]      180.0000
----------------------------------------------------------
 Sub-region num.                     1            2
----------------------------------------------------------
 Length   [L]        0.10000E+04  0.10000E+04  0.00000E+00
 W-volume [L]        0.47059E+03  0.47059E+03  0.00000E+00
 In-flow  [L/T]     -0.10454E-02 -0.10454E-02  0.00000E+00
 h Mean   [L]       -0.18303E+04 -0.18303E+04  0.00000E+00
 Top Flux [L/T]     -0.23644E-02
 Bot Flux [L/T]     -0.11085E-02
 WatBalT  [L]       -0.12779E-03
 WatBalR  [%]              0.001
----------------------------------------------------------

----------------------------------------------------------
 Time       [T]      190.0000
----------------------------------------------------------
 Sub-region num.                     1            2
----------------------------------------------------------
 Length   [L]        0.10000E+04  0.10000E+04  0.00000E+00
 W-volume [L]        0.47058E+03  0.47058E+03  0.00000E+00
 In-flow  [L/T]     -0.10486E-02 -0.10486E-02  0.00000E+00
 h Mean   [L]       -0.18233E+04 -0.18233E+04  0.00000E+00
 Top Flux [L/T]     -0.19461E-02
 Bot Flux [L/T]     -0.11096E-02
 WatBalT  [L]       -0.78201E-04
 WatBalR  [%]              0.000
----------------------------------------------------------

----------------------------------------------------------
 Time       [T]      200.0000
----------------------------------------------------------
 Sub-region num.                     1            2
----------------------------------------------------------
 Length   [L]        0.10000E+04  0.10000E+04  0.00000E+00
 W-volume [L]        0.47057E+03  0.47057E+03  0.00000E+00
 In-flow  [L/T]     -0.10527E-02 -0.10527E-02  0.00000E+00
 h Mean   [L]       -0.18164E+04 -0.18164E+04  0.00000E+00
 Top Flux [L/T]     -0.16961E-02
 Bot Flux [L/T]     -0.11106E-02
 WatBalT  [L]       -0.89645E-04
 WatBalR  [%]              0.000
----------------------------------------------------------

----------------------------------------------------------
 Time       [T]      210.0000
----------------------------------------------------------
 Sub-region num.                     1            2
----------------------------------------------------------
 Length   [L]        0.10000E+04  0.10000E+04  0.00000E+00
 W-volume [L]        0.47056E+03  0.47056E+03  0.00000E+00
 In-flow  [L/T]     -0.10560E-02 -0.10560E-02  0.00000E+00
 h Mean   [L]       -0.18100E+04 -0.18100E+04  0.00000E+00
 Top Flux [L/T]     -0.15255E-02
 Bot Flux [L/T]     -0.11116E-02
 WatBalT  [L]       -0.93460E-04
 WatBalR  [%]              0.000
----------------------------------------------------------

----------------------------------------------------------
 Time       [T]      220.0000
----------------------------------------------------------
 Sub-region num.                     1            2
----------------------------------------------------------
 Length   [L]        0.10000E+04  0.10000E+04  0.00000E+00
 W-volume [L]        0.47055E+03  0.47055E+03  0.00000E+00
 In-flow  [L/T]     -0.10582E-02 -0.10582E-02  0.00000E+00
 h Mean   [L]       -0.18042E+04 -0.18042E+04  0.00000E+00
 Top Flux [L/T]     -0.13198E-02
 Bot Flux [L/T]     -0.11125E-02
 WatBalT  [L]       -0.12779E-03
 WatBalR  [%]              0.001
----------------------------------------------------------

----------------------------------------------------------
 Time       [T]      230.0000
----------------------------------------------------------
 Sub-region num.                     1            2
----------------------------------------------------------
 Length   [L]        0.10000E+04  0.10000E+04  0.00000E+00
 W-volume [L]        0.47054E+03  0.47054E+03  0.00000E+00
 In-flow  [L/T]     -0.10617E-02 -0.10617E-02  0.00000E+00
 h Mean   [L]       -0.17990E+04 -0.17990E+04  0.00000E+00
 Top Flux [L/T]     -0.12301E-02
 Bot Flux [L/T]     -0.11133E-02
 WatBalT  [L]       -0.74387E-04
 WatBalR  [%]              0.000
----------------------------------------------------------

----------------------------------------------------------
 Time       [T]      240.0000
----------------------------------------------------------
 Sub-region num.                     1            2
----------------------------------------------------------
 Length   [L]        0.10000E+04  0.10000E+04  0.00000E+00
 W-volume [L]        0.47063E+03  0.47063E+03  0.00000E+00
 In-flow  [L/T]      0.89360E-02  0.89360E-02  0.00000E+00
 h Mean   [L]       -0.17930E+04 -0.17930E+04  0.00000E+00
 Top Flux [L/T]     -0.10049E-01
 Bot Flux [L/T]     -0.11141E-02
 WatBalT  [L]       -0.15259E-03
 WatBalR  [%]              0.001
----------------------------------------------------------

----------------------------------------------------------
 Time       [T]      250.0000
----------------------------------------------------------
 Sub-region num.                     1            2
----------------------------------------------------------
 Length   [L]        0.10000E+04  0.10000E+04  0.00000E+00
 W-volume [L]        0.47062E+03  0.47062E+03  0.00000E+00
 In-flow  [L/T]     -0.10661E-02 -0.10661E-02  0.00000E+00
 h Mean   [L]       -0.17883E+04 -0.17883E+04  0.00000E+00
 Top Flux [L/T]     -0.14922E-02
 Bot Flux [L/T]     -0.11147E-02
 WatBalT  [L]       -0.53406E-04
 WatBalR  [%]              0.000
----------------------------------------------------------

----------------------------------------------------------
 Time       [T]      260.0000
----------------------------------------------------------
 Sub-region num.                     1            2
----------------------------------------------------------
 Length   [L]        0.10000E+04  0.10000E+04  0.00000E+00
 W-volume [L]        0.47061E+03  0.47061E+03  0.00000E+00
 In-flow  [L/T]     -0.10695E-02 -0.10695E-02  0.00000E+00
 h Mean   [L]       -0.17839E+04 -0.17839E+04  0.00000E+00
 Top Flux [L/T]     -0.11857E-02
 Bot Flux [L/T]     -0.11153E-02
 WatBalT  [L]       -0.47684E-04
 WatBalR  [%]              0.000
----------------------------------------------------------

----------------------------------------------------------
 Time       [T]      270.0000
----------------------------------------------------------
 Sub-region num.                     1            2
----------------------------------------------------------
 Length   [L]        0.10000E+04  0.10000E+04  0.00000E+00
 W-volume [L]        0.47060E+03  0.47060E+03  0.00000E+00
 In-flow  [L/T]     -0.10723E-02 -0.10723E-02  0.00000E+00
 h Mean   [L]       -0.17795E+04 -0.17795E+04  0.00000E+00
 Top Flux [L/T]     -0.10474E-02
 Bot Flux [L/T]     -0.11158E-02
 WatBalT  [L]       -0.11063E-03
 WatBalR  [%]              0.000
----------------------------------------------------------
 
 Calculation time [sec]   3.17999997735023     
