 ******* Program HYDRUS
 ******* 
 Welcome to HYDRUS-1D                                                    
 Date:  25. 9.    Time:  16: 0:13
 Units: L = mm   , T = min  , M = mmol 



                               Node(  1)                      Node( 31)                      Node( 52)                      Node(101)

         time            h        theta    Flux           h        theta    Flux           h        theta    Flux           h        theta    Flux  
         10.0001    -3969.97  0.4052 -0.200E+00      -3176.16  0.4146  0.325E-03      -2099.58  0.4476  0.149E-02      -1383.70  0.4825 -0.455E-03
         10.0002    -3969.75  0.4052 -0.200E+00      -3176.16  0.4146  0.325E-03      -2099.58  0.4476  0.149E-02      -1383.70  0.4825 -0.455E-03
         10.0003    -3969.43  0.4052 -0.200E+00      -3176.16  0.4146  0.325E-03      -2099.58  0.4476  0.149E-02      -1383.70  0.4825 -0.828E-03
         10.0005    -3969.03  0.4052 -0.200E+00      -3176.16  0.4146  0.325E-03      -2099.58  0.4476  0.149E-02      -1383.70  0.4825 -0.105E-02
         10.0008    -3968.42  0.4052 -0.200E+00      -3176.16  0.4146  0.325E-03      -2099.58  0.4476  0.149E-02      -1383.70  0.4825 -0.753E-03
         10.0010    -3967.82  0.4052 -0.200E+00      -3176.16  0.4146  0.325E-03      -2099.58  0.4476  0.149E-02      -1383.70  0.4825 -0.753E-03
         10.0011    -3967.13  0.4052 -0.550E+00      -3176.16  0.4146  0.325E-03      -2099.58  0.4476  0.149E-02      -1383.70  0.4825 -0.455E-03
         10.0012    -3966.31  0.4052 -0.550E+00      -3176.16  0.4146  0.325E-03      -2099.58  0.4476  0.149E-02      -1383.70  0.4825 -0.799E-03
         10.0014    -3965.18  0.4052 -0.550E+00      -3176.16  0.4146  0.325E-03      -2099.58  0.4476  0.149E-02      -1383.70  0.4825 -0.106E-02
         10.0016    -3963.73  0.4053 -0.550E+00      -3176.16  0.4146  0.325E-03      -2099.58  0.4476  0.149E-02      -1383.70  0.4825 -0.127E-02
         10.0019    -3961.84  0.4053 -0.550E+00      -3176.16  0.4146  0.325E-03      -2099.58  0.4476  0.149E-02      -1383.69  0.4825 -0.901E-03
         10.0023    -3959.38  0.4053 -0.550E+00      -3176.16  0.4146  0.325E-03      -2099.58  0.4476  0.149E-02      -1383.69  0.4825 -0.114E-02
         10.0028    -3956.19  0.4054 -0.550E+00      -3176.16  0.4146  0.325E-03      -2099.58  0.4476  0.149E-02      -1383.69  0.4825 -0.102E-02
         10.0034    -3952.04  0.4055 -0.550E+00      -3176.16  0.4146  0.325E-03      -2099.58  0.4476  0.149E-02      -1383.69  0.4825 -0.994E-03
         10.0042    -3946.64  0.4055 -0.550E+00      -3176.16  0.4146  0.325E-03      -2099.58  0.4476  0.149E-02      -1383.69  0.4825 -0.103E-02
         10.0053    -3939.62  0.4057 -0.550E+00      -3176.16  0.4146  0.325E-03      -2099.58  0.4476  0.149E-02      -1383.68  0.4825 -0.960E-03
         10.0066    -3930.50  0.4058 -0.550E+00      -3176.16  0.4146  0.325E-03      -2099.58  0.4476  0.149E-02      -1383.68  0.4825 -0.971E-03
         10.0084    -3918.64  0.4060 -0.550E+00      -3176.16  0.4146  0.325E-03      -2099.58  0.4476  0.149E-02      -1383.67  0.4825 -0.945E-03
         10.0108    -3903.23  0.4063 -0.550E+00      -3176.16  0.4146  0.325E-03      -2099.57  0.4476  0.149E-02      -1383.67  0.4825 -0.919E-03
         10.0138    -3883.19  0.4066 -0.550E+00      -3176.16  0.4146  0.325E-03      -2099.57  0.4476  0.149E-02      -1383.66  0.4825 -0.957E-03
         10.0177    -3857.15  0.4070 -0.550E+00      -3176.16  0.4146  0.325E-03      -2099.57  0.4476  0.149E-02      -1383.64  0.4825 -0.956E-03
         10.0228    -3831.48  0.4076 -0.550E+00      -3176.16  0.4146  0.325E-03      -2099.57  0.4476  0.149E-02      -1383.63  0.4825 -0.949E-03
         10.0295    -3797.32  0.4083 -0.550E+00      -3176.16  0.4146  0.325E-03      -2099.57  0.4476  0.149E-02      -1383.61  0.4825 -0.951E-03
         10.0382    -3754.29  0.4093 -0.550E+00      -3176.16  0.4146  0.325E-03      -2099.57  0.4476  0.149E-02      -1383.58  0.4825 -0.935E-03
         10.0494    -3697.89  0.4105 -0.550E+00      -3176.16  0.4146  0.325E-03      -2099.57  0.4476  0.149E-02      -1383.54  0.4825 -0.950E-03
         10.0640    -3624.91  0.4121 -0.550E+00      -3176.16  0.4146  0.325E-03      -2099.57  0.4476  0.149E-02      -1383.50  0.4825 -0.948E-03
         10.0830    -3529.92  0.4142 -0.550E+00      -3176.16  0.4146  0.325E-03      -2099.57  0.4476  0.149E-02      -1383.44  0.4825 -0.949E-03
         10.1077    -3406.56  0.4169 -0.550E+00      -3176.16  0.4146  0.325E-03      -2099.57  0.4476  0.149E-02      -1383.36  0.4825 -0.944E-03
         10.1398    -3246.25  0.4205 -0.550E+00      -3176.16  0.4146  0.325E-03      -2099.56  0.4476  0.149E-02      -1383.27  0.4825 -0.945E-03
         10.1816    -3042.27  0.4250 -0.550E+00      -3176.16  0.4146  0.325E-03      -2099.56  0.4476  0.149E-02      -1383.14  0.4825 -0.945E-03
         10.2359    -2842.65  0.4310 -0.550E+00      -3176.16  0.4146  0.325E-03      -2099.56  0.4476  0.149E-02      -1382.98  0.4825 -0.947E-03
         10.3064    -2569.07  0.4387 -0.550E+00      -3176.16  0.4146  0.325E-03      -2099.55  0.4476  0.149E-02      -1382.77  0.4825 -0.946E-03
         10.3982    -2277.12  0.4487 -0.550E+00      -3176.16  0.4146  0.325E-03      -2099.54  0.4476  0.149E-02      -1382.51  0.4826 -0.947E-03
         10.5174    -1933.47  0.4616 -0.550E+00      -3176.16  0.4146  0.325E-03      -2099.53  0.4476  0.149E-02      -1382.18  0.4826 -0.946E-03
         10.6725    -1592.89  0.4781 -0.550E+00      -3176.16  0.4146  0.325E-03      -2099.52  0.4476  0.149E-02      -1381.77  0.4826 -0.947E-03
         10.8740    -1245.95  0.4990 -0.550E+00      -3176.16  0.4146  0.325E-03      -2099.50  0.4476  0.149E-02      -1381.26  0.4826 -0.947E-03
         11.1360     -925.91  0.5243 -0.550E+00      -3176.15  0.4146  0.325E-03      -2099.48  0.4476  0.149E-02      -1380.64  0.4827 -0.948E-03
         11.3980     -713.61  0.5465 -0.550E+00      -3176.15  0.4146  0.325E-03      -2099.46  0.4476  0.149E-02      -1380.06  0.4827 -0.949E-03
         11.6600     -569.77  0.5649 -0.550E+00      -3176.15  0.4146  0.325E-03      -2099.44  0.4476  0.148E-02      -1379.50  0.4827 -0.949E-03
         11.9220     -469.76  0.5799 -0.550E+00      -3176.15  0.4146  0.325E-03      -2099.41  0.4476  0.148E-02      -1378.98  0.4828 -0.950E-03
         12.1840     -402.42  0.5914 -0.550E+00      -3176.15  0.4146  0.325E-03      -2099.39  0.4476  0.148E-02      -1378.49  0.4828 -0.951E-03
         12.4460     -351.52  0.6008 -0.550E+00      -3176.15  0.4146  0.325E-03      -2099.37  0.4476  0.148E-02      -1378.02  0.4828 -0.951E-03
         12.7866     -301.75  0.6105 -0.550E+00      -3176.15  0.4146  0.325E-03      -2099.34  0.4476  0.148E-02      -1377.44  0.4829 -0.952E-03
         13.2294     -256.37  0.6207 -0.550E+00      -3176.14  0.4146  0.325E-03      -2099.30  0.4476  0.148E-02      -1376.75  0.4829 -0.952E-03
         13.6721     -217.09  0.6297 -0.550E+00      -3176.14  0.4146  0.325E-03      -2099.27  0.4476  0.148E-02      -1376.10  0.4830 -0.954E-03
         14.1149     -182.77  0.6380 -0.550E+00      -3176.14  0.4146  0.325E-03      -2099.23  0.4476  0.148E-02      -1375.49  0.4830 -0.954E-03
         14.5577     -155.15  0.6450 -0.550E+00      -3176.13  0.4146  0.325E-03      -2099.19  0.4476  0.148E-02      -1374.91  0.4830 -0.955E-03
         15.0005     -131.43  0.6511 -0.550E+00      -3176.13  0.4146  0.325E-03      -2099.15  0.4477  0.148E-02      -1374.37  0.4831 -0.956E-03
         15.4433     -111.31  0.6563 -0.550E+00      -3176.13  0.4146  0.325E-03      -2099.11  0.4477  0.148E-02      -1373.85  0.4831 -0.957E-03
         15.8989      -93.33  0.6612 -0.550E+00      -3176.12  0.4146  0.325E-03      -2099.07  0.4477  0.148E-02      -1373.34  0.4831 -0.957E-03
         16.3546      -78.81  0.6651 -0.550E+00      -3176.12  0.4146  0.325E-03      -2099.04  0.4477  0.148E-02      -1372.86  0.4832 -0.958E-03
         16.8103      -67.06  0.6681 -0.550E+00      -3176.12  0.4146  0.325E-03      -2099.00  0.4477  0.148E-02      -1372.39  0.4832 -0.959E-03
         17.2660      -57.51  0.6706 -0.550E+00      -3176.12  0.4146  0.325E-03      -2098.96  0.4477  0.148E-02      -1371.94  0.4832 -0.959E-03
         17.7216      -48.40  0.6729 -0.550E+00      -3176.11  0.4146  0.325E-03      -2098.92  0.4477  0.148E-02      -1371.51  0.4832 -0.960E-03
         18.2912      -37.63  0.6757 -0.550E+00      -3176.11  0.4146  0.325E-03      -2098.87  0.4477  0.148E-02      -1371.00  0.4833 -0.961E-03
         18.4811      -34.85  0.6763 -0.550E+00      -3176.11  0.4146  0.325E-03      -2098.85  0.4477  0.148E-02      -1370.83  0.4833 -0.961E-03
         18.6710      -32.25  0.6770 -0.550E+00      -3176.11  0.4146  0.325E-03      -2098.83  0.4477  0.148E-02      -1370.66  0.4833 -0.961E-03
         18.9368      -28.51  0.6778 -0.550E+00      -3176.11  0.4146  0.325E-03      -2098.81  0.4477  0.148E-02      -1370.43  0.4833 -0.961E-03
         19.2912      -24.68  0.6787 -0.550E+00      -3176.10  0.4146  0.325E-03      -2098.78  0.4477  0.148E-02      -1370.13  0.4833 -0.962E-03
         19.6456      -20.37  0.6796 -0.550E+00      -3176.10  0.4146  0.325E-03      -2098.75  0.4477  0.148E-02      -1369.83  0.4834 -0.962E-03
         20.0000      -15.21  0.6808 -0.550E+00      -3176.10  0.4146  0.325E-03      -2098.72  0.4477  0.148E-02      -1369.54  0.4834 -0.963E-03
         20.0001      -15.05  0.6808 -0.241E+00      -3176.10  0.4146  0.325E-03      -2098.72  0.4477  0.148E-02      -1369.54  0.4834 -0.122E-02
         20.0002      -15.13  0.6808 -0.241E+00      -3176.10  0.4146  0.325E-03      -2098.72  0.4477  0.148E-02      -1369.54  0.4834 -0.122E-02
         20.0004      -15.15  0.6808 -0.239E+00      -3176.10  0.4146  0.325E-03      -2098.72  0.4477  0.148E-02      -1369.54  0.4834 -0.122E-02
         20.0006      -15.23  0.6807 -0.240E+00      -3176.10  0.4146  0.325E-03      -2098.72  0.4477  0.148E-02      -1369.54  0.4834 -0.122E-02
         20.0009      -15.31  0.6807 -0.240E+00      -3176.10  0.4146  0.325E-03      -2098.72  0.4477  0.148E-02      -1369.54  0.4834 -0.122E-02
         20.0013      -15.43  0.6807 -0.240E+00      -3176.10  0.4146  0.325E-03      -2098.72  0.4477  0.148E-02      -1369.54  0.4834 -0.817E-03
         20.0018      -15.58  0.6807 -0.240E+00      -3176.10  0.4146  0.325E-03      -2098.72  0.4477  0.148E-02      -1369.54  0.4834 -0.909E-03
         20.0024      -15.77  0.6806 -0.240E+00      -3176.10  0.4146  0.325E-03      -2098.72  0.4477  0.148E-02      -1369.54  0.4834 -0.980E-03
         20.0032      -16.01  0.6806 -0.240E+00      -3176.10  0.4146  0.325E-03      -2098.72  0.4477  0.148E-02      -1369.54  0.4834 -0.853E-03
         20.0043      -16.32  0.6805 -0.240E+00      -3176.10  0.4146  0.325E-03      -2098.72  0.4477  0.148E-02      -1369.54  0.4834 -0.937E-03
         20.0056      -16.71  0.6804 -0.240E+00      -3176.10  0.4146  0.325E-03      -2098.72  0.4477  0.148E-02      -1369.54  0.4834 -0.100E-02
         20.0074      -17.21  0.6803 -0.240E+00      -3176.10  0.4146  0.325E-03      -2098.72  0.4477  0.148E-02      -1369.54  0.4834 -0.968E-03
         20.0098      -17.83  0.6802 -0.240E+00      -3176.10  0.4146  0.325E-03      -2098.72  0.4477  0.148E-02      -1369.53  0.4834 -0.962E-03
         20.0128      -18.59  0.6800 -0.240E+00      -3176.10  0.4146  0.325E-03      -2098.72  0.4477  0.148E-02      -1369.53  0.4834 -0.972E-03
         20.0167      -19.50  0.6798 -0.240E+00      -3176.10  0.4146  0.325E-03      -2098.72  0.4477  0.148E-02      -1369.53  0.4834 -0.953E-03
         20.0218      -20.62  0.6796 -0.240E+00      -3176.10  0.4146  0.325E-03      -2098.72  0.4477  0.148E-02      -1369.52  0.4834 -0.956E-03
         20.0285      -21.96  0.6793 -0.240E+00      -3176.10  0.4146  0.325E-03      -2098.72  0.4477  0.148E-02      -1369.52  0.4834 -0.971E-03
         20.0372      -23.53  0.6790 -0.240E+00      -3176.10  0.4146  0.325E-03      -2098.72  0.4477  0.148E-02      -1369.51  0.4834 -0.959E-03
         20.0484      -25.32  0.6786 -0.240E+00      -3176.10  0.4146  0.325E-03      -2098.72  0.4477  0.148E-02      -1369.50  0.4834 -0.965E-03
         20.0630      -27.38  0.6781 -0.240E+00      -3176.10  0.4146  0.325E-03      -2098.71  0.4477  0.148E-02      -1369.49  0.4834 -0.962E-03
         20.0820      -29.67  0.6776 -0.240E+00      -3176.10  0.4146  0.325E-03      -2098.71  0.4477  0.148E-02      -1369.47  0.4834 -0.958E-03
         20.1067      -32.14  0.6770 -0.240E+00      -3176.10  0.4146  0.325E-03      -2098.71  0.4477  0.148E-02      -1369.45  0.4834 -0.963E-03
         20.1388      -34.83  0.6763 -0.240E+00      -3176.10  0.4146  0.325E-03      -2098.71  0.4477  0.148E-02      -1369.43  0.4834 -0.961E-03
         20.1806      -37.61  0.6757 -0.240E+00      -3176.10  0.4146  0.325E-03      -2098.70  0.4477  0.148E-02      -1369.40  0.4834 -0.962E-03
         20.2349      -40.47  0.6749 -0.240E+00      -3176.10  0.4146  0.325E-03      -2098.70  0.4477  0.148E-02      -1369.35  0.4834 -0.962E-03
         20.3054      -43.34  0.6742 -0.240E+00      -3176.10  0.4146  0.325E-03      -2098.69  0.4477  0.148E-02      -1369.29  0.4834 -0.962E-03
         20.3972      -46.12  0.6735 -0.240E+00      -3176.10  0.4146  0.325E-03      -2098.68  0.4477  0.148E-02      -1369.22  0.4834 -0.964E-03
         20.5164      -48.76  0.6729 -0.240E+00      -3176.10  0.4146  0.325E-03      -2098.67  0.4477  0.148E-02      -1369.13  0.4834 -0.964E-03
         20.6715      -51.22  0.6722 -0.240E+00      -3176.10  0.4146  0.325E-03      -2098.66  0.4477  0.148E-02      -1369.01  0.4834 -0.964E-03
         20.8730      -53.37  0.6717 -0.240E+00      -3176.09  0.4146  0.325E-03      -2098.64  0.4477  0.148E-02      -1368.85  0.4834 -0.964E-03
         21.1350      -55.18  0.6712 -0.240E+00      -3176.09  0.4146  0.325E-03      -2098.62  0.4477  0.148E-02      -1368.65  0.4834 -0.964E-03
         21.4756      -56.49  0.6709 -0.240E+00      -3176.09  0.4146  0.325E-03      -2098.59  0.4477  0.148E-02      -1368.39  0.4834 -0.965E-03
         21.9184      -57.12  0.6707 -0.240E+00      -3176.09  0.4146  0.325E-03      -2098.55  0.4477  0.148E-02      -1368.07  0.4835 -0.965E-03
         22.4940      -56.90  0.6708 -0.240E+00      -3176.08  0.4146  0.325E-03      -2098.50  0.4477  0.148E-02      -1367.65  0.4835 -0.966E-03
         23.2446      -55.86  0.6711 -0.240E+00      -3176.08  0.4146  0.325E-03      -2098.43  0.4477  0.148E-02      -1367.13  0.4835 -0.966E-03
         24.2096      -53.86  0.6715 -0.240E+00      -3176.07  0.4146  0.325E-03      -2098.34  0.4477  0.148E-02      -1366.48  0.4836 -0.967E-03
         25.3677      -50.24  0.6725 -0.240E+00      -3176.07  0.4146  0.325E-03      -2098.24  0.4477  0.148E-02      -1365.74  0.4836 -0.969E-03
         26.9118      -45.36  0.6738 -0.240E+00      -3176.05  0.4146  0.325E-03      -2098.10  0.4477  0.148E-02      -1364.79  0.4837 -0.970E-03
         28.4559      -41.05  0.6748 -0.240E+00      -3176.04  0.4146  0.325E-03      -2097.95  0.4477  0.148E-02      -1363.88  0.4837 -0.972E-03
         30.0000      -35.87  0.6761 -0.240E+00      -3176.03  0.4146  0.325E-03      -2097.81  0.4477  0.148E-02      -1363.01  0.4838 -0.973E-03
         32.0000      -21.80  0.6793 -0.280E+00      -3176.02  0.4146  0.325E-03      -2097.62  0.4477  0.148E-02      -1361.93  0.4838 -0.975E-03
         34.0000      -14.91  0.6808 -0.280E+00      -3176.00  0.4146  0.325E-03      -2097.43  0.4477  0.148E-02      -1360.89  0.4839 -0.977E-03
         36.0000      -10.09  0.6817 -0.280E+00      -3175.99  0.4146  0.325E-03      -2097.24  0.4477  0.148E-02      -1359.90  0.4840 -0.978E-03
         36.6667       -8.65  0.6819 -0.280E+00      -3175.99  0.4146  0.325E-03      -2097.17  0.4477  0.148E-02      -1359.58  0.4840 -0.979E-03
         37.3333       -7.33  0.6822 -0.280E+00      -3175.98  0.4146  0.325E-03      -2097.11  0.4477  0.148E-02      -1359.25  0.4840 -0.979E-03
         38.2222       -5.15  0.6826 -0.280E+00      -3175.97  0.4146  0.325E-03      -2097.02  0.4477  0.148E-02      -1358.83  0.4840 -0.980E-03
         39.1111       -3.31  0.6829 -0.280E+00      -3175.97  0.4146  0.325E-03      -2096.93  0.4477  0.148E-02      -1358.41  0.4841 -0.981E-03
         40.0000       -5.73  0.6825 -0.280E+00      -3175.96  0.4146  0.325E-03      -2096.84  0.4477  0.148E-02      -1358.00  0.4841 -0.981E-03
         41.4286        0.52  0.6832 -0.350E+00      -3175.95  0.4146  0.325E-03      -2096.70  0.4477  0.148E-02      -1357.36  0.4841 -0.982E-03
         42.8571        0.00  0.6832 -0.312E+00      -3175.94  0.4146  0.325E-03      -2096.56  0.4477  0.148E-02      -1356.73  0.4842 -0.983E-03
         43.8776        0.00  0.6832 -0.296E+00      -3175.93  0.4146  0.325E-03      -2096.46  0.4478  0.148E-02      -1356.28  0.4842 -0.984E-03
         45.1020        0.00  0.6832 -0.286E+00      -3175.92  0.4146  0.325E-03      -2096.33  0.4478  0.148E-02      -1355.76  0.4842 -0.985E-03
         46.7347        0.00  0.6832 -0.273E+00      -3175.91  0.4146  0.325E-03      -2096.17  0.4478  0.148E-02      -1355.08  0.4843 -0.986E-03
         50.0000        0.00  0.6832 -0.258E+00      -3175.88  0.4146  0.325E-03      -2095.83  0.4478  0.148E-02      -1353.77  0.4844 -0.988E-03
         50.0001       -0.83  0.6832 -0.210E+00      -3175.88  0.4146  0.325E-03      -2095.83  0.4478  0.148E-02      -1353.77  0.4844 -0.111E-02
         50.0002        0.03  0.6832 -0.210E+00      -3175.88  0.4146  0.325E-03      -2095.83  0.4478  0.148E-02      -1353.77  0.4844 -0.111E-02
         50.0003       -0.35  0.6832 -0.209E+00      -3175.88  0.4146  0.325E-03      -2095.83  0.4478  0.148E-02      -1353.77  0.4844 -0.111E-02
         50.0004        0.03  0.6832 -0.210E+00      -3175.88  0.4146  0.325E-03      -2095.83  0.4478  0.148E-02      -1353.77  0.4844 -0.111E-02
         50.0006       -0.43  0.6832 -0.210E+00      -3175.88  0.4146  0.325E-03      -2095.83  0.4478  0.148E-02      -1353.77  0.4844 -0.111E-02
         50.0009        0.05  0.6832 -0.210E+00      -3175.88  0.4146  0.325E-03      -2095.83  0.4478  0.148E-02      -1353.77  0.4844 -0.111E-02
         50.0012       -0.40  0.6832 -0.210E+00      -3175.88  0.4146  0.325E-03      -2095.83  0.4478  0.148E-02      -1353.77  0.4844 -0.111E-02
         50.0017        0.07  0.6832 -0.210E+00      -3175.88  0.4146  0.325E-03      -2095.83  0.4478  0.148E-02      -1353.77  0.4844 -0.111E-02
         50.0022       -0.43  0.6832 -0.210E+00      -3175.88  0.4146  0.325E-03      -2095.83  0.4478  0.148E-02      -1353.77  0.4844 -0.853E-03
         50.0030        0.11  0.6832 -0.210E+00      -3175.88  0.4146  0.325E-03      -2095.83  0.4478  0.148E-02      -1353.76  0.4844 -0.913E-03
         50.0039       -0.49  0.6832 -0.210E+00      -3175.88  0.4146  0.325E-03      -2095.83  0.4478  0.148E-02      -1353.76  0.4844 -0.960E-03
         50.0052        0.00  0.6832 -0.173E+00      -3175.88  0.4146  0.325E-03      -2095.83  0.4478  0.148E-02      -1353.76  0.4844 -0.995E-03
         50.0068       -0.99  0.6832 -0.210E+00      -3175.88  0.4146  0.325E-03      -2095.83  0.4478  0.148E-02      -1353.76  0.4844 -0.102E-02
         50.0090        0.25  0.6832 -0.210E+00      -3175.88  0.4146  0.325E-03      -2095.83  0.4478  0.148E-02      -1353.76  0.4844 -0.974E-03
         50.0117       -0.32  0.6832 -0.210E+00      -3175.88  0.4146  0.325E-03      -2095.83  0.4478  0.148E-02      -1353.76  0.4844 -0.101E-02
         50.0153        0.00  0.6832 -0.178E+00      -3175.88  0.4146  0.325E-03      -2095.83  0.4478  0.148E-02      -1353.76  0.4844 -0.989E-03
         50.0200       -0.97  0.6832 -0.210E+00      -3175.88  0.4146  0.325E-03      -2095.83  0.4478  0.148E-02      -1353.76  0.4844 -0.986E-03
         50.0260        0.00  0.6832 -0.177E+00      -3175.88  0.4146  0.325E-03      -2095.83  0.4478  0.148E-02      -1353.76  0.4844 -0.991E-03
         50.0339       -0.90  0.6833 -0.210E+00      -3175.88  0.4146  0.325E-03      -2095.83  0.4478  0.148E-02      -1353.75  0.4844 -0.982E-03
         50.0441        0.00  0.6832 -0.193E+00      -3175.88  0.4146  0.325E-03      -2095.83  0.4478  0.148E-02      -1353.75  0.4844 -0.983E-03
         50.0574        0.16  0.6832 -0.210E+00      -3175.88  0.4146  0.325E-03      -2095.83  0.4478  0.148E-02      -1353.74  0.4844 -0.991E-03
         50.0747        0.24  0.6832 -0.210E+00      -3175.88  0.4146  0.325E-03      -2095.83  0.4478  0.148E-02      -1353.74  0.4844 -0.985E-03
         50.0920        0.24  0.6832 -0.210E+00      -3175.88  0.4146  0.325E-03      -2095.83  0.4478  0.148E-02      -1353.73  0.4844 -0.993E-03
         50.1093        0.23  0.6832 -0.210E+00      -3175.88  0.4146  0.325E-03      -2095.82  0.4478  0.148E-02      -1353.72  0.4844 -0.993E-03
         50.1266        0.21  0.6832 -0.210E+00      -3175.88  0.4146  0.325E-03      -2095.82  0.4478  0.148E-02      -1353.72  0.4844 -0.994E-03
         50.1439        0.20  0.6832 -0.210E+00      -3175.88  0.4146  0.325E-03      -2095.82  0.4478  0.148E-02      -1353.71  0.4844 -0.985E-03
         50.1612        0.19  0.6832 -0.210E+00      -3175.88  0.4146  0.325E-03      -2095.82  0.4478  0.148E-02      -1353.70  0.4844 -0.985E-03
         50.1785        0.17  0.6832 -0.210E+00      -3175.88  0.4146  0.325E-03      -2095.82  0.4478  0.148E-02      -1353.69  0.4844 -0.985E-03
         50.1958        0.16  0.6832 -0.210E+00      -3175.88  0.4146  0.325E-03      -2095.82  0.4478  0.148E-02      -1353.69  0.4844 -0.985E-03
         50.2131        0.15  0.6832 -0.210E+00      -3175.88  0.4146  0.325E-03      -2095.81  0.4478  0.148E-02      -1353.68  0.4844 -0.985E-03
         50.2304        0.00  0.6832 -0.246E+00      -3175.88  0.4146  0.325E-03      -2095.81  0.4478  0.148E-02      -1353.67  0.4844 -0.985E-03
         50.2477        0.00  0.6832 -0.246E+00      -3175.88  0.4146  0.325E-03      -2095.81  0.4478  0.148E-02      -1353.67  0.4844 -0.993E-03
         50.2649        0.14  0.6832 -0.210E+00      -3175.88  0.4146  0.325E-03      -2095.81  0.4478  0.148E-02      -1353.66  0.4844 -0.993E-03
         50.2874        0.11  0.6832 -0.210E+00      -3175.88  0.4146  0.325E-03      -2095.81  0.4478  0.148E-02      -1353.65  0.4844 -0.988E-03
         50.3099        0.08  0.6832 -0.210E+00      -3175.88  0.4146  0.325E-03      -2095.81  0.4478  0.148E-02      -1353.64  0.4844 -0.988E-03
         50.3324        0.06  0.6832 -0.210E+00      -3175.88  0.4146  0.325E-03      -2095.80  0.4478  0.148E-02      -1353.63  0.4844 -0.988E-03
         50.3549        0.04  0.6832 -0.210E+00      -3175.88  0.4146  0.325E-03      -2095.80  0.4478  0.148E-02      -1353.62  0.4844 -0.988E-03
         50.3774        0.02  0.6832 -0.210E+00      -3175.88  0.4146  0.325E-03      -2095.80  0.4478  0.148E-02      -1353.61  0.4844 -0.988E-03
         50.3998        0.00  0.6832 -0.254E+00      -3175.88  0.4146  0.325E-03      -2095.80  0.4478  0.148E-02      -1353.61  0.4844 -0.988E-03
         50.4223        0.10  0.6832 -0.210E+00      -3175.88  0.4146  0.325E-03      -2095.79  0.4478  0.148E-02      -1353.60  0.4844 -0.988E-03
         50.4516       -0.02  0.6832 -0.210E+00      -3175.88  0.4146  0.325E-03      -2095.79  0.4478  0.148E-02      -1353.58  0.4844 -0.991E-03
         50.4808       -0.51  0.6833 -0.210E+00      -3175.88  0.4146  0.325E-03      -2095.79  0.4478  0.148E-02      -1353.57  0.4844 -0.991E-03
         50.5188       -1.17  0.6831 -0.210E+00      -3175.88  0.4146  0.325E-03      -2095.78  0.4478  0.148E-02      -1353.56  0.4844 -0.988E-03
         50.5682       -1.23  0.6831 -0.210E+00      -3175.88  0.4146  0.325E-03      -2095.78  0.4478  0.148E-02      -1353.54  0.4844 -0.990E-03
         50.6324       -1.25  0.6831 -0.210E+00      -3175.88  0.4146  0.325E-03      -2095.77  0.4478  0.148E-02      -1353.51  0.4844 -0.988E-03
         50.7159       -1.27  0.6831 -0.210E+00      -3175.88  0.4146  0.325E-03      -2095.76  0.4478  0.148E-02      -1353.48  0.4844 -0.989E-03
         50.8244       -1.34  0.6831 -0.210E+00      -3175.88  0.4146  0.325E-03      -2095.75  0.4478  0.148E-02      -1353.44  0.4844 -0.988E-03
         50.9655       -1.45  0.6831 -0.210E+00      -3175.88  0.4146  0.325E-03      -2095.74  0.4478  0.148E-02      -1353.38  0.4844 -0.989E-03
         51.1489       -1.58  0.6831 -0.210E+00      -3175.87  0.4146  0.325E-03      -2095.72  0.4478  0.148E-02      -1353.31  0.4844 -0.989E-03
         51.3873       -1.73  0.6830 -0.210E+00      -3175.87  0.4146  0.325E-03      -2095.69  0.4478  0.148E-02      -1353.21  0.4844 -0.989E-03
         51.6972       -1.87  0.6830 -0.210E+00      -3175.87  0.4146  0.325E-03      -2095.66  0.4478  0.148E-02      -1353.09  0.4844 -0.990E-03
         52.1002       -1.98  0.6830 -0.210E+00      -3175.87  0.4146  0.325E-03      -2095.62  0.4478  0.148E-02      -1352.93  0.4844 -0.990E-03
         52.6240       -2.08  0.6830 -0.210E+00      -3175.86  0.4146  0.325E-03      -2095.57  0.4478  0.148E-02      -1352.73  0.4844 -0.990E-03
         53.3049       -2.20  0.6830 -0.210E+00      -3175.86  0.4146  0.325E-03      -2095.50  0.4478  0.148E-02      -1352.47  0.4844 -0.990E-03
         54.1418       -2.29  0.6830 -0.210E+00      -3175.85  0.4146  0.325E-03      -2095.41  0.4478  0.148E-02      -1352.15  0.4845 -0.991E-03
         55.3134       -2.11  0.6830 -0.210E+00      -3175.84  0.4146  0.325E-03      -2095.29  0.4478  0.148E-02      -1351.71  0.4845 -0.992E-03
         56.8756       -1.56  0.6831 -0.210E+00      -3175.82  0.4146  0.325E-03      -2095.12  0.4478  0.148E-02      -1351.13  0.4845 -0.993E-03
         58.4378       -0.31  0.6832 -0.210E+00      -3175.81  0.4146  0.325E-03      -2094.96  0.4478  0.148E-02      -1350.55  0.4846 -0.994E-03
         58.9585       -1.42  0.6831 -0.210E+00      -3175.81  0.4146  0.325E-03      -2094.90  0.4478  0.148E-02      -1350.36  0.4846 -0.994E-03
         59.4793        0.00  0.6831 -0.218E+00      -3175.80  0.4146  0.325E-03      -2094.85  0.4478  0.148E-02      -1350.18  0.4846 -0.994E-03
         59.6528        0.00  0.6832 -0.223E+00      -3175.80  0.4146  0.325E-03      -2094.83  0.4478  0.148E-02      -1350.11  0.4846 -0.994E-03
         59.7107       -1.00  0.6831 -0.210E+00      -3175.80  0.4146  0.325E-03      -2094.83  0.4478  0.148E-02      -1350.09  0.4846 -0.994E-03
         59.7830       -0.44  0.6832 -0.210E+00      -3175.80  0.4146  0.325E-03      -2094.82  0.4478  0.148E-02      -1350.07  0.4846 -0.994E-03
         59.8915        0.00  0.6831 -0.207E+00      -3175.80  0.4146  0.325E-03      -2094.81  0.4478  0.148E-02      -1350.03  0.4846 -0.995E-03
         60.0000        0.00  0.6831 -0.212E+00      -3175.80  0.4146  0.325E-03      -2094.80  0.4478  0.148E-02      -1349.99  0.4846 -0.995E-03
         60.0000       -1.25  0.6831 -0.327E+00      -3175.80  0.4146  0.325E-03      -2094.80  0.4478  0.148E-02      -1349.99  0.4846 -0.111E-02
         60.0001       -1.05  0.6831 -0.329E+00      -3175.80  0.4146  0.325E-03      -2094.80  0.4478  0.148E-02      -1349.99  0.4846 -0.111E-02
         60.0001       -1.18  0.6831 -0.329E+00      -3175.80  0.4146  0.325E-03      -2094.80  0.4478  0.148E-02      -1349.99  0.4846 -0.111E-02
         60.0002       -1.10  0.6831 -0.329E+00      -3175.80  0.4146  0.325E-03      -2094.80  0.4478  0.148E-02      -1349.99  0.4846 -0.111E-02
         60.0003       -1.10  0.6831 -0.329E+00      -3175.80  0.4146  0.325E-03      -2094.80  0.4478  0.148E-02      -1349.99  0.4846 -0.111E-02
         60.0004       -1.05  0.6831 -0.331E+00      -3175.80  0.4146  0.325E-03      -2094.80  0.4478  0.148E-02      -1349.99  0.4846 -0.111E-02
         60.0006       -1.01  0.6831 -0.331E+00      -3175.80  0.4146  0.325E-03      -2094.80  0.4478  0.148E-02      -1349.99  0.4846 -0.111E-02
         60.0008       -0.95  0.6831 -0.330E+00      -3175.80  0.4146  0.325E-03      -2094.80  0.4478  0.148E-02      -1349.99  0.4846 -0.111E-02
         60.0011       -0.88  0.6831 -0.330E+00      -3175.80  0.4146  0.325E-03      -2094.80  0.4478  0.148E-02      -1349.99  0.4846 -0.111E-02
         60.0014       -0.78  0.6831 -0.330E+00      -3175.80  0.4146  0.325E-03      -2094.80  0.4478  0.148E-02      -1349.99  0.4846 -0.111E-02
         60.0019       -0.65  0.6832 -0.330E+00      -3175.80  0.4146  0.325E-03      -2094.80  0.4478  0.148E-02      -1349.99  0.4846 -0.111E-02
         60.0025       -0.48  0.6832 -0.330E+00      -3175.80  0.4146  0.325E-03      -2094.80  0.4478  0.148E-02      -1349.99  0.4846 -0.858E-03
         60.0033       -0.26  0.6832 -0.330E+00      -3175.80  0.4146  0.325E-03      -2094.80  0.4478  0.148E-02      -1349.99  0.4846 -0.111E-02
         60.0043       -0.19  0.6832 -0.330E+00      -3175.80  0.4146  0.325E-03      -2094.80  0.4478  0.148E-02      -1349.99  0.4846 -0.960E-03
         60.0056        0.00  0.6832 -0.137E+00      -3175.80  0.4146  0.325E-03      -2094.80  0.4478  0.148E-02      -1349.99  0.4846 -0.994E-03
         60.0073        0.22  0.6832 -0.330E+00      -3175.80  0.4146  0.325E-03      -2094.80  0.4478  0.148E-02      -1349.99  0.4846 -0.102E-02
         60.0095        0.00  0.6832 -0.252E+00      -3175.80  0.4146  0.325E-03      -2094.80  0.4478  0.148E-02      -1349.99  0.4846 -0.973E-03
         60.0124        0.00  0.6832 -0.275E+00      -3175.80  0.4146  0.325E-03      -2094.80  0.4478  0.148E-02      -1349.98  0.4846 -0.100E-02
         60.0161        0.00  0.6832 -0.273E+00      -3175.80  0.4146  0.325E-03      -2094.80  0.4478  0.148E-02      -1349.98  0.4846 -0.988E-03
         60.0210        0.00  0.6832 -0.271E+00      -3175.80  0.4146  0.325E-03      -2094.80  0.4478  0.148E-02      -1349.98  0.4846 -0.985E-03
         60.0273        0.00  0.6832 -0.269E+00      -3175.80  0.4146  0.325E-03      -2094.79  0.4478  0.148E-02      -1349.98  0.4846 -0.990E-03
         60.0356        0.00  0.6832 -0.267E+00      -3175.80  0.4146  0.325E-03      -2094.79  0.4478  0.148E-02      -1349.98  0.4846 -0.999E-03
         60.0463        0.00  0.6832 -0.264E+00      -3175.80  0.4146  0.325E-03      -2094.79  0.4478  0.148E-02      -1349.97  0.4846 -0.996E-03
         60.0602        0.00  0.6832 -0.261E+00      -3175.80  0.4146  0.325E-03      -2094.79  0.4478  0.148E-02      -1349.97  0.4846 -0.100E-02
         60.0783        0.00  0.6832 -0.258E+00      -3175.80  0.4146  0.325E-03      -2094.79  0.4478  0.148E-02      -1349.96  0.4846 -0.992E-03
         60.1018        0.00  0.6832 -0.254E+00      -3175.80  0.4146  0.325E-03      -2094.79  0.4478  0.148E-02      -1349.95  0.4846 -0.993E-03
         60.1324        0.00  0.6832 -0.251E+00      -3175.80  0.4146  0.325E-03      -2094.78  0.4478  0.148E-02      -1349.94  0.4846 -0.995E-03
         60.1721        0.00  0.6832 -0.249E+00      -3175.80  0.4146  0.325E-03      -2094.78  0.4478  0.148E-02      -1349.93  0.4846 -0.995E-03
         60.2238        0.00  0.6832 -0.246E+00      -3175.80  0.4146  0.325E-03      -2094.77  0.4478  0.148E-02      -1349.91  0.4846 -0.995E-03
         60.2910        0.00  0.6832 -0.244E+00      -3175.80  0.4146  0.325E-03      -2094.77  0.4478  0.148E-02      -1349.88  0.4846 -0.994E-03
         60.3783        0.00  0.6832 -0.242E+00      -3175.80  0.4146  0.325E-03      -2094.76  0.4478  0.148E-02      -1349.85  0.4846 -0.995E-03
         60.4919        0.00  0.6832 -0.240E+00      -3175.80  0.4146  0.325E-03      -2094.75  0.4478  0.148E-02      -1349.81  0.4846 -0.996E-03
         60.6395        0.00  0.6832 -0.238E+00      -3175.79  0.4146  0.325E-03      -2094.73  0.4478  0.148E-02      -1349.76  0.4846 -0.995E-03
         60.8313        0.00  0.6832 -0.237E+00      -3175.79  0.4146  0.325E-03      -2094.71  0.4478  0.148E-02      -1349.69  0.4846 -0.995E-03
         61.0808        0.00  0.6832 -0.235E+00      -3175.79  0.4146  0.325E-03      -2094.68  0.4478  0.148E-02      -1349.60  0.4846 -0.995E-03
         61.4050        0.00  0.6832 -0.233E+00      -3175.79  0.4146  0.325E-03      -2094.65  0.4478  0.148E-02      -1349.49  0.4846 -0.996E-03
         61.8266        0.00  0.6832 -0.231E+00      -3175.78  0.4146  0.325E-03      -2094.60  0.4478  0.148E-02      -1349.34  0.4846 -0.996E-03
         62.3746        0.00  0.6832 -0.230E+00      -3175.78  0.4146  0.325E-03      -2094.55  0.4478  0.148E-02      -1349.14  0.4846 -0.996E-03
         63.0870        0.00  0.6832 -0.228E+00      -3175.77  0.4146  0.325E-03      -2094.47  0.4478  0.148E-02      -1348.90  0.4847 -0.996E-03
         64.0745        0.00  0.6832 -0.226E+00      -3175.76  0.4146  0.325E-03      -2094.36  0.4478  0.148E-02      -1348.55  0.4847 -0.997E-03
         65.2596        0.00  0.6832 -0.224E+00      -3175.75  0.4146  0.325E-03      -2094.24  0.4478  0.148E-02      -1348.15  0.4847 -0.998E-03
         66.8398        0.00  0.6832 -0.222E+00      -3175.73  0.4146  0.325E-03      -2094.07  0.4478  0.148E-02      -1347.61  0.4847 -0.999E-03
         68.4199        0.00  0.6832 -0.220E+00      -3175.72  0.4146  0.325E-03      -2093.90  0.4478  0.148E-02      -1347.08  0.4848 -0.999E-03
         70.0000        0.00  0.6832 -0.219E+00      -3175.70  0.4146  0.325E-03      -2093.73  0.4479  0.148E-02      -1346.56  0.4848 -0.100E-02
         70.0001       -0.05  0.6832 -0.408E-01      -3175.70  0.4146  0.325E-03      -2093.73  0.4479  0.148E-02      -1346.56  0.4848 -0.110E-02
         70.0002       -0.14  0.6832 -0.411E-01      -3175.70  0.4146  0.325E-03      -2093.73  0.4479  0.148E-02      -1346.56  0.4848 -0.110E-02
         70.0004       -0.20  0.6832 -0.395E-01      -3175.70  0.4146  0.325E-03      -2093.73  0.4479  0.148E-02      -1346.56  0.4848 -0.110E-02
         70.0006       -0.29  0.6832 -0.402E-01      -3175.70  0.4146  0.325E-03      -2093.73  0.4479  0.148E-02      -1346.56  0.4848 -0.110E-02
         70.0009       -0.39  0.6832 -0.398E-01      -3175.70  0.4146  0.325E-03      -2093.73  0.4479  0.148E-02      -1346.56  0.4848 -0.110E-02
         70.0013       -0.50  0.6832 -0.400E-01      -3175.70  0.4146  0.325E-03      -2093.73  0.4479  0.148E-02      -1346.56  0.4848 -0.110E-02
         70.0018       -0.64  0.6832 -0.400E-01      -3175.70  0.4146  0.325E-03      -2093.73  0.4479  0.148E-02      -1346.56  0.4848 -0.110E-02
         70.0024       -0.80  0.6831 -0.399E-01      -3175.70  0.4146  0.325E-03      -2093.73  0.4479  0.148E-02      -1346.56  0.4848 -0.866E-03
         70.0032       -0.99  0.6831 -0.400E-01      -3175.70  0.4146  0.325E-03      -2093.73  0.4479  0.148E-02      -1346.56  0.4848 -0.921E-03
         70.0043       -1.21  0.6831 -0.399E-01      -3175.70  0.4146  0.325E-03      -2093.73  0.4479  0.148E-02      -1346.56  0.4848 -0.963E-03
         70.0056       -1.47  0.6831 -0.401E-01      -3175.70  0.4146  0.325E-03      -2093.73  0.4479  0.148E-02      -1346.56  0.4848 -0.996E-03
         70.0074       -1.78  0.6830 -0.401E-01      -3175.70  0.4146  0.325E-03      -2093.73  0.4479  0.148E-02      -1346.56  0.4848 -0.102E-02
         70.0098       -2.13  0.6830 -0.400E-01      -3175.70  0.4146  0.325E-03      -2093.73  0.4479  0.148E-02      -1346.56  0.4848 -0.976E-03
         70.0128       -2.54  0.6829 -0.400E-01      -3175.70  0.4146  0.325E-03      -2093.73  0.4479  0.148E-02      -1346.56  0.4848 -0.101E-02
         70.0167       -3.02  0.6829 -0.400E-01      -3175.70  0.4146  0.325E-03      -2093.73  0.4479  0.148E-02      -1346.56  0.4848 -0.990E-03
         70.0218       -3.57  0.6828 -0.400E-01      -3175.70  0.4146  0.325E-03      -2093.73  0.4479  0.148E-02      -1346.56  0.4848 -0.102E-02
         70.0285       -4.19  0.6827 -0.400E-01      -3175.70  0.4146  0.325E-03      -2093.73  0.4479  0.148E-02      -1346.55  0.4848 -0.992E-03
         70.0372       -4.90  0.6826 -0.400E-01      -3175.70  0.4146  0.325E-03      -2093.73  0.4479  0.148E-02      -1346.55  0.4848 -0.100E-02
         70.0484       -5.71  0.6825 -0.400E-01      -3175.70  0.4146  0.325E-03      -2093.72  0.4479  0.148E-02      -1346.55  0.4848 -0.998E-03
         70.0630       -6.61  0.6823 -0.400E-01      -3175.70  0.4146  0.325E-03      -2093.72  0.4479  0.148E-02      -1346.54  0.4848 -0.100E-02
         70.0820       -7.64  0.6822 -0.400E-01      -3175.70  0.4146  0.325E-03      -2093.72  0.4479  0.148E-02      -1346.54  0.4848 -0.100E-02
         70.1067       -8.80  0.6820 -0.400E-01      -3175.70  0.4146  0.325E-03      -2093.72  0.4479  0.148E-02      -1346.53  0.4848 -0.100E-02
         70.1388      -10.09  0.6817 -0.400E-01      -3175.70  0.4146  0.325E-03      -2093.72  0.4479  0.148E-02      -1346.52  0.4848 -0.100E-02
         70.1806      -11.57  0.6815 -0.400E-01      -3175.70  0.4146  0.325E-03      -2093.71  0.4479  0.148E-02      -1346.50  0.4848 -0.100E-02
         70.2349      -13.20  0.6811 -0.400E-01      -3175.70  0.4146  0.325E-03      -2093.70  0.4479  0.148E-02      -1346.49  0.4848 -0.100E-02
         70.3054      -15.06  0.6808 -0.400E-01      -3175.70  0.4146  0.325E-03      -2093.70  0.4479  0.148E-02      -1346.46  0.4848 -0.100E-02
         70.3972      -17.13  0.6803 -0.400E-01      -3175.70  0.4146  0.325E-03      -2093.69  0.4479  0.148E-02      -1346.43  0.4848 -0.100E-02
         70.5164      -19.49  0.6798 -0.400E-01      -3175.70  0.4146  0.325E-03      -2093.67  0.4479  0.148E-02      -1346.39  0.4848 -0.100E-02
         70.6715      -22.14  0.6793 -0.400E-01      -3175.70  0.4146  0.325E-03      -2093.66  0.4479  0.148E-02      -1346.34  0.4848 -0.100E-02
         70.8730      -25.13  0.6786 -0.400E-01      -3175.69  0.4146  0.325E-03      -2093.64  0.4479  0.148E-02      -1346.28  0.4848 -0.100E-02
         71.1350      -28.51  0.6778 -0.400E-01      -3175.69  0.4146  0.325E-03      -2093.61  0.4479  0.148E-02      -1346.19  0.4848 -0.100E-02
         71.4756      -32.30  0.6769 -0.400E-01      -3175.69  0.4146  0.325E-03      -2093.57  0.4479  0.148E-02      -1346.08  0.4848 -0.100E-02
         71.9184      -36.60  0.6759 -0.400E-01      -3175.68  0.4146  0.325E-03      -2093.52  0.4479  0.148E-02      -1345.94  0.4848 -0.100E-02
         72.4940      -41.39  0.6747 -0.400E-01      -3175.68  0.4146  0.325E-03      -2093.46  0.4479  0.148E-02      -1345.75  0.4849 -0.100E-02
         73.2446      -46.82  0.6734 -0.400E-01      -3175.67  0.4146  0.325E-03      -2093.38  0.4479  0.148E-02      -1345.51  0.4849 -0.100E-02
         74.2096      -52.76  0.6718 -0.400E-01      -3175.66  0.4146  0.325E-03      -2093.28  0.4479  0.148E-02      -1345.20  0.4849 -0.100E-02
         75.3677      -58.97  0.6702 -0.400E-01      -3175.65  0.4146  0.325E-03      -2093.15  0.4479  0.148E-02      -1344.83  0.4849 -0.100E-02
         76.9118      -65.99  0.6684 -0.400E-01      -3175.63  0.4146  0.325E-03      -2092.98  0.4479  0.148E-02      -1344.35  0.4849 -0.100E-02
         80.0000      -77.44  0.6654 -0.400E-01      -3175.60  0.4146  0.325E-03      -2092.65  0.4479  0.148E-02      -1343.40  0.4850 -0.101E-02
         80.0001      -77.35  0.6654 -0.506E-01      -3175.60  0.4146  0.325E-03      -2092.65  0.4479  0.148E-02      -1343.40  0.4850 -0.110E-02
         80.0002      -77.37  0.6654 -0.492E-01      -3175.60  0.4146  0.325E-03      -2092.65  0.4479  0.148E-02      -1343.40  0.4850 -0.110E-02
         80.0004      -77.35  0.6654 -0.500E-01      -3175.60  0.4146  0.325E-03      -2092.65  0.4479  0.148E-02      -1343.40  0.4850 -0.110E-02
         80.0006      -77.36  0.6654 -0.501E-01      -3175.60  0.4146  0.325E-03      -2092.65  0.4479  0.148E-02      -1343.40  0.4850 -0.110E-02
         80.0009      -77.35  0.6654 -0.499E-01      -3175.60  0.4146  0.325E-03      -2092.65  0.4479  0.148E-02      -1343.40  0.4850 -0.110E-02
         80.0013      -77.35  0.6654 -0.503E-01      -3175.60  0.4146  0.325E-03      -2092.65  0.4479  0.148E-02      -1343.40  0.4850 -0.110E-02
         80.0018      -77.35  0.6654 -0.502E-01      -3175.60  0.4146  0.325E-03      -2092.65  0.4479  0.148E-02      -1343.40  0.4850 -0.110E-02
         80.0024      -77.35  0.6654 -0.499E-01      -3175.60  0.4146  0.325E-03      -2092.65  0.4479  0.148E-02      -1343.40  0.4850 -0.864E-03
         80.0032      -77.34  0.6654 -0.498E-01      -3175.60  0.4146  0.325E-03      -2092.65  0.4479  0.148E-02      -1343.40  0.4850 -0.919E-03
         80.0043      -77.34  0.6654 -0.501E-01      -3175.60  0.4146  0.325E-03      -2092.65  0.4479  0.148E-02      -1343.40  0.4850 -0.961E-03
         80.0056      -77.33  0.6654 -0.500E-01      -3175.60  0.4146  0.325E-03      -2092.64  0.4479  0.148E-02      -1343.40  0.4850 -0.994E-03
         80.0074      -77.33  0.6654 -0.500E-01      -3175.60  0.4146  0.325E-03      -2092.65  0.4479  0.148E-02      -1343.40  0.4850 -0.102E-02
         80.0098      -77.32  0.6654 -0.500E-01      -3175.60  0.4146  0.325E-03      -2092.64  0.4479  0.148E-02      -1343.40  0.4850 -0.104E-02
         80.0128      -77.30  0.6654 -0.500E-01      -3175.60  0.4146  0.325E-03      -2092.64  0.4479  0.148E-02      -1343.40  0.4850 -0.100E-02
         80.0167      -77.29  0.6654 -0.500E-01      -3175.60  0.4146  0.325E-03      -2092.64  0.4479  0.148E-02      -1343.40  0.4850 -0.103E-02
         80.0218      -77.27  0.6655 -0.500E-01      -3175.60  0.4146  0.325E-03      -2092.64  0.4479  0.148E-02      -1343.40  0.4850 -0.101E-02
         80.0285      -77.25  0.6655 -0.500E-01      -3175.60  0.4146  0.325E-03      -2092.64  0.4479  0.148E-02      -1343.39  0.4850 -0.101E-02
         80.0372      -77.22  0.6655 -0.500E-01      -3175.60  0.4146  0.325E-03      -2092.64  0.4479  0.148E-02      -1343.39  0.4850 -0.102E-02
         80.0484      -77.18  0.6655 -0.500E-01      -3175.60  0.4146  0.325E-03      -2092.64  0.4479  0.148E-02      -1343.39  0.4850 -0.101E-02
         80.0630      -77.13  0.6655 -0.500E-01      -3175.60  0.4146  0.325E-03      -2092.64  0.4479  0.148E-02      -1343.38  0.4850 -0.100E-02
         80.0820      -77.08  0.6655 -0.500E-01      -3175.60  0.4146  0.325E-03      -2092.64  0.4479  0.148E-02      -1343.38  0.4850 -0.101E-02
         80.1067      -77.01  0.6655 -0.500E-01      -3175.60  0.4146  0.325E-03      -2092.63  0.4479  0.148E-02      -1343.37  0.4850 -0.101E-02
         80.1388      -76.94  0.6655 -0.500E-01      -3175.60  0.4146  0.325E-03      -2092.63  0.4479  0.148E-02      -1343.36  0.4850 -0.100E-02
         80.1806      -76.86  0.6656 -0.500E-01      -3175.60  0.4146  0.325E-03      -2092.63  0.4479  0.148E-02      -1343.35  0.4850 -0.101E-02
         80.2349      -76.78  0.6656 -0.500E-01      -3175.60  0.4146  0.325E-03      -2092.62  0.4479  0.148E-02      -1343.33  0.4850 -0.101E-02
         80.3054      -76.71  0.6656 -0.500E-01      -3175.60  0.4146  0.325E-03      -2092.61  0.4479  0.148E-02      -1343.31  0.4850 -0.100E-02
         80.3972      -76.67  0.6656 -0.500E-01      -3175.60  0.4146  0.325E-03      -2092.60  0.4479  0.148E-02      -1343.28  0.4850 -0.101E-02
         80.5164      -76.67  0.6656 -0.500E-01      -3175.59  0.4146  0.325E-03      -2092.59  0.4479  0.148E-02      -1343.24  0.4850 -0.101E-02
         80.6715      -76.74  0.6656 -0.500E-01      -3175.59  0.4146  0.325E-03      -2092.57  0.4479  0.148E-02      -1343.20  0.4850 -0.101E-02
         80.8730      -76.91  0.6655 -0.500E-01      -3175.59  0.4146  0.325E-03      -2092.55  0.4479  0.148E-02      -1343.13  0.4850 -0.101E-02
         81.1350      -77.22  0.6655 -0.500E-01      -3175.59  0.4146  0.325E-03      -2092.52  0.4479  0.148E-02      -1343.05  0.4850 -0.101E-02
         81.4756      -77.71  0.6653 -0.500E-01      -3175.58  0.4146  0.325E-03      -2092.49  0.4479  0.148E-02      -1342.95  0.4850 -0.101E-02
         81.9184      -78.43  0.6651 -0.500E-01      -3175.58  0.4146  0.325E-03      -2092.44  0.4479  0.148E-02      -1342.82  0.4850 -0.101E-02
         82.4940      -79.40  0.6649 -0.500E-01      -3175.57  0.4146  0.325E-03      -2092.37  0.4479  0.148E-02      -1342.64  0.4851 -0.101E-02
         83.2446      -80.69  0.6645 -0.500E-01      -3175.56  0.4146  0.325E-03      -2092.29  0.4479  0.148E-02      -1342.42  0.4851 -0.101E-02
         84.2096      -82.36  0.6641 -0.500E-01      -3175.55  0.4146  0.325E-03      -2092.19  0.4479  0.148E-02      -1342.13  0.4851 -0.101E-02
         85.3677      -84.31  0.6636 -0.500E-01      -3175.54  0.4146  0.325E-03      -2092.06  0.4479  0.148E-02      -1341.79  0.4851 -0.101E-02
         86.9118      -86.81  0.6629 -0.500E-01      -3175.52  0.4146  0.325E-03      -2091.89  0.4479  0.148E-02      -1341.33  0.4851 -0.101E-02
         90.0000      -91.25  0.6617 -0.500E-01      -3175.48  0.4146  0.325E-03      -2091.55  0.4479  0.148E-02      -1340.44  0.4852 -0.101E-02
         90.0001      -91.22  0.6617 -0.101E-01      -3175.48  0.4146  0.325E-03      -2091.55  0.4479  0.148E-02      -1340.44  0.4852 -0.110E-02
         90.0002      -91.23  0.6617 -0.106E-01      -3175.48  0.4146  0.325E-03      -2091.54  0.4479  0.148E-02      -1340.44  0.4852 -0.110E-02
         90.0004      -91.23  0.6617 -0.949E-02      -3175.48  0.4146  0.325E-03      -2091.55  0.4479  0.148E-02      -1340.44  0.4852 -0.110E-02
         90.0006      -91.24  0.6617 -0.975E-02      -3175.48  0.4146  0.325E-03      -2091.55  0.4479  0.148E-02      -1340.44  0.4852 -0.110E-02
         90.0009      -91.25  0.6617 -0.100E-01      -3175.48  0.4146  0.325E-03      -2091.55  0.4479  0.148E-02      -1340.44  0.4852 -0.110E-02
         90.0013      -91.26  0.6617 -0.100E-01      -3175.48  0.4146  0.325E-03      -2091.55  0.4479  0.148E-02      -1340.44  0.4852 -0.110E-02
         90.0018      -91.28  0.6617 -0.973E-02      -3175.48  0.4146  0.325E-03      -2091.55  0.4479  0.148E-02      -1340.44  0.4852 -0.110E-02
         90.0024      -91.30  0.6617 -0.987E-02      -3175.48  0.4146  0.325E-03      -2091.55  0.4479  0.148E-02      -1340.44  0.4852 -0.110E-02
         90.0032      -91.32  0.6617 -0.996E-02      -3175.48  0.4146  0.325E-03      -2091.55  0.4479  0.148E-02      -1340.44  0.4852 -0.110E-02
         90.0043      -91.36  0.6617 -0.994E-02      -3175.48  0.4146  0.325E-03      -2091.55  0.4479  0.148E-02      -1340.44  0.4852 -0.960E-03
         90.0056      -91.40  0.6617 -0.993E-02      -3175.48  0.4146  0.325E-03      -2091.54  0.4479  0.148E-02      -1340.44  0.4852 -0.993E-03
         90.0074      -91.45  0.6617 -0.101E-01      -3175.48  0.4146  0.325E-03      -2091.55  0.4479  0.148E-02      -1340.44  0.4852 -0.102E-02
         90.0098      -91.53  0.6617 -0.996E-02      -3175.48  0.4146  0.325E-03      -2091.54  0.4479  0.148E-02      -1340.44  0.4852 -0.104E-02
         90.0128      -91.62  0.6616 -0.100E-01      -3175.48  0.4146  0.325E-03      -2091.54  0.4479  0.148E-02      -1340.44  0.4852 -0.100E-02
         90.0167      -91.74  0.6616 -0.100E-01      -3175.48  0.4146  0.325E-03      -2091.54  0.4479  0.148E-02      -1340.44  0.4852 -0.103E-02
         90.0218      -91.89  0.6616 -0.100E-01      -3175.48  0.4146  0.325E-03      -2091.54  0.4479  0.148E-02      -1340.44  0.4852 -0.101E-02
         90.0285      -92.09  0.6615 -0.100E-01      -3175.48  0.4146  0.325E-03      -2091.54  0.4479  0.148E-02      -1340.44  0.4852 -0.101E-02
         90.0372      -92.35  0.6614 -0.999E-02      -3175.48  0.4146  0.325E-03      -2091.54  0.4479  0.148E-02      -1340.43  0.4852 -0.101E-02
         90.0484      -92.67  0.6613 -0.100E-01      -3175.48  0.4146  0.325E-03      -2091.54  0.4479  0.148E-02      -1340.43  0.4852 -0.101E-02
         90.0630      -93.09  0.6612 -0.100E-01      -3175.48  0.4146  0.325E-03      -2091.54  0.4479  0.148E-02      -1340.43  0.4852 -0.101E-02
         90.0820      -93.61  0.6611 -0.999E-02      -3175.48  0.4146  0.325E-03      -2091.54  0.4479  0.148E-02      -1340.42  0.4852 -0.101E-02
         90.1067      -94.26  0.6609 -0.100E-01      -3175.48  0.4146  0.325E-03      -2091.53  0.4479  0.148E-02      -1340.41  0.4852 -0.101E-02
         90.1388      -95.08  0.6607 -0.100E-01      -3175.48  0.4146  0.325E-03      -2091.53  0.4479  0.148E-02      -1340.41  0.4852 -0.101E-02
         90.1806      -96.08  0.6604 -0.100E-01      -3175.48  0.4146  0.325E-03      -2091.53  0.4479  0.148E-02      -1340.39  0.4852 -0.101E-02
         90.2349      -97.29  0.6601 -0.100E-01      -3175.48  0.4146  0.325E-03      -2091.52  0.4479  0.148E-02      -1340.38  0.4852 -0.101E-02
         90.3054      -98.75  0.6597 -0.100E-01      -3175.48  0.4146  0.325E-03      -2091.51  0.4479  0.148E-02      -1340.36  0.4852 -0.101E-02
         90.3972     -100.46  0.6593 -0.100E-01      -3175.48  0.4146  0.325E-03      -2091.50  0.4479  0.148E-02      -1340.33  0.4852 -0.101E-02
         90.5164     -102.46  0.6587 -0.100E-01      -3175.48  0.4146  0.325E-03      -2091.49  0.4479  0.148E-02      -1340.30  0.4852 -0.101E-02
         90.6715     -104.76  0.6581 -0.100E-01      -3175.47  0.4146  0.325E-03      -2091.47  0.4479  0.148E-02      -1340.25  0.4852 -0.101E-02
         90.8730     -107.38  0.6574 -0.100E-01      -3175.47  0.4146  0.325E-03      -2091.45  0.4479  0.148E-02      -1340.19  0.4852 -0.101E-02
         91.1350     -110.35  0.6566 -0.100E-01      -3175.47  0.4146  0.325E-03      -2091.42  0.4479  0.148E-02      -1340.12  0.4852 -0.101E-02
         91.4756     -113.70  0.6557 -0.100E-01      -3175.46  0.4146  0.325E-03      -2091.38  0.4479  0.148E-02      -1340.02  0.4852 -0.101E-02
         91.9184     -117.54  0.6547 -0.100E-01      -3175.46  0.4146  0.325E-03      -2091.33  0.4479  0.148E-02      -1339.89  0.4852 -0.101E-02
         92.4940     -122.02  0.6535 -0.100E-01      -3175.45  0.4146  0.325E-03      -2091.27  0.4479  0.148E-02      -1339.73  0.4852 -0.101E-02
         93.2446     -127.17  0.6522 -0.100E-01      -3175.44  0.4146  0.326E-03      -2091.19  0.4480  0.148E-02      -1339.52  0.4853 -0.101E-02
         94.2096     -133.04  0.6506 -0.100E-01      -3175.43  0.4146  0.326E-03      -2091.08  0.4480  0.148E-02      -1339.25  0.4853 -0.101E-02
         95.3677     -139.35  0.6490 -0.100E-01      -3175.41  0.4146  0.326E-03      -2090.95  0.4480  0.148E-02      -1338.92  0.4853 -0.101E-02
         96.9118     -146.85  0.6470 -0.100E-01      -3175.39  0.4146  0.326E-03      -2090.78  0.4480  0.148E-02      -1338.50  0.4853 -0.101E-02
        100.0000     -160.08  0.6436 -0.100E-01      -3175.35  0.4146  0.326E-03      -2090.43  0.4480  0.148E-02      -1337.65  0.4854 -0.102E-02
        102.5000     -178.69  0.6392 -0.158E-07      -3175.31  0.4146  0.326E-03      -2090.15  0.4480  0.148E-02      -1336.98  0.4854 -0.102E-02
        106.2500     -197.83  0.6341 -0.559E-08      -3175.26  0.4146  0.326E-03      -2089.73  0.4480  0.149E-02      -1335.99  0.4855 -0.102E-02
        110.0000     -215.92  0.6299 -0.279E-08      -3175.20  0.4146  0.326E-03      -2089.31  0.4480  0.149E-02      -1335.01  0.4855 -0.102E-02
        115.0000     -235.70  0.6251  0.931E-08      -3175.11  0.4146  0.326E-03      -2088.74  0.4480  0.149E-02      -1333.75  0.4856 -0.102E-02
        120.0000     -255.23  0.6209  0.265E-07      -3175.02  0.4146  0.327E-03      -2088.17  0.4481  0.149E-02      -1332.50  0.4857 -0.102E-02
        125.0000     -272.48  0.6171 -0.140E-08      -3174.92  0.4146  0.327E-03      -2087.59  0.4481  0.149E-02      -1331.28  0.4858 -0.103E-02
        130.0000     -288.48  0.6136  0.605E-08      -3174.81  0.4146  0.327E-03      -2087.02  0.4481  0.149E-02      -1330.09  0.4858 -0.103E-02
        130.0001     -288.62  0.6136 -0.946E-02      -3174.81  0.4146  0.327E-03      -2087.02  0.4481  0.149E-02      -1330.09  0.4858 -0.110E-02
        130.0002     -288.59  0.6136 -0.104E-01      -3174.81  0.4146  0.327E-03      -2087.02  0.4481  0.149E-02      -1330.09  0.4858 -0.110E-02
        130.0004     -288.61  0.6136 -0.106E-01      -3174.81  0.4146  0.327E-03      -2087.02  0.4481  0.149E-02      -1330.09  0.4858 -0.110E-02
        130.0006     -288.60  0.6136 -0.103E-01      -3174.81  0.4146  0.327E-03      -2087.02  0.4481  0.149E-02      -1330.09  0.4858 -0.110E-02
        130.0009     -288.60  0.6136 -0.976E-02      -3174.81  0.4146  0.327E-03      -2087.02  0.4481  0.149E-02      -1330.09  0.4858 -0.110E-02
        130.0013     -288.60  0.6136 -0.992E-02      -3174.81  0.4146  0.327E-03      -2087.02  0.4481  0.149E-02      -1330.09  0.4858 -0.110E-02
        130.0018     -288.60  0.6136 -0.968E-02      -3174.81  0.4146  0.327E-03      -2087.02  0.4481  0.149E-02      -1330.09  0.4858 -0.110E-02
        130.0024     -288.59  0.6136 -0.102E-01      -3174.81  0.4146  0.327E-03      -2087.02  0.4481  0.149E-02      -1330.09  0.4858 -0.110E-02
        130.0032     -288.59  0.6136 -0.101E-01      -3174.81  0.4146  0.327E-03      -2087.02  0.4481  0.149E-02      -1330.09  0.4858 -0.920E-03
        130.0043     -288.58  0.6136 -0.998E-02      -3174.81  0.4146  0.327E-03      -2087.02  0.4481  0.149E-02      -1330.09  0.4858 -0.962E-03
        130.0056     -288.57  0.6136 -0.100E-01      -3174.81  0.4146  0.327E-03      -2087.02  0.4481  0.149E-02      -1330.09  0.4858 -0.995E-03
        130.0074     -288.56  0.6136 -0.100E-01      -3174.81  0.4146  0.327E-03      -2087.02  0.4481  0.149E-02      -1330.09  0.4858 -0.102E-02
        130.0098     -288.55  0.6136 -0.994E-02      -3174.81  0.4146  0.327E-03      -2087.02  0.4481  0.149E-02      -1330.09  0.4858 -0.104E-02
        130.0128     -288.53  0.6136 -0.995E-02      -3174.81  0.4146  0.327E-03      -2087.02  0.4481  0.149E-02      -1330.08  0.4858 -0.100E-02
        130.0167     -288.51  0.6136 -0.100E-01      -3174.81  0.4146  0.327E-03      -2087.02  0.4481  0.149E-02      -1330.08  0.4858 -0.103E-02
        130.0218     -288.48  0.6136 -0.100E-01      -3174.81  0.4146  0.327E-03      -2087.02  0.4481  0.149E-02      -1330.08  0.4858 -0.104E-02
        130.0285     -288.44  0.6136 -0.998E-02      -3174.81  0.4146  0.327E-03      -2087.01  0.4481  0.149E-02      -1330.08  0.4858 -0.104E-02
        130.0372     -288.39  0.6136 -0.100E-01      -3174.81  0.4146  0.327E-03      -2087.01  0.4481  0.149E-02      -1330.08  0.4858 -0.103E-02
        130.0484     -288.33  0.6136 -0.999E-02      -3174.81  0.4146  0.327E-03      -2087.01  0.4481  0.149E-02      -1330.08  0.4858 -0.102E-02
        130.0630     -288.24  0.6137 -0.999E-02      -3174.81  0.4146  0.327E-03      -2087.01  0.4481  0.149E-02      -1330.07  0.4858 -0.103E-02
        130.0820     -288.14  0.6137 -0.100E-01      -3174.81  0.4146  0.327E-03      -2087.01  0.4481  0.149E-02      -1330.07  0.4858 -0.102E-02
        130.1067     -288.00  0.6137 -0.100E-01      -3174.81  0.4146  0.327E-03      -2087.00  0.4481  0.149E-02      -1330.06  0.4858 -0.103E-02
        130.1388     -287.83  0.6138 -0.100E-01      -3174.81  0.4146  0.327E-03      -2087.00  0.4481  0.149E-02      -1330.05  0.4858 -0.103E-02
        130.1806     -287.61  0.6138 -0.100E-01      -3174.81  0.4146  0.327E-03      -2087.00  0.4481  0.149E-02      -1330.05  0.4858 -0.103E-02
        130.2349     -287.34  0.6139 -0.100E-01      -3174.81  0.4146  0.327E-03      -2086.99  0.4481  0.149E-02      -1330.03  0.4858 -0.103E-02
        130.3054     -287.00  0.6139 -0.100E-01      -3174.81  0.4146  0.327E-03      -2086.98  0.4481  0.149E-02      -1330.02  0.4858 -0.103E-02
        130.3972     -286.59  0.6140 -0.100E-01      -3174.81  0.4146  0.327E-03      -2086.97  0.4481  0.149E-02      -1329.99  0.4858 -0.103E-02
        130.5164     -286.10  0.6141 -0.100E-01      -3174.81  0.4146  0.327E-03      -2086.96  0.4481  0.149E-02      -1329.97  0.4858 -0.103E-02
        130.6715     -285.52  0.6143 -0.100E-01      -3174.80  0.4146  0.327E-03      -2086.94  0.4481  0.149E-02      -1329.93  0.4859 -0.103E-02
        130.8730     -284.86  0.6144 -0.100E-01      -3174.80  0.4146  0.327E-03      -2086.92  0.4481  0.149E-02      -1329.88  0.4859 -0.103E-02
        131.1350     -284.15  0.6146 -0.100E-01      -3174.79  0.4146  0.327E-03      -2086.89  0.4481  0.149E-02      -1329.82  0.4859 -0.103E-02
        131.4756     -283.42  0.6147 -0.100E-01      -3174.79  0.4146  0.327E-03      -2086.85  0.4481  0.149E-02      -1329.74  0.4859 -0.103E-02
        131.9184     -282.74  0.6149 -0.100E-01      -3174.78  0.4146  0.327E-03      -2086.80  0.4481  0.149E-02      -1329.63  0.4859 -0.103E-02
        132.4940     -282.18  0.6150 -0.100E-01      -3174.76  0.4146  0.327E-03      -2086.73  0.4481  0.149E-02      -1329.50  0.4859 -0.103E-02
        133.2446     -281.85  0.6151 -0.100E-01      -3174.75  0.4146  0.327E-03      -2086.64  0.4481  0.149E-02      -1329.32  0.4859 -0.103E-02
        134.2096     -281.86  0.6151 -0.100E-01      -3174.73  0.4146  0.327E-03      -2086.53  0.4481  0.149E-02      -1329.09  0.4859 -0.103E-02
        135.3677     -282.28  0.6150 -0.100E-01      -3174.70  0.4146  0.327E-03      -2086.40  0.4481  0.149E-02      -1328.82  0.4859 -0.103E-02
        136.9118     -283.29  0.6148 -0.100E-01      -3174.66  0.4146  0.327E-03      -2086.22  0.4481  0.149E-02      -1328.46  0.4859 -0.103E-02
        140.0000     -286.15  0.6141 -0.100E-01      -3174.59  0.4146  0.328E-03      -2085.86  0.4482  0.149E-02      -1327.76  0.4860 -0.103E-02
        142.5000     -302.56  0.6109 -0.601E-07      -3174.53  0.4146  0.328E-03      -2085.57  0.4482  0.149E-02      -1327.19  0.4860 -0.103E-02
        146.2500     -317.85  0.6074  0.368E-07      -3174.43  0.4146  0.328E-03      -2085.13  0.4482  0.149E-02      -1326.35  0.4861 -0.103E-02
        150.0000     -331.86  0.6048 -0.324E-07      -3174.33  0.4146  0.328E-03      -2084.69  0.4482  0.149E-02      -1325.52  0.4861 -0.104E-02
        155.0000     -346.76  0.6018  0.116E-08      -3174.19  0.4146  0.329E-03      -2084.10  0.4482  0.149E-02      -1324.43  0.4862 -0.104E-02
        160.0000     -360.43  0.5992  0.263E-07      -3174.04  0.4146  0.329E-03      -2083.51  0.4482  0.149E-02      -1323.37  0.4863 -0.104E-02
        165.0000     -373.03  0.5967 -0.466E-09      -3173.88  0.4146  0.329E-03      -2082.92  0.4483  0.149E-02      -1322.32  0.4863 -0.104E-02
        170.0000     -386.07  0.5944  0.116E-08      -3173.71  0.4146  0.330E-03      -2082.32  0.4483  0.149E-02      -1321.29  0.4864 -0.104E-02
        180.0000     -409.90  0.5902  0.908E-08      -3173.34  0.4146  0.331E-03      -2081.13  0.4483  0.149E-02      -1319.30  0.4865 -0.105E-02
        190.0000     -431.58  0.5865 -0.105E-07      -3172.93  0.4147  0.331E-03      -2079.93  0.4484  0.149E-02      -1317.38  0.4866 -0.105E-02
        200.0000     -451.52  0.5830  0.757E-08      -3172.50  0.4147  0.332E-03      -2078.72  0.4484  0.149E-02      -1315.53  0.4868 -0.105E-02
        200.0001     -451.71  0.5830 -0.107E-01      -3172.50  0.4147  0.332E-03      -2078.72  0.4484  0.149E-02      -1315.52  0.4868 -0.111E-02
        200.0002     -451.66  0.5830 -0.109E-01      -3172.50  0.4147  0.332E-03      -2078.72  0.4484  0.149E-02      -1315.53  0.4868 -0.111E-02
        200.0004     -451.70  0.5830 -0.105E-01      -3172.50  0.4147  0.332E-03      -2078.72  0.4484  0.149E-02      -1315.52  0.4868 -0.111E-02
        200.0006     -451.68  0.5830 -0.986E-02      -3172.50  0.4147  0.332E-03      -2078.72  0.4484  0.149E-02      -1315.53  0.4868 -0.111E-02
        200.0009     -451.69  0.5830 -0.101E-01      -3172.50  0.4147  0.332E-03      -2078.72  0.4484  0.149E-02      -1315.52  0.4868 -0.111E-02
        200.0013     -451.68  0.5830 -0.975E-02      -3172.50  0.4147  0.332E-03      -2078.72  0.4484  0.149E-02      -1315.52  0.4868 -0.111E-02
        200.0018     -451.68  0.5830 -0.975E-02      -3172.50  0.4147  0.332E-03      -2078.72  0.4484  0.149E-02      -1315.52  0.4868 -0.111E-02
        200.0024     -451.67  0.5830 -0.980E-02      -3172.50  0.4147  0.332E-03      -2078.72  0.4484  0.149E-02      -1315.52  0.4868 -0.111E-02
        200.0032     -451.66  0.5830 -0.101E-01      -3172.50  0.4147  0.332E-03      -2078.72  0.4484  0.149E-02      -1315.52  0.4868 -0.111E-02
        200.0043     -451.65  0.5830 -0.988E-02      -3172.50  0.4147  0.332E-03      -2078.72  0.4484  0.149E-02      -1315.52  0.4868 -0.970E-03
        200.0056     -451.64  0.5830 -0.994E-02      -3172.50  0.4147  0.332E-03      -2078.72  0.4484  0.149E-02      -1315.52  0.4868 -0.100E-02
        200.0074     -451.62  0.5830 -0.100E-01      -3172.50  0.4147  0.332E-03      -2078.72  0.4484  0.149E-02      -1315.52  0.4868 -0.103E-02
        200.0098     -451.60  0.5830 -0.101E-01      -3172.50  0.4147  0.332E-03      -2078.72  0.4484  0.149E-02      -1315.52  0.4868 -0.105E-02
        200.0128     -451.57  0.5830 -0.100E-01      -3172.50  0.4147  0.332E-03      -2078.72  0.4484  0.149E-02      -1315.52  0.4868 -0.106E-02
        200.0167     -451.53  0.5830 -0.100E-01      -3172.50  0.4147  0.332E-03      -2078.72  0.4484  0.149E-02      -1315.52  0.4868 -0.103E-02
        200.0218     -451.48  0.5830 -0.998E-02      -3172.50  0.4147  0.332E-03      -2078.72  0.4484  0.149E-02      -1315.52  0.4868 -0.105E-02
        200.0285     -451.42  0.5831 -0.998E-02      -3172.50  0.4147  0.332E-03      -2078.72  0.4484  0.149E-02      -1315.52  0.4868 -0.104E-02
        200.0372     -451.34  0.5831 -0.100E-01      -3172.50  0.4147  0.332E-03      -2078.72  0.4484  0.149E-02      -1315.52  0.4868 -0.106E-02
        200.0484     -451.23  0.5831 -0.100E-01      -3172.50  0.4147  0.332E-03      -2078.72  0.4484  0.149E-02      -1315.52  0.4868 -0.106E-02
        200.0630     -451.10  0.5831 -0.100E-01      -3172.50  0.4147  0.332E-03      -2078.71  0.4484  0.149E-02      -1315.51  0.4868 -0.105E-02
        200.0820     -450.92  0.5831 -0.100E-01      -3172.50  0.4147  0.332E-03      -2078.71  0.4484  0.149E-02      -1315.51  0.4868 -0.106E-02
        200.1067     -450.69  0.5832 -0.100E-01      -3172.50  0.4147  0.332E-03      -2078.71  0.4484  0.149E-02      -1315.51  0.4868 -0.105E-02
        200.1388     -450.39  0.5832 -0.100E-01      -3172.49  0.4147  0.332E-03      -2078.71  0.4484  0.149E-02      -1315.50  0.4868 -0.105E-02
        200.1806     -450.01  0.5833 -0.100E-01      -3172.49  0.4147  0.332E-03      -2078.70  0.4484  0.149E-02      -1315.49  0.4868 -0.105E-02
        200.2349     -449.53  0.5834 -0.100E-01      -3172.49  0.4147  0.332E-03      -2078.69  0.4484  0.149E-02      -1315.48  0.4868 -0.105E-02
        200.3054     -448.91  0.5835 -0.100E-01      -3172.49  0.4147  0.332E-03      -2078.69  0.4484  0.149E-02      -1315.47  0.4868 -0.105E-02
        200.3972     -448.13  0.5836 -0.100E-01      -3172.48  0.4147  0.332E-03      -2078.67  0.4484  0.149E-02      -1315.45  0.4868 -0.105E-02
        200.5164     -447.16  0.5838 -0.100E-01      -3172.48  0.4147  0.332E-03      -2078.66  0.4484  0.149E-02      -1315.43  0.4868 -0.105E-02
        200.6715     -445.94  0.5840 -0.100E-01      -3172.47  0.4147  0.332E-03      -2078.64  0.4484  0.149E-02      -1315.40  0.4868 -0.105E-02
        200.8730     -444.45  0.5843 -0.100E-01      -3172.46  0.4147  0.332E-03      -2078.62  0.4484  0.149E-02      -1315.36  0.4868 -0.105E-02
        201.1350     -442.65  0.5846 -0.100E-01      -3172.45  0.4147  0.332E-03      -2078.59  0.4484  0.149E-02      -1315.32  0.4868 -0.105E-02
        201.4756     -440.52  0.5849 -0.100E-01      -3172.43  0.4147  0.332E-03      -2078.54  0.4484  0.149E-02      -1315.25  0.4868 -0.105E-02
        201.9184     -438.06  0.5854 -0.100E-01      -3172.41  0.4147  0.332E-03      -2078.49  0.4484  0.149E-02      -1315.17  0.4868 -0.105E-02
        202.4940     -435.29  0.5859 -0.100E-01      -3172.39  0.4147  0.333E-03      -2078.42  0.4484  0.149E-02      -1315.07  0.4868 -0.105E-02
        203.2446     -432.27  0.5864 -0.100E-01      -3172.35  0.4147  0.333E-03      -2078.33  0.4484  0.149E-02      -1314.93  0.4868 -0.105E-02
        204.2096     -429.13  0.5869 -0.100E-01      -3172.31  0.4147  0.333E-03      -2078.22  0.4484  0.149E-02      -1314.75  0.4868 -0.105E-02
        205.3677     -426.14  0.5874 -0.100E-01      -3172.26  0.4147  0.333E-03      -2078.08  0.4484  0.149E-02      -1314.54  0.4868 -0.105E-02
        206.9118     -423.15  0.5880 -0.100E-01      -3172.18  0.4147  0.333E-03      -2077.89  0.4485  0.149E-02      -1314.26  0.4868 -0.105E-02
        210.0000     -419.41  0.5886 -0.100E-01      -3172.04  0.4147  0.333E-03      -2077.52  0.4485  0.149E-02      -1313.71  0.4869 -0.106E-02
        212.5000     -436.88  0.5859  0.251E-07      -3171.92  0.4147  0.333E-03      -2077.22  0.4485  0.149E-02      -1313.27  0.4869 -0.106E-02
        216.2500     -450.01  0.5831  0.244E-07      -3171.74  0.4147  0.334E-03      -2076.76  0.4485  0.149E-02      -1312.61  0.4869 -0.106E-02
        220.0000     -462.80  0.5811  0.466E-08      -3171.55  0.4147  0.334E-03      -2076.31  0.4485  0.149E-02      -1311.97  0.4870 -0.106E-02
end
