 ******* Program HYDRUS
 ******* 
 Welcome to HYDRUS-1D                                                    
 Date:  29. 8.    Time:   0:18:57
 Units: L = mm   , T = min  , M = mmol 


    TLevel      Time          dt      Iter    ItCum  KodT  KodB  Convergency

        1  0.1000010E+02  0.10000E-03    2        2    -4    -5     T
        2  0.1000023E+02  0.12857E-03    2        4    -4    -5     T
        3  0.1000038E+02  0.15429E-03    2        6    -4    -5     T
        4  0.1000059E+02  0.20571E-03    2        8    -4    -5     T
        5  0.1000100E+02  0.41143E-03    2       10    -4    -5     T
        6  0.1000137E+02  0.37129E-03    2       12    -4    -5     T
        7  0.1000185E+02  0.48268E-03    2       14    -4    -5     T
        8  0.1000248E+02  0.62748E-03    2       16    -4    -5     T
        9  0.1000330E+02  0.81573E-03    2       18    -4    -5     T
       10  0.1000436E+02  0.10604E-02    2       20    -4    -5     T
       11  0.1000574E+02  0.13786E-02    2       22    -4    -5     T
       12  0.1000753E+02  0.17922E-02    2       24    -4    -5     T
       13  0.1000986E+02  0.23298E-02    2       26    -4    -5     T
       14  0.1001289E+02  0.30287E-02    2       28    -4    -5     T
       15  0.1001682E+02  0.39374E-02    2       30    -4    -5     T
       16  0.1002194E+02  0.51186E-02    2       32    -4    -5     T
       17  0.1002860E+02  0.66542E-02    2       34    -4    -5     T
       18  0.1003725E+02  0.86504E-02    2       36    -4    -5     T
       19  0.1004849E+02  0.11246E-01    2       38    -4    -5     T
       20  0.1006311E+02  0.14619E-01    2       40    -4    -5     T
       21  0.1008212E+02  0.19005E-01    2       42    -4    -5     T
       22  0.1010682E+02  0.24706E-01    2       44    -4    -5     T
       23  0.1013894E+02  0.32118E-01    2       46    -4    -5     T
       24  0.1018070E+02  0.41754E-01    2       48    -4    -5     T
       25  0.1023498E+02  0.54280E-01    2       50    -4    -5     T
       26  0.1030554E+02  0.70564E-01    2       52    -4    -5     T
       27  0.1039727E+02  0.91733E-01    2       54    -4    -5     T
       28  0.1051653E+02  0.11925E+00    2       56    -4    -5     T
       29  0.1067156E+02  0.15503E+00    2       58    -4    -5     T
       30  0.1087309E+02  0.20154E+00    2       60    -4    -5     T
       31  0.1113509E+02  0.26200E+00    2       62    -4    -5     T
       32  0.1147569E+02  0.34060E+00    2       64    -4    -5     T
       33  0.1191847E+02  0.44278E+00    2       66    -4    -5     T
       34  0.1249408E+02  0.57561E+00    2       68    -4    -5     T
       35  0.1324467E+02  0.75059E+00    2       70    -4    -5     T
       36  0.1420972E+02  0.96505E+00    2       72    -4    -5     T
       37  0.1536778E+02  0.11581E+01    2       74    -4    -5     T
       38  0.1691185E+02  0.15441E+01    2       76    -4    -5     T
       39  0.2000000E+02  0.30881E+01    2       78    -4    -5     T
       40  0.2250000E+02  0.25000E+01    2       80    -4    -5     T
       41  0.2625000E+02  0.37500E+01    2       82    -4    -5     T
       42  0.3000000E+02  0.37500E+01    2       84    -4    -5     T
       43  0.3000010E+02  0.10000E-03    2       86    -4    -5     T
       44  0.3000023E+02  0.13000E-03    2       88    -4    -5     T
       45  0.3000040E+02  0.16900E-03    2       90    -4    -5     T
       46  0.3000062E+02  0.21970E-03    2       92    -4    -5     T
       47  0.3000090E+02  0.28561E-03    2       94    -4    -5     T
       48  0.3000128E+02  0.37129E-03    2       96    -4    -5     T
       49  0.3000176E+02  0.48268E-03    2       98    -4    -5     T
       50  0.3000239E+02  0.62748E-03    2      100    -4    -5     T
       51  0.3000320E+02  0.81573E-03    2      102    -4    -5     T
       52  0.3000426E+02  0.10604E-02    2      104    -4    -5     T
       53  0.3000564E+02  0.13786E-02    2      106    -4    -5     T
       54  0.3000743E+02  0.17922E-02    2      108    -4    -5     T
       55  0.3000976E+02  0.23298E-02    2      110    -4    -5     T
       56  0.3001279E+02  0.30287E-02    2      112    -4    -5     T
       57  0.3001673E+02  0.39374E-02    2      114    -4    -5     T
       58  0.3002185E+02  0.51186E-02    2      116    -4    -5     T
       59  0.3002850E+02  0.66542E-02    2      118    -4    -5     T
       60  0.3003715E+02  0.86504E-02    2      120    -4    -5     T
       61  0.3004840E+02  0.11246E-01    2      122    -4    -5     T
       62  0.3006302E+02  0.14619E-01    2      124    -4    -5     T
       63  0.3008202E+02  0.19005E-01    2      126    -4    -5     T
       64  0.3010673E+02  0.24706E-01    2      128    -4    -5     T
       65  0.3013885E+02  0.32118E-01    2      130    -4    -5     T
       66  0.3018060E+02  0.41754E-01    2      132    -4    -5     T
       67  0.3023488E+02  0.54280E-01    2      134    -4    -5     T
       68  0.3030544E+02  0.70564E-01    2      136    -4    -5     T
       69  0.3039718E+02  0.91733E-01    2      138    -4    -5     T
       70  0.3051643E+02  0.11925E+00    2      140    -4    -5     T
       71  0.3067146E+02  0.15503E+00    2      142    -4    -5     T
       72  0.3087300E+02  0.20154E+00    2      144    -4    -5     T
       73  0.3113500E+02  0.26200E+00    2      146    -4    -5     T
       74  0.3147560E+02  0.34060E+00    2      148    -4    -5     T
       75  0.3191837E+02  0.44278E+00    2      150    -4    -5     T
       76  0.3249399E+02  0.57561E+00    2      152    -4    -5     T
       77  0.3324459E+02  0.75060E+00    4      156    -4    -5     T
       78  0.3399519E+02  0.75060E+00    3      159    -4    -5     T
       79  0.3499599E+02  0.10008E+01    3      162    -4    -5     T
       80  0.3624699E+02  0.12510E+01    3      165    -4    -5     T
       81  0.3812350E+02  0.18765E+01    4      169    -4    -5     T
       82  0.4000000E+02  0.18765E+01    4      173    -4    -5     T
       83  0.4000010E+02  0.10000E-03    2      175    -4    -5     T
       84  0.4000023E+02  0.13000E-03    2      177    -4    -5     T
       85  0.4000040E+02  0.16900E-03    2      179    -4    -5     T
       86  0.4000062E+02  0.21970E-03    2      181    -4    -5     T
       87  0.4000090E+02  0.28561E-03    2      183    -4    -5     T
       88  0.4000128E+02  0.37129E-03    2      185    -4    -5     T
       89  0.4000176E+02  0.48268E-03    2      187    -4    -5     T
       90  0.4000239E+02  0.62748E-03    2      189    -4    -5     T
       91  0.4000320E+02  0.81573E-03    2      191    -4    -5     T
       92  0.4000426E+02  0.10604E-02    2      193    -4    -5     T
       93  0.4000564E+02  0.13786E-02    2      195    -4    -5     T
       94  0.4000743E+02  0.17922E-02    2      197    -4    -5     T
       95  0.4000976E+02  0.23298E-02    2      199    -4    -5     T
       96  0.4001279E+02  0.30287E-02    2      201    -4    -5     T
       97  0.4001673E+02  0.39374E-02    2      203    -4    -5     T
       98  0.4002185E+02  0.51186E-02    2      205    -4    -5     T
       99  0.4002850E+02  0.66542E-02    2      207    -4    -5     T
      100  0.4003715E+02  0.86504E-02    2      209    -4    -5     T
      101  0.4004840E+02  0.11246E-01    2      211    -4    -5     T
      102  0.4006302E+02  0.14619E-01    2      213    -4    -5     T
      103  0.4008202E+02  0.19005E-01    2      215    -4    -5     T
      104  0.4010673E+02  0.24706E-01    2      217    -4    -5     T
      105  0.4013885E+02  0.32118E-01    2      219    -4    -5     T
      106  0.4018060E+02  0.41754E-01    2      221    -4    -5     T
      107  0.4023488E+02  0.54280E-01    2      223    -4    -5     T
      108  0.4030544E+02  0.70564E-01    2      225    -4    -5     T
      109  0.4039718E+02  0.91733E-01    2      227    -4    -5     T
      110  0.4051643E+02  0.11925E+00    2      229    -4    -5     T
      111  0.4067146E+02  0.15503E+00    2      231    -4    -5     T
      112  0.4087300E+02  0.20154E+00    2      233    -4    -5     T
      113  0.4113500E+02  0.26200E+00    2      235    -4    -5     T
      114  0.4147560E+02  0.34060E+00    3      238    -4    -5     T
      115  0.4191837E+02  0.44278E+00    3      241    -4    -5     T
      116  0.4249399E+02  0.57561E+00    4      245    -4    -5     T
      117  0.4306960E+02  0.57561E+00    4      249    -4    -5     T
      118  0.4364521E+02  0.57561E+00    3      252    -4    -5     T
      119  0.4443956E+02  0.79435E+00    4      256    -4    -5     T
      120  0.4523391E+02  0.79435E+00    4      260    -4    -5     T
      121  0.4602826E+02  0.79435E+00    4      264    -4    -5     T
      122  0.4682261E+02  0.79435E+00    3      267    -4    -5     T
      123  0.4788174E+02  0.10591E+01    4      271    -4    -5     T
      124  0.4894087E+02  0.10591E+01    5      276    -4    -5     T
      125  0.5000000E+02  0.10591E+01    5      281    -4    -5     T
      126  0.5000010E+02  0.10000E-03    2      283    -4    -5     T
      127  0.5000023E+02  0.13000E-03    2      285    -4    -5     T
      128  0.5000040E+02  0.16900E-03    2      287    -4    -5     T
      129  0.5000062E+02  0.21970E-03    2      289    -4    -5     T
      130  0.5000090E+02  0.28561E-03    2      291    -4    -5     T
      131  0.5000128E+02  0.37129E-03    2      293    -4    -5     T
      132  0.5000176E+02  0.48268E-03    2      295    -4    -5     T
      133  0.5000239E+02  0.62748E-03    2      297    -4    -5     T
      134  0.5000320E+02  0.81573E-03    2      299    -4    -5     T
      135  0.5000426E+02  0.10604E-02    2      301    -4    -5     T
      136  0.5000564E+02  0.13786E-02    2      303    -4    -5     T
      137  0.5000743E+02  0.17922E-02    2      305    -4    -5     T
      138  0.5000976E+02  0.23298E-02    2      307    -4    -5     T
      139  0.5001279E+02  0.30287E-02    2      309    -4    -5     T
      140  0.5001673E+02  0.39374E-02    2      311    -4    -5     T
      141  0.5002185E+02  0.51186E-02    2      313    -4    -5     T
      142  0.5002850E+02  0.66542E-02    2      315    -4    -5     T
      143  0.5003715E+02  0.86504E-02    2      317    -4    -5     T
      144  0.5004840E+02  0.11246E-01    2      319    -4    -5     T
      145  0.5006302E+02  0.14619E-01    2      321    -4    -5     T
      146  0.5008202E+02  0.19005E-01    2      323    -4    -5     T
      147  0.5010673E+02  0.24706E-01    2      325    -4    -5     T
      148  0.5013885E+02  0.32118E-01    2      327    -4    -5     T
      149  0.5018060E+02  0.41754E-01    2      329    -4    -5     T
      150  0.5023488E+02  0.54280E-01    2      331    -4    -5     T
      151  0.5030544E+02  0.70564E-01    2      333    -4    -5     T
      152  0.5039718E+02  0.91733E-01    2      335    -4    -5     T
      153  0.5051643E+02  0.11925E+00    2      337    -4    -5     T
      154  0.5067146E+02  0.15503E+00    2      339    -4    -5     T
      155  0.5087300E+02  0.20154E+00    2      341    -4    -5     T
      156  0.5113500E+02  0.26200E+00    2      343    -4    -5     T
      157  0.5147560E+02  0.34060E+00    2      345    -4    -5     T
      158  0.5191837E+02  0.44278E+00    2      347    -4    -5     T
      159  0.5249399E+02  0.57561E+00    2      349    -4    -5     T
      160  0.5324459E+02  0.75060E+00    2      351    -4    -5     T
      161  0.5420965E+02  0.96506E+00    3      354    -4    -5     T
      162  0.5536772E+02  0.11581E+01    2      356    -4    -5     T
      163  0.5691181E+02  0.15441E+01    3      359    -4    -5     T
      164  0.6000000E+02  0.30882E+01    5      364    -4    -5     T
      165  0.6200000E+02  0.20000E+01    4      368    -4    -5     T
      166  0.6400000E+02  0.20000E+01    3      371    -4    -5     T
      167  0.6700000E+02  0.30000E+01    3      374    -4    -5     T
      168  0.7000000E+02  0.30000E+01    4      378    -4    -5     T
      169  0.7250000E+02  0.25000E+01    4      382    -4    -5     T
      170  0.7500000E+02  0.25000E+01    3      385    -4    -5     T
      171  0.8000000E+02  0.50000E+01    6      391    -4    -5     T
      172  0.8000010E+02  0.10000E-03    2      393    -4    -5     T
      173  0.8000023E+02  0.13000E-03    2      395    -4    -5     T
      174  0.8000040E+02  0.16900E-03    2      397    -4    -5     T
      175  0.8000062E+02  0.21970E-03    2      399    -4    -5     T
      176  0.8000090E+02  0.28561E-03    2      401    -4    -5     T
      177  0.8000128E+02  0.37129E-03    2      403    -4    -5     T
      178  0.8000176E+02  0.48268E-03    2      405    -4    -5     T
      179  0.8000239E+02  0.62748E-03    2      407    -4    -5     T
      180  0.8000320E+02  0.81573E-03    2      409    -4    -5     T
      181  0.8000426E+02  0.10604E-02    2      411    -4    -5     T
      182  0.8000564E+02  0.13786E-02    2      413    -4    -5     T
      183  0.8000743E+02  0.17922E-02    2      415    -4    -5     T
      184  0.8000976E+02  0.23298E-02    2      417    -4    -5     T
      185  0.8001279E+02  0.30287E-02    2      419    -4    -5     T
      186  0.8001673E+02  0.39374E-02    2      421    -4    -5     T
      187  0.8002185E+02  0.51186E-02    2      423    -4    -5     T
      188  0.8002850E+02  0.66542E-02    2      425    -4    -5     T
      189  0.8003715E+02  0.86504E-02    2      427    -4    -5     T
      190  0.8004840E+02  0.11246E-01    2      429    -4    -5     T
      191  0.8006302E+02  0.14619E-01    2      431    -4    -5     T
      192  0.8008202E+02  0.19005E-01    2      433    -4    -5     T
      193  0.8010673E+02  0.24706E-01    2      435    -4    -5     T
      194  0.8013885E+02  0.32118E-01    2      437    -4    -5     T
      195  0.8018060E+02  0.41754E-01    2      439    -4    -5     T
      196  0.8023488E+02  0.54280E-01    2      441    -4    -5     T
      197  0.8030544E+02  0.70564E-01    2      443    -4    -5     T
      198  0.8039718E+02  0.91733E-01    2      445    -4    -5     T
      199  0.8051643E+02  0.11925E+00    2      447    -4    -5     T
      200  0.8067146E+02  0.15503E+00    2      449    -4    -5     T
      201  0.8087300E+02  0.20154E+00    2      451    -4    -5     T
      202  0.8113500E+02  0.26200E+00    2      453    -4    -5     T
      203  0.8147560E+02  0.34060E+00    2      455    -4    -5     T
      204  0.8191837E+02  0.44278E+00    2      457    -4    -5     T
      205  0.8249399E+02  0.57561E+00    2      459    -4    -5     T
      206  0.8324459E+02  0.75060E+00    2      461    -4    -5     T
      207  0.8420965E+02  0.96506E+00    2      463    -4    -5     T
      208  0.8536772E+02  0.11581E+01    2      465    -4    -5     T
      209  0.8691181E+02  0.15441E+01    2      467    -4    -5     T
      210  0.9000000E+02  0.30882E+01    3      470    -4    -5     T
      211  0.9000010E+02  0.10000E-03    2      472    -4    -5     T
      212  0.9000023E+02  0.13000E-03    2      474    -4    -5     T
      213  0.9000040E+02  0.16900E-03    2      476    -4    -5     T
      214  0.9000062E+02  0.21970E-03    2      478    -4    -5     T
      215  0.9000090E+02  0.28561E-03    2      480    -4    -5     T
      216  0.9000128E+02  0.37129E-03    2      482    -4    -5     T
      217  0.9000176E+02  0.48268E-03    2      484    -4    -5     T
      218  0.9000239E+02  0.62748E-03    2      486    -4    -5     T
      219  0.9000320E+02  0.81573E-03    2      488    -4    -5     T
      220  0.9000426E+02  0.10604E-02    2      490    -4    -5     T
      221  0.9000564E+02  0.13786E-02    2      492    -4    -5     T
      222  0.9000743E+02  0.17922E-02    2      494    -4    -5     T
      223  0.9000976E+02  0.23298E-02    2      496    -4    -5     T
      224  0.9001279E+02  0.30287E-02    2      498    -4    -5     T
      225  0.9001673E+02  0.39374E-02    2      500    -4    -5     T
      226  0.9002185E+02  0.51186E-02    2      502    -4    -5     T
      227  0.9002850E+02  0.66542E-02    2      504    -4    -5     T
      228  0.9003715E+02  0.86504E-02    2      506    -4    -5     T
      229  0.9004840E+02  0.11246E-01    2      508    -4    -5     T
      230  0.9006302E+02  0.14619E-01    2      510    -4    -5     T
      231  0.9008202E+02  0.19005E-01    2      512    -4    -5     T
      232  0.9010673E+02  0.24706E-01    2      514    -4    -5     T
      233  0.9013885E+02  0.32118E-01    2      516    -4    -5     T
      234  0.9018060E+02  0.41754E-01    2      518    -4    -5     T
      235  0.9023488E+02  0.54280E-01    2      520    -4    -5     T
      236  0.9030544E+02  0.70564E-01    2      522    -4    -5     T
      237  0.9039718E+02  0.91733E-01    2      524    -4    -5     T
      238  0.9051643E+02  0.11925E+00    2      526    -4    -5     T
      239  0.9067146E+02  0.15503E+00    2      528    -4    -5     T
      240  0.9087300E+02  0.20154E+00    2      530    -4    -5     T
      241  0.9113500E+02  0.26200E+00    2      532    -4    -5     T
      242  0.9147560E+02  0.34060E+00    2      534    -4    -5     T
      243  0.9191837E+02  0.44278E+00    2      536    -4    -5     T
      244  0.9249399E+02  0.57561E+00    2      538    -4    -5     T
      245  0.9324459E+02  0.75060E+00    2      540    -4    -5     T
      246  0.9420965E+02  0.96506E+00    2      542    -4    -5     T
      247  0.9536772E+02  0.11581E+01    2      544    -4    -5     T
      248  0.9691181E+02  0.15441E+01    2      546    -4    -5     T
      249  0.1000000E+03  0.30882E+01    3      549    -4    -5     T
      250  0.1000001E+03  0.10000E-03    2      551    -4    -5     T
      251  0.1000002E+03  0.13000E-03    2      553    -4    -5     T
      252  0.1000004E+03  0.16900E-03    2      555    -4    -5     T
      253  0.1000006E+03  0.21970E-03    2      557    -4    -5     T
      254  0.1000009E+03  0.28561E-03    2      559    -4    -5     T
      255  0.1000013E+03  0.37129E-03    2      561    -4    -5     T
      256  0.1000018E+03  0.48268E-03    2      563    -4    -5     T
      257  0.1000024E+03  0.62748E-03    2      565    -4    -5     T
      258  0.1000032E+03  0.81573E-03    2      567    -4    -5     T
      259  0.1000043E+03  0.10604E-02    2      569    -4    -5     T
      260  0.1000056E+03  0.13786E-02    2      571    -4    -5     T
      261  0.1000074E+03  0.17922E-02    2      573    -4    -5     T
      262  0.1000098E+03  0.23298E-02    2      575    -4    -5     T
      263  0.1000128E+03  0.30287E-02    2      577    -4    -5     T
      264  0.1000167E+03  0.39374E-02    2      579    -4    -5     T
      265  0.1000218E+03  0.51186E-02    2      581    -4    -5     T
      266  0.1000285E+03  0.66542E-02    2      583    -4    -5     T
      267  0.1000372E+03  0.86504E-02    2      585    -4    -5     T
      268  0.1000484E+03  0.11246E-01    2      587    -4    -5     T
      269  0.1000630E+03  0.14619E-01    2      589    -4    -5     T
      270  0.1000820E+03  0.19005E-01    2      591    -4    -5     T
      271  0.1001067E+03  0.24706E-01    2      593    -4    -5     T
      272  0.1001388E+03  0.32118E-01    2      595    -4    -5     T
      273  0.1001806E+03  0.41754E-01    2      597    -4    -5     T
      274  0.1002349E+03  0.54280E-01    2      599    -4    -5     T
      275  0.1003054E+03  0.70564E-01    2      601    -4    -5     T
      276  0.1003972E+03  0.91733E-01    2      603    -4    -5     T
      277  0.1005164E+03  0.11925E+00    2      605    -4    -5     T
      278  0.1006715E+03  0.15503E+00    2      607    -4    -5     T
      279  0.1008730E+03  0.20154E+00    2      609    -4    -5     T
      280  0.1011350E+03  0.26200E+00    2      611    -4    -5     T
      281  0.1014756E+03  0.34060E+00    2      613    -4    -5     T
      282  0.1019184E+03  0.44278E+00    2      615    -4    -5     T
      283  0.1024940E+03  0.57561E+00    2      617    -4    -5     T
      284  0.1032446E+03  0.75060E+00    2      619    -4    -5     T
      285  0.1042096E+03  0.96506E+00    2      621    -4    -5     T
      286  0.1053677E+03  0.11581E+01    2      623    -4    -5     T
      287  0.1069118E+03  0.15441E+01    2      625    -4    -5     T
      288  0.1100000E+03  0.30882E+01    3      628    -4    -5     T
      289  0.1100001E+03  0.10000E-03    2      630    -4    -5     T
      290  0.1100002E+03  0.13000E-03    2      632    -4    -5     T
      291  0.1100004E+03  0.16900E-03    2      634    -4    -5     T
      292  0.1100006E+03  0.21970E-03    2      636    -4    -5     T
      293  0.1100009E+03  0.28561E-03    2      638    -4    -5     T
      294  0.1100013E+03  0.37129E-03    2      640    -4    -5     T
      295  0.1100018E+03  0.48268E-03    2      642    -4    -5     T
      296  0.1100024E+03  0.62748E-03    2      644    -4    -5     T
      297  0.1100032E+03  0.81573E-03    2      646    -4    -5     T
      298  0.1100043E+03  0.10604E-02    2      648    -4    -5     T
      299  0.1100056E+03  0.13786E-02    2      650    -4    -5     T
      300  0.1100074E+03  0.17922E-02    2      652    -4    -5     T
      301  0.1100098E+03  0.23298E-02    2      654    -4    -5     T
      302  0.1100128E+03  0.30287E-02    2      656    -4    -5     T
      303  0.1100167E+03  0.39374E-02    2      658    -4    -5     T
      304  0.1100218E+03  0.51186E-02    2      660    -4    -5     T
      305  0.1100285E+03  0.66542E-02    2      662    -4    -5     T
      306  0.1100372E+03  0.86504E-02    2      664    -4    -5     T
      307  0.1100484E+03  0.11246E-01    2      666    -4    -5     T
      308  0.1100630E+03  0.14619E-01    2      668    -4    -5     T
      309  0.1100820E+03  0.19005E-01    2      670    -4    -5     T
      310  0.1101067E+03  0.24706E-01    2      672    -4    -5     T
      311  0.1101388E+03  0.32118E-01    2      674    -4    -5     T
      312  0.1101806E+03  0.41754E-01    2      676    -4    -5     T
      313  0.1102349E+03  0.54280E-01    2      678    -4    -5     T
      314  0.1103054E+03  0.70564E-01    2      680    -4    -5     T
      315  0.1103972E+03  0.91733E-01    2      682    -4    -5     T
      316  0.1105164E+03  0.11925E+00    2      684    -4    -5     T
      317  0.1106715E+03  0.15503E+00    2      686    -4    -5     T
      318  0.1108730E+03  0.20154E+00    2      688    -4    -5     T
      319  0.1111350E+03  0.26200E+00    2      690    -4    -5     T
      320  0.1114756E+03  0.34060E+00    2      692    -4    -5     T
      321  0.1119184E+03  0.44278E+00    2      694    -4    -5     T
      322  0.1124940E+03  0.57561E+00    2      696    -4    -5     T
      323  0.1132446E+03  0.75060E+00    2      698    -4    -5     T
      324  0.1142096E+03  0.96506E+00    2      700    -4    -5     T
      325  0.1153677E+03  0.11581E+01    2      702    -4    -5     T
      326  0.1169118E+03  0.15441E+01    2      704    -4    -5     T
      327  0.1200000E+03  0.30882E+01    2      706    -4    -5     T
      328  0.1200001E+03  0.10000E-03    2      708    -4    -5     T
      329  0.1200002E+03  0.13000E-03    2      710    -4    -5     T
      330  0.1200004E+03  0.16900E-03    2      712    -4    -5     T
      331  0.1200006E+03  0.21970E-03    2      714    -4    -5     T
      332  0.1200009E+03  0.28561E-03    2      716    -4    -5     T
      333  0.1200013E+03  0.37129E-03    2      718    -4    -5     T
      334  0.1200018E+03  0.48268E-03    2      720    -4    -5     T
      335  0.1200024E+03  0.62748E-03    2      722    -4    -5     T
      336  0.1200032E+03  0.81573E-03    2      724    -4    -5     T
      337  0.1200043E+03  0.10604E-02    2      726    -4    -5     T
      338  0.1200056E+03  0.13786E-02    2      728    -4    -5     T
      339  0.1200074E+03  0.17922E-02    2      730    -4    -5     T
      340  0.1200098E+03  0.23298E-02    2      732    -4    -5     T
      341  0.1200128E+03  0.30287E-02    2      734    -4    -5     T
      342  0.1200167E+03  0.39374E-02    2      736    -4    -5     T
      343  0.1200218E+03  0.51186E-02    2      738    -4    -5     T
      344  0.1200285E+03  0.66542E-02    2      740    -4    -5     T
      345  0.1200372E+03  0.86504E-02    2      742    -4    -5     T
      346  0.1200484E+03  0.11246E-01    2      744    -4    -5     T
      347  0.1200630E+03  0.14619E-01    2      746    -4    -5     T
      348  0.1200820E+03  0.19005E-01    2      748    -4    -5     T
      349  0.1201067E+03  0.24706E-01    2      750    -4    -5     T
      350  0.1201388E+03  0.32118E-01    2      752    -4    -5     T
      351  0.1201806E+03  0.41754E-01    2      754    -4    -5     T
      352  0.1202349E+03  0.54280E-01    2      756    -4    -5     T
      353  0.1203054E+03  0.70564E-01    2      758    -4    -5     T
      354  0.1203972E+03  0.91733E-01    2      760    -4    -5     T
      355  0.1205164E+03  0.11925E+00    2      762    -4    -5     T
      356  0.1206715E+03  0.15503E+00    2      764    -4    -5     T
      357  0.1208730E+03  0.20154E+00    2      766    -4    -5     T
      358  0.1211350E+03  0.26200E+00    2      768    -4    -5     T
      359  0.1214756E+03  0.34060E+00    2      770    -4    -5     T
      360  0.1219184E+03  0.44278E+00    2      772    -4    -5     T
      361  0.1224940E+03  0.57561E+00    2      774    -4    -5     T
      362  0.1232446E+03  0.75060E+00    2      776    -4    -5     T
      363  0.1242096E+03  0.96506E+00    2      778    -4    -5     T
      364  0.1253677E+03  0.11581E+01    2      780    -4    -5     T
      365  0.1269118E+03  0.15441E+01    2      782    -4    -5     T
      366  0.1300000E+03  0.30882E+01    2      784    -4    -5     T
      367  0.1325000E+03  0.25000E+01    2      786    -4    -5     T
      368  0.1362500E+03  0.37500E+01    2      788    -4    -5     T
      369  0.1400000E+03  0.37500E+01    2      790    -4    -5     T
      370  0.1450000E+03  0.50000E+01    2      792    -4    -5     T
      371  0.1500000E+03  0.50000E+01    2      794    -4    -5     T
      372  0.1550000E+03  0.50000E+01    2      796    -4    -5     T
      373  0.1600000E+03  0.50000E+01    2      798    -4    -5     T
      374  0.1600001E+03  0.10000E-03    2      800    -4    -5     T
      375  0.1600002E+03  0.13000E-03    2      802    -4    -5     T
      376  0.1600004E+03  0.16900E-03    2      804    -4    -5     T
      377  0.1600006E+03  0.21970E-03    2      806    -4    -5     T
      378  0.1600009E+03  0.28561E-03    2      808    -4    -5     T
      379  0.1600013E+03  0.37129E-03    2      810    -4    -5     T
      380  0.1600018E+03  0.48268E-03    2      812    -4    -5     T
      381  0.1600024E+03  0.62748E-03    2      814    -4    -5     T
      382  0.1600032E+03  0.81573E-03    2      816    -4    -5     T
      383  0.1600043E+03  0.10604E-02    2      818    -4    -5     T
      384  0.1600056E+03  0.13786E-02    2      820    -4    -5     T
      385  0.1600074E+03  0.17922E-02    2      822    -4    -5     T
      386  0.1600098E+03  0.23298E-02    2      824    -4    -5     T
      387  0.1600128E+03  0.30287E-02    2      826    -4    -5     T
      388  0.1600167E+03  0.39374E-02    2      828    -4    -5     T
      389  0.1600218E+03  0.51186E-02    2      830    -4    -5     T
      390  0.1600285E+03  0.66542E-02    2      832    -4    -5     T
      391  0.1600372E+03  0.86504E-02    2      834    -4    -5     T
      392  0.1600484E+03  0.11246E-01    2      836    -4    -5     T
      393  0.1600630E+03  0.14619E-01    2      838    -4    -5     T
      394  0.1600820E+03  0.19005E-01    2      840    -4    -5     T
      395  0.1601067E+03  0.24706E-01    2      842    -4    -5     T
      396  0.1601388E+03  0.32118E-01    2      844    -4    -5     T
      397  0.1601806E+03  0.41754E-01    2      846    -4    -5     T
      398  0.1602349E+03  0.54280E-01    2      848    -4    -5     T
      399  0.1603054E+03  0.70564E-01    2      850    -4    -5     T
      400  0.1603972E+03  0.91733E-01    2      852    -4    -5     T
      401  0.1605164E+03  0.11925E+00    2      854    -4    -5     T
      402  0.1606715E+03  0.15503E+00    2      856    -4    -5     T
      403  0.1608730E+03  0.20154E+00    2      858    -4    -5     T
      404  0.1611350E+03  0.26200E+00    2      860    -4    -5     T
      405  0.1614756E+03  0.34060E+00    2      862    -4    -5     T
      406  0.1619184E+03  0.44278E+00    2      864    -4    -5     T
      407  0.1624940E+03  0.57561E+00    2      866    -4    -5     T
      408  0.1632446E+03  0.75060E+00    2      868    -4    -5     T
      409  0.1642096E+03  0.96506E+00    2      870    -4    -5     T
      410  0.1653677E+03  0.11581E+01    2      872    -4    -5     T
      411  0.1669118E+03  0.15441E+01    2      874    -4    -5     T
      412  0.1700000E+03  0.30882E+01    2      876    -4    -5     T
      413  0.1725000E+03  0.25000E+01    2      878    -4    -5     T
      414  0.1762500E+03  0.37500E+01    2      880    -4    -5     T
      415  0.1800000E+03  0.37500E+01    2      882    -4    -5     T
      416  0.1850000E+03  0.50000E+01    2      884    -4    -5     T
      417  0.1900000E+03  0.50000E+01    2      886    -4    -5     T
      418  0.1950000E+03  0.50000E+01    2      888    -4    -5     T
      419  0.2000000E+03  0.50000E+01    2      890    -4    -5     T
      420  0.2100000E+03  0.10000E+02    2      892    -4    -5     T
      421  0.2200000E+03  0.10000E+02    2      894    -4    -5     T
      422  0.2300000E+03  0.10000E+02    2      896    -4    -5     T
      423  0.2300001E+03  0.10000E-03    2      898    -4    -5     T
      424  0.2300002E+03  0.13000E-03    2      900    -4    -5     T
      425  0.2300004E+03  0.16900E-03    2      902    -4    -5     T
      426  0.2300006E+03  0.21970E-03    2      904    -4    -5     T
      427  0.2300009E+03  0.28561E-03    2      906    -4    -5     T
      428  0.2300013E+03  0.37129E-03    2      908    -4    -5     T
      429  0.2300018E+03  0.48268E-03    2      910    -4    -5     T
      430  0.2300024E+03  0.62748E-03    2      912    -4    -5     T
      431  0.2300032E+03  0.81573E-03    2      914    -4    -5     T
      432  0.2300043E+03  0.10604E-02    2      916    -4    -5     T
      433  0.2300056E+03  0.13786E-02    2      918    -4    -5     T
      434  0.2300074E+03  0.17922E-02    2      920    -4    -5     T
      435  0.2300098E+03  0.23298E-02    2      922    -4    -5     T
      436  0.2300128E+03  0.30287E-02    2      924    -4    -5     T
      437  0.2300167E+03  0.39374E-02    2      926    -4    -5     T
      438  0.2300218E+03  0.51186E-02    2      928    -4    -5     T
      439  0.2300285E+03  0.66542E-02    2      930    -4    -5     T
      440  0.2300372E+03  0.86504E-02    2      932    -4    -5     T
      441  0.2300484E+03  0.11246E-01    2      934    -4    -5     T
      442  0.2300630E+03  0.14619E-01    2      936    -4    -5     T
      443  0.2300820E+03  0.19005E-01    2      938    -4    -5     T
      444  0.2301067E+03  0.24706E-01    2      940    -4    -5     T
      445  0.2301388E+03  0.32118E-01    2      942    -4    -5     T
      446  0.2301806E+03  0.41754E-01    2      944    -4    -5     T
      447  0.2302349E+03  0.54280E-01    2      946    -4    -5     T
      448  0.2303054E+03  0.70564E-01    2      948    -4    -5     T
      449  0.2303972E+03  0.91733E-01    2      950    -4    -5     T
      450  0.2305164E+03  0.11925E+00    2      952    -4    -5     T
      451  0.2306715E+03  0.15503E+00    2      954    -4    -5     T
      452  0.2308730E+03  0.20154E+00    2      956    -4    -5     T
      453  0.2311350E+03  0.26200E+00    2      958    -4    -5     T
      454  0.2314756E+03  0.34060E+00    2      960    -4    -5     T
      455  0.2319184E+03  0.44278E+00    2      962    -4    -5     T
      456  0.2324940E+03  0.57561E+00    2      964    -4    -5     T
      457  0.2332446E+03  0.75060E+00    2      966    -4    -5     T
      458  0.2342096E+03  0.96506E+00    2      968    -4    -5     T
      459  0.2353677E+03  0.11581E+01    2      970    -4    -5     T
      460  0.2369118E+03  0.15441E+01    2      972    -4    -5     T
      461  0.2400000E+03  0.30882E+01    2      974    -4    -5     T
      462  0.2425000E+03  0.25000E+01    2      976    -4    -5     T
      463  0.2462500E+03  0.37500E+01    2      978    -4    -5     T
      464  0.2500000E+03  0.37500E+01    2      980    -4    -5     T
      465  0.2550000E+03  0.50000E+01    2      982    -4    -5     T
      466  0.2600000E+03  0.50000E+01    2      984    -4    -5     T
      467  0.2650000E+03  0.50000E+01    2      986    -4    -5     T
      468  0.2700000E+03  0.50000E+01    2      988    -4    -5     T
end
