 ******* Program HYDRUS
 ******* 
 Welcome to HYDRUS-1D                                                    
 Date:  15. 2.    Time:  15: 9:17
 Units: L = mm   , T = min  , M = mmol 

----------------------------------------------------------
 Time       [T]       10.0000
----------------------------------------------------------
 Sub-region num.                     1            2
----------------------------------------------------------
 Length   [L]        0.10000E+04  0.10000E+04  0.00000E+00
 W-volume [L]        0.45221E+03  0.45221E+03  0.00000E+00
 In-flow  [L/T]      0.00000E+00  0.00000E+00  0.00000E+00
 h Mean   [L]       -0.26132E+04 -0.26132E+04  0.00000E+00
 Top Flux [L/T]     -0.33989E-05
 Bot Flux [L/T]      0.48090E-03
----------------------------------------------------------

----------------------------------------------------------
 Time       [T]       10.0010
----------------------------------------------------------
 Sub-region num.                     1            2
----------------------------------------------------------
 Length   [L]        0.10000E+04  0.10000E+04  0.00000E+00
 W-volume [L]        0.45221E+03  0.45221E+03  0.00000E+00
 In-flow  [L/T]      0.43869E-01  0.43869E-01  0.00000E+00
 h Mean   [L]       -0.26132E+04 -0.26132E+04  0.00000E+00
 Top Flux [L/T]     -0.38876E-05
 Bot Flux [L/T]      0.47996E-03
 WatBalT  [L]       -0.18246E-04
 WatBalR  [%]             23.620
----------------------------------------------------------

----------------------------------------------------------
 Time       [T]       20.0000
----------------------------------------------------------
 Sub-region num.                     1            2
----------------------------------------------------------
 Length   [L]        0.10000E+04  0.10000E+04  0.00000E+00
 W-volume [L]        0.45230E+03  0.45230E+03  0.00000E+00
 In-flow  [L/T]      0.85009E-02  0.85009E-02  0.00000E+00
 h Mean   [L]       -0.25966E+04 -0.25966E+04  0.00000E+00
 Top Flux [L/T]     -0.10373E-02
 Bot Flux [L/T]     -0.11067E-02
 WatBalT  [L]       -0.76927E-04
 WatBalR  [%]              0.022
----------------------------------------------------------

----------------------------------------------------------
 Time       [T]       30.0000
----------------------------------------------------------
 Sub-region num.                     1            2
----------------------------------------------------------
 Length   [L]        0.10000E+04  0.10000E+04  0.00000E+00
 W-volume [L]        0.45238E+03  0.45238E+03  0.00000E+00
 In-flow  [L/T]      0.85257E-02  0.85257E-02  0.00000E+00
 h Mean   [L]       -0.25849E+04 -0.25849E+04  0.00000E+00
 Top Flux [L/T]     -0.25299E-02
 Bot Flux [L/T]     -0.12069E-02
 WatBalT  [L]       -0.26479E-04
 WatBalR  [%]              0.004
----------------------------------------------------------

----------------------------------------------------------
 Time       [T]       40.0000
----------------------------------------------------------
 Sub-region num.                     1            2
----------------------------------------------------------
 Length   [L]        0.10000E+04  0.10000E+04  0.00000E+00
 W-volume [L]        0.45237E+03  0.45237E+03  0.00000E+00
 In-flow  [L/T]     -0.14538E-02 -0.14538E-02  0.00000E+00
 h Mean   [L]       -0.25817E+04 -0.25817E+04  0.00000E+00
 Top Flux [L/T]     -0.19110E-02
 Bot Flux [L/T]     -0.12385E-02
 WatBalT  [L]       -0.26569E-04
 WatBalR  [%]              0.003
----------------------------------------------------------

----------------------------------------------------------
 Time       [T]       50.0000
----------------------------------------------------------
 Sub-region num.                     1            2
----------------------------------------------------------
 Length   [L]        0.10000E+04  0.10000E+04  0.00000E+00
 W-volume [L]        0.45236E+03  0.45236E+03  0.00000E+00
 In-flow  [L/T]     -0.14382E-02 -0.14382E-02  0.00000E+00
 h Mean   [L]       -0.25795E+04 -0.25795E+04  0.00000E+00
 Top Flux [L/T]     -0.15102E-02
 Bot Flux [L/T]     -0.12529E-02
 WatBalT  [L]        0.10423E-03
 WatBalR  [%]              0.010
----------------------------------------------------------

----------------------------------------------------------
 Time       [T]       60.0000
----------------------------------------------------------
 Sub-region num.                     1            2
----------------------------------------------------------
 Length   [L]        0.10000E+04  0.10000E+04  0.00000E+00
 W-volume [L]        0.45234E+03  0.45234E+03  0.00000E+00
 In-flow  [L/T]     -0.14226E-02 -0.14226E-02  0.00000E+00
 h Mean   [L]       -0.25776E+04 -0.25776E+04  0.00000E+00
 Top Flux [L/T]     -0.12339E-02
 Bot Flux [L/T]     -0.12580E-02
 WatBalT  [L]       -0.13341E-03
 WatBalR  [%]              0.011
----------------------------------------------------------

----------------------------------------------------------
 Time       [T]       70.0000
----------------------------------------------------------
 Sub-region num.                     1            2
----------------------------------------------------------
 Length   [L]        0.10000E+04  0.10000E+04  0.00000E+00
 W-volume [L]        0.45233E+03  0.45233E+03  0.00000E+00
 In-flow  [L/T]     -0.14099E-02 -0.14099E-02  0.00000E+00
 h Mean   [L]       -0.25757E+04 -0.25757E+04  0.00000E+00
 Top Flux [L/T]     -0.10200E-02
 Bot Flux [L/T]     -0.12600E-02
 WatBalT  [L]       -0.14365E-04
 WatBalR  [%]              0.001
----------------------------------------------------------

----------------------------------------------------------
 Time       [T]       80.0000
----------------------------------------------------------
 Sub-region num.                     1            2
----------------------------------------------------------
 Length   [L]        0.10000E+04  0.10000E+04  0.00000E+00
 W-volume [L]        0.45261E+03  0.45261E+03  0.00000E+00
 In-flow  [L/T]      0.28602E-01  0.28602E-01  0.00000E+00
 h Mean   [L]       -0.25543E+04 -0.25543E+04  0.00000E+00
 Top Flux [L/T]     -0.99735E-02
 Bot Flux [L/T]     -0.12604E-02
 WatBalT  [L]        0.19133E-04
 WatBalR  [%]              0.001
----------------------------------------------------------

----------------------------------------------------------
 Time       [T]       90.0000
----------------------------------------------------------
 Sub-region num.                     1            2
----------------------------------------------------------
 Length   [L]        0.10000E+04  0.10000E+04  0.00000E+00
 W-volume [L]        0.45820E+03  0.45820E+03  0.00000E+00
 In-flow  [L/T]      0.55861E+00  0.55861E+00  0.00000E+00
 h Mean   [L]       -0.23833E+04 -0.23833E+04  0.00000E+00
 Top Flux [L/T]     -0.53020E+00
 Bot Flux [L/T]     -0.12587E-02
 WatBalT  [L]        0.18597E-04
 WatBalR  [%]              0.000
----------------------------------------------------------

----------------------------------------------------------
 Time       [T]      100.0000
----------------------------------------------------------
 Sub-region num.                     1            2
----------------------------------------------------------
 Length   [L]        0.10000E+04  0.10000E+04  0.00000E+00
 W-volume [L]        0.46169E+03  0.46169E+03  0.00000E+00
 In-flow  [L/T]      0.34863E+00  0.34863E+00  0.00000E+00
 h Mean   [L]       -0.22884E+04 -0.22884E+04  0.00000E+00
 Top Flux [L/T]     -0.34190E+00
 Bot Flux [L/T]     -0.12559E-02
 WatBalT  [L]        0.11444E-03
 WatBalR  [%]              0.001
----------------------------------------------------------

----------------------------------------------------------
 Time       [T]      110.0000
----------------------------------------------------------
 Sub-region num.                     1            2
----------------------------------------------------------
 Length   [L]        0.10000E+04  0.10000E+04  0.00000E+00
 W-volume [L]        0.46317E+03  0.46317E+03  0.00000E+00
 In-flow  [L/T]      0.14863E+00  0.14863E+00  0.00000E+00
 h Mean   [L]       -0.22404E+04 -0.22404E+04  0.00000E+00
 Top Flux [L/T]     -0.14985E+00
 Bot Flux [L/T]     -0.12524E-02
 WatBalT  [L]       -0.81062E-04
 WatBalR  [%]              0.001
----------------------------------------------------------

----------------------------------------------------------
 Time       [T]      120.0000
----------------------------------------------------------
 Sub-region num.                     1            2
----------------------------------------------------------
 Length   [L]        0.10000E+04  0.10000E+04  0.00000E+00
 W-volume [L]        0.47152E+03  0.47152E+03  0.00000E+00
 In-flow  [L/T]      0.78383E+00  0.78383E+00  0.00000E+00
 h Mean   [L]       -0.21319E+04 -0.21319E+04  0.00000E+00
 Top Flux [L/T]     -0.78522E+00
 Bot Flux [L/T]     -0.12479E-02
 WatBalT  [L]       -0.95367E-04
 WatBalR  [%]              0.000
----------------------------------------------------------

----------------------------------------------------------
 Time       [T]      130.0000
----------------------------------------------------------
 Sub-region num.                     1            2
----------------------------------------------------------
 Length   [L]        0.10000E+04  0.10000E+04  0.00000E+00
 W-volume [L]        0.47932E+03  0.47932E+03  0.00000E+00
 In-flow  [L/T]      0.79841E+00  0.79841E+00  0.00000E+00
 h Mean   [L]       -0.19846E+04 -0.19846E+04  0.00000E+00
 Top Flux [L/T]     -0.76629E+00
 Bot Flux [L/T]     -0.12436E-02
 WatBalT  [L]       -0.20981E-04
 WatBalR  [%]              0.000
----------------------------------------------------------

----------------------------------------------------------
 Time       [T]      140.0000
----------------------------------------------------------
 Sub-region num.                     1            2
----------------------------------------------------------
 Length   [L]        0.10000E+04  0.10000E+04  0.00000E+00
 W-volume [L]        0.48120E+03  0.48120E+03  0.00000E+00
 In-flow  [L/T]      0.18866E+00  0.18866E+00  0.00000E+00
 h Mean   [L]       -0.19005E+04 -0.19005E+04  0.00000E+00
 Top Flux [L/T]     -0.19197E+00
 Bot Flux [L/T]     -0.12396E-02
 WatBalT  [L]       -0.17166E-04
 WatBalR  [%]              0.000
----------------------------------------------------------

----------------------------------------------------------
 Time       [T]      150.0000
----------------------------------------------------------
 Sub-region num.                     1            2
----------------------------------------------------------
 Length   [L]        0.10000E+04  0.10000E+04  0.00000E+00
 W-volume [L]        0.48199E+03  0.48199E+03  0.00000E+00
 In-flow  [L/T]      0.78671E-01  0.78671E-01  0.00000E+00
 h Mean   [L]       -0.18509E+04 -0.18509E+04  0.00000E+00
 Top Flux [L/T]     -0.84544E-01
 Bot Flux [L/T]     -0.12352E-02
 WatBalT  [L]       -0.10300E-03
 WatBalR  [%]              0.000
----------------------------------------------------------

----------------------------------------------------------
 Time       [T]      160.0000
----------------------------------------------------------
 Sub-region num.                     1            2
----------------------------------------------------------
 Length   [L]        0.10000E+04  0.10000E+04  0.00000E+00
 W-volume [L]        0.48258E+03  0.48258E+03  0.00000E+00
 In-flow  [L/T]      0.58680E-01  0.58680E-01  0.00000E+00
 h Mean   [L]       -0.18140E+04 -0.18140E+04  0.00000E+00
 Top Flux [L/T]     -0.63567E-01
 Bot Flux [L/T]     -0.12306E-02
 WatBalT  [L]       -0.43869E-04
 WatBalR  [%]              0.000
----------------------------------------------------------

----------------------------------------------------------
 Time       [T]      170.0000
----------------------------------------------------------
 Sub-region num.                     1            2
----------------------------------------------------------
 Length   [L]        0.10000E+04  0.10000E+04  0.00000E+00
 W-volume [L]        0.48266E+03  0.48266E+03  0.00000E+00
 In-flow  [L/T]      0.86885E-02  0.86885E-02  0.00000E+00
 h Mean   [L]       -0.17856E+04 -0.17856E+04  0.00000E+00
 Top Flux [L/T]     -0.16883E-01
 Bot Flux [L/T]     -0.12260E-02
 WatBalT  [L]       -0.89645E-04
 WatBalR  [%]              0.000
----------------------------------------------------------

----------------------------------------------------------
 Time       [T]      180.0000
----------------------------------------------------------
 Sub-region num.                     1            2
----------------------------------------------------------
 Length   [L]        0.10000E+04  0.10000E+04  0.00000E+00
 W-volume [L]        0.50282E+03  0.50282E+03  0.00000E+00
 In-flow  [L/T]      0.48097E-03  0.48097E-03  0.00000E+00
 h Mean   [L]       -0.16133E+04 -0.16133E+04  0.00000E+00
 Top Flux [L/T]     -0.10000E+01
 Bot Flux [L/T]     -0.12215E-02
 WatBalT  [L]        0.98300E+01
 WatBalR  [%]             18.664
----------------------------------------------------------
 
 Calculation time [sec]   5.01999999955297     
