

   Time         sum(rTop)     sum(rRoot)    sum(vTop)     sum(vRoot)     sum(vBot)    hTop       hRoot      hBot      A-level
    [T]           [L]           [L]           [L]           [L]            [L]        [L]         [L]       [L] 

    10.00100  0.000000E+00  0.000000E+00 -0.491780E-07  0.000000E+00 -0.111740E-05  -5019.297      0.000  -1367.513       1
    20.00000  0.000000E+00  0.000000E+00  0.261983E-06  0.000000E+00 -0.981238E-02  -5024.801      0.000  -1355.304       2
    30.00000  0.000000E+00  0.000000E+00  0.277035E-06  0.000000E+00 -0.197420E-01  -5027.950      0.000  -1349.560       3
    40.00000 -0.700000E+00  0.000000E+00 -0.700000E+00  0.000000E+00 -0.297423E-01  -1943.466      0.000  -1345.082       4
    50.00000 -0.128000E+02  0.000000E+00 -0.128000E+02  0.000000E+00 -0.398056E-01    -30.656      0.000  -1341.311       5
    60.00000 -0.215000E+02  0.000000E+00 -0.215000E+02  0.000000E+00 -0.499281E-01    -15.327      0.000  -1337.999       6
    70.00000 -0.256000E+02  0.000000E+00 -0.256000E+02  0.000000E+00 -0.601031E-01    -56.599      0.000  -1335.000       7
    80.00000 -0.268000E+02  0.000000E+00 -0.268000E+02  0.000000E+00 -0.703277E-01   -145.673      0.000  -1332.238       8
    90.00000 -0.271000E+02  0.000000E+00 -0.271000E+02  0.000000E+00 -0.805971E-01   -229.921      0.000  -1329.656       9
   100.00000 -0.275000E+02  0.000000E+00 -0.275000E+02  0.000000E+00 -0.909080E-01   -260.064      0.000  -1327.221      10
   110.00000 -0.276000E+02  0.000000E+00 -0.276000E+02  0.000000E+00 -0.101259E+00   -318.184      0.000  -1324.911      11
   120.00000 -0.277000E+02  0.000000E+00 -0.277000E+02  0.000000E+00 -0.111651E+00   -353.013      0.000  -1322.714      12
   130.00000 -0.279000E+02  0.000000E+00 -0.279000E+02  0.000000E+00 -0.122076E+00   -365.402      0.000  -1320.601      13
   140.00000 -0.282000E+02  0.000000E+00 -0.282000E+02  0.000000E+00 -0.132535E+00   -366.306      0.000  -1318.573      14
   150.00000 -0.285000E+02  0.000000E+00 -0.285000E+02  0.000000E+00 -0.143031E+00   -374.280      0.000  -1316.629      15
   160.00000 -0.289000E+02  0.000000E+00 -0.289000E+02  0.000000E+00 -0.153556E+00   -366.459      0.000  -1314.749      16
   170.00000 -0.294000E+02  0.000000E+00 -0.294000E+02  0.000000E+00 -0.164112E+00   -352.385      0.000  -1312.939      17
   180.00000 -0.300000E+02  0.000000E+00 -0.300000E+02  0.000000E+00 -0.174700E+00   -334.835      0.000  -1311.199      18
   190.00000 -0.305000E+02  0.000000E+00 -0.305000E+02  0.000000E+00 -0.185320E+00   -338.985      0.000  -1309.527      19
   200.00000 -0.309000E+02  0.000000E+00 -0.309000E+02  0.000000E+00 -0.195962E+00   -351.782      0.000  -1307.905      20
   210.00000 -0.312000E+02  0.000000E+00 -0.312000E+02  0.000000E+00 -0.206631E+00   -369.923      0.000  -1306.345      21
   220.00000 -0.315000E+02  0.000000E+00 -0.315000E+02  0.000000E+00 -0.217327E+00   -378.622      0.000  -1304.849      22
   230.00000 -0.318000E+02  0.000000E+00 -0.318000E+02  0.000000E+00 -0.228050E+00   -385.009      0.000  -1303.417      23
   240.00000 -0.319001E+02  0.000000E+00 -0.319000E+02  0.000000E+00 -0.238793E+00   -425.463      0.000  -1302.033      24
   250.00000 -0.321001E+02  0.000000E+00 -0.321001E+02  0.000000E+00 -0.249558E+00   -425.810      0.000  -1300.706      25
   260.00000 -0.322001E+02  0.000000E+00 -0.322001E+02  0.000000E+00 -0.260346E+00   -451.600      0.000  -1299.437      26
   270.00000 -0.323001E+02  0.000000E+00 -0.323000E+02  0.000000E+00 -0.271155E+00   -465.689      0.000  -1298.227      27
   280.00000 -0.325001E+02  0.000000E+00 -0.325001E+02  0.000000E+00 -0.281983E+00   -457.336      0.000  -1297.068      28
   290.00000 -0.326001E+02  0.000000E+00 -0.326001E+02  0.000000E+00 -0.292830E+00   -480.367      0.000  -1295.963      29
   300.00000 -0.326001E+02  0.000000E+00 -0.326001E+02  0.000000E+00 -0.303697E+00   -517.529      0.000  -1294.917      30
   310.00000 -0.327001E+02  0.000000E+00 -0.327001E+02  0.000000E+00 -0.314579E+00   -514.721      0.000  -1293.918      31
   320.00000 -0.327001E+02  0.000000E+00 -0.327001E+02  0.000000E+00 -0.325479E+00   -547.064      0.000  -1292.975      32
   330.00000 -0.327001E+02  0.000000E+00 -0.327001E+02  0.000000E+00 -0.336395E+00   -565.718      0.000  -1292.086      33
   340.00000 -0.327001E+02  0.000000E+00 -0.327001E+02  0.000000E+00 -0.347325E+00   -581.657      0.000  -1291.245      34
end
