 ******* Program HYDRUS
 ******* 
 Welcome to HYDRUS-1D                                                    
 Date:  28. 8.    Time:  10:27: 8
 Units: L = mm   , T = min  , M = mmol 

----------------------------------------------------------
 Time       [T]       10.0000
----------------------------------------------------------
 Sub-region num.                     1            2
----------------------------------------------------------
 Length   [L]        0.10000E+04  0.10000E+04  0.00000E+00
 W-volume [L]        0.44224E+03  0.44224E+03  0.00000E+00
 In-flow  [L/T]      0.00000E+00  0.00000E+00  0.00000E+00
 h Mean   [L]       -0.26328E+04 -0.26328E+04  0.00000E+00
 Top Flux [L/T]     -0.49180E-04
 Bot Flux [L/T]     -0.18626E-02
----------------------------------------------------------

----------------------------------------------------------
 Time       [T]       10.0010
----------------------------------------------------------
 Sub-region num.                     1            2
----------------------------------------------------------
 Length   [L]        0.10000E+04  0.10000E+04  0.00000E+00
 W-volume [L]        0.44224E+03  0.44224E+03  0.00000E+00
 In-flow  [L/T]     -0.28974E-02 -0.28974E-02  0.00000E+00
 h Mean   [L]       -0.26328E+04 -0.26328E+04  0.00000E+00
 Top Flux [L/T]     -0.49175E-04
 Bot Flux [L/T]     -0.18624E-02
 WatBalT  [L]        0.10682E-05
 WatBalR  [%]             13.178
----------------------------------------------------------

----------------------------------------------------------
 Time       [T]       20.0000
----------------------------------------------------------
 Sub-region num.                     1            2
----------------------------------------------------------
 Length   [L]        0.10000E+04  0.10000E+04  0.00000E+00
 W-volume [L]        0.44223E+03  0.44223E+03  0.00000E+00
 In-flow  [L/T]     -0.98690E-03 -0.98690E-03  0.00000E+00
 h Mean   [L]       -0.26320E+04 -0.26320E+04  0.00000E+00
 Top Flux [L/T]     -0.26757E-04
 Bot Flux [L/T]     -0.12231E-02
 WatBalT  [L]       -0.14020E-04
 WatBalR  [%]              0.013
----------------------------------------------------------

----------------------------------------------------------
 Time       [T]       30.0000
----------------------------------------------------------
 Sub-region num.                     1            2
----------------------------------------------------------
 Length   [L]        0.10000E+04  0.10000E+04  0.00000E+00
 W-volume [L]        0.44222E+03  0.44222E+03  0.00000E+00
 In-flow  [L/T]     -0.99475E-03 -0.99475E-03  0.00000E+00
 h Mean   [L]       -0.26314E+04 -0.26314E+04  0.00000E+00
 Top Flux [L/T]     -0.16754E-04
 Bot Flux [L/T]     -0.11560E-02
 WatBalT  [L]        0.24156E-03
 WatBalR  [%]              0.119
----------------------------------------------------------

----------------------------------------------------------
 Time       [T]       40.0000
----------------------------------------------------------
 Sub-region num.                     1            2
----------------------------------------------------------
 Length   [L]        0.10000E+04  0.10000E+04  0.00000E+00
 W-volume [L]        0.44291E+03  0.44291E+03  0.00000E+00
 In-flow  [L/T]      0.68997E-01  0.68997E-01  0.00000E+00
 h Mean   [L]       -0.25958E+04 -0.25958E+04  0.00000E+00
 Top Flux [L/T]     -0.51981E-01
 Bot Flux [L/T]     -0.11312E-02
 WatBalT  [L]        0.17881E-06
 WatBalR  [%]              0.000
----------------------------------------------------------

----------------------------------------------------------
 Time       [T]       50.0000
----------------------------------------------------------
 Sub-region num.                     1            2
----------------------------------------------------------
 Length   [L]        0.10000E+04  0.10000E+04  0.00000E+00
 W-volume [L]        0.45500E+03  0.45500E+03  0.00000E+00
 In-flow  [L/T]      0.12090E+01  0.12090E+01  0.00000E+00
 h Mean   [L]       -0.23612E+04 -0.23612E+04  0.00000E+00
 Top Flux [L/T]     -0.12000E+01
 Bot Flux [L/T]     -0.11196E-02
 WatBalT  [L]       -0.31471E-04
 WatBalR  [%]              0.000
----------------------------------------------------------

----------------------------------------------------------
 Time       [T]       60.0000
----------------------------------------------------------
 Sub-region num.                     1            2
----------------------------------------------------------
 Length   [L]        0.10000E+04  0.10000E+04  0.00000E+00
 W-volume [L]        0.46369E+03  0.46369E+03  0.00000E+00
 In-flow  [L/T]      0.86899E+00  0.86899E+00  0.00000E+00
 h Mean   [L]       -0.22170E+04 -0.22170E+04  0.00000E+00
 Top Flux [L/T]     -0.86718E+00
 Bot Flux [L/T]     -0.11135E-02
 WatBalT  [L]       -0.57220E-04
 WatBalR  [%]              0.000
----------------------------------------------------------

----------------------------------------------------------
 Time       [T]       70.0000
----------------------------------------------------------
 Sub-region num.                     1            2
----------------------------------------------------------
 Length   [L]        0.10000E+04  0.10000E+04  0.00000E+00
 W-volume [L]        0.46778E+03  0.46778E+03  0.00000E+00
 In-flow  [L/T]      0.40898E+00  0.40898E+00  0.00000E+00
 h Mean   [L]       -0.21274E+04 -0.21274E+04  0.00000E+00
 Top Flux [L/T]     -0.40907E+00
 Bot Flux [L/T]     -0.11102E-02
 WatBalT  [L]       -0.38147E-04
 WatBalR  [%]              0.000
----------------------------------------------------------

----------------------------------------------------------
 Time       [T]       80.0000
----------------------------------------------------------
 Sub-region num.                     1            2
----------------------------------------------------------
 Length   [L]        0.10000E+04  0.10000E+04  0.00000E+00
 W-volume [L]        0.46897E+03  0.46897E+03  0.00000E+00
 In-flow  [L/T]      0.11898E+00  0.11898E+00  0.00000E+00
 h Mean   [L]       -0.20737E+04 -0.20737E+04  0.00000E+00
 Top Flux [L/T]     -0.12422E+00
 Bot Flux [L/T]     -0.11084E-02
 WatBalT  [L]       -0.17929E-03
 WatBalR  [%]              0.001
----------------------------------------------------------

----------------------------------------------------------
 Time       [T]       90.0000
----------------------------------------------------------
 Sub-region num.                     1            2
----------------------------------------------------------
 Length   [L]        0.10000E+04  0.10000E+04  0.00000E+00
 W-volume [L]        0.46926E+03  0.46926E+03  0.00000E+00
 In-flow  [L/T]      0.28972E-01  0.28972E-01  0.00000E+00
 h Mean   [L]       -0.20387E+04 -0.20387E+04  0.00000E+00
 Top Flux [L/T]     -0.35934E-01
 Bot Flux [L/T]     -0.11076E-02
 WatBalT  [L]       -0.17166E-03
 WatBalR  [%]              0.001
----------------------------------------------------------

----------------------------------------------------------
 Time       [T]      100.0000
----------------------------------------------------------
 Sub-region num.                     1            2
----------------------------------------------------------
 Length   [L]        0.10000E+04  0.10000E+04  0.00000E+00
 W-volume [L]        0.46965E+03  0.46965E+03  0.00000E+00
 In-flow  [L/T]      0.38965E-01  0.38965E-01  0.00000E+00
 h Mean   [L]       -0.20111E+04 -0.20111E+04  0.00000E+00
 Top Flux [L/T]     -0.43109E-01
 Bot Flux [L/T]     -0.11074E-02
 WatBalT  [L]       -0.24986E-03
 WatBalR  [%]              0.001
----------------------------------------------------------

----------------------------------------------------------
 Time       [T]      110.0000
----------------------------------------------------------
 Sub-region num.                     1            2
----------------------------------------------------------
 Length   [L]        0.10000E+04  0.10000E+04  0.00000E+00
 W-volume [L]        0.46974E+03  0.46974E+03  0.00000E+00
 In-flow  [L/T]      0.89622E-02  0.89622E-02  0.00000E+00
 h Mean   [L]       -0.19896E+04 -0.19896E+04  0.00000E+00
 Top Flux [L/T]     -0.14216E-01
 Bot Flux [L/T]     -0.11077E-02
 WatBalT  [L]       -0.13924E-03
 WatBalR  [%]              0.000
----------------------------------------------------------

----------------------------------------------------------
 Time       [T]      120.0000
----------------------------------------------------------
 Sub-region num.                     1            2
----------------------------------------------------------
 Length   [L]        0.10000E+04  0.10000E+04  0.00000E+00
 W-volume [L]        0.46982E+03  0.46982E+03  0.00000E+00
 In-flow  [L/T]      0.89584E-02  0.89584E-02  0.00000E+00
 h Mean   [L]       -0.19710E+04 -0.19710E+04  0.00000E+00
 Top Flux [L/T]     -0.13122E-01
 Bot Flux [L/T]     -0.11083E-02
 WatBalT  [L]       -0.17738E-03
 WatBalR  [%]              0.001
----------------------------------------------------------

----------------------------------------------------------
 Time       [T]      130.0000
----------------------------------------------------------
 Sub-region num.                     1            2
----------------------------------------------------------
 Length   [L]        0.10000E+04  0.10000E+04  0.00000E+00
 W-volume [L]        0.47001E+03  0.47001E+03  0.00000E+00
 In-flow  [L/T]      0.18958E-01  0.18958E-01  0.00000E+00
 h Mean   [L]       -0.19546E+04 -0.19546E+04  0.00000E+00
 Top Flux [L/T]     -0.21627E-01
 Bot Flux [L/T]     -0.11090E-02
 WatBalT  [L]       -0.53406E-04
 WatBalR  [%]              0.000
----------------------------------------------------------

----------------------------------------------------------
 Time       [T]      140.0000
----------------------------------------------------------
 Sub-region num.                     1            2
----------------------------------------------------------
 Length   [L]        0.10000E+04  0.10000E+04  0.00000E+00
 W-volume [L]        0.47030E+03  0.47030E+03  0.00000E+00
 In-flow  [L/T]      0.28953E-01  0.28953E-01  0.00000E+00
 h Mean   [L]       -0.19389E+04 -0.19389E+04  0.00000E+00
 Top Flux [L/T]     -0.30721E-01
 Bot Flux [L/T]     -0.11099E-02
 WatBalT  [L]       -0.25749E-03
 WatBalR  [%]              0.001
----------------------------------------------------------

----------------------------------------------------------
 Time       [T]      150.0000
----------------------------------------------------------
 Sub-region num.                     1            2
----------------------------------------------------------
 Length   [L]        0.10000E+04  0.10000E+04  0.00000E+00
 W-volume [L]        0.47059E+03  0.47059E+03  0.00000E+00
 In-flow  [L/T]      0.28949E-01  0.28949E-01  0.00000E+00
 h Mean   [L]       -0.19245E+04 -0.19245E+04  0.00000E+00
 Top Flux [L/T]     -0.30807E-01
 Bot Flux [L/T]     -0.11108E-02
 WatBalT  [L]       -0.24223E-03
 WatBalR  [%]              0.001
----------------------------------------------------------

----------------------------------------------------------
 Time       [T]      160.0000
----------------------------------------------------------
 Sub-region num.                     1            2
----------------------------------------------------------
 Length   [L]        0.10000E+04  0.10000E+04  0.00000E+00
 W-volume [L]        0.47098E+03  0.47098E+03  0.00000E+00
 In-flow  [L/T]      0.38945E-01  0.38945E-01  0.00000E+00
 h Mean   [L]       -0.19105E+04 -0.19105E+04  0.00000E+00
 Top Flux [L/T]     -0.39911E-01
 Bot Flux [L/T]     -0.11118E-02
 WatBalT  [L]       -0.19646E-03
 WatBalR  [%]              0.001
----------------------------------------------------------

----------------------------------------------------------
 Time       [T]      170.0000
----------------------------------------------------------
 Sub-region num.                     1            2
----------------------------------------------------------
 Length   [L]        0.10000E+04  0.10000E+04  0.00000E+00
 W-volume [L]        0.47147E+03  0.47147E+03  0.00000E+00
 In-flow  [L/T]      0.48943E-01  0.48943E-01  0.00000E+00
 h Mean   [L]       -0.18968E+04 -0.18968E+04  0.00000E+00
 Top Flux [L/T]     -0.49370E-01
 Bot Flux [L/T]     -0.11128E-02
 WatBalT  [L]       -0.16594E-03
 WatBalR  [%]              0.001
----------------------------------------------------------

----------------------------------------------------------
 Time       [T]      180.0000
----------------------------------------------------------
 Sub-region num.                     1            2
----------------------------------------------------------
 Length   [L]        0.10000E+04  0.10000E+04  0.00000E+00
 W-volume [L]        0.47206E+03  0.47206E+03  0.00000E+00
 In-flow  [L/T]      0.58940E-01  0.58940E-01  0.00000E+00
 h Mean   [L]       -0.18828E+04 -0.18828E+04  0.00000E+00
 Top Flux [L/T]     -0.58990E-01
 Bot Flux [L/T]     -0.11137E-02
 WatBalT  [L]       -0.25177E-03
 WatBalR  [%]              0.001
----------------------------------------------------------

----------------------------------------------------------
 Time       [T]      190.0000
----------------------------------------------------------
 Sub-region num.                     1            2
----------------------------------------------------------
 Length   [L]        0.10000E+04  0.10000E+04  0.00000E+00
 W-volume [L]        0.47255E+03  0.47255E+03  0.00000E+00
 In-flow  [L/T]      0.48938E-01  0.48938E-01  0.00000E+00
 h Mean   [L]       -0.18701E+04 -0.18701E+04  0.00000E+00
 Top Flux [L/T]     -0.50206E-01
 Bot Flux [L/T]     -0.11146E-02
 WatBalT  [L]       -0.12970E-03
 WatBalR  [%]              0.000
----------------------------------------------------------

----------------------------------------------------------
 Time       [T]      200.0000
----------------------------------------------------------
 Sub-region num.                     1            2
----------------------------------------------------------
 Length   [L]        0.10000E+04  0.10000E+04  0.00000E+00
 W-volume [L]        0.47294E+03  0.47294E+03  0.00000E+00
 In-flow  [L/T]      0.38934E-01  0.38934E-01  0.00000E+00
 h Mean   [L]       -0.18578E+04 -0.18578E+04  0.00000E+00
 Top Flux [L/T]     -0.40529E-01
 Bot Flux [L/T]     -0.11154E-02
 WatBalT  [L]       -0.24223E-03
 WatBalR  [%]              0.001
----------------------------------------------------------

----------------------------------------------------------
 Time       [T]      210.0000
----------------------------------------------------------
 Sub-region num.                     1            2
----------------------------------------------------------
 Length   [L]        0.10000E+04  0.10000E+04  0.00000E+00
 W-volume [L]        0.47323E+03  0.47323E+03  0.00000E+00
 In-flow  [L/T]      0.28933E-01  0.28933E-01  0.00000E+00
 h Mean   [L]       -0.18468E+04 -0.18468E+04  0.00000E+00
 Top Flux [L/T]     -0.31052E-01
 Bot Flux [L/T]     -0.11161E-02
 WatBalT  [L]       -0.80109E-04
 WatBalR  [%]              0.000
----------------------------------------------------------

----------------------------------------------------------
 Time       [T]      220.0000
----------------------------------------------------------
 Sub-region num.                     1            2
----------------------------------------------------------
 Length   [L]        0.10000E+04  0.10000E+04  0.00000E+00
 W-volume [L]        0.47352E+03  0.47352E+03  0.00000E+00
 In-flow  [L/T]      0.28930E-01  0.28930E-01  0.00000E+00
 h Mean   [L]       -0.18364E+04 -0.18364E+04  0.00000E+00
 Top Flux [L/T]     -0.30716E-01
 Bot Flux [L/T]     -0.11167E-02
 WatBalT  [L]       -0.16785E-03
 WatBalR  [%]              0.001
----------------------------------------------------------

----------------------------------------------------------
 Time       [T]      230.0000
----------------------------------------------------------
 Sub-region num.                     1            2
----------------------------------------------------------
 Length   [L]        0.10000E+04  0.10000E+04  0.00000E+00
 W-volume [L]        0.47381E+03  0.47381E+03  0.00000E+00
 In-flow  [L/T]      0.28925E-01  0.28925E-01  0.00000E+00
 h Mean   [L]       -0.18259E+04 -0.18259E+04  0.00000E+00
 Top Flux [L/T]     -0.30513E-01
 Bot Flux [L/T]     -0.11173E-02
 WatBalT  [L]       -0.10872E-03
 WatBalR  [%]              0.000
----------------------------------------------------------

----------------------------------------------------------
 Time       [T]      240.0000
----------------------------------------------------------
 Sub-region num.                     1            2
----------------------------------------------------------
 Length   [L]        0.10000E+04  0.10000E+04  0.00000E+00
 W-volume [L]        0.47390E+03  0.47390E+03  0.00000E+00
 In-flow  [L/T]      0.89236E-02  0.89236E-02  0.00000E+00
 h Mean   [L]       -0.18167E+04 -0.18167E+04  0.00000E+00
 Top Flux [L/T]     -0.12041E-01
 Bot Flux [L/T]     -0.11179E-02
 WatBalT  [L]       -0.18883E-03
 WatBalR  [%]              0.001
----------------------------------------------------------

----------------------------------------------------------
 Time       [T]      250.0000
----------------------------------------------------------
 Sub-region num.                     1            2
----------------------------------------------------------
 Length   [L]        0.10000E+04  0.10000E+04  0.00000E+00
 W-volume [L]        0.47409E+03  0.47409E+03  0.00000E+00
 In-flow  [L/T]      0.18922E-01  0.18922E-01  0.00000E+00
 h Mean   [L]       -0.18080E+04 -0.18080E+04  0.00000E+00
 Top Flux [L/T]     -0.20574E-01
 Bot Flux [L/T]     -0.11183E-02
 WatBalT  [L]       -0.18311E-03
 WatBalR  [%]              0.001
----------------------------------------------------------

----------------------------------------------------------
 Time       [T]      260.0000
----------------------------------------------------------
 Sub-region num.                     1            2
----------------------------------------------------------
 Length   [L]        0.10000E+04  0.10000E+04  0.00000E+00
 W-volume [L]        0.47418E+03  0.47418E+03  0.00000E+00
 In-flow  [L/T]      0.89188E-02  0.89188E-02  0.00000E+00
 h Mean   [L]       -0.17998E+04 -0.17998E+04  0.00000E+00
 Top Flux [L/T]     -0.11455E-01
 Bot Flux [L/T]     -0.11187E-02
 WatBalT  [L]       -0.99182E-04
 WatBalR  [%]              0.000
----------------------------------------------------------

----------------------------------------------------------
 Time       [T]      270.0000
----------------------------------------------------------
 Sub-region num.                     1            2
----------------------------------------------------------
 Length   [L]        0.10000E+04  0.10000E+04  0.00000E+00
 W-volume [L]        0.47427E+03  0.47427E+03  0.00000E+00
 In-flow  [L/T]      0.89169E-02  0.89169E-02  0.00000E+00
 h Mean   [L]       -0.17917E+04 -0.17917E+04  0.00000E+00
 Top Flux [L/T]     -0.11126E-01
 Bot Flux [L/T]     -0.11190E-02
 WatBalT  [L]       -0.87738E-04
 WatBalR  [%]              0.000
----------------------------------------------------------

----------------------------------------------------------
 Time       [T]      280.0000
----------------------------------------------------------
 Sub-region num.                     1            2
----------------------------------------------------------
 Length   [L]        0.10000E+04  0.10000E+04  0.00000E+00
 W-volume [L]        0.47445E+03  0.47445E+03  0.00000E+00
 In-flow  [L/T]      0.18915E-01  0.18915E-01  0.00000E+00
 h Mean   [L]       -0.17837E+04 -0.17837E+04  0.00000E+00
 Top Flux [L/T]     -0.20043E-01
 Bot Flux [L/T]     -0.11192E-02
 WatBalT  [L]       -0.15259E-04
 WatBalR  [%]              0.000
----------------------------------------------------------

----------------------------------------------------------
 Time       [T]      290.0000
----------------------------------------------------------
 Sub-region num.                     1            2
----------------------------------------------------------
 Length   [L]        0.10000E+04  0.10000E+04  0.00000E+00
 W-volume [L]        0.47454E+03  0.47454E+03  0.00000E+00
 In-flow  [L/T]      0.89145E-02  0.89145E-02  0.00000E+00
 h Mean   [L]       -0.17767E+04 -0.17767E+04  0.00000E+00
 Top Flux [L/T]     -0.11141E-01
 Bot Flux [L/T]     -0.11194E-02
 WatBalT  [L]       -0.20218E-03
 WatBalR  [%]              0.001
----------------------------------------------------------

----------------------------------------------------------
 Time       [T]      300.0000
----------------------------------------------------------
 Sub-region num.                     1            2
----------------------------------------------------------
 Length   [L]        0.10000E+04  0.10000E+04  0.00000E+00
 W-volume [L]        0.47453E+03  0.47453E+03  0.00000E+00
 In-flow  [L/T]     -0.10872E-02 -0.10872E-02  0.00000E+00
 h Mean   [L]       -0.17703E+04 -0.17703E+04  0.00000E+00
 Top Flux [L/T]     -0.19376E-02
 Bot Flux [L/T]     -0.11195E-02
 WatBalT  [L]       -0.45776E-04
 WatBalR  [%]              0.000
----------------------------------------------------------

----------------------------------------------------------
 Time       [T]      310.0000
----------------------------------------------------------
 Sub-region num.                     1            2
----------------------------------------------------------
 Length   [L]        0.10000E+04  0.10000E+04  0.00000E+00
 W-volume [L]        0.47462E+03  0.47462E+03  0.00000E+00
 In-flow  [L/T]      0.89116E-02  0.89116E-02  0.00000E+00
 h Mean   [L]       -0.17636E+04 -0.17636E+04  0.00000E+00
 Top Flux [L/T]     -0.10469E-01
 Bot Flux [L/T]     -0.11195E-02
 WatBalT  [L]       -0.17548E-03
 WatBalR  [%]              0.001
----------------------------------------------------------

----------------------------------------------------------
 Time       [T]      320.0000
----------------------------------------------------------
 Sub-region num.                     1            2
----------------------------------------------------------
 Length   [L]        0.10000E+04  0.10000E+04  0.00000E+00
 W-volume [L]        0.47461E+03  0.47461E+03  0.00000E+00
 In-flow  [L/T]     -0.10914E-02 -0.10914E-02  0.00000E+00
 h Mean   [L]       -0.17579E+04 -0.17579E+04  0.00000E+00
 Top Flux [L/T]     -0.16253E-02
 Bot Flux [L/T]     -0.11196E-02
 WatBalT  [L]       -0.14114E-03
 WatBalR  [%]              0.000
----------------------------------------------------------

----------------------------------------------------------
 Time       [T]      330.0000
----------------------------------------------------------
 Sub-region num.                     1            2
----------------------------------------------------------
 Length   [L]        0.10000E+04  0.10000E+04  0.00000E+00
 W-volume [L]        0.47460E+03  0.47460E+03  0.00000E+00
 In-flow  [L/T]     -0.10922E-02 -0.10922E-02  0.00000E+00
 h Mean   [L]       -0.17523E+04 -0.17523E+04  0.00000E+00
 Top Flux [L/T]     -0.12976E-02
 Bot Flux [L/T]     -0.11195E-02
 WatBalT  [L]       -0.21362E-03
 WatBalR  [%]              0.001
----------------------------------------------------------

----------------------------------------------------------
 Time       [T]      340.0000
----------------------------------------------------------
 Sub-region num.                     1            2
----------------------------------------------------------
 Length   [L]        0.10000E+04  0.10000E+04  0.00000E+00
 W-volume [L]        0.47459E+03  0.47459E+03  0.00000E+00
 In-flow  [L/T]     -0.10928E-02 -0.10928E-02  0.00000E+00
 h Mean   [L]       -0.17470E+04 -0.17470E+04  0.00000E+00
 Top Flux [L/T]     -0.11357E-02
 Bot Flux [L/T]     -0.11194E-02
 WatBalT  [L]       -0.17929E-03
 WatBalR  [%]              0.001
----------------------------------------------------------
 
 Calculation time [sec]  0.439999997615814     
