 ******* Program HYDRUS
 ******* 
 Welcome to HYDRUS-1D                                                    
 Date:  28. 8.    Time:  10:27: 8
 Units: L = mm   , T = min  , M = mmol 


    TLevel      Time          dt      Iter    ItCum  KodT  KodB  Convergency

        1  0.1000010E+02  0.10000E-03    2        2    -4    -5     T
        2  0.1000023E+02  0.12857E-03    2        4    -4    -5     T
        3  0.1000038E+02  0.15429E-03    2        6    -4    -5     T
        4  0.1000059E+02  0.20571E-03    2        8    -4    -5     T
        5  0.1000100E+02  0.41143E-03    2       10    -4    -5     T
        6  0.1000137E+02  0.37129E-03    2       12    -4    -5     T
        7  0.1000185E+02  0.48268E-03    2       14    -4    -5     T
        8  0.1000248E+02  0.62748E-03    2       16    -4    -5     T
        9  0.1000330E+02  0.81573E-03    2       18    -4    -5     T
       10  0.1000436E+02  0.10604E-02    2       20    -4    -5     T
       11  0.1000574E+02  0.13786E-02    2       22    -4    -5     T
       12  0.1000753E+02  0.17922E-02    2       24    -4    -5     T
       13  0.1000986E+02  0.23298E-02    2       26    -4    -5     T
       14  0.1001289E+02  0.30287E-02    2       28    -4    -5     T
       15  0.1001682E+02  0.39374E-02    2       30    -4    -5     T
       16  0.1002194E+02  0.51186E-02    2       32    -4    -5     T
       17  0.1002860E+02  0.66542E-02    2       34    -4    -5     T
       18  0.1003725E+02  0.86504E-02    2       36    -4    -5     T
       19  0.1004849E+02  0.11246E-01    2       38    -4    -5     T
       20  0.1006311E+02  0.14619E-01    2       40    -4    -5     T
       21  0.1008212E+02  0.19005E-01    2       42    -4    -5     T
       22  0.1010682E+02  0.24706E-01    2       44    -4    -5     T
       23  0.1013894E+02  0.32118E-01    2       46    -4    -5     T
       24  0.1018070E+02  0.41754E-01    2       48    -4    -5     T
       25  0.1023498E+02  0.54280E-01    2       50    -4    -5     T
       26  0.1030554E+02  0.70564E-01    2       52    -4    -5     T
       27  0.1039727E+02  0.91733E-01    2       54    -4    -5     T
       28  0.1051653E+02  0.11925E+00    2       56    -4    -5     T
       29  0.1067156E+02  0.15503E+00    2       58    -4    -5     T
       30  0.1087309E+02  0.20154E+00    2       60    -4    -5     T
       31  0.1113509E+02  0.26200E+00    2       62    -4    -5     T
       32  0.1147569E+02  0.34060E+00    2       64    -4    -5     T
       33  0.1191847E+02  0.44278E+00    2       66    -4    -5     T
       34  0.1249408E+02  0.57561E+00    2       68    -4    -5     T
       35  0.1324467E+02  0.75059E+00    2       70    -4    -5     T
       36  0.1420972E+02  0.96505E+00    2       72    -4    -5     T
       37  0.1536778E+02  0.11581E+01    2       74    -4    -5     T
       38  0.1691185E+02  0.15441E+01    2       76    -4    -5     T
       39  0.2000000E+02  0.30881E+01    2       78    -4    -5     T
       40  0.2250000E+02  0.25000E+01    2       80    -4    -5     T
       41  0.2625000E+02  0.37500E+01    2       82    -4    -5     T
       42  0.3000000E+02  0.37500E+01    2       84    -4    -5     T
       43  0.3000010E+02  0.10000E-03    2       86    -4    -5     T
       44  0.3000023E+02  0.13000E-03    2       88    -4    -5     T
       45  0.3000040E+02  0.16900E-03    2       90    -4    -5     T
       46  0.3000062E+02  0.21970E-03    2       92    -4    -5     T
       47  0.3000090E+02  0.28561E-03    2       94    -4    -5     T
       48  0.3000128E+02  0.37129E-03    2       96    -4    -5     T
       49  0.3000176E+02  0.48268E-03    2       98    -4    -5     T
       50  0.3000239E+02  0.62748E-03    2      100    -4    -5     T
       51  0.3000320E+02  0.81573E-03    2      102    -4    -5     T
       52  0.3000426E+02  0.10604E-02    2      104    -4    -5     T
       53  0.3000564E+02  0.13786E-02    2      106    -4    -5     T
       54  0.3000743E+02  0.17922E-02    2      108    -4    -5     T
       55  0.3000976E+02  0.23298E-02    2      110    -4    -5     T
       56  0.3001279E+02  0.30287E-02    2      112    -4    -5     T
       57  0.3001673E+02  0.39374E-02    2      114    -4    -5     T
       58  0.3002185E+02  0.51186E-02    2      116    -4    -5     T
       59  0.3002850E+02  0.66542E-02    2      118    -4    -5     T
       60  0.3003715E+02  0.86504E-02    2      120    -4    -5     T
       61  0.3004840E+02  0.11246E-01    2      122    -4    -5     T
       62  0.3006302E+02  0.14619E-01    2      124    -4    -5     T
       63  0.3008202E+02  0.19005E-01    2      126    -4    -5     T
       64  0.3010673E+02  0.24706E-01    2      128    -4    -5     T
       65  0.3013885E+02  0.32118E-01    2      130    -4    -5     T
       66  0.3018060E+02  0.41754E-01    2      132    -4    -5     T
       67  0.3023488E+02  0.54280E-01    2      134    -4    -5     T
       68  0.3030544E+02  0.70564E-01    2      136    -4    -5     T
       69  0.3039718E+02  0.91733E-01    2      138    -4    -5     T
       70  0.3051643E+02  0.11925E+00    2      140    -4    -5     T
       71  0.3067146E+02  0.15503E+00    2      142    -4    -5     T
       72  0.3087300E+02  0.20154E+00    2      144    -4    -5     T
       73  0.3113500E+02  0.26200E+00    2      146    -4    -5     T
       74  0.3147560E+02  0.34060E+00    2      148    -4    -5     T
       75  0.3191837E+02  0.44278E+00    2      150    -4    -5     T
       76  0.3249399E+02  0.57561E+00    2      152    -4    -5     T
       77  0.3324459E+02  0.75060E+00    2      154    -4    -5     T
       78  0.3420965E+02  0.96506E+00    2      156    -4    -5     T
       79  0.3536772E+02  0.11581E+01    2      158    -4    -5     T
       80  0.3691181E+02  0.15441E+01    3      161    -4    -5     T
       81  0.4000000E+02  0.30882E+01    4      165    -4    -5     T
       82  0.4000010E+02  0.10000E-03    2      167    -4    -5     T
       83  0.4000023E+02  0.13000E-03    2      169    -4    -5     T
       84  0.4000040E+02  0.16900E-03    2      171    -4    -5     T
       85  0.4000062E+02  0.21970E-03    2      173    -4    -5     T
       86  0.4000090E+02  0.28561E-03    2      175    -4    -5     T
       87  0.4000128E+02  0.37129E-03    2      177    -4    -5     T
       88  0.4000176E+02  0.48268E-03    2      179    -4    -5     T
       89  0.4000239E+02  0.62748E-03    2      181    -4    -5     T
       90  0.4000320E+02  0.81573E-03    2      183    -4    -5     T
       91  0.4000426E+02  0.10604E-02    2      185    -4    -5     T
       92  0.4000564E+02  0.13786E-02    2      187    -4    -5     T
       93  0.4000743E+02  0.17922E-02    2      189    -4    -5     T
       94  0.4000976E+02  0.23298E-02    2      191    -4    -5     T
       95  0.4001279E+02  0.30287E-02    2      193    -4    -5     T
       96  0.4001673E+02  0.39374E-02    2      195    -4    -5     T
       97  0.4002185E+02  0.51186E-02    2      197    -4    -5     T
       98  0.4002850E+02  0.66542E-02    2      199    -4    -5     T
       99  0.4003715E+02  0.86504E-02    2      201    -4    -5     T
      100  0.4004840E+02  0.11246E-01    2      203    -4    -5     T
      101  0.4006302E+02  0.14619E-01    2      205    -4    -5     T
      102  0.4008202E+02  0.19005E-01    2      207    -4    -5     T
      103  0.4010673E+02  0.24706E-01    2      209    -4    -5     T
      104  0.4013885E+02  0.32118E-01    2      211    -4    -5     T
      105  0.4018060E+02  0.41754E-01    2      213    -4    -5     T
      106  0.4023488E+02  0.54280E-01    2      215    -4    -5     T
      107  0.4030544E+02  0.70564E-01    2      217    -4    -5     T
      108  0.4039718E+02  0.91733E-01    4      221    -4    -5     T
      109  0.4048891E+02  0.91733E-01    3      224    -4    -5     T
      110  0.4060816E+02  0.11925E+00    4      228    -4    -5     T
      111  0.4072742E+02  0.11925E+00    3      231    -4    -5     T
      112  0.4088245E+02  0.15503E+00    3      234    -4    -5     T
      113  0.4108398E+02  0.20154E+00    4      238    -4    -5     T
      114  0.4128552E+02  0.20154E+00    3      241    -4    -5     T
      115  0.4154752E+02  0.26200E+00    4      245    -4    -5     T
      116  0.4180952E+02  0.26200E+00    4      249    -4    -5     T
      117  0.4207152E+02  0.26200E+00    5      254    -4    -5     T
      118  0.4233352E+02  0.26200E+00    4      258    -4    -5     T
      119  0.4259552E+02  0.26200E+00    4      262    -4    -5     T
      120  0.4285752E+02  0.26200E+00    3      265    -4    -5     T
      121  0.4319812E+02  0.34060E+00    5      270    -4    -5     T
      122  0.4353872E+02  0.34060E+00    5      275    -4    -5     T
      123  0.4387931E+02  0.34060E+00    4      279    -4    -5     T
      124  0.4421991E+02  0.34060E+00    4      283    -4    -5     T
      125  0.4456051E+02  0.34060E+00    4      287    -4    -5     T
      126  0.4490111E+02  0.34060E+00    4      291    -4    -5     T
      127  0.4524171E+02  0.34060E+00    3      294    -4    -5     T
      128  0.4568449E+02  0.44278E+00    4      298    -4    -5     T
      129  0.4611604E+02  0.43155E+00    4      302    -4    -5     T
      130  0.4654759E+02  0.43155E+00    4      306    -4    -5     T
      131  0.4697914E+02  0.43155E+00    4      310    -4    -5     T
      132  0.4741069E+02  0.43155E+00    4      314    -4    -5     T
      133  0.4784224E+02  0.43155E+00    4      318    -4    -5     T
      134  0.4827380E+02  0.43155E+00    4      322    -4    -5     T
      135  0.4870535E+02  0.43155E+00    4      326    -4    -5     T
      136  0.4913690E+02  0.43155E+00    3      329    -4    -5     T
      137  0.5000000E+02  0.86310E+00    8      337    -4    -5     T
      138  0.5000007E+02  0.70000E-04    2      339    -4    -5     T
      139  0.5000016E+02  0.91000E-04    2      341    -4    -5     T
      140  0.5000028E+02  0.11830E-03    2      343    -4    -5     T
      141  0.5000043E+02  0.15379E-03    2      345    -4    -5     T
      142  0.5000063E+02  0.19993E-03    2      347    -4    -5     T
      143  0.5000089E+02  0.25991E-03    2      349    -4    -5     T
      144  0.5000123E+02  0.33788E-03    2      351    -4    -5     T
      145  0.5000167E+02  0.43924E-03    2      353    -4    -5     T
      146  0.5000224E+02  0.57101E-03    2      355    -4    -5     T
      147  0.5000298E+02  0.74231E-03    2      357    -4    -5     T
      148  0.5000395E+02  0.96501E-03    2      359    -4    -5     T
      149  0.5000520E+02  0.12545E-02    2      361    -4    -5     T
      150  0.5000683E+02  0.16309E-02    2      363    -4    -5     T
      151  0.5000895E+02  0.21201E-02    2      365    -4    -5     T
      152  0.5001171E+02  0.27562E-02    2      367    -4    -5     T
      153  0.5001529E+02  0.35830E-02    2      369    -4    -5     T
      154  0.5001995E+02  0.46579E-02    2      371    -4    -5     T
      155  0.5002601E+02  0.60553E-02    2      373    -4    -5     T
      156  0.5003388E+02  0.78719E-02    2      375    -4    -5     T
      157  0.5004411E+02  0.10233E-01    2      377    -4    -5     T
      158  0.5005742E+02  0.13303E-01    2      379    -4    -5     T
      159  0.5007471E+02  0.17295E-01    2      381    -4    -5     T
      160  0.5009719E+02  0.22483E-01    2      383    -4    -5     T
      161  0.5012642E+02  0.29228E-01    2      385    -4    -5     T
      162  0.5016442E+02  0.37996E-01    2      387    -4    -5     T
      163  0.5021381E+02  0.49395E-01    2      389    -4    -5     T
      164  0.5027802E+02  0.64213E-01    2      391    -4    -5     T
      165  0.5036150E+02  0.83477E-01    2      393    -4    -5     T
      166  0.5047002E+02  0.10852E+00    2      395    -4    -5     T
      167  0.5061110E+02  0.14108E+00    2      397    -4    -5     T
      168  0.5079450E+02  0.18340E+00    2      399    -4    -5     T
      169  0.5103292E+02  0.23842E+00    2      401    -4    -5     T
      170  0.5134286E+02  0.30995E+00    2      403    -4    -5     T
      171  0.5174579E+02  0.40293E+00    2      405    -4    -5     T
      172  0.5226960E+02  0.52381E+00    3      408    -4    -5     T
      173  0.5295055E+02  0.68095E+00    4      412    -4    -5     T
      174  0.5365549E+02  0.70495E+00    4      416    -4    -5     T
      175  0.5436044E+02  0.70495E+00    4      420    -4    -5     T
      176  0.5506538E+02  0.70495E+00    4      424    -4    -5     T
      177  0.5577033E+02  0.70495E+00    4      428    -4    -5     T
      178  0.5647527E+02  0.70495E+00    4      432    -4    -5     T
      179  0.5718022E+02  0.70495E+00    4      436    -4    -5     T
      180  0.5788516E+02  0.70495E+00    3      439    -4    -5     T
      181  0.5894258E+02  0.10574E+01    5      444    -4    -5     T
      182  0.6000000E+02  0.10574E+01    5      449    -4    -5     T
      183  0.6000010E+02  0.10000E-03    2      451    -4    -5     T
      184  0.6000023E+02  0.13000E-03    2      453    -4    -5     T
      185  0.6000040E+02  0.16900E-03    2      455    -4    -5     T
      186  0.6000062E+02  0.21970E-03    2      457    -4    -5     T
      187  0.6000090E+02  0.28561E-03    2      459    -4    -5     T
      188  0.6000128E+02  0.37129E-03    2      461    -4    -5     T
      189  0.6000176E+02  0.48268E-03    2      463    -4    -5     T
      190  0.6000239E+02  0.62748E-03    2      465    -4    -5     T
      191  0.6000320E+02  0.81573E-03    2      467    -4    -5     T
      192  0.6000426E+02  0.10604E-02    2      469    -4    -5     T
      193  0.6000564E+02  0.13786E-02    2      471    -4    -5     T
      194  0.6000743E+02  0.17922E-02    2      473    -4    -5     T
      195  0.6000976E+02  0.23298E-02    2      475    -4    -5     T
      196  0.6001279E+02  0.30287E-02    2      477    -4    -5     T
      197  0.6001673E+02  0.39374E-02    2      479    -4    -5     T
      198  0.6002185E+02  0.51186E-02    2      481    -4    -5     T
      199  0.6002850E+02  0.66542E-02    2      483    -4    -5     T
      200  0.6003715E+02  0.86504E-02    2      485    -4    -5     T
      201  0.6004840E+02  0.11246E-01    2      487    -4    -5     T
      202  0.6006302E+02  0.14619E-01    2      489    -4    -5     T
      203  0.6008202E+02  0.19005E-01    2      491    -4    -5     T
      204  0.6010673E+02  0.24706E-01    2      493    -4    -5     T
      205  0.6013885E+02  0.32118E-01    2      495    -4    -5     T
      206  0.6018060E+02  0.41754E-01    2      497    -4    -5     T
      207  0.6023488E+02  0.54280E-01    2      499    -4    -5     T
      208  0.6030544E+02  0.70564E-01    2      501    -4    -5     T
      209  0.6039718E+02  0.91733E-01    2      503    -4    -5     T
      210  0.6051643E+02  0.11925E+00    2      505    -4    -5     T
      211  0.6067146E+02  0.15503E+00    2      507    -4    -5     T
      212  0.6087300E+02  0.20154E+00    2      509    -4    -5     T
      213  0.6113500E+02  0.26200E+00    2      511    -4    -5     T
      214  0.6147560E+02  0.34060E+00    2      513    -4    -5     T
      215  0.6191837E+02  0.44278E+00    2      515    -4    -5     T
      216  0.6249399E+02  0.57561E+00    3      518    -4    -5     T
      217  0.6324459E+02  0.75060E+00    3      521    -4    -5     T
      218  0.6420965E+02  0.96506E+00    4      525    -4    -5     T
      219  0.6517471E+02  0.96506E+00    3      528    -4    -5     T
      220  0.6638103E+02  0.12063E+01    4      532    -4    -5     T
      221  0.6758735E+02  0.12063E+01    4      536    -4    -5     T
      222  0.6879368E+02  0.12063E+01    4      540    -4    -5     T
      223  0.7000000E+02  0.12063E+01    3      543    -4    -5     T
      224  0.7000010E+02  0.10000E-03    2      545    -4    -5     T
      225  0.7000023E+02  0.13000E-03    2      547    -4    -5     T
      226  0.7000040E+02  0.16900E-03    2      549    -4    -5     T
      227  0.7000062E+02  0.21970E-03    2      551    -4    -5     T
      228  0.7000090E+02  0.28561E-03    2      553    -4    -5     T
      229  0.7000128E+02  0.37129E-03    2      555    -4    -5     T
      230  0.7000176E+02  0.48268E-03    2      557    -4    -5     T
      231  0.7000239E+02  0.62748E-03    2      559    -4    -5     T
      232  0.7000320E+02  0.81573E-03    2      561    -4    -5     T
      233  0.7000426E+02  0.10604E-02    2      563    -4    -5     T
      234  0.7000564E+02  0.13786E-02    2      565    -4    -5     T
      235  0.7000743E+02  0.17922E-02    2      567    -4    -5     T
      236  0.7000976E+02  0.23298E-02    2      569    -4    -5     T
      237  0.7001279E+02  0.30287E-02    2      571    -4    -5     T
      238  0.7001673E+02  0.39374E-02    2      573    -4    -5     T
      239  0.7002185E+02  0.51186E-02    2      575    -4    -5     T
      240  0.7002850E+02  0.66542E-02    2      577    -4    -5     T
      241  0.7003715E+02  0.86504E-02    2      579    -4    -5     T
      242  0.7004840E+02  0.11246E-01    2      581    -4    -5     T
      243  0.7006302E+02  0.14619E-01    2      583    -4    -5     T
      244  0.7008202E+02  0.19005E-01    2      585    -4    -5     T
      245  0.7010673E+02  0.24706E-01    2      587    -4    -5     T
      246  0.7013885E+02  0.32118E-01    2      589    -4    -5     T
      247  0.7018060E+02  0.41754E-01    2      591    -4    -5     T
      248  0.7023488E+02  0.54280E-01    2      593    -4    -5     T
      249  0.7030544E+02  0.70564E-01    2      595    -4    -5     T
      250  0.7039718E+02  0.91733E-01    2      597    -4    -5     T
      251  0.7051643E+02  0.11925E+00    2      599    -4    -5     T
      252  0.7067146E+02  0.15503E+00    2      601    -4    -5     T
      253  0.7087300E+02  0.20154E+00    2      603    -4    -5     T
      254  0.7113500E+02  0.26200E+00    2      605    -4    -5     T
      255  0.7147560E+02  0.34060E+00    2      607    -4    -5     T
      256  0.7191837E+02  0.44278E+00    2      609    -4    -5     T
      257  0.7249399E+02  0.57561E+00    2      611    -4    -5     T
      258  0.7324459E+02  0.75060E+00    2      613    -4    -5     T
      259  0.7420965E+02  0.96506E+00    2      615    -4    -5     T
      260  0.7536772E+02  0.11581E+01    3      618    -4    -5     T
      261  0.7691181E+02  0.15441E+01    3      621    -4    -5     T
      262  0.8000000E+02  0.30882E+01    5      626    -4    -5     T
      263  0.8000010E+02  0.10000E-03    2      628    -4    -5     T
      264  0.8000023E+02  0.13000E-03    2      630    -4    -5     T
      265  0.8000040E+02  0.16900E-03    2      632    -4    -5     T
      266  0.8000062E+02  0.21970E-03    2      634    -4    -5     T
      267  0.8000090E+02  0.28561E-03    2      636    -4    -5     T
      268  0.8000128E+02  0.37129E-03    2      638    -4    -5     T
      269  0.8000176E+02  0.48268E-03    2      640    -4    -5     T
      270  0.8000239E+02  0.62748E-03    2      642    -4    -5     T
      271  0.8000320E+02  0.81573E-03    2      644    -4    -5     T
      272  0.8000426E+02  0.10604E-02    2      646    -4    -5     T
      273  0.8000564E+02  0.13786E-02    2      648    -4    -5     T
      274  0.8000743E+02  0.17922E-02    2      650    -4    -5     T
      275  0.8000976E+02  0.23298E-02    2      652    -4    -5     T
      276  0.8001279E+02  0.30287E-02    2      654    -4    -5     T
      277  0.8001673E+02  0.39374E-02    2      656    -4    -5     T
      278  0.8002185E+02  0.51186E-02    2      658    -4    -5     T
      279  0.8002850E+02  0.66542E-02    2      660    -4    -5     T
      280  0.8003715E+02  0.86504E-02    2      662    -4    -5     T
      281  0.8004840E+02  0.11246E-01    2      664    -4    -5     T
      282  0.8006302E+02  0.14619E-01    2      666    -4    -5     T
      283  0.8008202E+02  0.19005E-01    2      668    -4    -5     T
      284  0.8010673E+02  0.24706E-01    2      670    -4    -5     T
      285  0.8013885E+02  0.32118E-01    2      672    -4    -5     T
      286  0.8018060E+02  0.41754E-01    2      674    -4    -5     T
      287  0.8023488E+02  0.54280E-01    2      676    -4    -5     T
      288  0.8030544E+02  0.70564E-01    2      678    -4    -5     T
      289  0.8039718E+02  0.91733E-01    2      680    -4    -5     T
      290  0.8051643E+02  0.11925E+00    2      682    -4    -5     T
      291  0.8067146E+02  0.15503E+00    2      684    -4    -5     T
      292  0.8087300E+02  0.20154E+00    2      686    -4    -5     T
      293  0.8113500E+02  0.26200E+00    2      688    -4    -5     T
      294  0.8147560E+02  0.34060E+00    2      690    -4    -5     T
      295  0.8191837E+02  0.44278E+00    2      692    -4    -5     T
      296  0.8249399E+02  0.57561E+00    2      694    -4    -5     T
      297  0.8324459E+02  0.75060E+00    2      696    -4    -5     T
      298  0.8420965E+02  0.96506E+00    2      698    -4    -5     T
      299  0.8536772E+02  0.11581E+01    2      700    -4    -5     T
      300  0.8691181E+02  0.15441E+01    2      702    -4    -5     T
      301  0.9000000E+02  0.30882E+01    4      706    -4    -5     T
      302  0.9000010E+02  0.10000E-03    2      708    -4    -5     T
      303  0.9000023E+02  0.13000E-03    2      710    -4    -5     T
      304  0.9000040E+02  0.16900E-03    2      712    -4    -5     T
      305  0.9000062E+02  0.21970E-03    2      714    -4    -5     T
      306  0.9000090E+02  0.28561E-03    2      716    -4    -5     T
      307  0.9000128E+02  0.37129E-03    2      718    -4    -5     T
      308  0.9000176E+02  0.48268E-03    2      720    -4    -5     T
      309  0.9000239E+02  0.62748E-03    2      722    -4    -5     T
      310  0.9000320E+02  0.81573E-03    2      724    -4    -5     T
      311  0.9000426E+02  0.10604E-02    2      726    -4    -5     T
      312  0.9000564E+02  0.13786E-02    2      728    -4    -5     T
      313  0.9000743E+02  0.17922E-02    2      730    -4    -5     T
      314  0.9000976E+02  0.23298E-02    2      732    -4    -5     T
      315  0.9001279E+02  0.30287E-02    2      734    -4    -5     T
      316  0.9001673E+02  0.39374E-02    2      736    -4    -5     T
      317  0.9002185E+02  0.51186E-02    2      738    -4    -5     T
      318  0.9002850E+02  0.66542E-02    2      740    -4    -5     T
      319  0.9003715E+02  0.86504E-02    2      742    -4    -5     T
      320  0.9004840E+02  0.11246E-01    2      744    -4    -5     T
      321  0.9006302E+02  0.14619E-01    2      746    -4    -5     T
      322  0.9008202E+02  0.19005E-01    2      748    -4    -5     T
      323  0.9010673E+02  0.24706E-01    2      750    -4    -5     T
      324  0.9013885E+02  0.32118E-01    2      752    -4    -5     T
      325  0.9018060E+02  0.41754E-01    2      754    -4    -5     T
      326  0.9023488E+02  0.54280E-01    2      756    -4    -5     T
      327  0.9030544E+02  0.70564E-01    2      758    -4    -5     T
      328  0.9039718E+02  0.91733E-01    2      760    -4    -5     T
      329  0.9051643E+02  0.11925E+00    2      762    -4    -5     T
      330  0.9067146E+02  0.15503E+00    2      764    -4    -5     T
      331  0.9087300E+02  0.20154E+00    2      766    -4    -5     T
      332  0.9113500E+02  0.26200E+00    2      768    -4    -5     T
      333  0.9147560E+02  0.34060E+00    2      770    -4    -5     T
      334  0.9191837E+02  0.44278E+00    2      772    -4    -5     T
      335  0.9249399E+02  0.57561E+00    2      774    -4    -5     T
      336  0.9324459E+02  0.75060E+00    2      776    -4    -5     T
      337  0.9420965E+02  0.96506E+00    2      778    -4    -5     T
      338  0.9536772E+02  0.11581E+01    2      780    -4    -5     T
      339  0.9691181E+02  0.15441E+01    2      782    -4    -5     T
      340  0.1000000E+03  0.30882E+01    2      784    -4    -5     T
      341  0.1000001E+03  0.10000E-03    2      786    -4    -5     T
      342  0.1000002E+03  0.13000E-03    2      788    -4    -5     T
      343  0.1000004E+03  0.16900E-03    2      790    -4    -5     T
      344  0.1000006E+03  0.21970E-03    2      792    -4    -5     T
      345  0.1000009E+03  0.28561E-03    2      794    -4    -5     T
      346  0.1000013E+03  0.37129E-03    2      796    -4    -5     T
      347  0.1000018E+03  0.48268E-03    2      798    -4    -5     T
      348  0.1000024E+03  0.62748E-03    2      800    -4    -5     T
      349  0.1000032E+03  0.81573E-03    2      802    -4    -5     T
      350  0.1000043E+03  0.10604E-02    2      804    -4    -5     T
      351  0.1000056E+03  0.13786E-02    2      806    -4    -5     T
      352  0.1000074E+03  0.17922E-02    2      808    -4    -5     T
      353  0.1000098E+03  0.23298E-02    2      810    -4    -5     T
      354  0.1000128E+03  0.30287E-02    2      812    -4    -5     T
      355  0.1000167E+03  0.39374E-02    2      814    -4    -5     T
      356  0.1000218E+03  0.51186E-02    2      816    -4    -5     T
      357  0.1000285E+03  0.66542E-02    2      818    -4    -5     T
      358  0.1000372E+03  0.86504E-02    2      820    -4    -5     T
      359  0.1000484E+03  0.11246E-01    2      822    -4    -5     T
      360  0.1000630E+03  0.14619E-01    2      824    -4    -5     T
      361  0.1000820E+03  0.19005E-01    2      826    -4    -5     T
      362  0.1001067E+03  0.24706E-01    2      828    -4    -5     T
      363  0.1001388E+03  0.32118E-01    2      830    -4    -5     T
      364  0.1001806E+03  0.41754E-01    2      832    -4    -5     T
      365  0.1002349E+03  0.54280E-01    2      834    -4    -5     T
      366  0.1003054E+03  0.70564E-01    2      836    -4    -5     T
      367  0.1003972E+03  0.91733E-01    2      838    -4    -5     T
      368  0.1005164E+03  0.11925E+00    2      840    -4    -5     T
      369  0.1006715E+03  0.15503E+00    2      842    -4    -5     T
      370  0.1008730E+03  0.20154E+00    2      844    -4    -5     T
      371  0.1011350E+03  0.26200E+00    2      846    -4    -5     T
      372  0.1014756E+03  0.34060E+00    2      848    -4    -5     T
      373  0.1019184E+03  0.44278E+00    2      850    -4    -5     T
      374  0.1024940E+03  0.57561E+00    2      852    -4    -5     T
      375  0.1032446E+03  0.75060E+00    2      854    -4    -5     T
      376  0.1042096E+03  0.96506E+00    2      856    -4    -5     T
      377  0.1053677E+03  0.11581E+01    2      858    -4    -5     T
      378  0.1069118E+03  0.15441E+01    2      860    -4    -5     T
      379  0.1100000E+03  0.30882E+01    2      862    -4    -5     T
      380  0.1125000E+03  0.25000E+01    2      864    -4    -5     T
      381  0.1162500E+03  0.37500E+01    2      866    -4    -5     T
      382  0.1200000E+03  0.37500E+01    2      868    -4    -5     T
      383  0.1200001E+03  0.10000E-03    2      870    -4    -5     T
      384  0.1200002E+03  0.13000E-03    2      872    -4    -5     T
      385  0.1200004E+03  0.16900E-03    2      874    -4    -5     T
      386  0.1200006E+03  0.21970E-03    2      876    -4    -5     T
      387  0.1200009E+03  0.28561E-03    2      878    -4    -5     T
      388  0.1200013E+03  0.37129E-03    2      880    -4    -5     T
      389  0.1200018E+03  0.48268E-03    2      882    -4    -5     T
      390  0.1200024E+03  0.62748E-03    2      884    -4    -5     T
      391  0.1200032E+03  0.81573E-03    2      886    -4    -5     T
      392  0.1200043E+03  0.10604E-02    2      888    -4    -5     T
      393  0.1200056E+03  0.13786E-02    2      890    -4    -5     T
      394  0.1200074E+03  0.17922E-02    2      892    -4    -5     T
      395  0.1200098E+03  0.23298E-02    2      894    -4    -5     T
      396  0.1200128E+03  0.30287E-02    2      896    -4    -5     T
      397  0.1200167E+03  0.39374E-02    2      898    -4    -5     T
      398  0.1200218E+03  0.51186E-02    2      900    -4    -5     T
      399  0.1200285E+03  0.66542E-02    2      902    -4    -5     T
      400  0.1200372E+03  0.86504E-02    2      904    -4    -5     T
      401  0.1200484E+03  0.11246E-01    2      906    -4    -5     T
      402  0.1200630E+03  0.14619E-01    2      908    -4    -5     T
      403  0.1200820E+03  0.19005E-01    2      910    -4    -5     T
      404  0.1201067E+03  0.24706E-01    2      912    -4    -5     T
      405  0.1201388E+03  0.32118E-01    2      914    -4    -5     T
      406  0.1201806E+03  0.41754E-01    2      916    -4    -5     T
      407  0.1202349E+03  0.54280E-01    2      918    -4    -5     T
      408  0.1203054E+03  0.70564E-01    2      920    -4    -5     T
      409  0.1203972E+03  0.91733E-01    2      922    -4    -5     T
      410  0.1205164E+03  0.11925E+00    2      924    -4    -5     T
      411  0.1206715E+03  0.15503E+00    2      926    -4    -5     T
      412  0.1208730E+03  0.20154E+00    2      928    -4    -5     T
      413  0.1211350E+03  0.26200E+00    2      930    -4    -5     T
      414  0.1214756E+03  0.34060E+00    2      932    -4    -5     T
      415  0.1219184E+03  0.44278E+00    2      934    -4    -5     T
      416  0.1224940E+03  0.57561E+00    2      936    -4    -5     T
      417  0.1232446E+03  0.75060E+00    2      938    -4    -5     T
      418  0.1242096E+03  0.96506E+00    2      940    -4    -5     T
      419  0.1253677E+03  0.11581E+01    2      942    -4    -5     T
      420  0.1269118E+03  0.15441E+01    2      944    -4    -5     T
      421  0.1300000E+03  0.30882E+01    2      946    -4    -5     T
      422  0.1300001E+03  0.10000E-03    2      948    -4    -5     T
      423  0.1300002E+03  0.13000E-03    2      950    -4    -5     T
      424  0.1300004E+03  0.16900E-03    2      952    -4    -5     T
      425  0.1300006E+03  0.21970E-03    2      954    -4    -5     T
      426  0.1300009E+03  0.28561E-03    2      956    -4    -5     T
      427  0.1300013E+03  0.37129E-03    2      958    -4    -5     T
      428  0.1300018E+03  0.48268E-03    2      960    -4    -5     T
      429  0.1300024E+03  0.62748E-03    2      962    -4    -5     T
      430  0.1300032E+03  0.81573E-03    2      964    -4    -5     T
      431  0.1300043E+03  0.10604E-02    2      966    -4    -5     T
      432  0.1300056E+03  0.13786E-02    2      968    -4    -5     T
      433  0.1300074E+03  0.17922E-02    2      970    -4    -5     T
      434  0.1300098E+03  0.23298E-02    2      972    -4    -5     T
      435  0.1300128E+03  0.30287E-02    2      974    -4    -5     T
      436  0.1300167E+03  0.39374E-02    2      976    -4    -5     T
      437  0.1300218E+03  0.51186E-02    2      978    -4    -5     T
      438  0.1300285E+03  0.66542E-02    2      980    -4    -5     T
      439  0.1300372E+03  0.86504E-02    2      982    -4    -5     T
      440  0.1300484E+03  0.11246E-01    2      984    -4    -5     T
      441  0.1300630E+03  0.14619E-01    2      986    -4    -5     T
      442  0.1300820E+03  0.19005E-01    2      988    -4    -5     T
      443  0.1301067E+03  0.24706E-01    2      990    -4    -5     T
      444  0.1301388E+03  0.32118E-01    2      992    -4    -5     T
      445  0.1301806E+03  0.41754E-01    2      994    -4    -5     T
      446  0.1302349E+03  0.54280E-01    2      996    -4    -5     T
      447  0.1303054E+03  0.70564E-01    2      998    -4    -5     T
      448  0.1303972E+03  0.91733E-01    2     1000    -4    -5     T
      449  0.1305164E+03  0.11925E+00    2     1002    -4    -5     T
      450  0.1306715E+03  0.15503E+00    2     1004    -4    -5     T
      451  0.1308730E+03  0.20154E+00    2     1006    -4    -5     T
      452  0.1311350E+03  0.26200E+00    2     1008    -4    -5     T
      453  0.1314756E+03  0.34060E+00    2     1010    -4    -5     T
      454  0.1319184E+03  0.44278E+00    2     1012    -4    -5     T
      455  0.1324940E+03  0.57561E+00    2     1014    -4    -5     T
      456  0.1332446E+03  0.75060E+00    2     1016    -4    -5     T
      457  0.1342096E+03  0.96506E+00    2     1018    -4    -5     T
      458  0.1353677E+03  0.11581E+01    2     1020    -4    -5     T
      459  0.1369118E+03  0.15441E+01    2     1022    -4    -5     T
      460  0.1400000E+03  0.30882E+01    2     1024    -4    -5     T
      461  0.1425000E+03  0.25000E+01    2     1026    -4    -5     T
      462  0.1462500E+03  0.37500E+01    2     1028    -4    -5     T
      463  0.1500000E+03  0.37500E+01    2     1030    -4    -5     T
      464  0.1500001E+03  0.10000E-03    2     1032    -4    -5     T
      465  0.1500002E+03  0.13000E-03    2     1034    -4    -5     T
      466  0.1500004E+03  0.16900E-03    2     1036    -4    -5     T
      467  0.1500006E+03  0.21970E-03    2     1038    -4    -5     T
      468  0.1500009E+03  0.28561E-03    2     1040    -4    -5     T
      469  0.1500013E+03  0.37129E-03    2     1042    -4    -5     T
      470  0.1500018E+03  0.48268E-03    2     1044    -4    -5     T
      471  0.1500024E+03  0.62748E-03    2     1046    -4    -5     T
      472  0.1500032E+03  0.81573E-03    2     1048    -4    -5     T
      473  0.1500043E+03  0.10604E-02    2     1050    -4    -5     T
      474  0.1500056E+03  0.13786E-02    2     1052    -4    -5     T
      475  0.1500074E+03  0.17922E-02    2     1054    -4    -5     T
      476  0.1500098E+03  0.23298E-02    2     1056    -4    -5     T
      477  0.1500128E+03  0.30287E-02    2     1058    -4    -5     T
      478  0.1500167E+03  0.39374E-02    2     1060    -4    -5     T
      479  0.1500218E+03  0.51186E-02    2     1062    -4    -5     T
      480  0.1500285E+03  0.66542E-02    2     1064    -4    -5     T
      481  0.1500372E+03  0.86504E-02    2     1066    -4    -5     T
      482  0.1500484E+03  0.11246E-01    2     1068    -4    -5     T
      483  0.1500630E+03  0.14619E-01    2     1070    -4    -5     T
      484  0.1500820E+03  0.19005E-01    2     1072    -4    -5     T
      485  0.1501067E+03  0.24706E-01    2     1074    -4    -5     T
      486  0.1501388E+03  0.32118E-01    2     1076    -4    -5     T
      487  0.1501806E+03  0.41754E-01    2     1078    -4    -5     T
      488  0.1502349E+03  0.54280E-01    2     1080    -4    -5     T
      489  0.1503054E+03  0.70564E-01    2     1082    -4    -5     T
      490  0.1503972E+03  0.91733E-01    2     1084    -4    -5     T
      491  0.1505164E+03  0.11925E+00    2     1086    -4    -5     T
      492  0.1506715E+03  0.15503E+00    2     1088    -4    -5     T
      493  0.1508730E+03  0.20154E+00    2     1090    -4    -5     T
      494  0.1511350E+03  0.26200E+00    2     1092    -4    -5     T
      495  0.1514756E+03  0.34060E+00    2     1094    -4    -5     T
      496  0.1519184E+03  0.44278E+00    2     1096    -4    -5     T
      497  0.1524940E+03  0.57561E+00    2     1098    -4    -5     T
      498  0.1532446E+03  0.75060E+00    2     1100    -4    -5     T
      499  0.1542096E+03  0.96506E+00    2     1102    -4    -5     T
      500  0.1553677E+03  0.11581E+01    2     1104    -4    -5     T
      501  0.1569118E+03  0.15441E+01    2     1106    -4    -5     T
      502  0.1600000E+03  0.30882E+01    2     1108    -4    -5     T
      503  0.1600001E+03  0.10000E-03    2     1110    -4    -5     T
      504  0.1600002E+03  0.13000E-03    2     1112    -4    -5     T
      505  0.1600004E+03  0.16900E-03    2     1114    -4    -5     T
      506  0.1600006E+03  0.21970E-03    2     1116    -4    -5     T
      507  0.1600009E+03  0.28561E-03    2     1118    -4    -5     T
      508  0.1600013E+03  0.37129E-03    2     1120    -4    -5     T
      509  0.1600018E+03  0.48268E-03    2     1122    -4    -5     T
      510  0.1600024E+03  0.62748E-03    2     1124    -4    -5     T
      511  0.1600032E+03  0.81573E-03    2     1126    -4    -5     T
      512  0.1600043E+03  0.10604E-02    2     1128    -4    -5     T
      513  0.1600056E+03  0.13786E-02    2     1130    -4    -5     T
      514  0.1600074E+03  0.17922E-02    2     1132    -4    -5     T
      515  0.1600098E+03  0.23298E-02    2     1134    -4    -5     T
      516  0.1600128E+03  0.30287E-02    2     1136    -4    -5     T
      517  0.1600167E+03  0.39374E-02    2     1138    -4    -5     T
      518  0.1600218E+03  0.51186E-02    2     1140    -4    -5     T
      519  0.1600285E+03  0.66542E-02    2     1142    -4    -5     T
      520  0.1600372E+03  0.86504E-02    2     1144    -4    -5     T
      521  0.1600484E+03  0.11246E-01    2     1146    -4    -5     T
      522  0.1600630E+03  0.14619E-01    2     1148    -4    -5     T
      523  0.1600820E+03  0.19005E-01    2     1150    -4    -5     T
      524  0.1601067E+03  0.24706E-01    2     1152    -4    -5     T
      525  0.1601388E+03  0.32118E-01    2     1154    -4    -5     T
      526  0.1601806E+03  0.41754E-01    2     1156    -4    -5     T
      527  0.1602349E+03  0.54280E-01    2     1158    -4    -5     T
      528  0.1603054E+03  0.70564E-01    2     1160    -4    -5     T
      529  0.1603972E+03  0.91733E-01    2     1162    -4    -5     T
      530  0.1605164E+03  0.11925E+00    2     1164    -4    -5     T
      531  0.1606715E+03  0.15503E+00    2     1166    -4    -5     T
      532  0.1608730E+03  0.20154E+00    2     1168    -4    -5     T
      533  0.1611350E+03  0.26200E+00    2     1170    -4    -5     T
      534  0.1614756E+03  0.34060E+00    2     1172    -4    -5     T
      535  0.1619184E+03  0.44278E+00    2     1174    -4    -5     T
      536  0.1624940E+03  0.57561E+00    2     1176    -4    -5     T
      537  0.1632446E+03  0.75060E+00    2     1178    -4    -5     T
      538  0.1642096E+03  0.96506E+00    2     1180    -4    -5     T
      539  0.1653677E+03  0.11581E+01    2     1182    -4    -5     T
      540  0.1669118E+03  0.15441E+01    2     1184    -4    -5     T
      541  0.1700000E+03  0.30882E+01    2     1186    -4    -5     T
      542  0.1725000E+03  0.25000E+01    2     1188    -4    -5     T
      543  0.1762500E+03  0.37500E+01    2     1190    -4    -5     T
      544  0.1800000E+03  0.37500E+01    2     1192    -4    -5     T
      545  0.1850000E+03  0.50000E+01    2     1194    -4    -5     T
      546  0.1900000E+03  0.50000E+01    2     1196    -4    -5     T
      547  0.1900001E+03  0.10000E-03    2     1198    -4    -5     T
      548  0.1900002E+03  0.13000E-03    2     1200    -4    -5     T
      549  0.1900004E+03  0.16900E-03    2     1202    -4    -5     T
      550  0.1900006E+03  0.21970E-03    2     1204    -4    -5     T
      551  0.1900009E+03  0.28561E-03    2     1206    -4    -5     T
      552  0.1900013E+03  0.37129E-03    2     1208    -4    -5     T
      553  0.1900018E+03  0.48268E-03    2     1210    -4    -5     T
      554  0.1900024E+03  0.62748E-03    2     1212    -4    -5     T
      555  0.1900032E+03  0.81573E-03    2     1214    -4    -5     T
      556  0.1900043E+03  0.10604E-02    2     1216    -4    -5     T
      557  0.1900056E+03  0.13786E-02    2     1218    -4    -5     T
      558  0.1900074E+03  0.17922E-02    2     1220    -4    -5     T
      559  0.1900098E+03  0.23298E-02    2     1222    -4    -5     T
      560  0.1900128E+03  0.30287E-02    2     1224    -4    -5     T
      561  0.1900167E+03  0.39374E-02    2     1226    -4    -5     T
      562  0.1900218E+03  0.51186E-02    2     1228    -4    -5     T
      563  0.1900285E+03  0.66542E-02    2     1230    -4    -5     T
      564  0.1900372E+03  0.86504E-02    2     1232    -4    -5     T
      565  0.1900484E+03  0.11246E-01    2     1234    -4    -5     T
      566  0.1900630E+03  0.14619E-01    2     1236    -4    -5     T
      567  0.1900820E+03  0.19005E-01    2     1238    -4    -5     T
      568  0.1901067E+03  0.24706E-01    2     1240    -4    -5     T
      569  0.1901388E+03  0.32118E-01    2     1242    -4    -5     T
      570  0.1901806E+03  0.41754E-01    2     1244    -4    -5     T
      571  0.1902349E+03  0.54280E-01    2     1246    -4    -5     T
      572  0.1903054E+03  0.70564E-01    2     1248    -4    -5     T
      573  0.1903972E+03  0.91733E-01    2     1250    -4    -5     T
      574  0.1905164E+03  0.11925E+00    2     1252    -4    -5     T
      575  0.1906715E+03  0.15503E+00    2     1254    -4    -5     T
      576  0.1908730E+03  0.20154E+00    2     1256    -4    -5     T
      577  0.1911350E+03  0.26200E+00    2     1258    -4    -5     T
      578  0.1914756E+03  0.34060E+00    2     1260    -4    -5     T
      579  0.1919184E+03  0.44278E+00    2     1262    -4    -5     T
      580  0.1924940E+03  0.57561E+00    2     1264    -4    -5     T
      581  0.1932446E+03  0.75060E+00    2     1266    -4    -5     T
      582  0.1942096E+03  0.96506E+00    2     1268    -4    -5     T
      583  0.1953677E+03  0.11581E+01    2     1270    -4    -5     T
      584  0.1969118E+03  0.15441E+01    2     1272    -4    -5     T
      585  0.2000000E+03  0.30882E+01    2     1274    -4    -5     T
      586  0.2000001E+03  0.10000E-03    2     1276    -4    -5     T
      587  0.2000002E+03  0.13000E-03    2     1278    -4    -5     T
      588  0.2000004E+03  0.16900E-03    2     1280    -4    -5     T
      589  0.2000006E+03  0.21970E-03    2     1282    -4    -5     T
      590  0.2000009E+03  0.28561E-03    2     1284    -4    -5     T
      591  0.2000013E+03  0.37129E-03    2     1286    -4    -5     T
      592  0.2000018E+03  0.48268E-03    2     1288    -4    -5     T
      593  0.2000024E+03  0.62748E-03    2     1290    -4    -5     T
      594  0.2000032E+03  0.81573E-03    2     1292    -4    -5     T
      595  0.2000043E+03  0.10604E-02    2     1294    -4    -5     T
      596  0.2000056E+03  0.13786E-02    2     1296    -4    -5     T
      597  0.2000074E+03  0.17922E-02    2     1298    -4    -5     T
      598  0.2000098E+03  0.23298E-02    2     1300    -4    -5     T
      599  0.2000128E+03  0.30287E-02    2     1302    -4    -5     T
      600  0.2000167E+03  0.39374E-02    2     1304    -4    -5     T
      601  0.2000218E+03  0.51186E-02    2     1306    -4    -5     T
      602  0.2000285E+03  0.66542E-02    2     1308    -4    -5     T
      603  0.2000372E+03  0.86504E-02    2     1310    -4    -5     T
      604  0.2000484E+03  0.11246E-01    2     1312    -4    -5     T
      605  0.2000630E+03  0.14619E-01    2     1314    -4    -5     T
      606  0.2000820E+03  0.19005E-01    2     1316    -4    -5     T
      607  0.2001067E+03  0.24706E-01    2     1318    -4    -5     T
      608  0.2001388E+03  0.32118E-01    2     1320    -4    -5     T
      609  0.2001806E+03  0.41754E-01    2     1322    -4    -5     T
      610  0.2002349E+03  0.54280E-01    2     1324    -4    -5     T
      611  0.2003054E+03  0.70564E-01    2     1326    -4    -5     T
      612  0.2003972E+03  0.91733E-01    2     1328    -4    -5     T
      613  0.2005164E+03  0.11925E+00    2     1330    -4    -5     T
      614  0.2006715E+03  0.15503E+00    2     1332    -4    -5     T
      615  0.2008730E+03  0.20154E+00    2     1334    -4    -5     T
      616  0.2011350E+03  0.26200E+00    2     1336    -4    -5     T
      617  0.2014756E+03  0.34060E+00    2     1338    -4    -5     T
      618  0.2019184E+03  0.44278E+00    2     1340    -4    -5     T
      619  0.2024940E+03  0.57561E+00    2     1342    -4    -5     T
      620  0.2032446E+03  0.75060E+00    2     1344    -4    -5     T
      621  0.2042096E+03  0.96506E+00    2     1346    -4    -5     T
      622  0.2053677E+03  0.11581E+01    2     1348    -4    -5     T
      623  0.2069118E+03  0.15441E+01    2     1350    -4    -5     T
      624  0.2100000E+03  0.30882E+01    2     1352    -4    -5     T
      625  0.2125000E+03  0.25000E+01    2     1354    -4    -5     T
      626  0.2162500E+03  0.37500E+01    2     1356    -4    -5     T
      627  0.2200000E+03  0.37500E+01    2     1358    -4    -5     T
      628  0.2250000E+03  0.50000E+01    2     1360    -4    -5     T
      629  0.2300000E+03  0.50000E+01    2     1362    -4    -5     T
      630  0.2300001E+03  0.10000E-03    2     1364    -4    -5     T
      631  0.2300002E+03  0.13000E-03    2     1366    -4    -5     T
      632  0.2300004E+03  0.16900E-03    2     1368    -4    -5     T
      633  0.2300006E+03  0.21970E-03    2     1370    -4    -5     T
      634  0.2300009E+03  0.28561E-03    2     1372    -4    -5     T
      635  0.2300013E+03  0.37129E-03    2     1374    -4    -5     T
      636  0.2300018E+03  0.48268E-03    2     1376    -4    -5     T
      637  0.2300024E+03  0.62748E-03    2     1378    -4    -5     T
      638  0.2300032E+03  0.81573E-03    2     1380    -4    -5     T
      639  0.2300043E+03  0.10604E-02    2     1382    -4    -5     T
      640  0.2300056E+03  0.13786E-02    2     1384    -4    -5     T
      641  0.2300074E+03  0.17922E-02    2     1386    -4    -5     T
      642  0.2300098E+03  0.23298E-02    2     1388    -4    -5     T
      643  0.2300128E+03  0.30287E-02    2     1390    -4    -5     T
      644  0.2300167E+03  0.39374E-02    2     1392    -4    -5     T
      645  0.2300218E+03  0.51186E-02    2     1394    -4    -5     T
      646  0.2300285E+03  0.66542E-02    2     1396    -4    -5     T
      647  0.2300372E+03  0.86504E-02    2     1398    -4    -5     T
      648  0.2300484E+03  0.11246E-01    2     1400    -4    -5     T
      649  0.2300630E+03  0.14619E-01    2     1402    -4    -5     T
      650  0.2300820E+03  0.19005E-01    2     1404    -4    -5     T
      651  0.2301067E+03  0.24706E-01    2     1406    -4    -5     T
      652  0.2301388E+03  0.32118E-01    2     1408    -4    -5     T
      653  0.2301806E+03  0.41754E-01    2     1410    -4    -5     T
      654  0.2302349E+03  0.54280E-01    2     1412    -4    -5     T
      655  0.2303054E+03  0.70564E-01    2     1414    -4    -5     T
      656  0.2303972E+03  0.91733E-01    2     1416    -4    -5     T
      657  0.2305164E+03  0.11925E+00    2     1418    -4    -5     T
      658  0.2306715E+03  0.15503E+00    2     1420    -4    -5     T
      659  0.2308730E+03  0.20154E+00    2     1422    -4    -5     T
      660  0.2311350E+03  0.26200E+00    2     1424    -4    -5     T
      661  0.2314756E+03  0.34060E+00    2     1426    -4    -5     T
      662  0.2319184E+03  0.44278E+00    2     1428    -4    -5     T
      663  0.2324940E+03  0.57561E+00    2     1430    -4    -5     T
      664  0.2332446E+03  0.75060E+00    2     1432    -4    -5     T
      665  0.2342096E+03  0.96506E+00    2     1434    -4    -5     T
      666  0.2353677E+03  0.11581E+01    2     1436    -4    -5     T
      667  0.2369118E+03  0.15441E+01    2     1438    -4    -5     T
      668  0.2400000E+03  0.30882E+01    2     1440    -4    -5     T
      669  0.2400001E+03  0.10000E-03    2     1442    -4    -5     T
      670  0.2400002E+03  0.13000E-03    2     1444    -4    -5     T
      671  0.2400004E+03  0.16900E-03    2     1446    -4    -5     T
      672  0.2400006E+03  0.21970E-03    2     1448    -4    -5     T
      673  0.2400009E+03  0.28561E-03    2     1450    -4    -5     T
      674  0.2400013E+03  0.37129E-03    2     1452    -4    -5     T
      675  0.2400018E+03  0.48268E-03    2     1454    -4    -5     T
      676  0.2400024E+03  0.62748E-03    2     1456    -4    -5     T
      677  0.2400032E+03  0.81573E-03    2     1458    -4    -5     T
      678  0.2400043E+03  0.10604E-02    2     1460    -4    -5     T
      679  0.2400056E+03  0.13786E-02    2     1462    -4    -5     T
      680  0.2400074E+03  0.17922E-02    2     1464    -4    -5     T
      681  0.2400098E+03  0.23298E-02    2     1466    -4    -5     T
      682  0.2400128E+03  0.30287E-02    2     1468    -4    -5     T
      683  0.2400167E+03  0.39374E-02    2     1470    -4    -5     T
      684  0.2400218E+03  0.51186E-02    2     1472    -4    -5     T
      685  0.2400285E+03  0.66542E-02    2     1474    -4    -5     T
      686  0.2400372E+03  0.86504E-02    2     1476    -4    -5     T
      687  0.2400484E+03  0.11246E-01    2     1478    -4    -5     T
      688  0.2400630E+03  0.14619E-01    2     1480    -4    -5     T
      689  0.2400820E+03  0.19005E-01    2     1482    -4    -5     T
      690  0.2401067E+03  0.24706E-01    2     1484    -4    -5     T
      691  0.2401388E+03  0.32118E-01    2     1486    -4    -5     T
      692  0.2401806E+03  0.41754E-01    2     1488    -4    -5     T
      693  0.2402349E+03  0.54280E-01    2     1490    -4    -5     T
      694  0.2403054E+03  0.70564E-01    2     1492    -4    -5     T
      695  0.2403972E+03  0.91733E-01    2     1494    -4    -5     T
      696  0.2405164E+03  0.11925E+00    2     1496    -4    -5     T
      697  0.2406715E+03  0.15503E+00    2     1498    -4    -5     T
      698  0.2408730E+03  0.20154E+00    2     1500    -4    -5     T
      699  0.2411350E+03  0.26200E+00    2     1502    -4    -5     T
      700  0.2414756E+03  0.34060E+00    2     1504    -4    -5     T
      701  0.2419184E+03  0.44278E+00    2     1506    -4    -5     T
      702  0.2424940E+03  0.57561E+00    2     1508    -4    -5     T
      703  0.2432446E+03  0.75060E+00    2     1510    -4    -5     T
      704  0.2442096E+03  0.96506E+00    2     1512    -4    -5     T
      705  0.2453677E+03  0.11581E+01    2     1514    -4    -5     T
      706  0.2469118E+03  0.15441E+01    2     1516    -4    -5     T
      707  0.2500000E+03  0.30882E+01    2     1518    -4    -5     T
      708  0.2500001E+03  0.10000E-03    2     1520    -4    -5     T
      709  0.2500002E+03  0.13000E-03    2     1522    -4    -5     T
      710  0.2500004E+03  0.16900E-03    2     1524    -4    -5     T
      711  0.2500006E+03  0.21970E-03    2     1526    -4    -5     T
      712  0.2500009E+03  0.28561E-03    2     1528    -4    -5     T
      713  0.2500013E+03  0.37129E-03    2     1530    -4    -5     T
      714  0.2500018E+03  0.48268E-03    2     1532    -4    -5     T
      715  0.2500024E+03  0.62748E-03    2     1534    -4    -5     T
      716  0.2500032E+03  0.81573E-03    2     1536    -4    -5     T
      717  0.2500043E+03  0.10604E-02    2     1538    -4    -5     T
      718  0.2500056E+03  0.13786E-02    2     1540    -4    -5     T
      719  0.2500074E+03  0.17922E-02    2     1542    -4    -5     T
      720  0.2500098E+03  0.23298E-02    2     1544    -4    -5     T
      721  0.2500128E+03  0.30287E-02    2     1546    -4    -5     T
      722  0.2500167E+03  0.39374E-02    2     1548    -4    -5     T
      723  0.2500218E+03  0.51186E-02    2     1550    -4    -5     T
      724  0.2500285E+03  0.66542E-02    2     1552    -4    -5     T
      725  0.2500372E+03  0.86504E-02    2     1554    -4    -5     T
      726  0.2500484E+03  0.11246E-01    2     1556    -4    -5     T
      727  0.2500630E+03  0.14619E-01    2     1558    -4    -5     T
      728  0.2500820E+03  0.19005E-01    2     1560    -4    -5     T
      729  0.2501067E+03  0.24706E-01    2     1562    -4    -5     T
      730  0.2501388E+03  0.32118E-01    2     1564    -4    -5     T
      731  0.2501806E+03  0.41754E-01    2     1566    -4    -5     T
      732  0.2502349E+03  0.54280E-01    2     1568    -4    -5     T
      733  0.2503054E+03  0.70564E-01    2     1570    -4    -5     T
      734  0.2503972E+03  0.91733E-01    2     1572    -4    -5     T
      735  0.2505164E+03  0.11925E+00    2     1574    -4    -5     T
      736  0.2506715E+03  0.15503E+00    2     1576    -4    -5     T
      737  0.2508730E+03  0.20154E+00    2     1578    -4    -5     T
      738  0.2511350E+03  0.26200E+00    2     1580    -4    -5     T
      739  0.2514756E+03  0.34060E+00    2     1582    -4    -5     T
      740  0.2519184E+03  0.44278E+00    2     1584    -4    -5     T
      741  0.2524940E+03  0.57561E+00    2     1586    -4    -5     T
      742  0.2532446E+03  0.75060E+00    2     1588    -4    -5     T
      743  0.2542096E+03  0.96506E+00    2     1590    -4    -5     T
      744  0.2553677E+03  0.11581E+01    2     1592    -4    -5     T
      745  0.2569118E+03  0.15441E+01    2     1594    -4    -5     T
      746  0.2600000E+03  0.30882E+01    2     1596    -4    -5     T
      747  0.2625000E+03  0.25000E+01    2     1598    -4    -5     T
      748  0.2662500E+03  0.37500E+01    2     1600    -4    -5     T
      749  0.2700000E+03  0.37500E+01    2     1602    -4    -5     T
      750  0.2700001E+03  0.10000E-03    2     1604    -4    -5     T
      751  0.2700002E+03  0.13000E-03    2     1606    -4    -5     T
      752  0.2700004E+03  0.16900E-03    2     1608    -4    -5     T
      753  0.2700006E+03  0.21970E-03    2     1610    -4    -5     T
      754  0.2700009E+03  0.28561E-03    2     1612    -4    -5     T
      755  0.2700013E+03  0.37129E-03    2     1614    -4    -5     T
      756  0.2700018E+03  0.48268E-03    2     1616    -4    -5     T
      757  0.2700024E+03  0.62748E-03    2     1618    -4    -5     T
      758  0.2700032E+03  0.81573E-03    2     1620    -4    -5     T
      759  0.2700043E+03  0.10604E-02    2     1622    -4    -5     T
      760  0.2700056E+03  0.13786E-02    2     1624    -4    -5     T
      761  0.2700074E+03  0.17922E-02    2     1626    -4    -5     T
      762  0.2700098E+03  0.23298E-02    2     1628    -4    -5     T
      763  0.2700128E+03  0.30287E-02    2     1630    -4    -5     T
      764  0.2700167E+03  0.39374E-02    2     1632    -4    -5     T
      765  0.2700218E+03  0.51186E-02    2     1634    -4    -5     T
      766  0.2700285E+03  0.66542E-02    2     1636    -4    -5     T
      767  0.2700372E+03  0.86504E-02    2     1638    -4    -5     T
      768  0.2700484E+03  0.11246E-01    2     1640    -4    -5     T
      769  0.2700630E+03  0.14619E-01    2     1642    -4    -5     T
      770  0.2700820E+03  0.19005E-01    2     1644    -4    -5     T
      771  0.2701067E+03  0.24706E-01    2     1646    -4    -5     T
      772  0.2701388E+03  0.32118E-01    2     1648    -4    -5     T
      773  0.2701806E+03  0.41754E-01    2     1650    -4    -5     T
      774  0.2702349E+03  0.54280E-01    2     1652    -4    -5     T
      775  0.2703054E+03  0.70564E-01    2     1654    -4    -5     T
      776  0.2703972E+03  0.91733E-01    2     1656    -4    -5     T
      777  0.2705164E+03  0.11925E+00    2     1658    -4    -5     T
      778  0.2706715E+03  0.15503E+00    2     1660    -4    -5     T
      779  0.2708730E+03  0.20154E+00    2     1662    -4    -5     T
      780  0.2711350E+03  0.26200E+00    2     1664    -4    -5     T
      781  0.2714756E+03  0.34060E+00    2     1666    -4    -5     T
      782  0.2719184E+03  0.44278E+00    2     1668    -4    -5     T
      783  0.2724940E+03  0.57561E+00    2     1670    -4    -5     T
      784  0.2732446E+03  0.75060E+00    2     1672    -4    -5     T
      785  0.2742096E+03  0.96506E+00    2     1674    -4    -5     T
      786  0.2753677E+03  0.11581E+01    2     1676    -4    -5     T
      787  0.2769118E+03  0.15441E+01    2     1678    -4    -5     T
      788  0.2800000E+03  0.30882E+01    2     1680    -4    -5     T
      789  0.2800001E+03  0.10000E-03    2     1682    -4    -5     T
      790  0.2800002E+03  0.13000E-03    2     1684    -4    -5     T
      791  0.2800004E+03  0.16900E-03    2     1686    -4    -5     T
      792  0.2800006E+03  0.21970E-03    2     1688    -4    -5     T
      793  0.2800009E+03  0.28561E-03    2     1690    -4    -5     T
      794  0.2800013E+03  0.37129E-03    2     1692    -4    -5     T
      795  0.2800018E+03  0.48268E-03    2     1694    -4    -5     T
      796  0.2800024E+03  0.62748E-03    2     1696    -4    -5     T
      797  0.2800032E+03  0.81573E-03    2     1698    -4    -5     T
      798  0.2800043E+03  0.10604E-02    2     1700    -4    -5     T
      799  0.2800056E+03  0.13786E-02    2     1702    -4    -5     T
      800  0.2800074E+03  0.17922E-02    2     1704    -4    -5     T
      801  0.2800098E+03  0.23298E-02    2     1706    -4    -5     T
      802  0.2800128E+03  0.30287E-02    2     1708    -4    -5     T
      803  0.2800167E+03  0.39374E-02    2     1710    -4    -5     T
      804  0.2800218E+03  0.51186E-02    2     1712    -4    -5     T
      805  0.2800285E+03  0.66542E-02    2     1714    -4    -5     T
      806  0.2800372E+03  0.86504E-02    2     1716    -4    -5     T
      807  0.2800484E+03  0.11246E-01    2     1718    -4    -5     T
      808  0.2800630E+03  0.14619E-01    2     1720    -4    -5     T
      809  0.2800820E+03  0.19005E-01    2     1722    -4    -5     T
      810  0.2801067E+03  0.24706E-01    2     1724    -4    -5     T
      811  0.2801388E+03  0.32118E-01    2     1726    -4    -5     T
      812  0.2801806E+03  0.41754E-01    2     1728    -4    -5     T
      813  0.2802349E+03  0.54280E-01    2     1730    -4    -5     T
      814  0.2803054E+03  0.70564E-01    2     1732    -4    -5     T
      815  0.2803972E+03  0.91733E-01    2     1734    -4    -5     T
      816  0.2805164E+03  0.11925E+00    2     1736    -4    -5     T
      817  0.2806715E+03  0.15503E+00    2     1738    -4    -5     T
      818  0.2808730E+03  0.20154E+00    2     1740    -4    -5     T
      819  0.2811350E+03  0.26200E+00    2     1742    -4    -5     T
      820  0.2814756E+03  0.34060E+00    2     1744    -4    -5     T
      821  0.2819184E+03  0.44278E+00    2     1746    -4    -5     T
      822  0.2824940E+03  0.57561E+00    2     1748    -4    -5     T
      823  0.2832446E+03  0.75060E+00    2     1750    -4    -5     T
      824  0.2842096E+03  0.96506E+00    2     1752    -4    -5     T
      825  0.2853677E+03  0.11581E+01    2     1754    -4    -5     T
      826  0.2869118E+03  0.15441E+01    2     1756    -4    -5     T
      827  0.2900000E+03  0.30882E+01    2     1758    -4    -5     T
      828  0.2925000E+03  0.25000E+01    2     1760    -4    -5     T
      829  0.2962500E+03  0.37500E+01    2     1762    -4    -5     T
      830  0.3000000E+03  0.37500E+01    2     1764    -4    -5     T
      831  0.3000001E+03  0.10000E-03    2     1766    -4    -5     T
      832  0.3000002E+03  0.13000E-03    2     1768    -4    -5     T
      833  0.3000004E+03  0.16900E-03    2     1770    -4    -5     T
      834  0.3000006E+03  0.21970E-03    2     1772    -4    -5     T
      835  0.3000009E+03  0.28561E-03    2     1774    -4    -5     T
      836  0.3000013E+03  0.37129E-03    2     1776    -4    -5     T
      837  0.3000018E+03  0.48268E-03    2     1778    -4    -5     T
      838  0.3000024E+03  0.62748E-03    2     1780    -4    -5     T
      839  0.3000032E+03  0.81573E-03    2     1782    -4    -5     T
      840  0.3000043E+03  0.10604E-02    2     1784    -4    -5     T
      841  0.3000056E+03  0.13786E-02    2     1786    -4    -5     T
      842  0.3000074E+03  0.17922E-02    2     1788    -4    -5     T
      843  0.3000098E+03  0.23298E-02    2     1790    -4    -5     T
      844  0.3000128E+03  0.30287E-02    2     1792    -4    -5     T
      845  0.3000167E+03  0.39374E-02    2     1794    -4    -5     T
      846  0.3000218E+03  0.51186E-02    2     1796    -4    -5     T
      847  0.3000285E+03  0.66542E-02    2     1798    -4    -5     T
      848  0.3000372E+03  0.86504E-02    2     1800    -4    -5     T
      849  0.3000484E+03  0.11246E-01    2     1802    -4    -5     T
      850  0.3000630E+03  0.14619E-01    2     1804    -4    -5     T
      851  0.3000820E+03  0.19005E-01    2     1806    -4    -5     T
      852  0.3001067E+03  0.24706E-01    2     1808    -4    -5     T
      853  0.3001388E+03  0.32118E-01    2     1810    -4    -5     T
      854  0.3001806E+03  0.41754E-01    2     1812    -4    -5     T
      855  0.3002349E+03  0.54280E-01    2     1814    -4    -5     T
      856  0.3003054E+03  0.70564E-01    2     1816    -4    -5     T
      857  0.3003972E+03  0.91733E-01    2     1818    -4    -5     T
      858  0.3005164E+03  0.11925E+00    2     1820    -4    -5     T
      859  0.3006715E+03  0.15503E+00    2     1822    -4    -5     T
      860  0.3008730E+03  0.20154E+00    2     1824    -4    -5     T
      861  0.3011350E+03  0.26200E+00    2     1826    -4    -5     T
      862  0.3014756E+03  0.34060E+00    2     1828    -4    -5     T
      863  0.3019184E+03  0.44278E+00    2     1830    -4    -5     T
      864  0.3024940E+03  0.57561E+00    2     1832    -4    -5     T
      865  0.3032446E+03  0.75060E+00    2     1834    -4    -5     T
      866  0.3042096E+03  0.96506E+00    2     1836    -4    -5     T
      867  0.3053677E+03  0.11581E+01    2     1838    -4    -5     T
      868  0.3069118E+03  0.15441E+01    2     1840    -4    -5     T
      869  0.3100000E+03  0.30882E+01    2     1842    -4    -5     T
      870  0.3125000E+03  0.25000E+01    2     1844    -4    -5     T
      871  0.3162500E+03  0.37500E+01    2     1846    -4    -5     T
      872  0.3200000E+03  0.37500E+01    2     1848    -4    -5     T
      873  0.3250000E+03  0.50000E+01    2     1850    -4    -5     T
      874  0.3300000E+03  0.50000E+01    2     1852    -4    -5     T
      875  0.3350000E+03  0.50000E+01    2     1854    -4    -5     T
      876  0.3400000E+03  0.50000E+01    2     1856    -4    -5     T
end
