Time	RunOff		Time	mm/hr
[T]	[L/T]			
				
10.0001	0.00E+00		10.0001	0.00E+00
10.0002	0.00E+00		10.0002	0.00E+00
10.0004	0.00E+00		10.0004	0.00E+00
10.0006	0.00E+00		10.0006	0.00E+00
10.001	0.00E+00		10.001	0.00E+00
10.0014	0.00E+00		10.0014	0.00E+00
10.0019	0.00E+00		10.0019	0.00E+00
10.0025	0.00E+00		10.0025	0.00E+00
10.0033	0.00E+00		10.0033	0.00E+00
10.0044	0.00E+00		10.0044	0.00E+00
10.0057	0.00E+00		10.0057	0.00E+00
10.0075	0.00E+00		10.0075	0.00E+00
10.0099	0.00E+00		10.0099	0.00E+00
10.0129	0.00E+00		10.0129	0.00E+00
10.0168	0.00E+00		10.0168	0.00E+00
10.0219	0.00E+00		10.0219	0.00E+00
10.0286	0.00E+00		10.0286	0.00E+00
10.0372	0.00E+00		10.0372	0.00E+00
10.0485	0.00E+00		10.0485	0.00E+00
10.0631	0.00E+00		10.0631	0.00E+00
10.0821	0.00E+00		10.0821	0.00E+00
10.1068	0.00E+00		10.1068	0.00E+00
10.1389	0.00E+00		10.1389	0.00E+00
10.1807	0.00E+00		10.1807	0.00E+00
10.235	0.00E+00		10.235	0.00E+00
10.3055	0.00E+00		10.3055	0.00E+00
10.3973	0.00E+00		10.3973	0.00E+00
10.5165	0.00E+00		10.5165	0.00E+00
10.6716	0.00E+00		10.6716	0.00E+00
10.8731	0.00E+00		10.8731	0.00E+00
11.1351	0.00E+00		11.1351	0.00E+00
11.4757	0.00E+00		11.4757	0.00E+00
11.9185	0.00E+00		11.9185	0.00E+00
12.4941	0.00E+00		12.4941	0.00E+00
13.2447	0.00E+00		13.2447	0.00E+00
14.2097	0.00E+00		14.2097	0.00E+00
15.3678	0.00E+00		15.3678	0.00E+00
16.9119	0.00E+00		16.9119	0.00E+00
20	0.00E+00		20	0.00E+00
22.5	0.00E+00		22.5	0.00E+00
26.25	0.00E+00		26.25	0.00E+00
30	0.00E+00		30	0.00E+00
-30.0001	4.87E-04		30.0001	2.92E-02
-30.0002	3.16E-04		30.0002	1.90E-02
-30.0004	2.13E-04		30.0004	1.28E-02
-30.0006	2.13E-04		30.0006	1.28E-02
-30.0009	0.00E+00		30.0009	0.00E+00
-30.0013	2.05E-04		30.0013	1.23E-02
-30.0018	7.32E-05		30.0018	4.39E-03
-30.0024	6.91E-05		30.0024	4.14E-03
-30.0032	5.06E-05		30.0032	3.03E-03
-30.0043	0.00E+00		30.0043	0.00E+00
-30.0056	4.77E-05		30.0056	2.86E-03
-30.0074	0.00E+00		30.0074	0.00E+00
-30.0098	3.35E-05		30.0098	2.01E-03
-30.0128	1.96E-05		30.0128	1.18E-03
-30.0167	0.00E+00		30.0167	0.00E+00
-30.0218	0.00E+00		30.0218	0.00E+00
-30.0285	0.00E+00		30.0285	0.00E+00
-30.0372	0.00E+00		30.0372	0.00E+00
-30.0484	0.00E+00		30.0484	0.00E+00
-30.063	0.00E+00		30.063	0.00E+00
-30.082	0.00E+00		30.082	0.00E+00
-30.1067	0.00E+00		30.1067	0.00E+00
-30.1388	0.00E+00		30.1388	0.00E+00
-30.1806	0.00E+00		30.1806	0.00E+00
-30.2349	0.00E+00		30.2349	0.00E+00
-30.3054	0.00E+00		30.3054	0.00E+00
-30.3972	0.00E+00		30.3972	0.00E+00
-30.5164	0.00E+00		30.5164	0.00E+00
-30.6715	0.00E+00		30.6715	0.00E+00
-30.873	0.00E+00		30.873	0.00E+00
-31.135	0.00E+00		31.135	0.00E+00
-31.4756	0.00E+00		31.4756	0.00E+00
-31.8162	0.00E+00		31.8162	0.00E+00
-32.1568	0.00E+00		32.1568	0.00E+00
-32.4974	0.00E+00		32.4974	0.00E+00
-32.838	0.00E+00		32.838	0.00E+00
-33.2808	0.00E+00		33.2808	0.00E+00
-33.7235	0.00E+00		33.7235	0.00E+00
-34.1663	0.00E+00		34.1663	0.00E+00
-34.7497	0.00E+00		34.7497	0.00E+00
-35.4997	0.00E+00		35.4997	0.00E+00
-36.3998	0.00E+00		36.3998	0.00E+00
-37.2998	0.00E+00		37.2998	0.00E+00
-38.1999	0.00E+00		38.1999	0.00E+00
-39.0999	0.00E+00		39.0999	0.00E+00
-40	0.00E+00		40	0.00E+00
-40.0001	3.80E-04		40.0001	2.28E-02
-40.0002	1.89E-04		40.0002	1.13E-02
-40.0004	5.73E-04		40.0004	3.44E-02
-40.0006	5.26E-04		40.0006	3.16E-02
-40.0009	4.06E-04		40.0009	2.44E-02
-40.0013	3.59E-04		40.0013	2.15E-02
-40.0018	1.51E-04		40.0018	9.05E-03
-40.0024	5.54E-05		40.0024	3.32E-03
-40.0032	0.00E+00		40.0032	0.00E+00
-40.0043	1.00E-04		40.0043	6.02E-03
-40.0056	5.85E-05		40.0056	3.51E-03
-40.0074	2.95E-05		40.0074	1.77E-03
-40.0098	0.00E+00		40.0098	0.00E+00
-40.0128	3.76E-05		40.0128	2.25E-03
-40.0167	0.00E+00		40.0167	0.00E+00
-40.0218	1.20E-05		40.0218	7.18E-04
-40.0285	0.00E+00		40.0285	0.00E+00
-40.0372	1.53E-05		40.0372	9.21E-04
-40.0484	1.17E-05		40.0484	7.01E-04
-40.063	0.00E+00		40.063	0.00E+00
-40.082	0.00E+00		40.082	0.00E+00
-40.1067	0.00E+00		40.1067	0.00E+00
-40.1388	0.00E+00		40.1388	0.00E+00
-40.1806	0.00E+00		40.1806	0.00E+00
-40.2349	0.00E+00		40.2349	0.00E+00
-40.3054	0.00E+00		40.3054	0.00E+00
-40.3972	0.00E+00		40.3972	0.00E+00
-40.5164	0.00E+00		40.5164	0.00E+00
-40.6715	0.00E+00		40.6715	0.00E+00
-40.873	0.00E+00		40.873	0.00E+00
-41.135	0.00E+00		41.135	0.00E+00
-41.4756	0.00E+00		41.4756	0.00E+00
-41.9184	0.00E+00		41.9184	0.00E+00
-42.494	0.00E+00		42.494	0.00E+00
-43.2446	0.00E+00		43.2446	0.00E+00
-44.2096	0.00E+00		44.2096	0.00E+00
-45.3677	0.00E+00		45.3677	0.00E+00
-46.5258	0.00E+00		46.5258	0.00E+00
-48.2629	0.00E+00		48.2629	0.00E+00
-50	0.00E+00		50	0.00E+00
-50.0001	1.08E-03		50.0001	6.46E-02
-50.0002	2.54E-04		50.0002	1.53E-02
-50.0004	8.57E-04		50.0004	5.14E-02
-50.0006	5.18E-04		50.0006	3.11E-02
-50.0009	2.96E-04		50.0009	1.78E-02
-50.0013	8.28E-05		50.0013	4.97E-03
-50.0018	2.61E-04		50.0018	1.57E-02
-50.0024	1.31E-04		50.0024	7.84E-03
-50.0032	4.40E-05		50.0032	2.64E-03
-50.0043	1.02E-04		50.0043	6.13E-03
-50.0056	3.66E-05		50.0056	2.20E-03
-50.0074	7.25E-05		50.0074	4.35E-03
-50.0098	1.91E-05		50.0098	1.14E-03
-50.0128	4.42E-05		50.0128	2.65E-03
-50.0167	2.80E-05		50.0167	1.68E-03
-50.0218	1.62E-05		50.0218	9.73E-04
-50.0285	1.46E-05		50.0285	8.74E-04
-50.0372	0.00E+00		50.0372	0.00E+00
-50.0484	0.00E+00		50.0484	0.00E+00
-50.063	0.00E+00		50.063	0.00E+00
-50.082	0.00E+00		50.082	0.00E+00
-50.1067	0.00E+00		50.1067	0.00E+00
-50.1388	0.00E+00		50.1388	0.00E+00
-50.1806	0.00E+00		50.1806	0.00E+00
-50.2349	0.00E+00		50.2349	0.00E+00
-50.3054	0.00E+00		50.3054	0.00E+00
-50.3972	0.00E+00		50.3972	0.00E+00
-50.5164	0.00E+00		50.5164	0.00E+00
-50.6715	0.00E+00		50.6715	0.00E+00
-50.873	0.00E+00		50.873	0.00E+00
-51.135	0.00E+00		51.135	0.00E+00
-51.4756	0.00E+00		51.4756	0.00E+00
-51.9184	0.00E+00		51.9184	0.00E+00
-52.494	0.00E+00		52.494	0.00E+00
-53.2446	0.00E+00		53.2446	0.00E+00
-54.2096	0.00E+00		54.2096	0.00E+00
-55.1747	0.00E+00		55.1747	0.00E+00
-56.1398	0.00E+00		56.1398	0.00E+00
-57.4265	0.00E+00		57.4265	0.00E+00
-58.7133	0.00E+00		58.7133	0.00E+00
-60	0.00E+00		60	0.00E+00
-61.25	0.00E+00		61.25	0.00E+00
-62.5	0.00E+00		62.5	0.00E+00
-63.75	0.00E+00		63.75	0.00E+00
-65	0.00E+00		65	0.00E+00
-66.25	0.00E+00		66.25	0.00E+00
-67.5	0.00E+00		67.5	0.00E+00
-68.75	0.00E+00		68.75	0.00E+00
-70	0.00E+00		70	0.00E+00
-71.25	0.00E+00		71.25	0.00E+00
-72.5	0.00E+00		72.5	0.00E+00
-73.75	0.00E+00		73.75	0.00E+00
-75.3125	0.00E+00		75.3125	0.00E+00
-77.6562	0.00E+00		77.6562	0.00E+00
-80	0.00E+00		80	0.00E+00
-82	0.00E+00		82	0.00E+00
-84	0.00E+00		84	0.00E+00
-86	0.00E+00		86	0.00E+00
-88	0.00E+00		88	0.00E+00
-90	0.00E+00		90	0.00E+00
-90.0001	0.00E+00		90.0001	0.00E+00
-90.0002	9.17E-04		90.0002	5.50E-02
-90.0004	3.31E-04		90.0004	1.99E-02
-90.0006	6.64E-04		90.0006	3.99E-02
-90.0009	3.14E-04		90.0009	1.89E-02
-90.0013	1.02E-05		90.0013	6.12E-04
-90.0018	3.07E-04		90.0018	1.84E-02
-90.0024	1.61E-04		90.0024	9.66E-03
-90.0032	5.20E-05		90.0032	3.12E-03
-90.0043	7.13E-05		90.0043	4.28E-03
-90.0056	2.60E-05		90.0056	1.56E-03
-90.0074	2.37E-05		90.0074	1.42E-03
-90.0098	4.71E-05		90.0098	2.83E-03
-90.0128	1.95E-05		90.0128	1.17E-03
-90.0167	0.00E+00		90.0167	0.00E+00
-90.0218	2.68E-05		90.0218	1.61E-03
-90.0285	0.00E+00		90.0285	0.00E+00
-90.0372	0.00E+00		90.0372	0.00E+00
-90.0484	0.00E+00		90.0484	0.00E+00
-90.063	0.00E+00		90.063	0.00E+00
-90.082	0.00E+00		90.082	0.00E+00
-90.101	0.00E+00		90.101	0.00E+00
-90.1257	1.31E-01		90.1257	7.84E+00
-90.1579	5.56E-02		90.1579	3.33E+00
-90.1996	1.08E-01		90.1996	6.47E+00
-90.2539	9.76E-02		90.2539	5.85E+00
-90.3244	1.03E-01		90.3244	6.18E+00
-90.4162	1.01E-01		90.4162	6.04E+00
-90.5354	9.19E-02		90.5354	5.52E+00
-90.6905	0.00E+00		90.6905	0.00E+00
-90.892	4.49E-02		90.892	2.69E+00
-91.154	5.39E-02		91.154	3.24E+00
-91.4946	6.92E-02		91.4946	4.15E+00
-91.9374	8.55E-02		91.9374	5.13E+00
-92.513	9.83E-02		92.513	5.90E+00
-93.2617	1.09E-01		93.2617	6.56E+00
-94.2243	1.23E-01		94.2243	7.37E+00
-95.3794	1.33E-01		95.3794	8.01E+00
-96.9196	1.37E-01		96.9196	8.23E+00
-98.4598	1.40E-01		98.4598	8.40E+00
-100	1.41E-01		100	8.44E+00
-100.0001	5.84E-02		100.0001	3.51E+00
-100.0002	5.82E-02		100.0002	3.49E+00
-100.0004	5.84E-02		100.0004	3.50E+00
-100.0006	5.83E-02		100.0006	3.50E+00
-100.0009	5.84E-02		100.0009	3.50E+00
-100.0013	5.84E-02		100.0013	3.50E+00
-100.0018	5.84E-02		100.0018	3.50E+00
-100.0024	5.84E-02		100.0024	3.50E+00
-100.0032	5.84E-02		100.0032	3.50E+00
-100.0043	5.84E-02		100.0043	3.50E+00
-100.0056	5.84E-02		100.0056	3.50E+00
-100.0074	5.84E-02		100.0074	3.50E+00
-100.0098	5.84E-02		100.0098	3.50E+00
-100.0128	5.84E-02		100.0128	3.50E+00
-100.0167	5.84E-02		100.0167	3.50E+00
-100.0218	5.83E-02		100.0218	3.50E+00
-100.0285	5.83E-02		100.0285	3.50E+00
-100.0372	5.83E-02		100.0372	3.50E+00
-100.0484	5.82E-02		100.0484	3.49E+00
-100.063	5.82E-02		100.063	3.49E+00
-100.082	5.82E-02		100.082	3.49E+00
-100.1067	5.82E-02		100.1067	3.49E+00
-100.1388	5.81E-02		100.1388	3.49E+00
-100.1806	5.81E-02		100.1806	3.49E+00
-100.2349	5.80E-02		100.2349	3.48E+00
-100.3054	5.80E-02		100.3054	3.48E+00
-100.3972	5.79E-02		100.3972	3.47E+00
-100.5164	5.76E-02		100.5164	3.45E+00
-100.6715	5.72E-02		100.6715	3.43E+00
-100.873	5.65E-02		100.873	3.39E+00
-101.135	5.50E-02		101.135	3.30E+00
-101.4756	5.22E-02		101.4756	3.13E+00
-101.9184	3.55E-02		101.9184	2.13E+00
-102.494	8.14E-03		102.494	4.88E-01
-103.2446	0.00E+00		103.2446	0.00E+00
-103.7684	0.00E+00		103.7684	0.00E+00
-104.4608	1.90E-02		104.4608	1.14E+00
-104.9375	1.83E-02		104.9375	1.10E+00
-105.5703	2.06E-02		105.5703	1.24E+00
-106.4562	2.32E-02		106.4562	1.39E+00
-107.6375	2.32E-02		107.6375	1.39E+00
-108.8187	2.19E-02		108.8187	1.31E+00
-109.2125	2.15E-03		109.2125	1.29E-01
-109.6062	1.90E-02		109.6062	1.14E+00
-110	1.48E-03		110	8.87E-02
-110.2756	9.05E-03		110.2756	5.43E-01
-110.6339	3.98E-02		110.6339	2.39E+00
-111.0998	1.48E-02		111.0998	8.86E-01
-111.4258	2.32E-02		111.4258	1.39E+00
-111.6541	1.66E-02		111.6541	9.98E-01
-111.8823	1.16E-01		111.8823	6.97E+00
-112.179	2.63E-02		112.179	1.58E+00
-112.3076	1.10E-01		112.3076	6.60E+00
-112.4748	5.06E-02		112.4748	3.04E+00
-112.6419	3.24E-02		112.6419	1.94E+00
-112.8091	3.25E-02		112.8091	1.95E+00
-112.9762	3.26E-02		112.9762	1.95E+00
-113.1434	3.25E-02		113.1434	1.95E+00
-113.3105	3.23E-02		113.3105	1.94E+00
-113.4777	3.21E-02		113.4777	1.93E+00
-113.6448	3.19E-02		113.6448	1.91E+00
-113.812	3.16E-02		113.812	1.90E+00
-113.9791	3.14E-02		113.9791	1.88E+00
-114.1463	3.11E-02		114.1463	1.86E+00
-114.3134	3.07E-02		114.3134	1.84E+00
-114.4806	3.02E-02		114.4806	1.81E+00
-114.6478	2.98E-02		114.6478	1.79E+00
-114.8149	2.92E-02		114.8149	1.75E+00
-114.9821	2.85E-02		114.9821	1.71E+00
-115.1492	1.03E-01		115.1492	6.16E+00
-115.3665	1.84E-02		115.3665	1.10E+00
-115.649	0.00E+00		115.649	0.00E+00
-115.9315	0.00E+00		115.9315	0.00E+00
-116.214	9.30E-02		116.214	5.58E+00
-116.5926	1.58E-02		116.5926	9.51E-01
-116.8496	2.46E-03		116.8496	1.47E-01
-117.1067	6.38E-02		117.1067	3.83E+00
-117.3638	1.31E-02		117.3638	7.88E-01
-117.6933	1.10E-02		117.6933	6.60E-01
-118.0228	1.23E-01		118.0228	7.38E+00
-118.3524	1.92E-02		118.3524	1.15E+00
-118.6819	3.55E-04		118.6819	2.13E-02
-118.7917	1.50E-01		118.7917	9.00E+00
-118.9428	5.12E-04		118.9428	3.07E-02
-119.119	1.27E-01		119.119	7.61E+00
-119.3392	1.48E-02		119.3392	8.88E-01
-119.5044	1.31E-02		119.5044	7.83E-01
-119.6696	1.27E-01		119.6696	7.64E+00
-119.8348	0.00E+00		119.8348	0.00E+00
-120	0.00E+00		120	0.00E+00
-120.2855	5.58E-02		120.2855	3.35E+00
-120.571	5.16E-02		120.571	3.09E+00
-120.8565	4.99E-02		120.8565	3.00E+00
-121.142	4.90E-02		121.142	2.94E+00
-121.4274	4.82E-02		121.4274	2.89E+00
-121.7129	4.77E-02		121.7129	2.86E+00
-121.9984	4.71E-02		121.9984	2.83E+00
-122.2839	4.67E-02		122.2839	2.80E+00
-122.5694	4.63E-02		122.5694	2.78E+00
-122.8549	4.59E-02		122.8549	2.75E+00
-123.1404	4.55E-02		123.1404	2.73E+00
-123.4259	4.51E-02		123.4259	2.71E+00
-123.7113	4.47E-02		123.7113	2.68E+00
-123.9968	4.43E-02		123.9968	2.66E+00
-124.2823	4.40E-02		124.2823	2.64E+00
-124.5678	4.36E-02		124.5678	2.62E+00
-124.8533	4.33E-02		124.8533	2.60E+00
-125.1388	4.30E-02		125.1388	2.58E+00
-125.4243	4.27E-02		125.4243	2.56E+00
-125.7098	4.25E-02		125.7098	2.55E+00
-125.9952	4.22E-02		125.9952	2.53E+00
-126.2807	4.20E-02		126.2807	2.52E+00
-126.5662	4.17E-02		126.5662	2.50E+00
-126.8517	4.14E-02		126.8517	2.49E+00
-127.1372	4.12E-02		127.1372	2.47E+00
-127.4235	4.10E-02		127.4235	2.46E+00
-127.7098	4.07E-02		127.7098	2.44E+00
-127.996	4.05E-02		127.996	2.43E+00
-128.2823	4.03E-02		128.2823	2.42E+00
-128.5686	4.02E-02		128.5686	2.41E+00
-128.8549	4.01E-02		128.8549	2.40E+00
-129.1412	3.99E-02		129.1412	2.39E+00
-129.4274	3.98E-02		129.4274	2.39E+00
-129.7137	3.96E-02		129.7137	2.38E+00
-130	3.95E-02		130	2.37E+00
-130.0001	2.40E-05		130.0001	1.44E-03
-130.0002	0.00E+00		130.0002	0.00E+00
-130.0004	7.18E-04		130.0004	4.31E-02
-130.0006	0.00E+00		130.0006	0.00E+00
-130.0009	8.85E-05		130.0009	5.31E-03
-130.0013	0.00E+00		130.0013	0.00E+00
-130.0018	4.29E-05		130.0018	2.57E-03
-130.0024	0.00E+00		130.0024	0.00E+00
-130.0032	0.00E+00		130.0032	0.00E+00
-130.0043	0.00E+00		130.0043	0.00E+00
-130.0056	1.42E-05		130.0056	8.50E-04
-130.0074	0.00E+00		130.0074	0.00E+00
-130.0098	3.82E-05		130.0098	2.29E-03
-130.0128	0.00E+00		130.0128	0.00E+00
-130.0167	0.00E+00		130.0167	0.00E+00
-130.0218	1.95E-05		130.0218	1.17E-03
-130.027	2.52E-05		130.027	1.51E-03
-130.0336	1.39E-05		130.0336	8.32E-04
-130.0423	1.59E-05		130.0423	9.56E-04
-130.0535	0.00E+00		130.0535	0.00E+00
-130.0681	0.00E+00		130.0681	0.00E+00
-130.0871	0.00E+00		130.0871	0.00E+00
-130.1118	0.00E+00		130.1118	0.00E+00
-130.144	0.00E+00		130.144	0.00E+00
-130.1857	0.00E+00		130.1857	0.00E+00
-130.24	0.00E+00		130.24	0.00E+00
-130.3106	0.00E+00		130.3106	0.00E+00
-130.4023	0.00E+00		130.4023	0.00E+00
-130.5215	0.00E+00		130.5215	0.00E+00
-130.6766	0.00E+00		130.6766	0.00E+00
-130.8781	0.00E+00		130.8781	0.00E+00
-131.1401	0.00E+00		131.1401	0.00E+00
-131.4807	0.00E+00		131.4807	0.00E+00
-131.9235	0.00E+00		131.9235	0.00E+00
-132.4991	0.00E+00		132.4991	0.00E+00
-133.2492	0.00E+00		133.2492	0.00E+00
-134.2136	0.00E+00		134.2136	0.00E+00
-135.3709	0.00E+00		135.3709	0.00E+00
-136.9139	0.00E+00		136.9139	0.00E+00
-138.457	0.00E+00		138.457	0.00E+00
-140	0.00E+00		140	0.00E+00
-140.0001	1.23E-03		140.0001	7.37E-02
-140.0002	5.83E-04		140.0002	3.50E-02
-140.0004	4.49E-04		140.0004	2.69E-02
-140.0006	1.64E-04		140.0006	9.85E-03
-140.0009	4.35E-04		140.0009	2.61E-02
-140.0013	2.24E-05		140.0013	1.34E-03
-140.0018	2.36E-04		140.0018	1.41E-02
-140.0024	7.63E-05		140.0024	4.58E-03
-140.0032	1.56E-04		140.0032	9.35E-03
-140.0043	5.87E-05		140.0043	3.52E-03
-140.0056	5.30E-05		140.0056	3.18E-03
-140.0074	1.86E-05		140.0074	1.11E-03
-140.0098	2.15E-05		140.0098	1.29E-03
-140.0128	0.00E+00		140.0128	0.00E+00
-140.0167	3.00E-05		140.0167	1.80E-03
-140.0218	0.00E+00		140.0218	0.00E+00
-140.0285	1.51E-05		140.0285	9.06E-04
-140.0372	1.44E-05		140.0372	8.63E-04
-140.0484	0.00E+00		140.0484	0.00E+00
-140.063	0.00E+00		140.063	0.00E+00
-140.082	0.00E+00		140.082	0.00E+00
-140.1067	0.00E+00		140.1067	0.00E+00
-140.1388	0.00E+00		140.1388	0.00E+00
-140.1806	0.00E+00		140.1806	0.00E+00
-140.2349	0.00E+00		140.2349	0.00E+00
-140.3054	0.00E+00		140.3054	0.00E+00
-140.3972	0.00E+00		140.3972	0.00E+00
-140.5164	0.00E+00		140.5164	0.00E+00
-140.6715	0.00E+00		140.6715	0.00E+00
-140.873	0.00E+00		140.873	0.00E+00
-141.135	0.00E+00		141.135	0.00E+00
-141.4756	0.00E+00		141.4756	0.00E+00
-141.9184	0.00E+00		141.9184	0.00E+00
-142.494	0.00E+00		142.494	0.00E+00
-143.2446	0.00E+00		143.2446	0.00E+00
-144.2096	0.00E+00		144.2096	0.00E+00
-145.3677	0.00E+00		145.3677	0.00E+00
-146.9118	0.00E+00		146.9118	0.00E+00
-150	0.00E+00		150	0.00E+00
-150.0001	4.25E-04		150.0001	2.55E-02
-150.0002	4.90E-04		150.0002	2.94E-02
-150.0004	2.86E-04		150.0004	1.72E-02
-150.0006	2.65E-04		150.0006	1.59E-02
-150.0009	8.01E-05		150.0009	4.81E-03
-150.0013	1.21E-04		150.0013	7.29E-03
-150.0018	5.53E-05		150.0018	3.32E-03
-150.0024	2.18E-04		150.0024	1.31E-02
-150.0032	8.71E-05		150.0032	5.23E-03
-150.0043	6.02E-05		150.0043	3.61E-03
-150.0056	9.42E-05		150.0056	5.65E-03
-150.0074	5.38E-05		150.0074	3.23E-03
-150.0098	0.00E+00		150.0098	0.00E+00
-150.0128	1.82E-05		150.0128	1.09E-03
-150.0167	0.00E+00		150.0167	0.00E+00
-150.0218	0.00E+00		150.0218	0.00E+00
-150.0285	0.00E+00		150.0285	0.00E+00
-150.0372	0.00E+00		150.0372	0.00E+00
-150.0484	1.20E-05		150.0484	7.23E-04
-150.063	0.00E+00		150.063	0.00E+00
-150.082	0.00E+00		150.082	0.00E+00
-150.1067	0.00E+00		150.1067	0.00E+00
-150.1388	0.00E+00		150.1388	0.00E+00
-150.1806	0.00E+00		150.1806	0.00E+00
-150.2349	0.00E+00		150.2349	0.00E+00
-150.3054	0.00E+00		150.3054	0.00E+00
-150.3972	0.00E+00		150.3972	0.00E+00
-150.5164	0.00E+00		150.5164	0.00E+00
-150.6715	0.00E+00		150.6715	0.00E+00
-150.873	0.00E+00		150.873	0.00E+00
-151.135	0.00E+00		151.135	0.00E+00
-151.4756	0.00E+00		151.4756	0.00E+00
-151.9184	0.00E+00		151.9184	0.00E+00
-152.494	0.00E+00		152.494	0.00E+00
-153.2446	0.00E+00		153.2446	0.00E+00
-154.2096	0.00E+00		154.2096	0.00E+00
-155.3677	0.00E+00		155.3677	0.00E+00
-156.9118	0.00E+00		156.9118	0.00E+00
-160	0.00E+00		160	0.00E+00
162.5	0.00E+00		162.5	0.00E+00
166.25	0.00E+00		166.25	0.00E+00
170	0.00E+00		-170	0.00E+00
175	0.00E+00		-175	0.00E+00
180	0.00E+00		-180	0.00E+00
185	0.00E+00		-185	0.00E+00
190	0.00E+00		-190	0.00E+00
200	0.00E+00		-200	0.00E+00
-200.0001	5.64E-04		200.0001	3.38E-02
-200.0002	3.54E-04		200.0002	2.12E-02
-200.0004	5.31E-04		200.0004	3.18E-02
-200.0006	2.60E-04		200.0006	1.56E-02
-200.0009	2.60E-04		200.0009	1.56E-02
-200.0013	9.80E-05		200.0013	5.88E-03
-200.0018	2.74E-04		200.0018	1.65E-02
-200.0024	1.35E-04		200.0024	8.07E-03
-200.0032	6.50E-05		200.0032	3.90E-03
-200.0043	4.30E-05		200.0043	2.58E-03
-200.0056	1.55E-05		200.0056	9.29E-04
-200.0074	0.00E+00		200.0074	0.00E+00
-200.0098	4.00E-05		200.0098	2.40E-03
-200.0128	2.32E-05		200.0128	1.39E-03
-200.0167	2.08E-05		200.0167	1.25E-03
-200.0218	2.86E-05		200.0218	1.72E-03
-200.0285	0.00E+00		200.0285	0.00E+00
-200.0372	0.00E+00		200.0372	0.00E+00
-200.0484	0.00E+00		200.0484	0.00E+00
-200.063	0.00E+00		200.063	0.00E+00
-200.082	0.00E+00		200.082	0.00E+00
-200.1067	0.00E+00		200.1067	0.00E+00
-200.1388	0.00E+00		200.1388	0.00E+00
-200.1806	0.00E+00		200.1806	0.00E+00
-200.2349	0.00E+00		200.2349	0.00E+00
-200.3054	0.00E+00		200.3054	0.00E+00
-200.3972	0.00E+00		200.3972	0.00E+00
-200.5164	0.00E+00		200.5164	0.00E+00
-200.6715	0.00E+00		200.6715	0.00E+00
-200.873	0.00E+00		200.873	0.00E+00
-201.135	0.00E+00		201.135	0.00E+00
-201.4756	0.00E+00		201.4756	0.00E+00
-201.9184	0.00E+00		201.9184	0.00E+00
-202.494	0.00E+00		202.494	0.00E+00
-203.2446	0.00E+00		203.2446	0.00E+00
-204.2096	0.00E+00		204.2096	0.00E+00
-205.3677	0.00E+00		205.3677	0.00E+00
-206.9118	0.00E+00		206.9118	0.00E+00
-210	0.00E+00		210	0.00E+00
212.5	0.00E+00		212.5	0.00E+00
216.25	0.00E+00		216.25	0.00E+00
220	0.00E+00		220	0.00E+00
-220.0001	4.92E-04		220.0001	2.95E-02
-220.0002	4.35E-04		220.0002	2.61E-02
-220.0004	6.04E-04		220.0004	3.62E-02
-220.0006	3.37E-04		220.0006	2.02E-02
-220.0009	1.86E-04		220.0009	1.12E-02
-220.0013	2.35E-05		220.0013	1.41E-03
-220.0018	2.69E-04		220.0018	1.62E-02
-220.0024	2.08E-04		220.0024	1.25E-02
-220.0032	1.37E-04		220.0032	8.24E-03
-220.0043	2.84E-05		220.0043	1.71E-03
-220.0056	5.44E-05		220.0056	3.27E-03
-220.0074	6.03E-05		220.0074	3.62E-03
-220.0098	2.18E-05		220.0098	1.31E-03
-220.0128	1.19E-05		220.0128	7.14E-04
-220.0167	3.73E-05		220.0167	2.24E-03
-220.0218	2.58E-05		220.0218	1.55E-03
-220.0285	0.00E+00		220.0285	0.00E+00
-220.0372	0.00E+00		220.0372	0.00E+00
-220.0484	1.30E-05		220.0484	7.82E-04
-220.063	1.03E-05		220.063	6.18E-04
-220.082	0.00E+00		220.082	0.00E+00
-220.1067	0.00E+00		220.1067	0.00E+00
-220.1388	0.00E+00		220.1388	0.00E+00
-220.1806	0.00E+00		220.1806	0.00E+00
-220.2349	0.00E+00		220.2349	0.00E+00
-220.3054	0.00E+00		220.3054	0.00E+00
-220.3972	0.00E+00		220.3972	0.00E+00
-220.5164	0.00E+00		220.5164	0.00E+00
-220.6715	0.00E+00		220.6715	0.00E+00
-220.873	0.00E+00		220.873	0.00E+00
-221.135	0.00E+00		221.135	0.00E+00
-221.4756	0.00E+00		221.4756	0.00E+00
-221.9184	0.00E+00		221.9184	0.00E+00
-222.494	0.00E+00		222.494	0.00E+00
-223.2446	0.00E+00		223.2446	0.00E+00
-224.2096	0.00E+00		224.2096	0.00E+00
-225.3677	0.00E+00		225.3677	0.00E+00
-226.9118	0.00E+00		226.9118	0.00E+00
-230	0.00E+00		230	0.00E+00
232.5	0.00E+00		232.5	0.00E+00
236.25	0.00E+00		236.25	0.00E+00
240	0.00E+00		240	0.00E+00
245	0.00E+00		245	0.00E+00
250	0.00E+00		250	0.00E+00
-250.0001	1.52E-03		250.0001	9.09E-02
-250.0002	5.95E-04		250.0002	3.57E-02
-250.0004	4.21E-04		250.0004	2.52E-02
-250.0006	6.90E-04		250.0006	4.14E-02
-250.0009	1.69E-04		250.0009	1.01E-02
-250.0013	2.47E-04		250.0013	1.48E-02
-250.0018	6.11E-05		250.0018	3.66E-03
-250.0024	1.31E-04		250.0024	7.84E-03
-250.0032	1.59E-04		250.0032	9.56E-03
-250.0043	1.25E-04		250.0043	7.48E-03
-250.0056	1.07E-04		250.0056	6.41E-03
-250.0074	2.88E-05		250.0074	1.73E-03
-250.0098	2.87E-05		250.0098	1.72E-03
-250.0128	3.87E-05		250.0128	2.32E-03
-250.0167	1.09E-05		250.0167	6.54E-04
-250.0218	2.01E-05		250.0218	1.21E-03
-250.0285	0.00E+00		250.0285	0.00E+00
-250.0372	0.00E+00		250.0372	0.00E+00
-250.0484	0.00E+00		250.0484	0.00E+00
-250.063	0.00E+00		250.063	0.00E+00
-250.082	0.00E+00		250.082	0.00E+00
-250.1067	0.00E+00		250.1067	0.00E+00
-250.1388	0.00E+00		250.1388	0.00E+00
-250.1806	0.00E+00		250.1806	0.00E+00
-250.2349	0.00E+00		250.2349	0.00E+00
-250.3054	0.00E+00		250.3054	0.00E+00
-250.3972	0.00E+00		250.3972	0.00E+00
-250.5164	0.00E+00		250.5164	0.00E+00
-250.6715	0.00E+00		250.6715	0.00E+00
-250.873	0.00E+00		250.873	0.00E+00
-251.135	0.00E+00		251.135	0.00E+00
-251.4756	0.00E+00		251.4756	0.00E+00
-251.9184	0.00E+00		251.9184	0.00E+00
-252.494	0.00E+00		252.494	0.00E+00
-253.2446	0.00E+00		253.2446	0.00E+00
-254.2096	0.00E+00		254.2096	0.00E+00
-255.3677	0.00E+00		255.3677	0.00E+00
-256.9118	0.00E+00		256.9118	0.00E+00
-260	0.00E+00		260	0.00E+00
262.5	0.00E+00		262.5	0.00E+00
266.25	0.00E+00		266.25	0.00E+00
270	0.00E+00		270	0.00E+00
275	0.00E+00		275	0.00E+00
280	0.00E+00		280	0.00E+00
285	0.00E+00		285	0.00E+00
290	0.00E+00		290	0.00E+00
