 ******* Program HYDRUS
 ******* 
 Welcome to HYDRUS-1D                                                    
 Date:   9. 6.    Time:  16:45:27
 Units: L = mm   , T = min  , M = mmol 

       Time          rTop        rRoot        vTop         vRoot        vBot       sum(rTop)   sum(rRoot)    sum(vTop)   sum(vRoot)    sum(vBot)      hTop         hRoot        hBot        RunOff    sum(RunOff)     Volume     sum(Infil)    sum(Evap) TLevel Cum(WTrans)  SnowLayer
        [T]         [L/T]        [L/T]        [L/T]        [L/T]        [L/T]         [L]          [L]          [L]         [L]           [L]         [L]           [L]         [L]          [L/T]         [L]          [L]          [L]          [L]

      10.0001  0.00000E+00  0.00000E+00  0.34484E-03  0.00000E+00 -0.28480E-02  0.00000E+00  0.00000E+00  0.34484E-07  0.00000E+00 -0.28480E-06 -0.28615E+04  0.00000E+00 -0.96441E+03  0.00000E+00  0.00000E+00  0.43369E+03  0.00000E+00  0.34484E-07      1  0.00000E+00      0.000
      10.0002  0.00000E+00  0.00000E+00  0.34483E-03  0.00000E+00 -0.21859E-02  0.00000E+00  0.00000E+00  0.78819E-07  0.00000E+00 -0.56585E-06 -0.28615E+04  0.00000E+00 -0.96441E+03  0.00000E+00  0.00000E+00  0.43369E+03  0.00000E+00  0.78819E-07      2  0.00000E+00      0.000
      10.0004  0.00000E+00  0.00000E+00  0.34483E-03  0.00000E+00 -0.17998E-02  0.00000E+00  0.00000E+00  0.13202E-06  0.00000E+00 -0.84354E-06 -0.28615E+04  0.00000E+00 -0.96441E+03  0.00000E+00  0.00000E+00  0.43369E+03  0.00000E+00  0.13202E-06      3  0.00000E+00      0.000
      10.0006  0.00000E+00  0.00000E+00  0.34483E-03  0.00000E+00 -0.20415E-02  0.00000E+00  0.00000E+00  0.20296E-06  0.00000E+00 -0.12635E-05 -0.28615E+04  0.00000E+00 -0.96442E+03  0.00000E+00  0.00000E+00  0.43369E+03  0.00000E+00  0.20296E-06      4  0.00000E+00      0.000
      10.0010  0.00000E+00  0.00000E+00 -0.17358E-04  0.00000E+00 -0.20421E-02  0.00000E+00  0.00000E+00  0.19582E-06  0.00000E+00 -0.21037E-05 -0.28615E+04  0.00000E+00 -0.96442E+03  0.00000E+00  0.00000E+00  0.43369E+03  0.00000E+00  0.20296E-06      5  0.00000E+00      0.000
      10.0014  0.00000E+00  0.00000E+00 -0.56527E-04  0.00000E+00 -0.22774E-02  0.00000E+00  0.00000E+00  0.17483E-06  0.00000E+00 -0.29493E-05 -0.28615E+04  0.00000E+00 -0.96442E+03  0.00000E+00  0.00000E+00  0.43369E+03  0.00000E+00  0.20296E-06      6  0.00000E+00      0.000
      10.0019  0.00000E+00  0.00000E+00  0.36058E-04  0.00000E+00 -0.23399E-02  0.00000E+00  0.00000E+00  0.19223E-06  0.00000E+00 -0.40787E-05 -0.28615E+04  0.00000E+00 -0.96442E+03  0.00000E+00  0.00000E+00  0.43369E+03  0.00000E+00  0.22036E-06      7  0.00000E+00      0.000
      10.0025  0.00000E+00  0.00000E+00  0.10727E-03  0.00000E+00 -0.22458E-02  0.00000E+00  0.00000E+00  0.25954E-06  0.00000E+00 -0.54879E-05 -0.28615E+04  0.00000E+00 -0.96443E+03  0.00000E+00  0.00000E+00  0.43369E+03  0.00000E+00  0.28767E-06      8  0.00000E+00      0.000
      10.0033  0.00000E+00  0.00000E+00 -0.20627E-04  0.00000E+00 -0.22469E-02  0.00000E+00  0.00000E+00  0.24272E-06  0.00000E+00 -0.73208E-05 -0.28615E+04  0.00000E+00 -0.96443E+03  0.00000E+00  0.00000E+00  0.43369E+03  0.00000E+00  0.28767E-06      9  0.00000E+00      0.000
      10.0044  0.00000E+00  0.00000E+00  0.63639E-04  0.00000E+00 -0.21219E-02  0.00000E+00  0.00000E+00  0.31020E-06  0.00000E+00 -0.95710E-05 -0.28615E+04  0.00000E+00 -0.96444E+03  0.00000E+00  0.00000E+00  0.43369E+03  0.00000E+00  0.35516E-06     10  0.00000E+00      0.000
      10.0057  0.00000E+00  0.00000E+00  0.20336E-04  0.00000E+00 -0.21454E-02  0.00000E+00  0.00000E+00  0.33824E-06  0.00000E+00 -0.12529E-04 -0.28615E+04  0.00000E+00 -0.96445E+03  0.00000E+00  0.00000E+00  0.43369E+03  0.00000E+00  0.38319E-06     11  0.00000E+00      0.000
      10.0075  0.00000E+00  0.00000E+00  0.11946E-04  0.00000E+00 -0.22060E-02  0.00000E+00  0.00000E+00  0.35965E-06  0.00000E+00 -0.16482E-04 -0.28615E+04  0.00000E+00 -0.96446E+03  0.00000E+00  0.00000E+00  0.43369E+03  0.00000E+00  0.40460E-06     12  0.00000E+00      0.000
      10.0099  0.00000E+00  0.00000E+00  0.24626E-04  0.00000E+00 -0.21837E-02  0.00000E+00  0.00000E+00  0.41702E-06  0.00000E+00 -0.21569E-04 -0.28614E+04  0.00000E+00 -0.96447E+03  0.00000E+00  0.00000E+00  0.43369E+03  0.00000E+00  0.46198E-06     13  0.00000E+00      0.000
      10.0129  0.00000E+00  0.00000E+00 -0.10000E-06  0.00000E+00 -0.21976E-02  0.00000E+00  0.00000E+00  0.41672E-06  0.00000E+00 -0.28225E-04 -0.28614E+04  0.00000E+00 -0.96449E+03  0.00000E+00  0.00000E+00  0.43369E+03  0.00000E+00  0.46198E-06     14  0.00000E+00      0.000
      10.0168  0.00000E+00  0.00000E+00  0.35016E-05  0.00000E+00 -0.21991E-02  0.00000E+00  0.00000E+00  0.43050E-06  0.00000E+00 -0.36884E-04 -0.28614E+04  0.00000E+00 -0.96452E+03  0.00000E+00  0.00000E+00  0.43369E+03  0.00000E+00  0.47576E-06     15  0.00000E+00      0.000
      10.0219  0.00000E+00  0.00000E+00 -0.54557E-05  0.00000E+00 -0.21974E-02  0.00000E+00  0.00000E+00  0.40258E-06  0.00000E+00 -0.48132E-04 -0.28614E+04  0.00000E+00 -0.96455E+03  0.00000E+00  0.00000E+00  0.43369E+03  0.00000E+00  0.47576E-06     16  0.00000E+00      0.000
      10.0286  0.00000E+00  0.00000E+00  0.76333E-05  0.00000E+00 -0.21906E-02  0.00000E+00  0.00000E+00  0.45337E-06  0.00000E+00 -0.62708E-04 -0.28614E+04  0.00000E+00 -0.96459E+03  0.00000E+00  0.00000E+00  0.43369E+03  0.00000E+00  0.52656E-06     17  0.00000E+00      0.000
      10.0372  0.00000E+00  0.00000E+00 -0.13674E-05  0.00000E+00 -0.21917E-02  0.00000E+00  0.00000E+00  0.44154E-06  0.00000E+00 -0.81667E-04 -0.28614E+04  0.00000E+00 -0.96464E+03  0.00000E+00  0.00000E+00  0.43369E+03  0.00000E+00  0.52656E-06     18  0.00000E+00      0.000
      10.0485  0.00000E+00  0.00000E+00 -0.18674E-05  0.00000E+00 -0.21852E-02  0.00000E+00  0.00000E+00  0.42054E-06  0.00000E+00 -0.10624E-03 -0.28613E+04  0.00000E+00 -0.96471E+03  0.00000E+00  0.00000E+00  0.43369E+03  0.00000E+00  0.52656E-06     19  0.00000E+00      0.000
      10.0631  0.00000E+00  0.00000E+00 -0.46114E-05  0.00000E+00 -0.21940E-02  0.00000E+00  0.00000E+00  0.35313E-06  0.00000E+00 -0.13832E-03 -0.28613E+04  0.00000E+00 -0.96480E+03  0.00000E+00  0.00000E+00  0.43369E+03  0.00000E+00  0.52656E-06     20  0.00000E+00      0.000
      10.0821  0.00000E+00  0.00000E+00  0.39248E-05  0.00000E+00 -0.21868E-02  0.00000E+00  0.00000E+00  0.42772E-06  0.00000E+00 -0.17987E-03 -0.28612E+04  0.00000E+00 -0.96491E+03  0.00000E+00  0.00000E+00  0.43369E+03  0.00000E+00  0.60115E-06     21  0.00000E+00      0.000
      10.1068  0.00000E+00  0.00000E+00  0.22102E-05  0.00000E+00 -0.21898E-02  0.00000E+00  0.00000E+00  0.48233E-06  0.00000E+00 -0.23398E-03 -0.28612E+04  0.00000E+00 -0.96506E+03  0.00000E+00  0.00000E+00  0.43369E+03  0.00000E+00  0.65575E-06     22  0.00000E+00      0.000
      10.1389  0.00000E+00  0.00000E+00 -0.18015E-06  0.00000E+00 -0.21888E-02  0.00000E+00  0.00000E+00  0.47654E-06  0.00000E+00 -0.30428E-03 -0.28611E+04  0.00000E+00 -0.96524E+03  0.00000E+00  0.00000E+00  0.43369E+03  0.00000E+00  0.65575E-06     23  0.00000E+00      0.000
      10.1807  0.00000E+00  0.00000E+00  0.11780E-05  0.00000E+00 -0.21889E-02  0.00000E+00  0.00000E+00  0.52573E-06  0.00000E+00 -0.39567E-03 -0.28609E+04  0.00000E+00 -0.96548E+03  0.00000E+00  0.00000E+00  0.43369E+03  0.00000E+00  0.70494E-06     24  0.00000E+00      0.000
      10.2350  0.00000E+00  0.00000E+00 -0.70152E-06  0.00000E+00 -0.21886E-02  0.00000E+00  0.00000E+00  0.48765E-06  0.00000E+00 -0.51447E-03 -0.28608E+04  0.00000E+00 -0.96578E+03  0.00000E+00  0.00000E+00  0.43369E+03  0.00000E+00  0.70494E-06     25  0.00000E+00      0.000
      10.3055  0.00000E+00  0.00000E+00 -0.42279E-06  0.00000E+00 -0.21881E-02  0.00000E+00  0.00000E+00  0.45781E-06  0.00000E+00 -0.66887E-03 -0.28606E+04  0.00000E+00 -0.96615E+03  0.00000E+00  0.00000E+00  0.43369E+03  0.00000E+00  0.70494E-06     26  0.00000E+00      0.000
      10.3973  0.00000E+00  0.00000E+00  0.64340E-06  0.00000E+00 -0.21871E-02  0.00000E+00  0.00000E+00  0.51684E-06  0.00000E+00 -0.86950E-03 -0.28603E+04  0.00000E+00 -0.96661E+03  0.00000E+00  0.00000E+00  0.43369E+03  0.00000E+00  0.76396E-06     27  0.00000E+00      0.000
      10.5165  0.00000E+00  0.00000E+00 -0.26549E-06  0.00000E+00 -0.21868E-02  0.00000E+00  0.00000E+00  0.48518E-06  0.00000E+00 -0.11303E-02 -0.28600E+04  0.00000E+00 -0.96718E+03  0.00000E+00  0.00000E+00  0.43369E+03  0.00000E+00  0.76396E-06     28  0.00000E+00      0.000
      10.6716  0.00000E+00  0.00000E+00  0.48603E-06  0.00000E+00 -0.21850E-02  0.00000E+00  0.00000E+00  0.56053E-06  0.00000E+00 -0.14690E-02 -0.28595E+04  0.00000E+00 -0.96787E+03  0.00000E+00  0.00000E+00  0.43369E+03  0.00000E+00  0.83931E-06     29  0.00000E+00      0.000
      10.8731  0.00000E+00  0.00000E+00  0.17943E-06  0.00000E+00 -0.21834E-02  0.00000E+00  0.00000E+00  0.59669E-06  0.00000E+00 -0.19090E-02 -0.28590E+04  0.00000E+00 -0.96868E+03  0.00000E+00  0.00000E+00  0.43369E+03  0.00000E+00  0.87547E-06     30  0.00000E+00      0.000
      11.1351  0.00000E+00  0.00000E+00 -0.16528E-06  0.00000E+00 -0.21812E-02  0.00000E+00  0.00000E+00  0.55338E-06  0.00000E+00 -0.24805E-02 -0.28583E+04  0.00000E+00 -0.96964E+03  0.00000E+00  0.00000E+00  0.43369E+03  0.00000E+00  0.87547E-06     31  0.00000E+00      0.000
      11.4757  0.00000E+00  0.00000E+00  0.43219E-07  0.00000E+00 -0.21783E-02  0.00000E+00  0.00000E+00  0.56810E-06  0.00000E+00 -0.32225E-02 -0.28574E+04  0.00000E+00 -0.97075E+03  0.00000E+00  0.00000E+00  0.43369E+03  0.00000E+00  0.89019E-06     32  0.00000E+00      0.000
      11.9185  0.00000E+00  0.00000E+00 -0.12867E-06  0.00000E+00 -0.21750E-02  0.00000E+00  0.00000E+00  0.51113E-06  0.00000E+00 -0.41855E-02 -0.28563E+04  0.00000E+00 -0.97200E+03  0.00000E+00  0.00000E+00  0.43369E+03  0.00000E+00  0.89019E-06     33  0.00000E+00      0.000
      12.4941  0.00000E+00  0.00000E+00 -0.65716E-07  0.00000E+00 -0.21707E-02  0.00000E+00  0.00000E+00  0.47330E-06  0.00000E+00 -0.54350E-02 -0.28550E+04  0.00000E+00 -0.97342E+03  0.00000E+00  0.00000E+00  0.43368E+03  0.00000E+00  0.89019E-06     34  0.00000E+00      0.000
      13.2447  0.00000E+00  0.00000E+00  0.33033E-08  0.00000E+00 -0.21662E-02  0.00000E+00  0.00000E+00  0.47578E-06  0.00000E+00 -0.70609E-02 -0.28535E+04  0.00000E+00 -0.97500E+03  0.00000E+00  0.00000E+00  0.43368E+03  0.00000E+00  0.89267E-06     35  0.00000E+00      0.000
      14.2097  0.00000E+00  0.00000E+00  0.60973E-07  0.00000E+00 -0.21606E-02  0.00000E+00  0.00000E+00  0.53463E-06  0.00000E+00 -0.91459E-02 -0.28517E+04  0.00000E+00 -0.97675E+03  0.00000E+00  0.00000E+00  0.43368E+03  0.00000E+00  0.95151E-06     36  0.00000E+00      0.000
      15.3678  0.00000E+00  0.00000E+00 -0.95315E-08  0.00000E+00 -0.21546E-02  0.00000E+00  0.00000E+00  0.52359E-06  0.00000E+00 -0.11641E-01 -0.28497E+04  0.00000E+00 -0.97858E+03  0.00000E+00  0.00000E+00  0.43368E+03  0.00000E+00  0.95151E-06     37  0.00000E+00      0.000
      16.9119  0.00000E+00  0.00000E+00  0.35710E-07  0.00000E+00 -0.21474E-02  0.00000E+00  0.00000E+00  0.57873E-06  0.00000E+00 -0.14957E-01 -0.28476E+04  0.00000E+00 -0.98068E+03  0.00000E+00  0.00000E+00  0.43368E+03  0.00000E+00  0.10067E-05     38  0.00000E+00      0.000
      20.0000  0.00000E+00  0.00000E+00  0.12864E-07  0.00000E+00 -0.21352E-02  0.00000E+00  0.00000E+00  0.61845E-06  0.00000E+00 -0.21551E-01 -0.28447E+04  0.00000E+00 -0.98414E+03  0.00000E+00  0.00000E+00  0.43367E+03  0.00000E+00  0.10464E-05     39  0.00000E+00      0.000
      22.5000  0.00000E+00  0.00000E+00  0.23574E-08  0.00000E+00 -0.21266E-02  0.00000E+00  0.00000E+00  0.62435E-06  0.00000E+00 -0.26867E-01 -0.28424E+04  0.00000E+00 -0.98667E+03  0.00000E+00  0.00000E+00  0.43366E+03  0.00000E+00  0.10523E-05     40  0.00000E+00      0.000
      26.2500  0.00000E+00  0.00000E+00 -0.61555E-08  0.00000E+00 -0.21149E-02  0.00000E+00  0.00000E+00  0.60126E-06  0.00000E+00 -0.34798E-01 -0.28396E+04  0.00000E+00 -0.98990E+03  0.00000E+00  0.00000E+00  0.43366E+03  0.00000E+00  0.10523E-05     41  0.00000E+00      0.000
      30.0000  0.00000E+00  0.00000E+00  0.12013E-07  0.00000E+00 -0.21046E-02  0.00000E+00  0.00000E+00  0.64631E-06  0.00000E+00 -0.42690E-01 -0.28370E+04  0.00000E+00 -0.99283E+03  0.00000E+00  0.00000E+00  0.43365E+03  0.00000E+00  0.10973E-05     42  0.00000E+00      0.000
      30.0001 -0.50000E-01  0.00000E+00 -0.50557E-01  0.00000E+00 -0.18179E-02 -0.50000E-05  0.00000E+00 -0.44094E-05  0.00000E+00 -0.42690E-01 -0.28369E+04  0.00000E+00 -0.99286E+03  0.55725E-03  0.55725E-07  0.43365E+03  0.50557E-05  0.10973E-05     43  0.00000E+00      0.000
      30.0002 -0.50000E-01  0.00000E+00 -0.50329E-01  0.00000E+00 -0.18177E-02 -0.11500E-04  0.00000E+00 -0.10952E-04  0.00000E+00 -0.42691E-01 -0.28369E+04  0.00000E+00 -0.99286E+03  0.32850E-03  0.98430E-07  0.43365E+03  0.11598E-04  0.10973E-05     44  0.00000E+00      0.000
      30.0004 -0.50000E-01  0.00000E+00 -0.50153E-01  0.00000E+00 -0.18178E-02 -0.19950E-04  0.00000E+00 -0.19428E-04  0.00000E+00 -0.42691E-01 -0.28368E+04  0.00000E+00 -0.99286E+03  0.15311E-03  0.12431E-06  0.43365E+03  0.20074E-04  0.10973E-05     45  0.00000E+00      0.000
      30.0006 -0.50000E-01  0.00000E+00 -0.50086E-01  0.00000E+00 -0.18178E-02 -0.30935E-04  0.00000E+00 -0.30432E-04  0.00000E+00 -0.42691E-01 -0.28368E+04  0.00000E+00 -0.99286E+03  0.86341E-04  0.14327E-06  0.43365E+03  0.31078E-04  0.10973E-05     46  0.00000E+00      0.000
      30.0009 -0.50000E-01  0.00000E+00 -0.49983E-01  0.00000E+00 -0.18178E-02 -0.45215E-04  0.00000E+00 -0.44708E-04  0.00000E+00 -0.42692E-01 -0.28367E+04  0.00000E+00 -0.99286E+03  0.16533E-04  0.14800E-06  0.43365E+03  0.45354E-04  0.10973E-05     47  0.00000E+00      0.000
      30.0013 -0.50000E-01  0.00000E+00 -0.50066E-01  0.00000E+00 -0.22192E-02 -0.63780E-04  0.00000E+00 -0.63297E-04  0.00000E+00 -0.42693E-01 -0.28365E+04  0.00000E+00 -0.99286E+03  0.65569E-04  0.17234E-06  0.43365E+03  0.63943E-04  0.10973E-05     48  0.00000E+00      0.000
      30.0018 -0.50000E-01  0.00000E+00 -0.49914E-01  0.00000E+00 -0.21266E-02 -0.87914E-04  0.00000E+00 -0.87389E-04  0.00000E+00 -0.42694E-01 -0.28364E+04  0.00000E+00 -0.99286E+03  0.86337E-04  0.21401E-06  0.43365E+03  0.88035E-04  0.10973E-05     49  0.00000E+00      0.000
      30.0024 -0.50000E-01  0.00000E+00 -0.50012E-01  0.00000E+00 -0.20553E-02 -0.11929E-03  0.00000E+00 -0.11877E-03  0.00000E+00 -0.42695E-01 -0.28362E+04  0.00000E+00 -0.99286E+03  0.11791E-04  0.22141E-06  0.43365E+03  0.11942E-03  0.10973E-05     50  0.00000E+00      0.000
      30.0032 -0.50000E-01  0.00000E+00 -0.49961E-01  0.00000E+00 -0.20005E-02 -0.16007E-03  0.00000E+00 -0.15953E-03  0.00000E+00 -0.42697E-01 -0.28359E+04  0.00000E+00 -0.99286E+03  0.38907E-04  0.25315E-06  0.43365E+03  0.16017E-03  0.10973E-05     51  0.00000E+00      0.000
      30.0043 -0.50000E-01  0.00000E+00 -0.49938E-01  0.00000E+00 -0.20988E-02 -0.21310E-03  0.00000E+00 -0.21248E-03  0.00000E+00 -0.42699E-01 -0.28356E+04  0.00000E+00 -0.99286E+03  0.61676E-04  0.31855E-06  0.43365E+03  0.21313E-03  0.10973E-05     52  0.00000E+00      0.000
      30.0056 -0.50000E-01  0.00000E+00 -0.49967E-01  0.00000E+00 -0.21420E-02 -0.28203E-03  0.00000E+00 -0.28137E-03  0.00000E+00 -0.42702E-01 -0.28351E+04  0.00000E+00 -0.99286E+03  0.33140E-04  0.36424E-06  0.43365E+03  0.28201E-03  0.10973E-05     53  0.00000E+00      0.000
      30.0074 -0.50000E-01  0.00000E+00 -0.49984E-01  0.00000E+00 -0.20673E-02 -0.37163E-03  0.00000E+00 -0.37095E-03  0.00000E+00 -0.42705E-01 -0.28346E+04  0.00000E+00 -0.99286E+03  0.15829E-04  0.39261E-06  0.43365E+03  0.37159E-03  0.10973E-05     54  0.00000E+00      0.000
      30.0098 -0.50000E-01  0.00000E+00 -0.50021E-01  0.00000E+00 -0.21376E-02 -0.48812E-03  0.00000E+00 -0.48749E-03  0.00000E+00 -0.42710E-01 -0.28338E+04  0.00000E+00 -0.99287E+03  0.21469E-04  0.44263E-06  0.43365E+03  0.48813E-03  0.10973E-05     55  0.00000E+00      0.000
      30.0128 -0.50000E-01  0.00000E+00 -0.49992E-01  0.00000E+00 -0.21131E-02 -0.63956E-03  0.00000E+00 -0.63890E-03  0.00000E+00 -0.42717E-01 -0.28328E+04  0.00000E+00 -0.99287E+03  0.00000E+00  0.44263E-06  0.43365E+03  0.63955E-03  0.10973E-05     56  0.00000E+00      0.000
      30.0167 -0.50000E-01  0.00000E+00 -0.50008E-01  0.00000E+00 -0.21207E-02 -0.83643E-03  0.00000E+00 -0.83580E-03  0.00000E+00 -0.42725E-01 -0.28316E+04  0.00000E+00 -0.99287E+03  0.00000E+00  0.44263E-06  0.43365E+03  0.83645E-03  0.10973E-05     57  0.00000E+00      0.000
      30.0218 -0.50000E-01  0.00000E+00 -0.49988E-01  0.00000E+00 -0.21092E-02 -0.10924E-02  0.00000E+00 -0.10917E-02  0.00000E+00 -0.42736E-01 -0.28299E+04  0.00000E+00 -0.99287E+03  0.12282E-04  0.50550E-06  0.43365E+03  0.10923E-02  0.10973E-05     58  0.00000E+00      0.000
      30.0285 -0.50000E-01  0.00000E+00 -0.49997E-01  0.00000E+00 -0.21093E-02 -0.14251E-02  0.00000E+00 -0.14244E-02  0.00000E+00 -0.42750E-01 -0.28278E+04  0.00000E+00 -0.99288E+03  0.00000E+00  0.50550E-06  0.43365E+03  0.14250E-02  0.10973E-05     59  0.00000E+00      0.000
      30.0372 -0.50000E-01  0.00000E+00 -0.50001E-01  0.00000E+00 -0.21110E-02 -0.18576E-02  0.00000E+00 -0.18569E-02  0.00000E+00 -0.42768E-01 -0.28250E+04  0.00000E+00 -0.99289E+03  0.00000E+00  0.50550E-06  0.43365E+03  0.18575E-02  0.10973E-05     60  0.00000E+00      0.000
      30.0484 -0.50000E-01  0.00000E+00 -0.50000E-01  0.00000E+00 -0.21098E-02 -0.24199E-02  0.00000E+00 -0.24192E-02  0.00000E+00 -0.42792E-01 -0.28214E+04  0.00000E+00 -0.99290E+03  0.00000E+00  0.50550E-06  0.43365E+03  0.24198E-02  0.10973E-05     61  0.00000E+00      0.000
      30.0630 -0.50000E-01  0.00000E+00 -0.50004E-01  0.00000E+00 -0.21039E-02 -0.31508E-02  0.00000E+00 -0.31502E-02  0.00000E+00 -0.42823E-01 -0.28167E+04  0.00000E+00 -0.99291E+03  0.00000E+00  0.50550E-06  0.43365E+03  0.31508E-02  0.10973E-05     62  0.00000E+00      0.000
      30.0820 -0.50000E-01  0.00000E+00 -0.50003E-01  0.00000E+00 -0.21008E-02 -0.41011E-02  0.00000E+00 -0.41005E-02  0.00000E+00 -0.42863E-01 -0.28106E+04  0.00000E+00 -0.99292E+03  0.00000E+00  0.50550E-06  0.43365E+03  0.41011E-02  0.10973E-05     63  0.00000E+00      0.000
      30.1067 -0.50000E-01  0.00000E+00 -0.50001E-01  0.00000E+00 -0.21021E-02 -0.53364E-02  0.00000E+00 -0.53358E-02  0.00000E+00 -0.42915E-01 -0.28028E+04  0.00000E+00 -0.99294E+03  0.00000E+00  0.50550E-06  0.43365E+03  0.53365E-02  0.10973E-05     64  0.00000E+00      0.000
      30.1388 -0.50000E-01  0.00000E+00 -0.49999E-01  0.00000E+00 -0.21018E-02 -0.69423E-02  0.00000E+00 -0.69417E-02  0.00000E+00 -0.42982E-01 -0.27926E+04  0.00000E+00 -0.99297E+03  0.00000E+00  0.50550E-06  0.43365E+03  0.69424E-02  0.10973E-05     65  0.00000E+00      0.000
      30.1806 -0.50000E-01  0.00000E+00 -0.50000E-01  0.00000E+00 -0.21044E-02 -0.90300E-02  0.00000E+00 -0.90294E-02  0.00000E+00 -0.43070E-01 -0.27794E+04  0.00000E+00 -0.99300E+03  0.00000E+00  0.50550E-06  0.43366E+03  0.90301E-02  0.10973E-05     66  0.00000E+00      0.000
      30.2349 -0.50000E-01  0.00000E+00 -0.50000E-01  0.00000E+00 -0.21047E-02 -0.11744E-01  0.00000E+00 -0.11743E-01  0.00000E+00 -0.43184E-01 -0.27623E+04  0.00000E+00 -0.99304E+03  0.00000E+00  0.50550E-06  0.43366E+03  0.11744E-01  0.10973E-05     67  0.00000E+00      0.000
      30.3054 -0.50000E-01  0.00000E+00 -0.50001E-01  0.00000E+00 -0.21047E-02 -0.15272E-01  0.00000E+00 -0.15272E-01  0.00000E+00 -0.43333E-01 -0.27403E+04  0.00000E+00 -0.99309E+03  0.00000E+00  0.50550E-06  0.43366E+03  0.15272E-01  0.10973E-05     68  0.00000E+00      0.000
      30.3972 -0.50000E-01  0.00000E+00 -0.50000E-01  0.00000E+00 -0.21044E-02 -0.19859E-01  0.00000E+00 -0.19858E-01  0.00000E+00 -0.43526E-01 -0.27120E+04  0.00000E+00 -0.99316E+03  0.00000E+00  0.50550E-06  0.43367E+03  0.19859E-01  0.10973E-05     69  0.00000E+00      0.000
      30.5164 -0.50000E-01  0.00000E+00 -0.50000E-01  0.00000E+00 -0.21032E-02 -0.25822E-01  0.00000E+00 -0.25821E-01  0.00000E+00 -0.43777E-01 -0.26757E+04  0.00000E+00 -0.99325E+03  0.00000E+00  0.50550E-06  0.43367E+03  0.25822E-01  0.10973E-05     70  0.00000E+00      0.000
      30.6715 -0.50000E-01  0.00000E+00 -0.50000E-01  0.00000E+00 -0.21033E-02 -0.33573E-01  0.00000E+00 -0.33573E-01  0.00000E+00 -0.44103E-01 -0.26294E+04  0.00000E+00 -0.99337E+03  0.00000E+00  0.50550E-06  0.43368E+03  0.33573E-01  0.10973E-05     71  0.00000E+00      0.000
      30.8730 -0.50000E-01  0.00000E+00 -0.50000E-01  0.00000E+00 -0.21022E-02 -0.43650E-01  0.00000E+00 -0.43649E-01  0.00000E+00 -0.44526E-01 -0.25708E+04  0.00000E+00 -0.99352E+03  0.00000E+00  0.50550E-06  0.43369E+03  0.43650E-01  0.10973E-05     72  0.00000E+00      0.000
      31.1350 -0.50000E-01  0.00000E+00 -0.50000E-01  0.00000E+00 -0.21016E-02 -0.56750E-01  0.00000E+00 -0.56749E-01  0.00000E+00 -0.45077E-01 -0.24973E+04  0.00000E+00 -0.99372E+03  0.00000E+00  0.50550E-06  0.43370E+03  0.56750E-01  0.10973E-05     73  0.00000E+00      0.000
      31.4756 -0.50000E-01  0.00000E+00 -0.50000E-01  0.00000E+00 -0.21008E-02 -0.73780E-01  0.00000E+00 -0.73779E-01  0.00000E+00 -0.45792E-01 -0.24063E+04  0.00000E+00 -0.99397E+03  0.00000E+00  0.50550E-06  0.43372E+03  0.73780E-01  0.10973E-05     74  0.00000E+00      0.000
      31.9184 -0.50000E-01  0.00000E+00 -0.50000E-01  0.00000E+00 -0.20996E-02 -0.95919E-01  0.00000E+00 -0.95918E-01  0.00000E+00 -0.46722E-01 -0.22956E+04  0.00000E+00 -0.99430E+03  0.00000E+00  0.50550E-06  0.43374E+03  0.95919E-01  0.10973E-05     75  0.00000E+00      0.000
      32.4940 -0.50000E-01  0.00000E+00 -0.50000E-01  0.00000E+00 -0.20980E-02 -0.12470E+00  0.00000E+00 -0.12470E+00  0.00000E+00 -0.47930E-01 -0.21647E+04  0.00000E+00 -0.99471E+03  0.00000E+00  0.50550E-06  0.43377E+03  0.12470E+00  0.10973E-05     76  0.00000E+00      0.000
      33.2446 -0.50000E-01  0.00000E+00 -0.50000E-01  0.00000E+00 -0.20961E-02 -0.16223E+00  0.00000E+00 -0.16223E+00  0.00000E+00 -0.49503E-01 -0.20564E+04  0.00000E+00 -0.99525E+03  0.00000E+00  0.50550E-06  0.43380E+03  0.16223E+00  0.10973E-05     77  0.00000E+00      0.000
      34.2096 -0.50000E-01  0.00000E+00 -0.50000E-01  0.00000E+00 -0.20936E-02 -0.21048E+00  0.00000E+00 -0.21048E+00  0.00000E+00 -0.51524E-01 -0.19306E+04  0.00000E+00 -0.99592E+03  0.00000E+00  0.50550E-06  0.43385E+03  0.21048E+00  0.10973E-05     78  0.00000E+00      0.000
      35.3677 -0.50000E-01  0.00000E+00 -0.50000E-01  0.00000E+00 -0.20909E-02 -0.26839E+00  0.00000E+00 -0.26839E+00  0.00000E+00 -0.53945E-01 -0.18119E+04  0.00000E+00 -0.99670E+03  0.00000E+00  0.50550E-06  0.43390E+03  0.26839E+00  0.10973E-05     79  0.00000E+00      0.000
      36.9118 -0.50000E-01  0.00000E+00 -0.50000E-01  0.00000E+00 -0.20873E-02 -0.34559E+00  0.00000E+00 -0.34559E+00  0.00000E+00 -0.57168E-01 -0.16815E+04  0.00000E+00 -0.99771E+03  0.00000E+00  0.50550E-06  0.43398E+03  0.34559E+00  0.10973E-05     80  0.00000E+00      0.000
      40.0000 -0.50000E-01  0.00000E+00 -0.50000E-01  0.00000E+00 -0.20803E-02 -0.50000E+00  0.00000E+00 -0.50000E+00  0.00000E+00 -0.63592E-01 -0.15195E+04  0.00000E+00 -0.99963E+03  0.00000E+00  0.50550E-06  0.43413E+03  0.50000E+00  0.10973E-05     81  0.00000E+00      0.000
      40.0001 -0.10000E+01  0.00000E+00 -0.99944E+00  0.00000E+00 -0.18508E-02 -0.50010E+00  0.00000E+00 -0.50010E+00  0.00000E+00 -0.63593E-01 -0.15219E+04  0.00000E+00 -0.99963E+03  0.55635E-03  0.56113E-06  0.43413E+03  0.50010E+00  0.10973E-05     82  0.00000E+00      0.000
      40.0002 -0.10000E+01  0.00000E+00 -0.99976E+00  0.00000E+00 -0.18508E-02 -0.50023E+00  0.00000E+00 -0.50023E+00  0.00000E+00 -0.63593E-01 -0.15208E+04  0.00000E+00 -0.99963E+03  0.23848E-03  0.59213E-06  0.43413E+03  0.50023E+00  0.10973E-05     83  0.00000E+00      0.000
      40.0004 -0.10000E+01  0.00000E+00 -0.99979E+00  0.00000E+00 -0.18508E-02 -0.50040E+00  0.00000E+00 -0.50040E+00  0.00000E+00 -0.63593E-01 -0.15207E+04  0.00000E+00 -0.99963E+03  0.21100E-03  0.62779E-06  0.43413E+03  0.50040E+00  0.10973E-05     84  0.00000E+00      0.000
      40.0006 -0.10000E+01  0.00000E+00 -0.10001E+01  0.00000E+00 -0.18508E-02 -0.50062E+00  0.00000E+00 -0.50062E+00  0.00000E+00 -0.63593E-01 -0.15198E+04  0.00000E+00 -0.99963E+03  0.14889E-03  0.66050E-06  0.43413E+03  0.50062E+00  0.10973E-05     85  0.00000E+00      0.000
      40.0009 -0.10000E+01  0.00000E+00 -0.10002E+01  0.00000E+00 -0.18509E-02 -0.50090E+00  0.00000E+00 -0.50090E+00  0.00000E+00 -0.63594E-01 -0.15189E+04  0.00000E+00 -0.99963E+03  0.24498E-03  0.73047E-06  0.43413E+03  0.50090E+00  0.10973E-05     86  0.00000E+00      0.000
      40.0013 -0.10000E+01  0.00000E+00 -0.10001E+01  0.00000E+00 -0.22521E-02 -0.50128E+00  0.00000E+00 -0.50128E+00  0.00000E+00 -0.63595E-01 -0.15176E+04  0.00000E+00 -0.99963E+03  0.58651E-04  0.75225E-06  0.43413E+03  0.50128E+00  0.10973E-05     87  0.00000E+00      0.000
      40.0018 -0.10000E+01  0.00000E+00 -0.10000E+01  0.00000E+00 -0.21596E-02 -0.50176E+00  0.00000E+00 -0.50176E+00  0.00000E+00 -0.63596E-01 -0.15160E+04  0.00000E+00 -0.99963E+03  0.13709E-04  0.75886E-06  0.43413E+03  0.50176E+00  0.10973E-05     88  0.00000E+00      0.000
      40.0024 -0.10000E+01  0.00000E+00 -0.99991E+00  0.00000E+00 -0.20883E-02 -0.50239E+00  0.00000E+00 -0.50239E+00  0.00000E+00 -0.63597E-01 -0.15139E+04  0.00000E+00 -0.99963E+03  0.93639E-04  0.81762E-06  0.43413E+03  0.50239E+00  0.10973E-05     89  0.00000E+00      0.000
      40.0032 -0.10000E+01  0.00000E+00 -0.10001E+01  0.00000E+00 -0.20336E-02 -0.50320E+00  0.00000E+00 -0.50320E+00  0.00000E+00 -0.63599E-01 -0.15111E+04  0.00000E+00 -0.99963E+03  0.89288E-04  0.89046E-06  0.43413E+03  0.50320E+00  0.10973E-05     90  0.00000E+00      0.000
      40.0043 -0.10000E+01  0.00000E+00 -0.10000E+01  0.00000E+00 -0.21319E-02 -0.50426E+00  0.00000E+00 -0.50426E+00  0.00000E+00 -0.63601E-01 -0.15075E+04  0.00000E+00 -0.99963E+03  0.36001E-04  0.92863E-06  0.43413E+03  0.50426E+00  0.10973E-05     91  0.00000E+00      0.000
      40.0056 -0.10000E+01  0.00000E+00 -0.99997E+00  0.00000E+00 -0.20671E-02 -0.50564E+00  0.00000E+00 -0.50564E+00  0.00000E+00 -0.63604E-01 -0.15028E+04  0.00000E+00 -0.99963E+03  0.27001E-04  0.96586E-06  0.43413E+03  0.50564E+00  0.10973E-05     92  0.00000E+00      0.000
      40.0074 -0.10000E+01  0.00000E+00 -0.99999E+00  0.00000E+00 -0.21003E-02 -0.50743E+00  0.00000E+00 -0.50743E+00  0.00000E+00 -0.63608E-01 -0.14968E+04  0.00000E+00 -0.99963E+03  0.00000E+00  0.96586E-06  0.43413E+03  0.50743E+00  0.10973E-05     93  0.00000E+00      0.000
      40.0098 -0.10000E+01  0.00000E+00 -0.99998E+00  0.00000E+00 -0.21067E-02 -0.50976E+00  0.00000E+00 -0.50976E+00  0.00000E+00 -0.63613E-01 -0.14889E+04  0.00000E+00 -0.99963E+03  0.19372E-04  0.10110E-05  0.43414E+03  0.50976E+00  0.10973E-05     94  0.00000E+00      0.000
      40.0128 -0.10000E+01  0.00000E+00 -0.10000E+01  0.00000E+00 -0.20969E-02 -0.51279E+00  0.00000E+00 -0.51279E+00  0.00000E+00 -0.63619E-01 -0.14786E+04  0.00000E+00 -0.99963E+03  0.13113E-04  0.10507E-05  0.43414E+03  0.51279E+00  0.10973E-05     95  0.00000E+00      0.000
      40.0167 -0.10000E+01  0.00000E+00 -0.99999E+00  0.00000E+00 -0.20780E-02 -0.51673E+00  0.00000E+00 -0.51673E+00  0.00000E+00 -0.63627E-01 -0.14654E+04  0.00000E+00 -0.99964E+03  0.14782E-04  0.11089E-05  0.43414E+03  0.51673E+00  0.10973E-05     96  0.00000E+00      0.000
      40.0218 -0.10000E+01  0.00000E+00 -0.99998E+00  0.00000E+00 -0.20838E-02 -0.52185E+00  0.00000E+00 -0.52185E+00  0.00000E+00 -0.63638E-01 -0.14481E+04  0.00000E+00 -0.99964E+03  0.17166E-04  0.11968E-05  0.43415E+03  0.52185E+00  0.10973E-05     97  0.00000E+00      0.000
      40.0285 -0.10000E+01  0.00000E+00 -0.10000E+01  0.00000E+00 -0.20748E-02 -0.52850E+00  0.00000E+00 -0.52850E+00  0.00000E+00 -0.63652E-01 -0.14258E+04  0.00000E+00 -0.99965E+03  0.00000E+00  0.11968E-05  0.43416E+03  0.52850E+00  0.10973E-05     98  0.00000E+00      0.000
      40.0372 -0.10000E+01  0.00000E+00 -0.10000E+01  0.00000E+00 -0.20748E-02 -0.53715E+00  0.00000E+00 -0.53715E+00  0.00000E+00 -0.63670E-01 -0.13968E+04  0.00000E+00 -0.99965E+03  0.00000E+00  0.11968E-05  0.43416E+03  0.53715E+00  0.10973E-05     99  0.00000E+00      0.000
      40.0484 -0.10000E+01  0.00000E+00 -0.99999E+00  0.00000E+00 -0.20761E-02 -0.54840E+00  0.00000E+00 -0.54840E+00  0.00000E+00 -0.63693E-01 -0.13594E+04  0.00000E+00 -0.99966E+03  0.00000E+00  0.11968E-05  0.43418E+03  0.54840E+00  0.10973E-05    100  0.00000E+00      0.000
      40.0630 -0.10000E+01  0.00000E+00 -0.10000E+01  0.00000E+00 -0.20751E-02 -0.56302E+00  0.00000E+00 -0.56302E+00  0.00000E+00 -0.63723E-01 -0.13111E+04  0.00000E+00 -0.99967E+03  0.00000E+00  0.11968E-05  0.43419E+03  0.56302E+00  0.10973E-05    101  0.00000E+00      0.000
      40.0820 -0.10000E+01  0.00000E+00 -0.10000E+01  0.00000E+00 -0.20782E-02 -0.58202E+00  0.00000E+00 -0.58202E+00  0.00000E+00 -0.63763E-01 -0.12488E+04  0.00000E+00 -0.99968E+03  0.00000E+00  0.11968E-05  0.43421E+03  0.58202E+00  0.10973E-05    102  0.00000E+00      0.000
      40.1067 -0.10000E+01  0.00000E+00 -0.10000E+01  0.00000E+00 -0.20801E-02 -0.60673E+00  0.00000E+00 -0.60673E+00  0.00000E+00 -0.63814E-01 -0.11858E+04  0.00000E+00 -0.99969E+03  0.00000E+00  0.11968E-05  0.43423E+03  0.60673E+00  0.10973E-05    103  0.00000E+00      0.000
      40.1388 -0.10000E+01  0.00000E+00 -0.10000E+01  0.00000E+00 -0.20782E-02 -0.63885E+00  0.00000E+00 -0.63885E+00  0.00000E+00 -0.63881E-01 -0.11068E+04  0.00000E+00 -0.99971E+03  0.00000E+00  0.11968E-05  0.43427E+03  0.63885E+00  0.10973E-05    104  0.00000E+00      0.000
      40.1806 -0.10000E+01  0.00000E+00 -0.10000E+01  0.00000E+00 -0.20794E-02 -0.68060E+00  0.00000E+00 -0.68060E+00  0.00000E+00 -0.63968E-01 -0.10096E+04  0.00000E+00 -0.99974E+03  0.00000E+00  0.11968E-05  0.43431E+03  0.68060E+00  0.10973E-05    105  0.00000E+00      0.000
      40.2349 -0.10000E+01  0.00000E+00 -0.10000E+01  0.00000E+00 -0.20789E-02 -0.73488E+00  0.00000E+00 -0.73488E+00  0.00000E+00 -0.64081E-01 -0.90014E+03  0.00000E+00 -0.99977E+03  0.00000E+00  0.11968E-05  0.43436E+03  0.73488E+00  0.10973E-05    106  0.00000E+00      0.000
      40.3054 -0.10000E+01  0.00000E+00 -0.10000E+01  0.00000E+00 -0.20793E-02 -0.80544E+00  0.00000E+00 -0.80544E+00  0.00000E+00 -0.64227E-01 -0.78969E+03  0.00000E+00 -0.99982E+03  0.00000E+00  0.11968E-05  0.43443E+03  0.80544E+00  0.10973E-05    107  0.00000E+00      0.000
      40.3972 -0.10000E+01  0.00000E+00 -0.10000E+01  0.00000E+00 -0.20803E-02 -0.89718E+00  0.00000E+00 -0.89718E+00  0.00000E+00 -0.64418E-01 -0.67203E+03  0.00000E+00 -0.99987E+03  0.00000E+00  0.11968E-05  0.43452E+03  0.89718E+00  0.10973E-05    108  0.00000E+00      0.000
      40.5164 -0.10000E+01  0.00000E+00 -0.10000E+01  0.00000E+00 -0.20791E-02 -0.10164E+01  0.00000E+00 -0.10164E+01  0.00000E+00 -0.64666E-01 -0.56312E+03  0.00000E+00 -0.99994E+03  0.00000E+00  0.11968E-05  0.43464E+03  0.10164E+01  0.10973E-05    109  0.00000E+00      0.000
      40.6357 -0.10000E+01  0.00000E+00 -0.10000E+01  0.00000E+00 -0.20793E-02 -0.11357E+01  0.00000E+00 -0.11357E+01  0.00000E+00 -0.64914E-01 -0.48764E+03  0.00000E+00 -0.10000E+04  0.00000E+00  0.11968E-05  0.43476E+03  0.11357E+01  0.10973E-05    110  0.00000E+00      0.000
      40.7907 -0.10000E+01  0.00000E+00 -0.10000E+01  0.00000E+00 -0.20781E-02 -0.12907E+01  0.00000E+00 -0.12907E+01  0.00000E+00 -0.65236E-01 -0.41827E+03  0.00000E+00 -0.10001E+04  0.00000E+00  0.11968E-05  0.43492E+03  0.12907E+01  0.10973E-05    111  0.00000E+00      0.000
      40.9923 -0.10000E+01  0.00000E+00 -0.10000E+01  0.00000E+00 -0.20781E-02 -0.14923E+01  0.00000E+00 -0.14923E+01  0.00000E+00 -0.65655E-01 -0.36010E+03  0.00000E+00 -0.10002E+04  0.00000E+00  0.11968E-05  0.43512E+03  0.14923E+01  0.10973E-05    112  0.00000E+00      0.000
      41.1938 -0.10000E+01  0.00000E+00 -0.10000E+01  0.00000E+00 -0.20777E-02 -0.16938E+01  0.00000E+00 -0.16938E+01  0.00000E+00 -0.66074E-01 -0.31064E+03  0.00000E+00 -0.10004E+04  0.00000E+00  0.11968E-05  0.43532E+03  0.16938E+01  0.10973E-05    113  0.00000E+00      0.000
      41.4558 -0.10000E+01  0.00000E+00 -0.10000E+01  0.00000E+00 -0.20769E-02 -0.19558E+01  0.00000E+00 -0.19558E+01  0.00000E+00 -0.66618E-01 -0.26580E+03  0.00000E+00 -0.10005E+04  0.00000E+00  0.11968E-05  0.43558E+03  0.19558E+01  0.10973E-05    114  0.00000E+00      0.000
      41.7178 -0.10000E+01  0.00000E+00 -0.10000E+01  0.00000E+00 -0.20763E-02 -0.22178E+01  0.00000E+00 -0.22178E+01  0.00000E+00 -0.67162E-01 -0.22479E+03  0.00000E+00 -0.10007E+04  0.00000E+00  0.11968E-05  0.43584E+03  0.22178E+01  0.10973E-05    115  0.00000E+00      0.000
      41.9798 -0.10000E+01  0.00000E+00 -0.10000E+01  0.00000E+00 -0.20760E-02 -0.24798E+01  0.00000E+00 -0.24798E+01  0.00000E+00 -0.67706E-01 -0.19585E+03  0.00000E+00 -0.10008E+04  0.00000E+00  0.11968E-05  0.43610E+03  0.24798E+01  0.10973E-05    116  0.00000E+00      0.000
      42.2418 -0.10000E+01  0.00000E+00 -0.10000E+01  0.00000E+00 -0.20754E-02 -0.27418E+01  0.00000E+00 -0.27418E+01  0.00000E+00 -0.68250E-01 -0.16958E+03  0.00000E+00 -0.10010E+04  0.00000E+00  0.11968E-05  0.43636E+03  0.27418E+01  0.10973E-05    117  0.00000E+00      0.000
      42.5038 -0.10000E+01  0.00000E+00 -0.10000E+01  0.00000E+00 -0.20747E-02 -0.30038E+01  0.00000E+00 -0.30038E+01  0.00000E+00 -0.68793E-01 -0.14876E+03  0.00000E+00 -0.10011E+04  0.00000E+00  0.11968E-05  0.43663E+03  0.30038E+01  0.10973E-05    118  0.00000E+00      0.000
      42.7658 -0.10000E+01  0.00000E+00 -0.10000E+01  0.00000E+00 -0.20746E-02 -0.32658E+01  0.00000E+00 -0.32658E+01  0.00000E+00 -0.69337E-01 -0.13006E+03  0.00000E+00 -0.10013E+04  0.00000E+00  0.11968E-05  0.43689E+03  0.32658E+01  0.10973E-05    119  0.00000E+00      0.000
      43.0278 -0.10000E+01  0.00000E+00 -0.10000E+01  0.00000E+00 -0.20739E-02 -0.35278E+01  0.00000E+00 -0.35278E+01  0.00000E+00 -0.69880E-01 -0.11383E+03  0.00000E+00 -0.10014E+04  0.00000E+00  0.11968E-05  0.43715E+03  0.35278E+01  0.10973E-05    120  0.00000E+00      0.000
      43.3684 -0.10000E+01  0.00000E+00 -0.10000E+01  0.00000E+00 -0.20731E-02 -0.38684E+01  0.00000E+00 -0.38684E+01  0.00000E+00 -0.70586E-01 -0.96893E+02  0.00000E+00 -0.10016E+04  0.00000E+00  0.11968E-05  0.43749E+03  0.38684E+01  0.10973E-05    121  0.00000E+00      0.000
      43.7090 -0.10000E+01  0.00000E+00 -0.10000E+01  0.00000E+00 -0.20723E-02 -0.42090E+01  0.00000E+00 -0.42090E+01  0.00000E+00 -0.71292E-01 -0.81020E+02  0.00000E+00 -0.10018E+04  0.00000E+00  0.11968E-05  0.43783E+03  0.42090E+01  0.10973E-05    122  0.00000E+00      0.000
      44.0496 -0.10000E+01  0.00000E+00 -0.10000E+01  0.00000E+00 -0.20715E-02 -0.45496E+01  0.00000E+00 -0.45496E+01  0.00000E+00 -0.71997E-01 -0.68152E+02  0.00000E+00 -0.10020E+04  0.00000E+00  0.11968E-05  0.43817E+03  0.45496E+01  0.10973E-05    123  0.00000E+00      0.000
      44.3902 -0.10000E+01  0.00000E+00 -0.10000E+01  0.00000E+00 -0.20710E-02 -0.48902E+01  0.00000E+00 -0.48902E+01  0.00000E+00 -0.72703E-01 -0.56699E+02  0.00000E+00 -0.10022E+04  0.00000E+00  0.11968E-05  0.43851E+03  0.48902E+01  0.10973E-05    124  0.00000E+00      0.000
      44.7308 -0.10000E+01  0.00000E+00 -0.10000E+01  0.00000E+00 -0.20702E-02 -0.52308E+01  0.00000E+00 -0.52308E+01  0.00000E+00 -0.73408E-01 -0.46038E+02  0.00000E+00 -0.10024E+04  0.00000E+00  0.11968E-05  0.43885E+03  0.52308E+01  0.10973E-05    125  0.00000E+00      0.000
      45.1736 -0.10000E+01  0.00000E+00 -0.10000E+01  0.00000E+00 -0.20693E-02 -0.56736E+01  0.00000E+00 -0.56736E+01  0.00000E+00 -0.74324E-01 -0.35011E+02  0.00000E+00 -0.10027E+04  0.00000E+00  0.11968E-05  0.43929E+03  0.56736E+01  0.10973E-05    126  0.00000E+00      0.000
      45.6163 -0.10000E+01  0.00000E+00 -0.10000E+01  0.00000E+00 -0.20684E-02 -0.61163E+01  0.00000E+00 -0.61163E+01  0.00000E+00 -0.75240E-01 -0.25546E+02  0.00000E+00 -0.10029E+04  0.00000E+00  0.11968E-05  0.43973E+03  0.61163E+01  0.10973E-05    127  0.00000E+00      0.000
      46.0547 -0.10000E+01  0.00000E+00 -0.10000E+01  0.00000E+00 -0.20676E-02 -0.65547E+01  0.00000E+00 -0.65547E+01  0.00000E+00 -0.76146E-01 -0.17800E+02  0.00000E+00 -0.10032E+04  0.00000E+00  0.11968E-05  0.44017E+03  0.65547E+01  0.10973E-05    128  0.00000E+00      0.000
      46.4931 -0.10000E+01  0.00000E+00 -0.10000E+01  0.00000E+00 -0.20664E-02 -0.69931E+01  0.00000E+00 -0.69931E+01  0.00000E+00 -0.77052E-01 -0.11390E+02  0.00000E+00 -0.10034E+04  0.00000E+00  0.11968E-05  0.44061E+03  0.69931E+01  0.10973E-05    129  0.00000E+00      0.000
      46.9314 -0.10000E+01  0.00000E+00 -0.10000E+01  0.00000E+00 -0.20658E-02 -0.74314E+01  0.00000E+00 -0.74314E+01  0.00000E+00 -0.77958E-01 -0.85310E+01  0.00000E+00 -0.10037E+04  0.00000E+00  0.11968E-05  0.44104E+03  0.74314E+01  0.10973E-05    130  0.00000E+00      0.000
      46.9801 -0.10000E+01  0.00000E+00 -0.10000E+01  0.00000E+00 -0.20658E-02 -0.74801E+01  0.00000E+00 -0.74801E+01  0.00000E+00 -0.78058E-01 -0.72294E+01  0.00000E+00 -0.10037E+04  0.00000E+00  0.11968E-05  0.44109E+03  0.74801E+01  0.10973E-05    131  0.00000E+00      0.000
      47.0435 -0.10000E+01  0.00000E+00 -0.10000E+01  0.00000E+00 -0.20657E-02 -0.75435E+01  0.00000E+00 -0.75435E+01  0.00000E+00 -0.78189E-01 -0.54510E+01  0.00000E+00 -0.10037E+04  0.00000E+00  0.11968E-05  0.44116E+03  0.75435E+01  0.10973E-05    132  0.00000E+00      0.000
      47.1258 -0.10000E+01  0.00000E+00 -0.10000E+01  0.00000E+00 -0.20656E-02 -0.76258E+01  0.00000E+00 -0.76258E+01  0.00000E+00 -0.78359E-01 -0.37904E+01  0.00000E+00 -0.10038E+04  0.00000E+00  0.11968E-05  0.44124E+03  0.76258E+01  0.10973E-05    133  0.00000E+00      0.000
      47.2328 -0.10000E+01  0.00000E+00 -0.10000E+01  0.00000E+00 -0.20644E-02 -0.77328E+01  0.00000E+00 -0.77328E+01  0.00000E+00 -0.78580E-01 -0.58920E+01  0.00000E+00 -0.10038E+04  0.00000E+00  0.11968E-05  0.44134E+03  0.77328E+01  0.10973E-05    134  0.00000E+00      0.000
      47.2792 -0.10000E+01  0.00000E+00 -0.10000E+01  0.00000E+00 -0.20636E-02 -0.77792E+01  0.00000E+00 -0.77792E+01  0.00000E+00 -0.78676E-01 -0.54005E+01  0.00000E+00 -0.10039E+04  0.00000E+00  0.11968E-05  0.44139E+03  0.77792E+01  0.10973E-05    135  0.00000E+00      0.000
      47.3394 -0.10000E+01  0.00000E+00 -0.10000E+01  0.00000E+00 -0.20638E-02 -0.78394E+01  0.00000E+00 -0.78394E+01  0.00000E+00 -0.78800E-01 -0.43571E+01  0.00000E+00 -0.10039E+04  0.00000E+00  0.11968E-05  0.44145E+03  0.78394E+01  0.10973E-05    136  0.00000E+00      0.000
      47.4178 -0.10000E+01  0.00000E+00 -0.10000E+01  0.00000E+00 -0.20647E-02 -0.79178E+01  0.00000E+00 -0.79178E+01  0.00000E+00 -0.78962E-01 -0.34712E+01  0.00000E+00 -0.10039E+04  0.00000E+00  0.11968E-05  0.44153E+03  0.79178E+01  0.10973E-05    137  0.00000E+00      0.000
      47.5197 -0.10000E+01  0.00000E+00 -0.10000E+01  0.00000E+00 -0.20646E-02 -0.80197E+01  0.00000E+00 -0.80197E+01  0.00000E+00 -0.79172E-01 -0.30165E+01  0.00000E+00 -0.10040E+04  0.00000E+00  0.11968E-05  0.44163E+03  0.80197E+01  0.10973E-05    138  0.00000E+00      0.000
      47.6521 -0.10000E+01  0.00000E+00 -0.10432E+01  0.00000E+00 -0.20640E-02 -0.81521E+01  0.00000E+00 -0.81578E+01  0.00000E+00 -0.79446E-01  0.00000E+00  0.00000E+00 -0.10041E+04  0.43162E-01  0.57176E-02  0.44177E+03  0.81578E+01  0.10973E-05    139  0.00000E+00      0.000
      47.8243 -0.10000E+01  0.00000E+00 -0.94209E+00  0.00000E+00 -0.20641E-02 -0.83243E+01  0.00000E+00 -0.83200E+01  0.00000E+00 -0.79801E-01  0.00000E+00  0.00000E+00 -0.10042E+04  0.57907E-01  0.15688E-01  0.44193E+03  0.83200E+01  0.10973E-05    140  0.00000E+00      0.000
      48.0419 -0.10000E+01  0.00000E+00 -0.10000E+01  0.00000E+00 -0.20639E-02 -0.85419E+01  0.00000E+00 -0.85376E+01  0.00000E+00 -0.80250E-01  0.47039E+01  0.00000E+00 -0.10043E+04  0.00000E+00  0.15688E-01  0.44215E+03  0.85376E+01  0.10973E-05    141  0.00000E+00      0.000
      48.3216 -0.10000E+01  0.00000E+00 -0.97935E+00  0.00000E+00 -0.20629E-02 -0.88216E+01  0.00000E+00 -0.88116E+01  0.00000E+00 -0.80827E-01  0.00000E+00  0.00000E+00 -0.10044E+04  0.20650E-01  0.21464E-01  0.44242E+03  0.88116E+01  0.10973E-05    142  0.00000E+00      0.000
      48.7412 -0.10000E+01  0.00000E+00 -0.91665E+00  0.00000E+00 -0.20620E-02 -0.92412E+01  0.00000E+00 -0.91962E+01  0.00000E+00 -0.81692E-01  0.00000E+00  0.00000E+00 -0.10047E+04  0.83349E-01  0.56437E-01  0.44280E+03  0.91962E+01  0.10973E-05    143  0.00000E+00      0.000
      49.1608 -0.10000E+01  0.00000E+00 -0.86938E+00  0.00000E+00 -0.20612E-02 -0.96608E+01  0.00000E+00 -0.95610E+01  0.00000E+00 -0.82557E-01  0.00000E+00  0.00000E+00 -0.10049E+04  0.13062E+00  0.11125E+00  0.44317E+03  0.95610E+01  0.10973E-05    144  0.00000E+00      0.000
      50.0000 -0.10000E+01  0.00000E+00 -0.81428E+00  0.00000E+00 -0.20597E-02 -0.10500E+02  0.00000E+00 -0.10244E+02  0.00000E+00 -0.84286E-01  0.00000E+00  0.00000E+00 -0.10053E+04  0.18572E+00  0.26711E+00  0.44385E+03  0.10244E+02  0.10973E-05    145  0.00000E+00      0.000
      50.6393  0.00000E+00  0.00000E+00 -0.14156E-06  0.00000E+00 -0.20584E-02 -0.10500E+02  0.00000E+00 -0.10244E+02  0.00000E+00 -0.85602E-01 -0.79551E+02  0.00000E+00 -0.10057E+04  0.00000E+00  0.26711E+00  0.44385E+03  0.10244E+02  0.10973E-05    146  0.00000E+00      0.000
      51.2785  0.00000E+00  0.00000E+00 -0.14156E-06  0.00000E+00 -0.20571E-02 -0.10500E+02  0.00000E+00 -0.10244E+02  0.00000E+00 -0.86917E-01 -0.12029E+03  0.00000E+00 -0.10060E+04  0.00000E+00  0.26711E+00  0.44385E+03  0.10244E+02  0.10973E-05    147  0.00000E+00      0.000
      51.9178  0.00000E+00  0.00000E+00 -0.17881E-06  0.00000E+00 -0.20560E-02 -0.10500E+02  0.00000E+00 -0.10244E+02  0.00000E+00 -0.88231E-01 -0.15065E+03  0.00000E+00 -0.10063E+04  0.00000E+00  0.26711E+00  0.44385E+03  0.10244E+02  0.10973E-05    148  0.00000E+00      0.000
      52.5571  0.00000E+00  0.00000E+00 -0.22352E-07  0.00000E+00 -0.20548E-02 -0.10500E+02  0.00000E+00 -0.10244E+02  0.00000E+00 -0.89545E-01 -0.17542E+03  0.00000E+00 -0.10067E+04  0.00000E+00  0.26711E+00  0.44385E+03  0.10244E+02  0.10973E-05    149  0.00000E+00      0.000
      53.3840  0.00000E+00  0.00000E+00 -0.12480E-06  0.00000E+00 -0.20533E-02 -0.10500E+02  0.00000E+00 -0.10244E+02  0.00000E+00 -0.91243E-01 -0.20278E+03  0.00000E+00 -0.10071E+04  0.00000E+00  0.26711E+00  0.44384E+03  0.10244E+02  0.10973E-05    150  0.00000E+00      0.000
      54.4867  0.00000E+00  0.00000E+00 -0.39116E-07  0.00000E+00 -0.20513E-02 -0.10500E+02  0.00000E+00 -0.10244E+02  0.00000E+00 -0.93505E-01 -0.23258E+03  0.00000E+00 -0.10076E+04  0.00000E+00  0.26711E+00  0.44384E+03  0.10244E+02  0.10973E-05    151  0.00000E+00      0.000
      55.8650  0.00000E+00  0.00000E+00 -0.76368E-07  0.00000E+00 -0.20489E-02 -0.10500E+02  0.00000E+00 -0.10244E+02  0.00000E+00 -0.96329E-01 -0.26480E+03  0.00000E+00 -0.10083E+04  0.00000E+00  0.26711E+00  0.44384E+03  0.10244E+02  0.10973E-05    152  0.00000E+00      0.000
      57.9325  0.00000E+00  0.00000E+00 -0.27940E-08  0.00000E+00 -0.20452E-02 -0.10500E+02  0.00000E+00 -0.10244E+02  0.00000E+00 -0.10056E+00 -0.30307E+03  0.00000E+00 -0.10093E+04  0.00000E+00  0.26711E+00  0.44383E+03  0.10244E+02  0.10973E-05    153  0.00000E+00      0.000
      60.0000  0.00000E+00  0.00000E+00  0.28871E-07  0.00000E+00 -0.20416E-02 -0.10500E+02  0.00000E+00 -0.10244E+02  0.00000E+00 -0.10478E+00 -0.33731E+03  0.00000E+00 -0.10103E+04  0.00000E+00  0.26711E+00  0.44383E+03  0.10244E+02  0.11570E-05    154  0.00000E+00      0.000
      62.5000  0.00000E+00  0.00000E+00 -0.73574E-07  0.00000E+00 -0.20375E-02 -0.10500E+02  0.00000E+00 -0.10244E+02  0.00000E+00 -0.10987E+00 -0.37177E+03  0.00000E+00 -0.10114E+04  0.00000E+00  0.26711E+00  0.44382E+03  0.10244E+02  0.11570E-05    155  0.00000E+00      0.000
      66.2500  0.00000E+00  0.00000E+00  0.55879E-08  0.00000E+00 -0.20314E-02 -0.10500E+02  0.00000E+00 -0.10244E+02  0.00000E+00 -0.11749E+00 -0.41442E+03  0.00000E+00 -0.10131E+04  0.00000E+00  0.26711E+00  0.44382E+03  0.10244E+02  0.11780E-05    156  0.00000E+00      0.000
      70.0000  0.00000E+00  0.00000E+00 -0.28871E-07  0.00000E+00 -0.20255E-02 -0.10500E+02  0.00000E+00 -0.10244E+02  0.00000E+00 -0.12508E+00 -0.45332E+03  0.00000E+00 -0.10147E+04  0.00000E+00  0.26711E+00  0.44381E+03  0.10244E+02  0.11780E-05    157  0.00000E+00      0.000
      75.0000  0.00000E+00  0.00000E+00 -0.93132E-08  0.00000E+00 -0.20179E-02 -0.10500E+02  0.00000E+00 -0.10244E+02  0.00000E+00 -0.13517E+00 -0.49528E+03  0.00000E+00 -0.10168E+04  0.00000E+00  0.26711E+00  0.44380E+03  0.10244E+02  0.11780E-05    158  0.00000E+00      0.000
      80.0000  0.00000E+00  0.00000E+00 -0.18626E-08  0.00000E+00 -0.20107E-02 -0.10500E+02  0.00000E+00 -0.10244E+02  0.00000E+00 -0.14523E+00 -0.53079E+03  0.00000E+00 -0.10188E+04  0.00000E+00  0.26711E+00  0.44379E+03  0.10244E+02  0.11780E-05    159  0.00000E+00      0.000
      85.0000  0.00000E+00  0.00000E+00 -0.31199E-07  0.00000E+00 -0.20036E-02 -0.10500E+02  0.00000E+00 -0.10244E+02  0.00000E+00 -0.15525E+00 -0.56617E+03  0.00000E+00 -0.10207E+04  0.00000E+00  0.26711E+00  0.44378E+03  0.10244E+02  0.11780E-05    160  0.00000E+00      0.000
      90.0000  0.00000E+00  0.00000E+00 -0.90804E-08  0.00000E+00 -0.19968E-02 -0.10500E+02  0.00000E+00 -0.10244E+02  0.00000E+00 -0.16523E+00 -0.59713E+03  0.00000E+00 -0.10225E+04  0.00000E+00  0.26711E+00  0.44377E+03  0.10244E+02  0.11780E-05    161  0.00000E+00      0.000
     100.0000  0.00000E+00  0.00000E+00 -0.46566E-08  0.00000E+00 -0.19840E-02 -0.10500E+02  0.00000E+00 -0.10244E+02  0.00000E+00 -0.18507E+00 -0.64721E+03  0.00000E+00 -0.10261E+04  0.00000E+00  0.26711E+00  0.44375E+03  0.10244E+02  0.11780E-05    162  0.00000E+00      0.000
     110.0000  0.00000E+00  0.00000E+00  0.16298E-07  0.00000E+00 -0.19717E-02 -0.10500E+02  0.00000E+00 -0.10244E+02  0.00000E+00 -0.20479E+00 -0.68764E+03  0.00000E+00 -0.10294E+04  0.00000E+00  0.26711E+00  0.44373E+03  0.10244E+02  0.13409E-05    163  0.00000E+00      0.000
     120.0000  0.00000E+00  0.00000E+00 -0.46566E-08  0.00000E+00 -0.19601E-02 -0.10500E+02  0.00000E+00 -0.10244E+02  0.00000E+00 -0.22439E+00 -0.72817E+03  0.00000E+00 -0.10326E+04  0.00000E+00  0.26711E+00  0.44371E+03  0.10244E+02  0.13409E-05    164  0.00000E+00      0.000
     120.0001 -0.10000E-01  0.00000E+00 -0.94914E-02  0.00000E+00 -0.18425E-02 -0.10500E+02  0.00000E+00 -0.10244E+02  0.00000E+00 -0.22439E+00 -0.72816E+03  0.00000E+00 -0.10326E+04  0.50860E-03  0.26711E+00  0.44371E+03  0.10244E+02  0.13409E-05    165  0.00000E+00      0.000
     120.0002 -0.10000E-01  0.00000E+00 -0.10065E-01  0.00000E+00 -0.18424E-02 -0.10500E+02  0.00000E+00 -0.10244E+02  0.00000E+00 -0.22439E+00 -0.72816E+03  0.00000E+00 -0.10326E+04  0.65014E-04  0.26711E+00  0.44371E+03  0.10244E+02  0.13409E-05    166  0.00000E+00      0.000
     120.0004 -0.10000E-01  0.00000E+00 -0.99786E-02  0.00000E+00 -0.18425E-02 -0.10500E+02  0.00000E+00 -0.10244E+02  0.00000E+00 -0.22439E+00 -0.72815E+03  0.00000E+00 -0.10326E+04  0.21368E-04  0.26711E+00  0.44371E+03  0.10244E+02  0.13409E-05    167  0.00000E+00      0.000
     120.0006 -0.10000E-01  0.00000E+00 -0.10184E-01  0.00000E+00 -0.18424E-02 -0.10500E+02  0.00000E+00 -0.10244E+02  0.00000E+00 -0.22439E+00 -0.72815E+03  0.00000E+00 -0.10326E+04  0.18391E-03  0.26711E+00  0.44371E+03  0.10244E+02  0.13409E-05    168  0.00000E+00      0.000
     120.0009 -0.10000E-01  0.00000E+00 -0.98734E-02  0.00000E+00 -0.18425E-02 -0.10500E+02  0.00000E+00 -0.10244E+02  0.00000E+00 -0.22439E+00 -0.72814E+03  0.00000E+00 -0.10326E+04  0.12662E-03  0.26711E+00  0.44371E+03  0.10244E+02  0.13409E-05    169  0.00000E+00      0.000
     120.0013 -0.10000E-01  0.00000E+00 -0.10077E-01  0.00000E+00 -0.18424E-02 -0.10500E+02  0.00000E+00 -0.10244E+02  0.00000E+00 -0.22439E+00 -0.72814E+03  0.00000E+00 -0.10326E+04  0.77296E-04  0.26711E+00  0.44371E+03  0.10244E+02  0.13409E-05    170  0.00000E+00      0.000
     120.0018 -0.10000E-01  0.00000E+00 -0.10082E-01  0.00000E+00 -0.18425E-02 -0.10500E+02  0.00000E+00 -0.10244E+02  0.00000E+00 -0.22439E+00 -0.72813E+03  0.00000E+00 -0.10326E+04  0.81525E-04  0.26711E+00  0.44371E+03  0.10244E+02  0.13409E-05    171  0.00000E+00      0.000
     120.0024 -0.10000E-01  0.00000E+00 -0.98971E-02  0.00000E+00 -0.20800E-02 -0.10500E+02  0.00000E+00 -0.10244E+02  0.00000E+00 -0.22439E+00 -0.72812E+03  0.00000E+00 -0.10326E+04  0.10295E-03  0.26711E+00  0.44371E+03  0.10244E+02  0.13409E-05    172  0.00000E+00      0.000
     120.0032 -0.10000E-01  0.00000E+00 -0.99224E-02  0.00000E+00 -0.20252E-02 -0.10500E+02  0.00000E+00 -0.10244E+02  0.00000E+00 -0.22439E+00 -0.72811E+03  0.00000E+00 -0.10326E+04  0.77622E-04  0.26711E+00  0.44371E+03  0.10244E+02  0.13409E-05    173  0.00000E+00      0.000
     120.0043 -0.10000E-01  0.00000E+00 -0.99456E-02  0.00000E+00 -0.19831E-02 -0.10500E+02  0.00000E+00 -0.10244E+02  0.00000E+00 -0.22440E+00 -0.72809E+03  0.00000E+00 -0.10326E+04  0.54359E-04  0.26711E+00  0.44371E+03  0.10244E+02  0.13409E-05    174  0.00000E+00      0.000
     120.0056 -0.10000E-01  0.00000E+00 -0.99791E-02  0.00000E+00 -0.19506E-02 -0.10500E+02  0.00000E+00 -0.10244E+02  0.00000E+00 -0.22440E+00 -0.72806E+03  0.00000E+00 -0.10326E+04  0.20851E-04  0.26711E+00  0.44371E+03  0.10244E+02  0.13409E-05    175  0.00000E+00      0.000
     120.0074 -0.10000E-01  0.00000E+00 -0.10003E-01  0.00000E+00 -0.19256E-02 -0.10500E+02  0.00000E+00 -0.10244E+02  0.00000E+00 -0.22440E+00 -0.72803E+03  0.00000E+00 -0.10326E+04  0.00000E+00  0.26711E+00  0.44371E+03  0.10244E+02  0.13409E-05    176  0.00000E+00      0.000
     120.0098 -0.10000E-01  0.00000E+00 -0.99914E-02  0.00000E+00 -0.19705E-02 -0.10500E+02  0.00000E+00 -0.10244E+02  0.00000E+00 -0.22441E+00 -0.72800E+03  0.00000E+00 -0.10326E+04  0.00000E+00  0.26711E+00  0.44371E+03  0.10244E+02  0.13409E-05    177  0.00000E+00      0.000
     120.0128 -0.10000E-01  0.00000E+00 -0.10022E-01  0.00000E+00 -0.19410E-02 -0.10500E+02  0.00000E+00 -0.10244E+02  0.00000E+00 -0.22441E+00 -0.72794E+03  0.00000E+00 -0.10326E+04  0.22285E-04  0.26711E+00  0.44371E+03  0.10244E+02  0.13409E-05    178  0.00000E+00      0.000
     120.0167 -0.10000E-01  0.00000E+00 -0.99804E-02  0.00000E+00 -0.19560E-02 -0.10500E+02  0.00000E+00 -0.10244E+02  0.00000E+00 -0.22442E+00 -0.72788E+03  0.00000E+00 -0.10326E+04  0.19606E-04  0.26711E+00  0.44371E+03  0.10244E+02  0.13409E-05    179  0.00000E+00      0.000
     120.0218 -0.10000E-01  0.00000E+00 -0.10001E-01  0.00000E+00 -0.19590E-02 -0.10500E+02  0.00000E+00 -0.10245E+02  0.00000E+00 -0.22443E+00 -0.72779E+03  0.00000E+00 -0.10326E+04  0.00000E+00  0.26711E+00  0.44371E+03  0.10245E+02  0.13409E-05    180  0.00000E+00      0.000
     120.0285 -0.10000E-01  0.00000E+00 -0.10010E-01  0.00000E+00 -0.19545E-02 -0.10500E+02  0.00000E+00 -0.10245E+02  0.00000E+00 -0.22444E+00 -0.72769E+03  0.00000E+00 -0.10326E+04  0.00000E+00  0.26711E+00  0.44371E+03  0.10245E+02  0.13409E-05    181  0.00000E+00      0.000
     120.0372 -0.10000E-01  0.00000E+00 -0.10005E-01  0.00000E+00 -0.19631E-02 -0.10500E+02  0.00000E+00 -0.10245E+02  0.00000E+00 -0.22446E+00 -0.72754E+03  0.00000E+00 -0.10326E+04  0.00000E+00  0.26711E+00  0.44371E+03  0.10245E+02  0.13409E-05    182  0.00000E+00      0.000
     120.0484 -0.10000E-01  0.00000E+00 -0.10002E-01  0.00000E+00 -0.19618E-02 -0.10500E+02  0.00000E+00 -0.10245E+02  0.00000E+00 -0.22448E+00 -0.72736E+03  0.00000E+00 -0.10326E+04  0.00000E+00  0.26711E+00  0.44371E+03  0.10245E+02  0.13409E-05    183  0.00000E+00      0.000
     120.0630 -0.10000E-01  0.00000E+00 -0.99976E-02  0.00000E+00 -0.19648E-02 -0.10501E+02  0.00000E+00 -0.10245E+02  0.00000E+00 -0.22451E+00 -0.72713E+03  0.00000E+00 -0.10326E+04  0.00000E+00  0.26711E+00  0.44371E+03  0.10245E+02  0.13409E-05    184  0.00000E+00      0.000
     120.0820 -0.10000E-01  0.00000E+00 -0.10001E-01  0.00000E+00 -0.19601E-02 -0.10501E+02  0.00000E+00 -0.10245E+02  0.00000E+00 -0.22455E+00 -0.72684E+03  0.00000E+00 -0.10326E+04  0.00000E+00  0.26711E+00  0.44371E+03  0.10245E+02  0.13409E-05    185  0.00000E+00      0.000
     120.1067 -0.10000E-01  0.00000E+00 -0.99986E-02  0.00000E+00 -0.19571E-02 -0.10501E+02  0.00000E+00 -0.10245E+02  0.00000E+00 -0.22460E+00 -0.72647E+03  0.00000E+00 -0.10326E+04  0.00000E+00  0.26711E+00  0.44371E+03  0.10245E+02  0.13409E-05    186  0.00000E+00      0.000
     120.1388 -0.10000E-01  0.00000E+00 -0.99988E-02  0.00000E+00 -0.19585E-02 -0.10501E+02  0.00000E+00 -0.10246E+02  0.00000E+00 -0.22466E+00 -0.72600E+03  0.00000E+00 -0.10326E+04  0.00000E+00  0.26711E+00  0.44371E+03  0.10246E+02  0.13409E-05    187  0.00000E+00      0.000
     120.1806 -0.10000E-01  0.00000E+00 -0.99995E-02  0.00000E+00 -0.19602E-02 -0.10502E+02  0.00000E+00 -0.10246E+02  0.00000E+00 -0.22474E+00 -0.72541E+03  0.00000E+00 -0.10326E+04  0.00000E+00  0.26711E+00  0.44371E+03  0.10246E+02  0.13409E-05    188  0.00000E+00      0.000
     120.2349 -0.10000E-01  0.00000E+00 -0.99999E-02  0.00000E+00 -0.19604E-02 -0.10502E+02  0.00000E+00 -0.10247E+02  0.00000E+00 -0.22485E+00 -0.72470E+03  0.00000E+00 -0.10327E+04  0.00000E+00  0.26711E+00  0.44371E+03  0.10247E+02  0.13409E-05    189  0.00000E+00      0.000
     120.3054 -0.10000E-01  0.00000E+00 -0.99993E-02  0.00000E+00 -0.19605E-02 -0.10503E+02  0.00000E+00 -0.10247E+02  0.00000E+00 -0.22499E+00 -0.72383E+03  0.00000E+00 -0.10327E+04  0.00000E+00  0.26711E+00  0.44371E+03  0.10247E+02  0.13409E-05    190  0.00000E+00      0.000
     120.3972 -0.10000E-01  0.00000E+00 -0.99997E-02  0.00000E+00 -0.19593E-02 -0.10504E+02  0.00000E+00 -0.10248E+02  0.00000E+00 -0.22517E+00 -0.72280E+03  0.00000E+00 -0.10327E+04  0.00000E+00  0.26711E+00  0.44371E+03  0.10248E+02  0.13409E-05    191  0.00000E+00      0.000
     120.5164 -0.10000E-01  0.00000E+00 -0.10000E-01  0.00000E+00 -0.19596E-02 -0.10505E+02  0.00000E+00 -0.10249E+02  0.00000E+00 -0.22540E+00 -0.72160E+03  0.00000E+00 -0.10327E+04  0.00000E+00  0.26711E+00  0.44371E+03  0.10249E+02  0.13409E-05    192  0.00000E+00      0.000
     120.6715 -0.10000E-01  0.00000E+00 -0.10000E-01  0.00000E+00 -0.19594E-02 -0.10507E+02  0.00000E+00 -0.10251E+02  0.00000E+00 -0.22570E+00 -0.72025E+03  0.00000E+00 -0.10328E+04  0.00000E+00  0.26711E+00  0.44372E+03  0.10251E+02  0.13409E-05    193  0.00000E+00      0.000
     120.8730 -0.10000E-01  0.00000E+00 -0.99999E-02  0.00000E+00 -0.19588E-02 -0.10509E+02  0.00000E+00 -0.10253E+02  0.00000E+00 -0.22610E+00 -0.71877E+03  0.00000E+00 -0.10329E+04  0.00000E+00  0.26711E+00  0.44372E+03  0.10253E+02  0.13409E-05    194  0.00000E+00      0.000
     121.1350 -0.10000E-01  0.00000E+00 -0.10000E-01  0.00000E+00 -0.19590E-02 -0.10511E+02  0.00000E+00 -0.10256E+02  0.00000E+00 -0.22661E+00 -0.71722E+03  0.00000E+00 -0.10329E+04  0.00000E+00  0.26711E+00  0.44372E+03  0.10256E+02  0.13409E-05    195  0.00000E+00      0.000
     121.4756 -0.10000E-01  0.00000E+00 -0.10000E-01  0.00000E+00 -0.19584E-02 -0.10515E+02  0.00000E+00 -0.10259E+02  0.00000E+00 -0.22728E+00 -0.71565E+03  0.00000E+00 -0.10330E+04  0.00000E+00  0.26711E+00  0.44372E+03  0.10259E+02  0.13409E-05    196  0.00000E+00      0.000
     121.9184 -0.10000E-01  0.00000E+00 -0.99999E-02  0.00000E+00 -0.19578E-02 -0.10519E+02  0.00000E+00 -0.10264E+02  0.00000E+00 -0.22815E+00 -0.71416E+03  0.00000E+00 -0.10332E+04  0.00000E+00  0.26711E+00  0.44373E+03  0.10264E+02  0.13409E-05    197  0.00000E+00      0.000
     122.4940 -0.10000E-01  0.00000E+00 -0.99999E-02  0.00000E+00 -0.19572E-02 -0.10525E+02  0.00000E+00 -0.10269E+02  0.00000E+00 -0.22927E+00 -0.71284E+03  0.00000E+00 -0.10334E+04  0.00000E+00  0.26711E+00  0.44373E+03  0.10269E+02  0.13409E-05    198  0.00000E+00      0.000
     123.2446 -0.10000E-01  0.00000E+00 -0.10000E-01  0.00000E+00 -0.19565E-02 -0.10532E+02  0.00000E+00 -0.10277E+02  0.00000E+00 -0.23074E+00 -0.71178E+03  0.00000E+00 -0.10336E+04  0.00000E+00  0.26711E+00  0.44374E+03  0.10277E+02  0.13409E-05    199  0.00000E+00      0.000
     124.2096 -0.10000E-01  0.00000E+00 -0.10000E-01  0.00000E+00 -0.19553E-02 -0.10542E+02  0.00000E+00 -0.10286E+02  0.00000E+00 -0.23263E+00 -0.71110E+03  0.00000E+00 -0.10339E+04  0.00000E+00  0.26711E+00  0.44374E+03  0.10286E+02  0.13409E-05    200  0.00000E+00      0.000
     125.3677 -0.10000E-01  0.00000E+00 -0.10000E-01  0.00000E+00 -0.19540E-02 -0.10554E+02  0.00000E+00 -0.10298E+02  0.00000E+00 -0.23489E+00 -0.71088E+03  0.00000E+00 -0.10343E+04  0.00000E+00  0.26711E+00  0.44375E+03  0.10298E+02  0.13409E-05    201  0.00000E+00      0.000
     126.9118 -0.10000E-01  0.00000E+00 -0.10000E-01  0.00000E+00 -0.19523E-02 -0.10569E+02  0.00000E+00 -0.10313E+02  0.00000E+00 -0.23791E+00 -0.71126E+03  0.00000E+00 -0.10347E+04  0.00000E+00  0.26711E+00  0.44377E+03  0.10313E+02  0.13409E-05    202  0.00000E+00      0.000
     130.0000 -0.10000E-01  0.00000E+00 -0.10000E-01  0.00000E+00 -0.19488E-02 -0.10600E+02  0.00000E+00 -0.10344E+02  0.00000E+00 -0.24392E+00 -0.71331E+03  0.00000E+00 -0.10357E+04  0.00000E+00  0.26711E+00  0.44379E+03  0.10344E+02  0.13409E-05    203  0.00000E+00      0.000
     132.5000  0.00000E+00  0.00000E+00 -0.14435E-07  0.00000E+00 -0.19461E-02 -0.10600E+02  0.00000E+00 -0.10344E+02  0.00000E+00 -0.24879E+00 -0.73926E+03  0.00000E+00 -0.10364E+04  0.00000E+00  0.26711E+00  0.44379E+03  0.10344E+02  0.13409E-05    204  0.00000E+00      0.000
     136.2500  0.00000E+00  0.00000E+00 -0.62864E-08  0.00000E+00 -0.19420E-02 -0.10600E+02  0.00000E+00 -0.10344E+02  0.00000E+00 -0.25607E+00 -0.75892E+03  0.00000E+00 -0.10375E+04  0.00000E+00  0.26711E+00  0.44378E+03  0.10344E+02  0.13409E-05    205  0.00000E+00      0.000
     140.0000  0.00000E+00  0.00000E+00 -0.13970E-08  0.00000E+00 -0.19380E-02 -0.10600E+02  0.00000E+00 -0.10344E+02  0.00000E+00 -0.26334E+00 -0.77681E+03  0.00000E+00 -0.10386E+04  0.00000E+00  0.26711E+00  0.44377E+03  0.10344E+02  0.13409E-05    206  0.00000E+00      0.000
     145.0000  0.00000E+00  0.00000E+00  0.15367E-07  0.00000E+00 -0.19328E-02 -0.10600E+02  0.00000E+00 -0.10344E+02  0.00000E+00 -0.27300E+00 -0.79513E+03  0.00000E+00 -0.10400E+04  0.00000E+00  0.26711E+00  0.44376E+03  0.10344E+02  0.14178E-05    207  0.00000E+00      0.000
     150.0000  0.00000E+00  0.00000E+00 -0.22235E-07  0.00000E+00 -0.19277E-02 -0.10600E+02  0.00000E+00 -0.10344E+02  0.00000E+00 -0.28264E+00 -0.81185E+03  0.00000E+00 -0.10414E+04  0.00000E+00  0.26711E+00  0.44375E+03  0.10344E+02  0.14178E-05    208  0.00000E+00      0.000
     155.0000  0.00000E+00  0.00000E+00 -0.10477E-07  0.00000E+00 -0.19226E-02 -0.10600E+02  0.00000E+00 -0.10344E+02  0.00000E+00 -0.29226E+00 -0.82683E+03  0.00000E+00 -0.10428E+04  0.00000E+00  0.26711E+00  0.44374E+03  0.10344E+02  0.14178E-05    209  0.00000E+00      0.000
     160.0000  0.00000E+00  0.00000E+00 -0.53551E-08  0.00000E+00 -0.19177E-02 -0.10600E+02  0.00000E+00 -0.10344E+02  0.00000E+00 -0.30184E+00 -0.84074E+03  0.00000E+00 -0.10442E+04  0.00000E+00  0.26711E+00  0.44373E+03  0.10344E+02  0.14178E-05    210  0.00000E+00      0.000
end
