 ******* Program HYDRUS
 ******* 
 Welcome to HYDRUS-1D                                                    
 Date:   9. 6.    Time:  17:41:29
 Units: L = mm   , T = min  , M = mmol 

       Time          rTop        rRoot        vTop         vRoot        vBot       sum(rTop)   sum(rRoot)    sum(vTop)   sum(vRoot)    sum(vBot)      hTop         hRoot        hBot        RunOff    sum(RunOff)     Volume     sum(Infil)    sum(Evap) TLevel Cum(WTrans)  SnowLayer
        [T]         [L/T]        [L/T]        [L/T]        [L/T]        [L/T]         [L]          [L]          [L]         [L]           [L]         [L]           [L]         [L]          [L/T]         [L]          [L]          [L]          [L]

      10.0001  0.00000E+00  0.00000E+00  0.45549E-03  0.00000E+00 -0.21408E-02  0.00000E+00  0.00000E+00  0.45549E-07  0.00000E+00 -0.21408E-06 -0.44695E+04  0.00000E+00 -0.14969E+04  0.00000E+00  0.00000E+00  0.43356E+03  0.00000E+00  0.45549E-07      1  0.00000E+00      0.000
      10.0002  0.00000E+00  0.00000E+00  0.45548E-03  0.00000E+00 -0.14787E-02  0.00000E+00  0.00000E+00  0.10411E-06  0.00000E+00 -0.40419E-06 -0.44695E+04  0.00000E+00 -0.14969E+04  0.00000E+00  0.00000E+00  0.43356E+03  0.00000E+00  0.10411E-06      2  0.00000E+00      0.000
      10.0004  0.00000E+00  0.00000E+00  0.45549E-03  0.00000E+00 -0.10926E-02  0.00000E+00  0.00000E+00  0.17439E-06  0.00000E+00 -0.57276E-06 -0.44695E+04  0.00000E+00 -0.14969E+04  0.00000E+00  0.00000E+00  0.43356E+03  0.00000E+00  0.17439E-06      3  0.00000E+00      0.000
      10.0006  0.00000E+00  0.00000E+00 -0.26888E-03  0.00000E+00 -0.13342E-02  0.00000E+00  0.00000E+00  0.11907E-06  0.00000E+00 -0.84723E-06 -0.44695E+04  0.00000E+00 -0.14969E+04  0.00000E+00  0.00000E+00  0.43356E+03  0.00000E+00  0.17439E-06      4  0.00000E+00      0.000
      10.0010  0.00000E+00  0.00000E+00  0.93267E-04  0.00000E+00 -0.16969E-02  0.00000E+00  0.00000E+00  0.15745E-06  0.00000E+00 -0.15454E-05 -0.44695E+04  0.00000E+00 -0.14969E+04  0.00000E+00  0.00000E+00  0.43356E+03  0.00000E+00  0.21276E-06      5  0.00000E+00      0.000
      10.0014  0.00000E+00  0.00000E+00  0.54102E-04  0.00000E+00 -0.15701E-02  0.00000E+00  0.00000E+00  0.17753E-06  0.00000E+00 -0.21283E-05 -0.44695E+04  0.00000E+00 -0.14969E+04  0.00000E+00  0.00000E+00  0.43356E+03  0.00000E+00  0.23285E-06      6  0.00000E+00      0.000
      10.0019  0.00000E+00  0.00000E+00  0.14670E-03  0.00000E+00 -0.16324E-02  0.00000E+00  0.00000E+00  0.24834E-06  0.00000E+00 -0.29163E-05 -0.44695E+04  0.00000E+00 -0.14969E+04  0.00000E+00  0.00000E+00  0.43356E+03  0.00000E+00  0.30365E-06      7  0.00000E+00      0.000
      10.0025  0.00000E+00  0.00000E+00 -0.19561E-04  0.00000E+00 -0.15382E-02  0.00000E+00  0.00000E+00  0.23607E-06  0.00000E+00 -0.38815E-05 -0.44695E+04  0.00000E+00 -0.14969E+04  0.00000E+00  0.00000E+00  0.43356E+03  0.00000E+00  0.30365E-06      8  0.00000E+00      0.000
      10.0033  0.00000E+00  0.00000E+00  0.89993E-04  0.00000E+00 -0.15391E-02  0.00000E+00  0.00000E+00  0.30948E-06  0.00000E+00 -0.51370E-05 -0.44695E+04  0.00000E+00 -0.14969E+04  0.00000E+00  0.00000E+00  0.43356E+03  0.00000E+00  0.37706E-06      9  0.00000E+00      0.000
      10.0044  0.00000E+00  0.00000E+00  0.33730E-04  0.00000E+00 -0.15545E-02  0.00000E+00  0.00000E+00  0.34525E-06  0.00000E+00 -0.67854E-05 -0.44695E+04  0.00000E+00 -0.14970E+04  0.00000E+00  0.00000E+00  0.43356E+03  0.00000E+00  0.41283E-06     10  0.00000E+00      0.000
      10.0057  0.00000E+00  0.00000E+00  0.22841E-04  0.00000E+00 -0.15453E-02  0.00000E+00  0.00000E+00  0.37673E-06  0.00000E+00 -0.89158E-05 -0.44694E+04  0.00000E+00 -0.14970E+04  0.00000E+00  0.00000E+00  0.43356E+03  0.00000E+00  0.44432E-06     11  0.00000E+00      0.000
      10.0075  0.00000E+00  0.00000E+00  0.39384E-04  0.00000E+00 -0.15808E-02  0.00000E+00  0.00000E+00  0.44732E-06  0.00000E+00 -0.11749E-04 -0.44694E+04  0.00000E+00 -0.14970E+04  0.00000E+00  0.00000E+00  0.43356E+03  0.00000E+00  0.51490E-06     12  0.00000E+00      0.000
      10.0099  0.00000E+00  0.00000E+00  0.72741E-05  0.00000E+00 -0.15388E-02  0.00000E+00  0.00000E+00  0.46426E-06  0.00000E+00 -0.15334E-04 -0.44694E+04  0.00000E+00 -0.14970E+04  0.00000E+00  0.00000E+00  0.43356E+03  0.00000E+00  0.53185E-06     13  0.00000E+00      0.000
      10.0129  0.00000E+00  0.00000E+00  0.12033E-04  0.00000E+00 -0.15867E-02  0.00000E+00  0.00000E+00  0.50071E-06  0.00000E+00 -0.20140E-04 -0.44694E+04  0.00000E+00 -0.14970E+04  0.00000E+00  0.00000E+00  0.43356E+03  0.00000E+00  0.56830E-06     14  0.00000E+00      0.000
      10.0168  0.00000E+00  0.00000E+00  0.44785E-06  0.00000E+00 -0.15650E-02  0.00000E+00  0.00000E+00  0.50247E-06  0.00000E+00 -0.26301E-04 -0.44694E+04  0.00000E+00 -0.14970E+04  0.00000E+00  0.00000E+00  0.43356E+03  0.00000E+00  0.57006E-06     15  0.00000E+00      0.000
      10.0219  0.00000E+00  0.00000E+00 -0.11468E-04  0.00000E+00 -0.15740E-02  0.00000E+00  0.00000E+00  0.44377E-06  0.00000E+00 -0.34358E-04 -0.44694E+04  0.00000E+00 -0.14971E+04  0.00000E+00  0.00000E+00  0.43356E+03  0.00000E+00  0.57006E-06     16  0.00000E+00      0.000
      10.0286  0.00000E+00  0.00000E+00  0.60336E-05  0.00000E+00 -0.15686E-02  0.00000E+00  0.00000E+00  0.48392E-06  0.00000E+00 -0.44795E-04 -0.44693E+04  0.00000E+00 -0.14971E+04  0.00000E+00  0.00000E+00  0.43356E+03  0.00000E+00  0.61021E-06     17  0.00000E+00      0.000
      10.0372  0.00000E+00  0.00000E+00  0.55913E-05  0.00000E+00 -0.15649E-02  0.00000E+00  0.00000E+00  0.53228E-06  0.00000E+00 -0.58333E-04 -0.44693E+04  0.00000E+00 -0.14972E+04  0.00000E+00  0.00000E+00  0.43356E+03  0.00000E+00  0.65857E-06     18  0.00000E+00      0.000
      10.0485  0.00000E+00  0.00000E+00  0.22813E-05  0.00000E+00 -0.15767E-02  0.00000E+00  0.00000E+00  0.55794E-06  0.00000E+00 -0.76063E-04 -0.44692E+04  0.00000E+00 -0.14973E+04  0.00000E+00  0.00000E+00  0.43356E+03  0.00000E+00  0.68423E-06     19  0.00000E+00      0.000
      10.0631  0.00000E+00  0.00000E+00  0.35101E-05  0.00000E+00 -0.15692E-02  0.00000E+00  0.00000E+00  0.60925E-06  0.00000E+00 -0.99004E-04 -0.44691E+04  0.00000E+00 -0.14974E+04  0.00000E+00  0.00000E+00  0.43356E+03  0.00000E+00  0.73554E-06     20  0.00000E+00      0.000
      10.0821  0.00000E+00  0.00000E+00 -0.38244E-05  0.00000E+00 -0.15697E-02  0.00000E+00  0.00000E+00  0.53657E-06  0.00000E+00 -0.12884E-03 -0.44690E+04  0.00000E+00 -0.14975E+04  0.00000E+00  0.00000E+00  0.43356E+03  0.00000E+00  0.73554E-06     21  0.00000E+00      0.000
      10.1068  0.00000E+00  0.00000E+00  0.32767E-05  0.00000E+00 -0.15702E-02  0.00000E+00  0.00000E+00  0.61753E-06  0.00000E+00 -0.16763E-03 -0.44689E+04  0.00000E+00 -0.14977E+04  0.00000E+00  0.00000E+00  0.43356E+03  0.00000E+00  0.81650E-06     22  0.00000E+00      0.000
      10.1389  0.00000E+00  0.00000E+00 -0.22060E-05  0.00000E+00 -0.15695E-02  0.00000E+00  0.00000E+00  0.54667E-06  0.00000E+00 -0.21804E-03 -0.44687E+04  0.00000E+00 -0.14979E+04  0.00000E+00  0.00000E+00  0.43356E+03  0.00000E+00  0.81650E-06     23  0.00000E+00      0.000
      10.1807  0.00000E+00  0.00000E+00 -0.56485E-06  0.00000E+00 -0.15691E-02  0.00000E+00  0.00000E+00  0.52309E-06  0.00000E+00 -0.28356E-03 -0.44685E+04  0.00000E+00 -0.14982E+04  0.00000E+00  0.00000E+00  0.43356E+03  0.00000E+00  0.81650E-06     24  0.00000E+00      0.000
      10.2350  0.00000E+00  0.00000E+00  0.63493E-06  0.00000E+00 -0.15682E-02  0.00000E+00  0.00000E+00  0.55755E-06  0.00000E+00 -0.36868E-03 -0.44682E+04  0.00000E+00 -0.14986E+04  0.00000E+00  0.00000E+00  0.43356E+03  0.00000E+00  0.85096E-06     25  0.00000E+00      0.000
      10.3055  0.00000E+00  0.00000E+00 -0.36907E-06  0.00000E+00 -0.15669E-02  0.00000E+00  0.00000E+00  0.53151E-06  0.00000E+00 -0.47925E-03 -0.44678E+04  0.00000E+00 -0.14991E+04  0.00000E+00  0.00000E+00  0.43356E+03  0.00000E+00  0.85096E-06     26  0.00000E+00      0.000
      10.3973  0.00000E+00  0.00000E+00  0.37334E-06  0.00000E+00 -0.15675E-02  0.00000E+00  0.00000E+00  0.56576E-06  0.00000E+00 -0.62304E-03 -0.44674E+04  0.00000E+00 -0.14997E+04  0.00000E+00  0.00000E+00  0.43356E+03  0.00000E+00  0.88521E-06     27  0.00000E+00      0.000
      10.5165  0.00000E+00  0.00000E+00  0.66086E-06  0.00000E+00 -0.15652E-02  0.00000E+00  0.00000E+00  0.64457E-06  0.00000E+00 -0.80969E-03 -0.44667E+04  0.00000E+00 -0.15004E+04  0.00000E+00  0.00000E+00  0.43356E+03  0.00000E+00  0.96402E-06     28  0.00000E+00      0.000
      10.6716  0.00000E+00  0.00000E+00  0.25847E-06  0.00000E+00 -0.15629E-02  0.00000E+00  0.00000E+00  0.68464E-06  0.00000E+00 -0.10520E-02 -0.44660E+04  0.00000E+00 -0.15013E+04  0.00000E+00  0.00000E+00  0.43356E+03  0.00000E+00  0.10041E-05     29  0.00000E+00      0.000
      10.8731  0.00000E+00  0.00000E+00  0.31167E-06  0.00000E+00 -0.15613E-02  0.00000E+00  0.00000E+00  0.74745E-06  0.00000E+00 -0.13667E-02 -0.44650E+04  0.00000E+00 -0.15023E+04  0.00000E+00  0.00000E+00  0.43356E+03  0.00000E+00  0.10669E-05     30  0.00000E+00      0.000
      11.1351  0.00000E+00  0.00000E+00 -0.32596E-07  0.00000E+00 -0.15581E-02  0.00000E+00  0.00000E+00  0.73891E-06  0.00000E+00 -0.17749E-02 -0.44637E+04  0.00000E+00 -0.15036E+04  0.00000E+00  0.00000E+00  0.43356E+03  0.00000E+00  0.10669E-05     31  0.00000E+00      0.000
      11.4757  0.00000E+00  0.00000E+00 -0.12162E-06  0.00000E+00 -0.15544E-02  0.00000E+00  0.00000E+00  0.69749E-06  0.00000E+00 -0.23043E-02 -0.44621E+04  0.00000E+00 -0.15050E+04  0.00000E+00  0.00000E+00  0.43356E+03  0.00000E+00  0.10669E-05     32  0.00000E+00      0.000
      11.9185  0.00000E+00  0.00000E+00 -0.17683E-06  0.00000E+00 -0.15502E-02  0.00000E+00  0.00000E+00  0.61919E-06  0.00000E+00 -0.29907E-02 -0.44602E+04  0.00000E+00 -0.15067E+04  0.00000E+00  0.00000E+00  0.43356E+03  0.00000E+00  0.10669E-05     33  0.00000E+00      0.000
      12.4941  0.00000E+00  0.00000E+00  0.90338E-07  0.00000E+00 -0.15453E-02  0.00000E+00  0.00000E+00  0.67119E-06  0.00000E+00 -0.38802E-02 -0.44578E+04  0.00000E+00 -0.15086E+04  0.00000E+00  0.00000E+00  0.43356E+03  0.00000E+00  0.11189E-05     34  0.00000E+00      0.000
      13.2447  0.00000E+00  0.00000E+00  0.11275E-06  0.00000E+00 -0.15391E-02  0.00000E+00  0.00000E+00  0.75582E-06  0.00000E+00 -0.50354E-02 -0.44549E+04  0.00000E+00 -0.15107E+04  0.00000E+00  0.00000E+00  0.43355E+03  0.00000E+00  0.12035E-05     35  0.00000E+00      0.000
      14.2097  0.00000E+00  0.00000E+00 -0.46566E-07  0.00000E+00 -0.15318E-02  0.00000E+00  0.00000E+00  0.71088E-06  0.00000E+00 -0.65137E-02 -0.44515E+04  0.00000E+00 -0.15130E+04  0.00000E+00  0.00000E+00  0.43355E+03  0.00000E+00  0.12035E-05     36  0.00000E+00      0.000
      15.3678  0.00000E+00  0.00000E+00  0.27561E-07  0.00000E+00 -0.15240E-02  0.00000E+00  0.00000E+00  0.74280E-06  0.00000E+00 -0.82786E-02 -0.44477E+04  0.00000E+00 -0.15155E+04  0.00000E+00  0.00000E+00  0.43355E+03  0.00000E+00  0.12354E-05     37  0.00000E+00      0.000
      16.9119  0.00000E+00  0.00000E+00 -0.66502E-08  0.00000E+00 -0.15163E-02  0.00000E+00  0.00000E+00  0.73253E-06  0.00000E+00 -0.10620E-01 -0.44433E+04  0.00000E+00 -0.15186E+04  0.00000E+00  0.00000E+00  0.43355E+03  0.00000E+00  0.12354E-05     38  0.00000E+00      0.000
      20.0000  0.00000E+00  0.00000E+00 -0.10914E-08  0.00000E+00 -0.15061E-02  0.00000E+00  0.00000E+00  0.72916E-06  0.00000E+00 -0.15271E-01 -0.44359E+04  0.00000E+00 -0.15242E+04  0.00000E+00  0.00000E+00  0.43354E+03  0.00000E+00  0.12354E-05     39  0.00000E+00      0.000
      22.5000  0.00000E+00  0.00000E+00  0.23792E-07  0.00000E+00 -0.14997E-02  0.00000E+00  0.00000E+00  0.78864E-06  0.00000E+00 -0.19020E-01 -0.44306E+04  0.00000E+00 -0.15283E+04  0.00000E+00  0.00000E+00  0.43354E+03  0.00000E+00  0.12949E-05     40  0.00000E+00      0.000
      26.2500  0.00000E+00  0.00000E+00 -0.12005E-07  0.00000E+00 -0.14913E-02  0.00000E+00  0.00000E+00  0.74362E-06  0.00000E+00 -0.24613E-01 -0.44238E+04  0.00000E+00 -0.15334E+04  0.00000E+00  0.00000E+00  0.43353E+03  0.00000E+00  0.12949E-05     41  0.00000E+00      0.000
      30.0000  0.00000E+00  0.00000E+00 -0.13955E-07  0.00000E+00 -0.14841E-02  0.00000E+00  0.00000E+00  0.69128E-06  0.00000E+00 -0.30178E-01 -0.44178E+04  0.00000E+00 -0.15380E+04  0.00000E+00  0.00000E+00  0.43353E+03  0.00000E+00  0.12949E-05     42  0.00000E+00      0.000
      30.0001 -0.50000E-01  0.00000E+00 -0.50533E-01  0.00000E+00 -0.11909E-02 -0.50000E-05  0.00000E+00 -0.43620E-05  0.00000E+00 -0.30178E-01 -0.44176E+04  0.00000E+00 -0.15380E+04  0.53301E-03  0.53301E-07  0.43353E+03  0.50533E-05  0.12949E-05     43  0.00000E+00      0.000
      30.0002 -0.50000E-01  0.00000E+00 -0.50304E-01  0.00000E+00 -0.11906E-02 -0.11500E-04  0.00000E+00 -0.10902E-04  0.00000E+00 -0.30178E-01 -0.44176E+04  0.00000E+00 -0.15380E+04  0.30436E-03  0.92869E-07  0.43353E+03  0.11593E-04  0.12949E-05     44  0.00000E+00      0.000
      30.0004 -0.50000E-01  0.00000E+00 -0.50129E-01  0.00000E+00 -0.11908E-02 -0.19950E-04  0.00000E+00 -0.19373E-04  0.00000E+00 -0.30178E-01 -0.44175E+04  0.00000E+00 -0.15380E+04  0.12928E-03  0.11472E-06  0.43353E+03  0.20065E-04  0.12949E-05     45  0.00000E+00      0.000
      30.0006 -0.50000E-01  0.00000E+00 -0.50063E-01  0.00000E+00 -0.18690E-02 -0.30935E-04  0.00000E+00 -0.30372E-04  0.00000E+00 -0.30179E-01 -0.44173E+04  0.00000E+00 -0.15380E+04  0.62797E-04  0.12851E-06  0.43353E+03  0.31064E-04  0.12949E-05     46  0.00000E+00      0.000
      30.0009 -0.50000E-01  0.00000E+00 -0.49960E-01  0.00000E+00 -0.11908E-02 -0.45215E-04  0.00000E+00 -0.44641E-04  0.00000E+00 -0.30179E-01 -0.44172E+04  0.00000E+00 -0.15380E+04  0.39682E-04  0.13985E-06  0.43353E+03  0.45333E-04  0.12949E-05     47  0.00000E+00      0.000
      30.0013 -0.50000E-01  0.00000E+00 -0.50043E-01  0.00000E+00 -0.15921E-02 -0.63780E-04  0.00000E+00 -0.63222E-04  0.00000E+00 -0.30180E-01 -0.44169E+04  0.00000E+00 -0.15380E+04  0.42960E-04  0.15580E-06  0.43353E+03  0.63913E-04  0.12949E-05     48  0.00000E+00      0.000
      30.0018 -0.50000E-01  0.00000E+00 -0.49892E-01  0.00000E+00 -0.14996E-02 -0.87914E-04  0.00000E+00 -0.87304E-04  0.00000E+00 -0.30180E-01 -0.44166E+04  0.00000E+00 -0.15380E+04  0.10826E-03  0.20806E-06  0.43353E+03  0.87995E-04  0.12949E-05     49  0.00000E+00      0.000
      30.0024 -0.50000E-01  0.00000E+00 -0.49991E-01  0.00000E+00 -0.14283E-02 -0.11929E-03  0.00000E+00 -0.11867E-03  0.00000E+00 -0.30181E-01 -0.44163E+04  0.00000E+00 -0.15380E+04  0.00000E+00  0.20806E-06  0.43353E+03  0.11936E-03  0.12949E-05     50  0.00000E+00      0.000
      30.0032 -0.50000E-01  0.00000E+00 -0.49941E-01  0.00000E+00 -0.15562E-02 -0.16007E-03  0.00000E+00 -0.15941E-03  0.00000E+00 -0.30183E-01 -0.44158E+04  0.00000E+00 -0.15380E+04  0.58830E-04  0.25604E-06  0.43353E+03  0.16010E-03  0.12949E-05     51  0.00000E+00      0.000
      30.0043 -0.50000E-01  0.00000E+00 -0.49920E-01  0.00000E+00 -0.14719E-02 -0.21310E-03  0.00000E+00 -0.21235E-03  0.00000E+00 -0.30184E-01 -0.44151E+04  0.00000E+00 -0.15380E+04  0.80138E-04  0.34103E-06  0.43353E+03  0.21304E-03  0.12949E-05     52  0.00000E+00      0.000
      30.0056 -0.50000E-01  0.00000E+00 -0.50058E-01  0.00000E+00 -0.15152E-02 -0.28203E-03  0.00000E+00 -0.28136E-03  0.00000E+00 -0.30186E-01 -0.44143E+04  0.00000E+00 -0.15380E+04  0.58427E-04  0.42157E-06  0.43353E+03  0.28205E-03  0.12949E-05     53  0.00000E+00      0.000
      30.0074 -0.50000E-01  0.00000E+00 -0.49970E-01  0.00000E+00 -0.15234E-02 -0.37163E-03  0.00000E+00 -0.37091E-03  0.00000E+00 -0.30189E-01 -0.44132E+04  0.00000E+00 -0.15380E+04  0.29795E-04  0.47497E-06  0.43353E+03  0.37160E-03  0.12949E-05     54  0.00000E+00      0.000
      30.0098 -0.50000E-01  0.00000E+00 -0.50011E-01  0.00000E+00 -0.15107E-02 -0.48812E-03  0.00000E+00 -0.48743E-03  0.00000E+00 -0.30192E-01 -0.44118E+04  0.00000E+00 -0.15380E+04  0.10747E-04  0.50001E-06  0.43353E+03  0.48812E-03  0.12949E-05     55  0.00000E+00      0.000
      30.0128 -0.50000E-01  0.00000E+00 -0.49986E-01  0.00000E+00 -0.14862E-02 -0.63956E-03  0.00000E+00 -0.63882E-03  0.00000E+00 -0.30197E-01 -0.44100E+04  0.00000E+00 -0.15380E+04  0.14029E-04  0.54250E-06  0.43353E+03  0.63951E-03  0.12949E-05     56  0.00000E+00      0.000
      30.0167 -0.50000E-01  0.00000E+00 -0.50008E-01  0.00000E+00 -0.14938E-02 -0.83643E-03  0.00000E+00 -0.83572E-03  0.00000E+00 -0.30203E-01 -0.44076E+04  0.00000E+00 -0.15380E+04  0.00000E+00  0.54250E-06  0.43353E+03  0.83641E-03  0.12949E-05     57  0.00000E+00      0.000
      30.0218 -0.50000E-01  0.00000E+00 -0.49994E-01  0.00000E+00 -0.14822E-02 -0.10924E-02  0.00000E+00 -0.10916E-02  0.00000E+00 -0.30210E-01 -0.44045E+04  0.00000E+00 -0.15380E+04  0.00000E+00  0.54250E-06  0.43353E+03  0.10923E-02  0.12949E-05     58  0.00000E+00      0.000
      30.0285 -0.50000E-01  0.00000E+00 -0.49990E-01  0.00000E+00 -0.14822E-02 -0.14251E-02  0.00000E+00 -0.14243E-02  0.00000E+00 -0.30220E-01 -0.44005E+04  0.00000E+00 -0.15380E+04  0.10245E-04  0.61067E-06  0.43353E+03  0.14250E-02  0.12949E-05     59  0.00000E+00      0.000
      30.0372 -0.50000E-01  0.00000E+00 -0.49994E-01  0.00000E+00 -0.14841E-02 -0.18576E-02  0.00000E+00 -0.18567E-02  0.00000E+00 -0.30233E-01 -0.43953E+04  0.00000E+00 -0.15380E+04  0.00000E+00  0.61067E-06  0.43353E+03  0.18574E-02  0.12949E-05     60  0.00000E+00      0.000
      30.0484 -0.50000E-01  0.00000E+00 -0.50003E-01  0.00000E+00 -0.14828E-02 -0.24199E-02  0.00000E+00 -0.24190E-02  0.00000E+00 -0.30250E-01 -0.43885E+04  0.00000E+00 -0.15381E+04  0.00000E+00  0.61067E-06  0.43353E+03  0.24197E-02  0.12949E-05     61  0.00000E+00      0.000
      30.0630 -0.50000E-01  0.00000E+00 -0.49996E-01  0.00000E+00 -0.14870E-02 -0.31508E-02  0.00000E+00 -0.31499E-02  0.00000E+00 -0.30271E-01 -0.43798E+04  0.00000E+00 -0.15381E+04  0.00000E+00  0.61067E-06  0.43353E+03  0.31506E-02  0.12949E-05     62  0.00000E+00      0.000
      30.0820 -0.50000E-01  0.00000E+00 -0.49998E-01  0.00000E+00 -0.14816E-02 -0.41011E-02  0.00000E+00 -0.41001E-02  0.00000E+00 -0.30300E-01 -0.43684E+04  0.00000E+00 -0.15381E+04  0.00000E+00  0.61067E-06  0.43353E+03  0.41008E-02  0.12949E-05     63  0.00000E+00      0.000
      30.1067 -0.50000E-01  0.00000E+00 -0.49997E-01  0.00000E+00 -0.14814E-02 -0.53364E-02  0.00000E+00 -0.53354E-02  0.00000E+00 -0.30336E-01 -0.43536E+04  0.00000E+00 -0.15381E+04  0.00000E+00  0.61067E-06  0.43353E+03  0.53361E-02  0.12949E-05     64  0.00000E+00      0.000
      30.1388 -0.50000E-01  0.00000E+00 -0.50002E-01  0.00000E+00 -0.14842E-02 -0.69423E-02  0.00000E+00 -0.69414E-02  0.00000E+00 -0.30384E-01 -0.43346E+04  0.00000E+00 -0.15382E+04  0.00000E+00  0.61067E-06  0.43354E+03  0.69421E-02  0.12949E-05     65  0.00000E+00      0.000
      30.1806 -0.50000E-01  0.00000E+00 -0.49999E-01  0.00000E+00 -0.14850E-02 -0.90300E-02  0.00000E+00 -0.90290E-02  0.00000E+00 -0.30446E-01 -0.43099E+04  0.00000E+00 -0.15382E+04  0.00000E+00  0.61067E-06  0.43354E+03  0.90297E-02  0.12949E-05     66  0.00000E+00      0.000
      30.2349 -0.50000E-01  0.00000E+00 -0.49999E-01  0.00000E+00 -0.14836E-02 -0.11744E-01  0.00000E+00 -0.11743E-01  0.00000E+00 -0.30526E-01 -0.42781E+04  0.00000E+00 -0.15383E+04  0.00000E+00  0.61067E-06  0.43354E+03  0.11744E-01  0.12949E-05     67  0.00000E+00      0.000
      30.3054 -0.50000E-01  0.00000E+00 -0.50000E-01  0.00000E+00 -0.14847E-02 -0.15272E-01  0.00000E+00 -0.15271E-01  0.00000E+00 -0.30631E-01 -0.42371E+04  0.00000E+00 -0.15384E+04  0.00000E+00  0.61067E-06  0.43354E+03  0.15272E-01  0.12949E-05     68  0.00000E+00      0.000
      30.3972 -0.50000E-01  0.00000E+00 -0.50001E-01  0.00000E+00 -0.14831E-02 -0.19859E-01  0.00000E+00 -0.19858E-01  0.00000E+00 -0.30767E-01 -0.41845E+04  0.00000E+00 -0.15385E+04  0.00000E+00  0.61067E-06  0.43355E+03  0.19859E-01  0.12949E-05     69  0.00000E+00      0.000
      30.5164 -0.50000E-01  0.00000E+00 -0.50000E-01  0.00000E+00 -0.14834E-02 -0.25822E-01  0.00000E+00 -0.25821E-01  0.00000E+00 -0.30944E-01 -0.41173E+04  0.00000E+00 -0.15386E+04  0.00000E+00  0.61067E-06  0.43355E+03  0.25821E-01  0.12949E-05     70  0.00000E+00      0.000
      30.6715 -0.50000E-01  0.00000E+00 -0.50000E-01  0.00000E+00 -0.14833E-02 -0.33573E-01  0.00000E+00 -0.33572E-01  0.00000E+00 -0.31174E-01 -0.40319E+04  0.00000E+00 -0.15388E+04  0.00000E+00  0.61067E-06  0.43356E+03  0.33573E-01  0.12949E-05     71  0.00000E+00      0.000
      30.8730 -0.50000E-01  0.00000E+00 -0.50000E-01  0.00000E+00 -0.14827E-02 -0.43650E-01  0.00000E+00 -0.43649E-01  0.00000E+00 -0.31473E-01 -0.39243E+04  0.00000E+00 -0.15390E+04  0.00000E+00  0.61067E-06  0.43357E+03  0.43650E-01  0.12949E-05     72  0.00000E+00      0.000
      31.1350 -0.50000E-01  0.00000E+00 -0.50000E-01  0.00000E+00 -0.14818E-02 -0.56750E-01  0.00000E+00 -0.56749E-01  0.00000E+00 -0.31861E-01 -0.38072E+04  0.00000E+00 -0.15393E+04  0.00000E+00  0.61067E-06  0.43358E+03  0.56750E-01  0.12949E-05     73  0.00000E+00      0.000
      31.4756 -0.50000E-01  0.00000E+00 -0.50000E-01  0.00000E+00 -0.14813E-02 -0.73780E-01  0.00000E+00 -0.73779E-01  0.00000E+00 -0.32366E-01 -0.36814E+04  0.00000E+00 -0.15397E+04  0.00000E+00  0.61067E-06  0.43360E+03  0.73779E-01  0.12949E-05     74  0.00000E+00      0.000
      31.9184 -0.50000E-01  0.00000E+00 -0.50000E-01  0.00000E+00 -0.14806E-02 -0.95919E-01  0.00000E+00 -0.95918E-01  0.00000E+00 -0.33021E-01 -0.35266E+04  0.00000E+00 -0.15402E+04  0.00000E+00  0.61067E-06  0.43362E+03  0.95918E-01  0.12949E-05     75  0.00000E+00      0.000
      32.4940 -0.50000E-01  0.00000E+00 -0.50000E-01  0.00000E+00 -0.14795E-02 -0.12470E+00  0.00000E+00 -0.12470E+00  0.00000E+00 -0.33873E-01 -0.33463E+04  0.00000E+00 -0.15409E+04  0.00000E+00  0.61067E-06  0.43365E+03  0.12470E+00  0.12949E-05     76  0.00000E+00      0.000
      33.2446 -0.50000E-01  0.00000E+00 -0.50000E-01  0.00000E+00 -0.14781E-02 -0.16223E+00  0.00000E+00 -0.16223E+00  0.00000E+00 -0.34982E-01 -0.31377E+04  0.00000E+00 -0.15417E+04  0.00000E+00  0.61067E-06  0.43369E+03  0.16223E+00  0.12949E-05     77  0.00000E+00      0.000
      34.2096 -0.50000E-01  0.00000E+00 -0.50000E-01  0.00000E+00 -0.14765E-02 -0.21048E+00  0.00000E+00 -0.21048E+00  0.00000E+00 -0.36407E-01 -0.29496E+04  0.00000E+00 -0.15427E+04  0.00000E+00  0.61067E-06  0.43373E+03  0.21048E+00  0.12949E-05     78  0.00000E+00      0.000
      35.3677 -0.50000E-01  0.00000E+00 -0.50000E-01  0.00000E+00 -0.14745E-02 -0.26839E+00  0.00000E+00 -0.26838E+00  0.00000E+00 -0.38115E-01 -0.27716E+04  0.00000E+00 -0.15439E+04  0.00000E+00  0.61067E-06  0.43379E+03  0.26839E+00  0.12949E-05     79  0.00000E+00      0.000
      36.9118 -0.50000E-01  0.00000E+00 -0.50000E-01  0.00000E+00 -0.14720E-02 -0.34559E+00  0.00000E+00 -0.34559E+00  0.00000E+00 -0.40388E-01 -0.25899E+04  0.00000E+00 -0.15455E+04  0.00000E+00  0.61067E-06  0.43386E+03  0.34559E+00  0.12949E-05     80  0.00000E+00      0.000
      40.0000 -0.50000E-01  0.00000E+00 -0.50000E-01  0.00000E+00 -0.14672E-02 -0.50000E+00  0.00000E+00 -0.50000E+00  0.00000E+00 -0.44919E-01 -0.23416E+04  0.00000E+00 -0.15484E+04  0.00000E+00  0.61067E-06  0.43401E+03  0.50000E+00  0.12949E-05     81  0.00000E+00      0.000
      40.0001 -0.10000E+01  0.00000E+00 -0.10004E+01  0.00000E+00 -0.12368E-02 -0.50010E+00  0.00000E+00 -0.50010E+00  0.00000E+00 -0.44919E-01 -0.23456E+04  0.00000E+00 -0.15484E+04  0.40042E-03  0.65071E-06  0.43401E+03  0.50010E+00  0.12949E-05     82  0.00000E+00      0.000
      40.0002 -0.10000E+01  0.00000E+00 -0.99960E+00  0.00000E+00 -0.12368E-02 -0.50023E+00  0.00000E+00 -0.50023E+00  0.00000E+00 -0.44919E-01 -0.23438E+04  0.00000E+00 -0.15484E+04  0.40030E-03  0.70275E-06  0.43401E+03  0.50023E+00  0.12949E-05     83  0.00000E+00      0.000
      40.0004 -0.10000E+01  0.00000E+00 -0.99987E+00  0.00000E+00 -0.12367E-02 -0.50040E+00  0.00000E+00 -0.50040E+00  0.00000E+00 -0.44919E-01 -0.23439E+04  0.00000E+00 -0.15484E+04  0.12541E-03  0.72395E-06  0.43401E+03  0.50040E+00  0.12949E-05     84  0.00000E+00      0.000
      40.0006 -0.10000E+01  0.00000E+00 -0.99978E+00  0.00000E+00 -0.12368E-02 -0.50062E+00  0.00000E+00 -0.50062E+00  0.00000E+00 -0.44920E-01 -0.23424E+04  0.00000E+00 -0.15484E+04  0.22411E-03  0.77319E-06  0.43401E+03  0.50062E+00  0.12949E-05     85  0.00000E+00      0.000
      40.0009 -0.10000E+01  0.00000E+00 -0.10002E+01  0.00000E+00 -0.17585E-02 -0.50090E+00  0.00000E+00 -0.50090E+00  0.00000E+00 -0.44920E-01 -0.23412E+04  0.00000E+00 -0.15484E+04  0.18644E-03  0.82644E-06  0.43402E+03  0.50090E+00  0.12949E-05     86  0.00000E+00      0.000
      40.0013 -0.10000E+01  0.00000E+00 -0.99985E+00  0.00000E+00 -0.16381E-02 -0.50128E+00  0.00000E+00 -0.50127E+00  0.00000E+00 -0.44921E-01 -0.23392E+04  0.00000E+00 -0.15484E+04  0.14740E-03  0.88116E-06  0.43402E+03  0.50128E+00  0.12949E-05     87  0.00000E+00      0.000
      40.0018 -0.10000E+01  0.00000E+00 -0.10001E+01  0.00000E+00 -0.15456E-02 -0.50176E+00  0.00000E+00 -0.50176E+00  0.00000E+00 -0.44921E-01 -0.23368E+04  0.00000E+00 -0.15484E+04  0.96917E-04  0.92794E-06  0.43402E+03  0.50176E+00  0.12949E-05     88  0.00000E+00      0.000
      40.0024 -0.10000E+01  0.00000E+00 -0.99998E+00  0.00000E+00 -0.14745E-02 -0.50239E+00  0.00000E+00 -0.50238E+00  0.00000E+00 -0.44922E-01 -0.23335E+04  0.00000E+00 -0.15484E+04  0.16510E-04  0.93830E-06  0.43402E+03  0.50239E+00  0.12949E-05     89  0.00000E+00      0.000
      40.0032 -0.10000E+01  0.00000E+00 -0.10000E+01  0.00000E+00 -0.14196E-02 -0.50320E+00  0.00000E+00 -0.50320E+00  0.00000E+00 -0.44923E-01 -0.23294E+04  0.00000E+00 -0.15484E+04  0.41962E-04  0.97253E-06  0.43402E+03  0.50320E+00  0.12949E-05     90  0.00000E+00      0.000
      40.0043 -0.10000E+01  0.00000E+00 -0.99999E+00  0.00000E+00 -0.15180E-02 -0.50426E+00  0.00000E+00 -0.50426E+00  0.00000E+00 -0.44925E-01 -0.23240E+04  0.00000E+00 -0.15484E+04  0.10312E-04  0.98347E-06  0.43402E+03  0.50426E+00  0.12949E-05     91  0.00000E+00      0.000
      40.0056 -0.10000E+01  0.00000E+00 -0.10000E+01  0.00000E+00 -0.14531E-02 -0.50564E+00  0.00000E+00 -0.50564E+00  0.00000E+00 -0.44927E-01 -0.23170E+04  0.00000E+00 -0.15484E+04  0.00000E+00  0.98347E-06  0.43402E+03  0.50564E+00  0.12949E-05     92  0.00000E+00      0.000
      40.0074 -0.10000E+01  0.00000E+00 -0.10000E+01  0.00000E+00 -0.14863E-02 -0.50743E+00  0.00000E+00 -0.50743E+00  0.00000E+00 -0.44930E-01 -0.23079E+04  0.00000E+00 -0.15484E+04  0.00000E+00  0.98347E-06  0.43402E+03  0.50743E+00  0.12949E-05     93  0.00000E+00      0.000
      40.0098 -0.10000E+01  0.00000E+00 -0.10000E+01  0.00000E+00 -0.14928E-02 -0.50976E+00  0.00000E+00 -0.50976E+00  0.00000E+00 -0.44933E-01 -0.22960E+04  0.00000E+00 -0.15484E+04  0.00000E+00  0.98347E-06  0.43402E+03  0.50976E+00  0.12949E-05     94  0.00000E+00      0.000
      40.0128 -0.10000E+01  0.00000E+00 -0.10000E+01  0.00000E+00 -0.14829E-02 -0.51279E+00  0.00000E+00 -0.51279E+00  0.00000E+00 -0.44938E-01 -0.22807E+04  0.00000E+00 -0.15484E+04  0.00000E+00  0.98347E-06  0.43403E+03  0.51279E+00  0.12949E-05     95  0.00000E+00      0.000
      40.0167 -0.10000E+01  0.00000E+00 -0.10000E+01  0.00000E+00 -0.14640E-02 -0.51673E+00  0.00000E+00 -0.51673E+00  0.00000E+00 -0.44944E-01 -0.22607E+04  0.00000E+00 -0.15484E+04  0.18597E-04  0.10567E-05  0.43403E+03  0.51673E+00  0.12949E-05     96  0.00000E+00      0.000
      40.0218 -0.10000E+01  0.00000E+00 -0.10000E+01  0.00000E+00 -0.14698E-02 -0.52185E+00  0.00000E+00 -0.52185E+00  0.00000E+00 -0.44951E-01 -0.22349E+04  0.00000E+00 -0.15484E+04  0.00000E+00  0.10567E-05  0.43404E+03  0.52185E+00  0.12949E-05     97  0.00000E+00      0.000
      40.0285 -0.10000E+01  0.00000E+00 -0.10000E+01  0.00000E+00 -0.14609E-02 -0.52850E+00  0.00000E+00 -0.52850E+00  0.00000E+00 -0.44961E-01 -0.22013E+04  0.00000E+00 -0.15484E+04  0.12159E-04  0.11376E-05  0.43404E+03  0.52850E+00  0.12949E-05     98  0.00000E+00      0.000
      40.0372 -0.10000E+01  0.00000E+00 -0.99999E+00  0.00000E+00 -0.14608E-02 -0.53715E+00  0.00000E+00 -0.53715E+00  0.00000E+00 -0.44973E-01 -0.21579E+04  0.00000E+00 -0.15484E+04  0.00000E+00  0.11376E-05  0.43405E+03  0.53715E+00  0.12949E-05     99  0.00000E+00      0.000
      40.0484 -0.10000E+01  0.00000E+00 -0.10000E+01  0.00000E+00 -0.14622E-02 -0.54840E+00  0.00000E+00 -0.54840E+00  0.00000E+00 -0.44990E-01 -0.21018E+04  0.00000E+00 -0.15484E+04  0.00000E+00  0.11376E-05  0.43406E+03  0.54840E+00  0.12949E-05    100  0.00000E+00      0.000
      40.0630 -0.10000E+01  0.00000E+00 -0.10000E+01  0.00000E+00 -0.14713E-02 -0.56302E+00  0.00000E+00 -0.56302E+00  0.00000E+00 -0.45011E-01 -0.20294E+04  0.00000E+00 -0.15484E+04  0.00000E+00  0.11376E-05  0.43408E+03  0.56302E+00  0.12949E-05    101  0.00000E+00      0.000
      40.0820 -0.10000E+01  0.00000E+00 -0.10000E+01  0.00000E+00 -0.14644E-02 -0.58202E+00  0.00000E+00 -0.58202E+00  0.00000E+00 -0.45039E-01 -0.19362E+04  0.00000E+00 -0.15484E+04  0.00000E+00  0.11376E-05  0.43410E+03  0.58202E+00  0.12949E-05    102  0.00000E+00      0.000
      40.1067 -0.10000E+01  0.00000E+00 -0.10000E+01  0.00000E+00 -0.14662E-02 -0.60673E+00  0.00000E+00 -0.60673E+00  0.00000E+00 -0.45075E-01 -0.18428E+04  0.00000E+00 -0.15485E+04  0.00000E+00  0.11376E-05  0.43412E+03  0.60673E+00  0.12949E-05    103  0.00000E+00      0.000
      40.1388 -0.10000E+01  0.00000E+00 -0.10000E+01  0.00000E+00 -0.14691E-02 -0.63885E+00  0.00000E+00 -0.63885E+00  0.00000E+00 -0.45123E-01 -0.17236E+04  0.00000E+00 -0.15485E+04  0.00000E+00  0.11376E-05  0.43415E+03  0.63885E+00  0.12949E-05    104  0.00000E+00      0.000
      40.1806 -0.10000E+01  0.00000E+00 -0.10000E+01  0.00000E+00 -0.14657E-02 -0.68060E+00  0.00000E+00 -0.68060E+00  0.00000E+00 -0.45184E-01 -0.15775E+04  0.00000E+00 -0.15485E+04  0.00000E+00  0.11376E-05  0.43419E+03  0.68060E+00  0.12949E-05    105  0.00000E+00      0.000
      40.2349 -0.10000E+01  0.00000E+00 -0.10000E+01  0.00000E+00 -0.14681E-02 -0.73488E+00  0.00000E+00 -0.73488E+00  0.00000E+00 -0.45263E-01 -0.14285E+04  0.00000E+00 -0.15486E+04  0.00000E+00  0.11376E-05  0.43425E+03  0.73488E+00  0.12949E-05    106  0.00000E+00      0.000
      40.3054 -0.10000E+01  0.00000E+00 -0.10000E+01  0.00000E+00 -0.14658E-02 -0.80544E+00  0.00000E+00 -0.80544E+00  0.00000E+00 -0.45367E-01 -0.12602E+04  0.00000E+00 -0.15487E+04  0.00000E+00  0.11376E-05  0.43432E+03  0.80544E+00  0.12949E-05    107  0.00000E+00      0.000
      40.3972 -0.10000E+01  0.00000E+00 -0.10000E+01  0.00000E+00 -0.14670E-02 -0.89718E+00  0.00000E+00 -0.89718E+00  0.00000E+00 -0.45501E-01 -0.11060E+04  0.00000E+00 -0.15487E+04  0.00000E+00  0.11376E-05  0.43441E+03  0.89718E+00  0.12949E-05    108  0.00000E+00      0.000
      40.5164 -0.10000E+01  0.00000E+00 -0.10000E+01  0.00000E+00 -0.14669E-02 -0.10164E+01  0.00000E+00 -0.10164E+01  0.00000E+00 -0.45676E-01 -0.94390E+03  0.00000E+00 -0.15488E+04  0.00000E+00  0.11376E-05  0.43453E+03  0.10164E+01  0.12949E-05    109  0.00000E+00      0.000
      40.6715 -0.10000E+01  0.00000E+00 -0.10000E+01  0.00000E+00 -0.14665E-02 -0.11715E+01  0.00000E+00 -0.11715E+01  0.00000E+00 -0.45904E-01 -0.82461E+03  0.00000E+00 -0.15490E+04  0.00000E+00  0.11376E-05  0.43468E+03  0.11715E+01  0.12949E-05    110  0.00000E+00      0.000
      40.8265 -0.10000E+01  0.00000E+00 -0.10000E+01  0.00000E+00 -0.14660E-02 -0.13265E+01  0.00000E+00 -0.13265E+01  0.00000E+00 -0.46131E-01 -0.73333E+03  0.00000E+00 -0.15491E+04  0.00000E+00  0.11376E-05  0.43484E+03  0.13265E+01  0.12949E-05    111  0.00000E+00      0.000
      41.0280 -0.10000E+01  0.00000E+00 -0.10000E+01  0.00000E+00 -0.14659E-02 -0.15280E+01  0.00000E+00 -0.15280E+01  0.00000E+00 -0.46426E-01 -0.65120E+03  0.00000E+00 -0.15493E+04  0.00000E+00  0.11376E-05  0.43504E+03  0.15280E+01  0.12949E-05    112  0.00000E+00      0.000
      41.2900 -0.10000E+01  0.00000E+00 -0.10000E+01  0.00000E+00 -0.14651E-02 -0.17900E+01  0.00000E+00 -0.17900E+01  0.00000E+00 -0.46810E-01 -0.57193E+03  0.00000E+00 -0.15496E+04  0.00000E+00  0.11376E-05  0.43530E+03  0.17900E+01  0.12949E-05    113  0.00000E+00      0.000
      41.5520 -0.10000E+01  0.00000E+00 -0.10000E+01  0.00000E+00 -0.14647E-02 -0.20520E+01  0.00000E+00 -0.20520E+01  0.00000E+00 -0.47194E-01 -0.51187E+03  0.00000E+00 -0.15498E+04  0.00000E+00  0.11376E-05  0.43556E+03  0.20520E+01  0.12949E-05    114  0.00000E+00      0.000
      41.8140 -0.10000E+01  0.00000E+00 -0.10000E+01  0.00000E+00 -0.14641E-02 -0.23140E+01  0.00000E+00 -0.23140E+01  0.00000E+00 -0.47578E-01 -0.46203E+03  0.00000E+00 -0.15500E+04  0.00000E+00  0.11376E-05  0.43583E+03  0.23140E+01  0.12949E-05    115  0.00000E+00      0.000
      42.0760 -0.10000E+01  0.00000E+00 -0.10000E+01  0.00000E+00 -0.14642E-02 -0.25760E+01  0.00000E+00 -0.25760E+01  0.00000E+00 -0.47961E-01 -0.42227E+03  0.00000E+00 -0.15503E+04  0.00000E+00  0.11376E-05  0.43609E+03  0.25760E+01  0.12949E-05    116  0.00000E+00      0.000
      42.3380 -0.10000E+01  0.00000E+00 -0.10000E+01  0.00000E+00 -0.14638E-02 -0.28380E+01  0.00000E+00 -0.28380E+01  0.00000E+00 -0.48345E-01 -0.38796E+03  0.00000E+00 -0.15505E+04  0.00000E+00  0.11376E-05  0.43635E+03  0.28380E+01  0.12949E-05    117  0.00000E+00      0.000
      42.6000 -0.10000E+01  0.00000E+00 -0.10000E+01  0.00000E+00 -0.14633E-02 -0.31000E+01  0.00000E+00 -0.31000E+01  0.00000E+00 -0.48728E-01 -0.35865E+03  0.00000E+00 -0.15508E+04  0.00000E+00  0.11376E-05  0.43661E+03  0.31000E+01  0.12949E-05    118  0.00000E+00      0.000
      42.9406 -0.10000E+01  0.00000E+00 -0.10000E+01  0.00000E+00 -0.14629E-02 -0.34406E+01  0.00000E+00 -0.34406E+01  0.00000E+00 -0.49226E-01 -0.33029E+03  0.00000E+00 -0.15511E+04  0.00000E+00  0.11376E-05  0.43695E+03  0.34406E+01  0.12949E-05    119  0.00000E+00      0.000
      43.2812 -0.10000E+01  0.00000E+00 -0.10000E+01  0.00000E+00 -0.14623E-02 -0.37812E+01  0.00000E+00 -0.37812E+01  0.00000E+00 -0.49725E-01 -0.30002E+03  0.00000E+00 -0.15514E+04  0.00000E+00  0.11376E-05  0.43729E+03  0.37812E+01  0.12949E-05    120  0.00000E+00      0.000
      43.7240 -0.10000E+01  0.00000E+00 -0.10000E+01  0.00000E+00 -0.14617E-02 -0.42240E+01  0.00000E+00 -0.42240E+01  0.00000E+00 -0.50372E-01 -0.27455E+03  0.00000E+00 -0.15517E+04  0.00000E+00  0.11376E-05  0.43773E+03  0.42240E+01  0.12949E-05    121  0.00000E+00      0.000
      44.1668 -0.10000E+01  0.00000E+00 -0.10000E+01  0.00000E+00 -0.14610E-02 -0.46668E+01  0.00000E+00 -0.46668E+01  0.00000E+00 -0.51019E-01 -0.25018E+03  0.00000E+00 -0.15521E+04  0.00000E+00  0.11376E-05  0.43818E+03  0.46668E+01  0.12949E-05    122  0.00000E+00      0.000
      44.6096 -0.10000E+01  0.00000E+00 -0.10000E+01  0.00000E+00 -0.14603E-02 -0.51096E+01  0.00000E+00 -0.51096E+01  0.00000E+00 -0.51665E-01 -0.22950E+03  0.00000E+00 -0.15525E+04  0.00000E+00  0.11376E-05  0.43862E+03  0.51096E+01  0.12949E-05    123  0.00000E+00      0.000
      45.0523 -0.10000E+01  0.00000E+00 -0.10000E+01  0.00000E+00 -0.14598E-02 -0.55523E+01  0.00000E+00 -0.55523E+01  0.00000E+00 -0.52312E-01 -0.21245E+03  0.00000E+00 -0.15529E+04  0.00000E+00  0.11376E-05  0.43906E+03  0.55523E+01  0.12949E-05    124  0.00000E+00      0.000
      45.4951 -0.10000E+01  0.00000E+00 -0.10000E+01  0.00000E+00 -0.14593E-02 -0.59951E+01  0.00000E+00 -0.59951E+01  0.00000E+00 -0.52958E-01 -0.19605E+03  0.00000E+00 -0.15533E+04  0.00000E+00  0.11376E-05  0.43950E+03  0.59951E+01  0.12949E-05    125  0.00000E+00      0.000
      45.9456 -0.10000E+01  0.00000E+00 -0.10000E+01  0.00000E+00 -0.14586E-02 -0.64456E+01  0.00000E+00 -0.64456E+01  0.00000E+00 -0.53615E-01 -0.18176E+03  0.00000E+00 -0.15537E+04  0.00000E+00  0.11376E-05  0.43995E+03  0.64456E+01  0.12949E-05    126  0.00000E+00      0.000
      46.3961 -0.10000E+01  0.00000E+00 -0.10000E+01  0.00000E+00 -0.14578E-02 -0.68961E+01  0.00000E+00 -0.68961E+01  0.00000E+00 -0.54272E-01 -0.16838E+03  0.00000E+00 -0.15540E+04  0.00000E+00  0.11376E-05  0.44040E+03  0.68961E+01  0.12949E-05    127  0.00000E+00      0.000
      46.9967 -0.10000E+01  0.00000E+00 -0.10000E+01  0.00000E+00 -0.14569E-02 -0.74967E+01  0.00000E+00 -0.74967E+01  0.00000E+00 -0.55147E-01 -0.15397E+03  0.00000E+00 -0.15545E+04  0.00000E+00  0.11376E-05  0.44100E+03  0.74967E+01  0.12949E-05    128  0.00000E+00      0.000
      47.5974 -0.10000E+01  0.00000E+00 -0.10000E+01  0.00000E+00 -0.14562E-02 -0.80974E+01  0.00000E+00 -0.80974E+01  0.00000E+00 -0.56021E-01 -0.14183E+03  0.00000E+00 -0.15550E+04  0.00000E+00  0.11376E-05  0.44160E+03  0.80974E+01  0.12949E-05    129  0.00000E+00      0.000
      48.1980 -0.10000E+01  0.00000E+00 -0.10000E+01  0.00000E+00 -0.14554E-02 -0.86980E+01  0.00000E+00 -0.86980E+01  0.00000E+00 -0.56895E-01 -0.13062E+03  0.00000E+00 -0.15555E+04  0.00000E+00  0.11376E-05  0.44220E+03  0.86980E+01  0.12949E-05    130  0.00000E+00      0.000
      48.7987 -0.10000E+01  0.00000E+00 -0.10000E+01  0.00000E+00 -0.14545E-02 -0.92987E+01  0.00000E+00 -0.92987E+01  0.00000E+00 -0.57769E-01 -0.12041E+03  0.00000E+00 -0.15560E+04  0.00000E+00  0.11376E-05  0.44280E+03  0.92987E+01  0.12949E-05    131  0.00000E+00      0.000
      49.3993 -0.10000E+01  0.00000E+00 -0.10000E+01  0.00000E+00 -0.14538E-02 -0.98993E+01  0.00000E+00 -0.98993E+01  0.00000E+00 -0.58642E-01 -0.11149E+03  0.00000E+00 -0.15565E+04  0.00000E+00  0.11376E-05  0.44340E+03  0.98993E+01  0.12949E-05    132  0.00000E+00      0.000
      50.0000 -0.10000E+01  0.00000E+00 -0.10000E+01  0.00000E+00 -0.14531E-02 -0.10500E+02  0.00000E+00 -0.10500E+02  0.00000E+00 -0.59515E-01 -0.10288E+03  0.00000E+00 -0.15570E+04  0.00000E+00  0.11376E-05  0.44400E+03  0.10500E+02  0.12949E-05    133  0.00000E+00      0.000
      50.5756  0.00000E+00  0.00000E+00  0.44703E-07  0.00000E+00 -0.14521E-02 -0.10500E+02  0.00000E+00 -0.10500E+02  0.00000E+00 -0.60351E-01 -0.19878E+03  0.00000E+00 -0.15574E+04  0.00000E+00  0.11376E-05  0.44400E+03  0.10500E+02  0.13207E-05    134  0.00000E+00      0.000
      51.1512  0.00000E+00  0.00000E+00  0.21607E-06  0.00000E+00 -0.14514E-02 -0.10500E+02  0.00000E+00 -0.10500E+02  0.00000E+00 -0.61186E-01 -0.25175E+03  0.00000E+00 -0.15579E+04  0.00000E+00  0.11376E-05  0.44400E+03  0.10500E+02  0.14450E-05    135  0.00000E+00      0.000
      51.7268  0.00000E+00  0.00000E+00 -0.44703E-07  0.00000E+00 -0.14506E-02 -0.10500E+02  0.00000E+00 -0.10500E+02  0.00000E+00 -0.62021E-01 -0.29090E+03  0.00000E+00 -0.15583E+04  0.00000E+00  0.11376E-05  0.44400E+03  0.10500E+02  0.14450E-05    136  0.00000E+00      0.000
      52.4751  0.00000E+00  0.00000E+00 -0.20117E-06  0.00000E+00 -0.14498E-02 -0.10500E+02  0.00000E+00 -0.10500E+02  0.00000E+00 -0.63106E-01 -0.33243E+03  0.00000E+00 -0.15589E+04  0.00000E+00  0.11376E-05  0.44400E+03  0.10500E+02  0.14450E-05    137  0.00000E+00      0.000
      53.2276  0.00000E+00  0.00000E+00 -0.10431E-06  0.00000E+00 -0.14489E-02 -0.10500E+02  0.00000E+00 -0.10500E+02  0.00000E+00 -0.64197E-01 -0.36621E+03  0.00000E+00 -0.15595E+04  0.00000E+00  0.11376E-05  0.44400E+03  0.10500E+02  0.14450E-05    138  0.00000E+00      0.000
      54.1951  0.00000E+00  0.00000E+00 -0.59605E-07  0.00000E+00 -0.14477E-02 -0.10500E+02  0.00000E+00 -0.10500E+02  0.00000E+00 -0.65597E-01 -0.40476E+03  0.00000E+00 -0.15602E+04  0.00000E+00  0.11376E-05  0.44399E+03  0.10500E+02  0.14450E-05    139  0.00000E+00      0.000
      55.3561  0.00000E+00  0.00000E+00  0.10245E-06  0.00000E+00 -0.14461E-02 -0.10500E+02  0.00000E+00 -0.10500E+02  0.00000E+00 -0.67276E-01 -0.44351E+03  0.00000E+00 -0.15611E+04  0.00000E+00  0.11376E-05  0.44399E+03  0.10500E+02  0.15640E-05    140  0.00000E+00      0.000
      56.9041  0.00000E+00  0.00000E+00 -0.89407E-07  0.00000E+00 -0.14443E-02 -0.10500E+02  0.00000E+00 -0.10500E+02  0.00000E+00 -0.69512E-01 -0.48733E+03  0.00000E+00 -0.15622E+04  0.00000E+00  0.11376E-05  0.44399E+03  0.10500E+02  0.15640E-05    141  0.00000E+00      0.000
      60.0000  0.00000E+00  0.00000E+00  0.18626E-08  0.00000E+00 -0.14407E-02 -0.10500E+02  0.00000E+00 -0.10500E+02  0.00000E+00 -0.73972E-01 -0.55800E+03  0.00000E+00 -0.15644E+04  0.00000E+00  0.11376E-05  0.44399E+03  0.10500E+02  0.15697E-05    142  0.00000E+00      0.000
      62.0000  0.00000E+00  0.00000E+00 -0.16764E-07  0.00000E+00 -0.14384E-02 -0.10500E+02  0.00000E+00 -0.10500E+02  0.00000E+00 -0.76849E-01 -0.59644E+03  0.00000E+00 -0.15658E+04  0.00000E+00  0.11376E-05  0.44398E+03  0.10500E+02  0.15697E-05    143  0.00000E+00      0.000
      64.6667  0.00000E+00  0.00000E+00  0.52154E-07  0.00000E+00 -0.14353E-02 -0.10500E+02  0.00000E+00 -0.10500E+02  0.00000E+00 -0.80676E-01 -0.64589E+03  0.00000E+00 -0.15676E+04  0.00000E+00  0.11376E-05  0.44398E+03  0.10500E+02  0.17088E-05    144  0.00000E+00      0.000
      70.0000  0.00000E+00  0.00000E+00 -0.46566E-08  0.00000E+00 -0.14296E-02 -0.10500E+02  0.00000E+00 -0.10500E+02  0.00000E+00 -0.88301E-01 -0.71997E+03  0.00000E+00 -0.15711E+04  0.00000E+00  0.11376E-05  0.44397E+03  0.10500E+02  0.17088E-05    145  0.00000E+00      0.000
      73.3333  0.00000E+00  0.00000E+00  0.53085E-07  0.00000E+00 -0.14262E-02 -0.10500E+02  0.00000E+00 -0.10500E+02  0.00000E+00 -0.93055E-01 -0.76071E+03  0.00000E+00 -0.15732E+04  0.00000E+00  0.11376E-05  0.44397E+03  0.10500E+02  0.18858E-05    146  0.00000E+00      0.000
      80.0000  0.00000E+00  0.00000E+00 -0.25146E-07  0.00000E+00 -0.14196E-02 -0.10500E+02  0.00000E+00 -0.10500E+02  0.00000E+00 -0.10252E+00 -0.83535E+03  0.00000E+00 -0.15771E+04  0.00000E+00  0.11376E-05  0.44396E+03  0.10500E+02  0.18858E-05    147  0.00000E+00      0.000
      85.0000  0.00000E+00  0.00000E+00  0.21420E-07  0.00000E+00 -0.14148E-02 -0.10500E+02  0.00000E+00 -0.10500E+02  0.00000E+00 -0.10959E+00 -0.88158E+03  0.00000E+00 -0.15800E+04  0.00000E+00  0.11376E-05  0.44395E+03  0.10500E+02  0.19929E-05    148  0.00000E+00      0.000
      90.0000  0.00000E+00  0.00000E+00  0.16298E-07  0.00000E+00 -0.14102E-02 -0.10500E+02  0.00000E+00 -0.10500E+02  0.00000E+00 -0.11664E+00 -0.92295E+03  0.00000E+00 -0.15828E+04  0.00000E+00  0.11376E-05  0.44394E+03  0.10500E+02  0.20744E-05    149  0.00000E+00      0.000
     100.0000  0.00000E+00  0.00000E+00  0.72177E-08  0.00000E+00 -0.14015E-02 -0.10500E+02  0.00000E+00 -0.10500E+02  0.00000E+00 -0.13066E+00 -0.99757E+03  0.00000E+00 -0.15880E+04  0.00000E+00  0.11376E-05  0.44393E+03  0.10500E+02  0.21465E-05    150  0.00000E+00      0.000
     110.0000  0.00000E+00  0.00000E+00  0.26543E-07  0.00000E+00 -0.13931E-02 -0.10500E+02  0.00000E+00 -0.10500E+02  0.00000E+00 -0.14459E+00 -0.10623E+04  0.00000E+00 -0.15930E+04  0.00000E+00  0.11376E-05  0.44391E+03  0.10500E+02  0.24120E-05    151  0.00000E+00      0.000
     120.0000  0.00000E+00  0.00000E+00 -0.25844E-07  0.00000E+00 -0.13853E-02 -0.10500E+02  0.00000E+00 -0.10500E+02  0.00000E+00 -0.15844E+00 -0.11172E+04  0.00000E+00 -0.15977E+04  0.00000E+00  0.11376E-05  0.44390E+03  0.10500E+02  0.24120E-05    152  0.00000E+00      0.000
     120.0001 -0.10000E-01  0.00000E+00 -0.11112E-01  0.00000E+00 -0.12697E-02 -0.10500E+02  0.00000E+00 -0.10500E+02  0.00000E+00 -0.15844E+00 -0.11183E+04  0.00000E+00 -0.15977E+04  0.11123E-02  0.12488E-05  0.44390E+03  0.10500E+02  0.24120E-05    153  0.00000E+00      0.000
     120.0002 -0.10000E-01  0.00000E+00 -0.90526E-02  0.00000E+00 -0.12697E-02 -0.10500E+02  0.00000E+00 -0.10500E+02  0.00000E+00 -0.15844E+00 -0.11180E+04  0.00000E+00 -0.15977E+04  0.94742E-03  0.13720E-05  0.44390E+03  0.10500E+02  0.24120E-05    154  0.00000E+00      0.000
     120.0004 -0.10000E-01  0.00000E+00 -0.10992E-01  0.00000E+00 -0.12697E-02 -0.10500E+02  0.00000E+00 -0.10500E+02  0.00000E+00 -0.15844E+00 -0.11182E+04  0.00000E+00 -0.15977E+04  0.99173E-03  0.15396E-05  0.44390E+03  0.10500E+02  0.24120E-05    155  0.00000E+00      0.000
     120.0006 -0.10000E-01  0.00000E+00 -0.10316E-01  0.00000E+00 -0.12696E-02 -0.10500E+02  0.00000E+00 -0.10500E+02  0.00000E+00 -0.15844E+00 -0.11181E+04  0.00000E+00 -0.15977E+04  0.31633E-03  0.16091E-05  0.44390E+03  0.10500E+02  0.24120E-05    156  0.00000E+00      0.000
     120.0009 -0.10000E-01  0.00000E+00 -0.94836E-02  0.00000E+00 -0.12696E-02 -0.10500E+02  0.00000E+00 -0.10500E+02  0.00000E+00 -0.15844E+00 -0.11182E+04  0.00000E+00 -0.15977E+04  0.51637E-03  0.17566E-05  0.44390E+03  0.10500E+02  0.24120E-05    157  0.00000E+00      0.000
     120.0013 -0.10000E-01  0.00000E+00 -0.10209E-01  0.00000E+00 -0.12696E-02 -0.10500E+02  0.00000E+00 -0.10500E+02  0.00000E+00 -0.15844E+00 -0.11182E+04  0.00000E+00 -0.15977E+04  0.20923E-03  0.18343E-05  0.44390E+03  0.10500E+02  0.24120E-05    158  0.00000E+00      0.000
     120.0018 -0.10000E-01  0.00000E+00 -0.10213E-01  0.00000E+00 -0.12696E-02 -0.10500E+02  0.00000E+00 -0.10500E+02  0.00000E+00 -0.15844E+00 -0.11182E+04  0.00000E+00 -0.15977E+04  0.21330E-03  0.19372E-05  0.44390E+03  0.10500E+02  0.24120E-05    159  0.00000E+00      0.000
     120.0024 -0.10000E-01  0.00000E+00 -0.97911E-02  0.00000E+00 -0.15071E-02 -0.10500E+02  0.00000E+00 -0.10500E+02  0.00000E+00 -0.15845E+00 -0.11181E+04  0.00000E+00 -0.15977E+04  0.20892E-03  0.20683E-05  0.44390E+03  0.10500E+02  0.24120E-05    160  0.00000E+00      0.000
     120.0032 -0.10000E-01  0.00000E+00 -0.98709E-02  0.00000E+00 -0.14523E-02 -0.10500E+02  0.00000E+00 -0.10500E+02  0.00000E+00 -0.15845E+00 -0.11181E+04  0.00000E+00 -0.15977E+04  0.12910E-03  0.21736E-05  0.44390E+03  0.10500E+02  0.24120E-05    161  0.00000E+00      0.000
     120.0043 -0.10000E-01  0.00000E+00 -0.10077E-01  0.00000E+00 -0.14102E-02 -0.10500E+02  0.00000E+00 -0.10500E+02  0.00000E+00 -0.15845E+00 -0.11181E+04  0.00000E+00 -0.15977E+04  0.76568E-04  0.22548E-05  0.44390E+03  0.10500E+02  0.24120E-05    162  0.00000E+00      0.000
     120.0056 -0.10000E-01  0.00000E+00 -0.10002E-01  0.00000E+00 -0.13777E-02 -0.10500E+02  0.00000E+00 -0.10500E+02  0.00000E+00 -0.15845E+00 -0.11181E+04  0.00000E+00 -0.15977E+04  0.00000E+00  0.22548E-05  0.44390E+03  0.10500E+02  0.24120E-05    163  0.00000E+00      0.000
     120.0074 -0.10000E-01  0.00000E+00 -0.10050E-01  0.00000E+00 -0.13528E-02 -0.10500E+02  0.00000E+00 -0.10500E+02  0.00000E+00 -0.15845E+00 -0.11180E+04  0.00000E+00 -0.15977E+04  0.50012E-04  0.23444E-05  0.44390E+03  0.10500E+02  0.24120E-05    164  0.00000E+00      0.000
     120.0098 -0.10000E-01  0.00000E+00 -0.10057E-01  0.00000E+00 -0.13976E-02 -0.10500E+02  0.00000E+00 -0.10500E+02  0.00000E+00 -0.15846E+00 -0.11180E+04  0.00000E+00 -0.15977E+04  0.56650E-04  0.24764E-05  0.44390E+03  0.10500E+02  0.24120E-05    165  0.00000E+00      0.000
     120.0128 -0.10000E-01  0.00000E+00 -0.99542E-02  0.00000E+00 -0.13680E-02 -0.10500E+02  0.00000E+00 -0.10500E+02  0.00000E+00 -0.15846E+00 -0.11179E+04  0.00000E+00 -0.15977E+04  0.45838E-04  0.26153E-05  0.44390E+03  0.10500E+02  0.24120E-05    166  0.00000E+00      0.000
     120.0167 -0.10000E-01  0.00000E+00 -0.10032E-01  0.00000E+00 -0.13831E-02 -0.10500E+02  0.00000E+00 -0.10500E+02  0.00000E+00 -0.15847E+00 -0.11179E+04  0.00000E+00 -0.15977E+04  0.31833E-04  0.27406E-05  0.44390E+03  0.10500E+02  0.24120E-05    167  0.00000E+00      0.000
     120.0218 -0.10000E-01  0.00000E+00 -0.99812E-02  0.00000E+00 -0.13861E-02 -0.10500E+02  0.00000E+00 -0.10500E+02  0.00000E+00 -0.15847E+00 -0.11178E+04  0.00000E+00 -0.15977E+04  0.18837E-04  0.28370E-05  0.44390E+03  0.10500E+02  0.24120E-05    168  0.00000E+00      0.000
     120.0285 -0.10000E-01  0.00000E+00 -0.10022E-01  0.00000E+00 -0.13816E-02 -0.10500E+02  0.00000E+00 -0.10500E+02  0.00000E+00 -0.15848E+00 -0.11176E+04  0.00000E+00 -0.15977E+04  0.21653E-04  0.29811E-05  0.44390E+03  0.10500E+02  0.24120E-05    169  0.00000E+00      0.000
     120.0372 -0.10000E-01  0.00000E+00 -0.99883E-02  0.00000E+00 -0.13902E-02 -0.10500E+02  0.00000E+00 -0.10500E+02  0.00000E+00 -0.15849E+00 -0.11175E+04  0.00000E+00 -0.15977E+04  0.11686E-04  0.30822E-05  0.44390E+03  0.10500E+02  0.24120E-05    170  0.00000E+00      0.000
     120.0484 -0.10000E-01  0.00000E+00 -0.10014E-01  0.00000E+00 -0.13889E-02 -0.10500E+02  0.00000E+00 -0.10500E+02  0.00000E+00 -0.15851E+00 -0.11173E+04  0.00000E+00 -0.15977E+04  0.13752E-04  0.32368E-05  0.44390E+03  0.10500E+02  0.24120E-05    171  0.00000E+00      0.000
     120.0630 -0.10000E-01  0.00000E+00 -0.10000E-01  0.00000E+00 -0.13817E-02 -0.10501E+02  0.00000E+00 -0.10501E+02  0.00000E+00 -0.15853E+00 -0.11170E+04  0.00000E+00 -0.15977E+04  0.00000E+00  0.32368E-05  0.44390E+03  0.10501E+02  0.24120E-05    172  0.00000E+00      0.000
     120.0820 -0.10000E-01  0.00000E+00 -0.10009E-01  0.00000E+00 -0.13872E-02 -0.10501E+02  0.00000E+00 -0.10501E+02  0.00000E+00 -0.15856E+00 -0.11167E+04  0.00000E+00 -0.15978E+04  0.00000E+00  0.32368E-05  0.44390E+03  0.10501E+02  0.24120E-05    173  0.00000E+00      0.000
     120.1067 -0.10000E-01  0.00000E+00 -0.10006E-01  0.00000E+00 -0.13842E-02 -0.10501E+02  0.00000E+00 -0.10501E+02  0.00000E+00 -0.15859E+00 -0.11162E+04  0.00000E+00 -0.15978E+04  0.00000E+00  0.32368E-05  0.44390E+03  0.10501E+02  0.24120E-05    174  0.00000E+00      0.000
     120.1388 -0.10000E-01  0.00000E+00 -0.10003E-01  0.00000E+00 -0.13855E-02 -0.10501E+02  0.00000E+00 -0.10501E+02  0.00000E+00 -0.15863E+00 -0.11157E+04  0.00000E+00 -0.15978E+04  0.00000E+00  0.32368E-05  0.44390E+03  0.10501E+02  0.24120E-05    175  0.00000E+00      0.000
     120.1806 -0.10000E-01  0.00000E+00 -0.10003E-01  0.00000E+00 -0.13837E-02 -0.10502E+02  0.00000E+00 -0.10502E+02  0.00000E+00 -0.15869E+00 -0.11150E+04  0.00000E+00 -0.15978E+04  0.00000E+00  0.32368E-05  0.44390E+03  0.10502E+02  0.24120E-05    176  0.00000E+00      0.000
     120.2349 -0.10000E-01  0.00000E+00 -0.99997E-02  0.00000E+00 -0.13848E-02 -0.10502E+02  0.00000E+00 -0.10502E+02  0.00000E+00 -0.15877E+00 -0.11142E+04  0.00000E+00 -0.15978E+04  0.00000E+00  0.32368E-05  0.44390E+03  0.10502E+02  0.24120E-05    177  0.00000E+00      0.000
     120.3054 -0.10000E-01  0.00000E+00 -0.99984E-02  0.00000E+00 -0.13855E-02 -0.10503E+02  0.00000E+00 -0.10503E+02  0.00000E+00 -0.15887E+00 -0.11131E+04  0.00000E+00 -0.15979E+04  0.00000E+00  0.32368E-05  0.44390E+03  0.10503E+02  0.24120E-05    178  0.00000E+00      0.000
     120.3972 -0.10000E-01  0.00000E+00 -0.10001E-01  0.00000E+00 -0.13848E-02 -0.10504E+02  0.00000E+00 -0.10504E+02  0.00000E+00 -0.15899E+00 -0.11119E+04  0.00000E+00 -0.15979E+04  0.00000E+00  0.32368E-05  0.44390E+03  0.10504E+02  0.24120E-05    179  0.00000E+00      0.000
     120.5164 -0.10000E-01  0.00000E+00 -0.99999E-02  0.00000E+00 -0.13844E-02 -0.10505E+02  0.00000E+00 -0.10505E+02  0.00000E+00 -0.15916E+00 -0.11105E+04  0.00000E+00 -0.15980E+04  0.00000E+00  0.32368E-05  0.44391E+03  0.10505E+02  0.24120E-05    180  0.00000E+00      0.000
     120.6715 -0.10000E-01  0.00000E+00 -0.99996E-02  0.00000E+00 -0.13848E-02 -0.10507E+02  0.00000E+00 -0.10507E+02  0.00000E+00 -0.15937E+00 -0.11090E+04  0.00000E+00 -0.15980E+04  0.00000E+00  0.32368E-05  0.44391E+03  0.10507E+02  0.24120E-05    181  0.00000E+00      0.000
     120.8730 -0.10000E-01  0.00000E+00 -0.99995E-02  0.00000E+00 -0.13848E-02 -0.10509E+02  0.00000E+00 -0.10509E+02  0.00000E+00 -0.15965E+00 -0.11072E+04  0.00000E+00 -0.15981E+04  0.00000E+00  0.32368E-05  0.44391E+03  0.10509E+02  0.24120E-05    182  0.00000E+00      0.000
     121.1350 -0.10000E-01  0.00000E+00 -0.99999E-02  0.00000E+00 -0.13844E-02 -0.10511E+02  0.00000E+00 -0.10511E+02  0.00000E+00 -0.16001E+00 -0.11054E+04  0.00000E+00 -0.15983E+04  0.00000E+00  0.32368E-05  0.44391E+03  0.10511E+02  0.24120E-05    183  0.00000E+00      0.000
     121.4756 -0.10000E-01  0.00000E+00 -0.10000E-01  0.00000E+00 -0.13844E-02 -0.10515E+02  0.00000E+00 -0.10515E+02  0.00000E+00 -0.16049E+00 -0.11036E+04  0.00000E+00 -0.15984E+04  0.00000E+00  0.32368E-05  0.44391E+03  0.10515E+02  0.24120E-05    184  0.00000E+00      0.000
     121.9184 -0.10000E-01  0.00000E+00 -0.99998E-02  0.00000E+00 -0.13838E-02 -0.10519E+02  0.00000E+00 -0.10519E+02  0.00000E+00 -0.16110E+00 -0.11019E+04  0.00000E+00 -0.15986E+04  0.00000E+00  0.32368E-05  0.44392E+03  0.10519E+02  0.24120E-05    185  0.00000E+00      0.000
     122.4940 -0.10000E-01  0.00000E+00 -0.99999E-02  0.00000E+00 -0.13833E-02 -0.10525E+02  0.00000E+00 -0.10525E+02  0.00000E+00 -0.16189E+00 -0.11004E+04  0.00000E+00 -0.15989E+04  0.00000E+00  0.32368E-05  0.44392E+03  0.10525E+02  0.24120E-05    186  0.00000E+00      0.000
     123.2446 -0.10000E-01  0.00000E+00 -0.10000E-01  0.00000E+00 -0.13828E-02 -0.10532E+02  0.00000E+00 -0.10532E+02  0.00000E+00 -0.16293E+00 -0.10992E+04  0.00000E+00 -0.15992E+04  0.00000E+00  0.32368E-05  0.44393E+03  0.10532E+02  0.24120E-05    187  0.00000E+00      0.000
     124.2096 -0.10000E-01  0.00000E+00 -0.10000E-01  0.00000E+00 -0.13821E-02 -0.10542E+02  0.00000E+00 -0.10542E+02  0.00000E+00 -0.16427E+00 -0.10985E+04  0.00000E+00 -0.15997E+04  0.00000E+00  0.32368E-05  0.44394E+03  0.10542E+02  0.24120E-05    188  0.00000E+00      0.000
     125.3677 -0.10000E-01  0.00000E+00 -0.10000E-01  0.00000E+00 -0.13811E-02 -0.10554E+02  0.00000E+00 -0.10554E+02  0.00000E+00 -0.16587E+00 -0.10985E+04  0.00000E+00 -0.16002E+04  0.00000E+00  0.32368E-05  0.44395E+03  0.10554E+02  0.24120E-05    189  0.00000E+00      0.000
     126.9118 -0.10000E-01  0.00000E+00 -0.10000E-01  0.00000E+00 -0.13800E-02 -0.10569E+02  0.00000E+00 -0.10569E+02  0.00000E+00 -0.16800E+00 -0.10992E+04  0.00000E+00 -0.16009E+04  0.00000E+00  0.32368E-05  0.44396E+03  0.10569E+02  0.24120E-05    190  0.00000E+00      0.000
     130.0000 -0.10000E-01  0.00000E+00 -0.10000E-01  0.00000E+00 -0.13777E-02 -0.10600E+02  0.00000E+00 -0.10600E+02  0.00000E+00 -0.17225E+00 -0.11023E+04  0.00000E+00 -0.16023E+04  0.00000E+00  0.32368E-05  0.44399E+03  0.10600E+02  0.24120E-05    191  0.00000E+00      0.000
     132.5000  0.00000E+00  0.00000E+00 -0.29337E-07  0.00000E+00 -0.13758E-02 -0.10600E+02  0.00000E+00 -0.10600E+02  0.00000E+00 -0.17569E+00 -0.11342E+04  0.00000E+00 -0.16034E+04  0.00000E+00  0.32368E-05  0.44398E+03  0.10600E+02  0.24120E-05    192  0.00000E+00      0.000
     136.2500  0.00000E+00  0.00000E+00  0.60536E-08  0.00000E+00 -0.13731E-02 -0.10600E+02  0.00000E+00 -0.10600E+02  0.00000E+00 -0.18084E+00 -0.11582E+04  0.00000E+00 -0.16051E+04  0.00000E+00  0.32368E-05  0.44398E+03  0.10600E+02  0.24347E-05    193  0.00000E+00      0.000
     140.0000  0.00000E+00  0.00000E+00  0.14435E-07  0.00000E+00 -0.13704E-02 -0.10600E+02  0.00000E+00 -0.10600E+02  0.00000E+00 -0.18598E+00 -0.11813E+04  0.00000E+00 -0.16067E+04  0.00000E+00  0.32368E-05  0.44397E+03  0.10600E+02  0.24888E-05    194  0.00000E+00      0.000
     145.0000  0.00000E+00  0.00000E+00 -0.34925E-09  0.00000E+00 -0.13668E-02 -0.10600E+02  0.00000E+00 -0.10600E+02  0.00000E+00 -0.19281E+00 -0.12058E+04  0.00000E+00 -0.16088E+04  0.00000E+00  0.32368E-05  0.44397E+03  0.10600E+02  0.24888E-05    195  0.00000E+00      0.000
     150.0000  0.00000E+00  0.00000E+00  0.29337E-07  0.00000E+00 -0.13634E-02 -0.10600E+02  0.00000E+00 -0.10600E+02  0.00000E+00 -0.19963E+00 -0.12335E+04  0.00000E+00 -0.16109E+04  0.00000E+00  0.32368E-05  0.44396E+03  0.10600E+02  0.26355E-05    196  0.00000E+00      0.000
     155.0000  0.00000E+00  0.00000E+00  0.51223E-08  0.00000E+00 -0.13600E-02 -0.10600E+02  0.00000E+00 -0.10600E+02  0.00000E+00 -0.20643E+00 -0.12574E+04  0.00000E+00 -0.16129E+04  0.00000E+00  0.32368E-05  0.44395E+03  0.10600E+02  0.26611E-05    197  0.00000E+00      0.000
     160.0000  0.00000E+00  0.00000E+00 -0.37253E-08  0.00000E+00 -0.13567E-02 -0.10600E+02  0.00000E+00 -0.10600E+02  0.00000E+00 -0.21321E+00 -0.12799E+04  0.00000E+00 -0.16149E+04  0.00000E+00  0.32368E-05  0.44395E+03  0.10600E+02  0.26611E-05    198  0.00000E+00      0.000
end
