 ******* Program HYDRUS
 ******* 
 Welcome to HYDRUS-1D                                                    
 Date:  25. 9.    Time:  15:30:25
 Units: L = mm   , T = min  , M = mmol 

       Time          rTop        rRoot        vTop         vRoot        vBot       sum(rTop)   sum(rRoot)    sum(vTop)   sum(vRoot)    sum(vBot)      hTop         hRoot        hBot        RunOff    sum(RunOff)     Volume     sum(Infil)    sum(Evap) TLevel Cum(WTrans)  SnowLayer
        [T]         [L/T]        [L/T]        [L/T]        [L/T]        [L/T]         [L]          [L]          [L]         [L]           [L]         [L]           [L]         [L]          [L/T]         [L]          [L]          [L]          [L]

      10.0001 -0.50000E-01  0.00000E+00 -0.50691E-01  0.00000E+00  0.24224E-04 -0.50000E-05  0.00000E+00 -0.50691E-05  0.00000E+00  0.24224E-08 -0.43653E+04  0.00000E+00 -0.14781E+04  0.69137E-03  0.69137E-07  0.42601E+03  0.50691E-05  0.00000E+00      1  0.00000E+00      0.000
      10.0002 -0.50000E-01  0.00000E+00 -0.49201E-01  0.00000E+00  0.24262E-04 -0.10000E-04  0.00000E+00 -0.99893E-05  0.00000E+00  0.48486E-08 -0.43653E+04  0.00000E+00 -0.14781E+04  0.79859E-03  0.14900E-06  0.42601E+03  0.99893E-05  0.00000E+00      2  0.00000E+00      0.000
      10.0003 -0.50000E-01  0.00000E+00 -0.50319E-01  0.00000E+00 -0.34821E-03 -0.16667E-04  0.00000E+00 -0.16699E-04  0.00000E+00 -0.41579E-07 -0.43652E+04  0.00000E+00 -0.14781E+04  0.31921E-03  0.19156E-06  0.42601E+03  0.16699E-04  0.00000E+00      3  0.00000E+00      0.000
      10.0005 -0.50000E-01  0.00000E+00 -0.50096E-01  0.00000E+00 -0.57172E-03 -0.25000E-04  0.00000E+00 -0.25048E-04  0.00000E+00 -0.13687E-06 -0.43651E+04  0.00000E+00 -0.14781E+04  0.95967E-04  0.20755E-06  0.42601E+03  0.25048E-04  0.00000E+00      4  0.00000E+00      0.000
      10.0008 -0.50000E-01  0.00000E+00 -0.50096E-01  0.00000E+00 -0.86967E-03 -0.37500E-04  0.00000E+00 -0.37572E-04  0.00000E+00 -0.35428E-06 -0.43649E+04  0.00000E+00 -0.14781E+04  0.96373E-04  0.23165E-06  0.42601E+03  0.37572E-04  0.00000E+00      5  0.00000E+00      0.000
      10.0010 -0.50000E-01  0.00000E+00 -0.50097E-01  0.00000E+00 -0.86967E-03 -0.50000E-04  0.00000E+00 -0.50096E-04  0.00000E+00 -0.57170E-06 -0.43648E+04  0.00000E+00 -0.14781E+04  0.96794E-04  0.25584E-06  0.42601E+03  0.50096E-04  0.00000E+00      6  0.00000E+00      0.000
      10.0011 -0.10000E+01  0.00000E+00 -0.99990E+00  0.00000E+00  0.24440E-04 -0.15000E-03  0.00000E+00 -0.15009E-03  0.00000E+00 -0.56926E-06 -0.43635E+04  0.00000E+00 -0.14781E+04  0.99599E-04  0.26580E-06  0.42601E+03  0.15009E-03  0.00000E+00      7  0.00000E+00      0.000
      10.0012 -0.10000E+01  0.00000E+00 -0.99956E+00  0.00000E+00 -0.31938E-03 -0.28000E-03  0.00000E+00 -0.28003E-03  0.00000E+00 -0.61077E-06 -0.43620E+04  0.00000E+00 -0.14781E+04  0.43947E-03  0.32293E-06  0.42601E+03  0.28003E-03  0.00000E+00      8  0.00000E+00      0.000
      10.0014 -0.10000E+01  0.00000E+00 -0.99992E+00  0.00000E+00 -0.58388E-03 -0.44900E-03  0.00000E+00 -0.44902E-03  0.00000E+00 -0.70945E-06 -0.43600E+04  0.00000E+00 -0.14781E+04  0.81062E-04  0.33663E-06  0.42601E+03  0.44902E-03  0.00000E+00      9  0.00000E+00      0.000
      10.0016 -0.10000E+01  0.00000E+00 -0.99979E+00  0.00000E+00 -0.78728E-03 -0.66870E-03  0.00000E+00 -0.66867E-03  0.00000E+00 -0.88242E-06 -0.43574E+04  0.00000E+00 -0.14781E+04  0.20951E-03  0.38266E-06  0.42601E+03  0.66867E-03  0.00000E+00     10  0.00000E+00      0.000
      10.0019 -0.10000E+01  0.00000E+00 -0.99970E+00  0.00000E+00 -0.94378E-03 -0.95431E-03  0.00000E+00 -0.95419E-03  0.00000E+00 -0.11520E-05 -0.43539E+04  0.00000E+00 -0.14781E+04  0.30434E-03  0.46959E-06  0.42601E+03  0.95419E-03  0.00000E+00     11  0.00000E+00      0.000
      10.0023 -0.10000E+01  0.00000E+00 -0.99979E+00  0.00000E+00 -0.66279E-03 -0.13256E-02  0.00000E+00 -0.13254E-02  0.00000E+00 -0.13981E-05 -0.43494E+04  0.00000E+00 -0.14781E+04  0.21178E-03  0.54822E-06  0.42601E+03  0.13254E-02  0.00000E+00     12  0.00000E+00      0.000
      10.0028 -0.10000E+01  0.00000E+00 -0.10000E+01  0.00000E+00 -0.84792E-03 -0.18083E-02  0.00000E+00 -0.18081E-02  0.00000E+00 -0.18073E-05 -0.43436E+04  0.00000E+00 -0.14781E+04  0.20504E-04  0.55811E-06  0.42601E+03  0.18081E-02  0.00000E+00     13  0.00000E+00      0.000
      10.0034 -0.10000E+01  0.00000E+00 -0.99988E+00  0.00000E+00 -0.75283E-03 -0.24358E-02  0.00000E+00 -0.24355E-02  0.00000E+00 -0.22797E-05 -0.43361E+04  0.00000E+00 -0.14781E+04  0.12475E-03  0.63639E-06  0.42602E+03  0.24355E-02  0.00000E+00     14  0.00000E+00      0.000
      10.0042 -0.10000E+01  0.00000E+00 -0.10001E+01  0.00000E+00 -0.73441E-03 -0.32515E-02  0.00000E+00 -0.32513E-02  0.00000E+00 -0.28788E-05 -0.43263E+04  0.00000E+00 -0.14781E+04  0.85354E-04  0.70602E-06  0.42602E+03  0.32513E-02  0.00000E+00     15  0.00000E+00      0.000
      10.0053 -0.10000E+01  0.00000E+00 -0.99995E+00  0.00000E+00 -0.76233E-03 -0.43119E-02  0.00000E+00 -0.43117E-02  0.00000E+00 -0.36872E-05 -0.43135E+04  0.00000E+00 -0.14781E+04  0.47445E-04  0.75633E-06  0.42602E+03  0.43117E-02  0.00000E+00     16  0.00000E+00      0.000
      10.0066 -0.10000E+01  0.00000E+00 -0.99995E+00  0.00000E+00 -0.81615E-03 -0.56905E-02  0.00000E+00 -0.56902E-02  0.00000E+00 -0.48124E-05 -0.42969E+04  0.00000E+00 -0.14781E+04  0.54598E-04  0.83160E-06  0.42602E+03  0.56902E-02  0.00000E+00     17  0.00000E+00      0.000
      10.0084 -0.10000E+01  0.00000E+00 -0.10000E+01  0.00000E+00 -0.79918E-03 -0.74827E-02  0.00000E+00 -0.74824E-02  0.00000E+00 -0.62446E-05 -0.42754E+04  0.00000E+00 -0.14781E+04  0.32067E-04  0.88907E-06  0.42602E+03  0.74824E-02  0.00000E+00     18  0.00000E+00      0.000
      10.0108 -0.10000E+01  0.00000E+00 -0.10000E+01  0.00000E+00 -0.76045E-03 -0.98125E-02  0.00000E+00 -0.98123E-02  0.00000E+00 -0.80163E-05 -0.42474E+04  0.00000E+00 -0.14781E+04  0.36478E-04  0.97406E-06  0.42602E+03  0.98123E-02  0.00000E+00     19  0.00000E+00      0.000
      10.0138 -0.10000E+01  0.00000E+00 -0.10000E+01  0.00000E+00 -0.77471E-03 -0.12841E-01  0.00000E+00 -0.12841E-01  0.00000E+00 -0.10363E-04 -0.42109E+04  0.00000E+00 -0.14781E+04  0.00000E+00  0.97406E-06  0.42603E+03  0.12841E-01  0.00000E+00     20  0.00000E+00      0.000
      10.0177 -0.10000E+01  0.00000E+00 -0.10000E+01  0.00000E+00 -0.78162E-03 -0.16779E-01  0.00000E+00 -0.16778E-01  0.00000E+00 -0.13440E-04 -0.41636E+04  0.00000E+00 -0.14781E+04  0.00000E+00  0.97406E-06  0.42603E+03  0.16778E-01  0.00000E+00     21  0.00000E+00      0.000
      10.0228 -0.10000E+01  0.00000E+00 -0.10000E+01  0.00000E+00 -0.79242E-03 -0.21897E-01  0.00000E+00 -0.21897E-01  0.00000E+00 -0.17496E-04 -0.41021E+04  0.00000E+00 -0.14781E+04  0.00000E+00  0.97406E-06  0.42603E+03  0.21897E-01  0.00000E+00     22  0.00000E+00      0.000
      10.0295 -0.10000E+01  0.00000E+00 -0.10000E+01  0.00000E+00 -0.78911E-03 -0.28551E-01  0.00000E+00 -0.28551E-01  0.00000E+00 -0.22747E-04 -0.40221E+04  0.00000E+00 -0.14781E+04  0.00000E+00  0.97406E-06  0.42604E+03  0.28551E-01  0.00000E+00     23  0.00000E+00      0.000
      10.0382 -0.10000E+01  0.00000E+00 -0.10000E+01  0.00000E+00 -0.78770E-03 -0.37202E-01  0.00000E+00 -0.37202E-01  0.00000E+00 -0.29561E-04 -0.39182E+04  0.00000E+00 -0.14781E+04  0.00000E+00  0.97406E-06  0.42605E+03  0.37202E-01  0.00000E+00     24  0.00000E+00      0.000
      10.0494 -0.10000E+01  0.00000E+00 -0.10000E+01  0.00000E+00 -0.78196E-03 -0.48447E-01  0.00000E+00 -0.48447E-01  0.00000E+00 -0.38355E-04 -0.38022E+04  0.00000E+00 -0.14780E+04  0.00000E+00  0.97406E-06  0.42606E+03  0.48447E-01  0.00000E+00     25  0.00000E+00      0.000
      10.0640 -0.10000E+01  0.00000E+00 -0.10000E+01  0.00000E+00 -0.78265E-03 -0.63066E-01  0.00000E+00 -0.63066E-01  0.00000E+00 -0.49796E-04 -0.36694E+04  0.00000E+00 -0.14780E+04  0.00000E+00  0.97406E-06  0.42608E+03  0.63066E-01  0.00000E+00     26  0.00000E+00      0.000
      10.0830 -0.10000E+01  0.00000E+00 -0.10000E+01  0.00000E+00 -0.78592E-03 -0.82071E-01  0.00000E+00 -0.82071E-01  0.00000E+00 -0.64733E-04 -0.34953E+04  0.00000E+00 -0.14780E+04  0.00000E+00  0.97406E-06  0.42609E+03  0.82071E-01  0.00000E+00     27  0.00000E+00      0.000
      10.1077 -0.10000E+01  0.00000E+00 -0.10000E+01  0.00000E+00 -0.78500E-03 -0.10678E+00  0.00000E+00 -0.10678E+00  0.00000E+00 -0.84127E-04 -0.32720E+04  0.00000E+00 -0.14779E+04  0.00000E+00  0.97406E-06  0.42612E+03  0.10678E+00  0.00000E+00     28  0.00000E+00      0.000
      10.1398 -0.10000E+01  0.00000E+00 -0.10000E+01  0.00000E+00 -0.78466E-03 -0.13890E+00  0.00000E+00 -0.13890E+00  0.00000E+00 -0.10933E-03 -0.30009E+04  0.00000E+00 -0.14778E+04  0.00000E+00  0.97406E-06  0.42615E+03  0.13890E+00  0.00000E+00     29  0.00000E+00      0.000
      10.1816 -0.10000E+01  0.00000E+00 -0.10000E+01  0.00000E+00 -0.78397E-03 -0.18065E+00  0.00000E+00 -0.18065E+00  0.00000E+00 -0.14206E-03 -0.27194E+04  0.00000E+00 -0.14778E+04  0.00000E+00  0.97406E-06  0.42619E+03  0.18065E+00  0.00000E+00     30  0.00000E+00      0.000
      10.2359 -0.10000E+01  0.00000E+00 -0.10000E+01  0.00000E+00 -0.78371E-03 -0.23493E+00  0.00000E+00 -0.23493E+00  0.00000E+00 -0.18460E-03 -0.23631E+04  0.00000E+00 -0.14776E+04  0.00000E+00  0.97406E-06  0.42625E+03  0.23493E+00  0.00000E+00     31  0.00000E+00      0.000
      10.3064 -0.10000E+01  0.00000E+00 -0.10000E+01  0.00000E+00 -0.78500E-03 -0.30549E+00  0.00000E+00 -0.30549E+00  0.00000E+00 -0.24000E-03 -0.20014E+04  0.00000E+00 -0.14775E+04  0.00000E+00  0.97406E-06  0.42632E+03  0.30549E+00  0.00000E+00     32  0.00000E+00      0.000
      10.3982 -0.10000E+01  0.00000E+00 -0.10000E+01  0.00000E+00 -0.78499E-03 -0.39723E+00  0.00000E+00 -0.39723E+00  0.00000E+00 -0.31201E-03 -0.16274E+04  0.00000E+00 -0.14773E+04  0.00000E+00  0.97406E-06  0.42641E+03  0.39723E+00  0.00000E+00     33  0.00000E+00      0.000
      10.5174 -0.10000E+01  0.00000E+00 -0.10000E+01  0.00000E+00 -0.78448E-03 -0.51648E+00  0.00000E+00 -0.51648E+00  0.00000E+00 -0.40556E-03 -0.12597E+04  0.00000E+00 -0.14771E+04  0.00000E+00  0.97406E-06  0.42653E+03  0.51648E+00  0.00000E+00     34  0.00000E+00      0.000
      10.6367 -0.10000E+01  0.00000E+00 -0.10000E+01  0.00000E+00 -0.78530E-03 -0.63573E+00  0.00000E+00 -0.63573E+00  0.00000E+00 -0.49921E-03 -0.10130E+04  0.00000E+00 -0.14769E+04  0.00000E+00  0.97406E-06  0.42665E+03  0.63573E+00  0.00000E+00     35  0.00000E+00      0.000
      10.7917 -0.10000E+01  0.00000E+00 -0.10000E+01  0.00000E+00 -0.78553E-03 -0.79076E+00  0.00000E+00 -0.79076E+00  0.00000E+00 -0.62099E-03 -0.77301E+03  0.00000E+00 -0.14766E+04  0.00000E+00  0.97406E-06  0.42680E+03  0.79076E+00  0.00000E+00     36  0.00000E+00      0.000
      10.9467 -0.10000E+01  0.00000E+00 -0.10000E+01  0.00000E+00 -0.78569E-03 -0.94579E+00  0.00000E+00 -0.94579E+00  0.00000E+00 -0.74279E-03 -0.62929E+03  0.00000E+00 -0.14763E+04  0.00000E+00  0.97406E-06  0.42696E+03  0.94579E+00  0.00000E+00     37  0.00000E+00      0.000
      11.1018 -0.10000E+01  0.00000E+00 -0.10000E+01  0.00000E+00 -0.78575E-03 -0.11008E+01  0.00000E+00 -0.11008E+01  0.00000E+00 -0.86461E-03 -0.53464E+03  0.00000E+00 -0.14760E+04  0.00000E+00  0.97406E-06  0.42711E+03  0.11008E+01  0.00000E+00     38  0.00000E+00      0.000
      11.2568 -0.10000E+01  0.00000E+00 -0.10000E+01  0.00000E+00 -0.78581E-03 -0.12559E+01  0.00000E+00 -0.12558E+01  0.00000E+00 -0.98643E-03 -0.46335E+03  0.00000E+00 -0.14758E+04  0.00000E+00  0.97406E-06  0.42727E+03  0.12558E+01  0.00000E+00     39  0.00000E+00      0.000
      11.4583 -0.10000E+01  0.00000E+00 -0.10000E+01  0.00000E+00 -0.78626E-03 -0.14574E+01  0.00000E+00 -0.14574E+01  0.00000E+00 -0.11449E-02 -0.39960E+03  0.00000E+00 -0.14755E+04  0.00000E+00  0.97406E-06  0.42747E+03  0.14574E+01  0.00000E+00     40  0.00000E+00      0.000
      11.7203 -0.10000E+01  0.00000E+00 -0.10000E+01  0.00000E+00 -0.78686E-03 -0.17194E+01  0.00000E+00 -0.17194E+01  0.00000E+00 -0.13510E-02 -0.33966E+03  0.00000E+00 -0.14751E+04  0.00000E+00  0.97406E-06  0.42773E+03  0.17194E+01  0.00000E+00     41  0.00000E+00      0.000
      11.9823 -0.10000E+01  0.00000E+00 -0.10000E+01  0.00000E+00 -0.78685E-03 -0.19814E+01  0.00000E+00 -0.19814E+01  0.00000E+00 -0.15572E-02 -0.28798E+03  0.00000E+00 -0.14747E+04  0.00000E+00  0.97406E-06  0.42799E+03  0.19814E+01  0.00000E+00     42  0.00000E+00      0.000
      12.2443 -0.10000E+01  0.00000E+00 -0.10000E+01  0.00000E+00 -0.78735E-03 -0.22434E+01  0.00000E+00 -0.22434E+01  0.00000E+00 -0.17635E-02 -0.24733E+03  0.00000E+00 -0.14743E+04  0.00000E+00  0.97406E-06  0.42825E+03  0.22434E+01  0.00000E+00     43  0.00000E+00      0.000
      12.5063 -0.10000E+01  0.00000E+00 -0.10000E+01  0.00000E+00 -0.78784E-03 -0.25054E+01  0.00000E+00 -0.25054E+01  0.00000E+00 -0.19699E-02 -0.21343E+03  0.00000E+00 -0.14740E+04  0.00000E+00  0.97406E-06  0.42852E+03  0.25054E+01  0.00000E+00     44  0.00000E+00      0.000
      12.7683 -0.10000E+01  0.00000E+00 -0.10000E+01  0.00000E+00 -0.78799E-03 -0.27674E+01  0.00000E+00 -0.27674E+01  0.00000E+00 -0.21764E-02 -0.18339E+03  0.00000E+00 -0.14737E+04  0.00000E+00  0.97406E-06  0.42878E+03  0.27674E+01  0.00000E+00     45  0.00000E+00      0.000
      13.0303 -0.10000E+01  0.00000E+00 -0.10000E+01  0.00000E+00 -0.78891E-03 -0.30294E+01  0.00000E+00 -0.30294E+01  0.00000E+00 -0.23830E-02 -0.16066E+03  0.00000E+00 -0.14734E+04  0.00000E+00  0.97406E-06  0.42904E+03  0.30294E+01  0.00000E+00     46  0.00000E+00      0.000
      13.2923 -0.10000E+01  0.00000E+00 -0.10000E+01  0.00000E+00 -0.78881E-03 -0.32914E+01  0.00000E+00 -0.32914E+01  0.00000E+00 -0.25897E-02 -0.14078E+03  0.00000E+00 -0.14730E+04  0.00000E+00  0.97406E-06  0.42930E+03  0.32914E+01  0.00000E+00     47  0.00000E+00      0.000
      13.5543 -0.10000E+01  0.00000E+00 -0.10000E+01  0.00000E+00 -0.78924E-03 -0.35534E+01  0.00000E+00 -0.35534E+01  0.00000E+00 -0.27965E-02 -0.12380E+03  0.00000E+00 -0.14728E+04  0.00000E+00  0.97406E-06  0.42956E+03  0.35534E+01  0.00000E+00     48  0.00000E+00      0.000
      13.8163 -0.10000E+01  0.00000E+00 -0.10000E+01  0.00000E+00 -0.78954E-03 -0.38154E+01  0.00000E+00 -0.38154E+01  0.00000E+00 -0.30034E-02 -0.10985E+03  0.00000E+00 -0.14725E+04  0.00000E+00  0.97406E-06  0.42983E+03  0.38154E+01  0.00000E+00     49  0.00000E+00      0.000
      14.0783 -0.10000E+01  0.00000E+00 -0.10000E+01  0.00000E+00 -0.79010E-03 -0.40774E+01  0.00000E+00 -0.40774E+01  0.00000E+00 -0.32104E-02 -0.96885E+02  0.00000E+00 -0.14722E+04  0.00000E+00  0.97406E-06  0.43009E+03  0.40774E+01  0.00000E+00     50  0.00000E+00      0.000
      14.4189 -0.10000E+01  0.00000E+00 -0.10000E+01  0.00000E+00 -0.79063E-03 -0.44180E+01  0.00000E+00 -0.44180E+01  0.00000E+00 -0.34796E-02 -0.83247E+02  0.00000E+00 -0.14719E+04  0.00000E+00  0.97406E-06  0.43043E+03  0.44180E+01  0.00000E+00     51  0.00000E+00      0.000
      14.7595 -0.10000E+01  0.00000E+00 -0.10000E+01  0.00000E+00 -0.79075E-03 -0.47586E+01  0.00000E+00 -0.47586E+01  0.00000E+00 -0.37490E-02 -0.71140E+02  0.00000E+00 -0.14715E+04  0.00000E+00  0.97406E-06  0.43077E+03  0.47586E+01  0.00000E+00     52  0.00000E+00      0.000
      15.1001 -0.10000E+01  0.00000E+00 -0.10000E+01  0.00000E+00 -0.79105E-03 -0.50992E+01  0.00000E+00 -0.50992E+01  0.00000E+00 -0.40184E-02 -0.60751E+02  0.00000E+00 -0.14712E+04  0.00000E+00  0.97406E-06  0.43111E+03  0.50992E+01  0.00000E+00     53  0.00000E+00      0.000
      15.4407 -0.10000E+01  0.00000E+00 -0.10000E+01  0.00000E+00 -0.79187E-03 -0.54398E+01  0.00000E+00 -0.54398E+01  0.00000E+00 -0.42881E-02 -0.51223E+02  0.00000E+00 -0.14709E+04  0.00000E+00  0.97406E-06  0.43145E+03  0.54398E+01  0.00000E+00     54  0.00000E+00      0.000
      15.7813 -0.10000E+01  0.00000E+00 -0.10000E+01  0.00000E+00 -0.79181E-03 -0.57804E+01  0.00000E+00 -0.57804E+01  0.00000E+00 -0.45578E-02 -0.42893E+02  0.00000E+00 -0.14706E+04  0.00000E+00  0.97406E-06  0.43179E+03  0.57804E+01  0.00000E+00     55  0.00000E+00      0.000
      16.1219 -0.10000E+01  0.00000E+00 -0.10000E+01  0.00000E+00 -0.79248E-03 -0.61210E+01  0.00000E+00 -0.61210E+01  0.00000E+00 -0.48277E-02 -0.35736E+02  0.00000E+00 -0.14703E+04  0.00000E+00  0.97406E-06  0.43213E+03  0.61210E+01  0.00000E+00     56  0.00000E+00      0.000
      16.4625 -0.10000E+01  0.00000E+00 -0.10000E+01  0.00000E+00 -0.79258E-03 -0.64616E+01  0.00000E+00 -0.64616E+01  0.00000E+00 -0.50977E-02 -0.29529E+02  0.00000E+00 -0.14701E+04  0.00000E+00  0.97406E-06  0.43247E+03  0.64616E+01  0.00000E+00     57  0.00000E+00      0.000
      16.8163 -0.10000E+01  0.00000E+00 -0.10000E+01  0.00000E+00 -0.79318E-03 -0.68153E+01  0.00000E+00 -0.68153E+01  0.00000E+00 -0.53783E-02 -0.23759E+02  0.00000E+00 -0.14698E+04  0.00000E+00  0.97406E-06  0.43282E+03  0.68153E+01  0.00000E+00     58  0.00000E+00      0.000
      17.1700 -0.10000E+01  0.00000E+00 -0.10000E+01  0.00000E+00 -0.79352E-03 -0.71691E+01  0.00000E+00 -0.71691E+01  0.00000E+00 -0.56590E-02 -0.18879E+02  0.00000E+00 -0.14695E+04  0.00000E+00  0.97406E-06  0.43318E+03  0.71691E+01  0.00000E+00     59  0.00000E+00      0.000
      17.5238 -0.10000E+01  0.00000E+00 -0.10000E+01  0.00000E+00 -0.79396E-03 -0.75228E+01  0.00000E+00 -0.75228E+01  0.00000E+00 -0.59398E-02 -0.14480E+02  0.00000E+00 -0.14693E+04  0.00000E+00  0.97406E-06  0.43353E+03  0.75228E+01  0.00000E+00     60  0.00000E+00      0.000
      17.8775 -0.10000E+01  0.00000E+00 -0.10000E+01  0.00000E+00 -0.79442E-03 -0.78766E+01  0.00000E+00 -0.78766E+01  0.00000E+00 -0.62209E-02 -0.11425E+02  0.00000E+00 -0.14690E+04  0.00000E+00  0.97406E-06  0.43388E+03  0.78766E+01  0.00000E+00     61  0.00000E+00      0.000
      18.2313 -0.10000E+01  0.00000E+00 -0.10000E+01  0.00000E+00 -0.79454E-03 -0.82303E+01  0.00000E+00 -0.82303E+01  0.00000E+00 -0.65019E-02 -0.87228E+01  0.00000E+00 -0.14688E+04  0.00000E+00  0.97406E-06  0.43424E+03  0.82303E+01  0.00000E+00     62  0.00000E+00      0.000
      18.5850 -0.10000E+01  0.00000E+00 -0.10000E+01  0.00000E+00 -0.79501E-03 -0.85841E+01  0.00000E+00 -0.85841E+01  0.00000E+00 -0.67832E-02 -0.72089E+01  0.00000E+00 -0.14685E+04  0.00000E+00  0.97406E-06  0.43459E+03  0.85841E+01  0.00000E+00     63  0.00000E+00      0.000
      18.6636 -0.10000E+01  0.00000E+00 -0.10000E+01  0.00000E+00 -0.79541E-03 -0.86627E+01  0.00000E+00 -0.86627E+01  0.00000E+00 -0.68457E-02 -0.58677E+01  0.00000E+00 -0.14685E+04  0.00000E+00  0.97406E-06  0.43467E+03  0.86627E+01  0.00000E+00     64  0.00000E+00      0.000
      18.7422 -0.10000E+01  0.00000E+00 -0.10000E+01  0.00000E+00 -0.79434E-03 -0.87413E+01  0.00000E+00 -0.87413E+01  0.00000E+00 -0.69081E-02 -0.44953E+01  0.00000E+00 -0.14684E+04  0.00000E+00  0.97406E-06  0.43475E+03  0.87413E+01  0.00000E+00     65  0.00000E+00      0.000
      18.8444 -0.10000E+01  0.00000E+00 -0.10000E+01  0.00000E+00 -0.79485E-03 -0.88435E+01  0.00000E+00 -0.88435E+01  0.00000E+00 -0.69894E-02 -0.23762E+01  0.00000E+00 -0.14684E+04  0.00000E+00  0.97406E-06  0.43485E+03  0.88435E+01  0.00000E+00     66  0.00000E+00      0.000
      18.8872 -0.10000E+01  0.00000E+00 -0.10000E+01  0.00000E+00 -0.79381E-03 -0.88863E+01  0.00000E+00 -0.88863E+01  0.00000E+00 -0.70233E-02 -0.24919E+01  0.00000E+00 -0.14683E+04  0.00000E+00  0.97406E-06  0.43489E+03  0.88863E+01  0.00000E+00     67  0.00000E+00      0.000
      18.9429 -0.10000E+01  0.00000E+00 -0.10000E+01  0.00000E+00 -0.79582E-03 -0.89419E+01  0.00000E+00 -0.89419E+01  0.00000E+00 -0.70676E-02 -0.24554E+01  0.00000E+00 -0.14683E+04  0.00000E+00  0.97406E-06  0.43495E+03  0.89419E+01  0.00000E+00     68  0.00000E+00      0.000
      19.0152 -0.10000E+01  0.00000E+00 -0.10000E+01  0.00000E+00 -0.79508E-03 -0.90142E+01  0.00000E+00 -0.90142E+01  0.00000E+00 -0.71251E-02 -0.23786E+01  0.00000E+00 -0.14683E+04  0.00000E+00  0.97406E-06  0.43502E+03  0.90142E+01  0.00000E+00     69  0.00000E+00      0.000
      19.1137 -0.10000E+01  0.00000E+00 -0.10000E+01  0.00000E+00 -0.79560E-03 -0.91127E+01  0.00000E+00 -0.91127E+01  0.00000E+00 -0.72035E-02 -0.22001E+01  0.00000E+00 -0.14682E+04  0.00000E+00  0.97406E-06  0.43512E+03  0.91127E+01  0.00000E+00     70  0.00000E+00      0.000
      19.2403 -0.10000E+01  0.00000E+00 -0.10000E+01  0.00000E+00 -0.79590E-03 -0.92393E+01  0.00000E+00 -0.92393E+01  0.00000E+00 -0.73042E-02 -0.24790E+01  0.00000E+00 -0.14681E+04  0.00000E+00  0.97406E-06  0.43524E+03  0.92393E+01  0.00000E+00     71  0.00000E+00      0.000
      19.2572 -0.10000E+01  0.00000E+00 -0.10000E+01  0.00000E+00 -0.79505E-03 -0.92562E+01  0.00000E+00 -0.92562E+01  0.00000E+00 -0.73177E-02 -0.23233E+01  0.00000E+00 -0.14681E+04  0.00000E+00  0.97406E-06  0.43526E+03  0.92562E+01  0.00000E+00     72  0.00000E+00      0.000
      19.2791 -0.10000E+01  0.00000E+00 -0.10000E+01  0.00000E+00 -0.79417E-03 -0.92782E+01  0.00000E+00 -0.92782E+01  0.00000E+00 -0.73351E-02 -0.21705E+01  0.00000E+00 -0.14681E+04  0.00000E+00  0.97406E-06  0.43528E+03  0.92782E+01  0.00000E+00     73  0.00000E+00      0.000
      19.3077 -0.10000E+01  0.00000E+00 -0.10000E+01  0.00000E+00 -0.79379E-03 -0.93067E+01  0.00000E+00 -0.93067E+01  0.00000E+00 -0.73577E-02 -0.23501E+01  0.00000E+00 -0.14681E+04  0.00000E+00  0.97406E-06  0.43531E+03  0.93067E+01  0.00000E+00     74  0.00000E+00      0.000
      19.3200 -0.10000E+01  0.00000E+00 -0.10000E+01  0.00000E+00 -0.79242E-03 -0.93191E+01  0.00000E+00 -0.93191E+01  0.00000E+00 -0.73675E-02 -0.20257E+01  0.00000E+00 -0.14681E+04  0.00000E+00  0.97406E-06  0.43532E+03  0.93191E+01  0.00000E+00     75  0.00000E+00      0.000
      19.3361 -0.10000E+01  0.00000E+00 -0.10000E+01  0.00000E+00 -0.79315E-03 -0.93351E+01  0.00000E+00 -0.93351E+01  0.00000E+00 -0.73803E-02 -0.15916E+01  0.00000E+00 -0.14680E+04  0.00000E+00  0.97406E-06  0.43534E+03  0.93351E+01  0.00000E+00     76  0.00000E+00      0.000
      19.3570 -0.10000E+01  0.00000E+00 -0.10000E+01  0.00000E+00 -0.79715E-03 -0.93560E+01  0.00000E+00 -0.93560E+01  0.00000E+00 -0.73969E-02 -0.81816E+00  0.00000E+00 -0.14680E+04  0.00000E+00  0.97406E-06  0.43536E+03  0.93560E+01  0.00000E+00     77  0.00000E+00      0.000
      19.3660 -0.10000E+01  0.00000E+00 -0.99999E+00  0.00000E+00 -0.79922E-03 -0.93651E+01  0.00000E+00 -0.93651E+01  0.00000E+00 -0.74042E-02 -0.82246E+00  0.00000E+00 -0.14680E+04  0.13351E-04  0.10949E-05  0.43537E+03  0.93651E+01  0.00000E+00     78  0.00000E+00      0.000
      19.3778 -0.10000E+01  0.00000E+00 -0.10000E+01  0.00000E+00 -0.79406E-03 -0.93769E+01  0.00000E+00 -0.93769E+01  0.00000E+00 -0.74135E-02 -0.73765E+00  0.00000E+00 -0.14680E+04  0.00000E+00  0.10949E-05  0.43538E+03  0.93769E+01  0.00000E+00     79  0.00000E+00      0.000
      19.3931 -0.10000E+01  0.00000E+00 -0.10000E+01  0.00000E+00 -0.79189E-03 -0.93922E+01  0.00000E+00 -0.93922E+01  0.00000E+00 -0.74256E-02 -0.26843E+00  0.00000E+00 -0.14680E+04  0.00000E+00  0.10949E-05  0.43540E+03  0.93922E+01  0.00000E+00     80  0.00000E+00      0.000
      19.3997 -0.10000E+01  0.00000E+00 -0.99998E+00  0.00000E+00 -0.79408E-03 -0.93988E+01  0.00000E+00 -0.93988E+01  0.00000E+00 -0.74309E-02 -0.12448E+00  0.00000E+00 -0.14680E+04  0.21815E-04  0.12396E-05  0.43540E+03  0.93988E+01  0.00000E+00     81  0.00000E+00      0.000
      19.4026 -0.10000E+01  0.00000E+00 -0.10000E+01  0.00000E+00 -0.78886E-03 -0.94017E+01  0.00000E+00 -0.94017E+01  0.00000E+00 -0.74332E-02 -0.11376E+00  0.00000E+00 -0.14680E+04  0.20623E-04  0.12989E-05  0.43541E+03  0.94017E+01  0.00000E+00     82  0.00000E+00      0.000
      19.4063 -0.10000E+01  0.00000E+00 -0.10000E+01  0.00000E+00 -0.79677E-03 -0.94054E+01  0.00000E+00 -0.94054E+01  0.00000E+00 -0.74361E-02 -0.19278E+00  0.00000E+00 -0.14680E+04  0.00000E+00  0.12989E-05  0.43541E+03  0.94054E+01  0.00000E+00     83  0.00000E+00      0.000
      19.4112 -0.10000E+01  0.00000E+00 -0.10000E+01  0.00000E+00 -0.78144E-03 -0.94103E+01  0.00000E+00 -0.94103E+01  0.00000E+00 -0.74399E-02 -0.18987E+00  0.00000E+00 -0.14680E+04  0.00000E+00  0.12989E-05  0.43542E+03  0.94103E+01  0.00000E+00     84  0.00000E+00      0.000
      19.4175 -0.10000E+01  0.00000E+00 -0.10000E+01  0.00000E+00 -0.80726E-03 -0.94166E+01  0.00000E+00 -0.94166E+01  0.00000E+00 -0.74450E-02 -0.99132E-01  0.00000E+00 -0.14680E+04  0.22173E-04  0.14388E-05  0.43542E+03  0.94166E+01  0.00000E+00     85  0.00000E+00      0.000
      19.4203 -0.10000E+01  0.00000E+00 -0.10000E+01  0.00000E+00 -0.77821E-03 -0.94193E+01  0.00000E+00 -0.94193E+01  0.00000E+00 -0.74472E-02  0.63288E-01  0.00000E+00 -0.14680E+04  0.14067E-04  0.14773E-05  0.43542E+03  0.94193E+01  0.00000E+00     86  0.00000E+00      0.000
      19.4238 -0.10000E+01  0.00000E+00 -0.10300E+01  0.00000E+00 -0.78655E-03 -0.94229E+01  0.00000E+00 -0.94230E+01  0.00000E+00 -0.74500E-02  0.00000E+00  0.00000E+00 -0.14680E+04  0.29966E-01  0.10804E-03  0.43543E+03  0.94230E+01  0.00000E+00     87  0.00000E+00      0.000
      19.4274 -0.10000E+01  0.00000E+00 -0.11528E+01  0.00000E+00 -0.78647E-03 -0.94264E+01  0.00000E+00 -0.94271E+01  0.00000E+00 -0.74528E-02  0.00000E+00  0.00000E+00 -0.14680E+04  0.15278E+00  0.65134E-03  0.43543E+03  0.94271E+01  0.00000E+00     88  0.00000E+00      0.000
      19.4309 -0.10000E+01  0.00000E+00 -0.11243E+01  0.00000E+00 -0.78643E-03 -0.94300E+01  0.00000E+00 -0.94311E+01  0.00000E+00 -0.74556E-02  0.00000E+00  0.00000E+00 -0.14680E+04  0.12433E+00  0.10935E-02  0.43544E+03  0.94311E+01  0.00000E+00     89  0.00000E+00      0.000
      19.4345 -0.10000E+01  0.00000E+00 -0.11258E+01  0.00000E+00 -0.78636E-03 -0.94335E+01  0.00000E+00 -0.94351E+01  0.00000E+00 -0.74584E-02  0.00000E+00  0.00000E+00 -0.14680E+04  0.12577E+00  0.15407E-02  0.43544E+03  0.94351E+01  0.00000E+00     90  0.00000E+00      0.000
      19.4380 -0.10000E+01  0.00000E+00 -0.11206E+01  0.00000E+00 -0.78628E-03 -0.94371E+01  0.00000E+00 -0.94390E+01  0.00000E+00 -0.74612E-02  0.00000E+00  0.00000E+00 -0.14680E+04  0.12056E+00  0.19694E-02  0.43544E+03  0.94390E+01  0.00000E+00     91  0.00000E+00      0.000
      19.4416 -0.10000E+01  0.00000E+00 -0.11171E+01  0.00000E+00 -0.78625E-03 -0.94406E+01  0.00000E+00 -0.94430E+01  0.00000E+00 -0.74639E-02  0.00000E+00  0.00000E+00 -0.14680E+04  0.11709E+00  0.23858E-02  0.43545E+03  0.94430E+01  0.00000E+00     92  0.00000E+00      0.000
      19.4451 -0.10000E+01  0.00000E+00 -0.11134E+01  0.00000E+00 -0.78618E-03 -0.94442E+01  0.00000E+00 -0.94470E+01  0.00000E+00 -0.74667E-02  0.00000E+00  0.00000E+00 -0.14680E+04  0.11339E+00  0.27890E-02  0.43545E+03  0.94470E+01  0.00000E+00     93  0.00000E+00      0.000
      19.4487 -0.10000E+01  0.00000E+00 -0.11100E+01  0.00000E+00 -0.78610E-03 -0.94478E+01  0.00000E+00 -0.94509E+01  0.00000E+00 -0.74695E-02  0.00000E+00  0.00000E+00 -0.14680E+04  0.10997E+00  0.31801E-02  0.43546E+03  0.94509E+01  0.00000E+00     94  0.00000E+00      0.000
      19.4523 -0.10000E+01  0.00000E+00 -0.11068E+01  0.00000E+00 -0.78603E-03 -0.94513E+01  0.00000E+00 -0.94549E+01  0.00000E+00 -0.74723E-02  0.00000E+00  0.00000E+00 -0.14680E+04  0.10683E+00  0.35600E-02  0.43546E+03  0.94549E+01  0.00000E+00     95  0.00000E+00      0.000
      19.4558 -0.10000E+01  0.00000E+00 -0.11038E+01  0.00000E+00 -0.78592E-03 -0.94549E+01  0.00000E+00 -0.94588E+01  0.00000E+00 -0.74751E-02  0.00000E+00  0.00000E+00 -0.14680E+04  0.10377E+00  0.39291E-02  0.43546E+03  0.94588E+01  0.00000E+00     96  0.00000E+00      0.000
      19.4594 -0.10000E+01  0.00000E+00 -0.11010E+01  0.00000E+00 -0.78589E-03 -0.94584E+01  0.00000E+00 -0.94627E+01  0.00000E+00 -0.74779E-02  0.00000E+00  0.00000E+00 -0.14680E+04  0.10097E+00  0.42881E-02  0.43547E+03  0.94627E+01  0.00000E+00     97  0.00000E+00      0.000
      19.4629 -0.10000E+01  0.00000E+00 -0.10982E+01  0.00000E+00 -0.78591E-03 -0.94620E+01  0.00000E+00 -0.94666E+01  0.00000E+00 -0.74807E-02  0.00000E+00  0.00000E+00 -0.14680E+04  0.98206E-01  0.46374E-02  0.43547E+03  0.94666E+01  0.00000E+00     98  0.00000E+00      0.000
      19.4665 -0.10000E+01  0.00000E+00 -0.10956E+01  0.00000E+00 -0.78584E-03 -0.94655E+01  0.00000E+00 -0.94705E+01  0.00000E+00 -0.74835E-02  0.00000E+00  0.00000E+00 -0.14680E+04  0.95631E-01  0.49774E-02  0.43548E+03  0.94705E+01  0.00000E+00     99  0.00000E+00      0.000
      19.4700 -0.10000E+01  0.00000E+00 -0.10928E+01  0.00000E+00 -0.78574E-03 -0.94691E+01  0.00000E+00 -0.94744E+01  0.00000E+00 -0.74863E-02  0.00000E+00  0.00000E+00 -0.14680E+04  0.92821E-01  0.53075E-02  0.43548E+03  0.94744E+01  0.00000E+00    100  0.00000E+00      0.000
      19.4736 -0.10000E+01  0.00000E+00 -0.10906E+01  0.00000E+00 -0.78569E-03 -0.94726E+01  0.00000E+00 -0.94783E+01  0.00000E+00 -0.74891E-02  0.00000E+00  0.00000E+00 -0.14680E+04  0.90639E-01  0.56298E-02  0.43548E+03  0.94783E+01  0.00000E+00    101  0.00000E+00      0.000
      19.4772 -0.10000E+01  0.00000E+00 -0.10885E+01  0.00000E+00 -0.78567E-03 -0.94762E+01  0.00000E+00 -0.94821E+01  0.00000E+00 -0.74919E-02  0.00000E+00  0.00000E+00 -0.14680E+04  0.88547E-01  0.59447E-02  0.43549E+03  0.94821E+01  0.00000E+00    102  0.00000E+00      0.000
      19.4807 -0.10000E+01  0.00000E+00 -0.10865E+01  0.00000E+00 -0.78558E-03 -0.94798E+01  0.00000E+00 -0.94860E+01  0.00000E+00 -0.74947E-02  0.00000E+00  0.00000E+00 -0.14679E+04  0.86483E-01  0.62523E-02  0.43549E+03  0.94860E+01  0.00000E+00    103  0.00000E+00      0.000
      19.4843 -0.10000E+01  0.00000E+00 -0.10845E+01  0.00000E+00 -0.78557E-03 -0.94833E+01  0.00000E+00 -0.94899E+01  0.00000E+00 -0.74975E-02  0.00000E+00  0.00000E+00 -0.14679E+04  0.84475E-01  0.65527E-02  0.43550E+03  0.94899E+01  0.00000E+00    104  0.00000E+00      0.000
      19.4878 -0.10000E+01  0.00000E+00 -0.10825E+01  0.00000E+00 -0.78549E-03 -0.94869E+01  0.00000E+00 -0.94937E+01  0.00000E+00 -0.75003E-02  0.00000E+00  0.00000E+00 -0.14679E+04  0.82523E-01  0.68461E-02  0.43550E+03  0.94937E+01  0.00000E+00    105  0.00000E+00      0.000
      19.4914 -0.10000E+01  0.00000E+00 -0.10806E+01  0.00000E+00 -0.78540E-03 -0.94904E+01  0.00000E+00 -0.94976E+01  0.00000E+00 -0.75031E-02  0.00000E+00  0.00000E+00 -0.14679E+04  0.80634E-01  0.71329E-02  0.43550E+03  0.94976E+01  0.00000E+00    106  0.00000E+00      0.000
      19.4949 -0.10000E+01  0.00000E+00 -0.10788E+01  0.00000E+00 -0.78532E-03 -0.94940E+01  0.00000E+00 -0.95014E+01  0.00000E+00 -0.75059E-02  0.00000E+00  0.00000E+00 -0.14679E+04  0.78813E-01  0.74132E-02  0.43551E+03  0.95014E+01  0.00000E+00    107  0.00000E+00      0.000
      19.4985 -0.10000E+01  0.00000E+00 -0.10771E+01  0.00000E+00 -0.78528E-03 -0.94975E+01  0.00000E+00 -0.95052E+01  0.00000E+00 -0.75087E-02  0.00000E+00  0.00000E+00 -0.14679E+04  0.77116E-01  0.76874E-02  0.43551E+03  0.95052E+01  0.00000E+00    108  0.00000E+00      0.000
      19.5020 -0.10000E+01  0.00000E+00 -0.10753E+01  0.00000E+00 -0.78524E-03 -0.95011E+01  0.00000E+00 -0.95090E+01  0.00000E+00 -0.75114E-02  0.00000E+00  0.00000E+00 -0.14679E+04  0.75258E-01  0.79550E-02  0.43551E+03  0.95090E+01  0.00000E+00    109  0.00000E+00      0.000
      19.5056 -0.10000E+01  0.00000E+00 -0.10739E+01  0.00000E+00 -0.78521E-03 -0.95047E+01  0.00000E+00 -0.95129E+01  0.00000E+00 -0.75142E-02  0.00000E+00  0.00000E+00 -0.14679E+04  0.73885E-01  0.82178E-02  0.43552E+03  0.95129E+01  0.00000E+00    110  0.00000E+00      0.000
      19.5092 -0.10000E+01  0.00000E+00 -0.10724E+01  0.00000E+00 -0.78514E-03 -0.95082E+01  0.00000E+00 -0.95167E+01  0.00000E+00 -0.75170E-02  0.00000E+00  0.00000E+00 -0.14679E+04  0.72435E-01  0.84754E-02  0.43552E+03  0.95167E+01  0.00000E+00    111  0.00000E+00      0.000
      19.5127 -0.10000E+01  0.00000E+00 -0.10709E+01  0.00000E+00 -0.78506E-03 -0.95118E+01  0.00000E+00 -0.95205E+01  0.00000E+00 -0.75198E-02  0.00000E+00  0.00000E+00 -0.14679E+04  0.70933E-01  0.87276E-02  0.43553E+03  0.95205E+01  0.00000E+00    112  0.00000E+00      0.000
      19.5163 -0.10000E+01  0.00000E+00 -0.10696E+01  0.00000E+00 -0.78499E-03 -0.95153E+01  0.00000E+00 -0.95243E+01  0.00000E+00 -0.75226E-02  0.00000E+00  0.00000E+00 -0.14679E+04  0.69615E-01  0.89752E-02  0.43553E+03  0.95243E+01  0.00000E+00    113  0.00000E+00      0.000
      19.5198 -0.10000E+01  0.00000E+00 -0.10683E+01  0.00000E+00 -0.78491E-03 -0.95189E+01  0.00000E+00 -0.95281E+01  0.00000E+00 -0.75254E-02  0.00000E+00  0.00000E+00 -0.14679E+04  0.68260E-01  0.92179E-02  0.43553E+03  0.95281E+01  0.00000E+00    114  0.00000E+00      0.000
      19.5234 -0.10000E+01  0.00000E+00 -0.10669E+01  0.00000E+00 -0.78488E-03 -0.95224E+01  0.00000E+00 -0.95319E+01  0.00000E+00 -0.75282E-02  0.00000E+00  0.00000E+00 -0.14679E+04  0.66856E-01  0.94557E-02  0.43554E+03  0.95319E+01  0.00000E+00    115  0.00000E+00      0.000
      19.5269 -0.10000E+01  0.00000E+00 -0.10656E+01  0.00000E+00 -0.78477E-03 -0.95260E+01  0.00000E+00 -0.95357E+01  0.00000E+00 -0.75310E-02  0.00000E+00  0.00000E+00 -0.14679E+04  0.65626E-01  0.96890E-02  0.43554E+03  0.95357E+01  0.00000E+00    116  0.00000E+00      0.000
      19.5305 -0.10000E+01  0.00000E+00 -0.10644E+01  0.00000E+00 -0.78474E-03 -0.95295E+01  0.00000E+00 -0.95395E+01  0.00000E+00 -0.75338E-02  0.00000E+00  0.00000E+00 -0.14679E+04  0.64368E-01  0.99179E-02  0.43554E+03  0.95395E+01  0.00000E+00    117  0.00000E+00      0.000
      19.5340 -0.10000E+01  0.00000E+00 -0.10631E+01  0.00000E+00 -0.78472E-03 -0.95331E+01  0.00000E+00 -0.95432E+01  0.00000E+00 -0.75366E-02  0.00000E+00  0.00000E+00 -0.14679E+04  0.63139E-01  0.10142E-01  0.43555E+03  0.95432E+01  0.00000E+00    118  0.00000E+00      0.000
      19.5376 -0.10000E+01  0.00000E+00 -0.10618E+01  0.00000E+00 -0.78461E-03 -0.95367E+01  0.00000E+00 -0.95470E+01  0.00000E+00 -0.75394E-02  0.00000E+00  0.00000E+00 -0.14679E+04  0.61844E-01  0.10362E-01  0.43555E+03  0.95470E+01  0.00000E+00    119  0.00000E+00      0.000
      19.5412 -0.10000E+01  0.00000E+00 -0.10606E+01  0.00000E+00 -0.78460E-03 -0.95402E+01  0.00000E+00 -0.95508E+01  0.00000E+00 -0.75421E-02  0.00000E+00  0.00000E+00 -0.14679E+04  0.60624E-01  0.10578E-01  0.43556E+03  0.95508E+01  0.00000E+00    120  0.00000E+00      0.000
      19.5447 -0.10000E+01  0.00000E+00 -0.10594E+01  0.00000E+00 -0.78455E-03 -0.95438E+01  0.00000E+00 -0.95546E+01  0.00000E+00 -0.75449E-02  0.00000E+00  0.00000E+00 -0.14679E+04  0.59362E-01  0.10789E-01  0.43556E+03  0.95546E+01  0.00000E+00    121  0.00000E+00      0.000
      19.5483 -0.10000E+01  0.00000E+00 -0.10582E+01  0.00000E+00 -0.78450E-03 -0.95473E+01  0.00000E+00 -0.95583E+01  0.00000E+00 -0.75477E-02  0.00000E+00  0.00000E+00 -0.14679E+04  0.58173E-01  0.10996E-01  0.43556E+03  0.95583E+01  0.00000E+00    122  0.00000E+00      0.000
      19.5518 -0.10000E+01  0.00000E+00 -0.10571E+01  0.00000E+00 -0.78450E-03 -0.95509E+01  0.00000E+00 -0.95621E+01  0.00000E+00 -0.75505E-02  0.00000E+00  0.00000E+00 -0.14679E+04  0.57085E-01  0.11199E-01  0.43557E+03  0.95621E+01  0.00000E+00    123  0.00000E+00      0.000
      19.5554 -0.10000E+01  0.00000E+00 -0.10560E+01  0.00000E+00 -0.78441E-03 -0.95544E+01  0.00000E+00 -0.95658E+01  0.00000E+00 -0.75533E-02  0.00000E+00  0.00000E+00 -0.14679E+04  0.55972E-01  0.11398E-01  0.43557E+03  0.95658E+01  0.00000E+00    124  0.00000E+00      0.000
      19.5589 -0.10000E+01  0.00000E+00 -0.10549E+01  0.00000E+00 -0.78433E-03 -0.95580E+01  0.00000E+00 -0.95696E+01  0.00000E+00 -0.75561E-02  0.00000E+00  0.00000E+00 -0.14679E+04  0.54868E-01  0.11593E-01  0.43557E+03  0.95696E+01  0.00000E+00    125  0.00000E+00      0.000
      19.5625 -0.10000E+01  0.00000E+00 -0.10536E+01  0.00000E+00 -0.78425E-03 -0.95616E+01  0.00000E+00 -0.95733E+01  0.00000E+00 -0.75589E-02  0.00000E+00  0.00000E+00 -0.14679E+04  0.53619E-01  0.11784E-01  0.43558E+03  0.95733E+01  0.00000E+00    126  0.00000E+00      0.000
      19.5661 -0.10000E+01  0.00000E+00 -0.10527E+01  0.00000E+00 -0.78416E-03 -0.95651E+01  0.00000E+00 -0.95771E+01  0.00000E+00 -0.75617E-02  0.00000E+00  0.00000E+00 -0.14679E+04  0.52671E-01  0.11971E-01  0.43558E+03  0.95771E+01  0.00000E+00    127  0.00000E+00      0.000
      19.5696 -0.10000E+01  0.00000E+00 -0.10516E+01  0.00000E+00 -0.78413E-03 -0.95687E+01  0.00000E+00 -0.95808E+01  0.00000E+00 -0.75645E-02  0.00000E+00  0.00000E+00 -0.14679E+04  0.51619E-01  0.12155E-01  0.43559E+03  0.95808E+01  0.00000E+00    128  0.00000E+00      0.000
      19.5732 -0.10000E+01  0.00000E+00 -0.10505E+01  0.00000E+00 -0.78409E-03 -0.95722E+01  0.00000E+00 -0.95845E+01  0.00000E+00 -0.75673E-02  0.00000E+00  0.00000E+00 -0.14679E+04  0.50503E-01  0.12334E-01  0.43559E+03  0.95845E+01  0.00000E+00    129  0.00000E+00      0.000
      19.5767 -0.10000E+01  0.00000E+00 -0.10495E+01  0.00000E+00 -0.78410E-03 -0.95758E+01  0.00000E+00 -0.95883E+01  0.00000E+00 -0.75700E-02  0.00000E+00  0.00000E+00 -0.14679E+04  0.49546E-01  0.12510E-01  0.43559E+03  0.95883E+01  0.00000E+00    130  0.00000E+00      0.000
      19.5803 -0.10000E+01  0.00000E+00 -0.10486E+01  0.00000E+00 -0.78402E-03 -0.95793E+01  0.00000E+00 -0.95920E+01  0.00000E+00 -0.75728E-02  0.00000E+00  0.00000E+00 -0.14679E+04  0.48564E-01  0.12683E-01  0.43560E+03  0.95920E+01  0.00000E+00    131  0.00000E+00      0.000
      19.5838 -0.10000E+01  0.00000E+00 -0.10477E+01  0.00000E+00 -0.78395E-03 -0.95829E+01  0.00000E+00 -0.95957E+01  0.00000E+00 -0.75756E-02  0.00000E+00  0.00000E+00 -0.14679E+04  0.47742E-01  0.12853E-01  0.43560E+03  0.95957E+01  0.00000E+00    132  0.00000E+00      0.000
      19.5874 -0.10000E+01  0.00000E+00 -0.10470E+01  0.00000E+00 -0.78388E-03 -0.95864E+01  0.00000E+00 -0.95995E+01  0.00000E+00 -0.75784E-02  0.00000E+00  0.00000E+00 -0.14679E+04  0.47023E-01  0.13020E-01  0.43560E+03  0.95995E+01  0.00000E+00    133  0.00000E+00      0.000
      19.5909 -0.10000E+01  0.00000E+00 -0.10464E+01  0.00000E+00 -0.78380E-03 -0.95900E+01  0.00000E+00 -0.96032E+01  0.00000E+00 -0.75812E-02  0.00000E+00  0.00000E+00 -0.14679E+04  0.46387E-01  0.13185E-01  0.43561E+03  0.96032E+01  0.00000E+00    134  0.00000E+00      0.000
      19.5945 -0.10000E+01  0.00000E+00 -0.10456E+01  0.00000E+00 -0.78369E-03 -0.95936E+01  0.00000E+00 -0.96069E+01  0.00000E+00 -0.75840E-02  0.00000E+00  0.00000E+00 -0.14679E+04  0.45621E-01  0.13347E-01  0.43561E+03  0.96069E+01  0.00000E+00    135  0.00000E+00      0.000
      19.5981 -0.10000E+01  0.00000E+00 -0.10450E+01  0.00000E+00 -0.78370E-03 -0.95971E+01  0.00000E+00 -0.96106E+01  0.00000E+00 -0.75868E-02  0.00000E+00  0.00000E+00 -0.14679E+04  0.44987E-01  0.13507E-01  0.43562E+03  0.96106E+01  0.00000E+00    136  0.00000E+00      0.000
      19.6016 -0.10000E+01  0.00000E+00 -0.10443E+01  0.00000E+00 -0.78364E-03 -0.96007E+01  0.00000E+00 -0.96143E+01  0.00000E+00 -0.75896E-02  0.00000E+00  0.00000E+00 -0.14679E+04  0.44310E-01  0.13665E-01  0.43562E+03  0.96143E+01  0.00000E+00    137  0.00000E+00      0.000
      19.6052 -0.10000E+01  0.00000E+00 -0.10435E+01  0.00000E+00 -0.78354E-03 -0.96042E+01  0.00000E+00 -0.96180E+01  0.00000E+00 -0.75923E-02  0.00000E+00  0.00000E+00 -0.14679E+04  0.43537E-01  0.13820E-01  0.43562E+03  0.96180E+01  0.00000E+00    138  0.00000E+00      0.000
      19.6087 -0.10000E+01  0.00000E+00 -0.10429E+01  0.00000E+00 -0.78352E-03 -0.96078E+01  0.00000E+00 -0.96217E+01  0.00000E+00 -0.75951E-02  0.00000E+00  0.00000E+00 -0.14679E+04  0.42907E-01  0.13972E-01  0.43563E+03  0.96217E+01  0.00000E+00    139  0.00000E+00      0.000
      19.6123 -0.10000E+01  0.00000E+00 -0.10421E+01  0.00000E+00 -0.78343E-03 -0.96113E+01  0.00000E+00 -0.96255E+01  0.00000E+00 -0.75979E-02  0.00000E+00  0.00000E+00 -0.14679E+04  0.42148E-01  0.14122E-01  0.43563E+03  0.96255E+01  0.00000E+00    140  0.00000E+00      0.000
      19.6158 -0.10000E+01  0.00000E+00 -0.10416E+01  0.00000E+00 -0.78343E-03 -0.96149E+01  0.00000E+00 -0.96292E+01  0.00000E+00 -0.76007E-02  0.00000E+00  0.00000E+00 -0.14679E+04  0.41599E-01  0.14270E-01  0.43563E+03  0.96292E+01  0.00000E+00    141  0.00000E+00      0.000
      19.6194 -0.10000E+01  0.00000E+00 -0.10407E+01  0.00000E+00 -0.78334E-03 -0.96185E+01  0.00000E+00 -0.96329E+01  0.00000E+00 -0.76035E-02  0.00000E+00  0.00000E+00 -0.14679E+04  0.40706E-01  0.14415E-01  0.43564E+03  0.96329E+01  0.00000E+00    142  0.00000E+00      0.000
      19.6230 -0.10000E+01  0.00000E+00 -0.10402E+01  0.00000E+00 -0.78326E-03 -0.96220E+01  0.00000E+00 -0.96366E+01  0.00000E+00 -0.76063E-02  0.00000E+00  0.00000E+00 -0.14679E+04  0.40214E-01  0.14558E-01  0.43564E+03  0.96366E+01  0.00000E+00    143  0.00000E+00      0.000
      19.6265 -0.10000E+01  0.00000E+00 -0.10394E+01  0.00000E+00 -0.78317E-03 -0.96256E+01  0.00000E+00 -0.96403E+01  0.00000E+00 -0.76091E-02  0.00000E+00  0.00000E+00 -0.14679E+04  0.39422E-01  0.14698E-01  0.43565E+03  0.96403E+01  0.00000E+00    144  0.00000E+00      0.000
      19.6301 -0.10000E+01  0.00000E+00 -0.10388E+01  0.00000E+00 -0.78309E-03 -0.96291E+01  0.00000E+00 -0.96439E+01  0.00000E+00 -0.76118E-02  0.00000E+00  0.00000E+00 -0.14678E+04  0.38814E-01  0.14836E-01  0.43565E+03  0.96439E+01  0.00000E+00    145  0.00000E+00      0.000
      19.6336 -0.10000E+01  0.00000E+00 -0.10382E+01  0.00000E+00 -0.78310E-03 -0.96327E+01  0.00000E+00 -0.96476E+01  0.00000E+00 -0.76146E-02  0.00000E+00  0.00000E+00 -0.14678E+04  0.38160E-01  0.14972E-01  0.43565E+03  0.96476E+01  0.00000E+00    146  0.00000E+00      0.000
      19.6372 -0.10000E+01  0.00000E+00 -0.10374E+01  0.00000E+00 -0.78302E-03 -0.96362E+01  0.00000E+00 -0.96513E+01  0.00000E+00 -0.76174E-02  0.00000E+00  0.00000E+00 -0.14678E+04  0.37422E-01  0.15105E-01  0.43566E+03  0.96513E+01  0.00000E+00    147  0.00000E+00      0.000
      19.6407 -0.10000E+01  0.00000E+00 -0.10368E+01  0.00000E+00 -0.78295E-03 -0.96398E+01  0.00000E+00 -0.96550E+01  0.00000E+00 -0.76202E-02  0.00000E+00  0.00000E+00 -0.14678E+04  0.36829E-01  0.15236E-01  0.43566E+03  0.96550E+01  0.00000E+00    148  0.00000E+00      0.000
      19.6443 -0.10000E+01  0.00000E+00 -0.10360E+01  0.00000E+00 -0.78287E-03 -0.96433E+01  0.00000E+00 -0.96587E+01  0.00000E+00 -0.76230E-02  0.00000E+00  0.00000E+00 -0.14678E+04  0.36026E-01  0.15364E-01  0.43566E+03  0.96587E+01  0.00000E+00    149  0.00000E+00      0.000
      19.6478 -0.10000E+01  0.00000E+00 -0.10355E+01  0.00000E+00 -0.78280E-03 -0.96469E+01  0.00000E+00 -0.96624E+01  0.00000E+00 -0.76258E-02  0.00000E+00  0.00000E+00 -0.14678E+04  0.35486E-01  0.15490E-01  0.43567E+03  0.96624E+01  0.00000E+00    150  0.00000E+00      0.000
      19.6514 -0.10000E+01  0.00000E+00 -0.10348E+01  0.00000E+00 -0.78273E-03 -0.96505E+01  0.00000E+00 -0.96661E+01  0.00000E+00 -0.76285E-02  0.00000E+00  0.00000E+00 -0.14678E+04  0.34780E-01  0.15614E-01  0.43567E+03  0.96661E+01  0.00000E+00    151  0.00000E+00      0.000
      19.6550 -0.10000E+01  0.00000E+00 -0.10340E+01  0.00000E+00 -0.78265E-03 -0.96540E+01  0.00000E+00 -0.96697E+01  0.00000E+00 -0.76313E-02  0.00000E+00  0.00000E+00 -0.14678E+04  0.34040E-01  0.15735E-01  0.43567E+03  0.96697E+01  0.00000E+00    152  0.00000E+00      0.000
      19.6585 -0.10000E+01  0.00000E+00 -0.10335E+01  0.00000E+00 -0.78254E-03 -0.96576E+01  0.00000E+00 -0.96734E+01  0.00000E+00 -0.76341E-02  0.00000E+00  0.00000E+00 -0.14678E+04  0.33523E-01  0.15854E-01  0.43568E+03  0.96734E+01  0.00000E+00    153  0.00000E+00      0.000
      19.6621 -0.10000E+01  0.00000E+00 -0.10328E+01  0.00000E+00 -0.78256E-03 -0.96611E+01  0.00000E+00 -0.96771E+01  0.00000E+00 -0.76369E-02  0.00000E+00  0.00000E+00 -0.14678E+04  0.32811E-01  0.15971E-01  0.43568E+03  0.96771E+01  0.00000E+00    154  0.00000E+00      0.000
      19.6656 -0.10000E+01  0.00000E+00 -0.10321E+01  0.00000E+00 -0.78253E-03 -0.96647E+01  0.00000E+00 -0.96808E+01  0.00000E+00 -0.76397E-02  0.00000E+00  0.00000E+00 -0.14678E+04  0.32106E-01  0.16085E-01  0.43569E+03  0.96808E+01  0.00000E+00    155  0.00000E+00      0.000
      19.6692 -0.10000E+01  0.00000E+00 -0.10317E+01  0.00000E+00 -0.78247E-03 -0.96682E+01  0.00000E+00 -0.96844E+01  0.00000E+00 -0.76425E-02  0.00000E+00  0.00000E+00 -0.14678E+04  0.31679E-01  0.16198E-01  0.43569E+03  0.96844E+01  0.00000E+00    156  0.00000E+00      0.000
      19.6727 -0.10000E+01  0.00000E+00 -0.10312E+01  0.00000E+00 -0.78236E-03 -0.96718E+01  0.00000E+00 -0.96881E+01  0.00000E+00 -0.76452E-02  0.00000E+00  0.00000E+00 -0.14678E+04  0.31170E-01  0.16308E-01  0.43569E+03  0.96881E+01  0.00000E+00    157  0.00000E+00      0.000
      19.6763 -0.10000E+01  0.00000E+00 -0.10306E+01  0.00000E+00 -0.78231E-03 -0.96754E+01  0.00000E+00 -0.96918E+01  0.00000E+00 -0.76480E-02  0.00000E+00  0.00000E+00 -0.14678E+04  0.30563E-01  0.16417E-01  0.43570E+03  0.96918E+01  0.00000E+00    158  0.00000E+00      0.000
      19.6799 -0.10000E+01  0.00000E+00 -0.10300E+01  0.00000E+00 -0.78233E-03 -0.96789E+01  0.00000E+00 -0.96954E+01  0.00000E+00 -0.76508E-02  0.00000E+00  0.00000E+00 -0.14678E+04  0.30000E-01  0.16524E-01  0.43570E+03  0.96954E+01  0.00000E+00    159  0.00000E+00      0.000
      19.6834 -0.10000E+01  0.00000E+00 -0.10294E+01  0.00000E+00 -0.78224E-03 -0.96825E+01  0.00000E+00 -0.96991E+01  0.00000E+00 -0.76536E-02  0.00000E+00  0.00000E+00 -0.14678E+04  0.29443E-01  0.16629E-01  0.43570E+03  0.96991E+01  0.00000E+00    160  0.00000E+00      0.000
      19.6870 -0.10000E+01  0.00000E+00 -0.10289E+01  0.00000E+00 -0.78224E-03 -0.96860E+01  0.00000E+00 -0.97027E+01  0.00000E+00 -0.76564E-02  0.00000E+00  0.00000E+00 -0.14678E+04  0.28897E-01  0.16731E-01  0.43571E+03  0.97027E+01  0.00000E+00    161  0.00000E+00      0.000
      19.6905 -0.10000E+01  0.00000E+00 -0.10283E+01  0.00000E+00 -0.78215E-03 -0.96896E+01  0.00000E+00 -0.97064E+01  0.00000E+00 -0.76591E-02  0.00000E+00  0.00000E+00 -0.14678E+04  0.28337E-01  0.16832E-01  0.43571E+03  0.97064E+01  0.00000E+00    162  0.00000E+00      0.000
      19.6941 -0.10000E+01  0.00000E+00 -0.10279E+01  0.00000E+00 -0.78207E-03 -0.96931E+01  0.00000E+00 -0.97101E+01  0.00000E+00 -0.76619E-02  0.00000E+00  0.00000E+00 -0.14678E+04  0.27853E-01  0.16931E-01  0.43572E+03  0.97101E+01  0.00000E+00    163  0.00000E+00      0.000
      19.6976 -0.10000E+01  0.00000E+00 -0.10273E+01  0.00000E+00 -0.78199E-03 -0.96967E+01  0.00000E+00 -0.97137E+01  0.00000E+00 -0.76647E-02  0.00000E+00  0.00000E+00 -0.14678E+04  0.27253E-01  0.17028E-01  0.43572E+03  0.97137E+01  0.00000E+00    164  0.00000E+00      0.000
      19.7012 -0.10000E+01  0.00000E+00 -0.10267E+01  0.00000E+00 -0.78190E-03 -0.97002E+01  0.00000E+00 -0.97174E+01  0.00000E+00 -0.76675E-02  0.00000E+00  0.00000E+00 -0.14678E+04  0.26699E-01  0.17123E-01  0.43572E+03  0.97174E+01  0.00000E+00    165  0.00000E+00      0.000
      19.7047 -0.10000E+01  0.00000E+00 -0.10262E+01  0.00000E+00 -0.78187E-03 -0.97038E+01  0.00000E+00 -0.97210E+01  0.00000E+00 -0.76703E-02  0.00000E+00  0.00000E+00 -0.14678E+04  0.26229E-01  0.17216E-01  0.43573E+03  0.97210E+01  0.00000E+00    166  0.00000E+00      0.000
      19.7083 -0.10000E+01  0.00000E+00 -0.10257E+01  0.00000E+00 -0.78183E-03 -0.97074E+01  0.00000E+00 -0.97247E+01  0.00000E+00 -0.76730E-02  0.00000E+00  0.00000E+00 -0.14678E+04  0.25700E-01  0.17308E-01  0.43573E+03  0.97247E+01  0.00000E+00    167  0.00000E+00      0.000
      19.7119 -0.10000E+01  0.00000E+00 -0.10251E+01  0.00000E+00 -0.78180E-03 -0.97109E+01  0.00000E+00 -0.97283E+01  0.00000E+00 -0.76758E-02  0.00000E+00  0.00000E+00 -0.14678E+04  0.25104E-01  0.17397E-01  0.43573E+03  0.97283E+01  0.00000E+00    168  0.00000E+00      0.000
      19.7154 -0.10000E+01  0.00000E+00 -0.10245E+01  0.00000E+00 -0.78172E-03 -0.97145E+01  0.00000E+00 -0.97319E+01  0.00000E+00 -0.76786E-02  0.00000E+00  0.00000E+00 -0.14678E+04  0.24548E-01  0.17484E-01  0.43574E+03  0.97319E+01  0.00000E+00    169  0.00000E+00      0.000
      19.7190 -0.10000E+01  0.00000E+00 -0.10241E+01  0.00000E+00 -0.78165E-03 -0.97180E+01  0.00000E+00 -0.97356E+01  0.00000E+00 -0.76814E-02  0.00000E+00  0.00000E+00 -0.14678E+04  0.24072E-01  0.17570E-01  0.43574E+03  0.97356E+01  0.00000E+00    170  0.00000E+00      0.000
      19.7225 -0.10000E+01  0.00000E+00 -0.10235E+01  0.00000E+00 -0.78158E-03 -0.97216E+01  0.00000E+00 -0.97392E+01  0.00000E+00 -0.76842E-02  0.00000E+00  0.00000E+00 -0.14678E+04  0.23457E-01  0.17653E-01  0.43574E+03  0.97392E+01  0.00000E+00    171  0.00000E+00      0.000
      19.7261 -0.10000E+01  0.00000E+00 -0.10229E+01  0.00000E+00 -0.78150E-03 -0.97251E+01  0.00000E+00 -0.97429E+01  0.00000E+00 -0.76869E-02  0.00000E+00  0.00000E+00 -0.14678E+04  0.22889E-01  0.17735E-01  0.43575E+03  0.97429E+01  0.00000E+00    172  0.00000E+00      0.000
      19.7296 -0.10000E+01  0.00000E+00 -0.10224E+01  0.00000E+00 -0.78139E-03 -0.97287E+01  0.00000E+00 -0.97465E+01  0.00000E+00 -0.76897E-02  0.00000E+00  0.00000E+00 -0.14678E+04  0.22415E-01  0.17814E-01  0.43575E+03  0.97465E+01  0.00000E+00    173  0.00000E+00      0.000
      19.7332 -0.10000E+01  0.00000E+00 -0.10218E+01  0.00000E+00 -0.78141E-03 -0.97323E+01  0.00000E+00 -0.97501E+01  0.00000E+00 -0.76925E-02  0.00000E+00  0.00000E+00 -0.14678E+04  0.21807E-01  0.17892E-01  0.43576E+03  0.97501E+01  0.00000E+00    174  0.00000E+00      0.000
      19.7367 -0.10000E+01  0.00000E+00 -0.10212E+01  0.00000E+00 -0.78138E-03 -0.97358E+01  0.00000E+00 -0.97538E+01  0.00000E+00 -0.76953E-02  0.00000E+00  0.00000E+00 -0.14678E+04  0.21248E-01  0.17967E-01  0.43576E+03  0.97538E+01  0.00000E+00    175  0.00000E+00      0.000
      19.7403 -0.10000E+01  0.00000E+00 -0.10208E+01  0.00000E+00 -0.78128E-03 -0.97394E+01  0.00000E+00 -0.97574E+01  0.00000E+00 -0.76981E-02  0.00000E+00  0.00000E+00 -0.14678E+04  0.20780E-01  0.18041E-01  0.43576E+03  0.97574E+01  0.00000E+00    176  0.00000E+00      0.000
      19.7439 -0.10000E+01  0.00000E+00 -0.10202E+01  0.00000E+00 -0.78126E-03 -0.97429E+01  0.00000E+00 -0.97610E+01  0.00000E+00 -0.77008E-02  0.00000E+00  0.00000E+00 -0.14678E+04  0.20170E-01  0.18113E-01  0.43577E+03  0.97610E+01  0.00000E+00    177  0.00000E+00      0.000
      19.7474 -0.10000E+01  0.00000E+00 -0.10197E+01  0.00000E+00 -0.78117E-03 -0.97465E+01  0.00000E+00 -0.97646E+01  0.00000E+00 -0.77036E-02  0.00000E+00  0.00000E+00 -0.14678E+04  0.19696E-01  0.18183E-01  0.43577E+03  0.97646E+01  0.00000E+00    178  0.00000E+00      0.000
      19.7510 -0.10000E+01  0.00000E+00 -0.10192E+01  0.00000E+00 -0.78113E-03 -0.97500E+01  0.00000E+00 -0.97683E+01  0.00000E+00 -0.77064E-02  0.00000E+00  0.00000E+00 -0.14678E+04  0.19216E-01  0.18251E-01  0.43577E+03  0.97683E+01  0.00000E+00    179  0.00000E+00      0.000
      19.7545 -0.10000E+01  0.00000E+00 -0.10189E+01  0.00000E+00 -0.78112E-03 -0.97536E+01  0.00000E+00 -0.97719E+01  0.00000E+00 -0.77092E-02  0.00000E+00  0.00000E+00 -0.14678E+04  0.18863E-01  0.18319E-01  0.43578E+03  0.97719E+01  0.00000E+00    180  0.00000E+00      0.000
      19.7581 -0.10000E+01  0.00000E+00 -0.10186E+01  0.00000E+00 -0.78107E-03 -0.97571E+01  0.00000E+00 -0.97755E+01  0.00000E+00 -0.77120E-02  0.00000E+00  0.00000E+00 -0.14678E+04  0.18552E-01  0.18384E-01  0.43578E+03  0.97755E+01  0.00000E+00    181  0.00000E+00      0.000
      19.7616 -0.10000E+01  0.00000E+00 -0.10183E+01  0.00000E+00 -0.78099E-03 -0.97607E+01  0.00000E+00 -0.97791E+01  0.00000E+00 -0.77147E-02  0.00000E+00  0.00000E+00 -0.14678E+04  0.18265E-01  0.18449E-01  0.43578E+03  0.97791E+01  0.00000E+00    182  0.00000E+00      0.000
      19.7652 -0.10000E+01  0.00000E+00 -0.10180E+01  0.00000E+00 -0.78090E-03 -0.97643E+01  0.00000E+00 -0.97828E+01  0.00000E+00 -0.77175E-02  0.00000E+00  0.00000E+00 -0.14678E+04  0.17953E-01  0.18513E-01  0.43579E+03  0.97828E+01  0.00000E+00    183  0.00000E+00      0.000
      19.7688 -0.10000E+01  0.00000E+00 -0.10176E+01  0.00000E+00 -0.78084E-03 -0.97678E+01  0.00000E+00 -0.97864E+01  0.00000E+00 -0.77203E-02  0.00000E+00  0.00000E+00 -0.14678E+04  0.17618E-01  0.18576E-01  0.43579E+03  0.97864E+01  0.00000E+00    184  0.00000E+00      0.000
      19.7723 -0.10000E+01  0.00000E+00 -0.10173E+01  0.00000E+00 -0.78080E-03 -0.97714E+01  0.00000E+00 -0.97900E+01  0.00000E+00 -0.77231E-02  0.00000E+00  0.00000E+00 -0.14678E+04  0.17294E-01  0.18637E-01  0.43580E+03  0.97900E+01  0.00000E+00    185  0.00000E+00      0.000
      19.7759 -0.10000E+01  0.00000E+00 -0.10169E+01  0.00000E+00 -0.78075E-03 -0.97749E+01  0.00000E+00 -0.97936E+01  0.00000E+00 -0.77258E-02  0.00000E+00  0.00000E+00 -0.14678E+04  0.16897E-01  0.18698E-01  0.43580E+03  0.97936E+01  0.00000E+00    186  0.00000E+00      0.000
      19.7794 -0.10000E+01  0.00000E+00 -0.10167E+01  0.00000E+00 -0.78071E-03 -0.97785E+01  0.00000E+00 -0.97972E+01  0.00000E+00 -0.77286E-02  0.00000E+00  0.00000E+00 -0.14677E+04  0.16680E-01  0.18757E-01  0.43580E+03  0.97972E+01  0.00000E+00    187  0.00000E+00      0.000
      19.7830 -0.10000E+01  0.00000E+00 -0.10163E+01  0.00000E+00 -0.78067E-03 -0.97820E+01  0.00000E+00 -0.98008E+01  0.00000E+00 -0.77314E-02  0.00000E+00  0.00000E+00 -0.14677E+04  0.16317E-01  0.18815E-01  0.43581E+03  0.98008E+01  0.00000E+00    188  0.00000E+00      0.000
      19.7865 -0.10000E+01  0.00000E+00 -0.10160E+01  0.00000E+00 -0.78060E-03 -0.97856E+01  0.00000E+00 -0.98045E+01  0.00000E+00 -0.77342E-02  0.00000E+00  0.00000E+00 -0.14677E+04  0.15964E-01  0.18872E-01  0.43581E+03  0.98045E+01  0.00000E+00    189  0.00000E+00      0.000
      19.7901 -0.10000E+01  0.00000E+00 -0.10156E+01  0.00000E+00 -0.78052E-03 -0.97892E+01  0.00000E+00 -0.98081E+01  0.00000E+00 -0.77369E-02  0.00000E+00  0.00000E+00 -0.14677E+04  0.15606E-01  0.18927E-01  0.43581E+03  0.98081E+01  0.00000E+00    190  0.00000E+00      0.000
      19.7936 -0.10000E+01  0.00000E+00 -0.10153E+01  0.00000E+00 -0.78047E-03 -0.97927E+01  0.00000E+00 -0.98117E+01  0.00000E+00 -0.77397E-02  0.00000E+00  0.00000E+00 -0.14677E+04  0.15261E-01  0.18981E-01  0.43582E+03  0.98117E+01  0.00000E+00    191  0.00000E+00      0.000
      19.7972 -0.10000E+01  0.00000E+00 -0.10149E+01  0.00000E+00 -0.78035E-03 -0.97963E+01  0.00000E+00 -0.98153E+01  0.00000E+00 -0.77425E-02  0.00000E+00  0.00000E+00 -0.14677E+04  0.14912E-01  0.19034E-01  0.43582E+03  0.98153E+01  0.00000E+00    192  0.00000E+00      0.000
      19.8008 -0.10000E+01  0.00000E+00 -0.10147E+01  0.00000E+00 -0.78036E-03 -0.97998E+01  0.00000E+00 -0.98189E+01  0.00000E+00 -0.77453E-02  0.00000E+00  0.00000E+00 -0.14677E+04  0.14710E-01  0.19087E-01  0.43582E+03  0.98189E+01  0.00000E+00    193  0.00000E+00      0.000
      19.8043 -0.10000E+01  0.00000E+00 -0.10142E+01  0.00000E+00 -0.78026E-03 -0.98034E+01  0.00000E+00 -0.98225E+01  0.00000E+00 -0.77480E-02  0.00000E+00  0.00000E+00 -0.14677E+04  0.14177E-01  0.19137E-01  0.43583E+03  0.98225E+01  0.00000E+00    194  0.00000E+00      0.000
      19.8079 -0.10000E+01  0.00000E+00 -0.10139E+01  0.00000E+00 -0.78020E-03 -0.98069E+01  0.00000E+00 -0.98261E+01  0.00000E+00 -0.77508E-02  0.00000E+00  0.00000E+00 -0.14677E+04  0.13927E-01  0.19187E-01  0.43583E+03  0.98261E+01  0.00000E+00    195  0.00000E+00      0.000
      19.8114 -0.10000E+01  0.00000E+00 -0.10135E+01  0.00000E+00 -0.78017E-03 -0.98105E+01  0.00000E+00 -0.98297E+01  0.00000E+00 -0.77536E-02  0.00000E+00  0.00000E+00 -0.14677E+04  0.13505E-01  0.19235E-01  0.43583E+03  0.98297E+01  0.00000E+00    196  0.00000E+00      0.000
      19.8150 -0.10000E+01  0.00000E+00 -0.10131E+01  0.00000E+00 -0.78008E-03 -0.98140E+01  0.00000E+00 -0.98333E+01  0.00000E+00 -0.77564E-02  0.00000E+00  0.00000E+00 -0.14677E+04  0.13119E-01  0.19281E-01  0.43584E+03  0.98333E+01  0.00000E+00    197  0.00000E+00      0.000
      19.8185 -0.10000E+01  0.00000E+00 -0.10128E+01  0.00000E+00 -0.78007E-03 -0.98176E+01  0.00000E+00 -0.98369E+01  0.00000E+00 -0.77591E-02  0.00000E+00  0.00000E+00 -0.14677E+04  0.12781E-01  0.19327E-01  0.43584E+03  0.98369E+01  0.00000E+00    198  0.00000E+00      0.000
      19.8221 -0.10000E+01  0.00000E+00 -0.10126E+01  0.00000E+00 -0.78000E-03 -0.98212E+01  0.00000E+00 -0.98405E+01  0.00000E+00 -0.77619E-02  0.00000E+00  0.00000E+00 -0.14677E+04  0.12595E-01  0.19372E-01  0.43585E+03  0.98405E+01  0.00000E+00    199  0.00000E+00      0.000
      19.8257 -0.10000E+01  0.00000E+00 -0.10124E+01  0.00000E+00 -0.77992E-03 -0.98247E+01  0.00000E+00 -0.98441E+01  0.00000E+00 -0.77647E-02  0.00000E+00  0.00000E+00 -0.14677E+04  0.12367E-01  0.19416E-01  0.43585E+03  0.98441E+01  0.00000E+00    200  0.00000E+00      0.000
      19.8292 -0.10000E+01  0.00000E+00 -0.10122E+01  0.00000E+00 -0.77987E-03 -0.98283E+01  0.00000E+00 -0.98477E+01  0.00000E+00 -0.77675E-02  0.00000E+00  0.00000E+00 -0.14677E+04  0.12197E-01  0.19459E-01  0.43585E+03  0.98477E+01  0.00000E+00    201  0.00000E+00      0.000
      19.8328 -0.10000E+01  0.00000E+00 -0.10118E+01  0.00000E+00 -0.77975E-03 -0.98318E+01  0.00000E+00 -0.98513E+01  0.00000E+00 -0.77702E-02  0.00000E+00  0.00000E+00 -0.14677E+04  0.11846E-01  0.19501E-01  0.43586E+03  0.98513E+01  0.00000E+00    202  0.00000E+00      0.000
      19.8363 -0.10000E+01  0.00000E+00 -0.10117E+01  0.00000E+00 -0.77971E-03 -0.98354E+01  0.00000E+00 -0.98549E+01  0.00000E+00 -0.77730E-02  0.00000E+00  0.00000E+00 -0.14677E+04  0.11709E-01  0.19543E-01  0.43586E+03  0.98549E+01  0.00000E+00    203  0.00000E+00      0.000
      19.8399 -0.10000E+01  0.00000E+00 -0.10113E+01  0.00000E+00 -0.77965E-03 -0.98389E+01  0.00000E+00 -0.98585E+01  0.00000E+00 -0.77758E-02  0.00000E+00  0.00000E+00 -0.14677E+04  0.11338E-01  0.19583E-01  0.43586E+03  0.98585E+01  0.00000E+00    204  0.00000E+00      0.000
      19.8434 -0.10000E+01  0.00000E+00 -0.10110E+01  0.00000E+00 -0.77961E-03 -0.98425E+01  0.00000E+00 -0.98621E+01  0.00000E+00 -0.77785E-02  0.00000E+00  0.00000E+00 -0.14677E+04  0.10997E-01  0.19622E-01  0.43587E+03  0.98621E+01  0.00000E+00    205  0.00000E+00      0.000
      19.8470 -0.10000E+01  0.00000E+00 -0.10108E+01  0.00000E+00 -0.77952E-03 -0.98461E+01  0.00000E+00 -0.98657E+01  0.00000E+00 -0.77813E-02  0.00000E+00  0.00000E+00 -0.14677E+04  0.10756E-01  0.19660E-01  0.43587E+03  0.98657E+01  0.00000E+00    206  0.00000E+00      0.000
      19.8505 -0.10000E+01  0.00000E+00 -0.10104E+01  0.00000E+00 -0.77945E-03 -0.98496E+01  0.00000E+00 -0.98693E+01  0.00000E+00 -0.77841E-02  0.00000E+00  0.00000E+00 -0.14677E+04  0.10402E-01  0.19697E-01  0.43587E+03  0.98693E+01  0.00000E+00    207  0.00000E+00      0.000
      19.8541 -0.10000E+01  0.00000E+00 -0.10101E+01  0.00000E+00 -0.77937E-03 -0.98532E+01  0.00000E+00 -0.98729E+01  0.00000E+00 -0.77869E-02  0.00000E+00  0.00000E+00 -0.14677E+04  0.10148E-01  0.19733E-01  0.43588E+03  0.98729E+01  0.00000E+00    208  0.00000E+00      0.000
      19.8577 -0.10000E+01  0.00000E+00 -0.10099E+01  0.00000E+00 -0.77932E-03 -0.98567E+01  0.00000E+00 -0.98765E+01  0.00000E+00 -0.77896E-02  0.00000E+00  0.00000E+00 -0.14677E+04  0.98516E-02  0.19768E-01  0.43588E+03  0.98765E+01  0.00000E+00    209  0.00000E+00      0.000
      19.8612 -0.10000E+01  0.00000E+00 -0.10095E+01  0.00000E+00 -0.77920E-03 -0.98603E+01  0.00000E+00 -0.98801E+01  0.00000E+00 -0.77924E-02  0.00000E+00  0.00000E+00 -0.14677E+04  0.94801E-02  0.19802E-01  0.43589E+03  0.98801E+01  0.00000E+00    210  0.00000E+00      0.000
      19.8648 -0.10000E+01  0.00000E+00 -0.10092E+01  0.00000E+00 -0.82108E-03 -0.98638E+01  0.00000E+00 -0.98837E+01  0.00000E+00 -0.77953E-02  0.00000E+00  0.00000E+00 -0.14677E+04  0.91934E-02  0.19835E-01  0.43589E+03  0.98837E+01  0.00000E+00    211  0.00000E+00      0.000
      19.8683 -0.10000E+01  0.00000E+00 -0.10089E+01  0.00000E+00 -0.82109E-03 -0.98674E+01  0.00000E+00 -0.98872E+01  0.00000E+00 -0.77982E-02  0.00000E+00  0.00000E+00 -0.14677E+04  0.88969E-02  0.19867E-01  0.43589E+03  0.98872E+01  0.00000E+00    212  0.00000E+00      0.000
      19.8719 -0.10000E+01  0.00000E+00 -0.10087E+01  0.00000E+00 -0.77921E-03 -0.98709E+01  0.00000E+00 -0.98908E+01  0.00000E+00 -0.78010E-02  0.00000E+00  0.00000E+00 -0.14677E+04  0.86981E-02  0.19897E-01  0.43590E+03  0.98908E+01  0.00000E+00    213  0.00000E+00      0.000
      19.8754 -0.10000E+01  0.00000E+00 -0.10086E+01  0.00000E+00 -0.82100E-03 -0.98745E+01  0.00000E+00 -0.98944E+01  0.00000E+00 -0.78039E-02  0.00000E+00  0.00000E+00 -0.14677E+04  0.86058E-02  0.19928E-01  0.43590E+03  0.98944E+01  0.00000E+00    214  0.00000E+00      0.000
      19.8790 -0.10000E+01  0.00000E+00 -0.10084E+01  0.00000E+00 -0.82097E-03 -0.98781E+01  0.00000E+00 -0.98980E+01  0.00000E+00 -0.78069E-02  0.00000E+00  0.00000E+00 -0.14677E+04  0.83877E-02  0.19958E-01  0.43590E+03  0.98980E+01  0.00000E+00    215  0.00000E+00      0.000
      19.8826 -0.10000E+01  0.00000E+00 -0.10082E+01  0.00000E+00 -0.77912E-03 -0.98816E+01  0.00000E+00 -0.99016E+01  0.00000E+00 -0.78096E-02  0.00000E+00  0.00000E+00 -0.14677E+04  0.81617E-02  0.19987E-01  0.43591E+03  0.99016E+01  0.00000E+00    216  0.00000E+00      0.000
      19.8861 -0.10000E+01  0.00000E+00 -0.10080E+01  0.00000E+00 -0.82091E-03 -0.98852E+01  0.00000E+00 -0.99052E+01  0.00000E+00 -0.78125E-02  0.00000E+00  0.00000E+00 -0.14677E+04  0.80205E-02  0.20015E-01  0.43591E+03  0.99052E+01  0.00000E+00    217  0.00000E+00      0.000
      19.8897 -0.10000E+01  0.00000E+00 -0.10078E+01  0.00000E+00 -0.82096E-03 -0.98887E+01  0.00000E+00 -0.99088E+01  0.00000E+00 -0.78155E-02  0.00000E+00  0.00000E+00 -0.14677E+04  0.77751E-02  0.20043E-01  0.43591E+03  0.99088E+01  0.00000E+00    218  0.00000E+00      0.000
      19.8932 -0.10000E+01  0.00000E+00 -0.10076E+01  0.00000E+00 -0.77903E-03 -0.98923E+01  0.00000E+00 -0.99123E+01  0.00000E+00 -0.78182E-02  0.00000E+00  0.00000E+00 -0.14677E+04  0.76218E-02  0.20070E-01  0.43592E+03  0.99123E+01  0.00000E+00    219  0.00000E+00      0.000
      19.8968 -0.10000E+01  0.00000E+00 -0.10075E+01  0.00000E+00 -0.82082E-03 -0.98958E+01  0.00000E+00 -0.99159E+01  0.00000E+00 -0.78212E-02  0.00000E+00  0.00000E+00 -0.14677E+04  0.74990E-02  0.20097E-01  0.43592E+03  0.99159E+01  0.00000E+00    220  0.00000E+00      0.000
      19.9003 -0.10000E+01  0.00000E+00 -0.10076E+01  0.00000E+00 -0.82079E-03 -0.98994E+01  0.00000E+00 -0.99195E+01  0.00000E+00 -0.78241E-02  0.00000E+00  0.00000E+00 -0.14677E+04  0.76175E-02  0.20124E-01  0.43592E+03  0.99195E+01  0.00000E+00    221  0.00000E+00      0.000
      19.9039 -0.10000E+01  0.00000E+00 -0.10077E+01  0.00000E+00 -0.82075E-03 -0.99030E+01  0.00000E+00 -0.99231E+01  0.00000E+00 -0.78270E-02  0.00000E+00  0.00000E+00 -0.14677E+04  0.76874E-02  0.20151E-01  0.43593E+03  0.99231E+01  0.00000E+00    222  0.00000E+00      0.000
      19.9074 -0.10000E+01  0.00000E+00 -0.10078E+01  0.00000E+00 -0.82077E-03 -0.99065E+01  0.00000E+00 -0.99267E+01  0.00000E+00 -0.78299E-02  0.00000E+00  0.00000E+00 -0.14677E+04  0.78382E-02  0.20179E-01  0.43593E+03  0.99267E+01  0.00000E+00    223  0.00000E+00      0.000
      19.9110 -0.10000E+01  0.00000E+00 -0.10082E+01  0.00000E+00 -0.77888E-03 -0.99101E+01  0.00000E+00 -0.99303E+01  0.00000E+00 -0.78327E-02  0.00000E+00  0.00000E+00 -0.14677E+04  0.81977E-02  0.20208E-01  0.43594E+03  0.99303E+01  0.00000E+00    224  0.00000E+00      0.000
      19.9146 -0.10000E+01  0.00000E+00 -0.10086E+01  0.00000E+00 -0.77881E-03 -0.99136E+01  0.00000E+00 -0.99338E+01  0.00000E+00 -0.78355E-02  0.00000E+00  0.00000E+00 -0.14677E+04  0.86012E-02  0.20239E-01  0.43594E+03  0.99338E+01  0.00000E+00    225  0.00000E+00      0.000
      19.9181 -0.10000E+01  0.00000E+00 -0.10089E+01  0.00000E+00 -0.77875E-03 -0.99172E+01  0.00000E+00 -0.99374E+01  0.00000E+00 -0.78382E-02  0.00000E+00  0.00000E+00 -0.14677E+04  0.89215E-02  0.20271E-01  0.43594E+03  0.99374E+01  0.00000E+00    226  0.00000E+00      0.000
      19.9217 -0.10000E+01  0.00000E+00 -0.10092E+01  0.00000E+00 -0.82055E-03 -0.99207E+01  0.00000E+00 -0.99410E+01  0.00000E+00 -0.78411E-02  0.00000E+00  0.00000E+00 -0.14677E+04  0.92417E-02  0.20303E-01  0.43595E+03  0.99410E+01  0.00000E+00    227  0.00000E+00      0.000
      19.9252 -0.10000E+01  0.00000E+00 -0.10097E+01  0.00000E+00 -0.82052E-03 -0.99243E+01  0.00000E+00 -0.99446E+01  0.00000E+00 -0.78441E-02  0.00000E+00  0.00000E+00 -0.14677E+04  0.96935E-02  0.20338E-01  0.43595E+03  0.99446E+01  0.00000E+00    228  0.00000E+00      0.000
      19.9288 -0.10000E+01  0.00000E+00 -0.10100E+01  0.00000E+00 -0.82050E-03 -0.99278E+01  0.00000E+00 -0.99482E+01  0.00000E+00 -0.78470E-02  0.00000E+00  0.00000E+00 -0.14677E+04  0.10020E-01  0.20374E-01  0.43595E+03  0.99482E+01  0.00000E+00    229  0.00000E+00      0.000
      19.9323 -0.10000E+01  0.00000E+00 -0.10107E+01  0.00000E+00 -0.82043E-03 -0.99314E+01  0.00000E+00 -0.99518E+01  0.00000E+00 -0.78499E-02  0.00000E+00  0.00000E+00 -0.14677E+04  0.10695E-01  0.20412E-01  0.43596E+03  0.99518E+01  0.00000E+00    230  0.00000E+00      0.000
      19.9359 -0.10000E+01  0.00000E+00 -0.10114E+01  0.00000E+00 -0.82046E-03 -0.99350E+01  0.00000E+00 -0.99554E+01  0.00000E+00 -0.78528E-02  0.00000E+00  0.00000E+00 -0.14677E+04  0.11444E-01  0.20452E-01  0.43596E+03  0.99554E+01  0.00000E+00    231  0.00000E+00      0.000
      19.9394 -0.10000E+01  0.00000E+00 -0.10122E+01  0.00000E+00 -0.77858E-03 -0.99385E+01  0.00000E+00 -0.99590E+01  0.00000E+00 -0.78556E-02  0.00000E+00  0.00000E+00 -0.14677E+04  0.12182E-01  0.20496E-01  0.43596E+03  0.99590E+01  0.00000E+00    232  0.00000E+00      0.000
      19.9430 -0.10000E+01  0.00000E+00 -0.10130E+01  0.00000E+00 -0.77848E-03 -0.99421E+01  0.00000E+00 -0.99626E+01  0.00000E+00 -0.78583E-02  0.00000E+00  0.00000E+00 -0.14676E+04  0.12984E-01  0.20542E-01  0.43597E+03  0.99626E+01  0.00000E+00    233  0.00000E+00      0.000
      19.9466 -0.10000E+01  0.00000E+00 -0.10141E+01  0.00000E+00 -0.82036E-03 -0.99456E+01  0.00000E+00 -0.99662E+01  0.00000E+00 -0.78613E-02  0.00000E+00  0.00000E+00 -0.14676E+04  0.14109E-01  0.20592E-01  0.43597E+03  0.99662E+01  0.00000E+00    234  0.00000E+00      0.000
      19.9501 -0.10000E+01  0.00000E+00 -0.10154E+01  0.00000E+00 -0.82031E-03 -0.99492E+01  0.00000E+00 -0.99698E+01  0.00000E+00 -0.78642E-02  0.00000E+00  0.00000E+00 -0.14676E+04  0.15419E-01  0.20647E-01  0.43597E+03  0.99698E+01  0.00000E+00    235  0.00000E+00      0.000
      19.9537 -0.10000E+01  0.00000E+00 -0.10167E+01  0.00000E+00 -0.82030E-03 -0.99527E+01  0.00000E+00 -0.99734E+01  0.00000E+00 -0.78671E-02  0.00000E+00  0.00000E+00 -0.14676E+04  0.16704E-01  0.20706E-01  0.43598E+03  0.99734E+01  0.00000E+00    236  0.00000E+00      0.000
      19.9572 -0.10000E+01  0.00000E+00 -0.10184E+01  0.00000E+00 -0.82034E-03 -0.99563E+01  0.00000E+00 -0.99770E+01  0.00000E+00 -0.78700E-02  0.00000E+00  0.00000E+00 -0.14676E+04  0.18416E-01  0.20772E-01  0.43598E+03  0.99770E+01  0.00000E+00    237  0.00000E+00      0.000
      19.9608 -0.10000E+01  0.00000E+00 -0.10206E+01  0.00000E+00 -0.82029E-03 -0.99599E+01  0.00000E+00 -0.99807E+01  0.00000E+00 -0.78729E-02  0.00000E+00  0.00000E+00 -0.14676E+04  0.20645E-01  0.20845E-01  0.43599E+03  0.99807E+01  0.00000E+00    238  0.00000E+00      0.000
      19.9643 -0.10000E+01  0.00000E+00 -0.10233E+01  0.00000E+00 -0.77838E-03 -0.99634E+01  0.00000E+00 -0.99843E+01  0.00000E+00 -0.78757E-02  0.00000E+00  0.00000E+00 -0.14676E+04  0.23330E-01  0.20928E-01  0.43599E+03  0.99843E+01  0.00000E+00    239  0.00000E+00      0.000
      19.9679 -0.10000E+01  0.00000E+00 -0.10280E+01  0.00000E+00 -0.82065E-03 -0.99670E+01  0.00000E+00 -0.99880E+01  0.00000E+00 -0.78786E-02  0.00000E+00  0.00000E+00 -0.14676E+04  0.27998E-01  0.21028E-01  0.43599E+03  0.99880E+01  0.00000E+00    240  0.00000E+00      0.000
      19.9715 -0.10000E+01  0.00000E+00 -0.10345E+01  0.00000E+00 -0.82059E-03 -0.99705E+01  0.00000E+00 -0.99917E+01  0.00000E+00 -0.78816E-02  0.00000E+00  0.00000E+00 -0.14676E+04  0.34527E-01  0.21151E-01  0.43600E+03  0.99917E+01  0.00000E+00    241  0.00000E+00      0.000
      19.9750 -0.10000E+01  0.00000E+00 -0.10502E+01  0.00000E+00 -0.77884E-03 -0.99741E+01  0.00000E+00 -0.99954E+01  0.00000E+00 -0.78843E-02  0.00000E+00  0.00000E+00 -0.14676E+04  0.50205E-01  0.21330E-01  0.43600E+03  0.99954E+01  0.00000E+00    242  0.00000E+00      0.000
      19.9786 -0.10000E+01  0.00000E+00 -0.86238E+00  0.00000E+00 -0.77882E-03 -0.99777E+01  0.00000E+00 -0.99985E+01  0.00000E+00 -0.78871E-02  0.00000E+00  0.00000E+00 -0.14676E+04  0.13762E+00  0.21821E-01  0.43600E+03  0.99985E+01  0.00000E+00    243  0.00000E+00      0.000
      19.9829 -0.10000E+01  0.00000E+00 -0.85319E+00  0.00000E+00 -0.81353E-03 -0.99820E+01  0.00000E+00 -0.10002E+02  0.00000E+00 -0.78906E-02  0.00000E+00  0.00000E+00 -0.14676E+04  0.14681E+00  0.22449E-01  0.43601E+03  0.10002E+02  0.00000E+00    244  0.00000E+00      0.000
      19.9886 -0.10000E+01  0.00000E+00 -0.85080E+00  0.00000E+00 -0.80478E-03 -0.99877E+01  0.00000E+00 -0.10007E+02  0.00000E+00 -0.78952E-02  0.00000E+00  0.00000E+00 -0.14676E+04  0.14920E+00  0.23300E-01  0.43601E+03  0.10007E+02  0.00000E+00    245  0.00000E+00      0.000
      19.9924 -0.10000E+01  0.00000E+00 -0.10233E+01  0.00000E+00 -0.79169E-03 -0.99915E+01  0.00000E+00 -0.10011E+02  0.00000E+00 -0.78982E-02  0.00000E+00  0.00000E+00 -0.14676E+04  0.23266E-01  0.23389E-01  0.43602E+03  0.10011E+02  0.00000E+00    246  0.00000E+00      0.000
      19.9962 -0.10000E+01  0.00000E+00 -0.10260E+01  0.00000E+00 -0.79167E-03 -0.99953E+01  0.00000E+00 -0.10015E+02  0.00000E+00 -0.79012E-02  0.00000E+00  0.00000E+00 -0.14676E+04  0.25997E-01  0.23488E-01  0.43602E+03  0.10015E+02  0.00000E+00    247  0.00000E+00      0.000
      20.0000 -0.10000E+01  0.00000E+00 -0.10372E+01  0.00000E+00 -0.79161E-03 -0.99991E+01  0.00000E+00 -0.10019E+02  0.00000E+00 -0.79042E-02  0.00000E+00  0.00000E+00 -0.14676E+04  0.37224E-01  0.23629E-01  0.43602E+03  0.10019E+02  0.00000E+00    248  0.00000E+00      0.000
      20.0038  0.00000E+00  0.00000E+00  0.35763E-04  0.00000E+00 -0.79161E-03 -0.99991E+01  0.00000E+00 -0.10019E+02  0.00000E+00 -0.79072E-02 -0.36526E+01  0.00000E+00 -0.14676E+04  0.00000E+00  0.23629E-01  0.43602E+03  0.10019E+02  0.13603E-06    249  0.00000E+00      0.000
      20.0087  0.00000E+00  0.00000E+00 -0.22769E-04  0.00000E+00 -0.80663E-03 -0.99991E+01  0.00000E+00 -0.10019E+02  0.00000E+00 -0.79112E-02 -0.65837E+01  0.00000E+00 -0.14676E+04  0.00000E+00  0.23629E-01  0.43602E+03  0.10019E+02  0.13603E-06    250  0.00000E+00      0.000
      20.0137  0.00000E+00  0.00000E+00  0.10848E-04  0.00000E+00 -0.80663E-03 -0.99991E+01  0.00000E+00 -0.10019E+02  0.00000E+00 -0.79152E-02 -0.99290E+01  0.00000E+00 -0.14676E+04  0.00000E+00  0.23629E-01  0.43602E+03  0.10019E+02  0.18967E-06    251  0.00000E+00      0.000
      20.0201  0.00000E+00  0.00000E+00  0.20027E-04  0.00000E+00 -0.80194E-03 -0.99991E+01  0.00000E+00 -0.10019E+02  0.00000E+00 -0.79204E-02 -0.12331E+02  0.00000E+00 -0.14676E+04  0.00000E+00  0.23629E-01  0.43602E+03  0.10019E+02  0.31840E-06    252  0.00000E+00      0.000
      20.0285  0.00000E+00  0.00000E+00  0.12755E-04  0.00000E+00 -0.79115E-03 -0.99991E+01  0.00000E+00 -0.10019E+02  0.00000E+00 -0.79270E-02 -0.15374E+02  0.00000E+00 -0.14676E+04  0.00000E+00  0.23629E-01  0.43602E+03  0.10019E+02  0.42499E-06    253  0.00000E+00      0.000
      20.0393  0.00000E+00  0.00000E+00  0.19372E-05  0.00000E+00 -0.79513E-03 -0.99991E+01  0.00000E+00 -0.10019E+02  0.00000E+00 -0.79356E-02 -0.18489E+02  0.00000E+00 -0.14676E+04  0.00000E+00  0.23629E-01  0.43602E+03  0.10019E+02  0.44604E-06    254  0.00000E+00      0.000
      20.0535  0.00000E+00  0.00000E+00  0.59903E-05  0.00000E+00 -0.79711E-03 -0.99991E+01  0.00000E+00 -0.10019E+02  0.00000E+00 -0.79469E-02 -0.22049E+02  0.00000E+00 -0.14676E+04  0.00000E+00  0.23629E-01  0.43602E+03  0.10019E+02  0.53064E-06    255  0.00000E+00      0.000
      20.0718  0.00000E+00  0.00000E+00 -0.73910E-05  0.00000E+00 -0.79207E-03 -0.99991E+01  0.00000E+00 -0.10019E+02  0.00000E+00 -0.79614E-02 -0.25983E+02  0.00000E+00 -0.14676E+04  0.00000E+00  0.23629E-01  0.43602E+03  0.10019E+02  0.53064E-06    256  0.00000E+00      0.000
      20.0957  0.00000E+00  0.00000E+00 -0.61542E-05  0.00000E+00 -0.79929E-03 -0.99991E+01  0.00000E+00 -0.10019E+02  0.00000E+00 -0.79805E-02 -0.30456E+02  0.00000E+00 -0.14676E+04  0.00000E+00  0.23629E-01  0.43602E+03  0.10019E+02  0.53064E-06    257  0.00000E+00      0.000
      20.1267  0.00000E+00  0.00000E+00 -0.24438E-05  0.00000E+00 -0.79904E-03 -0.99991E+01  0.00000E+00 -0.10019E+02  0.00000E+00 -0.80053E-02 -0.35476E+02  0.00000E+00 -0.14675E+04  0.00000E+00  0.23629E-01  0.43602E+03  0.10019E+02  0.53064E-06    258  0.00000E+00      0.000
      20.1671  0.00000E+00  0.00000E+00 -0.87917E-06  0.00000E+00 -0.79755E-03 -0.99991E+01  0.00000E+00 -0.10019E+02  0.00000E+00 -0.80374E-02 -0.41151E+02  0.00000E+00 -0.14675E+04  0.00000E+00  0.23629E-01  0.43602E+03  0.10019E+02  0.53064E-06    259  0.00000E+00      0.000
      20.2195  0.00000E+00  0.00000E+00  0.26375E-05  0.00000E+00 -0.79795E-03 -0.99991E+01  0.00000E+00 -0.10019E+02  0.00000E+00 -0.80793E-02 -0.47621E+02  0.00000E+00 -0.14675E+04  0.00000E+00  0.23629E-01  0.43602E+03  0.10019E+02  0.66894E-06    260  0.00000E+00      0.000
      20.2877  0.00000E+00  0.00000E+00 -0.31292E-06  0.00000E+00 -0.79692E-03 -0.99991E+01  0.00000E+00 -0.10019E+02  0.00000E+00 -0.81336E-02 -0.54921E+02  0.00000E+00 -0.14674E+04  0.00000E+00  0.23629E-01  0.43602E+03  0.10019E+02  0.66894E-06    261  0.00000E+00      0.000
      20.3763  0.00000E+00  0.00000E+00  0.14156E-05  0.00000E+00 -0.79581E-03 -0.99991E+01  0.00000E+00 -0.10019E+02  0.00000E+00 -0.82041E-02 -0.63229E+02  0.00000E+00 -0.14674E+04  0.00000E+00  0.23629E-01  0.43602E+03  0.10019E+02  0.79438E-06    262  0.00000E+00      0.000
      20.4915  0.00000E+00  0.00000E+00 -0.20862E-06  0.00000E+00 -0.79684E-03 -0.99991E+01  0.00000E+00 -0.10019E+02  0.00000E+00 -0.82959E-02 -0.72654E+02  0.00000E+00 -0.14673E+04  0.00000E+00  0.23629E-01  0.43602E+03  0.10019E+02  0.79438E-06    263  0.00000E+00      0.000
      20.6412  0.00000E+00  0.00000E+00 -0.19372E-06  0.00000E+00 -0.79671E-03 -0.99991E+01  0.00000E+00 -0.10019E+02  0.00000E+00 -0.84152E-02 -0.83337E+02  0.00000E+00 -0.14672E+04  0.00000E+00  0.23629E-01  0.43602E+03  0.10019E+02  0.79438E-06    264  0.00000E+00      0.000
      20.8359  0.00000E+00  0.00000E+00 -0.43213E-06  0.00000E+00 -0.79733E-03 -0.99991E+01  0.00000E+00 -0.10019E+02  0.00000E+00 -0.85705E-02 -0.95428E+02  0.00000E+00 -0.14671E+04  0.00000E+00  0.23629E-01  0.43602E+03  0.10019E+02  0.79438E-06    265  0.00000E+00      0.000
      21.0890  0.00000E+00  0.00000E+00  0.36508E-06  0.00000E+00 -0.79744E-03 -0.99991E+01  0.00000E+00 -0.10019E+02  0.00000E+00 -0.87723E-02 -0.10908E+03  0.00000E+00 -0.14670E+04  0.00000E+00  0.23629E-01  0.43602E+03  0.10019E+02  0.88678E-06    266  0.00000E+00      0.000
      21.4181  0.00000E+00  0.00000E+00 -0.89407E-07  0.00000E+00 -0.79730E-03 -0.99991E+01  0.00000E+00 -0.10019E+02  0.00000E+00 -0.90346E-02 -0.12457E+03  0.00000E+00 -0.14668E+04  0.00000E+00  0.23629E-01  0.43602E+03  0.10019E+02  0.88678E-06    267  0.00000E+00      0.000
      21.8458  0.00000E+00  0.00000E+00  0.22352E-07  0.00000E+00 -0.79777E-03 -0.99991E+01  0.00000E+00 -0.10019E+02  0.00000E+00 -0.93759E-02 -0.14206E+03  0.00000E+00 -0.14665E+04  0.00000E+00  0.23629E-01  0.43602E+03  0.10019E+02  0.89634E-06    268  0.00000E+00      0.000
      22.4018  0.00000E+00  0.00000E+00  0.11921E-06  0.00000E+00 -0.79848E-03 -0.99991E+01  0.00000E+00 -0.10019E+02  0.00000E+00 -0.98199E-02 -0.16178E+03  0.00000E+00 -0.14662E+04  0.00000E+00  0.23629E-01  0.43602E+03  0.10019E+02  0.96263E-06    269  0.00000E+00      0.000
      23.1247  0.00000E+00  0.00000E+00 -0.29802E-07  0.00000E+00 -0.79890E-03 -0.99991E+01  0.00000E+00 -0.10019E+02  0.00000E+00 -0.10397E-01 -0.18342E+03  0.00000E+00 -0.14659E+04  0.00000E+00  0.23629E-01  0.43602E+03  0.10019E+02  0.96263E-06    270  0.00000E+00      0.000
      24.1069  0.00000E+00  0.00000E+00 -0.12293E-06  0.00000E+00 -0.79977E-03 -0.99991E+01  0.00000E+00 -0.10019E+02  0.00000E+00 -0.11183E-01 -0.20925E+03  0.00000E+00 -0.14654E+04  0.00000E+00  0.23629E-01  0.43602E+03  0.10019E+02  0.96263E-06    271  0.00000E+00      0.000
      25.2855  0.00000E+00  0.00000E+00  0.83819E-07  0.00000E+00 -0.80068E-03 -0.99991E+01  0.00000E+00 -0.10019E+02  0.00000E+00 -0.12127E-01 -0.23504E+03  0.00000E+00 -0.14648E+04  0.00000E+00  0.23629E-01  0.43602E+03  0.10019E+02  0.10614E-05    272  0.00000E+00      0.000
      26.8570  0.00000E+00  0.00000E+00  0.44703E-07  0.00000E+00 -0.80182E-03 -0.99991E+01  0.00000E+00 -0.10019E+02  0.00000E+00 -0.13387E-01 -0.26560E+03  0.00000E+00 -0.14641E+04  0.00000E+00  0.23629E-01  0.43602E+03  0.10019E+02  0.11317E-05    273  0.00000E+00      0.000
      28.4285  0.00000E+00  0.00000E+00 -0.11921E-06  0.00000E+00 -0.80291E-03 -0.99991E+01  0.00000E+00 -0.10019E+02  0.00000E+00 -0.14648E-01 -0.29158E+03  0.00000E+00 -0.14634E+04  0.00000E+00  0.23629E-01  0.43602E+03  0.10019E+02  0.11317E-05    274  0.00000E+00      0.000
      30.0000  0.00000E+00  0.00000E+00 -0.61467E-07  0.00000E+00 -0.80398E-03 -0.99991E+01  0.00000E+00 -0.10019E+02  0.00000E+00 -0.15912E-01 -0.31601E+03  0.00000E+00 -0.14627E+04  0.00000E+00  0.23629E-01  0.43602E+03  0.10019E+02  0.11317E-05    275  0.00000E+00      0.000
      32.0000  0.00000E+00  0.00000E+00 -0.55879E-07  0.00000E+00 -0.80532E-03 -0.99991E+01  0.00000E+00 -0.10019E+02  0.00000E+00 -0.17523E-01 -0.34299E+03  0.00000E+00 -0.14619E+04  0.00000E+00  0.23629E-01  0.43601E+03  0.10019E+02  0.11317E-05    276  0.00000E+00      0.000
      34.6667  0.00000E+00  0.00000E+00  0.54017E-07  0.00000E+00 -0.80699E-03 -0.99991E+01  0.00000E+00 -0.10019E+02  0.00000E+00 -0.19674E-01 -0.37347E+03  0.00000E+00 -0.14608E+04  0.00000E+00  0.23629E-01  0.43601E+03  0.10019E+02  0.12757E-05    277  0.00000E+00      0.000
      37.3333  0.00000E+00  0.00000E+00 -0.61467E-07  0.00000E+00 -0.80858E-03 -0.99991E+01  0.00000E+00 -0.10019E+02  0.00000E+00 -0.21831E-01 -0.40328E+03  0.00000E+00 -0.14599E+04  0.00000E+00  0.23629E-01  0.43601E+03  0.10019E+02  0.12757E-05    278  0.00000E+00      0.000
      40.0000  0.00000E+00  0.00000E+00  0.48429E-07  0.00000E+00 -0.81009E-03 -0.99991E+01  0.00000E+00 -0.10019E+02  0.00000E+00 -0.23991E-01 -0.42968E+03  0.00000E+00 -0.14589E+04  0.00000E+00  0.23629E-01  0.43601E+03  0.10019E+02  0.14049E-05    279  0.00000E+00      0.000
      45.0000  0.00000E+00  0.00000E+00 -0.18161E-07  0.00000E+00 -0.81276E-03 -0.99991E+01  0.00000E+00 -0.10019E+02  0.00000E+00 -0.28055E-01 -0.47040E+03  0.00000E+00 -0.14573E+04  0.00000E+00  0.23629E-01  0.43600E+03  0.10019E+02  0.14049E-05    280  0.00000E+00      0.000
      50.0000  0.00000E+00  0.00000E+00 -0.69849E-08  0.00000E+00 -0.81532E-03 -0.99991E+01  0.00000E+00 -0.10019E+02  0.00000E+00 -0.32131E-01 -0.50991E+03  0.00000E+00 -0.14558E+04  0.00000E+00  0.23629E-01  0.43600E+03  0.10019E+02  0.14049E-05    281  0.00000E+00      0.000
      55.0000  0.00000E+00  0.00000E+00  0.23283E-07  0.00000E+00 -0.81772E-03 -0.99991E+01  0.00000E+00 -0.10019E+02  0.00000E+00 -0.36220E-01 -0.54452E+03  0.00000E+00 -0.14543E+04  0.00000E+00  0.23629E-01  0.43600E+03  0.10019E+02  0.15213E-05    282  0.00000E+00      0.000
      60.0000  0.00000E+00  0.00000E+00 -0.97789E-08  0.00000E+00 -0.82002E-03 -0.99991E+01  0.00000E+00 -0.10019E+02  0.00000E+00 -0.40320E-01 -0.57479E+03  0.00000E+00 -0.14529E+04  0.00000E+00  0.23629E-01  0.43599E+03  0.10019E+02  0.15213E-05    283  0.00000E+00      0.000
      70.0000  0.00000E+00  0.00000E+00  0.16298E-08  0.00000E+00 -0.82424E-03 -0.99991E+01  0.00000E+00 -0.10019E+02  0.00000E+00 -0.48562E-01 -0.63181E+03  0.00000E+00 -0.14504E+04  0.00000E+00  0.23629E-01  0.43598E+03  0.10019E+02  0.15376E-05    284  0.00000E+00      0.000
      80.0000  0.00000E+00  0.00000E+00  0.14203E-07  0.00000E+00 -0.82817E-03 -0.99991E+01  0.00000E+00 -0.10019E+02  0.00000E+00 -0.56844E-01 -0.68258E+03  0.00000E+00 -0.14480E+04  0.00000E+00  0.23629E-01  0.43597E+03  0.10019E+02  0.16796E-05    285  0.00000E+00      0.000
      90.0000  0.00000E+00  0.00000E+00 -0.20955E-07  0.00000E+00 -0.83190E-03 -0.99991E+01  0.00000E+00 -0.10019E+02  0.00000E+00 -0.65163E-01 -0.72617E+03  0.00000E+00 -0.14458E+04  0.00000E+00  0.23629E-01  0.43597E+03  0.10019E+02  0.16796E-05    286  0.00000E+00      0.000
      90.0001 -0.10000E-01  0.00000E+00 -0.11612E-01  0.00000E+00 -0.90168E-03 -0.99991E+01  0.00000E+00 -0.10019E+02  0.00000E+00 -0.65163E-01 -0.72612E+03  0.00000E+00 -0.14458E+04  0.16117E-02  0.23629E-01  0.43597E+03  0.10019E+02  0.16796E-05    287  0.00000E+00      0.000
      90.0002 -0.10000E-01  0.00000E+00 -0.95474E-02  0.00000E+00 -0.90164E-03 -0.99991E+01  0.00000E+00 -0.10019E+02  0.00000E+00 -0.65163E-01 -0.72613E+03  0.00000E+00 -0.14458E+04  0.45259E-03  0.23629E-01  0.43597E+03  0.10019E+02  0.16796E-05    288  0.00000E+00      0.000
      90.0004 -0.10000E-01  0.00000E+00 -0.97256E-02  0.00000E+00 -0.90167E-03 -0.99991E+01  0.00000E+00 -0.10019E+02  0.00000E+00 -0.65163E-01 -0.72612E+03  0.00000E+00 -0.14458E+04  0.27440E-03  0.23629E-01  0.43597E+03  0.10019E+02  0.16796E-05    289  0.00000E+00      0.000
      90.0006 -0.10000E-01  0.00000E+00 -0.94546E-02  0.00000E+00 -0.90166E-03 -0.99991E+01  0.00000E+00 -0.10019E+02  0.00000E+00 -0.65164E-01 -0.72612E+03  0.00000E+00 -0.14458E+04  0.54541E-03  0.23630E-01  0.43597E+03  0.10019E+02  0.16796E-05    290  0.00000E+00      0.000
      90.0009 -0.10000E-01  0.00000E+00 -0.99776E-02  0.00000E+00 -0.90170E-03 -0.99991E+01  0.00000E+00 -0.10019E+02  0.00000E+00 -0.65164E-01 -0.72612E+03  0.00000E+00 -0.14458E+04  0.22413E-04  0.23630E-01  0.43597E+03  0.10019E+02  0.16796E-05    291  0.00000E+00      0.000
      90.0013 -0.10000E-01  0.00000E+00 -0.98985E-02  0.00000E+00 -0.90168E-03 -0.99991E+01  0.00000E+00 -0.10019E+02  0.00000E+00 -0.65164E-01 -0.72611E+03  0.00000E+00 -0.14458E+04  0.10149E-03  0.23630E-01  0.43597E+03  0.10019E+02  0.16796E-05    292  0.00000E+00      0.000
      90.0018 -0.10000E-01  0.00000E+00 -0.10085E-01  0.00000E+00 -0.90169E-03 -0.99991E+01  0.00000E+00 -0.10019E+02  0.00000E+00 -0.65165E-01 -0.72611E+03  0.00000E+00 -0.14458E+04  0.85426E-04  0.23630E-01  0.43597E+03  0.10019E+02  0.16796E-05    293  0.00000E+00      0.000
      90.0024 -0.10000E-01  0.00000E+00 -0.98028E-02  0.00000E+00 -0.90167E-03 -0.99991E+01  0.00000E+00 -0.10019E+02  0.00000E+00 -0.65165E-01 -0.72610E+03  0.00000E+00 -0.14458E+04  0.19724E-03  0.23630E-01  0.43597E+03  0.10019E+02  0.16796E-05    294  0.00000E+00      0.000
      90.0032 -0.10000E-01  0.00000E+00 -0.99883E-02  0.00000E+00 -0.90168E-03 -0.99991E+01  0.00000E+00 -0.10019E+02  0.00000E+00 -0.65166E-01 -0.72609E+03  0.00000E+00 -0.14458E+04  0.11721E-04  0.23630E-01  0.43597E+03  0.10019E+02  0.16796E-05    295  0.00000E+00      0.000
      90.0043 -0.10000E-01  0.00000E+00 -0.99921E-02  0.00000E+00 -0.76117E-03 -0.99991E+01  0.00000E+00 -0.10019E+02  0.00000E+00 -0.65167E-01 -0.72608E+03  0.00000E+00 -0.14458E+04  0.00000E+00  0.23630E-01  0.43597E+03  0.10019E+02  0.16796E-05    296  0.00000E+00      0.000
      90.0056 -0.10000E-01  0.00000E+00 -0.10040E-01  0.00000E+00 -0.79360E-03 -0.99991E+01  0.00000E+00 -0.10019E+02  0.00000E+00 -0.65168E-01 -0.72606E+03  0.00000E+00 -0.14458E+04  0.40306E-04  0.23630E-01  0.43597E+03  0.10019E+02  0.16796E-05    297  0.00000E+00      0.000
      90.0074 -0.10000E-01  0.00000E+00 -0.10014E-01  0.00000E+00 -0.81855E-03 -0.99991E+01  0.00000E+00 -0.10019E+02  0.00000E+00 -0.65169E-01 -0.72604E+03  0.00000E+00 -0.14458E+04  0.13504E-04  0.23630E-01  0.43597E+03  0.10019E+02  0.16796E-05    298  0.00000E+00      0.000
      90.0098 -0.10000E-01  0.00000E+00 -0.99964E-02  0.00000E+00 -0.83774E-03 -0.99992E+01  0.00000E+00 -0.10019E+02  0.00000E+00 -0.65171E-01 -0.72601E+03  0.00000E+00 -0.14458E+04  0.00000E+00  0.23630E-01  0.43597E+03  0.10019E+02  0.16796E-05    299  0.00000E+00      0.000
      90.0128 -0.10000E-01  0.00000E+00 -0.99973E-02  0.00000E+00 -0.80329E-03 -0.99992E+01  0.00000E+00 -0.10019E+02  0.00000E+00 -0.65174E-01 -0.72597E+03  0.00000E+00 -0.14458E+04  0.00000E+00  0.23630E-01  0.43597E+03  0.10019E+02  0.16796E-05    300  0.00000E+00      0.000
      90.0167 -0.10000E-01  0.00000E+00 -0.99962E-02  0.00000E+00 -0.82598E-03 -0.99992E+01  0.00000E+00 -0.10019E+02  0.00000E+00 -0.65177E-01 -0.72593E+03  0.00000E+00 -0.14458E+04  0.00000E+00  0.23630E-01  0.43597E+03  0.10019E+02  0.16796E-05    301  0.00000E+00      0.000
      90.0218 -0.10000E-01  0.00000E+00 -0.10026E-01  0.00000E+00 -0.81432E-03 -0.99993E+01  0.00000E+00 -0.10019E+02  0.00000E+00 -0.65181E-01 -0.72587E+03  0.00000E+00 -0.14458E+04  0.26057E-04  0.23630E-01  0.43597E+03  0.10019E+02  0.16796E-05    302  0.00000E+00      0.000
      90.0285 -0.10000E-01  0.00000E+00 -0.99826E-02  0.00000E+00 -0.83445E-03 -0.99994E+01  0.00000E+00 -0.10019E+02  0.00000E+00 -0.65187E-01 -0.72579E+03  0.00000E+00 -0.14458E+04  0.17370E-04  0.23630E-01  0.43597E+03  0.10019E+02  0.16796E-05    303  0.00000E+00      0.000
      90.0372 -0.10000E-01  0.00000E+00 -0.10003E-01  0.00000E+00 -0.83273E-03 -0.99994E+01  0.00000E+00 -0.10019E+02  0.00000E+00 -0.65194E-01 -0.72569E+03  0.00000E+00 -0.14458E+04  0.00000E+00  0.23630E-01  0.43597E+03  0.10019E+02  0.16796E-05    304  0.00000E+00      0.000
      90.0484 -0.10000E-01  0.00000E+00 -0.99973E-02  0.00000E+00 -0.83538E-03 -0.99996E+01  0.00000E+00 -0.10019E+02  0.00000E+00 -0.65203E-01 -0.72556E+03  0.00000E+00 -0.14458E+04  0.00000E+00  0.23630E-01  0.43597E+03  0.10019E+02  0.16796E-05    305  0.00000E+00      0.000
      90.0630 -0.10000E-01  0.00000E+00 -0.10007E-01  0.00000E+00 -0.83027E-03 -0.99997E+01  0.00000E+00 -0.10019E+02  0.00000E+00 -0.65215E-01 -0.72539E+03  0.00000E+00 -0.14458E+04  0.00000E+00  0.23630E-01  0.43597E+03  0.10019E+02  0.16796E-05    306  0.00000E+00      0.000
      90.0820 -0.10000E-01  0.00000E+00 -0.99994E-02  0.00000E+00 -0.83104E-03 -0.99999E+01  0.00000E+00 -0.10020E+02  0.00000E+00 -0.65231E-01 -0.72517E+03  0.00000E+00 -0.14458E+04  0.00000E+00  0.23630E-01  0.43597E+03  0.10020E+02  0.16796E-05    307  0.00000E+00      0.000
      90.1067 -0.10000E-01  0.00000E+00 -0.10003E-01  0.00000E+00 -0.82926E-03 -0.10000E+02  0.00000E+00 -0.10020E+02  0.00000E+00 -0.65252E-01 -0.72489E+03  0.00000E+00 -0.14458E+04  0.00000E+00  0.23630E-01  0.43597E+03  0.10020E+02  0.16796E-05    308  0.00000E+00      0.000
      90.1388 -0.10000E-01  0.00000E+00 -0.99984E-02  0.00000E+00 -0.83201E-03 -0.10000E+02  0.00000E+00 -0.10020E+02  0.00000E+00 -0.65278E-01 -0.72453E+03  0.00000E+00 -0.14458E+04  0.00000E+00  0.23630E-01  0.43597E+03  0.10020E+02  0.16796E-05    309  0.00000E+00      0.000
      90.1806 -0.10000E-01  0.00000E+00 -0.99970E-02  0.00000E+00 -0.83380E-03 -0.10001E+02  0.00000E+00 -0.10021E+02  0.00000E+00 -0.65313E-01 -0.72407E+03  0.00000E+00 -0.14458E+04  0.00000E+00  0.23630E-01  0.43597E+03  0.10021E+02  0.16796E-05    310  0.00000E+00      0.000
      90.2349 -0.10000E-01  0.00000E+00 -0.10000E-01  0.00000E+00 -0.83299E-03 -0.10001E+02  0.00000E+00 -0.10021E+02  0.00000E+00 -0.65358E-01 -0.72350E+03  0.00000E+00 -0.14458E+04  0.00000E+00  0.23630E-01  0.43597E+03  0.10021E+02  0.16796E-05    311  0.00000E+00      0.000
      90.3054 -0.10000E-01  0.00000E+00 -0.10001E-01  0.00000E+00 -0.83195E-03 -0.10002E+02  0.00000E+00 -0.10022E+02  0.00000E+00 -0.65417E-01 -0.72277E+03  0.00000E+00 -0.14457E+04  0.00000E+00  0.23630E-01  0.43597E+03  0.10022E+02  0.16796E-05    312  0.00000E+00      0.000
      90.3972 -0.10000E-01  0.00000E+00 -0.99987E-02  0.00000E+00 -0.83182E-03 -0.10003E+02  0.00000E+00 -0.10023E+02  0.00000E+00 -0.65494E-01 -0.72187E+03  0.00000E+00 -0.14457E+04  0.00000E+00  0.23630E-01  0.43597E+03  0.10023E+02  0.16796E-05    313  0.00000E+00      0.000
      90.5164 -0.10000E-01  0.00000E+00 -0.10001E-01  0.00000E+00 -0.83165E-03 -0.10004E+02  0.00000E+00 -0.10024E+02  0.00000E+00 -0.65593E-01 -0.72076E+03  0.00000E+00 -0.14457E+04  0.00000E+00  0.23630E-01  0.43597E+03  0.10024E+02  0.16796E-05    314  0.00000E+00      0.000
      90.6715 -0.10000E-01  0.00000E+00 -0.10000E-01  0.00000E+00 -0.83237E-03 -0.10006E+02  0.00000E+00 -0.10025E+02  0.00000E+00 -0.65722E-01 -0.71942E+03  0.00000E+00 -0.14457E+04  0.00000E+00  0.23630E-01  0.43597E+03  0.10025E+02  0.16796E-05    315  0.00000E+00      0.000
      90.8730 -0.10000E-01  0.00000E+00 -0.10000E-01  0.00000E+00 -0.83215E-03 -0.10008E+02  0.00000E+00 -0.10027E+02  0.00000E+00 -0.65889E-01 -0.71783E+03  0.00000E+00 -0.14456E+04  0.00000E+00  0.23630E-01  0.43597E+03  0.10027E+02  0.16796E-05    316  0.00000E+00      0.000
      91.1350 -0.10000E-01  0.00000E+00 -0.99999E-02  0.00000E+00 -0.83217E-03 -0.10010E+02  0.00000E+00 -0.10030E+02  0.00000E+00 -0.66107E-01 -0.71600E+03  0.00000E+00 -0.14456E+04  0.00000E+00  0.23630E-01  0.43598E+03  0.10030E+02  0.16796E-05    317  0.00000E+00      0.000
      91.4756 -0.10000E-01  0.00000E+00 -0.10000E-01  0.00000E+00 -0.83243E-03 -0.10014E+02  0.00000E+00 -0.10033E+02  0.00000E+00 -0.66391E-01 -0.71396E+03  0.00000E+00 -0.14455E+04  0.00000E+00  0.23630E-01  0.43598E+03  0.10033E+02  0.16796E-05    318  0.00000E+00      0.000
      91.9184 -0.10000E-01  0.00000E+00 -0.10000E-01  0.00000E+00 -0.83258E-03 -0.10018E+02  0.00000E+00 -0.10038E+02  0.00000E+00 -0.66760E-01 -0.71177E+03  0.00000E+00 -0.14454E+04  0.00000E+00  0.23630E-01  0.43598E+03  0.10038E+02  0.16796E-05    319  0.00000E+00      0.000
      92.4940 -0.10000E-01  0.00000E+00 -0.99998E-02  0.00000E+00 -0.83289E-03 -0.10024E+02  0.00000E+00 -0.10044E+02  0.00000E+00 -0.67239E-01 -0.70955E+03  0.00000E+00 -0.14453E+04  0.00000E+00  0.23630E-01  0.43599E+03  0.10044E+02  0.16796E-05    320  0.00000E+00      0.000
      93.2446 -0.10000E-01  0.00000E+00 -0.99999E-02  0.00000E+00 -0.83317E-03 -0.10032E+02  0.00000E+00 -0.10051E+02  0.00000E+00 -0.67864E-01 -0.70744E+03  0.00000E+00 -0.14451E+04  0.00000E+00  0.23630E-01  0.43600E+03  0.10051E+02  0.16796E-05    321  0.00000E+00      0.000
      94.2096 -0.10000E-01  0.00000E+00 -0.10000E-01  0.00000E+00 -0.83344E-03 -0.10041E+02  0.00000E+00 -0.10061E+02  0.00000E+00 -0.68669E-01 -0.70565E+03  0.00000E+00 -0.14449E+04  0.00000E+00  0.23630E-01  0.43601E+03  0.10061E+02  0.16796E-05    322  0.00000E+00      0.000
      95.3677 -0.10000E-01  0.00000E+00 -0.10000E-01  0.00000E+00 -0.83394E-03 -0.10053E+02  0.00000E+00 -0.10072E+02  0.00000E+00 -0.69635E-01 -0.70439E+03  0.00000E+00 -0.14446E+04  0.00000E+00  0.23630E-01  0.43602E+03  0.10072E+02  0.16796E-05    323  0.00000E+00      0.000
      96.9118 -0.10000E-01  0.00000E+00 -0.10000E-01  0.00000E+00 -0.83446E-03 -0.10068E+02  0.00000E+00 -0.10088E+02  0.00000E+00 -0.70923E-01 -0.70374E+03  0.00000E+00 -0.14443E+04  0.00000E+00  0.23630E-01  0.43603E+03  0.10088E+02  0.16796E-05    324  0.00000E+00      0.000
     100.0000 -0.10000E-01  0.00000E+00 -0.10000E-01  0.00000E+00 -0.83553E-03 -0.10099E+02  0.00000E+00 -0.10119E+02  0.00000E+00 -0.73503E-01 -0.70451E+03  0.00000E+00 -0.14437E+04  0.00000E+00  0.23630E-01  0.43606E+03  0.10119E+02  0.16796E-05    325  0.00000E+00      0.000
     102.5000  0.00000E+00  0.00000E+00  0.23283E-08  0.00000E+00 -0.83635E-03 -0.10099E+02  0.00000E+00 -0.10119E+02  0.00000E+00 -0.75594E-01 -0.73125E+03  0.00000E+00 -0.14431E+04  0.00000E+00  0.23630E-01  0.43606E+03  0.10119E+02  0.16854E-05    326  0.00000E+00      0.000
     106.2500  0.00000E+00  0.00000E+00  0.12107E-07  0.00000E+00 -0.83766E-03 -0.10099E+02  0.00000E+00 -0.10119E+02  0.00000E+00 -0.78735E-01 -0.75353E+03  0.00000E+00 -0.14424E+04  0.00000E+00  0.23630E-01  0.43605E+03  0.10119E+02  0.17308E-05    327  0.00000E+00      0.000
     110.0000  0.00000E+00  0.00000E+00 -0.36554E-07  0.00000E+00 -0.83891E-03 -0.10099E+02  0.00000E+00 -0.10119E+02  0.00000E+00 -0.81881E-01 -0.77834E+03  0.00000E+00 -0.14416E+04  0.00000E+00  0.23630E-01  0.43605E+03  0.10119E+02  0.17308E-05    328  0.00000E+00      0.000
end
