 ******* Program HYDRUS
 ******* 
 Welcome to HYDRUS-1D                                                    
 Date:  15. 2.    Time:  15:10:24
 Units: L = mm   , T = min  , M = mmol 

----------------------------------------------------------
 Time       [T]       10.0000
----------------------------------------------------------
 Sub-region num.                     1            2
----------------------------------------------------------
 Length   [L]        0.10000E+04  0.10000E+04  0.00000E+00
 W-volume [L]        0.45672E+03  0.45672E+03  0.00000E+00
 In-flow  [L/T]      0.00000E+00  0.00000E+00  0.00000E+00
 h Mean   [L]       -0.22948E+04 -0.22948E+04  0.00000E+00
 Top Flux [L/T]     -0.48468E-05
 Bot Flux [L/T]      0.97892E-03
----------------------------------------------------------

----------------------------------------------------------
 Time       [T]       10.0010
----------------------------------------------------------
 Sub-region num.                     1            2
----------------------------------------------------------
 Length   [L]        0.10000E+04  0.10000E+04  0.00000E+00
 W-volume [L]        0.45672E+03  0.45672E+03  0.00000E+00
 In-flow  [L/T]      0.57220E-02  0.57220E-02  0.00000E+00
 h Mean   [L]       -0.22948E+04 -0.22948E+04  0.00000E+00
 Top Flux [L/T]     -0.49263E-05
 Bot Flux [L/T]      0.97776E-03
 WatBalT  [L]       -0.85827E-05
 WatBalR  [%]             19.354
----------------------------------------------------------

----------------------------------------------------------
 Time       [T]       20.0000
----------------------------------------------------------
 Sub-region num.                     1            2
----------------------------------------------------------
 Length   [L]        0.10000E+04  0.10000E+04  0.00000E+00
 W-volume [L]        0.45670E+03  0.45670E+03  0.00000E+00
 In-flow  [L/T]     -0.13726E-02 -0.13726E-02  0.00000E+00
 h Mean   [L]       -0.22903E+04 -0.22903E+04  0.00000E+00
 Top Flux [L/T]     -0.45600E-05
 Bot Flux [L/T]     -0.88967E-03
 WatBalT  [L]       -0.46793E-04
 WatBalR  [%]              0.016
----------------------------------------------------------

----------------------------------------------------------
 Time       [T]       30.0000
----------------------------------------------------------
 Sub-region num.                     1            2
----------------------------------------------------------
 Length   [L]        0.10000E+04  0.10000E+04  0.00000E+00
 W-volume [L]        0.45759E+03  0.45759E+03  0.00000E+00
 In-flow  [L/T]      0.88659E-01  0.88659E-01  0.00000E+00
 h Mean   [L]       -0.22479E+04 -0.22479E+04  0.00000E+00
 Top Flux [L/T]     -0.54165E-01
 Bot Flux [L/T]     -0.10222E-02
 WatBalT  [L]       -0.14365E-04
 WatBalR  [%]              0.001
----------------------------------------------------------

----------------------------------------------------------
 Time       [T]       40.0000
----------------------------------------------------------
 Sub-region num.                     1            2
----------------------------------------------------------
 Length   [L]        0.10000E+04  0.10000E+04  0.00000E+00
 W-volume [L]        0.45907E+03  0.45907E+03  0.00000E+00
 In-flow  [L/T]      0.14869E+00  0.14869E+00  0.00000E+00
 h Mean   [L]       -0.22019E+04 -0.22019E+04  0.00000E+00
 Top Flux [L/T]     -0.12529E+00
 Bot Flux [L/T]     -0.10610E-02
 WatBalT  [L]       -0.73910E-05
 WatBalR  [%]              0.000
----------------------------------------------------------

----------------------------------------------------------
 Time       [T]       50.0000
----------------------------------------------------------
 Sub-region num.                     1            2
----------------------------------------------------------
 Length   [L]        0.10000E+04  0.10000E+04  0.00000E+00
 W-volume [L]        0.45926E+03  0.45926E+03  0.00000E+00
 In-flow  [L/T]      0.18705E-01  0.18705E-01  0.00000E+00
 h Mean   [L]       -0.21834E+04 -0.21834E+04  0.00000E+00
 Top Flux [L/T]     -0.26782E-01
 Bot Flux [L/T]     -0.10771E-02
 WatBalT  [L]       -0.85115E-04
 WatBalR  [%]              0.002
----------------------------------------------------------

----------------------------------------------------------
 Time       [T]       60.0000
----------------------------------------------------------
 Sub-region num.                     1            2
----------------------------------------------------------
 Length   [L]        0.10000E+04  0.10000E+04  0.00000E+00
 W-volume [L]        0.45935E+03  0.45935E+03  0.00000E+00
 In-flow  [L/T]      0.87237E-02  0.87237E-02  0.00000E+00
 h Mean   [L]       -0.21733E+04 -0.21733E+04  0.00000E+00
 Top Flux [L/T]     -0.14651E-01
 Bot Flux [L/T]     -0.10836E-02
 WatBalT  [L]       -0.11182E-03
 WatBalR  [%]              0.003
----------------------------------------------------------

----------------------------------------------------------
 Time       [T]       70.0000
----------------------------------------------------------
 Sub-region num.                     1            2
----------------------------------------------------------
 Length   [L]        0.10000E+04  0.10000E+04  0.00000E+00
 W-volume [L]        0.45944E+03  0.45944E+03  0.00000E+00
 In-flow  [L/T]      0.87395E-02  0.87395E-02  0.00000E+00
 h Mean   [L]       -0.21657E+04 -0.21657E+04  0.00000E+00
 Top Flux [L/T]     -0.12081E-01
 Bot Flux [L/T]     -0.10849E-02
 WatBalT  [L]       -0.15020E-04
 WatBalR  [%]              0.000
----------------------------------------------------------

----------------------------------------------------------
 Time       [T]       80.0000
----------------------------------------------------------
 Sub-region num.                     1            2
----------------------------------------------------------
 Length   [L]        0.10000E+04  0.10000E+04  0.00000E+00
 W-volume [L]        0.45942E+03  0.45942E+03  0.00000E+00
 In-flow  [L/T]     -0.12465E-02 -0.12465E-02  0.00000E+00
 h Mean   [L]       -0.21603E+04 -0.21603E+04  0.00000E+00
 Top Flux [L/T]     -0.63993E-02
 Bot Flux [L/T]     -0.10834E-02
 WatBalT  [L]       -0.17834E-03
 WatBalR  [%]              0.004
----------------------------------------------------------

----------------------------------------------------------
 Time       [T]       90.0000
----------------------------------------------------------
 Sub-region num.                     1            2
----------------------------------------------------------
 Length   [L]        0.10000E+04  0.10000E+04  0.00000E+00
 W-volume [L]        0.45951E+03  0.45951E+03  0.00000E+00
 In-flow  [L/T]      0.87674E-02  0.87674E-02  0.00000E+00
 h Mean   [L]       -0.21544E+04 -0.21544E+04  0.00000E+00
 Top Flux [L/T]     -0.88545E-02
 Bot Flux [L/T]     -0.10805E-02
 WatBalT  [L]       -0.86069E-04
 WatBalR  [%]              0.002
----------------------------------------------------------

----------------------------------------------------------
 Time       [T]      100.0000
----------------------------------------------------------
 Sub-region num.                     1            2
----------------------------------------------------------
 Length   [L]        0.10000E+04  0.10000E+04  0.00000E+00
 W-volume [L]        0.45960E+03  0.45960E+03  0.00000E+00
 In-flow  [L/T]      0.87795E-02  0.87795E-02  0.00000E+00
 h Mean   [L]       -0.21493E+04 -0.21493E+04  0.00000E+00
 Top Flux [L/T]     -0.94520E-02
 Bot Flux [L/T]     -0.10759E-02
 WatBalT  [L]        0.44584E-04
 WatBalR  [%]              0.001
----------------------------------------------------------

----------------------------------------------------------
 Time       [T]      110.0000
----------------------------------------------------------
 Sub-region num.                     1            2
----------------------------------------------------------
 Length   [L]        0.10000E+04  0.10000E+04  0.00000E+00
 W-volume [L]        0.45969E+03  0.45969E+03  0.00000E+00
 In-flow  [L/T]      0.87924E-02  0.87924E-02  0.00000E+00
 h Mean   [L]       -0.21447E+04 -0.21447E+04  0.00000E+00
 Top Flux [L/T]     -0.95813E-02
 Bot Flux [L/T]     -0.10706E-02
 WatBalT  [L]       -0.50783E-04
 WatBalR  [%]              0.001
----------------------------------------------------------

----------------------------------------------------------
 Time       [T]      120.0000
----------------------------------------------------------
 Sub-region num.                     1            2
----------------------------------------------------------
 Length   [L]        0.10000E+04  0.10000E+04  0.00000E+00
 W-volume [L]        0.45977E+03  0.45977E+03  0.00000E+00
 In-flow  [L/T]      0.88051E-02  0.88051E-02  0.00000E+00
 h Mean   [L]       -0.21402E+04 -0.21402E+04  0.00000E+00
 Top Flux [L/T]     -0.96074E-02
 Bot Flux [L/T]     -0.10649E-02
 WatBalT  [L]       -0.14257E-03
 WatBalR  [%]              0.003
----------------------------------------------------------

----------------------------------------------------------
 Time       [T]      130.0000
----------------------------------------------------------
 Sub-region num.                     1            2
----------------------------------------------------------
 Length   [L]        0.10000E+04  0.10000E+04  0.00000E+00
 W-volume [L]        0.45976E+03  0.45976E+03  0.00000E+00
 In-flow  [L/T]     -0.11847E-02 -0.11847E-02  0.00000E+00
 h Mean   [L]       -0.21376E+04 -0.21376E+04  0.00000E+00
 Top Flux [L/T]     -0.54113E-02
 Bot Flux [L/T]     -0.10585E-02
 WatBalT  [L]       -0.45538E-04
 WatBalR  [%]              0.001
----------------------------------------------------------

----------------------------------------------------------
 Time       [T]      140.0000
----------------------------------------------------------
 Sub-region num.                     1            2
----------------------------------------------------------
 Length   [L]        0.10000E+04  0.10000E+04  0.00000E+00
 W-volume [L]        0.45975E+03  0.45975E+03  0.00000E+00
 In-flow  [L/T]     -0.11737E-02 -0.11737E-02  0.00000E+00
 h Mean   [L]       -0.21352E+04 -0.21352E+04  0.00000E+00
 Top Flux [L/T]     -0.36637E-02
 Bot Flux [L/T]     -0.10520E-02
 WatBalT  [L]       -0.56505E-04
 WatBalR  [%]              0.001
----------------------------------------------------------

----------------------------------------------------------
 Time       [T]      150.0000
----------------------------------------------------------
 Sub-region num.                     1            2
----------------------------------------------------------
 Length   [L]        0.10000E+04  0.10000E+04  0.00000E+00
 W-volume [L]        0.45974E+03  0.45974E+03  0.00000E+00
 In-flow  [L/T]     -0.11632E-02 -0.11632E-02  0.00000E+00
 h Mean   [L]       -0.21330E+04 -0.21330E+04  0.00000E+00
 Top Flux [L/T]     -0.25632E-02
 Bot Flux [L/T]     -0.10445E-02
 WatBalT  [L]       -0.50545E-04
 WatBalR  [%]              0.001
----------------------------------------------------------

----------------------------------------------------------
 Time       [T]      160.0000
----------------------------------------------------------
 Sub-region num.                     1            2
----------------------------------------------------------
 Length   [L]        0.10000E+04  0.10000E+04  0.00000E+00
 W-volume [L]        0.45973E+03  0.45973E+03  0.00000E+00
 In-flow  [L/T]     -0.11534E-02 -0.11534E-02  0.00000E+00
 h Mean   [L]       -0.21313E+04 -0.21313E+04  0.00000E+00
 Top Flux [L/T]     -0.20018E-02
 Bot Flux [L/T]     -0.10374E-02
 WatBalT  [L]       -0.11706E-03
 WatBalR  [%]              0.002
----------------------------------------------------------

----------------------------------------------------------
 Time       [T]      170.0000
----------------------------------------------------------
 Sub-region num.                     1            2
----------------------------------------------------------
 Length   [L]        0.10000E+04  0.10000E+04  0.00000E+00
 W-volume [L]        0.45972E+03  0.45972E+03  0.00000E+00
 In-flow  [L/T]     -0.11426E-02 -0.11426E-02  0.00000E+00
 h Mean   [L]       -0.21299E+04 -0.21299E+04  0.00000E+00
 Top Flux [L/T]     -0.16200E-02
 Bot Flux [L/T]     -0.10283E-02
 WatBalT  [L]       -0.71526E-04
 WatBalR  [%]              0.001
----------------------------------------------------------

----------------------------------------------------------
 Time       [T]      180.0000
----------------------------------------------------------
 Sub-region num.                     1            2
----------------------------------------------------------
 Length   [L]        0.10000E+04  0.10000E+04  0.00000E+00
 W-volume [L]        0.45971E+03  0.45971E+03  0.00000E+00
 In-flow  [L/T]     -0.11325E-02 -0.11325E-02  0.00000E+00
 h Mean   [L]       -0.21286E+04 -0.21286E+04  0.00000E+00
 Top Flux [L/T]     -0.13891E-02
 Bot Flux [L/T]     -0.10175E-02
 WatBalT  [L]       -0.12851E-03
 WatBalR  [%]              0.002
----------------------------------------------------------

----------------------------------------------------------
 Time       [T]      190.0000
----------------------------------------------------------
 Sub-region num.                     1            2
----------------------------------------------------------
 Length   [L]        0.10000E+04  0.10000E+04  0.00000E+00
 W-volume [L]        0.45969E+03  0.45969E+03  0.00000E+00
 In-flow  [L/T]     -0.11267E-02 -0.11267E-02  0.00000E+00
 h Mean   [L]       -0.21275E+04 -0.21275E+04  0.00000E+00
 Top Flux [L/T]     -0.12800E-02
 Bot Flux [L/T]     -0.10166E-02
 WatBalT  [L]       -0.18692E-03
 WatBalR  [%]              0.003
----------------------------------------------------------

----------------------------------------------------------
 Time       [T]      200.0000
----------------------------------------------------------
 Sub-region num.                     1            2
----------------------------------------------------------
 Length   [L]        0.10000E+04  0.10000E+04  0.00000E+00
 W-volume [L]        0.45978E+03  0.45978E+03  0.00000E+00
 In-flow  [L/T]      0.88792E-02  0.88792E-02  0.00000E+00
 h Mean   [L]       -0.21247E+04 -0.21247E+04  0.00000E+00
 Top Flux [L/T]     -0.49672E-02
 Bot Flux [L/T]     -0.10234E-02
 WatBalT  [L]       -0.55790E-04
 WatBalR  [%]              0.001
----------------------------------------------------------

----------------------------------------------------------
 Time       [T]      210.0000
----------------------------------------------------------
 Sub-region num.                     1            2
----------------------------------------------------------
 Length   [L]        0.10000E+04  0.10000E+04  0.00000E+00
 W-volume [L]        0.45977E+03  0.45977E+03  0.00000E+00
 In-flow  [L/T]     -0.11153E-02 -0.11153E-02  0.00000E+00
 h Mean   [L]       -0.21235E+04 -0.21235E+04  0.00000E+00
 Top Flux [L/T]     -0.28291E-02
 Bot Flux [L/T]     -0.10241E-02
 WatBalT  [L]       -0.10943E-03
 WatBalR  [%]              0.002
----------------------------------------------------------

----------------------------------------------------------
 Time       [T]      220.0000
----------------------------------------------------------
 Sub-region num.                     1            2
----------------------------------------------------------
 Length   [L]        0.10000E+04  0.10000E+04  0.00000E+00
 W-volume [L]        0.45976E+03  0.45976E+03  0.00000E+00
 In-flow  [L/T]     -0.11118E-02 -0.11118E-02  0.00000E+00
 h Mean   [L]       -0.21225E+04 -0.21225E+04  0.00000E+00
 Top Flux [L/T]     -0.19460E-02
 Bot Flux [L/T]     -0.10236E-02
 WatBalT  [L]       -0.21410E-03
 WatBalR  [%]              0.003
----------------------------------------------------------

----------------------------------------------------------
 Time       [T]      230.0000
----------------------------------------------------------
 Sub-region num.                     1            2
----------------------------------------------------------
 Length   [L]        0.10000E+04  0.10000E+04  0.00000E+00
 W-volume [L]        0.45985E+03  0.45985E+03  0.00000E+00
 In-flow  [L/T]      0.88928E-02  0.88928E-02  0.00000E+00
 h Mean   [L]       -0.21199E+04 -0.21199E+04  0.00000E+00
 Top Flux [L/T]     -0.53372E-02
 Bot Flux [L/T]     -0.10228E-02
 WatBalT  [L]       -0.10586E-03
 WatBalR  [%]              0.002
----------------------------------------------------------

----------------------------------------------------------
 Time       [T]      240.0000
----------------------------------------------------------
 Sub-region num.                     1            2
----------------------------------------------------------
 Length   [L]        0.10000E+04  0.10000E+04  0.00000E+00
 W-volume [L]        0.45984E+03  0.45984E+03  0.00000E+00
 In-flow  [L/T]     -0.11047E-02 -0.11047E-02  0.00000E+00
 h Mean   [L]       -0.21189E+04 -0.21189E+04  0.00000E+00
 Top Flux [L/T]     -0.29676E-02
 Bot Flux [L/T]     -0.10216E-02
 WatBalT  [L]       -0.81778E-04
 WatBalR  [%]              0.001
----------------------------------------------------------

----------------------------------------------------------
 Time       [T]      250.0000
----------------------------------------------------------
 Sub-region num.                     1            2
----------------------------------------------------------
 Length   [L]        0.10000E+04  0.10000E+04  0.00000E+00
 W-volume [L]        0.45993E+03  0.45993E+03  0.00000E+00
 In-flow  [L/T]      0.89009E-02  0.89009E-02  0.00000E+00
 h Mean   [L]       -0.21164E+04 -0.21164E+04  0.00000E+00
 Top Flux [L/T]     -0.59797E-02
 Bot Flux [L/T]     -0.10203E-02
 WatBalT  [L]       -0.12016E-03
 WatBalR  [%]              0.002
----------------------------------------------------------

----------------------------------------------------------
 Time       [T]      260.0000
----------------------------------------------------------
 Sub-region num.                     1            2
----------------------------------------------------------
 Length   [L]        0.10000E+04  0.10000E+04  0.00000E+00
 W-volume [L]        0.46002E+03  0.46002E+03  0.00000E+00
 In-flow  [L/T]      0.89039E-02  0.89039E-02  0.00000E+00
 h Mean   [L]       -0.21140E+04 -0.21140E+04  0.00000E+00
 Top Flux [L/T]     -0.75337E-02
 Bot Flux [L/T]     -0.10188E-02
 WatBalT  [L]       -0.23341E-03
 WatBalR  [%]              0.003
----------------------------------------------------------

----------------------------------------------------------
 Time       [T]      270.0000
----------------------------------------------------------
 Sub-region num.                     1            2
----------------------------------------------------------
 Length   [L]        0.10000E+04  0.10000E+04  0.00000E+00
 W-volume [L]        0.46011E+03  0.46011E+03  0.00000E+00
 In-flow  [L/T]      0.89090E-02  0.89090E-02  0.00000E+00
 h Mean   [L]       -0.21115E+04 -0.21115E+04  0.00000E+00
 Top Flux [L/T]     -0.82777E-02
 Bot Flux [L/T]     -0.10173E-02
 WatBalT  [L]       -0.17524E-03
 WatBalR  [%]              0.003
----------------------------------------------------------

----------------------------------------------------------
 Time       [T]      280.0000
----------------------------------------------------------
 Sub-region num.                     1            2
----------------------------------------------------------
 Length   [L]        0.10000E+04  0.10000E+04  0.00000E+00
 W-volume [L]        0.46009E+03  0.46009E+03  0.00000E+00
 In-flow  [L/T]     -0.10877E-02 -0.10877E-02  0.00000E+00
 h Mean   [L]       -0.21104E+04 -0.21104E+04  0.00000E+00
 Top Flux [L/T]     -0.43220E-02
 Bot Flux [L/T]     -0.10158E-02
 WatBalT  [L]       -0.10014E-03
 WatBalR  [%]              0.001
----------------------------------------------------------

----------------------------------------------------------
 Time       [T]      290.0000
----------------------------------------------------------
 Sub-region num.                     1            2
----------------------------------------------------------
 Length   [L]        0.10000E+04  0.10000E+04  0.00000E+00
 W-volume [L]        0.46008E+03  0.46008E+03  0.00000E+00
 In-flow  [L/T]     -0.10828E-02 -0.10828E-02  0.00000E+00
 h Mean   [L]       -0.21095E+04 -0.21095E+04  0.00000E+00
 Top Flux [L/T]     -0.27464E-02
 Bot Flux [L/T]     -0.10142E-02
 WatBalT  [L]       -0.70572E-04
 WatBalR  [%]              0.001
----------------------------------------------------------

----------------------------------------------------------
 Time       [T]      300.0000
----------------------------------------------------------
 Sub-region num.                     1            2
----------------------------------------------------------
 Length   [L]        0.10000E+04  0.10000E+04  0.00000E+00
 W-volume [L]        0.46017E+03  0.46017E+03  0.00000E+00
 In-flow  [L/T]      0.89198E-02  0.89198E-02  0.00000E+00
 h Mean   [L]       -0.21070E+04 -0.21070E+04  0.00000E+00
 Top Flux [L/T]     -0.61742E-02
 Bot Flux [L/T]     -0.10126E-02
 WatBalT  [L]       -0.14782E-03
 WatBalR  [%]              0.002
----------------------------------------------------------

----------------------------------------------------------
 Time       [T]      310.0000
----------------------------------------------------------
 Sub-region num.                     1            2
----------------------------------------------------------
 Length   [L]        0.10000E+04  0.10000E+04  0.00000E+00
 W-volume [L]        0.46016E+03  0.46016E+03  0.00000E+00
 In-flow  [L/T]     -0.10769E-02 -0.10769E-02  0.00000E+00
 h Mean   [L]       -0.21060E+04 -0.21060E+04  0.00000E+00
 Top Flux [L/T]     -0.32757E-02
 Bot Flux [L/T]     -0.10111E-02
 WatBalT  [L]       -0.24080E-04
 WatBalR  [%]              0.000
----------------------------------------------------------
 
 Calculation time [sec]  0.379999965429306     
