 ******* Program HYDRUS
 ******* 
 Welcome to HYDRUS-1D                                                    
 Date:  30.10.    Time:   4:40: 1
 Units: L = mm   , T = min  , M = mmol 



                               Node(  1)                      Node( 11)                      Node( 31)                      Node( 51)                      Node(101)

         time            h        theta    Flux           h        theta    Flux           h        theta    Flux           h        theta    Flux           h        theta    Flux  
         10.0001    -6188.86  0.4160 -0.105E-01      -3497.10  0.4165 -0.148E-03      -1682.39  0.4730  0.994E-02      -1083.10  0.5090 -0.984E-02      -1496.83  0.4820 -0.554E-03
         10.0002    -6188.84  0.4160 -0.105E-01      -3497.10  0.4165 -0.148E-03      -1682.39  0.4730  0.994E-02      -1083.10  0.5090 -0.984E-02      -1496.83  0.4820 -0.554E-03
         10.0003    -6188.81  0.4160 -0.101E-01      -3497.10  0.4165 -0.148E-03      -1682.39  0.4730  0.994E-02      -1083.10  0.5090 -0.984E-02      -1496.83  0.4820 -0.130E-02
         10.0005    -6188.78  0.4160 -0.986E-02      -3497.10  0.4165 -0.148E-03      -1682.39  0.4730  0.994E-02      -1083.10  0.5090 -0.984E-02      -1496.83  0.4820 -0.853E-03
         10.0008    -6188.72  0.4160 -0.102E-01      -3497.10  0.4165 -0.148E-03      -1682.39  0.4730  0.994E-02      -1083.10  0.5090 -0.984E-02      -1496.83  0.4820 -0.145E-02
         10.0010    -6188.67  0.4160 -0.102E-01      -3497.10  0.4165 -0.148E-03      -1682.39  0.4730  0.994E-02      -1083.10  0.5090 -0.984E-02      -1496.84  0.4820 -0.145E-02
         10.0013    -6188.67  0.4160 -0.273E-04      -3497.10  0.4165 -0.148E-03      -1682.39  0.4730  0.994E-02      -1083.10  0.5090 -0.984E-02      -1496.84  0.4820 -0.115E-02
         10.0017    -6188.67  0.4160 -0.273E-04      -3497.10  0.4165 -0.148E-03      -1682.39  0.4730  0.994E-02      -1083.10  0.5090 -0.984E-02      -1496.84  0.4820 -0.107E-02
         10.0021    -6188.67  0.4160 -0.273E-04      -3497.10  0.4165 -0.148E-03      -1682.39  0.4730  0.994E-02      -1083.10  0.5090 -0.984E-02      -1496.84  0.4820 -0.123E-02
         10.0028    -6188.67  0.4160 -0.273E-04      -3497.10  0.4165 -0.148E-03      -1682.39  0.4730  0.994E-02      -1083.10  0.5090 -0.984E-02      -1496.85  0.4820 -0.120E-02
         10.0036    -6188.67  0.4160 -0.273E-04      -3497.10  0.4165 -0.148E-03      -1682.39  0.4730  0.994E-02      -1083.10  0.5090 -0.984E-02      -1496.85  0.4820 -0.126E-02
         10.0046    -6188.67  0.4160 -0.273E-04      -3497.10  0.4165 -0.148E-03      -1682.39  0.4730  0.994E-02      -1083.10  0.5090 -0.984E-02      -1496.86  0.4820 -0.118E-02
         10.0060    -6188.67  0.4160 -0.273E-04      -3497.10  0.4165 -0.148E-03      -1682.38  0.4730  0.994E-02      -1083.10  0.5090 -0.984E-02      -1496.87  0.4820 -0.112E-02
         10.0078    -6188.67  0.4160 -0.273E-04      -3497.10  0.4165 -0.148E-03      -1682.38  0.4730  0.994E-02      -1083.10  0.5090 -0.984E-02      -1496.88  0.4820 -0.115E-02
         10.0101    -6188.67  0.4160 -0.273E-04      -3497.10  0.4165 -0.148E-03      -1682.38  0.4730  0.994E-02      -1083.10  0.5090 -0.984E-02      -1496.90  0.4820 -0.118E-02
         10.0132    -6188.67  0.4160  0.219E-04      -3497.10  0.4165 -0.148E-03      -1682.37  0.4730  0.994E-02      -1083.09  0.5090 -0.984E-02      -1496.92  0.4820 -0.119E-02
         10.0171    -6188.67  0.4160  0.106E-04      -3497.10  0.4165 -0.148E-03      -1682.37  0.4730  0.994E-02      -1083.09  0.5090 -0.984E-02      -1496.95  0.4820 -0.116E-02
         10.0222    -6188.67  0.4160  0.185E-05      -3497.10  0.4165 -0.148E-03      -1682.36  0.4730  0.994E-02      -1083.09  0.5090 -0.984E-02      -1496.98  0.4820 -0.118E-02
         10.0289    -6188.68  0.4160 -0.485E-05      -3497.10  0.4165 -0.148E-03      -1682.35  0.4730  0.994E-02      -1083.09  0.5090 -0.984E-02      -1497.03  0.4820 -0.117E-02
         10.0375    -6188.68  0.4160  0.721E-05      -3497.10  0.4165 -0.148E-03      -1682.33  0.4730  0.994E-02      -1083.08  0.5090 -0.984E-02      -1497.09  0.4820 -0.116E-02
         10.0488    -6188.70  0.4160 -0.701E-06      -3497.10  0.4165 -0.148E-03      -1682.32  0.4730  0.994E-02      -1083.08  0.5090 -0.984E-02      -1497.17  0.4820 -0.117E-02
         10.0634    -6188.70  0.4160  0.339E-05      -3497.10  0.4165 -0.148E-03      -1682.29  0.4730  0.994E-02      -1083.07  0.5090 -0.984E-02      -1497.26  0.4820 -0.116E-02
         10.0824    -6188.71  0.4160  0.421E-05      -3497.10  0.4165 -0.148E-03      -1682.26  0.4730  0.994E-02      -1083.06  0.5091 -0.984E-02      -1497.39  0.4820 -0.117E-02
         10.1071    -6188.73  0.4160 -0.299E-05      -3497.10  0.4165 -0.148E-03      -1682.22  0.4730  0.994E-02      -1083.05  0.5091 -0.984E-02      -1497.56  0.4820 -0.117E-02
         10.1392    -6188.75  0.4160  0.777E-06      -3497.10  0.4165 -0.148E-03      -1682.17  0.4730  0.995E-02      -1083.03  0.5091 -0.984E-02      -1497.77  0.4820 -0.117E-02
         10.1810    -6188.77  0.4160  0.155E-05      -3497.10  0.4165 -0.148E-03      -1682.11  0.4730  0.995E-02      -1083.01  0.5091 -0.984E-02      -1498.04  0.4820 -0.117E-02
         10.2353    -6188.81  0.4160  0.547E-06      -3497.10  0.4165 -0.148E-03      -1682.02  0.4730  0.995E-02      -1082.98  0.5091 -0.984E-02      -1498.38  0.4820 -0.117E-02
         10.3058    -6188.84  0.4160  0.648E-06      -3497.10  0.4165 -0.148E-03      -1681.91  0.4730  0.995E-02      -1082.94  0.5091 -0.984E-02      -1498.82  0.4819 -0.117E-02
         10.3976    -6188.90  0.4160 -0.663E-06      -3497.10  0.4165 -0.148E-03      -1681.76  0.4730  0.995E-02      -1082.90  0.5091 -0.984E-02      -1499.37  0.4819 -0.117E-02
         10.5168    -6188.96  0.4160 -0.243E-06      -3497.10  0.4165 -0.148E-03      -1681.56  0.4730  0.995E-02      -1082.84  0.5091 -0.984E-02      -1500.06  0.4819 -0.116E-02
         10.6718    -6189.05  0.4160 -0.294E-06      -3497.10  0.4165 -0.148E-03      -1681.31  0.4730  0.995E-02      -1082.76  0.5091 -0.984E-02      -1500.90  0.4818 -0.116E-02
         10.8734    -6189.17  0.4160 -0.655E-07      -3497.10  0.4165 -0.148E-03      -1680.97  0.4731  0.996E-02      -1082.66  0.5091 -0.984E-02      -1501.93  0.4817 -0.116E-02
         11.1354    -6189.31  0.4160  0.298E-07      -3497.10  0.4165 -0.148E-03      -1680.53  0.4731  0.996E-02      -1082.52  0.5091 -0.984E-02      -1503.17  0.4817 -0.116E-02
         11.4760    -6189.50  0.4160 -0.155E-06      -3497.10  0.4165 -0.148E-03      -1679.95  0.4731  0.997E-02      -1082.35  0.5091 -0.984E-02      -1504.63  0.4816 -0.116E-02
         11.9188    -6189.73  0.4160  0.825E-07      -3497.10  0.4165 -0.148E-03      -1679.18  0.4731  0.997E-02      -1082.13  0.5091 -0.984E-02      -1506.34  0.4815 -0.115E-02
         12.4944    -6190.03  0.4160  0.676E-07      -3497.11  0.4165 -0.148E-03      -1678.16  0.4732  0.999E-02      -1081.84  0.5091 -0.984E-02      -1508.29  0.4814 -0.115E-02
         13.2449    -6190.40  0.4160  0.880E-08      -3497.12  0.4165 -0.147E-03      -1676.80  0.4732  0.100E-01      -1081.46  0.5092 -0.985E-02      -1510.51  0.4812 -0.115E-02
         14.2099    -6190.85  0.4160  0.263E-07      -3497.14  0.4165 -0.145E-03      -1675.04  0.4733  0.100E-01      -1080.97  0.5092 -0.985E-02      -1512.98  0.4811 -0.114E-02
         15.3680    -6191.37  0.4159  0.648E-07      -3497.20  0.4165 -0.141E-03      -1672.89  0.4734  0.100E-01      -1080.39  0.5093 -0.985E-02      -1515.66  0.4809 -0.114E-02
         16.9120    -6192.01  0.4159  0.368E-07      -3497.37  0.4165 -0.134E-03      -1670.00  0.4736  0.101E-01      -1079.63  0.5093 -0.986E-02      -1518.82  0.4807 -0.113E-02
         20.0000    -6193.10  0.4159 -0.144E-07      -3498.25  0.4164 -0.106E-03      -1664.20  0.4738  0.102E-01      -1078.21  0.5094 -0.984E-02      -1524.77  0.4804 -0.112E-02
         20.0001    -6192.91  0.4159 -0.894E-01      -3498.19  0.4164 -0.107E-03      -1664.21  0.4738  0.101E-01      -1078.20  0.5094 -0.984E-02      -1524.80  0.4804 -0.646E-03
         20.0002    -6192.67  0.4159 -0.894E-01      -3498.21  0.4164 -0.107E-03      -1664.21  0.4738  0.101E-01      -1078.20  0.5094 -0.984E-02      -1524.80  0.4804 -0.179E-02
         20.0004    -6192.34  0.4159 -0.900E-01      -3498.20  0.4164 -0.107E-03      -1664.21  0.4738  0.101E-01      -1078.20  0.5094 -0.984E-02      -1524.80  0.4804 -0.153E-02
         20.0006    -6191.91  0.4159 -0.902E-01      -3498.20  0.4164 -0.107E-03      -1664.20  0.4738  0.101E-01      -1078.20  0.5094 -0.984E-02      -1524.80  0.4804 -0.132E-02
         20.0009    -6191.35  0.4159 -0.898E-01      -3498.20  0.4164 -0.107E-03      -1664.20  0.4738  0.101E-01      -1078.20  0.5094 -0.984E-02      -1524.80  0.4804 -0.117E-02
         20.0013    -6190.63  0.4160 -0.899E-01      -3498.20  0.4164 -0.107E-03      -1664.20  0.4738  0.101E-01      -1078.20  0.5094 -0.984E-02      -1524.80  0.4804 -0.105E-02
         20.0018    -6189.69  0.4160 -0.902E-01      -3498.20  0.4164 -0.107E-03      -1664.20  0.4738  0.101E-01      -1078.20  0.5094 -0.984E-02      -1524.80  0.4804 -0.955E-03
         20.0024    -6188.47  0.4160 -0.900E-01      -3498.20  0.4164 -0.107E-03      -1664.20  0.4738  0.101E-01      -1078.20  0.5094 -0.984E-02      -1524.81  0.4804 -0.112E-02
         20.0032    -6186.87  0.4160 -0.901E-01      -3498.20  0.4164 -0.107E-03      -1664.20  0.4738  0.101E-01      -1078.20  0.5094 -0.984E-02      -1524.81  0.4804 -0.119E-02
         20.0043    -6184.81  0.4160 -0.900E-01      -3498.20  0.4164 -0.107E-03      -1664.20  0.4738  0.101E-01      -1078.20  0.5094 -0.984E-02      -1524.81  0.4804 -0.107E-02
         20.0056    -6182.12  0.4160 -0.900E-01      -3498.20  0.4164 -0.107E-03      -1664.20  0.4738  0.101E-01      -1078.20  0.5094 -0.984E-02      -1524.81  0.4804 -0.108E-02
         20.0074    -6178.63  0.4161 -0.900E-01      -3498.20  0.4164 -0.107E-03      -1664.19  0.4738  0.101E-01      -1078.20  0.5094 -0.984E-02      -1524.82  0.4804 -0.115E-02
         20.0098    -6174.09  0.4161 -0.900E-01      -3498.20  0.4164 -0.107E-03      -1664.19  0.4738  0.101E-01      -1078.20  0.5094 -0.984E-02      -1524.82  0.4804 -0.109E-02
         20.0128    -6168.19  0.4162 -0.900E-01      -3498.20  0.4164 -0.107E-03      -1664.18  0.4738  0.102E-01      -1078.20  0.5094 -0.984E-02      -1524.83  0.4804 -0.114E-02
         20.0167    -6160.52  0.4162 -0.900E-01      -3498.20  0.4164 -0.107E-03      -1664.17  0.4738  0.102E-01      -1078.19  0.5094 -0.984E-02      -1524.83  0.4804 -0.114E-02
         20.0218    -6150.55  0.4163 -0.900E-01      -3498.20  0.4164 -0.107E-03      -1664.17  0.4738  0.102E-01      -1078.19  0.5094 -0.984E-02      -1524.84  0.4804 -0.111E-02
         20.0285    -6137.60  0.4164 -0.900E-01      -3498.21  0.4164 -0.107E-03      -1664.15  0.4738  0.102E-01      -1078.19  0.5094 -0.984E-02      -1524.86  0.4804 -0.112E-02
         20.0372    -6124.89  0.4166 -0.900E-01      -3498.21  0.4164 -0.107E-03      -1664.14  0.4738  0.102E-01      -1078.18  0.5094 -0.984E-02      -1524.88  0.4804 -0.111E-02
         20.0484    -6107.92  0.4168 -0.900E-01      -3498.21  0.4164 -0.106E-03      -1664.12  0.4738  0.102E-01      -1078.18  0.5094 -0.984E-02      -1524.90  0.4804 -0.113E-02
         20.0630    -6086.59  0.4171 -0.900E-01      -3498.21  0.4164 -0.106E-03      -1664.09  0.4738  0.102E-01      -1078.17  0.5094 -0.984E-02      -1524.93  0.4804 -0.112E-02
         20.0820    -6058.63  0.4174 -0.900E-01      -3498.22  0.4164 -0.106E-03      -1664.05  0.4738  0.102E-01      -1078.16  0.5094 -0.984E-02      -1524.96  0.4804 -0.112E-02
         20.1067    -6022.49  0.4178 -0.900E-01      -3498.23  0.4164 -0.106E-03      -1664.01  0.4739  0.102E-01      -1078.15  0.5094 -0.984E-02      -1525.01  0.4804 -0.112E-02
         20.1388    -5975.51  0.4184 -0.900E-01      -3498.24  0.4164 -0.106E-03      -1663.95  0.4739  0.102E-01      -1078.14  0.5094 -0.984E-02      -1525.08  0.4804 -0.112E-02
         20.1806    -5914.60  0.4192 -0.900E-01      -3498.25  0.4164 -0.105E-03      -1663.87  0.4739  0.102E-01      -1078.12  0.5094 -0.984E-02      -1525.16  0.4804 -0.112E-02
         20.2349    -5835.63  0.4201 -0.900E-01      -3498.26  0.4164 -0.105E-03      -1663.76  0.4739  0.102E-01      -1078.09  0.5094 -0.984E-02      -1525.27  0.4804 -0.112E-02
         20.3054    -5733.37  0.4214 -0.900E-01      -3498.28  0.4164 -0.104E-03      -1663.63  0.4739  0.102E-01      -1078.06  0.5094 -0.984E-02      -1525.40  0.4804 -0.112E-02
         20.3972    -5601.13  0.4230 -0.900E-01      -3498.31  0.4164 -0.103E-03      -1663.46  0.4739  0.102E-01      -1078.02  0.5094 -0.984E-02      -1525.58  0.4804 -0.112E-02
         20.5164    -5430.48  0.4251 -0.900E-01      -3498.34  0.4164 -0.102E-03      -1663.24  0.4739  0.102E-01      -1077.96  0.5094 -0.984E-02      -1525.81  0.4804 -0.112E-02
         20.6715    -5210.89  0.4278 -0.900E-01      -3498.39  0.4164 -0.101E-03      -1662.94  0.4739  0.102E-01      -1077.89  0.5094 -0.984E-02      -1526.10  0.4804 -0.112E-02
         20.8730    -4929.56  0.4312 -0.900E-01      -3498.45  0.4164 -0.988E-04      -1662.57  0.4739  0.102E-01      -1077.80  0.5095 -0.984E-02      -1526.47  0.4803 -0.112E-02
         21.1350    -4650.46  0.4356 -0.900E-01      -3498.54  0.4164 -0.961E-04      -1662.08  0.4739  0.102E-01      -1077.68  0.5095 -0.984E-02      -1526.94  0.4803 -0.112E-02
         21.4756    -4301.65  0.4411 -0.900E-01      -3498.66  0.4164 -0.925E-04      -1661.44  0.4740  0.102E-01      -1077.53  0.5095 -0.984E-02      -1527.54  0.4803 -0.112E-02
         21.9184    -3879.34  0.4479 -0.900E-01      -3498.82  0.4164 -0.876E-04      -1660.61  0.4740  0.102E-01      -1077.34  0.5095 -0.983E-02      -1528.29  0.4803 -0.112E-02
         22.4940    -3503.18  0.4561 -0.900E-01      -3499.06  0.4164 -0.809E-04      -1659.55  0.4741  0.102E-01      -1077.09  0.5095 -0.983E-02      -1529.23  0.4802 -0.112E-02
         23.2446    -3048.57  0.4656 -0.900E-01      -3499.41  0.4164 -0.715E-04      -1658.16  0.4741  0.102E-01      -1076.78  0.5095 -0.982E-02      -1530.41  0.4802 -0.112E-02
         24.2096    -2713.22  0.4756 -0.900E-01      -3499.93  0.4164 -0.585E-04      -1656.40  0.4742  0.102E-01      -1076.40  0.5096 -0.980E-02      -1531.85  0.4801 -0.111E-02
         25.3677    -2363.73  0.4851 -0.900E-01      -3500.63  0.4164 -0.417E-04      -1654.31  0.4743  0.103E-01      -1075.97  0.5096 -0.978E-02      -1533.49  0.4800 -0.111E-02
         26.9118    -2107.48  0.4945 -0.900E-01      -3501.75  0.4164 -0.175E-04      -1651.59  0.4744  0.103E-01      -1075.45  0.5096 -0.975E-02      -1535.55  0.4799 -0.111E-02
         28.4559    -1900.33  0.5022 -0.900E-01      -3503.06  0.4163  0.830E-05      -1648.92  0.4746  0.103E-01      -1075.00  0.5097 -0.970E-02      -1537.51  0.4798 -0.111E-02
         30.0000    -1768.65  0.5085 -0.900E-01      -3504.52  0.4163  0.352E-04      -1646.33  0.4747  0.103E-01      -1074.61  0.5097 -0.965E-02      -1539.37  0.4797 -0.111E-02
         30.0001    -1771.88  0.5085 -0.151E+00      -3504.52  0.4163  0.352E-04      -1646.33  0.4747  0.103E-01      -1074.61  0.5097 -0.965E-02      -1539.37  0.4797 -0.820E-03
         30.0002    -1771.05  0.5085 -0.150E+00      -3504.52  0.4163  0.352E-04      -1646.33  0.4747  0.103E-01      -1074.61  0.5097 -0.965E-02      -1539.37  0.4797 -0.820E-03
         30.0004    -1771.63  0.5085 -0.149E+00      -3504.52  0.4163  0.352E-04      -1646.33  0.4747  0.103E-01      -1074.61  0.5097 -0.965E-02      -1539.37  0.4797 -0.820E-03
         30.0006    -1771.30  0.5085 -0.150E+00      -3504.52  0.4163  0.352E-04      -1646.33  0.4747  0.103E-01      -1074.61  0.5097 -0.965E-02      -1539.37  0.4797 -0.820E-03
         30.0009    -1771.35  0.5085 -0.150E+00      -3504.52  0.4163  0.352E-04      -1646.32  0.4747  0.103E-01      -1074.61  0.5097 -0.965E-02      -1539.37  0.4797 -0.134E-02
         30.0013    -1771.16  0.5086 -0.150E+00      -3504.52  0.4163  0.352E-04      -1646.32  0.4747  0.103E-01      -1074.61  0.5097 -0.965E-02      -1539.37  0.4797 -0.122E-02
         30.0018    -1771.03  0.5086 -0.150E+00      -3504.52  0.4163  0.352E-04      -1646.32  0.4747  0.103E-01      -1074.61  0.5097 -0.965E-02      -1539.37  0.4797 -0.113E-02
         30.0024    -1770.80  0.5086 -0.150E+00      -3504.52  0.4163  0.352E-04      -1646.32  0.4747  0.103E-01      -1074.61  0.5097 -0.965E-02      -1539.38  0.4797 -0.106E-02
         30.0032    -1770.54  0.5086 -0.150E+00      -3504.52  0.4163  0.352E-04      -1646.32  0.4747  0.103E-01      -1074.61  0.5097 -0.965E-02      -1539.38  0.4797 -0.119E-02
         30.0043    -1770.18  0.5086 -0.150E+00      -3504.52  0.4163  0.352E-04      -1646.32  0.4747  0.103E-01      -1074.61  0.5097 -0.965E-02      -1539.38  0.4797 -0.110E-02
         30.0056    -1769.72  0.5086 -0.150E+00      -3504.53  0.4163  0.353E-04      -1646.32  0.4747  0.103E-01      -1074.61  0.5097 -0.965E-02      -1539.38  0.4797 -0.114E-02
         30.0074    -1769.12  0.5087 -0.150E+00      -3504.53  0.4163  0.353E-04      -1646.31  0.4747  0.103E-01      -1074.61  0.5097 -0.965E-02      -1539.38  0.4797 -0.107E-02
         30.0098    -1768.35  0.5087 -0.150E+00      -3504.53  0.4163  0.353E-04      -1646.31  0.4747  0.103E-01      -1074.61  0.5097 -0.965E-02      -1539.38  0.4797 -0.108E-02
         30.0128    -1767.34  0.5087 -0.150E+00      -3504.53  0.4163  0.354E-04      -1646.30  0.4747  0.103E-01      -1074.61  0.5097 -0.965E-02      -1539.39  0.4797 -0.112E-02
         30.0167    -1766.03  0.5088 -0.150E+00      -3504.54  0.4163  0.354E-04      -1646.30  0.4747  0.103E-01      -1074.61  0.5097 -0.965E-02      -1539.39  0.4797 -0.109E-02
         30.0218    -1764.34  0.5089 -0.150E+00      -3504.54  0.4163  0.355E-04      -1646.29  0.4747  0.103E-01      -1074.61  0.5097 -0.965E-02      -1539.40  0.4797 -0.111E-02
         30.0285    -1762.14  0.5090 -0.150E+00      -3504.55  0.4163  0.357E-04      -1646.28  0.4747  0.103E-01      -1074.61  0.5097 -0.965E-02      -1539.41  0.4797 -0.111E-02
         30.0372    -1759.29  0.5091 -0.150E+00      -3504.56  0.4163  0.358E-04      -1646.26  0.4747  0.103E-01      -1074.60  0.5097 -0.965E-02      -1539.42  0.4797 -0.111E-02
         30.0484    -1755.61  0.5093 -0.150E+00      -3504.57  0.4163  0.360E-04      -1646.24  0.4747  0.103E-01      -1074.60  0.5097 -0.965E-02      -1539.43  0.4797 -0.110E-02
         30.0630    -1750.85  0.5095 -0.150E+00      -3504.58  0.4163  0.363E-04      -1646.22  0.4747  0.103E-01      -1074.60  0.5097 -0.965E-02      -1539.45  0.4797 -0.111E-02
         30.0820    -1744.72  0.5098 -0.150E+00      -3504.60  0.4163  0.366E-04      -1646.19  0.4747  0.103E-01      -1074.59  0.5097 -0.965E-02      -1539.47  0.4797 -0.110E-02
         30.1067    -1736.83  0.5102 -0.150E+00      -3504.62  0.4163  0.370E-04      -1646.15  0.4747  0.103E-01      -1074.59  0.5097 -0.965E-02      -1539.50  0.4797 -0.110E-02
         30.1388    -1726.72  0.5107 -0.150E+00      -3504.65  0.4163  0.376E-04      -1646.09  0.4747  0.103E-01      -1074.58  0.5097 -0.965E-02      -1539.54  0.4797 -0.110E-02
         30.1806    -1713.81  0.5113 -0.150E+00      -3504.69  0.4163  0.383E-04      -1646.02  0.4747  0.103E-01      -1074.57  0.5097 -0.964E-02      -1539.59  0.4797 -0.110E-02
         30.2349    -1697.40  0.5121 -0.150E+00      -3504.75  0.4163  0.393E-04      -1645.93  0.4747  0.103E-01      -1074.55  0.5097 -0.964E-02      -1539.65  0.4797 -0.110E-02
         30.3054    -1676.68  0.5131 -0.150E+00      -3504.81  0.4163  0.405E-04      -1645.81  0.4747  0.103E-01      -1074.54  0.5097 -0.964E-02      -1539.74  0.4797 -0.111E-02
         30.3972    -1650.71  0.5143 -0.150E+00      -3504.90  0.4163  0.421E-04      -1645.66  0.4747  0.103E-01      -1074.52  0.5097 -0.964E-02      -1539.85  0.4797 -0.110E-02
         30.5164    -1618.44  0.5159 -0.150E+00      -3505.02  0.4163  0.442E-04      -1645.46  0.4747  0.103E-01      -1074.49  0.5097 -0.963E-02      -1539.99  0.4797 -0.110E-02
         30.6715    -1578.74  0.5178 -0.150E+00      -3505.18  0.4163  0.469E-04      -1645.20  0.4747  0.103E-01      -1074.45  0.5097 -0.963E-02      -1540.17  0.4797 -0.110E-02
         30.8730    -1530.39  0.5201 -0.150E+00      -3505.38  0.4163  0.505E-04      -1644.87  0.4748  0.103E-01      -1074.41  0.5097 -0.962E-02      -1540.41  0.4797 -0.110E-02
         31.1350    -1485.64  0.5228 -0.150E+00      -3505.65  0.4163  0.552E-04      -1644.44  0.4748  0.103E-01      -1074.35  0.5097 -0.961E-02      -1540.72  0.4797 -0.110E-02
         31.4756    -1433.94  0.5259 -0.150E+00      -3506.01  0.4163  0.613E-04      -1643.88  0.4748  0.103E-01      -1074.28  0.5097 -0.960E-02      -1541.11  0.4797 -0.110E-02
         31.9184    -1377.88  0.5294 -0.150E+00      -3506.49  0.4163  0.693E-04      -1643.16  0.4748  0.103E-01      -1074.19  0.5097 -0.958E-02      -1541.62  0.4796 -0.110E-02
         32.4940    -1313.74  0.5334 -0.150E+00      -3507.14  0.4163  0.798E-04      -1642.24  0.4749  0.103E-01      -1074.08  0.5097 -0.956E-02      -1542.26  0.4796 -0.110E-02
         33.2446    -1237.63  0.5381 -0.150E+00      -3508.02  0.4162  0.936E-04      -1641.05  0.4749  0.103E-01      -1073.96  0.5097 -0.953E-02      -1543.09  0.4796 -0.110E-02
         34.2096    -1162.83  0.5432 -0.150E+00      -3509.20  0.4162  0.111E-03      -1639.56  0.4750  0.103E-01      -1073.83  0.5098 -0.948E-02      -1544.13  0.4795 -0.110E-02
         35.3677    -1097.01  0.5485 -0.150E+00      -3510.71  0.4162  0.133E-03      -1637.82  0.4751  0.103E-01      -1073.71  0.5098 -0.943E-02      -1545.35  0.4795 -0.110E-02
         36.9118    -1015.28  0.5550 -0.150E+00      -3512.84  0.4161  0.162E-03      -1635.58  0.4752  0.103E-01      -1073.63  0.5098 -0.935E-02      -1546.92  0.4794 -0.110E-02
         40.0000     -899.91  0.5654 -0.150E+00      -3517.56  0.4160  0.218E-03      -1631.46  0.4754  0.103E-01      -1073.70  0.5098 -0.918E-02      -1549.88  0.4792 -0.109E-02
         40.0001     -899.77  0.5654 -0.200E-01      -3517.56  0.4160  0.218E-03      -1631.46  0.4754  0.103E-01      -1073.70  0.5098 -0.918E-02      -1549.88  0.4792 -0.866E-03
         40.0002     -899.84  0.5654 -0.209E-01      -3517.56  0.4160  0.218E-03      -1631.46  0.4754  0.103E-01      -1073.70  0.5098 -0.918E-02      -1549.88  0.4792 -0.866E-03
         40.0004     -899.85  0.5654 -0.203E-01      -3517.56  0.4160  0.218E-03      -1631.46  0.4754  0.103E-01      -1073.70  0.5098 -0.918E-02      -1549.88  0.4792 -0.866E-03
         40.0006     -899.91  0.5654 -0.206E-01      -3517.56  0.4160  0.218E-03      -1631.46  0.4754  0.103E-01      -1073.70  0.5098 -0.918E-02      -1549.88  0.4792 -0.866E-03
         40.0009     -899.97  0.5654 -0.204E-01      -3517.56  0.4160  0.218E-03      -1631.46  0.4754  0.103E-01      -1073.70  0.5098 -0.918E-02      -1549.88  0.4792 -0.866E-03
         40.0013     -900.05  0.5654 -0.199E-01      -3517.56  0.4160  0.218E-03      -1631.46  0.4754  0.103E-01      -1073.70  0.5098 -0.918E-02      -1549.88  0.4792 -0.127E-02
         40.0018     -900.16  0.5653 -0.200E-01      -3517.56  0.4160  0.218E-03      -1631.46  0.4754  0.103E-01      -1073.70  0.5098 -0.918E-02      -1549.88  0.4792 -0.117E-02
         40.0024     -900.30  0.5653 -0.199E-01      -3517.56  0.4160  0.218E-03      -1631.46  0.4754  0.103E-01      -1073.70  0.5098 -0.918E-02      -1549.88  0.4792 -0.110E-02
         40.0032     -900.48  0.5653 -0.199E-01      -3517.57  0.4160  0.218E-03      -1631.46  0.4754  0.103E-01      -1073.70  0.5098 -0.918E-02      -1549.88  0.4792 -0.105E-02
         40.0043     -900.72  0.5653 -0.200E-01      -3517.57  0.4160  0.218E-03      -1631.46  0.4754  0.103E-01      -1073.70  0.5098 -0.918E-02      -1549.88  0.4792 -0.115E-02
         40.0056     -901.03  0.5653 -0.201E-01      -3517.57  0.4160  0.218E-03      -1631.45  0.4754  0.103E-01      -1073.70  0.5098 -0.918E-02      -1549.88  0.4792 -0.108E-02
         40.0074     -901.43  0.5652 -0.200E-01      -3517.57  0.4160  0.218E-03      -1631.45  0.4754  0.103E-01      -1073.70  0.5098 -0.918E-02      -1549.89  0.4792 -0.112E-02
         40.0098     -901.95  0.5652 -0.200E-01      -3517.58  0.4160  0.218E-03      -1631.45  0.4754  0.103E-01      -1073.70  0.5098 -0.918E-02      -1549.89  0.4792 -0.106E-02
         40.0128     -902.62  0.5651 -0.200E-01      -3517.58  0.4160  0.218E-03      -1631.44  0.4754  0.103E-01      -1073.70  0.5098 -0.918E-02      -1549.89  0.4792 -0.111E-02
         40.0167     -903.49  0.5650 -0.200E-01      -3517.59  0.4160  0.218E-03      -1631.44  0.4754  0.103E-01      -1073.70  0.5098 -0.918E-02      -1549.90  0.4792 -0.109E-02
         40.0218     -904.61  0.5649 -0.200E-01      -3517.59  0.4160  0.218E-03      -1631.43  0.4754  0.103E-01      -1073.70  0.5098 -0.918E-02      -1549.90  0.4792 -0.110E-02
         40.0285     -906.05  0.5648 -0.200E-01      -3517.60  0.4160  0.218E-03      -1631.42  0.4754  0.103E-01      -1073.70  0.5098 -0.918E-02      -1549.91  0.4792 -0.109E-02
         40.0372     -907.91  0.5646 -0.200E-01      -3517.62  0.4160  0.218E-03      -1631.41  0.4754  0.103E-01      -1073.70  0.5098 -0.918E-02      -1549.92  0.4792 -0.109E-02
         40.0484     -910.30  0.5643 -0.200E-01      -3517.63  0.4160  0.218E-03      -1631.40  0.4754  0.103E-01      -1073.70  0.5098 -0.918E-02      -1549.93  0.4792 -0.109E-02
         40.0630     -913.36  0.5640 -0.200E-01      -3517.66  0.4160  0.219E-03      -1631.38  0.4754  0.103E-01      -1073.70  0.5098 -0.918E-02      -1549.94  0.4792 -0.109E-02
         40.0820     -917.25  0.5636 -0.200E-01      -3517.68  0.4160  0.219E-03      -1631.35  0.4754  0.103E-01      -1073.70  0.5098 -0.918E-02      -1549.96  0.4792 -0.109E-02
         40.1067     -922.17  0.5631 -0.200E-01      -3517.72  0.4160  0.219E-03      -1631.32  0.4754  0.103E-01      -1073.70  0.5098 -0.917E-02      -1549.98  0.4792 -0.109E-02
         40.1388     -928.36  0.5625 -0.200E-01      -3517.77  0.4160  0.220E-03      -1631.28  0.4754  0.103E-01      -1073.71  0.5098 -0.917E-02      -1550.01  0.4792 -0.109E-02
         40.1806     -936.06  0.5617 -0.200E-01      -3517.84  0.4160  0.221E-03      -1631.22  0.4754  0.103E-01      -1073.71  0.5098 -0.917E-02      -1550.05  0.4792 -0.109E-02
         40.2349     -945.55  0.5608 -0.200E-01      -3517.92  0.4160  0.222E-03      -1631.15  0.4754  0.103E-01      -1073.71  0.5098 -0.917E-02      -1550.10  0.4792 -0.109E-02
         40.3054     -957.90  0.5596 -0.200E-01      -3518.03  0.4160  0.223E-03      -1631.06  0.4754  0.103E-01      -1073.71  0.5098 -0.916E-02      -1550.17  0.4792 -0.109E-02
         40.3972     -975.81  0.5582 -0.200E-01      -3518.17  0.4160  0.225E-03      -1630.93  0.4754  0.103E-01      -1073.71  0.5098 -0.916E-02      -1550.26  0.4792 -0.109E-02
         40.5164     -996.61  0.5565 -0.200E-01      -3518.35  0.4160  0.227E-03      -1630.78  0.4754  0.103E-01      -1073.72  0.5098 -0.915E-02      -1550.37  0.4792 -0.109E-02
         40.6715    -1021.24  0.5546 -0.200E-01      -3518.60  0.4160  0.230E-03      -1630.57  0.4754  0.103E-01      -1073.73  0.5098 -0.914E-02      -1550.52  0.4792 -0.109E-02
         40.8730    -1049.20  0.5523 -0.200E-01      -3518.91  0.4160  0.233E-03      -1630.31  0.4754  0.103E-01      -1073.74  0.5098 -0.913E-02      -1550.71  0.4792 -0.109E-02
         41.1350    -1080.42  0.5499 -0.200E-01      -3519.32  0.4160  0.238E-03      -1629.97  0.4755  0.103E-01      -1073.75  0.5098 -0.912E-02      -1550.95  0.4792 -0.109E-02
         41.4756    -1114.32  0.5472 -0.200E-01      -3519.87  0.4160  0.244E-03      -1629.54  0.4755  0.103E-01      -1073.77  0.5098 -0.910E-02      -1551.27  0.4792 -0.109E-02
         41.9184    -1150.47  0.5443 -0.200E-01      -3520.58  0.4160  0.252E-03      -1628.99  0.4755  0.103E-01      -1073.81  0.5098 -0.907E-02      -1551.68  0.4792 -0.109E-02
         42.4940    -1188.64  0.5412 -0.200E-01      -3521.52  0.4160  0.262E-03      -1628.28  0.4755  0.103E-01      -1073.86  0.5098 -0.904E-02      -1552.21  0.4791 -0.109E-02
         43.2446    -1235.25  0.5381 -0.200E-01      -3522.77  0.4159  0.275E-03      -1627.39  0.4756  0.102E-01      -1073.94  0.5097 -0.899E-02      -1552.89  0.4791 -0.109E-02
         44.2096    -1284.70  0.5350 -0.200E-01      -3524.40  0.4159  0.291E-03      -1626.28  0.4756  0.102E-01      -1074.07  0.5097 -0.893E-02      -1553.75  0.4791 -0.109E-02
         45.3677    -1330.63  0.5322 -0.200E-01      -3526.40  0.4158  0.311E-03      -1625.00  0.4757  0.102E-01      -1074.26  0.5097 -0.886E-02      -1554.76  0.4790 -0.109E-02
         46.9118    -1376.21  0.5293 -0.200E-01      -3529.15  0.4158  0.336E-03      -1623.37  0.4758  0.102E-01      -1074.56  0.5097 -0.877E-02      -1556.08  0.4789 -0.108E-02
         50.0000    -1433.16  0.5257 -0.200E-01      -3534.85  0.4157  0.385E-03      -1620.41  0.4759  0.101E-01      -1075.35  0.5096 -0.858E-02      -1558.60  0.4788 -0.108E-02
         50.0001    -1437.12  0.5257 -0.108E-01      -3534.83  0.4157  0.385E-03      -1620.38  0.4759  0.101E-01      -1075.33  0.5096 -0.858E-02      -1558.61  0.4788 -0.888E-03
         50.0002    -1436.14  0.5257 -0.967E-02      -3534.84  0.4157  0.385E-03      -1620.39  0.4759  0.101E-01      -1075.34  0.5096 -0.858E-02      -1558.61  0.4788 -0.888E-03
         50.0004    -1436.95  0.5257 -0.981E-02      -3534.83  0.4157  0.385E-03      -1620.39  0.4759  0.101E-01      -1075.33  0.5096 -0.858E-02      -1558.61  0.4788 -0.888E-03
         50.0006    -1436.63  0.5257 -0.942E-02      -3534.83  0.4157  0.385E-03      -1620.39  0.4759  0.101E-01      -1075.33  0.5096 -0.858E-02      -1558.61  0.4788 -0.888E-03
         50.0009    -1436.84  0.5257 -0.100E-01      -3534.83  0.4157  0.385E-03      -1620.39  0.4759  0.101E-01      -1075.33  0.5096 -0.858E-02      -1558.61  0.4788 -0.888E-03
         50.0013    -1436.76  0.5257 -0.964E-02      -3534.83  0.4157  0.385E-03      -1620.39  0.4759  0.101E-01      -1075.33  0.5096 -0.858E-02      -1558.61  0.4788 -0.129E-02
         50.0018    -1436.84  0.5257 -0.102E-01      -3534.83  0.4157  0.385E-03      -1620.39  0.4759  0.101E-01      -1075.33  0.5096 -0.858E-02      -1558.61  0.4788 -0.120E-02
         50.0024    -1436.84  0.5257 -0.100E-01      -3534.84  0.4157  0.385E-03      -1620.38  0.4759  0.101E-01      -1075.33  0.5096 -0.858E-02      -1558.61  0.4788 -0.113E-02
         50.0032    -1436.90  0.5257 -0.997E-02      -3534.84  0.4157  0.385E-03      -1620.38  0.4759  0.101E-01      -1075.33  0.5096 -0.858E-02      -1558.61  0.4788 -0.107E-02
         50.0043    -1436.95  0.5257 -0.993E-02      -3534.84  0.4157  0.385E-03      -1620.38  0.4759  0.101E-01      -1075.33  0.5096 -0.858E-02      -1558.61  0.4788 -0.103E-02
         50.0056    -1437.02  0.5257 -0.101E-01      -3534.84  0.4157  0.385E-03      -1620.38  0.4759  0.101E-01      -1075.33  0.5096 -0.858E-02      -1558.62  0.4788 -0.110E-02
         50.0074    -1437.11  0.5257 -0.100E-01      -3534.85  0.4157  0.385E-03      -1620.38  0.4759  0.101E-01      -1075.33  0.5096 -0.858E-02      -1558.62  0.4788 -0.105E-02
         50.0098    -1437.23  0.5257 -0.100E-01      -3534.85  0.4157  0.385E-03      -1620.38  0.4759  0.101E-01      -1075.33  0.5096 -0.858E-02      -1558.62  0.4788 -0.108E-02
         50.0128    -1437.38  0.5257 -0.999E-02      -3534.85  0.4157  0.385E-03      -1620.37  0.4759  0.101E-01      -1075.34  0.5096 -0.858E-02      -1558.62  0.4788 -0.109E-02
         50.0167    -1437.58  0.5256 -0.100E-01      -3534.86  0.4157  0.385E-03      -1620.37  0.4759  0.101E-01      -1075.34  0.5096 -0.858E-02      -1558.63  0.4788 -0.108E-02
         50.0218    -1437.84  0.5256 -0.998E-02      -3534.87  0.4157  0.385E-03      -1620.36  0.4759  0.101E-01      -1075.34  0.5096 -0.858E-02      -1558.63  0.4788 -0.109E-02
         50.0285    -1438.17  0.5256 -0.100E-01      -3534.88  0.4157  0.386E-03      -1620.36  0.4759  0.101E-01      -1075.34  0.5096 -0.858E-02      -1558.64  0.4788 -0.109E-02
         50.0372    -1438.60  0.5256 -0.100E-01      -3534.90  0.4157  0.386E-03      -1620.35  0.4759  0.101E-01      -1075.34  0.5096 -0.858E-02      -1558.64  0.4788 -0.108E-02
         50.0484    -1439.17  0.5255 -0.100E-01      -3534.92  0.4157  0.386E-03      -1620.34  0.4759  0.101E-01      -1075.34  0.5096 -0.857E-02      -1558.65  0.4788 -0.109E-02
         50.0630    -1439.89  0.5255 -0.100E-01      -3534.95  0.4157  0.386E-03      -1620.33  0.4759  0.101E-01      -1075.35  0.5096 -0.857E-02      -1558.66  0.4788 -0.108E-02
         50.0820    -1440.84  0.5254 -0.100E-01      -3534.98  0.4157  0.386E-03      -1620.31  0.4759  0.101E-01      -1075.35  0.5096 -0.857E-02      -1558.68  0.4788 -0.108E-02
         50.1067    -1442.05  0.5254 -0.100E-01      -3535.03  0.4157  0.387E-03      -1620.28  0.4759  0.101E-01      -1075.36  0.5096 -0.857E-02      -1558.70  0.4788 -0.108E-02
         50.1388    -1443.61  0.5253 -0.100E-01      -3535.09  0.4157  0.387E-03      -1620.25  0.4759  0.101E-01      -1075.37  0.5096 -0.857E-02      -1558.73  0.4788 -0.108E-02
         50.1806    -1445.62  0.5251 -0.100E-01      -3535.17  0.4157  0.388E-03      -1620.21  0.4759  0.101E-01      -1075.38  0.5096 -0.857E-02      -1558.76  0.4788 -0.108E-02
         50.2349    -1448.19  0.5250 -0.100E-01      -3535.26  0.4157  0.389E-03      -1620.16  0.4759  0.101E-01      -1075.39  0.5096 -0.856E-02      -1558.80  0.4788 -0.108E-02
         50.3054    -1451.46  0.5248 -0.100E-01      -3535.40  0.4157  0.390E-03      -1620.09  0.4759  0.101E-01      -1075.41  0.5096 -0.856E-02      -1558.86  0.4788 -0.108E-02
         50.3972    -1455.60  0.5245 -0.100E-01      -3535.57  0.4157  0.391E-03      -1620.01  0.4759  0.101E-01      -1075.44  0.5096 -0.855E-02      -1558.94  0.4788 -0.108E-02
         50.5164    -1460.82  0.5242 -0.100E-01      -3535.79  0.4156  0.393E-03      -1619.89  0.4759  0.101E-01      -1075.47  0.5096 -0.855E-02      -1559.03  0.4788 -0.108E-02
         50.6715    -1467.34  0.5238 -0.100E-01      -3536.08  0.4156  0.396E-03      -1619.75  0.4759  0.101E-01      -1075.51  0.5096 -0.854E-02      -1559.16  0.4788 -0.108E-02
         50.8730    -1475.39  0.5233 -0.100E-01      -3536.45  0.4156  0.399E-03      -1619.56  0.4759  0.101E-01      -1075.56  0.5096 -0.852E-02      -1559.32  0.4788 -0.108E-02
         51.1350    -1485.24  0.5227 -0.100E-01      -3536.94  0.4156  0.403E-03      -1619.32  0.4760  0.101E-01      -1075.63  0.5096 -0.851E-02      -1559.53  0.4788 -0.108E-02
         51.4756    -1497.14  0.5220 -0.100E-01      -3537.58  0.4156  0.408E-03      -1619.00  0.4760  0.101E-01      -1075.73  0.5096 -0.849E-02      -1559.81  0.4788 -0.108E-02
         51.9184    -1511.31  0.5211 -0.100E-01      -3538.42  0.4156  0.415E-03      -1618.60  0.4760  0.100E-01      -1075.86  0.5096 -0.846E-02      -1560.16  0.4788 -0.108E-02
         52.4940    -1530.34  0.5201 -0.100E-01      -3539.51  0.4156  0.423E-03      -1618.09  0.4760  0.100E-01      -1076.03  0.5096 -0.842E-02      -1560.62  0.4787 -0.108E-02
         53.2446    -1554.47  0.5189 -0.100E-01      -3540.94  0.4155  0.434E-03      -1617.45  0.4760  0.100E-01      -1076.27  0.5096 -0.838E-02      -1561.21  0.4787 -0.108E-02
         54.2096    -1580.85  0.5176 -0.100E-01      -3542.80  0.4155  0.448E-03      -1616.64  0.4761  0.998E-02      -1076.58  0.5095 -0.832E-02      -1561.95  0.4787 -0.108E-02
         55.3677    -1608.09  0.5163 -0.100E-01      -3545.04  0.4155  0.465E-03      -1615.72  0.4761  0.994E-02      -1076.98  0.5095 -0.825E-02      -1562.84  0.4786 -0.108E-02
         56.9118    -1638.11  0.5149 -0.100E-01      -3548.06  0.4154  0.486E-03      -1614.56  0.4762  0.990E-02      -1077.55  0.5095 -0.815E-02      -1564.00  0.4786 -0.108E-02
         60.0000    -1682.24  0.5127 -0.100E-01      -3554.16  0.4153  0.524E-03      -1612.51  0.4763  0.980E-02      -1078.81  0.5094 -0.797E-02      -1566.24  0.4785 -0.107E-02
         62.5000    -1712.43  0.5113 -0.100E-01      -3559.10  0.4152  0.553E-03      -1610.99  0.4764  0.972E-02      -1079.88  0.5093 -0.782E-02      -1568.01  0.4784 -0.107E-02
         66.2500    -1748.38  0.5096 -0.100E-01      -3566.45  0.4150  0.591E-03      -1609.07  0.4764  0.960E-02      -1081.64  0.5092 -0.761E-02      -1570.57  0.4783 -0.107E-02
         70.0000    -1778.30  0.5082 -0.100E-01      -3573.66  0.4148  0.623E-03      -1607.43  0.4765  0.947E-02      -1083.50  0.5090 -0.741E-02      -1573.05  0.4781 -0.106E-02
         75.0000    -1929.12  0.5016  0.931E-08      -3582.83  0.4146  0.655E-03      -1605.74  0.4766  0.930E-02      -1086.14  0.5088 -0.716E-02      -1576.21  0.4780 -0.106E-02
         80.0000    -2034.67  0.4971  0.112E-07      -3591.46  0.4145  0.677E-03      -1604.43  0.4767  0.913E-02      -1088.88  0.5086 -0.692E-02      -1579.26  0.4778 -0.106E-02
         80.0001    -2038.99  0.4971 -0.103E-01      -3591.52  0.4145  0.678E-03      -1604.39  0.4767  0.912E-02      -1088.87  0.5086 -0.692E-02      -1579.27  0.4778 -0.913E-03
         80.0002    -2038.19  0.4971 -0.101E-01      -3591.51  0.4145  0.678E-03      -1604.40  0.4767  0.912E-02      -1088.88  0.5086 -0.692E-02      -1579.27  0.4778 -0.913E-03
         80.0004    -2038.79  0.4971 -0.960E-02      -3591.52  0.4145  0.678E-03      -1604.40  0.4767  0.912E-02      -1088.87  0.5086 -0.692E-02      -1579.27  0.4778 -0.913E-03
         80.0006    -2038.59  0.4971 -0.974E-02      -3591.51  0.4145  0.678E-03      -1604.40  0.4767  0.912E-02      -1088.87  0.5086 -0.692E-02      -1579.27  0.4778 -0.913E-03
         80.0009    -2038.68  0.4971 -0.100E-01      -3591.52  0.4145  0.678E-03      -1604.40  0.4767  0.912E-02      -1088.87  0.5086 -0.692E-02      -1579.27  0.4778 -0.913E-03
         80.0013    -2038.63  0.4971 -0.993E-02      -3591.51  0.4145  0.678E-03      -1604.40  0.4767  0.912E-02      -1088.87  0.5086 -0.692E-02      -1579.27  0.4778 -0.913E-03
         80.0018    -2038.63  0.4971 -0.102E-01      -3591.52  0.4145  0.678E-03      -1604.40  0.4767  0.912E-02      -1088.87  0.5086 -0.692E-02      -1579.27  0.4778 -0.913E-03
         80.0024    -2038.60  0.4971 -0.100E-01      -3591.52  0.4145  0.678E-03      -1604.40  0.4767  0.912E-02      -1088.87  0.5086 -0.692E-02      -1579.27  0.4778 -0.115E-02
         80.0032    -2038.58  0.4971 -0.998E-02      -3591.52  0.4145  0.678E-03      -1604.40  0.4767  0.912E-02      -1088.87  0.5086 -0.692E-02      -1579.27  0.4778 -0.110E-02
         80.0043    -2038.54  0.4971 -0.994E-02      -3591.52  0.4145  0.678E-03      -1604.40  0.4767  0.912E-02      -1088.87  0.5086 -0.692E-02      -1579.27  0.4778 -0.105E-02
         80.0056    -2038.50  0.4971 -0.100E-01      -3591.52  0.4145  0.678E-03      -1604.40  0.4767  0.912E-02      -1088.88  0.5086 -0.692E-02      -1579.28  0.4778 -0.102E-02
         80.0074    -2038.45  0.4971 -0.998E-02      -3591.53  0.4145  0.678E-03      -1604.40  0.4767  0.912E-02      -1088.88  0.5086 -0.692E-02      -1579.28  0.4778 -0.108E-02
         80.0098    -2038.37  0.4971 -0.100E-01      -3591.53  0.4145  0.678E-03      -1604.40  0.4767  0.912E-02      -1088.88  0.5086 -0.692E-02      -1579.28  0.4778 -0.104E-02
         80.0128    -2038.28  0.4971 -0.999E-02      -3591.53  0.4145  0.678E-03      -1604.39  0.4767  0.912E-02      -1088.88  0.5086 -0.692E-02      -1579.28  0.4778 -0.106E-02
         80.0167    -2038.16  0.4971 -0.100E-01      -3591.54  0.4145  0.678E-03      -1604.39  0.4767  0.912E-02      -1088.88  0.5086 -0.692E-02      -1579.28  0.4778 -0.106E-02
         80.0218    -2038.00  0.4971 -0.100E-01      -3591.55  0.4145  0.678E-03      -1604.39  0.4767  0.912E-02      -1088.89  0.5086 -0.692E-02      -1579.29  0.4778 -0.106E-02
         80.0285    -2037.80  0.4971 -0.100E-01      -3591.56  0.4145  0.678E-03      -1604.39  0.4767  0.912E-02      -1088.89  0.5086 -0.692E-02      -1579.29  0.4778 -0.105E-02
         80.0372    -2037.53  0.4972 -0.100E-01      -3591.58  0.4145  0.678E-03      -1604.39  0.4767  0.912E-02      -1088.89  0.5086 -0.692E-02      -1579.29  0.4778 -0.105E-02
         80.0484    -2037.19  0.4972 -0.100E-01      -3591.60  0.4145  0.678E-03      -1604.38  0.4767  0.912E-02      -1088.90  0.5086 -0.692E-02      -1579.30  0.4778 -0.106E-02
         80.0630    -2036.75  0.4972 -0.100E-01      -3591.62  0.4145  0.678E-03      -1604.38  0.4767  0.912E-02      -1088.91  0.5086 -0.692E-02      -1579.31  0.4778 -0.106E-02
         80.0820    -2036.17  0.4972 -0.100E-01      -3591.66  0.4145  0.678E-03      -1604.38  0.4767  0.912E-02      -1088.92  0.5086 -0.691E-02      -1579.32  0.4778 -0.105E-02
         80.1067    -2035.44  0.4972 -0.100E-01      -3591.70  0.4145  0.678E-03      -1604.37  0.4767  0.912E-02      -1088.93  0.5086 -0.691E-02      -1579.34  0.4778 -0.106E-02
         80.1388    -2034.49  0.4973 -0.100E-01      -3591.75  0.4145  0.678E-03      -1604.36  0.4767  0.912E-02      -1088.95  0.5086 -0.691E-02      -1579.36  0.4778 -0.106E-02
         80.1806    -2033.27  0.4973 -0.100E-01      -3591.83  0.4145  0.679E-03      -1604.35  0.4767  0.912E-02      -1088.97  0.5086 -0.691E-02      -1579.38  0.4778 -0.106E-02
         80.2349    -2031.72  0.4974 -0.100E-01      -3591.92  0.4145  0.679E-03      -1604.34  0.4767  0.912E-02      -1089.00  0.5086 -0.691E-02      -1579.41  0.4778 -0.106E-02
         80.3054    -2029.76  0.4974 -0.100E-01      -3592.04  0.4145  0.679E-03      -1604.32  0.4767  0.911E-02      -1089.04  0.5086 -0.690E-02      -1579.46  0.4778 -0.106E-02
         80.3972    -2027.29  0.4975 -0.100E-01      -3592.20  0.4145  0.679E-03      -1604.29  0.4767  0.911E-02      -1089.09  0.5086 -0.690E-02      -1579.51  0.4778 -0.106E-02
         80.5164    -2024.21  0.4976 -0.100E-01      -3592.41  0.4144  0.680E-03      -1604.26  0.4767  0.911E-02      -1089.16  0.5086 -0.689E-02      -1579.59  0.4778 -0.106E-02
         80.6715    -2020.41  0.4978 -0.100E-01      -3592.67  0.4144  0.681E-03      -1604.23  0.4767  0.910E-02      -1089.24  0.5086 -0.689E-02      -1579.68  0.4778 -0.106E-02
         80.8730    -2015.80  0.4980 -0.100E-01      -3593.02  0.4144  0.681E-03      -1604.18  0.4767  0.909E-02      -1089.36  0.5086 -0.688E-02      -1579.80  0.4778 -0.106E-02
         81.1350    -2010.31  0.4982 -0.100E-01      -3593.46  0.4144  0.682E-03      -1604.11  0.4767  0.909E-02      -1089.50  0.5086 -0.686E-02      -1579.96  0.4778 -0.106E-02
         81.4756    -2003.94  0.4984 -0.100E-01      -3594.04  0.4144  0.684E-03      -1604.03  0.4767  0.907E-02      -1089.69  0.5085 -0.685E-02      -1580.17  0.4778 -0.106E-02
         81.9184    -1996.76  0.4987 -0.100E-01      -3594.78  0.4144  0.685E-03      -1603.93  0.4767  0.906E-02      -1089.94  0.5085 -0.683E-02      -1580.43  0.4778 -0.106E-02
         82.4940    -1988.96  0.4989 -0.100E-01      -3595.74  0.4144  0.687E-03      -1603.80  0.4767  0.904E-02      -1090.26  0.5085 -0.680E-02      -1580.78  0.4778 -0.105E-02
         83.2446    -1980.82  0.4992 -0.100E-01      -3596.98  0.4143  0.689E-03      -1603.64  0.4767  0.901E-02      -1090.69  0.5085 -0.677E-02      -1581.22  0.4778 -0.105E-02
         84.2096    -1972.85  0.4995 -0.100E-01      -3598.54  0.4143  0.692E-03      -1603.45  0.4767  0.898E-02      -1091.23  0.5084 -0.672E-02      -1581.79  0.4777 -0.105E-02
         85.3677    -1965.81  0.4998 -0.100E-01      -3600.38  0.4143  0.694E-03      -1603.24  0.4767  0.894E-02      -1091.90  0.5084 -0.667E-02      -1582.47  0.4777 -0.105E-02
         86.9118    -1959.40  0.5000 -0.100E-01      -3602.76  0.4142  0.696E-03      -1602.99  0.4767  0.889E-02      -1092.79  0.5083 -0.660E-02      -1583.36  0.4777 -0.105E-02
         90.0000    -1952.41  0.5003 -0.100E-01      -3607.16  0.4141  0.696E-03      -1602.62  0.4767  0.878E-02      -1094.60  0.5082 -0.647E-02      -1585.12  0.4776 -0.105E-02
         92.5000    -1948.44  0.5004 -0.100E-01      -3610.54  0.4141  0.694E-03      -1602.38  0.4768  0.870E-02      -1096.07  0.5081 -0.637E-02      -1586.51  0.4775 -0.105E-02
         96.2500    -1944.77  0.5006 -0.100E-01      -3614.99  0.4140  0.685E-03      -1602.19  0.4768  0.858E-02      -1098.32  0.5079 -0.622E-02      -1588.56  0.4774 -0.104E-02
        100.0000    -1941.68  0.5007 -0.100E-01      -3618.94  0.4139  0.673E-03      -1602.13  0.4768  0.846E-02      -1100.58  0.5077 -0.608E-02      -1590.56  0.4773 -0.104E-02
        105.0000    -1937.79  0.5008 -0.100E-01      -3623.12  0.4138  0.648E-03      -1602.27  0.4768  0.830E-02      -1103.62  0.5075 -0.590E-02      -1593.14  0.4772 -0.104E-02
        110.0000    -1933.57  0.5010 -0.100E-01      -3626.36  0.4137  0.619E-03      -1602.59  0.4768  0.815E-02      -1106.67  0.5072 -0.573E-02      -1595.67  0.4771 -0.104E-02
        115.0000    -1928.83  0.5011 -0.100E-01      -3628.56  0.4137  0.584E-03      -1603.08  0.4767  0.800E-02      -1109.73  0.5070 -0.557E-02      -1598.12  0.4770 -0.103E-02
        120.0000    -1923.56  0.5013 -0.100E-01      -3629.75  0.4137  0.544E-03      -1603.78  0.4767  0.786E-02      -1112.80  0.5068 -0.542E-02      -1600.52  0.4768 -0.103E-02
        130.0000    -2138.91  0.4942  0.233E-09      -3627.78  0.4137  0.447E-03      -1605.74  0.4766  0.760E-02      -1118.90  0.5063 -0.514E-02      -1605.09  0.4766 -0.102E-02
        140.0000    -2227.38  0.4897 -0.629E-08      -3622.36  0.4138  0.340E-03      -1607.98  0.4765  0.735E-02      -1124.97  0.5058 -0.489E-02      -1609.47  0.4764 -0.102E-02
        150.0000    -2317.59  0.4869 -0.361E-08      -3613.24  0.4140  0.224E-03      -1610.50  0.4764  0.712E-02      -1130.98  0.5054 -0.467E-02      -1613.68  0.4762 -0.101E-02
        160.0000    -2377.20  0.4846  0.151E-08      -3601.00  0.4143  0.107E-03      -1613.19  0.4762  0.690E-02      -1136.93  0.5049 -0.446E-02      -1617.72  0.4760 -0.101E-02
        170.0000    -2438.21  0.4826  0.838E-08      -3586.06  0.4146 -0.919E-05      -1616.03  0.4761  0.670E-02      -1142.81  0.5045 -0.426E-02      -1621.62  0.4759 -0.100E-02
        180.0000    -2494.06  0.4810  0.431E-08      -3568.99  0.4149 -0.119E-03      -1618.98  0.4760  0.650E-02      -1148.61  0.5040 -0.409E-02      -1625.37  0.4757 -0.100E-02
        190.0000    -2541.41  0.4797  0.908E-08      -3550.33  0.4153 -0.219E-03      -1622.01  0.4758  0.632E-02      -1154.34  0.5036 -0.392E-02      -1628.98  0.4755 -0.995E-03
        190.0001    -2542.13  0.4797 -0.960E-02      -3550.50  0.4153 -0.220E-03      -1622.00  0.4758  0.632E-02      -1154.34  0.5036 -0.392E-02      -1629.00  0.4755 -0.910E-03
        190.0002    -2542.00  0.4797 -0.983E-02      -3550.46  0.4153 -0.220E-03      -1622.00  0.4758  0.632E-02      -1154.34  0.5036 -0.392E-02      -1628.99  0.4755 -0.910E-03
        190.0004    -2542.08  0.4797 -0.104E-01      -3550.49  0.4153 -0.220E-03      -1622.00  0.4758  0.632E-02      -1154.34  0.5036 -0.392E-02      -1629.00  0.4755 -0.910E-03
        190.0006    -2542.04  0.4797 -0.102E-01      -3550.48  0.4153 -0.220E-03      -1622.00  0.4758  0.632E-02      -1154.34  0.5036 -0.392E-02      -1628.99  0.4755 -0.910E-03
        190.0009    -2542.03  0.4797 -0.101E-01      -3550.48  0.4153 -0.220E-03      -1622.00  0.4758  0.632E-02      -1154.34  0.5036 -0.392E-02      -1628.99  0.4755 -0.910E-03
        190.0013    -2542.00  0.4797 -0.990E-02      -3550.48  0.4153 -0.220E-03      -1622.00  0.4758  0.632E-02      -1154.34  0.5036 -0.392E-02      -1628.99  0.4755 -0.910E-03
        190.0018    -2541.97  0.4797 -0.993E-02      -3550.48  0.4153 -0.220E-03      -1622.00  0.4758  0.632E-02      -1154.34  0.5036 -0.392E-02      -1628.99  0.4755 -0.910E-03
        190.0024    -2541.93  0.4797 -0.993E-02      -3550.48  0.4153 -0.220E-03      -1622.00  0.4758  0.632E-02      -1154.34  0.5036 -0.392E-02      -1628.99  0.4755 -0.910E-03
        190.0032    -2541.88  0.4797 -0.999E-02      -3550.48  0.4153 -0.220E-03      -1622.00  0.4758  0.632E-02      -1154.34  0.5036 -0.392E-02      -1628.99  0.4755 -0.910E-03
        190.0043    -2541.80  0.4797 -0.995E-02      -3550.48  0.4153 -0.220E-03      -1622.00  0.4758  0.632E-02      -1154.34  0.5036 -0.392E-02      -1628.99  0.4755 -0.105E-02
        190.0056    -2541.71  0.4797 -0.997E-02      -3550.47  0.4153 -0.220E-03      -1622.00  0.4758  0.632E-02      -1154.35  0.5036 -0.392E-02      -1629.00  0.4755 -0.102E-02
        190.0074    -2541.59  0.4797 -0.999E-02      -3550.47  0.4153 -0.220E-03      -1622.00  0.4758  0.632E-02      -1154.35  0.5036 -0.392E-02      -1629.00  0.4755 -0.993E-03
        190.0098    -2541.44  0.4797 -0.100E-01      -3550.47  0.4153 -0.220E-03      -1622.00  0.4758  0.632E-02      -1154.35  0.5036 -0.392E-02      -1629.00  0.4755 -0.974E-03
        190.0128    -2541.24  0.4797 -0.999E-02      -3550.46  0.4153 -0.220E-03      -1622.00  0.4758  0.632E-02      -1154.35  0.5036 -0.392E-02      -1629.00  0.4755 -0.101E-02
        190.0167    -2540.98  0.4797 -0.100E-01      -3550.45  0.4153 -0.220E-03      -1622.00  0.4758  0.632E-02      -1154.35  0.5036 -0.392E-02      -1629.00  0.4755 -0.985E-03
        190.0218    -2540.64  0.4797 -0.999E-02      -3550.44  0.4153 -0.220E-03      -1622.00  0.4758  0.632E-02      -1154.35  0.5036 -0.392E-02      -1629.00  0.4755 -0.997E-03
        190.0285    -2540.20  0.4798 -0.999E-02      -3550.43  0.4153 -0.220E-03      -1622.00  0.4758  0.632E-02      -1154.36  0.5036 -0.392E-02      -1629.00  0.4755 -0.999E-03
        190.0372    -2539.62  0.4798 -0.100E-01      -3550.41  0.4153 -0.220E-03      -1622.01  0.4758  0.631E-02      -1154.36  0.5036 -0.392E-02      -1629.01  0.4755 -0.996E-03
        190.0484    -2538.88  0.4798 -0.100E-01      -3550.39  0.4153 -0.220E-03      -1622.01  0.4758  0.631E-02      -1154.37  0.5036 -0.392E-02      -1629.01  0.4755 -0.989E-03
        190.0630    -2537.92  0.4798 -0.999E-02      -3550.36  0.4153 -0.220E-03      -1622.01  0.4758  0.631E-02      -1154.38  0.5036 -0.392E-02      -1629.02  0.4755 -0.991E-03
        190.0820    -2536.67  0.4799 -0.100E-01      -3550.33  0.4153 -0.221E-03      -1622.02  0.4758  0.631E-02      -1154.39  0.5036 -0.392E-02      -1629.02  0.4755 -0.996E-03
        190.1067    -2535.06  0.4799 -0.100E-01      -3550.28  0.4153 -0.221E-03      -1622.03  0.4758  0.631E-02      -1154.40  0.5036 -0.392E-02      -1629.03  0.4755 -0.994E-03
        190.1388    -2532.98  0.4800 -0.100E-01      -3550.22  0.4153 -0.221E-03      -1622.04  0.4758  0.631E-02      -1154.42  0.5036 -0.392E-02      -1629.04  0.4755 -0.993E-03
        190.1806    -2530.29  0.4800 -0.100E-01      -3550.14  0.4153 -0.222E-03      -1622.05  0.4758  0.631E-02      -1154.45  0.5036 -0.392E-02      -1629.06  0.4755 -0.995E-03
        190.2349    -2526.84  0.4801 -0.100E-01      -3550.04  0.4153 -0.222E-03      -1622.07  0.4758  0.631E-02      -1154.48  0.5036 -0.392E-02      -1629.08  0.4755 -0.995E-03
        190.3054    -2522.41  0.4803 -0.100E-01      -3549.91  0.4153 -0.223E-03      -1622.09  0.4758  0.631E-02      -1154.52  0.5036 -0.392E-02      -1629.10  0.4755 -0.994E-03
        190.3972    -2516.76  0.4804 -0.100E-01      -3549.73  0.4154 -0.224E-03      -1622.12  0.4758  0.631E-02      -1154.57  0.5036 -0.391E-02      -1629.14  0.4755 -0.996E-03
        190.5164    -2509.58  0.4806 -0.100E-01      -3549.51  0.4154 -0.225E-03      -1622.15  0.4758  0.631E-02      -1154.64  0.5036 -0.391E-02      -1629.18  0.4755 -0.995E-03
        190.6715    -2500.51  0.4809 -0.100E-01      -3549.22  0.4154 -0.227E-03      -1622.20  0.4758  0.630E-02      -1154.73  0.5036 -0.391E-02      -1629.24  0.4755 -0.995E-03
        190.8730    -2489.17  0.4812 -0.100E-01      -3548.84  0.4154 -0.229E-03      -1622.26  0.4758  0.630E-02      -1154.84  0.5035 -0.391E-02      -1629.31  0.4755 -0.995E-03
        191.1350    -2475.12  0.4816 -0.100E-01      -3548.34  0.4154 -0.231E-03      -1622.34  0.4758  0.629E-02      -1154.99  0.5035 -0.390E-02      -1629.40  0.4755 -0.995E-03
        191.4756    -2457.94  0.4821 -0.100E-01      -3547.69  0.4154 -0.235E-03      -1622.44  0.4758  0.629E-02      -1155.19  0.5035 -0.390E-02      -1629.53  0.4755 -0.994E-03
        191.9184    -2437.28  0.4826 -0.100E-01      -3546.85  0.4154 -0.239E-03      -1622.58  0.4758  0.628E-02      -1155.44  0.5035 -0.389E-02      -1629.68  0.4755 -0.994E-03
        192.4940    -2414.78  0.4833 -0.100E-01      -3545.75  0.4154 -0.245E-03      -1622.75  0.4758  0.627E-02      -1155.77  0.5035 -0.388E-02      -1629.89  0.4755 -0.994E-03
        193.2446    -2392.74  0.4842 -0.100E-01      -3544.30  0.4155 -0.252E-03      -1622.98  0.4758  0.626E-02      -1156.19  0.5034 -0.387E-02      -1630.16  0.4754 -0.994E-03
        194.2096    -2366.69  0.4851 -0.100E-01      -3542.43  0.4155 -0.262E-03      -1623.28  0.4758  0.624E-02      -1156.74  0.5034 -0.385E-02      -1630.50  0.4754 -0.993E-03
        195.3677    -2339.89  0.4861 -0.100E-01      -3540.16  0.4156 -0.273E-03      -1623.63  0.4758  0.622E-02      -1157.40  0.5034 -0.384E-02      -1630.91  0.4754 -0.993E-03
        196.9118    -2308.94  0.4872 -0.100E-01      -3537.12  0.4156 -0.287E-03      -1624.11  0.4757  0.619E-02      -1158.28  0.5033 -0.381E-02      -1631.46  0.4754 -0.992E-03
        200.0000    -2260.59  0.4890 -0.100E-01      -3530.93  0.4158 -0.314E-03      -1625.06  0.4757  0.614E-02      -1160.02  0.5032 -0.377E-02      -1632.54  0.4753 -0.991E-03
        202.5000    -2331.93  0.4868 -0.652E-08      -3525.88  0.4159 -0.336E-03      -1625.84  0.4757  0.610E-02      -1161.43  0.5030 -0.373E-02      -1633.40  0.4753 -0.990E-03
        206.2500    -2379.13  0.4844  0.156E-07      -3518.18  0.4160 -0.366E-03      -1627.01  0.4756  0.603E-02      -1163.54  0.5029 -0.368E-02      -1634.68  0.4752 -0.988E-03
        210.0000    -2429.51  0.4829 -0.815E-08      -3510.43  0.4162 -0.394E-03      -1628.19  0.4755  0.597E-02      -1165.64  0.5027 -0.362E-02      -1635.94  0.4752 -0.987E-03
        215.0000    -2476.99  0.4815  0.176E-07      -3499.99  0.4164 -0.428E-03      -1629.77  0.4755  0.589E-02      -1168.43  0.5025 -0.356E-02      -1637.60  0.4751 -0.984E-03
        220.0000    -2513.74  0.4805  0.838E-08      -3489.51  0.4166 -0.458E-03      -1631.36  0.4754  0.581E-02      -1171.20  0.5023 -0.349E-02      -1639.22  0.4750 -0.982E-03
        220.0001    -2514.65  0.4805 -0.993E-02      -3489.52  0.4166 -0.459E-03      -1631.36  0.4754  0.581E-02      -1171.20  0.5023 -0.349E-02      -1639.22  0.4750 -0.906E-03
        220.0002    -2514.49  0.4805 -0.102E-01      -3489.52  0.4166 -0.459E-03      -1631.36  0.4754  0.581E-02      -1171.20  0.5023 -0.349E-02      -1639.22  0.4750 -0.906E-03
        220.0004    -2514.59  0.4805 -0.980E-02      -3489.52  0.4166 -0.459E-03      -1631.36  0.4754  0.581E-02      -1171.20  0.5023 -0.349E-02      -1639.22  0.4750 -0.906E-03
        220.0006    -2514.54  0.4805 -0.981E-02      -3489.52  0.4166 -0.459E-03      -1631.36  0.4754  0.581E-02      -1171.20  0.5023 -0.349E-02      -1639.22  0.4750 -0.906E-03
        220.0009    -2514.54  0.4805 -0.986E-02      -3489.52  0.4166 -0.459E-03      -1631.36  0.4754  0.581E-02      -1171.20  0.5023 -0.349E-02      -1639.22  0.4750 -0.906E-03
        220.0013    -2514.51  0.4805 -0.982E-02      -3489.52  0.4166 -0.459E-03      -1631.36  0.4754  0.581E-02      -1171.20  0.5023 -0.349E-02      -1639.22  0.4750 -0.906E-03
        220.0018    -2514.48  0.4805 -0.994E-02      -3489.52  0.4166 -0.459E-03      -1631.36  0.4754  0.581E-02      -1171.20  0.5023 -0.349E-02      -1639.22  0.4750 -0.906E-03
        220.0024    -2514.44  0.4805 -0.100E-01      -3489.52  0.4166 -0.459E-03      -1631.36  0.4754  0.581E-02      -1171.20  0.5023 -0.349E-02      -1639.22  0.4750 -0.906E-03
        220.0032    -2514.39  0.4805 -0.994E-02      -3489.51  0.4166 -0.459E-03      -1631.36  0.4754  0.581E-02      -1171.20  0.5023 -0.349E-02      -1639.22  0.4750 -0.906E-03
        220.0043    -2514.32  0.4805 -0.999E-02      -3489.51  0.4166 -0.459E-03      -1631.36  0.4754  0.581E-02      -1171.20  0.5023 -0.349E-02      -1639.22  0.4750 -0.105E-02
        220.0056    -2514.24  0.4805 -0.997E-02      -3489.51  0.4166 -0.459E-03      -1631.36  0.4754  0.581E-02      -1171.20  0.5023 -0.349E-02      -1639.23  0.4750 -0.101E-02
        220.0074    -2514.12  0.4805 -0.998E-02      -3489.50  0.4166 -0.459E-03      -1631.36  0.4754  0.581E-02      -1171.20  0.5023 -0.349E-02      -1639.23  0.4750 -0.989E-03
        220.0098    -2513.97  0.4805 -0.100E-01      -3489.50  0.4166 -0.459E-03      -1631.36  0.4754  0.581E-02      -1171.20  0.5023 -0.349E-02      -1639.23  0.4750 -0.970E-03
        220.0128    -2513.78  0.4805 -0.100E-01      -3489.49  0.4166 -0.459E-03      -1631.36  0.4754  0.581E-02      -1171.21  0.5023 -0.349E-02      -1639.23  0.4750 -0.100E-02
        220.0167    -2513.52  0.4805 -0.999E-02      -3489.48  0.4166 -0.459E-03      -1631.36  0.4754  0.581E-02      -1171.21  0.5023 -0.349E-02      -1639.23  0.4750 -0.981E-03
        220.0218    -2513.20  0.4805 -0.999E-02      -3489.47  0.4166 -0.459E-03      -1631.36  0.4754  0.581E-02      -1171.21  0.5023 -0.349E-02      -1639.23  0.4750 -0.993E-03
        220.0285    -2512.77  0.4805 -0.100E-01      -3489.46  0.4166 -0.459E-03      -1631.37  0.4754  0.581E-02      -1171.22  0.5023 -0.349E-02      -1639.23  0.4750 -0.973E-03
        220.0372    -2512.22  0.4805 -0.100E-01      -3489.44  0.4166 -0.459E-03      -1631.37  0.4754  0.581E-02      -1171.22  0.5023 -0.349E-02      -1639.24  0.4750 -0.975E-03
        220.0484    -2511.50  0.4806 -0.999E-02      -3489.42  0.4166 -0.459E-03      -1631.37  0.4754  0.581E-02      -1171.23  0.5023 -0.349E-02      -1639.24  0.4750 -0.985E-03
        220.0630    -2510.57  0.4806 -0.100E-01      -3489.38  0.4166 -0.459E-03      -1631.38  0.4754  0.581E-02      -1171.24  0.5023 -0.349E-02      -1639.24  0.4750 -0.987E-03
        220.0820    -2509.37  0.4806 -0.100E-01      -3489.34  0.4166 -0.459E-03      -1631.38  0.4754  0.581E-02      -1171.24  0.5023 -0.349E-02      -1639.25  0.4750 -0.984E-03
        220.1067    -2507.82  0.4807 -0.100E-01      -3489.29  0.4166 -0.459E-03      -1631.39  0.4754  0.581E-02      -1171.26  0.5023 -0.349E-02      -1639.26  0.4750 -0.984E-03
        220.1388    -2505.81  0.4807 -0.100E-01      -3489.23  0.4166 -0.459E-03      -1631.40  0.4754  0.581E-02      -1171.28  0.5023 -0.349E-02      -1639.27  0.4750 -0.985E-03
        220.1806    -2503.22  0.4808 -0.100E-01      -3489.14  0.4166 -0.460E-03      -1631.41  0.4754  0.581E-02      -1171.30  0.5023 -0.349E-02      -1639.28  0.4750 -0.981E-03
        220.2349    -2499.89  0.4809 -0.100E-01      -3489.03  0.4166 -0.460E-03      -1631.43  0.4754  0.581E-02      -1171.33  0.5023 -0.349E-02      -1639.30  0.4750 -0.983E-03
        220.3054    -2495.62  0.4810 -0.100E-01      -3488.88  0.4166 -0.460E-03      -1631.45  0.4754  0.581E-02      -1171.37  0.5023 -0.349E-02      -1639.32  0.4750 -0.982E-03
        220.3972    -2490.18  0.4812 -0.100E-01      -3488.68  0.4167 -0.461E-03      -1631.48  0.4754  0.581E-02      -1171.42  0.5023 -0.349E-02      -1639.35  0.4750 -0.982E-03
        220.5164    -2483.26  0.4814 -0.100E-01      -3488.43  0.4167 -0.462E-03      -1631.52  0.4754  0.581E-02      -1171.49  0.5023 -0.348E-02      -1639.39  0.4750 -0.982E-03
        220.6715    -2474.55  0.4816 -0.100E-01      -3488.11  0.4167 -0.463E-03      -1631.57  0.4754  0.580E-02      -1171.57  0.5023 -0.348E-02      -1639.44  0.4750 -0.983E-03
        220.8730    -2463.65  0.4819 -0.100E-01      -3487.69  0.4167 -0.464E-03      -1631.63  0.4754  0.580E-02      -1171.68  0.5023 -0.348E-02      -1639.51  0.4750 -0.982E-03
        221.1350    -2450.17  0.4823 -0.100E-01      -3487.14  0.4167 -0.465E-03      -1631.72  0.4754  0.580E-02      -1171.83  0.5022 -0.348E-02      -1639.59  0.4750 -0.982E-03
        221.4756    -2433.71  0.4827 -0.100E-01      -3486.42  0.4167 -0.468E-03      -1631.82  0.4754  0.579E-02      -1172.02  0.5022 -0.347E-02      -1639.70  0.4750 -0.982E-03
        221.9184    -2415.56  0.4833 -0.100E-01      -3485.49  0.4167 -0.470E-03      -1631.96  0.4754  0.578E-02      -1172.26  0.5022 -0.347E-02      -1639.85  0.4750 -0.982E-03
        222.4940    -2397.49  0.4840 -0.100E-01      -3484.28  0.4167 -0.473E-03      -1632.15  0.4754  0.578E-02      -1172.58  0.5022 -0.346E-02      -1640.03  0.4750 -0.982E-03
        223.2446    -2375.50  0.4848 -0.100E-01      -3482.71  0.4168 -0.478E-03      -1632.39  0.4753  0.576E-02      -1172.99  0.5022 -0.345E-02      -1640.27  0.4750 -0.981E-03
        224.2096    -2351.01  0.4857 -0.100E-01      -3480.68  0.4168 -0.483E-03      -1632.69  0.4753  0.575E-02      -1173.53  0.5021 -0.344E-02      -1640.58  0.4750 -0.981E-03
        225.3677    -2324.93  0.4866 -0.100E-01      -3478.25  0.4169 -0.489E-03      -1633.06  0.4753  0.573E-02      -1174.16  0.5021 -0.342E-02      -1640.95  0.4749 -0.980E-03
        226.9118    -2295.28  0.4877 -0.100E-01      -3475.00  0.4169 -0.497E-03      -1633.55  0.4753  0.571E-02      -1175.01  0.5020 -0.340E-02      -1641.44  0.4749 -0.980E-03
        230.0000    -2248.64  0.4895 -0.100E-01      -3468.52  0.4171 -0.512E-03      -1634.54  0.4752  0.566E-02      -1176.70  0.5019 -0.337E-02      -1642.41  0.4749 -0.979E-03
        232.5000    -2320.94  0.4872  0.163E-07      -3463.27  0.4172 -0.524E-03      -1635.34  0.4752  0.563E-02      -1178.07  0.5018 -0.334E-02      -1643.19  0.4748 -0.978E-03
        236.2500    -2369.14  0.4848 -0.861E-08      -3455.43  0.4174 -0.539E-03      -1636.54  0.4751  0.557E-02      -1180.12  0.5016 -0.329E-02      -1644.34  0.4748 -0.976E-03
        240.0000    -2418.54  0.4832  0.142E-07      -3447.61  0.4175 -0.553E-03      -1637.73  0.4751  0.552E-02      -1182.18  0.5015 -0.325E-02      -1645.48  0.4747 -0.975E-03
        240.0001    -2418.40  0.4832 -0.955E-02      -3447.60  0.4175 -0.553E-03      -1637.73  0.4751  0.552E-02      -1182.18  0.5015 -0.325E-02      -1645.48  0.4747 -0.903E-03
        240.0002    -2418.43  0.4832 -0.101E-01      -3447.61  0.4175 -0.553E-03      -1637.73  0.4751  0.552E-02      -1182.18  0.5015 -0.325E-02      -1645.48  0.4747 -0.903E-03
        240.0004    -2418.39  0.4832 -0.100E-01      -3447.60  0.4175 -0.553E-03      -1637.73  0.4751  0.552E-02      -1182.18  0.5015 -0.325E-02      -1645.48  0.4747 -0.903E-03
        240.0006    -2418.40  0.4832 -0.102E-01      -3447.61  0.4175 -0.553E-03      -1637.73  0.4751  0.552E-02      -1182.18  0.5015 -0.325E-02      -1645.48  0.4747 -0.903E-03
        240.0009    -2418.38  0.4832 -0.993E-02      -3447.60  0.4175 -0.553E-03      -1637.73  0.4751  0.552E-02      -1182.18  0.5015 -0.325E-02      -1645.48  0.4747 -0.903E-03
        240.0013    -2418.36  0.4832 -0.101E-01      -3447.60  0.4175 -0.553E-03      -1637.73  0.4751  0.552E-02      -1182.18  0.5015 -0.325E-02      -1645.48  0.4747 -0.903E-03
        240.0018    -2418.34  0.4832 -0.101E-01      -3447.60  0.4175 -0.553E-03      -1637.73  0.4751  0.552E-02      -1182.18  0.5015 -0.325E-02      -1645.48  0.4747 -0.903E-03
        240.0024    -2418.31  0.4832 -0.994E-02      -3447.60  0.4175 -0.553E-03      -1637.73  0.4751  0.552E-02      -1182.18  0.5015 -0.325E-02      -1645.48  0.4747 -0.903E-03
        240.0032    -2418.28  0.4832 -0.996E-02      -3447.60  0.4175 -0.553E-03      -1637.73  0.4751  0.552E-02      -1182.18  0.5015 -0.325E-02      -1645.48  0.4747 -0.903E-03
        240.0043    -2418.23  0.4832 -0.998E-02      -3447.60  0.4175 -0.553E-03      -1637.73  0.4751  0.552E-02      -1182.18  0.5015 -0.325E-02      -1645.48  0.4747 -0.104E-02
        240.0056    -2418.17  0.4832 -0.100E-01      -3447.60  0.4175 -0.553E-03      -1637.74  0.4751  0.552E-02      -1182.18  0.5015 -0.325E-02      -1645.48  0.4747 -0.101E-02
        240.0074    -2418.10  0.4832 -0.100E-01      -3447.59  0.4175 -0.553E-03      -1637.74  0.4751  0.552E-02      -1182.18  0.5015 -0.325E-02      -1645.48  0.4747 -0.986E-03
        240.0098    -2418.00  0.4832 -0.998E-02      -3447.58  0.4175 -0.553E-03      -1637.74  0.4751  0.552E-02      -1182.18  0.5015 -0.325E-02      -1645.48  0.4747 -0.967E-03
        240.0128    -2417.87  0.4832 -0.999E-02      -3447.58  0.4175 -0.553E-03      -1637.74  0.4751  0.552E-02      -1182.18  0.5015 -0.325E-02      -1645.48  0.4747 -0.953E-03
        240.0167    -2417.70  0.4832 -0.100E-01      -3447.57  0.4175 -0.553E-03      -1637.74  0.4751  0.552E-02      -1182.18  0.5015 -0.325E-02      -1645.48  0.4747 -0.979E-03
        240.0218    -2417.48  0.4832 -0.999E-02      -3447.56  0.4175 -0.553E-03      -1637.74  0.4751  0.552E-02      -1182.19  0.5015 -0.325E-02      -1645.48  0.4747 -0.962E-03
        240.0285    -2417.19  0.4832 -0.100E-01      -3447.54  0.4175 -0.554E-03      -1637.74  0.4751  0.552E-02      -1182.19  0.5015 -0.325E-02      -1645.49  0.4747 -0.970E-03
        240.0372    -2416.82  0.4832 -0.100E-01      -3447.53  0.4175 -0.554E-03      -1637.75  0.4751  0.552E-02      -1182.20  0.5015 -0.325E-02      -1645.49  0.4747 -0.972E-03
        240.0484    -2416.34  0.4833 -0.100E-01      -3447.50  0.4175 -0.554E-03      -1637.75  0.4751  0.552E-02      -1182.20  0.5014 -0.325E-02      -1645.49  0.4747 -0.970E-03
        240.0630    -2415.72  0.4833 -0.100E-01      -3447.47  0.4175 -0.554E-03      -1637.75  0.4751  0.552E-02      -1182.21  0.5014 -0.325E-02      -1645.50  0.4747 -0.975E-03
        240.0820    -2414.91  0.4833 -0.100E-01      -3447.43  0.4175 -0.554E-03      -1637.76  0.4751  0.552E-02      -1182.22  0.5014 -0.325E-02      -1645.50  0.4747 -0.974E-03
        240.1067    -2413.87  0.4834 -0.100E-01      -3447.38  0.4175 -0.554E-03      -1637.77  0.4751  0.552E-02      -1182.23  0.5014 -0.325E-02      -1645.51  0.4747 -0.976E-03
        240.1388    -2412.52  0.4834 -0.100E-01      -3447.31  0.4175 -0.554E-03      -1637.78  0.4751  0.552E-02      -1182.25  0.5014 -0.325E-02      -1645.52  0.4747 -0.973E-03
        240.1806    -2410.78  0.4835 -0.100E-01      -3447.23  0.4175 -0.554E-03      -1637.79  0.4751  0.552E-02      -1182.27  0.5014 -0.325E-02      -1645.53  0.4747 -0.975E-03
        240.2349    -2408.54  0.4835 -0.100E-01      -3447.11  0.4175 -0.554E-03      -1637.81  0.4751  0.552E-02      -1182.30  0.5014 -0.325E-02      -1645.55  0.4747 -0.975E-03
        240.3054    -2405.66  0.4837 -0.100E-01      -3446.96  0.4175 -0.555E-03      -1637.83  0.4751  0.552E-02      -1182.34  0.5014 -0.325E-02      -1645.57  0.4747 -0.975E-03
        240.3972    -2401.97  0.4838 -0.100E-01      -3446.77  0.4175 -0.555E-03      -1637.86  0.4751  0.551E-02      -1182.39  0.5014 -0.325E-02      -1645.60  0.4747 -0.975E-03
        240.5164    -2397.28  0.4840 -0.100E-01      -3446.52  0.4175 -0.555E-03      -1637.90  0.4751  0.551E-02      -1182.46  0.5014 -0.325E-02      -1645.63  0.4747 -0.974E-03
        240.6715    -2391.34  0.4842 -0.100E-01      -3446.20  0.4176 -0.556E-03      -1637.95  0.4751  0.551E-02      -1182.54  0.5014 -0.325E-02      -1645.68  0.4747 -0.974E-03
        240.8730    -2383.87  0.4845 -0.100E-01      -3445.78  0.4176 -0.557E-03      -1638.01  0.4751  0.551E-02      -1182.65  0.5014 -0.324E-02      -1645.74  0.4747 -0.975E-03
        241.1350    -2374.58  0.4848 -0.100E-01      -3445.24  0.4176 -0.558E-03      -1638.10  0.4751  0.550E-02      -1182.80  0.5014 -0.324E-02      -1645.82  0.4747 -0.974E-03
        241.4756    -2363.15  0.4852 -0.100E-01      -3444.53  0.4176 -0.559E-03      -1638.21  0.4751  0.550E-02      -1182.98  0.5014 -0.324E-02      -1645.92  0.4747 -0.974E-03
        241.9184    -2349.27  0.4857 -0.100E-01      -3443.61  0.4176 -0.560E-03      -1638.35  0.4751  0.549E-02      -1183.23  0.5014 -0.323E-02      -1646.06  0.4747 -0.974E-03
        242.4940    -2332.72  0.4863 -0.100E-01      -3442.41  0.4176 -0.562E-03      -1638.53  0.4751  0.549E-02      -1183.54  0.5013 -0.323E-02      -1646.23  0.4747 -0.974E-03
        243.2446    -2313.29  0.4870 -0.100E-01      -3440.85  0.4177 -0.565E-03      -1638.77  0.4750  0.548E-02      -1183.95  0.5013 -0.322E-02      -1646.45  0.4747 -0.974E-03
        244.2096    -2291.22  0.4879 -0.100E-01      -3438.85  0.4177 -0.568E-03      -1639.08  0.4750  0.546E-02      -1184.48  0.5013 -0.321E-02      -1646.74  0.4747 -0.973E-03
        245.3677    -2268.03  0.4887 -0.100E-01      -3436.45  0.4178 -0.572E-03      -1639.45  0.4750  0.545E-02      -1185.11  0.5012 -0.319E-02      -1647.09  0.4746 -0.973E-03
        246.9118    -2241.64  0.4897 -0.100E-01      -3433.25  0.4178 -0.577E-03      -1639.95  0.4750  0.542E-02      -1185.95  0.5012 -0.318E-02      -1647.54  0.4746 -0.972E-03
        250.0000    -2200.67  0.4912 -0.100E-01      -3426.88  0.4180 -0.585E-03      -1640.96  0.4749  0.538E-02      -1187.63  0.5010 -0.315E-02      -1648.45  0.4746 -0.971E-03
        252.5000    -2173.13  0.4922 -0.100E-01      -3421.73  0.4181 -0.592E-03      -1641.78  0.4749  0.535E-02      -1188.99  0.5009 -0.312E-02      -1649.18  0.4746 -0.970E-03
        256.2500    -2141.08  0.4934 -0.100E-01      -3414.05  0.4182 -0.601E-03      -1643.02  0.4748  0.529E-02      -1191.03  0.5008 -0.308E-02      -1650.25  0.4745 -0.969E-03
        260.0000    -2113.57  0.4944 -0.100E-01      -3406.40  0.4184 -0.609E-03      -1644.24  0.4748  0.525E-02      -1193.09  0.5006 -0.305E-02      -1651.31  0.4745 -0.968E-03
        265.0000    -2082.66  0.4955 -0.100E-01      -3396.26  0.4186 -0.618E-03      -1645.87  0.4747  0.518E-02      -1195.83  0.5004 -0.300E-02      -1652.70  0.4744 -0.966E-03
        270.0000    -2054.75  0.4965 -0.100E-01      -3386.14  0.4188 -0.627E-03      -1647.49  0.4746  0.512E-02      -1198.57  0.5002 -0.296E-02      -1654.06  0.4743 -0.964E-03
        275.0000    -2186.34  0.4922 -0.373E-08      -3376.06  0.4190 -0.635E-03      -1649.10  0.4746  0.506E-02      -1201.43  0.5000 -0.293E-02      -1655.40  0.4743 -0.963E-03
        280.0000    -2240.91  0.4894 -0.256E-08      -3365.98  0.4193 -0.642E-03      -1650.70  0.4745  0.501E-02      -1204.25  0.4998 -0.289E-02      -1656.72  0.4742 -0.961E-03
        290.0000    -2329.13  0.4864  0.698E-09      -3345.75  0.4197 -0.656E-03      -1653.87  0.4743  0.490E-02      -1210.45  0.4994 -0.279E-02      -1659.25  0.4741 -0.958E-03
        290.0001    -2331.46  0.4864 -0.103E-01      -3345.75  0.4197 -0.657E-03      -1653.87  0.4743  0.490E-02      -1210.41  0.4994 -0.279E-02      -1659.26  0.4741 -0.898E-03
        290.0002    -2330.86  0.4864 -0.106E-01      -3345.75  0.4197 -0.657E-03      -1653.87  0.4743  0.490E-02      -1210.41  0.4994 -0.279E-02      -1659.26  0.4741 -0.898E-03
        290.0004    -2331.34  0.4864 -0.102E-01      -3345.75  0.4197 -0.657E-03      -1653.87  0.4743  0.490E-02      -1210.41  0.4994 -0.279E-02      -1659.26  0.4741 -0.898E-03
        290.0006    -2331.12  0.4864 -0.102E-01      -3345.75  0.4197 -0.657E-03      -1653.87  0.4743  0.490E-02      -1210.41  0.4994 -0.279E-02      -1659.26  0.4741 -0.898E-03
        290.0009    -2331.23  0.4864 -0.975E-02      -3345.75  0.4197 -0.657E-03      -1653.87  0.4743  0.490E-02      -1210.41  0.4994 -0.279E-02      -1659.26  0.4741 -0.898E-03
        290.0013    -2331.15  0.4864 -0.984E-02      -3345.75  0.4197 -0.657E-03      -1653.87  0.4743  0.490E-02      -1210.41  0.4994 -0.279E-02      -1659.26  0.4741 -0.898E-03
        290.0018    -2331.16  0.4864 -0.101E-01      -3345.75  0.4197 -0.657E-03      -1653.87  0.4743  0.490E-02      -1210.41  0.4994 -0.279E-02      -1659.26  0.4741 -0.898E-03
        290.0024    -2331.11  0.4864 -0.996E-02      -3345.75  0.4197 -0.657E-03      -1653.87  0.4743  0.490E-02      -1210.41  0.4994 -0.279E-02      -1659.26  0.4741 -0.898E-03
        290.0032    -2331.08  0.4864 -0.100E-01      -3345.75  0.4197 -0.657E-03      -1653.87  0.4743  0.490E-02      -1210.41  0.4994 -0.279E-02      -1659.26  0.4741 -0.898E-03
        290.0043    -2331.03  0.4864 -0.999E-02      -3345.74  0.4197 -0.657E-03      -1653.87  0.4743  0.490E-02      -1210.41  0.4994 -0.279E-02      -1659.26  0.4741 -0.898E-03
        290.0056    -2330.97  0.4864 -0.996E-02      -3345.74  0.4197 -0.657E-03      -1653.88  0.4743  0.490E-02      -1210.41  0.4994 -0.279E-02      -1659.26  0.4741 -0.101E-02
        290.0074    -2330.88  0.4864 -0.998E-02      -3345.74  0.4197 -0.657E-03      -1653.88  0.4743  0.490E-02      -1210.41  0.4994 -0.279E-02      -1659.26  0.4741 -0.981E-03
        290.0098    -2330.77  0.4864 -0.999E-02      -3345.73  0.4197 -0.657E-03      -1653.88  0.4743  0.490E-02      -1210.41  0.4994 -0.279E-02      -1659.26  0.4741 -0.962E-03
        290.0128    -2330.63  0.4864 -0.999E-02      -3345.73  0.4197 -0.657E-03      -1653.88  0.4743  0.490E-02      -1210.41  0.4994 -0.279E-02      -1659.26  0.4741 -0.947E-03
        290.0167    -2330.45  0.4864 -0.999E-02      -3345.72  0.4197 -0.657E-03      -1653.88  0.4743  0.490E-02      -1210.42  0.4994 -0.279E-02      -1659.26  0.4741 -0.974E-03
        290.0218    -2330.21  0.4864 -0.100E-01      -3345.71  0.4197 -0.657E-03      -1653.88  0.4743  0.490E-02      -1210.42  0.4994 -0.279E-02      -1659.26  0.4741 -0.956E-03
        290.0285    -2329.90  0.4864 -0.100E-01      -3345.69  0.4197 -0.657E-03      -1653.88  0.4743  0.490E-02      -1210.43  0.4994 -0.279E-02      -1659.27  0.4741 -0.965E-03
        290.0372    -2329.50  0.4864 -0.100E-01      -3345.68  0.4197 -0.657E-03      -1653.89  0.4743  0.490E-02      -1210.43  0.4994 -0.279E-02      -1659.27  0.4741 -0.950E-03
        290.0484    -2328.98  0.4865 -0.100E-01      -3345.65  0.4197 -0.657E-03      -1653.89  0.4743  0.490E-02      -1210.44  0.4994 -0.279E-02      -1659.27  0.4741 -0.964E-03
        290.0630    -2328.30  0.4865 -0.100E-01      -3345.62  0.4197 -0.657E-03      -1653.89  0.4743  0.490E-02      -1210.45  0.4994 -0.279E-02      -1659.27  0.4741 -0.959E-03
        290.0820    -2327.42  0.4865 -0.100E-01      -3345.59  0.4197 -0.657E-03      -1653.90  0.4743  0.490E-02      -1210.46  0.4994 -0.279E-02      -1659.28  0.4741 -0.961E-03
        290.1067    -2326.29  0.4866 -0.100E-01      -3345.54  0.4197 -0.657E-03      -1653.91  0.4743  0.490E-02      -1210.47  0.4994 -0.279E-02      -1659.29  0.4741 -0.958E-03
        290.1388    -2324.82  0.4866 -0.100E-01      -3345.47  0.4197 -0.657E-03      -1653.92  0.4743  0.489E-02      -1210.49  0.4994 -0.279E-02      -1659.29  0.4741 -0.958E-03
        290.1806    -2322.94  0.4867 -0.100E-01      -3345.39  0.4197 -0.657E-03      -1653.93  0.4743  0.489E-02      -1210.52  0.4994 -0.278E-02      -1659.31  0.4741 -0.959E-03
        290.2349    -2320.51  0.4868 -0.100E-01      -3345.28  0.4197 -0.657E-03      -1653.95  0.4743  0.489E-02      -1210.56  0.4994 -0.278E-02      -1659.32  0.4741 -0.958E-03
        290.3054    -2317.40  0.4869 -0.100E-01      -3345.14  0.4197 -0.657E-03      -1653.97  0.4743  0.489E-02      -1210.60  0.4994 -0.278E-02      -1659.34  0.4741 -0.957E-03
        290.3972    -2313.43  0.4870 -0.100E-01      -3344.95  0.4197 -0.657E-03      -1654.00  0.4743  0.489E-02      -1210.66  0.4994 -0.278E-02      -1659.36  0.4741 -0.958E-03
        290.5164    -2308.38  0.4872 -0.100E-01      -3344.71  0.4197 -0.657E-03      -1654.04  0.4743  0.489E-02      -1210.73  0.4994 -0.278E-02      -1659.39  0.4741 -0.958E-03
        290.6715    -2302.02  0.4875 -0.100E-01      -3344.39  0.4197 -0.658E-03      -1654.09  0.4743  0.489E-02      -1210.83  0.4994 -0.277E-02      -1659.43  0.4741 -0.957E-03
        290.8730    -2294.05  0.4877 -0.100E-01      -3343.99  0.4197 -0.658E-03      -1654.15  0.4743  0.489E-02      -1210.96  0.4993 -0.277E-02      -1659.48  0.4741 -0.958E-03
        291.1350    -2284.20  0.4881 -0.100E-01      -3343.46  0.4197 -0.658E-03      -1654.23  0.4743  0.488E-02      -1211.13  0.4993 -0.277E-02      -1659.55  0.4741 -0.958E-03
        291.4756    -2272.18  0.4886 -0.100E-01      -3342.77  0.4198 -0.659E-03      -1654.34  0.4743  0.488E-02      -1211.35  0.4993 -0.276E-02      -1659.63  0.4741 -0.957E-03
        291.9184    -2257.74  0.4891 -0.100E-01      -3341.87  0.4198 -0.659E-03      -1654.48  0.4743  0.488E-02      -1211.63  0.4993 -0.275E-02      -1659.74  0.4741 -0.957E-03
        292.4940    -2240.77  0.4897 -0.100E-01      -3340.71  0.4198 -0.660E-03      -1654.66  0.4743  0.487E-02      -1211.99  0.4993 -0.274E-02      -1659.89  0.4740 -0.957E-03
        293.2446    -2221.20  0.4904 -0.100E-01      -3339.19  0.4198 -0.661E-03      -1654.90  0.4743  0.486E-02      -1212.47  0.4993 -0.273E-02      -1660.08  0.4740 -0.957E-03
        294.2096    -2199.51  0.4912 -0.100E-01      -3337.23  0.4199 -0.663E-03      -1655.21  0.4743  0.485E-02      -1213.09  0.4992 -0.272E-02      -1660.32  0.4740 -0.957E-03
        295.3677    -2177.37  0.4920 -0.100E-01      -3334.89  0.4199 -0.664E-03      -1655.57  0.4742  0.484E-02      -1213.82  0.4992 -0.270E-02      -1660.61  0.4740 -0.956E-03
        296.9118    -2153.05  0.4929 -0.100E-01      -3331.76  0.4200 -0.666E-03      -1656.06  0.4742  0.482E-02      -1214.79  0.4991 -0.268E-02      -1660.99  0.4740 -0.956E-03
        300.0000    -2116.80  0.4943 -0.100E-01      -3325.48  0.4201 -0.671E-03      -1657.03  0.4742  0.479E-02      -1216.71  0.4990 -0.265E-02      -1661.74  0.4740 -0.955E-03
        302.5000    -2191.57  0.4919  0.177E-07      -3320.40  0.4202 -0.674E-03      -1657.81  0.4741  0.476E-02      -1218.25  0.4989 -0.262E-02      -1662.35  0.4739 -0.954E-03
        306.2500    -2241.62  0.4894  0.931E-08      -3312.75  0.4204 -0.679E-03      -1658.99  0.4741  0.473E-02      -1220.52  0.4988 -0.258E-02      -1663.24  0.4739 -0.953E-03
        310.0000    -2289.89  0.4879  0.270E-07      -3305.09  0.4206 -0.684E-03      -1660.16  0.4740  0.469E-02      -1222.77  0.4986 -0.255E-02      -1664.13  0.4738 -0.952E-03
end
