

   Time         sum(rTop)     sum(rRoot)    sum(vTop)     sum(vRoot)     sum(vBot)    hTop       hRoot      hBot      A-level
    [T]           [L]           [L]           [L]           [L]            [L]        [L]         [L]       [L] 

    10.00100 -0.100000E-04  0.000000E+00 -0.101348E-04  0.000000E+00 -0.168418E-05  -8130.662      0.000  -1342.728       1
    20.00000 -0.100000E-04  0.000000E+00 -0.102620E-04  0.000000E+00 -0.154423E-01  -8131.230      0.000  -1372.518       2
    30.00000 -0.100000E-04  0.000000E+00 -0.103990E-04  0.000000E+00 -0.304347E-01  -8131.763      0.000  -1385.561       3
    40.00000 -0.100010E+00  0.000000E+00 -0.100010E+00  0.000000E+00 -0.451679E-01  -6001.343      0.000  -1395.644       4
    50.00000 -0.100010E+00  0.000000E+00 -0.100010E+00  0.000000E+00 -0.596444E-01  -6103.087      0.000  -1403.899       5
    60.00000 -0.100010E+00  0.000000E+00 -0.100010E+00  0.000000E+00 -0.739064E-01  -6198.728      0.000  -1411.078       6
    70.00000 -0.100010E+00  0.000000E+00 -0.100010E+00  0.000000E+00 -0.879917E-01  -6300.915      0.000  -1417.563       7
    80.00000 -0.100010E+00  0.000000E+00 -0.100010E+00  0.000000E+00 -0.101878E+00  -6390.647      0.000  -1423.378       8
    90.00000 -0.100010E+00  0.000000E+00 -0.100010E+00  0.000000E+00 -0.115619E+00  -6472.563      0.000  -1428.846       9
   100.00000 -0.100010E+00  0.000000E+00 -0.100010E+00  0.000000E+00 -0.129223E+00  -6546.646      0.000  -1433.967      10
   110.00000 -0.100010E+00  0.000000E+00 -0.100010E+00  0.000000E+00 -0.142697E+00  -6614.504      0.000  -1438.815      11
   120.00000 -0.100010E+00  0.000000E+00 -0.100010E+00  0.000000E+00 -0.156048E+00  -6676.576      0.000  -1443.416      12
   130.00000 -0.110001E+01  0.000000E+00 -0.110001E+01  0.000000E+00 -0.169333E+00  -1065.971      0.000  -1447.912      13
   140.00000 -0.270001E+01  0.000000E+00 -0.270001E+01  0.000000E+00 -0.182501E+00   -410.099      0.000  -1452.180      14
   150.00000 -0.320001E+01  0.000000E+00 -0.320001E+01  0.000000E+00 -0.195554E+00   -543.953      0.000  -1456.264      15
   160.00000 -0.330001E+01  0.000000E+00 -0.330001E+01  0.000000E+00 -0.208501E+00   -769.114      0.000  -1460.194      16
   170.00000 -0.350001E+01  0.000000E+00 -0.350001E+01  0.000000E+00 -0.221344E+00   -750.567      0.000  -1463.985      17
   180.00000 -0.360001E+01  0.000000E+00 -0.360001E+01  0.000000E+00 -0.234087E+00   -847.371      0.000  -1467.648      18
   190.00000 -0.370001E+01  0.000000E+00 -0.370001E+01  0.000000E+00 -0.246725E+00   -884.362      0.000  -1471.187      19
   200.00000 -0.380001E+01  0.000000E+00 -0.380001E+01  0.000000E+00 -0.259264E+00   -901.782      0.000  -1474.612      20
   210.00000 -0.390001E+01  0.000000E+00 -0.390001E+01  0.000000E+00 -0.271712E+00   -910.975      0.000  -1477.944      21
   220.00000 -0.400001E+01  0.000000E+00 -0.400001E+01  0.000000E+00 -0.284051E+00   -914.774      0.000  -1481.161      22
   230.00000 -0.410001E+01  0.000000E+00 -0.410001E+01  0.000000E+00 -0.296306E+00   -916.395      0.000  -1484.308      23
   240.00000 -0.410001E+01  0.000000E+00 -0.410001E+01  0.000000E+00 -0.308479E+00  -1047.068      0.000  -1487.387      24
   250.00000 -0.410001E+01  0.000000E+00 -0.410001E+01  0.000000E+00 -0.320570E+00  -1141.843      0.000  -1490.380      25
   260.00000 -0.410001E+01  0.000000E+00 -0.410001E+01  0.000000E+00 -0.332583E+00  -1218.731      0.000  -1493.320      26
   270.00000 -0.410001E+01  0.000000E+00 -0.410001E+01  0.000000E+00 -0.344519E+00  -1289.921      0.000  -1496.197      27
   280.00000 -0.420001E+01  0.000000E+00 -0.420001E+01  0.000000E+00 -0.356410E+00  -1138.746      0.000  -1499.049      28
   290.00000 -0.420001E+01  0.000000E+00 -0.420001E+01  0.000000E+00 -0.368219E+00  -1252.524      0.000  -1501.838      29
end
