 ******* Program HYDRUS
 ******* 
 Welcome to HYDRUS-1D                                                    
 Date:  15. 2.    Time:  15: 8:12
 Units: L = mm   , T = min  , M = mmol 

----------------------------------------------------------
 Time       [T]       10.0000
----------------------------------------------------------
 Sub-region num.                     1            2
----------------------------------------------------------
 Length   [L]        0.10000E+04  0.10000E+04  0.00000E+00
 W-volume [L]        0.44750E+03  0.44750E+03  0.00000E+00
 In-flow  [L/T]      0.00000E+00  0.00000E+00  0.00000E+00
 h Mean   [L]       -0.27507E+04 -0.27507E+04  0.00000E+00
 Top Flux [L/T]     -0.20022E-05
 Bot Flux [L/T]      0.11480E-02
----------------------------------------------------------

----------------------------------------------------------
 Time       [T]       10.0010
----------------------------------------------------------
 Sub-region num.                     1            2
----------------------------------------------------------
 Length   [L]        0.10000E+04  0.10000E+04  0.00000E+00
 W-volume [L]        0.44750E+03  0.44750E+03  0.00000E+00
 In-flow  [L/T]      0.28610E-02  0.28610E-02  0.00000E+00
 h Mean   [L]       -0.27507E+04 -0.27507E+04  0.00000E+00
 Top Flux [L/T]     -0.20606E-05
 Bot Flux [L/T]      0.11465E-02
 WatBalT  [L]        0.52585E-04
 WatBalR  [%]            147.037
----------------------------------------------------------

----------------------------------------------------------
 Time       [T]       20.0000
----------------------------------------------------------
 Sub-region num.                     1            2
----------------------------------------------------------
 Length   [L]        0.10000E+04  0.10000E+04  0.00000E+00
 W-volume [L]        0.44748E+03  0.44748E+03  0.00000E+00
 In-flow  [L/T]     -0.15235E-02 -0.15235E-02  0.00000E+00
 h Mean   [L]       -0.27451E+04 -0.27451E+04  0.00000E+00
 Top Flux [L/T]     -0.19464E-05
 Bot Flux [L/T]     -0.10047E-02
 WatBalT  [L]        0.81679E-04
 WatBalR  [%]              0.035
----------------------------------------------------------

----------------------------------------------------------
 Time       [T]       30.0000
----------------------------------------------------------
 Sub-region num.                     1            2
----------------------------------------------------------
 Length   [L]        0.10000E+04  0.10000E+04  0.00000E+00
 W-volume [L]        0.44747E+03  0.44747E+03  0.00000E+00
 In-flow  [L/T]     -0.14882E-02 -0.14882E-02  0.00000E+00
 h Mean   [L]       -0.27426E+04 -0.27426E+04  0.00000E+00
 Top Flux [L/T]     -0.18425E-05
 Bot Flux [L/T]     -0.11382E-02
 WatBalT  [L]       -0.16876E-05
 WatBalR  [%]              0.000
----------------------------------------------------------

----------------------------------------------------------
 Time       [T]       40.0000
----------------------------------------------------------
 Sub-region num.                     1            2
----------------------------------------------------------
 Length   [L]        0.10000E+04  0.10000E+04  0.00000E+00
 W-volume [L]        0.44755E+03  0.44755E+03  0.00000E+00
 In-flow  [L/T]      0.85367E-02  0.85367E-02  0.00000E+00
 h Mean   [L]       -0.27292E+04 -0.27292E+04  0.00000E+00
 Top Flux [L/T]     -0.66303E-03
 Bot Flux [L/T]     -0.11848E-02
 WatBalT  [L]       -0.22650E-05
 WatBalR  [%]              0.000
----------------------------------------------------------

----------------------------------------------------------
 Time       [T]       50.0000
----------------------------------------------------------
 Sub-region num.                     1            2
----------------------------------------------------------
 Length   [L]        0.10000E+04  0.10000E+04  0.00000E+00
 W-volume [L]        0.44754E+03  0.44754E+03  0.00000E+00
 In-flow  [L/T]     -0.14411E-02 -0.14411E-02  0.00000E+00
 h Mean   [L]       -0.27272E+04 -0.27272E+04  0.00000E+00
 Top Flux [L/T]     -0.58384E-03
 Bot Flux [L/T]     -0.12029E-02
 WatBalT  [L]        0.39425E-04
 WatBalR  [%]              0.005
----------------------------------------------------------

----------------------------------------------------------
 Time       [T]       60.0000
----------------------------------------------------------
 Sub-region num.                     1            2
----------------------------------------------------------
 Length   [L]        0.10000E+04  0.10000E+04  0.00000E+00
 W-volume [L]        0.44752E+03  0.44752E+03  0.00000E+00
 In-flow  [L/T]     -0.14210E-02 -0.14210E-02  0.00000E+00
 h Mean   [L]       -0.27255E+04 -0.27255E+04  0.00000E+00
 Top Flux [L/T]     -0.52137E-03
 Bot Flux [L/T]     -0.12103E-02
 WatBalT  [L]       -0.41837E-04
 WatBalR  [%]              0.004
----------------------------------------------------------

----------------------------------------------------------
 Time       [T]       70.0000
----------------------------------------------------------
 Sub-region num.                     1            2
----------------------------------------------------------
 Length   [L]        0.10000E+04  0.10000E+04  0.00000E+00
 W-volume [L]        0.44751E+03  0.44751E+03  0.00000E+00
 In-flow  [L/T]     -0.14051E-02 -0.14051E-02  0.00000E+00
 h Mean   [L]       -0.27241E+04 -0.27241E+04  0.00000E+00
 Top Flux [L/T]     -0.46512E-03
 Bot Flux [L/T]     -0.12128E-02
 WatBalT  [L]       -0.86136E-04
 WatBalR  [%]              0.008
----------------------------------------------------------

----------------------------------------------------------
 Time       [T]       80.0000
----------------------------------------------------------
 Sub-region num.                     1            2
----------------------------------------------------------
 Length   [L]        0.10000E+04  0.10000E+04  0.00000E+00
 W-volume [L]        0.44750E+03  0.44750E+03  0.00000E+00
 In-flow  [L/T]     -0.13884E-02 -0.13884E-02  0.00000E+00
 h Mean   [L]       -0.27230E+04 -0.27230E+04  0.00000E+00
 Top Flux [L/T]     -0.41808E-03
 Bot Flux [L/T]     -0.12116E-02
 WatBalT  [L]       -0.85142E-04
 WatBalR  [%]              0.007
----------------------------------------------------------

----------------------------------------------------------
 Time       [T]       90.0000
----------------------------------------------------------
 Sub-region num.                     1            2
----------------------------------------------------------
 Length   [L]        0.10000E+04  0.10000E+04  0.00000E+00
 W-volume [L]        0.44748E+03  0.44748E+03  0.00000E+00
 In-flow  [L/T]     -0.13741E-02 -0.13741E-02  0.00000E+00
 h Mean   [L]       -0.27218E+04 -0.27218E+04  0.00000E+00
 Top Flux [L/T]     -0.37680E-03
 Bot Flux [L/T]     -0.12091E-02
 WatBalT  [L]        0.75563E-04
 WatBalR  [%]              0.005
----------------------------------------------------------

----------------------------------------------------------
 Time       [T]      100.0000
----------------------------------------------------------
 Sub-region num.                     1            2
----------------------------------------------------------
 Length   [L]        0.10000E+04  0.10000E+04  0.00000E+00
 W-volume [L]        0.44747E+03  0.44747E+03  0.00000E+00
 In-flow  [L/T]     -0.13604E-02 -0.13604E-02  0.00000E+00
 h Mean   [L]       -0.27208E+04 -0.27208E+04  0.00000E+00
 Top Flux [L/T]     -0.34193E-03
 Bot Flux [L/T]     -0.12054E-02
 WatBalT  [L]       -0.23006E-04
 WatBalR  [%]              0.002
----------------------------------------------------------

----------------------------------------------------------
 Time       [T]      110.0000
----------------------------------------------------------
 Sub-region num.                     1            2
----------------------------------------------------------
 Length   [L]        0.10000E+04  0.10000E+04  0.00000E+00
 W-volume [L]        0.44746E+03  0.44746E+03  0.00000E+00
 In-flow  [L/T]     -0.13473E-02 -0.13473E-02  0.00000E+00
 h Mean   [L]       -0.27198E+04 -0.27198E+04  0.00000E+00
 Top Flux [L/T]     -0.31273E-03
 Bot Flux [L/T]     -0.12010E-02
 WatBalT  [L]        0.54110E-04
 WatBalR  [%]              0.003
----------------------------------------------------------

----------------------------------------------------------
 Time       [T]      120.0000
----------------------------------------------------------
 Sub-region num.                     1            2
----------------------------------------------------------
 Length   [L]        0.10000E+04  0.10000E+04  0.00000E+00
 W-volume [L]        0.44744E+03  0.44744E+03  0.00000E+00
 In-flow  [L/T]     -0.13354E-02 -0.13354E-02  0.00000E+00
 h Mean   [L]       -0.27188E+04 -0.27188E+04  0.00000E+00
 Top Flux [L/T]     -0.28646E-03
 Bot Flux [L/T]     -0.11960E-02
 WatBalT  [L]       -0.22396E-04
 WatBalR  [%]              0.001
----------------------------------------------------------

----------------------------------------------------------
 Time       [T]      130.0000
----------------------------------------------------------
 Sub-region num.                     1            2
----------------------------------------------------------
 Length   [L]        0.10000E+04  0.10000E+04  0.00000E+00
 W-volume [L]        0.44843E+03  0.44843E+03  0.00000E+00
 In-flow  [L/T]      0.98675E-01  0.98675E-01  0.00000E+00
 h Mean   [L]       -0.26610E+04 -0.26610E+04  0.00000E+00
 Top Flux [L/T]     -0.64339E-01
 Bot Flux [L/T]     -0.11908E-02
 WatBalT  [L]        0.78619E-04
 WatBalR  [%]              0.003
----------------------------------------------------------

----------------------------------------------------------
 Time       [T]      140.0000
----------------------------------------------------------
 Sub-region num.                     1            2
----------------------------------------------------------
 Length   [L]        0.10000E+04  0.10000E+04  0.00000E+00
 W-volume [L]        0.45002E+03  0.45002E+03  0.00000E+00
 In-flow  [L/T]      0.15869E+00  0.15869E+00  0.00000E+00
 h Mean   [L]       -0.26006E+04 -0.26006E+04  0.00000E+00
 Top Flux [L/T]     -0.13554E+00
 Bot Flux [L/T]     -0.11851E-02
 WatBalT  [L]       -0.22650E-04
 WatBalR  [%]              0.000
----------------------------------------------------------

----------------------------------------------------------
 Time       [T]      150.0000
----------------------------------------------------------
 Sub-region num.                     1            2
----------------------------------------------------------
 Length   [L]        0.10000E+04  0.10000E+04  0.00000E+00
 W-volume [L]        0.45050E+03  0.45050E+03  0.00000E+00
 In-flow  [L/T]      0.48698E-01  0.48698E-01  0.00000E+00
 h Mean   [L]       -0.25682E+04 -0.25682E+04  0.00000E+00
 Top Flux [L/T]     -0.49614E-01
 Bot Flux [L/T]     -0.11792E-02
 WatBalT  [L]       -0.71526E-06
 WatBalR  [%]              0.000
----------------------------------------------------------

----------------------------------------------------------
 Time       [T]      160.0000
----------------------------------------------------------
 Sub-region num.                     1            2
----------------------------------------------------------
 Length   [L]        0.10000E+04  0.10000E+04  0.00000E+00
 W-volume [L]        0.45059E+03  0.45059E+03  0.00000E+00
 In-flow  [L/T]      0.87088E-02  0.87088E-02  0.00000E+00
 h Mean   [L]       -0.25524E+04 -0.25524E+04  0.00000E+00
 Top Flux [L/T]     -0.17416E-01
 Bot Flux [L/T]     -0.11731E-02
 WatBalT  [L]        0.74863E-04
 WatBalR  [%]              0.001
----------------------------------------------------------

----------------------------------------------------------
 Time       [T]      170.0000
----------------------------------------------------------
 Sub-region num.                     1            2
----------------------------------------------------------
 Length   [L]        0.10000E+04  0.10000E+04  0.00000E+00
 W-volume [L]        0.45078E+03  0.45078E+03  0.00000E+00
 In-flow  [L/T]      0.18721E-01  0.18721E-01  0.00000E+00
 h Mean   [L]       -0.25389E+04 -0.25389E+04  0.00000E+00
 Top Flux [L/T]     -0.19440E-01
 Bot Flux [L/T]     -0.11670E-02
 WatBalT  [L]       -0.38862E-04
 WatBalR  [%]              0.001
----------------------------------------------------------

----------------------------------------------------------
 Time       [T]      180.0000
----------------------------------------------------------
 Sub-region num.                     1            2
----------------------------------------------------------
 Length   [L]        0.10000E+04  0.10000E+04  0.00000E+00
 W-volume [L]        0.45086E+03  0.45086E+03  0.00000E+00
 In-flow  [L/T]      0.87293E-02  0.87293E-02  0.00000E+00
 h Mean   [L]       -0.25282E+04 -0.25282E+04  0.00000E+00
 Top Flux [L/T]     -0.13053E-01
 Bot Flux [L/T]     -0.11609E-02
 WatBalT  [L]        0.15259E-04
 WatBalR  [%]              0.000
----------------------------------------------------------

----------------------------------------------------------
 Time       [T]      190.0000
----------------------------------------------------------
 Sub-region num.                     1            2
----------------------------------------------------------
 Length   [L]        0.10000E+04  0.10000E+04  0.00000E+00
 W-volume [L]        0.45095E+03  0.45095E+03  0.00000E+00
 In-flow  [L/T]      0.87381E-02  0.87381E-02  0.00000E+00
 h Mean   [L]       -0.25197E+04 -0.25197E+04  0.00000E+00
 Top Flux [L/T]     -0.11418E-01
 Bot Flux [L/T]     -0.11547E-02
 WatBalT  [L]        0.25749E-04
 WatBalR  [%]              0.000
----------------------------------------------------------

----------------------------------------------------------
 Time       [T]      200.0000
----------------------------------------------------------
 Sub-region num.                     1            2
----------------------------------------------------------
 Length   [L]        0.10000E+04  0.10000E+04  0.00000E+00
 W-volume [L]        0.45104E+03  0.45104E+03  0.00000E+00
 In-flow  [L/T]      0.87494E-02  0.87494E-02  0.00000E+00
 h Mean   [L]       -0.25119E+04 -0.25119E+04  0.00000E+00
 Top Flux [L/T]     -0.10730E-01
 Bot Flux [L/T]     -0.11486E-02
 WatBalT  [L]        0.11921E-03
 WatBalR  [%]              0.002
----------------------------------------------------------

----------------------------------------------------------
 Time       [T]      210.0000
----------------------------------------------------------
 Sub-region num.                     1            2
----------------------------------------------------------
 Length   [L]        0.10000E+04  0.10000E+04  0.00000E+00
 W-volume [L]        0.45113E+03  0.45113E+03  0.00000E+00
 In-flow  [L/T]      0.87583E-02  0.87583E-02  0.00000E+00
 h Mean   [L]       -0.25051E+04 -0.25051E+04  0.00000E+00
 Top Flux [L/T]     -0.10384E-01
 Bot Flux [L/T]     -0.11425E-02
 WatBalT  [L]        0.61274E-04
 WatBalR  [%]              0.001
----------------------------------------------------------

----------------------------------------------------------
 Time       [T]      220.0000
----------------------------------------------------------
 Sub-region num.                     1            2
----------------------------------------------------------
 Length   [L]        0.10000E+04  0.10000E+04  0.00000E+00
 W-volume [L]        0.45121E+03  0.45121E+03  0.00000E+00
 In-flow  [L/T]      0.87661E-02  0.87661E-02  0.00000E+00
 h Mean   [L]       -0.24992E+04 -0.24992E+04  0.00000E+00
 Top Flux [L/T]     -0.10206E-01
 Bot Flux [L/T]     -0.11363E-02
 WatBalT  [L]        0.16689E-04
 WatBalR  [%]              0.000
----------------------------------------------------------

----------------------------------------------------------
 Time       [T]      230.0000
----------------------------------------------------------
 Sub-region num.                     1            2
----------------------------------------------------------
 Length   [L]        0.10000E+04  0.10000E+04  0.00000E+00
 W-volume [L]        0.45130E+03  0.45130E+03  0.00000E+00
 In-flow  [L/T]      0.87737E-02  0.87737E-02  0.00000E+00
 h Mean   [L]       -0.24933E+04 -0.24933E+04  0.00000E+00
 Top Flux [L/T]     -0.10071E-01
 Bot Flux [L/T]     -0.11303E-02
 WatBalT  [L]       -0.51498E-04
 WatBalR  [%]              0.001
----------------------------------------------------------

----------------------------------------------------------
 Time       [T]      240.0000
----------------------------------------------------------
 Sub-region num.                     1            2
----------------------------------------------------------
 Length   [L]        0.10000E+04  0.10000E+04  0.00000E+00
 W-volume [L]        0.45129E+03  0.45129E+03  0.00000E+00
 In-flow  [L/T]     -0.12169E-02 -0.12169E-02  0.00000E+00
 h Mean   [L]       -0.24891E+04 -0.24891E+04  0.00000E+00
 Top Flux [L/T]     -0.56197E-02
 Bot Flux [L/T]     -0.11243E-02
 WatBalT  [L]        0.54836E-05
 WatBalR  [%]              0.000
----------------------------------------------------------

----------------------------------------------------------
 Time       [T]      250.0000
----------------------------------------------------------
 Sub-region num.                     1            2
----------------------------------------------------------
 Length   [L]        0.10000E+04  0.10000E+04  0.00000E+00
 W-volume [L]        0.45128E+03  0.45128E+03  0.00000E+00
 In-flow  [L/T]     -0.12095E-02 -0.12095E-02  0.00000E+00
 h Mean   [L]       -0.24853E+04 -0.24853E+04  0.00000E+00
 Top Flux [L/T]     -0.38598E-02
 Bot Flux [L/T]     -0.11183E-02
 WatBalT  [L]       -0.48637E-04
 WatBalR  [%]              0.001
----------------------------------------------------------

----------------------------------------------------------
 Time       [T]      260.0000
----------------------------------------------------------
 Sub-region num.                     1            2
----------------------------------------------------------
 Length   [L]        0.10000E+04  0.10000E+04  0.00000E+00
 W-volume [L]        0.45127E+03  0.45127E+03  0.00000E+00
 In-flow  [L/T]     -0.12011E-02 -0.12011E-02  0.00000E+00
 h Mean   [L]       -0.24821E+04 -0.24821E+04  0.00000E+00
 Top Flux [L/T]     -0.28222E-02
 Bot Flux [L/T]     -0.11124E-02
 WatBalT  [L]        0.62704E-04
 WatBalR  [%]              0.001
----------------------------------------------------------

----------------------------------------------------------
 Time       [T]      270.0000
----------------------------------------------------------
 Sub-region num.                     1            2
----------------------------------------------------------
 Length   [L]        0.10000E+04  0.10000E+04  0.00000E+00
 W-volume [L]        0.45125E+03  0.45125E+03  0.00000E+00
 In-flow  [L/T]     -0.11932E-02 -0.11932E-02  0.00000E+00
 h Mean   [L]       -0.24794E+04 -0.24794E+04  0.00000E+00
 Top Flux [L/T]     -0.21713E-02
 Bot Flux [L/T]     -0.11065E-02
 WatBalT  [L]        0.35524E-04
 WatBalR  [%]              0.000
----------------------------------------------------------

----------------------------------------------------------
 Time       [T]      280.0000
----------------------------------------------------------
 Sub-region num.                     1            2
----------------------------------------------------------
 Length   [L]        0.10000E+04  0.10000E+04  0.00000E+00
 W-volume [L]        0.45134E+03  0.45134E+03  0.00000E+00
 In-flow  [L/T]      0.88148E-02  0.88148E-02  0.00000E+00
 h Mean   [L]       -0.24751E+04 -0.24751E+04  0.00000E+00
 Top Flux [L/T]     -0.61218E-02
 Bot Flux [L/T]     -0.11005E-02
 WatBalT  [L]        0.63419E-04
 WatBalR  [%]              0.001
----------------------------------------------------------

----------------------------------------------------------
 Time       [T]      290.0000
----------------------------------------------------------
 Sub-region num.                     1            2
----------------------------------------------------------
 Length   [L]        0.10000E+04  0.10000E+04  0.00000E+00
 W-volume [L]        0.45133E+03  0.45133E+03  0.00000E+00
 In-flow  [L/T]     -0.11780E-02 -0.11780E-02  0.00000E+00
 h Mean   [L]       -0.24724E+04 -0.24724E+04  0.00000E+00
 Top Flux [L/T]     -0.33741E-02
 Bot Flux [L/T]     -0.10945E-02
 WatBalT  [L]        0.95367E-06
 WatBalR  [%]              0.000
----------------------------------------------------------
 
 Calculation time [sec]  0.340000011026859     
