 ******* Program HYDRUS
 ******* 
 Welcome to HYDRUS-1D                                                    
 Date:  25. 9.    Time:  14:44:47
 Units: L = mm   , T = min  , M = mmol 



                               Node(  1)                      Node( 11)                      Node( 31)                      Node( 51)                      Node(101)

         time            h        theta    Flux           h        theta    Flux           h        theta    Flux           h        theta    Flux           h        theta    Flux  
         10.0001   -15426.20  0.3619 -0.104E-01      -6633.63  0.3726  0.727E-03      -2009.65  0.4585  0.841E-02      -1177.22  0.5018 -0.719E-02      -1442.89  0.4853 -0.500E-03
         10.0002   -15426.15  0.3619 -0.104E-01      -6633.63  0.3726  0.727E-03      -2009.65  0.4585  0.841E-02      -1177.22  0.5018 -0.719E-02      -1442.89  0.4853 -0.199E-02
         10.0003   -15426.08  0.3619 -0.101E-01      -6633.63  0.3726  0.727E-03      -2009.65  0.4585  0.841E-02      -1177.22  0.5018 -0.719E-02      -1442.90  0.4853 -0.125E-02
         10.0005   -15426.00  0.3619 -0.984E-02      -6633.63  0.3726  0.727E-03      -2009.65  0.4585  0.841E-02      -1177.22  0.5018 -0.719E-02      -1442.90  0.4853 -0.169E-02
         10.0008   -15425.87  0.3619 -0.101E-01      -6633.63  0.3726  0.727E-03      -2009.65  0.4585  0.841E-02      -1177.22  0.5018 -0.719E-02      -1442.90  0.4853 -0.139E-02
         10.0010   -15425.75  0.3619 -0.101E-01      -6633.63  0.3726  0.727E-03      -2009.65  0.4585  0.841E-02      -1177.22  0.5018 -0.719E-02      -1442.90  0.4853 -0.140E-02
         10.0013   -15425.75  0.3619 -0.312E-05      -6633.63  0.3726  0.727E-03      -2009.64  0.4585  0.841E-02      -1177.22  0.5018 -0.719E-02      -1442.90  0.4853 -0.162E-02
         10.0017   -15425.74  0.3619 -0.312E-05      -6633.63  0.3726  0.727E-03      -2009.64  0.4585  0.841E-02      -1177.22  0.5018 -0.719E-02      -1442.91  0.4853 -0.142E-02
         10.0021   -15425.75  0.3619 -0.312E-05      -6633.63  0.3726  0.727E-03      -2009.64  0.4585  0.841E-02      -1177.22  0.5018 -0.719E-02      -1442.91  0.4853 -0.117E-02
         10.0028   -15425.74  0.3619 -0.312E-05      -6633.63  0.3726  0.727E-03      -2009.64  0.4585  0.841E-02      -1177.22  0.5018 -0.719E-02      -1442.91  0.4853 -0.139E-02
         10.0036   -15425.74  0.3619 -0.312E-05      -6633.63  0.3726  0.727E-03      -2009.64  0.4585  0.841E-02      -1177.22  0.5018 -0.719E-02      -1442.92  0.4853 -0.139E-02
         10.0046   -15425.74  0.3619 -0.312E-05      -6633.63  0.3726  0.727E-03      -2009.64  0.4585  0.841E-02      -1177.22  0.5018 -0.719E-02      -1442.93  0.4853 -0.126E-02
         10.0060   -15425.74  0.3619 -0.312E-05      -6633.63  0.3726  0.727E-03      -2009.63  0.4585  0.841E-02      -1177.21  0.5018 -0.719E-02      -1442.94  0.4853 -0.129E-02
         10.0078   -15425.74  0.3619 -0.312E-05      -6633.63  0.3726  0.727E-03      -2009.63  0.4585  0.841E-02      -1177.21  0.5018 -0.719E-02      -1442.95  0.4853 -0.135E-02
         10.0101   -15425.74  0.3619 -0.312E-05      -6633.63  0.3726  0.727E-03      -2009.63  0.4585  0.841E-02      -1177.21  0.5018 -0.719E-02      -1442.97  0.4853 -0.132E-02
         10.0132   -15425.74  0.3619 -0.312E-05      -6633.63  0.3726  0.727E-03      -2009.62  0.4585  0.841E-02      -1177.21  0.5018 -0.719E-02      -1442.99  0.4853 -0.134E-02
         10.0171   -15425.74  0.3619 -0.312E-05      -6633.63  0.3726  0.727E-03      -2009.61  0.4585  0.841E-02      -1177.21  0.5018 -0.719E-02      -1443.02  0.4853 -0.130E-02
         10.0222   -15425.75  0.3619 -0.312E-05      -6633.63  0.3726  0.727E-03      -2009.60  0.4585  0.841E-02      -1177.21  0.5018 -0.719E-02      -1443.06  0.4853 -0.130E-02
         10.0289   -15425.75  0.3619 -0.312E-05      -6633.62  0.3726  0.727E-03      -2009.59  0.4585  0.841E-02      -1177.20  0.5018 -0.719E-02      -1443.11  0.4853 -0.132E-02
         10.0375   -15425.74  0.3619 -0.312E-05      -6633.62  0.3726  0.727E-03      -2009.57  0.4585  0.841E-02      -1177.20  0.5018 -0.719E-02      -1443.18  0.4853 -0.130E-02
         10.0488   -15425.74  0.3619 -0.312E-05      -6633.62  0.3726  0.727E-03      -2009.55  0.4585  0.841E-02      -1177.20  0.5018 -0.719E-02      -1443.26  0.4853 -0.131E-02
         10.0634   -15425.75  0.3619 -0.312E-05      -6633.61  0.3726  0.727E-03      -2009.52  0.4585  0.841E-02      -1177.19  0.5018 -0.719E-02      -1443.37  0.4853 -0.132E-02
         10.0824   -15425.74  0.3619 -0.312E-05      -6633.61  0.3726  0.727E-03      -2009.49  0.4585  0.841E-02      -1177.18  0.5018 -0.719E-02      -1443.51  0.4853 -0.132E-02
         10.1071   -15425.75  0.3619  0.291E-05      -6633.60  0.3726  0.727E-03      -2009.44  0.4585  0.842E-02      -1177.17  0.5018 -0.719E-02      -1443.69  0.4853 -0.132E-02
         10.1392   -15425.75  0.3619  0.152E-05      -6633.59  0.3726  0.727E-03      -2009.38  0.4585  0.842E-02      -1177.15  0.5018 -0.719E-02      -1443.92  0.4853 -0.131E-02
         10.1810   -15425.76  0.3619  0.455E-06      -6633.58  0.3726  0.727E-03      -2009.29  0.4585  0.842E-02      -1177.14  0.5018 -0.719E-02      -1444.21  0.4852 -0.131E-02
         10.2353   -15425.77  0.3619 -0.365E-06      -6633.56  0.3726  0.727E-03      -2009.19  0.4585  0.842E-02      -1177.11  0.5018 -0.719E-02      -1444.58  0.4852 -0.131E-02
         10.3058   -15425.78  0.3619 -0.997E-06      -6633.54  0.3726  0.727E-03      -2009.05  0.4585  0.842E-02      -1177.08  0.5018 -0.719E-02      -1445.06  0.4852 -0.131E-02
         10.3976   -15425.79  0.3619  0.145E-06      -6633.51  0.3726  0.727E-03      -2008.87  0.4586  0.842E-02      -1177.04  0.5018 -0.719E-02      -1445.65  0.4851 -0.131E-02
         10.5168   -15425.81  0.3619 -0.600E-06      -6633.48  0.3726  0.727E-03      -2008.63  0.4586  0.843E-02      -1176.99  0.5018 -0.720E-02      -1446.38  0.4851 -0.131E-02
         10.6718   -15425.84  0.3619 -0.207E-06      -6633.43  0.3726  0.727E-03      -2008.32  0.4586  0.843E-02      -1176.92  0.5019 -0.720E-02      -1447.28  0.4850 -0.131E-02
         10.8734   -15425.87  0.3619 -0.124E-06      -6633.37  0.3726  0.727E-03      -2007.92  0.4586  0.843E-02      -1176.83  0.5019 -0.720E-02      -1448.37  0.4850 -0.131E-02
         11.1354   -15425.90  0.3619 -0.227E-06      -6633.29  0.3726  0.727E-03      -2007.39  0.4586  0.844E-02      -1176.72  0.5019 -0.721E-02      -1449.68  0.4849 -0.130E-02
         11.4760   -15425.96  0.3619  0.721E-08      -6633.19  0.3726  0.727E-03      -2006.70  0.4586  0.845E-02      -1176.57  0.5019 -0.721E-02      -1451.21  0.4848 -0.130E-02
         11.9188   -15426.02  0.3619 -0.759E-08      -6633.05  0.3726  0.727E-03      -2005.80  0.4587  0.846E-02      -1176.39  0.5019 -0.722E-02      -1452.98  0.4847 -0.130E-02
         12.4944   -15426.11  0.3619  0.979E-07      -6632.88  0.3726  0.727E-03      -2004.61  0.4587  0.847E-02      -1176.15  0.5019 -0.723E-02      -1454.99  0.4846 -0.129E-02
         13.2449   -15426.22  0.3619  0.746E-09      -6632.65  0.3726  0.727E-03      -2003.05  0.4588  0.849E-02      -1175.85  0.5019 -0.724E-02      -1457.26  0.4844 -0.129E-02
         14.2099   -15426.37  0.3619 -0.102E-08      -6632.36  0.3726  0.727E-03      -2001.03  0.4588  0.851E-02      -1175.46  0.5020 -0.725E-02      -1459.77  0.4843 -0.128E-02
         15.3680   -15426.54  0.3619 -0.529E-07      -6632.01  0.3726  0.727E-03      -1998.57  0.4589  0.854E-02      -1175.01  0.5020 -0.726E-02      -1462.37  0.4841 -0.128E-02
         16.9120   -15426.76  0.3619 -0.219E-07      -6631.54  0.3727  0.727E-03      -1995.27  0.4591  0.857E-02      -1174.42  0.5020 -0.728E-02      -1465.36  0.4840 -0.127E-02
         20.0000   -15427.17  0.3619  0.543E-09      -6630.61  0.3727  0.727E-03      -1988.60  0.4593  0.864E-02      -1173.33  0.5021 -0.729E-02      -1470.20  0.4837 -0.126E-02
         22.5000   -15427.51  0.3619  0.157E-07      -6629.87  0.3727  0.728E-03      -1983.18  0.4595  0.869E-02      -1172.52  0.5022 -0.729E-02      -1473.73  0.4834 -0.125E-02
         26.2500   -15427.97  0.3619 -0.162E-07      -6628.84  0.3727  0.729E-03      -1975.11  0.4598  0.876E-02      -1171.54  0.5023 -0.725E-02      -1478.20  0.4832 -0.124E-02
         30.0000   -15428.42  0.3619 -0.957E-08      -6627.90  0.3727  0.731E-03      -1967.21  0.4601  0.881E-02      -1170.80  0.5023 -0.718E-02      -1482.26  0.4829 -0.123E-02
         30.0001   -15428.36  0.3619 -0.104E-01      -6627.90  0.3727  0.731E-03      -1967.20  0.4601  0.881E-02      -1170.77  0.5023 -0.718E-02      -1482.30  0.4829 -0.906E-03
         30.0002   -15428.31  0.3619 -0.103E-01      -6627.90  0.3727  0.731E-03      -1967.20  0.4601  0.881E-02      -1170.78  0.5023 -0.718E-02      -1482.29  0.4829 -0.906E-03
         30.0004   -15428.21  0.3619 -0.970E-02      -6627.89  0.3727  0.731E-03      -1967.20  0.4601  0.881E-02      -1170.78  0.5023 -0.718E-02      -1482.30  0.4829 -0.906E-03
         30.0006   -15428.11  0.3619 -0.102E-01      -6627.90  0.3727  0.731E-03      -1967.20  0.4601  0.881E-02      -1170.78  0.5023 -0.718E-02      -1482.30  0.4829 -0.158E-02
         30.0009   -15427.96  0.3619 -0.992E-02      -6627.89  0.3727  0.731E-03      -1967.20  0.4601  0.881E-02      -1170.78  0.5023 -0.718E-02      -1482.30  0.4829 -0.143E-02
         30.0013   -15427.77  0.3619 -0.100E-01      -6627.90  0.3727  0.731E-03      -1967.20  0.4601  0.881E-02      -1170.78  0.5023 -0.718E-02      -1482.30  0.4829 -0.131E-02
         30.0018   -15427.53  0.3619 -0.988E-02      -6627.90  0.3727  0.731E-03      -1967.20  0.4601  0.881E-02      -1170.78  0.5023 -0.718E-02      -1482.30  0.4829 -0.121E-02
         30.0024   -15427.22  0.3619 -0.998E-02      -6627.90  0.3727  0.731E-03      -1967.20  0.4601  0.881E-02      -1170.78  0.5023 -0.718E-02      -1482.30  0.4829 -0.114E-02
         30.0032   -15426.80  0.3619 -0.100E-01      -6627.90  0.3727  0.731E-03      -1967.19  0.4601  0.881E-02      -1170.78  0.5023 -0.718E-02      -1482.30  0.4829 -0.127E-02
         30.0043   -15426.26  0.3619 -0.998E-02      -6627.89  0.3727  0.731E-03      -1967.19  0.4601  0.881E-02      -1170.78  0.5023 -0.718E-02      -1482.30  0.4829 -0.119E-02
         30.0056   -15425.57  0.3619 -0.995E-02      -6627.90  0.3727  0.731E-03      -1967.19  0.4601  0.881E-02      -1170.78  0.5023 -0.718E-02      -1482.31  0.4829 -0.123E-02
         30.0074   -15424.66  0.3619 -0.998E-02      -6627.89  0.3727  0.731E-03      -1967.18  0.4601  0.881E-02      -1170.78  0.5023 -0.718E-02      -1482.31  0.4829 -0.124E-02
         30.0098   -15423.49  0.3619 -0.998E-02      -6627.89  0.3727  0.731E-03      -1967.18  0.4601  0.881E-02      -1170.78  0.5023 -0.718E-02      -1482.31  0.4829 -0.123E-02
         30.0128   -15421.95  0.3619 -0.999E-02      -6627.90  0.3727  0.731E-03      -1967.17  0.4601  0.881E-02      -1170.78  0.5023 -0.718E-02      -1482.31  0.4829 -0.120E-02
         30.0167   -15419.96  0.3619 -0.100E-01      -6627.89  0.3727  0.731E-03      -1967.16  0.4601  0.881E-02      -1170.78  0.5023 -0.718E-02      -1482.32  0.4829 -0.121E-02
         30.0218   -15417.37  0.3619 -0.999E-02      -6627.90  0.3727  0.731E-03      -1967.15  0.4601  0.881E-02      -1170.77  0.5023 -0.718E-02      -1482.32  0.4829 -0.123E-02
         30.0285   -15414.00  0.3619 -0.999E-02      -6627.89  0.3727  0.731E-03      -1967.14  0.4601  0.881E-02      -1170.77  0.5023 -0.718E-02      -1482.33  0.4829 -0.122E-02
         30.0372   -15409.62  0.3619 -0.100E-01      -6627.89  0.3727  0.731E-03      -1967.12  0.4601  0.881E-02      -1170.77  0.5023 -0.718E-02      -1482.34  0.4829 -0.123E-02
         30.0484   -15403.93  0.3620 -0.100E-01      -6627.89  0.3727  0.731E-03      -1967.10  0.4601  0.881E-02      -1170.77  0.5023 -0.718E-02      -1482.35  0.4829 -0.122E-02
         30.0630   -15396.54  0.3620 -0.100E-01      -6627.88  0.3727  0.731E-03      -1967.07  0.4601  0.881E-02      -1170.77  0.5023 -0.718E-02      -1482.37  0.4829 -0.123E-02
         30.0820   -15386.92  0.3620 -0.100E-01      -6627.88  0.3727  0.731E-03      -1967.03  0.4601  0.881E-02      -1170.76  0.5023 -0.718E-02      -1482.39  0.4829 -0.123E-02
         30.1067   -15374.43  0.3621 -0.100E-01      -6627.88  0.3727  0.731E-03      -1966.98  0.4601  0.881E-02      -1170.76  0.5023 -0.718E-02      -1482.41  0.4829 -0.123E-02
         30.1388   -15358.19  0.3621 -0.100E-01      -6627.87  0.3727  0.731E-03      -1966.91  0.4601  0.881E-02      -1170.75  0.5023 -0.718E-02      -1482.45  0.4829 -0.123E-02
         30.1806   -15337.12  0.3622 -0.100E-01      -6627.86  0.3727  0.732E-03      -1966.82  0.4601  0.881E-02      -1170.74  0.5023 -0.718E-02      -1482.49  0.4829 -0.123E-02
         30.2349   -15309.72  0.3623 -0.100E-01      -6627.84  0.3727  0.732E-03      -1966.70  0.4601  0.881E-02      -1170.73  0.5023 -0.718E-02      -1482.55  0.4829 -0.123E-02
         30.3054   -15274.15  0.3625 -0.100E-01      -6627.83  0.3727  0.732E-03      -1966.56  0.4601  0.881E-02      -1170.72  0.5023 -0.718E-02      -1482.62  0.4829 -0.123E-02
         30.3972   -15227.98  0.3626 -0.100E-01      -6627.81  0.3727  0.732E-03      -1966.36  0.4601  0.882E-02      -1170.70  0.5023 -0.718E-02      -1482.72  0.4829 -0.123E-02
         30.5164   -15168.08  0.3629 -0.100E-01      -6627.78  0.3727  0.732E-03      -1966.11  0.4601  0.882E-02      -1170.68  0.5023 -0.717E-02      -1482.84  0.4829 -0.123E-02
         30.6715   -15090.39  0.3632 -0.100E-01      -6627.74  0.3727  0.732E-03      -1965.79  0.4601  0.882E-02      -1170.65  0.5023 -0.717E-02      -1483.01  0.4829 -0.123E-02
         30.8730   -14989.73  0.3636 -0.100E-01      -6627.69  0.3727  0.732E-03      -1965.36  0.4601  0.882E-02      -1170.62  0.5023 -0.717E-02      -1483.21  0.4829 -0.123E-02
         31.1350   -14859.46  0.3641 -0.100E-01      -6627.63  0.3727  0.732E-03      -1964.81  0.4602  0.882E-02      -1170.57  0.5023 -0.716E-02      -1483.48  0.4829 -0.123E-02
         31.4756   -14691.10  0.3648 -0.100E-01      -6627.54  0.3727  0.732E-03      -1964.10  0.4602  0.883E-02      -1170.51  0.5023 -0.715E-02      -1483.83  0.4828 -0.122E-02
         31.9184   -14473.96  0.3656 -0.100E-01      -6627.44  0.3727  0.733E-03      -1963.18  0.4602  0.883E-02      -1170.44  0.5024 -0.715E-02      -1484.28  0.4828 -0.122E-02
         32.4940   -14194.72  0.3667 -0.100E-01      -6627.30  0.3727  0.733E-03      -1961.99  0.4603  0.884E-02      -1170.36  0.5024 -0.713E-02      -1484.85  0.4828 -0.122E-02
         33.2446   -13835.97  0.3681 -0.100E-01      -6627.14  0.3727  0.734E-03      -1960.44  0.4603  0.885E-02      -1170.26  0.5024 -0.711E-02      -1485.58  0.4827 -0.122E-02
         34.2096   -13383.96  0.3699 -0.100E-01      -6626.93  0.3727  0.734E-03      -1958.47  0.4604  0.886E-02      -1170.15  0.5024 -0.709E-02      -1486.50  0.4827 -0.122E-02
         35.3677   -12855.35  0.3720 -0.100E-01      -6626.69  0.3727  0.735E-03      -1956.14  0.4605  0.886E-02      -1170.05  0.5024 -0.706E-02      -1487.58  0.4826 -0.121E-02
         36.9118   -12219.57  0.3747 -0.100E-01      -6626.39  0.3727  0.737E-03      -1953.09  0.4606  0.887E-02      -1169.97  0.5024 -0.701E-02      -1488.96  0.4825 -0.121E-02
         40.0000   -11299.66  0.3797 -0.100E-01      -6625.93  0.3727  0.740E-03      -1947.26  0.4608  0.888E-02      -1170.00  0.5024 -0.690E-02      -1491.58  0.4824 -0.120E-02
         42.5000   -11525.63  0.3788  0.176E-07      -6625.64  0.3727  0.744E-03      -1942.70  0.4610  0.887E-02      -1170.13  0.5024 -0.681E-02      -1493.63  0.4822 -0.120E-02
         46.2500   -11642.77  0.3776  0.116E-09      -6625.42  0.3727  0.749E-03      -1936.35  0.4612  0.885E-02      -1170.61  0.5023 -0.667E-02      -1496.53  0.4821 -0.119E-02
         50.0000   -11874.43  0.3765 -0.140E-08      -6625.41  0.3727  0.755E-03      -1930.42  0.4614  0.882E-02      -1171.28  0.5023 -0.652E-02      -1499.31  0.4819 -0.118E-02
         55.0000   -12080.02  0.3753 -0.978E-08      -6625.83  0.3727  0.764E-03      -1923.34  0.4617  0.876E-02      -1172.56  0.5022 -0.632E-02      -1502.79  0.4817 -0.117E-02
         60.0000   -12285.44  0.3743 -0.338E-08      -6626.64  0.3727  0.773E-03      -1917.13  0.4619  0.869E-02      -1174.10  0.5021 -0.612E-02      -1506.13  0.4815 -0.117E-02
         65.0000   -12495.02  0.3734 -0.413E-08      -6627.86  0.3727  0.784E-03      -1912.20  0.4621  0.862E-02      -1175.90  0.5019 -0.593E-02      -1509.35  0.4813 -0.116E-02
         70.0000   -12686.65  0.3727  0.130E-07      -6629.45  0.3727  0.794E-03      -1907.59  0.4624  0.854E-02      -1177.90  0.5018 -0.574E-02      -1512.45  0.4811 -0.115E-02
         80.0000   -12980.47  0.3715 -0.582E-08      -6634.00  0.3726  0.815E-03      -1900.62  0.4627  0.835E-02      -1182.55  0.5014 -0.539E-02      -1518.43  0.4807 -0.113E-02
         90.0000   -13217.04  0.3706 -0.437E-08      -6639.46  0.3726  0.836E-03      -1895.13  0.4630  0.815E-02      -1187.56  0.5010 -0.507E-02      -1525.08  0.4804 -0.112E-02
        100.0000   -13403.93  0.3698 -0.573E-08      -6645.71  0.3725  0.856E-03      -1891.17  0.4631  0.794E-02      -1193.04  0.5006 -0.479E-02      -1531.15  0.4801 -0.112E-02
        110.0000   -13555.08  0.3692  0.140E-08      -6652.50  0.3725  0.875E-03      -1888.36  0.4633  0.774E-02      -1198.76  0.5002 -0.454E-02      -1536.81  0.4799 -0.111E-02
        120.0000   -13677.96  0.3688 -0.437E-10      -6659.62  0.3724  0.893E-03      -1886.55  0.4634  0.754E-02      -1204.64  0.4997 -0.430E-02      -1542.09  0.4796 -0.110E-02
        120.0001   -13680.11  0.3688 -0.100E+00      -6659.59  0.3724  0.893E-03      -1886.44  0.4634  0.754E-02      -1204.63  0.4997 -0.430E-02      -1542.11  0.4796 -0.978E-03
        120.0002   -13678.94  0.3688 -0.100E+00      -6659.60  0.3724  0.893E-03      -1886.47  0.4634  0.754E-02      -1204.63  0.4997 -0.430E-02      -1542.11  0.4796 -0.978E-03
        120.0004   -13678.51  0.3688 -0.999E-01      -6659.59  0.3724  0.893E-03      -1886.44  0.4634  0.754E-02      -1204.63  0.4997 -0.430E-02      -1542.11  0.4796 -0.978E-03
        120.0006   -13677.25  0.3688 -0.999E-01      -6659.59  0.3724  0.893E-03      -1886.45  0.4634  0.754E-02      -1204.63  0.4997 -0.430E-02      -1542.11  0.4796 -0.978E-03
        120.0009   -13675.89  0.3688 -0.999E-01      -6659.59  0.3724  0.893E-03      -1886.45  0.4634  0.754E-02      -1204.63  0.4997 -0.430E-02      -1542.11  0.4796 -0.978E-03
        120.0013   -13673.98  0.3688 -0.100E+00      -6659.59  0.3724  0.893E-03      -1886.45  0.4634  0.754E-02      -1204.63  0.4997 -0.430E-02      -1542.11  0.4796 -0.978E-03
        120.0018   -13671.55  0.3688 -0.100E+00      -6659.59  0.3724  0.893E-03      -1886.45  0.4634  0.754E-02      -1204.63  0.4997 -0.430E-02      -1542.11  0.4796 -0.978E-03
        120.0024   -13668.38  0.3688 -0.100E+00      -6659.59  0.3724  0.893E-03      -1886.45  0.4634  0.754E-02      -1204.63  0.4997 -0.430E-02      -1542.11  0.4796 -0.122E-02
        120.0032   -13664.26  0.3688 -0.100E+00      -6659.60  0.3724  0.893E-03      -1886.45  0.4634  0.754E-02      -1204.63  0.4997 -0.430E-02      -1542.11  0.4796 -0.116E-02
        120.0043   -13658.90  0.3688 -0.100E+00      -6659.59  0.3724  0.893E-03      -1886.45  0.4634  0.754E-02      -1204.63  0.4997 -0.430E-02      -1542.11  0.4796 -0.112E-02
        120.0056   -13651.93  0.3689 -0.100E+00      -6659.59  0.3724  0.893E-03      -1886.45  0.4634  0.754E-02      -1204.63  0.4997 -0.430E-02      -1542.12  0.4796 -0.109E-02
        120.0074   -13642.88  0.3689 -0.100E+00      -6659.59  0.3724  0.893E-03      -1886.45  0.4634  0.754E-02      -1204.63  0.4997 -0.430E-02      -1542.12  0.4796 -0.114E-02
        120.0098   -13631.11  0.3690 -0.100E+00      -6659.60  0.3724  0.893E-03      -1886.45  0.4634  0.754E-02      -1204.64  0.4997 -0.430E-02      -1542.12  0.4796 -0.111E-02
        120.0128   -13615.81  0.3690 -0.100E+00      -6659.59  0.3724  0.893E-03      -1886.45  0.4634  0.754E-02      -1204.64  0.4997 -0.430E-02      -1542.12  0.4796 -0.108E-02
        120.0167   -13595.92  0.3691 -0.100E+00      -6659.60  0.3724  0.893E-03      -1886.45  0.4634  0.754E-02      -1204.64  0.4997 -0.430E-02      -1542.12  0.4796 -0.109E-02
        120.0218   -13570.06  0.3692 -0.100E+00      -6659.60  0.3724  0.893E-03      -1886.45  0.4634  0.754E-02      -1204.65  0.4997 -0.430E-02      -1542.12  0.4796 -0.109E-02
        120.0285   -13536.46  0.3693 -0.100E+00      -6659.61  0.3724  0.893E-03      -1886.45  0.4634  0.754E-02      -1204.65  0.4997 -0.430E-02      -1542.13  0.4796 -0.111E-02
        120.0372   -13492.78  0.3695 -0.100E+00      -6659.61  0.3724  0.893E-03      -1886.44  0.4634  0.753E-02      -1204.66  0.4997 -0.430E-02      -1542.13  0.4796 -0.110E-02
        120.0484   -13436.01  0.3697 -0.100E+00      -6659.62  0.3724  0.893E-03      -1886.44  0.4634  0.753E-02      -1204.67  0.4997 -0.430E-02      -1542.14  0.4796 -0.110E-02
        120.0630   -13362.23  0.3700 -0.100E+00      -6659.63  0.3724  0.893E-03      -1886.44  0.4634  0.753E-02      -1204.68  0.4997 -0.430E-02      -1542.15  0.4796 -0.110E-02
        120.0820   -13266.37  0.3704 -0.100E+00      -6659.64  0.3724  0.893E-03      -1886.44  0.4634  0.753E-02      -1204.69  0.4997 -0.430E-02      -1542.16  0.4796 -0.110E-02
        120.1067   -13141.81  0.3709 -0.100E+00      -6659.66  0.3724  0.893E-03      -1886.43  0.4634  0.753E-02      -1204.71  0.4997 -0.430E-02      -1542.17  0.4796 -0.110E-02
        120.1388   -12980.02  0.3715 -0.100E+00      -6659.68  0.3724  0.893E-03      -1886.43  0.4634  0.753E-02      -1204.73  0.4997 -0.430E-02      -1542.19  0.4796 -0.110E-02
        120.1806   -12769.90  0.3724 -0.100E+00      -6659.71  0.3724  0.893E-03      -1886.42  0.4634  0.753E-02      -1204.76  0.4997 -0.430E-02      -1542.21  0.4796 -0.110E-02
        120.2349   -12497.12  0.3734 -0.100E+00      -6659.75  0.3724  0.893E-03      -1886.41  0.4634  0.753E-02      -1204.80  0.4997 -0.430E-02      -1542.24  0.4796 -0.110E-02
        120.3054   -12194.07  0.3748 -0.100E+00      -6659.80  0.3724  0.894E-03      -1886.40  0.4634  0.753E-02      -1204.85  0.4997 -0.429E-02      -1542.27  0.4796 -0.110E-02
        120.3972   -11848.05  0.3766 -0.100E+00      -6659.87  0.3724  0.894E-03      -1886.38  0.4634  0.753E-02      -1204.92  0.4997 -0.429E-02      -1542.32  0.4796 -0.110E-02
        120.5164   -11395.17  0.3790 -0.100E+00      -6659.95  0.3724  0.894E-03      -1886.36  0.4634  0.753E-02      -1205.00  0.4997 -0.429E-02      -1542.38  0.4796 -0.110E-02
        120.6715   -10816.93  0.3820 -0.100E+00      -6660.06  0.3724  0.894E-03      -1886.34  0.4634  0.752E-02      -1205.11  0.4997 -0.429E-02      -1542.47  0.4796 -0.110E-02
        120.8730   -10068.31  0.3860 -0.100E+00      -6660.21  0.3724  0.895E-03      -1886.30  0.4634  0.752E-02      -1205.25  0.4997 -0.428E-02      -1542.57  0.4796 -0.110E-02
        121.1350    -9289.25  0.3910 -0.100E+00      -6660.40  0.3724  0.895E-03      -1886.26  0.4634  0.751E-02      -1205.42  0.4997 -0.428E-02      -1542.71  0.4796 -0.110E-02
        121.4756    -8351.22  0.3974 -0.100E+00      -6660.64  0.3724  0.896E-03      -1886.20  0.4634  0.751E-02      -1205.65  0.4997 -0.427E-02      -1542.89  0.4796 -0.110E-02
        121.9184    -7338.81  0.4055 -0.100E+00      -6660.96  0.3724  0.896E-03      -1886.13  0.4634  0.750E-02      -1205.94  0.4997 -0.426E-02      -1543.12  0.4796 -0.110E-02
        122.4940    -6256.48  0.4155 -0.100E+00      -6661.38  0.3724  0.897E-03      -1886.04  0.4634  0.749E-02      -1206.31  0.4996 -0.425E-02      -1543.41  0.4795 -0.110E-02
        123.2446    -5256.06  0.4273 -0.100E+00      -6661.92  0.3724  0.899E-03      -1885.93  0.4634  0.747E-02      -1206.79  0.4996 -0.423E-02      -1543.80  0.4795 -0.110E-02
        124.2096    -4415.41  0.4399 -0.100E+00      -6662.63  0.3724  0.900E-03      -1885.80  0.4634  0.745E-02      -1207.41  0.4996 -0.421E-02      -1544.29  0.4795 -0.110E-02
        125.3677    -3677.85  0.4519 -0.100E+00      -6663.47  0.3724  0.902E-03      -1885.65  0.4634  0.743E-02      -1208.14  0.4995 -0.418E-02      -1544.88  0.4795 -0.110E-02
        126.9118    -3133.59  0.4635 -0.100E+00      -6664.60  0.3723  0.905E-03      -1885.47  0.4634  0.740E-02      -1209.10  0.4995 -0.415E-02      -1545.66  0.4794 -0.110E-02
        128.4559    -2792.50  0.4725 -0.100E+00      -6665.74  0.3723  0.908E-03      -1885.31  0.4634  0.737E-02      -1210.07  0.4994 -0.412E-02      -1546.43  0.4794 -0.110E-02
        130.0000    -2532.51  0.4803 -0.100E+00      -6666.88  0.3723  0.910E-03      -1885.18  0.4634  0.734E-02      -1211.03  0.4993 -0.408E-02      -1547.20  0.4794 -0.110E-02
        130.0001    -2520.85  0.4803 -0.160E+00      -6666.88  0.3723  0.910E-03      -1885.17  0.4634  0.734E-02      -1211.03  0.4993 -0.408E-02      -1547.20  0.4794 -0.980E-03
        130.0002    -2522.71  0.4803 -0.160E+00      -6666.88  0.3723  0.910E-03      -1885.17  0.4634  0.734E-02      -1211.03  0.4993 -0.408E-02      -1547.20  0.4794 -0.980E-03
        130.0004    -2521.20  0.4803 -0.160E+00      -6666.88  0.3723  0.910E-03      -1885.17  0.4634  0.734E-02      -1211.03  0.4993 -0.408E-02      -1547.20  0.4794 -0.980E-03
        130.0006    -2521.49  0.4803 -0.160E+00      -6666.88  0.3723  0.910E-03      -1885.17  0.4634  0.734E-02      -1211.03  0.4993 -0.408E-02      -1547.20  0.4794 -0.980E-03
        130.0009    -2521.11  0.4803 -0.160E+00      -6666.88  0.3723  0.910E-03      -1885.17  0.4634  0.734E-02      -1211.03  0.4993 -0.408E-02      -1547.20  0.4794 -0.980E-03
        130.0013    -2520.96  0.4803 -0.160E+00      -6666.88  0.3723  0.910E-03      -1885.17  0.4634  0.734E-02      -1211.03  0.4993 -0.408E-02      -1547.20  0.4794 -0.980E-03
        130.0018    -2520.64  0.4803 -0.160E+00      -6666.88  0.3723  0.910E-03      -1885.17  0.4634  0.734E-02      -1211.03  0.4993 -0.408E-02      -1547.20  0.4794 -0.980E-03
        130.0024    -2520.27  0.4803 -0.160E+00      -6666.88  0.3723  0.910E-03      -1885.17  0.4634  0.734E-02      -1211.03  0.4993 -0.408E-02      -1547.20  0.4794 -0.122E-02
        130.0032    -2519.77  0.4803 -0.160E+00      -6666.88  0.3723  0.910E-03      -1885.17  0.4634  0.734E-02      -1211.03  0.4993 -0.408E-02      -1547.20  0.4794 -0.116E-02
        130.0043    -2519.13  0.4803 -0.160E+00      -6666.88  0.3723  0.910E-03      -1885.17  0.4634  0.734E-02      -1211.03  0.4993 -0.408E-02      -1547.20  0.4794 -0.112E-02
        130.0056    -2518.30  0.4804 -0.160E+00      -6666.88  0.3723  0.910E-03      -1885.17  0.4634  0.734E-02      -1211.03  0.4993 -0.408E-02      -1547.20  0.4794 -0.109E-02
        130.0074    -2517.22  0.4804 -0.160E+00      -6666.88  0.3723  0.910E-03      -1885.17  0.4634  0.734E-02      -1211.04  0.4993 -0.408E-02      -1547.20  0.4794 -0.106E-02
        130.0098    -2515.82  0.4804 -0.160E+00      -6666.88  0.3723  0.910E-03      -1885.17  0.4634  0.734E-02      -1211.04  0.4993 -0.408E-02      -1547.20  0.4794 -0.111E-02
        130.0128    -2513.99  0.4805 -0.160E+00      -6666.88  0.3723  0.910E-03      -1885.17  0.4634  0.734E-02      -1211.04  0.4993 -0.408E-02      -1547.20  0.4794 -0.108E-02
        130.0167    -2511.63  0.4806 -0.160E+00      -6666.89  0.3723  0.910E-03      -1885.17  0.4634  0.734E-02      -1211.04  0.4993 -0.408E-02      -1547.20  0.4794 -0.109E-02
        130.0218    -2508.55  0.4806 -0.160E+00      -6666.89  0.3723  0.910E-03      -1885.17  0.4634  0.734E-02      -1211.04  0.4993 -0.408E-02      -1547.21  0.4794 -0.110E-02
        130.0285    -2504.57  0.4808 -0.160E+00      -6666.90  0.3723  0.910E-03      -1885.17  0.4634  0.734E-02      -1211.05  0.4993 -0.408E-02      -1547.21  0.4794 -0.109E-02
        130.0372    -2499.41  0.4809 -0.160E+00      -6666.90  0.3723  0.910E-03      -1885.17  0.4634  0.734E-02      -1211.05  0.4993 -0.408E-02      -1547.21  0.4794 -0.110E-02
        130.0484    -2492.73  0.4811 -0.160E+00      -6666.91  0.3723  0.910E-03      -1885.17  0.4634  0.733E-02      -1211.06  0.4993 -0.408E-02      -1547.22  0.4794 -0.110E-02
        130.0630    -2484.09  0.4813 -0.160E+00      -6666.93  0.3723  0.910E-03      -1885.17  0.4634  0.733E-02      -1211.07  0.4993 -0.408E-02      -1547.23  0.4794 -0.109E-02
        130.0820    -2472.94  0.4816 -0.160E+00      -6666.94  0.3723  0.910E-03      -1885.17  0.4634  0.733E-02      -1211.08  0.4993 -0.408E-02      -1547.24  0.4794 -0.110E-02
        130.1067    -2458.56  0.4820 -0.160E+00      -6666.96  0.3723  0.910E-03      -1885.17  0.4634  0.733E-02      -1211.10  0.4993 -0.408E-02      -1547.25  0.4794 -0.109E-02
        130.1388    -2440.09  0.4826 -0.160E+00      -6666.98  0.3723  0.910E-03      -1885.16  0.4634  0.733E-02      -1211.12  0.4993 -0.408E-02      -1547.26  0.4794 -0.110E-02
        130.1806    -2417.44  0.4832 -0.160E+00      -6667.01  0.3723  0.910E-03      -1885.16  0.4634  0.733E-02      -1211.14  0.4993 -0.408E-02      -1547.29  0.4794 -0.110E-02
        130.2349    -2395.24  0.4841 -0.160E+00      -6667.05  0.3723  0.911E-03      -1885.16  0.4634  0.733E-02      -1211.18  0.4993 -0.408E-02      -1547.31  0.4794 -0.109E-02
        130.3054    -2365.99  0.4851 -0.160E+00      -6667.10  0.3723  0.911E-03      -1885.15  0.4634  0.733E-02      -1211.22  0.4993 -0.408E-02      -1547.35  0.4794 -0.110E-02
        130.3972    -2330.97  0.4864 -0.160E+00      -6667.17  0.3723  0.911E-03      -1885.14  0.4634  0.733E-02      -1211.28  0.4993 -0.407E-02      -1547.39  0.4794 -0.110E-02
        130.5164    -2287.41  0.4880 -0.160E+00      -6667.26  0.3723  0.911E-03      -1885.13  0.4634  0.733E-02      -1211.35  0.4993 -0.407E-02      -1547.45  0.4794 -0.110E-02
        130.6715    -2234.66  0.4899 -0.160E+00      -6667.37  0.3723  0.911E-03      -1885.12  0.4634  0.732E-02      -1211.45  0.4993 -0.407E-02      -1547.53  0.4793 -0.110E-02
        130.8730    -2170.61  0.4923 -0.160E+00      -6667.52  0.3723  0.912E-03      -1885.10  0.4634  0.732E-02      -1211.57  0.4993 -0.406E-02      -1547.63  0.4793 -0.110E-02
        131.1350    -2093.56  0.4951 -0.160E+00      -6667.71  0.3723  0.912E-03      -1885.08  0.4634  0.731E-02      -1211.74  0.4993 -0.406E-02      -1547.76  0.4793 -0.110E-02
        131.4756    -2003.70  0.4984 -0.160E+00      -6667.96  0.3723  0.913E-03      -1885.05  0.4634  0.731E-02      -1211.95  0.4993 -0.405E-02      -1547.92  0.4793 -0.110E-02
        131.9184    -1901.66  0.5024 -0.160E+00      -6668.29  0.3723  0.913E-03      -1885.02  0.4634  0.730E-02      -1212.23  0.4993 -0.404E-02      -1548.14  0.4793 -0.110E-02
        132.4940    -1807.84  0.5067 -0.160E+00      -6668.72  0.3723  0.914E-03      -1884.98  0.4634  0.729E-02      -1212.58  0.4993 -0.403E-02      -1548.42  0.4793 -0.109E-02
        133.2446    -1708.15  0.5117 -0.160E+00      -6669.28  0.3723  0.915E-03      -1884.93  0.4634  0.727E-02      -1213.05  0.4992 -0.401E-02      -1548.79  0.4793 -0.109E-02
        134.2096    -1581.25  0.5176 -0.160E+00      -6669.99  0.3723  0.917E-03      -1884.88  0.4634  0.725E-02      -1213.65  0.4992 -0.399E-02      -1549.25  0.4793 -0.109E-02
        135.3677    -1470.16  0.5237 -0.160E+00      -6670.85  0.3723  0.919E-03      -1884.82  0.4634  0.723E-02      -1214.40  0.4991 -0.396E-02      -1549.81  0.4792 -0.109E-02
        136.5258    -1377.64  0.5293 -0.160E+00      -6671.71  0.3723  0.921E-03      -1884.78  0.4634  0.721E-02      -1215.15  0.4991 -0.393E-02      -1550.36  0.4792 -0.109E-02
        138.2629    -1262.63  0.5364 -0.160E+00      -6673.00  0.3723  0.923E-03      -1884.72  0.4634  0.718E-02      -1216.29  0.4990 -0.389E-02      -1551.18  0.4792 -0.109E-02
        140.0000    -1171.17  0.5428 -0.160E+00      -6674.29  0.3723  0.926E-03      -1884.69  0.4634  0.714E-02      -1217.43  0.4990 -0.385E-02      -1552.00  0.4791 -0.109E-02
        140.0001    -1169.43  0.5428 -0.514E-01      -6674.29  0.3723  0.926E-03      -1884.69  0.4634  0.714E-02      -1217.43  0.4990 -0.385E-02      -1552.00  0.4791 -0.980E-03
        140.0002    -1169.91  0.5428 -0.489E-01      -6674.29  0.3723  0.926E-03      -1884.69  0.4634  0.714E-02      -1217.43  0.4990 -0.385E-02      -1552.00  0.4791 -0.980E-03
        140.0004    -1169.58  0.5428 -0.508E-01      -6674.29  0.3723  0.926E-03      -1884.69  0.4634  0.714E-02      -1217.43  0.4990 -0.385E-02      -1552.00  0.4791 -0.980E-03
        140.0006    -1169.79  0.5428 -0.498E-01      -6674.29  0.3723  0.926E-03      -1884.69  0.4634  0.714E-02      -1217.43  0.4990 -0.385E-02      -1552.00  0.4791 -0.980E-03
        140.0009    -1169.76  0.5428 -0.499E-01      -6674.29  0.3723  0.926E-03      -1884.69  0.4634  0.714E-02      -1217.43  0.4990 -0.385E-02      -1552.00  0.4791 -0.980E-03
        140.0013    -1169.89  0.5428 -0.499E-01      -6674.29  0.3723  0.926E-03      -1884.69  0.4634  0.714E-02      -1217.43  0.4990 -0.385E-02      -1552.00  0.4791 -0.980E-03
        140.0018    -1169.98  0.5428 -0.498E-01      -6674.29  0.3723  0.926E-03      -1884.69  0.4634  0.714E-02      -1217.43  0.4990 -0.385E-02      -1552.00  0.4791 -0.980E-03
        140.0024    -1170.13  0.5428 -0.502E-01      -6674.29  0.3723  0.926E-03      -1884.69  0.4634  0.714E-02      -1217.43  0.4990 -0.385E-02      -1552.00  0.4791 -0.122E-02
        140.0032    -1170.31  0.5428 -0.501E-01      -6674.29  0.3723  0.926E-03      -1884.69  0.4634  0.714E-02      -1217.43  0.4990 -0.385E-02      -1552.00  0.4791 -0.116E-02
        140.0043    -1170.56  0.5427 -0.500E-01      -6674.30  0.3723  0.926E-03      -1884.69  0.4634  0.714E-02      -1217.43  0.4990 -0.385E-02      -1552.00  0.4791 -0.112E-02
        140.0056    -1170.87  0.5427 -0.499E-01      -6674.29  0.3723  0.926E-03      -1884.69  0.4634  0.714E-02      -1217.43  0.4990 -0.385E-02      -1552.00  0.4791 -0.109E-02
        140.0074    -1171.27  0.5427 -0.499E-01      -6674.30  0.3723  0.926E-03      -1884.69  0.4634  0.714E-02      -1217.43  0.4990 -0.385E-02      -1552.00  0.4791 -0.106E-02
        140.0098    -1171.80  0.5426 -0.500E-01      -6674.29  0.3723  0.926E-03      -1884.69  0.4634  0.714E-02      -1217.43  0.4990 -0.385E-02      -1552.00  0.4791 -0.111E-02
        140.0128    -1172.48  0.5426 -0.500E-01      -6674.30  0.3723  0.926E-03      -1884.69  0.4634  0.714E-02      -1217.44  0.4990 -0.385E-02      -1552.00  0.4791 -0.108E-02
        140.0167    -1173.36  0.5425 -0.500E-01      -6674.30  0.3723  0.926E-03      -1884.69  0.4634  0.714E-02      -1217.44  0.4990 -0.385E-02      -1552.01  0.4791 -0.109E-02
        140.0218    -1174.50  0.5424 -0.500E-01      -6674.31  0.3723  0.926E-03      -1884.69  0.4634  0.714E-02      -1217.44  0.4990 -0.385E-02      -1552.01  0.4791 -0.110E-02
        140.0285    -1175.97  0.5423 -0.500E-01      -6674.31  0.3723  0.926E-03      -1884.69  0.4634  0.714E-02      -1217.45  0.4990 -0.385E-02      -1552.01  0.4791 -0.109E-02
        140.0372    -1177.86  0.5422 -0.500E-01      -6674.32  0.3723  0.926E-03      -1884.69  0.4634  0.714E-02      -1217.45  0.4990 -0.385E-02      -1552.02  0.4791 -0.108E-02
        140.0484    -1180.28  0.5420 -0.500E-01      -6674.33  0.3723  0.926E-03      -1884.69  0.4634  0.714E-02      -1217.46  0.4990 -0.385E-02      -1552.02  0.4791 -0.109E-02
        140.0630    -1183.38  0.5417 -0.500E-01      -6674.34  0.3723  0.926E-03      -1884.69  0.4634  0.714E-02      -1217.47  0.4990 -0.385E-02      -1552.03  0.4791 -0.109E-02
        140.0820    -1187.30  0.5414 -0.500E-01      -6674.35  0.3723  0.926E-03      -1884.69  0.4634  0.714E-02      -1217.48  0.4990 -0.385E-02      -1552.04  0.4791 -0.109E-02
        140.1067    -1192.26  0.5410 -0.500E-01      -6674.37  0.3723  0.926E-03      -1884.69  0.4634  0.714E-02      -1217.50  0.4990 -0.384E-02      -1552.05  0.4791 -0.109E-02
        140.1388    -1198.47  0.5405 -0.500E-01      -6674.40  0.3723  0.926E-03      -1884.69  0.4634  0.714E-02      -1217.52  0.4990 -0.384E-02      -1552.06  0.4791 -0.109E-02
        140.1806    -1206.71  0.5399 -0.500E-01      -6674.42  0.3723  0.926E-03      -1884.69  0.4634  0.714E-02      -1217.55  0.4990 -0.384E-02      -1552.08  0.4791 -0.109E-02
        140.2349    -1219.07  0.5392 -0.500E-01      -6674.47  0.3723  0.926E-03      -1884.69  0.4634  0.714E-02      -1217.58  0.4989 -0.384E-02      -1552.11  0.4791 -0.109E-02
        140.3054    -1233.86  0.5382 -0.500E-01      -6674.52  0.3723  0.927E-03      -1884.69  0.4634  0.714E-02      -1217.63  0.4989 -0.384E-02      -1552.14  0.4791 -0.109E-02
        140.3972    -1251.89  0.5371 -0.500E-01      -6674.59  0.3723  0.927E-03      -1884.69  0.4634  0.713E-02      -1217.69  0.4989 -0.384E-02      -1552.18  0.4791 -0.109E-02
        140.5164    -1273.09  0.5358 -0.500E-01      -6674.68  0.3723  0.927E-03      -1884.69  0.4634  0.713E-02      -1217.77  0.4989 -0.384E-02      -1552.24  0.4791 -0.109E-02
        140.6715    -1297.60  0.5343 -0.500E-01      -6674.79  0.3723  0.927E-03      -1884.68  0.4634  0.713E-02      -1217.87  0.4989 -0.383E-02      -1552.31  0.4791 -0.109E-02
        140.8730    -1325.14  0.5326 -0.500E-01      -6674.94  0.3723  0.927E-03      -1884.68  0.4634  0.713E-02      -1218.00  0.4989 -0.383E-02      -1552.41  0.4791 -0.109E-02
        141.1350    -1355.20  0.5307 -0.500E-01      -6675.13  0.3723  0.928E-03      -1884.68  0.4634  0.712E-02      -1218.17  0.4989 -0.382E-02      -1552.53  0.4791 -0.109E-02
        141.4756    -1386.91  0.5287 -0.500E-01      -6675.39  0.3723  0.928E-03      -1884.68  0.4634  0.711E-02      -1218.39  0.4989 -0.382E-02      -1552.69  0.4791 -0.109E-02
        141.9184    -1419.06  0.5267 -0.500E-01      -6675.72  0.3722  0.929E-03      -1884.67  0.4634  0.711E-02      -1218.68  0.4989 -0.381E-02      -1552.89  0.4791 -0.109E-02
        142.4940    -1450.16  0.5248 -0.500E-01      -6676.15  0.3722  0.930E-03      -1884.67  0.4634  0.710E-02      -1219.06  0.4989 -0.379E-02      -1553.16  0.4791 -0.109E-02
        143.2446    -1478.58  0.5230 -0.500E-01      -6676.70  0.3722  0.931E-03      -1884.67  0.4634  0.708E-02      -1219.55  0.4988 -0.378E-02      -1553.50  0.4791 -0.109E-02
        144.2096    -1502.47  0.5216 -0.500E-01      -6677.42  0.3722  0.932E-03      -1884.68  0.4634  0.706E-02      -1220.19  0.4988 -0.375E-02      -1553.95  0.4790 -0.109E-02
        145.3677    -1519.73  0.5205 -0.500E-01      -6678.28  0.3722  0.934E-03      -1884.70  0.4634  0.704E-02      -1220.96  0.4987 -0.372E-02      -1554.48  0.4790 -0.109E-02
        146.9118    -1535.10  0.5198 -0.500E-01      -6679.41  0.3722  0.936E-03      -1884.73  0.4634  0.701E-02      -1222.00  0.4987 -0.369E-02      -1555.18  0.4790 -0.109E-02
        150.0000    -1535.40  0.5196 -0.500E-01      -6681.68  0.3722  0.941E-03      -1884.85  0.4634  0.696E-02      -1224.11  0.4986 -0.361E-02      -1556.55  0.4789 -0.108E-02
        150.0001    -1539.52  0.5196 -0.113E-01      -6681.68  0.3722  0.941E-03      -1884.84  0.4634  0.696E-02      -1224.11  0.4986 -0.361E-02      -1556.56  0.4789 -0.979E-03
        150.0002    -1538.92  0.5196 -0.110E-01      -6681.68  0.3722  0.941E-03      -1884.84  0.4634  0.696E-02      -1224.11  0.4986 -0.361E-02      -1556.56  0.4789 -0.979E-03
        150.0004    -1539.39  0.5196 -0.948E-02      -6681.68  0.3722  0.941E-03      -1884.84  0.4634  0.696E-02      -1224.11  0.4986 -0.361E-02      -1556.56  0.4789 -0.979E-03
        150.0006    -1539.31  0.5196 -0.932E-02      -6681.68  0.3722  0.941E-03      -1884.84  0.4634  0.696E-02      -1224.11  0.4986 -0.361E-02      -1556.56  0.4789 -0.979E-03
        150.0009    -1539.41  0.5196 -0.104E-01      -6681.68  0.3722  0.941E-03      -1884.84  0.4634  0.696E-02      -1224.11  0.4986 -0.361E-02      -1556.56  0.4789 -0.979E-03
        150.0013    -1539.46  0.5196 -0.988E-02      -6681.68  0.3722  0.941E-03      -1884.84  0.4634  0.696E-02      -1224.11  0.4986 -0.361E-02      -1556.56  0.4789 -0.979E-03
        150.0018    -1539.54  0.5196 -0.987E-02      -6681.68  0.3722  0.941E-03      -1884.84  0.4634  0.696E-02      -1224.11  0.4986 -0.361E-02      -1556.56  0.4789 -0.979E-03
        150.0024    -1539.65  0.5196 -0.101E-01      -6681.68  0.3722  0.941E-03      -1884.84  0.4634  0.696E-02      -1224.11  0.4986 -0.361E-02      -1556.56  0.4789 -0.979E-03
        150.0032    -1539.78  0.5196 -0.102E-01      -6681.68  0.3722  0.941E-03      -1884.84  0.4634  0.696E-02      -1224.11  0.4986 -0.361E-02      -1556.56  0.4789 -0.116E-02
        150.0043    -1539.96  0.5196 -0.100E-01      -6681.68  0.3722  0.941E-03      -1884.84  0.4634  0.696E-02      -1224.11  0.4986 -0.361E-02      -1556.56  0.4789 -0.112E-02
        150.0056    -1540.19  0.5196 -0.993E-02      -6681.68  0.3722  0.941E-03      -1884.84  0.4634  0.696E-02      -1224.12  0.4986 -0.361E-02      -1556.56  0.4789 -0.109E-02
        150.0074    -1540.49  0.5196 -0.998E-02      -6681.68  0.3722  0.941E-03      -1884.84  0.4634  0.696E-02      -1224.12  0.4986 -0.361E-02      -1556.56  0.4789 -0.106E-02
        150.0098    -1540.88  0.5196 -0.994E-02      -6681.68  0.3722  0.941E-03      -1884.84  0.4634  0.696E-02      -1224.12  0.4986 -0.361E-02      -1556.56  0.4789 -0.111E-02
        150.0128    -1541.38  0.5195 -0.100E-01      -6681.69  0.3722  0.941E-03      -1884.84  0.4634  0.696E-02      -1224.12  0.4986 -0.361E-02      -1556.56  0.4789 -0.108E-02
        150.0167    -1542.04  0.5195 -0.998E-02      -6681.69  0.3722  0.941E-03      -1884.84  0.4634  0.696E-02      -1224.12  0.4986 -0.361E-02      -1556.56  0.4789 -0.109E-02
        150.0218    -1542.89  0.5195 -0.100E-01      -6681.69  0.3722  0.941E-03      -1884.84  0.4634  0.696E-02      -1224.13  0.4986 -0.361E-02      -1556.56  0.4789 -0.110E-02
        150.0285    -1543.99  0.5194 -0.999E-02      -6681.70  0.3722  0.941E-03      -1884.84  0.4634  0.696E-02      -1224.13  0.4986 -0.361E-02      -1556.57  0.4789 -0.109E-02
        150.0372    -1545.41  0.5193 -0.999E-02      -6681.70  0.3722  0.941E-03      -1884.84  0.4634  0.696E-02      -1224.14  0.4986 -0.361E-02      -1556.57  0.4789 -0.108E-02
        150.0484    -1547.25  0.5192 -0.100E-01      -6681.71  0.3722  0.941E-03      -1884.84  0.4634  0.696E-02      -1224.14  0.4986 -0.361E-02      -1556.58  0.4789 -0.109E-02
        150.0630    -1549.63  0.5191 -0.100E-01      -6681.72  0.3722  0.941E-03      -1884.84  0.4634  0.696E-02      -1224.15  0.4986 -0.361E-02      -1556.58  0.4789 -0.108E-02
        150.0820    -1552.70  0.5190 -0.100E-01      -6681.74  0.3722  0.941E-03      -1884.85  0.4634  0.696E-02      -1224.17  0.4986 -0.361E-02      -1556.59  0.4789 -0.108E-02
        150.1067    -1556.63  0.5188 -0.100E-01      -6681.75  0.3722  0.941E-03      -1884.85  0.4634  0.696E-02      -1224.18  0.4985 -0.361E-02      -1556.60  0.4789 -0.108E-02
        150.1388    -1561.67  0.5186 -0.100E-01      -6681.78  0.3722  0.941E-03      -1884.85  0.4634  0.696E-02      -1224.21  0.4985 -0.361E-02      -1556.62  0.4789 -0.109E-02
        150.1806    -1568.10  0.5183 -0.100E-01      -6681.81  0.3722  0.941E-03      -1884.85  0.4634  0.695E-02      -1224.23  0.4985 -0.361E-02      -1556.64  0.4789 -0.108E-02
        150.2349    -1576.26  0.5179 -0.100E-01      -6681.85  0.3722  0.941E-03      -1884.85  0.4634  0.695E-02      -1224.27  0.4985 -0.360E-02      -1556.66  0.4789 -0.108E-02
        150.3054    -1586.53  0.5174 -0.100E-01      -6681.90  0.3722  0.941E-03      -1884.85  0.4634  0.695E-02      -1224.32  0.4985 -0.360E-02      -1556.69  0.4789 -0.108E-02
        150.3972    -1599.38  0.5168 -0.100E-01      -6681.96  0.3722  0.941E-03      -1884.86  0.4634  0.695E-02      -1224.38  0.4985 -0.360E-02      -1556.73  0.4789 -0.108E-02
        150.5164    -1615.27  0.5160 -0.100E-01      -6682.05  0.3722  0.941E-03      -1884.86  0.4634  0.695E-02      -1224.47  0.4985 -0.360E-02      -1556.78  0.4789 -0.108E-02
        150.6715    -1634.70  0.5151 -0.100E-01      -6682.17  0.3722  0.942E-03      -1884.87  0.4634  0.695E-02      -1224.57  0.4985 -0.359E-02      -1556.85  0.4789 -0.108E-02
        150.8730    -1658.12  0.5139 -0.100E-01      -6682.32  0.3722  0.942E-03      -1884.88  0.4634  0.694E-02      -1224.71  0.4985 -0.359E-02      -1556.94  0.4789 -0.108E-02
        151.1350    -1685.89  0.5126 -0.100E-01      -6682.51  0.3722  0.942E-03      -1884.89  0.4634  0.694E-02      -1224.89  0.4985 -0.358E-02      -1557.06  0.4789 -0.108E-02
        151.4756    -1718.25  0.5111 -0.100E-01      -6682.75  0.3722  0.943E-03      -1884.90  0.4634  0.693E-02      -1225.13  0.4985 -0.357E-02      -1557.21  0.4789 -0.108E-02
        151.9184    -1755.25  0.5093 -0.100E-01      -6683.08  0.3722  0.943E-03      -1884.92  0.4634  0.692E-02      -1225.43  0.4985 -0.356E-02      -1557.41  0.4789 -0.108E-02
        152.4940    -1796.73  0.5073 -0.100E-01      -6683.50  0.3722  0.944E-03      -1884.95  0.4634  0.691E-02      -1225.83  0.4984 -0.355E-02      -1557.66  0.4789 -0.108E-02
        153.2446    -1842.42  0.5051 -0.100E-01      -6684.05  0.3722  0.945E-03      -1884.99  0.4634  0.690E-02      -1226.35  0.4984 -0.353E-02      -1557.99  0.4789 -0.108E-02
        154.2096    -1891.14  0.5028 -0.100E-01      -6684.75  0.3722  0.947E-03      -1885.05  0.4634  0.688E-02      -1227.02  0.4984 -0.351E-02      -1558.41  0.4788 -0.108E-02
        155.3677    -1946.15  0.5005 -0.100E-01      -6685.58  0.3722  0.948E-03      -1885.12  0.4634  0.686E-02      -1227.83  0.4983 -0.348E-02      -1558.92  0.4788 -0.108E-02
        156.9118    -2010.94  0.4981 -0.100E-01      -6686.70  0.3721  0.950E-03      -1885.23  0.4634  0.684E-02      -1228.91  0.4983 -0.345E-02      -1559.59  0.4788 -0.108E-02
        160.0000    -2109.35  0.4944 -0.100E-01      -6688.90  0.3721  0.954E-03      -1885.48  0.4634  0.678E-02      -1231.05  0.4981 -0.338E-02      -1560.90  0.4787 -0.108E-02
        160.0001    -2112.66  0.4944 -0.203E-01      -6688.91  0.3721  0.954E-03      -1885.48  0.4634  0.678E-02      -1231.06  0.4981 -0.338E-02      -1560.91  0.4787 -0.979E-03
        160.0002    -2111.97  0.4944 -0.204E-01      -6688.90  0.3721  0.954E-03      -1885.48  0.4634  0.678E-02      -1231.06  0.4981 -0.338E-02      -1560.90  0.4787 -0.979E-03
        160.0004    -2112.50  0.4944 -0.203E-01      -6688.90  0.3721  0.954E-03      -1885.48  0.4634  0.678E-02      -1231.06  0.4981 -0.338E-02      -1560.91  0.4787 -0.979E-03
        160.0006    -2112.30  0.4944 -0.199E-01      -6688.91  0.3721  0.954E-03      -1885.48  0.4634  0.678E-02      -1231.06  0.4981 -0.338E-02      -1560.90  0.4787 -0.979E-03
        160.0009    -2112.40  0.4944 -0.200E-01      -6688.90  0.3721  0.954E-03      -1885.48  0.4634  0.678E-02      -1231.06  0.4981 -0.338E-02      -1560.91  0.4787 -0.979E-03
        160.0013    -2112.34  0.4944 -0.199E-01      -6688.90  0.3721  0.954E-03      -1885.48  0.4634  0.678E-02      -1231.06  0.4981 -0.338E-02      -1560.91  0.4787 -0.979E-03
        160.0018    -2112.35  0.4944 -0.199E-01      -6688.91  0.3721  0.954E-03      -1885.48  0.4634  0.678E-02      -1231.06  0.4981 -0.338E-02      -1560.91  0.4787 -0.979E-03
        160.0024    -2112.33  0.4944 -0.199E-01      -6688.90  0.3721  0.954E-03      -1885.48  0.4634  0.678E-02      -1231.06  0.4981 -0.338E-02      -1560.91  0.4787 -0.979E-03
        160.0032    -2112.32  0.4944 -0.201E-01      -6688.91  0.3721  0.954E-03      -1885.48  0.4634  0.678E-02      -1231.06  0.4981 -0.338E-02      -1560.91  0.4787 -0.116E-02
        160.0043    -2112.29  0.4944 -0.199E-01      -6688.91  0.3721  0.954E-03      -1885.48  0.4634  0.678E-02      -1231.06  0.4981 -0.338E-02      -1560.91  0.4787 -0.112E-02
        160.0056    -2112.26  0.4944 -0.200E-01      -6688.90  0.3721  0.954E-03      -1885.48  0.4634  0.678E-02      -1231.06  0.4981 -0.338E-02      -1560.91  0.4787 -0.109E-02
        160.0074    -2112.22  0.4944 -0.200E-01      -6688.91  0.3721  0.954E-03      -1885.48  0.4634  0.678E-02      -1231.06  0.4981 -0.338E-02      -1560.91  0.4787 -0.106E-02
        160.0098    -2112.17  0.4944 -0.200E-01      -6688.91  0.3721  0.954E-03      -1885.48  0.4634  0.678E-02      -1231.06  0.4981 -0.338E-02      -1560.91  0.4787 -0.111E-02
        160.0128    -2112.10  0.4944 -0.200E-01      -6688.91  0.3721  0.954E-03      -1885.48  0.4634  0.678E-02      -1231.06  0.4981 -0.338E-02      -1560.91  0.4787 -0.108E-02
        160.0167    -2112.01  0.4944 -0.200E-01      -6688.91  0.3721  0.954E-03      -1885.48  0.4634  0.678E-02      -1231.07  0.4981 -0.338E-02      -1560.91  0.4787 -0.109E-02
        160.0218    -2111.90  0.4944 -0.200E-01      -6688.91  0.3721  0.954E-03      -1885.48  0.4634  0.678E-02      -1231.07  0.4981 -0.338E-02      -1560.91  0.4787 -0.107E-02
        160.0285    -2111.75  0.4944 -0.200E-01      -6688.92  0.3721  0.954E-03      -1885.48  0.4634  0.678E-02      -1231.07  0.4981 -0.338E-02      -1560.92  0.4787 -0.109E-02
        160.0372    -2111.56  0.4944 -0.200E-01      -6688.93  0.3721  0.954E-03      -1885.48  0.4634  0.678E-02      -1231.08  0.4981 -0.338E-02      -1560.92  0.4787 -0.108E-02
        160.0484    -2111.31  0.4944 -0.200E-01      -6688.93  0.3721  0.954E-03      -1885.48  0.4634  0.678E-02      -1231.09  0.4981 -0.338E-02      -1560.93  0.4787 -0.108E-02
        160.0630    -2110.99  0.4945 -0.200E-01      -6688.95  0.3721  0.955E-03      -1885.48  0.4634  0.678E-02      -1231.10  0.4981 -0.338E-02      -1560.93  0.4787 -0.108E-02
        160.0820    -2110.58  0.4945 -0.200E-01      -6688.96  0.3721  0.955E-03      -1885.48  0.4634  0.678E-02      -1231.11  0.4981 -0.338E-02      -1560.94  0.4787 -0.108E-02
        160.1067    -2110.05  0.4945 -0.200E-01      -6688.98  0.3721  0.955E-03      -1885.49  0.4634  0.678E-02      -1231.13  0.4981 -0.338E-02      -1560.95  0.4787 -0.108E-02
        160.1388    -2109.37  0.4945 -0.200E-01      -6689.00  0.3721  0.955E-03      -1885.49  0.4634  0.678E-02      -1231.15  0.4981 -0.338E-02      -1560.96  0.4787 -0.108E-02
        160.1806    -2108.52  0.4946 -0.200E-01      -6689.03  0.3721  0.955E-03      -1885.49  0.4634  0.678E-02      -1231.18  0.4981 -0.338E-02      -1560.98  0.4787 -0.108E-02
        160.2349    -2107.43  0.4946 -0.200E-01      -6689.07  0.3721  0.955E-03      -1885.50  0.4634  0.678E-02      -1231.22  0.4981 -0.338E-02      -1561.01  0.4787 -0.108E-02
        160.3054    -2106.08  0.4946 -0.200E-01      -6689.12  0.3721  0.955E-03      -1885.50  0.4634  0.678E-02      -1231.27  0.4981 -0.338E-02      -1561.04  0.4787 -0.108E-02
        160.3972    -2104.41  0.4947 -0.200E-01      -6689.18  0.3721  0.955E-03      -1885.51  0.4634  0.678E-02      -1231.33  0.4981 -0.337E-02      -1561.08  0.4787 -0.108E-02
        160.5164    -2102.37  0.4948 -0.200E-01      -6689.27  0.3721  0.955E-03      -1885.52  0.4634  0.677E-02      -1231.41  0.4981 -0.337E-02      -1561.13  0.4787 -0.108E-02
        160.6715    -2099.93  0.4949 -0.200E-01      -6689.38  0.3721  0.955E-03      -1885.53  0.4634  0.677E-02      -1231.52  0.4981 -0.337E-02      -1561.19  0.4787 -0.108E-02
        160.8730    -2097.10  0.4950 -0.200E-01      -6689.52  0.3721  0.956E-03      -1885.55  0.4634  0.677E-02      -1231.66  0.4981 -0.336E-02      -1561.28  0.4787 -0.108E-02
        161.1350    -2093.92  0.4951 -0.200E-01      -6689.71  0.3721  0.956E-03      -1885.57  0.4634  0.676E-02      -1231.84  0.4981 -0.336E-02      -1561.39  0.4787 -0.108E-02
        161.4756    -2090.51  0.4952 -0.200E-01      -6689.95  0.3721  0.956E-03      -1885.60  0.4634  0.676E-02      -1232.08  0.4981 -0.335E-02      -1561.53  0.4787 -0.108E-02
        161.9184    -2087.08  0.4953 -0.200E-01      -6690.26  0.3721  0.957E-03      -1885.64  0.4634  0.675E-02      -1232.39  0.4981 -0.334E-02      -1561.72  0.4787 -0.108E-02
        162.4940    -2083.94  0.4955 -0.200E-01      -6690.67  0.3721  0.958E-03      -1885.69  0.4634  0.674E-02      -1232.79  0.4980 -0.333E-02      -1561.96  0.4787 -0.108E-02
        163.2446    -2081.45  0.4955 -0.200E-01      -6691.20  0.3721  0.959E-03      -1885.77  0.4634  0.673E-02      -1233.31  0.4980 -0.332E-02      -1562.28  0.4787 -0.108E-02
        164.2096    -2079.97  0.4956 -0.200E-01      -6691.87  0.3721  0.960E-03      -1885.86  0.4634  0.671E-02      -1233.98  0.4980 -0.330E-02      -1562.68  0.4786 -0.108E-02
        165.3677    -2079.65  0.4956 -0.200E-01      -6692.68  0.3721  0.961E-03      -1885.98  0.4634  0.669E-02      -1234.78  0.4979 -0.328E-02      -1563.17  0.4786 -0.108E-02
        166.9118    -2080.44  0.4956 -0.200E-01      -6693.76  0.3721  0.963E-03      -1886.14  0.4634  0.667E-02      -1235.84  0.4978 -0.325E-02      -1563.81  0.4786 -0.108E-02
        170.0000    -2082.33  0.4955 -0.200E-01      -6695.87  0.3721  0.967E-03      -1886.51  0.4634  0.662E-02      -1237.96  0.4977 -0.319E-02      -1565.07  0.4785 -0.107E-02
        170.0001    -2082.32  0.4955 -0.972E-02      -6695.87  0.3721  0.967E-03      -1886.51  0.4634  0.662E-02      -1237.96  0.4977 -0.319E-02      -1565.07  0.4785 -0.978E-03
        170.0002    -2082.33  0.4955 -0.982E-02      -6695.87  0.3721  0.967E-03      -1886.51  0.4634  0.662E-02      -1237.96  0.4977 -0.319E-02      -1565.07  0.4785 -0.978E-03
        170.0004    -2082.34  0.4955 -0.104E-01      -6695.87  0.3721  0.967E-03      -1886.51  0.4634  0.662E-02      -1237.96  0.4977 -0.319E-02      -1565.07  0.4785 -0.978E-03
        170.0006    -2082.35  0.4955 -0.997E-02      -6695.87  0.3721  0.967E-03      -1886.51  0.4634  0.662E-02      -1237.96  0.4977 -0.319E-02      -1565.07  0.4785 -0.978E-03
        170.0009    -2082.36  0.4955 -0.102E-01      -6695.87  0.3721  0.967E-03      -1886.51  0.4634  0.662E-02      -1237.96  0.4977 -0.319E-02      -1565.07  0.4785 -0.978E-03
        170.0013    -2082.38  0.4955 -0.101E-01      -6695.87  0.3721  0.967E-03      -1886.51  0.4634  0.662E-02      -1237.96  0.4977 -0.319E-02      -1565.07  0.4785 -0.978E-03
        170.0018    -2082.41  0.4955 -0.995E-02      -6695.87  0.3721  0.967E-03      -1886.51  0.4634  0.662E-02      -1237.96  0.4977 -0.319E-02      -1565.07  0.4785 -0.978E-03
        170.0024    -2082.45  0.4955 -0.993E-02      -6695.87  0.3721  0.967E-03      -1886.51  0.4634  0.662E-02      -1237.96  0.4977 -0.319E-02      -1565.07  0.4785 -0.978E-03
        170.0032    -2082.49  0.4955 -0.991E-02      -6695.87  0.3721  0.967E-03      -1886.51  0.4634  0.662E-02      -1237.96  0.4977 -0.319E-02      -1565.07  0.4785 -0.116E-02
        170.0043    -2082.55  0.4955 -0.100E-01      -6695.87  0.3721  0.967E-03      -1886.51  0.4634  0.662E-02      -1237.97  0.4977 -0.319E-02      -1565.07  0.4785 -0.112E-02
        170.0056    -2082.63  0.4955 -0.997E-02      -6695.87  0.3721  0.967E-03      -1886.51  0.4634  0.662E-02      -1237.97  0.4977 -0.319E-02      -1565.07  0.4785 -0.109E-02
        170.0074    -2082.72  0.4955 -0.998E-02      -6695.87  0.3721  0.967E-03      -1886.51  0.4634  0.662E-02      -1237.97  0.4977 -0.319E-02      -1565.07  0.4785 -0.106E-02
        170.0098    -2082.85  0.4955 -0.100E-01      -6695.87  0.3721  0.967E-03      -1886.51  0.4634  0.662E-02      -1237.97  0.4977 -0.319E-02      -1565.07  0.4785 -0.111E-02
        170.0128    -2083.02  0.4955 -0.100E-01      -6695.87  0.3721  0.967E-03      -1886.51  0.4634  0.662E-02      -1237.97  0.4977 -0.319E-02      -1565.07  0.4785 -0.108E-02
        170.0167    -2083.24  0.4955 -0.999E-02      -6695.88  0.3721  0.967E-03      -1886.51  0.4634  0.662E-02      -1237.97  0.4977 -0.319E-02      -1565.08  0.4785 -0.109E-02
        170.0218    -2083.52  0.4955 -0.100E-01      -6695.88  0.3721  0.967E-03      -1886.51  0.4634  0.662E-02      -1237.98  0.4977 -0.319E-02      -1565.08  0.4785 -0.107E-02
        170.0285    -2083.88  0.4955 -0.100E-01      -6695.89  0.3721  0.967E-03      -1886.51  0.4634  0.662E-02      -1237.98  0.4977 -0.319E-02      -1565.08  0.4785 -0.107E-02
        170.0372    -2084.36  0.4954 -0.100E-01      -6695.89  0.3721  0.967E-03      -1886.51  0.4634  0.662E-02      -1237.99  0.4977 -0.319E-02      -1565.08  0.4785 -0.108E-02
        170.0484    -2084.97  0.4954 -0.100E-01      -6695.90  0.3721  0.967E-03      -1886.51  0.4634  0.662E-02      -1238.00  0.4977 -0.319E-02      -1565.09  0.4785 -0.107E-02
        170.0630    -2085.77  0.4954 -0.100E-01      -6695.91  0.3721  0.967E-03      -1886.51  0.4634  0.662E-02      -1238.01  0.4977 -0.319E-02      -1565.09  0.4785 -0.108E-02
        170.0820    -2086.79  0.4953 -0.100E-01      -6695.92  0.3721  0.967E-03      -1886.52  0.4634  0.662E-02      -1238.02  0.4977 -0.319E-02      -1565.10  0.4785 -0.107E-02
        170.1067    -2088.12  0.4953 -0.100E-01      -6695.94  0.3721  0.967E-03      -1886.52  0.4634  0.662E-02      -1238.04  0.4977 -0.319E-02      -1565.11  0.4785 -0.107E-02
        170.1388    -2089.83  0.4952 -0.100E-01      -6695.96  0.3721  0.967E-03      -1886.52  0.4634  0.661E-02      -1238.06  0.4977 -0.319E-02      -1565.13  0.4785 -0.108E-02
        170.1806    -2092.02  0.4952 -0.100E-01      -6695.99  0.3721  0.967E-03      -1886.53  0.4634  0.661E-02      -1238.09  0.4977 -0.319E-02      -1565.14  0.4785 -0.107E-02
        170.2349    -2094.84  0.4951 -0.100E-01      -6696.02  0.3721  0.967E-03      -1886.53  0.4633  0.661E-02      -1238.12  0.4977 -0.319E-02      -1565.17  0.4785 -0.107E-02
        170.3054    -2098.43  0.4949 -0.100E-01      -6696.07  0.3721  0.967E-03      -1886.54  0.4633  0.661E-02      -1238.17  0.4977 -0.318E-02      -1565.19  0.4785 -0.107E-02
        170.3972    -2102.98  0.4948 -0.100E-01      -6696.14  0.3721  0.968E-03      -1886.55  0.4633  0.661E-02      -1238.23  0.4977 -0.318E-02      -1565.23  0.4785 -0.107E-02
        170.5164    -2108.72  0.4945 -0.100E-01      -6696.21  0.3721  0.968E-03      -1886.57  0.4633  0.661E-02      -1238.32  0.4977 -0.318E-02      -1565.28  0.4785 -0.107E-02
        170.6715    -2115.90  0.4943 -0.100E-01      -6696.32  0.3721  0.968E-03      -1886.59  0.4633  0.661E-02      -1238.42  0.4977 -0.318E-02      -1565.34  0.4785 -0.107E-02
        170.8730    -2124.79  0.4940 -0.100E-01      -6696.46  0.3721  0.968E-03      -1886.61  0.4633  0.660E-02      -1238.56  0.4977 -0.317E-02      -1565.43  0.4785 -0.107E-02
        171.1350    -2135.67  0.4936 -0.100E-01      -6696.64  0.3721  0.968E-03      -1886.64  0.4633  0.660E-02      -1238.74  0.4977 -0.317E-02      -1565.53  0.4785 -0.107E-02
        171.4756    -2148.81  0.4931 -0.100E-01      -6696.87  0.3721  0.969E-03      -1886.68  0.4633  0.659E-02      -1238.97  0.4977 -0.316E-02      -1565.67  0.4785 -0.107E-02
        171.9184    -2164.44  0.4925 -0.100E-01      -6697.17  0.3721  0.969E-03      -1886.74  0.4633  0.659E-02      -1239.28  0.4976 -0.316E-02      -1565.85  0.4785 -0.107E-02
        172.4940    -2182.72  0.4918 -0.100E-01      -6697.56  0.3720  0.970E-03      -1886.81  0.4633  0.658E-02      -1239.67  0.4976 -0.315E-02      -1566.08  0.4785 -0.107E-02
        173.2446    -2203.80  0.4910 -0.100E-01      -6698.06  0.3720  0.971E-03      -1886.91  0.4633  0.656E-02      -1240.18  0.4976 -0.313E-02      -1566.39  0.4785 -0.107E-02
        174.2096    -2227.40  0.4902 -0.100E-01      -6698.71  0.3720  0.972E-03      -1887.03  0.4633  0.655E-02      -1240.84  0.4975 -0.312E-02      -1566.77  0.4784 -0.107E-02
        175.3677    -2251.91  0.4893 -0.100E-01      -6699.48  0.3720  0.974E-03      -1887.19  0.4633  0.653E-02      -1241.62  0.4975 -0.310E-02      -1567.24  0.4784 -0.107E-02
        176.9118    -2279.50  0.4883 -0.100E-01      -6700.50  0.3720  0.975E-03      -1887.40  0.4633  0.651E-02      -1242.67  0.4974 -0.307E-02      -1567.85  0.4784 -0.107E-02
        180.0000    -2321.50  0.4867 -0.100E-01      -6702.49  0.3720  0.979E-03      -1887.86  0.4633  0.646E-02      -1244.74  0.4973 -0.302E-02      -1569.06  0.4783 -0.107E-02
        182.5000    -2350.69  0.4857 -0.100E-01      -6704.08  0.3720  0.982E-03      -1888.24  0.4633  0.642E-02      -1246.42  0.4972 -0.298E-02      -1570.04  0.4783 -0.107E-02
        186.2500    -2383.27  0.4844 -0.100E-01      -6706.40  0.3720  0.986E-03      -1888.86  0.4632  0.636E-02      -1248.90  0.4971 -0.293E-02      -1571.47  0.4782 -0.107E-02
        190.0000    -2409.92  0.4835 -0.100E-01      -6708.63  0.3719  0.989E-03      -1889.50  0.4632  0.631E-02      -1251.37  0.4969 -0.287E-02      -1572.89  0.4782 -0.106E-02
        195.0000    -2440.14  0.4825 -0.100E-01      -6711.47  0.3719  0.994E-03      -1890.42  0.4632  0.624E-02      -1254.62  0.4967 -0.280E-02      -1574.74  0.4781 -0.106E-02
        200.0000    -2464.73  0.4819 -0.100E-01      -6714.14  0.3719  0.999E-03      -1891.41  0.4631  0.617E-02      -1257.84  0.4965 -0.274E-02      -1576.56  0.4780 -0.106E-02
        205.0000    -2483.22  0.4813 -0.100E-01      -6716.63  0.3719  0.100E-02      -1892.45  0.4631  0.610E-02      -1261.03  0.4963 -0.267E-02      -1578.35  0.4779 -0.106E-02
        210.0000    -2497.27  0.4809 -0.100E-01      -6718.92  0.3719  0.101E-02      -1893.55  0.4630  0.603E-02      -1264.18  0.4961 -0.261E-02      -1580.10  0.4778 -0.106E-02
        220.0000    -2511.77  0.4805 -0.100E-01      -6722.31  0.3718  0.101E-02      -1895.99  0.4629  0.590E-02      -1270.33  0.4958 -0.250E-02      -1583.48  0.4777 -0.105E-02
        230.0000    -2519.42  0.4803 -0.100E-01      -6724.47  0.3718  0.101E-02      -1898.56  0.4628  0.578E-02      -1276.36  0.4954 -0.240E-02      -1586.75  0.4775 -0.105E-02
        240.0000    -2852.49  0.4719 -0.931E-09      -6724.97  0.3718  0.101E-02      -1901.27  0.4627  0.567E-02      -1282.27  0.4950 -0.230E-02      -1589.90  0.4773 -0.104E-02
        250.0000    -3011.27  0.4661  0.233E-09      -6723.55  0.3718  0.101E-02      -1904.09  0.4625  0.556E-02      -1288.05  0.4947 -0.221E-02      -1592.94  0.4772 -0.104E-02
        260.0000    -3199.08  0.4623  0.279E-08      -6719.90  0.3718  0.100E-02      -1906.99  0.4624  0.546E-02      -1293.71  0.4943 -0.212E-02      -1595.87  0.4771 -0.104E-02
        270.0000    -3329.14  0.4594  0.151E-08      -6713.85  0.3719  0.988E-03      -1909.96  0.4622  0.535E-02      -1299.26  0.4940 -0.204E-02      -1598.70  0.4769 -0.103E-02
        270.0001    -3334.88  0.4594 -0.104E-01      -6714.07  0.3719  0.988E-03      -1909.96  0.4622  0.535E-02      -1299.27  0.4940 -0.204E-02      -1598.71  0.4769 -0.966E-03
        270.0002    -3333.71  0.4594 -0.106E-01      -6714.03  0.3719  0.988E-03      -1909.96  0.4622  0.535E-02      -1299.27  0.4940 -0.204E-02      -1598.71  0.4769 -0.966E-03
        270.0004    -3334.59  0.4594 -0.102E-01      -6714.06  0.3719  0.988E-03      -1909.96  0.4622  0.535E-02      -1299.27  0.4940 -0.204E-02      -1598.71  0.4769 -0.966E-03
        270.0006    -3334.26  0.4594 -0.102E-01      -6714.05  0.3719  0.988E-03      -1909.96  0.4622  0.535E-02      -1299.27  0.4940 -0.204E-02      -1598.71  0.4769 -0.966E-03
        270.0009    -3334.40  0.4594 -0.977E-02      -6714.05  0.3719  0.988E-03      -1909.96  0.4622  0.535E-02      -1299.27  0.4940 -0.204E-02      -1598.71  0.4769 -0.966E-03
        270.0013    -3334.30  0.4594 -0.986E-02      -6714.05  0.3719  0.988E-03      -1909.96  0.4622  0.535E-02      -1299.27  0.4940 -0.204E-02      -1598.71  0.4769 -0.966E-03
        270.0018    -3334.30  0.4594 -0.101E-01      -6714.05  0.3719  0.988E-03      -1909.96  0.4622  0.535E-02      -1299.27  0.4940 -0.204E-02      -1598.71  0.4769 -0.966E-03
        270.0024    -3334.23  0.4594 -0.998E-02      -6714.05  0.3719  0.988E-03      -1909.96  0.4622  0.535E-02      -1299.27  0.4940 -0.204E-02      -1598.71  0.4769 -0.966E-03
        270.0032    -3334.17  0.4594 -0.100E-01      -6714.05  0.3719  0.988E-03      -1909.96  0.4622  0.535E-02      -1299.27  0.4940 -0.204E-02      -1598.71  0.4769 -0.966E-03
        270.0043    -3334.08  0.4594 -0.100E-01      -6714.05  0.3719  0.988E-03      -1909.96  0.4622  0.535E-02      -1299.27  0.4940 -0.204E-02      -1598.71  0.4769 -0.111E-02
        270.0056    -3333.98  0.4594 -0.997E-02      -6714.05  0.3719  0.988E-03      -1909.96  0.4622  0.535E-02      -1299.27  0.4940 -0.204E-02      -1598.71  0.4769 -0.107E-02
        270.0074    -3333.83  0.4594 -0.100E-01      -6714.05  0.3719  0.988E-03      -1909.96  0.4622  0.535E-02      -1299.28  0.4940 -0.204E-02      -1598.71  0.4769 -0.105E-02
        270.0098    -3333.64  0.4594 -0.100E-01      -6714.05  0.3719  0.988E-03      -1909.96  0.4622  0.535E-02      -1299.28  0.4940 -0.204E-02      -1598.71  0.4769 -0.103E-02
        270.0128    -3333.40  0.4594 -0.100E-01      -6714.05  0.3719  0.988E-03      -1909.96  0.4622  0.535E-02      -1299.28  0.4940 -0.204E-02      -1598.71  0.4769 -0.102E-02
        270.0167    -3333.08  0.4594 -0.100E-01      -6714.05  0.3719  0.988E-03      -1909.96  0.4622  0.535E-02      -1299.28  0.4940 -0.204E-02      -1598.72  0.4769 -0.104E-02
        270.0218    -3332.67  0.4594 -0.999E-02      -6714.04  0.3719  0.988E-03      -1909.96  0.4622  0.535E-02      -1299.28  0.4940 -0.204E-02      -1598.72  0.4769 -0.102E-02
        270.0285    -3332.14  0.4594 -0.100E-01      -6714.04  0.3719  0.988E-03      -1909.97  0.4622  0.535E-02      -1299.29  0.4940 -0.204E-02      -1598.72  0.4769 -0.103E-02
        270.0372    -3331.45  0.4595 -0.100E-01      -6714.03  0.3719  0.988E-03      -1909.97  0.4622  0.535E-02      -1299.29  0.4940 -0.204E-02      -1598.72  0.4769 -0.103E-02
        270.0484    -3330.55  0.4595 -0.100E-01      -6714.03  0.3719  0.988E-03      -1909.97  0.4622  0.535E-02      -1299.30  0.4940 -0.204E-02      -1598.72  0.4769 -0.103E-02
        270.0630    -3329.39  0.4595 -0.100E-01      -6714.02  0.3719  0.988E-03      -1909.97  0.4622  0.535E-02      -1299.31  0.4940 -0.204E-02      -1598.73  0.4769 -0.104E-02
        270.0820    -3327.88  0.4595 -0.100E-01      -6714.01  0.3719  0.988E-03      -1909.98  0.4622  0.535E-02      -1299.32  0.4940 -0.204E-02      -1598.73  0.4769 -0.104E-02
        270.1067    -3325.93  0.4596 -0.100E-01      -6713.99  0.3719  0.988E-03      -1909.99  0.4622  0.535E-02      -1299.33  0.4940 -0.204E-02      -1598.74  0.4769 -0.103E-02
        270.1388    -3323.40  0.4596 -0.100E-01      -6713.97  0.3719  0.988E-03      -1910.00  0.4622  0.535E-02      -1299.35  0.4940 -0.204E-02      -1598.75  0.4769 -0.103E-02
        270.1806    -3320.14  0.4597 -0.100E-01      -6713.94  0.3719  0.988E-03      -1910.01  0.4622  0.535E-02      -1299.37  0.4940 -0.204E-02      -1598.76  0.4769 -0.103E-02
        270.2349    -3315.94  0.4598 -0.100E-01      -6713.91  0.3719  0.988E-03      -1910.03  0.4622  0.535E-02      -1299.40  0.4940 -0.204E-02      -1598.78  0.4769 -0.103E-02
        270.3054    -3310.54  0.4599 -0.100E-01      -6713.86  0.3719  0.988E-03      -1910.05  0.4622  0.535E-02      -1299.44  0.4940 -0.204E-02      -1598.80  0.4769 -0.103E-02
        270.3972    -3303.63  0.4600 -0.100E-01      -6713.81  0.3719  0.988E-03      -1910.08  0.4622  0.535E-02      -1299.49  0.4940 -0.204E-02      -1598.82  0.4769 -0.103E-02
        270.5164    -3294.81  0.4602 -0.100E-01      -6713.74  0.3719  0.988E-03      -1910.11  0.4622  0.535E-02      -1299.56  0.4940 -0.204E-02      -1598.86  0.4769 -0.103E-02
        270.6715    -3283.64  0.4605 -0.100E-01      -6713.64  0.3719  0.987E-03      -1910.16  0.4622  0.535E-02      -1299.64  0.4940 -0.204E-02      -1598.90  0.4769 -0.103E-02
        270.8730    -3269.58  0.4608 -0.100E-01      -6713.52  0.3719  0.987E-03      -1910.22  0.4622  0.535E-02      -1299.75  0.4940 -0.204E-02      -1598.96  0.4769 -0.103E-02
        271.1350    -3252.06  0.4611 -0.100E-01      -6713.35  0.3719  0.987E-03      -1910.29  0.4622  0.534E-02      -1299.90  0.4940 -0.203E-02      -1599.03  0.4769 -0.103E-02
        271.4756    -3230.46  0.4616 -0.100E-01      -6713.14  0.3719  0.986E-03      -1910.40  0.4622  0.534E-02      -1300.09  0.4940 -0.203E-02      -1599.13  0.4769 -0.103E-02
        271.9184    -3204.24  0.4622 -0.100E-01      -6712.85  0.3719  0.986E-03      -1910.53  0.4622  0.533E-02      -1300.33  0.4939 -0.203E-02      -1599.25  0.4769 -0.103E-02
        272.4940    -3172.99  0.4628 -0.100E-01      -6712.46  0.3719  0.985E-03      -1910.70  0.4622  0.533E-02      -1300.65  0.4939 -0.202E-02      -1599.41  0.4769 -0.103E-02
        273.2446    -3136.43  0.4636 -0.100E-01      -6711.95  0.3719  0.984E-03      -1910.93  0.4622  0.532E-02      -1301.06  0.4939 -0.202E-02      -1599.62  0.4769 -0.103E-02
        274.2096    -3095.30  0.4645 -0.100E-01      -6711.27  0.3719  0.983E-03      -1911.22  0.4622  0.531E-02      -1301.60  0.4939 -0.201E-02      -1599.89  0.4769 -0.103E-02
        275.3677    -3053.39  0.4654 -0.100E-01      -6710.42  0.3719  0.981E-03      -1911.57  0.4622  0.530E-02      -1302.23  0.4938 -0.200E-02      -1600.21  0.4769 -0.103E-02
        276.9118    -3017.46  0.4664 -0.100E-01      -6709.21  0.3719  0.979E-03      -1912.03  0.4621  0.529E-02      -1303.07  0.4938 -0.199E-02      -1600.64  0.4768 -0.103E-02
        280.0000    -2959.50  0.4681 -0.100E-01      -6706.55  0.3720  0.974E-03      -1912.97  0.4621  0.526E-02      -1304.75  0.4937 -0.197E-02      -1601.48  0.4768 -0.103E-02
        282.5000    -3066.35  0.4655  0.214E-07      -6704.24  0.3720  0.970E-03      -1913.74  0.4621  0.523E-02      -1306.11  0.4936 -0.195E-02      -1602.16  0.4768 -0.103E-02
        286.2500    -3172.71  0.4627  0.233E-07      -6700.36  0.3720  0.963E-03      -1914.89  0.4620  0.520E-02      -1308.12  0.4935 -0.192E-02      -1603.16  0.4767 -0.103E-02
        290.0000    -3265.73  0.4608 -0.256E-08      -6696.10  0.3721  0.955E-03      -1916.06  0.4620  0.516E-02      -1310.12  0.4933 -0.189E-02      -1604.15  0.4767 -0.103E-02
end
